#
# There is insufficient memory for the Java Runtime Environment to continue.
# Native memory allocation (mmap) failed to map 16252928 bytes for committing reserved memory.
# Possible reasons:
#   The system is out of physical RAM or swap space
#   The process is running with CompressedOops enabled, and the Java Heap may be blocking the growth of the native heap
# Possible solutions:
#   Reduce memory load on the system
#   Increase physical memory or swap space
#   Check if swap backing store is full
#   Decrease Java heap size (-Xmx/-Xms)
#   Decrease number of Java threads
#   Decrease Java thread stack sizes (-Xss)
#   Set larger code cache with -XX:ReservedCodeCacheSize=
#   JVM is running with Unscaled Compressed Oops mode in which the Java heap is
#     placed in the first 4GB address space. The Java Heap base address is the
#     maximum limit for the native heap growth. Please use -XX:HeapBaseMinAddress
#     to set the Java Heap base and to place the Java Heap above 4GB virtual address.
# This output file may be truncated or incomplete.
#
#  Out of Memory Error (os_linux.cpp:2749), pid=59542, tid=0x00007f604a442700
#
# JRE version: Java(TM) SE Runtime Environment (8.0_201-b09) (build 1.8.0_201-b09)
# Java VM: Java HotSpot(TM) 64-Bit Server VM (25.201-b09 mixed mode linux-amd64 compressed oops)
# Failed to write core dump. Core dumps have been disabled. To enable core dumping, try "ulimit -c unlimited" before starting Java again
#

---------------  T H R E A D  ---------------

Current thread (0x00007f605c140000):  VMThread [stack: 0x00007f604a342000,0x00007f604a443000] [id=59573]

Stack: [0x00007f604a342000,0x00007f604a443000],  sp=0x00007f604a441450,  free space=1021k
Native frames: (J=compiled Java code, j=interpreted, Vv=VM code, C=native code)
V  [libjvm.so+0xad3525]  VMError::report_and_die()+0x2e5
V  [libjvm.so+0x4e0457]  report_vm_out_of_memory(char const*, int, unsigned long, VMErrorType, char const*)+0x67
V  [libjvm.so+0x9102f0]  os::pd_commit_memory(char*, unsigned long, unsigned long, bool)+0x100
V  [libjvm.so+0x90791f]  os::commit_memory(char*, unsigned long, unsigned long, bool)+0x1f
V  [libjvm.so+0x98c806]  PSVirtualSpace::expand_by(unsigned long)+0x56
V  [libjvm.so+0x98da98]  PSYoungGen::resize(unsigned long, unsigned long)+0xd8
V  [libjvm.so+0x98a236]  PSScavenge::invoke_no_policy()+0x1376
V  [libjvm.so+0x98a5cc]  PSScavenge::invoke()+0x4c
V  [libjvm.so+0x93a318]  ParallelScavengeHeap::failed_mem_allocate(unsigned long)+0x68
V  [libjvm.so+0xad5073]  VM_ParallelGCFailedAllocation::doit()+0x93
V  [libjvm.so+0xada296]  VM_Operation::evaluate()+0x46
V  [libjvm.so+0xad85cd]  VMThread::evaluate_operation(VM_Operation*) [clone .constprop.44]+0xcd
V  [libjvm.so+0xad8bb3]  VMThread::loop()+0x3a3
V  [libjvm.so+0xad8f88]  VMThread::run()+0x78
V  [libjvm.so+0x90d922]  java_start(Thread*)+0x102

VM_Operation (0x00007f6040af24b0): ParallelGCFailedAllocation, mode: safepoint, requested by thread 0x00007f5ff4001000


---------------  P R O C E S S  ---------------

Java Threads: ( => current thread )
  0x00007f5ff4002800 JavaThread "RMI TCP Connection(3)-127.0.0.1" daemon [_thread_blocked, id=60019, stack(0x00007f60408f8000,0x00007f60409f9000)]
  0x00007f5ff4001000 JavaThread "RMI TCP Connection(2)-127.0.0.1" daemon [_thread_blocked, id=59977, stack(0x00007f60409f9000,0x00007f6040afa000)]
  0x00007f5fcc038000 JavaThread "RMI Scheduler(0)" daemon [_thread_blocked, id=59970, stack(0x00007f6040afa000,0x00007f6040bfb000)]
  0x00007f5fcc030800 JavaThread "RMI RenewClean-[127.0.0.1:14152]" daemon [_thread_blocked, id=59961, stack(0x00007f6040bfb000,0x00007f6040cfc000)]
  0x00007f6000001000 JavaThread "RMI TCP Connection(1)-127.0.0.1" daemon [_thread_blocked, id=59953, stack(0x00007f6040cfc000,0x00007f6040dfd000)]
  0x00007f5ff0005000 JavaThread "pool-3-thread-3" [_thread_blocked, id=59888, stack(0x00007f6040dfd000,0x00007f6040efe000)]
  0x00007f5ff0003000 JavaThread "pool-3-thread-2" [_thread_blocked, id=59886, stack(0x00007f6040efe000,0x00007f6040fff000)]
  0x00007f5ff0002000 JavaThread "pool-3-thread-1" [_thread_blocked, id=59882, stack(0x00007f6048027000,0x00007f6048128000)]
  0x00007f605c3b6000 JavaThread "Thread-3" [_thread_blocked, id=59733, stack(0x00007f6048128000,0x00007f6048229000)]
  0x00007f605c203000 JavaThread "Thread-2" [_thread_blocked, id=59718, stack(0x00007f6048229000,0x00007f604832a000)]
  0x00007f605c201800 JavaThread "process reaper" daemon [_thread_blocked, id=59717, stack(0x00007f6060012000,0x00007f606004b000)]
  0x00007f605c1a4000 JavaThread "pool-2-thread-1" [_thread_in_native, id=59696, stack(0x00007f604832a000,0x00007f604842b000)]
  0x00007f605c3b4800 JavaThread "GC Daemon" daemon [_thread_blocked, id=59674, stack(0x00007f604842b000,0x00007f604852c000)]
  0x00007f605c3b1800 JavaThread "RMI Reaper" [_thread_blocked, id=59670, stack(0x00007f604852c000,0x00007f604862d000)]
  0x00007f605c3aa800 JavaThread "RMI TCP Accept-2395" daemon [_thread_in_native, id=59668, stack(0x00007f604862d000,0x00007f604872e000)]
  0x00007f605c3a3800 JavaThread "RMI TCP Accept-5168" daemon [_thread_in_native, id=59665, stack(0x00007f604872e000,0x00007f604882f000)]
  0x00007f605c2eb000 JavaThread "logback-3" daemon [_thread_blocked, id=59643, stack(0x00007f6048a2f000,0x00007f6048b30000)]
  0x00007f605c2e7000 JavaThread "logback-2" daemon [_thread_blocked, id=59642, stack(0x00007f6048b30000,0x00007f6048c31000)]
  0x00007f605c2e5800 JavaThread "logback-1" daemon [_thread_blocked, id=59641, stack(0x00007f6048c31000,0x00007f6048d32000)]
  0x00007f605c189000 JavaThread "Service Thread" daemon [_thread_blocked, id=59623, stack(0x00007f604927c000,0x00007f604937d000)]
  0x00007f605c186000 JavaThread "C1 CompilerThread2" daemon [_thread_blocked, id=59614, stack(0x00007f604937d000,0x00007f604947e000)]
  0x00007f605c184800 JavaThread "C2 CompilerThread1" daemon [_thread_blocked, id=59609, stack(0x00007f604947e000,0x00007f604957f000)]
  0x00007f605c181800 JavaThread "C2 CompilerThread0" daemon [_thread_blocked, id=59601, stack(0x00007f604957f000,0x00007f6049680000)]
  0x00007f605c180000 JavaThread "Signal Dispatcher" daemon [_thread_blocked, id=59599, stack(0x00007f6049680000,0x00007f6049781000)]
  0x00007f605c14c000 JavaThread "Finalizer" daemon [_thread_blocked, id=59588, stack(0x00007f604a140000,0x00007f604a241000)]
  0x00007f605c149800 JavaThread "Reference Handler" daemon [_thread_blocked, id=59583, stack(0x00007f604a241000,0x00007f604a342000)]
  0x00007f605c00a800 JavaThread "main" [_thread_blocked, id=59544, stack(0x00007f6064898000,0x00007f6064999000)]

Other Threads:
=>0x00007f605c140000 VMThread [stack: 0x00007f604a342000,0x00007f604a443000] [id=59573]
  0x00007f605c18c000 WatcherThread [stack: 0x00007f604917b000,0x00007f604927c000] [id=59632]

VM state:at safepoint (normal execution)

VM Mutex/Monitor currently owned by a thread:  ([mutex/lock_event])
[0x00007f605c007030] Threads_lock - owner thread: 0x00007f605c140000
[0x00007f605c007530] Heap_lock - owner thread: 0x00007f5ff4001000

heap address: 0x00000000c2a00000, size: 982 MB, Compressed Oops mode: 32-bit
Narrow klass base: 0x0000000000000000, Narrow klass shift: 3
Compressed class space size: 1073741824 Address: 0x0000000100000000

Heap:
 PSYoungGen      total 18432K, used 2545K [0x00000000eb900000, 0x00000000ecd80000, 0x0000000100000000)
  eden space 15872K, 0% used [0x00000000eb900000,0x00000000eb900000,0x00000000ec880000)
  from space 2560K, 99% used [0x00000000ecb00000,0x00000000ecd7c740,0x00000000ecd80000)
  to   space 2560K, 0% used [0x00000000ec880000,0x00000000ec880000,0x00000000ecb00000)
 ParOldGen       total 42496K, used 5694K [0x00000000c2a00000, 0x00000000c5380000, 0x00000000eb900000)
  object space 42496K, 13% used [0x00000000c2a00000,0x00000000c2f8f980,0x00000000c5380000)
 Metaspace       used 13658K, capacity 14054K, committed 14336K, reserved 1062912K
  class space    used 1584K, capacity 1703K, committed 1792K, reserved 1048576K

Card table byte_map: [0x00007f606144d000,0x00007f6061639000] byte_map_base: 0x00007f6060e38000

Marking Bits: (ParMarkBitMap*) 0x00007f6063d6fd80
 Begin Bits: [0x00007f604b150000, 0x00007f604c0a8000)
 End Bits:   [0x00007f604c0a8000, 0x00007f604d000000)

Polling page: 0x00007f60649b4000

CodeCache: size=245760Kb used=5216Kb max_used=5216Kb free=240543Kb
 bounds [0x00007f604d000000, 0x00007f604d520000, 0x00007f605c000000]
 total_blobs=1840 nmethods=1490 adapters=261
 compilation: enabled

Compilation events (10 events):
Event: 30.068 Thread 0x00007f605c186000 nmethod 1503 0x00007f604d519190 code [0x00007f604d519300, 0x00007f604d5194f0]
Event: 30.068 Thread 0x00007f605c186000 1499       3       org.jgrapht.graph.AbstractBaseGraph$DirectedSpecifics::addVertex (13 bytes)
Event: 30.075 Thread 0x00007f605c186000 nmethod 1499 0x00007f604d519550 code [0x00007f604d5196c0, 0x00007f604d5198e8]
Event: 30.075 Thread 0x00007f605c186000 1505       3       org.evosuite.shaded.org.objectweb.asm.tree.InsnList::removeAll (59 bytes)
Event: 30.076 Thread 0x00007f605c186000 nmethod 1505 0x00007f604d5199d0 code [0x00007f604d519b40, 0x00007f604d519df0]
Event: 30.076 Thread 0x00007f605c186000 1500       3       java.util.HashMap::keySet (25 bytes)
Event: 30.076 Thread 0x00007f605c186000 nmethod 1500 0x00007f604d519ed0 code [0x00007f604d51a060, 0x00007f604d51a3f0]
Event: 30.076 Thread 0x00007f605c186000 1501       3       org.evosuite.graphs.EvoSuiteGraph::incomingEdgesOf (36 bytes)
Event: 30.077 Thread 0x00007f605c186000 nmethod 1501 0x00007f604d51a590 code [0x00007f604d51a7e0, 0x00007f604d51b358]
Event: 30.097 Thread 0x00007f605c186000 1509       3       org.evosuite.shaded.org.objectweb.asm.ClassWriter::put (152 bytes)

GC Heap History (9 events):
Event: 2.019 GC heap before
{Heap before GC invocations=1 (full 0):
 PSYoungGen      total 18432K, used 15872K [0x00000000eb900000, 0x00000000ecd80000, 0x0000000100000000)
  eden space 15872K, 100% used [0x00000000eb900000,0x00000000ec880000,0x00000000ec880000)
  from space 2560K, 0% used [0x00000000ecb00000,0x00000000ecb00000,0x00000000ecd80000)
  to   space 2560K, 0% used [0x00000000ec880000,0x00000000ec880000,0x00000000ecb00000)
 ParOldGen       total 42496K, used 0K [0x00000000c2a00000, 0x00000000c5380000, 0x00000000eb900000)
  object space 42496K, 0% used [0x00000000c2a00000,0x00000000c2a00000,0x00000000c5380000)
 Metaspace       used 10106K, capacity 10252K, committed 10624K, reserved 1058816K
  class space    used 1218K, capacity 1287K, committed 1408K, reserved 1048576K
Event: 2.025 GC heap after
Heap after GC invocations=1 (full 0):
 PSYoungGen      total 18432K, used 2528K [0x00000000eb900000, 0x00000000ecd80000, 0x0000000100000000)
  eden space 15872K, 0% used [0x00000000eb900000,0x00000000eb900000,0x00000000ec880000)
  from space 2560K, 98% used [0x00000000ec880000,0x00000000ecaf8020,0x00000000ecb00000)
  to   space 2560K, 0% used [0x00000000ecb00000,0x00000000ecb00000,0x00000000ecd80000)
 ParOldGen       total 42496K, used 1592K [0x00000000c2a00000, 0x00000000c5380000, 0x00000000eb900000)
  object space 42496K, 3% used [0x00000000c2a00000,0x00000000c2b8e2c8,0x00000000c5380000)
 Metaspace       used 10106K, capacity 10252K, committed 10624K, reserved 1058816K
  class space    used 1218K, capacity 1287K, committed 1408K, reserved 1048576K
}
Event: 2.053 GC heap before
{Heap before GC invocations=2 (full 0):
 PSYoungGen      total 18432K, used 3299K [0x00000000eb900000, 0x00000000ecd80000, 0x0000000100000000)
  eden space 15872K, 4% used [0x00000000eb900000,0x00000000eb9c0e88,0x00000000ec880000)
  from space 2560K, 98% used [0x00000000ec880000,0x00000000ecaf8020,0x00000000ecb00000)
  to   space 2560K, 0% used [0x00000000ecb00000,0x00000000ecb00000,0x00000000ecd80000)
 ParOldGen       total 42496K, used 1592K [0x00000000c2a00000, 0x00000000c5380000, 0x00000000eb900000)
  object space 42496K, 3% used [0x00000000c2a00000,0x00000000c2b8e2c8,0x00000000c5380000)
 Metaspace       used 10154K, capacity 10316K, committed 10624K, reserved 1058816K
  class space    used 1224K, capacity 1287K, committed 1408K, reserved 1048576K
Event: 2.084 GC heap after
Heap after GC invocations=2 (full 0):
 PSYoungGen      total 18432K, used 2448K [0x00000000eb900000, 0x00000000ecd80000, 0x0000000100000000)
  eden space 15872K, 0% used [0x00000000eb900000,0x00000000eb900000,0x00000000ec880000)
  from space 2560K, 95% used [0x00000000ecb00000,0x00000000ecd64030,0x00000000ecd80000)
  to   space 2560K, 0% used [0x00000000ec880000,0x00000000ec880000,0x00000000ecb00000)
 ParOldGen       total 42496K, used 1600K [0x00000000c2a00000, 0x00000000c5380000, 0x00000000eb900000)
  object space 42496K, 3% used [0x00000000c2a00000,0x00000000c2b902c8,0x00000000c5380000)
 Metaspace       used 10154K, capacity 10316K, committed 10624K, reserved 1058816K
  class space    used 1224K, capacity 1287K, committed 1408K, reserved 1048576K
}
Event: 2.084 GC heap before
{Heap before GC invocations=3 (full 1):
 PSYoungGen      total 18432K, used 2448K [0x00000000eb900000, 0x00000000ecd80000, 0x0000000100000000)
  eden space 15872K, 0% used [0x00000000eb900000,0x00000000eb900000,0x00000000ec880000)
  from space 2560K, 95% used [0x00000000ecb00000,0x00000000ecd64030,0x00000000ecd80000)
  to   space 2560K, 0% used [0x00000000ec880000,0x00000000ec880000,0x00000000ecb00000)
 ParOldGen       total 42496K, used 1600K [0x00000000c2a00000, 0x00000000c5380000, 0x00000000eb900000)
  object space 42496K, 3% used [0x00000000c2a00000,0x00000000c2b902c8,0x00000000c5380000)
 Metaspace       used 10154K, capacity 10316K, committed 10624K, reserved 1058816K
  class space    used 1224K, capacity 1287K, committed 1408K, reserved 1048576K
Event: 2.151 GC heap after
Heap after GC invocations=3 (full 1):
 PSYoungGen      total 18432K, used 0K [0x00000000eb900000, 0x00000000ecd80000, 0x0000000100000000)
  eden space 15872K, 0% used [0x00000000eb900000,0x00000000eb900000,0x00000000ec880000)
  from space 2560K, 0% used [0x00000000ecb00000,0x00000000ecb00000,0x00000000ecd80000)
  to   space 2560K, 0% used [0x00000000ec880000,0x00000000ec880000,0x00000000ecb00000)
 ParOldGen       total 42496K, used 2451K [0x00000000c2a00000, 0x00000000c5380000, 0x00000000eb900000)
  object space 42496K, 5% used [0x00000000c2a00000,0x00000000c2c64d88,0x00000000c5380000)
 Metaspace       used 10146K, capacity 10306K, committed 10624K, reserved 1058816K
  class space    used 1223K, capacity 1285K, committed 1408K, reserved 1048576K
}
Event: 28.333 GC heap before
{Heap before GC invocations=4 (full 1):
 PSYoungGen      total 18432K, used 15872K [0x00000000eb900000, 0x00000000ecd80000, 0x0000000100000000)
  eden space 15872K, 100% used [0x00000000eb900000,0x00000000ec880000,0x00000000ec880000)
  from space 2560K, 0% used [0x00000000ecb00000,0x00000000ecb00000,0x00000000ecd80000)
  to   space 2560K, 0% used [0x00000000ec880000,0x00000000ec880000,0x00000000ecb00000)
 ParOldGen       total 42496K, used 2451K [0x00000000c2a00000, 0x00000000c5380000, 0x00000000eb900000)
  object space 42496K, 5% used [0x00000000c2a00000,0x00000000c2c64d88,0x00000000c5380000)
 Metaspace       used 13288K, capacity 13626K, committed 13824K, reserved 1060864K
  class space    used 1566K, capacity 1669K, committed 1792K, reserved 1048576K
Event: 28.351 GC heap after
Heap after GC invocations=4 (full 1):
 PSYoungGen      total 18432K, used 2534K [0x00000000eb900000, 0x00000000ecd80000, 0x0000000100000000)
  eden space 15872K, 0% used [0x00000000eb900000,0x00000000eb900000,0x00000000ec880000)
  from space 2560K, 98% used [0x00000000ec880000,0x00000000ecaf9850,0x00000000ecb00000)
  to   space 2560K, 0% used [0x00000000ecb00000,0x00000000ecb00000,0x00000000ecd80000)
 ParOldGen       total 42496K, used 4465K [0x00000000c2a00000, 0x00000000c5380000, 0x00000000eb900000)
  object space 42496K, 10% used [0x00000000c2a00000,0x00000000c2e5c6c8,0x00000000c5380000)
 Metaspace       used 13288K, capacity 13626K, committed 13824K, reserved 1060864K
  class space    used 1566K, capacity 1669K, committed 1792K, reserved 1048576K
}
Event: 30.098 GC heap before
{Heap before GC invocations=5 (full 1):
 PSYoungGen      total 18432K, used 18406K [0x00000000eb900000, 0x00000000ecd80000, 0x0000000100000000)
  eden space 15872K, 100% used [0x00000000eb900000,0x00000000ec880000,0x00000000ec880000)
  from space 2560K, 98% used [0x00000000ec880000,0x00000000ecaf9850,0x00000000ecb00000)
  to   space 2560K, 0% used [0x00000000ecb00000,0x00000000ecb00000,0x00000000ecd80000)
 ParOldGen       total 42496K, used 4465K [0x00000000c2a00000, 0x00000000c5380000, 0x00000000eb900000)
  object space 42496K, 10% used [0x00000000c2a00000,0x00000000c2e5c6c8,0x00000000c5380000)
 Metaspace       used 13658K, capacity 14054K, committed 14336K, reserved 1062912K
  class space    used 1584K, capacity 1703K, committed 1792K, reserved 1048576K

Deoptimization events (10 events):
Event: 25.762 Thread 0x00007f5ff4001000 Uncommon trap: reason=bimorphic action=maybe_recompile pc=0x00007f604d267b14 method=java.util.HashMap.putVal(ILjava/lang/Object;Ljava/lang/Object;ZZ)Ljava/lang/Object; @ 91
Event: 25.762 Thread 0x00007f5ff4001000 Uncommon trap: reason=bimorphic action=maybe_recompile pc=0x00007f604d267b14 method=java.util.HashMap.putVal(ILjava/lang/Object;Ljava/lang/Object;ZZ)Ljava/lang/Object; @ 91
Event: 25.763 Thread 0x00007f5ff4001000 Uncommon trap: reason=bimorphic action=maybe_recompile pc=0x00007f604d267b14 method=java.util.HashMap.putVal(ILjava/lang/Object;Ljava/lang/Object;ZZ)Ljava/lang/Object; @ 91
Event: 26.958 Thread 0x00007f5ff4001000 Uncommon trap: reason=uninitialized action=reinterpret pc=0x00007f604d3e198c method=java.io.ObjectInputStream$HandleTable.markDependency(II)V @ 110
Event: 27.781 Thread 0x00007f5ff4001000 Uncommon trap: reason=class_check action=maybe_recompile pc=0x00007f604d3d7bf8 method=java.util.HashMap.putVal(ILjava/lang/Object;Ljava/lang/Object;ZZ)Ljava/lang/Object; @ 203
Event: 28.269 Thread 0x00007f5ff4001000 Uncommon trap: reason=unstable_if action=reinterpret pc=0x00007f604d1f8e08 method=java.lang.AbstractStringBuilder.append(Ljava/lang/String;)Ljava/lang/AbstractStringBuilder; @ 1
Event: 28.407 Thread 0x00007f5ff4001000 Uncommon trap: reason=unstable_if action=reinterpret pc=0x00007f604d1e1578 method=java.lang.AbstractStringBuilder.append(Ljava/lang/String;)Ljava/lang/AbstractStringBuilder; @ 1
Event: 28.661 Thread 0x00007f5ff4001000 Uncommon trap: reason=class_check action=maybe_recompile pc=0x00007f604d3d7bf8 method=java.util.HashMap.putVal(ILjava/lang/Object;Ljava/lang/Object;ZZ)Ljava/lang/Object; @ 203
Event: 28.661 Thread 0x00007f5ff4001000 Uncommon trap: reason=class_check action=maybe_recompile pc=0x00007f604d3d7bf8 method=java.util.HashMap.putVal(ILjava/lang/Object;Ljava/lang/Object;ZZ)Ljava/lang/Object; @ 203
Event: 28.661 Thread 0x00007f5ff4001000 Uncommon trap: reason=class_check action=maybe_recompile pc=0x00007f604d3d7bf8 method=java.util.HashMap.putVal(ILjava/lang/Object;Ljava/lang/Object;ZZ)Ljava/lang/Object; @ 203

Classes redefined (0 events):
No events

Internal exceptions (10 events):
Event: 4.245 Thread 0x00007f5fcc030800 Exception <a 'java/lang/InterruptedException'> (0x00000000ebab1948) thrown at [/HUDSON/workspace/8-2-build-linux-amd64/jdk8u201/12317/hotspot/src/share/vm/runtime/objectMonitor.cpp, line 1684]
Event: 11.099 Thread 0x00007f605c2e5800 Exception <a 'java/net/ConnectException'> (0x00000000ebb50e88) thrown at [/HUDSON/workspace/8-2-build-linux-amd64/jdk8u201/12317/hotspot/src/share/vm/prims/jni.cpp, line 709]
Event: 11.120 Thread 0x00007f605c2e7000 Exception <a 'java/net/ConnectException'> (0x00000000ebb78a30) thrown at [/HUDSON/workspace/8-2-build-linux-amd64/jdk8u201/12317/hotspot/src/share/vm/prims/jni.cpp, line 709]
Event: 11.126 Thread 0x00007f605c2eb000 Exception <a 'java/net/ConnectException'> (0x00000000ebba05d8) thrown at [/HUDSON/workspace/8-2-build-linux-amd64/jdk8u201/12317/hotspot/src/share/vm/prims/jni.cpp, line 709]
Event: 21.099 Thread 0x00007f605c2e5800 Exception <a 'java/net/ConnectException'> (0x00000000ebb519b0) thrown at [/HUDSON/workspace/8-2-build-linux-amd64/jdk8u201/12317/hotspot/src/share/vm/prims/jni.cpp, line 709]
Event: 21.120 Thread 0x00007f605c2e7000 Exception <a 'java/net/ConnectException'> (0x00000000ebb79558) thrown at [/HUDSON/workspace/8-2-build-linux-amd64/jdk8u201/12317/hotspot/src/share/vm/prims/jni.cpp, line 709]
Event: 21.127 Thread 0x00007f605c2eb000 Exception <a 'java/net/ConnectException'> (0x00000000ebba1100) thrown at [/HUDSON/workspace/8-2-build-linux-amd64/jdk8u201/12317/hotspot/src/share/vm/prims/jni.cpp, line 709]
Event: 26.613 Thread 0x00007f5ff4001000 Exception <a 'java/lang/NoSuchMethodError': <clinit>> (0x00000000ec38fd50) thrown at [/HUDSON/workspace/8-2-build-linux-amd64/jdk8u201/12317/hotspot/src/share/vm/prims/jni.cpp, line 1613]
Event: 28.269 Thread 0x00007f5ff4001000 Implicit null exception at 0x00007f604d1f8a35 to 0x00007f604d1f8df5
Event: 28.407 Thread 0x00007f5ff4001000 Implicit null exception at 0x00007f604d1e11b6 to 0x00007f604d1e1561

Events (10 events):
Event: 28.727 loading class org/evosuite/shaded/org/objectweb/asm/Edge done
Event: 28.772 loading class org/evosuite/testcase/execution/TestCaseExecutor$TimeoutExceeded
Event: 28.772 loading class org/evosuite/testcase/execution/TestCaseExecutor$TimeoutExceeded done
Event: 28.928 loading class org/evosuite/instrumentation/testability/DescriptorMapping$1
Event: 28.928 loading class org/evosuite/instrumentation/testability/DescriptorMapping$1 done
Event: 29.141 loading class org/evosuite/coverage/mutation/MutationObserver
Event: 29.141 loading class org/evosuite/coverage/mutation/MutationObserver done
Event: 29.186 loading class org/evosuite/instrumentation/ReturnValueAdapter$PDType
Event: 29.186 loading class org/evosuite/instrumentation/ReturnValueAdapter$PDType done
Event: 30.097 Executing VM operation: ParallelGCFailedAllocation


Dynamic libraries:
00400000-00401000 r-xp 00000000 08:01 654793                             /usr/lib/jdk/jdk1.8.0_201/bin/java
00600000-00601000 r--p 00000000 08:01 654793                             /usr/lib/jdk/jdk1.8.0_201/bin/java
00601000-00602000 rw-p 00001000 08:01 654793                             /usr/lib/jdk/jdk1.8.0_201/bin/java
00bd2000-00dc0000 rw-p 00000000 00:00 0                                  [heap]
c2a00000-c5380000 rw-p 00000000 00:00 0 
c5380000-eb900000 ---p 00000000 00:00 0 
eb900000-ecd80000 rw-p 00000000 00:00 0 
edd00000-100000000 ---p 00000000 00:00 0 
100000000-1001c0000 rw-p 00000000 00:00 0 
1001c0000-140000000 ---p 00000000 00:00 0 
7f5fc4000000-7f5fc4021000 rw-p 00000000 00:00 0 
7f5fc4021000-7f5fc8000000 ---p 00000000 00:00 0 
7f5fcc000000-7f5fcc03a000 rw-p 00000000 00:00 0 
7f5fcc03a000-7f5fd0000000 ---p 00000000 00:00 0 
7f5fd0000000-7f5fd0021000 rw-p 00000000 00:00 0 
7f5fd0021000-7f5fd4000000 ---p 00000000 00:00 0 
7f5fd4000000-7f5fd4021000 rw-p 00000000 00:00 0 
7f5fd4021000-7f5fd8000000 ---p 00000000 00:00 0 
7f5fd8000000-7f5fd8021000 rw-p 00000000 00:00 0 
7f5fd8021000-7f5fdc000000 ---p 00000000 00:00 0 
7f5fdc000000-7f5fdc021000 rw-p 00000000 00:00 0 
7f5fdc021000-7f5fe0000000 ---p 00000000 00:00 0 
7f5fe0000000-7f5fe0021000 rw-p 00000000 00:00 0 
7f5fe0021000-7f5fe4000000 ---p 00000000 00:00 0 
7f5fe4000000-7f5fe4021000 rw-p 00000000 00:00 0 
7f5fe4021000-7f5fe8000000 ---p 00000000 00:00 0 
7f5fe8000000-7f5fe8021000 rw-p 00000000 00:00 0 
7f5fe8021000-7f5fec000000 ---p 00000000 00:00 0 
7f5fec000000-7f5fec021000 rw-p 00000000 00:00 0 
7f5fec021000-7f5ff0000000 ---p 00000000 00:00 0 
7f5ff0000000-7f5ff0021000 rw-p 00000000 00:00 0 
7f5ff0021000-7f5ff4000000 ---p 00000000 00:00 0 
7f5ff4000000-7f5ff4021000 rw-p 00000000 00:00 0 
7f5ff4021000-7f5ff8000000 ---p 00000000 00:00 0 
7f5ff8000000-7f5ff8021000 rw-p 00000000 00:00 0 
7f5ff8021000-7f5ffc000000 ---p 00000000 00:00 0 
7f5ffc000000-7f5ffc021000 rw-p 00000000 00:00 0 
7f5ffc021000-7f6000000000 ---p 00000000 00:00 0 
7f6000000000-7f6000021000 rw-p 00000000 00:00 0 
7f6000021000-7f6004000000 ---p 00000000 00:00 0 
7f6004000000-7f6004021000 rw-p 00000000 00:00 0 
7f6004021000-7f6008000000 ---p 00000000 00:00 0 
7f6008000000-7f6008021000 rw-p 00000000 00:00 0 
7f6008021000-7f600c000000 ---p 00000000 00:00 0 
7f600c000000-7f600c021000 rw-p 00000000 00:00 0 
7f600c021000-7f6010000000 ---p 00000000 00:00 0 
7f6010000000-7f6010021000 rw-p 00000000 00:00 0 
7f6010021000-7f6014000000 ---p 00000000 00:00 0 
7f6014000000-7f601453a000 rw-p 00000000 00:00 0 
7f601453a000-7f6018000000 ---p 00000000 00:00 0 
7f6018000000-7f601890d000 rw-p 00000000 00:00 0 
7f601890d000-7f601c000000 ---p 00000000 00:00 0 
7f601c000000-7f601c021000 rw-p 00000000 00:00 0 
7f601c021000-7f6020000000 ---p 00000000 00:00 0 
7f6020000000-7f6020eec000 rw-p 00000000 00:00 0 
7f6020eec000-7f6024000000 ---p 00000000 00:00 0 
7f6024000000-7f6024021000 rw-p 00000000 00:00 0 
7f6024021000-7f6028000000 ---p 00000000 00:00 0 
7f6028000000-7f6028021000 rw-p 00000000 00:00 0 
7f6028021000-7f602c000000 ---p 00000000 00:00 0 
7f602c000000-7f602c021000 rw-p 00000000 00:00 0 
7f602c021000-7f6030000000 ---p 00000000 00:00 0 
7f6030000000-7f603029b000 rw-p 00000000 00:00 0 
7f603029b000-7f6034000000 ---p 00000000 00:00 0 
7f6034000000-7f6034021000 rw-p 00000000 00:00 0 
7f6034021000-7f6038000000 ---p 00000000 00:00 0 
7f603c000000-7f603c021000 rw-p 00000000 00:00 0 
7f603c021000-7f6040000000 ---p 00000000 00:00 0 
7f60404f8000-7f6040538000 rw-p 00000000 00:00 0 
7f6040538000-7f60406f8000 ---p 00000000 00:00 0 
7f60406f8000-7f60408f8000 rw-p 00000000 00:00 0 
7f60408f8000-7f60408fb000 ---p 00000000 00:00 0 
7f60408fb000-7f60409f9000 rw-p 00000000 00:00 0 
7f60409f9000-7f60409fc000 ---p 00000000 00:00 0 
7f60409fc000-7f6040afa000 rw-p 00000000 00:00 0 
7f6040afa000-7f6040afd000 ---p 00000000 00:00 0 
7f6040afd000-7f6040bfb000 rw-p 00000000 00:00 0 
7f6040bfb000-7f6040bfe000 ---p 00000000 00:00 0 
7f6040bfe000-7f6040cfc000 rw-p 00000000 00:00 0 
7f6040cfc000-7f6040cff000 ---p 00000000 00:00 0 
7f6040cff000-7f6040dfd000 rw-p 00000000 00:00 0 
7f6040dfd000-7f6040e00000 ---p 00000000 00:00 0 
7f6040e00000-7f6040efe000 rw-p 00000000 00:00 0 
7f6040efe000-7f6040f01000 ---p 00000000 00:00 0 
7f6040f01000-7f6044000000 rw-p 00000000 00:00 0 
7f6044000000-7f6044021000 rw-p 00000000 00:00 0 
7f6044021000-7f6048000000 ---p 00000000 00:00 0 
7f6048027000-7f604802a000 ---p 00000000 00:00 0 
7f604802a000-7f6048128000 rw-p 00000000 00:00 0 
7f6048128000-7f604812b000 ---p 00000000 00:00 0 
7f604812b000-7f6048229000 rw-p 00000000 00:00 0 
7f6048229000-7f604822c000 ---p 00000000 00:00 0 
7f604822c000-7f604832a000 rw-p 00000000 00:00 0 
7f604832a000-7f604832d000 ---p 00000000 00:00 0 
7f604832d000-7f604842b000 rw-p 00000000 00:00 0 
7f604842b000-7f604842e000 ---p 00000000 00:00 0 
7f604842e000-7f604852c000 rw-p 00000000 00:00 0 
7f604852c000-7f604852f000 ---p 00000000 00:00 0 
7f604852f000-7f604862d000 rw-p 00000000 00:00 0 
7f604862d000-7f6048630000 ---p 00000000 00:00 0 
7f6048630000-7f604872e000 rw-p 00000000 00:00 0 
7f604872e000-7f6048731000 ---p 00000000 00:00 0 
7f6048731000-7f6048a2f000 rw-p 00000000 00:00 0 
7f6048a2f000-7f6048a32000 ---p 00000000 00:00 0 
7f6048a32000-7f6048b30000 rw-p 00000000 00:00 0 
7f6048b30000-7f6048b33000 ---p 00000000 00:00 0 
7f6048b33000-7f6048c31000 rw-p 00000000 00:00 0 
7f6048c31000-7f6048c34000 ---p 00000000 00:00 0 
7f6048c34000-7f6048d32000 rw-p 00000000 00:00 0 
7f6048d32000-7f6048d48000 r-xp 00000000 08:01 656512                     /usr/lib/jdk/jdk1.8.0_201/jre/lib/amd64/libnet.so
7f6048d48000-7f6048f48000 ---p 00016000 08:01 656512                     /usr/lib/jdk/jdk1.8.0_201/jre/lib/amd64/libnet.so
7f6048f48000-7f6048f49000 r--p 00016000 08:01 656512                     /usr/lib/jdk/jdk1.8.0_201/jre/lib/amd64/libnet.so
7f6048f49000-7f6048f4a000 rw-p 00017000 08:01 656512                     /usr/lib/jdk/jdk1.8.0_201/jre/lib/amd64/libnet.so
7f6048f4a000-7f604917b000 r--s 01bb1000 08:01 403225                     /home/hewitt/work/DiffTGen-master/lib/evosuite-1.0.6.jar
7f604917b000-7f604917c000 ---p 00000000 00:00 0 
7f604917c000-7f604927c000 rw-p 00000000 00:00 0 
7f604927c000-7f604927f000 ---p 00000000 00:00 0 
7f604927f000-7f604937d000 rw-p 00000000 00:00 0 
7f604937d000-7f6049380000 ---p 00000000 00:00 0 
7f6049380000-7f604947e000 rw-p 00000000 00:00 0 
7f604947e000-7f6049481000 ---p 00000000 00:00 0 
7f6049481000-7f604957f000 rw-p 00000000 00:00 0 
7f604957f000-7f6049582000 ---p 00000000 00:00 0 
7f6049582000-7f6049680000 rw-p 00000000 00:00 0 
7f6049680000-7f6049683000 ---p 00000000 00:00 0 
7f6049683000-7f6049781000 rw-p 00000000 00:00 0 
7f6049781000-7f604a140000 r--p 00000000 08:01 270368                     /usr/lib/locale/locale-archive
7f604a140000-7f604a143000 ---p 00000000 00:00 0 
7f604a143000-7f604a241000 rw-p 00000000 00:00 0 
7f604a241000-7f604a244000 ---p 00000000 00:00 0 
7f604a244000-7f604a342000 rw-p 00000000 00:00 0 
7f604a342000-7f604a343000 ---p 00000000 00:00 0 
7f604a343000-7f604d000000 rw-p 00000000 00:00 0 
7f604d000000-7f604d520000 rwxp 00000000 00:00 0 
7f604d520000-7f605c000000 ---p 00000000 00:00 0 
7f605c000000-7f605c4c7000 rw-p 00000000 00:00 0 
7f605c4c7000-7f6060000000 ---p 00000000 00:00 0 
7f6060008000-7f6060012000 r--s 00116000 08:01 656361                     /usr/lib/jdk/jdk1.8.0_201/jre/lib/ext/localedata.jar
7f6060012000-7f6060015000 ---p 00000000 00:00 0 
7f6060015000-7f606004b000 rw-p 00000000 00:00 0 
7f606004b000-7f60600c4000 r--s 010fd000 08:01 654900                     /usr/lib/jdk/jdk1.8.0_201/lib/tools.jar
7f60600c4000-7f60602c6000 rw-p 00000000 00:00 0 
7f60602c6000-7f60604a0000 r--s 03d6f000 08:01 656293                     /usr/lib/jdk/jdk1.8.0_201/jre/lib/rt.jar
7f60604a0000-7f6060f01000 rw-p 00000000 00:00 0 
7f6060f01000-7f6060f02000 ---p 00000000 00:00 0 
7f6060f02000-7f6061002000 rw-p 00000000 00:00 0 
7f6061002000-7f6061003000 ---p 00000000 00:00 0 
7f6061003000-7f6061103000 rw-p 00000000 00:00 0 
7f6061103000-7f6061104000 ---p 00000000 00:00 0 
7f6061104000-7f6061204000 rw-p 00000000 00:00 0 
7f6061204000-7f6061205000 ---p 00000000 00:00 0 
7f6061205000-7f606131a000 rw-p 00000000 00:00 0 
7f606131a000-7f606144d000 ---p 00000000 00:00 0 
7f606144d000-7f6061462000 rw-p 00000000 00:00 0 
7f6061462000-7f6061594000 ---p 00000000 00:00 0 
7f6061594000-7f606159f000 rw-p 00000000 00:00 0 
7f606159f000-7f6061638000 ---p 00000000 00:00 0 
7f6061638000-7f606164e000 rw-p 00000000 00:00 0 
7f606164e000-7f60619f9000 ---p 00000000 00:00 0 
7f60619f9000-7f6061a14000 r-xp 00000000 08:01 656508                     /usr/lib/jdk/jdk1.8.0_201/jre/lib/amd64/libzip.so
7f6061a14000-7f6061c13000 ---p 0001b000 08:01 656508                     /usr/lib/jdk/jdk1.8.0_201/jre/lib/amd64/libzip.so
7f6061c13000-7f6061c14000 r--p 0001a000 08:01 656508                     /usr/lib/jdk/jdk1.8.0_201/jre/lib/amd64/libzip.so
7f6061c14000-7f6061c15000 rw-p 0001b000 08:01 656508                     /usr/lib/jdk/jdk1.8.0_201/jre/lib/amd64/libzip.so
7f6061c15000-7f6061c20000 r-xp 00000000 08:01 658902                     /lib/x86_64-linux-gnu/libnss_files-2.23.so
7f6061c20000-7f6061e1f000 ---p 0000b000 08:01 658902                     /lib/x86_64-linux-gnu/libnss_files-2.23.so
7f6061e1f000-7f6061e20000 r--p 0000a000 08:01 658902                     /lib/x86_64-linux-gnu/libnss_files-2.23.so
7f6061e20000-7f6061e21000 rw-p 0000b000 08:01 658902                     /lib/x86_64-linux-gnu/libnss_files-2.23.so
7f6061e21000-7f6061e27000 rw-p 00000000 00:00 0 
7f6061e27000-7f6061e32000 r-xp 00000000 08:01 658912                     /lib/x86_64-linux-gnu/libnss_nis-2.23.so
7f6061e32000-7f6062031000 ---p 0000b000 08:01 658912                     /lib/x86_64-linux-gnu/libnss_nis-2.23.so
7f6062031000-7f6062032000 r--p 0000a000 08:01 658912                     /lib/x86_64-linux-gnu/libnss_nis-2.23.so
7f6062032000-7f6062033000 rw-p 0000b000 08:01 658912                     /lib/x86_64-linux-gnu/libnss_nis-2.23.so
7f6062033000-7f6062049000 r-xp 00000000 08:01 658896                     /lib/x86_64-linux-gnu/libnsl-2.23.so
7f6062049000-7f6062248000 ---p 00016000 08:01 658896                     /lib/x86_64-linux-gnu/libnsl-2.23.so
7f6062248000-7f6062249000 r--p 00015000 08:01 658896                     /lib/x86_64-linux-gnu/libnsl-2.23.so
7f6062249000-7f606224a000 rw-p 00016000 08:01 658896                     /lib/x86_64-linux-gnu/libnsl-2.23.so
7f606224a000-7f606224c000 rw-p 00000000 00:00 0 
7f606224c000-7f6062254000 r-xp 00000000 08:01 658898                     /lib/x86_64-linux-gnu/libnss_compat-2.23.so
7f6062254000-7f6062453000 ---p 00008000 08:01 658898                     /lib/x86_64-linux-gnu/libnss_compat-2.23.so
7f6062453000-7f6062454000 r--p 00007000 08:01 658898                     /lib/x86_64-linux-gnu/libnss_compat-2.23.so
7f6062454000-7f6062455000 rw-p 00008000 08:01 658898                     /lib/x86_64-linux-gnu/libnss_compat-2.23.so
7f6062455000-7f6062481000 r-xp 00000000 08:01 656502                     /usr/lib/jdk/jdk1.8.0_201/jre/lib/amd64/libjava.so
7f6062481000-7f6062681000 ---p 0002c000 08:01 656502                     /usr/lib/jdk/jdk1.8.0_201/jre/lib/amd64/libjava.so
7f6062681000-7f6062682000 r--p 0002c000 08:01 656502                     /usr/lib/jdk/jdk1.8.0_201/jre/lib/amd64/libjava.so
7f6062682000-7f6062684000 rw-p 0002d000 08:01 656502                     /usr/lib/jdk/jdk1.8.0_201/jre/lib/amd64/libjava.so
7f6062684000-7f6062691000 r-xp 00000000 08:01 656507                     /usr/lib/jdk/jdk1.8.0_201/jre/lib/amd64/libverify.so
7f6062691000-7f6062890000 ---p 0000d000 08:01 656507                     /usr/lib/jdk/jdk1.8.0_201/jre/lib/amd64/libverify.so
7f6062890000-7f6062892000 r--p 0000c000 08:01 656507                     /usr/lib/jdk/jdk1.8.0_201/jre/lib/amd64/libverify.so
7f6062892000-7f6062893000 rw-p 0000e000 08:01 656507                     /usr/lib/jdk/jdk1.8.0_201/jre/lib/amd64/libverify.so
7f6062893000-7f606289a000 r-xp 00000000 08:01 658957                     /lib/x86_64-linux-gnu/librt-2.23.so
7f606289a000-7f6062a99000 ---p 00007000 08:01 658957                     /lib/x86_64-linux-gnu/librt-2.23.so
7f6062a99000-7f6062a9a000 r--p 00006000 08:01 658957                     /lib/x86_64-linux-gnu/librt-2.23.so
7f6062a9a000-7f6062a9b000 rw-p 00007000 08:01 658957                     /lib/x86_64-linux-gnu/librt-2.23.so
7f6062a9b000-7f6062ba3000 r-xp 00000000 08:01 658873                     /lib/x86_64-linux-gnu/libm-2.23.so
7f6062ba3000-7f6062da2000 ---p 00108000 08:01 658873                     /lib/x86_64-linux-gnu/libm-2.23.so
7f6062da2000-7f6062da3000 r--p 00107000 08:01 658873                     /lib/x86_64-linux-gnu/libm-2.23.so
7f6062da3000-7f6062da4000 rw-p 00108000 08:01 658873                     /lib/x86_64-linux-gnu/libm-2.23.so
7f6062da4000-7f6063a8c000 r-xp 00000000 08:01 656484                     /usr/lib/jdk/jdk1.8.0_201/jre/lib/amd64/server/libjvm.so
7f6063a8c000-7f6063c8b000 ---p 00ce8000 08:01 656484                     /usr/lib/jdk/jdk1.8.0_201/jre/lib/amd64/server/libjvm.so
7f6063c8b000-7f6063d21000 r--p 00ce7000 08:01 656484                     /usr/lib/jdk/jdk1.8.0_201/jre/lib/amd64/server/libjvm.so
7f6063d21000-7f6063d52000 rw-p 00d7d000 08:01 656484                     /usr/lib/jdk/jdk1.8.0_201/jre/lib/amd64/server/libjvm.so
7f6063d52000-7f6063d8d000 rw-p 00000000 00:00 0 
7f6063d8d000-7f6063f4d000 r-xp 00000000 08:01 658803                     /lib/x86_64-linux-gnu/libc-2.23.so
7f6063f4d000-7f606414d000 ---p 001c0000 08:01 658803                     /lib/x86_64-linux-gnu/libc-2.23.so
7f606414d000-7f6064151000 r--p 001c0000 08:01 658803                     /lib/x86_64-linux-gnu/libc-2.23.so
7f6064151000-7f6064153000 rw-p 001c4000 08:01 658803                     /lib/x86_64-linux-gnu/libc-2.23.so
7f6064153000-7f6064157000 rw-p 00000000 00:00 0 
7f6064157000-7f606415a000 r-xp 00000000 08:01 658827                     /lib/x86_64-linux-gnu/libdl-2.23.so
7f606415a000-7f6064359000 ---p 00003000 08:01 658827                     /lib/x86_64-linux-gnu/libdl-2.23.so
7f6064359000-7f606435a000 r--p 00002000 08:01 658827                     /lib/x86_64-linux-gnu/libdl-2.23.so
7f606435a000-7f606435b000 rw-p 00003000 08:01 658827                     /lib/x86_64-linux-gnu/libdl-2.23.so
7f606435b000-7f6064372000 r-xp 00000000 08:01 656155                     /usr/lib/jdk/jdk1.8.0_201/lib/amd64/jli/libjli.so
7f6064372000-7f6064571000 ---p 00017000 08:01 656155                     /usr/lib/jdk/jdk1.8.0_201/lib/amd64/jli/libjli.so
7f6064571000-7f6064572000 r--p 00016000 08:01 656155                     /usr/lib/jdk/jdk1.8.0_201/lib/amd64/jli/libjli.so
7f6064572000-7f6064573000 rw-p 00017000 08:01 656155                     /usr/lib/jdk/jdk1.8.0_201/lib/amd64/jli/libjli.so
7f6064573000-7f606458b000 r-xp 00000000 08:01 658949                     /lib/x86_64-linux-gnu/libpthread-2.23.so
7f606458b000-7f606478a000 ---p 00018000 08:01 658949                     /lib/x86_64-linux-gnu/libpthread-2.23.so
7f606478a000-7f606478b000 r--p 00017000 08:01 658949                     /lib/x86_64-linux-gnu/libpthread-2.23.so
7f606478b000-7f606478c000 rw-p 00018000 08:01 658949                     /lib/x86_64-linux-gnu/libpthread-2.23.so
7f606478c000-7f6064790000 rw-p 00000000 00:00 0 
7f6064790000-7f60647b6000 r-xp 00000000 08:01 658775                     /lib/x86_64-linux-gnu/ld-2.23.so
7f60647ba000-7f60647d6000 r--s 00393000 08:01 656354                     /usr/lib/jdk/jdk1.8.0_201/jre/lib/ext/cldrdata.jar
7f60647d6000-7f60647da000 r--s 000a1000 08:01 656350                     /usr/lib/jdk/jdk1.8.0_201/jre/lib/jsse.jar
7f60647da000-7f6064898000 rw-p 00000000 00:00 0 
7f6064898000-7f606489b000 ---p 00000000 00:00 0 
7f606489b000-7f606499e000 rw-p 00000000 00:00 0 
7f606499e000-7f60649a6000 r--s 0006e000 08:01 398946                     /home/hewitt/work/DiffTGen-master/lib/commons-lang3-3.5.jar
7f60649a6000-7f60649a7000 r--s 00000000 08:01 398951                     /home/hewitt/work/DiffTGen-master/lib/myprinter.jar
7f60649a7000-7f60649ab000 r--s 00039000 08:01 437249                     /home/hewitt/work/DiffTGen-master/output/patch1-Lang-59-SOFix/Lang_59_1_sofix/target/build/classes/all0.jar
7f60649ab000-7f60649b3000 rw-s 00000000 08:01 158818                     /tmp/hsperfdata_hewitt/59542
7f60649b3000-7f60649b4000 rw-p 00000000 00:00 0 
7f60649b4000-7f60649b5000 ---p 00000000 00:00 0 
7f60649b5000-7f60649b6000 r--p 00025000 08:01 658775                     /lib/x86_64-linux-gnu/ld-2.23.so
7f60649b6000-7f60649b7000 rw-p 00026000 08:01 658775                     /lib/x86_64-linux-gnu/ld-2.23.so
7f60649b7000-7f60649b8000 rw-p 00000000 00:00 0 
7fff52a19000-7fff52a3b000 rw-p 00000000 00:00 0                          [stack]
7fff52ace000-7fff52ad1000 r--p 00000000 00:00 0                          [vvar]
7fff52ad1000-7fff52ad3000 r-xp 00000000 00:00 0                          [vdso]
ffffffffff600000-ffffffffff601000 r-xp 00000000 00:00 0                  [vsyscall]

VM Arguments:
java_command: /home/hewitt/work/DiffTGen-master/lib/evosuite-1.0.6.jar -base_dir /home/hewitt/work/DiffTGen-master/output/patch1-Lang-59-SOFix/Lang_59_1_sofix/target/0/13 -projectCP /home/hewitt/work/DiffTGen-master/output/patch1-Lang-59-SOFix/Lang_59_1_sofix/target/build/classes/all0.jar:/home/hewitt/work/DiffTGen-master/lib/myprinter.jar:/home/hewitt/work/DiffTGen-master/lib/commons-lang3-3.5.jar -class org.apache.commons.lang.text.StrBuilder -Dassertions=false -Dsearch_budget=60
java_class_path (initial): /home/hewitt/work/DiffTGen-master/lib/evosuite-1.0.6.jar
Launcher Type: SUN_STANDARD

Environment Variables:
JAVA_HOME=/usr/lib/jdk/jdk1.8.0_201
JRE_HOME=/usr/lib/jdk/jdk1.8.0_201/jre
CLASSPATH=.:/usr/lib/jdk/jdk1.8.0_201/lib:/usr/lib/jdk/jdk1.8.0_201/jre/lib
PATH=/usr/lib/jdk/jdk1.8.0_201/bin:/home/hewitt/bin:/home/hewitt/.local/bin:/usr/lib/jdk/jdk1.7.0_80/bin:/usr/local/sbin:/usr/local/bin:/usr/sbin:/usr/bin:/sbin:/bin:/usr/games:/usr/local/games:/snap/bin:/home/hewitt/work/defects4j_v1.4.0/defects4j/framework/bin:/opt/apache-ant-1.9.14/bin:/home/hewitt/work/defects4j_v1.4.0/defects4j/framework/bin
SHELL=/bin/bash
DISPLAY=:0

Signal Handlers:
SIGSEGV: [libjvm.so+0xad3e60], sa_mask[0]=11111111011111111101111111111110, sa_flags=SA_RESTART|SA_SIGINFO
SIGBUS: [libjvm.so+0xad3e60], sa_mask[0]=11111111011111111101111111111110, sa_flags=SA_RESTART|SA_SIGINFO
SIGFPE: [libjvm.so+0x90b880], sa_mask[0]=11111111011111111101111111111110, sa_flags=SA_RESTART|SA_SIGINFO
SIGPIPE: [libjvm.so+0x90b880], sa_mask[0]=11111111011111111101111111111110, sa_flags=SA_RESTART|SA_SIGINFO
SIGXFSZ: [libjvm.so+0x90b880], sa_mask[0]=11111111011111111101111111111110, sa_flags=SA_RESTART|SA_SIGINFO
SIGILL: [libjvm.so+0x90b880], sa_mask[0]=11111111011111111101111111111110, sa_flags=SA_RESTART|SA_SIGINFO
SIGUSR1: SIG_DFL, sa_mask[0]=00000000000000000000000000000000, sa_flags=none
SIGUSR2: [libjvm.so+0x90b750], sa_mask[0]=00100000000000000000000000000000, sa_flags=SA_RESTART|SA_SIGINFO
SIGHUP: [libjvm.so+0x90bd70], sa_mask[0]=11111111011111111101111111111110, sa_flags=SA_RESTART|SA_SIGINFO
SIGINT: [libjvm.so+0x90bd70], sa_mask[0]=11111111011111111101111111111110, sa_flags=SA_RESTART|SA_SIGINFO
SIGTERM: [libjvm.so+0x90bd70], sa_mask[0]=11111111011111111101111111111110, sa_flags=SA_RESTART|SA_SIGINFO
SIGQUIT: [libjvm.so+0x90bd70], sa_mask[0]=11111111011111111101111111111110, sa_flags=SA_RESTART|SA_SIGINFO


---------------  S Y S T E M  ---------------

OS:DISTRIB_ID=Ubuntu
DISTRIB_RELEASE=16.04
DISTRIB_CODENAME=xenial
DISTRIB_DESCRIPTION="Ubuntu 16.04.6 LTS"

uname:Linux 4.15.0-91-generic #92~16.04.1-Ubuntu SMP Fri Feb 28 14:57:22 UTC 2020 x86_64
libc:glibc 2.23 NPTL 2.23 
rlimit: STACK 8192k, CORE 0k, NPROC 15448, NOFILE 1048576, AS infinity
load average:18.34 13.97 13.93

/proc/meminfo:
MemTotal:        4015928 kB
MemFree:          508944 kB
MemAvailable:     427480 kB
Buffers:            1424 kB
Cached:            44236 kB
SwapCached:         3688 kB
Active:          2508768 kB
Inactive:         558072 kB
Active(anon):    2493224 kB
Inactive(anon):   529268 kB
Active(file):      15544 kB
Inactive(file):    28804 kB
Unevictable:          48 kB
Mlocked:              48 kB
SwapTotal:        998396 kB
SwapFree:          17416 kB
Dirty:               300 kB
Writeback:           768 kB
AnonPages:       3017696 kB
Mapped:            34112 kB
Shmem:              1204 kB
Slab:              92644 kB
SReclaimable:      33660 kB
SUnreclaim:        58984 kB
KernelStack:       16624 kB
PageTables:        42168 kB
NFS_Unstable:          0 kB
Bounce:                0 kB
WritebackTmp:          0 kB
CommitLimit:     3006360 kB
Committed_AS:    8775180 kB
VmallocTotal:   34359738367 kB
VmallocUsed:           0 kB
VmallocChunk:          0 kB
HardwareCorrupted:     0 kB
AnonHugePages:         0 kB
ShmemHugePages:        0 kB
ShmemPmdMapped:        0 kB
CmaTotal:              0 kB
CmaFree:               0 kB
HugePages_Total:       0
HugePages_Free:        0
HugePages_Rsvd:        0
HugePages_Surp:        0
Hugepagesize:       2048 kB
DirectMap4k:       98112 kB
DirectMap2M:     4096000 kB
DirectMap1G:     2097152 kB

container (cgroup) information:
container_type: cgroupv1
cpu_cpuset_cpus: 0-3
cpu_memory_nodes: 0
active_processor_count: 4
cpu_quota: -1
cpu_period: 100000
cpu_shares: -1
memory_limit_in_bytes: -1
memory_and_swap_limit_in_bytes: -2
memory_soft_limit_in_bytes: -1
memory_usage_in_bytes: 3138220032
memory_max_usage_in_bytes: 80244736


CPU:total 4 (initial active 4) (2 cores per cpu, 1 threads per core) family 6 model 158 stepping 9, cmov, cx8, fxsr, mmx, sse, sse2, sse3, ssse3, sse4.1, sse4.2, popcnt, avx, avx2, aes, clmul, erms, 3dnowpref, lzcnt, tsc, tscinvbit, bmi1, bmi2, adx

/proc/cpuinfo:
processor	: 0
vendor_id	: GenuineIntel
cpu family	: 6
model		: 158
model name	: Intel(R) Core(TM) i7-7700HQ CPU @ 2.80GHz
stepping	: 9
microcode	: 0xb4
cpu MHz		: 2808.002
cache size	: 6144 KB
physical id	: 0
siblings	: 2
core id		: 0
cpu cores	: 2
apicid		: 0
initial apicid	: 0
fpu		: yes
fpu_exception	: yes
cpuid level	: 22
wp		: yes
flags		: fpu vme de pse tsc msr pae mce cx8 apic sep mtrr pge mca cmov pat pse36 clflush mmx fxsr sse sse2 ss ht syscall nx pdpe1gb rdtscp lm constant_tsc arch_perfmon nopl xtopology tsc_reliable nonstop_tsc cpuid pni pclmulqdq ssse3 fma cx16 pcid sse4_1 sse4_2 x2apic movbe popcnt tsc_deadline_timer aes xsave avx f16c rdrand hypervisor lahf_lm abm 3dnowprefetch cpuid_fault invpcid_single pti ssbd ibrs ibpb stibp fsgsbase tsc_adjust bmi1 avx2 smep bmi2 invpcid mpx rdseed adx smap clflushopt xsaveopt xsavec xsaves arat md_clear flush_l1d arch_capabilities
bugs		: cpu_meltdown spectre_v1 spectre_v2 spec_store_bypass l1tf mds swapgs itlb_multihit
bogomips	: 5616.00
clflush size	: 64
cache_alignment	: 64
address sizes	: 43 bits physical, 48 bits virtual
power management:

processor	: 1
vendor_id	: GenuineIntel
cpu family	: 6
model		: 158
model name	: Intel(R) Core(TM) i7-7700HQ CPU @ 2.80GHz
stepping	: 9
microcode	: 0xb4
cpu MHz		: 2808.002
cache size	: 6144 KB
physical id	: 0
siblings	: 2
core id		: 1
cpu cores	: 2
apicid		: 1
initial apicid	: 1
fpu		: yes
fpu_exception	: yes
cpuid level	: 22
wp		: yes
flags		: fpu vme de pse tsc msr pae mce cx8 apic sep mtrr pge mca cmov pat pse36 clflush mmx fxsr sse sse2 ss ht syscall nx pdpe1gb rdtscp lm constant_tsc arch_perfmon nopl xtopology tsc_reliable nonstop_tsc cpuid pni pclmulqdq ssse3 fma cx16 pcid sse4_1 sse4_2 x2apic movbe popcnt tsc_deadline_timer aes xsave avx f16c rdrand hypervisor lahf_lm abm 3dnowprefetch cpuid_fault invpcid_single pti ssbd ibrs ibpb stibp fsgsbase tsc_adjust bmi1 avx2 smep bmi2 invpcid mpx rdseed adx smap clflushopt xsaveopt xsavec xsaves arat md_clear flush_l1d arch_capabilities
bugs		: cpu_meltdown spectre_v1 spectre_v2 spec_store_bypass l1tf mds swapgs itlb_multihit
bogomips	: 5616.00
clflush size	: 64
cache_alignment	: 64
address sizes	: 43 bits physical, 48 bits virtual
power management:

processor	: 2
vendor_id	: GenuineIntel
cpu family	: 6
model		: 158
model name	: Intel(R) Core(TM) i7-7700HQ CPU @ 2.80GHz
stepping	: 9
microcode	: 0xb4
cpu MHz		: 2808.002
cache size	: 6144 KB
physical id	: 1
siblings	: 2
core id		: 0
cpu cores	: 2
apicid		: 2
initial apicid	: 2
fpu		: yes
fpu_exception	: yes
cpuid level	: 22
wp		: yes
flags		: fpu vme de pse tsc msr pae mce cx8 apic sep mtrr pge mca cmov pat pse36 clflush mmx fxsr sse sse2 ss ht syscall nx pdpe1gb rdtscp lm constant_tsc arch_perfmon nopl xtopology tsc_reliable nonstop_tsc cpuid pni pclmulqdq ssse3 fma cx16 pcid sse4_1 sse4_2 x2apic movbe popcnt tsc_deadline_timer aes xsave avx f16c rdrand hypervisor lahf_lm abm 3dnowprefetch cpuid_fault invpcid_single pti ssbd ibrs ibpb stibp fsgsbase tsc_adjust bmi1 avx2 smep bmi2 invpcid mpx rdseed adx smap clflushopt xsaveopt xsavec xsaves arat md_clear flush_l1d arch_capabilities
bugs		: cpu_meltdown spectre_v1 spectre_v2 spec_store_bypass l1tf mds swapgs itlb_multihit
bogomips	: 5616.00
clflush size	: 64
cache_alignment	: 64
address sizes	: 43 bits physical, 48 bits virtual
power management:

processor	: 3
vendor_id	: GenuineIntel
cpu family	: 6
model		: 158
model name	: Intel(R) Core(TM) i7-7700HQ CPU @ 2.80GHz
stepping	: 9
microcode	: 0xb4
cpu MHz		: 2808.002
cache size	: 6144 KB
physical id	: 1
siblings	: 2
core id		: 1
cpu cores	: 2
apicid		: 3
initial apicid	: 3
fpu		: yes
fpu_exception	: yes
cpuid level	: 22
wp		: yes
flags		: fpu vme de pse tsc msr pae mce cx8 apic sep mtrr pge mca cmov pat pse36 clflush mmx fxsr sse sse2 ss ht syscall nx pdpe1gb rdtscp lm constant_tsc arch_perfmon nopl xtopology tsc_reliable nonstop_tsc cpuid pni pclmulqdq ssse3 fma cx16 pcid sse4_1 sse4_2 x2apic movbe popcnt tsc_deadline_timer aes xsave avx f16c rdrand hypervisor lahf_lm abm 3dnowprefetch cpuid_fault invpcid_single pti ssbd ibrs ibpb stibp fsgsbase tsc_adjust bmi1 avx2 smep bmi2 invpcid mpx rdseed adx smap clflushopt xsaveopt xsavec xsaves arat md_clear flush_l1d arch_capabilities
bugs		: cpu_meltdown spectre_v1 spectre_v2 spec_store_bypass l1tf mds swapgs itlb_multihit
bogomips	: 5616.00
clflush size	: 64
cache_alignment	: 64
address sizes	: 43 bits physical, 48 bits virtual
power management:



Memory: 4k page, physical 4015928k(508944k free), swap 998396k(17416k free)

vm_info: Java HotSpot(TM) 64-Bit Server VM (25.201-b09) for linux-amd64 JRE (1.8.0_201-b09), built on Dec 15 2018 11:35:59 by "java_re" with gcc 7.3.0

time: Sun Mar 29 17:01:27 2020
timezone: CST
elapsed time: 32 seconds (0d 0h 0m 32s)

