#
# There is insufficient memory for the Java Runtime Environment to continue.
# Native memory allocation (mmap) failed to map 16252928 bytes for committing reserved memory.
# Possible reasons:
#   The system is out of physical RAM or swap space
#   The process is running with CompressedOops enabled, and the Java Heap may be blocking the growth of the native heap
# Possible solutions:
#   Reduce memory load on the system
#   Increase physical memory or swap space
#   Check if swap backing store is full
#   Decrease Java heap size (-Xmx/-Xms)
#   Decrease number of Java threads
#   Decrease Java thread stack sizes (-Xss)
#   Set larger code cache with -XX:ReservedCodeCacheSize=
#   JVM is running with Unscaled Compressed Oops mode in which the Java heap is
#     placed in the first 4GB address space. The Java Heap base address is the
#     maximum limit for the native heap growth. Please use -XX:HeapBaseMinAddress
#     to set the Java Heap base and to place the Java Heap above 4GB virtual address.
# This output file may be truncated or incomplete.
#
#  Out of Memory Error (os_linux.cpp:2749), pid=25145, tid=0x00007ff261543700
#
# JRE version: Java(TM) SE Runtime Environment (8.0_201-b09) (build 1.8.0_201-b09)
# Java VM: Java HotSpot(TM) 64-Bit Server VM (25.201-b09 mixed mode linux-amd64 compressed oops)
# Failed to write core dump. Core dumps have been disabled. To enable core dumping, try "ulimit -c unlimited" before starting Java again
#

---------------  T H R E A D  ---------------

Current thread (0x00007ff278140000):  VMThread [stack: 0x00007ff261443000,0x00007ff261544000] [id=25198]

Stack: [0x00007ff261443000,0x00007ff261544000],  sp=0x00007ff261542450,  free space=1021k
Native frames: (J=compiled Java code, j=interpreted, Vv=VM code, C=native code)
V  [libjvm.so+0xad3525]  VMError::report_and_die()+0x2e5
V  [libjvm.so+0x4e0457]  report_vm_out_of_memory(char const*, int, unsigned long, VMErrorType, char const*)+0x67
V  [libjvm.so+0x9102f0]  os::pd_commit_memory(char*, unsigned long, unsigned long, bool)+0x100
V  [libjvm.so+0x90791f]  os::commit_memory(char*, unsigned long, unsigned long, bool)+0x1f
V  [libjvm.so+0x98c806]  PSVirtualSpace::expand_by(unsigned long)+0x56
V  [libjvm.so+0x98da98]  PSYoungGen::resize(unsigned long, unsigned long)+0xd8
V  [libjvm.so+0x98a236]  PSScavenge::invoke_no_policy()+0x1376
V  [libjvm.so+0x98a5cc]  PSScavenge::invoke()+0x4c
V  [libjvm.so+0x93a318]  ParallelScavengeHeap::failed_mem_allocate(unsigned long)+0x68
V  [libjvm.so+0xad5073]  VM_ParallelGCFailedAllocation::doit()+0x93
V  [libjvm.so+0xada296]  VM_Operation::evaluate()+0x46
V  [libjvm.so+0xad85cd]  VMThread::evaluate_operation(VM_Operation*) [clone .constprop.44]+0xcd
V  [libjvm.so+0xad8bb3]  VMThread::loop()+0x3a3
V  [libjvm.so+0xad8f88]  VMThread::run()+0x78
V  [libjvm.so+0x90d922]  java_start(Thread*)+0x102

VM_Operation (0x00007ff1ffaf3c50): ParallelGCFailedAllocation, mode: safepoint, requested by thread 0x00007ff21c001000


---------------  P R O C E S S  ---------------

Java Threads: ( => current thread )
  0x00007ff21c002800 JavaThread "RMI TCP Connection(3)-127.0.0.1" daemon [_thread_in_native, id=25653, stack(0x00007ff1ff6f9000,0x00007ff1ff7fa000)]
  0x00007ff21c001000 JavaThread "RMI TCP Connection(2)-127.0.0.1" daemon [_thread_blocked, id=25610, stack(0x00007ff1ff9fa000,0x00007ff1ffafb000)]
  0x00007ff1e8038800 JavaThread "RMI Scheduler(0)" daemon [_thread_blocked, id=25597, stack(0x00007ff1ffafb000,0x00007ff1ffbfc000)]
  0x00007ff1e8030800 JavaThread "RMI RenewClean-[127.0.0.1:21303]" daemon [_thread_blocked, id=25577, stack(0x00007ff1ffbfc000,0x00007ff1ffcfd000)]
  0x00007ff218001000 JavaThread "RMI TCP Connection(idle)" daemon [_thread_blocked, id=25563, stack(0x00007ff1ffcfd000,0x00007ff1ffdfe000)]
  0x00007ff214005000 JavaThread "pool-3-thread-3" [_thread_in_native, id=25512, stack(0x00007ff1ffdfe000,0x00007ff1ffeff000)]
  0x00007ff214003000 JavaThread "pool-3-thread-2" [_thread_in_native, id=25508, stack(0x00007ff1ffeff000,0x00007ff200000000)]
  0x00007ff214002000 JavaThread "pool-3-thread-1" [_thread_in_native, id=25502, stack(0x00007ff230063000,0x00007ff230164000)]
  0x00007ff2781fe000 JavaThread "Thread-3" [_thread_in_native, id=25392, stack(0x00007ff230164000,0x00007ff230265000)]
  0x00007ff2781fc800 JavaThread "Thread-2" [_thread_in_native, id=25390, stack(0x00007ff230265000,0x00007ff230366000)]
  0x00007ff2781a4000 JavaThread "process reaper" daemon [_thread_in_native, id=25384, stack(0x00007ff27c013000,0x00007ff27c04c000)]
  0x00007ff2783b3000 JavaThread "pool-2-thread-1" [_thread_in_native, id=25333, stack(0x00007ff230366000,0x00007ff230467000)]
  0x00007ff2783b0800 JavaThread "GC Daemon" daemon [_thread_blocked, id=25315, stack(0x00007ff230467000,0x00007ff230568000)]
  0x00007ff2783ae000 JavaThread "RMI Reaper" [_thread_blocked, id=25312, stack(0x00007ff230568000,0x00007ff230669000)]
  0x00007ff2783a7000 JavaThread "RMI TCP Accept-6258" daemon [_thread_in_native, id=25309, stack(0x00007ff230669000,0x00007ff23076a000)]
  0x00007ff2783a0000 JavaThread "RMI TCP Accept-14915" daemon [_thread_in_native, id=25297, stack(0x00007ff23076a000,0x00007ff23086b000)]
  0x00007ff2782e2800 JavaThread "logback-3" daemon [_thread_blocked, id=25282, stack(0x00007ff230ae4000,0x00007ff230be5000)]
  0x00007ff2782df000 JavaThread "logback-2" daemon [_thread_blocked, id=25278, stack(0x00007ff230be5000,0x00007ff230ce6000)]
  0x00007ff2782dd000 JavaThread "logback-1" daemon [_thread_blocked, id=25270, stack(0x00007ff230ce6000,0x00007ff230de7000)]
  0x00007ff278189000 JavaThread "Service Thread" daemon [_thread_blocked, id=25264, stack(0x00007ff26037d000,0x00007ff26047e000)]
  0x00007ff278186000 JavaThread "C1 CompilerThread2" daemon [_thread_blocked, id=25261, stack(0x00007ff26047e000,0x00007ff26057f000)]
  0x00007ff278184800 JavaThread "C2 CompilerThread1" daemon [_thread_blocked, id=25259, stack(0x00007ff26057f000,0x00007ff260680000)]
  0x00007ff278181800 JavaThread "C2 CompilerThread0" daemon [_thread_blocked, id=25254, stack(0x00007ff260680000,0x00007ff260781000)]
  0x00007ff278180000 JavaThread "Signal Dispatcher" daemon [_thread_blocked, id=25243, stack(0x00007ff260781000,0x00007ff260882000)]
  0x00007ff27814c000 JavaThread "Finalizer" daemon [_thread_blocked, id=25216, stack(0x00007ff261241000,0x00007ff261342000)]
  0x00007ff278149800 JavaThread "Reference Handler" daemon [_thread_blocked, id=25212, stack(0x00007ff261342000,0x00007ff261443000)]
  0x00007ff27800a800 JavaThread "main" [_thread_in_native, id=25151, stack(0x00007ff27f958000,0x00007ff27fa59000)]

Other Threads:
=>0x00007ff278140000 VMThread [stack: 0x00007ff261443000,0x00007ff261544000] [id=25198]
  0x00007ff27818b800 WatcherThread [stack: 0x00007ff26027c000,0x00007ff26037d000] [id=25265]

VM state:at safepoint (normal execution)

VM Mutex/Monitor currently owned by a thread:  ([mutex/lock_event])
[0x00007ff278007070] Threads_lock - owner thread: 0x00007ff278140000
[0x00007ff278007570] Heap_lock - owner thread: 0x00007ff21c001000

heap address: 0x00000000c2a00000, size: 982 MB, Compressed Oops mode: 32-bit
Narrow klass base: 0x0000000000000000, Narrow klass shift: 3
Compressed class space size: 1073741824 Address: 0x0000000100000000

Heap:
 PSYoungGen      total 18432K, used 2560K [0x00000000eb900000, 0x00000000ecd80000, 0x0000000100000000)
  eden space 15872K, 0% used [0x00000000eb900000,0x00000000eb900000,0x00000000ec880000)
  from space 2560K, 100% used [0x00000000ec880000,0x00000000ecb00000,0x00000000ecb00000)
  to   space 2560K, 0% used [0x00000000ecb00000,0x00000000ecb00000,0x00000000ecd80000)
 ParOldGen       total 42496K, used 6078K [0x00000000c2a00000, 0x00000000c5380000, 0x00000000eb900000)
  object space 42496K, 14% used [0x00000000c2a00000,0x00000000c2fefb80,0x00000000c5380000)
 Metaspace       used 13728K, capacity 14118K, committed 14336K, reserved 1062912K
  class space    used 1583K, capacity 1703K, committed 1792K, reserved 1048576K

Card table byte_map: [0x00007ff27c50d000,0x00007ff27c6f9000] byte_map_base: 0x00007ff27bef8000

Marking Bits: (ParMarkBitMap*) 0x00007ff27ee2fd80
 Begin Bits: [0x00007ff262150000, 0x00007ff2630a8000)
 End Bits:   [0x00007ff2630a8000, 0x00007ff264000000)

Polling page: 0x00007ff27fa74000

CodeCache: size=245760Kb used=5533Kb max_used=5533Kb free=240226Kb
 bounds [0x00007ff269000000, 0x00007ff269570000, 0x00007ff278000000]
 total_blobs=1877 nmethods=1529 adapters=261
 compilation: enabled

Compilation events (10 events):
Event: 38.778 Thread 0x00007ff278186000 nmethod 1563 0x00007ff269566490 code [0x00007ff269566620, 0x00007ff269566a48]
Event: 38.778 Thread 0x00007ff278186000 1559       3       org.evosuite.shaded.org.objectweb.asm.commons.AdviceAdapter::visitMethodInsn (33 bytes)
Event: 38.778 Thread 0x00007ff278186000 nmethod 1559 0x00007ff269566b90 code [0x00007ff269566d00, 0x00007ff269566ef8]
Event: 38.778 Thread 0x00007ff278186000 1561       3       org.evosuite.shaded.org.objectweb.asm.commons.AdviceAdapter::visitFieldInsn (156 bytes)
Event: 38.778 Thread 0x00007ff278186000 nmethod 1561 0x00007ff269566fd0 code [0x00007ff2695672a0, 0x00007ff269568648]
Event: 38.778 Thread 0x00007ff278186000 1578       1       org.evosuite.graphs.cfg.ControlDependency::getBranchExpressionValue (5 bytes)
Event: 38.779 Thread 0x00007ff278186000 nmethod 1578 0x00007ff2694fc150 code [0x00007ff2694fc2a0, 0x00007ff2694fc3b0]
Event: 38.779 Thread 0x00007ff278186000 1537       3       java.util.AbstractList::subList (31 bytes)
Event: 38.779 Thread 0x00007ff278186000 nmethod 1537 0x00007ff269568ed0 code [0x00007ff269569060, 0x00007ff2695694d8]
Event: 38.791 Thread 0x00007ff278186000 1579 %     3       org.evosuite.instrumentation.coverage.MutationInstrumentation::analyze @ 338 (720 bytes)

GC Heap History (10 events):
Event: 2.280 GC heap after
Heap after GC invocations=1 (full 0):
 PSYoungGen      total 18432K, used 2560K [0x00000000eb900000, 0x00000000ecd80000, 0x0000000100000000)
  eden space 15872K, 0% used [0x00000000eb900000,0x00000000eb900000,0x00000000ec880000)
  from space 2560K, 100% used [0x00000000ec880000,0x00000000ecb00000,0x00000000ecb00000)
  to   space 2560K, 0% used [0x00000000ecb00000,0x00000000ecb00000,0x00000000ecd80000)
 ParOldGen       total 42496K, used 1524K [0x00000000c2a00000, 0x00000000c5380000, 0x00000000eb900000)
  object space 42496K, 3% used [0x00000000c2a00000,0x00000000c2b7d0f8,0x00000000c5380000)
 Metaspace       used 9206K, capacity 9346K, committed 9472K, reserved 1056768K
  class space    used 1108K, capacity 1154K, committed 1280K, reserved 1048576K
}
Event: 2.572 GC heap before
{Heap before GC invocations=2 (full 0):
 PSYoungGen      total 18432K, used 4176K [0x00000000eb900000, 0x00000000ecd80000, 0x0000000100000000)
  eden space 15872K, 10% used [0x00000000eb900000,0x00000000eba94008,0x00000000ec880000)
  from space 2560K, 100% used [0x00000000ec880000,0x00000000ecb00000,0x00000000ecb00000)
  to   space 2560K, 0% used [0x00000000ecb00000,0x00000000ecb00000,0x00000000ecd80000)
 ParOldGen       total 42496K, used 1524K [0x00000000c2a00000, 0x00000000c5380000, 0x00000000eb900000)
  object space 42496K, 3% used [0x00000000c2a00000,0x00000000c2b7d0f8,0x00000000c5380000)
 Metaspace       used 10223K, capacity 10384K, committed 10624K, reserved 1058816K
  class space    used 1243K, capacity 1329K, committed 1408K, reserved 1048576K
Event: 2.584 GC heap after
Heap after GC invocations=2 (full 0):
 PSYoungGen      total 18432K, used 2528K [0x00000000eb900000, 0x00000000ecd80000, 0x0000000100000000)
  eden space 15872K, 0% used [0x00000000eb900000,0x00000000eb900000,0x00000000ec880000)
  from space 2560K, 98% used [0x00000000ecb00000,0x00000000ecd78020,0x00000000ecd80000)
  to   space 2560K, 0% used [0x00000000ec880000,0x00000000ec880000,0x00000000ecb00000)
 ParOldGen       total 42496K, used 1830K [0x00000000c2a00000, 0x00000000c5380000, 0x00000000eb900000)
  object space 42496K, 4% used [0x00000000c2a00000,0x00000000c2bc98f8,0x00000000c5380000)
 Metaspace       used 10223K, capacity 10384K, committed 10624K, reserved 1058816K
  class space    used 1243K, capacity 1329K, committed 1408K, reserved 1048576K
}
Event: 2.584 GC heap before
{Heap before GC invocations=3 (full 1):
 PSYoungGen      total 18432K, used 2528K [0x00000000eb900000, 0x00000000ecd80000, 0x0000000100000000)
  eden space 15872K, 0% used [0x00000000eb900000,0x00000000eb900000,0x00000000ec880000)
  from space 2560K, 98% used [0x00000000ecb00000,0x00000000ecd78020,0x00000000ecd80000)
  to   space 2560K, 0% used [0x00000000ec880000,0x00000000ec880000,0x00000000ecb00000)
 ParOldGen       total 42496K, used 1830K [0x00000000c2a00000, 0x00000000c5380000, 0x00000000eb900000)
  object space 42496K, 4% used [0x00000000c2a00000,0x00000000c2bc98f8,0x00000000c5380000)
 Metaspace       used 10223K, capacity 10384K, committed 10624K, reserved 1058816K
  class space    used 1243K, capacity 1329K, committed 1408K, reserved 1048576K
Event: 2.682 GC heap after
Heap after GC invocations=3 (full 1):
 PSYoungGen      total 18432K, used 0K [0x00000000eb900000, 0x00000000ecd80000, 0x0000000100000000)
  eden space 15872K, 0% used [0x00000000eb900000,0x00000000eb900000,0x00000000ec880000)
  from space 2560K, 0% used [0x00000000ecb00000,0x00000000ecb00000,0x00000000ecd80000)
  to   space 2560K, 0% used [0x00000000ec880000,0x00000000ec880000,0x00000000ecb00000)
 ParOldGen       total 42496K, used 2859K [0x00000000c2a00000, 0x00000000c5380000, 0x00000000eb900000)
  object space 42496K, 6% used [0x00000000c2a00000,0x00000000c2ccaf08,0x00000000c5380000)
 Metaspace       used 10215K, capacity 10374K, committed 10624K, reserved 1058816K
  class space    used 1241K, capacity 1327K, committed 1408K, reserved 1048576K
}
Event: 35.563 GC heap before
{Heap before GC invocations=4 (full 1):
 PSYoungGen      total 18432K, used 15872K [0x00000000eb900000, 0x00000000ecd80000, 0x0000000100000000)
  eden space 15872K, 100% used [0x00000000eb900000,0x00000000ec880000,0x00000000ec880000)
  from space 2560K, 0% used [0x00000000ecb00000,0x00000000ecb00000,0x00000000ecd80000)
  to   space 2560K, 0% used [0x00000000ec880000,0x00000000ec880000,0x00000000ecb00000)
 ParOldGen       total 42496K, used 2859K [0x00000000c2a00000, 0x00000000c5380000, 0x00000000eb900000)
  object space 42496K, 6% used [0x00000000c2a00000,0x00000000c2ccaf08,0x00000000c5380000)
 Metaspace       used 13445K, capacity 13786K, committed 14080K, reserved 1060864K
  class space    used 1579K, capacity 1701K, committed 1792K, reserved 1048576K
Event: 35.717 GC heap after
Heap after GC invocations=4 (full 1):
 PSYoungGen      total 18432K, used 2544K [0x00000000eb900000, 0x00000000ecd80000, 0x0000000100000000)
  eden space 15872K, 0% used [0x00000000eb900000,0x00000000eb900000,0x00000000ec880000)
  from space 2560K, 99% used [0x00000000ec880000,0x00000000ecafc150,0x00000000ecb00000)
  to   space 2560K, 0% used [0x00000000ecb00000,0x00000000ecb00000,0x00000000ecd80000)
 ParOldGen       total 42496K, used 4398K [0x00000000c2a00000, 0x00000000c5380000, 0x00000000eb900000)
  object space 42496K, 10% used [0x00000000c2a00000,0x00000000c2e4b878,0x00000000c5380000)
 Metaspace       used 13445K, capacity 13786K, committed 14080K, reserved 1060864K
  class space    used 1579K, capacity 1701K, committed 1792K, reserved 1048576K
}
Event: 37.470 GC heap before
{Heap before GC invocations=5 (full 1):
 PSYoungGen      total 18432K, used 18416K [0x00000000eb900000, 0x00000000ecd80000, 0x0000000100000000)
  eden space 15872K, 100% used [0x00000000eb900000,0x00000000ec880000,0x00000000ec880000)
  from space 2560K, 99% used [0x00000000ec880000,0x00000000ecafc150,0x00000000ecb00000)
  to   space 2560K, 0% used [0x00000000ecb00000,0x00000000ecb00000,0x00000000ecd80000)
 ParOldGen       total 42496K, used 4398K [0x00000000c2a00000, 0x00000000c5380000, 0x00000000eb900000)
  object space 42496K, 10% used [0x00000000c2a00000,0x00000000c2e4b878,0x00000000c5380000)
 Metaspace       used 13641K, capacity 14054K, committed 14336K, reserved 1062912K
  class space    used 1583K, capacity 1703K, committed 1792K, reserved 1048576K
Event: 37.508 GC heap after
Heap after GC invocations=5 (full 1):
 PSYoungGen      total 18432K, used 2540K [0x00000000eb900000, 0x00000000ecd80000, 0x0000000100000000)
  eden space 15872K, 0% used [0x00000000eb900000,0x00000000eb900000,0x00000000ec880000)
  from space 2560K, 99% used [0x00000000ecb00000,0x00000000ecd7b010,0x00000000ecd80000)
  to   space 2560K, 0% used [0x00000000ec880000,0x00000000ec880000,0x00000000ecb00000)
 ParOldGen       total 42496K, used 4922K [0x00000000c2a00000, 0x00000000c5380000, 0x00000000eb900000)
  object space 42496K, 11% used [0x00000000c2a00000,0x00000000c2ece888,0x00000000c5380000)
 Metaspace       used 13641K, capacity 14054K, committed 14336K, reserved 1062912K
  class space    used 1583K, capacity 1703K, committed 1792K, reserved 1048576K
}
Event: 38.847 GC heap before
{Heap before GC invocations=6 (full 1):
 PSYoungGen      total 18432K, used 18412K [0x00000000eb900000, 0x00000000ecd80000, 0x0000000100000000)
  eden space 15872K, 100% used [0x00000000eb900000,0x00000000ec880000,0x00000000ec880000)
  from space 2560K, 99% used [0x00000000ecb00000,0x00000000ecd7b010,0x00000000ecd80000)
  to   space 2560K, 0% used [0x00000000ec880000,0x00000000ec880000,0x00000000ecb00000)
 ParOldGen       total 42496K, used 4922K [0x00000000c2a00000, 0x00000000c5380000, 0x00000000eb900000)
  object space 42496K, 11% used [0x00000000c2a00000,0x00000000c2ece888,0x00000000c5380000)
 Metaspace       used 13728K, capacity 14118K, committed 14336K, reserved 1062912K
  class space    used 1583K, capacity 1703K, committed 1792K, reserved 1048576K

Deoptimization events (10 events):
Event: 33.204 Thread 0x00007ff21c001000 Uncommon trap: reason=bimorphic action=maybe_recompile pc=0x00007ff2692537d4 method=java.util.HashMap.putVal(ILjava/lang/Object;Ljava/lang/Object;ZZ)Ljava/lang/Object; @ 91
Event: 33.204 Thread 0x00007ff21c001000 Uncommon trap: reason=bimorphic action=maybe_recompile pc=0x00007ff2692537d4 method=java.util.HashMap.putVal(ILjava/lang/Object;Ljava/lang/Object;ZZ)Ljava/lang/Object; @ 91
Event: 35.727 Thread 0x00007ff21c001000 Uncommon trap: reason=class_check action=maybe_recompile pc=0x00007ff2693cc3a4 method=java.util.HashMap.putVal(ILjava/lang/Object;Ljava/lang/Object;ZZ)Ljava/lang/Object; @ 203
Event: 35.727 Thread 0x00007ff21c001000 Uncommon trap: reason=class_check action=maybe_recompile pc=0x00007ff2693cc3a4 method=java.util.HashMap.putVal(ILjava/lang/Object;Ljava/lang/Object;ZZ)Ljava/lang/Object; @ 203
Event: 35.727 Thread 0x00007ff21c001000 Uncommon trap: reason=class_check action=maybe_recompile pc=0x00007ff2693cc3a4 method=java.util.HashMap.putVal(ILjava/lang/Object;Ljava/lang/Object;ZZ)Ljava/lang/Object; @ 203
Event: 35.727 Thread 0x00007ff21c001000 Uncommon trap: reason=class_check action=maybe_recompile pc=0x00007ff2693cc3a4 method=java.util.HashMap.putVal(ILjava/lang/Object;Ljava/lang/Object;ZZ)Ljava/lang/Object; @ 203
Event: 35.933 Thread 0x00007ff21c001000 Uncommon trap: reason=bimorphic action=maybe_recompile pc=0x00007ff26942c78c method=java.util.HashMap.putVal(ILjava/lang/Object;Ljava/lang/Object;ZZ)Ljava/lang/Object; @ 203
Event: 35.933 Thread 0x00007ff21c001000 Uncommon trap: reason=bimorphic action=maybe_recompile pc=0x00007ff26942c78c method=java.util.HashMap.putVal(ILjava/lang/Object;Ljava/lang/Object;ZZ)Ljava/lang/Object; @ 203
Event: 37.001 Thread 0x00007ff21c001000 Uncommon trap: reason=unstable_if action=reinterpret pc=0x00007ff26949c1f4 method=java.util.AbstractCollection.addAll(Ljava/util/Collection;)Z @ 32
Event: 38.727 Thread 0x00007ff21c001000 Uncommon trap: reason=unstable_if action=reinterpret pc=0x00007ff2691c5aac method=java.lang.AbstractStringBuilder.append(Ljava/lang/String;)Ljava/lang/AbstractStringBuilder; @ 1

Classes redefined (0 events):
No events

Internal exceptions (10 events):
Event: 11.341 Thread 0x00007ff2782df000 Exception <a 'java/net/ConnectException'> (0x00000000ebb2e190) thrown at [/HUDSON/workspace/8-2-build-linux-amd64/jdk8u201/12317/hotspot/src/share/vm/prims/jni.cpp, line 709]
Event: 11.373 Thread 0x00007ff2782e2800 Exception <a 'java/net/ConnectException'> (0x00000000ebb55d38) thrown at [/HUDSON/workspace/8-2-build-linux-amd64/jdk8u201/12317/hotspot/src/share/vm/prims/jni.cpp, line 709]
Event: 21.322 Thread 0x00007ff2782dd000 Exception <a 'java/net/ConnectException'> (0x00000000ebb07110) thrown at [/HUDSON/workspace/8-2-build-linux-amd64/jdk8u201/12317/hotspot/src/share/vm/prims/jni.cpp, line 709]
Event: 21.342 Thread 0x00007ff2782df000 Exception <a 'java/net/ConnectException'> (0x00000000ebb2ecb8) thrown at [/HUDSON/workspace/8-2-build-linux-amd64/jdk8u201/12317/hotspot/src/share/vm/prims/jni.cpp, line 709]
Event: 21.373 Thread 0x00007ff2782e2800 Exception <a 'java/net/ConnectException'> (0x00000000ebb56860) thrown at [/HUDSON/workspace/8-2-build-linux-amd64/jdk8u201/12317/hotspot/src/share/vm/prims/jni.cpp, line 709]
Event: 31.322 Thread 0x00007ff2782dd000 Exception <a 'java/net/ConnectException'> (0x00000000ebb07c38) thrown at [/HUDSON/workspace/8-2-build-linux-amd64/jdk8u201/12317/hotspot/src/share/vm/prims/jni.cpp, line 709]
Event: 31.342 Thread 0x00007ff2782df000 Exception <a 'java/net/ConnectException'> (0x00000000ebb2f7e0) thrown at [/HUDSON/workspace/8-2-build-linux-amd64/jdk8u201/12317/hotspot/src/share/vm/prims/jni.cpp, line 709]
Event: 31.374 Thread 0x00007ff2782e2800 Exception <a 'java/net/ConnectException'> (0x00000000ebb57388) thrown at [/HUDSON/workspace/8-2-build-linux-amd64/jdk8u201/12317/hotspot/src/share/vm/prims/jni.cpp, line 709]
Event: 34.019 Thread 0x00007ff21c001000 Exception <a 'java/lang/NoSuchMethodError': <clinit>> (0x00000000ec2216b8) thrown at [/HUDSON/workspace/8-2-build-linux-amd64/jdk8u201/12317/hotspot/src/share/vm/prims/jni.cpp, line 1613]
Event: 38.727 Thread 0x00007ff21c001000 Implicit null exception at 0x00007ff2691c56b4 to 0x00007ff2691c5a95

Events (10 events):
Event: 37.001 Thread 0x00007ff21c001000 DEOPT PACKING pc=0x00007ff26949c1f4 sp=0x00007ff1ffaf3df0
Event: 37.001 Thread 0x00007ff21c001000 DEOPT UNPACKING pc=0x00007ff26904573a sp=0x00007ff1ffaf3df0 mode 2
Event: 37.469 Executing VM operation: ParallelGCFailedAllocation
Event: 37.508 Executing VM operation: ParallelGCFailedAllocation done
Event: 37.521 Executing VM operation: RevokeBias
Event: 37.523 Executing VM operation: RevokeBias done
Event: 38.727 Thread 0x00007ff21c001000 Uncommon trap: trap_request=0xffffff65 fr.pc=0x00007ff2691c5aac
Event: 38.727 Thread 0x00007ff21c001000 DEOPT PACKING pc=0x00007ff2691c5aac sp=0x00007ff1ffaf3930
Event: 38.727 Thread 0x00007ff21c001000 DEOPT UNPACKING pc=0x00007ff26904573a sp=0x00007ff1ffaf3900 mode 2
Event: 38.831 Executing VM operation: ParallelGCFailedAllocation


Dynamic libraries:
00400000-00401000 r-xp 00000000 08:01 654793                             /usr/lib/jdk/jdk1.8.0_201/bin/java
00600000-00601000 r--p 00000000 08:01 654793                             /usr/lib/jdk/jdk1.8.0_201/bin/java
00601000-00602000 rw-p 00001000 08:01 654793                             /usr/lib/jdk/jdk1.8.0_201/bin/java
01f4d000-0210d000 rw-p 00000000 00:00 0                                  [heap]
c2a00000-c5380000 rw-p 00000000 00:00 0 
c5380000-eb900000 ---p 00000000 00:00 0 
eb900000-ecd80000 rw-p 00000000 00:00 0 
edd00000-100000000 ---p 00000000 00:00 0 
100000000-1001c0000 rw-p 00000000 00:00 0 
1001c0000-140000000 ---p 00000000 00:00 0 
7ff1e0000000-7ff1e0021000 rw-p 00000000 00:00 0 
7ff1e0021000-7ff1e4000000 ---p 00000000 00:00 0 
7ff1e8000000-7ff1e803b000 rw-p 00000000 00:00 0 
7ff1e803b000-7ff1ec000000 ---p 00000000 00:00 0 
7ff1ec000000-7ff1ec021000 rw-p 00000000 00:00 0 
7ff1ec021000-7ff1f0000000 ---p 00000000 00:00 0 
7ff1f0000000-7ff1f0021000 rw-p 00000000 00:00 0 
7ff1f0021000-7ff1f4000000 ---p 00000000 00:00 0 
7ff1f4000000-7ff1f4021000 rw-p 00000000 00:00 0 
7ff1f4021000-7ff1f8000000 ---p 00000000 00:00 0 
7ff1f8000000-7ff1f8021000 rw-p 00000000 00:00 0 
7ff1f8021000-7ff1fc000000 ---p 00000000 00:00 0 
7ff1ff23d000-7ff1ff27d000 rw-p 00000000 00:00 0 
7ff1ff27d000-7ff1ff43d000 ---p 00000000 00:00 0 
7ff1ff6f9000-7ff1ff6fc000 ---p 00000000 00:00 0 
7ff1ff6fc000-7ff1ff9fa000 rw-p 00000000 00:00 0 
7ff1ff9fa000-7ff1ff9fd000 ---p 00000000 00:00 0 
7ff1ff9fd000-7ff1ffafb000 rw-p 00000000 00:00 0 
7ff1ffafb000-7ff1ffafe000 ---p 00000000 00:00 0 
7ff1ffafe000-7ff1ffbfc000 rw-p 00000000 00:00 0 
7ff1ffbfc000-7ff1ffbff000 ---p 00000000 00:00 0 
7ff1ffbff000-7ff1ffcfd000 rw-p 00000000 00:00 0 
7ff1ffcfd000-7ff1ffd00000 ---p 00000000 00:00 0 
7ff1ffd00000-7ff1ffdfe000 rw-p 00000000 00:00 0 
7ff1ffdfe000-7ff1ffe01000 ---p 00000000 00:00 0 
7ff1ffe01000-7ff1ffeff000 rw-p 00000000 00:00 0 
7ff1ffeff000-7ff1fff02000 ---p 00000000 00:00 0 
7ff1fff02000-7ff200000000 rw-p 00000000 00:00 0 
7ff200000000-7ff200021000 rw-p 00000000 00:00 0 
7ff200021000-7ff204000000 ---p 00000000 00:00 0 
7ff204000000-7ff204021000 rw-p 00000000 00:00 0 
7ff204021000-7ff208000000 ---p 00000000 00:00 0 
7ff208000000-7ff208021000 rw-p 00000000 00:00 0 
7ff208021000-7ff20c000000 ---p 00000000 00:00 0 
7ff20c000000-7ff20c021000 rw-p 00000000 00:00 0 
7ff20c021000-7ff210000000 ---p 00000000 00:00 0 
7ff210000000-7ff210021000 rw-p 00000000 00:00 0 
7ff210021000-7ff214000000 ---p 00000000 00:00 0 
7ff214000000-7ff214021000 rw-p 00000000 00:00 0 
7ff214021000-7ff218000000 ---p 00000000 00:00 0 
7ff218000000-7ff218021000 rw-p 00000000 00:00 0 
7ff218021000-7ff21c000000 ---p 00000000 00:00 0 
7ff21c000000-7ff21c021000 rw-p 00000000 00:00 0 
7ff21c021000-7ff220000000 ---p 00000000 00:00 0 
7ff220000000-7ff220021000 rw-p 00000000 00:00 0 
7ff220021000-7ff224000000 ---p 00000000 00:00 0 
7ff224000000-7ff224021000 rw-p 00000000 00:00 0 
7ff224021000-7ff228000000 ---p 00000000 00:00 0 
7ff228000000-7ff228021000 rw-p 00000000 00:00 0 
7ff228021000-7ff22c000000 ---p 00000000 00:00 0 
7ff22c000000-7ff22c021000 rw-p 00000000 00:00 0 
7ff22c021000-7ff230000000 ---p 00000000 00:00 0 
7ff230063000-7ff230066000 ---p 00000000 00:00 0 
7ff230066000-7ff230164000 rw-p 00000000 00:00 0 
7ff230164000-7ff230167000 ---p 00000000 00:00 0 
7ff230167000-7ff230265000 rw-p 00000000 00:00 0 
7ff230265000-7ff230268000 ---p 00000000 00:00 0 
7ff230268000-7ff230366000 rw-p 00000000 00:00 0 
7ff230366000-7ff230369000 ---p 00000000 00:00 0 
7ff230369000-7ff230467000 rw-p 00000000 00:00 0 
7ff230467000-7ff23046a000 ---p 00000000 00:00 0 
7ff23046a000-7ff230568000 rw-p 00000000 00:00 0 
7ff230568000-7ff23056b000 ---p 00000000 00:00 0 
7ff23056b000-7ff230669000 rw-p 00000000 00:00 0 
7ff230669000-7ff23066c000 ---p 00000000 00:00 0 
7ff23066c000-7ff23076a000 rw-p 00000000 00:00 0 
7ff23076a000-7ff23076d000 ---p 00000000 00:00 0 
7ff23076d000-7ff230a6b000 rw-p 00000000 00:00 0 
7ff230a6b000-7ff230ae4000 r--s 010fd000 08:01 654900                     /usr/lib/jdk/jdk1.8.0_201/lib/tools.jar
7ff230ae4000-7ff230ae7000 ---p 00000000 00:00 0 
7ff230ae7000-7ff230be5000 rw-p 00000000 00:00 0 
7ff230be5000-7ff230be8000 ---p 00000000 00:00 0 
7ff230be8000-7ff230ce6000 rw-p 00000000 00:00 0 
7ff230ce6000-7ff230ce9000 ---p 00000000 00:00 0 
7ff230ce9000-7ff233de8000 rw-p 00000000 00:00 0 
7ff233de8000-7ff233dfe000 r-xp 00000000 08:01 656512                     /usr/lib/jdk/jdk1.8.0_201/jre/lib/amd64/libnet.so
7ff233dfe000-7ff233ffe000 ---p 00016000 08:01 656512                     /usr/lib/jdk/jdk1.8.0_201/jre/lib/amd64/libnet.so
7ff233ffe000-7ff233fff000 r--p 00016000 08:01 656512                     /usr/lib/jdk/jdk1.8.0_201/jre/lib/amd64/libnet.so
7ff233fff000-7ff234000000 rw-p 00017000 08:01 656512                     /usr/lib/jdk/jdk1.8.0_201/jre/lib/amd64/libnet.so
7ff234000000-7ff234d64000 rw-p 00000000 00:00 0 
7ff234d64000-7ff238000000 ---p 00000000 00:00 0 
7ff238000000-7ff238021000 rw-p 00000000 00:00 0 
7ff238021000-7ff23c000000 ---p 00000000 00:00 0 
7ff23c000000-7ff23d320000 rw-p 00000000 00:00 0 
7ff23d320000-7ff240000000 ---p 00000000 00:00 0 
7ff240000000-7ff240d29000 rw-p 00000000 00:00 0 
7ff240d29000-7ff244000000 ---p 00000000 00:00 0 
7ff244000000-7ff244021000 rw-p 00000000 00:00 0 
7ff244021000-7ff248000000 ---p 00000000 00:00 0 
7ff248000000-7ff248021000 rw-p 00000000 00:00 0 
7ff248021000-7ff24c000000 ---p 00000000 00:00 0 
7ff24c000000-7ff24c2ab000 rw-p 00000000 00:00 0 
7ff24c2ab000-7ff250000000 ---p 00000000 00:00 0 
7ff250000000-7ff250021000 rw-p 00000000 00:00 0 
7ff250021000-7ff254000000 ---p 00000000 00:00 0 
7ff254000000-7ff254021000 rw-p 00000000 00:00 0 
7ff254021000-7ff258000000 ---p 00000000 00:00 0 
7ff258000000-7ff258021000 rw-p 00000000 00:00 0 
7ff258021000-7ff25c000000 ---p 00000000 00:00 0 
7ff25c000000-7ff25c021000 rw-p 00000000 00:00 0 
7ff25c021000-7ff260000000 ---p 00000000 00:00 0 
7ff26004b000-7ff26027c000 r--s 01bb1000 08:01 403225                     /home/hewitt/work/DiffTGen-master/lib/evosuite-1.0.6.jar
7ff26027c000-7ff26027d000 ---p 00000000 00:00 0 
7ff26027d000-7ff26037d000 rw-p 00000000 00:00 0 
7ff26037d000-7ff260380000 ---p 00000000 00:00 0 
7ff260380000-7ff26047e000 rw-p 00000000 00:00 0 
7ff26047e000-7ff260481000 ---p 00000000 00:00 0 
7ff260481000-7ff26057f000 rw-p 00000000 00:00 0 
7ff26057f000-7ff260582000 ---p 00000000 00:00 0 
7ff260582000-7ff260680000 rw-p 00000000 00:00 0 
7ff260680000-7ff260683000 ---p 00000000 00:00 0 
7ff260683000-7ff260781000 rw-p 00000000 00:00 0 
7ff260781000-7ff260784000 ---p 00000000 00:00 0 
7ff260784000-7ff260882000 rw-p 00000000 00:00 0 
7ff260882000-7ff261241000 r--p 00000000 08:01 270368                     /usr/lib/locale/locale-archive
7ff261241000-7ff261244000 ---p 00000000 00:00 0 
7ff261244000-7ff261342000 rw-p 00000000 00:00 0 
7ff261342000-7ff261345000 ---p 00000000 00:00 0 
7ff261345000-7ff261443000 rw-p 00000000 00:00 0 
7ff261443000-7ff261444000 ---p 00000000 00:00 0 
7ff261444000-7ff264000000 rw-p 00000000 00:00 0 
7ff264000000-7ff264021000 rw-p 00000000 00:00 0 
7ff264021000-7ff268000000 ---p 00000000 00:00 0 
7ff26801b000-7ff268037000 r--s 00393000 08:01 656354                     /usr/lib/jdk/jdk1.8.0_201/jre/lib/ext/cldrdata.jar
7ff268037000-7ff26833a000 rw-p 00000000 00:00 0 
7ff26833a000-7ff268514000 r--s 03d6f000 08:01 656293                     /usr/lib/jdk/jdk1.8.0_201/jre/lib/rt.jar
7ff268514000-7ff268eff000 rw-p 00000000 00:00 0 
7ff268eff000-7ff268f00000 ---p 00000000 00:00 0 
7ff268f00000-7ff269000000 rw-p 00000000 00:00 0 
7ff269000000-7ff269570000 rwxp 00000000 00:00 0 
7ff269570000-7ff278000000 ---p 00000000 00:00 0 
7ff278000000-7ff2784bf000 rw-p 00000000 00:00 0 
7ff2784bf000-7ff27c000000 ---p 00000000 00:00 0 
7ff27c009000-7ff27c013000 r--s 00116000 08:01 656361                     /usr/lib/jdk/jdk1.8.0_201/jre/lib/ext/localedata.jar
7ff27c013000-7ff27c016000 ---p 00000000 00:00 0 
7ff27c016000-7ff27c0c2000 rw-p 00000000 00:00 0 
7ff27c0c2000-7ff27c0c3000 ---p 00000000 00:00 0 
7ff27c0c3000-7ff27c1c3000 rw-p 00000000 00:00 0 
7ff27c1c3000-7ff27c1c4000 ---p 00000000 00:00 0 
7ff27c1c4000-7ff27c2c4000 rw-p 00000000 00:00 0 
7ff27c2c4000-7ff27c2c5000 ---p 00000000 00:00 0 
7ff27c2c5000-7ff27c3da000 rw-p 00000000 00:00 0 
7ff27c3da000-7ff27c50d000 ---p 00000000 00:00 0 
7ff27c50d000-7ff27c522000 rw-p 00000000 00:00 0 
7ff27c522000-7ff27c654000 ---p 00000000 00:00 0 
7ff27c654000-7ff27c65f000 rw-p 00000000 00:00 0 
7ff27c65f000-7ff27c6f8000 ---p 00000000 00:00 0 
7ff27c6f8000-7ff27c70f000 rw-p 00000000 00:00 0 
7ff27c70f000-7ff27cab9000 ---p 00000000 00:00 0 
7ff27cab9000-7ff27cad4000 r-xp 00000000 08:01 656508                     /usr/lib/jdk/jdk1.8.0_201/jre/lib/amd64/libzip.so
7ff27cad4000-7ff27ccd3000 ---p 0001b000 08:01 656508                     /usr/lib/jdk/jdk1.8.0_201/jre/lib/amd64/libzip.so
7ff27ccd3000-7ff27ccd4000 r--p 0001a000 08:01 656508                     /usr/lib/jdk/jdk1.8.0_201/jre/lib/amd64/libzip.so
7ff27ccd4000-7ff27ccd5000 rw-p 0001b000 08:01 656508                     /usr/lib/jdk/jdk1.8.0_201/jre/lib/amd64/libzip.so
7ff27ccd5000-7ff27cce0000 r-xp 00000000 08:01 658902                     /lib/x86_64-linux-gnu/libnss_files-2.23.so
7ff27cce0000-7ff27cedf000 ---p 0000b000 08:01 658902                     /lib/x86_64-linux-gnu/libnss_files-2.23.so
7ff27cedf000-7ff27cee0000 r--p 0000a000 08:01 658902                     /lib/x86_64-linux-gnu/libnss_files-2.23.so
7ff27cee0000-7ff27cee1000 rw-p 0000b000 08:01 658902                     /lib/x86_64-linux-gnu/libnss_files-2.23.so
7ff27cee1000-7ff27cee7000 rw-p 00000000 00:00 0 
7ff27cee7000-7ff27cef2000 r-xp 00000000 08:01 658912                     /lib/x86_64-linux-gnu/libnss_nis-2.23.so
7ff27cef2000-7ff27d0f1000 ---p 0000b000 08:01 658912                     /lib/x86_64-linux-gnu/libnss_nis-2.23.so
7ff27d0f1000-7ff27d0f2000 r--p 0000a000 08:01 658912                     /lib/x86_64-linux-gnu/libnss_nis-2.23.so
7ff27d0f2000-7ff27d0f3000 rw-p 0000b000 08:01 658912                     /lib/x86_64-linux-gnu/libnss_nis-2.23.so
7ff27d0f3000-7ff27d109000 r-xp 00000000 08:01 658896                     /lib/x86_64-linux-gnu/libnsl-2.23.so
7ff27d109000-7ff27d308000 ---p 00016000 08:01 658896                     /lib/x86_64-linux-gnu/libnsl-2.23.so
7ff27d308000-7ff27d309000 r--p 00015000 08:01 658896                     /lib/x86_64-linux-gnu/libnsl-2.23.so
7ff27d309000-7ff27d30a000 rw-p 00016000 08:01 658896                     /lib/x86_64-linux-gnu/libnsl-2.23.so
7ff27d30a000-7ff27d30c000 rw-p 00000000 00:00 0 
7ff27d30c000-7ff27d314000 r-xp 00000000 08:01 658898                     /lib/x86_64-linux-gnu/libnss_compat-2.23.so
7ff27d314000-7ff27d513000 ---p 00008000 08:01 658898                     /lib/x86_64-linux-gnu/libnss_compat-2.23.so
7ff27d513000-7ff27d514000 r--p 00007000 08:01 658898                     /lib/x86_64-linux-gnu/libnss_compat-2.23.so
7ff27d514000-7ff27d515000 rw-p 00008000 08:01 658898                     /lib/x86_64-linux-gnu/libnss_compat-2.23.so
7ff27d515000-7ff27d541000 r-xp 00000000 08:01 656502                     /usr/lib/jdk/jdk1.8.0_201/jre/lib/amd64/libjava.so
7ff27d541000-7ff27d741000 ---p 0002c000 08:01 656502                     /usr/lib/jdk/jdk1.8.0_201/jre/lib/amd64/libjava.so
7ff27d741000-7ff27d742000 r--p 0002c000 08:01 656502                     /usr/lib/jdk/jdk1.8.0_201/jre/lib/amd64/libjava.so
7ff27d742000-7ff27d744000 rw-p 0002d000 08:01 656502                     /usr/lib/jdk/jdk1.8.0_201/jre/lib/amd64/libjava.so
7ff27d744000-7ff27d751000 r-xp 00000000 08:01 656507                     /usr/lib/jdk/jdk1.8.0_201/jre/lib/amd64/libverify.so
7ff27d751000-7ff27d950000 ---p 0000d000 08:01 656507                     /usr/lib/jdk/jdk1.8.0_201/jre/lib/amd64/libverify.so
7ff27d950000-7ff27d952000 r--p 0000c000 08:01 656507                     /usr/lib/jdk/jdk1.8.0_201/jre/lib/amd64/libverify.so
7ff27d952000-7ff27d953000 rw-p 0000e000 08:01 656507                     /usr/lib/jdk/jdk1.8.0_201/jre/lib/amd64/libverify.so
7ff27d953000-7ff27d95a000 r-xp 00000000 08:01 658957                     /lib/x86_64-linux-gnu/librt-2.23.so
7ff27d95a000-7ff27db59000 ---p 00007000 08:01 658957                     /lib/x86_64-linux-gnu/librt-2.23.so
7ff27db59000-7ff27db5a000 r--p 00006000 08:01 658957                     /lib/x86_64-linux-gnu/librt-2.23.so
7ff27db5a000-7ff27db5b000 rw-p 00007000 08:01 658957                     /lib/x86_64-linux-gnu/librt-2.23.so
7ff27db5b000-7ff27dc63000 r-xp 00000000 08:01 658873                     /lib/x86_64-linux-gnu/libm-2.23.so
7ff27dc63000-7ff27de62000 ---p 00108000 08:01 658873                     /lib/x86_64-linux-gnu/libm-2.23.so
7ff27de62000-7ff27de63000 r--p 00107000 08:01 658873                     /lib/x86_64-linux-gnu/libm-2.23.so
7ff27de63000-7ff27de64000 rw-p 00108000 08:01 658873                     /lib/x86_64-linux-gnu/libm-2.23.so
7ff27de64000-7ff27eb4c000 r-xp 00000000 08:01 656484                     /usr/lib/jdk/jdk1.8.0_201/jre/lib/amd64/server/libjvm.so
7ff27eb4c000-7ff27ed4b000 ---p 00ce8000 08:01 656484                     /usr/lib/jdk/jdk1.8.0_201/jre/lib/amd64/server/libjvm.so
7ff27ed4b000-7ff27ede1000 r--p 00ce7000 08:01 656484                     /usr/lib/jdk/jdk1.8.0_201/jre/lib/amd64/server/libjvm.so
7ff27ede1000-7ff27ee12000 rw-p 00d7d000 08:01 656484                     /usr/lib/jdk/jdk1.8.0_201/jre/lib/amd64/server/libjvm.so
7ff27ee12000-7ff27ee4d000 rw-p 00000000 00:00 0 
7ff27ee4d000-7ff27f00d000 r-xp 00000000 08:01 658803                     /lib/x86_64-linux-gnu/libc-2.23.so
7ff27f00d000-7ff27f20d000 ---p 001c0000 08:01 658803                     /lib/x86_64-linux-gnu/libc-2.23.so
7ff27f20d000-7ff27f211000 r--p 001c0000 08:01 658803                     /lib/x86_64-linux-gnu/libc-2.23.so
7ff27f211000-7ff27f213000 rw-p 001c4000 08:01 658803                     /lib/x86_64-linux-gnu/libc-2.23.so
7ff27f213000-7ff27f217000 rw-p 00000000 00:00 0 
7ff27f217000-7ff27f21a000 r-xp 00000000 08:01 658827                     /lib/x86_64-linux-gnu/libdl-2.23.so
7ff27f21a000-7ff27f419000 ---p 00003000 08:01 658827                     /lib/x86_64-linux-gnu/libdl-2.23.so
7ff27f419000-7ff27f41a000 r--p 00002000 08:01 658827                     /lib/x86_64-linux-gnu/libdl-2.23.so
7ff27f41a000-7ff27f41b000 rw-p 00003000 08:01 658827                     /lib/x86_64-linux-gnu/libdl-2.23.so
7ff27f41b000-7ff27f432000 r-xp 00000000 08:01 656155                     /usr/lib/jdk/jdk1.8.0_201/lib/amd64/jli/libjli.so
7ff27f432000-7ff27f631000 ---p 00017000 08:01 656155                     /usr/lib/jdk/jdk1.8.0_201/lib/amd64/jli/libjli.so
7ff27f631000-7ff27f632000 r--p 00016000 08:01 656155                     /usr/lib/jdk/jdk1.8.0_201/lib/amd64/jli/libjli.so
7ff27f632000-7ff27f633000 rw-p 00017000 08:01 656155                     /usr/lib/jdk/jdk1.8.0_201/lib/amd64/jli/libjli.so
7ff27f633000-7ff27f64b000 r-xp 00000000 08:01 658949                     /lib/x86_64-linux-gnu/libpthread-2.23.so
7ff27f64b000-7ff27f84a000 ---p 00018000 08:01 658949                     /lib/x86_64-linux-gnu/libpthread-2.23.so
7ff27f84a000-7ff27f84b000 r--p 00017000 08:01 658949                     /lib/x86_64-linux-gnu/libpthread-2.23.so
7ff27f84b000-7ff27f84c000 rw-p 00018000 08:01 658949                     /lib/x86_64-linux-gnu/libpthread-2.23.so
7ff27f84c000-7ff27f850000 rw-p 00000000 00:00 0 
7ff27f850000-7ff27f876000 r-xp 00000000 08:01 658775                     /lib/x86_64-linux-gnu/ld-2.23.so
7ff27f87b000-7ff27f89a000 r--s 0017f000 08:01 404270                     /home/hewitt/work/DiffTGen-master/output/patch2-Math-5-CapGen-plausible/Math_5_2-plausible_capgen/target/build/classes/all0.jar
7ff27f89a000-7ff27f958000 rw-p 00000000 00:00 0 
7ff27f958000-7ff27f95b000 ---p 00000000 00:00 0 
7ff27f95b000-7ff27fa5e000 rw-p 00000000 00:00 0 
7ff27fa5e000-7ff27fa62000 r--s 000a1000 08:01 656350                     /usr/lib/jdk/jdk1.8.0_201/jre/lib/jsse.jar
7ff27fa62000-7ff27fa6a000 r--s 0006e000 08:01 398946                     /home/hewitt/work/DiffTGen-master/lib/commons-lang3-3.5.jar
7ff27fa6a000-7ff27fa6b000 r--s 00000000 08:01 398951                     /home/hewitt/work/DiffTGen-master/lib/myprinter.jar
7ff27fa6b000-7ff27fa73000 rw-s 00000000 08:01 150445                     /tmp/hsperfdata_hewitt/25145
7ff27fa73000-7ff27fa74000 rw-p 00000000 00:00 0 
7ff27fa74000-7ff27fa75000 ---p 00000000 00:00 0 
7ff27fa75000-7ff27fa76000 r--p 00025000 08:01 658775                     /lib/x86_64-linux-gnu/ld-2.23.so
7ff27fa76000-7ff27fa77000 rw-p 00026000 08:01 658775                     /lib/x86_64-linux-gnu/ld-2.23.so
7ff27fa77000-7ff27fa78000 rw-p 00000000 00:00 0 
7fffbda1a000-7fffbda3c000 rw-p 00000000 00:00 0                          [stack]
7fffbdb13000-7fffbdb16000 r--p 00000000 00:00 0                          [vvar]
7fffbdb16000-7fffbdb18000 r-xp 00000000 00:00 0                          [vdso]
ffffffffff600000-ffffffffff601000 r-xp 00000000 00:00 0                  [vsyscall]

VM Arguments:
java_command: /home/hewitt/work/DiffTGen-master/lib/evosuite-1.0.6.jar -base_dir /home/hewitt/work/DiffTGen-master/output/patch2-Math-5-CapGen-plausible/Math_5_2-plausible_capgen/target/0/15 -projectCP /home/hewitt/work/DiffTGen-master/output/patch2-Math-5-CapGen-plausible/Math_5_2-plausible_capgen/target/build/classes/all0.jar:/home/hewitt/work/DiffTGen-master/lib/myprinter.jar:/home/hewitt/work/DiffTGen-master/lib/commons-lang3-3.5.jar -class org.apache.commons.math3.complex.Complex -Dassertions=false -Dsearch_budget=60
java_class_path (initial): /home/hewitt/work/DiffTGen-master/lib/evosuite-1.0.6.jar
Launcher Type: SUN_STANDARD

Environment Variables:
JAVA_HOME=/usr/lib/jdk/jdk1.8.0_201
JRE_HOME=/usr/lib/jdk/jdk1.8.0_201/jre
CLASSPATH=.:/usr/lib/jdk/jdk1.8.0_201/lib:/usr/lib/jdk/jdk1.8.0_201/jre/lib
PATH=/usr/lib/jdk/jdk1.8.0_201/bin:/home/hewitt/bin:/home/hewitt/.local/bin:/usr/lib/jdk/jdk1.7.0_80/bin:/usr/local/sbin:/usr/local/bin:/usr/sbin:/usr/bin:/sbin:/bin:/usr/games:/usr/local/games:/snap/bin:/home/hewitt/work/defects4j_v1.4.0/defects4j/framework/bin:/opt/apache-ant-1.9.14/bin:/home/hewitt/work/defects4j_v1.4.0/defects4j/framework/bin
SHELL=/bin/bash
DISPLAY=:0

Signal Handlers:
SIGSEGV: [libjvm.so+0xad3e60], sa_mask[0]=11111111011111111101111111111110, sa_flags=SA_RESTART|SA_SIGINFO
SIGBUS: [libjvm.so+0xad3e60], sa_mask[0]=11111111011111111101111111111110, sa_flags=SA_RESTART|SA_SIGINFO
SIGFPE: [libjvm.so+0x90b880], sa_mask[0]=11111111011111111101111111111110, sa_flags=SA_RESTART|SA_SIGINFO
SIGPIPE: [libjvm.so+0x90b880], sa_mask[0]=11111111011111111101111111111110, sa_flags=SA_RESTART|SA_SIGINFO
SIGXFSZ: [libjvm.so+0x90b880], sa_mask[0]=11111111011111111101111111111110, sa_flags=SA_RESTART|SA_SIGINFO
SIGILL: [libjvm.so+0x90b880], sa_mask[0]=11111111011111111101111111111110, sa_flags=SA_RESTART|SA_SIGINFO
SIGUSR1: SIG_DFL, sa_mask[0]=00000000000000000000000000000000, sa_flags=none
SIGUSR2: [libjvm.so+0x90b750], sa_mask[0]=00100000000000000000000000000000, sa_flags=SA_RESTART|SA_SIGINFO
SIGHUP: [libjvm.so+0x90bd70], sa_mask[0]=11111111011111111101111111111110, sa_flags=SA_RESTART|SA_SIGINFO
SIGINT: [libjvm.so+0x90bd70], sa_mask[0]=11111111011111111101111111111110, sa_flags=SA_RESTART|SA_SIGINFO
SIGTERM: [libjvm.so+0x90bd70], sa_mask[0]=11111111011111111101111111111110, sa_flags=SA_RESTART|SA_SIGINFO
SIGQUIT: [libjvm.so+0x90bd70], sa_mask[0]=11111111011111111101111111111110, sa_flags=SA_RESTART|SA_SIGINFO


---------------  S Y S T E M  ---------------

OS:DISTRIB_ID=Ubuntu
DISTRIB_RELEASE=16.04
DISTRIB_CODENAME=xenial
DISTRIB_DESCRIPTION="Ubuntu 16.04.6 LTS"

uname:Linux 4.15.0-91-generic #92~16.04.1-Ubuntu SMP Fri Feb 28 14:57:22 UTC 2020 x86_64
libc:glibc 2.23 NPTL 2.23 
rlimit: STACK 8192k, CORE 0k, NPROC 15448, NOFILE 1048576, AS infinity
load average:17.46 14.60 13.43

/proc/meminfo:
MemTotal:        4015928 kB
MemFree:           86388 kB
MemAvailable:          0 kB
Buffers:             184 kB
Cached:             8256 kB
SwapCached:           32 kB
Active:          2904828 kB
Inactive:         584904 kB
Active(anon):    2902960 kB
Inactive(anon):   580540 kB
Active(file):       1868 kB
Inactive(file):     4364 kB
Unevictable:          48 kB
Mlocked:              48 kB
SwapTotal:        998396 kB
SwapFree:              0 kB
Dirty:                 0 kB
Writeback:           108 kB
AnonPages:       3481756 kB
Mapped:             4852 kB
Shmem:              1896 kB
Slab:              91376 kB
SReclaimable:      33216 kB
SUnreclaim:        58160 kB
KernelStack:       17120 kB
PageTables:        43424 kB
NFS_Unstable:          0 kB
Bounce:                0 kB
WritebackTmp:          0 kB
CommitLimit:     3006360 kB
Committed_AS:    9251572 kB
VmallocTotal:   34359738367 kB
VmallocUsed:           0 kB
VmallocChunk:          0 kB
HardwareCorrupted:     0 kB
AnonHugePages:         0 kB
ShmemHugePages:        0 kB
ShmemPmdMapped:        0 kB
CmaTotal:              0 kB
CmaFree:               0 kB
HugePages_Total:       0
HugePages_Free:        0
HugePages_Rsvd:        0
HugePages_Surp:        0
Hugepagesize:       2048 kB
DirectMap4k:       98112 kB
DirectMap2M:     4096000 kB
DirectMap1G:     2097152 kB

container (cgroup) information:
container_type: cgroupv1
cpu_cpuset_cpus: 0-3
cpu_memory_nodes: 0
active_processor_count: 4
cpu_quota: -1
cpu_period: 100000
cpu_shares: -1
memory_limit_in_bytes: -1
memory_and_swap_limit_in_bytes: -2
memory_soft_limit_in_bytes: -1
memory_usage_in_bytes: 3574599680
memory_max_usage_in_bytes: 20938752


CPU:total 4 (initial active 4) (2 cores per cpu, 1 threads per core) family 6 model 158 stepping 9, cmov, cx8, fxsr, mmx, sse, sse2, sse3, ssse3, sse4.1, sse4.2, popcnt, avx, avx2, aes, clmul, erms, 3dnowpref, lzcnt, tsc, tscinvbit, bmi1, bmi2, adx

/proc/cpuinfo:
processor	: 0
vendor_id	: GenuineIntel
cpu family	: 6
model		: 158
model name	: Intel(R) Core(TM) i7-7700HQ CPU @ 2.80GHz
stepping	: 9
microcode	: 0xb4
cpu MHz		: 2808.002
cache size	: 6144 KB
physical id	: 0
siblings	: 2
core id		: 0
cpu cores	: 2
apicid		: 0
initial apicid	: 0
fpu		: yes
fpu_exception	: yes
cpuid level	: 22
wp		: yes
flags		: fpu vme de pse tsc msr pae mce cx8 apic sep mtrr pge mca cmov pat pse36 clflush mmx fxsr sse sse2 ss ht syscall nx pdpe1gb rdtscp lm constant_tsc arch_perfmon nopl xtopology tsc_reliable nonstop_tsc cpuid pni pclmulqdq ssse3 fma cx16 pcid sse4_1 sse4_2 x2apic movbe popcnt tsc_deadline_timer aes xsave avx f16c rdrand hypervisor lahf_lm abm 3dnowprefetch cpuid_fault invpcid_single pti ssbd ibrs ibpb stibp fsgsbase tsc_adjust bmi1 avx2 smep bmi2 invpcid mpx rdseed adx smap clflushopt xsaveopt xsavec xsaves arat md_clear flush_l1d arch_capabilities
bugs		: cpu_meltdown spectre_v1 spectre_v2 spec_store_bypass l1tf mds swapgs itlb_multihit
bogomips	: 5616.00
clflush size	: 64
cache_alignment	: 64
address sizes	: 43 bits physical, 48 bits virtual
power management:

processor	: 1
vendor_id	: GenuineIntel
cpu family	: 6
model		: 158
model name	: Intel(R) Core(TM) i7-7700HQ CPU @ 2.80GHz
stepping	: 9
microcode	: 0xb4
cpu MHz		: 2808.002
cache size	: 6144 KB
physical id	: 0
siblings	: 2
core id		: 1
cpu cores	: 2
apicid		: 1
initial apicid	: 1
fpu		: yes
fpu_exception	: yes
cpuid level	: 22
wp		: yes
flags		: fpu vme de pse tsc msr pae mce cx8 apic sep mtrr pge mca cmov pat pse36 clflush mmx fxsr sse sse2 ss ht syscall nx pdpe1gb rdtscp lm constant_tsc arch_perfmon nopl xtopology tsc_reliable nonstop_tsc cpuid pni pclmulqdq ssse3 fma cx16 pcid sse4_1 sse4_2 x2apic movbe popcnt tsc_deadline_timer aes xsave avx f16c rdrand hypervisor lahf_lm abm 3dnowprefetch cpuid_fault invpcid_single pti ssbd ibrs ibpb stibp fsgsbase tsc_adjust bmi1 avx2 smep bmi2 invpcid mpx rdseed adx smap clflushopt xsaveopt xsavec xsaves arat md_clear flush_l1d arch_capabilities
bugs		: cpu_meltdown spectre_v1 spectre_v2 spec_store_bypass l1tf mds swapgs itlb_multihit
bogomips	: 5616.00
clflush size	: 64
cache_alignment	: 64
address sizes	: 43 bits physical, 48 bits virtual
power management:

processor	: 2
vendor_id	: GenuineIntel
cpu family	: 6
model		: 158
model name	: Intel(R) Core(TM) i7-7700HQ CPU @ 2.80GHz
stepping	: 9
microcode	: 0xb4
cpu MHz		: 2808.002
cache size	: 6144 KB
physical id	: 1
siblings	: 2
core id		: 0
cpu cores	: 2
apicid		: 2
initial apicid	: 2
fpu		: yes
fpu_exception	: yes
cpuid level	: 22
wp		: yes
flags		: fpu vme de pse tsc msr pae mce cx8 apic sep mtrr pge mca cmov pat pse36 clflush mmx fxsr sse sse2 ss ht syscall nx pdpe1gb rdtscp lm constant_tsc arch_perfmon nopl xtopology tsc_reliable nonstop_tsc cpuid pni pclmulqdq ssse3 fma cx16 pcid sse4_1 sse4_2 x2apic movbe popcnt tsc_deadline_timer aes xsave avx f16c rdrand hypervisor lahf_lm abm 3dnowprefetch cpuid_fault invpcid_single pti ssbd ibrs ibpb stibp fsgsbase tsc_adjust bmi1 avx2 smep bmi2 invpcid mpx rdseed adx smap clflushopt xsaveopt xsavec xsaves arat md_clear flush_l1d arch_capabilities
bugs		: cpu_meltdown spectre_v1 spectre_v2 spec_store_bypass l1tf mds swapgs itlb_multihit
bogomips	: 5616.00
clflush size	: 64
cache_alignment	: 64
address sizes	: 43 bits physical, 48 bits virtual
power management:

processor	: 3
vendor_id	: GenuineIntel
cpu family	: 6
model		: 158
model name	: Intel(R) Core(TM) i7-7700HQ CPU @ 2.80GHz
stepping	: 9
microcode	: 0xb4
cpu MHz		: 2808.002
cache size	: 6144 KB
physical id	: 1
siblings	: 2
core id		: 1
cpu cores	: 2
apicid		: 3
initial apicid	: 3
fpu		: yes
fpu_exception	: yes
cpuid level	: 22
wp		: yes
flags		: fpu vme de pse tsc msr pae mce cx8 apic sep mtrr pge mca cmov pat pse36 clflush mmx fxsr sse sse2 ss ht syscall nx pdpe1gb rdtscp lm constant_tsc arch_perfmon nopl xtopology tsc_reliable nonstop_tsc cpuid pni pclmulqdq ssse3 fma cx16 pcid sse4_1 sse4_2 x2apic movbe popcnt tsc_deadline_timer aes xsave avx f16c rdrand hypervisor lahf_lm abm 3dnowprefetch cpuid_fault invpcid_single pti ssbd ibrs ibpb stibp fsgsbase tsc_adjust bmi1 avx2 smep bmi2 invpcid mpx rdseed adx smap clflushopt xsaveopt xsavec xsaves arat md_clear flush_l1d arch_capabilities
bugs		: cpu_meltdown spectre_v1 spectre_v2 spec_store_bypass l1tf mds swapgs itlb_multihit
bogomips	: 5616.00
clflush size	: 64
cache_alignment	: 64
address sizes	: 43 bits physical, 48 bits virtual
power management:



Memory: 4k page, physical 4015928k(87356k free), swap 998396k(0k free)

vm_info: Java HotSpot(TM) 64-Bit Server VM (25.201-b09) for linux-amd64 JRE (1.8.0_201-b09), built on Dec 15 2018 11:35:59 by "java_re" with gcc 7.3.0

time: Sat Mar 28 23:21:09 2020
timezone: CST
elapsed time: 40 seconds (0d 0h 0m 40s)

