#
# There is insufficient memory for the Java Runtime Environment to continue.
# Native memory allocation (mmap) failed to map 16252928 bytes for committing reserved memory.
# Possible reasons:
#   The system is out of physical RAM or swap space
#   The process is running with CompressedOops enabled, and the Java Heap may be blocking the growth of the native heap
# Possible solutions:
#   Reduce memory load on the system
#   Increase physical memory or swap space
#   Check if swap backing store is full
#   Decrease Java heap size (-Xmx/-Xms)
#   Decrease number of Java threads
#   Decrease Java thread stack sizes (-Xss)
#   Set larger code cache with -XX:ReservedCodeCacheSize=
#   JVM is running with Unscaled Compressed Oops mode in which the Java heap is
#     placed in the first 4GB address space. The Java Heap base address is the
#     maximum limit for the native heap growth. Please use -XX:HeapBaseMinAddress
#     to set the Java Heap base and to place the Java Heap above 4GB virtual address.
# This output file may be truncated or incomplete.
#
#  Out of Memory Error (os_linux.cpp:2749), pid=20955, tid=0x00007fdd6b5f5700
#
# JRE version: Java(TM) SE Runtime Environment (8.0_201-b09) (build 1.8.0_201-b09)
# Java VM: Java HotSpot(TM) 64-Bit Server VM (25.201-b09 mixed mode linux-amd64 compressed oops)
# Failed to write core dump. Core dumps have been disabled. To enable core dumping, try "ulimit -c unlimited" before starting Java again
#

---------------  T H R E A D  ---------------

Current thread (0x00007fdd88140000):  VMThread [stack: 0x00007fdd6b4f5000,0x00007fdd6b5f6000] [id=20996]

Stack: [0x00007fdd6b4f5000,0x00007fdd6b5f6000],  sp=0x00007fdd6b5f4450,  free space=1021k
Native frames: (J=compiled Java code, j=interpreted, Vv=VM code, C=native code)
V  [libjvm.so+0xad3525]  VMError::report_and_die()+0x2e5
V  [libjvm.so+0x4e0457]  report_vm_out_of_memory(char const*, int, unsigned long, VMErrorType, char const*)+0x67
V  [libjvm.so+0x9102f0]  os::pd_commit_memory(char*, unsigned long, unsigned long, bool)+0x100
V  [libjvm.so+0x90791f]  os::commit_memory(char*, unsigned long, unsigned long, bool)+0x1f
V  [libjvm.so+0x98c806]  PSVirtualSpace::expand_by(unsigned long)+0x56
V  [libjvm.so+0x98da98]  PSYoungGen::resize(unsigned long, unsigned long)+0xd8
V  [libjvm.so+0x98a236]  PSScavenge::invoke_no_policy()+0x1376
V  [libjvm.so+0x98a5cc]  PSScavenge::invoke()+0x4c
V  [libjvm.so+0x93a318]  ParallelScavengeHeap::failed_mem_allocate(unsigned long)+0x68
V  [libjvm.so+0xad5073]  VM_ParallelGCFailedAllocation::doit()+0x93
V  [libjvm.so+0xada296]  VM_Operation::evaluate()+0x46
V  [libjvm.so+0xad85cd]  VMThread::evaluate_operation(VM_Operation*) [clone .constprop.44]+0xcd
V  [libjvm.so+0xad8bb3]  VMThread::loop()+0x3a3
V  [libjvm.so+0xad8f88]  VMThread::run()+0x78
V  [libjvm.so+0x90d922]  java_start(Thread*)+0x102

VM_Operation (0x00007fdd68b53cd0): ParallelGCFailedAllocation, mode: safepoint, requested by thread 0x00007fdd2c003000


---------------  P R O C E S S  ---------------

Java Threads: ( => current thread )
  0x00007fdd2c003000 JavaThread "RMI TCP Connection(3)-127.0.0.1" daemon [_thread_blocked, id=21440, stack(0x00007fdd68a5a000,0x00007fdd68b5b000)]
  0x00007fdd2c001000 JavaThread "RMI TCP Connection(2)-127.0.0.1" daemon [_thread_blocked, id=21389, stack(0x00007fdd68b5b000,0x00007fdd68c5c000)]
  0x00007fdd04038000 JavaThread "RMI Scheduler(0)" daemon [_thread_blocked, id=21380, stack(0x00007fdd68c5c000,0x00007fdd68d5d000)]
  0x00007fdd04030800 JavaThread "RMI RenewClean-[127.0.0.1:17197]" daemon [_thread_blocked, id=21357, stack(0x00007fdd68d5d000,0x00007fdd68e5e000)]
  0x00007fdd28001000 JavaThread "RMI TCP Connection(1)-127.0.0.1" daemon [_thread_in_native, id=21344, stack(0x00007fdd68e5e000,0x00007fdd68f5f000)]
  0x00007fdd18005000 JavaThread "pool-3-thread-3" [_thread_in_native, id=21296, stack(0x00007fdd68f5f000,0x00007fdd69060000)]
  0x00007fdd18003000 JavaThread "pool-3-thread-2" [_thread_in_native, id=21292, stack(0x00007fdd69060000,0x00007fdd69161000)]
  0x00007fdd18002000 JavaThread "pool-3-thread-1" [_thread_in_native, id=21290, stack(0x00007fdd69161000,0x00007fdd69262000)]
  0x00007fdd883c7800 JavaThread "Thread-3" [_thread_in_native, id=21141, stack(0x00007fdd69262000,0x00007fdd69363000)]
  0x00007fdd883c6000 JavaThread "Thread-2" [_thread_in_native, id=21131, stack(0x00007fdd69363000,0x00007fdd69464000)]
  0x00007fdd883c4800 JavaThread "process reaper" daemon [_thread_in_native, id=21128, stack(0x00007fdd8c02c000,0x00007fdd8c065000)]
  0x00007fdd883be800 JavaThread "pool-2-thread-1" [_thread_in_native, id=21109, stack(0x00007fdd69464000,0x00007fdd69565000)]
  0x00007fdd883bc000 JavaThread "GC Daemon" daemon [_thread_blocked, id=21101, stack(0x00007fdd69565000,0x00007fdd69666000)]
  0x00007fdd883b9800 JavaThread "RMI Reaper" [_thread_blocked, id=21095, stack(0x00007fdd69666000,0x00007fdd69767000)]
  0x00007fdd883b0800 JavaThread "RMI TCP Accept-2322" daemon [_thread_in_native, id=21093, stack(0x00007fdd69767000,0x00007fdd69868000)]
  0x00007fdd883ab800 JavaThread "RMI TCP Accept-15998" daemon [_thread_in_native, id=21089, stack(0x00007fdd69868000,0x00007fdd69969000)]
  0x00007fdd882f2800 JavaThread "logback-3" daemon [_thread_blocked, id=21076, stack(0x00007fdd69be2000,0x00007fdd69ce3000)]
  0x00007fdd882ef000 JavaThread "logback-2" daemon [_thread_blocked, id=21065, stack(0x00007fdd69ce3000,0x00007fdd69de4000)]
  0x00007fdd882ed000 JavaThread "logback-1" daemon [_thread_blocked, id=21062, stack(0x00007fdd69de4000,0x00007fdd69ee5000)]
  0x00007fdd88191000 JavaThread "Service Thread" daemon [_thread_blocked, id=21043, stack(0x00007fdd6a42f000,0x00007fdd6a530000)]
  0x00007fdd88186000 JavaThread "C1 CompilerThread2" daemon [_thread_blocked, id=21039, stack(0x00007fdd6a530000,0x00007fdd6a631000)]
  0x00007fdd88184800 JavaThread "C2 CompilerThread1" daemon [_thread_blocked, id=21031, stack(0x00007fdd6a631000,0x00007fdd6a732000)]
  0x00007fdd88181800 JavaThread "C2 CompilerThread0" daemon [_thread_blocked, id=21022, stack(0x00007fdd6a732000,0x00007fdd6a833000)]
  0x00007fdd88180000 JavaThread "Signal Dispatcher" daemon [_thread_blocked, id=21020, stack(0x00007fdd6a833000,0x00007fdd6a934000)]
  0x00007fdd8814c000 JavaThread "Finalizer" daemon [_thread_blocked, id=21011, stack(0x00007fdd6b2f3000,0x00007fdd6b3f4000)]
  0x00007fdd88149800 JavaThread "Reference Handler" daemon [_thread_blocked, id=21001, stack(0x00007fdd6b3f4000,0x00007fdd6b4f5000)]
  0x00007fdd8800a800 JavaThread "main" [_thread_in_native, id=20964, stack(0x00007fdd91a23000,0x00007fdd91b24000)]

Other Threads:
=>0x00007fdd88140000 VMThread [stack: 0x00007fdd6b4f5000,0x00007fdd6b5f6000] [id=20996]
  0x00007fdd88194000 WatcherThread [stack: 0x00007fdd6a32e000,0x00007fdd6a42f000] [id=21049]

VM state:at safepoint (normal execution)

VM Mutex/Monitor currently owned by a thread:  ([mutex/lock_event])
[0x00007fdd88007070] Threads_lock - owner thread: 0x00007fdd88140000
[0x00007fdd88007570] Heap_lock - owner thread: 0x00007fdd2c003000

heap address: 0x00000000c2a00000, size: 982 MB, Compressed Oops mode: 32-bit
Narrow klass base: 0x0000000000000000, Narrow klass shift: 3
Compressed class space size: 1073741824 Address: 0x0000000100000000

Heap:
 PSYoungGen      total 18432K, used 2545K [0x00000000eb900000, 0x00000000ecd80000, 0x0000000100000000)
  eden space 15872K, 0% used [0x00000000eb900000,0x00000000eb900000,0x00000000ec880000)
  from space 2560K, 99% used [0x00000000ecb00000,0x00000000ecd7c7e0,0x00000000ecd80000)
  to   space 2560K, 0% used [0x00000000ec880000,0x00000000ec880000,0x00000000ecb00000)
 ParOldGen       total 42496K, used 8387K [0x00000000c2a00000, 0x00000000c5380000, 0x00000000eb900000)
  object space 42496K, 19% used [0x00000000c2a00000,0x00000000c3230c28,0x00000000c5380000)
 Metaspace       used 13673K, capacity 14112K, committed 14336K, reserved 1062912K
  class space    used 1584K, capacity 1702K, committed 1792K, reserved 1048576K

Card table byte_map: [0x00007fdd8e5d8000,0x00007fdd8e7c4000] byte_map_base: 0x00007fdd8dfc3000

Marking Bits: (ParMarkBitMap*) 0x00007fdd90efad80
 Begin Bits: [0x00007fdd8c1dc000, 0x00007fdd8d134000)
 End Bits:   [0x00007fdd8d134000, 0x00007fdd8e08c000)

Polling page: 0x00007fdd91b3f000

CodeCache: size=245760Kb used=5330Kb max_used=5330Kb free=240429Kb
 bounds [0x00007fdd79000000, 0x00007fdd79540000, 0x00007fdd88000000]
 total_blobs=1943 nmethods=1595 adapters=261
 compilation: enabled

Compilation events (10 events):
Event: 29.358 Thread 0x00007fdd88186000 nmethod 1606 0x00007fdd79533c50 code [0x00007fdd79533dc0, 0x00007fdd79534088]
Event: 29.358 Thread 0x00007fdd88186000 1611       3       org.evosuite.shaded.org.objectweb.asm.ClassWriter::newFieldItem (77 bytes)
Event: 29.359 Thread 0x00007fdd88186000 nmethod 1611 0x00007fdd79534190 code [0x00007fdd79534380, 0x00007fdd79534b58]
Event: 29.359 Thread 0x00007fdd88186000 1610       3       org.evosuite.shaded.org.objectweb.asm.MethodWriter::visitFieldInsn (256 bytes)
Event: 29.360 Thread 0x00007fdd88186000 nmethod 1610 0x00007fdd79534f90 code [0x00007fdd79535180, 0x00007fdd79535a98]
Event: 29.360 Thread 0x00007fdd88186000 1607       3       org.evosuite.shaded.org.objectweb.asm.commons.AdviceAdapter::visitFieldInsn (156 bytes)
Event: 29.360 Thread 0x00007fdd88186000 nmethod 1607 0x00007fdd79535e50 code [0x00007fdd79536120, 0x00007fdd795374c8]
Event: 29.360 Thread 0x00007fdd88186000 1608       3       org.evosuite.instrumentation.PurityAnalysisMethodVisitor::visitFieldInsn (29 bytes)
Event: 29.361 Thread 0x00007fdd88186000 nmethod 1608 0x00007fdd79537d50 code [0x00007fdd79537ec0, 0x00007fdd795381e8]
Event: 29.361 Thread 0x00007fdd88186000 1609       3       org.evosuite.instrumentation.StaticAccessMethodAdapter::visitFieldInsn (179 bytes)

GC Heap History (9 events):
Event: 1.966 GC heap before
{Heap before GC invocations=1 (full 0):
 PSYoungGen      total 18432K, used 15872K [0x00000000eb900000, 0x00000000ecd80000, 0x0000000100000000)
  eden space 15872K, 100% used [0x00000000eb900000,0x00000000ec880000,0x00000000ec880000)
  from space 2560K, 0% used [0x00000000ecb00000,0x00000000ecb00000,0x00000000ecd80000)
  to   space 2560K, 0% used [0x00000000ec880000,0x00000000ec880000,0x00000000ecb00000)
 ParOldGen       total 42496K, used 0K [0x00000000c2a00000, 0x00000000c5380000, 0x00000000eb900000)
  object space 42496K, 0% used [0x00000000c2a00000,0x00000000c2a00000,0x00000000c5380000)
 Metaspace       used 10192K, capacity 10350K, committed 10624K, reserved 1058816K
  class space    used 1236K, capacity 1320K, committed 1408K, reserved 1048576K
Event: 1.989 GC heap after
Heap after GC invocations=1 (full 0):
 PSYoungGen      total 18432K, used 2548K [0x00000000eb900000, 0x00000000ecd80000, 0x0000000100000000)
  eden space 15872K, 0% used [0x00000000eb900000,0x00000000eb900000,0x00000000ec880000)
  from space 2560K, 99% used [0x00000000ec880000,0x00000000ecafd0f8,0x00000000ecb00000)
  to   space 2560K, 0% used [0x00000000ecb00000,0x00000000ecb00000,0x00000000ecd80000)
 ParOldGen       total 42496K, used 1556K [0x00000000c2a00000, 0x00000000c5380000, 0x00000000eb900000)
  object space 42496K, 3% used [0x00000000c2a00000,0x00000000c2b852b0,0x00000000c5380000)
 Metaspace       used 10192K, capacity 10350K, committed 10624K, reserved 1058816K
  class space    used 1236K, capacity 1320K, committed 1408K, reserved 1048576K
}
Event: 1.989 GC heap before
{Heap before GC invocations=2 (full 1):
 PSYoungGen      total 18432K, used 2548K [0x00000000eb900000, 0x00000000ecd80000, 0x0000000100000000)
  eden space 15872K, 0% used [0x00000000eb900000,0x00000000eb900000,0x00000000ec880000)
  from space 2560K, 99% used [0x00000000ec880000,0x00000000ecafd0f8,0x00000000ecb00000)
  to   space 2560K, 0% used [0x00000000ecb00000,0x00000000ecb00000,0x00000000ecd80000)
 ParOldGen       total 42496K, used 1556K [0x00000000c2a00000, 0x00000000c5380000, 0x00000000eb900000)
  object space 42496K, 3% used [0x00000000c2a00000,0x00000000c2b852b0,0x00000000c5380000)
 Metaspace       used 10192K, capacity 10350K, committed 10624K, reserved 1058816K
  class space    used 1236K, capacity 1320K, committed 1408K, reserved 1048576K
Event: 2.035 GC heap after
Heap after GC invocations=2 (full 1):
 PSYoungGen      total 18432K, used 0K [0x00000000eb900000, 0x00000000ecd80000, 0x0000000100000000)
  eden space 15872K, 0% used [0x00000000eb900000,0x00000000eb900000,0x00000000ec880000)
  from space 2560K, 0% used [0x00000000ec880000,0x00000000ec880000,0x00000000ecb00000)
  to   space 2560K, 0% used [0x00000000ecb00000,0x00000000ecb00000,0x00000000ecd80000)
 ParOldGen       total 42496K, used 3949K [0x00000000c2a00000, 0x00000000c5380000, 0x00000000eb900000)
  object space 42496K, 9% used [0x00000000c2a00000,0x00000000c2ddb4b0,0x00000000c5380000)
 Metaspace       used 10184K, capacity 10340K, committed 10624K, reserved 1058816K
  class space    used 1235K, capacity 1318K, committed 1408K, reserved 1048576K
}
Event: 27.387 GC heap before
{Heap before GC invocations=3 (full 1):
 PSYoungGen      total 18432K, used 15872K [0x00000000eb900000, 0x00000000ecd80000, 0x0000000100000000)
  eden space 15872K, 100% used [0x00000000eb900000,0x00000000ec880000,0x00000000ec880000)
  from space 2560K, 0% used [0x00000000ec880000,0x00000000ec880000,0x00000000ecb00000)
  to   space 2560K, 0% used [0x00000000ecb00000,0x00000000ecb00000,0x00000000ecd80000)
 ParOldGen       total 42496K, used 3949K [0x00000000c2a00000, 0x00000000c5380000, 0x00000000eb900000)
  object space 42496K, 9% used [0x00000000c2a00000,0x00000000c2ddb4b0,0x00000000c5380000)
 Metaspace       used 13217K, capacity 13556K, committed 13824K, reserved 1060864K
  class space    used 1563K, capacity 1668K, committed 1792K, reserved 1048576K
Event: 27.429 GC heap after
Heap after GC invocations=3 (full 1):
 PSYoungGen      total 18432K, used 2534K [0x00000000eb900000, 0x00000000ecd80000, 0x0000000100000000)
  eden space 15872K, 0% used [0x00000000eb900000,0x00000000eb900000,0x00000000ec880000)
  from space 2560K, 98% used [0x00000000ecb00000,0x00000000ecd79850,0x00000000ecd80000)
  to   space 2560K, 0% used [0x00000000ec880000,0x00000000ec880000,0x00000000ecb00000)
 ParOldGen       total 42496K, used 6000K [0x00000000c2a00000, 0x00000000c5380000, 0x00000000eb900000)
  object space 42496K, 14% used [0x00000000c2a00000,0x00000000c2fdc1b8,0x00000000c5380000)
 Metaspace       used 13217K, capacity 13556K, committed 13824K, reserved 1060864K
  class space    used 1563K, capacity 1668K, committed 1792K, reserved 1048576K
}
Event: 28.584 GC heap before
{Heap before GC invocations=4 (full 1):
 PSYoungGen      total 18432K, used 18406K [0x00000000eb900000, 0x00000000ecd80000, 0x0000000100000000)
  eden space 15872K, 100% used [0x00000000eb900000,0x00000000ec880000,0x00000000ec880000)
  from space 2560K, 98% used [0x00000000ecb00000,0x00000000ecd79850,0x00000000ecd80000)
  to   space 2560K, 0% used [0x00000000ec880000,0x00000000ec880000,0x00000000ecb00000)
 ParOldGen       total 42496K, used 6000K [0x00000000c2a00000, 0x00000000c5380000, 0x00000000eb900000)
  object space 42496K, 14% used [0x00000000c2a00000,0x00000000c2fdc1b8,0x00000000c5380000)
 Metaspace       used 13616K, capacity 13984K, committed 14080K, reserved 1060864K
  class space    used 1584K, capacity 1702K, committed 1792K, reserved 1048576K
Event: 28.601 GC heap after
Heap after GC invocations=4 (full 1):
 PSYoungGen      total 18432K, used 2560K [0x00000000eb900000, 0x00000000ecd80000, 0x0000000100000000)
  eden space 15872K, 0% used [0x00000000eb900000,0x00000000eb900000,0x00000000ec880000)
  from space 2560K, 100% used [0x00000000ec880000,0x00000000ecb00000,0x00000000ecb00000)
  to   space 2560K, 0% used [0x00000000ecb00000,0x00000000ecb00000,0x00000000ecd80000)
 ParOldGen       total 42496K, used 7185K [0x00000000c2a00000, 0x00000000c5380000, 0x00000000eb900000)
  object space 42496K, 16% used [0x00000000c2a00000,0x00000000c3104430,0x00000000c5380000)
 Metaspace       used 13616K, capacity 13984K, committed 14080K, reserved 1060864K
  class space    used 1584K, capacity 1702K, committed 1792K, reserved 1048576K
}
Event: 29.375 GC heap before
{Heap before GC invocations=5 (full 1):
 PSYoungGen      total 18432K, used 18432K [0x00000000eb900000, 0x00000000ecd80000, 0x0000000100000000)
  eden space 15872K, 100% used [0x00000000eb900000,0x00000000ec880000,0x00000000ec880000)
  from space 2560K, 100% used [0x00000000ec880000,0x00000000ecb00000,0x00000000ecb00000)
  to   space 2560K, 0% used [0x00000000ecb00000,0x00000000ecb00000,0x00000000ecd80000)
 ParOldGen       total 42496K, used 7185K [0x00000000c2a00000, 0x00000000c5380000, 0x00000000eb900000)
  object space 42496K, 16% used [0x00000000c2a00000,0x00000000c3104430,0x00000000c5380000)
 Metaspace       used 13673K, capacity 14112K, committed 14336K, reserved 1062912K
  class space    used 1584K, capacity 1702K, committed 1792K, reserved 1048576K

Deoptimization events (10 events):
Event: 25.259 Thread 0x00007fdd2c003000 Uncommon trap: reason=bimorphic action=maybe_recompile pc=0x00007fdd79260414 method=java.util.HashMap.putVal(ILjava/lang/Object;Ljava/lang/Object;ZZ)Ljava/lang/Object; @ 91
Event: 25.692 Thread 0x00007fdd2c003000 Uncommon trap: reason=unstable_if action=reinterpret pc=0x00007fdd793a4b50 method=java.io.ObjectStreamClass$FieldReflector.setObjFieldValues(Ljava/lang/Object;[Ljava/lang/Object;)V @ 92
Event: 26.193 Thread 0x00007fdd2c003000 Uncommon trap: reason=uninitialized action=reinterpret pc=0x00007fdd793b3854 method=java.io.ObjectInputStream$HandleTable.markDependency(II)V @ 110
Event: 26.235 Thread 0x00007fdd2c003000 Uncommon trap: reason=unstable_if action=reinterpret pc=0x00007fdd793afeec method=java.io.ObjectInputStream$HandleTable.finish(I)V @ 4
Event: 26.891 Thread 0x00007fdd2c003000 Uncommon trap: reason=class_check action=maybe_recompile pc=0x00007fdd793b2238 method=java.util.HashMap.putVal(ILjava/lang/Object;Ljava/lang/Object;ZZ)Ljava/lang/Object; @ 203
Event: 27.290 Thread 0x00007fdd2c003000 Uncommon trap: reason=unstable_if action=reinterpret pc=0x00007fdd791e9230 method=java.lang.AbstractStringBuilder.append(Ljava/lang/String;)Ljava/lang/AbstractStringBuilder; @ 1
Event: 27.439 Thread 0x00007fdd2c003000 Uncommon trap: reason=unstable_if action=reinterpret pc=0x00007fdd791f4a38 method=java.lang.AbstractStringBuilder.append(Ljava/lang/String;)Ljava/lang/AbstractStringBuilder; @ 1
Event: 27.661 Thread 0x00007fdd2c003000 Uncommon trap: reason=class_check action=maybe_recompile pc=0x00007fdd793b2238 method=java.util.HashMap.putVal(ILjava/lang/Object;Ljava/lang/Object;ZZ)Ljava/lang/Object; @ 203
Event: 27.661 Thread 0x00007fdd2c003000 Uncommon trap: reason=class_check action=maybe_recompile pc=0x00007fdd793b2238 method=java.util.HashMap.putVal(ILjava/lang/Object;Ljava/lang/Object;ZZ)Ljava/lang/Object; @ 203
Event: 27.661 Thread 0x00007fdd2c003000 Uncommon trap: reason=class_check action=maybe_recompile pc=0x00007fdd793b2238 method=java.util.HashMap.putVal(ILjava/lang/Object;Ljava/lang/Object;ZZ)Ljava/lang/Object; @ 203

Classes redefined (0 events):
No events

Internal exceptions (10 events):
Event: 11.087 Thread 0x00007fdd882ef000 Exception <a 'java/net/ConnectException'> (0x00000000ebb44f98) thrown at [/HUDSON/workspace/8-2-build-linux-amd64/jdk8u201/12317/hotspot/src/share/vm/prims/jni.cpp, line 709]
Event: 11.091 Thread 0x00007fdd882ed000 Exception <a 'java/net/ConnectException'> (0x00000000ebb6cb40) thrown at [/HUDSON/workspace/8-2-build-linux-amd64/jdk8u201/12317/hotspot/src/share/vm/prims/jni.cpp, line 709]
Event: 11.097 Thread 0x00007fdd882f2800 Exception <a 'java/net/ConnectException'> (0x00000000ebb946e8) thrown at [/HUDSON/workspace/8-2-build-linux-amd64/jdk8u201/12317/hotspot/src/share/vm/prims/jni.cpp, line 709]
Event: 21.087 Thread 0x00007fdd882ef000 Exception <a 'java/net/ConnectException'> (0x00000000ebb45ac0) thrown at [/HUDSON/workspace/8-2-build-linux-amd64/jdk8u201/12317/hotspot/src/share/vm/prims/jni.cpp, line 709]
Event: 21.092 Thread 0x00007fdd882ed000 Exception <a 'java/net/ConnectException'> (0x00000000ebb6d668) thrown at [/HUDSON/workspace/8-2-build-linux-amd64/jdk8u201/12317/hotspot/src/share/vm/prims/jni.cpp, line 709]
Event: 21.098 Thread 0x00007fdd882f2800 Exception <a 'java/net/ConnectException'> (0x00000000ebb95210) thrown at [/HUDSON/workspace/8-2-build-linux-amd64/jdk8u201/12317/hotspot/src/share/vm/prims/jni.cpp, line 709]
Event: 25.692 Thread 0x00007fdd2c003000 Implicit null exception at 0x00007fdd793a3c3d to 0x00007fdd793a4b1d
Event: 25.939 Thread 0x00007fdd2c003000 Exception <a 'java/lang/NoSuchMethodError': <clinit>> (0x00000000ec395280) thrown at [/HUDSON/workspace/8-2-build-linux-amd64/jdk8u201/12317/hotspot/src/share/vm/prims/jni.cpp, line 1613]
Event: 27.290 Thread 0x00007fdd2c003000 Implicit null exception at 0x00007fdd791e8e75 to 0x00007fdd791e921d
Event: 27.439 Thread 0x00007fdd2c003000 Implicit null exception at 0x00007fdd791f4676 to 0x00007fdd791f4a21

Events (10 events):
Event: 27.682 loading class org/evosuite/testcase/execution/TestCaseExecutor$TimeoutExceeded done
Event: 27.704 loading class org/evosuite/instrumentation/testability/DescriptorMapping$1
Event: 27.704 loading class org/evosuite/instrumentation/testability/DescriptorMapping$1 done
Event: 27.839 loading class org/evosuite/coverage/mutation/MutationObserver
Event: 27.839 loading class org/evosuite/coverage/mutation/MutationObserver done
Event: 27.856 loading class org/evosuite/instrumentation/ReturnValueAdapter$PDType
Event: 27.856 loading class org/evosuite/instrumentation/ReturnValueAdapter$PDType done
Event: 28.584 Executing VM operation: ParallelGCFailedAllocation
Event: 28.601 Executing VM operation: ParallelGCFailedAllocation done
Event: 29.375 Executing VM operation: ParallelGCFailedAllocation


Dynamic libraries:
00400000-00401000 r-xp 00000000 08:01 654793                             /usr/lib/jdk/jdk1.8.0_201/bin/java
00600000-00601000 r--p 00000000 08:01 654793                             /usr/lib/jdk/jdk1.8.0_201/bin/java
00601000-00602000 rw-p 00001000 08:01 654793                             /usr/lib/jdk/jdk1.8.0_201/bin/java
00f8e000-00ff8000 rw-p 00000000 00:00 0                                  [heap]
c2a00000-c5380000 rw-p 00000000 00:00 0 
c5380000-eb900000 ---p 00000000 00:00 0 
eb900000-ecd80000 rw-p 00000000 00:00 0 
edd00000-100000000 ---p 00000000 00:00 0 
100000000-1001c0000 rw-p 00000000 00:00 0 
1001c0000-140000000 ---p 00000000 00:00 0 
7fdcf8000000-7fdcf8021000 rw-p 00000000 00:00 0 
7fdcf8021000-7fdcfc000000 ---p 00000000 00:00 0 
7fdcfc000000-7fdcfc1d7000 rw-p 00000000 00:00 0 
7fdcfc1d7000-7fdd00000000 ---p 00000000 00:00 0 
7fdd00000000-7fdd00021000 rw-p 00000000 00:00 0 
7fdd00021000-7fdd04000000 ---p 00000000 00:00 0 
7fdd04000000-7fdd0403b000 rw-p 00000000 00:00 0 
7fdd0403b000-7fdd08000000 ---p 00000000 00:00 0 
7fdd08000000-7fdd08021000 rw-p 00000000 00:00 0 
7fdd08021000-7fdd0c000000 ---p 00000000 00:00 0 
7fdd0c000000-7fdd0c021000 rw-p 00000000 00:00 0 
7fdd0c021000-7fdd10000000 ---p 00000000 00:00 0 
7fdd10000000-7fdd10021000 rw-p 00000000 00:00 0 
7fdd10021000-7fdd14000000 ---p 00000000 00:00 0 
7fdd14000000-7fdd14021000 rw-p 00000000 00:00 0 
7fdd14021000-7fdd18000000 ---p 00000000 00:00 0 
7fdd18000000-7fdd18021000 rw-p 00000000 00:00 0 
7fdd18021000-7fdd1c000000 ---p 00000000 00:00 0 
7fdd1c000000-7fdd1c021000 rw-p 00000000 00:00 0 
7fdd1c021000-7fdd20000000 ---p 00000000 00:00 0 
7fdd20000000-7fdd20021000 rw-p 00000000 00:00 0 
7fdd20021000-7fdd24000000 ---p 00000000 00:00 0 
7fdd24000000-7fdd24021000 rw-p 00000000 00:00 0 
7fdd24021000-7fdd28000000 ---p 00000000 00:00 0 
7fdd28000000-7fdd28021000 rw-p 00000000 00:00 0 
7fdd28021000-7fdd2c000000 ---p 00000000 00:00 0 
7fdd2c000000-7fdd2c021000 rw-p 00000000 00:00 0 
7fdd2c021000-7fdd30000000 ---p 00000000 00:00 0 
7fdd30000000-7fdd30021000 rw-p 00000000 00:00 0 
7fdd30021000-7fdd34000000 ---p 00000000 00:00 0 
7fdd34000000-7fdd34021000 rw-p 00000000 00:00 0 
7fdd34021000-7fdd38000000 ---p 00000000 00:00 0 
7fdd38000000-7fdd38021000 rw-p 00000000 00:00 0 
7fdd38021000-7fdd3c000000 ---p 00000000 00:00 0 
7fdd3c000000-7fdd3c021000 rw-p 00000000 00:00 0 
7fdd3c021000-7fdd40000000 ---p 00000000 00:00 0 
7fdd40fff000-7fdd44000000 rw-p 00000000 00:00 0 
7fdd44000000-7fdd445d7000 rw-p 00000000 00:00 0 
7fdd445d7000-7fdd48000000 ---p 00000000 00:00 0 
7fdd48000000-7fdd48021000 rw-p 00000000 00:00 0 
7fdd48021000-7fdd4c000000 ---p 00000000 00:00 0 
7fdd4c000000-7fdd4c7d2000 rw-p 00000000 00:00 0 
7fdd4c7d2000-7fdd50000000 ---p 00000000 00:00 0 
7fdd50000000-7fdd50663000 rw-p 00000000 00:00 0 
7fdd50663000-7fdd54000000 ---p 00000000 00:00 0 
7fdd54000000-7fdd54021000 rw-p 00000000 00:00 0 
7fdd54021000-7fdd58000000 ---p 00000000 00:00 0 
7fdd58000000-7fdd58021000 rw-p 00000000 00:00 0 
7fdd58021000-7fdd5c000000 ---p 00000000 00:00 0 
7fdd5c000000-7fdd5c2fb000 rw-p 00000000 00:00 0 
7fdd5c2fb000-7fdd60000000 ---p 00000000 00:00 0 
7fdd60000000-7fdd60021000 rw-p 00000000 00:00 0 
7fdd60021000-7fdd64000000 ---p 00000000 00:00 0 
7fdd64000000-7fdd64021000 rw-p 00000000 00:00 0 
7fdd64021000-7fdd68000000 ---p 00000000 00:00 0 
7fdd6865a000-7fdd6869a000 rw-p 00000000 00:00 0 
7fdd6869a000-7fdd6885a000 ---p 00000000 00:00 0 
7fdd6885a000-7fdd68a5a000 rw-p 00000000 00:00 0 
7fdd68a5a000-7fdd68a5d000 ---p 00000000 00:00 0 
7fdd68a5d000-7fdd68b5b000 rw-p 00000000 00:00 0 
7fdd68b5b000-7fdd68b5e000 ---p 00000000 00:00 0 
7fdd68b5e000-7fdd68c5c000 rw-p 00000000 00:00 0 
7fdd68c5c000-7fdd68c5f000 ---p 00000000 00:00 0 
7fdd68c5f000-7fdd68d5d000 rw-p 00000000 00:00 0 
7fdd68d5d000-7fdd68d60000 ---p 00000000 00:00 0 
7fdd68d60000-7fdd68e5e000 rw-p 00000000 00:00 0 
7fdd68e5e000-7fdd68e61000 ---p 00000000 00:00 0 
7fdd68e61000-7fdd68f5f000 rw-p 00000000 00:00 0 
7fdd68f5f000-7fdd68f62000 ---p 00000000 00:00 0 
7fdd68f62000-7fdd69060000 rw-p 00000000 00:00 0 
7fdd69060000-7fdd69063000 ---p 00000000 00:00 0 
7fdd69063000-7fdd69161000 rw-p 00000000 00:00 0 
7fdd69161000-7fdd69164000 ---p 00000000 00:00 0 
7fdd69164000-7fdd69262000 rw-p 00000000 00:00 0 
7fdd69262000-7fdd69265000 ---p 00000000 00:00 0 
7fdd69265000-7fdd69363000 rw-p 00000000 00:00 0 
7fdd69363000-7fdd69366000 ---p 00000000 00:00 0 
7fdd69366000-7fdd69464000 rw-p 00000000 00:00 0 
7fdd69464000-7fdd69467000 ---p 00000000 00:00 0 
7fdd69467000-7fdd69565000 rw-p 00000000 00:00 0 
7fdd69565000-7fdd69568000 ---p 00000000 00:00 0 
7fdd69568000-7fdd69666000 rw-p 00000000 00:00 0 
7fdd69666000-7fdd69669000 ---p 00000000 00:00 0 
7fdd69669000-7fdd69767000 rw-p 00000000 00:00 0 
7fdd69767000-7fdd6976a000 ---p 00000000 00:00 0 
7fdd6976a000-7fdd69868000 rw-p 00000000 00:00 0 
7fdd69868000-7fdd6986b000 ---p 00000000 00:00 0 
7fdd6986b000-7fdd69b69000 rw-p 00000000 00:00 0 
7fdd69b69000-7fdd69be2000 r--s 010fd000 08:01 654900                     /usr/lib/jdk/jdk1.8.0_201/lib/tools.jar
7fdd69be2000-7fdd69be5000 ---p 00000000 00:00 0 
7fdd69be5000-7fdd69ce3000 rw-p 00000000 00:00 0 
7fdd69ce3000-7fdd69ce6000 ---p 00000000 00:00 0 
7fdd69ce6000-7fdd69de4000 rw-p 00000000 00:00 0 
7fdd69de4000-7fdd69de7000 ---p 00000000 00:00 0 
7fdd69de7000-7fdd69ee5000 rw-p 00000000 00:00 0 
7fdd69ee5000-7fdd69efb000 r-xp 00000000 08:01 656512                     /usr/lib/jdk/jdk1.8.0_201/jre/lib/amd64/libnet.so
7fdd69efb000-7fdd6a0fb000 ---p 00016000 08:01 656512                     /usr/lib/jdk/jdk1.8.0_201/jre/lib/amd64/libnet.so
7fdd6a0fb000-7fdd6a0fc000 r--p 00016000 08:01 656512                     /usr/lib/jdk/jdk1.8.0_201/jre/lib/amd64/libnet.so
7fdd6a0fc000-7fdd6a0fd000 rw-p 00017000 08:01 656512                     /usr/lib/jdk/jdk1.8.0_201/jre/lib/amd64/libnet.so
7fdd6a0fd000-7fdd6a32e000 r--s 01bb1000 08:01 403225                     /home/hewitt/work/DiffTGen-master/lib/evosuite-1.0.6.jar
7fdd6a32e000-7fdd6a32f000 ---p 00000000 00:00 0 
7fdd6a32f000-7fdd6a42f000 rw-p 00000000 00:00 0 
7fdd6a42f000-7fdd6a432000 ---p 00000000 00:00 0 
7fdd6a432000-7fdd6a530000 rw-p 00000000 00:00 0 
7fdd6a530000-7fdd6a533000 ---p 00000000 00:00 0 
7fdd6a533000-7fdd6a631000 rw-p 00000000 00:00 0 
7fdd6a631000-7fdd6a634000 ---p 00000000 00:00 0 
7fdd6a634000-7fdd6a732000 rw-p 00000000 00:00 0 
7fdd6a732000-7fdd6a735000 ---p 00000000 00:00 0 
7fdd6a735000-7fdd6a833000 rw-p 00000000 00:00 0 
7fdd6a833000-7fdd6a836000 ---p 00000000 00:00 0 
7fdd6a836000-7fdd6a934000 rw-p 00000000 00:00 0 
7fdd6a934000-7fdd6b2f3000 r--p 00000000 08:01 270368                     /usr/lib/locale/locale-archive
7fdd6b2f3000-7fdd6b2f6000 ---p 00000000 00:00 0 
7fdd6b2f6000-7fdd6b3f4000 rw-p 00000000 00:00 0 
7fdd6b3f4000-7fdd6b3f7000 ---p 00000000 00:00 0 
7fdd6b3f7000-7fdd6b4f5000 rw-p 00000000 00:00 0 
7fdd6b4f5000-7fdd6b4f6000 ---p 00000000 00:00 0 
7fdd6b4f6000-7fdd6c000000 rw-p 00000000 00:00 0 
7fdd6c000000-7fdd6c021000 rw-p 00000000 00:00 0 
7fdd6c021000-7fdd70000000 ---p 00000000 00:00 0 
7fdd70000000-7fdd70021000 rw-p 00000000 00:00 0 
7fdd70021000-7fdd74000000 ---p 00000000 00:00 0 
7fdd74000000-7fdd74021000 rw-p 00000000 00:00 0 
7fdd74021000-7fdd78000000 ---p 00000000 00:00 0 
7fdd78037000-7fdd7843b000 rw-p 00000000 00:00 0 
7fdd7843b000-7fdd78615000 r--s 03d6f000 08:01 656293                     /usr/lib/jdk/jdk1.8.0_201/jre/lib/rt.jar
7fdd78615000-7fdd79000000 rw-p 00000000 00:00 0 
7fdd79000000-7fdd79540000 rwxp 00000000 00:00 0 
7fdd79540000-7fdd88000000 ---p 00000000 00:00 0 
7fdd88000000-7fdd884cf000 rw-p 00000000 00:00 0 
7fdd884cf000-7fdd8c000000 ---p 00000000 00:00 0 
7fdd8c022000-7fdd8c02c000 r--s 00116000 08:01 656361                     /usr/lib/jdk/jdk1.8.0_201/jre/lib/ext/localedata.jar
7fdd8c02c000-7fdd8c02f000 ---p 00000000 00:00 0 
7fdd8c02f000-7fdd8e08c000 rw-p 00000000 00:00 0 
7fdd8e08c000-7fdd8e08d000 ---p 00000000 00:00 0 
7fdd8e08d000-7fdd8e18d000 rw-p 00000000 00:00 0 
7fdd8e18d000-7fdd8e18e000 ---p 00000000 00:00 0 
7fdd8e18e000-7fdd8e28e000 rw-p 00000000 00:00 0 
7fdd8e28e000-7fdd8e28f000 ---p 00000000 00:00 0 
7fdd8e28f000-7fdd8e38f000 rw-p 00000000 00:00 0 
7fdd8e38f000-7fdd8e390000 ---p 00000000 00:00 0 
7fdd8e390000-7fdd8e4a5000 rw-p 00000000 00:00 0 
7fdd8e4a5000-7fdd8e5d8000 ---p 00000000 00:00 0 
7fdd8e5d8000-7fdd8e5ed000 rw-p 00000000 00:00 0 
7fdd8e5ed000-7fdd8e71f000 ---p 00000000 00:00 0 
7fdd8e71f000-7fdd8e72a000 rw-p 00000000 00:00 0 
7fdd8e72a000-7fdd8e7c3000 ---p 00000000 00:00 0 
7fdd8e7c3000-7fdd8e7d9000 rw-p 00000000 00:00 0 
7fdd8e7d9000-7fdd8eb84000 ---p 00000000 00:00 0 
7fdd8eb84000-7fdd8eb9f000 r-xp 00000000 08:01 656508                     /usr/lib/jdk/jdk1.8.0_201/jre/lib/amd64/libzip.so
7fdd8eb9f000-7fdd8ed9e000 ---p 0001b000 08:01 656508                     /usr/lib/jdk/jdk1.8.0_201/jre/lib/amd64/libzip.so
7fdd8ed9e000-7fdd8ed9f000 r--p 0001a000 08:01 656508                     /usr/lib/jdk/jdk1.8.0_201/jre/lib/amd64/libzip.so
7fdd8ed9f000-7fdd8eda0000 rw-p 0001b000 08:01 656508                     /usr/lib/jdk/jdk1.8.0_201/jre/lib/amd64/libzip.so
7fdd8eda0000-7fdd8edab000 r-xp 00000000 08:01 658902                     /lib/x86_64-linux-gnu/libnss_files-2.23.so
7fdd8edab000-7fdd8efaa000 ---p 0000b000 08:01 658902                     /lib/x86_64-linux-gnu/libnss_files-2.23.so
7fdd8efaa000-7fdd8efab000 r--p 0000a000 08:01 658902                     /lib/x86_64-linux-gnu/libnss_files-2.23.so
7fdd8efab000-7fdd8efac000 rw-p 0000b000 08:01 658902                     /lib/x86_64-linux-gnu/libnss_files-2.23.so
7fdd8efac000-7fdd8efb2000 rw-p 00000000 00:00 0 
7fdd8efb2000-7fdd8efbd000 r-xp 00000000 08:01 658912                     /lib/x86_64-linux-gnu/libnss_nis-2.23.so
7fdd8efbd000-7fdd8f1bc000 ---p 0000b000 08:01 658912                     /lib/x86_64-linux-gnu/libnss_nis-2.23.so
7fdd8f1bc000-7fdd8f1bd000 r--p 0000a000 08:01 658912                     /lib/x86_64-linux-gnu/libnss_nis-2.23.so
7fdd8f1bd000-7fdd8f1be000 rw-p 0000b000 08:01 658912                     /lib/x86_64-linux-gnu/libnss_nis-2.23.so
7fdd8f1be000-7fdd8f1d4000 r-xp 00000000 08:01 658896                     /lib/x86_64-linux-gnu/libnsl-2.23.so
7fdd8f1d4000-7fdd8f3d3000 ---p 00016000 08:01 658896                     /lib/x86_64-linux-gnu/libnsl-2.23.so
7fdd8f3d3000-7fdd8f3d4000 r--p 00015000 08:01 658896                     /lib/x86_64-linux-gnu/libnsl-2.23.so
7fdd8f3d4000-7fdd8f3d5000 rw-p 00016000 08:01 658896                     /lib/x86_64-linux-gnu/libnsl-2.23.so
7fdd8f3d5000-7fdd8f3d7000 rw-p 00000000 00:00 0 
7fdd8f3d7000-7fdd8f3df000 r-xp 00000000 08:01 658898                     /lib/x86_64-linux-gnu/libnss_compat-2.23.so
7fdd8f3df000-7fdd8f5de000 ---p 00008000 08:01 658898                     /lib/x86_64-linux-gnu/libnss_compat-2.23.so
7fdd8f5de000-7fdd8f5df000 r--p 00007000 08:01 658898                     /lib/x86_64-linux-gnu/libnss_compat-2.23.so
7fdd8f5df000-7fdd8f5e0000 rw-p 00008000 08:01 658898                     /lib/x86_64-linux-gnu/libnss_compat-2.23.so
7fdd8f5e0000-7fdd8f60c000 r-xp 00000000 08:01 656502                     /usr/lib/jdk/jdk1.8.0_201/jre/lib/amd64/libjava.so
7fdd8f60c000-7fdd8f80c000 ---p 0002c000 08:01 656502                     /usr/lib/jdk/jdk1.8.0_201/jre/lib/amd64/libjava.so
7fdd8f80c000-7fdd8f80d000 r--p 0002c000 08:01 656502                     /usr/lib/jdk/jdk1.8.0_201/jre/lib/amd64/libjava.so
7fdd8f80d000-7fdd8f80f000 rw-p 0002d000 08:01 656502                     /usr/lib/jdk/jdk1.8.0_201/jre/lib/amd64/libjava.so
7fdd8f80f000-7fdd8f81c000 r-xp 00000000 08:01 656507                     /usr/lib/jdk/jdk1.8.0_201/jre/lib/amd64/libverify.so
7fdd8f81c000-7fdd8fa1b000 ---p 0000d000 08:01 656507                     /usr/lib/jdk/jdk1.8.0_201/jre/lib/amd64/libverify.so
7fdd8fa1b000-7fdd8fa1d000 r--p 0000c000 08:01 656507                     /usr/lib/jdk/jdk1.8.0_201/jre/lib/amd64/libverify.so
7fdd8fa1d000-7fdd8fa1e000 rw-p 0000e000 08:01 656507                     /usr/lib/jdk/jdk1.8.0_201/jre/lib/amd64/libverify.so
7fdd8fa1e000-7fdd8fa25000 r-xp 00000000 08:01 658957                     /lib/x86_64-linux-gnu/librt-2.23.so
7fdd8fa25000-7fdd8fc24000 ---p 00007000 08:01 658957                     /lib/x86_64-linux-gnu/librt-2.23.so
7fdd8fc24000-7fdd8fc25000 r--p 00006000 08:01 658957                     /lib/x86_64-linux-gnu/librt-2.23.so
7fdd8fc25000-7fdd8fc26000 rw-p 00007000 08:01 658957                     /lib/x86_64-linux-gnu/librt-2.23.so
7fdd8fc26000-7fdd8fd2e000 r-xp 00000000 08:01 658873                     /lib/x86_64-linux-gnu/libm-2.23.so
7fdd8fd2e000-7fdd8ff2d000 ---p 00108000 08:01 658873                     /lib/x86_64-linux-gnu/libm-2.23.so
7fdd8ff2d000-7fdd8ff2e000 r--p 00107000 08:01 658873                     /lib/x86_64-linux-gnu/libm-2.23.so
7fdd8ff2e000-7fdd8ff2f000 rw-p 00108000 08:01 658873                     /lib/x86_64-linux-gnu/libm-2.23.so
7fdd8ff2f000-7fdd90c17000 r-xp 00000000 08:01 656484                     /usr/lib/jdk/jdk1.8.0_201/jre/lib/amd64/server/libjvm.so
7fdd90c17000-7fdd90e16000 ---p 00ce8000 08:01 656484                     /usr/lib/jdk/jdk1.8.0_201/jre/lib/amd64/server/libjvm.so
7fdd90e16000-7fdd90eac000 r--p 00ce7000 08:01 656484                     /usr/lib/jdk/jdk1.8.0_201/jre/lib/amd64/server/libjvm.so
7fdd90eac000-7fdd90edd000 rw-p 00d7d000 08:01 656484                     /usr/lib/jdk/jdk1.8.0_201/jre/lib/amd64/server/libjvm.so
7fdd90edd000-7fdd90f18000 rw-p 00000000 00:00 0 
7fdd90f18000-7fdd910d8000 r-xp 00000000 08:01 658803                     /lib/x86_64-linux-gnu/libc-2.23.so
7fdd910d8000-7fdd912d8000 ---p 001c0000 08:01 658803                     /lib/x86_64-linux-gnu/libc-2.23.so
7fdd912d8000-7fdd912dc000 r--p 001c0000 08:01 658803                     /lib/x86_64-linux-gnu/libc-2.23.so
7fdd912dc000-7fdd912de000 rw-p 001c4000 08:01 658803                     /lib/x86_64-linux-gnu/libc-2.23.so
7fdd912de000-7fdd912e2000 rw-p 00000000 00:00 0 
7fdd912e2000-7fdd912e5000 r-xp 00000000 08:01 658827                     /lib/x86_64-linux-gnu/libdl-2.23.so
7fdd912e5000-7fdd914e4000 ---p 00003000 08:01 658827                     /lib/x86_64-linux-gnu/libdl-2.23.so
7fdd914e4000-7fdd914e5000 r--p 00002000 08:01 658827                     /lib/x86_64-linux-gnu/libdl-2.23.so
7fdd914e5000-7fdd914e6000 rw-p 00003000 08:01 658827                     /lib/x86_64-linux-gnu/libdl-2.23.so
7fdd914e6000-7fdd914fd000 r-xp 00000000 08:01 656155                     /usr/lib/jdk/jdk1.8.0_201/lib/amd64/jli/libjli.so
7fdd914fd000-7fdd916fc000 ---p 00017000 08:01 656155                     /usr/lib/jdk/jdk1.8.0_201/lib/amd64/jli/libjli.so
7fdd916fc000-7fdd916fd000 r--p 00016000 08:01 656155                     /usr/lib/jdk/jdk1.8.0_201/lib/amd64/jli/libjli.so
7fdd916fd000-7fdd916fe000 rw-p 00017000 08:01 656155                     /usr/lib/jdk/jdk1.8.0_201/lib/amd64/jli/libjli.so
7fdd916fe000-7fdd91716000 r-xp 00000000 08:01 658949                     /lib/x86_64-linux-gnu/libpthread-2.23.so
7fdd91716000-7fdd91915000 ---p 00018000 08:01 658949                     /lib/x86_64-linux-gnu/libpthread-2.23.so
7fdd91915000-7fdd91916000 r--p 00017000 08:01 658949                     /lib/x86_64-linux-gnu/libpthread-2.23.so
7fdd91916000-7fdd91917000 rw-p 00018000 08:01 658949                     /lib/x86_64-linux-gnu/libpthread-2.23.so
7fdd91917000-7fdd9191b000 rw-p 00000000 00:00 0 
7fdd9191b000-7fdd91941000 r-xp 00000000 08:01 658775                     /lib/x86_64-linux-gnu/ld-2.23.so
7fdd91945000-7fdd91961000 r--s 00393000 08:01 656354                     /usr/lib/jdk/jdk1.8.0_201/jre/lib/ext/cldrdata.jar
7fdd91961000-7fdd91965000 r--s 000a1000 08:01 656350                     /usr/lib/jdk/jdk1.8.0_201/jre/lib/jsse.jar
7fdd91965000-7fdd91a23000 rw-p 00000000 00:00 0 
7fdd91a23000-7fdd91a26000 ---p 00000000 00:00 0 
7fdd91a26000-7fdd91b29000 rw-p 00000000 00:00 0 
7fdd91b29000-7fdd91b31000 r--s 0006e000 08:01 398946                     /home/hewitt/work/DiffTGen-master/lib/commons-lang3-3.5.jar
7fdd91b31000-7fdd91b32000 r--s 00000000 08:01 398951                     /home/hewitt/work/DiffTGen-master/lib/myprinter.jar
7fdd91b32000-7fdd91b36000 r--s 00039000 08:01 421670                     /home/hewitt/work/DiffTGen-master/output/patch2-Lang-61-Jaid-plausible/Lang_61_2-plausible_jaid/target/build/classes/all0.jar
7fdd91b36000-7fdd91b3e000 rw-s 00000000 08:01 153261                     /tmp/hsperfdata_hewitt/20955
7fdd91b3e000-7fdd91b3f000 rw-p 00000000 00:00 0 
7fdd91b3f000-7fdd91b40000 ---p 00000000 00:00 0 
7fdd91b40000-7fdd91b41000 r--p 00025000 08:01 658775                     /lib/x86_64-linux-gnu/ld-2.23.so
7fdd91b41000-7fdd91b42000 rw-p 00026000 08:01 658775                     /lib/x86_64-linux-gnu/ld-2.23.so
7fdd91b42000-7fdd91b43000 rw-p 00000000 00:00 0 
7ffc9f4c9000-7ffc9f4eb000 rw-p 00000000 00:00 0                          [stack]
7ffc9f4f4000-7ffc9f4f7000 r--p 00000000 00:00 0                          [vvar]
7ffc9f4f7000-7ffc9f4f9000 r-xp 00000000 00:00 0                          [vdso]
ffffffffff600000-ffffffffff601000 r-xp 00000000 00:00 0                  [vsyscall]

VM Arguments:
java_command: /home/hewitt/work/DiffTGen-master/lib/evosuite-1.0.6.jar -base_dir /home/hewitt/work/DiffTGen-master/output/patch2-Lang-61-Jaid-plausible/Lang_61_2-plausible_jaid/target/0/14 -projectCP /home/hewitt/work/DiffTGen-master/output/patch2-Lang-61-Jaid-plausible/Lang_61_2-plausible_jaid/target/build/classes/all0.jar:/home/hewitt/work/DiffTGen-master/lib/myprinter.jar:/home/hewitt/work/DiffTGen-master/lib/commons-lang3-3.5.jar -class org.apache.commons.lang.text.StrBuilder -Dassertions=false -Dsearch_budget=60
java_class_path (initial): /home/hewitt/work/DiffTGen-master/lib/evosuite-1.0.6.jar
Launcher Type: SUN_STANDARD

Environment Variables:
JAVA_HOME=/usr/lib/jdk/jdk1.8.0_201
JRE_HOME=/usr/lib/jdk/jdk1.8.0_201/jre
CLASSPATH=.:/usr/lib/jdk/jdk1.8.0_201/lib:/usr/lib/jdk/jdk1.8.0_201/jre/lib
PATH=/usr/lib/jdk/jdk1.8.0_201/bin:/home/hewitt/bin:/home/hewitt/.local/bin:/usr/lib/jdk/jdk1.7.0_80/bin:/usr/local/sbin:/usr/local/bin:/usr/sbin:/usr/bin:/sbin:/bin:/usr/games:/usr/local/games:/snap/bin:/home/hewitt/work/defects4j_v1.4.0/defects4j/framework/bin:/opt/apache-ant-1.9.14/bin:/home/hewitt/work/defects4j_v1.4.0/defects4j/framework/bin
SHELL=/bin/bash
DISPLAY=:0

Signal Handlers:
SIGSEGV: [libjvm.so+0xad3e60], sa_mask[0]=11111111011111111101111111111110, sa_flags=SA_RESTART|SA_SIGINFO
SIGBUS: [libjvm.so+0xad3e60], sa_mask[0]=11111111011111111101111111111110, sa_flags=SA_RESTART|SA_SIGINFO
SIGFPE: [libjvm.so+0x90b880], sa_mask[0]=11111111011111111101111111111110, sa_flags=SA_RESTART|SA_SIGINFO
SIGPIPE: [libjvm.so+0x90b880], sa_mask[0]=11111111011111111101111111111110, sa_flags=SA_RESTART|SA_SIGINFO
SIGXFSZ: [libjvm.so+0x90b880], sa_mask[0]=11111111011111111101111111111110, sa_flags=SA_RESTART|SA_SIGINFO
SIGILL: [libjvm.so+0x90b880], sa_mask[0]=11111111011111111101111111111110, sa_flags=SA_RESTART|SA_SIGINFO
SIGUSR1: SIG_DFL, sa_mask[0]=00000000000000000000000000000000, sa_flags=none
SIGUSR2: [libjvm.so+0x90b750], sa_mask[0]=00100000000000000000000000000000, sa_flags=SA_RESTART|SA_SIGINFO
SIGHUP: [libjvm.so+0x90bd70], sa_mask[0]=11111111011111111101111111111110, sa_flags=SA_RESTART|SA_SIGINFO
SIGINT: [libjvm.so+0x90bd70], sa_mask[0]=11111111011111111101111111111110, sa_flags=SA_RESTART|SA_SIGINFO
SIGTERM: [libjvm.so+0x90bd70], sa_mask[0]=11111111011111111101111111111110, sa_flags=SA_RESTART|SA_SIGINFO
SIGQUIT: [libjvm.so+0x90bd70], sa_mask[0]=11111111011111111101111111111110, sa_flags=SA_RESTART|SA_SIGINFO


---------------  S Y S T E M  ---------------

OS:DISTRIB_ID=Ubuntu
DISTRIB_RELEASE=16.04
DISTRIB_CODENAME=xenial
DISTRIB_DESCRIPTION="Ubuntu 16.04.6 LTS"

uname:Linux 4.15.0-91-generic #92~16.04.1-Ubuntu SMP Fri Feb 28 14:57:22 UTC 2020 x86_64
libc:glibc 2.23 NPTL 2.23 
rlimit: STACK 8192k, CORE 0k, NPROC 15448, NOFILE 1048576, AS infinity
load average:19.39 17.28 16.47

/proc/meminfo:
MemTotal:        4015928 kB
MemFree:          403328 kB
MemAvailable:     321392 kB
Buffers:            1192 kB
Cached:            42688 kB
SwapCached:         4116 kB
Active:          2581168 kB
Inactive:         590892 kB
Active(anon):    2560884 kB
Inactive(anon):   567968 kB
Active(file):      20284 kB
Inactive(file):    22924 kB
Unevictable:          48 kB
Mlocked:              48 kB
SwapTotal:        998396 kB
SwapFree:            912 kB
Dirty:               156 kB
Writeback:           644 kB
AnonPages:       3125088 kB
Mapped:            34988 kB
Shmem:               316 kB
Slab:              92268 kB
SReclaimable:      33864 kB
SUnreclaim:        58404 kB
KernelStack:       17604 kB
PageTables:        43108 kB
NFS_Unstable:          0 kB
Bounce:                0 kB
WritebackTmp:          0 kB
CommitLimit:     3006360 kB
Committed_AS:    9255880 kB
VmallocTotal:   34359738367 kB
VmallocUsed:           0 kB
VmallocChunk:          0 kB
HardwareCorrupted:     0 kB
AnonHugePages:         0 kB
ShmemHugePages:        0 kB
ShmemPmdMapped:        0 kB
CmaTotal:              0 kB
CmaFree:               0 kB
HugePages_Total:       0
HugePages_Free:        0
HugePages_Rsvd:        0
HugePages_Surp:        0
Hugepagesize:       2048 kB
DirectMap4k:       98112 kB
DirectMap2M:     4096000 kB
DirectMap1G:     2097152 kB

container (cgroup) information:
container_type: cgroupv1
cpu_cpuset_cpus: 0-3
cpu_memory_nodes: 0
active_processor_count: 4
cpu_quota: -1
cpu_period: 100000
cpu_shares: -1
memory_limit_in_bytes: -1
memory_and_swap_limit_in_bytes: -2
memory_soft_limit_in_bytes: -1
memory_usage_in_bytes: 3246850048
memory_max_usage_in_bytes: 69316608


CPU:total 4 (initial active 4) (2 cores per cpu, 1 threads per core) family 6 model 158 stepping 9, cmov, cx8, fxsr, mmx, sse, sse2, sse3, ssse3, sse4.1, sse4.2, popcnt, avx, avx2, aes, clmul, erms, 3dnowpref, lzcnt, tsc, tscinvbit, bmi1, bmi2, adx

/proc/cpuinfo:
processor	: 0
vendor_id	: GenuineIntel
cpu family	: 6
model		: 158
model name	: Intel(R) Core(TM) i7-7700HQ CPU @ 2.80GHz
stepping	: 9
microcode	: 0xb4
cpu MHz		: 2808.002
cache size	: 6144 KB
physical id	: 0
siblings	: 2
core id		: 0
cpu cores	: 2
apicid		: 0
initial apicid	: 0
fpu		: yes
fpu_exception	: yes
cpuid level	: 22
wp		: yes
flags		: fpu vme de pse tsc msr pae mce cx8 apic sep mtrr pge mca cmov pat pse36 clflush mmx fxsr sse sse2 ss ht syscall nx pdpe1gb rdtscp lm constant_tsc arch_perfmon nopl xtopology tsc_reliable nonstop_tsc cpuid pni pclmulqdq ssse3 fma cx16 pcid sse4_1 sse4_2 x2apic movbe popcnt tsc_deadline_timer aes xsave avx f16c rdrand hypervisor lahf_lm abm 3dnowprefetch cpuid_fault invpcid_single pti ssbd ibrs ibpb stibp fsgsbase tsc_adjust bmi1 avx2 smep bmi2 invpcid mpx rdseed adx smap clflushopt xsaveopt xsavec xsaves arat md_clear flush_l1d arch_capabilities
bugs		: cpu_meltdown spectre_v1 spectre_v2 spec_store_bypass l1tf mds swapgs itlb_multihit
bogomips	: 5616.00
clflush size	: 64
cache_alignment	: 64
address sizes	: 43 bits physical, 48 bits virtual
power management:

processor	: 1
vendor_id	: GenuineIntel
cpu family	: 6
model		: 158
model name	: Intel(R) Core(TM) i7-7700HQ CPU @ 2.80GHz
stepping	: 9
microcode	: 0xb4
cpu MHz		: 2808.002
cache size	: 6144 KB
physical id	: 0
siblings	: 2
core id		: 1
cpu cores	: 2
apicid		: 1
initial apicid	: 1
fpu		: yes
fpu_exception	: yes
cpuid level	: 22
wp		: yes
flags		: fpu vme de pse tsc msr pae mce cx8 apic sep mtrr pge mca cmov pat pse36 clflush mmx fxsr sse sse2 ss ht syscall nx pdpe1gb rdtscp lm constant_tsc arch_perfmon nopl xtopology tsc_reliable nonstop_tsc cpuid pni pclmulqdq ssse3 fma cx16 pcid sse4_1 sse4_2 x2apic movbe popcnt tsc_deadline_timer aes xsave avx f16c rdrand hypervisor lahf_lm abm 3dnowprefetch cpuid_fault invpcid_single pti ssbd ibrs ibpb stibp fsgsbase tsc_adjust bmi1 avx2 smep bmi2 invpcid mpx rdseed adx smap clflushopt xsaveopt xsavec xsaves arat md_clear flush_l1d arch_capabilities
bugs		: cpu_meltdown spectre_v1 spectre_v2 spec_store_bypass l1tf mds swapgs itlb_multihit
bogomips	: 5616.00
clflush size	: 64
cache_alignment	: 64
address sizes	: 43 bits physical, 48 bits virtual
power management:

processor	: 2
vendor_id	: GenuineIntel
cpu family	: 6
model		: 158
model name	: Intel(R) Core(TM) i7-7700HQ CPU @ 2.80GHz
stepping	: 9
microcode	: 0xb4
cpu MHz		: 2808.002
cache size	: 6144 KB
physical id	: 1
siblings	: 2
core id		: 0
cpu cores	: 2
apicid		: 2
initial apicid	: 2
fpu		: yes
fpu_exception	: yes
cpuid level	: 22
wp		: yes
flags		: fpu vme de pse tsc msr pae mce cx8 apic sep mtrr pge mca cmov pat pse36 clflush mmx fxsr sse sse2 ss ht syscall nx pdpe1gb rdtscp lm constant_tsc arch_perfmon nopl xtopology tsc_reliable nonstop_tsc cpuid pni pclmulqdq ssse3 fma cx16 pcid sse4_1 sse4_2 x2apic movbe popcnt tsc_deadline_timer aes xsave avx f16c rdrand hypervisor lahf_lm abm 3dnowprefetch cpuid_fault invpcid_single pti ssbd ibrs ibpb stibp fsgsbase tsc_adjust bmi1 avx2 smep bmi2 invpcid mpx rdseed adx smap clflushopt xsaveopt xsavec xsaves arat md_clear flush_l1d arch_capabilities
bugs		: cpu_meltdown spectre_v1 spectre_v2 spec_store_bypass l1tf mds swapgs itlb_multihit
bogomips	: 5616.00
clflush size	: 64
cache_alignment	: 64
address sizes	: 43 bits physical, 48 bits virtual
power management:

processor	: 3
vendor_id	: GenuineIntel
cpu family	: 6
model		: 158
model name	: Intel(R) Core(TM) i7-7700HQ CPU @ 2.80GHz
stepping	: 9
microcode	: 0xb4
cpu MHz		: 2808.002
cache size	: 6144 KB
physical id	: 1
siblings	: 2
core id		: 1
cpu cores	: 2
apicid		: 3
initial apicid	: 3
fpu		: yes
fpu_exception	: yes
cpuid level	: 22
wp		: yes
flags		: fpu vme de pse tsc msr pae mce cx8 apic sep mtrr pge mca cmov pat pse36 clflush mmx fxsr sse sse2 ss ht syscall nx pdpe1gb rdtscp lm constant_tsc arch_perfmon nopl xtopology tsc_reliable nonstop_tsc cpuid pni pclmulqdq ssse3 fma cx16 pcid sse4_1 sse4_2 x2apic movbe popcnt tsc_deadline_timer aes xsave avx f16c rdrand hypervisor lahf_lm abm 3dnowprefetch cpuid_fault invpcid_single pti ssbd ibrs ibpb stibp fsgsbase tsc_adjust bmi1 avx2 smep bmi2 invpcid mpx rdseed adx smap clflushopt xsaveopt xsavec xsaves arat md_clear flush_l1d arch_capabilities
bugs		: cpu_meltdown spectre_v1 spectre_v2 spec_store_bypass l1tf mds swapgs itlb_multihit
bogomips	: 5616.00
clflush size	: 64
cache_alignment	: 64
address sizes	: 43 bits physical, 48 bits virtual
power management:



Memory: 4k page, physical 4015928k(402832k free), swap 998396k(944k free)

vm_info: Java HotSpot(TM) 64-Bit Server VM (25.201-b09) for linux-amd64 JRE (1.8.0_201-b09), built on Dec 15 2018 11:35:59 by "java_re" with gcc 7.3.0

time: Sun Mar 29 09:43:02 2020
timezone: CST
elapsed time: 33 seconds (0d 0h 0m 33s)

