#
# There is insufficient memory for the Java Runtime Environment to continue.
# Native memory allocation (mmap) failed to map 16252928 bytes for committing reserved memory.
# Possible reasons:
#   The system is out of physical RAM or swap space
#   The process is running with CompressedOops enabled, and the Java Heap may be blocking the growth of the native heap
# Possible solutions:
#   Reduce memory load on the system
#   Increase physical memory or swap space
#   Check if swap backing store is full
#   Decrease Java heap size (-Xmx/-Xms)
#   Decrease number of Java threads
#   Decrease Java thread stack sizes (-Xss)
#   Set larger code cache with -XX:ReservedCodeCacheSize=
#   JVM is running with Unscaled Compressed Oops mode in which the Java heap is
#     placed in the first 4GB address space. The Java Heap base address is the
#     maximum limit for the native heap growth. Please use -XX:HeapBaseMinAddress
#     to set the Java Heap base and to place the Java Heap above 4GB virtual address.
# This output file may be truncated or incomplete.
#
#  Out of Memory Error (os_linux.cpp:2749), pid=76993, tid=0x00007fc8fc5f5700
#
# JRE version: Java(TM) SE Runtime Environment (8.0_201-b09) (build 1.8.0_201-b09)
# Java VM: Java HotSpot(TM) 64-Bit Server VM (25.201-b09 mixed mode linux-amd64 compressed oops)
# Failed to write core dump. Core dumps have been disabled. To enable core dumping, try "ulimit -c unlimited" before starting Java again
#

---------------  T H R E A D  ---------------

Current thread (0x00007fc90c140000):  VMThread [stack: 0x00007fc8fc4f5000,0x00007fc8fc5f6000] [id=77044]

Stack: [0x00007fc8fc4f5000,0x00007fc8fc5f6000],  sp=0x00007fc8fc5f4450,  free space=1021k
Native frames: (J=compiled Java code, j=interpreted, Vv=VM code, C=native code)
V  [libjvm.so+0xad3525]  VMError::report_and_die()+0x2e5
V  [libjvm.so+0x4e0457]  report_vm_out_of_memory(char const*, int, unsigned long, VMErrorType, char const*)+0x67
V  [libjvm.so+0x9102f0]  os::pd_commit_memory(char*, unsigned long, unsigned long, bool)+0x100
V  [libjvm.so+0x90791f]  os::commit_memory(char*, unsigned long, unsigned long, bool)+0x1f
V  [libjvm.so+0x98c806]  PSVirtualSpace::expand_by(unsigned long)+0x56
V  [libjvm.so+0x98da98]  PSYoungGen::resize(unsigned long, unsigned long)+0xd8
V  [libjvm.so+0x98a236]  PSScavenge::invoke_no_policy()+0x1376
V  [libjvm.so+0x98a5cc]  PSScavenge::invoke()+0x4c
V  [libjvm.so+0x93a318]  ParallelScavengeHeap::failed_mem_allocate(unsigned long)+0x68
V  [libjvm.so+0xad5073]  VM_ParallelGCFailedAllocation::doit()+0x93
V  [libjvm.so+0xada296]  VM_Operation::evaluate()+0x46
V  [libjvm.so+0xad85cd]  VMThread::evaluate_operation(VM_Operation*) [clone .constprop.44]+0xcd
V  [libjvm.so+0xad8bb3]  VMThread::loop()+0x3a3
V  [libjvm.so+0xad8f88]  VMThread::run()+0x78
V  [libjvm.so+0x90d922]  java_start(Thread*)+0x102

VM_Operation (0x00007fc8c4cf3d50): ParallelGCFailedAllocation, mode: safepoint, requested by thread 0x00007fc8b0001000


---------------  P R O C E S S  ---------------

Java Threads: ( => current thread )
  0x00007fc8b0002800 JavaThread "RMI TCP Connection(3)-127.0.0.1" daemon [_thread_blocked, id=77497, stack(0x00007fc8c48fa000,0x00007fc8c49fb000)]
  0x00007fc8b0001000 JavaThread "RMI TCP Connection(2)-127.0.0.1" daemon [_thread_blocked, id=77456, stack(0x00007fc8c4bfb000,0x00007fc8c4cfc000)]
  0x00007fc888038000 JavaThread "RMI Scheduler(0)" daemon [_thread_blocked, id=77444, stack(0x00007fc8c4cfc000,0x00007fc8c4dfd000)]
  0x00007fc888030800 JavaThread "RMI RenewClean-[127.0.0.1:2851]" daemon [_thread_blocked, id=77434, stack(0x00007fc8c4dfd000,0x00007fc8c4efe000)]
  0x00007fc8ac001000 JavaThread "RMI TCP Connection(1)-127.0.0.1" daemon [_thread_in_native, id=77407, stack(0x00007fc8c4efe000,0x00007fc8c4fff000)]
  0x00007fc89c005000 JavaThread "pool-3-thread-3" [_thread_in_native, id=77376, stack(0x00007fc8f4037000,0x00007fc8f4138000)]
  0x00007fc89c003000 JavaThread "pool-3-thread-2" [_thread_in_native, id=77374, stack(0x00007fc8f4138000,0x00007fc8f4239000)]
  0x00007fc89c002000 JavaThread "pool-3-thread-1" [_thread_in_native, id=77366, stack(0x00007fc8f4239000,0x00007fc8f433a000)]
  0x00007fc90c200800 JavaThread "Thread-3" [_thread_in_native, id=77195, stack(0x00007fc8f433a000,0x00007fc8f443b000)]
  0x00007fc90c1fe800 JavaThread "Thread-2" [_thread_in_native, id=77194, stack(0x00007fc8f443b000,0x00007fc8f453c000)]
  0x00007fc90c1fd000 JavaThread "process reaper" daemon [_thread_in_native, id=77193, stack(0x00007fc8fc03f000,0x00007fc8fc078000)]
  0x00007fc90c3e9800 JavaThread "pool-2-thread-1" [_thread_in_native, id=77169, stack(0x00007fc8f453c000,0x00007fc8f463d000)]
  0x00007fc90c3e7000 JavaThread "GC Daemon" daemon [_thread_blocked, id=77161, stack(0x00007fc8f463d000,0x00007fc8f473e000)]
  0x00007fc90c3e4000 JavaThread "RMI Reaper" [_thread_blocked, id=77154, stack(0x00007fc8f473e000,0x00007fc8f483f000)]
  0x00007fc90c3db000 JavaThread "RMI TCP Accept-12286" daemon [_thread_in_native, id=77152, stack(0x00007fc8f483f000,0x00007fc8f4940000)]
  0x00007fc90c3d6000 JavaThread "RMI TCP Accept-10239" daemon [_thread_in_native, id=77140, stack(0x00007fc8f4940000,0x00007fc8f4a41000)]
  0x00007fc90c31a800 JavaThread "logback-3" daemon [_thread_blocked, id=77133, stack(0x00007fc8f4c41000,0x00007fc8f4d42000)]
  0x00007fc90c317000 JavaThread "logback-2" daemon [_thread_blocked, id=77131, stack(0x00007fc8f4d42000,0x00007fc8f4e43000)]
  0x00007fc90c315000 JavaThread "logback-1" daemon [_thread_blocked, id=77125, stack(0x00007fc8f4e43000,0x00007fc8f4f44000)]
  0x00007fc90c189000 JavaThread "Service Thread" daemon [_thread_blocked, id=77096, stack(0x00007fc8f548e000,0x00007fc8f558f000)]
  0x00007fc90c186000 JavaThread "C1 CompilerThread2" daemon [_thread_blocked, id=77077, stack(0x00007fc8f558f000,0x00007fc8f5690000)]
  0x00007fc90c184800 JavaThread "C2 CompilerThread1" daemon [_thread_blocked, id=77073, stack(0x00007fc8f5690000,0x00007fc8f5791000)]
  0x00007fc90c181800 JavaThread "C2 CompilerThread0" daemon [_thread_in_native, id=77072, stack(0x00007fc8fc0f1000,0x00007fc8fc1f2000)]
  0x00007fc90c180000 JavaThread "Signal Dispatcher" daemon [_thread_blocked, id=77070, stack(0x00007fc8fc1f2000,0x00007fc8fc2f3000)]
  0x00007fc90c14c000 JavaThread "Finalizer" daemon [_thread_blocked, id=77060, stack(0x00007fc8fc2f3000,0x00007fc8fc3f4000)]
  0x00007fc90c149800 JavaThread "Reference Handler" daemon [_thread_blocked, id=77051, stack(0x00007fc8fc3f4000,0x00007fc8fc4f5000)]
  0x00007fc90c00a800 JavaThread "main" [_thread_in_native, id=77003, stack(0x00007fc914af3000,0x00007fc914bf4000)]

Other Threads:
=>0x00007fc90c140000 VMThread [stack: 0x00007fc8fc4f5000,0x00007fc8fc5f6000] [id=77044]
  0x00007fc90c18c000 WatcherThread [stack: 0x00007fc8f538d000,0x00007fc8f548e000] [id=77105]

VM state:at safepoint (normal execution)

VM Mutex/Monitor currently owned by a thread:  ([mutex/lock_event])
[0x00007fc90c007030] Threads_lock - owner thread: 0x00007fc90c140000
[0x00007fc90c007530] Heap_lock - owner thread: 0x00007fc8b0001000

heap address: 0x00000000c2a00000, size: 982 MB, Compressed Oops mode: 32-bit
Narrow klass base: 0x0000000000000000, Narrow klass shift: 3
Compressed class space size: 1073741824 Address: 0x0000000100000000

Heap:
 PSYoungGen      total 18432K, used 2528K [0x00000000eb900000, 0x00000000ecd80000, 0x0000000100000000)
  eden space 15872K, 0% used [0x00000000eb900000,0x00000000eb900000,0x00000000ec880000)
  from space 2560K, 98% used [0x00000000ec880000,0x00000000ecaf8030,0x00000000ecb00000)
  to   space 2560K, 0% used [0x00000000ecb00000,0x00000000ecb00000,0x00000000ecd80000)
 ParOldGen       total 42496K, used 4405K [0x00000000c2a00000, 0x00000000c5380000, 0x00000000eb900000)
  object space 42496K, 10% used [0x00000000c2a00000,0x00000000c2e4d770,0x00000000c5380000)
 Metaspace       used 13370K, capacity 13748K, committed 14080K, reserved 1060864K
  class space    used 1567K, capacity 1669K, committed 1792K, reserved 1048576K

Card table byte_map: [0x00007fc9116a8000,0x00007fc911894000] byte_map_base: 0x00007fc911093000

Marking Bits: (ParMarkBitMap*) 0x00007fc913fcad80
 Begin Bits: [0x00007fc8f6150000, 0x00007fc8f70a8000)
 End Bits:   [0x00007fc8f70a8000, 0x00007fc8f8000000)

Polling page: 0x00007fc914c0f000

CodeCache: size=245760Kb used=4034Kb max_used=4044Kb free=241725Kb
 bounds [0x00007fc8fd000000, 0x00007fc8fd400000, 0x00007fc90c000000]
 total_blobs=1560 nmethods=1213 adapters=261
 compilation: enabled

Compilation events (10 events):
Event: 30.033 Thread 0x00007fc90c186000 1211       3       ch.qos.logback.classic.LoggerContext::getTurboFilterChainDecision_0_3OrMore (31 bytes)
Event: 30.034 Thread 0x00007fc90c186000 nmethod 1211 0x00007fc8fd3ef8d0 code [0x00007fc8fd3efa60, 0x00007fc8fd3efe48]
Event: 30.034 Thread 0x00007fc90c186000 1212       3       ch.qos.logback.classic.Logger::filterAndLog_0_Or3Plus (61 bytes)
Event: 30.034 Thread 0x00007fc90c186000 nmethod 1212 0x00007fc8fd3effd0 code [0x00007fc8fd3f01c0, 0x00007fc8fd3f0bb8]
Event: 30.035 Thread 0x00007fc90c186000 1213       3       org.jgrapht.graph.AbstractBaseGraph$DirectedSpecifics::getEdgeContainer (57 bytes)
Event: 30.035 Thread 0x00007fc90c186000 nmethod 1213 0x00007fc8fd3f1150 code [0x00007fc8fd3f1340, 0x00007fc8fd3f1bb8]
Event: 30.035 Thread 0x00007fc90c184800 1214       4       java.util.ArrayList$Itr::next (66 bytes)
Event: 30.036 Thread 0x00007fc90c184800 nmethod 1214 0x00007fc8fd3f4c50 code [0x00007fc8fd3f4da0, 0x00007fc8fd3f4ed8]
Event: 30.042 Thread 0x00007fc90c186000 1215       1       org.evosuite.shaded.org.objectweb.asm.tree.LabelNode::getType (3 bytes)
Event: 30.042 Thread 0x00007fc90c186000 nmethod 1215 0x00007fc8fd3e0d50 code [0x00007fc8fd3e0ea0, 0x00007fc8fd3e0fb0]

GC Heap History (7 events):
Event: 2.188 GC heap before
{Heap before GC invocations=1 (full 0):
 PSYoungGen      total 18432K, used 15872K [0x00000000eb900000, 0x00000000ecd80000, 0x0000000100000000)
  eden space 15872K, 100% used [0x00000000eb900000,0x00000000ec880000,0x00000000ec880000)
  from space 2560K, 0% used [0x00000000ecb00000,0x00000000ecb00000,0x00000000ecd80000)
  to   space 2560K, 0% used [0x00000000ec880000,0x00000000ec880000,0x00000000ecb00000)
 ParOldGen       total 42496K, used 0K [0x00000000c2a00000, 0x00000000c5380000, 0x00000000eb900000)
  object space 42496K, 0% used [0x00000000c2a00000,0x00000000c2a00000,0x00000000c5380000)
 Metaspace       used 10009K, capacity 10188K, committed 10368K, reserved 1058816K
  class space    used 1212K, capacity 1287K, committed 1408K, reserved 1048576K
Event: 2.198 GC heap after
Heap after GC invocations=1 (full 0):
 PSYoungGen      total 18432K, used 2528K [0x00000000eb900000, 0x00000000ecd80000, 0x0000000100000000)
  eden space 15872K, 0% used [0x00000000eb900000,0x00000000eb900000,0x00000000ec880000)
  from space 2560K, 98% used [0x00000000ec880000,0x00000000ecaf8010,0x00000000ecb00000)
  to   space 2560K, 0% used [0x00000000ecb00000,0x00000000ecb00000,0x00000000ecd80000)
 ParOldGen       total 42496K, used 1615K [0x00000000c2a00000, 0x00000000c5380000, 0x00000000eb900000)
  object space 42496K, 3% used [0x00000000c2a00000,0x00000000c2b93fe0,0x00000000c5380000)
 Metaspace       used 10009K, capacity 10188K, committed 10368K, reserved 1058816K
  class space    used 1212K, capacity 1287K, committed 1408K, reserved 1048576K
}
Event: 2.278 GC heap before
{Heap before GC invocations=2 (full 0):
 PSYoungGen      total 18432K, used 3393K [0x00000000eb900000, 0x00000000ecd80000, 0x0000000100000000)
  eden space 15872K, 5% used [0x00000000eb900000,0x00000000eb9d8598,0x00000000ec880000)
  from space 2560K, 98% used [0x00000000ec880000,0x00000000ecaf8010,0x00000000ecb00000)
  to   space 2560K, 0% used [0x00000000ecb00000,0x00000000ecb00000,0x00000000ecd80000)
 ParOldGen       total 42496K, used 1615K [0x00000000c2a00000, 0x00000000c5380000, 0x00000000eb900000)
  object space 42496K, 3% used [0x00000000c2a00000,0x00000000c2b93fe0,0x00000000c5380000)
 Metaspace       used 10146K, capacity 10252K, committed 10624K, reserved 1058816K
  class space    used 1227K, capacity 1287K, committed 1408K, reserved 1048576K
Event: 2.287 GC heap after
Heap after GC invocations=2 (full 0):
 PSYoungGen      total 18432K, used 2544K [0x00000000eb900000, 0x00000000ecd80000, 0x0000000100000000)
  eden space 15872K, 0% used [0x00000000eb900000,0x00000000eb900000,0x00000000ec880000)
  from space 2560K, 99% used [0x00000000ecb00000,0x00000000ecd7c030,0x00000000ecd80000)
  to   space 2560K, 0% used [0x00000000ec880000,0x00000000ec880000,0x00000000ecb00000)
 ParOldGen       total 42496K, used 1708K [0x00000000c2a00000, 0x00000000c5380000, 0x00000000eb900000)
  object space 42496K, 4% used [0x00000000c2a00000,0x00000000c2bab0c8,0x00000000c5380000)
 Metaspace       used 10146K, capacity 10252K, committed 10624K, reserved 1058816K
  class space    used 1227K, capacity 1287K, committed 1408K, reserved 1048576K
}
Event: 2.287 GC heap before
{Heap before GC invocations=3 (full 1):
 PSYoungGen      total 18432K, used 2544K [0x00000000eb900000, 0x00000000ecd80000, 0x0000000100000000)
  eden space 15872K, 0% used [0x00000000eb900000,0x00000000eb900000,0x00000000ec880000)
  from space 2560K, 99% used [0x00000000ecb00000,0x00000000ecd7c030,0x00000000ecd80000)
  to   space 2560K, 0% used [0x00000000ec880000,0x00000000ec880000,0x00000000ecb00000)
 ParOldGen       total 42496K, used 1708K [0x00000000c2a00000, 0x00000000c5380000, 0x00000000eb900000)
  object space 42496K, 4% used [0x00000000c2a00000,0x00000000c2bab0c8,0x00000000c5380000)
 Metaspace       used 10146K, capacity 10252K, committed 10624K, reserved 1058816K
  class space    used 1227K, capacity 1287K, committed 1408K, reserved 1048576K
Event: 2.380 GC heap after
Heap after GC invocations=3 (full 1):
 PSYoungGen      total 18432K, used 0K [0x00000000eb900000, 0x00000000ecd80000, 0x0000000100000000)
  eden space 15872K, 0% used [0x00000000eb900000,0x00000000eb900000,0x00000000ec880000)
  from space 2560K, 0% used [0x00000000ecb00000,0x00000000ecb00000,0x00000000ecd80000)
  to   space 2560K, 0% used [0x00000000ec880000,0x00000000ec880000,0x00000000ecb00000)
 ParOldGen       total 42496K, used 2630K [0x00000000c2a00000, 0x00000000c5380000, 0x00000000eb900000)
  object space 42496K, 6% used [0x00000000c2a00000,0x00000000c2c91a00,0x00000000c5380000)
 Metaspace       used 10138K, capacity 10242K, committed 10624K, reserved 1058816K
  class space    used 1225K, capacity 1285K, committed 1408K, reserved 1048576K
}
Event: 30.073 GC heap before
{Heap before GC invocations=4 (full 1):
 PSYoungGen      total 18432K, used 15872K [0x00000000eb900000, 0x00000000ecd80000, 0x0000000100000000)
  eden space 15872K, 100% used [0x00000000eb900000,0x00000000ec880000,0x00000000ec880000)
  from space 2560K, 0% used [0x00000000ecb00000,0x00000000ecb00000,0x00000000ecd80000)
  to   space 2560K, 0% used [0x00000000ec880000,0x00000000ec880000,0x00000000ecb00000)
 ParOldGen       total 42496K, used 2630K [0x00000000c2a00000, 0x00000000c5380000, 0x00000000eb900000)
  object space 42496K, 6% used [0x00000000c2a00000,0x00000000c2c91a00,0x00000000c5380000)
 Metaspace       used 13370K, capacity 13748K, committed 14080K, reserved 1060864K
  class space    used 1567K, capacity 1669K, committed 1792K, reserved 1048576K

Deoptimization events (10 events):
Event: 4.462 Thread 0x00007fc8ac001000 Uncommon trap: reason=unstable_if action=reinterpret pc=0x00007fc8fd3070b0 method=sun.misc.MetaIndex.mayContain(Ljava/lang/String;)Z @ 38
Event: 4.462 Thread 0x00007fc8ac001000 Uncommon trap: reason=unstable_if action=reinterpret pc=0x00007fc8fd1f2bcc method=sun.misc.MetaIndex.mayContain(Ljava/lang/String;)Z @ 38
Event: 26.725 Thread 0x00007fc8b0001000 Uncommon trap: reason=bimorphic action=maybe_recompile pc=0x00007fc8fd26da90 method=java.util.HashMap.putVal(ILjava/lang/Object;Ljava/lang/Object;ZZ)Ljava/lang/Object; @ 91
Event: 26.725 Thread 0x00007fc8b0001000 Uncommon trap: reason=bimorphic action=maybe_recompile pc=0x00007fc8fd26da90 method=java.util.HashMap.putVal(ILjava/lang/Object;Ljava/lang/Object;ZZ)Ljava/lang/Object; @ 91
Event: 26.725 Thread 0x00007fc8b0001000 Uncommon trap: reason=bimorphic action=maybe_recompile pc=0x00007fc8fd26da90 method=java.util.HashMap.putVal(ILjava/lang/Object;Ljava/lang/Object;ZZ)Ljava/lang/Object; @ 91
Event: 26.726 Thread 0x00007fc8b0001000 Uncommon trap: reason=bimorphic action=maybe_recompile pc=0x00007fc8fd26da90 method=java.util.HashMap.putVal(ILjava/lang/Object;Ljava/lang/Object;ZZ)Ljava/lang/Object; @ 91
Event: 27.368 Thread 0x00007fc8b0002800 Uncommon trap: reason=unstable_if action=reinterpret pc=0x00007fc8fd3b7dd8 method=java.io.ObjectInputStream.defaultReadFields(Ljava/lang/Object;Ljava/io/ObjectStreamClass;)V @ 39
Event: 27.536 Thread 0x00007fc8b0001000 Uncommon trap: reason=unstable_if action=reinterpret pc=0x00007fc8fd394a04 method=java.io.ObjectStreamClass$FieldReflector.setObjFieldValues(Ljava/lang/Object;[Ljava/lang/Object;)V @ 92
Event: 27.710 Thread 0x00007fc8b0001000 Uncommon trap: reason=uninitialized action=reinterpret pc=0x00007fc8fd3c3b54 method=java.io.ObjectInputStream$HandleTable.markDependency(II)V @ 110
Event: 29.994 Thread 0x00007fc8b0001000 Uncommon trap: reason=class_check action=maybe_recompile pc=0x00007fc8fd3b9cb4 method=java.util.HashMap.putVal(ILjava/lang/Object;Ljava/lang/Object;ZZ)Ljava/lang/Object; @ 203

Classes redefined (0 events):
No events

Internal exceptions (10 events):
Event: 4.581 Thread 0x00007fc888030800 Exception <a 'java/lang/InterruptedException'> (0x00000000ebad91b8) thrown at [/HUDSON/workspace/8-2-build-linux-amd64/jdk8u201/12317/hotspot/src/share/vm/runtime/objectMonitor.cpp, line 1684]
Event: 11.282 Thread 0x00007fc90c317000 Exception <a 'java/net/ConnectException'> (0x00000000ebb3cea8) thrown at [/HUDSON/workspace/8-2-build-linux-amd64/jdk8u201/12317/hotspot/src/share/vm/prims/jni.cpp, line 709]
Event: 11.289 Thread 0x00007fc90c31a800 Exception <a 'java/net/ConnectException'> (0x00000000ebb64a50) thrown at [/HUDSON/workspace/8-2-build-linux-amd64/jdk8u201/12317/hotspot/src/share/vm/prims/jni.cpp, line 709]
Event: 11.311 Thread 0x00007fc90c315000 Exception <a 'java/net/ConnectException'> (0x00000000ebb8c5f8) thrown at [/HUDSON/workspace/8-2-build-linux-amd64/jdk8u201/12317/hotspot/src/share/vm/prims/jni.cpp, line 709]
Event: 21.283 Thread 0x00007fc90c317000 Exception <a 'java/net/ConnectException'> (0x00000000ebb3d9d0) thrown at [/HUDSON/workspace/8-2-build-linux-amd64/jdk8u201/12317/hotspot/src/share/vm/prims/jni.cpp, line 709]
Event: 21.290 Thread 0x00007fc90c31a800 Exception <a 'java/net/ConnectException'> (0x00000000ebb65578) thrown at [/HUDSON/workspace/8-2-build-linux-amd64/jdk8u201/12317/hotspot/src/share/vm/prims/jni.cpp, line 709]
Event: 21.311 Thread 0x00007fc90c315000 Exception <a 'java/net/ConnectException'> (0x00000000ebb8d120) thrown at [/HUDSON/workspace/8-2-build-linux-amd64/jdk8u201/12317/hotspot/src/share/vm/prims/jni.cpp, line 709]
Event: 27.368 Thread 0x00007fc8b0002800 Implicit null exception at 0x00007fc8fd3b6f96 to 0x00007fc8fd3b7db5
Event: 27.529 Thread 0x00007fc8b0001000 Exception <a 'java/lang/NoSuchMethodError': <clinit>> (0x00000000ec2c3458) thrown at [/HUDSON/workspace/8-2-build-linux-amd64/jdk8u201/12317/hotspot/src/share/vm/prims/jni.cpp, line 1613]
Event: 27.536 Thread 0x00007fc8b0001000 Implicit null exception at 0x00007fc8fd3946fc to 0x00007fc8fd3949dd

Events (10 events):
Event: 29.919 loading class org/evosuite/instrumentation/testability/BooleanTestabilityTransformation
Event: 29.919 loading class org/evosuite/instrumentation/testability/BooleanTestabilityTransformation done
Event: 29.921 loading class org/evosuite/instrumentation/BooleanArrayInterpreter
Event: 29.921 loading class org/evosuite/instrumentation/BooleanArrayInterpreter done
Event: 29.922 loading class org/evosuite/instrumentation/testability/DescriptorMapping
Event: 29.922 loading class org/evosuite/instrumentation/testability/DescriptorMapping done
Event: 29.994 Thread 0x00007fc8b0001000 Uncommon trap: trap_request=0xffffffde fr.pc=0x00007fc8fd3b9cb4
Event: 29.994 Thread 0x00007fc8b0001000 DEOPT PACKING pc=0x00007fc8fd3b9cb4 sp=0x00007fc8c4cf3f70
Event: 29.994 Thread 0x00007fc8b0001000 DEOPT UNPACKING pc=0x00007fc8fd04573a sp=0x00007fc8c4cf3f08 mode 2
Event: 30.042 Executing VM operation: ParallelGCFailedAllocation


Dynamic libraries:
00400000-00401000 r-xp 00000000 08:01 654793                             /usr/lib/jdk/jdk1.8.0_201/bin/java
00600000-00601000 r--p 00000000 08:01 654793                             /usr/lib/jdk/jdk1.8.0_201/bin/java
00601000-00602000 rw-p 00001000 08:01 654793                             /usr/lib/jdk/jdk1.8.0_201/bin/java
0166a000-0190e000 rw-p 00000000 00:00 0                                  [heap]
c2a00000-c5380000 rw-p 00000000 00:00 0 
c5380000-eb900000 ---p 00000000 00:00 0 
eb900000-ecd80000 rw-p 00000000 00:00 0 
edd00000-100000000 ---p 00000000 00:00 0 
100000000-1001c0000 rw-p 00000000 00:00 0 
1001c0000-140000000 ---p 00000000 00:00 0 
7fc87c000000-7fc87c021000 rw-p 00000000 00:00 0 
7fc87c021000-7fc880000000 ---p 00000000 00:00 0 
7fc880000000-7fc880021000 rw-p 00000000 00:00 0 
7fc880021000-7fc884000000 ---p 00000000 00:00 0 
7fc884000000-7fc884021000 rw-p 00000000 00:00 0 
7fc884021000-7fc888000000 ---p 00000000 00:00 0 
7fc888000000-7fc88803b000 rw-p 00000000 00:00 0 
7fc88803b000-7fc88c000000 ---p 00000000 00:00 0 
7fc88c000000-7fc88c021000 rw-p 00000000 00:00 0 
7fc88c021000-7fc890000000 ---p 00000000 00:00 0 
7fc890000000-7fc890021000 rw-p 00000000 00:00 0 
7fc890021000-7fc894000000 ---p 00000000 00:00 0 
7fc894000000-7fc894021000 rw-p 00000000 00:00 0 
7fc894021000-7fc898000000 ---p 00000000 00:00 0 
7fc898000000-7fc898021000 rw-p 00000000 00:00 0 
7fc898021000-7fc89c000000 ---p 00000000 00:00 0 
7fc89c000000-7fc89c021000 rw-p 00000000 00:00 0 
7fc89c021000-7fc8a0000000 ---p 00000000 00:00 0 
7fc8a0000000-7fc8a0021000 rw-p 00000000 00:00 0 
7fc8a0021000-7fc8a4000000 ---p 00000000 00:00 0 
7fc8a4000000-7fc8a4021000 rw-p 00000000 00:00 0 
7fc8a4021000-7fc8a8000000 ---p 00000000 00:00 0 
7fc8a8000000-7fc8a8021000 rw-p 00000000 00:00 0 
7fc8a8021000-7fc8ac000000 ---p 00000000 00:00 0 
7fc8ac000000-7fc8ac021000 rw-p 00000000 00:00 0 
7fc8ac021000-7fc8b0000000 ---p 00000000 00:00 0 
7fc8b0000000-7fc8b0021000 rw-p 00000000 00:00 0 
7fc8b0021000-7fc8b4000000 ---p 00000000 00:00 0 
7fc8b4000000-7fc8b4021000 rw-p 00000000 00:00 0 
7fc8b4021000-7fc8b8000000 ---p 00000000 00:00 0 
7fc8b8000000-7fc8b8021000 rw-p 00000000 00:00 0 
7fc8b8021000-7fc8bc000000 ---p 00000000 00:00 0 
7fc8bc000000-7fc8bc021000 rw-p 00000000 00:00 0 
7fc8bc021000-7fc8c0000000 ---p 00000000 00:00 0 
7fc8c0000000-7fc8c0021000 rw-p 00000000 00:00 0 
7fc8c0021000-7fc8c4000000 ---p 00000000 00:00 0 
7fc8c46cf000-7fc8c48fa000 rw-p 00000000 00:00 0 
7fc8c48fa000-7fc8c48fd000 ---p 00000000 00:00 0 
7fc8c48fd000-7fc8c4bfb000 rw-p 00000000 00:00 0 
7fc8c4bfb000-7fc8c4bfe000 ---p 00000000 00:00 0 
7fc8c4bfe000-7fc8c4cfc000 rw-p 00000000 00:00 0 
7fc8c4cfc000-7fc8c4cff000 ---p 00000000 00:00 0 
7fc8c4cff000-7fc8c4dfd000 rw-p 00000000 00:00 0 
7fc8c4dfd000-7fc8c4e00000 ---p 00000000 00:00 0 
7fc8c4e00000-7fc8c4efe000 rw-p 00000000 00:00 0 
7fc8c4efe000-7fc8c4f01000 ---p 00000000 00:00 0 
7fc8c4f01000-7fc8c8000000 rw-p 00000000 00:00 0 
7fc8c8000000-7fc8c8574000 rw-p 00000000 00:00 0 
7fc8c8574000-7fc8cc000000 ---p 00000000 00:00 0 
7fc8cc000000-7fc8cc021000 rw-p 00000000 00:00 0 
7fc8cc021000-7fc8d0000000 ---p 00000000 00:00 0 
7fc8d0000000-7fc8d1098000 rw-p 00000000 00:00 0 
7fc8d1098000-7fc8d4000000 ---p 00000000 00:00 0 
7fc8d4000000-7fc8d4369000 rw-p 00000000 00:00 0 
7fc8d4369000-7fc8d8000000 ---p 00000000 00:00 0 
7fc8d8000000-7fc8d8021000 rw-p 00000000 00:00 0 
7fc8d8021000-7fc8dc000000 ---p 00000000 00:00 0 
7fc8dc000000-7fc8dc021000 rw-p 00000000 00:00 0 
7fc8dc021000-7fc8e0000000 ---p 00000000 00:00 0 
7fc8e0000000-7fc8e02a3000 rw-p 00000000 00:00 0 
7fc8e02a3000-7fc8e4000000 ---p 00000000 00:00 0 
7fc8e4000000-7fc8e4021000 rw-p 00000000 00:00 0 
7fc8e4021000-7fc8e8000000 ---p 00000000 00:00 0 
7fc8e8000000-7fc8e8021000 rw-p 00000000 00:00 0 
7fc8e8021000-7fc8ec000000 ---p 00000000 00:00 0 
7fc8ec000000-7fc8ec021000 rw-p 00000000 00:00 0 
7fc8ec021000-7fc8f0000000 ---p 00000000 00:00 0 
7fc8f0000000-7fc8f0021000 rw-p 00000000 00:00 0 
7fc8f0021000-7fc8f4000000 ---p 00000000 00:00 0 
7fc8f4037000-7fc8f403a000 ---p 00000000 00:00 0 
7fc8f403a000-7fc8f4138000 rw-p 00000000 00:00 0 
7fc8f4138000-7fc8f413b000 ---p 00000000 00:00 0 
7fc8f413b000-7fc8f4239000 rw-p 00000000 00:00 0 
7fc8f4239000-7fc8f423c000 ---p 00000000 00:00 0 
7fc8f423c000-7fc8f433a000 rw-p 00000000 00:00 0 
7fc8f433a000-7fc8f433d000 ---p 00000000 00:00 0 
7fc8f433d000-7fc8f443b000 rw-p 00000000 00:00 0 
7fc8f443b000-7fc8f443e000 ---p 00000000 00:00 0 
7fc8f443e000-7fc8f453c000 rw-p 00000000 00:00 0 
7fc8f453c000-7fc8f453f000 ---p 00000000 00:00 0 
7fc8f453f000-7fc8f463d000 rw-p 00000000 00:00 0 
7fc8f463d000-7fc8f4640000 ---p 00000000 00:00 0 
7fc8f4640000-7fc8f473e000 rw-p 00000000 00:00 0 
7fc8f473e000-7fc8f4741000 ---p 00000000 00:00 0 
7fc8f4741000-7fc8f483f000 rw-p 00000000 00:00 0 
7fc8f483f000-7fc8f4842000 ---p 00000000 00:00 0 
7fc8f4842000-7fc8f4940000 rw-p 00000000 00:00 0 
7fc8f4940000-7fc8f4943000 ---p 00000000 00:00 0 
7fc8f4943000-7fc8f4c41000 rw-p 00000000 00:00 0 
7fc8f4c41000-7fc8f4c44000 ---p 00000000 00:00 0 
7fc8f4c44000-7fc8f4d42000 rw-p 00000000 00:00 0 
7fc8f4d42000-7fc8f4d45000 ---p 00000000 00:00 0 
7fc8f4d45000-7fc8f4e43000 rw-p 00000000 00:00 0 
7fc8f4e43000-7fc8f4e46000 ---p 00000000 00:00 0 
7fc8f4e46000-7fc8f4f44000 rw-p 00000000 00:00 0 
7fc8f4f44000-7fc8f4f5a000 r-xp 00000000 08:01 656512                     /usr/lib/jdk/jdk1.8.0_201/jre/lib/amd64/libnet.so
7fc8f4f5a000-7fc8f515a000 ---p 00016000 08:01 656512                     /usr/lib/jdk/jdk1.8.0_201/jre/lib/amd64/libnet.so
7fc8f515a000-7fc8f515b000 r--p 00016000 08:01 656512                     /usr/lib/jdk/jdk1.8.0_201/jre/lib/amd64/libnet.so
7fc8f515b000-7fc8f515c000 rw-p 00017000 08:01 656512                     /usr/lib/jdk/jdk1.8.0_201/jre/lib/amd64/libnet.so
7fc8f515c000-7fc8f538d000 r--s 01bb1000 08:01 403225                     /home/hewitt/work/DiffTGen-master/lib/evosuite-1.0.6.jar
7fc8f538d000-7fc8f538e000 ---p 00000000 00:00 0 
7fc8f538e000-7fc8f548e000 rw-p 00000000 00:00 0 
7fc8f548e000-7fc8f5491000 ---p 00000000 00:00 0 
7fc8f5491000-7fc8f558f000 rw-p 00000000 00:00 0 
7fc8f558f000-7fc8f5592000 ---p 00000000 00:00 0 
7fc8f5592000-7fc8f5690000 rw-p 00000000 00:00 0 
7fc8f5690000-7fc8f5693000 ---p 00000000 00:00 0 
7fc8f5693000-7fc8f5791000 rw-p 00000000 00:00 0 
7fc8f5791000-7fc8f6150000 r--p 00000000 08:01 270368                     /usr/lib/locale/locale-archive
7fc8f6150000-7fc8f8000000 rw-p 00000000 00:00 0 
7fc8f8000000-7fc8f8021000 rw-p 00000000 00:00 0 
7fc8f8021000-7fc8fc000000 ---p 00000000 00:00 0 
7fc8fc03f000-7fc8fc042000 ---p 00000000 00:00 0 
7fc8fc042000-7fc8fc078000 rw-p 00000000 00:00 0 
7fc8fc078000-7fc8fc0f1000 r--s 010fd000 08:01 654900                     /usr/lib/jdk/jdk1.8.0_201/lib/tools.jar
7fc8fc0f1000-7fc8fc0f4000 ---p 00000000 00:00 0 
7fc8fc0f4000-7fc8fc1f2000 rw-p 00000000 00:00 0 
7fc8fc1f2000-7fc8fc1f5000 ---p 00000000 00:00 0 
7fc8fc1f5000-7fc8fc2f3000 rw-p 00000000 00:00 0 
7fc8fc2f3000-7fc8fc2f6000 ---p 00000000 00:00 0 
7fc8fc2f6000-7fc8fc3f4000 rw-p 00000000 00:00 0 
7fc8fc3f4000-7fc8fc3f7000 ---p 00000000 00:00 0 
7fc8fc3f7000-7fc8fc4f5000 rw-p 00000000 00:00 0 
7fc8fc4f5000-7fc8fc4f6000 ---p 00000000 00:00 0 
7fc8fc4f6000-7fc8fd000000 rw-p 00000000 00:00 0 
7fc8fd000000-7fc8fd400000 rwxp 00000000 00:00 0 
7fc8fd400000-7fc90c000000 ---p 00000000 00:00 0 
7fc90c000000-7fc90c4f7000 rw-p 00000000 00:00 0 
7fc90c4f7000-7fc910000000 ---p 00000000 00:00 0 
7fc910000000-7fc91001c000 r--s 00393000 08:01 656354                     /usr/lib/jdk/jdk1.8.0_201/jre/lib/ext/cldrdata.jar
7fc91001c000-7fc910521000 rw-p 00000000 00:00 0 
7fc910521000-7fc9106fb000 r--s 03d6f000 08:01 656293                     /usr/lib/jdk/jdk1.8.0_201/jre/lib/rt.jar
7fc9106fb000-7fc91115c000 rw-p 00000000 00:00 0 
7fc91115c000-7fc91115d000 ---p 00000000 00:00 0 
7fc91115d000-7fc91125d000 rw-p 00000000 00:00 0 
7fc91125d000-7fc91125e000 ---p 00000000 00:00 0 
7fc91125e000-7fc91135e000 rw-p 00000000 00:00 0 
7fc91135e000-7fc91135f000 ---p 00000000 00:00 0 
7fc91135f000-7fc91145f000 rw-p 00000000 00:00 0 
7fc91145f000-7fc911460000 ---p 00000000 00:00 0 
7fc911460000-7fc911575000 rw-p 00000000 00:00 0 
7fc911575000-7fc9116a8000 ---p 00000000 00:00 0 
7fc9116a8000-7fc9116bd000 rw-p 00000000 00:00 0 
7fc9116bd000-7fc9117ef000 ---p 00000000 00:00 0 
7fc9117ef000-7fc9117fa000 rw-p 00000000 00:00 0 
7fc9117fa000-7fc911893000 ---p 00000000 00:00 0 
7fc911893000-7fc9118a4000 rw-p 00000000 00:00 0 
7fc9118a4000-7fc911c54000 ---p 00000000 00:00 0 
7fc911c54000-7fc911c6f000 r-xp 00000000 08:01 656508                     /usr/lib/jdk/jdk1.8.0_201/jre/lib/amd64/libzip.so
7fc911c6f000-7fc911e6e000 ---p 0001b000 08:01 656508                     /usr/lib/jdk/jdk1.8.0_201/jre/lib/amd64/libzip.so
7fc911e6e000-7fc911e6f000 r--p 0001a000 08:01 656508                     /usr/lib/jdk/jdk1.8.0_201/jre/lib/amd64/libzip.so
7fc911e6f000-7fc911e70000 rw-p 0001b000 08:01 656508                     /usr/lib/jdk/jdk1.8.0_201/jre/lib/amd64/libzip.so
7fc911e70000-7fc911e7b000 r-xp 00000000 08:01 658902                     /lib/x86_64-linux-gnu/libnss_files-2.23.so
7fc911e7b000-7fc91207a000 ---p 0000b000 08:01 658902                     /lib/x86_64-linux-gnu/libnss_files-2.23.so
7fc91207a000-7fc91207b000 r--p 0000a000 08:01 658902                     /lib/x86_64-linux-gnu/libnss_files-2.23.so
7fc91207b000-7fc91207c000 rw-p 0000b000 08:01 658902                     /lib/x86_64-linux-gnu/libnss_files-2.23.so
7fc91207c000-7fc912082000 rw-p 00000000 00:00 0 
7fc912082000-7fc91208d000 r-xp 00000000 08:01 658912                     /lib/x86_64-linux-gnu/libnss_nis-2.23.so
7fc91208d000-7fc91228c000 ---p 0000b000 08:01 658912                     /lib/x86_64-linux-gnu/libnss_nis-2.23.so
7fc91228c000-7fc91228d000 r--p 0000a000 08:01 658912                     /lib/x86_64-linux-gnu/libnss_nis-2.23.so
7fc91228d000-7fc91228e000 rw-p 0000b000 08:01 658912                     /lib/x86_64-linux-gnu/libnss_nis-2.23.so
7fc91228e000-7fc9122a4000 r-xp 00000000 08:01 658896                     /lib/x86_64-linux-gnu/libnsl-2.23.so
7fc9122a4000-7fc9124a3000 ---p 00016000 08:01 658896                     /lib/x86_64-linux-gnu/libnsl-2.23.so
7fc9124a3000-7fc9124a4000 r--p 00015000 08:01 658896                     /lib/x86_64-linux-gnu/libnsl-2.23.so
7fc9124a4000-7fc9124a5000 rw-p 00016000 08:01 658896                     /lib/x86_64-linux-gnu/libnsl-2.23.so
7fc9124a5000-7fc9124a7000 rw-p 00000000 00:00 0 
7fc9124a7000-7fc9124af000 r-xp 00000000 08:01 658898                     /lib/x86_64-linux-gnu/libnss_compat-2.23.so
7fc9124af000-7fc9126ae000 ---p 00008000 08:01 658898                     /lib/x86_64-linux-gnu/libnss_compat-2.23.so
7fc9126ae000-7fc9126af000 r--p 00007000 08:01 658898                     /lib/x86_64-linux-gnu/libnss_compat-2.23.so
7fc9126af000-7fc9126b0000 rw-p 00008000 08:01 658898                     /lib/x86_64-linux-gnu/libnss_compat-2.23.so
7fc9126b0000-7fc9126dc000 r-xp 00000000 08:01 656502                     /usr/lib/jdk/jdk1.8.0_201/jre/lib/amd64/libjava.so
7fc9126dc000-7fc9128dc000 ---p 0002c000 08:01 656502                     /usr/lib/jdk/jdk1.8.0_201/jre/lib/amd64/libjava.so
7fc9128dc000-7fc9128dd000 r--p 0002c000 08:01 656502                     /usr/lib/jdk/jdk1.8.0_201/jre/lib/amd64/libjava.so
7fc9128dd000-7fc9128df000 rw-p 0002d000 08:01 656502                     /usr/lib/jdk/jdk1.8.0_201/jre/lib/amd64/libjava.so
7fc9128df000-7fc9128ec000 r-xp 00000000 08:01 656507                     /usr/lib/jdk/jdk1.8.0_201/jre/lib/amd64/libverify.so
7fc9128ec000-7fc912aeb000 ---p 0000d000 08:01 656507                     /usr/lib/jdk/jdk1.8.0_201/jre/lib/amd64/libverify.so
7fc912aeb000-7fc912aed000 r--p 0000c000 08:01 656507                     /usr/lib/jdk/jdk1.8.0_201/jre/lib/amd64/libverify.so
7fc912aed000-7fc912aee000 rw-p 0000e000 08:01 656507                     /usr/lib/jdk/jdk1.8.0_201/jre/lib/amd64/libverify.so
7fc912aee000-7fc912af5000 r-xp 00000000 08:01 658957                     /lib/x86_64-linux-gnu/librt-2.23.so
7fc912af5000-7fc912cf4000 ---p 00007000 08:01 658957                     /lib/x86_64-linux-gnu/librt-2.23.so
7fc912cf4000-7fc912cf5000 r--p 00006000 08:01 658957                     /lib/x86_64-linux-gnu/librt-2.23.so
7fc912cf5000-7fc912cf6000 rw-p 00007000 08:01 658957                     /lib/x86_64-linux-gnu/librt-2.23.so
7fc912cf6000-7fc912dfe000 r-xp 00000000 08:01 658873                     /lib/x86_64-linux-gnu/libm-2.23.so
7fc912dfe000-7fc912ffd000 ---p 00108000 08:01 658873                     /lib/x86_64-linux-gnu/libm-2.23.so
7fc912ffd000-7fc912ffe000 r--p 00107000 08:01 658873                     /lib/x86_64-linux-gnu/libm-2.23.so
7fc912ffe000-7fc912fff000 rw-p 00108000 08:01 658873                     /lib/x86_64-linux-gnu/libm-2.23.so
7fc912fff000-7fc913ce7000 r-xp 00000000 08:01 656484                     /usr/lib/jdk/jdk1.8.0_201/jre/lib/amd64/server/libjvm.so
7fc913ce7000-7fc913ee6000 ---p 00ce8000 08:01 656484                     /usr/lib/jdk/jdk1.8.0_201/jre/lib/amd64/server/libjvm.so
7fc913ee6000-7fc913f7c000 r--p 00ce7000 08:01 656484                     /usr/lib/jdk/jdk1.8.0_201/jre/lib/amd64/server/libjvm.so
7fc913f7c000-7fc913fad000 rw-p 00d7d000 08:01 656484                     /usr/lib/jdk/jdk1.8.0_201/jre/lib/amd64/server/libjvm.so
7fc913fad000-7fc913fe8000 rw-p 00000000 00:00 0 
7fc913fe8000-7fc9141a8000 r-xp 00000000 08:01 658803                     /lib/x86_64-linux-gnu/libc-2.23.so
7fc9141a8000-7fc9143a8000 ---p 001c0000 08:01 658803                     /lib/x86_64-linux-gnu/libc-2.23.so
7fc9143a8000-7fc9143ac000 r--p 001c0000 08:01 658803                     /lib/x86_64-linux-gnu/libc-2.23.so
7fc9143ac000-7fc9143ae000 rw-p 001c4000 08:01 658803                     /lib/x86_64-linux-gnu/libc-2.23.so
7fc9143ae000-7fc9143b2000 rw-p 00000000 00:00 0 
7fc9143b2000-7fc9143b5000 r-xp 00000000 08:01 658827                     /lib/x86_64-linux-gnu/libdl-2.23.so
7fc9143b5000-7fc9145b4000 ---p 00003000 08:01 658827                     /lib/x86_64-linux-gnu/libdl-2.23.so
7fc9145b4000-7fc9145b5000 r--p 00002000 08:01 658827                     /lib/x86_64-linux-gnu/libdl-2.23.so
7fc9145b5000-7fc9145b6000 rw-p 00003000 08:01 658827                     /lib/x86_64-linux-gnu/libdl-2.23.so
7fc9145b6000-7fc9145cd000 r-xp 00000000 08:01 656155                     /usr/lib/jdk/jdk1.8.0_201/lib/amd64/jli/libjli.so
7fc9145cd000-7fc9147cc000 ---p 00017000 08:01 656155                     /usr/lib/jdk/jdk1.8.0_201/lib/amd64/jli/libjli.so
7fc9147cc000-7fc9147cd000 r--p 00016000 08:01 656155                     /usr/lib/jdk/jdk1.8.0_201/lib/amd64/jli/libjli.so
7fc9147cd000-7fc9147ce000 rw-p 00017000 08:01 656155                     /usr/lib/jdk/jdk1.8.0_201/lib/amd64/jli/libjli.so
7fc9147ce000-7fc9147e6000 r-xp 00000000 08:01 658949                     /lib/x86_64-linux-gnu/libpthread-2.23.so
7fc9147e6000-7fc9149e5000 ---p 00018000 08:01 658949                     /lib/x86_64-linux-gnu/libpthread-2.23.so
7fc9149e5000-7fc9149e6000 r--p 00017000 08:01 658949                     /lib/x86_64-linux-gnu/libpthread-2.23.so
7fc9149e6000-7fc9149e7000 rw-p 00018000 08:01 658949                     /lib/x86_64-linux-gnu/libpthread-2.23.so
7fc9149e7000-7fc9149eb000 rw-p 00000000 00:00 0 
7fc9149eb000-7fc914a11000 r-xp 00000000 08:01 658775                     /lib/x86_64-linux-gnu/ld-2.23.so
7fc914a18000-7fc914a22000 r--s 00116000 08:01 656361                     /usr/lib/jdk/jdk1.8.0_201/jre/lib/ext/localedata.jar
7fc914a22000-7fc914a35000 r--s 000d2000 08:01 429497                     /home/hewitt/work/DiffTGen-master/output/patch1-Math-63-CapGen/Math_63_1_capgen/target/build/classes/all0.jar
7fc914a35000-7fc914af3000 rw-p 00000000 00:00 0 
7fc914af3000-7fc914af6000 ---p 00000000 00:00 0 
7fc914af6000-7fc914bf9000 rw-p 00000000 00:00 0 
7fc914bf9000-7fc914bfd000 r--s 000a1000 08:01 656350                     /usr/lib/jdk/jdk1.8.0_201/jre/lib/jsse.jar
7fc914bfd000-7fc914c05000 r--s 0006e000 08:01 398946                     /home/hewitt/work/DiffTGen-master/lib/commons-lang3-3.5.jar
7fc914c05000-7fc914c06000 r--s 00000000 08:01 398951                     /home/hewitt/work/DiffTGen-master/lib/myprinter.jar
7fc914c06000-7fc914c0e000 rw-s 00000000 08:01 153629                     /tmp/hsperfdata_hewitt/76993
7fc914c0e000-7fc914c0f000 rw-p 00000000 00:00 0 
7fc914c0f000-7fc914c10000 ---p 00000000 00:00 0 
7fc914c10000-7fc914c11000 r--p 00025000 08:01 658775                     /lib/x86_64-linux-gnu/ld-2.23.so
7fc914c11000-7fc914c12000 rw-p 00026000 08:01 658775                     /lib/x86_64-linux-gnu/ld-2.23.so
7fc914c12000-7fc914c13000 rw-p 00000000 00:00 0 
7ffc6c826000-7ffc6c848000 rw-p 00000000 00:00 0                          [stack]
7ffc6c86e000-7ffc6c871000 r--p 00000000 00:00 0                          [vvar]
7ffc6c871000-7ffc6c873000 r-xp 00000000 00:00 0                          [vdso]
ffffffffff600000-ffffffffff601000 r-xp 00000000 00:00 0                  [vsyscall]

VM Arguments:
java_command: /home/hewitt/work/DiffTGen-master/lib/evosuite-1.0.6.jar -base_dir /home/hewitt/work/DiffTGen-master/output/patch1-Math-63-CapGen/Math_63_1_capgen/target/0/12 -projectCP /home/hewitt/work/DiffTGen-master/output/patch1-Math-63-CapGen/Math_63_1_capgen/target/build/classes/all0.jar:/home/hewitt/work/DiffTGen-master/lib/myprinter.jar:/home/hewitt/work/DiffTGen-master/lib/commons-lang3-3.5.jar -class org.apache.commons.math.util.MathUtils -Dassertions=false -Dsearch_budget=60
java_class_path (initial): /home/hewitt/work/DiffTGen-master/lib/evosuite-1.0.6.jar
Launcher Type: SUN_STANDARD

Environment Variables:
JAVA_HOME=/usr/lib/jdk/jdk1.8.0_201
JRE_HOME=/usr/lib/jdk/jdk1.8.0_201/jre
CLASSPATH=.:/usr/lib/jdk/jdk1.8.0_201/lib:/usr/lib/jdk/jdk1.8.0_201/jre/lib
PATH=/usr/lib/jdk/jdk1.8.0_201/bin:/home/hewitt/bin:/home/hewitt/.local/bin:/usr/lib/jdk/jdk1.7.0_80/bin:/usr/local/sbin:/usr/local/bin:/usr/sbin:/usr/bin:/sbin:/bin:/usr/games:/usr/local/games:/snap/bin:/home/hewitt/work/defects4j_v1.4.0/defects4j/framework/bin:/opt/apache-ant-1.9.14/bin:/home/hewitt/work/defects4j_v1.4.0/defects4j/framework/bin
SHELL=/bin/bash
DISPLAY=:0

Signal Handlers:
SIGSEGV: [libjvm.so+0xad3e60], sa_mask[0]=11111111011111111101111111111110, sa_flags=SA_RESTART|SA_SIGINFO
SIGBUS: [libjvm.so+0xad3e60], sa_mask[0]=11111111011111111101111111111110, sa_flags=SA_RESTART|SA_SIGINFO
SIGFPE: [libjvm.so+0x90b880], sa_mask[0]=11111111011111111101111111111110, sa_flags=SA_RESTART|SA_SIGINFO
SIGPIPE: [libjvm.so+0x90b880], sa_mask[0]=11111111011111111101111111111110, sa_flags=SA_RESTART|SA_SIGINFO
SIGXFSZ: [libjvm.so+0x90b880], sa_mask[0]=11111111011111111101111111111110, sa_flags=SA_RESTART|SA_SIGINFO
SIGILL: [libjvm.so+0x90b880], sa_mask[0]=11111111011111111101111111111110, sa_flags=SA_RESTART|SA_SIGINFO
SIGUSR1: SIG_DFL, sa_mask[0]=00000000000000000000000000000000, sa_flags=none
SIGUSR2: [libjvm.so+0x90b750], sa_mask[0]=00100000000000000000000000000000, sa_flags=SA_RESTART|SA_SIGINFO
SIGHUP: [libjvm.so+0x90bd70], sa_mask[0]=11111111011111111101111111111110, sa_flags=SA_RESTART|SA_SIGINFO
SIGINT: [libjvm.so+0x90bd70], sa_mask[0]=11111111011111111101111111111110, sa_flags=SA_RESTART|SA_SIGINFO
SIGTERM: [libjvm.so+0x90bd70], sa_mask[0]=11111111011111111101111111111110, sa_flags=SA_RESTART|SA_SIGINFO
SIGQUIT: [libjvm.so+0x90bd70], sa_mask[0]=11111111011111111101111111111110, sa_flags=SA_RESTART|SA_SIGINFO


---------------  S Y S T E M  ---------------

OS:DISTRIB_ID=Ubuntu
DISTRIB_RELEASE=16.04
DISTRIB_CODENAME=xenial
DISTRIB_DESCRIPTION="Ubuntu 16.04.6 LTS"

uname:Linux 4.15.0-91-generic #92~16.04.1-Ubuntu SMP Fri Feb 28 14:57:22 UTC 2020 x86_64
libc:glibc 2.23 NPTL 2.23 
rlimit: STACK 8192k, CORE 0k, NPROC 15448, NOFILE 1048576, AS infinity
load average:15.91 11.11 11.86

/proc/meminfo:
MemTotal:        4015928 kB
MemFree:          545064 kB
MemAvailable:     459564 kB
Buffers:            1272 kB
Cached:            35932 kB
SwapCached:         2872 kB
Active:          2520280 kB
Inactive:         510628 kB
Active(anon):    2499560 kB
Inactive(anon):   494816 kB
Active(file):      20720 kB
Inactive(file):    15812 kB
Unevictable:          48 kB
Mlocked:              48 kB
SwapTotal:        998396 kB
SwapFree:           8164 kB
Dirty:               288 kB
Writeback:          1372 kB
AnonPages:       2991440 kB
Mapped:            29068 kB
Shmem:               532 kB
Slab:              91792 kB
SReclaimable:      33408 kB
SUnreclaim:        58384 kB
KernelStack:       16528 kB
PageTables:        41880 kB
NFS_Unstable:          0 kB
Bounce:                0 kB
WritebackTmp:          0 kB
CommitLimit:     3006360 kB
Committed_AS:    8829336 kB
VmallocTotal:   34359738367 kB
VmallocUsed:           0 kB
VmallocChunk:          0 kB
HardwareCorrupted:     0 kB
AnonHugePages:         0 kB
ShmemHugePages:        0 kB
ShmemPmdMapped:        0 kB
CmaTotal:              0 kB
CmaFree:               0 kB
HugePages_Total:       0
HugePages_Free:        0
HugePages_Rsvd:        0
HugePages_Surp:        0
Hugepagesize:       2048 kB
DirectMap4k:       98112 kB
DirectMap2M:     4096000 kB
DirectMap1G:     2097152 kB

container (cgroup) information:
container_type: cgroupv1
cpu_cpuset_cpus: 0-3
cpu_memory_nodes: 0
active_processor_count: 4
cpu_quota: -1
cpu_period: 100000
cpu_shares: -1
memory_limit_in_bytes: -1
memory_and_swap_limit_in_bytes: -2
memory_soft_limit_in_bytes: -1
memory_usage_in_bytes: 3104714752
memory_max_usage_in_bytes: 69316608


CPU:total 4 (initial active 4) (2 cores per cpu, 1 threads per core) family 6 model 158 stepping 9, cmov, cx8, fxsr, mmx, sse, sse2, sse3, ssse3, sse4.1, sse4.2, popcnt, avx, avx2, aes, clmul, erms, 3dnowpref, lzcnt, tsc, tscinvbit, bmi1, bmi2, adx

/proc/cpuinfo:
processor	: 0
vendor_id	: GenuineIntel
cpu family	: 6
model		: 158
model name	: Intel(R) Core(TM) i7-7700HQ CPU @ 2.80GHz
stepping	: 9
microcode	: 0xb4
cpu MHz		: 2808.002
cache size	: 6144 KB
physical id	: 0
siblings	: 2
core id		: 0
cpu cores	: 2
apicid		: 0
initial apicid	: 0
fpu		: yes
fpu_exception	: yes
cpuid level	: 22
wp		: yes
flags		: fpu vme de pse tsc msr pae mce cx8 apic sep mtrr pge mca cmov pat pse36 clflush mmx fxsr sse sse2 ss ht syscall nx pdpe1gb rdtscp lm constant_tsc arch_perfmon nopl xtopology tsc_reliable nonstop_tsc cpuid pni pclmulqdq ssse3 fma cx16 pcid sse4_1 sse4_2 x2apic movbe popcnt tsc_deadline_timer aes xsave avx f16c rdrand hypervisor lahf_lm abm 3dnowprefetch cpuid_fault invpcid_single pti ssbd ibrs ibpb stibp fsgsbase tsc_adjust bmi1 avx2 smep bmi2 invpcid mpx rdseed adx smap clflushopt xsaveopt xsavec xsaves arat md_clear flush_l1d arch_capabilities
bugs		: cpu_meltdown spectre_v1 spectre_v2 spec_store_bypass l1tf mds swapgs itlb_multihit
bogomips	: 5616.00
clflush size	: 64
cache_alignment	: 64
address sizes	: 43 bits physical, 48 bits virtual
power management:

processor	: 1
vendor_id	: GenuineIntel
cpu family	: 6
model		: 158
model name	: Intel(R) Core(TM) i7-7700HQ CPU @ 2.80GHz
stepping	: 9
microcode	: 0xb4
cpu MHz		: 2808.002
cache size	: 6144 KB
physical id	: 0
siblings	: 2
core id		: 1
cpu cores	: 2
apicid		: 1
initial apicid	: 1
fpu		: yes
fpu_exception	: yes
cpuid level	: 22
wp		: yes
flags		: fpu vme de pse tsc msr pae mce cx8 apic sep mtrr pge mca cmov pat pse36 clflush mmx fxsr sse sse2 ss ht syscall nx pdpe1gb rdtscp lm constant_tsc arch_perfmon nopl xtopology tsc_reliable nonstop_tsc cpuid pni pclmulqdq ssse3 fma cx16 pcid sse4_1 sse4_2 x2apic movbe popcnt tsc_deadline_timer aes xsave avx f16c rdrand hypervisor lahf_lm abm 3dnowprefetch cpuid_fault invpcid_single pti ssbd ibrs ibpb stibp fsgsbase tsc_adjust bmi1 avx2 smep bmi2 invpcid mpx rdseed adx smap clflushopt xsaveopt xsavec xsaves arat md_clear flush_l1d arch_capabilities
bugs		: cpu_meltdown spectre_v1 spectre_v2 spec_store_bypass l1tf mds swapgs itlb_multihit
bogomips	: 5616.00
clflush size	: 64
cache_alignment	: 64
address sizes	: 43 bits physical, 48 bits virtual
power management:

processor	: 2
vendor_id	: GenuineIntel
cpu family	: 6
model		: 158
model name	: Intel(R) Core(TM) i7-7700HQ CPU @ 2.80GHz
stepping	: 9
microcode	: 0xb4
cpu MHz		: 2808.002
cache size	: 6144 KB
physical id	: 1
siblings	: 2
core id		: 0
cpu cores	: 2
apicid		: 2
initial apicid	: 2
fpu		: yes
fpu_exception	: yes
cpuid level	: 22
wp		: yes
flags		: fpu vme de pse tsc msr pae mce cx8 apic sep mtrr pge mca cmov pat pse36 clflush mmx fxsr sse sse2 ss ht syscall nx pdpe1gb rdtscp lm constant_tsc arch_perfmon nopl xtopology tsc_reliable nonstop_tsc cpuid pni pclmulqdq ssse3 fma cx16 pcid sse4_1 sse4_2 x2apic movbe popcnt tsc_deadline_timer aes xsave avx f16c rdrand hypervisor lahf_lm abm 3dnowprefetch cpuid_fault invpcid_single pti ssbd ibrs ibpb stibp fsgsbase tsc_adjust bmi1 avx2 smep bmi2 invpcid mpx rdseed adx smap clflushopt xsaveopt xsavec xsaves arat md_clear flush_l1d arch_capabilities
bugs		: cpu_meltdown spectre_v1 spectre_v2 spec_store_bypass l1tf mds swapgs itlb_multihit
bogomips	: 5616.00
clflush size	: 64
cache_alignment	: 64
address sizes	: 43 bits physical, 48 bits virtual
power management:

processor	: 3
vendor_id	: GenuineIntel
cpu family	: 6
model		: 158
model name	: Intel(R) Core(TM) i7-7700HQ CPU @ 2.80GHz
stepping	: 9
microcode	: 0xb4
cpu MHz		: 2808.002
cache size	: 6144 KB
physical id	: 1
siblings	: 2
core id		: 1
cpu cores	: 2
apicid		: 3
initial apicid	: 3
fpu		: yes
fpu_exception	: yes
cpuid level	: 22
wp		: yes
flags		: fpu vme de pse tsc msr pae mce cx8 apic sep mtrr pge mca cmov pat pse36 clflush mmx fxsr sse sse2 ss ht syscall nx pdpe1gb rdtscp lm constant_tsc arch_perfmon nopl xtopology tsc_reliable nonstop_tsc cpuid pni pclmulqdq ssse3 fma cx16 pcid sse4_1 sse4_2 x2apic movbe popcnt tsc_deadline_timer aes xsave avx f16c rdrand hypervisor lahf_lm abm 3dnowprefetch cpuid_fault invpcid_single pti ssbd ibrs ibpb stibp fsgsbase tsc_adjust bmi1 avx2 smep bmi2 invpcid mpx rdseed adx smap clflushopt xsaveopt xsavec xsaves arat md_clear flush_l1d arch_capabilities
bugs		: cpu_meltdown spectre_v1 spectre_v2 spec_store_bypass l1tf mds swapgs itlb_multihit
bogomips	: 5616.00
clflush size	: 64
cache_alignment	: 64
address sizes	: 43 bits physical, 48 bits virtual
power management:



Memory: 4k page, physical 4015928k(543824k free), swap 998396k(8164k free)

vm_info: Java HotSpot(TM) 64-Bit Server VM (25.201-b09) for linux-amd64 JRE (1.8.0_201-b09), built on Dec 15 2018 11:35:59 by "java_re" with gcc 7.3.0

time: Sun Mar 29 12:20:32 2020
timezone: CST
elapsed time: 34 seconds (0d 0h 0m 34s)

