#
# There is insufficient memory for the Java Runtime Environment to continue.
# Native memory allocation (mmap) failed to map 65536 bytes for committing reserved memory.
# Possible reasons:
#   The system is out of physical RAM or swap space
#   The process is running with CompressedOops enabled, and the Java Heap may be blocking the growth of the native heap
# Possible solutions:
#   Reduce memory load on the system
#   Increase physical memory or swap space
#   Check if swap backing store is full
#   Decrease Java heap size (-Xmx/-Xms)
#   Decrease number of Java threads
#   Decrease Java thread stack sizes (-Xss)
#   Set larger code cache with -XX:ReservedCodeCacheSize=
#   JVM is running with Unscaled Compressed Oops mode in which the Java heap is
#     placed in the first 4GB address space. The Java Heap base address is the
#     maximum limit for the native heap growth. Please use -XX:HeapBaseMinAddress
#     to set the Java Heap base and to place the Java Heap above 4GB virtual address.
# This output file may be truncated or incomplete.
#
#  Out of Memory Error (os_linux.cpp:2749), pid=101772, tid=0x00007f8cf2e38700
#
# JRE version: Java(TM) SE Runtime Environment (8.0_201-b09) (build 1.8.0_201-b09)
# Java VM: Java HotSpot(TM) 64-Bit Server VM (25.201-b09 mixed mode linux-amd64 compressed oops)
# Failed to write core dump. Core dumps have been disabled. To enable core dumping, try "ulimit -c unlimited" before starting Java again
#

---------------  T H R E A D  ---------------

Current thread (0x00007f8d14181800):  JavaThread "C2 CompilerThread0" daemon [_thread_in_vm, id=101857, stack(0x00007f8cf2d38000,0x00007f8cf2e39000)]

Stack: [0x00007f8cf2d38000,0x00007f8cf2e39000],  sp=0x00007f8cf2e34650,  free space=1009k
Native frames: (J=compiled Java code, j=interpreted, Vv=VM code, C=native code)
V  [libjvm.so+0xad3525]  VMError::report_and_die()+0x2e5
V  [libjvm.so+0x4e0457]  report_vm_out_of_memory(char const*, int, unsigned long, VMErrorType, char const*)+0x67
V  [libjvm.so+0x9102f0]  os::pd_commit_memory(char*, unsigned long, unsigned long, bool)+0x100
V  [libjvm.so+0x90791f]  os::commit_memory(char*, unsigned long, unsigned long, bool)+0x1f
V  [libjvm.so+0xacfda0]  VirtualSpace::expand_by(unsigned long, bool)+0x140
V  [libjvm.so+0x60b99d]  CodeHeap::expand_by(unsigned long)+0x6d
V  [libjvm.so+0x45a266]  CodeCache::allocate(int, bool)+0x46
V  [libjvm.so+0x453f7a]  BufferBlob::create(char const*, int)+0x8a
V  [libjvm.so+0x45894b]  CodeBuffer::initialize(int, int)+0x1b
V  [libjvm.so+0x928cd7]  Compile::init_buffer(unsigned int*)+0x1c7
V  [libjvm.so+0x92ddd2]  Compile::Output()+0x312
V  [libjvm.so+0x47ec60]  Compile::Code_Gen()+0x2d0
V  [libjvm.so+0x480251]  Compile::Compile(ciEnv*, C2Compiler*, ciMethod*, int, bool, bool, bool)+0xd91
V  [libjvm.so+0x3c4c4a]  C2Compiler::compile_method(ciEnv*, ciMethod*, int)+0xaa
V  [libjvm.so+0x48b84c]  CompileBroker::invoke_compiler_on_method(CompileTask*)+0x73c
V  [libjvm.so+0x48d488]  CompileBroker::compiler_thread_loop()+0x6d8
V  [libjvm.so+0xa7bb6b]  JavaThread::thread_main_inner()+0xdb
V  [libjvm.so+0xa7be71]  JavaThread::run()+0x2d1
V  [libjvm.so+0x90d922]  java_start(Thread*)+0x102
C  [libpthread.so.0+0x76ba]  start_thread+0xca


Current CompileTask:
C2:  32303 1112   !   4       java.io.ObjectInputStream::readSerialData (367 bytes)


---------------  P R O C E S S  ---------------

Java Threads: ( => current thread )
  0x00007f8cb4002800 JavaThread "RMI TCP Connection(3)-127.0.0.1" daemon [_thread_in_native, id=102240, stack(0x00007f8cf1060000,0x00007f8cf1161000)]
  0x00007f8cb4001000 JavaThread "RMI TCP Connection(2)-127.0.0.1" daemon [_thread_in_vm, id=102236, stack(0x00007f8cf1161000,0x00007f8cf1262000)]
  0x00007f8c8c038000 JavaThread "RMI Scheduler(0)" daemon [_thread_blocked, id=102229, stack(0x00007f8cf1262000,0x00007f8cf1363000)]
  0x00007f8c8c030800 JavaThread "RMI RenewClean-[127.0.0.1:13490]" daemon [_thread_blocked, id=102221, stack(0x00007f8cf1363000,0x00007f8cf1464000)]
  0x00007f8cb0001000 JavaThread "RMI TCP Connection(1)-127.0.0.1" daemon [_thread_in_native, id=102206, stack(0x00007f8cf1464000,0x00007f8cf1565000)]
  0x00007f8ca0005000 JavaThread "pool-3-thread-3" [_thread_in_native, id=102149, stack(0x00007f8cf1565000,0x00007f8cf1666000)]
  0x00007f8ca0003000 JavaThread "pool-3-thread-2" [_thread_in_native, id=102145, stack(0x00007f8cf1666000,0x00007f8cf1767000)]
  0x00007f8ca0002000 JavaThread "pool-3-thread-1" [_thread_in_native, id=102141, stack(0x00007f8cf1767000,0x00007f8cf1868000)]
  0x00007f8d143b7800 JavaThread "Thread-3" [_thread_in_native, id=102052, stack(0x00007f8cf1868000,0x00007f8cf1969000)]
  0x00007f8d143b6000 JavaThread "Thread-2" [_thread_in_native, id=102049, stack(0x00007f8cf1969000,0x00007f8cf1a6a000)]
  0x00007f8d143b4800 JavaThread "process reaper" daemon [_thread_in_native, id=102043, stack(0x00007f8d00023000,0x00007f8d0005c000)]
  0x00007f8d143ae800 JavaThread "pool-2-thread-1" [_thread_in_native, id=102002, stack(0x00007f8cf1a6a000,0x00007f8cf1b6b000)]
  0x00007f8d143ac800 JavaThread "GC Daemon" daemon [_thread_blocked, id=101999, stack(0x00007f8cf1b6b000,0x00007f8cf1c6c000)]
  0x00007f8d143a9800 JavaThread "RMI Reaper" [_thread_blocked, id=101984, stack(0x00007f8cf1c6c000,0x00007f8cf1d6d000)]
  0x00007f8d143a2800 JavaThread "RMI TCP Accept-16128" daemon [_thread_in_native, id=101980, stack(0x00007f8cf1d6d000,0x00007f8cf1e6e000)]
  0x00007f8d1439b800 JavaThread "RMI TCP Accept-16908" daemon [_thread_in_native, id=101969, stack(0x00007f8cf1e6e000,0x00007f8cf1f6f000)]
  0x00007f8d142e1800 JavaThread "logback-3" daemon [_thread_blocked, id=101897, stack(0x00007f8cf21e8000,0x00007f8cf22e9000)]
  0x00007f8d142dd800 JavaThread "logback-2" daemon [_thread_blocked, id=101895, stack(0x00007f8cf22e9000,0x00007f8cf23ea000)]
  0x00007f8d142dc000 JavaThread "logback-1" daemon [_thread_blocked, id=101892, stack(0x00007f8cf23ea000,0x00007f8cf24eb000)]
  0x00007f8d14189000 JavaThread "Service Thread" daemon [_thread_blocked, id=101883, stack(0x00007f8cf2a35000,0x00007f8cf2b36000)]
  0x00007f8d14186000 JavaThread "C1 CompilerThread2" daemon [_thread_blocked, id=101877, stack(0x00007f8cf2b36000,0x00007f8cf2c37000)]
  0x00007f8d14184800 JavaThread "C2 CompilerThread1" daemon [_thread_blocked, id=101865, stack(0x00007f8cf2c37000,0x00007f8cf2d38000)]
=>0x00007f8d14181800 JavaThread "C2 CompilerThread0" daemon [_thread_in_vm, id=101857, stack(0x00007f8cf2d38000,0x00007f8cf2e39000)]
  0x00007f8d14180000 JavaThread "Signal Dispatcher" daemon [_thread_blocked, id=101849, stack(0x00007f8cf2e39000,0x00007f8cf2f3a000)]
  0x00007f8d1414c000 JavaThread "Finalizer" daemon [_thread_blocked, id=101829, stack(0x00007f8cf38f9000,0x00007f8cf39fa000)]
  0x00007f8d14149800 JavaThread "Reference Handler" daemon [_thread_blocked, id=101827, stack(0x00007f8cf39fa000,0x00007f8cf3afb000)]
  0x00007f8d1400a800 JavaThread "main" [_thread_in_native, id=101778, stack(0x00007f8d19fe9000,0x00007f8d1a0ea000)]

Other Threads:
  0x00007f8d14140000 VMThread [stack: 0x00007f8cf3afb000,0x00007f8cf3bfc000] [id=101816]
  0x00007f8d1418b800 WatcherThread [stack: 0x00007f8cf2934000,0x00007f8cf2a35000] [id=101884]

VM state:synchronizing (normal execution)

VM Mutex/Monitor currently owned by a thread:  ([mutex/lock_event])
[0x00007f8d140063f0] CodeCache_lock - owner thread: 0x00007f8d14181800
[0x00007f8d14007070] Threads_lock - owner thread: 0x00007f8d14140000
[0x00007f8d14007a70] Compile_lock - owner thread: 0x00007f8cb4001000

heap address: 0x00000000c2a00000, size: 982 MB, Compressed Oops mode: 32-bit
Narrow klass base: 0x0000000000000000, Narrow klass shift: 3
Compressed class space size: 1073741824 Address: 0x0000000100000000

Heap:
 PSYoungGen      total 18432K, used 13148K [0x00000000eb900000, 0x00000000ecd80000, 0x0000000100000000)
  eden space 15872K, 82% used [0x00000000eb900000,0x00000000ec5d7220,0x00000000ec880000)
  from space 2560K, 0% used [0x00000000ec880000,0x00000000ec880000,0x00000000ecb00000)
  to   space 2560K, 0% used [0x00000000ecb00000,0x00000000ecb00000,0x00000000ecd80000)
 ParOldGen       total 42496K, used 3937K [0x00000000c2a00000, 0x00000000c5380000, 0x00000000eb900000)
  object space 42496K, 9% used [0x00000000c2a00000,0x00000000c2dd84d0,0x00000000c5380000)
 Metaspace       used 12526K, capacity 12898K, committed 13184K, reserved 1060864K
  class space    used 1480K, capacity 1601K, committed 1664K, reserved 1048576K

Card table byte_map: [0x00007f8d18000000,0x00007f8d181ec000] byte_map_base: 0x00007f8d179eb000

Marking Bits: (ParMarkBitMap*) 0x00007f8d194c0d80
 Begin Bits: [0x00007f8d017a2000, 0x00007f8d026fa000)
 End Bits:   [0x00007f8d026fa000, 0x00007f8d03652000)

Polling page: 0x00007f8d1a105000

CodeCache: size=245760Kb used=4066Kb max_used=4066Kb free=241693Kb
 bounds [0x00007f8d03f5e000, 0x00007f8d0435e000, 0x00007f8d12f5e000]
 total_blobs=1479 nmethods=1143 adapters=248
 compilation: enabled

Compilation events (10 events):
Event: 29.001 Thread 0x00007f8d14186000 nmethod 1143 0x00007f8d0433ec50 code [0x00007f8d0433ee40, 0x00007f8d0433f6d8]
Event: 29.016 Thread 0x00007f8d14186000 1145       3       java.io.ObjectStreamClass$FieldReflectorKey::<init> (95 bytes)
Event: 29.016 Thread 0x00007f8d14186000 nmethod 1145 0x00007f8d0433a3d0 code [0x00007f8d0433a5e0, 0x00007f8d0433b188]
Event: 29.016 Thread 0x00007f8d14186000 1144   !   3       java.io.ObjectStreamClass::getReflector (336 bytes)
Event: 29.061 Thread 0x00007f8d14186000 nmethod 1144 0x00007f8d04350490 code [0x00007f8d04350940, 0x00007f8d04353d78]
Event: 29.121 Thread 0x00007f8d14186000 1146       3       java.net.URLClassLoader::getAndVerifyPackage (109 bytes)
Event: 29.121 Thread 0x00007f8d14186000 nmethod 1146 0x00007f8d04355350 code [0x00007f8d04355640, 0x00007f8d04356da8]
Event: 29.131 Thread 0x00007f8d14186000 1147       3       java.lang.ClassLoader::preDefineClass (109 bytes)
Event: 29.132 Thread 0x00007f8d14186000 nmethod 1147 0x00007f8d04357810 code [0x00007f8d04357ae0, 0x00007f8d04359008]
Event: 31.495 Thread 0x00007f8d14186000 1148       3       java.lang.Integer::getChars (131 bytes)

GC Heap History (4 events):
Event: 2.346 GC heap before
{Heap before GC invocations=1 (full 0):
 PSYoungGen      total 18432K, used 15872K [0x00000000eb900000, 0x00000000ecd80000, 0x0000000100000000)
  eden space 15872K, 100% used [0x00000000eb900000,0x00000000ec880000,0x00000000ec880000)
  from space 2560K, 0% used [0x00000000ecb00000,0x00000000ecb00000,0x00000000ecd80000)
  to   space 2560K, 0% used [0x00000000ec880000,0x00000000ec880000,0x00000000ecb00000)
 ParOldGen       total 42496K, used 0K [0x00000000c2a00000, 0x00000000c5380000, 0x00000000eb900000)
  object space 42496K, 0% used [0x00000000c2a00000,0x00000000c2a00000,0x00000000c5380000)
 Metaspace       used 10147K, capacity 10316K, committed 10624K, reserved 1058816K
  class space    used 1227K, capacity 1287K, committed 1408K, reserved 1048576K
Event: 2.374 GC heap after
Heap after GC invocations=1 (full 0):
 PSYoungGen      total 18432K, used 2528K [0x00000000eb900000, 0x00000000ecd80000, 0x0000000100000000)
  eden space 15872K, 0% used [0x00000000eb900000,0x00000000eb900000,0x00000000ec880000)
  from space 2560K, 98% used [0x00000000ec880000,0x00000000ecaf8030,0x00000000ecb00000)
  to   space 2560K, 0% used [0x00000000ecb00000,0x00000000ecb00000,0x00000000ecd80000)
 ParOldGen       total 42496K, used 1566K [0x00000000c2a00000, 0x00000000c5380000, 0x00000000eb900000)
  object space 42496K, 3% used [0x00000000c2a00000,0x00000000c2b87b18,0x00000000c5380000)
 Metaspace       used 10147K, capacity 10316K, committed 10624K, reserved 1058816K
  class space    used 1227K, capacity 1287K, committed 1408K, reserved 1048576K
}
Event: 2.374 GC heap before
{Heap before GC invocations=2 (full 1):
 PSYoungGen      total 18432K, used 2528K [0x00000000eb900000, 0x00000000ecd80000, 0x0000000100000000)
  eden space 15872K, 0% used [0x00000000eb900000,0x00000000eb900000,0x00000000ec880000)
  from space 2560K, 98% used [0x00000000ec880000,0x00000000ecaf8030,0x00000000ecb00000)
  to   space 2560K, 0% used [0x00000000ecb00000,0x00000000ecb00000,0x00000000ecd80000)
 ParOldGen       total 42496K, used 1566K [0x00000000c2a00000, 0x00000000c5380000, 0x00000000eb900000)
  object space 42496K, 3% used [0x00000000c2a00000,0x00000000c2b87b18,0x00000000c5380000)
 Metaspace       used 10147K, capacity 10316K, committed 10624K, reserved 1058816K
  class space    used 1227K, capacity 1287K, committed 1408K, reserved 1048576K
Event: 2.400 GC heap after
Heap after GC invocations=2 (full 1):
 PSYoungGen      total 18432K, used 0K [0x00000000eb900000, 0x00000000ecd80000, 0x0000000100000000)
  eden space 15872K, 0% used [0x00000000eb900000,0x00000000eb900000,0x00000000ec880000)
  from space 2560K, 0% used [0x00000000ec880000,0x00000000ec880000,0x00000000ecb00000)
  to   space 2560K, 0% used [0x00000000ecb00000,0x00000000ecb00000,0x00000000ecd80000)
 ParOldGen       total 42496K, used 3937K [0x00000000c2a00000, 0x00000000c5380000, 0x00000000eb900000)
  object space 42496K, 9% used [0x00000000c2a00000,0x00000000c2dd84d0,0x00000000c5380000)
 Metaspace       used 10139K, capacity 10306K, committed 10624K, reserved 1058816K
  class space    used 1225K, capacity 1285K, committed 1408K, reserved 1048576K
}

Deoptimization events (10 events):
Event: 1.832 Thread 0x00007f8d1400a800 Uncommon trap: reason=unstable_if action=reinterpret pc=0x00007f8d040b0234 method=java.lang.String.startsWith(Ljava/lang/String;I)Z @ 25
Event: 2.167 Thread 0x00007f8d1400a800 Uncommon trap: reason=unstable_if action=reinterpret pc=0x00007f8d0415ab8c method=java.lang.String.indexOf([CII[CIII)I @ 3
Event: 4.362 Thread 0x00007f8cb0001000 Uncommon trap: reason=unstable_if action=reinterpret pc=0x00007f8d04256bb8 method=sun.misc.MetaIndex.mayContain(Ljava/lang/String;)Z @ 38
Event: 4.362 Thread 0x00007f8cb0001000 Uncommon trap: reason=unstable_if action=reinterpret pc=0x00007f8d04130d8c method=sun.misc.MetaIndex.mayContain(Ljava/lang/String;)Z @ 38
Event: 27.407 Thread 0x00007f8cb4001000 Uncommon trap: reason=bimorphic action=maybe_recompile pc=0x00007f8d041c3d10 method=java.util.HashMap.putVal(ILjava/lang/Object;Ljava/lang/Object;ZZ)Ljava/lang/Object; @ 91
Event: 27.407 Thread 0x00007f8cb4001000 Uncommon trap: reason=bimorphic action=maybe_recompile pc=0x00007f8d041c3d10 method=java.util.HashMap.putVal(ILjava/lang/Object;Ljava/lang/Object;ZZ)Ljava/lang/Object; @ 91
Event: 27.409 Thread 0x00007f8cb4001000 Uncommon trap: reason=bimorphic action=maybe_recompile pc=0x00007f8d041c3d10 method=java.util.HashMap.putVal(ILjava/lang/Object;Ljava/lang/Object;ZZ)Ljava/lang/Object; @ 91
Event: 27.419 Thread 0x00007f8cb4001000 Uncommon trap: reason=bimorphic action=maybe_recompile pc=0x00007f8d041c3d10 method=java.util.HashMap.putVal(ILjava/lang/Object;Ljava/lang/Object;ZZ)Ljava/lang/Object; @ 91
Event: 27.700 Thread 0x00007f8cb4001000 Uncommon trap: reason=unstable_if action=reinterpret pc=0x00007f8d042f5344 method=java.io.ObjectStreamClass$FieldReflector.setObjFieldValues(Ljava/lang/Object;[Ljava/lang/Object;)V @ 92
Event: 28.218 Thread 0x00007f8cb4001000 Uncommon trap: reason=unstable_if action=reinterpret pc=0x00007f8d043184cc method=java.io.ObjectStreamClass$FieldReflector.setObjFieldValues(Ljava/lang/Object;[Ljava/lang/Object;)V @ 92

Classes redefined (0 events):
No events

Internal exceptions (10 events):
Event: 4.446 Thread 0x00007f8c8c030800 Exception <a 'java/lang/InterruptedException'> (0x00000000ebb16d60) thrown at [/HUDSON/workspace/8-2-build-linux-amd64/jdk8u201/12317/hotspot/src/share/vm/runtime/objectMonitor.cpp, line 1684]
Event: 11.270 Thread 0x00007f8d142dc000 Exception <a 'java/net/ConnectException'> (0x00000000ebb8e5f8) thrown at [/HUDSON/workspace/8-2-build-linux-amd64/jdk8u201/12317/hotspot/src/share/vm/prims/jni.cpp, line 709]
Event: 11.274 Thread 0x00007f8d142dd800 Exception <a 'java/net/ConnectException'> (0x00000000ebbb61a0) thrown at [/HUDSON/workspace/8-2-build-linux-amd64/jdk8u201/12317/hotspot/src/share/vm/prims/jni.cpp, line 709]
Event: 11.299 Thread 0x00007f8d142e1800 Exception <a 'java/net/ConnectException'> (0x00000000ebbddd48) thrown at [/HUDSON/workspace/8-2-build-linux-amd64/jdk8u201/12317/hotspot/src/share/vm/prims/jni.cpp, line 709]
Event: 21.271 Thread 0x00007f8d142dc000 Exception <a 'java/net/ConnectException'> (0x00000000ebb8f120) thrown at [/HUDSON/workspace/8-2-build-linux-amd64/jdk8u201/12317/hotspot/src/share/vm/prims/jni.cpp, line 709]
Event: 21.274 Thread 0x00007f8d142dd800 Exception <a 'java/net/ConnectException'> (0x00000000ebbb6cc8) thrown at [/HUDSON/workspace/8-2-build-linux-amd64/jdk8u201/12317/hotspot/src/share/vm/prims/jni.cpp, line 709]
Event: 21.300 Thread 0x00007f8d142e1800 Exception <a 'java/net/ConnectException'> (0x00000000ebbde870) thrown at [/HUDSON/workspace/8-2-build-linux-amd64/jdk8u201/12317/hotspot/src/share/vm/prims/jni.cpp, line 709]
Event: 27.700 Thread 0x00007f8cb4001000 Implicit null exception at 0x00007f8d042f503c to 0x00007f8d042f531d
Event: 28.218 Thread 0x00007f8cb4001000 Implicit null exception at 0x00007f8d043175bd to 0x00007f8d04318499
Event: 28.516 Thread 0x00007f8cb4001000 Exception <a 'java/lang/NoSuchMethodError': <clinit>> (0x00000000ec3ec2d8) thrown at [/HUDSON/workspace/8-2-build-linux-amd64/jdk8u201/12317/hotspot/src/share/vm/prims/jni.cpp, line 1613]

Events (10 events):
Event: 31.265 loading class org/evosuite/utils/RandomAccessQueue
Event: 31.265 loading class org/evosuite/utils/RandomAccessQueue done
Event: 31.266 loading class org/evosuite/utils/DefaultRandomAccessQueue
Event: 31.266 loading class org/evosuite/utils/DefaultRandomAccessQueue done
Event: 31.268 loading class java/util/regex/Pattern$Single
Event: 31.269 loading class java/util/regex/Pattern$Single done
Event: 31.271 loading class org/evosuite/runtime/instrumentation/CreateClassResetMethodAdapter
Event: 31.271 loading class org/evosuite/runtime/instrumentation/CreateClassResetMethodAdapter done
Event: 31.281 loading class org/evosuite/runtime/instrumentation/RemoveFinalMethodAdapter
Event: 31.281 loading class org/evosuite/runtime/instrumentation/RemoveFinalMethodAdapter done


Dynamic libraries:
00400000-00401000 r-xp 00000000 08:01 654793                             /usr/lib/jdk/jdk1.8.0_201/bin/java
00600000-00601000 r--p 00000000 08:01 654793                             /usr/lib/jdk/jdk1.8.0_201/bin/java
00601000-00602000 rw-p 00001000 08:01 654793                             /usr/lib/jdk/jdk1.8.0_201/bin/java
01594000-0175f000 rw-p 00000000 00:00 0                                  [heap]
c2a00000-c5380000 rw-p 00000000 00:00 0 
c5380000-eb900000 ---p 00000000 00:00 0 
eb900000-ecd80000 rw-p 00000000 00:00 0 
ecd80000-100000000 ---p 00000000 00:00 0 
100000000-1001a0000 rw-p 00000000 00:00 0 
1001a0000-140000000 ---p 00000000 00:00 0 
7f8c80000000-7f8c80021000 rw-p 00000000 00:00 0 
7f8c80021000-7f8c84000000 ---p 00000000 00:00 0 
7f8c84000000-7f8c84021000 rw-p 00000000 00:00 0 
7f8c84021000-7f8c88000000 ---p 00000000 00:00 0 
7f8c88000000-7f8c88021000 rw-p 00000000 00:00 0 
7f8c88021000-7f8c8c000000 ---p 00000000 00:00 0 
7f8c8c000000-7f8c8c03b000 rw-p 00000000 00:00 0 
7f8c8c03b000-7f8c90000000 ---p 00000000 00:00 0 
7f8c90000000-7f8c90021000 rw-p 00000000 00:00 0 
7f8c90021000-7f8c94000000 ---p 00000000 00:00 0 
7f8c94000000-7f8c94021000 rw-p 00000000 00:00 0 
7f8c94021000-7f8c98000000 ---p 00000000 00:00 0 
7f8c98000000-7f8c98021000 rw-p 00000000 00:00 0 
7f8c98021000-7f8c9c000000 ---p 00000000 00:00 0 
7f8c9c000000-7f8c9c021000 rw-p 00000000 00:00 0 
7f8c9c021000-7f8ca0000000 ---p 00000000 00:00 0 
7f8ca0000000-7f8ca0021000 rw-p 00000000 00:00 0 
7f8ca0021000-7f8ca4000000 ---p 00000000 00:00 0 
7f8ca4000000-7f8ca4021000 rw-p 00000000 00:00 0 
7f8ca4021000-7f8ca8000000 ---p 00000000 00:00 0 
7f8ca8000000-7f8ca8021000 rw-p 00000000 00:00 0 
7f8ca8021000-7f8cac000000 ---p 00000000 00:00 0 
7f8cac000000-7f8cac021000 rw-p 00000000 00:00 0 
7f8cac021000-7f8cb0000000 ---p 00000000 00:00 0 
7f8cb0000000-7f8cb0021000 rw-p 00000000 00:00 0 
7f8cb0021000-7f8cb4000000 ---p 00000000 00:00 0 
7f8cb4000000-7f8cb4021000 rw-p 00000000 00:00 0 
7f8cb4021000-7f8cb8000000 ---p 00000000 00:00 0 
7f8cb8000000-7f8cb8021000 rw-p 00000000 00:00 0 
7f8cb8021000-7f8cbc000000 ---p 00000000 00:00 0 
7f8cbc000000-7f8cbc021000 rw-p 00000000 00:00 0 
7f8cbc021000-7f8cc0000000 ---p 00000000 00:00 0 
7f8cc0000000-7f8cc0021000 rw-p 00000000 00:00 0 
7f8cc0021000-7f8cc4000000 ---p 00000000 00:00 0 
7f8cc4fff000-7f8cc8000000 rw-p 00000000 00:00 0 
7f8cc8000000-7f8cc8021000 rw-p 00000000 00:00 0 
7f8cc8021000-7f8ccc000000 ---p 00000000 00:00 0 
7f8ccc000000-7f8ccc021000 rw-p 00000000 00:00 0 
7f8ccc021000-7f8cd0000000 ---p 00000000 00:00 0 
7f8cd0000000-7f8cd06f8000 rw-p 00000000 00:00 0 
7f8cd06f8000-7f8cd4000000 ---p 00000000 00:00 0 
7f8cd4000000-7f8cd446e000 rw-p 00000000 00:00 0 
7f8cd446e000-7f8cd8000000 ---p 00000000 00:00 0 
7f8cd8000000-7f8cd8021000 rw-p 00000000 00:00 0 
7f8cd8021000-7f8cdc000000 ---p 00000000 00:00 0 
7f8cdc000000-7f8cdc86b000 rw-p 00000000 00:00 0 
7f8cdc86b000-7f8ce0000000 ---p 00000000 00:00 0 
7f8ce0000000-7f8ce0021000 rw-p 00000000 00:00 0 
7f8ce0021000-7f8ce4000000 ---p 00000000 00:00 0 
7f8ce4000000-7f8ce4021000 rw-p 00000000 00:00 0 
7f8ce4021000-7f8ce8000000 ---p 00000000 00:00 0 
7f8ce8000000-7f8ce8021000 rw-p 00000000 00:00 0 
7f8ce8021000-7f8cec000000 ---p 00000000 00:00 0 
7f8cec000000-7f8cec021000 rw-p 00000000 00:00 0 
7f8cec021000-7f8cf0000000 ---p 00000000 00:00 0 
7f8cf0e60000-7f8cf0fa0000 rw-p 00000000 00:00 0 
7f8cf0fa0000-7f8cf1060000 ---p 00000000 00:00 0 
7f8cf1060000-7f8cf1063000 ---p 00000000 00:00 0 
7f8cf1063000-7f8cf1161000 rw-p 00000000 00:00 0 
7f8cf1161000-7f8cf1164000 ---p 00000000 00:00 0 
7f8cf1164000-7f8cf1262000 rw-p 00000000 00:00 0 
7f8cf1262000-7f8cf1265000 ---p 00000000 00:00 0 
7f8cf1265000-7f8cf1363000 rw-p 00000000 00:00 0 
7f8cf1363000-7f8cf1366000 ---p 00000000 00:00 0 
7f8cf1366000-7f8cf1464000 rw-p 00000000 00:00 0 
7f8cf1464000-7f8cf1467000 ---p 00000000 00:00 0 
7f8cf1467000-7f8cf1565000 rw-p 00000000 00:00 0 
7f8cf1565000-7f8cf1568000 ---p 00000000 00:00 0 
7f8cf1568000-7f8cf1666000 rw-p 00000000 00:00 0 
7f8cf1666000-7f8cf1669000 ---p 00000000 00:00 0 
7f8cf1669000-7f8cf1767000 rw-p 00000000 00:00 0 
7f8cf1767000-7f8cf176a000 ---p 00000000 00:00 0 
7f8cf176a000-7f8cf1868000 rw-p 00000000 00:00 0 
7f8cf1868000-7f8cf186b000 ---p 00000000 00:00 0 
7f8cf186b000-7f8cf1969000 rw-p 00000000 00:00 0 
7f8cf1969000-7f8cf196c000 ---p 00000000 00:00 0 
7f8cf196c000-7f8cf1a6a000 rw-p 00000000 00:00 0 
7f8cf1a6a000-7f8cf1a6d000 ---p 00000000 00:00 0 
7f8cf1a6d000-7f8cf1b6b000 rw-p 00000000 00:00 0 
7f8cf1b6b000-7f8cf1b6e000 ---p 00000000 00:00 0 
7f8cf1b6e000-7f8cf1c6c000 rw-p 00000000 00:00 0 
7f8cf1c6c000-7f8cf1c6f000 ---p 00000000 00:00 0 
7f8cf1c6f000-7f8cf1d6d000 rw-p 00000000 00:00 0 
7f8cf1d6d000-7f8cf1d70000 ---p 00000000 00:00 0 
7f8cf1d70000-7f8cf1e6e000 rw-p 00000000 00:00 0 
7f8cf1e6e000-7f8cf1e71000 ---p 00000000 00:00 0 
7f8cf1e71000-7f8cf216f000 rw-p 00000000 00:00 0 
7f8cf216f000-7f8cf21e8000 r--s 010fd000 08:01 654900                     /usr/lib/jdk/jdk1.8.0_201/lib/tools.jar
7f8cf21e8000-7f8cf21eb000 ---p 00000000 00:00 0 
7f8cf21eb000-7f8cf22e9000 rw-p 00000000 00:00 0 
7f8cf22e9000-7f8cf22ec000 ---p 00000000 00:00 0 
7f8cf22ec000-7f8cf23ea000 rw-p 00000000 00:00 0 
7f8cf23ea000-7f8cf23ed000 ---p 00000000 00:00 0 
7f8cf23ed000-7f8cf24eb000 rw-p 00000000 00:00 0 
7f8cf24eb000-7f8cf2501000 r-xp 00000000 08:01 656512                     /usr/lib/jdk/jdk1.8.0_201/jre/lib/amd64/libnet.so
7f8cf2501000-7f8cf2701000 ---p 00016000 08:01 656512                     /usr/lib/jdk/jdk1.8.0_201/jre/lib/amd64/libnet.so
7f8cf2701000-7f8cf2702000 r--p 00016000 08:01 656512                     /usr/lib/jdk/jdk1.8.0_201/jre/lib/amd64/libnet.so
7f8cf2702000-7f8cf2703000 rw-p 00017000 08:01 656512                     /usr/lib/jdk/jdk1.8.0_201/jre/lib/amd64/libnet.so
7f8cf2703000-7f8cf2934000 r--s 01bb1000 08:01 403225                     /home/hewitt/work/DiffTGen-master/lib/evosuite-1.0.6.jar
7f8cf2934000-7f8cf2935000 ---p 00000000 00:00 0 
7f8cf2935000-7f8cf2a35000 rw-p 00000000 00:00 0 
7f8cf2a35000-7f8cf2a38000 ---p 00000000 00:00 0 
7f8cf2a38000-7f8cf2b36000 rw-p 00000000 00:00 0 
7f8cf2b36000-7f8cf2b39000 ---p 00000000 00:00 0 
7f8cf2b39000-7f8cf2c37000 rw-p 00000000 00:00 0 
7f8cf2c37000-7f8cf2c3a000 ---p 00000000 00:00 0 
7f8cf2c3a000-7f8cf2d38000 rw-p 00000000 00:00 0 
7f8cf2d38000-7f8cf2d3b000 ---p 00000000 00:00 0 
7f8cf2d3b000-7f8cf2e39000 rw-p 00000000 00:00 0 
7f8cf2e39000-7f8cf2e3c000 ---p 00000000 00:00 0 
7f8cf2e3c000-7f8cf2f3a000 rw-p 00000000 00:00 0 
7f8cf2f3a000-7f8cf38f9000 r--p 00000000 08:01 270368                     /usr/lib/locale/locale-archive
7f8cf38f9000-7f8cf38fc000 ---p 00000000 00:00 0 
7f8cf38fc000-7f8cf39fa000 rw-p 00000000 00:00 0 
7f8cf39fa000-7f8cf39fd000 ---p 00000000 00:00 0 
7f8cf39fd000-7f8cf3afb000 rw-p 00000000 00:00 0 
7f8cf3afb000-7f8cf3afc000 ---p 00000000 00:00 0 
7f8cf3afc000-7f8cf4000000 rw-p 00000000 00:00 0 
7f8cf4000000-7f8cf4021000 rw-p 00000000 00:00 0 
7f8cf4021000-7f8cf8000000 ---p 00000000 00:00 0 
7f8cf8000000-7f8cf8021000 rw-p 00000000 00:00 0 
7f8cf8021000-7f8cfc000000 ---p 00000000 00:00 0 
7f8cfc000000-7f8cfc021000 rw-p 00000000 00:00 0 
7f8cfc021000-7f8d00000000 ---p 00000000 00:00 0 
7f8d00019000-7f8d00023000 r--s 00116000 08:01 656361                     /usr/lib/jdk/jdk1.8.0_201/jre/lib/ext/localedata.jar
7f8d00023000-7f8d00026000 ---p 00000000 00:00 0 
7f8d00026000-7f8d00b67000 rw-p 00000000 00:00 0 
7f8d00b67000-7f8d00d41000 r--s 03d6f000 08:01 656293                     /usr/lib/jdk/jdk1.8.0_201/jre/lib/rt.jar
7f8d00d41000-7f8d03652000 rw-p 00000000 00:00 0 
7f8d03652000-7f8d03653000 ---p 00000000 00:00 0 
7f8d03653000-7f8d03753000 rw-p 00000000 00:00 0 
7f8d03753000-7f8d03754000 ---p 00000000 00:00 0 
7f8d03754000-7f8d03854000 rw-p 00000000 00:00 0 
7f8d03854000-7f8d03855000 ---p 00000000 00:00 0 
7f8d03855000-7f8d03955000 rw-p 00000000 00:00 0 
7f8d03955000-7f8d03956000 ---p 00000000 00:00 0 
7f8d03956000-7f8d03a6b000 rw-p 00000000 00:00 0 
7f8d03a6b000-7f8d03b9e000 ---p 00000000 00:00 0 
7f8d03b9e000-7f8d03bae000 rw-p 00000000 00:00 0 
7f8d03bae000-7f8d03f5e000 ---p 00000000 00:00 0 
7f8d03f5e000-7f8d0435e000 rwxp 00000000 00:00 0 
7f8d0436e000-7f8d12f5e000 ---p 00000000 00:00 0 
7f8d12f5e000-7f8d12f79000 r-xp 00000000 08:01 656508                     /usr/lib/jdk/jdk1.8.0_201/jre/lib/amd64/libzip.so
7f8d12f79000-7f8d13178000 ---p 0001b000 08:01 656508                     /usr/lib/jdk/jdk1.8.0_201/jre/lib/amd64/libzip.so
7f8d13178000-7f8d13179000 r--p 0001a000 08:01 656508                     /usr/lib/jdk/jdk1.8.0_201/jre/lib/amd64/libzip.so
7f8d13179000-7f8d1317a000 rw-p 0001b000 08:01 656508                     /usr/lib/jdk/jdk1.8.0_201/jre/lib/amd64/libzip.so
7f8d1317a000-7f8d13185000 r-xp 00000000 08:01 658902                     /lib/x86_64-linux-gnu/libnss_files-2.23.so
7f8d13185000-7f8d13384000 ---p 0000b000 08:01 658902                     /lib/x86_64-linux-gnu/libnss_files-2.23.so
7f8d13384000-7f8d13385000 r--p 0000a000 08:01 658902                     /lib/x86_64-linux-gnu/libnss_files-2.23.so
7f8d13385000-7f8d13386000 rw-p 0000b000 08:01 658902                     /lib/x86_64-linux-gnu/libnss_files-2.23.so
7f8d13386000-7f8d1338c000 rw-p 00000000 00:00 0 
7f8d1338c000-7f8d13397000 r-xp 00000000 08:01 658912                     /lib/x86_64-linux-gnu/libnss_nis-2.23.so
7f8d13397000-7f8d13596000 ---p 0000b000 08:01 658912                     /lib/x86_64-linux-gnu/libnss_nis-2.23.so
7f8d13596000-7f8d13597000 r--p 0000a000 08:01 658912                     /lib/x86_64-linux-gnu/libnss_nis-2.23.so
7f8d13597000-7f8d13598000 rw-p 0000b000 08:01 658912                     /lib/x86_64-linux-gnu/libnss_nis-2.23.so
7f8d13598000-7f8d135ae000 r-xp 00000000 08:01 658896                     /lib/x86_64-linux-gnu/libnsl-2.23.so
7f8d135ae000-7f8d137ad000 ---p 00016000 08:01 658896                     /lib/x86_64-linux-gnu/libnsl-2.23.so
7f8d137ad000-7f8d137ae000 r--p 00015000 08:01 658896                     /lib/x86_64-linux-gnu/libnsl-2.23.so
7f8d137ae000-7f8d137af000 rw-p 00016000 08:01 658896                     /lib/x86_64-linux-gnu/libnsl-2.23.so
7f8d137af000-7f8d137b1000 rw-p 00000000 00:00 0 
7f8d137b1000-7f8d137b9000 r-xp 00000000 08:01 658898                     /lib/x86_64-linux-gnu/libnss_compat-2.23.so
7f8d137b9000-7f8d139b8000 ---p 00008000 08:01 658898                     /lib/x86_64-linux-gnu/libnss_compat-2.23.so
7f8d139b8000-7f8d139b9000 r--p 00007000 08:01 658898                     /lib/x86_64-linux-gnu/libnss_compat-2.23.so
7f8d139b9000-7f8d139ba000 rw-p 00008000 08:01 658898                     /lib/x86_64-linux-gnu/libnss_compat-2.23.so
7f8d139ba000-7f8d139e6000 r-xp 00000000 08:01 656502                     /usr/lib/jdk/jdk1.8.0_201/jre/lib/amd64/libjava.so
7f8d139e6000-7f8d13be6000 ---p 0002c000 08:01 656502                     /usr/lib/jdk/jdk1.8.0_201/jre/lib/amd64/libjava.so
7f8d13be6000-7f8d13be7000 r--p 0002c000 08:01 656502                     /usr/lib/jdk/jdk1.8.0_201/jre/lib/amd64/libjava.so
7f8d13be7000-7f8d13be9000 rw-p 0002d000 08:01 656502                     /usr/lib/jdk/jdk1.8.0_201/jre/lib/amd64/libjava.so
7f8d13be9000-7f8d13bf6000 r-xp 00000000 08:01 656507                     /usr/lib/jdk/jdk1.8.0_201/jre/lib/amd64/libverify.so
7f8d13bf6000-7f8d13df5000 ---p 0000d000 08:01 656507                     /usr/lib/jdk/jdk1.8.0_201/jre/lib/amd64/libverify.so
7f8d13df5000-7f8d13df7000 r--p 0000c000 08:01 656507                     /usr/lib/jdk/jdk1.8.0_201/jre/lib/amd64/libverify.so
7f8d13df7000-7f8d13df8000 rw-p 0000e000 08:01 656507                     /usr/lib/jdk/jdk1.8.0_201/jre/lib/amd64/libverify.so
7f8d13df8000-7f8d13dff000 r-xp 00000000 08:01 658957                     /lib/x86_64-linux-gnu/librt-2.23.so
7f8d13dff000-7f8d13ffe000 ---p 00007000 08:01 658957                     /lib/x86_64-linux-gnu/librt-2.23.so
7f8d13ffe000-7f8d13fff000 r--p 00006000 08:01 658957                     /lib/x86_64-linux-gnu/librt-2.23.so
7f8d13fff000-7f8d14000000 rw-p 00007000 08:01 658957                     /lib/x86_64-linux-gnu/librt-2.23.so
7f8d14000000-7f8d144bf000 rw-p 00000000 00:00 0 
7f8d144bf000-7f8d18000000 ---p 00000000 00:00 0 
7f8d18000000-7f8d18015000 rw-p 00000000 00:00 0 
7f8d18015000-7f8d18147000 ---p 00000000 00:00 0 
7f8d18147000-7f8d18152000 rw-p 00000000 00:00 0 
7f8d18152000-7f8d181eb000 ---p 00000000 00:00 0 
7f8d181eb000-7f8d181ec000 rw-p 00000000 00:00 0 
7f8d181ec000-7f8d182f4000 r-xp 00000000 08:01 658873                     /lib/x86_64-linux-gnu/libm-2.23.so
7f8d182f4000-7f8d184f3000 ---p 00108000 08:01 658873                     /lib/x86_64-linux-gnu/libm-2.23.so
7f8d184f3000-7f8d184f4000 r--p 00107000 08:01 658873                     /lib/x86_64-linux-gnu/libm-2.23.so
7f8d184f4000-7f8d184f5000 rw-p 00108000 08:01 658873                     /lib/x86_64-linux-gnu/libm-2.23.so
7f8d184f5000-7f8d191dd000 r-xp 00000000 08:01 656484                     /usr/lib/jdk/jdk1.8.0_201/jre/lib/amd64/server/libjvm.so
7f8d191dd000-7f8d193dc000 ---p 00ce8000 08:01 656484                     /usr/lib/jdk/jdk1.8.0_201/jre/lib/amd64/server/libjvm.so
7f8d193dc000-7f8d19472000 r--p 00ce7000 08:01 656484                     /usr/lib/jdk/jdk1.8.0_201/jre/lib/amd64/server/libjvm.so
7f8d19472000-7f8d194a3000 rw-p 00d7d000 08:01 656484                     /usr/lib/jdk/jdk1.8.0_201/jre/lib/amd64/server/libjvm.so
7f8d194a3000-7f8d194de000 rw-p 00000000 00:00 0 
7f8d194de000-7f8d1969e000 r-xp 00000000 08:01 658803                     /lib/x86_64-linux-gnu/libc-2.23.so
7f8d1969e000-7f8d1989e000 ---p 001c0000 08:01 658803                     /lib/x86_64-linux-gnu/libc-2.23.so
7f8d1989e000-7f8d198a2000 r--p 001c0000 08:01 658803                     /lib/x86_64-linux-gnu/libc-2.23.so
7f8d198a2000-7f8d198a4000 rw-p 001c4000 08:01 658803                     /lib/x86_64-linux-gnu/libc-2.23.so
7f8d198a4000-7f8d198a8000 rw-p 00000000 00:00 0 
7f8d198a8000-7f8d198ab000 r-xp 00000000 08:01 658827                     /lib/x86_64-linux-gnu/libdl-2.23.so
7f8d198ab000-7f8d19aaa000 ---p 00003000 08:01 658827                     /lib/x86_64-linux-gnu/libdl-2.23.so
7f8d19aaa000-7f8d19aab000 r--p 00002000 08:01 658827                     /lib/x86_64-linux-gnu/libdl-2.23.so
7f8d19aab000-7f8d19aac000 rw-p 00003000 08:01 658827                     /lib/x86_64-linux-gnu/libdl-2.23.so
7f8d19aac000-7f8d19ac3000 r-xp 00000000 08:01 656155                     /usr/lib/jdk/jdk1.8.0_201/lib/amd64/jli/libjli.so
7f8d19ac3000-7f8d19cc2000 ---p 00017000 08:01 656155                     /usr/lib/jdk/jdk1.8.0_201/lib/amd64/jli/libjli.so
7f8d19cc2000-7f8d19cc3000 r--p 00016000 08:01 656155                     /usr/lib/jdk/jdk1.8.0_201/lib/amd64/jli/libjli.so
7f8d19cc3000-7f8d19cc4000 rw-p 00017000 08:01 656155                     /usr/lib/jdk/jdk1.8.0_201/lib/amd64/jli/libjli.so
7f8d19cc4000-7f8d19cdc000 r-xp 00000000 08:01 658949                     /lib/x86_64-linux-gnu/libpthread-2.23.so
7f8d19cdc000-7f8d19edb000 ---p 00018000 08:01 658949                     /lib/x86_64-linux-gnu/libpthread-2.23.so
7f8d19edb000-7f8d19edc000 r--p 00017000 08:01 658949                     /lib/x86_64-linux-gnu/libpthread-2.23.so
7f8d19edc000-7f8d19edd000 rw-p 00018000 08:01 658949                     /lib/x86_64-linux-gnu/libpthread-2.23.so
7f8d19edd000-7f8d19ee1000 rw-p 00000000 00:00 0 
7f8d19ee1000-7f8d19f07000 r-xp 00000000 08:01 658775                     /lib/x86_64-linux-gnu/ld-2.23.so
7f8d19f0b000-7f8d19f27000 r--s 00393000 08:01 656354                     /usr/lib/jdk/jdk1.8.0_201/jre/lib/ext/cldrdata.jar
7f8d19f27000-7f8d19f2b000 r--s 000a1000 08:01 656350                     /usr/lib/jdk/jdk1.8.0_201/jre/lib/jsse.jar
7f8d19f2b000-7f8d19fe9000 rw-p 00000000 00:00 0 
7f8d19fe9000-7f8d19fec000 ---p 00000000 00:00 0 
7f8d19fec000-7f8d1a0ef000 rw-p 00000000 00:00 0 
7f8d1a0ef000-7f8d1a0f7000 r--s 0006e000 08:01 398946                     /home/hewitt/work/DiffTGen-master/lib/commons-lang3-3.5.jar
7f8d1a0f7000-7f8d1a0f8000 r--s 00000000 08:01 398951                     /home/hewitt/work/DiffTGen-master/lib/myprinter.jar
7f8d1a0f8000-7f8d1a0fc000 r--s 00039000 08:01 1175374                    /home/hewitt/work/DiffTGen-master/output/patch7-Lang-59-CapGen-plausible/Lang_59_7-plausible_capgen/target/build/classes/all0.jar
7f8d1a0fc000-7f8d1a104000 rw-s 00000000 08:01 151380                     /tmp/hsperfdata_hewitt/101772
7f8d1a104000-7f8d1a105000 rw-p 00000000 00:00 0 
7f8d1a105000-7f8d1a106000 ---p 00000000 00:00 0 
7f8d1a106000-7f8d1a107000 r--p 00025000 08:01 658775                     /lib/x86_64-linux-gnu/ld-2.23.so
7f8d1a107000-7f8d1a108000 rw-p 00026000 08:01 658775                     /lib/x86_64-linux-gnu/ld-2.23.so
7f8d1a108000-7f8d1a109000 rw-p 00000000 00:00 0 
7ffd9d7ea000-7ffd9d80c000 rw-p 00000000 00:00 0                          [stack]
7ffd9d89b000-7ffd9d89e000 r--p 00000000 00:00 0                          [vvar]
7ffd9d89e000-7ffd9d8a0000 r-xp 00000000 00:00 0                          [vdso]
ffffffffff600000-ffffffffff601000 r-xp 00000000 00:00 0                  [vsyscall]

VM Arguments:
java_command: /home/hewitt/work/DiffTGen-master/lib/evosuite-1.0.6.jar -base_dir /home/hewitt/work/DiffTGen-master/output/patch7-Lang-59-CapGen-plausible/Lang_59_7-plausible_capgen/target/0/11 -projectCP /home/hewitt/work/DiffTGen-master/output/patch7-Lang-59-CapGen-plausible/Lang_59_7-plausible_capgen/target/build/classes/all0.jar:/home/hewitt/work/DiffTGen-master/lib/myprinter.jar:/home/hewitt/work/DiffTGen-master/lib/commons-lang3-3.5.jar -class org.apache.commons.lang.text.StrBuilder -Dassertions=false -Dsearch_budget=60
java_class_path (initial): /home/hewitt/work/DiffTGen-master/lib/evosuite-1.0.6.jar
Launcher Type: SUN_STANDARD

Environment Variables:
JAVA_HOME=/usr/lib/jdk/jdk1.8.0_201
JRE_HOME=/usr/lib/jdk/jdk1.8.0_201/jre
CLASSPATH=.:/usr/lib/jdk/jdk1.8.0_201/lib:/usr/lib/jdk/jdk1.8.0_201/jre/lib
PATH=/usr/lib/jdk/jdk1.8.0_201/bin:/home/hewitt/bin:/home/hewitt/.local/bin:/usr/lib/jdk/jdk1.7.0_80/bin:/usr/local/sbin:/usr/local/bin:/usr/sbin:/usr/bin:/sbin:/bin:/usr/games:/usr/local/games:/snap/bin:/home/hewitt/work/defects4j_v1.4.0/defects4j/framework/bin:/opt/apache-ant-1.9.14/bin:/home/hewitt/work/defects4j_v1.4.0/defects4j/framework/bin
SHELL=/bin/bash
DISPLAY=:0

Signal Handlers:
SIGSEGV: [libjvm.so+0xad3e60], sa_mask[0]=11111111011111111101111111111110, sa_flags=SA_RESTART|SA_SIGINFO
SIGBUS: [libjvm.so+0xad3e60], sa_mask[0]=11111111011111111101111111111110, sa_flags=SA_RESTART|SA_SIGINFO
SIGFPE: [libjvm.so+0x90b880], sa_mask[0]=11111111011111111101111111111110, sa_flags=SA_RESTART|SA_SIGINFO
SIGPIPE: [libjvm.so+0x90b880], sa_mask[0]=11111111011111111101111111111110, sa_flags=SA_RESTART|SA_SIGINFO
SIGXFSZ: [libjvm.so+0x90b880], sa_mask[0]=11111111011111111101111111111110, sa_flags=SA_RESTART|SA_SIGINFO
SIGILL: [libjvm.so+0x90b880], sa_mask[0]=11111111011111111101111111111110, sa_flags=SA_RESTART|SA_SIGINFO
SIGUSR1: SIG_DFL, sa_mask[0]=00000000000000000000000000000000, sa_flags=none
SIGUSR2: [libjvm.so+0x90b750], sa_mask[0]=00100000000000000000000000000000, sa_flags=SA_RESTART|SA_SIGINFO
SIGHUP: [libjvm.so+0x90bd70], sa_mask[0]=11111111011111111101111111111110, sa_flags=SA_RESTART|SA_SIGINFO
SIGINT: [libjvm.so+0x90bd70], sa_mask[0]=11111111011111111101111111111110, sa_flags=SA_RESTART|SA_SIGINFO
SIGTERM: [libjvm.so+0x90bd70], sa_mask[0]=11111111011111111101111111111110, sa_flags=SA_RESTART|SA_SIGINFO
SIGQUIT: [libjvm.so+0x90bd70], sa_mask[0]=11111111011111111101111111111110, sa_flags=SA_RESTART|SA_SIGINFO


---------------  S Y S T E M  ---------------

OS:DISTRIB_ID=Ubuntu
DISTRIB_RELEASE=16.04
DISTRIB_CODENAME=xenial
DISTRIB_DESCRIPTION="Ubuntu 16.04.6 LTS"

uname:Linux 4.15.0-91-generic #92~16.04.1-Ubuntu SMP Fri Feb 28 14:57:22 UTC 2020 x86_64
libc:glibc 2.23 NPTL 2.23 
rlimit: STACK 8192k, CORE 0k, NPROC 15448, NOFILE 1048576, AS infinity
load average:18.76 13.32 13.05

/proc/meminfo:
MemTotal:        4015928 kB
MemFree:          449952 kB
MemAvailable:     362932 kB
Buffers:             548 kB
Cached:            34272 kB
SwapCached:         1372 kB
Active:          2579756 kB
Inactive:         544348 kB
Active(anon):    2571836 kB
Inactive(anon):   518652 kB
Active(file):       7920 kB
Inactive(file):    25696 kB
Unevictable:          48 kB
Mlocked:              48 kB
SwapTotal:        998396 kB
SwapFree:           1408 kB
Dirty:                96 kB
Writeback:           912 kB
AnonPages:       3089512 kB
Mapped:            25572 kB
Shmem:               968 kB
Slab:              91892 kB
SReclaimable:      33288 kB
SUnreclaim:        58604 kB
KernelStack:       17712 kB
PageTables:        43104 kB
NFS_Unstable:          0 kB
Bounce:                0 kB
WritebackTmp:          0 kB
CommitLimit:     3006360 kB
Committed_AS:    9129980 kB
VmallocTotal:   34359738367 kB
VmallocUsed:           0 kB
VmallocChunk:          0 kB
HardwareCorrupted:     0 kB
AnonHugePages:         0 kB
ShmemHugePages:        0 kB
ShmemPmdMapped:        0 kB
CmaTotal:              0 kB
CmaFree:               0 kB
HugePages_Total:       0
HugePages_Free:        0
HugePages_Rsvd:        0
HugePages_Surp:        0
Hugepagesize:       2048 kB
DirectMap4k:       98112 kB
DirectMap2M:     4096000 kB
DirectMap1G:     2097152 kB

container (cgroup) information:
container_type: cgroupv1
cpu_cpuset_cpus: 0-3
cpu_memory_nodes: 0
active_processor_count: 4
cpu_quota: -1
cpu_period: 100000
cpu_shares: -1
memory_limit_in_bytes: -1
memory_and_swap_limit_in_bytes: -2
memory_soft_limit_in_bytes: -1
memory_usage_in_bytes: 3200565248
memory_max_usage_in_bytes: 20938752


CPU:total 4 (initial active 4) (2 cores per cpu, 1 threads per core) family 6 model 158 stepping 9, cmov, cx8, fxsr, mmx, sse, sse2, sse3, ssse3, sse4.1, sse4.2, popcnt, avx, avx2, aes, clmul, erms, 3dnowpref, lzcnt, tsc, tscinvbit, bmi1, bmi2, adx

/proc/cpuinfo:
processor	: 0
vendor_id	: GenuineIntel
cpu family	: 6
model		: 158
model name	: Intel(R) Core(TM) i7-7700HQ CPU @ 2.80GHz
stepping	: 9
microcode	: 0xb4
cpu MHz		: 2808.002
cache size	: 6144 KB
physical id	: 0
siblings	: 2
core id		: 0
cpu cores	: 2
apicid		: 0
initial apicid	: 0
fpu		: yes
fpu_exception	: yes
cpuid level	: 22
wp		: yes
flags		: fpu vme de pse tsc msr pae mce cx8 apic sep mtrr pge mca cmov pat pse36 clflush mmx fxsr sse sse2 ss ht syscall nx pdpe1gb rdtscp lm constant_tsc arch_perfmon nopl xtopology tsc_reliable nonstop_tsc cpuid pni pclmulqdq ssse3 fma cx16 pcid sse4_1 sse4_2 x2apic movbe popcnt tsc_deadline_timer aes xsave avx f16c rdrand hypervisor lahf_lm abm 3dnowprefetch cpuid_fault invpcid_single pti ssbd ibrs ibpb stibp fsgsbase tsc_adjust bmi1 avx2 smep bmi2 invpcid mpx rdseed adx smap clflushopt xsaveopt xsavec xsaves arat md_clear flush_l1d arch_capabilities
bugs		: cpu_meltdown spectre_v1 spectre_v2 spec_store_bypass l1tf mds swapgs itlb_multihit
bogomips	: 5616.00
clflush size	: 64
cache_alignment	: 64
address sizes	: 43 bits physical, 48 bits virtual
power management:

processor	: 1
vendor_id	: GenuineIntel
cpu family	: 6
model		: 158
model name	: Intel(R) Core(TM) i7-7700HQ CPU @ 2.80GHz
stepping	: 9
microcode	: 0xb4
cpu MHz		: 2808.002
cache size	: 6144 KB
physical id	: 0
siblings	: 2
core id		: 1
cpu cores	: 2
apicid		: 1
initial apicid	: 1
fpu		: yes
fpu_exception	: yes
cpuid level	: 22
wp		: yes
flags		: fpu vme de pse tsc msr pae mce cx8 apic sep mtrr pge mca cmov pat pse36 clflush mmx fxsr sse sse2 ss ht syscall nx pdpe1gb rdtscp lm constant_tsc arch_perfmon nopl xtopology tsc_reliable nonstop_tsc cpuid pni pclmulqdq ssse3 fma cx16 pcid sse4_1 sse4_2 x2apic movbe popcnt tsc_deadline_timer aes xsave avx f16c rdrand hypervisor lahf_lm abm 3dnowprefetch cpuid_fault invpcid_single pti ssbd ibrs ibpb stibp fsgsbase tsc_adjust bmi1 avx2 smep bmi2 invpcid mpx rdseed adx smap clflushopt xsaveopt xsavec xsaves arat md_clear flush_l1d arch_capabilities
bugs		: cpu_meltdown spectre_v1 spectre_v2 spec_store_bypass l1tf mds swapgs itlb_multihit
bogomips	: 5616.00
clflush size	: 64
cache_alignment	: 64
address sizes	: 43 bits physical, 48 bits virtual
power management:

processor	: 2
vendor_id	: GenuineIntel
cpu family	: 6
model		: 158
model name	: Intel(R) Core(TM) i7-7700HQ CPU @ 2.80GHz
stepping	: 9
microcode	: 0xb4
cpu MHz		: 2808.002
cache size	: 6144 KB
physical id	: 1
siblings	: 2
core id		: 0
cpu cores	: 2
apicid		: 2
initial apicid	: 2
fpu		: yes
fpu_exception	: yes
cpuid level	: 22
wp		: yes
flags		: fpu vme de pse tsc msr pae mce cx8 apic sep mtrr pge mca cmov pat pse36 clflush mmx fxsr sse sse2 ss ht syscall nx pdpe1gb rdtscp lm constant_tsc arch_perfmon nopl xtopology tsc_reliable nonstop_tsc cpuid pni pclmulqdq ssse3 fma cx16 pcid sse4_1 sse4_2 x2apic movbe popcnt tsc_deadline_timer aes xsave avx f16c rdrand hypervisor lahf_lm abm 3dnowprefetch cpuid_fault invpcid_single pti ssbd ibrs ibpb stibp fsgsbase tsc_adjust bmi1 avx2 smep bmi2 invpcid mpx rdseed adx smap clflushopt xsaveopt xsavec xsaves arat md_clear flush_l1d arch_capabilities
bugs		: cpu_meltdown spectre_v1 spectre_v2 spec_store_bypass l1tf mds swapgs itlb_multihit
bogomips	: 5616.00
clflush size	: 64
cache_alignment	: 64
address sizes	: 43 bits physical, 48 bits virtual
power management:

processor	: 3
vendor_id	: GenuineIntel
cpu family	: 6
model		: 158
model name	: Intel(R) Core(TM) i7-7700HQ CPU @ 2.80GHz
stepping	: 9
microcode	: 0xb4
cpu MHz		: 2808.002
cache size	: 6144 KB
physical id	: 1
siblings	: 2
core id		: 1
cpu cores	: 2
apicid		: 3
initial apicid	: 3
fpu		: yes
fpu_exception	: yes
cpuid level	: 22
wp		: yes
flags		: fpu vme de pse tsc msr pae mce cx8 apic sep mtrr pge mca cmov pat pse36 clflush mmx fxsr sse sse2 ss ht syscall nx pdpe1gb rdtscp lm constant_tsc arch_perfmon nopl xtopology tsc_reliable nonstop_tsc cpuid pni pclmulqdq ssse3 fma cx16 pcid sse4_1 sse4_2 x2apic movbe popcnt tsc_deadline_timer aes xsave avx f16c rdrand hypervisor lahf_lm abm 3dnowprefetch cpuid_fault invpcid_single pti ssbd ibrs ibpb stibp fsgsbase tsc_adjust bmi1 avx2 smep bmi2 invpcid mpx rdseed adx smap clflushopt xsaveopt xsavec xsaves arat md_clear flush_l1d arch_capabilities
bugs		: cpu_meltdown spectre_v1 spectre_v2 spec_store_bypass l1tf mds swapgs itlb_multihit
bogomips	: 5616.00
clflush size	: 64
cache_alignment	: 64
address sizes	: 43 bits physical, 48 bits virtual
power management:



Memory: 4k page, physical 4015928k(449952k free), swap 998396k(1412k free)

vm_info: Java HotSpot(TM) 64-Bit Server VM (25.201-b09) for linux-amd64 JRE (1.8.0_201-b09), built on Dec 15 2018 11:35:59 by "java_re" with gcc 7.3.0

time: Sun Mar 29 02:25:41 2020
timezone: CST
elapsed time: 32 seconds (0d 0h 0m 32s)

