#
# There is insufficient memory for the Java Runtime Environment to continue.
# Native memory allocation (mmap) failed to map 58720256 bytes for committing reserved memory.
# Possible reasons:
#   The system is out of physical RAM or swap space
#   The process is running with CompressedOops enabled, and the Java Heap may be blocking the growth of the native heap
# Possible solutions:
#   Reduce memory load on the system
#   Increase physical memory or swap space
#   Check if swap backing store is full
#   Decrease Java heap size (-Xmx/-Xms)
#   Decrease number of Java threads
#   Decrease Java thread stack sizes (-Xss)
#   Set larger code cache with -XX:ReservedCodeCacheSize=
#   JVM is running with Unscaled Compressed Oops mode in which the Java heap is
#     placed in the first 4GB address space. The Java Heap base address is the
#     maximum limit for the native heap growth. Please use -XX:HeapBaseMinAddress
#     to set the Java Heap base and to place the Java Heap above 4GB virtual address.
# This output file may be truncated or incomplete.
#
#  Out of Memory Error (os_linux.cpp:2749), pid=124430, tid=0x00007fc49861b700
#
# JRE version: Java(TM) SE Runtime Environment (8.0_201-b09) (build 1.8.0_201-b09)
# Java VM: Java HotSpot(TM) 64-Bit Server VM (25.201-b09 mixed mode linux-amd64 compressed oops)
# Failed to write core dump. Core dumps have been disabled. To enable core dumping, try "ulimit -c unlimited" before starting Java again
#

---------------  T H R E A D  ---------------

Current thread (0x00007fc4ac140000):  VMThread [stack: 0x00007fc49851b000,0x00007fc49861c000] [id=124483]

Stack: [0x00007fc49851b000,0x00007fc49861c000],  sp=0x00007fc49861a450,  free space=1021k
Native frames: (J=compiled Java code, j=interpreted, Vv=VM code, C=native code)
V  [libjvm.so+0xad3525]  VMError::report_and_die()+0x2e5
V  [libjvm.so+0x4e0457]  report_vm_out_of_memory(char const*, int, unsigned long, VMErrorType, char const*)+0x67
V  [libjvm.so+0x9102f0]  os::pd_commit_memory(char*, unsigned long, unsigned long, bool)+0x100
V  [libjvm.so+0x90791f]  os::commit_memory(char*, unsigned long, unsigned long, bool)+0x1f
V  [libjvm.so+0x98c806]  PSVirtualSpace::expand_by(unsigned long)+0x56
V  [libjvm.so+0x98da98]  PSYoungGen::resize(unsigned long, unsigned long)+0xd8
V  [libjvm.so+0x98a236]  PSScavenge::invoke_no_policy()+0x1376
V  [libjvm.so+0x98a5cc]  PSScavenge::invoke()+0x4c
V  [libjvm.so+0x93a318]  ParallelScavengeHeap::failed_mem_allocate(unsigned long)+0x68
V  [libjvm.so+0xad5073]  VM_ParallelGCFailedAllocation::doit()+0x93
V  [libjvm.so+0xada296]  VM_Operation::evaluate()+0x46
V  [libjvm.so+0xad85cd]  VMThread::evaluate_operation(VM_Operation*) [clone .constprop.44]+0xcd
V  [libjvm.so+0xad8bb3]  VMThread::loop()+0x3a3
V  [libjvm.so+0xad8f88]  VMThread::run()+0x78
V  [libjvm.so+0x90d922]  java_start(Thread*)+0x102

VM_Operation (0x00007fc481c2b760): ParallelGCFailedAllocation, mode: safepoint, requested by thread 0x00007fc44c001000


---------------  P R O C E S S  ---------------

Java Threads: ( => current thread )
  0x00007fc44c001000 JavaThread "RMI TCP Connection(2)-127.0.0.1" daemon [_thread_blocked, id=124901, stack(0x00007fc481b32000,0x00007fc481c33000)]
  0x00007fc424048000 JavaThread "RMI Scheduler(0)" daemon [_thread_blocked, id=124898, stack(0x00007fc481c33000,0x00007fc481d34000)]
  0x00007fc424038800 JavaThread "RMI RenewClean-[127.0.0.1:18445]" daemon [_thread_blocked, id=124874, stack(0x00007fc481d34000,0x00007fc481e35000)]
  0x00007fc448001000 JavaThread "RMI TCP Connection(3)-127.0.0.1" daemon [_thread_in_native, id=124857, stack(0x00007fc481e35000,0x00007fc481f36000)]
  0x00007fc438005000 JavaThread "pool-3-thread-3" [_thread_in_native, id=124794, stack(0x00007fc481f36000,0x00007fc482037000)]
  0x00007fc438003000 JavaThread "pool-3-thread-2" [_thread_in_native, id=124789, stack(0x00007fc482037000,0x00007fc482138000)]
  0x00007fc438002000 JavaThread "pool-3-thread-1" [_thread_in_native, id=124786, stack(0x00007fc482138000,0x00007fc482239000)]
  0x00007fc4ac200000 JavaThread "Thread-3" [_thread_in_native, id=124634, stack(0x00007fc482239000,0x00007fc48233a000)]
  0x00007fc4ac1fe800 JavaThread "Thread-2" [_thread_in_native, id=124631, stack(0x00007fc48233a000,0x00007fc48243b000)]
  0x00007fc4ac1fd000 JavaThread "process reaper" daemon [_thread_in_native, id=124624, stack(0x00007fc48243b000,0x00007fc482474000)]
  0x00007fc4ac3d8800 JavaThread "pool-2-thread-1" [_thread_in_native, id=124597, stack(0x00007fc482474000,0x00007fc482575000)]
  0x00007fc4ac3d6000 JavaThread "GC Daemon" daemon [_thread_blocked, id=124592, stack(0x00007fc482575000,0x00007fc482676000)]
  0x00007fc4ac3d3800 JavaThread "RMI Reaper" [_thread_blocked, id=124584, stack(0x00007fc482676000,0x00007fc482777000)]
  0x00007fc4ac3cd800 JavaThread "RMI TCP Accept-4013" daemon [_thread_in_native, id=124583, stack(0x00007fc482777000,0x00007fc482878000)]
  0x00007fc4ac3c5000 JavaThread "RMI TCP Accept-17026" daemon [_thread_in_native, id=124577, stack(0x00007fc482878000,0x00007fc482979000)]
  0x00007fc4ac2e2800 JavaThread "logback-3" daemon [_thread_blocked, id=124554, stack(0x00007fc482bf2000,0x00007fc482cf3000)]
  0x00007fc4ac2df000 JavaThread "logback-2" daemon [_thread_blocked, id=124548, stack(0x00007fc482cf3000,0x00007fc482df4000)]
  0x00007fc4ac2dd000 JavaThread "logback-1" daemon [_thread_blocked, id=124545, stack(0x00007fc482df4000,0x00007fc482ef5000)]
  0x00007fc4ac189000 JavaThread "Service Thread" daemon [_thread_blocked, id=124526, stack(0x00007fc48343f000,0x00007fc483540000)]
  0x00007fc4ac186000 JavaThread "C1 CompilerThread2" daemon [_thread_blocked, id=124523, stack(0x00007fc483540000,0x00007fc483641000)]
  0x00007fc4ac184800 JavaThread "C2 CompilerThread1" daemon [_thread_in_native, id=124520, stack(0x00007fc498016000,0x00007fc498117000)]
  0x00007fc4ac181800 JavaThread "C2 CompilerThread0" daemon [_thread_blocked, id=124516, stack(0x00007fc498117000,0x00007fc498218000)]
  0x00007fc4ac180000 JavaThread "Signal Dispatcher" daemon [_thread_blocked, id=124510, stack(0x00007fc498218000,0x00007fc498319000)]
  0x00007fc4ac14c000 JavaThread "Finalizer" daemon [_thread_blocked, id=124496, stack(0x00007fc498319000,0x00007fc49841a000)]
  0x00007fc4ac149800 JavaThread "Reference Handler" daemon [_thread_blocked, id=124493, stack(0x00007fc49841a000,0x00007fc49851b000)]
  0x00007fc4ac00a800 JavaThread "main" [_thread_in_native, id=124439, stack(0x00007fc4b29d3000,0x00007fc4b2ad4000)]

Other Threads:
=>0x00007fc4ac140000 VMThread [stack: 0x00007fc49851b000,0x00007fc49861c000] [id=124483]
  0x00007fc4ac18b800 WatcherThread [stack: 0x00007fc48333e000,0x00007fc48343f000] [id=124527]

VM state:at safepoint (normal execution)

VM Mutex/Monitor currently owned by a thread:  ([mutex/lock_event])
[0x00007fc4ac007090] Threads_lock - owner thread: 0x00007fc4ac140000
[0x00007fc4ac007590] Heap_lock - owner thread: 0x00007fc44c001000

heap address: 0x00000000c2a00000, size: 982 MB, Compressed Oops mode: 32-bit
Narrow klass base: 0x0000000000000000, Narrow klass shift: 3
Compressed class space size: 1073741824 Address: 0x0000000100000000

Heap:
 PSYoungGen      total 63488K, used 4128K [0x00000000eb900000, 0x00000000efd00000, 0x0000000100000000)
  eden space 57856K, 0% used [0x00000000eb900000,0x00000000eb900000,0x00000000ef180000)
  from space 5632K, 73% used [0x00000000ef180000,0x00000000ef588060,0x00000000ef700000)
  to   space 5120K, 0% used [0x00000000ef700000,0x00000000ef700000,0x00000000efc00000)
 ParOldGen       total 42496K, used 8478K [0x00000000c2a00000, 0x00000000c5380000, 0x00000000eb900000)
  object space 42496K, 19% used [0x00000000c2a00000,0x00000000c3247a00,0x00000000c5380000)
 Metaspace       used 13895K, capacity 14270K, committed 14592K, reserved 1062912K
  class space    used 1594K, capacity 1707K, committed 1792K, reserved 1048576K

Card table byte_map: [0x00007fc49c41a000,0x00007fc49c606000] byte_map_base: 0x00007fc49be05000

Marking Bits: (ParMarkBitMap*) 0x00007fc4b1eaad80
 Begin Bits: [0x00007fc49a166000, 0x00007fc49b0be000)
 End Bits:   [0x00007fc49b0be000, 0x00007fc49c016000)

Polling page: 0x00007fc4b2aef000

CodeCache: size=245760Kb used=5983Kb max_used=5983Kb free=239776Kb
 bounds [0x00007fc49c9c6000, 0x00007fc49cfa6000, 0x00007fc4ab9c6000]
 total_blobs=2071 nmethods=1723 adapters=261
 compilation: enabled

Compilation events (10 events):
Event: 49.519 Thread 0x00007fc4ac186000 1770       2       org.evosuite.instrumentation.LineNumberMethodAdapter::visitLineNumber (52 bytes)
Event: 49.519 Thread 0x00007fc4ac186000 nmethod 1770 0x00007fc49cf9dd90 code [0x00007fc49cf9df40, 0x00007fc49cf9e238]
Event: 49.520 Thread 0x00007fc4ac186000 1771       2       org.evosuite.shaded.org.objectweb.asm.MethodWriter::visitLineNumber (50 bytes)
Event: 49.520 Thread 0x00007fc4ac186000 nmethod 1771 0x00007fc49cf9d750 code [0x00007fc49cf9d8e0, 0x00007fc49cf9dbd8]
Event: 49.521 Thread 0x00007fc4ac186000 1772       2       org.evosuite.shaded.org.objectweb.asm.ClassWriter::newUTF8 (70 bytes)
Event: 49.521 Thread 0x00007fc4ac186000 nmethod 1772 0x00007fc49cf9d090 code [0x00007fc49cf9d240, 0x00007fc49cf9d538]
Event: 49.577 Thread 0x00007fc4ac186000 1775       2       org.evosuite.seeding.StaticConstantPool::add (396 bytes)
Event: 49.578 Thread 0x00007fc4ac186000 nmethod 1775 0x00007fc49cf9b5d0 code [0x00007fc49cf9b8e0, 0x00007fc49cf9c6d8]
Event: 49.578 Thread 0x00007fc4ac186000 1776   !   2       org.evosuite.setup.DependencyAnalysis::isTargetClassName (128 bytes)
Event: 49.578 Thread 0x00007fc4ac186000 nmethod 1776 0x00007fc49cf9a5d0 code [0x00007fc49cf9a820, 0x00007fc49cf9af98]

GC Heap History (10 events):
Event: 45.453 GC heap after
Heap after GC invocations=5 (full 1):
 PSYoungGen      total 18432K, used 2540K [0x00000000eb900000, 0x00000000ecd80000, 0x0000000100000000)
  eden space 15872K, 0% used [0x00000000eb900000,0x00000000eb900000,0x00000000ec880000)
  from space 2560K, 99% used [0x00000000ecb00000,0x00000000ecd7b180,0x00000000ecd80000)
  to   space 2560K, 0% used [0x00000000ec880000,0x00000000ec880000,0x00000000ecb00000)
 ParOldGen       total 42496K, used 4981K [0x00000000c2a00000, 0x00000000c5380000, 0x00000000eb900000)
  object space 42496K, 11% used [0x00000000c2a00000,0x00000000c2edd560,0x00000000c5380000)
 Metaspace       used 13703K, capacity 14142K, committed 14336K, reserved 1062912K
  class space    used 1594K, capacity 1707K, committed 1792K, reserved 1048576K
}
Event: 45.880 GC heap before
{Heap before GC invocations=6 (full 1):
 PSYoungGen      total 18432K, used 18412K [0x00000000eb900000, 0x00000000ecd80000, 0x0000000100000000)
  eden space 15872K, 100% used [0x00000000eb900000,0x00000000ec880000,0x00000000ec880000)
  from space 2560K, 99% used [0x00000000ecb00000,0x00000000ecd7b180,0x00000000ecd80000)
  to   space 2560K, 0% used [0x00000000ec880000,0x00000000ec880000,0x00000000ecb00000)
 ParOldGen       total 42496K, used 4981K [0x00000000c2a00000, 0x00000000c5380000, 0x00000000eb900000)
  object space 42496K, 11% used [0x00000000c2a00000,0x00000000c2edd560,0x00000000c5380000)
 Metaspace       used 13783K, capacity 14206K, committed 14336K, reserved 1062912K
  class space    used 1594K, capacity 1707K, committed 1792K, reserved 1048576K
Event: 45.892 GC heap after
Heap after GC invocations=6 (full 1):
 PSYoungGen      total 18432K, used 2532K [0x00000000eb900000, 0x00000000edd00000, 0x0000000100000000)
  eden space 15872K, 0% used [0x00000000eb900000,0x00000000eb900000,0x00000000ec880000)
  from space 2560K, 98% used [0x00000000ec880000,0x00000000ecaf9150,0x00000000ecb00000)
  to   space 2560K, 0% used [0x00000000eda80000,0x00000000eda80000,0x00000000edd00000)
 ParOldGen       total 42496K, used 5890K [0x00000000c2a00000, 0x00000000c5380000, 0x00000000eb900000)
  object space 42496K, 13% used [0x00000000c2a00000,0x00000000c2fc0850,0x00000000c5380000)
 Metaspace       used 13783K, capacity 14206K, committed 14336K, reserved 1062912K
  class space    used 1594K, capacity 1707K, committed 1792K, reserved 1048576K
}
Event: 46.218 GC heap before
{Heap before GC invocations=7 (full 1):
 PSYoungGen      total 18432K, used 18404K [0x00000000eb900000, 0x00000000edd00000, 0x0000000100000000)
  eden space 15872K, 100% used [0x00000000eb900000,0x00000000ec880000,0x00000000ec880000)
  from space 2560K, 98% used [0x00000000ec880000,0x00000000ecaf9150,0x00000000ecb00000)
  to   space 2560K, 0% used [0x00000000eda80000,0x00000000eda80000,0x00000000edd00000)
 ParOldGen       total 42496K, used 5890K [0x00000000c2a00000, 0x00000000c5380000, 0x00000000eb900000)
  object space 42496K, 13% used [0x00000000c2a00000,0x00000000c2fc0850,0x00000000c5380000)
 Metaspace       used 13797K, capacity 14206K, committed 14336K, reserved 1062912K
  class space    used 1594K, capacity 1707K, committed 1792K, reserved 1048576K
Event: 46.232 GC heap after
Heap after GC invocations=7 (full 1):
 PSYoungGen      total 31744K, used 2532K [0x00000000eb900000, 0x00000000ee200000, 0x0000000100000000)
  eden space 29184K, 0% used [0x00000000eb900000,0x00000000eb900000,0x00000000ed580000)
  from space 2560K, 98% used [0x00000000eda80000,0x00000000edcf9150,0x00000000edd00000)
  to   space 5120K, 0% used [0x00000000ed580000,0x00000000ed580000,0x00000000eda80000)
 ParOldGen       total 42496K, used 6042K [0x00000000c2a00000, 0x00000000c5380000, 0x00000000eb900000)
  object space 42496K, 14% used [0x00000000c2a00000,0x00000000c2fe6850,0x00000000c5380000)
 Metaspace       used 13797K, capacity 14206K, committed 14336K, reserved 1062912K
  class space    used 1594K, capacity 1707K, committed 1792K, reserved 1048576K
}
Event: 47.166 GC heap before
{Heap before GC invocations=8 (full 1):
 PSYoungGen      total 31744K, used 31716K [0x00000000eb900000, 0x00000000ee200000, 0x0000000100000000)
  eden space 29184K, 100% used [0x00000000eb900000,0x00000000ed580000,0x00000000ed580000)
  from space 2560K, 98% used [0x00000000eda80000,0x00000000edcf9150,0x00000000edd00000)
  to   space 5120K, 0% used [0x00000000ed580000,0x00000000ed580000,0x00000000eda80000)
 ParOldGen       total 42496K, used 6042K [0x00000000c2a00000, 0x00000000c5380000, 0x00000000eb900000)
  object space 42496K, 14% used [0x00000000c2a00000,0x00000000c2fe6850,0x00000000c5380000)
 Metaspace       used 13840K, capacity 14206K, committed 14336K, reserved 1062912K
  class space    used 1594K, capacity 1707K, committed 1792K, reserved 1048576K
Event: 47.221 GC heap after
Heap after GC invocations=8 (full 1):
 PSYoungGen      total 34304K, used 4084K [0x00000000eb900000, 0x00000000efc00000, 0x0000000100000000)
  eden space 29184K, 0% used [0x00000000eb900000,0x00000000eb900000,0x00000000ed580000)
  from space 5120K, 79% used [0x00000000ed580000,0x00000000ed97d1a0,0x00000000eda80000)
  to   space 5120K, 0% used [0x00000000ef700000,0x00000000ef700000,0x00000000efc00000)
 ParOldGen       total 42496K, used 6050K [0x00000000c2a00000, 0x00000000c5380000, 0x00000000eb900000)
  object space 42496K, 14% used [0x00000000c2a00000,0x00000000c2fe8850,0x00000000c5380000)
 Metaspace       used 13840K, capacity 14206K, committed 14336K, reserved 1062912K
  class space    used 1594K, capacity 1707K, committed 1792K, reserved 1048576K
}
Event: 47.814 GC heap before
{Heap before GC invocations=9 (full 1):
 PSYoungGen      total 34304K, used 33268K [0x00000000eb900000, 0x00000000efc00000, 0x0000000100000000)
  eden space 29184K, 100% used [0x00000000eb900000,0x00000000ed580000,0x00000000ed580000)
  from space 5120K, 79% used [0x00000000ed580000,0x00000000ed97d1a0,0x00000000eda80000)
  to   space 5120K, 0% used [0x00000000ef700000,0x00000000ef700000,0x00000000efc00000)
 ParOldGen       total 42496K, used 6050K [0x00000000c2a00000, 0x00000000c5380000, 0x00000000eb900000)
  object space 42496K, 14% used [0x00000000c2a00000,0x00000000c2fe8850,0x00000000c5380000)
 Metaspace       used 13863K, capacity 14206K, committed 14336K, reserved 1062912K
  class space    used 1594K, capacity 1707K, committed 1792K, reserved 1048576K
Event: 47.910 GC heap after
Heap after GC invocations=9 (full 1):
 PSYoungGen      total 62976K, used 4880K [0x00000000eb900000, 0x00000000efd00000, 0x0000000100000000)
  eden space 57856K, 0% used [0x00000000eb900000,0x00000000eb900000,0x00000000ef180000)
  from space 5120K, 95% used [0x00000000ef700000,0x00000000efbc4070,0x00000000efc00000)
  to   space 5632K, 0% used [0x00000000ef180000,0x00000000ef180000,0x00000000ef700000)
 ParOldGen       total 42496K, used 7070K [0x00000000c2a00000, 0x00000000c5380000, 0x00000000eb900000)
  object space 42496K, 16% used [0x00000000c2a00000,0x00000000c30e79e0,0x00000000c5380000)
 Metaspace       used 13863K, capacity 14206K, committed 14336K, reserved 1062912K
  class space    used 1594K, capacity 1707K, committed 1792K, reserved 1048576K
}
Event: 49.581 GC heap before
{Heap before GC invocations=10 (full 1):
 PSYoungGen      total 62976K, used 62736K [0x00000000eb900000, 0x00000000efd00000, 0x0000000100000000)
  eden space 57856K, 100% used [0x00000000eb900000,0x00000000ef180000,0x00000000ef180000)
  from space 5120K, 95% used [0x00000000ef700000,0x00000000efbc4070,0x00000000efc00000)
  to   space 5632K, 0% used [0x00000000ef180000,0x00000000ef180000,0x00000000ef700000)
 ParOldGen       total 42496K, used 7070K [0x00000000c2a00000, 0x00000000c5380000, 0x00000000eb900000)
  object space 42496K, 16% used [0x00000000c2a00000,0x00000000c30e79e0,0x00000000c5380000)
 Metaspace       used 13895K, capacity 14270K, committed 14592K, reserved 1062912K
  class space    used 1594K, capacity 1707K, committed 1792K, reserved 1048576K

Deoptimization events (10 events):
Event: 44.370 Thread 0x00007fc44c001000 Uncommon trap: reason=unstable_if action=reinterpret pc=0x00007fc49cbca56c method=java.lang.AbstractStringBuilder.append(Ljava/lang/String;)Ljava/lang/AbstractStringBuilder; @ 1
Event: 45.111 Thread 0x00007fc44c001000 Uncommon trap: reason=unstable_if action=reinterpret pc=0x00007fc49ce5f8c0 method=java.util.AbstractCollection.addAll(Ljava/util/Collection;)Z @ 32
Event: 45.363 Thread 0x00007fc44c001000 Uncommon trap: reason=bimorphic action=maybe_recompile pc=0x00007fc49cdd94f0 method=java.util.HashMap.putVal(ILjava/lang/Object;Ljava/lang/Object;ZZ)Ljava/lang/Object; @ 203
Event: 45.513 Thread 0x00007fc44c001000 Uncommon trap: reason=bimorphic action=maybe_recompile pc=0x00007fc49cdd94f0 method=java.util.HashMap.putVal(ILjava/lang/Object;Ljava/lang/Object;ZZ)Ljava/lang/Object; @ 203
Event: 45.853 Thread 0x00007fc44c001000 Uncommon trap: reason=unstable_if action=reinterpret pc=0x00007fc49ced67b8 method=java.util.HashMap.putVal(ILjava/lang/Object;Ljava/lang/Object;ZZ)Ljava/lang/Object; @ 162
Event: 45.853 Thread 0x00007fc44c001000 Uncommon trap: reason=predicate action=maybe_recompile pc=0x00007fc49cee8590 method=java.util.ArrayList.indexOf(Ljava/lang/Object;)I @ 44
Event: 45.942 Thread 0x00007fc44c001000 Uncommon trap: reason=bimorphic action=maybe_recompile pc=0x00007fc49cef57fc method=java.util.AbstractCollection.addAll(Ljava/util/Collection;)Z @ 3
Event: 45.942 Thread 0x00007fc44c001000 Uncommon trap: reason=bimorphic action=maybe_recompile pc=0x00007fc49cef57fc method=java.util.AbstractCollection.addAll(Ljava/util/Collection;)Z @ 3
Event: 45.942 Thread 0x00007fc44c001000 Uncommon trap: reason=bimorphic action=maybe_recompile pc=0x00007fc49cef57fc method=java.util.AbstractCollection.addAll(Ljava/util/Collection;)Z @ 3
Event: 45.942 Thread 0x00007fc44c001000 Uncommon trap: reason=bimorphic action=maybe_recompile pc=0x00007fc49cef57fc method=java.util.AbstractCollection.addAll(Ljava/util/Collection;)Z @ 3

Classes redefined (0 events):
No events

Internal exceptions (10 events):
Event: 33.326 Thread 0x00007fc4ac2e2800 Exception <a 'java/net/ConnectException'> (0x00000000ebb41dd8) thrown at [/HUDSON/workspace/8-2-build-linux-amd64/jdk8u201/12317/hotspot/src/share/vm/prims/jni.cpp, line 709]
Event: 34.133 Thread 0x00007fc4ac2df000 Exception <a 'java/net/ConnectException'> (0x00000000ebb91398) thrown at [/HUDSON/workspace/8-2-build-linux-amd64/jdk8u201/12317/hotspot/src/share/vm/prims/jni.cpp, line 709]
Event: 42.389 Thread 0x00007fc44c001000 Implicit null exception at 0x00007fc49cd48b8d to 0x00007fc49cd49851
Event: 42.389 Thread 0x00007fc44c001000 Implicit null exception at 0x00007fc49cd4cfbc to 0x00007fc49cd4d29d
Event: 42.718 Thread 0x00007fc4ac2dd000 Exception <a 'java/net/ConnectException'> (0x00000000ebb6a3e0) thrown at [/HUDSON/workspace/8-2-build-linux-amd64/jdk8u201/12317/hotspot/src/share/vm/prims/jni.cpp, line 709]
Event: 42.760 Thread 0x00007fc44c001000 Exception <a 'java/lang/NoSuchMethodError': <clinit>> (0x00000000ec1e7698) thrown at [/HUDSON/workspace/8-2-build-linux-amd64/jdk8u201/12317/hotspot/src/share/vm/prims/jni.cpp, line 1613]
Event: 43.326 Thread 0x00007fc4ac2e2800 Exception <a 'java/net/ConnectException'> (0x00000000ebb42900) thrown at [/HUDSON/workspace/8-2-build-linux-amd64/jdk8u201/12317/hotspot/src/share/vm/prims/jni.cpp, line 709]
Event: 43.888 Thread 0x00007fc448001000 Implicit null exception at 0x00007fc49cdb556f to 0x00007fc49cdb8345
Event: 44.303 Thread 0x00007fc4ac2df000 Exception <a 'java/net/ConnectException'> (0x00000000eb900778) thrown at [/HUDSON/workspace/8-2-build-linux-amd64/jdk8u201/12317/hotspot/src/share/vm/prims/jni.cpp, line 709]
Event: 44.370 Thread 0x00007fc44c001000 Implicit null exception at 0x00007fc49cbca174 to 0x00007fc49cbca555

Events (10 events):
Event: 45.942 Thread 0x00007fc44c001000 Uncommon trap: trap_request=0xffffffc6 fr.pc=0x00007fc49cef57fc
Event: 45.942 Thread 0x00007fc44c001000 DEOPT PACKING pc=0x00007fc49cef57fc sp=0x00007fc481c2bd50
Event: 45.942 Thread 0x00007fc44c001000 DEOPT UNPACKING pc=0x00007fc49ca0b73a sp=0x00007fc481c2bd50 mode 2
Event: 46.218 Executing VM operation: ParallelGCFailedAllocation
Event: 46.232 Executing VM operation: ParallelGCFailedAllocation done
Event: 47.165 Executing VM operation: ParallelGCFailedAllocation
Event: 47.221 Executing VM operation: ParallelGCFailedAllocation done
Event: 47.812 Executing VM operation: ParallelGCFailedAllocation
Event: 48.110 Executing VM operation: ParallelGCFailedAllocation done
Event: 49.580 Executing VM operation: ParallelGCFailedAllocation


Dynamic libraries:
00400000-00401000 r-xp 00000000 08:01 654793                             /usr/lib/jdk/jdk1.8.0_201/bin/java
00600000-00601000 r--p 00000000 08:01 654793                             /usr/lib/jdk/jdk1.8.0_201/bin/java
00601000-00602000 rw-p 00001000 08:01 654793                             /usr/lib/jdk/jdk1.8.0_201/bin/java
008c7000-00a9a000 rw-p 00000000 00:00 0                                  [heap]
c2a00000-c5380000 rw-p 00000000 00:00 0 
c5380000-eb900000 ---p 00000000 00:00 0 
eb900000-efd00000 rw-p 00000000 00:00 0 
f3500000-100000000 ---p 00000000 00:00 0 
100000000-1001c0000 rw-p 00000000 00:00 0 
1001c0000-140000000 ---p 00000000 00:00 0 
7fc418000000-7fc418021000 rw-p 00000000 00:00 0 
7fc418021000-7fc41c000000 ---p 00000000 00:00 0 
7fc41c000000-7fc41c021000 rw-p 00000000 00:00 0 
7fc41c021000-7fc420000000 ---p 00000000 00:00 0 
7fc420000000-7fc420021000 rw-p 00000000 00:00 0 
7fc420021000-7fc424000000 ---p 00000000 00:00 0 
7fc424000000-7fc42404b000 rw-p 00000000 00:00 0 
7fc42404b000-7fc428000000 ---p 00000000 00:00 0 
7fc428000000-7fc428021000 rw-p 00000000 00:00 0 
7fc428021000-7fc42c000000 ---p 00000000 00:00 0 
7fc42c000000-7fc42c021000 rw-p 00000000 00:00 0 
7fc42c021000-7fc430000000 ---p 00000000 00:00 0 
7fc430000000-7fc430021000 rw-p 00000000 00:00 0 
7fc430021000-7fc434000000 ---p 00000000 00:00 0 
7fc434000000-7fc434021000 rw-p 00000000 00:00 0 
7fc434021000-7fc438000000 ---p 00000000 00:00 0 
7fc438000000-7fc438021000 rw-p 00000000 00:00 0 
7fc438021000-7fc43c000000 ---p 00000000 00:00 0 
7fc43c000000-7fc43c021000 rw-p 00000000 00:00 0 
7fc43c021000-7fc440000000 ---p 00000000 00:00 0 
7fc440000000-7fc440021000 rw-p 00000000 00:00 0 
7fc440021000-7fc444000000 ---p 00000000 00:00 0 
7fc444000000-7fc444021000 rw-p 00000000 00:00 0 
7fc444021000-7fc448000000 ---p 00000000 00:00 0 
7fc448000000-7fc448021000 rw-p 00000000 00:00 0 
7fc448021000-7fc44c000000 ---p 00000000 00:00 0 
7fc44c000000-7fc44c021000 rw-p 00000000 00:00 0 
7fc44c021000-7fc450000000 ---p 00000000 00:00 0 
7fc450000000-7fc450021000 rw-p 00000000 00:00 0 
7fc450021000-7fc454000000 ---p 00000000 00:00 0 
7fc454000000-7fc454021000 rw-p 00000000 00:00 0 
7fc454021000-7fc458000000 ---p 00000000 00:00 0 
7fc458000000-7fc458021000 rw-p 00000000 00:00 0 
7fc458021000-7fc45c000000 ---p 00000000 00:00 0 
7fc45cfff000-7fc460000000 rw-p 00000000 00:00 0 
7fc460000000-7fc460021000 rw-p 00000000 00:00 0 
7fc460021000-7fc464000000 ---p 00000000 00:00 0 
7fc464000000-7fc464021000 rw-p 00000000 00:00 0 
7fc464021000-7fc468000000 ---p 00000000 00:00 0 
7fc468000000-7fc4688ec000 rw-p 00000000 00:00 0 
7fc4688ec000-7fc46c000000 ---p 00000000 00:00 0 
7fc46c000000-7fc46c62b000 rw-p 00000000 00:00 0 
7fc46c62b000-7fc470000000 ---p 00000000 00:00 0 
7fc470000000-7fc470021000 rw-p 00000000 00:00 0 
7fc470021000-7fc474000000 ---p 00000000 00:00 0 
7fc474000000-7fc4748bd000 rw-p 00000000 00:00 0 
7fc4748bd000-7fc478000000 ---p 00000000 00:00 0 
7fc478000000-7fc478021000 rw-p 00000000 00:00 0 
7fc478021000-7fc47c000000 ---p 00000000 00:00 0 
7fc47c000000-7fc47c021000 rw-p 00000000 00:00 0 
7fc47c021000-7fc480000000 ---p 00000000 00:00 0 
7fc481732000-7fc4817b2000 rw-p 00000000 00:00 0 
7fc4817b2000-7fc481932000 ---p 00000000 00:00 0 
7fc481932000-7fc481b32000 rw-p 00000000 00:00 0 
7fc481b32000-7fc481b35000 ---p 00000000 00:00 0 
7fc481b35000-7fc481c33000 rw-p 00000000 00:00 0 
7fc481c33000-7fc481c36000 ---p 00000000 00:00 0 
7fc481c36000-7fc481d34000 rw-p 00000000 00:00 0 
7fc481d34000-7fc481d37000 ---p 00000000 00:00 0 
7fc481d37000-7fc481e35000 rw-p 00000000 00:00 0 
7fc481e35000-7fc481e38000 ---p 00000000 00:00 0 
7fc481e38000-7fc481f36000 rw-p 00000000 00:00 0 
7fc481f36000-7fc481f39000 ---p 00000000 00:00 0 
7fc481f39000-7fc482037000 rw-p 00000000 00:00 0 
7fc482037000-7fc48203a000 ---p 00000000 00:00 0 
7fc48203a000-7fc482138000 rw-p 00000000 00:00 0 
7fc482138000-7fc48213b000 ---p 00000000 00:00 0 
7fc48213b000-7fc482239000 rw-p 00000000 00:00 0 
7fc482239000-7fc48223c000 ---p 00000000 00:00 0 
7fc48223c000-7fc48233a000 rw-p 00000000 00:00 0 
7fc48233a000-7fc48233d000 ---p 00000000 00:00 0 
7fc48233d000-7fc48243b000 rw-p 00000000 00:00 0 
7fc48243b000-7fc48243e000 ---p 00000000 00:00 0 
7fc48243e000-7fc482474000 rw-p 00000000 00:00 0 
7fc482474000-7fc482477000 ---p 00000000 00:00 0 
7fc482477000-7fc482575000 rw-p 00000000 00:00 0 
7fc482575000-7fc482578000 ---p 00000000 00:00 0 
7fc482578000-7fc482676000 rw-p 00000000 00:00 0 
7fc482676000-7fc482679000 ---p 00000000 00:00 0 
7fc482679000-7fc482777000 rw-p 00000000 00:00 0 
7fc482777000-7fc48277a000 ---p 00000000 00:00 0 
7fc48277a000-7fc482878000 rw-p 00000000 00:00 0 
7fc482878000-7fc48287b000 ---p 00000000 00:00 0 
7fc48287b000-7fc482b79000 rw-p 00000000 00:00 0 
7fc482b79000-7fc482bf2000 r--s 010fd000 08:01 654900                     /usr/lib/jdk/jdk1.8.0_201/lib/tools.jar
7fc482bf2000-7fc482bf5000 ---p 00000000 00:00 0 
7fc482bf5000-7fc482cf3000 rw-p 00000000 00:00 0 
7fc482cf3000-7fc482cf6000 ---p 00000000 00:00 0 
7fc482cf6000-7fc482df4000 rw-p 00000000 00:00 0 
7fc482df4000-7fc482df7000 ---p 00000000 00:00 0 
7fc482df7000-7fc482ef5000 rw-p 00000000 00:00 0 
7fc482ef5000-7fc482f0b000 r-xp 00000000 08:01 656512                     /usr/lib/jdk/jdk1.8.0_201/jre/lib/amd64/libnet.so
7fc482f0b000-7fc48310b000 ---p 00016000 08:01 656512                     /usr/lib/jdk/jdk1.8.0_201/jre/lib/amd64/libnet.so
7fc48310b000-7fc48310c000 r--p 00016000 08:01 656512                     /usr/lib/jdk/jdk1.8.0_201/jre/lib/amd64/libnet.so
7fc48310c000-7fc48310d000 rw-p 00017000 08:01 656512                     /usr/lib/jdk/jdk1.8.0_201/jre/lib/amd64/libnet.so
7fc48310d000-7fc48333e000 r--s 01bb1000 08:01 403225                     /home/hewitt/work/DiffTGen-master/lib/evosuite-1.0.6.jar
7fc48333e000-7fc48333f000 ---p 00000000 00:00 0 
7fc48333f000-7fc48343f000 rw-p 00000000 00:00 0 
7fc48343f000-7fc483442000 ---p 00000000 00:00 0 
7fc483442000-7fc483540000 rw-p 00000000 00:00 0 
7fc483540000-7fc483543000 ---p 00000000 00:00 0 
7fc483543000-7fc483641000 rw-p 00000000 00:00 0 
7fc483641000-7fc484000000 r--p 00000000 08:01 270368                     /usr/lib/locale/locale-archive
7fc484000000-7fc484021000 rw-p 00000000 00:00 0 
7fc484021000-7fc488000000 ---p 00000000 00:00 0 
7fc488000000-7fc488325000 rw-p 00000000 00:00 0 
7fc488325000-7fc48c000000 ---p 00000000 00:00 0 
7fc48c000000-7fc48c021000 rw-p 00000000 00:00 0 
7fc48c021000-7fc490000000 ---p 00000000 00:00 0 
7fc490000000-7fc490021000 rw-p 00000000 00:00 0 
7fc490021000-7fc494000000 ---p 00000000 00:00 0 
7fc494000000-7fc494021000 rw-p 00000000 00:00 0 
7fc494021000-7fc498000000 ---p 00000000 00:00 0 
7fc498016000-7fc498019000 ---p 00000000 00:00 0 
7fc498019000-7fc498117000 rw-p 00000000 00:00 0 
7fc498117000-7fc49811a000 ---p 00000000 00:00 0 
7fc49811a000-7fc498218000 rw-p 00000000 00:00 0 
7fc498218000-7fc49821b000 ---p 00000000 00:00 0 
7fc49821b000-7fc498319000 rw-p 00000000 00:00 0 
7fc498319000-7fc49831c000 ---p 00000000 00:00 0 
7fc49831c000-7fc49841a000 rw-p 00000000 00:00 0 
7fc49841a000-7fc49841d000 ---p 00000000 00:00 0 
7fc49841d000-7fc49851b000 rw-p 00000000 00:00 0 
7fc49851b000-7fc49851c000 ---p 00000000 00:00 0 
7fc49851c000-7fc49952b000 rw-p 00000000 00:00 0 
7fc49952b000-7fc499705000 r--s 03d6f000 08:01 656293                     /usr/lib/jdk/jdk1.8.0_201/jre/lib/rt.jar
7fc499705000-7fc49c016000 rw-p 00000000 00:00 0 
7fc49c016000-7fc49c017000 ---p 00000000 00:00 0 
7fc49c017000-7fc49c117000 rw-p 00000000 00:00 0 
7fc49c117000-7fc49c118000 ---p 00000000 00:00 0 
7fc49c118000-7fc49c218000 rw-p 00000000 00:00 0 
7fc49c218000-7fc49c219000 ---p 00000000 00:00 0 
7fc49c219000-7fc49c319000 rw-p 00000000 00:00 0 
7fc49c319000-7fc49c31a000 ---p 00000000 00:00 0 
7fc49c31a000-7fc49c42f000 rw-p 00000000 00:00 0 
7fc49c42f000-7fc49c561000 ---p 00000000 00:00 0 
7fc49c561000-7fc49c584000 rw-p 00000000 00:00 0 
7fc49c584000-7fc49c605000 ---p 00000000 00:00 0 
7fc49c605000-7fc49c61e000 rw-p 00000000 00:00 0 
7fc49c61e000-7fc49c9c6000 ---p 00000000 00:00 0 
7fc49c9c6000-7fc49cfa6000 rwxp 00000000 00:00 0 
7fc49cfa6000-7fc4ab9c6000 ---p 00000000 00:00 0 
7fc4ab9c6000-7fc4ab9e1000 r-xp 00000000 08:01 656508                     /usr/lib/jdk/jdk1.8.0_201/jre/lib/amd64/libzip.so
7fc4ab9e1000-7fc4abbe0000 ---p 0001b000 08:01 656508                     /usr/lib/jdk/jdk1.8.0_201/jre/lib/amd64/libzip.so
7fc4abbe0000-7fc4abbe1000 r--p 0001a000 08:01 656508                     /usr/lib/jdk/jdk1.8.0_201/jre/lib/amd64/libzip.so
7fc4abbe1000-7fc4abbe2000 rw-p 0001b000 08:01 656508                     /usr/lib/jdk/jdk1.8.0_201/jre/lib/amd64/libzip.so
7fc4abbe2000-7fc4abbed000 r-xp 00000000 08:01 658902                     /lib/x86_64-linux-gnu/libnss_files-2.23.so
7fc4abbed000-7fc4abdec000 ---p 0000b000 08:01 658902                     /lib/x86_64-linux-gnu/libnss_files-2.23.so
7fc4abdec000-7fc4abded000 r--p 0000a000 08:01 658902                     /lib/x86_64-linux-gnu/libnss_files-2.23.so
7fc4abded000-7fc4abdee000 rw-p 0000b000 08:01 658902                     /lib/x86_64-linux-gnu/libnss_files-2.23.so
7fc4abdee000-7fc4abdf4000 rw-p 00000000 00:00 0 
7fc4abdf4000-7fc4abdff000 r-xp 00000000 08:01 658912                     /lib/x86_64-linux-gnu/libnss_nis-2.23.so
7fc4abdff000-7fc4abffe000 ---p 0000b000 08:01 658912                     /lib/x86_64-linux-gnu/libnss_nis-2.23.so
7fc4abffe000-7fc4abfff000 r--p 0000a000 08:01 658912                     /lib/x86_64-linux-gnu/libnss_nis-2.23.so
7fc4abfff000-7fc4ac000000 rw-p 0000b000 08:01 658912                     /lib/x86_64-linux-gnu/libnss_nis-2.23.so
7fc4ac000000-7fc4ac4bf000 rw-p 00000000 00:00 0 
7fc4ac4bf000-7fc4b0000000 ---p 00000000 00:00 0 
7fc4b000a000-7fc4b0026000 r--s 00393000 08:01 656354                     /usr/lib/jdk/jdk1.8.0_201/jre/lib/ext/cldrdata.jar
7fc4b0026000-7fc4b003b000 rw-p 00000000 00:00 0 
7fc4b003b000-7fc4b016e000 ---p 00000000 00:00 0 
7fc4b016e000-7fc4b0184000 r-xp 00000000 08:01 658896                     /lib/x86_64-linux-gnu/libnsl-2.23.so
7fc4b0184000-7fc4b0383000 ---p 00016000 08:01 658896                     /lib/x86_64-linux-gnu/libnsl-2.23.so
7fc4b0383000-7fc4b0384000 r--p 00015000 08:01 658896                     /lib/x86_64-linux-gnu/libnsl-2.23.so
7fc4b0384000-7fc4b0385000 rw-p 00016000 08:01 658896                     /lib/x86_64-linux-gnu/libnsl-2.23.so
7fc4b0385000-7fc4b0387000 rw-p 00000000 00:00 0 
7fc4b0387000-7fc4b038f000 r-xp 00000000 08:01 658898                     /lib/x86_64-linux-gnu/libnss_compat-2.23.so
7fc4b038f000-7fc4b058e000 ---p 00008000 08:01 658898                     /lib/x86_64-linux-gnu/libnss_compat-2.23.so
7fc4b058e000-7fc4b058f000 r--p 00007000 08:01 658898                     /lib/x86_64-linux-gnu/libnss_compat-2.23.so
7fc4b058f000-7fc4b0590000 rw-p 00008000 08:01 658898                     /lib/x86_64-linux-gnu/libnss_compat-2.23.so
7fc4b0590000-7fc4b05bc000 r-xp 00000000 08:01 656502                     /usr/lib/jdk/jdk1.8.0_201/jre/lib/amd64/libjava.so
7fc4b05bc000-7fc4b07bc000 ---p 0002c000 08:01 656502                     /usr/lib/jdk/jdk1.8.0_201/jre/lib/amd64/libjava.so
7fc4b07bc000-7fc4b07bd000 r--p 0002c000 08:01 656502                     /usr/lib/jdk/jdk1.8.0_201/jre/lib/amd64/libjava.so
7fc4b07bd000-7fc4b07bf000 rw-p 0002d000 08:01 656502                     /usr/lib/jdk/jdk1.8.0_201/jre/lib/amd64/libjava.so
7fc4b07bf000-7fc4b07cc000 r-xp 00000000 08:01 656507                     /usr/lib/jdk/jdk1.8.0_201/jre/lib/amd64/libverify.so
7fc4b07cc000-7fc4b09cb000 ---p 0000d000 08:01 656507                     /usr/lib/jdk/jdk1.8.0_201/jre/lib/amd64/libverify.so
7fc4b09cb000-7fc4b09cd000 r--p 0000c000 08:01 656507                     /usr/lib/jdk/jdk1.8.0_201/jre/lib/amd64/libverify.so
7fc4b09cd000-7fc4b09ce000 rw-p 0000e000 08:01 656507                     /usr/lib/jdk/jdk1.8.0_201/jre/lib/amd64/libverify.so
7fc4b09ce000-7fc4b09d5000 r-xp 00000000 08:01 658957                     /lib/x86_64-linux-gnu/librt-2.23.so
7fc4b09d5000-7fc4b0bd4000 ---p 00007000 08:01 658957                     /lib/x86_64-linux-gnu/librt-2.23.so
7fc4b0bd4000-7fc4b0bd5000 r--p 00006000 08:01 658957                     /lib/x86_64-linux-gnu/librt-2.23.so
7fc4b0bd5000-7fc4b0bd6000 rw-p 00007000 08:01 658957                     /lib/x86_64-linux-gnu/librt-2.23.so
7fc4b0bd6000-7fc4b0cde000 r-xp 00000000 08:01 658873                     /lib/x86_64-linux-gnu/libm-2.23.so
7fc4b0cde000-7fc4b0edd000 ---p 00108000 08:01 658873                     /lib/x86_64-linux-gnu/libm-2.23.so
7fc4b0edd000-7fc4b0ede000 r--p 00107000 08:01 658873                     /lib/x86_64-linux-gnu/libm-2.23.so
7fc4b0ede000-7fc4b0edf000 rw-p 00108000 08:01 658873                     /lib/x86_64-linux-gnu/libm-2.23.so
7fc4b0edf000-7fc4b1bc7000 r-xp 00000000 08:01 656484                     /usr/lib/jdk/jdk1.8.0_201/jre/lib/amd64/server/libjvm.so
7fc4b1bc7000-7fc4b1dc6000 ---p 00ce8000 08:01 656484                     /usr/lib/jdk/jdk1.8.0_201/jre/lib/amd64/server/libjvm.so
7fc4b1dc6000-7fc4b1e5c000 r--p 00ce7000 08:01 656484                     /usr/lib/jdk/jdk1.8.0_201/jre/lib/amd64/server/libjvm.so
7fc4b1e5c000-7fc4b1e8d000 rw-p 00d7d000 08:01 656484                     /usr/lib/jdk/jdk1.8.0_201/jre/lib/amd64/server/libjvm.so
7fc4b1e8d000-7fc4b1ec8000 rw-p 00000000 00:00 0 
7fc4b1ec8000-7fc4b2088000 r-xp 00000000 08:01 658803                     /lib/x86_64-linux-gnu/libc-2.23.so
7fc4b2088000-7fc4b2288000 ---p 001c0000 08:01 658803                     /lib/x86_64-linux-gnu/libc-2.23.so
7fc4b2288000-7fc4b228c000 r--p 001c0000 08:01 658803                     /lib/x86_64-linux-gnu/libc-2.23.so
7fc4b228c000-7fc4b228e000 rw-p 001c4000 08:01 658803                     /lib/x86_64-linux-gnu/libc-2.23.so
7fc4b228e000-7fc4b2292000 rw-p 00000000 00:00 0 
7fc4b2292000-7fc4b2295000 r-xp 00000000 08:01 658827                     /lib/x86_64-linux-gnu/libdl-2.23.so
7fc4b2295000-7fc4b2494000 ---p 00003000 08:01 658827                     /lib/x86_64-linux-gnu/libdl-2.23.so
7fc4b2494000-7fc4b2495000 r--p 00002000 08:01 658827                     /lib/x86_64-linux-gnu/libdl-2.23.so
7fc4b2495000-7fc4b2496000 rw-p 00003000 08:01 658827                     /lib/x86_64-linux-gnu/libdl-2.23.so
7fc4b2496000-7fc4b24ad000 r-xp 00000000 08:01 656155                     /usr/lib/jdk/jdk1.8.0_201/lib/amd64/jli/libjli.so
7fc4b24ad000-7fc4b26ac000 ---p 00017000 08:01 656155                     /usr/lib/jdk/jdk1.8.0_201/lib/amd64/jli/libjli.so
7fc4b26ac000-7fc4b26ad000 r--p 00016000 08:01 656155                     /usr/lib/jdk/jdk1.8.0_201/lib/amd64/jli/libjli.so
7fc4b26ad000-7fc4b26ae000 rw-p 00017000 08:01 656155                     /usr/lib/jdk/jdk1.8.0_201/lib/amd64/jli/libjli.so
7fc4b26ae000-7fc4b26c6000 r-xp 00000000 08:01 658949                     /lib/x86_64-linux-gnu/libpthread-2.23.so
7fc4b26c6000-7fc4b28c5000 ---p 00018000 08:01 658949                     /lib/x86_64-linux-gnu/libpthread-2.23.so
7fc4b28c5000-7fc4b28c6000 r--p 00017000 08:01 658949                     /lib/x86_64-linux-gnu/libpthread-2.23.so
7fc4b28c6000-7fc4b28c7000 rw-p 00018000 08:01 658949                     /lib/x86_64-linux-gnu/libpthread-2.23.so
7fc4b28c7000-7fc4b28cb000 rw-p 00000000 00:00 0 
7fc4b28cb000-7fc4b28f1000 r-xp 00000000 08:01 658775                     /lib/x86_64-linux-gnu/ld-2.23.so
7fc4b28fc000-7fc4b2906000 r--s 00116000 08:01 656361                     /usr/lib/jdk/jdk1.8.0_201/jre/lib/ext/localedata.jar
7fc4b2906000-7fc4b2915000 r--s 000ad000 08:01 420845                     /home/hewitt/work/DiffTGen-master/output/patch1-Math-80-Jaid-plausible/Math_80_1-plausible_jaid/target/build/classes/all0.jar
7fc4b2915000-7fc4b29d3000 rw-p 00000000 00:00 0 
7fc4b29d3000-7fc4b29d6000 ---p 00000000 00:00 0 
7fc4b29d6000-7fc4b2ad9000 rw-p 00000000 00:00 0 
7fc4b2ad9000-7fc4b2add000 r--s 000a1000 08:01 656350                     /usr/lib/jdk/jdk1.8.0_201/jre/lib/jsse.jar
7fc4b2add000-7fc4b2ae5000 r--s 0006e000 08:01 398946                     /home/hewitt/work/DiffTGen-master/lib/commons-lang3-3.5.jar
7fc4b2ae5000-7fc4b2ae6000 r--s 00000000 08:01 398951                     /home/hewitt/work/DiffTGen-master/lib/myprinter.jar
7fc4b2ae6000-7fc4b2aee000 rw-s 00000000 08:01 153101                     /tmp/hsperfdata_hewitt/124430
7fc4b2aee000-7fc4b2aef000 rw-p 00000000 00:00 0 
7fc4b2aef000-7fc4b2af0000 ---p 00000000 00:00 0 
7fc4b2af0000-7fc4b2af1000 r--p 00025000 08:01 658775                     /lib/x86_64-linux-gnu/ld-2.23.so
7fc4b2af1000-7fc4b2af2000 rw-p 00026000 08:01 658775                     /lib/x86_64-linux-gnu/ld-2.23.so
7fc4b2af2000-7fc4b2af3000 rw-p 00000000 00:00 0 
7ffe083ab000-7ffe083cd000 rw-p 00000000 00:00 0                          [stack]
7ffe083d5000-7ffe083d8000 r--p 00000000 00:00 0                          [vvar]
7ffe083d8000-7ffe083da000 r-xp 00000000 00:00 0                          [vdso]
ffffffffff600000-ffffffffff601000 r-xp 00000000 00:00 0                  [vsyscall]

VM Arguments:
java_command: /home/hewitt/work/DiffTGen-master/lib/evosuite-1.0.6.jar -base_dir /home/hewitt/work/DiffTGen-master/output/patch1-Math-80-Jaid-plausible/Math_80_1-plausible_jaid/target/0/4 -projectCP /home/hewitt/work/DiffTGen-master/output/patch1-Math-80-Jaid-plausible/Math_80_1-plausible_jaid/target/build/classes/all0.jar:/home/hewitt/work/DiffTGen-master/lib/myprinter.jar:/home/hewitt/work/DiffTGen-master/lib/commons-lang3-3.5.jar -class org.apache.commons.math.linear.EigenDecompositionImpl -Dassertions=false -Dsearch_budget=60
java_class_path (initial): /home/hewitt/work/DiffTGen-master/lib/evosuite-1.0.6.jar
Launcher Type: SUN_STANDARD

Environment Variables:
JAVA_HOME=/usr/lib/jdk/jdk1.8.0_201
JRE_HOME=/usr/lib/jdk/jdk1.8.0_201/jre
CLASSPATH=.:/usr/lib/jdk/jdk1.8.0_201/lib:/usr/lib/jdk/jdk1.8.0_201/jre/lib
PATH=/usr/lib/jdk/jdk1.8.0_201/bin:/home/hewitt/bin:/home/hewitt/.local/bin:/usr/lib/jdk/jdk1.7.0_80/bin:/usr/local/sbin:/usr/local/bin:/usr/sbin:/usr/bin:/sbin:/bin:/usr/games:/usr/local/games:/snap/bin:/home/hewitt/work/defects4j_v1.4.0/defects4j/framework/bin:/opt/apache-ant-1.9.14/bin:/home/hewitt/work/defects4j_v1.4.0/defects4j/framework/bin
SHELL=/bin/bash
DISPLAY=:0

Signal Handlers:
SIGSEGV: [libjvm.so+0xad3e60], sa_mask[0]=11111111011111111101111111111110, sa_flags=SA_RESTART|SA_SIGINFO
SIGBUS: [libjvm.so+0xad3e60], sa_mask[0]=11111111011111111101111111111110, sa_flags=SA_RESTART|SA_SIGINFO
SIGFPE: [libjvm.so+0x90b880], sa_mask[0]=11111111011111111101111111111110, sa_flags=SA_RESTART|SA_SIGINFO
SIGPIPE: [libjvm.so+0x90b880], sa_mask[0]=11111111011111111101111111111110, sa_flags=SA_RESTART|SA_SIGINFO
SIGXFSZ: [libjvm.so+0x90b880], sa_mask[0]=11111111011111111101111111111110, sa_flags=SA_RESTART|SA_SIGINFO
SIGILL: [libjvm.so+0x90b880], sa_mask[0]=11111111011111111101111111111110, sa_flags=SA_RESTART|SA_SIGINFO
SIGUSR1: SIG_DFL, sa_mask[0]=00000000000000000000000000000000, sa_flags=none
SIGUSR2: [libjvm.so+0x90b750], sa_mask[0]=00100000000000000000000000000000, sa_flags=SA_RESTART|SA_SIGINFO
SIGHUP: [libjvm.so+0x90bd70], sa_mask[0]=11111111011111111101111111111110, sa_flags=SA_RESTART|SA_SIGINFO
SIGINT: [libjvm.so+0x90bd70], sa_mask[0]=11111111011111111101111111111110, sa_flags=SA_RESTART|SA_SIGINFO
SIGTERM: [libjvm.so+0x90bd70], sa_mask[0]=11111111011111111101111111111110, sa_flags=SA_RESTART|SA_SIGINFO
SIGQUIT: [libjvm.so+0x90bd70], sa_mask[0]=11111111011111111101111111111110, sa_flags=SA_RESTART|SA_SIGINFO


---------------  S Y S T E M  ---------------

OS:DISTRIB_ID=Ubuntu
DISTRIB_RELEASE=16.04
DISTRIB_CODENAME=xenial
DISTRIB_DESCRIPTION="Ubuntu 16.04.6 LTS"

uname:Linux 4.15.0-91-generic #92~16.04.1-Ubuntu SMP Fri Feb 28 14:57:22 UTC 2020 x86_64
libc:glibc 2.23 NPTL 2.23 
rlimit: STACK 8192k, CORE 0k, NPROC 15448, NOFILE 1048576, AS infinity
load average:18.61 13.45 14.77

/proc/meminfo:
MemTotal:        4015928 kB
MemFree:           91600 kB
MemAvailable:      10836 kB
Buffers:             464 kB
Cached:            47012 kB
SwapCached:         3968 kB
Active:          2893792 kB
Inactive:         594448 kB
Active(anon):    2875928 kB
Inactive(anon):   566752 kB
Active(file):      17864 kB
Inactive(file):    27696 kB
Unevictable:          48 kB
Mlocked:              48 kB
SwapTotal:        998396 kB
SwapFree:           5776 kB
Dirty:               308 kB
Writeback:          1028 kB
AnonPages:       3437528 kB
Mapped:            35452 kB
Shmem:              1824 kB
Slab:              92384 kB
SReclaimable:      33852 kB
SUnreclaim:        58532 kB
KernelStack:       15472 kB
PageTables:        41848 kB
NFS_Unstable:          0 kB
Bounce:                0 kB
WritebackTmp:          0 kB
CommitLimit:     3006360 kB
Committed_AS:    8726168 kB
VmallocTotal:   34359738367 kB
VmallocUsed:           0 kB
VmallocChunk:          0 kB
HardwareCorrupted:     0 kB
AnonHugePages:         0 kB
ShmemHugePages:        0 kB
ShmemPmdMapped:        0 kB
CmaTotal:              0 kB
CmaFree:               0 kB
HugePages_Total:       0
HugePages_Free:        0
HugePages_Rsvd:        0
HugePages_Surp:        0
Hugepagesize:       2048 kB
DirectMap4k:       98112 kB
DirectMap2M:     4096000 kB
DirectMap1G:     2097152 kB

container (cgroup) information:
container_type: cgroupv1
cpu_cpuset_cpus: 0-3
cpu_memory_nodes: 0
active_processor_count: 4
cpu_quota: -1
cpu_period: 100000
cpu_shares: -1
memory_limit_in_bytes: -1
memory_and_swap_limit_in_bytes: -2
memory_soft_limit_in_bytes: -1
memory_usage_in_bytes: 3570085888
memory_max_usage_in_bytes: 69316608


CPU:total 4 (initial active 4) (2 cores per cpu, 1 threads per core) family 6 model 158 stepping 9, cmov, cx8, fxsr, mmx, sse, sse2, sse3, ssse3, sse4.1, sse4.2, popcnt, avx, avx2, aes, clmul, erms, 3dnowpref, lzcnt, tsc, tscinvbit, bmi1, bmi2, adx

/proc/cpuinfo:
processor	: 0
vendor_id	: GenuineIntel
cpu family	: 6
model		: 158
model name	: Intel(R) Core(TM) i7-7700HQ CPU @ 2.80GHz
stepping	: 9
microcode	: 0xb4
cpu MHz		: 2808.002
cache size	: 6144 KB
physical id	: 0
siblings	: 2
core id		: 0
cpu cores	: 2
apicid		: 0
initial apicid	: 0
fpu		: yes
fpu_exception	: yes
cpuid level	: 22
wp		: yes
flags		: fpu vme de pse tsc msr pae mce cx8 apic sep mtrr pge mca cmov pat pse36 clflush mmx fxsr sse sse2 ss ht syscall nx pdpe1gb rdtscp lm constant_tsc arch_perfmon nopl xtopology tsc_reliable nonstop_tsc cpuid pni pclmulqdq ssse3 fma cx16 pcid sse4_1 sse4_2 x2apic movbe popcnt tsc_deadline_timer aes xsave avx f16c rdrand hypervisor lahf_lm abm 3dnowprefetch cpuid_fault invpcid_single pti ssbd ibrs ibpb stibp fsgsbase tsc_adjust bmi1 avx2 smep bmi2 invpcid mpx rdseed adx smap clflushopt xsaveopt xsavec xsaves arat md_clear flush_l1d arch_capabilities
bugs		: cpu_meltdown spectre_v1 spectre_v2 spec_store_bypass l1tf mds swapgs itlb_multihit
bogomips	: 5616.00
clflush size	: 64
cache_alignment	: 64
address sizes	: 43 bits physical, 48 bits virtual
power management:

processor	: 1
vendor_id	: GenuineIntel
cpu family	: 6
model		: 158
model name	: Intel(R) Core(TM) i7-7700HQ CPU @ 2.80GHz
stepping	: 9
microcode	: 0xb4
cpu MHz		: 2808.002
cache size	: 6144 KB
physical id	: 0
siblings	: 2
core id		: 1
cpu cores	: 2
apicid		: 1
initial apicid	: 1
fpu		: yes
fpu_exception	: yes
cpuid level	: 22
wp		: yes
flags		: fpu vme de pse tsc msr pae mce cx8 apic sep mtrr pge mca cmov pat pse36 clflush mmx fxsr sse sse2 ss ht syscall nx pdpe1gb rdtscp lm constant_tsc arch_perfmon nopl xtopology tsc_reliable nonstop_tsc cpuid pni pclmulqdq ssse3 fma cx16 pcid sse4_1 sse4_2 x2apic movbe popcnt tsc_deadline_timer aes xsave avx f16c rdrand hypervisor lahf_lm abm 3dnowprefetch cpuid_fault invpcid_single pti ssbd ibrs ibpb stibp fsgsbase tsc_adjust bmi1 avx2 smep bmi2 invpcid mpx rdseed adx smap clflushopt xsaveopt xsavec xsaves arat md_clear flush_l1d arch_capabilities
bugs		: cpu_meltdown spectre_v1 spectre_v2 spec_store_bypass l1tf mds swapgs itlb_multihit
bogomips	: 5616.00
clflush size	: 64
cache_alignment	: 64
address sizes	: 43 bits physical, 48 bits virtual
power management:

processor	: 2
vendor_id	: GenuineIntel
cpu family	: 6
model		: 158
model name	: Intel(R) Core(TM) i7-7700HQ CPU @ 2.80GHz
stepping	: 9
microcode	: 0xb4
cpu MHz		: 2808.002
cache size	: 6144 KB
physical id	: 1
siblings	: 2
core id		: 0
cpu cores	: 2
apicid		: 2
initial apicid	: 2
fpu		: yes
fpu_exception	: yes
cpuid level	: 22
wp		: yes
flags		: fpu vme de pse tsc msr pae mce cx8 apic sep mtrr pge mca cmov pat pse36 clflush mmx fxsr sse sse2 ss ht syscall nx pdpe1gb rdtscp lm constant_tsc arch_perfmon nopl xtopology tsc_reliable nonstop_tsc cpuid pni pclmulqdq ssse3 fma cx16 pcid sse4_1 sse4_2 x2apic movbe popcnt tsc_deadline_timer aes xsave avx f16c rdrand hypervisor lahf_lm abm 3dnowprefetch cpuid_fault invpcid_single pti ssbd ibrs ibpb stibp fsgsbase tsc_adjust bmi1 avx2 smep bmi2 invpcid mpx rdseed adx smap clflushopt xsaveopt xsavec xsaves arat md_clear flush_l1d arch_capabilities
bugs		: cpu_meltdown spectre_v1 spectre_v2 spec_store_bypass l1tf mds swapgs itlb_multihit
bogomips	: 5616.00
clflush size	: 64
cache_alignment	: 64
address sizes	: 43 bits physical, 48 bits virtual
power management:

processor	: 3
vendor_id	: GenuineIntel
cpu family	: 6
model		: 158
model name	: Intel(R) Core(TM) i7-7700HQ CPU @ 2.80GHz
stepping	: 9
microcode	: 0xb4
cpu MHz		: 2808.002
cache size	: 6144 KB
physical id	: 1
siblings	: 2
core id		: 1
cpu cores	: 2
apicid		: 3
initial apicid	: 3
fpu		: yes
fpu_exception	: yes
cpuid level	: 22
wp		: yes
flags		: fpu vme de pse tsc msr pae mce cx8 apic sep mtrr pge mca cmov pat pse36 clflush mmx fxsr sse sse2 ss ht syscall nx pdpe1gb rdtscp lm constant_tsc arch_perfmon nopl xtopology tsc_reliable nonstop_tsc cpuid pni pclmulqdq ssse3 fma cx16 pcid sse4_1 sse4_2 x2apic movbe popcnt tsc_deadline_timer aes xsave avx f16c rdrand hypervisor lahf_lm abm 3dnowprefetch cpuid_fault invpcid_single pti ssbd ibrs ibpb stibp fsgsbase tsc_adjust bmi1 avx2 smep bmi2 invpcid mpx rdseed adx smap clflushopt xsaveopt xsavec xsaves arat md_clear flush_l1d arch_capabilities
bugs		: cpu_meltdown spectre_v1 spectre_v2 spec_store_bypass l1tf mds swapgs itlb_multihit
bogomips	: 5616.00
clflush size	: 64
cache_alignment	: 64
address sizes	: 43 bits physical, 48 bits virtual
power management:



Memory: 4k page, physical 4015928k(91600k free), swap 998396k(5776k free)

vm_info: Java HotSpot(TM) 64-Bit Server VM (25.201-b09) for linux-amd64 JRE (1.8.0_201-b09), built on Dec 15 2018 11:35:59 by "java_re" with gcc 7.3.0

time: Sun Mar 29 08:37:01 2020
timezone: CST
elapsed time: 49 seconds (0d 0h 0m 49s)

