#
# There is insufficient memory for the Java Runtime Environment to continue.
# Native memory allocation (mmap) failed to map 27262976 bytes for committing reserved memory.
# Possible reasons:
#   The system is out of physical RAM or swap space
#   The process is running with CompressedOops enabled, and the Java Heap may be blocking the growth of the native heap
# Possible solutions:
#   Reduce memory load on the system
#   Increase physical memory or swap space
#   Check if swap backing store is full
#   Decrease Java heap size (-Xmx/-Xms)
#   Decrease number of Java threads
#   Decrease Java thread stack sizes (-Xss)
#   Set larger code cache with -XX:ReservedCodeCacheSize=
#   JVM is running with Unscaled Compressed Oops mode in which the Java heap is
#     placed in the first 4GB address space. The Java Heap base address is the
#     maximum limit for the native heap growth. Please use -XX:HeapBaseMinAddress
#     to set the Java Heap base and to place the Java Heap above 4GB virtual address.
# This output file may be truncated or incomplete.
#
#  Out of Memory Error (os_linux.cpp:2749), pid=111390, tid=0x00007f537fbfb700
#
# JRE version: Java(TM) SE Runtime Environment (8.0_201-b09) (build 1.8.0_201-b09)
# Java VM: Java HotSpot(TM) 64-Bit Server VM (25.201-b09 mixed mode linux-amd64 compressed oops)
# Failed to write core dump. Core dumps have been disabled. To enable core dumping, try "ulimit -c unlimited" before starting Java again
#

---------------  T H R E A D  ---------------

Current thread (0x00007f53a0140000):  VMThread [stack: 0x00007f537fafb000,0x00007f537fbfc000] [id=111455]

Stack: [0x00007f537fafb000,0x00007f537fbfc000],  sp=0x00007f537fbfa450,  free space=1021k
Native frames: (J=compiled Java code, j=interpreted, Vv=VM code, C=native code)
V  [libjvm.so+0xad3525]  VMError::report_and_die()+0x2e5
V  [libjvm.so+0x4e0457]  report_vm_out_of_memory(char const*, int, unsigned long, VMErrorType, char const*)+0x67
V  [libjvm.so+0x9102f0]  os::pd_commit_memory(char*, unsigned long, unsigned long, bool)+0x100
V  [libjvm.so+0x90791f]  os::commit_memory(char*, unsigned long, unsigned long, bool)+0x1f
V  [libjvm.so+0x98c806]  PSVirtualSpace::expand_by(unsigned long)+0x56
V  [libjvm.so+0x98da98]  PSYoungGen::resize(unsigned long, unsigned long)+0xd8
V  [libjvm.so+0x98a236]  PSScavenge::invoke_no_policy()+0x1376
V  [libjvm.so+0x98a5cc]  PSScavenge::invoke()+0x4c
V  [libjvm.so+0x93a318]  ParallelScavengeHeap::failed_mem_allocate(unsigned long)+0x68
V  [libjvm.so+0xad5073]  VM_ParallelGCFailedAllocation::doit()+0x93
V  [libjvm.so+0xada296]  VM_Operation::evaluate()+0x46
V  [libjvm.so+0xad85cd]  VMThread::evaluate_operation(VM_Operation*) [clone .constprop.44]+0xcd
V  [libjvm.so+0xad8bb3]  VMThread::loop()+0x3a3
V  [libjvm.so+0xad8f88]  VMThread::run()+0x78
V  [libjvm.so+0x90d922]  java_start(Thread*)+0x102

VM_Operation (0x00007f537d159ca0): ParallelGCFailedAllocation, mode: safepoint, requested by thread 0x00007f5340002800


---------------  P R O C E S S  ---------------

Java Threads: ( => current thread )
  0x00007f5340002800 JavaThread "RMI TCP Connection(3)-127.0.0.1" daemon [_thread_blocked, id=111813, stack(0x00007f537d060000,0x00007f537d161000)]
  0x00007f5340001000 JavaThread "RMI TCP Connection(2)-127.0.0.1" daemon [_thread_in_native, id=111805, stack(0x00007f537d161000,0x00007f537d262000)]
  0x00007f5318036000 JavaThread "RMI Scheduler(0)" daemon [_thread_blocked, id=111800, stack(0x00007f537d262000,0x00007f537d363000)]
  0x00007f5318030800 JavaThread "RMI RenewClean-[127.0.0.1:16921]" daemon [_thread_blocked, id=111795, stack(0x00007f537d363000,0x00007f537d464000)]
  0x00007f533c001000 JavaThread "RMI TCP Connection(1)-127.0.0.1" daemon [_thread_in_native, id=111780, stack(0x00007f537d464000,0x00007f537d565000)]
  0x00007f532c005000 JavaThread "pool-3-thread-3" [_thread_in_native, id=111734, stack(0x00007f537d565000,0x00007f537d666000)]
  0x00007f532c003000 JavaThread "pool-3-thread-2" [_thread_in_native, id=111732, stack(0x00007f537d666000,0x00007f537d767000)]
  0x00007f532c002000 JavaThread "pool-3-thread-1" [_thread_in_native, id=111730, stack(0x00007f537d767000,0x00007f537d868000)]
  0x00007f53a03c7800 JavaThread "Thread-3" [_thread_in_native, id=111553, stack(0x00007f537d868000,0x00007f537d969000)]
  0x00007f53a03c5800 JavaThread "Thread-2" [_thread_in_native, id=111550, stack(0x00007f537d969000,0x00007f537da6a000)]
  0x00007f53a03c4000 JavaThread "process reaper" daemon [_thread_in_native, id=111548, stack(0x00007f53a4016000,0x00007f53a404f000)]
  0x00007f53a03bd800 JavaThread "pool-2-thread-1" [_thread_in_native, id=111543, stack(0x00007f537da6a000,0x00007f537db6b000)]
  0x00007f53a03bc000 JavaThread "GC Daemon" daemon [_thread_blocked, id=111536, stack(0x00007f537db6b000,0x00007f537dc6c000)]
  0x00007f53a03b9800 JavaThread "RMI Reaper" [_thread_blocked, id=111535, stack(0x00007f537dc6c000,0x00007f537dd6d000)]
  0x00007f53a03b0000 JavaThread "RMI TCP Accept-10141" daemon [_thread_in_native, id=111531, stack(0x00007f537dd6d000,0x00007f537de6e000)]
  0x00007f53a03ab000 JavaThread "RMI TCP Accept-11520" daemon [_thread_in_native, id=111526, stack(0x00007f537de6e000,0x00007f537df6f000)]
  0x00007f53a02e1000 JavaThread "logback-3" daemon [_thread_blocked, id=111504, stack(0x00007f537e1e8000,0x00007f537e2e9000)]
  0x00007f53a02dd800 JavaThread "logback-2" daemon [_thread_blocked, id=111503, stack(0x00007f537e2e9000,0x00007f537e3ea000)]
  0x00007f53a02db800 JavaThread "logback-1" daemon [_thread_blocked, id=111502, stack(0x00007f537e3ea000,0x00007f537e4eb000)]
  0x00007f53a0189000 JavaThread "Service Thread" daemon [_thread_blocked, id=111486, stack(0x00007f537ea35000,0x00007f537eb36000)]
  0x00007f53a0186000 JavaThread "C1 CompilerThread2" daemon [_thread_blocked, id=111485, stack(0x00007f537eb36000,0x00007f537ec37000)]
  0x00007f53a0184800 JavaThread "C2 CompilerThread1" daemon [_thread_blocked, id=111482, stack(0x00007f537ec37000,0x00007f537ed38000)]
  0x00007f53a0181800 JavaThread "C2 CompilerThread0" daemon [_thread_in_native, id=111481, stack(0x00007f537ed38000,0x00007f537ee39000)]
  0x00007f53a0180000 JavaThread "Signal Dispatcher" daemon [_thread_blocked, id=111480, stack(0x00007f537ee39000,0x00007f537ef3a000)]
  0x00007f53a014c000 JavaThread "Finalizer" daemon [_thread_blocked, id=111462, stack(0x00007f537f8f9000,0x00007f537f9fa000)]
  0x00007f53a0149800 JavaThread "Reference Handler" daemon [_thread_blocked, id=111457, stack(0x00007f537f9fa000,0x00007f537fafb000)]
  0x00007f53a000a800 JavaThread "main" [_thread_in_native, id=111395, stack(0x00007f53a6054000,0x00007f53a6155000)]

Other Threads:
=>0x00007f53a0140000 VMThread [stack: 0x00007f537fafb000,0x00007f537fbfc000] [id=111455]
  0x00007f53a018b800 WatcherThread [stack: 0x00007f537e934000,0x00007f537ea35000] [id=111487]

VM state:at safepoint (normal execution)

VM Mutex/Monitor currently owned by a thread:  ([mutex/lock_event])
[0x00007f53a0007070] Threads_lock - owner thread: 0x00007f53a0140000
[0x00007f53a0007570] Heap_lock - owner thread: 0x00007f5340002800

heap address: 0x00000000c2a00000, size: 982 MB, Compressed Oops mode: 32-bit
Narrow klass base: 0x0000000000000000, Narrow klass shift: 3
Compressed class space size: 1073741824 Address: 0x0000000100000000

Heap:
 PSYoungGen      total 34304K, used 4656K [0x00000000eb900000, 0x00000000ee200000, 0x0000000100000000)
  eden space 29184K, 0% used [0x00000000eb900000,0x00000000eb900000,0x00000000ed580000)
  from space 5120K, 90% used [0x00000000ed580000,0x00000000eda0c1c0,0x00000000eda80000)
  to   space 2560K, 0% used [0x00000000eda80000,0x00000000eda80000,0x00000000edd00000)
 ParOldGen       total 42496K, used 10490K [0x00000000c2a00000, 0x00000000c5380000, 0x00000000eb900000)
  object space 42496K, 24% used [0x00000000c2a00000,0x00000000c343e840,0x00000000c5380000)
 Metaspace       used 13768K, capacity 14176K, committed 14336K, reserved 1062912K
  class space    used 1584K, capacity 1702K, committed 1792K, reserved 1048576K

Card table byte_map: [0x00007f538fbba000,0x00007f538fda6000] byte_map_base: 0x00007f538f5a5000

Marking Bits: (ParMarkBitMap*) 0x00007f53a552bd80
 Begin Bits: [0x00007f538d7be000, 0x00007f538e716000)
 End Bits:   [0x00007f538e716000, 0x00007f538f66e000)

Polling page: 0x00007f53a6170000

CodeCache: size=245760Kb used=5879Kb max_used=5879Kb free=239880Kb
 bounds [0x00007f5390166000, 0x00007f5390736000, 0x00007f539f166000]
 total_blobs=2036 nmethods=1688 adapters=261
 compilation: enabled

Compilation events (10 events):
Event: 30.416 Thread 0x00007f53a0186000 1738       2       org.evosuite.shaded.org.objectweb.asm.Frame::get (46 bytes)
Event: 30.417 Thread 0x00007f53a0186000 nmethod 1738 0x00007f5390725c50 code [0x00007f5390725dc0, 0x00007f5390725f70]
Event: 30.417 Thread 0x00007f53a0186000 1739       2       org.evosuite.shaded.org.objectweb.asm.MethodVisitor::visitEnd (15 bytes)
Event: 30.417 Thread 0x00007f53a0186000 nmethod 1739 0x00007f5390726050 code [0x00007f53907261c0, 0x00007f5390726348]
Event: 30.417 Thread 0x00007f53a0186000 1740       2       org.evosuite.shaded.org.objectweb.asm.MethodVisitor::visitCode (15 bytes)
Event: 30.417 Thread 0x00007f53a0186000 nmethod 1740 0x00007f53907263d0 code [0x00007f5390726540, 0x00007f53907266c8]
Event: 30.417 Thread 0x00007f53a0186000 1741   !   2       java.util.Collections$SynchronizedCollection::add (25 bytes)
Event: 30.417 Thread 0x00007f53a0186000 nmethod 1741 0x00007f5390726750 code [0x00007f53907268c0, 0x00007f5390726bc8]
Event: 30.417 Thread 0x00007f53a0186000 1742       2       org.evosuite.shaded.org.objectweb.asm.Type::<init> (26 bytes)
Event: 30.418 Thread 0x00007f53a0186000 nmethod 1742 0x00007f5390726cd0 code [0x00007f5390726e20, 0x00007f5390726f90]

GC Heap History (10 events):
Event: 26.592 GC heap after
Heap after GC invocations=3 (full 1):
 PSYoungGen      total 18432K, used 2535K [0x00000000eb900000, 0x00000000ecd80000, 0x0000000100000000)
  eden space 15872K, 0% used [0x00000000eb900000,0x00000000eb900000,0x00000000ec880000)
  from space 2560K, 99% used [0x00000000ecb00000,0x00000000ecd79f98,0x00000000ecd80000)
  to   space 2560K, 0% used [0x00000000ec880000,0x00000000ec880000,0x00000000ecb00000)
 ParOldGen       total 42496K, used 6002K [0x00000000c2a00000, 0x00000000c5380000, 0x00000000eb900000)
  object space 42496K, 14% used [0x00000000c2a00000,0x00000000c2fdcb70,0x00000000c5380000)
 Metaspace       used 13222K, capacity 13620K, committed 13824K, reserved 1060864K
  class space    used 1565K, capacity 1668K, committed 1792K, reserved 1048576K
}
Event: 28.034 GC heap before
{Heap before GC invocations=4 (full 1):
 PSYoungGen      total 18432K, used 18407K [0x00000000eb900000, 0x00000000ecd80000, 0x0000000100000000)
  eden space 15872K, 100% used [0x00000000eb900000,0x00000000ec880000,0x00000000ec880000)
  from space 2560K, 99% used [0x00000000ecb00000,0x00000000ecd79f98,0x00000000ecd80000)
  to   space 2560K, 0% used [0x00000000ec880000,0x00000000ec880000,0x00000000ecb00000)
 ParOldGen       total 42496K, used 6002K [0x00000000c2a00000, 0x00000000c5380000, 0x00000000eb900000)
  object space 42496K, 14% used [0x00000000c2a00000,0x00000000c2fdcb70,0x00000000c5380000)
 Metaspace       used 13594K, capacity 13984K, committed 14080K, reserved 1060864K
  class space    used 1584K, capacity 1702K, committed 1792K, reserved 1048576K
Event: 28.050 GC heap after
Heap after GC invocations=4 (full 1):
 PSYoungGen      total 18432K, used 2559K [0x00000000eb900000, 0x00000000ecd80000, 0x0000000100000000)
  eden space 15872K, 0% used [0x00000000eb900000,0x00000000eb900000,0x00000000ec880000)
  from space 2560K, 99% used [0x00000000ec880000,0x00000000ecafff78,0x00000000ecb00000)
  to   space 2560K, 0% used [0x00000000ecb00000,0x00000000ecb00000,0x00000000ecd80000)
 ParOldGen       total 42496K, used 7170K [0x00000000c2a00000, 0x00000000c5380000, 0x00000000eb900000)
  object space 42496K, 16% used [0x00000000c2a00000,0x00000000c3100988,0x00000000c5380000)
 Metaspace       used 13594K, capacity 13984K, committed 14080K, reserved 1060864K
  class space    used 1584K, capacity 1702K, committed 1792K, reserved 1048576K
}
Event: 28.758 GC heap before
{Heap before GC invocations=5 (full 1):
 PSYoungGen      total 18432K, used 18431K [0x00000000eb900000, 0x00000000ecd80000, 0x0000000100000000)
  eden space 15872K, 100% used [0x00000000eb900000,0x00000000ec880000,0x00000000ec880000)
  from space 2560K, 99% used [0x00000000ec880000,0x00000000ecafff78,0x00000000ecb00000)
  to   space 2560K, 0% used [0x00000000ecb00000,0x00000000ecb00000,0x00000000ecd80000)
 ParOldGen       total 42496K, used 7170K [0x00000000c2a00000, 0x00000000c5380000, 0x00000000eb900000)
  object space 42496K, 16% used [0x00000000c2a00000,0x00000000c3100988,0x00000000c5380000)
 Metaspace       used 13659K, capacity 13984K, committed 14080K, reserved 1060864K
  class space    used 1584K, capacity 1702K, committed 1792K, reserved 1048576K
Event: 28.774 GC heap after
Heap after GC invocations=5 (full 1):
 PSYoungGen      total 18432K, used 2560K [0x00000000eb900000, 0x00000000edd00000, 0x0000000100000000)
  eden space 15872K, 0% used [0x00000000eb900000,0x00000000eb900000,0x00000000ec880000)
  from space 2560K, 100% used [0x00000000ecb00000,0x00000000ecd80000,0x00000000ecd80000)
  to   space 2560K, 0% used [0x00000000ec880000,0x00000000ec880000,0x00000000ecb00000)
 ParOldGen       total 42496K, used 8320K [0x00000000c2a00000, 0x00000000c5380000, 0x00000000eb900000)
  object space 42496K, 19% used [0x00000000c2a00000,0x00000000c3220278,0x00000000c5380000)
 Metaspace       used 13659K, capacity 13984K, committed 14080K, reserved 1060864K
  class space    used 1584K, capacity 1702K, committed 1792K, reserved 1048576K
}
Event: 29.319 GC heap before
{Heap before GC invocations=6 (full 1):
 PSYoungGen      total 18432K, used 18432K [0x00000000eb900000, 0x00000000edd00000, 0x0000000100000000)
  eden space 15872K, 100% used [0x00000000eb900000,0x00000000ec880000,0x00000000ec880000)
  from space 2560K, 100% used [0x00000000ecb00000,0x00000000ecd80000,0x00000000ecd80000)
  to   space 2560K, 0% used [0x00000000ec880000,0x00000000ec880000,0x00000000ecb00000)
 ParOldGen       total 42496K, used 8320K [0x00000000c2a00000, 0x00000000c5380000, 0x00000000eb900000)
  object space 42496K, 19% used [0x00000000c2a00000,0x00000000c3220278,0x00000000c5380000)
 Metaspace       used 13697K, capacity 14048K, committed 14336K, reserved 1062912K
  class space    used 1584K, capacity 1702K, committed 1792K, reserved 1048576K
Event: 29.329 GC heap after
Heap after GC invocations=6 (full 1):
 PSYoungGen      total 18432K, used 2560K [0x00000000eb900000, 0x00000000edd00000, 0x0000000100000000)
  eden space 15872K, 0% used [0x00000000eb900000,0x00000000eb900000,0x00000000ec880000)
  from space 2560K, 100% used [0x00000000ec880000,0x00000000ecb00000,0x00000000ecb00000)
  to   space 2560K, 0% used [0x00000000eda80000,0x00000000eda80000,0x00000000edd00000)
 ParOldGen       total 42496K, used 9551K [0x00000000c2a00000, 0x00000000c5380000, 0x00000000eb900000)
  object space 42496K, 22% used [0x00000000c2a00000,0x00000000c3353f78,0x00000000c5380000)
 Metaspace       used 13697K, capacity 14048K, committed 14336K, reserved 1062912K
  class space    used 1584K, capacity 1702K, committed 1792K, reserved 1048576K
}
Event: 29.732 GC heap before
{Heap before GC invocations=7 (full 1):
 PSYoungGen      total 18432K, used 18432K [0x00000000eb900000, 0x00000000edd00000, 0x0000000100000000)
  eden space 15872K, 100% used [0x00000000eb900000,0x00000000ec880000,0x00000000ec880000)
  from space 2560K, 100% used [0x00000000ec880000,0x00000000ecb00000,0x00000000ecb00000)
  to   space 2560K, 0% used [0x00000000eda80000,0x00000000eda80000,0x00000000edd00000)
 ParOldGen       total 42496K, used 9551K [0x00000000c2a00000, 0x00000000c5380000, 0x00000000eb900000)
  object space 42496K, 22% used [0x00000000c2a00000,0x00000000c3353f78,0x00000000c5380000)
 Metaspace       used 13727K, capacity 14112K, committed 14336K, reserved 1062912K
  class space    used 1584K, capacity 1702K, committed 1792K, reserved 1048576K
Event: 29.762 GC heap after
Heap after GC invocations=7 (full 1):
 PSYoungGen      total 31744K, used 2544K [0x00000000eb900000, 0x00000000ee200000, 0x0000000100000000)
  eden space 29184K, 0% used [0x00000000eb900000,0x00000000eb900000,0x00000000ed580000)
  from space 2560K, 99% used [0x00000000eda80000,0x00000000edcfc060,0x00000000edd00000)
  to   space 5120K, 0% used [0x00000000ed580000,0x00000000ed580000,0x00000000eda80000)
 ParOldGen       total 42496K, used 10482K [0x00000000c2a00000, 0x00000000c5380000, 0x00000000eb900000)
  object space 42496K, 24% used [0x00000000c2a00000,0x00000000c343c840,0x00000000c5380000)
 Metaspace       used 13727K, capacity 14112K, committed 14336K, reserved 1062912K
  class space    used 1584K, capacity 1702K, committed 1792K, reserved 1048576K
}
Event: 30.941 GC heap before
{Heap before GC invocations=8 (full 1):
 PSYoungGen      total 31744K, used 31728K [0x00000000eb900000, 0x00000000ee200000, 0x0000000100000000)
  eden space 29184K, 100% used [0x00000000eb900000,0x00000000ed580000,0x00000000ed580000)
  from space 2560K, 99% used [0x00000000eda80000,0x00000000edcfc060,0x00000000edd00000)
  to   space 5120K, 0% used [0x00000000ed580000,0x00000000ed580000,0x00000000eda80000)
 ParOldGen       total 42496K, used 10482K [0x00000000c2a00000, 0x00000000c5380000, 0x00000000eb900000)
  object space 42496K, 24% used [0x00000000c2a00000,0x00000000c343c840,0x00000000c5380000)
 Metaspace       used 13768K, capacity 14176K, committed 14336K, reserved 1062912K
  class space    used 1584K, capacity 1702K, committed 1792K, reserved 1048576K

Deoptimization events (10 events):
Event: 24.692 Thread 0x00007f5340002800 Uncommon trap: reason=bimorphic action=maybe_recompile pc=0x00007f53903ac114 method=java.util.HashMap.putVal(ILjava/lang/Object;Ljava/lang/Object;ZZ)Ljava/lang/Object; @ 91
Event: 24.694 Thread 0x00007f5340002800 Uncommon trap: reason=bimorphic action=maybe_recompile pc=0x00007f53903ac114 method=java.util.HashMap.putVal(ILjava/lang/Object;Ljava/lang/Object;ZZ)Ljava/lang/Object; @ 91
Event: 25.095 Thread 0x00007f5340002800 Uncommon trap: reason=unstable_if action=reinterpret pc=0x00007f53904ef298 method=java.io.ObjectStreamClass$FieldReflector.setObjFieldValues(Ljava/lang/Object;[Ljava/lang/Object;)V @ 92
Event: 25.465 Thread 0x00007f5340002800 Uncommon trap: reason=unstable_if action=reinterpret pc=0x00007f539050a56c method=java.io.ObjectInputStream$HandleTable.finish(I)V @ 4
Event: 26.092 Thread 0x00007f5340002800 Uncommon trap: reason=class_check action=maybe_recompile pc=0x00007f53904f8190 method=java.util.HashMap.putVal(ILjava/lang/Object;Ljava/lang/Object;ZZ)Ljava/lang/Object; @ 203
Event: 26.504 Thread 0x00007f5340002800 Uncommon trap: reason=unstable_if action=reinterpret pc=0x00007f5390349808 method=java.lang.AbstractStringBuilder.append(Ljava/lang/String;)Ljava/lang/AbstractStringBuilder; @ 1
Event: 26.686 Thread 0x00007f5340002800 Uncommon trap: reason=unstable_if action=reinterpret pc=0x00007f5390331338 method=java.lang.AbstractStringBuilder.append(Ljava/lang/String;)Ljava/lang/AbstractStringBuilder; @ 1
Event: 27.010 Thread 0x00007f5340002800 Uncommon trap: reason=class_check action=maybe_recompile pc=0x00007f53904f8190 method=java.util.HashMap.putVal(ILjava/lang/Object;Ljava/lang/Object;ZZ)Ljava/lang/Object; @ 203
Event: 27.010 Thread 0x00007f5340002800 Uncommon trap: reason=class_check action=maybe_recompile pc=0x00007f53904f8190 method=java.util.HashMap.putVal(ILjava/lang/Object;Ljava/lang/Object;ZZ)Ljava/lang/Object; @ 203
Event: 27.018 Thread 0x00007f5340002800 Uncommon trap: reason=class_check action=maybe_recompile pc=0x00007f53904f8190 method=java.util.HashMap.putVal(ILjava/lang/Object;Ljava/lang/Object;ZZ)Ljava/lang/Object; @ 203

Classes redefined (0 events):
No events

Internal exceptions (10 events):
Event: 10.791 Thread 0x00007f53a02db800 Exception <a 'java/net/ConnectException'> (0x00000000ebb5cc98) thrown at [/HUDSON/workspace/8-2-build-linux-amd64/jdk8u201/12317/hotspot/src/share/vm/prims/jni.cpp, line 709]
Event: 10.792 Thread 0x00007f53a02dd800 Exception <a 'java/net/ConnectException'> (0x00000000ebb84840) thrown at [/HUDSON/workspace/8-2-build-linux-amd64/jdk8u201/12317/hotspot/src/share/vm/prims/jni.cpp, line 709]
Event: 10.830 Thread 0x00007f53a02e1000 Exception <a 'java/net/ConnectException'> (0x00000000ebbac3e8) thrown at [/HUDSON/workspace/8-2-build-linux-amd64/jdk8u201/12317/hotspot/src/share/vm/prims/jni.cpp, line 709]
Event: 20.791 Thread 0x00007f53a02db800 Exception <a 'java/net/ConnectException'> (0x00000000ebb5d7c0) thrown at [/HUDSON/workspace/8-2-build-linux-amd64/jdk8u201/12317/hotspot/src/share/vm/prims/jni.cpp, line 709]
Event: 20.792 Thread 0x00007f53a02dd800 Exception <a 'java/net/ConnectException'> (0x00000000ebb85368) thrown at [/HUDSON/workspace/8-2-build-linux-amd64/jdk8u201/12317/hotspot/src/share/vm/prims/jni.cpp, line 709]
Event: 20.830 Thread 0x00007f53a02e1000 Exception <a 'java/net/ConnectException'> (0x00000000ebbacf10) thrown at [/HUDSON/workspace/8-2-build-linux-amd64/jdk8u201/12317/hotspot/src/share/vm/prims/jni.cpp, line 709]
Event: 25.095 Thread 0x00007f5340002800 Implicit null exception at 0x00007f53904ee371 to 0x00007f53904ef265
Event: 25.227 Thread 0x00007f5340002800 Exception <a 'java/lang/NoSuchMethodError': <clinit>> (0x00000000ec3a35a0) thrown at [/HUDSON/workspace/8-2-build-linux-amd64/jdk8u201/12317/hotspot/src/share/vm/prims/jni.cpp, line 1613]
Event: 26.504 Thread 0x00007f5340002800 Implicit null exception at 0x00007f5390349435 to 0x00007f53903497f5
Event: 26.686 Thread 0x00007f5340002800 Implicit null exception at 0x00007f5390330f76 to 0x00007f5390331321

Events (10 events):
Event: 27.235 loading class org/evosuite/instrumentation/ReturnValueAdapter$PDType done
Event: 28.020 Executing VM operation: ParallelGCFailedAllocation
Event: 28.050 Executing VM operation: ParallelGCFailedAllocation done
Event: 28.757 Executing VM operation: ParallelGCFailedAllocation
Event: 28.774 Executing VM operation: ParallelGCFailedAllocation done
Event: 29.314 Executing VM operation: ParallelGCFailedAllocation
Event: 29.329 Executing VM operation: ParallelGCFailedAllocation done
Event: 29.732 Executing VM operation: ParallelGCFailedAllocation
Event: 29.762 Executing VM operation: ParallelGCFailedAllocation done
Event: 30.501 Executing VM operation: ParallelGCFailedAllocation


Dynamic libraries:
00400000-00401000 r-xp 00000000 08:01 654793                             /usr/lib/jdk/jdk1.8.0_201/bin/java
00600000-00601000 r--p 00000000 08:01 654793                             /usr/lib/jdk/jdk1.8.0_201/bin/java
00601000-00602000 rw-p 00001000 08:01 654793                             /usr/lib/jdk/jdk1.8.0_201/bin/java
00b65000-00b86000 rw-p 00000000 00:00 0                                  [heap]
c2a00000-c5380000 rw-p 00000000 00:00 0 
c5380000-eb900000 ---p 00000000 00:00 0 
eb900000-ee200000 rw-p 00000000 00:00 0 
efc00000-100000000 ---p 00000000 00:00 0 
100000000-1001c0000 rw-p 00000000 00:00 0 
1001c0000-140000000 ---p 00000000 00:00 0 
7f530c000000-7f530c021000 rw-p 00000000 00:00 0 
7f530c021000-7f5310000000 ---p 00000000 00:00 0 
7f5310000000-7f531019c000 rw-p 00000000 00:00 0 
7f531019c000-7f5314000000 ---p 00000000 00:00 0 
7f5314000000-7f5314021000 rw-p 00000000 00:00 0 
7f5314021000-7f5318000000 ---p 00000000 00:00 0 
7f5318000000-7f531803b000 rw-p 00000000 00:00 0 
7f531803b000-7f531c000000 ---p 00000000 00:00 0 
7f531c000000-7f531c021000 rw-p 00000000 00:00 0 
7f531c021000-7f5320000000 ---p 00000000 00:00 0 
7f5320000000-7f5320021000 rw-p 00000000 00:00 0 
7f5320021000-7f5324000000 ---p 00000000 00:00 0 
7f5324000000-7f5324021000 rw-p 00000000 00:00 0 
7f5324021000-7f5328000000 ---p 00000000 00:00 0 
7f5328000000-7f5328021000 rw-p 00000000 00:00 0 
7f5328021000-7f532c000000 ---p 00000000 00:00 0 
7f532c000000-7f532c021000 rw-p 00000000 00:00 0 
7f532c021000-7f5330000000 ---p 00000000 00:00 0 
7f5330000000-7f5330021000 rw-p 00000000 00:00 0 
7f5330021000-7f5334000000 ---p 00000000 00:00 0 
7f5334000000-7f5334021000 rw-p 00000000 00:00 0 
7f5334021000-7f5338000000 ---p 00000000 00:00 0 
7f5338000000-7f5338021000 rw-p 00000000 00:00 0 
7f5338021000-7f533c000000 ---p 00000000 00:00 0 
7f533c000000-7f533c021000 rw-p 00000000 00:00 0 
7f533c021000-7f5340000000 ---p 00000000 00:00 0 
7f5340000000-7f5340021000 rw-p 00000000 00:00 0 
7f5340021000-7f5344000000 ---p 00000000 00:00 0 
7f5344000000-7f5344021000 rw-p 00000000 00:00 0 
7f5344021000-7f5348000000 ---p 00000000 00:00 0 
7f5348000000-7f5348021000 rw-p 00000000 00:00 0 
7f5348021000-7f534c000000 ---p 00000000 00:00 0 
7f534c000000-7f534c021000 rw-p 00000000 00:00 0 
7f534c021000-7f5350000000 ---p 00000000 00:00 0 
7f5350000000-7f5350021000 rw-p 00000000 00:00 0 
7f5350021000-7f5354000000 ---p 00000000 00:00 0 
7f5354fff000-7f5358000000 rw-p 00000000 00:00 0 
7f5358000000-7f535851b000 rw-p 00000000 00:00 0 
7f535851b000-7f535c000000 ---p 00000000 00:00 0 
7f535c000000-7f535c021000 rw-p 00000000 00:00 0 
7f535c021000-7f5360000000 ---p 00000000 00:00 0 
7f5360000000-7f5360976000 rw-p 00000000 00:00 0 
7f5360976000-7f5364000000 ---p 00000000 00:00 0 
7f5364000000-7f536491f000 rw-p 00000000 00:00 0 
7f536491f000-7f5368000000 ---p 00000000 00:00 0 
7f5368000000-7f5368021000 rw-p 00000000 00:00 0 
7f5368021000-7f536c000000 ---p 00000000 00:00 0 
7f536c000000-7f536c021000 rw-p 00000000 00:00 0 
7f536c021000-7f5370000000 ---p 00000000 00:00 0 
7f5370000000-7f53702dd000 rw-p 00000000 00:00 0 
7f53702dd000-7f5374000000 ---p 00000000 00:00 0 
7f5374000000-7f5374021000 rw-p 00000000 00:00 0 
7f5374021000-7f5378000000 ---p 00000000 00:00 0 
7f5378000000-7f5378021000 rw-p 00000000 00:00 0 
7f5378021000-7f537c000000 ---p 00000000 00:00 0 
7f537cc60000-7f537cca0000 rw-p 00000000 00:00 0 
7f537cca0000-7f537ce60000 ---p 00000000 00:00 0 
7f537ce60000-7f537d060000 rw-p 00000000 00:00 0 
7f537d060000-7f537d063000 ---p 00000000 00:00 0 
7f537d063000-7f537d161000 rw-p 00000000 00:00 0 
7f537d161000-7f537d164000 ---p 00000000 00:00 0 
7f537d164000-7f537d262000 rw-p 00000000 00:00 0 
7f537d262000-7f537d265000 ---p 00000000 00:00 0 
7f537d265000-7f537d363000 rw-p 00000000 00:00 0 
7f537d363000-7f537d366000 ---p 00000000 00:00 0 
7f537d366000-7f537d464000 rw-p 00000000 00:00 0 
7f537d464000-7f537d467000 ---p 00000000 00:00 0 
7f537d467000-7f537d565000 rw-p 00000000 00:00 0 
7f537d565000-7f537d568000 ---p 00000000 00:00 0 
7f537d568000-7f537d666000 rw-p 00000000 00:00 0 
7f537d666000-7f537d669000 ---p 00000000 00:00 0 
7f537d669000-7f537d767000 rw-p 00000000 00:00 0 
7f537d767000-7f537d76a000 ---p 00000000 00:00 0 
7f537d76a000-7f537d868000 rw-p 00000000 00:00 0 
7f537d868000-7f537d86b000 ---p 00000000 00:00 0 
7f537d86b000-7f537d969000 rw-p 00000000 00:00 0 
7f537d969000-7f537d96c000 ---p 00000000 00:00 0 
7f537d96c000-7f537da6a000 rw-p 00000000 00:00 0 
7f537da6a000-7f537da6d000 ---p 00000000 00:00 0 
7f537da6d000-7f537db6b000 rw-p 00000000 00:00 0 
7f537db6b000-7f537db6e000 ---p 00000000 00:00 0 
7f537db6e000-7f537dc6c000 rw-p 00000000 00:00 0 
7f537dc6c000-7f537dc6f000 ---p 00000000 00:00 0 
7f537dc6f000-7f537dd6d000 rw-p 00000000 00:00 0 
7f537dd6d000-7f537dd70000 ---p 00000000 00:00 0 
7f537dd70000-7f537de6e000 rw-p 00000000 00:00 0 
7f537de6e000-7f537de71000 ---p 00000000 00:00 0 
7f537de71000-7f537e16f000 rw-p 00000000 00:00 0 
7f537e16f000-7f537e1e8000 r--s 010fd000 08:01 654900                     /usr/lib/jdk/jdk1.8.0_201/lib/tools.jar
7f537e1e8000-7f537e1eb000 ---p 00000000 00:00 0 
7f537e1eb000-7f537e2e9000 rw-p 00000000 00:00 0 
7f537e2e9000-7f537e2ec000 ---p 00000000 00:00 0 
7f537e2ec000-7f537e3ea000 rw-p 00000000 00:00 0 
7f537e3ea000-7f537e3ed000 ---p 00000000 00:00 0 
7f537e3ed000-7f537e4eb000 rw-p 00000000 00:00 0 
7f537e4eb000-7f537e501000 r-xp 00000000 08:01 656512                     /usr/lib/jdk/jdk1.8.0_201/jre/lib/amd64/libnet.so
7f537e501000-7f537e701000 ---p 00016000 08:01 656512                     /usr/lib/jdk/jdk1.8.0_201/jre/lib/amd64/libnet.so
7f537e701000-7f537e702000 r--p 00016000 08:01 656512                     /usr/lib/jdk/jdk1.8.0_201/jre/lib/amd64/libnet.so
7f537e702000-7f537e703000 rw-p 00017000 08:01 656512                     /usr/lib/jdk/jdk1.8.0_201/jre/lib/amd64/libnet.so
7f537e703000-7f537e934000 r--s 01bb1000 08:01 403225                     /home/hewitt/work/DiffTGen-master/lib/evosuite-1.0.6.jar
7f537e934000-7f537e935000 ---p 00000000 00:00 0 
7f537e935000-7f537ea35000 rw-p 00000000 00:00 0 
7f537ea35000-7f537ea38000 ---p 00000000 00:00 0 
7f537ea38000-7f537eb36000 rw-p 00000000 00:00 0 
7f537eb36000-7f537eb39000 ---p 00000000 00:00 0 
7f537eb39000-7f537ec37000 rw-p 00000000 00:00 0 
7f537ec37000-7f537ec3a000 ---p 00000000 00:00 0 
7f537ec3a000-7f537ed38000 rw-p 00000000 00:00 0 
7f537ed38000-7f537ed3b000 ---p 00000000 00:00 0 
7f537ed3b000-7f537ee39000 rw-p 00000000 00:00 0 
7f537ee39000-7f537ee3c000 ---p 00000000 00:00 0 
7f537ee3c000-7f537ef3a000 rw-p 00000000 00:00 0 
7f537ef3a000-7f537f8f9000 r--p 00000000 08:01 270368                     /usr/lib/locale/locale-archive
7f537f8f9000-7f537f8fc000 ---p 00000000 00:00 0 
7f537f8fc000-7f537f9fa000 rw-p 00000000 00:00 0 
7f537f9fa000-7f537f9fd000 ---p 00000000 00:00 0 
7f537f9fd000-7f537fafb000 rw-p 00000000 00:00 0 
7f537fafb000-7f537fafc000 ---p 00000000 00:00 0 
7f537fafc000-7f5380000000 rw-p 00000000 00:00 0 
7f5380000000-7f5380021000 rw-p 00000000 00:00 0 
7f5380021000-7f5384000000 ---p 00000000 00:00 0 
7f5384000000-7f5384021000 rw-p 00000000 00:00 0 
7f5384021000-7f5388000000 ---p 00000000 00:00 0 
7f5388000000-7f5388021000 rw-p 00000000 00:00 0 
7f5388021000-7f538c000000 ---p 00000000 00:00 0 
7f538c078000-7f538cb83000 rw-p 00000000 00:00 0 
7f538cb83000-7f538cd5d000 r--s 03d6f000 08:01 656293                     /usr/lib/jdk/jdk1.8.0_201/jre/lib/rt.jar
7f538cd5d000-7f538f66e000 rw-p 00000000 00:00 0 
7f538f66e000-7f538f66f000 ---p 00000000 00:00 0 
7f538f66f000-7f538f76f000 rw-p 00000000 00:00 0 
7f538f76f000-7f538f770000 ---p 00000000 00:00 0 
7f538f770000-7f538f870000 rw-p 00000000 00:00 0 
7f538f870000-7f538f871000 ---p 00000000 00:00 0 
7f538f871000-7f538f971000 rw-p 00000000 00:00 0 
7f538f971000-7f538f972000 ---p 00000000 00:00 0 
7f538f972000-7f538fa87000 rw-p 00000000 00:00 0 
7f538fa87000-7f538fbba000 ---p 00000000 00:00 0 
7f538fbba000-7f538fbcf000 rw-p 00000000 00:00 0 
7f538fbcf000-7f538fd01000 ---p 00000000 00:00 0 
7f538fd01000-7f538fd16000 rw-p 00000000 00:00 0 
7f538fd16000-7f538fda5000 ---p 00000000 00:00 0 
7f538fda5000-7f538fdbe000 rw-p 00000000 00:00 0 
7f538fdbe000-7f5390166000 ---p 00000000 00:00 0 
7f5390166000-7f5390736000 rwxp 00000000 00:00 0 
7f5390736000-7f539f166000 ---p 00000000 00:00 0 
7f539f166000-7f539f181000 r-xp 00000000 08:01 656508                     /usr/lib/jdk/jdk1.8.0_201/jre/lib/amd64/libzip.so
7f539f181000-7f539f380000 ---p 0001b000 08:01 656508                     /usr/lib/jdk/jdk1.8.0_201/jre/lib/amd64/libzip.so
7f539f380000-7f539f381000 r--p 0001a000 08:01 656508                     /usr/lib/jdk/jdk1.8.0_201/jre/lib/amd64/libzip.so
7f539f381000-7f539f382000 rw-p 0001b000 08:01 656508                     /usr/lib/jdk/jdk1.8.0_201/jre/lib/amd64/libzip.so
7f539f382000-7f539f38d000 r-xp 00000000 08:01 658902                     /lib/x86_64-linux-gnu/libnss_files-2.23.so
7f539f38d000-7f539f58c000 ---p 0000b000 08:01 658902                     /lib/x86_64-linux-gnu/libnss_files-2.23.so
7f539f58c000-7f539f58d000 r--p 0000a000 08:01 658902                     /lib/x86_64-linux-gnu/libnss_files-2.23.so
7f539f58d000-7f539f58e000 rw-p 0000b000 08:01 658902                     /lib/x86_64-linux-gnu/libnss_files-2.23.so
7f539f58e000-7f539f594000 rw-p 00000000 00:00 0 
7f539f594000-7f539f59f000 r-xp 00000000 08:01 658912                     /lib/x86_64-linux-gnu/libnss_nis-2.23.so
7f539f59f000-7f539f79e000 ---p 0000b000 08:01 658912                     /lib/x86_64-linux-gnu/libnss_nis-2.23.so
7f539f79e000-7f539f79f000 r--p 0000a000 08:01 658912                     /lib/x86_64-linux-gnu/libnss_nis-2.23.so
7f539f79f000-7f539f7a0000 rw-p 0000b000 08:01 658912                     /lib/x86_64-linux-gnu/libnss_nis-2.23.so
7f539f7a0000-7f539f7b6000 r-xp 00000000 08:01 658896                     /lib/x86_64-linux-gnu/libnsl-2.23.so
7f539f7b6000-7f539f9b5000 ---p 00016000 08:01 658896                     /lib/x86_64-linux-gnu/libnsl-2.23.so
7f539f9b5000-7f539f9b6000 r--p 00015000 08:01 658896                     /lib/x86_64-linux-gnu/libnsl-2.23.so
7f539f9b6000-7f539f9b7000 rw-p 00016000 08:01 658896                     /lib/x86_64-linux-gnu/libnsl-2.23.so
7f539f9b7000-7f539f9b9000 rw-p 00000000 00:00 0 
7f539f9b9000-7f539f9c1000 r-xp 00000000 08:01 658898                     /lib/x86_64-linux-gnu/libnss_compat-2.23.so
7f539f9c1000-7f539fbc0000 ---p 00008000 08:01 658898                     /lib/x86_64-linux-gnu/libnss_compat-2.23.so
7f539fbc0000-7f539fbc1000 r--p 00007000 08:01 658898                     /lib/x86_64-linux-gnu/libnss_compat-2.23.so
7f539fbc1000-7f539fbc2000 rw-p 00008000 08:01 658898                     /lib/x86_64-linux-gnu/libnss_compat-2.23.so
7f539fbc2000-7f539fbee000 r-xp 00000000 08:01 656502                     /usr/lib/jdk/jdk1.8.0_201/jre/lib/amd64/libjava.so
7f539fbee000-7f539fdee000 ---p 0002c000 08:01 656502                     /usr/lib/jdk/jdk1.8.0_201/jre/lib/amd64/libjava.so
7f539fdee000-7f539fdef000 r--p 0002c000 08:01 656502                     /usr/lib/jdk/jdk1.8.0_201/jre/lib/amd64/libjava.so
7f539fdef000-7f539fdf1000 rw-p 0002d000 08:01 656502                     /usr/lib/jdk/jdk1.8.0_201/jre/lib/amd64/libjava.so
7f539fdf1000-7f539fdfe000 r-xp 00000000 08:01 656507                     /usr/lib/jdk/jdk1.8.0_201/jre/lib/amd64/libverify.so
7f539fdfe000-7f539fffd000 ---p 0000d000 08:01 656507                     /usr/lib/jdk/jdk1.8.0_201/jre/lib/amd64/libverify.so
7f539fffd000-7f539ffff000 r--p 0000c000 08:01 656507                     /usr/lib/jdk/jdk1.8.0_201/jre/lib/amd64/libverify.so
7f539ffff000-7f53a0000000 rw-p 0000e000 08:01 656507                     /usr/lib/jdk/jdk1.8.0_201/jre/lib/amd64/libverify.so
7f53a0000000-7f53a04bf000 rw-p 00000000 00:00 0 
7f53a04bf000-7f53a4000000 ---p 00000000 00:00 0 
7f53a400c000-7f53a4016000 r--s 00116000 08:01 656361                     /usr/lib/jdk/jdk1.8.0_201/jre/lib/ext/localedata.jar
7f53a4016000-7f53a4019000 ---p 00000000 00:00 0 
7f53a4019000-7f53a404f000 rw-p 00000000 00:00 0 
7f53a404f000-7f53a4056000 r-xp 00000000 08:01 658957                     /lib/x86_64-linux-gnu/librt-2.23.so
7f53a4056000-7f53a4255000 ---p 00007000 08:01 658957                     /lib/x86_64-linux-gnu/librt-2.23.so
7f53a4255000-7f53a4256000 r--p 00006000 08:01 658957                     /lib/x86_64-linux-gnu/librt-2.23.so
7f53a4256000-7f53a4257000 rw-p 00007000 08:01 658957                     /lib/x86_64-linux-gnu/librt-2.23.so
7f53a4257000-7f53a435f000 r-xp 00000000 08:01 658873                     /lib/x86_64-linux-gnu/libm-2.23.so
7f53a435f000-7f53a455e000 ---p 00108000 08:01 658873                     /lib/x86_64-linux-gnu/libm-2.23.so
7f53a455e000-7f53a455f000 r--p 00107000 08:01 658873                     /lib/x86_64-linux-gnu/libm-2.23.so
7f53a455f000-7f53a4560000 rw-p 00108000 08:01 658873                     /lib/x86_64-linux-gnu/libm-2.23.so
7f53a4560000-7f53a5248000 r-xp 00000000 08:01 656484                     /usr/lib/jdk/jdk1.8.0_201/jre/lib/amd64/server/libjvm.so
7f53a5248000-7f53a5447000 ---p 00ce8000 08:01 656484                     /usr/lib/jdk/jdk1.8.0_201/jre/lib/amd64/server/libjvm.so
7f53a5447000-7f53a54dd000 r--p 00ce7000 08:01 656484                     /usr/lib/jdk/jdk1.8.0_201/jre/lib/amd64/server/libjvm.so
7f53a54dd000-7f53a550e000 rw-p 00d7d000 08:01 656484                     /usr/lib/jdk/jdk1.8.0_201/jre/lib/amd64/server/libjvm.so
7f53a550e000-7f53a5549000 rw-p 00000000 00:00 0 
7f53a5549000-7f53a5709000 r-xp 00000000 08:01 658803                     /lib/x86_64-linux-gnu/libc-2.23.so
7f53a5709000-7f53a5909000 ---p 001c0000 08:01 658803                     /lib/x86_64-linux-gnu/libc-2.23.so
7f53a5909000-7f53a590d000 r--p 001c0000 08:01 658803                     /lib/x86_64-linux-gnu/libc-2.23.so
7f53a590d000-7f53a590f000 rw-p 001c4000 08:01 658803                     /lib/x86_64-linux-gnu/libc-2.23.so
7f53a590f000-7f53a5913000 rw-p 00000000 00:00 0 
7f53a5913000-7f53a5916000 r-xp 00000000 08:01 658827                     /lib/x86_64-linux-gnu/libdl-2.23.so
7f53a5916000-7f53a5b15000 ---p 00003000 08:01 658827                     /lib/x86_64-linux-gnu/libdl-2.23.so
7f53a5b15000-7f53a5b16000 r--p 00002000 08:01 658827                     /lib/x86_64-linux-gnu/libdl-2.23.so
7f53a5b16000-7f53a5b17000 rw-p 00003000 08:01 658827                     /lib/x86_64-linux-gnu/libdl-2.23.so
7f53a5b17000-7f53a5b2e000 r-xp 00000000 08:01 656155                     /usr/lib/jdk/jdk1.8.0_201/lib/amd64/jli/libjli.so
7f53a5b2e000-7f53a5d2d000 ---p 00017000 08:01 656155                     /usr/lib/jdk/jdk1.8.0_201/lib/amd64/jli/libjli.so
7f53a5d2d000-7f53a5d2e000 r--p 00016000 08:01 656155                     /usr/lib/jdk/jdk1.8.0_201/lib/amd64/jli/libjli.so
7f53a5d2e000-7f53a5d2f000 rw-p 00017000 08:01 656155                     /usr/lib/jdk/jdk1.8.0_201/lib/amd64/jli/libjli.so
7f53a5d2f000-7f53a5d47000 r-xp 00000000 08:01 658949                     /lib/x86_64-linux-gnu/libpthread-2.23.so
7f53a5d47000-7f53a5f46000 ---p 00018000 08:01 658949                     /lib/x86_64-linux-gnu/libpthread-2.23.so
7f53a5f46000-7f53a5f47000 r--p 00017000 08:01 658949                     /lib/x86_64-linux-gnu/libpthread-2.23.so
7f53a5f47000-7f53a5f48000 rw-p 00018000 08:01 658949                     /lib/x86_64-linux-gnu/libpthread-2.23.so
7f53a5f48000-7f53a5f4c000 rw-p 00000000 00:00 0 
7f53a5f4c000-7f53a5f72000 r-xp 00000000 08:01 658775                     /lib/x86_64-linux-gnu/ld-2.23.so
7f53a5f76000-7f53a5f92000 r--s 00393000 08:01 656354                     /usr/lib/jdk/jdk1.8.0_201/jre/lib/ext/cldrdata.jar
7f53a5f92000-7f53a5f96000 r--s 000a1000 08:01 656350                     /usr/lib/jdk/jdk1.8.0_201/jre/lib/jsse.jar
7f53a5f96000-7f53a6054000 rw-p 00000000 00:00 0 
7f53a6054000-7f53a6057000 ---p 00000000 00:00 0 
7f53a6057000-7f53a615a000 rw-p 00000000 00:00 0 
7f53a615a000-7f53a6162000 r--s 0006e000 08:01 398946                     /home/hewitt/work/DiffTGen-master/lib/commons-lang3-3.5.jar
7f53a6162000-7f53a6163000 r--s 00000000 08:01 398951                     /home/hewitt/work/DiffTGen-master/lib/myprinter.jar
7f53a6163000-7f53a6167000 r--s 00039000 08:01 962905                     /home/hewitt/work/DiffTGen-master/output/patch3-Lang-59-CapGen-plausible/Lang_59_3-plausible_capgen/target/build/classes/all0.jar
7f53a6167000-7f53a616f000 rw-s 00000000 08:01 151655                     /tmp/hsperfdata_hewitt/111390
7f53a616f000-7f53a6170000 rw-p 00000000 00:00 0 
7f53a6170000-7f53a6171000 ---p 00000000 00:00 0 
7f53a6171000-7f53a6172000 r--p 00025000 08:01 658775                     /lib/x86_64-linux-gnu/ld-2.23.so
7f53a6172000-7f53a6173000 rw-p 00026000 08:01 658775                     /lib/x86_64-linux-gnu/ld-2.23.so
7f53a6173000-7f53a6174000 rw-p 00000000 00:00 0 
7ffd3fc20000-7ffd3fc42000 rw-p 00000000 00:00 0                          [stack]
7ffd3fd19000-7ffd3fd1c000 r--p 00000000 00:00 0                          [vvar]
7ffd3fd1c000-7ffd3fd1e000 r-xp 00000000 00:00 0                          [vdso]
ffffffffff600000-ffffffffff601000 r-xp 00000000 00:00 0                  [vsyscall]

VM Arguments:
java_command: /home/hewitt/work/DiffTGen-master/lib/evosuite-1.0.6.jar -base_dir /home/hewitt/work/DiffTGen-master/output/patch3-Lang-59-CapGen-plausible/Lang_59_3-plausible_capgen/target/0/7 -projectCP /home/hewitt/work/DiffTGen-master/output/patch3-Lang-59-CapGen-plausible/Lang_59_3-plausible_capgen/target/build/classes/all0.jar:/home/hewitt/work/DiffTGen-master/lib/myprinter.jar:/home/hewitt/work/DiffTGen-master/lib/commons-lang3-3.5.jar -class org.apache.commons.lang.text.StrBuilder -Dassertions=false -Dsearch_budget=60
java_class_path (initial): /home/hewitt/work/DiffTGen-master/lib/evosuite-1.0.6.jar
Launcher Type: SUN_STANDARD

Environment Variables:
JAVA_HOME=/usr/lib/jdk/jdk1.8.0_201
JRE_HOME=/usr/lib/jdk/jdk1.8.0_201/jre
CLASSPATH=.:/usr/lib/jdk/jdk1.8.0_201/lib:/usr/lib/jdk/jdk1.8.0_201/jre/lib
PATH=/usr/lib/jdk/jdk1.8.0_201/bin:/home/hewitt/bin:/home/hewitt/.local/bin:/usr/lib/jdk/jdk1.7.0_80/bin:/usr/local/sbin:/usr/local/bin:/usr/sbin:/usr/bin:/sbin:/bin:/usr/games:/usr/local/games:/snap/bin:/home/hewitt/work/defects4j_v1.4.0/defects4j/framework/bin:/opt/apache-ant-1.9.14/bin:/home/hewitt/work/defects4j_v1.4.0/defects4j/framework/bin
SHELL=/bin/bash
DISPLAY=:0

Signal Handlers:
SIGSEGV: [libjvm.so+0xad3e60], sa_mask[0]=11111111011111111101111111111110, sa_flags=SA_RESTART|SA_SIGINFO
SIGBUS: [libjvm.so+0xad3e60], sa_mask[0]=11111111011111111101111111111110, sa_flags=SA_RESTART|SA_SIGINFO
SIGFPE: [libjvm.so+0x90b880], sa_mask[0]=11111111011111111101111111111110, sa_flags=SA_RESTART|SA_SIGINFO
SIGPIPE: [libjvm.so+0x90b880], sa_mask[0]=11111111011111111101111111111110, sa_flags=SA_RESTART|SA_SIGINFO
SIGXFSZ: [libjvm.so+0x90b880], sa_mask[0]=11111111011111111101111111111110, sa_flags=SA_RESTART|SA_SIGINFO
SIGILL: [libjvm.so+0x90b880], sa_mask[0]=11111111011111111101111111111110, sa_flags=SA_RESTART|SA_SIGINFO
SIGUSR1: SIG_DFL, sa_mask[0]=00000000000000000000000000000000, sa_flags=none
SIGUSR2: [libjvm.so+0x90b750], sa_mask[0]=00100000000000000000000000000000, sa_flags=SA_RESTART|SA_SIGINFO
SIGHUP: [libjvm.so+0x90bd70], sa_mask[0]=11111111011111111101111111111110, sa_flags=SA_RESTART|SA_SIGINFO
SIGINT: [libjvm.so+0x90bd70], sa_mask[0]=11111111011111111101111111111110, sa_flags=SA_RESTART|SA_SIGINFO
SIGTERM: [libjvm.so+0x90bd70], sa_mask[0]=11111111011111111101111111111110, sa_flags=SA_RESTART|SA_SIGINFO
SIGQUIT: [libjvm.so+0x90bd70], sa_mask[0]=11111111011111111101111111111110, sa_flags=SA_RESTART|SA_SIGINFO


---------------  S Y S T E M  ---------------

OS:DISTRIB_ID=Ubuntu
DISTRIB_RELEASE=16.04
DISTRIB_CODENAME=xenial
DISTRIB_DESCRIPTION="Ubuntu 16.04.6 LTS"

uname:Linux 4.15.0-91-generic #92~16.04.1-Ubuntu SMP Fri Feb 28 14:57:22 UTC 2020 x86_64
libc:glibc 2.23 NPTL 2.23 
rlimit: STACK 8192k, CORE 0k, NPROC 15448, NOFILE 1048576, AS infinity
load average:18.50 13.21 12.90

/proc/meminfo:
MemTotal:        4015928 kB
MemFree:          341044 kB
MemAvailable:     256852 kB
Buffers:             956 kB
Cached:            44136 kB
SwapCached:         4056 kB
Active:          2669128 kB
Inactive:         564148 kB
Active(anon):    2659244 kB
Inactive(anon):   535112 kB
Active(file):       9884 kB
Inactive(file):    29036 kB
Unevictable:          48 kB
Mlocked:              48 kB
SwapTotal:        998396 kB
SwapFree:           7032 kB
Dirty:               236 kB
Writeback:          1320 kB
AnonPages:       3185920 kB
Mapped:            27992 kB
Shmem:              6012 kB
Slab:              92160 kB
SReclaimable:      33636 kB
SUnreclaim:        58524 kB
KernelStack:       17712 kB
PageTables:        43144 kB
NFS_Unstable:          0 kB
Bounce:                0 kB
WritebackTmp:          0 kB
CommitLimit:     3006360 kB
Committed_AS:    9252068 kB
VmallocTotal:   34359738367 kB
VmallocUsed:           0 kB
VmallocChunk:          0 kB
HardwareCorrupted:     0 kB
AnonHugePages:         0 kB
ShmemHugePages:        0 kB
ShmemPmdMapped:        0 kB
CmaTotal:              0 kB
CmaFree:               0 kB
HugePages_Total:       0
HugePages_Free:        0
HugePages_Rsvd:        0
HugePages_Surp:        0
Hugepagesize:       2048 kB
DirectMap4k:       98112 kB
DirectMap2M:     4096000 kB
DirectMap1G:     2097152 kB

container (cgroup) information:
container_type: cgroupv1
cpu_cpuset_cpus: 0-3
cpu_memory_nodes: 0
active_processor_count: 4
cpu_quota: -1
cpu_period: 100000
cpu_shares: -1
memory_limit_in_bytes: -1
memory_and_swap_limit_in_bytes: -2
memory_soft_limit_in_bytes: -1
memory_usage_in_bytes: 3310338048
memory_max_usage_in_bytes: 20938752


CPU:total 4 (initial active 4) (2 cores per cpu, 1 threads per core) family 6 model 158 stepping 9, cmov, cx8, fxsr, mmx, sse, sse2, sse3, ssse3, sse4.1, sse4.2, popcnt, avx, avx2, aes, clmul, erms, 3dnowpref, lzcnt, tsc, tscinvbit, bmi1, bmi2, adx

/proc/cpuinfo:
processor	: 0
vendor_id	: GenuineIntel
cpu family	: 6
model		: 158
model name	: Intel(R) Core(TM) i7-7700HQ CPU @ 2.80GHz
stepping	: 9
microcode	: 0xb4
cpu MHz		: 2808.002
cache size	: 6144 KB
physical id	: 0
siblings	: 2
core id		: 0
cpu cores	: 2
apicid		: 0
initial apicid	: 0
fpu		: yes
fpu_exception	: yes
cpuid level	: 22
wp		: yes
flags		: fpu vme de pse tsc msr pae mce cx8 apic sep mtrr pge mca cmov pat pse36 clflush mmx fxsr sse sse2 ss ht syscall nx pdpe1gb rdtscp lm constant_tsc arch_perfmon nopl xtopology tsc_reliable nonstop_tsc cpuid pni pclmulqdq ssse3 fma cx16 pcid sse4_1 sse4_2 x2apic movbe popcnt tsc_deadline_timer aes xsave avx f16c rdrand hypervisor lahf_lm abm 3dnowprefetch cpuid_fault invpcid_single pti ssbd ibrs ibpb stibp fsgsbase tsc_adjust bmi1 avx2 smep bmi2 invpcid mpx rdseed adx smap clflushopt xsaveopt xsavec xsaves arat md_clear flush_l1d arch_capabilities
bugs		: cpu_meltdown spectre_v1 spectre_v2 spec_store_bypass l1tf mds swapgs itlb_multihit
bogomips	: 5616.00
clflush size	: 64
cache_alignment	: 64
address sizes	: 43 bits physical, 48 bits virtual
power management:

processor	: 1
vendor_id	: GenuineIntel
cpu family	: 6
model		: 158
model name	: Intel(R) Core(TM) i7-7700HQ CPU @ 2.80GHz
stepping	: 9
microcode	: 0xb4
cpu MHz		: 2808.002
cache size	: 6144 KB
physical id	: 0
siblings	: 2
core id		: 1
cpu cores	: 2
apicid		: 1
initial apicid	: 1
fpu		: yes
fpu_exception	: yes
cpuid level	: 22
wp		: yes
flags		: fpu vme de pse tsc msr pae mce cx8 apic sep mtrr pge mca cmov pat pse36 clflush mmx fxsr sse sse2 ss ht syscall nx pdpe1gb rdtscp lm constant_tsc arch_perfmon nopl xtopology tsc_reliable nonstop_tsc cpuid pni pclmulqdq ssse3 fma cx16 pcid sse4_1 sse4_2 x2apic movbe popcnt tsc_deadline_timer aes xsave avx f16c rdrand hypervisor lahf_lm abm 3dnowprefetch cpuid_fault invpcid_single pti ssbd ibrs ibpb stibp fsgsbase tsc_adjust bmi1 avx2 smep bmi2 invpcid mpx rdseed adx smap clflushopt xsaveopt xsavec xsaves arat md_clear flush_l1d arch_capabilities
bugs		: cpu_meltdown spectre_v1 spectre_v2 spec_store_bypass l1tf mds swapgs itlb_multihit
bogomips	: 5616.00
clflush size	: 64
cache_alignment	: 64
address sizes	: 43 bits physical, 48 bits virtual
power management:

processor	: 2
vendor_id	: GenuineIntel
cpu family	: 6
model		: 158
model name	: Intel(R) Core(TM) i7-7700HQ CPU @ 2.80GHz
stepping	: 9
microcode	: 0xb4
cpu MHz		: 2808.002
cache size	: 6144 KB
physical id	: 1
siblings	: 2
core id		: 0
cpu cores	: 2
apicid		: 2
initial apicid	: 2
fpu		: yes
fpu_exception	: yes
cpuid level	: 22
wp		: yes
flags		: fpu vme de pse tsc msr pae mce cx8 apic sep mtrr pge mca cmov pat pse36 clflush mmx fxsr sse sse2 ss ht syscall nx pdpe1gb rdtscp lm constant_tsc arch_perfmon nopl xtopology tsc_reliable nonstop_tsc cpuid pni pclmulqdq ssse3 fma cx16 pcid sse4_1 sse4_2 x2apic movbe popcnt tsc_deadline_timer aes xsave avx f16c rdrand hypervisor lahf_lm abm 3dnowprefetch cpuid_fault invpcid_single pti ssbd ibrs ibpb stibp fsgsbase tsc_adjust bmi1 avx2 smep bmi2 invpcid mpx rdseed adx smap clflushopt xsaveopt xsavec xsaves arat md_clear flush_l1d arch_capabilities
bugs		: cpu_meltdown spectre_v1 spectre_v2 spec_store_bypass l1tf mds swapgs itlb_multihit
bogomips	: 5616.00
clflush size	: 64
cache_alignment	: 64
address sizes	: 43 bits physical, 48 bits virtual
power management:

processor	: 3
vendor_id	: GenuineIntel
cpu family	: 6
model		: 158
model name	: Intel(R) Core(TM) i7-7700HQ CPU @ 2.80GHz
stepping	: 9
microcode	: 0xb4
cpu MHz		: 2808.002
cache size	: 6144 KB
physical id	: 1
siblings	: 2
core id		: 1
cpu cores	: 2
apicid		: 3
initial apicid	: 3
fpu		: yes
fpu_exception	: yes
cpuid level	: 22
wp		: yes
flags		: fpu vme de pse tsc msr pae mce cx8 apic sep mtrr pge mca cmov pat pse36 clflush mmx fxsr sse sse2 ss ht syscall nx pdpe1gb rdtscp lm constant_tsc arch_perfmon nopl xtopology tsc_reliable nonstop_tsc cpuid pni pclmulqdq ssse3 fma cx16 pcid sse4_1 sse4_2 x2apic movbe popcnt tsc_deadline_timer aes xsave avx f16c rdrand hypervisor lahf_lm abm 3dnowprefetch cpuid_fault invpcid_single pti ssbd ibrs ibpb stibp fsgsbase tsc_adjust bmi1 avx2 smep bmi2 invpcid mpx rdseed adx smap clflushopt xsaveopt xsavec xsaves arat md_clear flush_l1d arch_capabilities
bugs		: cpu_meltdown spectre_v1 spectre_v2 spec_store_bypass l1tf mds swapgs itlb_multihit
bogomips	: 5616.00
clflush size	: 64
cache_alignment	: 64
address sizes	: 43 bits physical, 48 bits virtual
power management:



Memory: 4k page, physical 4015928k(340548k free), swap 998396k(7032k free)

vm_info: Java HotSpot(TM) 64-Bit Server VM (25.201-b09) for linux-amd64 JRE (1.8.0_201-b09), built on Dec 15 2018 11:35:59 by "java_re" with gcc 7.3.0

time: Sun Mar 29 02:48:25 2020
timezone: CST
elapsed time: 32 seconds (0d 0h 0m 32s)

