#
# There is insufficient memory for the Java Runtime Environment to continue.
# Native memory allocation (mmap) failed to map 58720256 bytes for committing reserved memory.
# Possible reasons:
#   The system is out of physical RAM or swap space
#   The process is running with CompressedOops enabled, and the Java Heap may be blocking the growth of the native heap
# Possible solutions:
#   Reduce memory load on the system
#   Increase physical memory or swap space
#   Check if swap backing store is full
#   Decrease Java heap size (-Xmx/-Xms)
#   Decrease number of Java threads
#   Decrease Java thread stack sizes (-Xss)
#   Set larger code cache with -XX:ReservedCodeCacheSize=
#   JVM is running with Unscaled Compressed Oops mode in which the Java heap is
#     placed in the first 4GB address space. The Java Heap base address is the
#     maximum limit for the native heap growth. Please use -XX:HeapBaseMinAddress
#     to set the Java Heap base and to place the Java Heap above 4GB virtual address.
# This output file may be truncated or incomplete.
#
#  Out of Memory Error (os_linux.cpp:2749), pid=8011, tid=0x00007fca20334700
#
# JRE version: Java(TM) SE Runtime Environment (8.0_201-b09) (build 1.8.0_201-b09)
# Java VM: Java HotSpot(TM) 64-Bit Server VM (25.201-b09 mixed mode linux-amd64 compressed oops)
# Failed to write core dump. Core dumps have been disabled. To enable core dumping, try "ulimit -c unlimited" before starting Java again
#

---------------  T H R E A D  ---------------

Current thread (0x00007fca1c140000):  VMThread [stack: 0x00007fca20234000,0x00007fca20335000] [id=8068]

Stack: [0x00007fca20234000,0x00007fca20335000],  sp=0x00007fca20333450,  free space=1021k
Native frames: (J=compiled Java code, j=interpreted, Vv=VM code, C=native code)
V  [libjvm.so+0xad3525]  VMError::report_and_die()+0x2e5
V  [libjvm.so+0x4e0457]  report_vm_out_of_memory(char const*, int, unsigned long, VMErrorType, char const*)+0x67
V  [libjvm.so+0x9102f0]  os::pd_commit_memory(char*, unsigned long, unsigned long, bool)+0x100
V  [libjvm.so+0x90791f]  os::commit_memory(char*, unsigned long, unsigned long, bool)+0x1f
V  [libjvm.so+0x98c806]  PSVirtualSpace::expand_by(unsigned long)+0x56
V  [libjvm.so+0x98da98]  PSYoungGen::resize(unsigned long, unsigned long)+0xd8
V  [libjvm.so+0x98a236]  PSScavenge::invoke_no_policy()+0x1376
V  [libjvm.so+0x98a5cc]  PSScavenge::invoke()+0x4c
V  [libjvm.so+0x93a318]  ParallelScavengeHeap::failed_mem_allocate(unsigned long)+0x68
V  [libjvm.so+0xad5073]  VM_ParallelGCFailedAllocation::doit()+0x93
V  [libjvm.so+0xada296]  VM_Operation::evaluate()+0x46
V  [libjvm.so+0xad85cd]  VMThread::evaluate_operation(VM_Operation*) [clone .constprop.44]+0xcd
V  [libjvm.so+0xad8bb3]  VMThread::loop()+0x3a3
V  [libjvm.so+0xad8f88]  VMThread::run()+0x78
V  [libjvm.so+0x90d922]  java_start(Thread*)+0x102

VM_Operation (0x00007fca08ae17e0): ParallelGCFailedAllocation, mode: safepoint, requested by thread 0x00007fc9b4001000


---------------  P R O C E S S  ---------------

Java Threads: ( => current thread )
  0x00007fc9b4001000 JavaThread "RMI TCP Connection(4)-127.0.0.1" daemon [_thread_blocked, id=8489, stack(0x00007fca089e7000,0x00007fca08ae8000)]
  0x00007fc98c034000 JavaThread "RMI Scheduler(0)" daemon [_thread_blocked, id=8487, stack(0x00007fca08ae8000,0x00007fca08be9000)]
  0x00007fc98c02c800 JavaThread "RMI RenewClean-[127.0.0.1:18277]" daemon [_thread_blocked, id=8483, stack(0x00007fca08be9000,0x00007fca08cea000)]
  0x00007fc9c0003000 JavaThread "RMI TCP Connection(5)-127.0.0.1" daemon [_thread_in_native, id=8475, stack(0x00007fca08cea000,0x00007fca08deb000)]
  0x00007fc9b0005000 JavaThread "pool-3-thread-3" [_thread_in_native, id=8393, stack(0x00007fca08deb000,0x00007fca08eec000)]
  0x00007fc9b0003000 JavaThread "pool-3-thread-2" [_thread_in_native, id=8392, stack(0x00007fca08eec000,0x00007fca08fed000)]
  0x00007fc9b0002000 JavaThread "pool-3-thread-1" [_thread_in_native, id=8390, stack(0x00007fca08fed000,0x00007fca090ee000)]
  0x00007fca1c3e5000 JavaThread "Thread-3" [_thread_in_native, id=8206, stack(0x00007fca090ee000,0x00007fca091ef000)]
  0x00007fca1c3e3800 JavaThread "Thread-2" [_thread_in_native, id=8196, stack(0x00007fca091ef000,0x00007fca092f0000)]
  0x00007fca1c3e2000 JavaThread "process reaper" daemon [_thread_in_native, id=8194, stack(0x00007fca092f0000,0x00007fca09329000)]
  0x00007fca1c3db800 JavaThread "pool-2-thread-1" [_thread_in_native, id=8186, stack(0x00007fca09329000,0x00007fca0942a000)]
  0x00007fca1c3da000 JavaThread "GC Daemon" daemon [_thread_blocked, id=8169, stack(0x00007fca0942a000,0x00007fca0952b000)]
  0x00007fca1c3d7000 JavaThread "RMI Reaper" [_thread_blocked, id=8167, stack(0x00007fca0952b000,0x00007fca0962c000)]
  0x00007fca1c3ce800 JavaThread "RMI TCP Accept-16499" daemon [_thread_in_native, id=8164, stack(0x00007fca0962c000,0x00007fca0972d000)]
  0x00007fca1c3c7000 JavaThread "RMI TCP Accept-18367" daemon [_thread_in_native, id=8162, stack(0x00007fca0972d000,0x00007fca0982e000)]
  0x00007fca1c2e3800 JavaThread "logback-3" daemon [_thread_blocked, id=8146, stack(0x00007fca09aa7000,0x00007fca09ba8000)]
  0x00007fca1c2e2000 JavaThread "logback-2" daemon [_thread_blocked, id=8145, stack(0x00007fca09ba8000,0x00007fca09ca9000)]
  0x00007fca1c2de000 JavaThread "logback-1" daemon [_thread_blocked, id=8143, stack(0x00007fca09ca9000,0x00007fca09daa000)]
  0x00007fca1c189000 JavaThread "Service Thread" daemon [_thread_blocked, id=8130, stack(0x00007fca0a28c000,0x00007fca0a38d000)]
  0x00007fca1c186000 JavaThread "C1 CompilerThread2" daemon [_thread_blocked, id=8126, stack(0x00007fca0a38d000,0x00007fca0a48e000)]
  0x00007fca1c184800 JavaThread "C2 CompilerThread1" daemon [_thread_blocked, id=8123, stack(0x00007fca0a48e000,0x00007fca0a58f000)]
  0x00007fca1c181800 JavaThread "C2 CompilerThread0" daemon [_thread_blocked, id=8120, stack(0x00007fca0a58f000,0x00007fca0a690000)]
  0x00007fca1c180000 JavaThread "Signal Dispatcher" daemon [_thread_blocked, id=8111, stack(0x00007fca0a690000,0x00007fca0a791000)]
  0x00007fca1c14c000 JavaThread "Finalizer" daemon [_thread_blocked, id=8080, stack(0x00007fca20032000,0x00007fca20133000)]
  0x00007fca1c149800 JavaThread "Reference Handler" daemon [_thread_blocked, id=8077, stack(0x00007fca20133000,0x00007fca20234000)]
  0x00007fca1c00a800 JavaThread "main" [_thread_in_native, id=8027, stack(0x00007fca25816000,0x00007fca25917000)]

Other Threads:
=>0x00007fca1c140000 VMThread [stack: 0x00007fca20234000,0x00007fca20335000] [id=8068]
  0x00007fca1c18b800 WatcherThread [stack: 0x00007fca0a18b000,0x00007fca0a28c000] [id=8133]

VM state:at safepoint (normal execution)

VM Mutex/Monitor currently owned by a thread:  ([mutex/lock_event])
[0x00007fca1c006fd0] Threads_lock - owner thread: 0x00007fca1c140000
[0x00007fca1c0074d0] Heap_lock - owner thread: 0x00007fc9b4001000

heap address: 0x00000000c2a00000, size: 982 MB, Compressed Oops mode: 32-bit
Narrow klass base: 0x0000000000000000, Narrow klass shift: 3
Compressed class space size: 1073741824 Address: 0x0000000100000000

Heap:
 PSYoungGen      total 63488K, used 4702K [0x00000000eb900000, 0x00000000efd00000, 0x0000000100000000)
  eden space 57856K, 0% used [0x00000000eb900000,0x00000000eb900000,0x00000000ef180000)
  from space 5632K, 83% used [0x00000000ef180000,0x00000000ef617980,0x00000000ef700000)
  to   space 5120K, 0% used [0x00000000ef700000,0x00000000ef700000,0x00000000efc00000)
 ParOldGen       total 42496K, used 11186K [0x00000000c2a00000, 0x00000000c5380000, 0x00000000eb900000)
  object space 42496K, 26% used [0x00000000c2a00000,0x00000000c34ec9b8,0x00000000c5380000)
 Metaspace       used 13579K, capacity 13954K, committed 14208K, reserved 1062912K
  class space    used 1540K, capacity 1657K, committed 1664K, reserved 1048576K

Card table byte_map: [0x00007fca223cb000,0x00007fca225b7000] byte_map_base: 0x00007fca21db6000

Marking Bits: (ParMarkBitMap*) 0x00007fca24cedd80
 Begin Bits: [0x00007fca0b150000, 0x00007fca0c0a8000)
 End Bits:   [0x00007fca0c0a8000, 0x00007fca0d000000)

Polling page: 0x00007fca25932000

CodeCache: size=245760Kb used=6673Kb max_used=6673Kb free=239086Kb
 bounds [0x00007fca0d000000, 0x00007fca0d690000, 0x00007fca1c000000]
 total_blobs=2232 nmethods=1884 adapters=261
 compilation: enabled

Compilation events (10 events):
Event: 90.554 Thread 0x00007fca1c186000 1938       3       org.evosuite.shaded.org.objectweb.asm.tree.analysis.Frame::merge (95 bytes)
Event: 90.555 Thread 0x00007fca1c186000 nmethod 1938 0x00007fca0d6863d0 code [0x00007fca0d6865a0, 0x00007fca0d686cc8]
Event: 90.564 Thread 0x00007fca1c186000 1939       2       java.io.ObjectInputStream$HandleTable::finish (111 bytes)
Event: 90.565 Thread 0x00007fca1c186000 nmethod 1939 0x00007fca0d6780d0 code [0x00007fca0d678260, 0x00007fca0d678588]
Event: 90.566 Thread 0x00007fca1c186000 1940   !   2       java.io.ObjectInputStream::readObject (130 bytes)
Event: 90.567 Thread 0x00007fca1c186000 nmethod 1940 0x00007fca0d687150 code [0x00007fca0d687320, 0x00007fca0d6877a8]
Event: 90.577 Thread 0x00007fca1c186000 1941       2       java.io.Bits::getLong (105 bytes)
Event: 90.577 Thread 0x00007fca1c186000 nmethod 1941 0x00007fca0d687dd0 code [0x00007fca0d687f40, 0x00007fca0d688210]
Event: 90.675 Thread 0x00007fca1c186000 1947       2       java.util.AbstractCollection::containsAll (38 bytes)
Event: 90.675 Thread 0x00007fca1c186000 nmethod 1947 0x00007fca0d6883d0 code [0x00007fca0d688560, 0x00007fca0d6887d8]

GC Heap History (10 events):
Event: 87.680 GC heap after
Heap after GC invocations=5 (full 1):
 PSYoungGen      total 18432K, used 2560K [0x00000000eb900000, 0x00000000edd00000, 0x0000000100000000)
  eden space 15872K, 0% used [0x00000000eb900000,0x00000000eb900000,0x00000000ec880000)
  from space 2560K, 100% used [0x00000000ecb00000,0x00000000ecd80000,0x00000000ecd80000)
  to   space 2560K, 0% used [0x00000000ec880000,0x00000000ec880000,0x00000000ecb00000)
 ParOldGen       total 42496K, used 7493K [0x00000000c2a00000, 0x00000000c5380000, 0x00000000eb900000)
  object space 42496K, 17% used [0x00000000c2a00000,0x00000000c31514e8,0x00000000c5380000)
 Metaspace       used 13312K, capacity 13692K, committed 13952K, reserved 1060864K
  class space    used 1539K, capacity 1656K, committed 1664K, reserved 1048576K
}
Event: 87.977 GC heap before
{Heap before GC invocations=6 (full 1):
 PSYoungGen      total 18432K, used 18432K [0x00000000eb900000, 0x00000000edd00000, 0x0000000100000000)
  eden space 15872K, 100% used [0x00000000eb900000,0x00000000ec880000,0x00000000ec880000)
  from space 2560K, 100% used [0x00000000ecb00000,0x00000000ecd80000,0x00000000ecd80000)
  to   space 2560K, 0% used [0x00000000ec880000,0x00000000ec880000,0x00000000ecb00000)
 ParOldGen       total 42496K, used 7493K [0x00000000c2a00000, 0x00000000c5380000, 0x00000000eb900000)
  object space 42496K, 17% used [0x00000000c2a00000,0x00000000c31514e8,0x00000000c5380000)
 Metaspace       used 13367K, capacity 13756K, committed 13952K, reserved 1060864K
  class space    used 1539K, capacity 1656K, committed 1664K, reserved 1048576K
Event: 88.012 GC heap after
Heap after GC invocations=6 (full 1):
 PSYoungGen      total 18432K, used 2560K [0x00000000eb900000, 0x00000000edd00000, 0x0000000100000000)
  eden space 15872K, 0% used [0x00000000eb900000,0x00000000eb900000,0x00000000ec880000)
  from space 2560K, 100% used [0x00000000ec880000,0x00000000ecb00000,0x00000000ecb00000)
  to   space 2560K, 0% used [0x00000000eda80000,0x00000000eda80000,0x00000000edd00000)
 ParOldGen       total 42496K, used 8373K [0x00000000c2a00000, 0x00000000c5380000, 0x00000000eb900000)
  object space 42496K, 19% used [0x00000000c2a00000,0x00000000c322d518,0x00000000c5380000)
 Metaspace       used 13367K, capacity 13756K, committed 13952K, reserved 1060864K
  class space    used 1539K, capacity 1656K, committed 1664K, reserved 1048576K
}
Event: 88.361 GC heap before
{Heap before GC invocations=7 (full 1):
 PSYoungGen      total 18432K, used 18432K [0x00000000eb900000, 0x00000000edd00000, 0x0000000100000000)
  eden space 15872K, 100% used [0x00000000eb900000,0x00000000ec880000,0x00000000ec880000)
  from space 2560K, 100% used [0x00000000ec880000,0x00000000ecb00000,0x00000000ecb00000)
  to   space 2560K, 0% used [0x00000000eda80000,0x00000000eda80000,0x00000000edd00000)
 ParOldGen       total 42496K, used 8373K [0x00000000c2a00000, 0x00000000c5380000, 0x00000000eb900000)
  object space 42496K, 19% used [0x00000000c2a00000,0x00000000c322d518,0x00000000c5380000)
 Metaspace       used 13441K, capacity 13820K, committed 13952K, reserved 1060864K
  class space    used 1539K, capacity 1656K, committed 1664K, reserved 1048576K
Event: 88.380 GC heap after
Heap after GC invocations=7 (full 1):
 PSYoungGen      total 31744K, used 2560K [0x00000000eb900000, 0x00000000ee200000, 0x0000000100000000)
  eden space 29184K, 0% used [0x00000000eb900000,0x00000000eb900000,0x00000000ed580000)
  from space 2560K, 100% used [0x00000000eda80000,0x00000000edd00000,0x00000000edd00000)
  to   space 5120K, 0% used [0x00000000ed580000,0x00000000ed580000,0x00000000eda80000)
 ParOldGen       total 42496K, used 9277K [0x00000000c2a00000, 0x00000000c5380000, 0x00000000eb900000)
  object space 42496K, 21% used [0x00000000c2a00000,0x00000000c330f5a8,0x00000000c5380000)
 Metaspace       used 13441K, capacity 13820K, committed 13952K, reserved 1060864K
  class space    used 1539K, capacity 1656K, committed 1664K, reserved 1048576K
}
Event: 89.797 GC heap before
{Heap before GC invocations=8 (full 1):
 PSYoungGen      total 31744K, used 31744K [0x00000000eb900000, 0x00000000ee200000, 0x0000000100000000)
  eden space 29184K, 100% used [0x00000000eb900000,0x00000000ed580000,0x00000000ed580000)
  from space 2560K, 100% used [0x00000000eda80000,0x00000000edd00000,0x00000000edd00000)
  to   space 5120K, 0% used [0x00000000ed580000,0x00000000ed580000,0x00000000eda80000)
 ParOldGen       total 42496K, used 9277K [0x00000000c2a00000, 0x00000000c5380000, 0x00000000eb900000)
  object space 42496K, 21% used [0x00000000c2a00000,0x00000000c330f5a8,0x00000000c5380000)
 Metaspace       used 13507K, capacity 13820K, committed 13952K, reserved 1060864K
  class space    used 1539K, capacity 1656K, committed 1664K, reserved 1048576K
Event: 89.826 GC heap after
Heap after GC invocations=8 (full 1):
 PSYoungGen      total 34304K, used 4148K [0x00000000eb900000, 0x00000000efc00000, 0x0000000100000000)
  eden space 29184K, 0% used [0x00000000eb900000,0x00000000eb900000,0x00000000ed580000)
  from space 5120K, 81% used [0x00000000ed580000,0x00000000ed98d0a0,0x00000000eda80000)
  to   space 5120K, 0% used [0x00000000ef700000,0x00000000ef700000,0x00000000efc00000)
 ParOldGen       total 42496K, used 9285K [0x00000000c2a00000, 0x00000000c5380000, 0x00000000eb900000)
  object space 42496K, 21% used [0x00000000c2a00000,0x00000000c33115a8,0x00000000c5380000)
 Metaspace       used 13507K, capacity 13820K, committed 13952K, reserved 1060864K
  class space    used 1539K, capacity 1656K, committed 1664K, reserved 1048576K
}
Event: 90.185 GC heap before
{Heap before GC invocations=9 (full 1):
 PSYoungGen      total 34304K, used 33332K [0x00000000eb900000, 0x00000000efc00000, 0x0000000100000000)
  eden space 29184K, 100% used [0x00000000eb900000,0x00000000ed580000,0x00000000ed580000)
  from space 5120K, 81% used [0x00000000ed580000,0x00000000ed98d0a0,0x00000000eda80000)
  to   space 5120K, 0% used [0x00000000ef700000,0x00000000ef700000,0x00000000efc00000)
 ParOldGen       total 42496K, used 9285K [0x00000000c2a00000, 0x00000000c5380000, 0x00000000eb900000)
  object space 42496K, 21% used [0x00000000c2a00000,0x00000000c33115a8,0x00000000c5380000)
 Metaspace       used 13540K, capacity 13884K, committed 13952K, reserved 1060864K
  class space    used 1539K, capacity 1656K, committed 1664K, reserved 1048576K
Event: 90.210 GC heap after
Heap after GC invocations=9 (full 1):
 PSYoungGen      total 62976K, used 4468K [0x00000000eb900000, 0x00000000efd00000, 0x0000000100000000)
  eden space 57856K, 0% used [0x00000000eb900000,0x00000000eb900000,0x00000000ef180000)
  from space 5120K, 87% used [0x00000000ef700000,0x00000000efb5d0a0,0x00000000efc00000)
  to   space 5632K, 0% used [0x00000000ef180000,0x00000000ef180000,0x00000000ef700000)
 ParOldGen       total 42496K, used 9874K [0x00000000c2a00000, 0x00000000c5380000, 0x00000000eb900000)
  object space 42496K, 23% used [0x00000000c2a00000,0x00000000c33a49b8,0x00000000c5380000)
 Metaspace       used 13540K, capacity 13884K, committed 13952K, reserved 1060864K
  class space    used 1539K, capacity 1656K, committed 1664K, reserved 1048576K
}
Event: 91.907 GC heap before
{Heap before GC invocations=10 (full 1):
 PSYoungGen      total 62976K, used 62324K [0x00000000eb900000, 0x00000000efd00000, 0x0000000100000000)
  eden space 57856K, 100% used [0x00000000eb900000,0x00000000ef180000,0x00000000ef180000)
  from space 5120K, 87% used [0x00000000ef700000,0x00000000efb5d0a0,0x00000000efc00000)
  to   space 5632K, 0% used [0x00000000ef180000,0x00000000ef180000,0x00000000ef700000)
 ParOldGen       total 42496K, used 9874K [0x00000000c2a00000, 0x00000000c5380000, 0x00000000eb900000)
  object space 42496K, 23% used [0x00000000c2a00000,0x00000000c33a49b8,0x00000000c5380000)
 Metaspace       used 13579K, capacity 13954K, committed 14208K, reserved 1062912K
  class space    used 1540K, capacity 1657K, committed 1664K, reserved 1048576K

Deoptimization events (10 events):
Event: 86.642 Thread 0x00007fc9b4001000 Uncommon trap: reason=class_check action=maybe_recompile pc=0x00007fca0d3cafcc method=java.util.HashMap.putVal(ILjava/lang/Object;Ljava/lang/Object;ZZ)Ljava/lang/Object; @ 203
Event: 86.652 Thread 0x00007fc9b4001000 Uncommon trap: reason=class_check action=maybe_recompile pc=0x00007fca0d3cafcc method=java.util.HashMap.putVal(ILjava/lang/Object;Ljava/lang/Object;ZZ)Ljava/lang/Object; @ 203
Event: 86.652 Thread 0x00007fc9b4001000 Uncommon trap: reason=class_check action=maybe_recompile pc=0x00007fca0d3cafcc method=java.util.HashMap.putVal(ILjava/lang/Object;Ljava/lang/Object;ZZ)Ljava/lang/Object; @ 203
Event: 86.652 Thread 0x00007fc9b4001000 Uncommon trap: reason=class_check action=maybe_recompile pc=0x00007fca0d3cafcc method=java.util.HashMap.putVal(ILjava/lang/Object;Ljava/lang/Object;ZZ)Ljava/lang/Object; @ 203
Event: 86.983 Thread 0x00007fc9b4001000 Uncommon trap: reason=bimorphic action=maybe_recompile pc=0x00007fca0d41cbb4 method=java.util.HashMap.putVal(ILjava/lang/Object;Ljava/lang/Object;ZZ)Ljava/lang/Object; @ 203
Event: 86.983 Thread 0x00007fc9b4001000 Uncommon trap: reason=bimorphic action=maybe_recompile pc=0x00007fca0d41cbb4 method=java.util.HashMap.putVal(ILjava/lang/Object;Ljava/lang/Object;ZZ)Ljava/lang/Object; @ 203
Event: 87.335 Thread 0x00007fc9b4001000 Uncommon trap: reason=unstable_if action=reinterpret pc=0x00007fca0d47135c method=java.lang.Integer.getChars(II[C)V @ 7
Event: 87.484 Thread 0x00007fc9c0003000 Uncommon trap: reason=unstable_if action=reinterpret pc=0x00007fca0d3eba30 method=java.io.ObjectInputStream.readObject()Ljava/lang/Object; @ 59
Event: 87.654 Thread 0x00007fc9b4001000 Uncommon trap: reason=unstable_if action=reinterpret pc=0x00007fca0d525c2c method=java.util.AbstractCollection.addAll(Ljava/util/Collection;)Z @ 32
Event: 89.468 Thread 0x00007fc9b4001000 Uncommon trap: reason=unstable_if action=reinterpret pc=0x00007fca0d4f0fec method=org.evosuite.graphs.cfg.ASMWrapper.isBranch()Z @ 11

Classes redefined (0 events):
No events

Internal exceptions (10 events):
Event: 71.881 Thread 0x00007fca1c2e2000 Exception <a 'java/net/ConnectException'> (0x00000000ebb748e0) thrown at [/HUDSON/workspace/8-2-build-linux-amd64/jdk8u201/12317/hotspot/src/share/vm/prims/jni.cpp, line 709]
Event: 71.882 Thread 0x00007fca1c2de000 Exception <a 'java/net/ConnectException'> (0x00000000ebb4ce70) thrown at [/HUDSON/workspace/8-2-build-linux-amd64/jdk8u201/12317/hotspot/src/share/vm/prims/jni.cpp, line 709]
Event: 81.860 Thread 0x00007fca1c2e3800 Exception <a 'java/net/ConnectException'> (0x00000000ebb9cfb0) thrown at [/HUDSON/workspace/8-2-build-linux-amd64/jdk8u201/12317/hotspot/src/share/vm/prims/jni.cpp, line 709]
Event: 81.882 Thread 0x00007fca1c2e2000 Exception <a 'java/net/ConnectException'> (0x00000000ebb75408) thrown at [/HUDSON/workspace/8-2-build-linux-amd64/jdk8u201/12317/hotspot/src/share/vm/prims/jni.cpp, line 709]
Event: 81.884 Thread 0x00007fca1c2de000 Exception <a 'java/net/ConnectException'> (0x00000000ebb4d998) thrown at [/HUDSON/workspace/8-2-build-linux-amd64/jdk8u201/12317/hotspot/src/share/vm/prims/jni.cpp, line 709]
Event: 86.253 Thread 0x00007fc9b4001000 Implicit null exception at 0x00007fca0d399327 to 0x00007fca0d399f85
Event: 86.339 Thread 0x00007fc9b4001000 Implicit null exception at 0x00007fca0d3852bc to 0x00007fca0d38559d
Event: 91.904 Thread 0x00007fca1c2de000 Exception <a 'java/net/ConnectException'> (0x00000000eef7e4d0) thrown at [/HUDSON/workspace/8-2-build-linux-amd64/jdk8u201/12317/hotspot/src/share/vm/prims/jni.cpp, line 709]
Event: 91.904 Thread 0x00007fca1c2e3800 Exception <a 'java/net/ConnectException'> (0x00000000ef151150) thrown at [/HUDSON/workspace/8-2-build-linux-amd64/jdk8u201/12317/hotspot/src/share/vm/prims/jni.cpp, line 709]
Event: 91.904 Thread 0x00007fca1c2e2000 Exception <a 'java/net/ConnectException'> (0x00000000ef0f3108) thrown at [/HUDSON/workspace/8-2-build-linux-amd64/jdk8u201/12317/hotspot/src/share/vm/prims/jni.cpp, line 709]

Events (10 events):
Event: 90.210 Executing VM operation: ParallelGCFailedAllocation done
Event: 90.211 Executing VM operation: RevokeBias
Event: 90.213 Executing VM operation: RevokeBias done
Event: 90.215 Executing VM operation: RevokeBias
Event: 90.215 Executing VM operation: RevokeBias done
Event: 90.252 Thread 0x00007fc9b4001000 DEOPT PACKING pc=0x00007fca0d60c0a8 sp=0x00007fca08ae0bb0
Event: 90.252 Thread 0x00007fc9b4001000 DEOPT UNPACKING pc=0x00007fca0d047784 sp=0x00007fca08ae08f8 mode 0
Event: 90.555 Thread 0x00007fc9b4001000 DEOPT PACKING pc=0x00007fca0d584276 sp=0x00007fca08ae1b00
Event: 90.555 Thread 0x00007fc9b4001000 DEOPT UNPACKING pc=0x00007fca0d047784 sp=0x00007fca08ae1850 mode 0
Event: 91.907 Executing VM operation: ParallelGCFailedAllocation


Dynamic libraries:
00400000-00401000 r-xp 00000000 08:01 654793                             /usr/lib/jdk/jdk1.8.0_201/bin/java
00600000-00601000 r--p 00000000 08:01 654793                             /usr/lib/jdk/jdk1.8.0_201/bin/java
00601000-00602000 rw-p 00001000 08:01 654793                             /usr/lib/jdk/jdk1.8.0_201/bin/java
006bd000-0085f000 rw-p 00000000 00:00 0                                  [heap]
c2a00000-c5380000 rw-p 00000000 00:00 0 
c5380000-eb900000 ---p 00000000 00:00 0 
eb900000-efd00000 rw-p 00000000 00:00 0 
f3500000-100000000 ---p 00000000 00:00 0 
100000000-1001a0000 rw-p 00000000 00:00 0 
1001a0000-140000000 ---p 00000000 00:00 0 
7fc984000000-7fc984021000 rw-p 00000000 00:00 0 
7fc984021000-7fc988000000 ---p 00000000 00:00 0 
7fc98c000000-7fc98c038000 rw-p 00000000 00:00 0 
7fc98c038000-7fc990000000 ---p 00000000 00:00 0 
7fc990000000-7fc990021000 rw-p 00000000 00:00 0 
7fc990021000-7fc994000000 ---p 00000000 00:00 0 
7fc994000000-7fc994021000 rw-p 00000000 00:00 0 
7fc994021000-7fc998000000 ---p 00000000 00:00 0 
7fc998000000-7fc998021000 rw-p 00000000 00:00 0 
7fc998021000-7fc99c000000 ---p 00000000 00:00 0 
7fc99c000000-7fc99c021000 rw-p 00000000 00:00 0 
7fc99c021000-7fc9a0000000 ---p 00000000 00:00 0 
7fc9a0000000-7fc9a0021000 rw-p 00000000 00:00 0 
7fc9a0021000-7fc9a4000000 ---p 00000000 00:00 0 
7fc9a4000000-7fc9a4021000 rw-p 00000000 00:00 0 
7fc9a4021000-7fc9a8000000 ---p 00000000 00:00 0 
7fc9a8000000-7fc9a8021000 rw-p 00000000 00:00 0 
7fc9a8021000-7fc9ac000000 ---p 00000000 00:00 0 
7fc9ac000000-7fc9ac021000 rw-p 00000000 00:00 0 
7fc9ac021000-7fc9b0000000 ---p 00000000 00:00 0 
7fc9b0000000-7fc9b0021000 rw-p 00000000 00:00 0 
7fc9b0021000-7fc9b4000000 ---p 00000000 00:00 0 
7fc9b4000000-7fc9b4021000 rw-p 00000000 00:00 0 
7fc9b4021000-7fc9b8000000 ---p 00000000 00:00 0 
7fc9b8000000-7fc9b8021000 rw-p 00000000 00:00 0 
7fc9b8021000-7fc9bc000000 ---p 00000000 00:00 0 
7fc9bc000000-7fc9bc021000 rw-p 00000000 00:00 0 
7fc9bc021000-7fc9c0000000 ---p 00000000 00:00 0 
7fc9c0000000-7fc9c0021000 rw-p 00000000 00:00 0 
7fc9c0021000-7fc9c4000000 ---p 00000000 00:00 0 
7fc9c4000000-7fc9c4021000 rw-p 00000000 00:00 0 
7fc9c4021000-7fc9c8000000 ---p 00000000 00:00 0 
7fc9c8000000-7fc9c8021000 rw-p 00000000 00:00 0 
7fc9c8021000-7fc9cc000000 ---p 00000000 00:00 0 
7fc9cc000000-7fc9cc021000 rw-p 00000000 00:00 0 
7fc9cc021000-7fc9d0000000 ---p 00000000 00:00 0 
7fc9d0000000-7fc9d0021000 rw-p 00000000 00:00 0 
7fc9d0021000-7fc9d4000000 ---p 00000000 00:00 0 
7fc9d4000000-7fc9d4980000 rw-p 00000000 00:00 0 
7fc9d4980000-7fc9d8000000 ---p 00000000 00:00 0 
7fc9d8000000-7fc9d8ad2000 rw-p 00000000 00:00 0 
7fc9d8ad2000-7fc9dc000000 ---p 00000000 00:00 0 
7fc9dc000000-7fc9dc021000 rw-p 00000000 00:00 0 
7fc9dc021000-7fc9e0000000 ---p 00000000 00:00 0 
7fc9e0000000-7fc9e094e000 rw-p 00000000 00:00 0 
7fc9e094e000-7fc9e4000000 ---p 00000000 00:00 0 
7fc9e4000000-7fc9e4021000 rw-p 00000000 00:00 0 
7fc9e4021000-7fc9e8000000 ---p 00000000 00:00 0 
7fc9e8000000-7fc9e8021000 rw-p 00000000 00:00 0 
7fc9e8021000-7fc9ec000000 ---p 00000000 00:00 0 
7fc9ec000000-7fc9ec021000 rw-p 00000000 00:00 0 
7fc9ec021000-7fc9f0000000 ---p 00000000 00:00 0 
7fc9f0000000-7fc9f029b000 rw-p 00000000 00:00 0 
7fc9f029b000-7fc9f4000000 ---p 00000000 00:00 0 
7fc9f4000000-7fc9f4021000 rw-p 00000000 00:00 0 
7fc9f4021000-7fc9f8000000 ---p 00000000 00:00 0 
7fc9fc000000-7fc9fc021000 rw-p 00000000 00:00 0 
7fc9fc021000-7fca00000000 ---p 00000000 00:00 0 
7fca00fff000-7fca04000000 rw-p 00000000 00:00 0 
7fca04000000-7fca04021000 rw-p 00000000 00:00 0 
7fca04021000-7fca08000000 ---p 00000000 00:00 0 
7fca085e7000-7fca08627000 rw-p 00000000 00:00 0 
7fca08627000-7fca087e7000 ---p 00000000 00:00 0 
7fca087e7000-7fca089e7000 rw-p 00000000 00:00 0 
7fca089e7000-7fca089ea000 ---p 00000000 00:00 0 
7fca089ea000-7fca08ae8000 rw-p 00000000 00:00 0 
7fca08ae8000-7fca08aeb000 ---p 00000000 00:00 0 
7fca08aeb000-7fca08be9000 rw-p 00000000 00:00 0 
7fca08be9000-7fca08bec000 ---p 00000000 00:00 0 
7fca08bec000-7fca08cea000 rw-p 00000000 00:00 0 
7fca08cea000-7fca08ced000 ---p 00000000 00:00 0 
7fca08ced000-7fca08deb000 rw-p 00000000 00:00 0 
7fca08deb000-7fca08dee000 ---p 00000000 00:00 0 
7fca08dee000-7fca08eec000 rw-p 00000000 00:00 0 
7fca08eec000-7fca08eef000 ---p 00000000 00:00 0 
7fca08eef000-7fca08fed000 rw-p 00000000 00:00 0 
7fca08fed000-7fca08ff0000 ---p 00000000 00:00 0 
7fca08ff0000-7fca090ee000 rw-p 00000000 00:00 0 
7fca090ee000-7fca090f1000 ---p 00000000 00:00 0 
7fca090f1000-7fca091ef000 rw-p 00000000 00:00 0 
7fca091ef000-7fca091f2000 ---p 00000000 00:00 0 
7fca091f2000-7fca092f0000 rw-p 00000000 00:00 0 
7fca092f0000-7fca092f3000 ---p 00000000 00:00 0 
7fca092f3000-7fca09329000 rw-p 00000000 00:00 0 
7fca09329000-7fca0932c000 ---p 00000000 00:00 0 
7fca0932c000-7fca0942a000 rw-p 00000000 00:00 0 
7fca0942a000-7fca0942d000 ---p 00000000 00:00 0 
7fca0942d000-7fca0952b000 rw-p 00000000 00:00 0 
7fca0952b000-7fca0952e000 ---p 00000000 00:00 0 
7fca0952e000-7fca0962c000 rw-p 00000000 00:00 0 
7fca0962c000-7fca0962f000 ---p 00000000 00:00 0 
7fca0962f000-7fca0972d000 rw-p 00000000 00:00 0 
7fca0972d000-7fca09730000 ---p 00000000 00:00 0 
7fca09730000-7fca09a2e000 rw-p 00000000 00:00 0 
7fca09a2e000-7fca09aa7000 r--s 010fd000 08:01 654900                     /usr/lib/jdk/jdk1.8.0_201/lib/tools.jar
7fca09aa7000-7fca09aaa000 ---p 00000000 00:00 0 
7fca09aaa000-7fca09ba8000 rw-p 00000000 00:00 0 
7fca09ba8000-7fca09bab000 ---p 00000000 00:00 0 
7fca09bab000-7fca09ca9000 rw-p 00000000 00:00 0 
7fca09ca9000-7fca09cac000 ---p 00000000 00:00 0 
7fca09cac000-7fca09daa000 rw-p 00000000 00:00 0 
7fca09daa000-7fca09dc0000 r-xp 00000000 08:01 656512                     /usr/lib/jdk/jdk1.8.0_201/jre/lib/amd64/libnet.so
7fca09dc0000-7fca09fc0000 ---p 00016000 08:01 656512                     /usr/lib/jdk/jdk1.8.0_201/jre/lib/amd64/libnet.so
7fca09fc0000-7fca09fc1000 r--p 00016000 08:01 656512                     /usr/lib/jdk/jdk1.8.0_201/jre/lib/amd64/libnet.so
7fca09fc1000-7fca09fc2000 rw-p 00017000 08:01 656512                     /usr/lib/jdk/jdk1.8.0_201/jre/lib/amd64/libnet.so
7fca09fc2000-7fca0a18b000 r--s 01695000 08:01 398947                     /home/hewitt/work/DiffTGen-master/lib/evosuite-1.0.2.jar
7fca0a18b000-7fca0a18c000 ---p 00000000 00:00 0 
7fca0a18c000-7fca0a28c000 rw-p 00000000 00:00 0 
7fca0a28c000-7fca0a28f000 ---p 00000000 00:00 0 
7fca0a28f000-7fca0a38d000 rw-p 00000000 00:00 0 
7fca0a38d000-7fca0a390000 ---p 00000000 00:00 0 
7fca0a390000-7fca0a48e000 rw-p 00000000 00:00 0 
7fca0a48e000-7fca0a491000 ---p 00000000 00:00 0 
7fca0a491000-7fca0a58f000 rw-p 00000000 00:00 0 
7fca0a58f000-7fca0a592000 ---p 00000000 00:00 0 
7fca0a592000-7fca0a690000 rw-p 00000000 00:00 0 
7fca0a690000-7fca0a693000 ---p 00000000 00:00 0 
7fca0a693000-7fca0a791000 rw-p 00000000 00:00 0 
7fca0a791000-7fca0b150000 r--p 00000000 08:01 270368                     /usr/lib/locale/locale-archive
7fca0b150000-7fca0d000000 rw-p 00000000 00:00 0 
7fca0d000000-7fca0d690000 rwxp 00000000 00:00 0 
7fca0d690000-7fca1c000000 ---p 00000000 00:00 0 
7fca1c000000-7fca1c4c4000 rw-p 00000000 00:00 0 
7fca1c4c4000-7fca20000000 ---p 00000000 00:00 0 
7fca20003000-7fca20016000 r--s 00345000 08:01 656331                     /usr/lib/jdk/jdk1.8.0_201/jre/lib/resources.jar
7fca20016000-7fca20032000 r--s 00393000 08:01 656354                     /usr/lib/jdk/jdk1.8.0_201/jre/lib/ext/cldrdata.jar
7fca20032000-7fca20035000 ---p 00000000 00:00 0 
7fca20035000-7fca20133000 rw-p 00000000 00:00 0 
7fca20133000-7fca20136000 ---p 00000000 00:00 0 
7fca20136000-7fca20234000 rw-p 00000000 00:00 0 
7fca20234000-7fca20235000 ---p 00000000 00:00 0 
7fca20235000-7fca21244000 rw-p 00000000 00:00 0 
7fca21244000-7fca2141e000 r--s 03d6f000 08:01 656293                     /usr/lib/jdk/jdk1.8.0_201/jre/lib/rt.jar
7fca2141e000-7fca21e7f000 rw-p 00000000 00:00 0 
7fca21e7f000-7fca21e80000 ---p 00000000 00:00 0 
7fca21e80000-7fca21f80000 rw-p 00000000 00:00 0 
7fca21f80000-7fca21f81000 ---p 00000000 00:00 0 
7fca21f81000-7fca22081000 rw-p 00000000 00:00 0 
7fca22081000-7fca22082000 ---p 00000000 00:00 0 
7fca22082000-7fca22182000 rw-p 00000000 00:00 0 
7fca22182000-7fca22183000 ---p 00000000 00:00 0 
7fca22183000-7fca22298000 rw-p 00000000 00:00 0 
7fca22298000-7fca223cb000 ---p 00000000 00:00 0 
7fca223cb000-7fca223e0000 rw-p 00000000 00:00 0 
7fca223e0000-7fca22512000 ---p 00000000 00:00 0 
7fca22512000-7fca22535000 rw-p 00000000 00:00 0 
7fca22535000-7fca225b6000 ---p 00000000 00:00 0 
7fca225b6000-7fca225d2000 rw-p 00000000 00:00 0 
7fca225d2000-7fca22977000 ---p 00000000 00:00 0 
7fca22977000-7fca22992000 r-xp 00000000 08:01 656508                     /usr/lib/jdk/jdk1.8.0_201/jre/lib/amd64/libzip.so
7fca22992000-7fca22b91000 ---p 0001b000 08:01 656508                     /usr/lib/jdk/jdk1.8.0_201/jre/lib/amd64/libzip.so
7fca22b91000-7fca22b92000 r--p 0001a000 08:01 656508                     /usr/lib/jdk/jdk1.8.0_201/jre/lib/amd64/libzip.so
7fca22b92000-7fca22b93000 rw-p 0001b000 08:01 656508                     /usr/lib/jdk/jdk1.8.0_201/jre/lib/amd64/libzip.so
7fca22b93000-7fca22b9e000 r-xp 00000000 08:01 658902                     /lib/x86_64-linux-gnu/libnss_files-2.23.so
7fca22b9e000-7fca22d9d000 ---p 0000b000 08:01 658902                     /lib/x86_64-linux-gnu/libnss_files-2.23.so
7fca22d9d000-7fca22d9e000 r--p 0000a000 08:01 658902                     /lib/x86_64-linux-gnu/libnss_files-2.23.so
7fca22d9e000-7fca22d9f000 rw-p 0000b000 08:01 658902                     /lib/x86_64-linux-gnu/libnss_files-2.23.so
7fca22d9f000-7fca22da5000 rw-p 00000000 00:00 0 
7fca22da5000-7fca22db0000 r-xp 00000000 08:01 658912                     /lib/x86_64-linux-gnu/libnss_nis-2.23.so
7fca22db0000-7fca22faf000 ---p 0000b000 08:01 658912                     /lib/x86_64-linux-gnu/libnss_nis-2.23.so
7fca22faf000-7fca22fb0000 r--p 0000a000 08:01 658912                     /lib/x86_64-linux-gnu/libnss_nis-2.23.so
7fca22fb0000-7fca22fb1000 rw-p 0000b000 08:01 658912                     /lib/x86_64-linux-gnu/libnss_nis-2.23.so
7fca22fb1000-7fca22fc7000 r-xp 00000000 08:01 658896                     /lib/x86_64-linux-gnu/libnsl-2.23.so
7fca22fc7000-7fca231c6000 ---p 00016000 08:01 658896                     /lib/x86_64-linux-gnu/libnsl-2.23.so
7fca231c6000-7fca231c7000 r--p 00015000 08:01 658896                     /lib/x86_64-linux-gnu/libnsl-2.23.so
7fca231c7000-7fca231c8000 rw-p 00016000 08:01 658896                     /lib/x86_64-linux-gnu/libnsl-2.23.so
7fca231c8000-7fca231ca000 rw-p 00000000 00:00 0 
7fca231ca000-7fca231d2000 r-xp 00000000 08:01 658898                     /lib/x86_64-linux-gnu/libnss_compat-2.23.so
7fca231d2000-7fca233d1000 ---p 00008000 08:01 658898                     /lib/x86_64-linux-gnu/libnss_compat-2.23.so
7fca233d1000-7fca233d2000 r--p 00007000 08:01 658898                     /lib/x86_64-linux-gnu/libnss_compat-2.23.so
7fca233d2000-7fca233d3000 rw-p 00008000 08:01 658898                     /lib/x86_64-linux-gnu/libnss_compat-2.23.so
7fca233d3000-7fca233ff000 r-xp 00000000 08:01 656502                     /usr/lib/jdk/jdk1.8.0_201/jre/lib/amd64/libjava.so
7fca233ff000-7fca235ff000 ---p 0002c000 08:01 656502                     /usr/lib/jdk/jdk1.8.0_201/jre/lib/amd64/libjava.so
7fca235ff000-7fca23600000 r--p 0002c000 08:01 656502                     /usr/lib/jdk/jdk1.8.0_201/jre/lib/amd64/libjava.so
7fca23600000-7fca23602000 rw-p 0002d000 08:01 656502                     /usr/lib/jdk/jdk1.8.0_201/jre/lib/amd64/libjava.so
7fca23602000-7fca2360f000 r-xp 00000000 08:01 656507                     /usr/lib/jdk/jdk1.8.0_201/jre/lib/amd64/libverify.so
7fca2360f000-7fca2380e000 ---p 0000d000 08:01 656507                     /usr/lib/jdk/jdk1.8.0_201/jre/lib/amd64/libverify.so
7fca2380e000-7fca23810000 r--p 0000c000 08:01 656507                     /usr/lib/jdk/jdk1.8.0_201/jre/lib/amd64/libverify.so
7fca23810000-7fca23811000 rw-p 0000e000 08:01 656507                     /usr/lib/jdk/jdk1.8.0_201/jre/lib/amd64/libverify.so
7fca23811000-7fca23818000 r-xp 00000000 08:01 658957                     /lib/x86_64-linux-gnu/librt-2.23.so
7fca23818000-7fca23a17000 ---p 00007000 08:01 658957                     /lib/x86_64-linux-gnu/librt-2.23.so
7fca23a17000-7fca23a18000 r--p 00006000 08:01 658957                     /lib/x86_64-linux-gnu/librt-2.23.so
7fca23a18000-7fca23a19000 rw-p 00007000 08:01 658957                     /lib/x86_64-linux-gnu/librt-2.23.so
7fca23a19000-7fca23b21000 r-xp 00000000 08:01 658873                     /lib/x86_64-linux-gnu/libm-2.23.so
7fca23b21000-7fca23d20000 ---p 00108000 08:01 658873                     /lib/x86_64-linux-gnu/libm-2.23.so
7fca23d20000-7fca23d21000 r--p 00107000 08:01 658873                     /lib/x86_64-linux-gnu/libm-2.23.so
7fca23d21000-7fca23d22000 rw-p 00108000 08:01 658873                     /lib/x86_64-linux-gnu/libm-2.23.so
7fca23d22000-7fca24a0a000 r-xp 00000000 08:01 656484                     /usr/lib/jdk/jdk1.8.0_201/jre/lib/amd64/server/libjvm.so
7fca24a0a000-7fca24c09000 ---p 00ce8000 08:01 656484                     /usr/lib/jdk/jdk1.8.0_201/jre/lib/amd64/server/libjvm.so
7fca24c09000-7fca24c9f000 r--p 00ce7000 08:01 656484                     /usr/lib/jdk/jdk1.8.0_201/jre/lib/amd64/server/libjvm.so
7fca24c9f000-7fca24cd0000 rw-p 00d7d000 08:01 656484                     /usr/lib/jdk/jdk1.8.0_201/jre/lib/amd64/server/libjvm.so
7fca24cd0000-7fca24d0b000 rw-p 00000000 00:00 0 
7fca24d0b000-7fca24ecb000 r-xp 00000000 08:01 658803                     /lib/x86_64-linux-gnu/libc-2.23.so
7fca24ecb000-7fca250cb000 ---p 001c0000 08:01 658803                     /lib/x86_64-linux-gnu/libc-2.23.so
7fca250cb000-7fca250cf000 r--p 001c0000 08:01 658803                     /lib/x86_64-linux-gnu/libc-2.23.so
7fca250cf000-7fca250d1000 rw-p 001c4000 08:01 658803                     /lib/x86_64-linux-gnu/libc-2.23.so
7fca250d1000-7fca250d5000 rw-p 00000000 00:00 0 
7fca250d5000-7fca250d8000 r-xp 00000000 08:01 658827                     /lib/x86_64-linux-gnu/libdl-2.23.so
7fca250d8000-7fca252d7000 ---p 00003000 08:01 658827                     /lib/x86_64-linux-gnu/libdl-2.23.so
7fca252d7000-7fca252d8000 r--p 00002000 08:01 658827                     /lib/x86_64-linux-gnu/libdl-2.23.so
7fca252d8000-7fca252d9000 rw-p 00003000 08:01 658827                     /lib/x86_64-linux-gnu/libdl-2.23.so
7fca252d9000-7fca252f0000 r-xp 00000000 08:01 656155                     /usr/lib/jdk/jdk1.8.0_201/lib/amd64/jli/libjli.so
7fca252f0000-7fca254ef000 ---p 00017000 08:01 656155                     /usr/lib/jdk/jdk1.8.0_201/lib/amd64/jli/libjli.so
7fca254ef000-7fca254f0000 r--p 00016000 08:01 656155                     /usr/lib/jdk/jdk1.8.0_201/lib/amd64/jli/libjli.so
7fca254f0000-7fca254f1000 rw-p 00017000 08:01 656155                     /usr/lib/jdk/jdk1.8.0_201/lib/amd64/jli/libjli.so
7fca254f1000-7fca25509000 r-xp 00000000 08:01 658949                     /lib/x86_64-linux-gnu/libpthread-2.23.so
7fca25509000-7fca25708000 ---p 00018000 08:01 658949                     /lib/x86_64-linux-gnu/libpthread-2.23.so
7fca25708000-7fca25709000 r--p 00017000 08:01 658949                     /lib/x86_64-linux-gnu/libpthread-2.23.so
7fca25709000-7fca2570a000 rw-p 00018000 08:01 658949                     /lib/x86_64-linux-gnu/libpthread-2.23.so
7fca2570a000-7fca2570e000 rw-p 00000000 00:00 0 
7fca2570e000-7fca25734000 r-xp 00000000 08:01 658775                     /lib/x86_64-linux-gnu/ld-2.23.so
7fca2573e000-7fca25748000 r--s 00116000 08:01 656361                     /usr/lib/jdk/jdk1.8.0_201/jre/lib/ext/localedata.jar
7fca25748000-7fca25758000 r--s 0013d000 08:01 643682                     /home/hewitt/work/DiffTGen-master/output/Chart_19_avatar/target/build/classes/all0.jar
7fca25758000-7fca25816000 rw-p 00000000 00:00 0 
7fca25816000-7fca25819000 ---p 00000000 00:00 0 
7fca25819000-7fca2591c000 rw-p 00000000 00:00 0 
7fca2591c000-7fca25920000 r--s 000a1000 08:01 656350                     /usr/lib/jdk/jdk1.8.0_201/jre/lib/jsse.jar
7fca25920000-7fca25928000 r--s 0006e000 08:01 398946                     /home/hewitt/work/DiffTGen-master/lib/commons-lang3-3.5.jar
7fca25928000-7fca25929000 r--s 00000000 08:01 398951                     /home/hewitt/work/DiffTGen-master/lib/myprinter.jar
7fca25929000-7fca25931000 rw-s 00000000 08:01 159422                     /tmp/hsperfdata_hewitt/8011
7fca25931000-7fca25932000 rw-p 00000000 00:00 0 
7fca25932000-7fca25933000 ---p 00000000 00:00 0 
7fca25933000-7fca25934000 r--p 00025000 08:01 658775                     /lib/x86_64-linux-gnu/ld-2.23.so
7fca25934000-7fca25935000 rw-p 00026000 08:01 658775                     /lib/x86_64-linux-gnu/ld-2.23.so
7fca25935000-7fca25936000 rw-p 00000000 00:00 0 
7ffe3488d000-7ffe348af000 rw-p 00000000 00:00 0                          [stack]
7ffe3496a000-7ffe3496d000 r--p 00000000 00:00 0                          [vvar]
7ffe3496d000-7ffe3496f000 r-xp 00000000 00:00 0                          [vdso]
ffffffffff600000-ffffffffff601000 r-xp 00000000 00:00 0                  [vsyscall]

VM Arguments:
java_command: /home/hewitt/work/DiffTGen-master/lib/evosuite-1.0.2.jar -base_dir /home/hewitt/work/DiffTGen-master/output/Chart_19_avatar/target/0/12 -projectCP /home/hewitt/work/DiffTGen-master/output/Chart_19_avatar/target/build/classes/all0.jar:/home/hewitt/work/DiffTGen-master/lib/myprinter.jar:/home/hewitt/work/DiffTGen-master/lib/commons-lang3-3.5.jar -class org.jfree.chart.plot.CategoryPlot -Dassertions=false -Dsearch_budget=60
java_class_path (initial): /home/hewitt/work/DiffTGen-master/lib/evosuite-1.0.2.jar
Launcher Type: SUN_STANDARD

Environment Variables:
JAVA_HOME=/usr/lib/jdk/jdk1.8.0_201
JRE_HOME=/usr/lib/jdk/jdk1.8.0_201/jre
CLASSPATH=.:/usr/lib/jdk/jdk1.8.0_201/lib:/usr/lib/jdk/jdk1.8.0_201/jre/lib
PATH=/usr/lib/jdk/jdk1.8.0_201/bin:/home/hewitt/bin:/home/hewitt/.local/bin:/usr/lib/jdk/jdk1.7.0_80/bin:/usr/local/sbin:/usr/local/bin:/usr/sbin:/usr/bin:/sbin:/bin:/usr/games:/usr/local/games:/snap/bin:/home/hewitt/work/defects4j_v1.4.0/defects4j/framework/bin:/opt/apache-ant-1.9.14/bin:/home/hewitt/work/defects4j_v1.4.0/defects4j/framework/bin
SHELL=/bin/bash
DISPLAY=:0

Signal Handlers:
SIGSEGV: [libjvm.so+0xad3e60], sa_mask[0]=11111111011111111101111111111110, sa_flags=SA_RESTART|SA_SIGINFO
SIGBUS: [libjvm.so+0xad3e60], sa_mask[0]=11111111011111111101111111111110, sa_flags=SA_RESTART|SA_SIGINFO
SIGFPE: [libjvm.so+0x90b880], sa_mask[0]=11111111011111111101111111111110, sa_flags=SA_RESTART|SA_SIGINFO
SIGPIPE: [libjvm.so+0x90b880], sa_mask[0]=11111111011111111101111111111110, sa_flags=SA_RESTART|SA_SIGINFO
SIGXFSZ: [libjvm.so+0x90b880], sa_mask[0]=11111111011111111101111111111110, sa_flags=SA_RESTART|SA_SIGINFO
SIGILL: [libjvm.so+0x90b880], sa_mask[0]=11111111011111111101111111111110, sa_flags=SA_RESTART|SA_SIGINFO
SIGUSR1: SIG_DFL, sa_mask[0]=00000000000000000000000000000000, sa_flags=none
SIGUSR2: [libjvm.so+0x90b750], sa_mask[0]=00100000000000000000000000000000, sa_flags=SA_RESTART|SA_SIGINFO
SIGHUP: [libjvm.so+0x90bd70], sa_mask[0]=11111111011111111101111111111110, sa_flags=SA_RESTART|SA_SIGINFO
SIGINT: [libjvm.so+0x90bd70], sa_mask[0]=11111111011111111101111111111110, sa_flags=SA_RESTART|SA_SIGINFO
SIGTERM: [libjvm.so+0x90bd70], sa_mask[0]=11111111011111111101111111111110, sa_flags=SA_RESTART|SA_SIGINFO
SIGQUIT: [libjvm.so+0x90bd70], sa_mask[0]=11111111011111111101111111111110, sa_flags=SA_RESTART|SA_SIGINFO


---------------  S Y S T E M  ---------------

OS:DISTRIB_ID=Ubuntu
DISTRIB_RELEASE=16.04
DISTRIB_CODENAME=xenial
DISTRIB_DESCRIPTION="Ubuntu 16.04.6 LTS"

uname:Linux 4.15.0-91-generic #92~16.04.1-Ubuntu SMP Fri Feb 28 14:57:22 UTC 2020 x86_64
libc:glibc 2.23 NPTL 2.23 
rlimit: STACK 8192k, CORE 0k, NPROC 15448, NOFILE 1048576, AS infinity
load average:17.29 10.91 5.16

/proc/meminfo:
MemTotal:        4015928 kB
MemFree:           86792 kB
MemAvailable:          0 kB
Buffers:             164 kB
Cached:            18284 kB
SwapCached:         3480 kB
Active:          2879040 kB
Inactive:         580860 kB
Active(anon):    2873544 kB
Inactive(anon):   574560 kB
Active(file):       5496 kB
Inactive(file):     6300 kB
Unevictable:          48 kB
Mlocked:              48 kB
SwapTotal:        998396 kB
SwapFree:              4 kB
Dirty:               144 kB
Writeback:           284 kB
AnonPages:       3438416 kB
Mapped:            10168 kB
Shmem:              6284 kB
Slab:             100020 kB
SReclaimable:      36800 kB
SUnreclaim:        63220 kB
KernelStack:       14032 kB
PageTables:        40912 kB
NFS_Unstable:          0 kB
Bounce:                0 kB
WritebackTmp:          0 kB
CommitLimit:     3006360 kB
Committed_AS:    8340880 kB
VmallocTotal:   34359738367 kB
VmallocUsed:           0 kB
VmallocChunk:          0 kB
HardwareCorrupted:     0 kB
AnonHugePages:         0 kB
ShmemHugePages:        0 kB
ShmemPmdMapped:        0 kB
CmaTotal:              0 kB
CmaFree:               0 kB
HugePages_Total:       0
HugePages_Free:        0
HugePages_Rsvd:        0
HugePages_Surp:        0
Hugepagesize:       2048 kB
DirectMap4k:      134976 kB
DirectMap2M:     4059136 kB
DirectMap1G:     2097152 kB

container (cgroup) information:
container_type: cgroupv1
cpu_cpuset_cpus: 0-3
cpu_memory_nodes: 0
active_processor_count: 4
cpu_quota: -1
cpu_period: 100000
cpu_shares: -1
memory_limit_in_bytes: -1
memory_and_swap_limit_in_bytes: -2
memory_soft_limit_in_bytes: -1
memory_usage_in_bytes: 3541274624
memory_max_usage_in_bytes: 194637824


CPU:total 4 (initial active 4) (2 cores per cpu, 1 threads per core) family 6 model 158 stepping 9, cmov, cx8, fxsr, mmx, sse, sse2, sse3, ssse3, sse4.1, sse4.2, popcnt, avx, avx2, aes, clmul, erms, 3dnowpref, lzcnt, tsc, tscinvbit, bmi1, bmi2, adx

/proc/cpuinfo:
processor	: 0
vendor_id	: GenuineIntel
cpu family	: 6
model		: 158
model name	: Intel(R) Core(TM) i7-7700HQ CPU @ 2.80GHz
stepping	: 9
microcode	: 0xb4
cpu MHz		: 2808.002
cache size	: 6144 KB
physical id	: 0
siblings	: 2
core id		: 0
cpu cores	: 2
apicid		: 0
initial apicid	: 0
fpu		: yes
fpu_exception	: yes
cpuid level	: 22
wp		: yes
flags		: fpu vme de pse tsc msr pae mce cx8 apic sep mtrr pge mca cmov pat pse36 clflush mmx fxsr sse sse2 ss ht syscall nx pdpe1gb rdtscp lm constant_tsc arch_perfmon nopl xtopology tsc_reliable nonstop_tsc cpuid pni pclmulqdq ssse3 fma cx16 pcid sse4_1 sse4_2 x2apic movbe popcnt tsc_deadline_timer aes xsave avx f16c rdrand hypervisor lahf_lm abm 3dnowprefetch cpuid_fault invpcid_single pti ssbd ibrs ibpb stibp fsgsbase tsc_adjust bmi1 avx2 smep bmi2 invpcid mpx rdseed adx smap clflushopt xsaveopt xsavec xsaves arat md_clear flush_l1d arch_capabilities
bugs		: cpu_meltdown spectre_v1 spectre_v2 spec_store_bypass l1tf mds swapgs itlb_multihit
bogomips	: 5616.00
clflush size	: 64
cache_alignment	: 64
address sizes	: 43 bits physical, 48 bits virtual
power management:

processor	: 1
vendor_id	: GenuineIntel
cpu family	: 6
model		: 158
model name	: Intel(R) Core(TM) i7-7700HQ CPU @ 2.80GHz
stepping	: 9
microcode	: 0xb4
cpu MHz		: 2808.002
cache size	: 6144 KB
physical id	: 0
siblings	: 2
core id		: 1
cpu cores	: 2
apicid		: 1
initial apicid	: 1
fpu		: yes
fpu_exception	: yes
cpuid level	: 22
wp		: yes
flags		: fpu vme de pse tsc msr pae mce cx8 apic sep mtrr pge mca cmov pat pse36 clflush mmx fxsr sse sse2 ss ht syscall nx pdpe1gb rdtscp lm constant_tsc arch_perfmon nopl xtopology tsc_reliable nonstop_tsc cpuid pni pclmulqdq ssse3 fma cx16 pcid sse4_1 sse4_2 x2apic movbe popcnt tsc_deadline_timer aes xsave avx f16c rdrand hypervisor lahf_lm abm 3dnowprefetch cpuid_fault invpcid_single pti ssbd ibrs ibpb stibp fsgsbase tsc_adjust bmi1 avx2 smep bmi2 invpcid mpx rdseed adx smap clflushopt xsaveopt xsavec xsaves arat md_clear flush_l1d arch_capabilities
bugs		: cpu_meltdown spectre_v1 spectre_v2 spec_store_bypass l1tf mds swapgs itlb_multihit
bogomips	: 5616.00
clflush size	: 64
cache_alignment	: 64
address sizes	: 43 bits physical, 48 bits virtual
power management:

processor	: 2
vendor_id	: GenuineIntel
cpu family	: 6
model		: 158
model name	: Intel(R) Core(TM) i7-7700HQ CPU @ 2.80GHz
stepping	: 9
microcode	: 0xb4
cpu MHz		: 2808.002
cache size	: 6144 KB
physical id	: 1
siblings	: 2
core id		: 0
cpu cores	: 2
apicid		: 2
initial apicid	: 2
fpu		: yes
fpu_exception	: yes
cpuid level	: 22
wp		: yes
flags		: fpu vme de pse tsc msr pae mce cx8 apic sep mtrr pge mca cmov pat pse36 clflush mmx fxsr sse sse2 ss ht syscall nx pdpe1gb rdtscp lm constant_tsc arch_perfmon nopl xtopology tsc_reliable nonstop_tsc cpuid pni pclmulqdq ssse3 fma cx16 pcid sse4_1 sse4_2 x2apic movbe popcnt tsc_deadline_timer aes xsave avx f16c rdrand hypervisor lahf_lm abm 3dnowprefetch cpuid_fault invpcid_single pti ssbd ibrs ibpb stibp fsgsbase tsc_adjust bmi1 avx2 smep bmi2 invpcid mpx rdseed adx smap clflushopt xsaveopt xsavec xsaves arat md_clear flush_l1d arch_capabilities
bugs		: cpu_meltdown spectre_v1 spectre_v2 spec_store_bypass l1tf mds swapgs itlb_multihit
bogomips	: 5616.00
clflush size	: 64
cache_alignment	: 64
address sizes	: 43 bits physical, 48 bits virtual
power management:

processor	: 3
vendor_id	: GenuineIntel
cpu family	: 6
model		: 158
model name	: Intel(R) Core(TM) i7-7700HQ CPU @ 2.80GHz
stepping	: 9
microcode	: 0xb4
cpu MHz		: 2808.002
cache size	: 6144 KB
physical id	: 1
siblings	: 2
core id		: 1
cpu cores	: 2
apicid		: 3
initial apicid	: 3
fpu		: yes
fpu_exception	: yes
cpuid level	: 22
wp		: yes
flags		: fpu vme de pse tsc msr pae mce cx8 apic sep mtrr pge mca cmov pat pse36 clflush mmx fxsr sse sse2 ss ht syscall nx pdpe1gb rdtscp lm constant_tsc arch_perfmon nopl xtopology tsc_reliable nonstop_tsc cpuid pni pclmulqdq ssse3 fma cx16 pcid sse4_1 sse4_2 x2apic movbe popcnt tsc_deadline_timer aes xsave avx f16c rdrand hypervisor lahf_lm abm 3dnowprefetch cpuid_fault invpcid_single pti ssbd ibrs ibpb stibp fsgsbase tsc_adjust bmi1 avx2 smep bmi2 invpcid mpx rdseed adx smap clflushopt xsaveopt xsavec xsaves arat md_clear flush_l1d arch_capabilities
bugs		: cpu_meltdown spectre_v1 spectre_v2 spec_store_bypass l1tf mds swapgs itlb_multihit
bogomips	: 5616.00
clflush size	: 64
cache_alignment	: 64
address sizes	: 43 bits physical, 48 bits virtual
power management:



Memory: 4k page, physical 4015928k(86792k free), swap 998396k(4k free)

vm_info: Java HotSpot(TM) 64-Bit Server VM (25.201-b09) for linux-amd64 JRE (1.8.0_201-b09), built on Dec 15 2018 11:35:59 by "java_re" with gcc 7.3.0

time: Tue Mar 24 16:54:54 2020
timezone: CST
elapsed time: 92 seconds (0d 0h 1m 32s)

