#
# There is insufficient memory for the Java Runtime Environment to continue.
# Native memory allocation (mmap) failed to map 37224448 bytes for committing reserved memory.
# Possible reasons:
#   The system is out of physical RAM or swap space
#   The process is running with CompressedOops enabled, and the Java Heap may be blocking the growth of the native heap
# Possible solutions:
#   Reduce memory load on the system
#   Increase physical memory or swap space
#   Check if swap backing store is full
#   Decrease Java heap size (-Xmx/-Xms)
#   Decrease number of Java threads
#   Decrease Java thread stack sizes (-Xss)
#   Set larger code cache with -XX:ReservedCodeCacheSize=
#   JVM is running with Unscaled Compressed Oops mode in which the Java heap is
#     placed in the first 4GB address space. The Java Heap base address is the
#     maximum limit for the native heap growth. Please use -XX:HeapBaseMinAddress
#     to set the Java Heap base and to place the Java Heap above 4GB virtual address.
# This output file may be truncated or incomplete.
#
#  Out of Memory Error (os_linux.cpp:2749), pid=97685, tid=0x00007f7cbcafa700
#
# JRE version: Java(TM) SE Runtime Environment (8.0_201-b09) (build 1.8.0_201-b09)
# Java VM: Java HotSpot(TM) 64-Bit Server VM (25.201-b09 mixed mode linux-amd64 compressed oops)
# Failed to write core dump. Core dumps have been disabled. To enable core dumping, try "ulimit -c unlimited" before starting Java again
#

---------------  T H R E A D  ---------------

Current thread (0x00007f7ccc140000):  VMThread [stack: 0x00007f7cbc9fa000,0x00007f7cbcafb000] [id=97717]

Stack: [0x00007f7cbc9fa000,0x00007f7cbcafb000],  sp=0x00007f7cbcaf9450,  free space=1021k
Native frames: (J=compiled Java code, j=interpreted, Vv=VM code, C=native code)
V  [libjvm.so+0xad3525]  VMError::report_and_die()+0x2e5
V  [libjvm.so+0x4e0457]  report_vm_out_of_memory(char const*, int, unsigned long, VMErrorType, char const*)+0x67
V  [libjvm.so+0x9102f0]  os::pd_commit_memory(char*, unsigned long, unsigned long, bool)+0x100
V  [libjvm.so+0x90791f]  os::commit_memory(char*, unsigned long, unsigned long, bool)+0x1f
V  [libjvm.so+0x98c806]  PSVirtualSpace::expand_by(unsigned long)+0x56
V  [libjvm.so+0x98da98]  PSYoungGen::resize(unsigned long, unsigned long)+0xd8
V  [libjvm.so+0x98a236]  PSScavenge::invoke_no_policy()+0x1376
V  [libjvm.so+0x98a5cc]  PSScavenge::invoke()+0x4c
V  [libjvm.so+0x93a318]  ParallelScavengeHeap::failed_mem_allocate(unsigned long)+0x68
V  [libjvm.so+0xad5073]  VM_ParallelGCFailedAllocation::doit()+0x93
V  [libjvm.so+0xada296]  VM_Operation::evaluate()+0x46
V  [libjvm.so+0xad85cd]  VMThread::evaluate_operation(VM_Operation*) [clone .constprop.44]+0xcd
V  [libjvm.so+0xad8bb3]  VMThread::loop()+0x3a3
V  [libjvm.so+0xad8f88]  VMThread::run()+0x78
V  [libjvm.so+0x90d922]  java_start(Thread*)+0x102

VM_Operation (0x00007f7cb4133f80): ParallelGCFailedAllocation, mode: safepoint, requested by thread 0x00007f7c68002800


---------------  P R O C E S S  ---------------

Java Threads: ( => current thread )
  0x00007f7c68002800 JavaThread "RMI TCP Connection(3)-127.0.0.1" daemon [_thread_blocked, id=98058, stack(0x00007f7cb4037000,0x00007f7cb4138000)]
  0x00007f7c68001000 JavaThread "RMI TCP Connection(2)-127.0.0.1" daemon [_thread_blocked, id=98001, stack(0x00007f7cb4138000,0x00007f7cb4239000)]
  0x00007f7c40038000 JavaThread "RMI Scheduler(0)" daemon [_thread_blocked, id=97993, stack(0x00007f7cb4239000,0x00007f7cb433a000)]
  0x00007f7c40030800 JavaThread "RMI RenewClean-[127.0.0.1:21596]" daemon [_thread_blocked, id=97983, stack(0x00007f7cb433a000,0x00007f7cb443b000)]
  0x00007f7c74001000 JavaThread "RMI TCP Connection(idle)" daemon [_thread_blocked, id=97975, stack(0x00007f7cb443b000,0x00007f7cb453c000)]
  0x00007f7c60005000 JavaThread "pool-3-thread-3" [_thread_in_native, id=97951, stack(0x00007f7cb453c000,0x00007f7cb463d000)]
  0x00007f7c60003000 JavaThread "pool-3-thread-2" [_thread_in_native, id=97949, stack(0x00007f7cb463d000,0x00007f7cb473e000)]
  0x00007f7c60002000 JavaThread "pool-3-thread-1" [_thread_in_native, id=97948, stack(0x00007f7cb473e000,0x00007f7cb483f000)]
  0x00007f7ccc1fe800 JavaThread "Thread-3" [_thread_in_native, id=97839, stack(0x00007f7cb483f000,0x00007f7cb4940000)]
  0x00007f7ccc1fd000 JavaThread "Thread-2" [_thread_in_native, id=97835, stack(0x00007f7cb4940000,0x00007f7cb4a41000)]
  0x00007f7ccc1a4000 JavaThread "process reaper" daemon [_thread_in_native, id=97829, stack(0x00007f7cbc03f000,0x00007f7cbc078000)]
  0x00007f7ccc3d6800 JavaThread "pool-2-thread-1" [_thread_in_native, id=97805, stack(0x00007f7cb4a41000,0x00007f7cb4b42000)]
  0x00007f7ccc3d4000 JavaThread "GC Daemon" daemon [_thread_blocked, id=97800, stack(0x00007f7cb4b42000,0x00007f7cb4c43000)]
  0x00007f7ccc3d1800 JavaThread "RMI Reaper" [_thread_blocked, id=97799, stack(0x00007f7cb4c43000,0x00007f7cb4d44000)]
  0x00007f7ccc3c8800 JavaThread "RMI TCP Accept-6683" daemon [_thread_in_native, id=97795, stack(0x00007f7cb4d44000,0x00007f7cb4e45000)]
  0x00007f7ccc3c3000 JavaThread "RMI TCP Accept-2502" daemon [_thread_in_native, id=97789, stack(0x00007f7cb4e45000,0x00007f7cb4f46000)]
  0x00007f7ccc309000 JavaThread "logback-3" daemon [_thread_blocked, id=97779, stack(0x00007f7cb5146000,0x00007f7cb5247000)]
  0x00007f7ccc305800 JavaThread "logback-2" daemon [_thread_blocked, id=97777, stack(0x00007f7cb5247000,0x00007f7cb5348000)]
  0x00007f7ccc304000 JavaThread "logback-1" daemon [_thread_blocked, id=97772, stack(0x00007f7cbc0f1000,0x00007f7cbc1f2000)]
  0x00007f7ccc189000 JavaThread "Service Thread" daemon [_thread_blocked, id=97769, stack(0x00007f7cbc2f3000,0x00007f7cbc3f4000)]
  0x00007f7ccc186000 JavaThread "C1 CompilerThread2" daemon [_thread_blocked, id=97766, stack(0x00007f7cbc3f4000,0x00007f7cbc4f5000)]
  0x00007f7ccc184800 JavaThread "C2 CompilerThread1" daemon [_thread_blocked, id=97757, stack(0x00007f7cbc4f5000,0x00007f7cbc5f6000)]
  0x00007f7ccc181800 JavaThread "C2 CompilerThread0" daemon [_thread_blocked, id=97751, stack(0x00007f7cbc5f6000,0x00007f7cbc6f7000)]
  0x00007f7ccc180000 JavaThread "Signal Dispatcher" daemon [_thread_blocked, id=97741, stack(0x00007f7cbc6f7000,0x00007f7cbc7f8000)]
  0x00007f7ccc14c000 JavaThread "Finalizer" daemon [_thread_blocked, id=97731, stack(0x00007f7cbc7f8000,0x00007f7cbc8f9000)]
  0x00007f7ccc149800 JavaThread "Reference Handler" daemon [_thread_blocked, id=97726, stack(0x00007f7cbc8f9000,0x00007f7cbc9fa000)]
  0x00007f7ccc00a800 JavaThread "main" [_thread_in_native, id=97692, stack(0x00007f7cd4ffd000,0x00007f7cd50fe000)]

Other Threads:
=>0x00007f7ccc140000 VMThread [stack: 0x00007f7cbc9fa000,0x00007f7cbcafb000] [id=97717]
  0x00007f7ccc18b800 WatcherThread [stack: 0x00007f7cbc1f2000,0x00007f7cbc2f3000] [id=97770]

VM state:at safepoint (normal execution)

VM Mutex/Monitor currently owned by a thread:  ([mutex/lock_event])
[0x00007f7ccc007070] Threads_lock - owner thread: 0x00007f7ccc140000
[0x00007f7ccc007570] Heap_lock - owner thread: 0x00007f7c68002800

heap address: 0x00000000c2a00000, size: 982 MB, Compressed Oops mode: 32-bit
Narrow klass base: 0x0000000000000000, Narrow klass shift: 3
Compressed class space size: 1073741824 Address: 0x0000000100000000

Heap:
 PSYoungGen      total 103936K, used 5402K [0x00000000eb900000, 0x00000000f3b00000, 0x0000000100000000)
  eden space 93696K, 0% used [0x00000000eb900000,0x00000000eb900000,0x00000000f1480000)
  from space 10240K, 52% used [0x00000000f2700000,0x00000000f2c46a98,0x00000000f3100000)
  to   space 8192K, 0% used [0x00000000f3300000,0x00000000f3300000,0x00000000f3b00000)
 ParOldGen       total 42496K, used 20562K [0x00000000c2a00000, 0x00000000c5380000, 0x00000000eb900000)
  object space 42496K, 48% used [0x00000000c2a00000,0x00000000c3e14a98,0x00000000c5380000)
 Metaspace       used 14945K, capacity 15486K, committed 15616K, reserved 1062912K
  class space    used 1639K, capacity 1781K, committed 1792K, reserved 1048576K

Card table byte_map: [0x00007f7cd1bb2000,0x00007f7cd1d9e000] byte_map_base: 0x00007f7cd159d000

Marking Bits: (ParMarkBitMap*) 0x00007f7cd44d4d80
 Begin Bits: [0x00007f7cb6150000, 0x00007f7cb70a8000)
 End Bits:   [0x00007f7cb70a8000, 0x00007f7cb8000000)

Polling page: 0x00007f7cd5119000

CodeCache: size=245760Kb used=8478Kb max_used=8491Kb free=237281Kb
 bounds [0x00007f7cbd000000, 0x00007f7cbd860000, 0x00007f7ccc000000]
 total_blobs=2595 nmethods=2245 adapters=263
 compilation: enabled

Compilation events (10 events):
Event: 55.827 Thread 0x00007f7ccc186000 2306       3       java.io.ObjectInputStream::isCustomSubclass (21 bytes)
Event: 55.828 Thread 0x00007f7ccc186000 nmethod 2306 0x00007f7cbd849950 code [0x00007f7cbd849be0, 0x00007f7cbd84aff8]
Event: 55.843 Thread 0x00007f7ccc186000 2307   !   3       sun.reflect.GeneratedSerializationConstructorAccessor75::newInstance (49 bytes)
Event: 55.843 Thread 0x00007f7ccc186000 nmethod 2307 0x00007f7cbd8490d0 code [0x00007f7cbd849280, 0x00007f7cbd8496c8]
Event: 55.843 Thread 0x00007f7ccc186000 2308       3       org.evosuite.testcase.statements.StringPrimitiveStatement::readObject (16 bytes)
Event: 55.843 Thread 0x00007f7ccc186000 nmethod 2308 0x00007f7cbd848a50 code [0x00007f7cbd848be0, 0x00007f7cbd848fb8]
Event: 55.886 Thread 0x00007f7ccc181800 2309       4       java.io.ObjectInputStream::readArray (453 bytes)
Event: 55.920 Thread 0x00007f7ccc184800 nmethod 2299 0x00007f7cbd84ebd0 code [0x00007f7cbd84eee0, 0x00007f7cbd8509c0]
Event: 55.926 Thread 0x00007f7ccc186000 2310   !   3       sun.reflect.GeneratedMethodAccessor13::invoke (66 bytes)
Event: 55.927 Thread 0x00007f7ccc186000 nmethod 2310 0x00007f7cbd845c90 code [0x00007f7cbd845ea0, 0x00007f7cbd846928]

GC Heap History (10 events):
Event: 23.919 GC heap after
Heap after GC invocations=7 (full 1):
 PSYoungGen      total 32256K, used 2560K [0x00000000eb900000, 0x00000000ee100000, 0x0000000100000000)
  eden space 29696K, 0% used [0x00000000eb900000,0x00000000eb900000,0x00000000ed600000)
  from space 2560K, 100% used [0x00000000eda80000,0x00000000edd00000,0x00000000edd00000)
  to   space 4608K, 0% used [0x00000000ed600000,0x00000000ed600000,0x00000000eda80000)
 ParOldGen       total 42496K, used 7952K [0x00000000c2a00000, 0x00000000c5380000, 0x00000000eb900000)
  object space 42496K, 18% used [0x00000000c2a00000,0x00000000c31c43d8,0x00000000c5380000)
 Metaspace       used 13607K, capacity 13928K, committed 14080K, reserved 1060864K
  class space    used 1564K, capacity 1666K, committed 1792K, reserved 1048576K
}
Event: 24.574 GC heap before
{Heap before GC invocations=8 (full 1):
 PSYoungGen      total 32256K, used 32256K [0x00000000eb900000, 0x00000000ee100000, 0x0000000100000000)
  eden space 29696K, 100% used [0x00000000eb900000,0x00000000ed600000,0x00000000ed600000)
  from space 2560K, 100% used [0x00000000eda80000,0x00000000edd00000,0x00000000edd00000)
  to   space 4608K, 0% used [0x00000000ed600000,0x00000000ed600000,0x00000000eda80000)
 ParOldGen       total 42496K, used 7952K [0x00000000c2a00000, 0x00000000c5380000, 0x00000000eb900000)
  object space 42496K, 18% used [0x00000000c2a00000,0x00000000c31c43d8,0x00000000c5380000)
 Metaspace       used 13677K, capacity 14062K, committed 14336K, reserved 1062912K
  class space    used 1565K, capacity 1667K, committed 1792K, reserved 1048576K
Event: 24.589 GC heap after
Heap after GC invocations=8 (full 1):
 PSYoungGen      total 34304K, used 4480K [0x00000000eb900000, 0x00000000efd00000, 0x0000000100000000)
  eden space 29696K, 0% used [0x00000000eb900000,0x00000000eb900000,0x00000000ed600000)
  from space 4608K, 97% used [0x00000000ed600000,0x00000000eda60010,0x00000000eda80000)
  to   space 5120K, 0% used [0x00000000ef800000,0x00000000ef800000,0x00000000efd00000)
 ParOldGen       total 42496K, used 7952K [0x00000000c2a00000, 0x00000000c5380000, 0x00000000eb900000)
  object space 42496K, 18% used [0x00000000c2a00000,0x00000000c31c43d8,0x00000000c5380000)
 Metaspace       used 13677K, capacity 14062K, committed 14336K, reserved 1062912K
  class space    used 1565K, capacity 1667K, committed 1792K, reserved 1048576K
}
Event: 25.100 GC heap before
{Heap before GC invocations=9 (full 1):
 PSYoungGen      total 34304K, used 34176K [0x00000000eb900000, 0x00000000efd00000, 0x0000000100000000)
  eden space 29696K, 100% used [0x00000000eb900000,0x00000000ed600000,0x00000000ed600000)
  from space 4608K, 97% used [0x00000000ed600000,0x00000000eda60010,0x00000000eda80000)
  to   space 5120K, 0% used [0x00000000ef800000,0x00000000ef800000,0x00000000efd00000)
 ParOldGen       total 42496K, used 7952K [0x00000000c2a00000, 0x00000000c5380000, 0x00000000eb900000)
  object space 42496K, 18% used [0x00000000c2a00000,0x00000000c31c43d8,0x00000000c5380000)
 Metaspace       used 13727K, capacity 14126K, committed 14336K, reserved 1062912K
  class space    used 1565K, capacity 1667K, committed 1792K, reserved 1048576K
Event: 25.117 GC heap after
Heap after GC invocations=9 (full 1):
 PSYoungGen      total 63488K, used 5104K [0x00000000eb900000, 0x00000000eff00000, 0x0000000100000000)
  eden space 58368K, 0% used [0x00000000eb900000,0x00000000eb900000,0x00000000ef200000)
  from space 5120K, 99% used [0x00000000ef800000,0x00000000efcfc1c0,0x00000000efd00000)
  to   space 6144K, 0% used [0x00000000ef200000,0x00000000ef200000,0x00000000ef800000)
 ParOldGen       total 42496K, used 9286K [0x00000000c2a00000, 0x00000000c5380000, 0x00000000eb900000)
  object space 42496K, 21% used [0x00000000c2a00000,0x00000000c33119f8,0x00000000c5380000)
 Metaspace       used 13727K, capacity 14126K, committed 14336K, reserved 1062912K
  class space    used 1565K, capacity 1667K, committed 1792K, reserved 1048576K
}
Event: 26.332 GC heap before
{Heap before GC invocations=10 (full 1):
 PSYoungGen      total 63488K, used 63472K [0x00000000eb900000, 0x00000000eff00000, 0x0000000100000000)
  eden space 58368K, 100% used [0x00000000eb900000,0x00000000ef200000,0x00000000ef200000)
  from space 5120K, 99% used [0x00000000ef800000,0x00000000efcfc1c0,0x00000000efd00000)
  to   space 6144K, 0% used [0x00000000ef200000,0x00000000ef200000,0x00000000ef800000)
 ParOldGen       total 42496K, used 9286K [0x00000000c2a00000, 0x00000000c5380000, 0x00000000eb900000)
  object space 42496K, 21% used [0x00000000c2a00000,0x00000000c33119f8,0x00000000c5380000)
 Metaspace       used 13772K, capacity 14126K, committed 14336K, reserved 1062912K
  class space    used 1565K, capacity 1667K, committed 1792K, reserved 1048576K
Event: 26.478 GC heap after
Heap after GC invocations=10 (full 1):
 PSYoungGen      total 64512K, used 6128K [0x00000000eb900000, 0x00000000f3b00000, 0x0000000100000000)
  eden space 58368K, 0% used [0x00000000eb900000,0x00000000eb900000,0x00000000ef200000)
  from space 6144K, 99% used [0x00000000ef200000,0x00000000ef7fc020,0x00000000ef800000)
  to   space 8192K, 0% used [0x00000000f3300000,0x00000000f3300000,0x00000000f3b00000)
 ParOldGen       total 42496K, used 12588K [0x00000000c2a00000, 0x00000000c5380000, 0x00000000eb900000)
  object space 42496K, 29% used [0x00000000c2a00000,0x00000000c364b178,0x00000000c5380000)
 Metaspace       used 13772K, capacity 14126K, committed 14336K, reserved 1062912K
  class space    used 1565K, capacity 1667K, committed 1792K, reserved 1048576K
}
Event: 31.002 GC heap before
{Heap before GC invocations=11 (full 1):
 PSYoungGen      total 64512K, used 64496K [0x00000000eb900000, 0x00000000f3b00000, 0x0000000100000000)
  eden space 58368K, 100% used [0x00000000eb900000,0x00000000ef200000,0x00000000ef200000)
  from space 6144K, 99% used [0x00000000ef200000,0x00000000ef7fc020,0x00000000ef800000)
  to   space 8192K, 0% used [0x00000000f3300000,0x00000000f3300000,0x00000000f3b00000)
 ParOldGen       total 42496K, used 12588K [0x00000000c2a00000, 0x00000000c5380000, 0x00000000eb900000)
  object space 42496K, 29% used [0x00000000c2a00000,0x00000000c364b178,0x00000000c5380000)
 Metaspace       used 14758K, capacity 15216K, committed 15360K, reserved 1062912K
  class space    used 1627K, capacity 1770K, committed 1792K, reserved 1048576K
Event: 31.204 GC heap after
Heap after GC invocations=11 (full 1):
 PSYoungGen      total 101888K, used 8164K [0x00000000eb900000, 0x00000000f3b00000, 0x0000000100000000)
  eden space 93696K, 0% used [0x00000000eb900000,0x00000000eb900000,0x00000000f1480000)
  from space 8192K, 99% used [0x00000000f3300000,0x00000000f3af9288,0x00000000f3b00000)
  to   space 10240K, 0% used [0x00000000f2700000,0x00000000f2700000,0x00000000f3100000)
 ParOldGen       total 42496K, used 16102K [0x00000000c2a00000, 0x00000000c5380000, 0x00000000eb900000)
  object space 42496K, 37% used [0x00000000c2a00000,0x00000000c39b9a88,0x00000000c5380000)
 Metaspace       used 14758K, capacity 15216K, committed 15360K, reserved 1062912K
  class space    used 1627K, capacity 1770K, committed 1792K, reserved 1048576K
}
Event: 55.971 GC heap before
{Heap before GC invocations=12 (full 1):
 PSYoungGen      total 101888K, used 101860K [0x00000000eb900000, 0x00000000f3b00000, 0x0000000100000000)
  eden space 93696K, 100% used [0x00000000eb900000,0x00000000f1480000,0x00000000f1480000)
  from space 8192K, 99% used [0x00000000f3300000,0x00000000f3af9288,0x00000000f3b00000)
  to   space 10240K, 0% used [0x00000000f2700000,0x00000000f2700000,0x00000000f3100000)
 ParOldGen       total 42496K, used 16102K [0x00000000c2a00000, 0x00000000c5380000, 0x00000000eb900000)
  object space 42496K, 37% used [0x00000000c2a00000,0x00000000c39b9a88,0x00000000c5380000)
 Metaspace       used 14945K, capacity 15486K, committed 15616K, reserved 1062912K
  class space    used 1639K, capacity 1781K, committed 1792K, reserved 1048576K

Deoptimization events (10 events):
Event: 39.607 Thread 0x00007f7c68002800 Uncommon trap: reason=unstable_if action=reinterpret pc=0x00007f7cbd71a918 method=java.io.ObjectInputStream.defaultReadFields(Ljava/lang/Object;Ljava/io/ObjectStreamClass;)V @ 49
Event: 48.434 Thread 0x00007f7c68002800 Uncommon trap: reason=predicate action=maybe_recompile pc=0x00007f7cbd7ed81c method=java.io.ObjectInputStream.readArray(Z)Ljava/lang/Object; @ 406
Event: 48.473 Thread 0x00007f7c68002800 Uncommon trap: reason=class_check action=maybe_recompile pc=0x00007f7cbd7e18dc method=java.lang.reflect.Array.newInstance(Ljava/lang/Class;I)Ljava/lang/Object; @ 2
Event: 48.473 Thread 0x00007f7c68002800 Uncommon trap: reason=class_check action=maybe_recompile pc=0x00007f7cbd7e18dc method=java.lang.reflect.Array.newInstance(Ljava/lang/Class;I)Ljava/lang/Object; @ 2
Event: 48.474 Thread 0x00007f7c68002800 Uncommon trap: reason=class_check action=maybe_recompile pc=0x00007f7cbd7e18dc method=java.lang.reflect.Array.newInstance(Ljava/lang/Class;I)Ljava/lang/Object; @ 2
Event: 48.474 Thread 0x00007f7c68002800 Uncommon trap: reason=class_check action=maybe_recompile pc=0x00007f7cbd7e18dc method=java.lang.reflect.Array.newInstance(Ljava/lang/Class;I)Ljava/lang/Object; @ 2
Event: 48.521 Thread 0x00007f7c68002800 Uncommon trap: reason=array_check action=maybe_recompile pc=0x00007f7cbd7f3c94 method=java.io.ObjectInputStream.readArray(Z)Ljava/lang/Object; @ 415
Event: 48.521 Thread 0x00007f7c68002800 Uncommon trap: reason=array_check action=maybe_recompile pc=0x00007f7cbd7f3c94 method=java.io.ObjectInputStream.readArray(Z)Ljava/lang/Object; @ 415
Event: 48.521 Thread 0x00007f7c68002800 Uncommon trap: reason=array_check action=maybe_recompile pc=0x00007f7cbd7f3c94 method=java.io.ObjectInputStream.readArray(Z)Ljava/lang/Object; @ 415
Event: 48.521 Thread 0x00007f7c68002800 Uncommon trap: reason=class_check action=maybe_recompile pc=0x00007f7cbd7f3df0 method=java.lang.reflect.Array.newInstance(Ljava/lang/Class;I)Ljava/lang/Object; @ 2

Classes redefined (0 events):
No events

Internal exceptions (10 events):
Event: 21.931 Thread 0x00007f7c68001000 Implicit null exception at 0x00007f7cbd1f01f6 to 0x00007f7cbd1f05a1
Event: 31.511 Thread 0x00007f7ccc309000 Exception <a 'java/net/ConnectException'> (0x00000000eb998bf8) thrown at [/HUDSON/workspace/8-2-build-linux-amd64/jdk8u201/12317/hotspot/src/share/vm/prims/jni.cpp, line 709]
Event: 31.511 Thread 0x00007f7ccc305800 Exception <a 'java/net/ConnectException'> (0x00000000eb9007d8) thrown at [/HUDSON/workspace/8-2-build-linux-amd64/jdk8u201/12317/hotspot/src/share/vm/prims/jni.cpp, line 709]
Event: 31.511 Thread 0x00007f7ccc304000 Exception <a 'java/net/ConnectException'> (0x00000000eba310e0) thrown at [/HUDSON/workspace/8-2-build-linux-amd64/jdk8u201/12317/hotspot/src/share/vm/prims/jni.cpp, line 709]
Event: 41.554 Thread 0x00007f7ccc304000 Exception <a 'java/net/ConnectException'> (0x00000000eba31c08) thrown at [/HUDSON/workspace/8-2-build-linux-amd64/jdk8u201/12317/hotspot/src/share/vm/prims/jni.cpp, line 709]
Event: 41.554 Thread 0x00007f7ccc305800 Exception <a 'java/net/ConnectException'> (0x00000000eb901300) thrown at [/HUDSON/workspace/8-2-build-linux-amd64/jdk8u201/12317/hotspot/src/share/vm/prims/jni.cpp, line 709]
Event: 41.555 Thread 0x00007f7ccc309000 Exception <a 'java/net/ConnectException'> (0x00000000eb999720) thrown at [/HUDSON/workspace/8-2-build-linux-amd64/jdk8u201/12317/hotspot/src/share/vm/prims/jni.cpp, line 709]
Event: 51.555 Thread 0x00007f7ccc304000 Exception <a 'java/net/ConnectException'> (0x00000000eba32868) thrown at [/HUDSON/workspace/8-2-build-linux-amd64/jdk8u201/12317/hotspot/src/share/vm/prims/jni.cpp, line 709]
Event: 51.555 Thread 0x00007f7ccc305800 Exception <a 'java/net/ConnectException'> (0x00000000eb901e28) thrown at [/HUDSON/workspace/8-2-build-linux-amd64/jdk8u201/12317/hotspot/src/share/vm/prims/jni.cpp, line 709]
Event: 51.556 Thread 0x00007f7ccc309000 Exception <a 'java/net/ConnectException'> (0x00000000eb99a248) thrown at [/HUDSON/workspace/8-2-build-linux-amd64/jdk8u201/12317/hotspot/src/share/vm/prims/jni.cpp, line 709]

Events (10 events):
Event: 55.688 Executing VM operation: RevokeBias done
Event: 55.689 Executing VM operation: RevokeBias
Event: 55.689 Executing VM operation: RevokeBias done
Event: 55.690 Executing VM operation: RevokeBias
Event: 55.690 Executing VM operation: RevokeBias done
Event: 55.691 loading class org/evosuite/testcase/TestMutationHistoryEntry$TestMutation
Event: 55.691 loading class org/evosuite/testcase/TestMutationHistoryEntry$TestMutation done
Event: 55.696 Executing VM operation: RevokeBias
Event: 55.696 Executing VM operation: RevokeBias done
Event: 55.971 Executing VM operation: ParallelGCFailedAllocation


Dynamic libraries:
00400000-00401000 r-xp 00000000 08:01 654793                             /usr/lib/jdk/jdk1.8.0_201/bin/java
00600000-00601000 r--p 00000000 08:01 654793                             /usr/lib/jdk/jdk1.8.0_201/bin/java
00601000-00602000 rw-p 00001000 08:01 654793                             /usr/lib/jdk/jdk1.8.0_201/bin/java
00e54000-0123c000 rw-p 00000000 00:00 0                                  [heap]
c2a00000-c5380000 rw-p 00000000 00:00 0 
c5380000-eb900000 ---p 00000000 00:00 0 
eb900000-f3b00000 rw-p 00000000 00:00 0 
f5e80000-100000000 ---p 00000000 00:00 0 
100000000-1001c0000 rw-p 00000000 00:00 0 
1001c0000-140000000 ---p 00000000 00:00 0 
7f7c38000000-7f7c38021000 rw-p 00000000 00:00 0 
7f7c38021000-7f7c3c000000 ---p 00000000 00:00 0 
7f7c40000000-7f7c4003b000 rw-p 00000000 00:00 0 
7f7c4003b000-7f7c44000000 ---p 00000000 00:00 0 
7f7c44000000-7f7c44021000 rw-p 00000000 00:00 0 
7f7c44021000-7f7c48000000 ---p 00000000 00:00 0 
7f7c48000000-7f7c48021000 rw-p 00000000 00:00 0 
7f7c48021000-7f7c4c000000 ---p 00000000 00:00 0 
7f7c4c000000-7f7c4c021000 rw-p 00000000 00:00 0 
7f7c4c021000-7f7c50000000 ---p 00000000 00:00 0 
7f7c50000000-7f7c50021000 rw-p 00000000 00:00 0 
7f7c50021000-7f7c54000000 ---p 00000000 00:00 0 
7f7c54000000-7f7c54021000 rw-p 00000000 00:00 0 
7f7c54021000-7f7c58000000 ---p 00000000 00:00 0 
7f7c58000000-7f7c58021000 rw-p 00000000 00:00 0 
7f7c58021000-7f7c5c000000 ---p 00000000 00:00 0 
7f7c5c000000-7f7c5c021000 rw-p 00000000 00:00 0 
7f7c5c021000-7f7c60000000 ---p 00000000 00:00 0 
7f7c60000000-7f7c60021000 rw-p 00000000 00:00 0 
7f7c60021000-7f7c64000000 ---p 00000000 00:00 0 
7f7c64000000-7f7c64021000 rw-p 00000000 00:00 0 
7f7c64021000-7f7c68000000 ---p 00000000 00:00 0 
7f7c68000000-7f7c68021000 rw-p 00000000 00:00 0 
7f7c68021000-7f7c6c000000 ---p 00000000 00:00 0 
7f7c6c000000-7f7c6c021000 rw-p 00000000 00:00 0 
7f7c6c021000-7f7c70000000 ---p 00000000 00:00 0 
7f7c70000000-7f7c70021000 rw-p 00000000 00:00 0 
7f7c70021000-7f7c74000000 ---p 00000000 00:00 0 
7f7c74000000-7f7c74021000 rw-p 00000000 00:00 0 
7f7c74021000-7f7c78000000 ---p 00000000 00:00 0 
7f7c78000000-7f7c78021000 rw-p 00000000 00:00 0 
7f7c78021000-7f7c7c000000 ---p 00000000 00:00 0 
7f7c7c000000-7f7c7c021000 rw-p 00000000 00:00 0 
7f7c7c021000-7f7c80000000 ---p 00000000 00:00 0 
7f7c80000000-7f7c80021000 rw-p 00000000 00:00 0 
7f7c80021000-7f7c84000000 ---p 00000000 00:00 0 
7f7c84000000-7f7c84021000 rw-p 00000000 00:00 0 
7f7c84021000-7f7c88000000 ---p 00000000 00:00 0 
7f7c88000000-7f7c8898f000 rw-p 00000000 00:00 0 
7f7c8898f000-7f7c8c000000 ---p 00000000 00:00 0 
7f7c8c000000-7f7c8c9f2000 rw-p 00000000 00:00 0 
7f7c8c9f2000-7f7c90000000 ---p 00000000 00:00 0 
7f7c90000000-7f7c90021000 rw-p 00000000 00:00 0 
7f7c90021000-7f7c94000000 ---p 00000000 00:00 0 
7f7c94000000-7f7c95344000 rw-p 00000000 00:00 0 
7f7c95344000-7f7c98000000 ---p 00000000 00:00 0 
7f7c98000000-7f7c98021000 rw-p 00000000 00:00 0 
7f7c98021000-7f7c9c000000 ---p 00000000 00:00 0 
7f7c9c000000-7f7c9c021000 rw-p 00000000 00:00 0 
7f7c9c021000-7f7ca0000000 ---p 00000000 00:00 0 
7f7ca0000000-7f7ca0021000 rw-p 00000000 00:00 0 
7f7ca0021000-7f7ca4000000 ---p 00000000 00:00 0 
7f7ca4bff000-7f7ca4d7f000 rw-p 00000000 00:00 0 
7f7ca4d7f000-7f7ca4dff000 ---p 00000000 00:00 0 
7f7ca4dff000-7f7ca4fff000 rw-p 00000000 00:00 0 
7f7ca4fff000-7f7ca8000000 rw-p 00000000 00:00 0 
7f7ca8000000-7f7ca8021000 rw-p 00000000 00:00 0 
7f7ca8021000-7f7cac000000 ---p 00000000 00:00 0 
7f7cac000000-7f7cac29b000 rw-p 00000000 00:00 0 
7f7cac29b000-7f7cb0000000 ---p 00000000 00:00 0 
7f7cb0000000-7f7cb0021000 rw-p 00000000 00:00 0 
7f7cb0021000-7f7cb4000000 ---p 00000000 00:00 0 
7f7cb4037000-7f7cb403a000 ---p 00000000 00:00 0 
7f7cb403a000-7f7cb4138000 rw-p 00000000 00:00 0 
7f7cb4138000-7f7cb413b000 ---p 00000000 00:00 0 
7f7cb413b000-7f7cb4239000 rw-p 00000000 00:00 0 
7f7cb4239000-7f7cb423c000 ---p 00000000 00:00 0 
7f7cb423c000-7f7cb433a000 rw-p 00000000 00:00 0 
7f7cb433a000-7f7cb433d000 ---p 00000000 00:00 0 
7f7cb433d000-7f7cb443b000 rw-p 00000000 00:00 0 
7f7cb443b000-7f7cb443e000 ---p 00000000 00:00 0 
7f7cb443e000-7f7cb453c000 rw-p 00000000 00:00 0 
7f7cb453c000-7f7cb453f000 ---p 00000000 00:00 0 
7f7cb453f000-7f7cb463d000 rw-p 00000000 00:00 0 
7f7cb463d000-7f7cb4640000 ---p 00000000 00:00 0 
7f7cb4640000-7f7cb473e000 rw-p 00000000 00:00 0 
7f7cb473e000-7f7cb4741000 ---p 00000000 00:00 0 
7f7cb4741000-7f7cb483f000 rw-p 00000000 00:00 0 
7f7cb483f000-7f7cb4842000 ---p 00000000 00:00 0 
7f7cb4842000-7f7cb4940000 rw-p 00000000 00:00 0 
7f7cb4940000-7f7cb4943000 ---p 00000000 00:00 0 
7f7cb4943000-7f7cb4a41000 rw-p 00000000 00:00 0 
7f7cb4a41000-7f7cb4a44000 ---p 00000000 00:00 0 
7f7cb4a44000-7f7cb4b42000 rw-p 00000000 00:00 0 
7f7cb4b42000-7f7cb4b45000 ---p 00000000 00:00 0 
7f7cb4b45000-7f7cb4c43000 rw-p 00000000 00:00 0 
7f7cb4c43000-7f7cb4c46000 ---p 00000000 00:00 0 
7f7cb4c46000-7f7cb4d44000 rw-p 00000000 00:00 0 
7f7cb4d44000-7f7cb4d47000 ---p 00000000 00:00 0 
7f7cb4d47000-7f7cb4e45000 rw-p 00000000 00:00 0 
7f7cb4e45000-7f7cb4e48000 ---p 00000000 00:00 0 
7f7cb4e48000-7f7cb5146000 rw-p 00000000 00:00 0 
7f7cb5146000-7f7cb5149000 ---p 00000000 00:00 0 
7f7cb5149000-7f7cb5247000 rw-p 00000000 00:00 0 
7f7cb5247000-7f7cb524a000 ---p 00000000 00:00 0 
7f7cb524a000-7f7cb5348000 rw-p 00000000 00:00 0 
7f7cb5348000-7f7cb535e000 r-xp 00000000 08:01 656512                     /usr/lib/jdk/jdk1.8.0_201/jre/lib/amd64/libnet.so
7f7cb535e000-7f7cb555e000 ---p 00016000 08:01 656512                     /usr/lib/jdk/jdk1.8.0_201/jre/lib/amd64/libnet.so
7f7cb555e000-7f7cb555f000 r--p 00016000 08:01 656512                     /usr/lib/jdk/jdk1.8.0_201/jre/lib/amd64/libnet.so
7f7cb555f000-7f7cb5560000 rw-p 00017000 08:01 656512                     /usr/lib/jdk/jdk1.8.0_201/jre/lib/amd64/libnet.so
7f7cb5560000-7f7cb5791000 r--s 01bb1000 08:01 403225                     /home/hewitt/work/DiffTGen-master/lib/evosuite-1.0.6.jar
7f7cb5791000-7f7cb6150000 r--p 00000000 08:01 270368                     /usr/lib/locale/locale-archive
7f7cb6150000-7f7cb8000000 rw-p 00000000 00:00 0 
7f7cb8000000-7f7cb8021000 rw-p 00000000 00:00 0 
7f7cb8021000-7f7cbc000000 ---p 00000000 00:00 0 
7f7cbc03f000-7f7cbc042000 ---p 00000000 00:00 0 
7f7cbc042000-7f7cbc078000 rw-p 00000000 00:00 0 
7f7cbc078000-7f7cbc0f1000 r--s 010fd000 08:01 654900                     /usr/lib/jdk/jdk1.8.0_201/lib/tools.jar
7f7cbc0f1000-7f7cbc0f4000 ---p 00000000 00:00 0 
7f7cbc0f4000-7f7cbc1f2000 rw-p 00000000 00:00 0 
7f7cbc1f2000-7f7cbc1f3000 ---p 00000000 00:00 0 
7f7cbc1f3000-7f7cbc2f3000 rw-p 00000000 00:00 0 
7f7cbc2f3000-7f7cbc2f6000 ---p 00000000 00:00 0 
7f7cbc2f6000-7f7cbc3f4000 rw-p 00000000 00:00 0 
7f7cbc3f4000-7f7cbc3f7000 ---p 00000000 00:00 0 
7f7cbc3f7000-7f7cbc4f5000 rw-p 00000000 00:00 0 
7f7cbc4f5000-7f7cbc4f8000 ---p 00000000 00:00 0 
7f7cbc4f8000-7f7cbc5f6000 rw-p 00000000 00:00 0 
7f7cbc5f6000-7f7cbc5f9000 ---p 00000000 00:00 0 
7f7cbc5f9000-7f7cbc6f7000 rw-p 00000000 00:00 0 
7f7cbc6f7000-7f7cbc6fa000 ---p 00000000 00:00 0 
7f7cbc6fa000-7f7cbc7f8000 rw-p 00000000 00:00 0 
7f7cbc7f8000-7f7cbc7fb000 ---p 00000000 00:00 0 
7f7cbc7fb000-7f7cbc8f9000 rw-p 00000000 00:00 0 
7f7cbc8f9000-7f7cbc8fc000 ---p 00000000 00:00 0 
7f7cbc8fc000-7f7cbc9fa000 rw-p 00000000 00:00 0 
7f7cbc9fa000-7f7cbc9fb000 ---p 00000000 00:00 0 
7f7cbc9fb000-7f7cbd000000 rw-p 00000000 00:00 0 
7f7cbd000000-7f7cbd860000 rwxp 00000000 00:00 0 
7f7cbd860000-7f7ccc000000 ---p 00000000 00:00 0 
7f7ccc000000-7f7ccc4d6000 rw-p 00000000 00:00 0 
7f7ccc4d6000-7f7cd0000000 ---p 00000000 00:00 0 
7f7cd0017000-7f7cd0021000 r--s 00116000 08:01 656361                     /usr/lib/jdk/jdk1.8.0_201/jre/lib/ext/localedata.jar
7f7cd0021000-7f7cd0a2b000 rw-p 00000000 00:00 0 
7f7cd0a2b000-7f7cd0c05000 r--s 03d6f000 08:01 656293                     /usr/lib/jdk/jdk1.8.0_201/jre/lib/rt.jar
7f7cd0c05000-7f7cd1666000 rw-p 00000000 00:00 0 
7f7cd1666000-7f7cd1667000 ---p 00000000 00:00 0 
7f7cd1667000-7f7cd1767000 rw-p 00000000 00:00 0 
7f7cd1767000-7f7cd1768000 ---p 00000000 00:00 0 
7f7cd1768000-7f7cd1868000 rw-p 00000000 00:00 0 
7f7cd1868000-7f7cd1869000 ---p 00000000 00:00 0 
7f7cd1869000-7f7cd1969000 rw-p 00000000 00:00 0 
7f7cd1969000-7f7cd196a000 ---p 00000000 00:00 0 
7f7cd196a000-7f7cd1a7f000 rw-p 00000000 00:00 0 
7f7cd1a7f000-7f7cd1bb2000 ---p 00000000 00:00 0 
7f7cd1bb2000-7f7cd1bc7000 rw-p 00000000 00:00 0 
7f7cd1bc7000-7f7cd1cf9000 ---p 00000000 00:00 0 
7f7cd1cf9000-7f7cd1d3b000 rw-p 00000000 00:00 0 
7f7cd1d3b000-7f7cd1d9d000 ---p 00000000 00:00 0 
7f7cd1d9d000-7f7cd1dc0000 rw-p 00000000 00:00 0 
7f7cd1dc0000-7f7cd215e000 ---p 00000000 00:00 0 
7f7cd215e000-7f7cd2179000 r-xp 00000000 08:01 656508                     /usr/lib/jdk/jdk1.8.0_201/jre/lib/amd64/libzip.so
7f7cd2179000-7f7cd2378000 ---p 0001b000 08:01 656508                     /usr/lib/jdk/jdk1.8.0_201/jre/lib/amd64/libzip.so
7f7cd2378000-7f7cd2379000 r--p 0001a000 08:01 656508                     /usr/lib/jdk/jdk1.8.0_201/jre/lib/amd64/libzip.so
7f7cd2379000-7f7cd237a000 rw-p 0001b000 08:01 656508                     /usr/lib/jdk/jdk1.8.0_201/jre/lib/amd64/libzip.so
7f7cd237a000-7f7cd2385000 r-xp 00000000 08:01 658902                     /lib/x86_64-linux-gnu/libnss_files-2.23.so
7f7cd2385000-7f7cd2584000 ---p 0000b000 08:01 658902                     /lib/x86_64-linux-gnu/libnss_files-2.23.so
7f7cd2584000-7f7cd2585000 r--p 0000a000 08:01 658902                     /lib/x86_64-linux-gnu/libnss_files-2.23.so
7f7cd2585000-7f7cd2586000 rw-p 0000b000 08:01 658902                     /lib/x86_64-linux-gnu/libnss_files-2.23.so
7f7cd2586000-7f7cd258c000 rw-p 00000000 00:00 0 
7f7cd258c000-7f7cd2597000 r-xp 00000000 08:01 658912                     /lib/x86_64-linux-gnu/libnss_nis-2.23.so
7f7cd2597000-7f7cd2796000 ---p 0000b000 08:01 658912                     /lib/x86_64-linux-gnu/libnss_nis-2.23.so
7f7cd2796000-7f7cd2797000 r--p 0000a000 08:01 658912                     /lib/x86_64-linux-gnu/libnss_nis-2.23.so
7f7cd2797000-7f7cd2798000 rw-p 0000b000 08:01 658912                     /lib/x86_64-linux-gnu/libnss_nis-2.23.so
7f7cd2798000-7f7cd27ae000 r-xp 00000000 08:01 658896                     /lib/x86_64-linux-gnu/libnsl-2.23.so
7f7cd27ae000-7f7cd29ad000 ---p 00016000 08:01 658896                     /lib/x86_64-linux-gnu/libnsl-2.23.so
7f7cd29ad000-7f7cd29ae000 r--p 00015000 08:01 658896                     /lib/x86_64-linux-gnu/libnsl-2.23.so
7f7cd29ae000-7f7cd29af000 rw-p 00016000 08:01 658896                     /lib/x86_64-linux-gnu/libnsl-2.23.so
7f7cd29af000-7f7cd29b1000 rw-p 00000000 00:00 0 
7f7cd29b1000-7f7cd29b9000 r-xp 00000000 08:01 658898                     /lib/x86_64-linux-gnu/libnss_compat-2.23.so
7f7cd29b9000-7f7cd2bb8000 ---p 00008000 08:01 658898                     /lib/x86_64-linux-gnu/libnss_compat-2.23.so
7f7cd2bb8000-7f7cd2bb9000 r--p 00007000 08:01 658898                     /lib/x86_64-linux-gnu/libnss_compat-2.23.so
7f7cd2bb9000-7f7cd2bba000 rw-p 00008000 08:01 658898                     /lib/x86_64-linux-gnu/libnss_compat-2.23.so
7f7cd2bba000-7f7cd2be6000 r-xp 00000000 08:01 656502                     /usr/lib/jdk/jdk1.8.0_201/jre/lib/amd64/libjava.so
7f7cd2be6000-7f7cd2de6000 ---p 0002c000 08:01 656502                     /usr/lib/jdk/jdk1.8.0_201/jre/lib/amd64/libjava.so
7f7cd2de6000-7f7cd2de7000 r--p 0002c000 08:01 656502                     /usr/lib/jdk/jdk1.8.0_201/jre/lib/amd64/libjava.so
7f7cd2de7000-7f7cd2de9000 rw-p 0002d000 08:01 656502                     /usr/lib/jdk/jdk1.8.0_201/jre/lib/amd64/libjava.so
7f7cd2de9000-7f7cd2df6000 r-xp 00000000 08:01 656507                     /usr/lib/jdk/jdk1.8.0_201/jre/lib/amd64/libverify.so
7f7cd2df6000-7f7cd2ff5000 ---p 0000d000 08:01 656507                     /usr/lib/jdk/jdk1.8.0_201/jre/lib/amd64/libverify.so
7f7cd2ff5000-7f7cd2ff7000 r--p 0000c000 08:01 656507                     /usr/lib/jdk/jdk1.8.0_201/jre/lib/amd64/libverify.so
7f7cd2ff7000-7f7cd2ff8000 rw-p 0000e000 08:01 656507                     /usr/lib/jdk/jdk1.8.0_201/jre/lib/amd64/libverify.so
7f7cd2ff8000-7f7cd2fff000 r-xp 00000000 08:01 658957                     /lib/x86_64-linux-gnu/librt-2.23.so
7f7cd2fff000-7f7cd31fe000 ---p 00007000 08:01 658957                     /lib/x86_64-linux-gnu/librt-2.23.so
7f7cd31fe000-7f7cd31ff000 r--p 00006000 08:01 658957                     /lib/x86_64-linux-gnu/librt-2.23.so
7f7cd31ff000-7f7cd3200000 rw-p 00007000 08:01 658957                     /lib/x86_64-linux-gnu/librt-2.23.so
7f7cd3200000-7f7cd3308000 r-xp 00000000 08:01 658873                     /lib/x86_64-linux-gnu/libm-2.23.so
7f7cd3308000-7f7cd3507000 ---p 00108000 08:01 658873                     /lib/x86_64-linux-gnu/libm-2.23.so
7f7cd3507000-7f7cd3508000 r--p 00107000 08:01 658873                     /lib/x86_64-linux-gnu/libm-2.23.so
7f7cd3508000-7f7cd3509000 rw-p 00108000 08:01 658873                     /lib/x86_64-linux-gnu/libm-2.23.so
7f7cd3509000-7f7cd41f1000 r-xp 00000000 08:01 656484                     /usr/lib/jdk/jdk1.8.0_201/jre/lib/amd64/server/libjvm.so
7f7cd41f1000-7f7cd43f0000 ---p 00ce8000 08:01 656484                     /usr/lib/jdk/jdk1.8.0_201/jre/lib/amd64/server/libjvm.so
7f7cd43f0000-7f7cd4486000 r--p 00ce7000 08:01 656484                     /usr/lib/jdk/jdk1.8.0_201/jre/lib/amd64/server/libjvm.so
7f7cd4486000-7f7cd44b7000 rw-p 00d7d000 08:01 656484                     /usr/lib/jdk/jdk1.8.0_201/jre/lib/amd64/server/libjvm.so
7f7cd44b7000-7f7cd44f2000 rw-p 00000000 00:00 0 
7f7cd44f2000-7f7cd46b2000 r-xp 00000000 08:01 658803                     /lib/x86_64-linux-gnu/libc-2.23.so
7f7cd46b2000-7f7cd48b2000 ---p 001c0000 08:01 658803                     /lib/x86_64-linux-gnu/libc-2.23.so
7f7cd48b2000-7f7cd48b6000 r--p 001c0000 08:01 658803                     /lib/x86_64-linux-gnu/libc-2.23.so
7f7cd48b6000-7f7cd48b8000 rw-p 001c4000 08:01 658803                     /lib/x86_64-linux-gnu/libc-2.23.so
7f7cd48b8000-7f7cd48bc000 rw-p 00000000 00:00 0 
7f7cd48bc000-7f7cd48bf000 r-xp 00000000 08:01 658827                     /lib/x86_64-linux-gnu/libdl-2.23.so
7f7cd48bf000-7f7cd4abe000 ---p 00003000 08:01 658827                     /lib/x86_64-linux-gnu/libdl-2.23.so
7f7cd4abe000-7f7cd4abf000 r--p 00002000 08:01 658827                     /lib/x86_64-linux-gnu/libdl-2.23.so
7f7cd4abf000-7f7cd4ac0000 rw-p 00003000 08:01 658827                     /lib/x86_64-linux-gnu/libdl-2.23.so
7f7cd4ac0000-7f7cd4ad7000 r-xp 00000000 08:01 656155                     /usr/lib/jdk/jdk1.8.0_201/lib/amd64/jli/libjli.so
7f7cd4ad7000-7f7cd4cd6000 ---p 00017000 08:01 656155                     /usr/lib/jdk/jdk1.8.0_201/lib/amd64/jli/libjli.so
7f7cd4cd6000-7f7cd4cd7000 r--p 00016000 08:01 656155                     /usr/lib/jdk/jdk1.8.0_201/lib/amd64/jli/libjli.so
7f7cd4cd7000-7f7cd4cd8000 rw-p 00017000 08:01 656155                     /usr/lib/jdk/jdk1.8.0_201/lib/amd64/jli/libjli.so
7f7cd4cd8000-7f7cd4cf0000 r-xp 00000000 08:01 658949                     /lib/x86_64-linux-gnu/libpthread-2.23.so
7f7cd4cf0000-7f7cd4eef000 ---p 00018000 08:01 658949                     /lib/x86_64-linux-gnu/libpthread-2.23.so
7f7cd4eef000-7f7cd4ef0000 r--p 00017000 08:01 658949                     /lib/x86_64-linux-gnu/libpthread-2.23.so
7f7cd4ef0000-7f7cd4ef1000 rw-p 00018000 08:01 658949                     /lib/x86_64-linux-gnu/libpthread-2.23.so
7f7cd4ef1000-7f7cd4ef5000 rw-p 00000000 00:00 0 
7f7cd4ef5000-7f7cd4f1b000 r-xp 00000000 08:01 658775                     /lib/x86_64-linux-gnu/ld-2.23.so
7f7cd4f1f000-7f7cd4f3b000 r--s 00393000 08:01 656354                     /usr/lib/jdk/jdk1.8.0_201/jre/lib/ext/cldrdata.jar
7f7cd4f3b000-7f7cd4f3f000 r--s 000a1000 08:01 656350                     /usr/lib/jdk/jdk1.8.0_201/jre/lib/jsse.jar
7f7cd4f3f000-7f7cd4ffd000 rw-p 00000000 00:00 0 
7f7cd4ffd000-7f7cd5000000 ---p 00000000 00:00 0 
7f7cd5000000-7f7cd5103000 rw-p 00000000 00:00 0 
7f7cd5103000-7f7cd510b000 r--s 0006e000 08:01 398946                     /home/hewitt/work/DiffTGen-master/lib/commons-lang3-3.5.jar
7f7cd510b000-7f7cd510c000 r--s 00000000 08:01 398951                     /home/hewitt/work/DiffTGen-master/lib/myprinter.jar
7f7cd510c000-7f7cd5110000 r--s 00039000 08:01 406180                     /home/hewitt/work/DiffTGen-master/output/patch2-Lang-59-CapGen-plausible/Lang_59_2-plausible_capgen/target/build/classes/all0.jar
7f7cd5110000-7f7cd5118000 rw-s 00000000 08:01 151380                     /tmp/hsperfdata_hewitt/97685
7f7cd5118000-7f7cd5119000 rw-p 00000000 00:00 0 
7f7cd5119000-7f7cd511a000 ---p 00000000 00:00 0 
7f7cd511a000-7f7cd511b000 r--p 00025000 08:01 658775                     /lib/x86_64-linux-gnu/ld-2.23.so
7f7cd511b000-7f7cd511c000 rw-p 00026000 08:01 658775                     /lib/x86_64-linux-gnu/ld-2.23.so
7f7cd511c000-7f7cd511d000 rw-p 00000000 00:00 0 
7ffdd2b3a000-7ffdd2b5c000 rw-p 00000000 00:00 0                          [stack]
7ffdd2b69000-7ffdd2b6c000 r--p 00000000 00:00 0                          [vvar]
7ffdd2b6c000-7ffdd2b6e000 r-xp 00000000 00:00 0                          [vdso]
ffffffffff600000-ffffffffff601000 r-xp 00000000 00:00 0                  [vsyscall]

VM Arguments:
java_command: /home/hewitt/work/DiffTGen-master/lib/evosuite-1.0.6.jar -base_dir /home/hewitt/work/DiffTGen-master/output/patch2-Lang-59-CapGen-plausible/Lang_59_2-plausible_capgen/target/0/28 -projectCP /home/hewitt/work/DiffTGen-master/output/patch2-Lang-59-CapGen-plausible/Lang_59_2-plausible_capgen/target/build/classes/all0.jar:/home/hewitt/work/DiffTGen-master/lib/myprinter.jar:/home/hewitt/work/DiffTGen-master/lib/commons-lang3-3.5.jar -class org.apache.commons.lang.text.StrBuilder -Dassertions=false -Dsearch_budget=60
java_class_path (initial): /home/hewitt/work/DiffTGen-master/lib/evosuite-1.0.6.jar
Launcher Type: SUN_STANDARD

Environment Variables:
JAVA_HOME=/usr/lib/jdk/jdk1.8.0_201
JRE_HOME=/usr/lib/jdk/jdk1.8.0_201/jre
CLASSPATH=.:/usr/lib/jdk/jdk1.8.0_201/lib:/usr/lib/jdk/jdk1.8.0_201/jre/lib
PATH=/usr/lib/jdk/jdk1.8.0_201/bin:/home/hewitt/bin:/home/hewitt/.local/bin:/usr/lib/jdk/jdk1.7.0_80/bin:/usr/local/sbin:/usr/local/bin:/usr/sbin:/usr/bin:/sbin:/bin:/usr/games:/usr/local/games:/snap/bin:/home/hewitt/work/defects4j_v1.4.0/defects4j/framework/bin:/opt/apache-ant-1.9.14/bin:/home/hewitt/work/defects4j_v1.4.0/defects4j/framework/bin
SHELL=/bin/bash
DISPLAY=:0

Signal Handlers:
SIGSEGV: [libjvm.so+0xad3e60], sa_mask[0]=11111111011111111101111111111110, sa_flags=SA_RESTART|SA_SIGINFO
SIGBUS: [libjvm.so+0xad3e60], sa_mask[0]=11111111011111111101111111111110, sa_flags=SA_RESTART|SA_SIGINFO
SIGFPE: [libjvm.so+0x90b880], sa_mask[0]=11111111011111111101111111111110, sa_flags=SA_RESTART|SA_SIGINFO
SIGPIPE: [libjvm.so+0x90b880], sa_mask[0]=11111111011111111101111111111110, sa_flags=SA_RESTART|SA_SIGINFO
SIGXFSZ: [libjvm.so+0x90b880], sa_mask[0]=11111111011111111101111111111110, sa_flags=SA_RESTART|SA_SIGINFO
SIGILL: [libjvm.so+0x90b880], sa_mask[0]=11111111011111111101111111111110, sa_flags=SA_RESTART|SA_SIGINFO
SIGUSR1: SIG_DFL, sa_mask[0]=00000000000000000000000000000000, sa_flags=none
SIGUSR2: [libjvm.so+0x90b750], sa_mask[0]=00100000000000000000000000000000, sa_flags=SA_RESTART|SA_SIGINFO
SIGHUP: [libjvm.so+0x90bd70], sa_mask[0]=11111111011111111101111111111110, sa_flags=SA_RESTART|SA_SIGINFO
SIGINT: [libjvm.so+0x90bd70], sa_mask[0]=11111111011111111101111111111110, sa_flags=SA_RESTART|SA_SIGINFO
SIGTERM: [libjvm.so+0x90bd70], sa_mask[0]=11111111011111111101111111111110, sa_flags=SA_RESTART|SA_SIGINFO
SIGQUIT: [libjvm.so+0x90bd70], sa_mask[0]=11111111011111111101111111111110, sa_flags=SA_RESTART|SA_SIGINFO


---------------  S Y S T E M  ---------------

OS:DISTRIB_ID=Ubuntu
DISTRIB_RELEASE=16.04
DISTRIB_CODENAME=xenial
DISTRIB_DESCRIPTION="Ubuntu 16.04.6 LTS"

uname:Linux 4.15.0-91-generic #92~16.04.1-Ubuntu SMP Fri Feb 28 14:57:22 UTC 2020 x86_64
libc:glibc 2.23 NPTL 2.23 
rlimit: STACK 8192k, CORE 0k, NPROC 15448, NOFILE 1048576, AS infinity
load average:16.46 13.95 13.37

/proc/meminfo:
MemTotal:        4015928 kB
MemFree:          103572 kB
MemAvailable:       4220 kB
Buffers:             300 kB
Cached:             8788 kB
SwapCached:         7728 kB
Active:          2896936 kB
Inactive:         582408 kB
Active(anon):    2892028 kB
Inactive(anon):   578452 kB
Active(file):       4908 kB
Inactive(file):     3956 kB
Unevictable:          48 kB
Mlocked:              48 kB
SwapTotal:        998396 kB
SwapFree:             24 kB
Dirty:               104 kB
Writeback:           176 kB
AnonPages:       3462880 kB
Mapped:             6756 kB
Shmem:                24 kB
Slab:              90436 kB
SReclaimable:      33376 kB
SUnreclaim:        57060 kB
KernelStack:       14432 kB
PageTables:        41148 kB
NFS_Unstable:          0 kB
Bounce:                0 kB
WritebackTmp:          0 kB
CommitLimit:     3006360 kB
Committed_AS:    8434492 kB
VmallocTotal:   34359738367 kB
VmallocUsed:           0 kB
VmallocChunk:          0 kB
HardwareCorrupted:     0 kB
AnonHugePages:         0 kB
ShmemHugePages:        0 kB
ShmemPmdMapped:        0 kB
CmaTotal:              0 kB
CmaFree:               0 kB
HugePages_Total:       0
HugePages_Free:        0
HugePages_Rsvd:        0
HugePages_Surp:        0
Hugepagesize:       2048 kB
DirectMap4k:       98112 kB
DirectMap2M:     4096000 kB
DirectMap1G:     2097152 kB

container (cgroup) information:
container_type: cgroupv1
cpu_cpuset_cpus: 0-3
cpu_memory_nodes: 0
active_processor_count: 4
cpu_quota: -1
cpu_period: 100000
cpu_shares: -1
memory_limit_in_bytes: -1
memory_and_swap_limit_in_bytes: -2
memory_soft_limit_in_bytes: -1
memory_usage_in_bytes: 3561017344
memory_max_usage_in_bytes: 20938752


CPU:total 4 (initial active 4) (2 cores per cpu, 1 threads per core) family 6 model 158 stepping 9, cmov, cx8, fxsr, mmx, sse, sse2, sse3, ssse3, sse4.1, sse4.2, popcnt, avx, avx2, aes, clmul, erms, 3dnowpref, lzcnt, tsc, tscinvbit, bmi1, bmi2, adx

/proc/cpuinfo:
processor	: 0
vendor_id	: GenuineIntel
cpu family	: 6
model		: 158
model name	: Intel(R) Core(TM) i7-7700HQ CPU @ 2.80GHz
stepping	: 9
microcode	: 0xb4
cpu MHz		: 2808.002
cache size	: 6144 KB
physical id	: 0
siblings	: 2
core id		: 0
cpu cores	: 2
apicid		: 0
initial apicid	: 0
fpu		: yes
fpu_exception	: yes
cpuid level	: 22
wp		: yes
flags		: fpu vme de pse tsc msr pae mce cx8 apic sep mtrr pge mca cmov pat pse36 clflush mmx fxsr sse sse2 ss ht syscall nx pdpe1gb rdtscp lm constant_tsc arch_perfmon nopl xtopology tsc_reliable nonstop_tsc cpuid pni pclmulqdq ssse3 fma cx16 pcid sse4_1 sse4_2 x2apic movbe popcnt tsc_deadline_timer aes xsave avx f16c rdrand hypervisor lahf_lm abm 3dnowprefetch cpuid_fault invpcid_single pti ssbd ibrs ibpb stibp fsgsbase tsc_adjust bmi1 avx2 smep bmi2 invpcid mpx rdseed adx smap clflushopt xsaveopt xsavec xsaves arat md_clear flush_l1d arch_capabilities
bugs		: cpu_meltdown spectre_v1 spectre_v2 spec_store_bypass l1tf mds swapgs itlb_multihit
bogomips	: 5616.00
clflush size	: 64
cache_alignment	: 64
address sizes	: 43 bits physical, 48 bits virtual
power management:

processor	: 1
vendor_id	: GenuineIntel
cpu family	: 6
model		: 158
model name	: Intel(R) Core(TM) i7-7700HQ CPU @ 2.80GHz
stepping	: 9
microcode	: 0xb4
cpu MHz		: 2808.002
cache size	: 6144 KB
physical id	: 0
siblings	: 2
core id		: 1
cpu cores	: 2
apicid		: 1
initial apicid	: 1
fpu		: yes
fpu_exception	: yes
cpuid level	: 22
wp		: yes
flags		: fpu vme de pse tsc msr pae mce cx8 apic sep mtrr pge mca cmov pat pse36 clflush mmx fxsr sse sse2 ss ht syscall nx pdpe1gb rdtscp lm constant_tsc arch_perfmon nopl xtopology tsc_reliable nonstop_tsc cpuid pni pclmulqdq ssse3 fma cx16 pcid sse4_1 sse4_2 x2apic movbe popcnt tsc_deadline_timer aes xsave avx f16c rdrand hypervisor lahf_lm abm 3dnowprefetch cpuid_fault invpcid_single pti ssbd ibrs ibpb stibp fsgsbase tsc_adjust bmi1 avx2 smep bmi2 invpcid mpx rdseed adx smap clflushopt xsaveopt xsavec xsaves arat md_clear flush_l1d arch_capabilities
bugs		: cpu_meltdown spectre_v1 spectre_v2 spec_store_bypass l1tf mds swapgs itlb_multihit
bogomips	: 5616.00
clflush size	: 64
cache_alignment	: 64
address sizes	: 43 bits physical, 48 bits virtual
power management:

processor	: 2
vendor_id	: GenuineIntel
cpu family	: 6
model		: 158
model name	: Intel(R) Core(TM) i7-7700HQ CPU @ 2.80GHz
stepping	: 9
microcode	: 0xb4
cpu MHz		: 2808.002
cache size	: 6144 KB
physical id	: 1
siblings	: 2
core id		: 0
cpu cores	: 2
apicid		: 2
initial apicid	: 2
fpu		: yes
fpu_exception	: yes
cpuid level	: 22
wp		: yes
flags		: fpu vme de pse tsc msr pae mce cx8 apic sep mtrr pge mca cmov pat pse36 clflush mmx fxsr sse sse2 ss ht syscall nx pdpe1gb rdtscp lm constant_tsc arch_perfmon nopl xtopology tsc_reliable nonstop_tsc cpuid pni pclmulqdq ssse3 fma cx16 pcid sse4_1 sse4_2 x2apic movbe popcnt tsc_deadline_timer aes xsave avx f16c rdrand hypervisor lahf_lm abm 3dnowprefetch cpuid_fault invpcid_single pti ssbd ibrs ibpb stibp fsgsbase tsc_adjust bmi1 avx2 smep bmi2 invpcid mpx rdseed adx smap clflushopt xsaveopt xsavec xsaves arat md_clear flush_l1d arch_capabilities
bugs		: cpu_meltdown spectre_v1 spectre_v2 spec_store_bypass l1tf mds swapgs itlb_multihit
bogomips	: 5616.00
clflush size	: 64
cache_alignment	: 64
address sizes	: 43 bits physical, 48 bits virtual
power management:

processor	: 3
vendor_id	: GenuineIntel
cpu family	: 6
model		: 158
model name	: Intel(R) Core(TM) i7-7700HQ CPU @ 2.80GHz
stepping	: 9
microcode	: 0xb4
cpu MHz		: 2808.002
cache size	: 6144 KB
physical id	: 1
siblings	: 2
core id		: 1
cpu cores	: 2
apicid		: 3
initial apicid	: 3
fpu		: yes
fpu_exception	: yes
cpuid level	: 22
wp		: yes
flags		: fpu vme de pse tsc msr pae mce cx8 apic sep mtrr pge mca cmov pat pse36 clflush mmx fxsr sse sse2 ss ht syscall nx pdpe1gb rdtscp lm constant_tsc arch_perfmon nopl xtopology tsc_reliable nonstop_tsc cpuid pni pclmulqdq ssse3 fma cx16 pcid sse4_1 sse4_2 x2apic movbe popcnt tsc_deadline_timer aes xsave avx f16c rdrand hypervisor lahf_lm abm 3dnowprefetch cpuid_fault invpcid_single pti ssbd ibrs ibpb stibp fsgsbase tsc_adjust bmi1 avx2 smep bmi2 invpcid mpx rdseed adx smap clflushopt xsaveopt xsavec xsaves arat md_clear flush_l1d arch_capabilities
bugs		: cpu_meltdown spectre_v1 spectre_v2 spec_store_bypass l1tf mds swapgs itlb_multihit
bogomips	: 5616.00
clflush size	: 64
cache_alignment	: 64
address sizes	: 43 bits physical, 48 bits virtual
power management:



Memory: 4k page, physical 4015928k(103072k free), swap 998396k(0k free)

vm_info: Java HotSpot(TM) 64-Bit Server VM (25.201-b09) for linux-amd64 JRE (1.8.0_201-b09), built on Dec 15 2018 11:35:59 by "java_re" with gcc 7.3.0

time: Sun Mar 29 02:19:44 2020
timezone: CST
elapsed time: 56 seconds (0d 0h 0m 56s)

