#
# There is insufficient memory for the Java Runtime Environment to continue.
# Native memory allocation (mmap) failed to map 123731968 bytes for committing reserved memory.
# Possible reasons:
#   The system is out of physical RAM or swap space
#   The process is running with CompressedOops enabled, and the Java Heap may be blocking the growth of the native heap
# Possible solutions:
#   Reduce memory load on the system
#   Increase physical memory or swap space
#   Check if swap backing store is full
#   Decrease Java heap size (-Xmx/-Xms)
#   Decrease number of Java threads
#   Decrease Java thread stack sizes (-Xss)
#   Set larger code cache with -XX:ReservedCodeCacheSize=
#   JVM is running with Unscaled Compressed Oops mode in which the Java heap is
#     placed in the first 4GB address space. The Java Heap base address is the
#     maximum limit for the native heap growth. Please use -XX:HeapBaseMinAddress
#     to set the Java Heap base and to place the Java Heap above 4GB virtual address.
# This output file may be truncated or incomplete.
#
#  Out of Memory Error (os_linux.cpp:2749), pid=73418, tid=0x00007f87e9f45700
#
# JRE version: Java(TM) SE Runtime Environment (8.0_201-b09) (build 1.8.0_201-b09)
# Java VM: Java HotSpot(TM) 64-Bit Server VM (25.201-b09 mixed mode linux-amd64 compressed oops)
# Failed to write core dump. Core dumps have been disabled. To enable core dumping, try "ulimit -c unlimited" before starting Java again
#

---------------  T H R E A D  ---------------

Current thread (0x00007f87fc140000):  VMThread [stack: 0x00007f87e9e45000,0x00007f87e9f46000] [id=73471]

Stack: [0x00007f87e9e45000,0x00007f87e9f46000],  sp=0x00007f87e9f44450,  free space=1021k
Native frames: (J=compiled Java code, j=interpreted, Vv=VM code, C=native code)
V  [libjvm.so+0xad3525]  VMError::report_and_die()+0x2e5
V  [libjvm.so+0x4e0457]  report_vm_out_of_memory(char const*, int, unsigned long, VMErrorType, char const*)+0x67
V  [libjvm.so+0x9102f0]  os::pd_commit_memory(char*, unsigned long, unsigned long, bool)+0x100
V  [libjvm.so+0x90791f]  os::commit_memory(char*, unsigned long, unsigned long, bool)+0x1f
V  [libjvm.so+0x98c806]  PSVirtualSpace::expand_by(unsigned long)+0x56
V  [libjvm.so+0x98da98]  PSYoungGen::resize(unsigned long, unsigned long)+0xd8
V  [libjvm.so+0x98a236]  PSScavenge::invoke_no_policy()+0x1376
V  [libjvm.so+0x98a5cc]  PSScavenge::invoke()+0x4c
V  [libjvm.so+0x93a318]  ParallelScavengeHeap::failed_mem_allocate(unsigned long)+0x68
V  [libjvm.so+0xad5073]  VM_ParallelGCFailedAllocation::doit()+0x93
V  [libjvm.so+0xada296]  VM_Operation::evaluate()+0x46
V  [libjvm.so+0xad85cd]  VMThread::evaluate_operation(VM_Operation*) [clone .constprop.44]+0xcd
V  [libjvm.so+0xad8bb3]  VMThread::loop()+0x3a3
V  [libjvm.so+0xad8f88]  VMThread::run()+0x78
V  [libjvm.so+0x90d922]  java_start(Thread*)+0x102

VM_Operation (0x00007f87b07f06c0): ParallelGCFailedAllocation, mode: safepoint, requested by thread 0x00007f879c001000


---------------  P R O C E S S  ---------------

Java Threads: ( => current thread )
  0x00007f87a0001000 JavaThread "RMI TCP Connection(4)-127.0.0.1" daemon [_thread_in_native, id=73839, stack(0x00007f87b03f3000,0x00007f87b04f4000)]
  0x00007f8778038000 JavaThread "RMI Scheduler(0)" daemon [_thread_blocked, id=73834, stack(0x00007f87b04f4000,0x00007f87b05f5000)]
  0x00007f8778030800 JavaThread "RMI RenewClean-[127.0.0.1:17119]" daemon [_thread_blocked, id=73831, stack(0x00007f87b05f5000,0x00007f87b06f6000)]
  0x00007f879c001000 JavaThread "RMI TCP Connection(3)-127.0.0.1" daemon [_thread_blocked, id=73828, stack(0x00007f87b06f6000,0x00007f87b07f7000)]
  0x00007f8798005000 JavaThread "pool-3-thread-3" [_thread_in_native, id=73781, stack(0x00007f87b07f7000,0x00007f87b08f8000)]
  0x00007f8798003000 JavaThread "pool-3-thread-2" [_thread_in_native, id=73780, stack(0x00007f87b08f8000,0x00007f87b09f9000)]
  0x00007f8798002000 JavaThread "pool-3-thread-1" [_thread_in_native, id=73778, stack(0x00007f87b09f9000,0x00007f87b0afa000)]
  0x00007f87fc1ff000 JavaThread "Thread-3" [_thread_in_native, id=73626, stack(0x00007f87b0afa000,0x00007f87b0bfb000)]
  0x00007f87fc1fd800 JavaThread "Thread-2" [_thread_in_native, id=73625, stack(0x00007f87b0bfb000,0x00007f87b0cfc000)]
  0x00007f87fc1fc800 JavaThread "process reaper" daemon [_thread_in_native, id=73611, stack(0x00007f8800030000,0x00007f8800069000)]
  0x00007f87fc3b8000 JavaThread "pool-2-thread-1" [_thread_in_native, id=73574, stack(0x00007f87b0cfc000,0x00007f87b0dfd000)]
  0x00007f87fc3b6000 JavaThread "GC Daemon" daemon [_thread_blocked, id=73573, stack(0x00007f87b0dfd000,0x00007f87b0efe000)]
  0x00007f87fc3b3000 JavaThread "RMI Reaper" [_thread_blocked, id=73565, stack(0x00007f87b0efe000,0x00007f87b0fff000)]
  0x00007f87fc3ac000 JavaThread "RMI TCP Accept-16339" daemon [_thread_in_native, id=73563, stack(0x00007f87e80b7000,0x00007f87e81b8000)]
  0x00007f87fc3a5000 JavaThread "RMI TCP Accept-6254" daemon [_thread_in_native, id=73561, stack(0x00007f87e81b8000,0x00007f87e82b9000)]
  0x00007f87fc2ea000 JavaThread "logback-3" daemon [_thread_blocked, id=73554, stack(0x00007f87e8532000,0x00007f87e8633000)]
  0x00007f87fc2e6800 JavaThread "logback-2" daemon [_thread_blocked, id=73552, stack(0x00007f87e8633000,0x00007f87e8734000)]
  0x00007f87fc2e5000 JavaThread "logback-1" daemon [_thread_blocked, id=73547, stack(0x00007f87e8734000,0x00007f87e8835000)]
  0x00007f87fc189000 JavaThread "Service Thread" daemon [_thread_blocked, id=73520, stack(0x00007f87e8d7f000,0x00007f87e8e80000)]
  0x00007f87fc186000 JavaThread "C1 CompilerThread2" daemon [_thread_blocked, id=73509, stack(0x00007f87e8e80000,0x00007f87e8f81000)]
  0x00007f87fc184800 JavaThread "C2 CompilerThread1" daemon [_thread_blocked, id=73497, stack(0x00007f87e8f81000,0x00007f87e9082000)]
  0x00007f87fc181800 JavaThread "C2 CompilerThread0" daemon [_thread_in_native, id=73495, stack(0x00007f87e9082000,0x00007f87e9183000)]
  0x00007f87fc180000 JavaThread "Signal Dispatcher" daemon [_thread_blocked, id=73490, stack(0x00007f87e9183000,0x00007f87e9284000)]
  0x00007f87fc14c000 JavaThread "Finalizer" daemon [_thread_blocked, id=73485, stack(0x00007f87e9c43000,0x00007f87e9d44000)]
  0x00007f87fc149800 JavaThread "Reference Handler" daemon [_thread_blocked, id=73478, stack(0x00007f87e9d44000,0x00007f87e9e45000)]
  0x00007f87fc00a800 JavaThread "main" [_thread_in_native, id=73431, stack(0x00007f8804340000,0x00007f8804441000)]

Other Threads:
=>0x00007f87fc140000 VMThread [stack: 0x00007f87e9e45000,0x00007f87e9f46000] [id=73471]
  0x00007f87fc18b800 WatcherThread [stack: 0x00007f87e8c7e000,0x00007f87e8d7f000] [id=73522]

VM state:at safepoint (normal execution)

VM Mutex/Monitor currently owned by a thread:  ([mutex/lock_event])
[0x00007f87fc007090] Threads_lock - owner thread: 0x00007f87fc140000
[0x00007f87fc007590] Heap_lock - owner thread: 0x00007f879c001000

heap address: 0x00000000c2a00000, size: 982 MB, Compressed Oops mode: 32-bit
Narrow klass base: 0x0000000000000000, Narrow klass shift: 3
Compressed class space size: 1073741824 Address: 0x0000000100000000

Heap:
 PSYoungGen      total 126464K, used 5136K [0x00000000eb900000, 0x00000000f3a00000, 0x0000000100000000)
  eden space 120832K, 0% used [0x00000000eb900000,0x00000000eb900000,0x00000000f2f00000)
  from space 5632K, 91% used [0x00000000f2f00000,0x00000000f34041c0,0x00000000f3480000)
  to   space 5632K, 0% used [0x00000000f3480000,0x00000000f3480000,0x00000000f3a00000)
 ParOldGen       total 42496K, used 11736K [0x00000000c2a00000, 0x00000000c5380000, 0x00000000eb900000)
  object space 42496K, 27% used [0x00000000c2a00000,0x00000000c35760f0,0x00000000c5380000)
 Metaspace       used 14179K, capacity 14670K, committed 14848K, reserved 1062912K
  class space    used 1611K, capacity 1751K, committed 1792K, reserved 1048576K

Card table byte_map: [0x00007f8800ef5000,0x00007f88010e1000] byte_map_base: 0x00007f88008e0000

Marking Bits: (ParMarkBitMap*) 0x00007f8803817d80
 Begin Bits: [0x00007f87eb150000, 0x00007f87ec0a8000)
 End Bits:   [0x00007f87ec0a8000, 0x00007f87ed000000)

Polling page: 0x00007f880445c000

CodeCache: size=245760Kb used=6703Kb max_used=6703Kb free=239056Kb
 bounds [0x00007f87ed000000, 0x00007f87ed6a0000, 0x00007f87fc000000]
 total_blobs=2245 nmethods=1897 adapters=261
 compilation: enabled

Compilation events (10 events):
Event: 39.770 Thread 0x00007f87fc186000 1936       2       java.lang.Double::equals (34 bytes)
Event: 39.770 Thread 0x00007f87fc186000 nmethod 1936 0x00007f87ed68f390 code [0x00007f87ed68f500, 0x00007f87ed68f790]
Event: 39.771 Thread 0x00007f87fc186000 1937       2       org.evosuite.shaded.org.objectweb.asm.tree.InsnList$InsnListIterator::<init> (54 bytes)
Event: 39.771 Thread 0x00007f87fc186000 nmethod 1937 0x00007f87ed68f850 code [0x00007f87ed68f9c0, 0x00007f87ed68fbe8]
Event: 39.776 Thread 0x00007f87fc186000 1938       2       org.evosuite.graphs.GraphPool::getInstance (43 bytes)
Event: 39.776 Thread 0x00007f87fc186000 nmethod 1938 0x00007f87ed68fcd0 code [0x00007f87ed68fe60, 0x00007f87ed6900f8]
Event: 40.013 Thread 0x00007f87fc186000 1940       2       org.evosuite.graphs.cdg.DominatorNode::link (6 bytes)
Event: 40.013 Thread 0x00007f87fc186000 nmethod 1940 0x00007f87ed690210 code [0x00007f87ed690360, 0x00007f87ed6904d0]
Event: 40.013 Thread 0x00007f87fc186000 1939       1       org.evosuite.graphs.cfg.ControlFlowGraph::getClassName (5 bytes)
Event: 40.013 Thread 0x00007f87fc186000 nmethod 1939 0x00007f87ed690550 code [0x00007f87ed6906a0, 0x00007f87ed6907b0]

GC Heap History (10 events):
Event: 36.467 GC heap after
Heap after GC invocations=5 (full 1):
 PSYoungGen      total 34304K, used 2548K [0x00000000eb900000, 0x00000000edd00000, 0x0000000100000000)
  eden space 31744K, 0% used [0x00000000eb900000,0x00000000eb900000,0x00000000ed800000)
  from space 2560K, 99% used [0x00000000eda80000,0x00000000edcfd128,0x00000000edd00000)
  to   space 2560K, 0% used [0x00000000ed800000,0x00000000ed800000,0x00000000eda80000)
 ParOldGen       total 42496K, used 6699K [0x00000000c2a00000, 0x00000000c5380000, 0x00000000eb900000)
  object space 42496K, 15% used [0x00000000c2a00000,0x00000000c308af30,0x00000000c5380000)
 Metaspace       used 14010K, capacity 14542K, committed 14848K, reserved 1062912K
  class space    used 1611K, capacity 1751K, committed 1792K, reserved 1048576K
}
Event: 37.032 GC heap before
{Heap before GC invocations=6 (full 1):
 PSYoungGen      total 34304K, used 34292K [0x00000000eb900000, 0x00000000edd00000, 0x0000000100000000)
  eden space 31744K, 100% used [0x00000000eb900000,0x00000000ed800000,0x00000000ed800000)
  from space 2560K, 99% used [0x00000000eda80000,0x00000000edcfd128,0x00000000edd00000)
  to   space 2560K, 0% used [0x00000000ed800000,0x00000000ed800000,0x00000000eda80000)
 ParOldGen       total 42496K, used 6699K [0x00000000c2a00000, 0x00000000c5380000, 0x00000000eb900000)
  object space 42496K, 15% used [0x00000000c2a00000,0x00000000c308af30,0x00000000c5380000)
 Metaspace       used 14095K, capacity 14606K, committed 14848K, reserved 1062912K
  class space    used 1611K, capacity 1751K, committed 1792K, reserved 1048576K
Event: 37.063 GC heap after
Heap after GC invocations=6 (full 1):
 PSYoungGen      total 34304K, used 2528K [0x00000000eb900000, 0x00000000efc00000, 0x0000000100000000)
  eden space 31744K, 0% used [0x00000000eb900000,0x00000000eb900000,0x00000000ed800000)
  from space 2560K, 98% used [0x00000000ed800000,0x00000000eda78060,0x00000000eda80000)
  to   space 2560K, 0% used [0x00000000ef980000,0x00000000ef980000,0x00000000efc00000)
 ParOldGen       total 42496K, used 8197K [0x00000000c2a00000, 0x00000000c5380000, 0x00000000eb900000)
  object space 42496K, 19% used [0x00000000c2a00000,0x00000000c3201610,0x00000000c5380000)
 Metaspace       used 14095K, capacity 14606K, committed 14848K, reserved 1062912K
  class space    used 1611K, capacity 1751K, committed 1792K, reserved 1048576K
}
Event: 37.436 GC heap before
{Heap before GC invocations=7 (full 1):
 PSYoungGen      total 34304K, used 34272K [0x00000000eb900000, 0x00000000efc00000, 0x0000000100000000)
  eden space 31744K, 100% used [0x00000000eb900000,0x00000000ed800000,0x00000000ed800000)
  from space 2560K, 98% used [0x00000000ed800000,0x00000000eda78060,0x00000000eda80000)
  to   space 2560K, 0% used [0x00000000ef980000,0x00000000ef980000,0x00000000efc00000)
 ParOldGen       total 42496K, used 8197K [0x00000000c2a00000, 0x00000000c5380000, 0x00000000eb900000)
  object space 42496K, 19% used [0x00000000c2a00000,0x00000000c3201610,0x00000000c5380000)
 Metaspace       used 14114K, capacity 14606K, committed 14848K, reserved 1062912K
  class space    used 1611K, capacity 1751K, committed 1792K, reserved 1048576K
Event: 37.457 GC heap after
Heap after GC invocations=7 (full 1):
 PSYoungGen      total 62976K, used 2560K [0x00000000eb900000, 0x00000000f0200000, 0x0000000100000000)
  eden space 60416K, 0% used [0x00000000eb900000,0x00000000eb900000,0x00000000ef400000)
  from space 2560K, 100% used [0x00000000ef980000,0x00000000efc00000,0x00000000efc00000)
  to   space 5632K, 0% used [0x00000000ef400000,0x00000000ef400000,0x00000000ef980000)
 ParOldGen       total 42496K, used 10048K [0x00000000c2a00000, 0x00000000c5380000, 0x00000000eb900000)
  object space 42496K, 23% used [0x00000000c2a00000,0x00000000c33d00f0,0x00000000c5380000)
 Metaspace       used 14114K, capacity 14606K, committed 14848K, reserved 1062912K
  class space    used 1611K, capacity 1751K, committed 1792K, reserved 1048576K
}
Event: 38.104 GC heap before
{Heap before GC invocations=8 (full 1):
 PSYoungGen      total 62976K, used 62976K [0x00000000eb900000, 0x00000000f0200000, 0x0000000100000000)
  eden space 60416K, 100% used [0x00000000eb900000,0x00000000ef400000,0x00000000ef400000)
  from space 2560K, 100% used [0x00000000ef980000,0x00000000efc00000,0x00000000efc00000)
  to   space 5632K, 0% used [0x00000000ef400000,0x00000000ef400000,0x00000000ef980000)
 ParOldGen       total 42496K, used 10048K [0x00000000c2a00000, 0x00000000c5380000, 0x00000000eb900000)
  object space 42496K, 23% used [0x00000000c2a00000,0x00000000c33d00f0,0x00000000c5380000)
 Metaspace       used 14146K, capacity 14606K, committed 14848K, reserved 1062912K
  class space    used 1611K, capacity 1751K, committed 1792K, reserved 1048576K
Event: 38.121 GC heap after
Heap after GC invocations=8 (full 1):
 PSYoungGen      total 66048K, used 3456K [0x00000000eb900000, 0x00000000f3a00000, 0x0000000100000000)
  eden space 60416K, 0% used [0x00000000eb900000,0x00000000eb900000,0x00000000ef400000)
  from space 5632K, 61% used [0x00000000ef400000,0x00000000ef760010,0x00000000ef980000)
  to   space 5632K, 0% used [0x00000000f3480000,0x00000000f3480000,0x00000000f3a00000)
 ParOldGen       total 42496K, used 10048K [0x00000000c2a00000, 0x00000000c5380000, 0x00000000eb900000)
  object space 42496K, 23% used [0x00000000c2a00000,0x00000000c33d00f0,0x00000000c5380000)
 Metaspace       used 14146K, capacity 14606K, committed 14848K, reserved 1062912K
  class space    used 1611K, capacity 1751K, committed 1792K, reserved 1048576K
}
Event: 38.689 GC heap before
{Heap before GC invocations=9 (full 1):
 PSYoungGen      total 66048K, used 63872K [0x00000000eb900000, 0x00000000f3a00000, 0x0000000100000000)
  eden space 60416K, 100% used [0x00000000eb900000,0x00000000ef400000,0x00000000ef400000)
  from space 5632K, 61% used [0x00000000ef400000,0x00000000ef760010,0x00000000ef980000)
  to   space 5632K, 0% used [0x00000000f3480000,0x00000000f3480000,0x00000000f3a00000)
 ParOldGen       total 42496K, used 10048K [0x00000000c2a00000, 0x00000000c5380000, 0x00000000eb900000)
  object space 42496K, 23% used [0x00000000c2a00000,0x00000000c33d00f0,0x00000000c5380000)
 Metaspace       used 14161K, capacity 14606K, committed 14848K, reserved 1062912K
  class space    used 1611K, capacity 1751K, committed 1792K, reserved 1048576K
Event: 38.741 GC heap after
Heap after GC invocations=9 (full 1):
 PSYoungGen      total 126464K, used 4512K [0x00000000eb900000, 0x00000000f3a00000, 0x0000000100000000)
  eden space 120832K, 0% used [0x00000000eb900000,0x00000000eb900000,0x00000000f2f00000)
  from space 5632K, 80% used [0x00000000f3480000,0x00000000f38e8010,0x00000000f3a00000)
  to   space 5632K, 0% used [0x00000000f2f00000,0x00000000f2f00000,0x00000000f3480000)
 ParOldGen       total 42496K, used 10592K [0x00000000c2a00000, 0x00000000c5380000, 0x00000000eb900000)
  object space 42496K, 24% used [0x00000000c2a00000,0x00000000c34580f0,0x00000000c5380000)
 Metaspace       used 14161K, capacity 14606K, committed 14848K, reserved 1062912K
  class space    used 1611K, capacity 1751K, committed 1792K, reserved 1048576K
}
Event: 40.022 GC heap before
{Heap before GC invocations=10 (full 1):
 PSYoungGen      total 126464K, used 125344K [0x00000000eb900000, 0x00000000f3a00000, 0x0000000100000000)
  eden space 120832K, 100% used [0x00000000eb900000,0x00000000f2f00000,0x00000000f2f00000)
  from space 5632K, 80% used [0x00000000f3480000,0x00000000f38e8010,0x00000000f3a00000)
  to   space 5632K, 0% used [0x00000000f2f00000,0x00000000f2f00000,0x00000000f3480000)
 ParOldGen       total 42496K, used 10592K [0x00000000c2a00000, 0x00000000c5380000, 0x00000000eb900000)
  object space 42496K, 24% used [0x00000000c2a00000,0x00000000c34580f0,0x00000000c5380000)
 Metaspace       used 14179K, capacity 14670K, committed 14848K, reserved 1062912K
  class space    used 1611K, capacity 1751K, committed 1792K, reserved 1048576K

Deoptimization events (10 events):
Event: 36.163 Thread 0x00007f879c001000 Uncommon trap: reason=unstable_if action=reinterpret pc=0x00007f87ed4d28f4 method=java.util.HashMap.putVal(ILjava/lang/Object;Ljava/lang/Object;ZZ)Ljava/lang/Object; @ 162
Event: 36.163 Thread 0x00007f879c001000 Uncommon trap: reason=predicate action=maybe_recompile pc=0x00007f87ed58d9d0 method=java.util.ArrayList.indexOf(Ljava/lang/Object;)I @ 44
Event: 36.301 Thread 0x00007f879c001000 Uncommon trap: reason=bimorphic action=maybe_recompile pc=0x00007f87ed597b9c method=java.util.AbstractCollection.addAll(Ljava/util/Collection;)Z @ 3
Event: 36.301 Thread 0x00007f879c001000 Uncommon trap: reason=bimorphic action=maybe_recompile pc=0x00007f87ed597b9c method=java.util.AbstractCollection.addAll(Ljava/util/Collection;)Z @ 3
Event: 36.301 Thread 0x00007f879c001000 Uncommon trap: reason=bimorphic action=maybe_recompile pc=0x00007f87ed597b9c method=java.util.AbstractCollection.addAll(Ljava/util/Collection;)Z @ 3
Event: 36.301 Thread 0x00007f879c001000 Uncommon trap: reason=bimorphic action=maybe_recompile pc=0x00007f87ed597b9c method=java.util.AbstractCollection.addAll(Ljava/util/Collection;)Z @ 3
Event: 36.746 Thread 0x00007f879c001000 Uncommon trap: reason=unstable_if action=reinterpret pc=0x00007f87ed540504 method=org.evosuite.shaded.org.objectweb.asm.Frame.merge(Lorg/evosuite/shaded/org/objectweb/asm/ClassWriter;I[II)Z @ 61
Event: 38.098 Thread 0x00007f879c001000 Uncommon trap: reason=unstable_if action=reinterpret pc=0x00007f87ed6336dc method=org.evosuite.shaded.org.objectweb.asm.Frame.push(I)V @ 26
Event: 39.163 Thread 0x00007f879c001000 Uncommon trap: reason=null_check action=make_not_entrant pc=0x00007f87ed6674a0 method=org.evosuite.shaded.org.objectweb.asm.Type.equals(Ljava/lang/Object;)Z @ 8
Event: 39.163 Thread 0x00007f879c001000 Uncommon trap: reason=null_check action=make_not_entrant pc=0x00007f87ed5ac570 method=org.evosuite.shaded.org.objectweb.asm.Type.equals(Ljava/lang/Object;)Z @ 8

Classes redefined (0 events):
No events

Internal exceptions (10 events):
Event: 21.875 Thread 0x00007f87fc2e5000 Exception <a 'java/net/ConnectException'> (0x00000000ebd7e1a0) thrown at [/HUDSON/workspace/8-2-build-linux-amd64/jdk8u201/12317/hotspot/src/share/vm/prims/jni.cpp, line 709]
Event: 21.875 Thread 0x00007f87fc2e6800 Exception <a 'java/net/ConnectException'> (0x00000000ebd2eb18) thrown at [/HUDSON/workspace/8-2-build-linux-amd64/jdk8u201/12317/hotspot/src/share/vm/prims/jni.cpp, line 709]
Event: 31.877 Thread 0x00007f87fc2ea000 Exception <a 'java/net/ConnectException'> (0x00000000ebdce350) thrown at [/HUDSON/workspace/8-2-build-linux-amd64/jdk8u201/12317/hotspot/src/share/vm/prims/jni.cpp, line 709]
Event: 31.877 Thread 0x00007f87fc2e5000 Exception <a 'java/net/ConnectException'> (0x00000000ebd7ecc8) thrown at [/HUDSON/workspace/8-2-build-linux-amd64/jdk8u201/12317/hotspot/src/share/vm/prims/jni.cpp, line 709]
Event: 31.877 Thread 0x00007f87fc2e6800 Exception <a 'java/net/ConnectException'> (0x00000000ebd2f640) thrown at [/HUDSON/workspace/8-2-build-linux-amd64/jdk8u201/12317/hotspot/src/share/vm/prims/jni.cpp, line 709]
Event: 33.761 Thread 0x00007f879c001000 Exception <a 'java/lang/NoSuchMethodError': <clinit>> (0x00000000ec42e7e0) thrown at [/HUDSON/workspace/8-2-build-linux-amd64/jdk8u201/12317/hotspot/src/share/vm/prims/jni.cpp, line 1613]
Event: 35.145 Thread 0x00007f879c001000 Implicit null exception at 0x00007f87ed20c235 to 0x00007f87ed20c5dd
Event: 35.210 Thread 0x00007f879c001000 Implicit null exception at 0x00007f87ed1f6276 to 0x00007f87ed1f6621
Event: 39.163 Thread 0x00007f879c001000 Implicit null exception at 0x00007f87ed664d0b to 0x00007f87ed66747d
Event: 39.163 Thread 0x00007f879c001000 Implicit null exception at 0x00007f87ed5ac388 to 0x00007f87ed5ac561

Events (10 events):
Event: 39.163 Thread 0x00007f879c001000 Uncommon trap: trap_request=0xfffffff4 fr.pc=0x00007f87ed5ac570
Event: 39.163 Thread 0x00007f879c001000 DEOPT PACKING pc=0x00007f87ed5ac570 sp=0x00007f87b07f0390
Event: 39.163 Thread 0x00007f879c001000 DEOPT UNPACKING pc=0x00007f87ed04573a sp=0x00007f87b07f02c8 mode 2
Event: 39.665 Thread 0x00007f879c001000 DEOPT PACKING pc=0x00007f87ed609d96 sp=0x00007f87b07f0610
Event: 39.665 Thread 0x00007f879c001000 DEOPT UNPACKING pc=0x00007f87ed047784 sp=0x00007f87b07f0420 mode 0
Event: 39.769 Thread 0x00007f879c001000 DEOPT PACKING pc=0x00007f87ed5c60f1 sp=0x00007f87b07f07e0
Event: 39.769 Thread 0x00007f879c001000 DEOPT UNPACKING pc=0x00007f87ed047784 sp=0x00007f87b07f0650 mode 0
Event: 40.013 Thread 0x00007f879c001000 DEOPT PACKING pc=0x00007f87ed5c60f1 sp=0x00007f87b07f07e0
Event: 40.013 Thread 0x00007f879c001000 DEOPT UNPACKING pc=0x00007f87ed047784 sp=0x00007f87b07f0650 mode 0
Event: 40.017 Executing VM operation: ParallelGCFailedAllocation


Dynamic libraries:
00400000-00401000 r-xp 00000000 08:01 654793                             /usr/lib/jdk/jdk1.8.0_201/bin/java
00600000-00601000 r--p 00000000 08:01 654793                             /usr/lib/jdk/jdk1.8.0_201/bin/java
00601000-00602000 rw-p 00001000 08:01 654793                             /usr/lib/jdk/jdk1.8.0_201/bin/java
01546000-01567000 rw-p 00000000 00:00 0                                  [heap]
c2a00000-c5380000 rw-p 00000000 00:00 0 
c5380000-eb900000 ---p 00000000 00:00 0 
eb900000-f3a00000 rw-p 00000000 00:00 0 
fb000000-100000000 ---p 00000000 00:00 0 
100000000-1001c0000 rw-p 00000000 00:00 0 
1001c0000-140000000 ---p 00000000 00:00 0 
7f876be00000-7f876bec0000 rw-p 00000000 00:00 0 
7f876bec0000-7f876c000000 ---p 00000000 00:00 0 
7f876c000000-7f876c021000 rw-p 00000000 00:00 0 
7f876c021000-7f8770000000 ---p 00000000 00:00 0 
7f8770000000-7f8770021000 rw-p 00000000 00:00 0 
7f8770021000-7f8774000000 ---p 00000000 00:00 0 
7f8774000000-7f8774021000 rw-p 00000000 00:00 0 
7f8774021000-7f8778000000 ---p 00000000 00:00 0 
7f8778000000-7f877819a000 rw-p 00000000 00:00 0 
7f877819a000-7f877c000000 ---p 00000000 00:00 0 
7f877c000000-7f877c021000 rw-p 00000000 00:00 0 
7f877c021000-7f8780000000 ---p 00000000 00:00 0 
7f8780000000-7f8780021000 rw-p 00000000 00:00 0 
7f8780021000-7f8784000000 ---p 00000000 00:00 0 
7f8784000000-7f8784021000 rw-p 00000000 00:00 0 
7f8784021000-7f8788000000 ---p 00000000 00:00 0 
7f8788000000-7f8788021000 rw-p 00000000 00:00 0 
7f8788021000-7f878c000000 ---p 00000000 00:00 0 
7f878c000000-7f878c021000 rw-p 00000000 00:00 0 
7f878c021000-7f8790000000 ---p 00000000 00:00 0 
7f8790000000-7f8790021000 rw-p 00000000 00:00 0 
7f8790021000-7f8794000000 ---p 00000000 00:00 0 
7f8794000000-7f8794021000 rw-p 00000000 00:00 0 
7f8794021000-7f8798000000 ---p 00000000 00:00 0 
7f8798000000-7f8798021000 rw-p 00000000 00:00 0 
7f8798021000-7f879c000000 ---p 00000000 00:00 0 
7f879c000000-7f879c021000 rw-p 00000000 00:00 0 
7f879c021000-7f87a0000000 ---p 00000000 00:00 0 
7f87a0000000-7f87a0021000 rw-p 00000000 00:00 0 
7f87a0021000-7f87a4000000 ---p 00000000 00:00 0 
7f87a4000000-7f87a4021000 rw-p 00000000 00:00 0 
7f87a4021000-7f87a8000000 ---p 00000000 00:00 0 
7f87a8000000-7f87a8021000 rw-p 00000000 00:00 0 
7f87a8021000-7f87ac000000 ---p 00000000 00:00 0 
7f87ac000000-7f87ac021000 rw-p 00000000 00:00 0 
7f87ac021000-7f87b0000000 ---p 00000000 00:00 0 
7f87b01f3000-7f87b03f3000 rw-p 00000000 00:00 0 
7f87b03f3000-7f87b03f6000 ---p 00000000 00:00 0 
7f87b03f6000-7f87b04f4000 rw-p 00000000 00:00 0 
7f87b04f4000-7f87b04f7000 ---p 00000000 00:00 0 
7f87b04f7000-7f87b05f5000 rw-p 00000000 00:00 0 
7f87b05f5000-7f87b05f8000 ---p 00000000 00:00 0 
7f87b05f8000-7f87b06f6000 rw-p 00000000 00:00 0 
7f87b06f6000-7f87b06f9000 ---p 00000000 00:00 0 
7f87b06f9000-7f87b07f7000 rw-p 00000000 00:00 0 
7f87b07f7000-7f87b07fa000 ---p 00000000 00:00 0 
7f87b07fa000-7f87b08f8000 rw-p 00000000 00:00 0 
7f87b08f8000-7f87b08fb000 ---p 00000000 00:00 0 
7f87b08fb000-7f87b09f9000 rw-p 00000000 00:00 0 
7f87b09f9000-7f87b09fc000 ---p 00000000 00:00 0 
7f87b09fc000-7f87b0afa000 rw-p 00000000 00:00 0 
7f87b0afa000-7f87b0afd000 ---p 00000000 00:00 0 
7f87b0afd000-7f87b0bfb000 rw-p 00000000 00:00 0 
7f87b0bfb000-7f87b0bfe000 ---p 00000000 00:00 0 
7f87b0bfe000-7f87b0cfc000 rw-p 00000000 00:00 0 
7f87b0cfc000-7f87b0cff000 ---p 00000000 00:00 0 
7f87b0cff000-7f87b0dfd000 rw-p 00000000 00:00 0 
7f87b0dfd000-7f87b0e00000 ---p 00000000 00:00 0 
7f87b0e00000-7f87b0efe000 rw-p 00000000 00:00 0 
7f87b0efe000-7f87b0f01000 ---p 00000000 00:00 0 
7f87b0f01000-7f87b4000000 rw-p 00000000 00:00 0 
7f87b4000000-7f87b4021000 rw-p 00000000 00:00 0 
7f87b4021000-7f87b8000000 ---p 00000000 00:00 0 
7f87b8000000-7f87b8021000 rw-p 00000000 00:00 0 
7f87b8021000-7f87bc000000 ---p 00000000 00:00 0 
7f87bc000000-7f87bcca6000 rw-p 00000000 00:00 0 
7f87bcca6000-7f87c0000000 ---p 00000000 00:00 0 
7f87c0000000-7f87c078b000 rw-p 00000000 00:00 0 
7f87c078b000-7f87c4000000 ---p 00000000 00:00 0 
7f87c4000000-7f87c4021000 rw-p 00000000 00:00 0 
7f87c4021000-7f87c8000000 ---p 00000000 00:00 0 
7f87c8000000-7f87c8afe000 rw-p 00000000 00:00 0 
7f87c8afe000-7f87cc000000 ---p 00000000 00:00 0 
7f87cc000000-7f87cc021000 rw-p 00000000 00:00 0 
7f87cc021000-7f87d0000000 ---p 00000000 00:00 0 
7f87d0000000-7f87d0021000 rw-p 00000000 00:00 0 
7f87d0021000-7f87d4000000 ---p 00000000 00:00 0 
7f87d4000000-7f87d4021000 rw-p 00000000 00:00 0 
7f87d4021000-7f87d8000000 ---p 00000000 00:00 0 
7f87d8000000-7f87d8315000 rw-p 00000000 00:00 0 
7f87d8315000-7f87dc000000 ---p 00000000 00:00 0 
7f87dc000000-7f87dc021000 rw-p 00000000 00:00 0 
7f87dc021000-7f87e0000000 ---p 00000000 00:00 0 
7f87e0000000-7f87e0021000 rw-p 00000000 00:00 0 
7f87e0021000-7f87e4000000 ---p 00000000 00:00 0 
7f87e4000000-7f87e4021000 rw-p 00000000 00:00 0 
7f87e4021000-7f87e8000000 ---p 00000000 00:00 0 
7f87e80b7000-7f87e80ba000 ---p 00000000 00:00 0 
7f87e80ba000-7f87e81b8000 rw-p 00000000 00:00 0 
7f87e81b8000-7f87e81bb000 ---p 00000000 00:00 0 
7f87e81bb000-7f87e84b9000 rw-p 00000000 00:00 0 
7f87e84b9000-7f87e8532000 r--s 010fd000 08:01 654900                     /usr/lib/jdk/jdk1.8.0_201/lib/tools.jar
7f87e8532000-7f87e8535000 ---p 00000000 00:00 0 
7f87e8535000-7f87e8633000 rw-p 00000000 00:00 0 
7f87e8633000-7f87e8636000 ---p 00000000 00:00 0 
7f87e8636000-7f87e8734000 rw-p 00000000 00:00 0 
7f87e8734000-7f87e8737000 ---p 00000000 00:00 0 
7f87e8737000-7f87e8835000 rw-p 00000000 00:00 0 
7f87e8835000-7f87e884b000 r-xp 00000000 08:01 656512                     /usr/lib/jdk/jdk1.8.0_201/jre/lib/amd64/libnet.so
7f87e884b000-7f87e8a4b000 ---p 00016000 08:01 656512                     /usr/lib/jdk/jdk1.8.0_201/jre/lib/amd64/libnet.so
7f87e8a4b000-7f87e8a4c000 r--p 00016000 08:01 656512                     /usr/lib/jdk/jdk1.8.0_201/jre/lib/amd64/libnet.so
7f87e8a4c000-7f87e8a4d000 rw-p 00017000 08:01 656512                     /usr/lib/jdk/jdk1.8.0_201/jre/lib/amd64/libnet.so
7f87e8a4d000-7f87e8c7e000 r--s 01bb1000 08:01 403225                     /home/hewitt/work/DiffTGen-master/lib/evosuite-1.0.6.jar
7f87e8c7e000-7f87e8c7f000 ---p 00000000 00:00 0 
7f87e8c7f000-7f87e8d7f000 rw-p 00000000 00:00 0 
7f87e8d7f000-7f87e8d82000 ---p 00000000 00:00 0 
7f87e8d82000-7f87e8e80000 rw-p 00000000 00:00 0 
7f87e8e80000-7f87e8e83000 ---p 00000000 00:00 0 
7f87e8e83000-7f87e8f81000 rw-p 00000000 00:00 0 
7f87e8f81000-7f87e8f84000 ---p 00000000 00:00 0 
7f87e8f84000-7f87e9082000 rw-p 00000000 00:00 0 
7f87e9082000-7f87e9085000 ---p 00000000 00:00 0 
7f87e9085000-7f87e9183000 rw-p 00000000 00:00 0 
7f87e9183000-7f87e9186000 ---p 00000000 00:00 0 
7f87e9186000-7f87e9284000 rw-p 00000000 00:00 0 
7f87e9284000-7f87e9c43000 r--p 00000000 08:01 270368                     /usr/lib/locale/locale-archive
7f87e9c43000-7f87e9c46000 ---p 00000000 00:00 0 
7f87e9c46000-7f87e9d44000 rw-p 00000000 00:00 0 
7f87e9d44000-7f87e9d47000 ---p 00000000 00:00 0 
7f87e9d47000-7f87e9e45000 rw-p 00000000 00:00 0 
7f87e9e45000-7f87e9e46000 ---p 00000000 00:00 0 
7f87e9e46000-7f87ed000000 rw-p 00000000 00:00 0 
7f87ed000000-7f87ed6a0000 rwxp 00000000 00:00 0 
7f87ed6a0000-7f87fc000000 ---p 00000000 00:00 0 
7f87fc000000-7f87fc4c6000 rw-p 00000000 00:00 0 
7f87fc4c6000-7f8800000000 ---p 00000000 00:00 0 
7f8800001000-7f8800014000 r--s 00345000 08:01 656331                     /usr/lib/jdk/jdk1.8.0_201/jre/lib/resources.jar
7f8800014000-7f8800030000 r--s 00393000 08:01 656354                     /usr/lib/jdk/jdk1.8.0_201/jre/lib/ext/cldrdata.jar
7f8800030000-7f8800033000 ---p 00000000 00:00 0 
7f8800033000-7f880056e000 rw-p 00000000 00:00 0 
7f880056e000-7f8800748000 r--s 03d6f000 08:01 656293                     /usr/lib/jdk/jdk1.8.0_201/jre/lib/rt.jar
7f8800748000-7f88009a9000 rw-p 00000000 00:00 0 
7f88009a9000-7f88009aa000 ---p 00000000 00:00 0 
7f88009aa000-7f8800aaa000 rw-p 00000000 00:00 0 
7f8800aaa000-7f8800aab000 ---p 00000000 00:00 0 
7f8800aab000-7f8800bab000 rw-p 00000000 00:00 0 
7f8800bab000-7f8800bac000 ---p 00000000 00:00 0 
7f8800bac000-7f8800cac000 rw-p 00000000 00:00 0 
7f8800cac000-7f8800cad000 ---p 00000000 00:00 0 
7f8800cad000-7f8800dc2000 rw-p 00000000 00:00 0 
7f8800dc2000-7f8800ef5000 ---p 00000000 00:00 0 
7f8800ef5000-7f8800f0a000 rw-p 00000000 00:00 0 
7f8800f0a000-7f880103c000 ---p 00000000 00:00 0 
7f880103c000-7f880107d000 rw-p 00000000 00:00 0 
7f880107d000-7f88010e0000 ---p 00000000 00:00 0 
7f88010e0000-7f88010fc000 rw-p 00000000 00:00 0 
7f88010fc000-7f88014a1000 ---p 00000000 00:00 0 
7f88014a1000-7f88014bc000 r-xp 00000000 08:01 656508                     /usr/lib/jdk/jdk1.8.0_201/jre/lib/amd64/libzip.so
7f88014bc000-7f88016bb000 ---p 0001b000 08:01 656508                     /usr/lib/jdk/jdk1.8.0_201/jre/lib/amd64/libzip.so
7f88016bb000-7f88016bc000 r--p 0001a000 08:01 656508                     /usr/lib/jdk/jdk1.8.0_201/jre/lib/amd64/libzip.so
7f88016bc000-7f88016bd000 rw-p 0001b000 08:01 656508                     /usr/lib/jdk/jdk1.8.0_201/jre/lib/amd64/libzip.so
7f88016bd000-7f88016c8000 r-xp 00000000 08:01 658902                     /lib/x86_64-linux-gnu/libnss_files-2.23.so
7f88016c8000-7f88018c7000 ---p 0000b000 08:01 658902                     /lib/x86_64-linux-gnu/libnss_files-2.23.so
7f88018c7000-7f88018c8000 r--p 0000a000 08:01 658902                     /lib/x86_64-linux-gnu/libnss_files-2.23.so
7f88018c8000-7f88018c9000 rw-p 0000b000 08:01 658902                     /lib/x86_64-linux-gnu/libnss_files-2.23.so
7f88018c9000-7f88018cf000 rw-p 00000000 00:00 0 
7f88018cf000-7f88018da000 r-xp 00000000 08:01 658912                     /lib/x86_64-linux-gnu/libnss_nis-2.23.so
7f88018da000-7f8801ad9000 ---p 0000b000 08:01 658912                     /lib/x86_64-linux-gnu/libnss_nis-2.23.so
7f8801ad9000-7f8801ada000 r--p 0000a000 08:01 658912                     /lib/x86_64-linux-gnu/libnss_nis-2.23.so
7f8801ada000-7f8801adb000 rw-p 0000b000 08:01 658912                     /lib/x86_64-linux-gnu/libnss_nis-2.23.so
7f8801adb000-7f8801af1000 r-xp 00000000 08:01 658896                     /lib/x86_64-linux-gnu/libnsl-2.23.so
7f8801af1000-7f8801cf0000 ---p 00016000 08:01 658896                     /lib/x86_64-linux-gnu/libnsl-2.23.so
7f8801cf0000-7f8801cf1000 r--p 00015000 08:01 658896                     /lib/x86_64-linux-gnu/libnsl-2.23.so
7f8801cf1000-7f8801cf2000 rw-p 00016000 08:01 658896                     /lib/x86_64-linux-gnu/libnsl-2.23.so
7f8801cf2000-7f8801cf4000 rw-p 00000000 00:00 0 
7f8801cf4000-7f8801cfc000 r-xp 00000000 08:01 658898                     /lib/x86_64-linux-gnu/libnss_compat-2.23.so
7f8801cfc000-7f8801efb000 ---p 00008000 08:01 658898                     /lib/x86_64-linux-gnu/libnss_compat-2.23.so
7f8801efb000-7f8801efc000 r--p 00007000 08:01 658898                     /lib/x86_64-linux-gnu/libnss_compat-2.23.so
7f8801efc000-7f8801efd000 rw-p 00008000 08:01 658898                     /lib/x86_64-linux-gnu/libnss_compat-2.23.so
7f8801efd000-7f8801f29000 r-xp 00000000 08:01 656502                     /usr/lib/jdk/jdk1.8.0_201/jre/lib/amd64/libjava.so
7f8801f29000-7f8802129000 ---p 0002c000 08:01 656502                     /usr/lib/jdk/jdk1.8.0_201/jre/lib/amd64/libjava.so
7f8802129000-7f880212a000 r--p 0002c000 08:01 656502                     /usr/lib/jdk/jdk1.8.0_201/jre/lib/amd64/libjava.so
7f880212a000-7f880212c000 rw-p 0002d000 08:01 656502                     /usr/lib/jdk/jdk1.8.0_201/jre/lib/amd64/libjava.so
7f880212c000-7f8802139000 r-xp 00000000 08:01 656507                     /usr/lib/jdk/jdk1.8.0_201/jre/lib/amd64/libverify.so
7f8802139000-7f8802338000 ---p 0000d000 08:01 656507                     /usr/lib/jdk/jdk1.8.0_201/jre/lib/amd64/libverify.so
7f8802338000-7f880233a000 r--p 0000c000 08:01 656507                     /usr/lib/jdk/jdk1.8.0_201/jre/lib/amd64/libverify.so
7f880233a000-7f880233b000 rw-p 0000e000 08:01 656507                     /usr/lib/jdk/jdk1.8.0_201/jre/lib/amd64/libverify.so
7f880233b000-7f8802342000 r-xp 00000000 08:01 658957                     /lib/x86_64-linux-gnu/librt-2.23.so
7f8802342000-7f8802541000 ---p 00007000 08:01 658957                     /lib/x86_64-linux-gnu/librt-2.23.so
7f8802541000-7f8802542000 r--p 00006000 08:01 658957                     /lib/x86_64-linux-gnu/librt-2.23.so
7f8802542000-7f8802543000 rw-p 00007000 08:01 658957                     /lib/x86_64-linux-gnu/librt-2.23.so
7f8802543000-7f880264b000 r-xp 00000000 08:01 658873                     /lib/x86_64-linux-gnu/libm-2.23.so
7f880264b000-7f880284a000 ---p 00108000 08:01 658873                     /lib/x86_64-linux-gnu/libm-2.23.so
7f880284a000-7f880284b000 r--p 00107000 08:01 658873                     /lib/x86_64-linux-gnu/libm-2.23.so
7f880284b000-7f880284c000 rw-p 00108000 08:01 658873                     /lib/x86_64-linux-gnu/libm-2.23.so
7f880284c000-7f8803534000 r-xp 00000000 08:01 656484                     /usr/lib/jdk/jdk1.8.0_201/jre/lib/amd64/server/libjvm.so
7f8803534000-7f8803733000 ---p 00ce8000 08:01 656484                     /usr/lib/jdk/jdk1.8.0_201/jre/lib/amd64/server/libjvm.so
7f8803733000-7f88037c9000 r--p 00ce7000 08:01 656484                     /usr/lib/jdk/jdk1.8.0_201/jre/lib/amd64/server/libjvm.so
7f88037c9000-7f88037fa000 rw-p 00d7d000 08:01 656484                     /usr/lib/jdk/jdk1.8.0_201/jre/lib/amd64/server/libjvm.so
7f88037fa000-7f8803835000 rw-p 00000000 00:00 0 
7f8803835000-7f88039f5000 r-xp 00000000 08:01 658803                     /lib/x86_64-linux-gnu/libc-2.23.so
7f88039f5000-7f8803bf5000 ---p 001c0000 08:01 658803                     /lib/x86_64-linux-gnu/libc-2.23.so
7f8803bf5000-7f8803bf9000 r--p 001c0000 08:01 658803                     /lib/x86_64-linux-gnu/libc-2.23.so
7f8803bf9000-7f8803bfb000 rw-p 001c4000 08:01 658803                     /lib/x86_64-linux-gnu/libc-2.23.so
7f8803bfb000-7f8803bff000 rw-p 00000000 00:00 0 
7f8803bff000-7f8803c02000 r-xp 00000000 08:01 658827                     /lib/x86_64-linux-gnu/libdl-2.23.so
7f8803c02000-7f8803e01000 ---p 00003000 08:01 658827                     /lib/x86_64-linux-gnu/libdl-2.23.so
7f8803e01000-7f8803e02000 r--p 00002000 08:01 658827                     /lib/x86_64-linux-gnu/libdl-2.23.so
7f8803e02000-7f8803e03000 rw-p 00003000 08:01 658827                     /lib/x86_64-linux-gnu/libdl-2.23.so
7f8803e03000-7f8803e1a000 r-xp 00000000 08:01 656155                     /usr/lib/jdk/jdk1.8.0_201/lib/amd64/jli/libjli.so
7f8803e1a000-7f8804019000 ---p 00017000 08:01 656155                     /usr/lib/jdk/jdk1.8.0_201/lib/amd64/jli/libjli.so
7f8804019000-7f880401a000 r--p 00016000 08:01 656155                     /usr/lib/jdk/jdk1.8.0_201/lib/amd64/jli/libjli.so
7f880401a000-7f880401b000 rw-p 00017000 08:01 656155                     /usr/lib/jdk/jdk1.8.0_201/lib/amd64/jli/libjli.so
7f880401b000-7f8804033000 r-xp 00000000 08:01 658949                     /lib/x86_64-linux-gnu/libpthread-2.23.so
7f8804033000-7f8804232000 ---p 00018000 08:01 658949                     /lib/x86_64-linux-gnu/libpthread-2.23.so
7f8804232000-7f8804233000 r--p 00017000 08:01 658949                     /lib/x86_64-linux-gnu/libpthread-2.23.so
7f8804233000-7f8804234000 rw-p 00018000 08:01 658949                     /lib/x86_64-linux-gnu/libpthread-2.23.so
7f8804234000-7f8804238000 rw-p 00000000 00:00 0 
7f8804238000-7f880425e000 r-xp 00000000 08:01 658775                     /lib/x86_64-linux-gnu/ld-2.23.so
7f8804269000-7f8804273000 r--s 00116000 08:01 656361                     /usr/lib/jdk/jdk1.8.0_201/jre/lib/ext/localedata.jar
7f8804273000-7f8804282000 r--s 000ad000 08:01 402505                     /home/hewitt/work/DiffTGen-master/output/patch1-Math-80-CapGen-plausible/Math_80_1-plausible_capgen/target/build/classes/all0.jar
7f8804282000-7f8804340000 rw-p 00000000 00:00 0 
7f8804340000-7f8804343000 ---p 00000000 00:00 0 
7f8804343000-7f8804446000 rw-p 00000000 00:00 0 
7f8804446000-7f880444a000 r--s 000a1000 08:01 656350                     /usr/lib/jdk/jdk1.8.0_201/jre/lib/jsse.jar
7f880444a000-7f8804452000 r--s 0006e000 08:01 398946                     /home/hewitt/work/DiffTGen-master/lib/commons-lang3-3.5.jar
7f8804452000-7f8804453000 r--s 00000000 08:01 398951                     /home/hewitt/work/DiffTGen-master/lib/myprinter.jar
7f8804453000-7f880445b000 rw-s 00000000 08:01 153529                     /tmp/hsperfdata_hewitt/73418
7f880445b000-7f880445c000 rw-p 00000000 00:00 0 
7f880445c000-7f880445d000 ---p 00000000 00:00 0 
7f880445d000-7f880445e000 r--p 00025000 08:01 658775                     /lib/x86_64-linux-gnu/ld-2.23.so
7f880445e000-7f880445f000 rw-p 00026000 08:01 658775                     /lib/x86_64-linux-gnu/ld-2.23.so
7f880445f000-7f8804460000 rw-p 00000000 00:00 0 
7ffcef945000-7ffcef967000 rw-p 00000000 00:00 0                          [stack]
7ffcef97d000-7ffcef980000 r--p 00000000 00:00 0                          [vvar]
7ffcef980000-7ffcef982000 r-xp 00000000 00:00 0                          [vdso]
ffffffffff600000-ffffffffff601000 r-xp 00000000 00:00 0                  [vsyscall]

VM Arguments:
java_command: /home/hewitt/work/DiffTGen-master/lib/evosuite-1.0.6.jar -base_dir /home/hewitt/work/DiffTGen-master/output/patch1-Math-80-CapGen-plausible/Math_80_1-plausible_capgen/target/0/23 -projectCP /home/hewitt/work/DiffTGen-master/output/patch1-Math-80-CapGen-plausible/Math_80_1-plausible_capgen/target/build/classes/all0.jar:/home/hewitt/work/DiffTGen-master/lib/myprinter.jar:/home/hewitt/work/DiffTGen-master/lib/commons-lang3-3.5.jar -class org.apache.commons.math.linear.EigenDecompositionImpl -Dassertions=false -Dsearch_budget=60
java_class_path (initial): /home/hewitt/work/DiffTGen-master/lib/evosuite-1.0.6.jar
Launcher Type: SUN_STANDARD

Environment Variables:
JAVA_HOME=/usr/lib/jdk/jdk1.8.0_201
JRE_HOME=/usr/lib/jdk/jdk1.8.0_201/jre
CLASSPATH=.:/usr/lib/jdk/jdk1.8.0_201/lib:/usr/lib/jdk/jdk1.8.0_201/jre/lib
PATH=/usr/lib/jdk/jdk1.8.0_201/bin:/home/hewitt/bin:/home/hewitt/.local/bin:/usr/lib/jdk/jdk1.7.0_80/bin:/usr/local/sbin:/usr/local/bin:/usr/sbin:/usr/bin:/sbin:/bin:/usr/games:/usr/local/games:/snap/bin:/home/hewitt/work/defects4j_v1.4.0/defects4j/framework/bin:/opt/apache-ant-1.9.14/bin:/home/hewitt/work/defects4j_v1.4.0/defects4j/framework/bin
SHELL=/bin/bash
DISPLAY=:0

Signal Handlers:
SIGSEGV: [libjvm.so+0xad3e60], sa_mask[0]=11111111011111111101111111111110, sa_flags=SA_RESTART|SA_SIGINFO
SIGBUS: [libjvm.so+0xad3e60], sa_mask[0]=11111111011111111101111111111110, sa_flags=SA_RESTART|SA_SIGINFO
SIGFPE: [libjvm.so+0x90b880], sa_mask[0]=11111111011111111101111111111110, sa_flags=SA_RESTART|SA_SIGINFO
SIGPIPE: [libjvm.so+0x90b880], sa_mask[0]=11111111011111111101111111111110, sa_flags=SA_RESTART|SA_SIGINFO
SIGXFSZ: [libjvm.so+0x90b880], sa_mask[0]=11111111011111111101111111111110, sa_flags=SA_RESTART|SA_SIGINFO
SIGILL: [libjvm.so+0x90b880], sa_mask[0]=11111111011111111101111111111110, sa_flags=SA_RESTART|SA_SIGINFO
SIGUSR1: SIG_DFL, sa_mask[0]=00000000000000000000000000000000, sa_flags=none
SIGUSR2: [libjvm.so+0x90b750], sa_mask[0]=00100000000000000000000000000000, sa_flags=SA_RESTART|SA_SIGINFO
SIGHUP: [libjvm.so+0x90bd70], sa_mask[0]=11111111011111111101111111111110, sa_flags=SA_RESTART|SA_SIGINFO
SIGINT: [libjvm.so+0x90bd70], sa_mask[0]=11111111011111111101111111111110, sa_flags=SA_RESTART|SA_SIGINFO
SIGTERM: [libjvm.so+0x90bd70], sa_mask[0]=11111111011111111101111111111110, sa_flags=SA_RESTART|SA_SIGINFO
SIGQUIT: [libjvm.so+0x90bd70], sa_mask[0]=11111111011111111101111111111110, sa_flags=SA_RESTART|SA_SIGINFO


---------------  S Y S T E M  ---------------

OS:DISTRIB_ID=Ubuntu
DISTRIB_RELEASE=16.04
DISTRIB_CODENAME=xenial
DISTRIB_DESCRIPTION="Ubuntu 16.04.6 LTS"

uname:Linux 4.15.0-91-generic #92~16.04.1-Ubuntu SMP Fri Feb 28 14:57:22 UTC 2020 x86_64
libc:glibc 2.23 NPTL 2.23 
rlimit: STACK 8192k, CORE 0k, NPROC 15448, NOFILE 1048576, AS infinity
load average:18.49 13.99 13.48

/proc/meminfo:
MemTotal:        4015936 kB
MemFree:          521168 kB
MemAvailable:     431248 kB
Buffers:             344 kB
Cached:            32028 kB
SwapCached:          748 kB
Active:          2510768 kB
Inactive:         501492 kB
Active(anon):    2497716 kB
Inactive(anon):   488256 kB
Active(file):      13052 kB
Inactive(file):    13236 kB
Unevictable:          48 kB
Mlocked:              48 kB
SwapTotal:        998396 kB
SwapFree:              8 kB
Dirty:               152 kB
Writeback:           100 kB
AnonPages:       2980016 kB
Mapped:            22128 kB
Shmem:              5688 kB
Slab:              95816 kB
SReclaimable:      34592 kB
SUnreclaim:        61224 kB
KernelStack:       14656 kB
PageTables:        40728 kB
NFS_Unstable:          0 kB
Bounce:                0 kB
WritebackTmp:          0 kB
CommitLimit:     3006364 kB
Committed_AS:    7962388 kB
VmallocTotal:   34359738367 kB
VmallocUsed:           0 kB
VmallocChunk:          0 kB
HardwareCorrupted:     0 kB
AnonHugePages:         0 kB
ShmemHugePages:        0 kB
ShmemPmdMapped:        0 kB
CmaTotal:              0 kB
CmaFree:               0 kB
HugePages_Total:       0
HugePages_Free:        0
HugePages_Rsvd:        0
HugePages_Surp:        0
Hugepagesize:       2048 kB
DirectMap4k:       94016 kB
DirectMap2M:     4100096 kB
DirectMap1G:     2097152 kB

container (cgroup) information:
container_type: cgroupv1
cpu_cpuset_cpus: 0-3
cpu_memory_nodes: 0
active_processor_count: 4
cpu_quota: -1
cpu_period: 100000
cpu_shares: -1
memory_limit_in_bytes: -1
memory_and_swap_limit_in_bytes: -2
memory_soft_limit_in_bytes: -1
memory_usage_in_bytes: 3100618752
memory_max_usage_in_bytes: 390221824


CPU:total 4 (initial active 4) (2 cores per cpu, 1 threads per core) family 6 model 158 stepping 9, cmov, cx8, fxsr, mmx, sse, sse2, sse3, ssse3, sse4.1, sse4.2, popcnt, avx, avx2, aes, clmul, erms, 3dnowpref, lzcnt, tsc, tscinvbit, bmi1, bmi2, adx

/proc/cpuinfo:
processor	: 0
vendor_id	: GenuineIntel
cpu family	: 6
model		: 158
model name	: Intel(R) Core(TM) i7-7700HQ CPU @ 2.80GHz
stepping	: 9
microcode	: 0xb4
cpu MHz		: 2808.002
cache size	: 6144 KB
physical id	: 0
siblings	: 2
core id		: 0
cpu cores	: 2
apicid		: 0
initial apicid	: 0
fpu		: yes
fpu_exception	: yes
cpuid level	: 22
wp		: yes
flags		: fpu vme de pse tsc msr pae mce cx8 apic sep mtrr pge mca cmov pat pse36 clflush mmx fxsr sse sse2 ss ht syscall nx pdpe1gb rdtscp lm constant_tsc arch_perfmon nopl xtopology tsc_reliable nonstop_tsc cpuid pni pclmulqdq ssse3 fma cx16 pcid sse4_1 sse4_2 x2apic movbe popcnt tsc_deadline_timer aes xsave avx f16c rdrand hypervisor lahf_lm abm 3dnowprefetch cpuid_fault invpcid_single pti ssbd ibrs ibpb stibp fsgsbase tsc_adjust bmi1 avx2 smep bmi2 invpcid mpx rdseed adx smap clflushopt xsaveopt xsavec xsaves arat md_clear flush_l1d arch_capabilities
bugs		: cpu_meltdown spectre_v1 spectre_v2 spec_store_bypass l1tf mds swapgs itlb_multihit
bogomips	: 5616.00
clflush size	: 64
cache_alignment	: 64
address sizes	: 43 bits physical, 48 bits virtual
power management:

processor	: 1
vendor_id	: GenuineIntel
cpu family	: 6
model		: 158
model name	: Intel(R) Core(TM) i7-7700HQ CPU @ 2.80GHz
stepping	: 9
microcode	: 0xb4
cpu MHz		: 2808.002
cache size	: 6144 KB
physical id	: 0
siblings	: 2
core id		: 1
cpu cores	: 2
apicid		: 1
initial apicid	: 1
fpu		: yes
fpu_exception	: yes
cpuid level	: 22
wp		: yes
flags		: fpu vme de pse tsc msr pae mce cx8 apic sep mtrr pge mca cmov pat pse36 clflush mmx fxsr sse sse2 ss ht syscall nx pdpe1gb rdtscp lm constant_tsc arch_perfmon nopl xtopology tsc_reliable nonstop_tsc cpuid pni pclmulqdq ssse3 fma cx16 pcid sse4_1 sse4_2 x2apic movbe popcnt tsc_deadline_timer aes xsave avx f16c rdrand hypervisor lahf_lm abm 3dnowprefetch cpuid_fault invpcid_single pti ssbd ibrs ibpb stibp fsgsbase tsc_adjust bmi1 avx2 smep bmi2 invpcid mpx rdseed adx smap clflushopt xsaveopt xsavec xsaves arat md_clear flush_l1d arch_capabilities
bugs		: cpu_meltdown spectre_v1 spectre_v2 spec_store_bypass l1tf mds swapgs itlb_multihit
bogomips	: 5616.00
clflush size	: 64
cache_alignment	: 64
address sizes	: 43 bits physical, 48 bits virtual
power management:

processor	: 2
vendor_id	: GenuineIntel
cpu family	: 6
model		: 158
model name	: Intel(R) Core(TM) i7-7700HQ CPU @ 2.80GHz
stepping	: 9
microcode	: 0xb4
cpu MHz		: 2808.002
cache size	: 6144 KB
physical id	: 1
siblings	: 2
core id		: 0
cpu cores	: 2
apicid		: 2
initial apicid	: 2
fpu		: yes
fpu_exception	: yes
cpuid level	: 22
wp		: yes
flags		: fpu vme de pse tsc msr pae mce cx8 apic sep mtrr pge mca cmov pat pse36 clflush mmx fxsr sse sse2 ss ht syscall nx pdpe1gb rdtscp lm constant_tsc arch_perfmon nopl xtopology tsc_reliable nonstop_tsc cpuid pni pclmulqdq ssse3 fma cx16 pcid sse4_1 sse4_2 x2apic movbe popcnt tsc_deadline_timer aes xsave avx f16c rdrand hypervisor lahf_lm abm 3dnowprefetch cpuid_fault invpcid_single pti ssbd ibrs ibpb stibp fsgsbase tsc_adjust bmi1 avx2 smep bmi2 invpcid mpx rdseed adx smap clflushopt xsaveopt xsavec xsaves arat md_clear flush_l1d arch_capabilities
bugs		: cpu_meltdown spectre_v1 spectre_v2 spec_store_bypass l1tf mds swapgs itlb_multihit
bogomips	: 5616.00
clflush size	: 64
cache_alignment	: 64
address sizes	: 43 bits physical, 48 bits virtual
power management:

processor	: 3
vendor_id	: GenuineIntel
cpu family	: 6
model		: 158
model name	: Intel(R) Core(TM) i7-7700HQ CPU @ 2.80GHz
stepping	: 9
microcode	: 0xb4
cpu MHz		: 2808.002
cache size	: 6144 KB
physical id	: 1
siblings	: 2
core id		: 1
cpu cores	: 2
apicid		: 3
initial apicid	: 3
fpu		: yes
fpu_exception	: yes
cpuid level	: 22
wp		: yes
flags		: fpu vme de pse tsc msr pae mce cx8 apic sep mtrr pge mca cmov pat pse36 clflush mmx fxsr sse sse2 ss ht syscall nx pdpe1gb rdtscp lm constant_tsc arch_perfmon nopl xtopology tsc_reliable nonstop_tsc cpuid pni pclmulqdq ssse3 fma cx16 pcid sse4_1 sse4_2 x2apic movbe popcnt tsc_deadline_timer aes xsave avx f16c rdrand hypervisor lahf_lm abm 3dnowprefetch cpuid_fault invpcid_single pti ssbd ibrs ibpb stibp fsgsbase tsc_adjust bmi1 avx2 smep bmi2 invpcid mpx rdseed adx smap clflushopt xsaveopt xsavec xsaves arat md_clear flush_l1d arch_capabilities
bugs		: cpu_meltdown spectre_v1 spectre_v2 spec_store_bypass l1tf mds swapgs itlb_multihit
bogomips	: 5616.00
clflush size	: 64
cache_alignment	: 64
address sizes	: 43 bits physical, 48 bits virtual
power management:



Memory: 4k page, physical 4015936k(506940k free), swap 998396k(100k free)

vm_info: Java HotSpot(TM) 64-Bit Server VM (25.201-b09) for linux-amd64 JRE (1.8.0_201-b09), built on Dec 15 2018 11:35:59 by "java_re" with gcc 7.3.0

time: Sat Mar 28 22:01:14 2020
timezone: CST
elapsed time: 40 seconds (0d 0h 0m 40s)

