#
# There is insufficient memory for the Java Runtime Environment to continue.
# Native memory allocation (mmap) failed to map 32505856 bytes for committing reserved memory.
# Possible reasons:
#   The system is out of physical RAM or swap space
#   The process is running with CompressedOops enabled, and the Java Heap may be blocking the growth of the native heap
# Possible solutions:
#   Reduce memory load on the system
#   Increase physical memory or swap space
#   Check if swap backing store is full
#   Decrease Java heap size (-Xmx/-Xms)
#   Decrease number of Java threads
#   Decrease Java thread stack sizes (-Xss)
#   Set larger code cache with -XX:ReservedCodeCacheSize=
#   JVM is running with Unscaled Compressed Oops mode in which the Java heap is
#     placed in the first 4GB address space. The Java Heap base address is the
#     maximum limit for the native heap growth. Please use -XX:HeapBaseMinAddress
#     to set the Java Heap base and to place the Java Heap above 4GB virtual address.
# This output file may be truncated or incomplete.
#
#  Out of Memory Error (os_linux.cpp:2749), pid=73202, tid=0x00007f01e6644700
#
# JRE version: Java(TM) SE Runtime Environment (8.0_201-b09) (build 1.8.0_201-b09)
# Java VM: Java HotSpot(TM) 64-Bit Server VM (25.201-b09 mixed mode linux-amd64 compressed oops)
# Failed to write core dump. Core dumps have been disabled. To enable core dumping, try "ulimit -c unlimited" before starting Java again
#

---------------  T H R E A D  ---------------

Current thread (0x00007f01f8140000):  VMThread [stack: 0x00007f01e6544000,0x00007f01e6645000] [id=73251]

Stack: [0x00007f01e6544000,0x00007f01e6645000],  sp=0x00007f01e6643450,  free space=1021k
Native frames: (J=compiled Java code, j=interpreted, Vv=VM code, C=native code)
V  [libjvm.so+0xad3525]  VMError::report_and_die()+0x2e5
V  [libjvm.so+0x4e0457]  report_vm_out_of_memory(char const*, int, unsigned long, VMErrorType, char const*)+0x67
V  [libjvm.so+0x9102f0]  os::pd_commit_memory(char*, unsigned long, unsigned long, bool)+0x100
V  [libjvm.so+0x90791f]  os::commit_memory(char*, unsigned long, unsigned long, bool)+0x1f
V  [libjvm.so+0x98c806]  PSVirtualSpace::expand_by(unsigned long)+0x56
V  [libjvm.so+0x98da98]  PSYoungGen::resize(unsigned long, unsigned long)+0xd8
V  [libjvm.so+0x98a236]  PSScavenge::invoke_no_policy()+0x1376
V  [libjvm.so+0x98a5cc]  PSScavenge::invoke()+0x4c
V  [libjvm.so+0x93a318]  ParallelScavengeHeap::failed_mem_allocate(unsigned long)+0x68
V  [libjvm.so+0xad5073]  VM_ParallelGCFailedAllocation::doit()+0x93
V  [libjvm.so+0xada296]  VM_Operation::evaluate()+0x46
V  [libjvm.so+0xad85cd]  VMThread::evaluate_operation(VM_Operation*) [clone .constprop.44]+0xcd
V  [libjvm.so+0xad8bb3]  VMThread::loop()+0x3a3
V  [libjvm.so+0xad8f88]  VMThread::run()+0x78
V  [libjvm.so+0x90d922]  java_start(Thread*)+0x102

VM_Operation (0x00007f01dcbf3b20): ParallelGCFailedAllocation, mode: safepoint, requested by thread 0x00007f0194001000


---------------  P R O C E S S  ---------------

Java Threads: ( => current thread )
  0x00007f0194001000 JavaThread "RMI TCP Connection(3)-127.0.0.1" daemon [_thread_blocked, id=73589, stack(0x00007f01dcafa000,0x00007f01dcbfb000)]
  0x00007f016c038000 JavaThread "RMI Scheduler(0)" daemon [_thread_blocked, id=73581, stack(0x00007f01dcbfb000,0x00007f01dccfc000)]
  0x00007f016c030800 JavaThread "RMI RenewClean-[127.0.0.1:6269]" daemon [_thread_blocked, id=73575, stack(0x00007f01dccfc000,0x00007f01dcdfd000)]
  0x00007f01a0001000 JavaThread "RMI TCP Connection(4)-127.0.0.1" daemon [_thread_blocked, id=73558, stack(0x00007f01dcdfd000,0x00007f01dcefe000)]
  0x00007f0190005000 JavaThread "pool-3-thread-3" [_thread_in_native, id=73526, stack(0x00007f01dcefe000,0x00007f01dcfff000)]
  0x00007f0190003000 JavaThread "pool-3-thread-2" [_thread_in_native, id=73523, stack(0x00007f01e40ef000,0x00007f01e41f0000)]
  0x00007f0190002000 JavaThread "pool-3-thread-1" [_thread_in_native, id=73520, stack(0x00007f01e41f0000,0x00007f01e42f1000)]
  0x00007f01f81ff000 JavaThread "Thread-3" [_thread_in_native, id=73377, stack(0x00007f01e42f1000,0x00007f01e43f2000)]
  0x00007f01f81fd000 JavaThread "Thread-2" [_thread_in_native, id=73373, stack(0x00007f01e43f2000,0x00007f01e44f3000)]
  0x00007f01f81a4800 JavaThread "process reaper" daemon [_thread_in_native, id=73371, stack(0x00007f01e44f3000,0x00007f01e452c000)]
  0x00007f01f83b9000 JavaThread "pool-2-thread-1" [_thread_in_native, id=73348, stack(0x00007f01e452c000,0x00007f01e462d000)]
  0x00007f01f83b7000 JavaThread "GC Daemon" daemon [_thread_blocked, id=73345, stack(0x00007f01e462d000,0x00007f01e472e000)]
  0x00007f01f83b4000 JavaThread "RMI Reaper" [_thread_blocked, id=73335, stack(0x00007f01e472e000,0x00007f01e482f000)]
  0x00007f01f83ab000 JavaThread "RMI TCP Accept-16660" daemon [_thread_in_native, id=73333, stack(0x00007f01e482f000,0x00007f01e4930000)]
  0x00007f01f83a6000 JavaThread "RMI TCP Accept-16085" daemon [_thread_in_native, id=73322, stack(0x00007f01e4930000,0x00007f01e4a31000)]
  0x00007f01f82e1800 JavaThread "logback-3" daemon [_thread_blocked, id=73307, stack(0x00007f01e4c31000,0x00007f01e4d32000)]
  0x00007f01f82dd800 JavaThread "logback-2" daemon [_thread_blocked, id=73305, stack(0x00007f01e4d32000,0x00007f01e4e33000)]
  0x00007f01f82dc000 JavaThread "logback-1" daemon [_thread_blocked, id=73302, stack(0x00007f01e4e33000,0x00007f01e4f34000)]
  0x00007f01f8189000 JavaThread "Service Thread" daemon [_thread_blocked, id=73284, stack(0x00007f01e547e000,0x00007f01e557f000)]
  0x00007f01f8186000 JavaThread "C1 CompilerThread2" daemon [_thread_blocked, id=73280, stack(0x00007f01e557f000,0x00007f01e5680000)]
  0x00007f01f8184800 JavaThread "C2 CompilerThread1" daemon [_thread_blocked, id=73274, stack(0x00007f01e5680000,0x00007f01e5781000)]
  0x00007f01f8181800 JavaThread "C2 CompilerThread0" daemon [_thread_blocked, id=73273, stack(0x00007f01e5781000,0x00007f01e5882000)]
  0x00007f01f8180000 JavaThread "Signal Dispatcher" daemon [_thread_blocked, id=73272, stack(0x00007f01e5882000,0x00007f01e5983000)]
  0x00007f01f814c000 JavaThread "Finalizer" daemon [_thread_blocked, id=73264, stack(0x00007f01e6342000,0x00007f01e6443000)]
  0x00007f01f8149800 JavaThread "Reference Handler" daemon [_thread_blocked, id=73255, stack(0x00007f01e6443000,0x00007f01e6544000)]
  0x00007f01f800a800 JavaThread "main" [_thread_in_native, id=73215, stack(0x00007f0200a6b000,0x00007f0200b6c000)]

Other Threads:
=>0x00007f01f8140000 VMThread [stack: 0x00007f01e6544000,0x00007f01e6645000] [id=73251]
  0x00007f01f818b800 WatcherThread [stack: 0x00007f01e537d000,0x00007f01e547e000] [id=73287]

VM state:at safepoint (normal execution)

VM Mutex/Monitor currently owned by a thread:  ([mutex/lock_event])
[0x00007f01f8007030] Threads_lock - owner thread: 0x00007f01f8140000
[0x00007f01f8007530] Heap_lock - owner thread: 0x00007f0194001000

heap address: 0x00000000c2a00000, size: 982 MB, Compressed Oops mode: 32-bit
Narrow klass base: 0x0000000000000000, Narrow klass shift: 3
Compressed class space size: 1073741824 Address: 0x0000000100000000

Heap:
 PSYoungGen      total 34304K, used 2556K [0x00000000eb900000, 0x00000000edd00000, 0x0000000100000000)
  eden space 31744K, 0% used [0x00000000eb900000,0x00000000eb900000,0x00000000ed800000)
  from space 2560K, 99% used [0x00000000ed800000,0x00000000eda7f130,0x00000000eda80000)
  to   space 2560K, 0% used [0x00000000eda80000,0x00000000eda80000,0x00000000edd00000)
 ParOldGen       total 42496K, used 5841K [0x00000000c2a00000, 0x00000000c5380000, 0x00000000eb900000)
  object space 42496K, 13% used [0x00000000c2a00000,0x00000000c2fb4558,0x00000000c5380000)
 Metaspace       used 13659K, capacity 14060K, committed 14336K, reserved 1062912K
  class space    used 1585K, capacity 1704K, committed 1792K, reserved 1048576K

Card table byte_map: [0x00007f01fd620000,0x00007f01fd80c000] byte_map_base: 0x00007f01fd00b000

Marking Bits: (ParMarkBitMap*) 0x00007f01fff42d80
 Begin Bits: [0x00007f01e7150000, 0x00007f01e80a8000)
 End Bits:   [0x00007f01e80a8000, 0x00007f01e9000000)

Polling page: 0x00007f0200b87000

CodeCache: size=245760Kb used=5118Kb max_used=5119Kb free=240641Kb
 bounds [0x00007f01e9000000, 0x00007f01e9510000, 0x00007f01f8000000]
 total_blobs=1851 nmethods=1503 adapters=261
 compilation: enabled

Compilation events (10 events):
Event: 95.696 Thread 0x00007f01f8186000 1505       3       org.evosuite.shaded.org.objectweb.asm.MethodVisitor::visitLineNumber (17 bytes)
Event: 95.697 Thread 0x00007f01f8186000 nmethod 1505 0x00007f01e9500f10 code [0x00007f01e9501080, 0x00007f01e95012e8]
Event: 95.697 Thread 0x00007f01f8186000 1507       3       org.evosuite.shaded.org.objectweb.asm.commons.LocalVariablesSorter::visitVarInsn (123 bytes)
Event: 95.697 Thread 0x00007f01f8186000 nmethod 1507 0x00007f01e9500950 code [0x00007f01e9500ae0, 0x00007f01e9500e18]
Event: 95.697 Thread 0x00007f01f8186000 1508       3       org.evosuite.shaded.org.objectweb.asm.commons.LocalVariablesSorter::remap (118 bytes)
Event: 95.697 Thread 0x00007f01f8186000 nmethod 1508 0x00007f01e94ffb50 code [0x00007f01e94ffd20, 0x00007f01e95005d8]
Event: 95.697 Thread 0x00007f01f8186000 1503       3       org.evosuite.shaded.org.objectweb.asm.ByteVector::putShort (52 bytes)
Event: 95.698 Thread 0x00007f01f8186000 nmethod 1503 0x00007f01e94ff610 code [0x00007f01e94ff780, 0x00007f01e94ff9c8]
Event: 95.698 Thread 0x00007f01f8186000 1502       3       org.evosuite.shaded.org.objectweb.asm.Label::getFirst (19 bytes)
Event: 95.698 Thread 0x00007f01f8186000 nmethod 1502 0x00007f01e94ff250 code [0x00007f01e94ff3c0, 0x00007f01e94ff570]

GC Heap History (7 events):
Event: 1.728 GC heap before
{Heap before GC invocations=1 (full 0):
 PSYoungGen      total 18432K, used 15872K [0x00000000eb900000, 0x00000000ecd80000, 0x0000000100000000)
  eden space 15872K, 100% used [0x00000000eb900000,0x00000000ec880000,0x00000000ec880000)
  from space 2560K, 0% used [0x00000000ecb00000,0x00000000ecb00000,0x00000000ecd80000)
  to   space 2560K, 0% used [0x00000000ec880000,0x00000000ec880000,0x00000000ecb00000)
 ParOldGen       total 42496K, used 0K [0x00000000c2a00000, 0x00000000c5380000, 0x00000000eb900000)
  object space 42496K, 0% used [0x00000000c2a00000,0x00000000c2a00000,0x00000000c5380000)
 Metaspace       used 10041K, capacity 10188K, committed 10368K, reserved 1058816K
  class space    used 1212K, capacity 1287K, committed 1408K, reserved 1048576K
Event: 1.749 GC heap after
Heap after GC invocations=1 (full 0):
 PSYoungGen      total 18432K, used 2560K [0x00000000eb900000, 0x00000000edd00000, 0x0000000100000000)
  eden space 15872K, 0% used [0x00000000eb900000,0x00000000eb900000,0x00000000ec880000)
  from space 2560K, 100% used [0x00000000ec880000,0x00000000ecb00000,0x00000000ecb00000)
  to   space 2560K, 0% used [0x00000000eda80000,0x00000000eda80000,0x00000000edd00000)
 ParOldGen       total 42496K, used 1631K [0x00000000c2a00000, 0x00000000c5380000, 0x00000000eb900000)
  object space 42496K, 3% used [0x00000000c2a00000,0x00000000c2b97d90,0x00000000c5380000)
 Metaspace       used 10041K, capacity 10188K, committed 10368K, reserved 1058816K
  class space    used 1212K, capacity 1287K, committed 1408K, reserved 1048576K
}
Event: 1.845 GC heap before
{Heap before GC invocations=2 (full 0):
 PSYoungGen      total 18432K, used 3424K [0x00000000eb900000, 0x00000000edd00000, 0x0000000100000000)
  eden space 15872K, 5% used [0x00000000eb900000,0x00000000eb9d8118,0x00000000ec880000)
  from space 2560K, 100% used [0x00000000ec880000,0x00000000ecb00000,0x00000000ecb00000)
  to   space 2560K, 0% used [0x00000000eda80000,0x00000000eda80000,0x00000000edd00000)
 ParOldGen       total 42496K, used 1631K [0x00000000c2a00000, 0x00000000c5380000, 0x00000000eb900000)
  object space 42496K, 3% used [0x00000000c2a00000,0x00000000c2b97d90,0x00000000c5380000)
 Metaspace       used 10179K, capacity 10316K, committed 10624K, reserved 1058816K
  class space    used 1227K, capacity 1287K, committed 1408K, reserved 1048576K
Event: 1.850 GC heap after
Heap after GC invocations=2 (full 0):
 PSYoungGen      total 34304K, used 2544K [0x00000000eb900000, 0x00000000edd00000, 0x0000000100000000)
  eden space 31744K, 0% used [0x00000000eb900000,0x00000000eb900000,0x00000000ed800000)
  from space 2560K, 99% used [0x00000000eda80000,0x00000000edcfc010,0x00000000edd00000)
  to   space 2560K, 0% used [0x00000000ed800000,0x00000000ed800000,0x00000000eda80000)
 ParOldGen       total 42496K, used 1686K [0x00000000c2a00000, 0x00000000c5380000, 0x00000000eb900000)
  object space 42496K, 3% used [0x00000000c2a00000,0x00000000c2ba5a80,0x00000000c5380000)
 Metaspace       used 10179K, capacity 10316K, committed 10624K, reserved 1058816K
  class space    used 1227K, capacity 1287K, committed 1408K, reserved 1048576K
}
Event: 1.850 GC heap before
{Heap before GC invocations=3 (full 1):
 PSYoungGen      total 34304K, used 2544K [0x00000000eb900000, 0x00000000edd00000, 0x0000000100000000)
  eden space 31744K, 0% used [0x00000000eb900000,0x00000000eb900000,0x00000000ed800000)
  from space 2560K, 99% used [0x00000000eda80000,0x00000000edcfc010,0x00000000edd00000)
  to   space 2560K, 0% used [0x00000000ed800000,0x00000000ed800000,0x00000000eda80000)
 ParOldGen       total 42496K, used 1686K [0x00000000c2a00000, 0x00000000c5380000, 0x00000000eb900000)
  object space 42496K, 3% used [0x00000000c2a00000,0x00000000c2ba5a80,0x00000000c5380000)
 Metaspace       used 10179K, capacity 10316K, committed 10624K, reserved 1058816K
  class space    used 1227K, capacity 1287K, committed 1408K, reserved 1048576K
Event: 1.907 GC heap after
Heap after GC invocations=3 (full 1):
 PSYoungGen      total 34304K, used 0K [0x00000000eb900000, 0x00000000edd00000, 0x0000000100000000)
  eden space 31744K, 0% used [0x00000000eb900000,0x00000000eb900000,0x00000000ed800000)
  from space 2560K, 0% used [0x00000000eda80000,0x00000000eda80000,0x00000000edd00000)
  to   space 2560K, 0% used [0x00000000ed800000,0x00000000ed800000,0x00000000eda80000)
 ParOldGen       total 42496K, used 2629K [0x00000000c2a00000, 0x00000000c5380000, 0x00000000eb900000)
  object space 42496K, 6% used [0x00000000c2a00000,0x00000000c2c916a0,0x00000000c5380000)
 Metaspace       used 10171K, capacity 10306K, committed 10624K, reserved 1058816K
  class space    used 1225K, capacity 1285K, committed 1408K, reserved 1048576K
}
Event: 95.706 GC heap before
{Heap before GC invocations=4 (full 1):
 PSYoungGen      total 34304K, used 31744K [0x00000000eb900000, 0x00000000edd00000, 0x0000000100000000)
  eden space 31744K, 100% used [0x00000000eb900000,0x00000000ed800000,0x00000000ed800000)
  from space 2560K, 0% used [0x00000000eda80000,0x00000000eda80000,0x00000000edd00000)
  to   space 2560K, 0% used [0x00000000ed800000,0x00000000ed800000,0x00000000eda80000)
 ParOldGen       total 42496K, used 2629K [0x00000000c2a00000, 0x00000000c5380000, 0x00000000eb900000)
  object space 42496K, 6% used [0x00000000c2a00000,0x00000000c2c916a0,0x00000000c5380000)
 Metaspace       used 13659K, capacity 14060K, committed 14336K, reserved 1062912K
  class space    used 1585K, capacity 1704K, committed 1792K, reserved 1048576K

Deoptimization events (10 events):
Event: 93.544 Thread 0x00007f01a0001000 Uncommon trap: reason=unstable_if action=reinterpret pc=0x00007f01e93d000c method=java.io.ObjectInputStream.defaultReadFields(Ljava/lang/Object;Ljava/io/ObjectStreamClass;)V @ 39
Event: 94.007 Thread 0x00007f0194001000 Uncommon trap: reason=unstable_if action=reinterpret pc=0x00007f01e93c5eec method=java.io.ObjectInputStream$HandleTable.finish(I)V @ 4
Event: 94.776 Thread 0x00007f0194001000 Uncommon trap: reason=class_check action=maybe_recompile pc=0x00007f01e93fe4bc method=java.util.HashMap.putVal(ILjava/lang/Object;Ljava/lang/Object;ZZ)Ljava/lang/Object; @ 203
Event: 94.777 Thread 0x00007f0194001000 Uncommon trap: reason=class_check action=maybe_recompile pc=0x00007f01e93fe4bc method=java.util.HashMap.putVal(ILjava/lang/Object;Ljava/lang/Object;ZZ)Ljava/lang/Object; @ 203
Event: 94.784 Thread 0x00007f0194001000 Uncommon trap: reason=class_check action=maybe_recompile pc=0x00007f01e93fe4bc method=java.util.HashMap.putVal(ILjava/lang/Object;Ljava/lang/Object;ZZ)Ljava/lang/Object; @ 203
Event: 94.784 Thread 0x00007f0194001000 Uncommon trap: reason=class_check action=maybe_recompile pc=0x00007f01e93fe4bc method=java.util.HashMap.putVal(ILjava/lang/Object;Ljava/lang/Object;ZZ)Ljava/lang/Object; @ 203
Event: 94.898 Thread 0x00007f0194001000 Uncommon trap: reason=bimorphic action=maybe_recompile pc=0x00007f01e9427e58 method=java.util.HashMap.putVal(ILjava/lang/Object;Ljava/lang/Object;ZZ)Ljava/lang/Object; @ 203
Event: 94.898 Thread 0x00007f0194001000 Uncommon trap: reason=bimorphic action=maybe_recompile pc=0x00007f01e9427e58 method=java.util.HashMap.putVal(ILjava/lang/Object;Ljava/lang/Object;ZZ)Ljava/lang/Object; @ 203
Event: 94.898 Thread 0x00007f0194001000 Uncommon trap: reason=unstable_if action=reinterpret pc=0x00007f01e91f68d0 method=java.lang.AbstractStringBuilder.append(Ljava/lang/String;)Ljava/lang/AbstractStringBuilder; @ 1
Event: 95.091 Thread 0x00007f0194001000 Uncommon trap: reason=unstable_if action=reinterpret pc=0x00007f01e91d8738 method=java.lang.AbstractStringBuilder.append(Ljava/lang/String;)Ljava/lang/AbstractStringBuilder; @ 1

Classes redefined (0 events):
No events

Internal exceptions (10 events):
Event: 81.020 Thread 0x00007f01f82dc000 Exception <a 'java/net/ConnectException'> (0x00000000ebd05600) thrown at [/HUDSON/workspace/8-2-build-linux-amd64/jdk8u201/12317/hotspot/src/share/vm/prims/jni.cpp, line 709]
Event: 81.020 Thread 0x00007f01f82dd800 Exception <a 'java/net/ConnectException'> (0x00000000ebcb5e40) thrown at [/HUDSON/workspace/8-2-build-linux-amd64/jdk8u201/12317/hotspot/src/share/vm/prims/jni.cpp, line 709]
Event: 91.096 Thread 0x00007f01f82dc000 Exception <a 'java/net/ConnectException'> (0x00000000ebd06128) thrown at [/HUDSON/workspace/8-2-build-linux-amd64/jdk8u201/12317/hotspot/src/share/vm/prims/jni.cpp, line 709]
Event: 91.096 Thread 0x00007f01f82dd800 Exception <a 'java/net/ConnectException'> (0x00000000ebcb6968) thrown at [/HUDSON/workspace/8-2-build-linux-amd64/jdk8u201/12317/hotspot/src/share/vm/prims/jni.cpp, line 709]
Event: 91.106 Thread 0x00007f01f82e1800 Exception <a 'java/net/ConnectException'> (0x00000000ebd55678) thrown at [/HUDSON/workspace/8-2-build-linux-amd64/jdk8u201/12317/hotspot/src/share/vm/prims/jni.cpp, line 709]
Event: 93.436 Thread 0x00007f0194001000 Implicit null exception at 0x00007f01e93c463c to 0x00007f01e93c491d
Event: 93.544 Thread 0x00007f01a0001000 Implicit null exception at 0x00007f01e93cef16 to 0x00007f01e93cffe9
Event: 93.864 Thread 0x00007f0194001000 Exception <a 'java/lang/NoSuchMethodError': <clinit>> (0x00000000ec507da0) thrown at [/HUDSON/workspace/8-2-build-linux-amd64/jdk8u201/12317/hotspot/src/share/vm/prims/jni.cpp, line 1613]
Event: 94.898 Thread 0x00007f0194001000 Implicit null exception at 0x00007f01e91f64f3 to 0x00007f01e91f68bd
Event: 95.091 Thread 0x00007f0194001000 Implicit null exception at 0x00007f01e91d8376 to 0x00007f01e91d8721

Events (10 events):
Event: 95.057 Thread 0x00007f0194001000 DEOPT PACKING pc=0x00007f01e945476d sp=0x00007f01dcbf3c60
Event: 95.057 Thread 0x00007f0194001000 DEOPT UNPACKING pc=0x00007f01e9047784 sp=0x00007f01dcbf3a70 mode 0
Event: 95.057 Thread 0x00007f0194001000 DEOPT PACKING pc=0x00007f01e945476d sp=0x00007f01dcbf3c60
Event: 95.057 Thread 0x00007f0194001000 DEOPT UNPACKING pc=0x00007f01e9047784 sp=0x00007f01dcbf3a70 mode 0
Event: 95.091 Thread 0x00007f0194001000 Uncommon trap: trap_request=0xffffff65 fr.pc=0x00007f01e91d8738
Event: 95.091 Thread 0x00007f0194001000 DEOPT PACKING pc=0x00007f01e91d8738 sp=0x00007f01dcbf3b00
Event: 95.091 Thread 0x00007f0194001000 DEOPT UNPACKING pc=0x00007f01e904573a sp=0x00007f01dcbf3ae0 mode 2
Event: 95.578 loading class org/evosuite/testcase/execution/TestCaseExecutor$TimeoutExceeded
Event: 95.578 loading class org/evosuite/testcase/execution/TestCaseExecutor$TimeoutExceeded done
Event: 95.706 Executing VM operation: ParallelGCFailedAllocation


Dynamic libraries:
00400000-00401000 r-xp 00000000 08:01 654793                             /usr/lib/jdk/jdk1.8.0_201/bin/java
00600000-00601000 r--p 00000000 08:01 654793                             /usr/lib/jdk/jdk1.8.0_201/bin/java
00601000-00602000 rw-p 00001000 08:01 654793                             /usr/lib/jdk/jdk1.8.0_201/bin/java
0063f000-00807000 rw-p 00000000 00:00 0                                  [heap]
c2a00000-c5380000 rw-p 00000000 00:00 0 
c5380000-eb900000 ---p 00000000 00:00 0 
eb900000-edd00000 rw-p 00000000 00:00 0 
efc00000-100000000 ---p 00000000 00:00 0 
100000000-1001c0000 rw-p 00000000 00:00 0 
1001c0000-140000000 ---p 00000000 00:00 0 
7f0164000000-7f0164021000 rw-p 00000000 00:00 0 
7f0164021000-7f0168000000 ---p 00000000 00:00 0 
7f016c000000-7f016c03c000 rw-p 00000000 00:00 0 
7f016c03c000-7f0170000000 ---p 00000000 00:00 0 
7f0170000000-7f0170021000 rw-p 00000000 00:00 0 
7f0170021000-7f0174000000 ---p 00000000 00:00 0 
7f0174000000-7f0174021000 rw-p 00000000 00:00 0 
7f0174021000-7f0178000000 ---p 00000000 00:00 0 
7f0178000000-7f0178021000 rw-p 00000000 00:00 0 
7f0178021000-7f017c000000 ---p 00000000 00:00 0 
7f017c000000-7f017c021000 rw-p 00000000 00:00 0 
7f017c021000-7f0180000000 ---p 00000000 00:00 0 
7f0180000000-7f0180021000 rw-p 00000000 00:00 0 
7f0180021000-7f0184000000 ---p 00000000 00:00 0 
7f0184000000-7f0184021000 rw-p 00000000 00:00 0 
7f0184021000-7f0188000000 ---p 00000000 00:00 0 
7f0188000000-7f0188021000 rw-p 00000000 00:00 0 
7f0188021000-7f018c000000 ---p 00000000 00:00 0 
7f018c000000-7f018c021000 rw-p 00000000 00:00 0 
7f018c021000-7f0190000000 ---p 00000000 00:00 0 
7f0190000000-7f0190021000 rw-p 00000000 00:00 0 
7f0190021000-7f0194000000 ---p 00000000 00:00 0 
7f0194000000-7f0194021000 rw-p 00000000 00:00 0 
7f0194021000-7f0198000000 ---p 00000000 00:00 0 
7f0198000000-7f0198021000 rw-p 00000000 00:00 0 
7f0198021000-7f019c000000 ---p 00000000 00:00 0 
7f019c000000-7f019c021000 rw-p 00000000 00:00 0 
7f019c021000-7f01a0000000 ---p 00000000 00:00 0 
7f01a0000000-7f01a0021000 rw-p 00000000 00:00 0 
7f01a0021000-7f01a4000000 ---p 00000000 00:00 0 
7f01a4000000-7f01a4021000 rw-p 00000000 00:00 0 
7f01a4021000-7f01a8000000 ---p 00000000 00:00 0 
7f01a8000000-7f01a8021000 rw-p 00000000 00:00 0 
7f01a8021000-7f01ac000000 ---p 00000000 00:00 0 
7f01ac000000-7f01ac021000 rw-p 00000000 00:00 0 
7f01ac021000-7f01b0000000 ---p 00000000 00:00 0 
7f01b0000000-7f01b0021000 rw-p 00000000 00:00 0 
7f01b0021000-7f01b4000000 ---p 00000000 00:00 0 
7f01b4000000-7f01b45e7000 rw-p 00000000 00:00 0 
7f01b45e7000-7f01b8000000 ---p 00000000 00:00 0 
7f01b8000000-7f01b8672000 rw-p 00000000 00:00 0 
7f01b8672000-7f01bc000000 ---p 00000000 00:00 0 
7f01bc000000-7f01bc021000 rw-p 00000000 00:00 0 
7f01bc021000-7f01c0000000 ---p 00000000 00:00 0 
7f01c0000000-7f01c0d71000 rw-p 00000000 00:00 0 
7f01c0d71000-7f01c4000000 ---p 00000000 00:00 0 
7f01c4000000-7f01c4021000 rw-p 00000000 00:00 0 
7f01c4021000-7f01c8000000 ---p 00000000 00:00 0 
7f01c8000000-7f01c8021000 rw-p 00000000 00:00 0 
7f01c8021000-7f01cc000000 ---p 00000000 00:00 0 
7f01cc000000-7f01cc021000 rw-p 00000000 00:00 0 
7f01cc021000-7f01d0000000 ---p 00000000 00:00 0 
7f01d0000000-7f01d029b000 rw-p 00000000 00:00 0 
7f01d029b000-7f01d4000000 ---p 00000000 00:00 0 
7f01d4000000-7f01d4021000 rw-p 00000000 00:00 0 
7f01d4021000-7f01d8000000 ---p 00000000 00:00 0 
7f01d8000000-7f01d8021000 rw-p 00000000 00:00 0 
7f01d8021000-7f01dc000000 ---p 00000000 00:00 0 
7f01dc6fa000-7f01dc73a000 rw-p 00000000 00:00 0 
7f01dc73a000-7f01dc8fa000 ---p 00000000 00:00 0 
7f01dc8fa000-7f01dcafa000 rw-p 00000000 00:00 0 
7f01dcafa000-7f01dcafd000 ---p 00000000 00:00 0 
7f01dcafd000-7f01dcbfb000 rw-p 00000000 00:00 0 
7f01dcbfb000-7f01dcbfe000 ---p 00000000 00:00 0 
7f01dcbfe000-7f01dccfc000 rw-p 00000000 00:00 0 
7f01dccfc000-7f01dccff000 ---p 00000000 00:00 0 
7f01dccff000-7f01dcdfd000 rw-p 00000000 00:00 0 
7f01dcdfd000-7f01dce00000 ---p 00000000 00:00 0 
7f01dce00000-7f01dcefe000 rw-p 00000000 00:00 0 
7f01dcefe000-7f01dcf01000 ---p 00000000 00:00 0 
7f01dcf01000-7f01e0000000 rw-p 00000000 00:00 0 
7f01e0000000-7f01e0021000 rw-p 00000000 00:00 0 
7f01e0021000-7f01e4000000 ---p 00000000 00:00 0 
7f01e40ef000-7f01e40f2000 ---p 00000000 00:00 0 
7f01e40f2000-7f01e41f0000 rw-p 00000000 00:00 0 
7f01e41f0000-7f01e41f3000 ---p 00000000 00:00 0 
7f01e41f3000-7f01e42f1000 rw-p 00000000 00:00 0 
7f01e42f1000-7f01e42f4000 ---p 00000000 00:00 0 
7f01e42f4000-7f01e43f2000 rw-p 00000000 00:00 0 
7f01e43f2000-7f01e43f5000 ---p 00000000 00:00 0 
7f01e43f5000-7f01e44f3000 rw-p 00000000 00:00 0 
7f01e44f3000-7f01e44f6000 ---p 00000000 00:00 0 
7f01e44f6000-7f01e452c000 rw-p 00000000 00:00 0 
7f01e452c000-7f01e452f000 ---p 00000000 00:00 0 
7f01e452f000-7f01e462d000 rw-p 00000000 00:00 0 
7f01e462d000-7f01e4630000 ---p 00000000 00:00 0 
7f01e4630000-7f01e472e000 rw-p 00000000 00:00 0 
7f01e472e000-7f01e4731000 ---p 00000000 00:00 0 
7f01e4731000-7f01e482f000 rw-p 00000000 00:00 0 
7f01e482f000-7f01e4832000 ---p 00000000 00:00 0 
7f01e4832000-7f01e4930000 rw-p 00000000 00:00 0 
7f01e4930000-7f01e4933000 ---p 00000000 00:00 0 
7f01e4933000-7f01e4c31000 rw-p 00000000 00:00 0 
7f01e4c31000-7f01e4c34000 ---p 00000000 00:00 0 
7f01e4c34000-7f01e4d32000 rw-p 00000000 00:00 0 
7f01e4d32000-7f01e4d35000 ---p 00000000 00:00 0 
7f01e4d35000-7f01e4e33000 rw-p 00000000 00:00 0 
7f01e4e33000-7f01e4e36000 ---p 00000000 00:00 0 
7f01e4e36000-7f01e4f34000 rw-p 00000000 00:00 0 
7f01e4f34000-7f01e4f4a000 r-xp 00000000 08:01 656512                     /usr/lib/jdk/jdk1.8.0_201/jre/lib/amd64/libnet.so
7f01e4f4a000-7f01e514a000 ---p 00016000 08:01 656512                     /usr/lib/jdk/jdk1.8.0_201/jre/lib/amd64/libnet.so
7f01e514a000-7f01e514b000 r--p 00016000 08:01 656512                     /usr/lib/jdk/jdk1.8.0_201/jre/lib/amd64/libnet.so
7f01e514b000-7f01e514c000 rw-p 00017000 08:01 656512                     /usr/lib/jdk/jdk1.8.0_201/jre/lib/amd64/libnet.so
7f01e514c000-7f01e537d000 r--s 01bb1000 08:01 403225                     /home/hewitt/work/DiffTGen-master/lib/evosuite-1.0.6.jar
7f01e537d000-7f01e537e000 ---p 00000000 00:00 0 
7f01e537e000-7f01e547e000 rw-p 00000000 00:00 0 
7f01e547e000-7f01e5481000 ---p 00000000 00:00 0 
7f01e5481000-7f01e557f000 rw-p 00000000 00:00 0 
7f01e557f000-7f01e5582000 ---p 00000000 00:00 0 
7f01e5582000-7f01e5680000 rw-p 00000000 00:00 0 
7f01e5680000-7f01e5683000 ---p 00000000 00:00 0 
7f01e5683000-7f01e5781000 rw-p 00000000 00:00 0 
7f01e5781000-7f01e5784000 ---p 00000000 00:00 0 
7f01e5784000-7f01e5882000 rw-p 00000000 00:00 0 
7f01e5882000-7f01e5885000 ---p 00000000 00:00 0 
7f01e5885000-7f01e5983000 rw-p 00000000 00:00 0 
7f01e5983000-7f01e6342000 r--p 00000000 08:01 270368                     /usr/lib/locale/locale-archive
7f01e6342000-7f01e6345000 ---p 00000000 00:00 0 
7f01e6345000-7f01e6443000 rw-p 00000000 00:00 0 
7f01e6443000-7f01e6446000 ---p 00000000 00:00 0 
7f01e6446000-7f01e6544000 rw-p 00000000 00:00 0 
7f01e6544000-7f01e6545000 ---p 00000000 00:00 0 
7f01e6545000-7f01e9000000 rw-p 00000000 00:00 0 
7f01e9000000-7f01e9510000 rwxp 00000000 00:00 0 
7f01e9510000-7f01f8000000 ---p 00000000 00:00 0 
7f01f8000000-7f01f84bf000 rw-p 00000000 00:00 0 
7f01f84bf000-7f01fc000000 ---p 00000000 00:00 0 
7f01fc000000-7f01fc01c000 r--s 00393000 08:01 656354                     /usr/lib/jdk/jdk1.8.0_201/jre/lib/ext/cldrdata.jar
7f01fc01c000-7f01fc095000 r--s 010fd000 08:01 654900                     /usr/lib/jdk/jdk1.8.0_201/lib/tools.jar
7f01fc095000-7f01fc499000 rw-p 00000000 00:00 0 
7f01fc499000-7f01fc673000 r--s 03d6f000 08:01 656293                     /usr/lib/jdk/jdk1.8.0_201/jre/lib/rt.jar
7f01fc673000-7f01fd0d4000 rw-p 00000000 00:00 0 
7f01fd0d4000-7f01fd0d5000 ---p 00000000 00:00 0 
7f01fd0d5000-7f01fd1d5000 rw-p 00000000 00:00 0 
7f01fd1d5000-7f01fd1d6000 ---p 00000000 00:00 0 
7f01fd1d6000-7f01fd2d6000 rw-p 00000000 00:00 0 
7f01fd2d6000-7f01fd2d7000 ---p 00000000 00:00 0 
7f01fd2d7000-7f01fd3d7000 rw-p 00000000 00:00 0 
7f01fd3d7000-7f01fd3d8000 ---p 00000000 00:00 0 
7f01fd3d8000-7f01fd4ed000 rw-p 00000000 00:00 0 
7f01fd4ed000-7f01fd620000 ---p 00000000 00:00 0 
7f01fd620000-7f01fd635000 rw-p 00000000 00:00 0 
7f01fd635000-7f01fd767000 ---p 00000000 00:00 0 
7f01fd767000-7f01fd77a000 rw-p 00000000 00:00 0 
7f01fd77a000-7f01fd80b000 ---p 00000000 00:00 0 
7f01fd80b000-7f01fd821000 rw-p 00000000 00:00 0 
7f01fd821000-7f01fdbcc000 ---p 00000000 00:00 0 
7f01fdbcc000-7f01fdbe7000 r-xp 00000000 08:01 656508                     /usr/lib/jdk/jdk1.8.0_201/jre/lib/amd64/libzip.so
7f01fdbe7000-7f01fdde6000 ---p 0001b000 08:01 656508                     /usr/lib/jdk/jdk1.8.0_201/jre/lib/amd64/libzip.so
7f01fdde6000-7f01fdde7000 r--p 0001a000 08:01 656508                     /usr/lib/jdk/jdk1.8.0_201/jre/lib/amd64/libzip.so
7f01fdde7000-7f01fdde8000 rw-p 0001b000 08:01 656508                     /usr/lib/jdk/jdk1.8.0_201/jre/lib/amd64/libzip.so
7f01fdde8000-7f01fddf3000 r-xp 00000000 08:01 658902                     /lib/x86_64-linux-gnu/libnss_files-2.23.so
7f01fddf3000-7f01fdff2000 ---p 0000b000 08:01 658902                     /lib/x86_64-linux-gnu/libnss_files-2.23.so
7f01fdff2000-7f01fdff3000 r--p 0000a000 08:01 658902                     /lib/x86_64-linux-gnu/libnss_files-2.23.so
7f01fdff3000-7f01fdff4000 rw-p 0000b000 08:01 658902                     /lib/x86_64-linux-gnu/libnss_files-2.23.so
7f01fdff4000-7f01fdffa000 rw-p 00000000 00:00 0 
7f01fdffa000-7f01fe005000 r-xp 00000000 08:01 658912                     /lib/x86_64-linux-gnu/libnss_nis-2.23.so
7f01fe005000-7f01fe204000 ---p 0000b000 08:01 658912                     /lib/x86_64-linux-gnu/libnss_nis-2.23.so
7f01fe204000-7f01fe205000 r--p 0000a000 08:01 658912                     /lib/x86_64-linux-gnu/libnss_nis-2.23.so
7f01fe205000-7f01fe206000 rw-p 0000b000 08:01 658912                     /lib/x86_64-linux-gnu/libnss_nis-2.23.so
7f01fe206000-7f01fe21c000 r-xp 00000000 08:01 658896                     /lib/x86_64-linux-gnu/libnsl-2.23.so
7f01fe21c000-7f01fe41b000 ---p 00016000 08:01 658896                     /lib/x86_64-linux-gnu/libnsl-2.23.so
7f01fe41b000-7f01fe41c000 r--p 00015000 08:01 658896                     /lib/x86_64-linux-gnu/libnsl-2.23.so
7f01fe41c000-7f01fe41d000 rw-p 00016000 08:01 658896                     /lib/x86_64-linux-gnu/libnsl-2.23.so
7f01fe41d000-7f01fe41f000 rw-p 00000000 00:00 0 
7f01fe41f000-7f01fe427000 r-xp 00000000 08:01 658898                     /lib/x86_64-linux-gnu/libnss_compat-2.23.so
7f01fe427000-7f01fe626000 ---p 00008000 08:01 658898                     /lib/x86_64-linux-gnu/libnss_compat-2.23.so
7f01fe626000-7f01fe627000 r--p 00007000 08:01 658898                     /lib/x86_64-linux-gnu/libnss_compat-2.23.so
7f01fe627000-7f01fe628000 rw-p 00008000 08:01 658898                     /lib/x86_64-linux-gnu/libnss_compat-2.23.so
7f01fe628000-7f01fe654000 r-xp 00000000 08:01 656502                     /usr/lib/jdk/jdk1.8.0_201/jre/lib/amd64/libjava.so
7f01fe654000-7f01fe854000 ---p 0002c000 08:01 656502                     /usr/lib/jdk/jdk1.8.0_201/jre/lib/amd64/libjava.so
7f01fe854000-7f01fe855000 r--p 0002c000 08:01 656502                     /usr/lib/jdk/jdk1.8.0_201/jre/lib/amd64/libjava.so
7f01fe855000-7f01fe857000 rw-p 0002d000 08:01 656502                     /usr/lib/jdk/jdk1.8.0_201/jre/lib/amd64/libjava.so
7f01fe857000-7f01fe864000 r-xp 00000000 08:01 656507                     /usr/lib/jdk/jdk1.8.0_201/jre/lib/amd64/libverify.so
7f01fe864000-7f01fea63000 ---p 0000d000 08:01 656507                     /usr/lib/jdk/jdk1.8.0_201/jre/lib/amd64/libverify.so
7f01fea63000-7f01fea65000 r--p 0000c000 08:01 656507                     /usr/lib/jdk/jdk1.8.0_201/jre/lib/amd64/libverify.so
7f01fea65000-7f01fea66000 rw-p 0000e000 08:01 656507                     /usr/lib/jdk/jdk1.8.0_201/jre/lib/amd64/libverify.so
7f01fea66000-7f01fea6d000 r-xp 00000000 08:01 658957                     /lib/x86_64-linux-gnu/librt-2.23.so
7f01fea6d000-7f01fec6c000 ---p 00007000 08:01 658957                     /lib/x86_64-linux-gnu/librt-2.23.so
7f01fec6c000-7f01fec6d000 r--p 00006000 08:01 658957                     /lib/x86_64-linux-gnu/librt-2.23.so
7f01fec6d000-7f01fec6e000 rw-p 00007000 08:01 658957                     /lib/x86_64-linux-gnu/librt-2.23.so
7f01fec6e000-7f01fed76000 r-xp 00000000 08:01 658873                     /lib/x86_64-linux-gnu/libm-2.23.so
7f01fed76000-7f01fef75000 ---p 00108000 08:01 658873                     /lib/x86_64-linux-gnu/libm-2.23.so
7f01fef75000-7f01fef76000 r--p 00107000 08:01 658873                     /lib/x86_64-linux-gnu/libm-2.23.so
7f01fef76000-7f01fef77000 rw-p 00108000 08:01 658873                     /lib/x86_64-linux-gnu/libm-2.23.so
7f01fef77000-7f01ffc5f000 r-xp 00000000 08:01 656484                     /usr/lib/jdk/jdk1.8.0_201/jre/lib/amd64/server/libjvm.so
7f01ffc5f000-7f01ffe5e000 ---p 00ce8000 08:01 656484                     /usr/lib/jdk/jdk1.8.0_201/jre/lib/amd64/server/libjvm.so
7f01ffe5e000-7f01ffef4000 r--p 00ce7000 08:01 656484                     /usr/lib/jdk/jdk1.8.0_201/jre/lib/amd64/server/libjvm.so
7f01ffef4000-7f01fff25000 rw-p 00d7d000 08:01 656484                     /usr/lib/jdk/jdk1.8.0_201/jre/lib/amd64/server/libjvm.so
7f01fff25000-7f01fff60000 rw-p 00000000 00:00 0 
7f01fff60000-7f0200120000 r-xp 00000000 08:01 658803                     /lib/x86_64-linux-gnu/libc-2.23.so
7f0200120000-7f0200320000 ---p 001c0000 08:01 658803                     /lib/x86_64-linux-gnu/libc-2.23.so
7f0200320000-7f0200324000 r--p 001c0000 08:01 658803                     /lib/x86_64-linux-gnu/libc-2.23.so
7f0200324000-7f0200326000 rw-p 001c4000 08:01 658803                     /lib/x86_64-linux-gnu/libc-2.23.so
7f0200326000-7f020032a000 rw-p 00000000 00:00 0 
7f020032a000-7f020032d000 r-xp 00000000 08:01 658827                     /lib/x86_64-linux-gnu/libdl-2.23.so
7f020032d000-7f020052c000 ---p 00003000 08:01 658827                     /lib/x86_64-linux-gnu/libdl-2.23.so
7f020052c000-7f020052d000 r--p 00002000 08:01 658827                     /lib/x86_64-linux-gnu/libdl-2.23.so
7f020052d000-7f020052e000 rw-p 00003000 08:01 658827                     /lib/x86_64-linux-gnu/libdl-2.23.so
7f020052e000-7f0200545000 r-xp 00000000 08:01 656155                     /usr/lib/jdk/jdk1.8.0_201/lib/amd64/jli/libjli.so
7f0200545000-7f0200744000 ---p 00017000 08:01 656155                     /usr/lib/jdk/jdk1.8.0_201/lib/amd64/jli/libjli.so
7f0200744000-7f0200745000 r--p 00016000 08:01 656155                     /usr/lib/jdk/jdk1.8.0_201/lib/amd64/jli/libjli.so
7f0200745000-7f0200746000 rw-p 00017000 08:01 656155                     /usr/lib/jdk/jdk1.8.0_201/lib/amd64/jli/libjli.so
7f0200746000-7f020075e000 r-xp 00000000 08:01 658949                     /lib/x86_64-linux-gnu/libpthread-2.23.so
7f020075e000-7f020095d000 ---p 00018000 08:01 658949                     /lib/x86_64-linux-gnu/libpthread-2.23.so
7f020095d000-7f020095e000 r--p 00017000 08:01 658949                     /lib/x86_64-linux-gnu/libpthread-2.23.so
7f020095e000-7f020095f000 rw-p 00018000 08:01 658949                     /lib/x86_64-linux-gnu/libpthread-2.23.so
7f020095f000-7f0200963000 rw-p 00000000 00:00 0 
7f0200963000-7f0200989000 r-xp 00000000 08:01 658775                     /lib/x86_64-linux-gnu/ld-2.23.so
7f0200991000-7f020099b000 r--s 00116000 08:01 656361                     /usr/lib/jdk/jdk1.8.0_201/jre/lib/ext/localedata.jar
7f020099b000-7f02009ad000 r--s 000d1000 08:01 429375                     /home/hewitt/work/DiffTGen-master/output/patch1-Math-59-CapGen/Math_59_1_capgen/target/build/classes/all0.jar
7f02009ad000-7f0200a6b000 rw-p 00000000 00:00 0 
7f0200a6b000-7f0200a6e000 ---p 00000000 00:00 0 
7f0200a6e000-7f0200b71000 rw-p 00000000 00:00 0 
7f0200b71000-7f0200b75000 r--s 000a1000 08:01 656350                     /usr/lib/jdk/jdk1.8.0_201/jre/lib/jsse.jar
7f0200b75000-7f0200b7d000 r--s 0006e000 08:01 398946                     /home/hewitt/work/DiffTGen-master/lib/commons-lang3-3.5.jar
7f0200b7d000-7f0200b7e000 r--s 00000000 08:01 398951                     /home/hewitt/work/DiffTGen-master/lib/myprinter.jar
7f0200b7e000-7f0200b86000 rw-s 00000000 08:01 153735                     /tmp/hsperfdata_hewitt/73202
7f0200b86000-7f0200b87000 rw-p 00000000 00:00 0 
7f0200b87000-7f0200b88000 ---p 00000000 00:00 0 
7f0200b88000-7f0200b89000 r--p 00025000 08:01 658775                     /lib/x86_64-linux-gnu/ld-2.23.so
7f0200b89000-7f0200b8a000 rw-p 00026000 08:01 658775                     /lib/x86_64-linux-gnu/ld-2.23.so
7f0200b8a000-7f0200b8b000 rw-p 00000000 00:00 0 
7ffc91e7c000-7ffc91e9e000 rw-p 00000000 00:00 0                          [stack]
7ffc91eac000-7ffc91eaf000 r--p 00000000 00:00 0                          [vvar]
7ffc91eaf000-7ffc91eb1000 r-xp 00000000 00:00 0                          [vdso]
ffffffffff600000-ffffffffff601000 r-xp 00000000 00:00 0                  [vsyscall]

VM Arguments:
java_command: /home/hewitt/work/DiffTGen-master/lib/evosuite-1.0.6.jar -base_dir /home/hewitt/work/DiffTGen-master/output/patch1-Math-59-CapGen/Math_59_1_capgen/target/0/4 -projectCP /home/hewitt/work/DiffTGen-master/output/patch1-Math-59-CapGen/Math_59_1_capgen/target/build/classes/all0.jar:/home/hewitt/work/DiffTGen-master/lib/myprinter.jar:/home/hewitt/work/DiffTGen-master/lib/commons-lang3-3.5.jar -class org.apache.commons.math.util.FastMath -Dassertions=false -Dsearch_budget=60
java_class_path (initial): /home/hewitt/work/DiffTGen-master/lib/evosuite-1.0.6.jar
Launcher Type: SUN_STANDARD

Environment Variables:
JAVA_HOME=/usr/lib/jdk/jdk1.8.0_201
JRE_HOME=/usr/lib/jdk/jdk1.8.0_201/jre
CLASSPATH=.:/usr/lib/jdk/jdk1.8.0_201/lib:/usr/lib/jdk/jdk1.8.0_201/jre/lib
PATH=/usr/lib/jdk/jdk1.8.0_201/bin:/home/hewitt/bin:/home/hewitt/.local/bin:/usr/lib/jdk/jdk1.7.0_80/bin:/usr/local/sbin:/usr/local/bin:/usr/sbin:/usr/bin:/sbin:/bin:/usr/games:/usr/local/games:/snap/bin:/home/hewitt/work/defects4j_v1.4.0/defects4j/framework/bin:/opt/apache-ant-1.9.14/bin:/home/hewitt/work/defects4j_v1.4.0/defects4j/framework/bin
SHELL=/bin/bash
DISPLAY=:0

Signal Handlers:
SIGSEGV: [libjvm.so+0xad3e60], sa_mask[0]=11111111011111111101111111111110, sa_flags=SA_RESTART|SA_SIGINFO
SIGBUS: [libjvm.so+0xad3e60], sa_mask[0]=11111111011111111101111111111110, sa_flags=SA_RESTART|SA_SIGINFO
SIGFPE: [libjvm.so+0x90b880], sa_mask[0]=11111111011111111101111111111110, sa_flags=SA_RESTART|SA_SIGINFO
SIGPIPE: [libjvm.so+0x90b880], sa_mask[0]=11111111011111111101111111111110, sa_flags=SA_RESTART|SA_SIGINFO
SIGXFSZ: [libjvm.so+0x90b880], sa_mask[0]=11111111011111111101111111111110, sa_flags=SA_RESTART|SA_SIGINFO
SIGILL: [libjvm.so+0x90b880], sa_mask[0]=11111111011111111101111111111110, sa_flags=SA_RESTART|SA_SIGINFO
SIGUSR1: SIG_DFL, sa_mask[0]=00000000000000000000000000000000, sa_flags=none
SIGUSR2: [libjvm.so+0x90b750], sa_mask[0]=00100000000000000000000000000000, sa_flags=SA_RESTART|SA_SIGINFO
SIGHUP: [libjvm.so+0x90bd70], sa_mask[0]=11111111011111111101111111111110, sa_flags=SA_RESTART|SA_SIGINFO
SIGINT: [libjvm.so+0x90bd70], sa_mask[0]=11111111011111111101111111111110, sa_flags=SA_RESTART|SA_SIGINFO
SIGTERM: [libjvm.so+0x90bd70], sa_mask[0]=11111111011111111101111111111110, sa_flags=SA_RESTART|SA_SIGINFO
SIGQUIT: [libjvm.so+0x90bd70], sa_mask[0]=11111111011111111101111111111110, sa_flags=SA_RESTART|SA_SIGINFO


---------------  S Y S T E M  ---------------

OS:DISTRIB_ID=Ubuntu
DISTRIB_RELEASE=16.04
DISTRIB_CODENAME=xenial
DISTRIB_DESCRIPTION="Ubuntu 16.04.6 LTS"

uname:Linux 4.15.0-91-generic #92~16.04.1-Ubuntu SMP Fri Feb 28 14:57:22 UTC 2020 x86_64
libc:glibc 2.23 NPTL 2.23 
rlimit: STACK 8192k, CORE 0k, NPROC 15448, NOFILE 1048576, AS infinity
load average:16.35 17.34 17.39

/proc/meminfo:
MemTotal:        4015928 kB
MemFree:          527112 kB
MemAvailable:     437072 kB
Buffers:             304 kB
Cached:            29532 kB
SwapCached:          820 kB
Active:          2547128 kB
Inactive:         506680 kB
Active(anon):    2536580 kB
Inactive(anon):   490244 kB
Active(file):      10548 kB
Inactive(file):    16436 kB
Unevictable:          48 kB
Mlocked:              48 kB
SwapTotal:        998396 kB
SwapFree:              8 kB
Dirty:               100 kB
Writeback:           360 kB
AnonPages:       3024184 kB
Mapped:            24276 kB
Shmem:              2344 kB
Slab:              92036 kB
SReclaimable:      33880 kB
SUnreclaim:        58156 kB
KernelStack:       14416 kB
PageTables:        40264 kB
NFS_Unstable:          0 kB
Bounce:                0 kB
WritebackTmp:          0 kB
CommitLimit:     3006360 kB
Committed_AS:    7890392 kB
VmallocTotal:   34359738367 kB
VmallocUsed:           0 kB
VmallocChunk:          0 kB
HardwareCorrupted:     0 kB
AnonHugePages:         0 kB
ShmemHugePages:        0 kB
ShmemPmdMapped:        0 kB
CmaTotal:              0 kB
CmaFree:               0 kB
HugePages_Total:       0
HugePages_Free:        0
HugePages_Rsvd:        0
HugePages_Surp:        0
Hugepagesize:       2048 kB
DirectMap4k:       98112 kB
DirectMap2M:     4096000 kB
DirectMap1G:     2097152 kB

container (cgroup) information:
container_type: cgroupv1
cpu_cpuset_cpus: 0-3
cpu_memory_nodes: 0
active_processor_count: 4
cpu_quota: -1
cpu_period: 100000
cpu_shares: -1
memory_limit_in_bytes: -1
memory_and_swap_limit_in_bytes: -2
memory_soft_limit_in_bytes: -1
memory_usage_in_bytes: 3129016320
memory_max_usage_in_bytes: 69316608


CPU:total 4 (initial active 4) (2 cores per cpu, 1 threads per core) family 6 model 158 stepping 9, cmov, cx8, fxsr, mmx, sse, sse2, sse3, ssse3, sse4.1, sse4.2, popcnt, avx, avx2, aes, clmul, erms, 3dnowpref, lzcnt, tsc, tscinvbit, bmi1, bmi2, adx

/proc/cpuinfo:
processor	: 0
vendor_id	: GenuineIntel
cpu family	: 6
model		: 158
model name	: Intel(R) Core(TM) i7-7700HQ CPU @ 2.80GHz
stepping	: 9
microcode	: 0xb4
cpu MHz		: 2808.002
cache size	: 6144 KB
physical id	: 0
siblings	: 2
core id		: 0
cpu cores	: 2
apicid		: 0
initial apicid	: 0
fpu		: yes
fpu_exception	: yes
cpuid level	: 22
wp		: yes
flags		: fpu vme de pse tsc msr pae mce cx8 apic sep mtrr pge mca cmov pat pse36 clflush mmx fxsr sse sse2 ss ht syscall nx pdpe1gb rdtscp lm constant_tsc arch_perfmon nopl xtopology tsc_reliable nonstop_tsc cpuid pni pclmulqdq ssse3 fma cx16 pcid sse4_1 sse4_2 x2apic movbe popcnt tsc_deadline_timer aes xsave avx f16c rdrand hypervisor lahf_lm abm 3dnowprefetch cpuid_fault invpcid_single pti ssbd ibrs ibpb stibp fsgsbase tsc_adjust bmi1 avx2 smep bmi2 invpcid mpx rdseed adx smap clflushopt xsaveopt xsavec xsaves arat md_clear flush_l1d arch_capabilities
bugs		: cpu_meltdown spectre_v1 spectre_v2 spec_store_bypass l1tf mds swapgs itlb_multihit
bogomips	: 5616.00
clflush size	: 64
cache_alignment	: 64
address sizes	: 43 bits physical, 48 bits virtual
power management:

processor	: 1
vendor_id	: GenuineIntel
cpu family	: 6
model		: 158
model name	: Intel(R) Core(TM) i7-7700HQ CPU @ 2.80GHz
stepping	: 9
microcode	: 0xb4
cpu MHz		: 2808.002
cache size	: 6144 KB
physical id	: 0
siblings	: 2
core id		: 1
cpu cores	: 2
apicid		: 1
initial apicid	: 1
fpu		: yes
fpu_exception	: yes
cpuid level	: 22
wp		: yes
flags		: fpu vme de pse tsc msr pae mce cx8 apic sep mtrr pge mca cmov pat pse36 clflush mmx fxsr sse sse2 ss ht syscall nx pdpe1gb rdtscp lm constant_tsc arch_perfmon nopl xtopology tsc_reliable nonstop_tsc cpuid pni pclmulqdq ssse3 fma cx16 pcid sse4_1 sse4_2 x2apic movbe popcnt tsc_deadline_timer aes xsave avx f16c rdrand hypervisor lahf_lm abm 3dnowprefetch cpuid_fault invpcid_single pti ssbd ibrs ibpb stibp fsgsbase tsc_adjust bmi1 avx2 smep bmi2 invpcid mpx rdseed adx smap clflushopt xsaveopt xsavec xsaves arat md_clear flush_l1d arch_capabilities
bugs		: cpu_meltdown spectre_v1 spectre_v2 spec_store_bypass l1tf mds swapgs itlb_multihit
bogomips	: 5616.00
clflush size	: 64
cache_alignment	: 64
address sizes	: 43 bits physical, 48 bits virtual
power management:

processor	: 2
vendor_id	: GenuineIntel
cpu family	: 6
model		: 158
model name	: Intel(R) Core(TM) i7-7700HQ CPU @ 2.80GHz
stepping	: 9
microcode	: 0xb4
cpu MHz		: 2808.002
cache size	: 6144 KB
physical id	: 1
siblings	: 2
core id		: 0
cpu cores	: 2
apicid		: 2
initial apicid	: 2
fpu		: yes
fpu_exception	: yes
cpuid level	: 22
wp		: yes
flags		: fpu vme de pse tsc msr pae mce cx8 apic sep mtrr pge mca cmov pat pse36 clflush mmx fxsr sse sse2 ss ht syscall nx pdpe1gb rdtscp lm constant_tsc arch_perfmon nopl xtopology tsc_reliable nonstop_tsc cpuid pni pclmulqdq ssse3 fma cx16 pcid sse4_1 sse4_2 x2apic movbe popcnt tsc_deadline_timer aes xsave avx f16c rdrand hypervisor lahf_lm abm 3dnowprefetch cpuid_fault invpcid_single pti ssbd ibrs ibpb stibp fsgsbase tsc_adjust bmi1 avx2 smep bmi2 invpcid mpx rdseed adx smap clflushopt xsaveopt xsavec xsaves arat md_clear flush_l1d arch_capabilities
bugs		: cpu_meltdown spectre_v1 spectre_v2 spec_store_bypass l1tf mds swapgs itlb_multihit
bogomips	: 5616.00
clflush size	: 64
cache_alignment	: 64
address sizes	: 43 bits physical, 48 bits virtual
power management:

processor	: 3
vendor_id	: GenuineIntel
cpu family	: 6
model		: 158
model name	: Intel(R) Core(TM) i7-7700HQ CPU @ 2.80GHz
stepping	: 9
microcode	: 0xb4
cpu MHz		: 2808.002
cache size	: 6144 KB
physical id	: 1
siblings	: 2
core id		: 1
cpu cores	: 2
apicid		: 3
initial apicid	: 3
fpu		: yes
fpu_exception	: yes
cpuid level	: 22
wp		: yes
flags		: fpu vme de pse tsc msr pae mce cx8 apic sep mtrr pge mca cmov pat pse36 clflush mmx fxsr sse sse2 ss ht syscall nx pdpe1gb rdtscp lm constant_tsc arch_perfmon nopl xtopology tsc_reliable nonstop_tsc cpuid pni pclmulqdq ssse3 fma cx16 pcid sse4_1 sse4_2 x2apic movbe popcnt tsc_deadline_timer aes xsave avx f16c rdrand hypervisor lahf_lm abm 3dnowprefetch cpuid_fault invpcid_single pti ssbd ibrs ibpb stibp fsgsbase tsc_adjust bmi1 avx2 smep bmi2 invpcid mpx rdseed adx smap clflushopt xsaveopt xsavec xsaves arat md_clear flush_l1d arch_capabilities
bugs		: cpu_meltdown spectre_v1 spectre_v2 spec_store_bypass l1tf mds swapgs itlb_multihit
bogomips	: 5616.00
clflush size	: 64
cache_alignment	: 64
address sizes	: 43 bits physical, 48 bits virtual
power management:



Memory: 4k page, physical 4015928k(525568k free), swap 998396k(8k free)

vm_info: Java HotSpot(TM) 64-Bit Server VM (25.201-b09) for linux-amd64 JRE (1.8.0_201-b09), built on Dec 15 2018 11:35:59 by "java_re" with gcc 7.3.0

time: Sun Mar 29 12:01:42 2020
timezone: CST
elapsed time: 97 seconds (0d 0h 1m 37s)

