#
# There is insufficient memory for the Java Runtime Environment to continue.
# Native memory allocation (mmap) failed to map 32505856 bytes for committing reserved memory.
# Possible reasons:
#   The system is out of physical RAM or swap space
#   The process is running with CompressedOops enabled, and the Java Heap may be blocking the growth of the native heap
# Possible solutions:
#   Reduce memory load on the system
#   Increase physical memory or swap space
#   Check if swap backing store is full
#   Decrease Java heap size (-Xmx/-Xms)
#   Decrease number of Java threads
#   Decrease Java thread stack sizes (-Xss)
#   Set larger code cache with -XX:ReservedCodeCacheSize=
#   JVM is running with Unscaled Compressed Oops mode in which the Java heap is
#     placed in the first 4GB address space. The Java Heap base address is the
#     maximum limit for the native heap growth. Please use -XX:HeapBaseMinAddress
#     to set the Java Heap base and to place the Java Heap above 4GB virtual address.
# This output file may be truncated or incomplete.
#
#  Out of Memory Error (os_linux.cpp:2749), pid=35709, tid=0x00007f823c127700
#
# JRE version: Java(TM) SE Runtime Environment (8.0_201-b09) (build 1.8.0_201-b09)
# Java VM: Java HotSpot(TM) 64-Bit Server VM (25.201-b09 mixed mode linux-amd64 compressed oops)
# Failed to write core dump. Core dumps have been disabled. To enable core dumping, try "ulimit -c unlimited" before starting Java again
#

---------------  T H R E A D  ---------------

Current thread (0x00007f8250140000):  VMThread [stack: 0x00007f823c027000,0x00007f823c128000] [id=35755]

Stack: [0x00007f823c027000,0x00007f823c128000],  sp=0x00007f823c126450,  free space=1021k
Native frames: (J=compiled Java code, j=interpreted, Vv=VM code, C=native code)
V  [libjvm.so+0xad3525]  VMError::report_and_die()+0x2e5
V  [libjvm.so+0x4e0457]  report_vm_out_of_memory(char const*, int, unsigned long, VMErrorType, char const*)+0x67
V  [libjvm.so+0x9102f0]  os::pd_commit_memory(char*, unsigned long, unsigned long, bool)+0x100
V  [libjvm.so+0x90791f]  os::commit_memory(char*, unsigned long, unsigned long, bool)+0x1f
V  [libjvm.so+0x98c806]  PSVirtualSpace::expand_by(unsigned long)+0x56
V  [libjvm.so+0x98da98]  PSYoungGen::resize(unsigned long, unsigned long)+0xd8
V  [libjvm.so+0x98a236]  PSScavenge::invoke_no_policy()+0x1376
V  [libjvm.so+0x98a5cc]  PSScavenge::invoke()+0x4c
V  [libjvm.so+0x93a318]  ParallelScavengeHeap::failed_mem_allocate(unsigned long)+0x68
V  [libjvm.so+0xad5073]  VM_ParallelGCFailedAllocation::doit()+0x93
V  [libjvm.so+0xada296]  VM_Operation::evaluate()+0x46
V  [libjvm.so+0xad85cd]  VMThread::evaluate_operation(VM_Operation*) [clone .constprop.44]+0xcd
V  [libjvm.so+0xad8bb3]  VMThread::loop()+0x3a3
V  [libjvm.so+0xad8f88]  VMThread::run()+0x78
V  [libjvm.so+0x90d922]  java_start(Thread*)+0x102

VM_Operation (0x00007f8235726fb0): ParallelGCFailedAllocation, mode: safepoint, requested by thread 0x00007f81e8001000


---------------  P R O C E S S  ---------------

Java Threads: ( => current thread )
  0x00007f81e8002800 JavaThread "RMI TCP Connection(3)-127.0.0.1" daemon [_thread_blocked, id=36180, stack(0x00007f823552c000,0x00007f823562d000)]
  0x00007f81e8001000 JavaThread "RMI TCP Connection(2)-127.0.0.1" daemon [_thread_blocked, id=36146, stack(0x00007f823562d000,0x00007f823572e000)]
  0x00007f81c0038000 JavaThread "RMI Scheduler(0)" daemon [_thread_blocked, id=36142, stack(0x00007f823572e000,0x00007f823582f000)]
  0x00007f81c0030800 JavaThread "RMI RenewClean-[127.0.0.1:16281]" daemon [_thread_blocked, id=36130, stack(0x00007f823582f000,0x00007f8235930000)]
  0x00007f81f4001000 JavaThread "RMI TCP Connection(idle)" daemon [_thread_blocked, id=36116, stack(0x00007f8235930000,0x00007f8235a31000)]
  0x00007f81e4005000 JavaThread "pool-3-thread-3" [_thread_in_native, id=36062, stack(0x00007f8235a31000,0x00007f8235b32000)]
  0x00007f81e4003000 JavaThread "pool-3-thread-2" [_thread_in_native, id=36061, stack(0x00007f8235b32000,0x00007f8235c33000)]
  0x00007f81e4002000 JavaThread "pool-3-thread-1" [_thread_in_native, id=36059, stack(0x00007f8235c33000,0x00007f8235d34000)]
  0x00007f8250200000 JavaThread "Thread-3" [_thread_in_native, id=35950, stack(0x00007f8235d34000,0x00007f8235e35000)]
  0x00007f82501fe800 JavaThread "Thread-2" [_thread_in_native, id=35947, stack(0x00007f8235e35000,0x00007f8235f36000)]
  0x00007f82501fd000 JavaThread "process reaper" daemon [_thread_in_native, id=35941, stack(0x00007f8235f36000,0x00007f8235f6f000)]
  0x00007f82503ea000 JavaThread "pool-2-thread-1" [_thread_in_native, id=35878, stack(0x00007f8235f6f000,0x00007f8236070000)]
  0x00007f82503e7800 JavaThread "GC Daemon" daemon [_thread_blocked, id=35875, stack(0x00007f8236070000,0x00007f8236171000)]
  0x00007f82503e5000 JavaThread "RMI Reaper" [_thread_blocked, id=35873, stack(0x00007f8236171000,0x00007f8236272000)]
  0x00007f82503de000 JavaThread "RMI TCP Accept-17684" daemon [_thread_in_native, id=35872, stack(0x00007f8236272000,0x00007f8236373000)]
  0x00007f82503d7000 JavaThread "RMI TCP Accept-9076" daemon [_thread_in_native, id=35870, stack(0x00007f8236373000,0x00007f8236474000)]
  0x00007f825030a800 JavaThread "logback-3" daemon [_thread_blocked, id=35819, stack(0x00007f82366ed000,0x00007f82367ee000)]
  0x00007f8250306800 JavaThread "logback-2" daemon [_thread_blocked, id=35818, stack(0x00007f82367ee000,0x00007f82368ef000)]
  0x00007f8250305000 JavaThread "logback-1" daemon [_thread_blocked, id=35815, stack(0x00007f82368ef000,0x00007f82369f0000)]
  0x00007f8250189000 JavaThread "Service Thread" daemon [_thread_blocked, id=35791, stack(0x00007f8236f3a000,0x00007f823703b000)]
  0x00007f8250186000 JavaThread "C1 CompilerThread2" daemon [_thread_blocked, id=35790, stack(0x00007f823703b000,0x00007f823713c000)]
  0x00007f8250184800 JavaThread "C2 CompilerThread1" daemon [_thread_blocked, id=35789, stack(0x00007f823713c000,0x00007f823723d000)]
  0x00007f8250181800 JavaThread "C2 CompilerThread0" daemon [_thread_blocked, id=35788, stack(0x00007f823723d000,0x00007f823733e000)]
  0x00007f8250180000 JavaThread "Signal Dispatcher" daemon [_thread_blocked, id=35786, stack(0x00007f823733e000,0x00007f823743f000)]
  0x00007f825014c000 JavaThread "Finalizer" daemon [_thread_blocked, id=35769, stack(0x00007f8237dfe000,0x00007f8237eff000)]
  0x00007f8250149800 JavaThread "Reference Handler" daemon [_thread_blocked, id=35764, stack(0x00007f8237eff000,0x00007f8238000000)]
  0x00007f825000a800 JavaThread "main" [_thread_in_native, id=35722, stack(0x00007f82564d6000,0x00007f82565d7000)]

Other Threads:
=>0x00007f8250140000 VMThread [stack: 0x00007f823c027000,0x00007f823c128000] [id=35755]
  0x00007f825018b800 WatcherThread [stack: 0x00007f8236e39000,0x00007f8236f3a000] [id=35792]

VM state:at safepoint (normal execution)

VM Mutex/Monitor currently owned by a thread:  ([mutex/lock_event])
[0x00007f8250007050] Threads_lock - owner thread: 0x00007f8250140000
[0x00007f8250007550] Heap_lock - owner thread: 0x00007f81e8001000

heap address: 0x00000000c2a00000, size: 982 MB, Compressed Oops mode: 32-bit
Narrow klass base: 0x0000000000000000, Narrow klass shift: 3
Compressed class space size: 1073741824 Address: 0x0000000100000000

Heap:
 PSYoungGen      total 34304K, used 2540K [0x00000000eb900000, 0x00000000edd00000, 0x0000000100000000)
  eden space 31744K, 0% used [0x00000000eb900000,0x00000000eb900000,0x00000000ed800000)
  from space 2560K, 99% used [0x00000000ed800000,0x00000000eda7b020,0x00000000eda80000)
  to   space 2560K, 0% used [0x00000000eda80000,0x00000000eda80000,0x00000000edd00000)
 ParOldGen       total 42496K, used 4978K [0x00000000c2a00000, 0x00000000c5380000, 0x00000000eb900000)
  object space 42496K, 11% used [0x00000000c2a00000,0x00000000c2edc918,0x00000000c5380000)
 Metaspace       used 14025K, capacity 14398K, committed 14592K, reserved 1062912K
  class space    used 1613K, capacity 1720K, committed 1792K, reserved 1048576K

Card table byte_map: [0x00007f823fff8000,0x00007f82401e4000] byte_map_base: 0x00007f823f9e3000

Marking Bits: (ParMarkBitMap*) 0x00007f82559add80
 Begin Bits: [0x00007f823dbfc000, 0x00007f823eb54000)
 End Bits:   [0x00007f823eb54000, 0x00007f823faac000)

Polling page: 0x00007f82565f2000

CodeCache: size=245760Kb used=5671Kb max_used=5671Kb free=240088Kb
 bounds [0x00007f82405a4000, 0x00007f8240b34000, 0x00007f824f5a4000]
 total_blobs=1926 nmethods=1575 adapters=264
 compilation: enabled

Compilation events (10 events):
Event: 39.847 Thread 0x00007f8250186000 1577       3       org.jgrapht.graph.AbstractBaseGraph$DirectedSpecifics::addVertex (13 bytes)
Event: 39.847 Thread 0x00007f8250186000 nmethod 1577 0x00007f8240b2d2d0 code [0x00007f8240b2d440, 0x00007f8240b2d668]
Event: 39.847 Thread 0x00007f8250186000 1579       3       org.evosuite.coverage.branch.BranchPool::isKnownAsNormalBranchInstruction (11 bytes)
Event: 39.847 Thread 0x00007f8250186000 nmethod 1579 0x00007f8240b2ff50 code [0x00007f8240b300c0, 0x00007f8240b302e8]
Event: 39.847 Thread 0x00007f8250186000 1571       3       org.evosuite.graphs.cfg.BytecodeInstructionFactory::createBytecodeInstruction (20 bytes)
Event: 39.848 Thread 0x00007f8250186000 nmethod 1571 0x00007f8240b303d0 code [0x00007f8240b30540, 0x00007f8240b30728]
Event: 39.848 Thread 0x00007f8250186000 1572       3       org.evosuite.graphs.cfg.BytecodeInstructionPool::getBytecodeIncrement (819 bytes)
Event: 39.848 Thread 0x00007f8250186000 nmethod 1572 0x00007f8240b30810 code [0x00007f8240b309c0, 0x00007f8240b311f0]
Event: 39.848 Thread 0x00007f8250186000 1573       3       org.evosuite.graphs.cfg.BytecodeInstructionPool::registerInstruction (304 bytes)
Event: 39.849 Thread 0x00007f8250181800 1580 %     4       org.evosuite.graphs.cfg.BytecodeInstructionPool::getInstruction @ 173 (360 bytes)

GC Heap History (7 events):
Event: 1.793 GC heap before
{Heap before GC invocations=1 (full 0):
 PSYoungGen      total 18432K, used 15872K [0x00000000eb900000, 0x00000000ecd80000, 0x0000000100000000)
  eden space 15872K, 100% used [0x00000000eb900000,0x00000000ec880000,0x00000000ec880000)
  from space 2560K, 0% used [0x00000000ecb00000,0x00000000ecb00000,0x00000000ecd80000)
  to   space 2560K, 0% used [0x00000000ec880000,0x00000000ec880000,0x00000000ecb00000)
 ParOldGen       total 42496K, used 0K [0x00000000c2a00000, 0x00000000c5380000, 0x00000000eb900000)
  object space 42496K, 0% used [0x00000000c2a00000,0x00000000c2a00000,0x00000000c5380000)
 Metaspace       used 9468K, capacity 9666K, committed 9728K, reserved 1058816K
  class space    used 1137K, capacity 1218K, committed 1280K, reserved 1048576K
Event: 1.818 GC heap after
Heap after GC invocations=1 (full 0):
 PSYoungGen      total 18432K, used 2560K [0x00000000eb900000, 0x00000000edd00000, 0x0000000100000000)
  eden space 15872K, 0% used [0x00000000eb900000,0x00000000eb900000,0x00000000ec880000)
  from space 2560K, 100% used [0x00000000ec880000,0x00000000ecb00000,0x00000000ecb00000)
  to   space 2560K, 0% used [0x00000000eda80000,0x00000000eda80000,0x00000000edd00000)
 ParOldGen       total 42496K, used 1521K [0x00000000c2a00000, 0x00000000c5380000, 0x00000000eb900000)
  object space 42496K, 3% used [0x00000000c2a00000,0x00000000c2b7c420,0x00000000c5380000)
 Metaspace       used 9468K, capacity 9666K, committed 9728K, reserved 1058816K
  class space    used 1137K, capacity 1218K, committed 1280K, reserved 1048576K
}
Event: 1.949 GC heap before
{Heap before GC invocations=2 (full 0):
 PSYoungGen      total 18432K, used 3795K [0x00000000eb900000, 0x00000000edd00000, 0x0000000100000000)
  eden space 15872K, 7% used [0x00000000eb900000,0x00000000eba34d80,0x00000000ec880000)
  from space 2560K, 100% used [0x00000000ec880000,0x00000000ecb00000,0x00000000ecb00000)
  to   space 2560K, 0% used [0x00000000eda80000,0x00000000eda80000,0x00000000edd00000)
 ParOldGen       total 42496K, used 1521K [0x00000000c2a00000, 0x00000000c5380000, 0x00000000eb900000)
  object space 42496K, 3% used [0x00000000c2a00000,0x00000000c2b7c420,0x00000000c5380000)
 Metaspace       used 10175K, capacity 10316K, committed 10624K, reserved 1058816K
  class space    used 1227K, capacity 1287K, committed 1408K, reserved 1048576K
Event: 1.960 GC heap after
Heap after GC invocations=2 (full 0):
 PSYoungGen      total 34304K, used 2528K [0x00000000eb900000, 0x00000000edd00000, 0x0000000100000000)
  eden space 31744K, 0% used [0x00000000eb900000,0x00000000eb900000,0x00000000ed800000)
  from space 2560K, 98% used [0x00000000eda80000,0x00000000edcf8020,0x00000000edd00000)
  to   space 2560K, 0% used [0x00000000ed800000,0x00000000ed800000,0x00000000eda80000)
 ParOldGen       total 42496K, used 1687K [0x00000000c2a00000, 0x00000000c5380000, 0x00000000eb900000)
  object space 42496K, 3% used [0x00000000c2a00000,0x00000000c2ba5fc8,0x00000000c5380000)
 Metaspace       used 10175K, capacity 10316K, committed 10624K, reserved 1058816K
  class space    used 1227K, capacity 1287K, committed 1408K, reserved 1048576K
}
Event: 1.960 GC heap before
{Heap before GC invocations=3 (full 1):
 PSYoungGen      total 34304K, used 2528K [0x00000000eb900000, 0x00000000edd00000, 0x0000000100000000)
  eden space 31744K, 0% used [0x00000000eb900000,0x00000000eb900000,0x00000000ed800000)
  from space 2560K, 98% used [0x00000000eda80000,0x00000000edcf8020,0x00000000edd00000)
  to   space 2560K, 0% used [0x00000000ed800000,0x00000000ed800000,0x00000000eda80000)
 ParOldGen       total 42496K, used 1687K [0x00000000c2a00000, 0x00000000c5380000, 0x00000000eb900000)
  object space 42496K, 3% used [0x00000000c2a00000,0x00000000c2ba5fc8,0x00000000c5380000)
 Metaspace       used 10175K, capacity 10316K, committed 10624K, reserved 1058816K
  class space    used 1227K, capacity 1287K, committed 1408K, reserved 1048576K
Event: 2.020 GC heap after
Heap after GC invocations=3 (full 1):
 PSYoungGen      total 34304K, used 0K [0x00000000eb900000, 0x00000000edd00000, 0x0000000100000000)
  eden space 31744K, 0% used [0x00000000eb900000,0x00000000eb900000,0x00000000ed800000)
  from space 2560K, 0% used [0x00000000eda80000,0x00000000eda80000,0x00000000edd00000)
  to   space 2560K, 0% used [0x00000000ed800000,0x00000000ed800000,0x00000000eda80000)
 ParOldGen       total 42496K, used 2715K [0x00000000c2a00000, 0x00000000c5380000, 0x00000000eb900000)
  object space 42496K, 6% used [0x00000000c2a00000,0x00000000c2ca6c40,0x00000000c5380000)
 Metaspace       used 10167K, capacity 10306K, committed 10624K, reserved 1058816K
  class space    used 1225K, capacity 1285K, committed 1408K, reserved 1048576K
}
Event: 39.859 GC heap before
{Heap before GC invocations=4 (full 1):
 PSYoungGen      total 34304K, used 31744K [0x00000000eb900000, 0x00000000edd00000, 0x0000000100000000)
  eden space 31744K, 100% used [0x00000000eb900000,0x00000000ed800000,0x00000000ed800000)
  from space 2560K, 0% used [0x00000000eda80000,0x00000000eda80000,0x00000000edd00000)
  to   space 2560K, 0% used [0x00000000ed800000,0x00000000ed800000,0x00000000eda80000)
 ParOldGen       total 42496K, used 2715K [0x00000000c2a00000, 0x00000000c5380000, 0x00000000eb900000)
  object space 42496K, 6% used [0x00000000c2a00000,0x00000000c2ca6c40,0x00000000c5380000)
 Metaspace       used 14025K, capacity 14398K, committed 14592K, reserved 1062912K
  class space    used 1613K, capacity 1720K, committed 1792K, reserved 1048576K

Deoptimization events (10 events):
Event: 33.252 Thread 0x00007f81e8001000 Uncommon trap: reason=bimorphic action=maybe_recompile pc=0x00007f824081a2d0 method=java.util.HashMap.putVal(ILjava/lang/Object;Ljava/lang/Object;ZZ)Ljava/lang/Object; @ 91
Event: 33.252 Thread 0x00007f81e8001000 Uncommon trap: reason=bimorphic action=maybe_recompile pc=0x00007f824081a2d0 method=java.util.HashMap.putVal(ILjava/lang/Object;Ljava/lang/Object;ZZ)Ljava/lang/Object; @ 91
Event: 36.862 Thread 0x00007f81e8001000 Uncommon trap: reason=range_check action=make_not_entrant pc=0x00007f8240a318cc method=org.evosuite.shaded.org.objectweb.asm.Type.getType([CI)Lorg/evosuite/shaded/org/objectweb/asm/Type; @ 162
Event: 37.553 Thread 0x00007f81e8001000 Uncommon trap: reason=class_check action=maybe_recompile pc=0x00007f8240a519e8 method=java.util.HashMap.putVal(ILjava/lang/Object;Ljava/lang/Object;ZZ)Ljava/lang/Object; @ 203
Event: 38.603 Thread 0x00007f81e8001000 Uncommon trap: reason=unstable_if action=reinterpret pc=0x00007f82407ad170 method=java.lang.AbstractStringBuilder.append(Ljava/lang/String;)Ljava/lang/AbstractStringBuilder; @ 1
Event: 38.677 Thread 0x00007f81e8001000 Uncommon trap: reason=unstable_if action=reinterpret pc=0x00007f824079752c method=java.lang.AbstractStringBuilder.append(Ljava/lang/String;)Ljava/lang/AbstractStringBuilder; @ 1
Event: 38.931 Thread 0x00007f81e8001000 Uncommon trap: reason=class_check action=maybe_recompile pc=0x00007f8240a519e8 method=java.util.HashMap.putVal(ILjava/lang/Object;Ljava/lang/Object;ZZ)Ljava/lang/Object; @ 203
Event: 38.931 Thread 0x00007f81e8001000 Uncommon trap: reason=class_check action=maybe_recompile pc=0x00007f8240a519e8 method=java.util.HashMap.putVal(ILjava/lang/Object;Ljava/lang/Object;ZZ)Ljava/lang/Object; @ 203
Event: 38.931 Thread 0x00007f81e8001000 Uncommon trap: reason=class_check action=maybe_recompile pc=0x00007f8240a519e8 method=java.util.HashMap.putVal(ILjava/lang/Object;Ljava/lang/Object;ZZ)Ljava/lang/Object; @ 203
Event: 39.846 Thread 0x00007f81e8001000 Uncommon trap: reason=unstable_if action=reinterpret pc=0x00007f8240a35614 method=org.evosuite.shaded.org.objectweb.asm.Type.getType([CI)Lorg/evosuite/shaded/org/objectweb/asm/Type; @ 165

Classes redefined (0 events):
No events

Internal exceptions (10 events):
Event: 10.998 Thread 0x00007f825030a800 Exception <a 'java/net/ConnectException'> (0x00000000ebcddae0) thrown at [/HUDSON/workspace/8-2-build-linux-amd64/jdk8u201/12317/hotspot/src/share/vm/prims/jni.cpp, line 709]
Event: 20.955 Thread 0x00007f8250305000 Exception <a 'java/net/ConnectException'> (0x00000000ebc3f8f8) thrown at [/HUDSON/workspace/8-2-build-linux-amd64/jdk8u201/12317/hotspot/src/share/vm/prims/jni.cpp, line 709]
Event: 20.956 Thread 0x00007f8250306800 Exception <a 'java/net/ConnectException'> (0x00000000ebc8ef80) thrown at [/HUDSON/workspace/8-2-build-linux-amd64/jdk8u201/12317/hotspot/src/share/vm/prims/jni.cpp, line 709]
Event: 20.998 Thread 0x00007f825030a800 Exception <a 'java/net/ConnectException'> (0x00000000ebcde608) thrown at [/HUDSON/workspace/8-2-build-linux-amd64/jdk8u201/12317/hotspot/src/share/vm/prims/jni.cpp, line 709]
Event: 30.976 Thread 0x00007f8250306800 Exception <a 'java/net/ConnectException'> (0x00000000ebc8faa8) thrown at [/HUDSON/workspace/8-2-build-linux-amd64/jdk8u201/12317/hotspot/src/share/vm/prims/jni.cpp, line 709]
Event: 30.977 Thread 0x00007f8250305000 Exception <a 'java/net/ConnectException'> (0x00000000ebc40420) thrown at [/HUDSON/workspace/8-2-build-linux-amd64/jdk8u201/12317/hotspot/src/share/vm/prims/jni.cpp, line 709]
Event: 30.999 Thread 0x00007f825030a800 Exception <a 'java/net/ConnectException'> (0x00000000ebcdf130) thrown at [/HUDSON/workspace/8-2-build-linux-amd64/jdk8u201/12317/hotspot/src/share/vm/prims/jni.cpp, line 709]
Event: 34.127 Thread 0x00007f81e8001000 Exception <a 'java/lang/NoSuchMethodError': <clinit>> (0x00000000ec317400) thrown at [/HUDSON/workspace/8-2-build-linux-amd64/jdk8u201/12317/hotspot/src/share/vm/prims/jni.cpp, line 1613]
Event: 38.603 Thread 0x00007f81e8001000 Implicit null exception at 0x00007f82407acdb5 to 0x00007f82407ad15d
Event: 38.677 Thread 0x00007f81e8001000 Implicit null exception at 0x00007f8240797134 to 0x00007f8240797515

Events (10 events):
Event: 38.931 Thread 0x00007f81e8001000 DEOPT PACKING pc=0x00007f8240a519e8 sp=0x00007f8235726f90
Event: 38.931 Thread 0x00007f81e8001000 DEOPT UNPACKING pc=0x00007f82405e973a sp=0x00007f8235726f28 mode 2
Event: 38.967 loading class org/evosuite/instrumentation/testability/DescriptorMapping$1
Event: 38.967 loading class org/evosuite/instrumentation/testability/DescriptorMapping$1 done
Event: 39.018 loading class org/evosuite/coverage/mutation/MutationObserver
Event: 39.018 loading class org/evosuite/coverage/mutation/MutationObserver done
Event: 39.846 Thread 0x00007f81e8001000 Uncommon trap: trap_request=0xffffff65 fr.pc=0x00007f8240a35614
Event: 39.846 Thread 0x00007f81e8001000 DEOPT PACKING pc=0x00007f8240a35614 sp=0x00007f8235727060
Event: 39.846 Thread 0x00007f81e8001000 DEOPT UNPACKING pc=0x00007f82405e973a sp=0x00007f8235727018 mode 2
Event: 39.850 Executing VM operation: ParallelGCFailedAllocation


Dynamic libraries:
00400000-00401000 r-xp 00000000 08:01 654793                             /usr/lib/jdk/jdk1.8.0_201/bin/java
00600000-00601000 r--p 00000000 08:01 654793                             /usr/lib/jdk/jdk1.8.0_201/bin/java
00601000-00602000 rw-p 00001000 08:01 654793                             /usr/lib/jdk/jdk1.8.0_201/bin/java
00c2e000-00e9d000 rw-p 00000000 00:00 0                                  [heap]
c2a00000-c5380000 rw-p 00000000 00:00 0 
c5380000-eb900000 ---p 00000000 00:00 0 
eb900000-edd00000 rw-p 00000000 00:00 0 
efc00000-100000000 ---p 00000000 00:00 0 
100000000-1001c0000 rw-p 00000000 00:00 0 
1001c0000-140000000 ---p 00000000 00:00 0 
7f81b8000000-7f81b8021000 rw-p 00000000 00:00 0 
7f81b8021000-7f81bc000000 ---p 00000000 00:00 0 
7f81c0000000-7f81c003b000 rw-p 00000000 00:00 0 
7f81c003b000-7f81c4000000 ---p 00000000 00:00 0 
7f81c4000000-7f81c4021000 rw-p 00000000 00:00 0 
7f81c4021000-7f81c8000000 ---p 00000000 00:00 0 
7f81c8000000-7f81c8021000 rw-p 00000000 00:00 0 
7f81c8021000-7f81cc000000 ---p 00000000 00:00 0 
7f81cc000000-7f81cc021000 rw-p 00000000 00:00 0 
7f81cc021000-7f81d0000000 ---p 00000000 00:00 0 
7f81d0000000-7f81d0021000 rw-p 00000000 00:00 0 
7f81d0021000-7f81d4000000 ---p 00000000 00:00 0 
7f81d4000000-7f81d4021000 rw-p 00000000 00:00 0 
7f81d4021000-7f81d8000000 ---p 00000000 00:00 0 
7f81d8000000-7f81d8021000 rw-p 00000000 00:00 0 
7f81d8021000-7f81dc000000 ---p 00000000 00:00 0 
7f81dc000000-7f81dc021000 rw-p 00000000 00:00 0 
7f81dc021000-7f81e0000000 ---p 00000000 00:00 0 
7f81e0000000-7f81e0021000 rw-p 00000000 00:00 0 
7f81e0021000-7f81e4000000 ---p 00000000 00:00 0 
7f81e4000000-7f81e4021000 rw-p 00000000 00:00 0 
7f81e4021000-7f81e8000000 ---p 00000000 00:00 0 
7f81e8000000-7f81e8021000 rw-p 00000000 00:00 0 
7f81e8021000-7f81ec000000 ---p 00000000 00:00 0 
7f81ec000000-7f81ec021000 rw-p 00000000 00:00 0 
7f81ec021000-7f81f0000000 ---p 00000000 00:00 0 
7f81f0000000-7f81f0021000 rw-p 00000000 00:00 0 
7f81f0021000-7f81f4000000 ---p 00000000 00:00 0 
7f81f4000000-7f81f4021000 rw-p 00000000 00:00 0 
7f81f4021000-7f81f8000000 ---p 00000000 00:00 0 
7f81f8000000-7f81f8021000 rw-p 00000000 00:00 0 
7f81f8021000-7f81fc000000 ---p 00000000 00:00 0 
7f81fc000000-7f81fc021000 rw-p 00000000 00:00 0 
7f81fc021000-7f8200000000 ---p 00000000 00:00 0 
7f8200000000-7f8200021000 rw-p 00000000 00:00 0 
7f8200021000-7f8204000000 ---p 00000000 00:00 0 
7f8204000000-7f8204021000 rw-p 00000000 00:00 0 
7f8204021000-7f8208000000 ---p 00000000 00:00 0 
7f8208000000-7f8208fa8000 rw-p 00000000 00:00 0 
7f8208fa8000-7f820c000000 ---p 00000000 00:00 0 
7f820c000000-7f820c866000 rw-p 00000000 00:00 0 
7f820c866000-7f8210000000 ---p 00000000 00:00 0 
7f8210000000-7f8210021000 rw-p 00000000 00:00 0 
7f8210021000-7f8214000000 ---p 00000000 00:00 0 
7f8214000000-7f8214ed9000 rw-p 00000000 00:00 0 
7f8214ed9000-7f8218000000 ---p 00000000 00:00 0 
7f8218000000-7f8218021000 rw-p 00000000 00:00 0 
7f8218021000-7f821c000000 ---p 00000000 00:00 0 
7f821c000000-7f821c021000 rw-p 00000000 00:00 0 
7f821c021000-7f8220000000 ---p 00000000 00:00 0 
7f8220000000-7f8220021000 rw-p 00000000 00:00 0 
7f8220021000-7f8224000000 ---p 00000000 00:00 0 
7f8224000000-7f822429b000 rw-p 00000000 00:00 0 
7f822429b000-7f8228000000 ---p 00000000 00:00 0 
7f8228000000-7f8228021000 rw-p 00000000 00:00 0 
7f8228021000-7f822c000000 ---p 00000000 00:00 0 
7f822cfff000-7f8230000000 rw-p 00000000 00:00 0 
7f8230000000-7f8230021000 rw-p 00000000 00:00 0 
7f8230021000-7f8234000000 ---p 00000000 00:00 0 
7f823512c000-7f82351ac000 rw-p 00000000 00:00 0 
7f82351ac000-7f823532c000 ---p 00000000 00:00 0 
7f823532c000-7f823552c000 rw-p 00000000 00:00 0 
7f823552c000-7f823552f000 ---p 00000000 00:00 0 
7f823552f000-7f823562d000 rw-p 00000000 00:00 0 
7f823562d000-7f8235630000 ---p 00000000 00:00 0 
7f8235630000-7f823572e000 rw-p 00000000 00:00 0 
7f823572e000-7f8235731000 ---p 00000000 00:00 0 
7f8235731000-7f823582f000 rw-p 00000000 00:00 0 
7f823582f000-7f8235832000 ---p 00000000 00:00 0 
7f8235832000-7f8235930000 rw-p 00000000 00:00 0 
7f8235930000-7f8235933000 ---p 00000000 00:00 0 
7f8235933000-7f8235a31000 rw-p 00000000 00:00 0 
7f8235a31000-7f8235a34000 ---p 00000000 00:00 0 
7f8235a34000-7f8235b32000 rw-p 00000000 00:00 0 
7f8235b32000-7f8235b35000 ---p 00000000 00:00 0 
7f8235b35000-7f8235c33000 rw-p 00000000 00:00 0 
7f8235c33000-7f8235c36000 ---p 00000000 00:00 0 
7f8235c36000-7f8235d34000 rw-p 00000000 00:00 0 
7f8235d34000-7f8235d37000 ---p 00000000 00:00 0 
7f8235d37000-7f8235e35000 rw-p 00000000 00:00 0 
7f8235e35000-7f8235e38000 ---p 00000000 00:00 0 
7f8235e38000-7f8235f36000 rw-p 00000000 00:00 0 
7f8235f36000-7f8235f39000 ---p 00000000 00:00 0 
7f8235f39000-7f8235f6f000 rw-p 00000000 00:00 0 
7f8235f6f000-7f8235f72000 ---p 00000000 00:00 0 
7f8235f72000-7f8236070000 rw-p 00000000 00:00 0 
7f8236070000-7f8236073000 ---p 00000000 00:00 0 
7f8236073000-7f8236171000 rw-p 00000000 00:00 0 
7f8236171000-7f8236174000 ---p 00000000 00:00 0 
7f8236174000-7f8236272000 rw-p 00000000 00:00 0 
7f8236272000-7f8236275000 ---p 00000000 00:00 0 
7f8236275000-7f8236373000 rw-p 00000000 00:00 0 
7f8236373000-7f8236376000 ---p 00000000 00:00 0 
7f8236376000-7f8236674000 rw-p 00000000 00:00 0 
7f8236674000-7f82366ed000 r--s 010fd000 08:01 654900                     /usr/lib/jdk/jdk1.8.0_201/lib/tools.jar
7f82366ed000-7f82366f0000 ---p 00000000 00:00 0 
7f82366f0000-7f82367ee000 rw-p 00000000 00:00 0 
7f82367ee000-7f82367f1000 ---p 00000000 00:00 0 
7f82367f1000-7f82368ef000 rw-p 00000000 00:00 0 
7f82368ef000-7f82368f2000 ---p 00000000 00:00 0 
7f82368f2000-7f82369f0000 rw-p 00000000 00:00 0 
7f82369f0000-7f8236a06000 r-xp 00000000 08:01 656512                     /usr/lib/jdk/jdk1.8.0_201/jre/lib/amd64/libnet.so
7f8236a06000-7f8236c06000 ---p 00016000 08:01 656512                     /usr/lib/jdk/jdk1.8.0_201/jre/lib/amd64/libnet.so
7f8236c06000-7f8236c07000 r--p 00016000 08:01 656512                     /usr/lib/jdk/jdk1.8.0_201/jre/lib/amd64/libnet.so
7f8236c07000-7f8236c08000 rw-p 00017000 08:01 656512                     /usr/lib/jdk/jdk1.8.0_201/jre/lib/amd64/libnet.so
7f8236c08000-7f8236e39000 r--s 01bb1000 08:01 403225                     /home/hewitt/work/DiffTGen-master/lib/evosuite-1.0.6.jar
7f8236e39000-7f8236e3a000 ---p 00000000 00:00 0 
7f8236e3a000-7f8236f3a000 rw-p 00000000 00:00 0 
7f8236f3a000-7f8236f3d000 ---p 00000000 00:00 0 
7f8236f3d000-7f823703b000 rw-p 00000000 00:00 0 
7f823703b000-7f823703e000 ---p 00000000 00:00 0 
7f823703e000-7f823713c000 rw-p 00000000 00:00 0 
7f823713c000-7f823713f000 ---p 00000000 00:00 0 
7f823713f000-7f823723d000 rw-p 00000000 00:00 0 
7f823723d000-7f8237240000 ---p 00000000 00:00 0 
7f8237240000-7f823733e000 rw-p 00000000 00:00 0 
7f823733e000-7f8237341000 ---p 00000000 00:00 0 
7f8237341000-7f823743f000 rw-p 00000000 00:00 0 
7f823743f000-7f8237dfe000 r--p 00000000 08:01 270368                     /usr/lib/locale/locale-archive
7f8237dfe000-7f8237e01000 ---p 00000000 00:00 0 
7f8237e01000-7f8237eff000 rw-p 00000000 00:00 0 
7f8237eff000-7f8237f02000 ---p 00000000 00:00 0 
7f8237f02000-7f8238000000 rw-p 00000000 00:00 0 
7f8238000000-7f8238021000 rw-p 00000000 00:00 0 
7f8238021000-7f823c000000 ---p 00000000 00:00 0 
7f823c014000-7f823c027000 r--s 00345000 08:01 656331                     /usr/lib/jdk/jdk1.8.0_201/jre/lib/resources.jar
7f823c027000-7f823c028000 ---p 00000000 00:00 0 
7f823c028000-7f823d037000 rw-p 00000000 00:00 0 
7f823d037000-7f823d211000 r--s 03d6f000 08:01 656293                     /usr/lib/jdk/jdk1.8.0_201/jre/lib/rt.jar
7f823d211000-7f823faac000 rw-p 00000000 00:00 0 
7f823faac000-7f823faad000 ---p 00000000 00:00 0 
7f823faad000-7f823fbad000 rw-p 00000000 00:00 0 
7f823fbad000-7f823fbae000 ---p 00000000 00:00 0 
7f823fbae000-7f823fcae000 rw-p 00000000 00:00 0 
7f823fcae000-7f823fcaf000 ---p 00000000 00:00 0 
7f823fcaf000-7f823fdaf000 rw-p 00000000 00:00 0 
7f823fdaf000-7f823fdb0000 ---p 00000000 00:00 0 
7f823fdb0000-7f823fec5000 rw-p 00000000 00:00 0 
7f823fec5000-7f823fff8000 ---p 00000000 00:00 0 
7f823fff8000-7f824000d000 rw-p 00000000 00:00 0 
7f824000d000-7f824013f000 ---p 00000000 00:00 0 
7f824013f000-7f8240152000 rw-p 00000000 00:00 0 
7f8240152000-7f82401e3000 ---p 00000000 00:00 0 
7f82401e3000-7f82401fb000 rw-p 00000000 00:00 0 
7f82401fb000-7f82405a4000 ---p 00000000 00:00 0 
7f82405a4000-7f8240b34000 rwxp 00000000 00:00 0 
7f8240b34000-7f824f5a4000 ---p 00000000 00:00 0 
7f824f5a4000-7f824f5bf000 r-xp 00000000 08:01 656508                     /usr/lib/jdk/jdk1.8.0_201/jre/lib/amd64/libzip.so
7f824f5bf000-7f824f7be000 ---p 0001b000 08:01 656508                     /usr/lib/jdk/jdk1.8.0_201/jre/lib/amd64/libzip.so
7f824f7be000-7f824f7bf000 r--p 0001a000 08:01 656508                     /usr/lib/jdk/jdk1.8.0_201/jre/lib/amd64/libzip.so
7f824f7bf000-7f824f7c0000 rw-p 0001b000 08:01 656508                     /usr/lib/jdk/jdk1.8.0_201/jre/lib/amd64/libzip.so
7f824f7c0000-7f824f7cb000 r-xp 00000000 08:01 658902                     /lib/x86_64-linux-gnu/libnss_files-2.23.so
7f824f7cb000-7f824f9ca000 ---p 0000b000 08:01 658902                     /lib/x86_64-linux-gnu/libnss_files-2.23.so
7f824f9ca000-7f824f9cb000 r--p 0000a000 08:01 658902                     /lib/x86_64-linux-gnu/libnss_files-2.23.so
7f824f9cb000-7f824f9cc000 rw-p 0000b000 08:01 658902                     /lib/x86_64-linux-gnu/libnss_files-2.23.so
7f824f9cc000-7f824f9d2000 rw-p 00000000 00:00 0 
7f824f9d2000-7f824f9dd000 r-xp 00000000 08:01 658912                     /lib/x86_64-linux-gnu/libnss_nis-2.23.so
7f824f9dd000-7f824fbdc000 ---p 0000b000 08:01 658912                     /lib/x86_64-linux-gnu/libnss_nis-2.23.so
7f824fbdc000-7f824fbdd000 r--p 0000a000 08:01 658912                     /lib/x86_64-linux-gnu/libnss_nis-2.23.so
7f824fbdd000-7f824fbde000 rw-p 0000b000 08:01 658912                     /lib/x86_64-linux-gnu/libnss_nis-2.23.so
7f824fbde000-7f824fbf4000 r-xp 00000000 08:01 658896                     /lib/x86_64-linux-gnu/libnsl-2.23.so
7f824fbf4000-7f824fdf3000 ---p 00016000 08:01 658896                     /lib/x86_64-linux-gnu/libnsl-2.23.so
7f824fdf3000-7f824fdf4000 r--p 00015000 08:01 658896                     /lib/x86_64-linux-gnu/libnsl-2.23.so
7f824fdf4000-7f824fdf5000 rw-p 00016000 08:01 658896                     /lib/x86_64-linux-gnu/libnsl-2.23.so
7f824fdf5000-7f824fdf7000 rw-p 00000000 00:00 0 
7f824fdf7000-7f824fdff000 r-xp 00000000 08:01 658898                     /lib/x86_64-linux-gnu/libnss_compat-2.23.so
7f824fdff000-7f824fffe000 ---p 00008000 08:01 658898                     /lib/x86_64-linux-gnu/libnss_compat-2.23.so
7f824fffe000-7f824ffff000 r--p 00007000 08:01 658898                     /lib/x86_64-linux-gnu/libnss_compat-2.23.so
7f824ffff000-7f8250000000 rw-p 00008000 08:01 658898                     /lib/x86_64-linux-gnu/libnss_compat-2.23.so
7f8250000000-7f82504e7000 rw-p 00000000 00:00 0 
7f82504e7000-7f8254000000 ---p 00000000 00:00 0 
7f8254001000-7f825401d000 r--s 00393000 08:01 656354                     /usr/lib/jdk/jdk1.8.0_201/jre/lib/ext/cldrdata.jar
7f825401d000-7f8254093000 rw-p 00000000 00:00 0 
7f8254093000-7f82540bf000 r-xp 00000000 08:01 656502                     /usr/lib/jdk/jdk1.8.0_201/jre/lib/amd64/libjava.so
7f82540bf000-7f82542bf000 ---p 0002c000 08:01 656502                     /usr/lib/jdk/jdk1.8.0_201/jre/lib/amd64/libjava.so
7f82542bf000-7f82542c0000 r--p 0002c000 08:01 656502                     /usr/lib/jdk/jdk1.8.0_201/jre/lib/amd64/libjava.so
7f82542c0000-7f82542c2000 rw-p 0002d000 08:01 656502                     /usr/lib/jdk/jdk1.8.0_201/jre/lib/amd64/libjava.so
7f82542c2000-7f82542cf000 r-xp 00000000 08:01 656507                     /usr/lib/jdk/jdk1.8.0_201/jre/lib/amd64/libverify.so
7f82542cf000-7f82544ce000 ---p 0000d000 08:01 656507                     /usr/lib/jdk/jdk1.8.0_201/jre/lib/amd64/libverify.so
7f82544ce000-7f82544d0000 r--p 0000c000 08:01 656507                     /usr/lib/jdk/jdk1.8.0_201/jre/lib/amd64/libverify.so
7f82544d0000-7f82544d1000 rw-p 0000e000 08:01 656507                     /usr/lib/jdk/jdk1.8.0_201/jre/lib/amd64/libverify.so
7f82544d1000-7f82544d8000 r-xp 00000000 08:01 658957                     /lib/x86_64-linux-gnu/librt-2.23.so
7f82544d8000-7f82546d7000 ---p 00007000 08:01 658957                     /lib/x86_64-linux-gnu/librt-2.23.so
7f82546d7000-7f82546d8000 r--p 00006000 08:01 658957                     /lib/x86_64-linux-gnu/librt-2.23.so
7f82546d8000-7f82546d9000 rw-p 00007000 08:01 658957                     /lib/x86_64-linux-gnu/librt-2.23.so
7f82546d9000-7f82547e1000 r-xp 00000000 08:01 658873                     /lib/x86_64-linux-gnu/libm-2.23.so
7f82547e1000-7f82549e0000 ---p 00108000 08:01 658873                     /lib/x86_64-linux-gnu/libm-2.23.so
7f82549e0000-7f82549e1000 r--p 00107000 08:01 658873                     /lib/x86_64-linux-gnu/libm-2.23.so
7f82549e1000-7f82549e2000 rw-p 00108000 08:01 658873                     /lib/x86_64-linux-gnu/libm-2.23.so
7f82549e2000-7f82556ca000 r-xp 00000000 08:01 656484                     /usr/lib/jdk/jdk1.8.0_201/jre/lib/amd64/server/libjvm.so
7f82556ca000-7f82558c9000 ---p 00ce8000 08:01 656484                     /usr/lib/jdk/jdk1.8.0_201/jre/lib/amd64/server/libjvm.so
7f82558c9000-7f825595f000 r--p 00ce7000 08:01 656484                     /usr/lib/jdk/jdk1.8.0_201/jre/lib/amd64/server/libjvm.so
7f825595f000-7f8255990000 rw-p 00d7d000 08:01 656484                     /usr/lib/jdk/jdk1.8.0_201/jre/lib/amd64/server/libjvm.so
7f8255990000-7f82559cb000 rw-p 00000000 00:00 0 
7f82559cb000-7f8255b8b000 r-xp 00000000 08:01 658803                     /lib/x86_64-linux-gnu/libc-2.23.so
7f8255b8b000-7f8255d8b000 ---p 001c0000 08:01 658803                     /lib/x86_64-linux-gnu/libc-2.23.so
7f8255d8b000-7f8255d8f000 r--p 001c0000 08:01 658803                     /lib/x86_64-linux-gnu/libc-2.23.so
7f8255d8f000-7f8255d91000 rw-p 001c4000 08:01 658803                     /lib/x86_64-linux-gnu/libc-2.23.so
7f8255d91000-7f8255d95000 rw-p 00000000 00:00 0 
7f8255d95000-7f8255d98000 r-xp 00000000 08:01 658827                     /lib/x86_64-linux-gnu/libdl-2.23.so
7f8255d98000-7f8255f97000 ---p 00003000 08:01 658827                     /lib/x86_64-linux-gnu/libdl-2.23.so
7f8255f97000-7f8255f98000 r--p 00002000 08:01 658827                     /lib/x86_64-linux-gnu/libdl-2.23.so
7f8255f98000-7f8255f99000 rw-p 00003000 08:01 658827                     /lib/x86_64-linux-gnu/libdl-2.23.so
7f8255f99000-7f8255fb0000 r-xp 00000000 08:01 656155                     /usr/lib/jdk/jdk1.8.0_201/lib/amd64/jli/libjli.so
7f8255fb0000-7f82561af000 ---p 00017000 08:01 656155                     /usr/lib/jdk/jdk1.8.0_201/lib/amd64/jli/libjli.so
7f82561af000-7f82561b0000 r--p 00016000 08:01 656155                     /usr/lib/jdk/jdk1.8.0_201/lib/amd64/jli/libjli.so
7f82561b0000-7f82561b1000 rw-p 00017000 08:01 656155                     /usr/lib/jdk/jdk1.8.0_201/lib/amd64/jli/libjli.so
7f82561b1000-7f82561c9000 r-xp 00000000 08:01 658949                     /lib/x86_64-linux-gnu/libpthread-2.23.so
7f82561c9000-7f82563c8000 ---p 00018000 08:01 658949                     /lib/x86_64-linux-gnu/libpthread-2.23.so
7f82563c8000-7f82563c9000 r--p 00017000 08:01 658949                     /lib/x86_64-linux-gnu/libpthread-2.23.so
7f82563c9000-7f82563ca000 rw-p 00018000 08:01 658949                     /lib/x86_64-linux-gnu/libpthread-2.23.so
7f82563ca000-7f82563ce000 rw-p 00000000 00:00 0 
7f82563ce000-7f82563f4000 r-xp 00000000 08:01 658775                     /lib/x86_64-linux-gnu/ld-2.23.so
7f82563f6000-7f8256400000 r--s 00116000 08:01 656361                     /usr/lib/jdk/jdk1.8.0_201/jre/lib/ext/localedata.jar
7f8256400000-7f8256418000 r--s 00127000 08:01 436325                     /home/hewitt/work/DiffTGen-master/output/patch1-Math-33-SOFix/Math_33_1_sofix/target/build/classes/all0.jar
7f8256418000-7f82564d6000 rw-p 00000000 00:00 0 
7f82564d6000-7f82564d9000 ---p 00000000 00:00 0 
7f82564d9000-7f82565dc000 rw-p 00000000 00:00 0 
7f82565dc000-7f82565e0000 r--s 000a1000 08:01 656350                     /usr/lib/jdk/jdk1.8.0_201/jre/lib/jsse.jar
7f82565e0000-7f82565e8000 r--s 0006e000 08:01 398946                     /home/hewitt/work/DiffTGen-master/lib/commons-lang3-3.5.jar
7f82565e8000-7f82565e9000 r--s 00000000 08:01 398951                     /home/hewitt/work/DiffTGen-master/lib/myprinter.jar
7f82565e9000-7f82565f1000 rw-s 00000000 08:01 158538                     /tmp/hsperfdata_hewitt/35709
7f82565f1000-7f82565f2000 rw-p 00000000 00:00 0 
7f82565f2000-7f82565f3000 ---p 00000000 00:00 0 
7f82565f3000-7f82565f4000 r--p 00025000 08:01 658775                     /lib/x86_64-linux-gnu/ld-2.23.so
7f82565f4000-7f82565f5000 rw-p 00026000 08:01 658775                     /lib/x86_64-linux-gnu/ld-2.23.so
7f82565f5000-7f82565f6000 rw-p 00000000 00:00 0 
7ffde500d000-7ffde502f000 rw-p 00000000 00:00 0                          [stack]
7ffde5142000-7ffde5145000 r--p 00000000 00:00 0                          [vvar]
7ffde5145000-7ffde5147000 r-xp 00000000 00:00 0                          [vdso]
ffffffffff600000-ffffffffff601000 r-xp 00000000 00:00 0                  [vsyscall]

VM Arguments:
java_command: /home/hewitt/work/DiffTGen-master/lib/evosuite-1.0.6.jar -base_dir /home/hewitt/work/DiffTGen-master/output/patch1-Math-33-SOFix/Math_33_1_sofix/target/0/3 -projectCP /home/hewitt/work/DiffTGen-master/output/patch1-Math-33-SOFix/Math_33_1_sofix/target/build/classes/all0.jar:/home/hewitt/work/DiffTGen-master/lib/myprinter.jar:/home/hewitt/work/DiffTGen-master/lib/commons-lang3-3.5.jar -class org.apache.commons.math3.optimization.linear.SimplexTableau -Dassertions=false -Dsearch_budget=60
java_class_path (initial): /home/hewitt/work/DiffTGen-master/lib/evosuite-1.0.6.jar
Launcher Type: SUN_STANDARD

Environment Variables:
JAVA_HOME=/usr/lib/jdk/jdk1.8.0_201
JRE_HOME=/usr/lib/jdk/jdk1.8.0_201/jre
CLASSPATH=.:/usr/lib/jdk/jdk1.8.0_201/lib:/usr/lib/jdk/jdk1.8.0_201/jre/lib
PATH=/usr/lib/jdk/jdk1.8.0_201/bin:/home/hewitt/bin:/home/hewitt/.local/bin:/usr/lib/jdk/jdk1.7.0_80/bin:/usr/local/sbin:/usr/local/bin:/usr/sbin:/usr/bin:/sbin:/bin:/usr/games:/usr/local/games:/snap/bin:/home/hewitt/work/defects4j_v1.4.0/defects4j/framework/bin:/opt/apache-ant-1.9.14/bin:/home/hewitt/work/defects4j_v1.4.0/defects4j/framework/bin
SHELL=/bin/bash
DISPLAY=:0

Signal Handlers:
SIGSEGV: [libjvm.so+0xad3e60], sa_mask[0]=11111111011111111101111111111110, sa_flags=SA_RESTART|SA_SIGINFO
SIGBUS: [libjvm.so+0xad3e60], sa_mask[0]=11111111011111111101111111111110, sa_flags=SA_RESTART|SA_SIGINFO
SIGFPE: [libjvm.so+0x90b880], sa_mask[0]=11111111011111111101111111111110, sa_flags=SA_RESTART|SA_SIGINFO
SIGPIPE: [libjvm.so+0x90b880], sa_mask[0]=11111111011111111101111111111110, sa_flags=SA_RESTART|SA_SIGINFO
SIGXFSZ: [libjvm.so+0x90b880], sa_mask[0]=11111111011111111101111111111110, sa_flags=SA_RESTART|SA_SIGINFO
SIGILL: [libjvm.so+0x90b880], sa_mask[0]=11111111011111111101111111111110, sa_flags=SA_RESTART|SA_SIGINFO
SIGUSR1: SIG_DFL, sa_mask[0]=00000000000000000000000000000000, sa_flags=none
SIGUSR2: [libjvm.so+0x90b750], sa_mask[0]=00100000000000000000000000000000, sa_flags=SA_RESTART|SA_SIGINFO
SIGHUP: [libjvm.so+0x90bd70], sa_mask[0]=11111111011111111101111111111110, sa_flags=SA_RESTART|SA_SIGINFO
SIGINT: [libjvm.so+0x90bd70], sa_mask[0]=11111111011111111101111111111110, sa_flags=SA_RESTART|SA_SIGINFO
SIGTERM: [libjvm.so+0x90bd70], sa_mask[0]=11111111011111111101111111111110, sa_flags=SA_RESTART|SA_SIGINFO
SIGQUIT: [libjvm.so+0x90bd70], sa_mask[0]=11111111011111111101111111111110, sa_flags=SA_RESTART|SA_SIGINFO


---------------  S Y S T E M  ---------------

OS:DISTRIB_ID=Ubuntu
DISTRIB_RELEASE=16.04
DISTRIB_CODENAME=xenial
DISTRIB_DESCRIPTION="Ubuntu 16.04.6 LTS"

uname:Linux 4.15.0-91-generic #92~16.04.1-Ubuntu SMP Fri Feb 28 14:57:22 UTC 2020 x86_64
libc:glibc 2.23 NPTL 2.23 
rlimit: STACK 8192k, CORE 0k, NPROC 15448, NOFILE 1048576, AS infinity
load average:24.06 19.82 17.97

/proc/meminfo:
MemTotal:        4015928 kB
MemFree:          421716 kB
MemAvailable:     335084 kB
Buffers:             372 kB
Cached:            34652 kB
SwapCached:         2168 kB
Active:          2633816 kB
Inactive:         518692 kB
Active(anon):    2626880 kB
Inactive(anon):   491572 kB
Active(file):       6936 kB
Inactive(file):    27120 kB
Unevictable:          48 kB
Mlocked:              48 kB
SwapTotal:        998396 kB
SwapFree:          20272 kB
Dirty:                60 kB
Writeback:          1552 kB
AnonPages:       3116892 kB
Mapped:            25428 kB
Shmem:               748 kB
Slab:              92976 kB
SReclaimable:      33620 kB
SUnreclaim:        59356 kB
KernelStack:       17104 kB
PageTables:        42596 kB
NFS_Unstable:          0 kB
Bounce:                0 kB
WritebackTmp:          0 kB
CommitLimit:     3006360 kB
Committed_AS:    9049820 kB
VmallocTotal:   34359738367 kB
VmallocUsed:           0 kB
VmallocChunk:          0 kB
HardwareCorrupted:     0 kB
AnonHugePages:         0 kB
ShmemHugePages:        0 kB
ShmemPmdMapped:        0 kB
CmaTotal:              0 kB
CmaFree:               0 kB
HugePages_Total:       0
HugePages_Free:        0
HugePages_Rsvd:        0
HugePages_Surp:        0
Hugepagesize:       2048 kB
DirectMap4k:       98112 kB
DirectMap2M:     4096000 kB
DirectMap1G:     2097152 kB

container (cgroup) information:
container_type: cgroupv1
cpu_cpuset_cpus: 0-3
cpu_memory_nodes: 0
active_processor_count: 4
cpu_quota: -1
cpu_period: 100000
cpu_shares: -1
memory_limit_in_bytes: -1
memory_and_swap_limit_in_bytes: -2
memory_soft_limit_in_bytes: -1
memory_usage_in_bytes: 3229888512
memory_max_usage_in_bytes: 80244736


CPU:total 4 (initial active 4) (2 cores per cpu, 1 threads per core) family 6 model 158 stepping 9, cmov, cx8, fxsr, mmx, sse, sse2, sse3, ssse3, sse4.1, sse4.2, popcnt, avx, avx2, aes, clmul, erms, 3dnowpref, lzcnt, tsc, tscinvbit, bmi1, bmi2, adx

/proc/cpuinfo:
processor	: 0
vendor_id	: GenuineIntel
cpu family	: 6
model		: 158
model name	: Intel(R) Core(TM) i7-7700HQ CPU @ 2.80GHz
stepping	: 9
microcode	: 0xb4
cpu MHz		: 2808.002
cache size	: 6144 KB
physical id	: 0
siblings	: 2
core id		: 0
cpu cores	: 2
apicid		: 0
initial apicid	: 0
fpu		: yes
fpu_exception	: yes
cpuid level	: 22
wp		: yes
flags		: fpu vme de pse tsc msr pae mce cx8 apic sep mtrr pge mca cmov pat pse36 clflush mmx fxsr sse sse2 ss ht syscall nx pdpe1gb rdtscp lm constant_tsc arch_perfmon nopl xtopology tsc_reliable nonstop_tsc cpuid pni pclmulqdq ssse3 fma cx16 pcid sse4_1 sse4_2 x2apic movbe popcnt tsc_deadline_timer aes xsave avx f16c rdrand hypervisor lahf_lm abm 3dnowprefetch cpuid_fault invpcid_single pti ssbd ibrs ibpb stibp fsgsbase tsc_adjust bmi1 avx2 smep bmi2 invpcid mpx rdseed adx smap clflushopt xsaveopt xsavec xsaves arat md_clear flush_l1d arch_capabilities
bugs		: cpu_meltdown spectre_v1 spectre_v2 spec_store_bypass l1tf mds swapgs itlb_multihit
bogomips	: 5616.00
clflush size	: 64
cache_alignment	: 64
address sizes	: 43 bits physical, 48 bits virtual
power management:

processor	: 1
vendor_id	: GenuineIntel
cpu family	: 6
model		: 158
model name	: Intel(R) Core(TM) i7-7700HQ CPU @ 2.80GHz
stepping	: 9
microcode	: 0xb4
cpu MHz		: 2808.002
cache size	: 6144 KB
physical id	: 0
siblings	: 2
core id		: 1
cpu cores	: 2
apicid		: 1
initial apicid	: 1
fpu		: yes
fpu_exception	: yes
cpuid level	: 22
wp		: yes
flags		: fpu vme de pse tsc msr pae mce cx8 apic sep mtrr pge mca cmov pat pse36 clflush mmx fxsr sse sse2 ss ht syscall nx pdpe1gb rdtscp lm constant_tsc arch_perfmon nopl xtopology tsc_reliable nonstop_tsc cpuid pni pclmulqdq ssse3 fma cx16 pcid sse4_1 sse4_2 x2apic movbe popcnt tsc_deadline_timer aes xsave avx f16c rdrand hypervisor lahf_lm abm 3dnowprefetch cpuid_fault invpcid_single pti ssbd ibrs ibpb stibp fsgsbase tsc_adjust bmi1 avx2 smep bmi2 invpcid mpx rdseed adx smap clflushopt xsaveopt xsavec xsaves arat md_clear flush_l1d arch_capabilities
bugs		: cpu_meltdown spectre_v1 spectre_v2 spec_store_bypass l1tf mds swapgs itlb_multihit
bogomips	: 5616.00
clflush size	: 64
cache_alignment	: 64
address sizes	: 43 bits physical, 48 bits virtual
power management:

processor	: 2
vendor_id	: GenuineIntel
cpu family	: 6
model		: 158
model name	: Intel(R) Core(TM) i7-7700HQ CPU @ 2.80GHz
stepping	: 9
microcode	: 0xb4
cpu MHz		: 2808.002
cache size	: 6144 KB
physical id	: 1
siblings	: 2
core id		: 0
cpu cores	: 2
apicid		: 2
initial apicid	: 2
fpu		: yes
fpu_exception	: yes
cpuid level	: 22
wp		: yes
flags		: fpu vme de pse tsc msr pae mce cx8 apic sep mtrr pge mca cmov pat pse36 clflush mmx fxsr sse sse2 ss ht syscall nx pdpe1gb rdtscp lm constant_tsc arch_perfmon nopl xtopology tsc_reliable nonstop_tsc cpuid pni pclmulqdq ssse3 fma cx16 pcid sse4_1 sse4_2 x2apic movbe popcnt tsc_deadline_timer aes xsave avx f16c rdrand hypervisor lahf_lm abm 3dnowprefetch cpuid_fault invpcid_single pti ssbd ibrs ibpb stibp fsgsbase tsc_adjust bmi1 avx2 smep bmi2 invpcid mpx rdseed adx smap clflushopt xsaveopt xsavec xsaves arat md_clear flush_l1d arch_capabilities
bugs		: cpu_meltdown spectre_v1 spectre_v2 spec_store_bypass l1tf mds swapgs itlb_multihit
bogomips	: 5616.00
clflush size	: 64
cache_alignment	: 64
address sizes	: 43 bits physical, 48 bits virtual
power management:

processor	: 3
vendor_id	: GenuineIntel
cpu family	: 6
model		: 158
model name	: Intel(R) Core(TM) i7-7700HQ CPU @ 2.80GHz
stepping	: 9
microcode	: 0xb4
cpu MHz		: 2808.002
cache size	: 6144 KB
physical id	: 1
siblings	: 2
core id		: 1
cpu cores	: 2
apicid		: 3
initial apicid	: 3
fpu		: yes
fpu_exception	: yes
cpuid level	: 22
wp		: yes
flags		: fpu vme de pse tsc msr pae mce cx8 apic sep mtrr pge mca cmov pat pse36 clflush mmx fxsr sse sse2 ss ht syscall nx pdpe1gb rdtscp lm constant_tsc arch_perfmon nopl xtopology tsc_reliable nonstop_tsc cpuid pni pclmulqdq ssse3 fma cx16 pcid sse4_1 sse4_2 x2apic movbe popcnt tsc_deadline_timer aes xsave avx f16c rdrand hypervisor lahf_lm abm 3dnowprefetch cpuid_fault invpcid_single pti ssbd ibrs ibpb stibp fsgsbase tsc_adjust bmi1 avx2 smep bmi2 invpcid mpx rdseed adx smap clflushopt xsaveopt xsavec xsaves arat md_clear flush_l1d arch_capabilities
bugs		: cpu_meltdown spectre_v1 spectre_v2 spec_store_bypass l1tf mds swapgs itlb_multihit
bogomips	: 5616.00
clflush size	: 64
cache_alignment	: 64
address sizes	: 43 bits physical, 48 bits virtual
power management:



Memory: 4k page, physical 4015928k(421716k free), swap 998396k(20272k free)

vm_info: Java HotSpot(TM) 64-Bit Server VM (25.201-b09) for linux-amd64 JRE (1.8.0_201-b09), built on Dec 15 2018 11:35:59 by "java_re" with gcc 7.3.0

time: Sun Mar 29 15:45:53 2020
timezone: CST
elapsed time: 41 seconds (0d 0h 0m 41s)

