#
# There is insufficient memory for the Java Runtime Environment to continue.
# Native memory allocation (mmap) failed to map 29360128 bytes for committing reserved memory.
# Possible reasons:
#   The system is out of physical RAM or swap space
#   The process is running with CompressedOops enabled, and the Java Heap may be blocking the growth of the native heap
# Possible solutions:
#   Reduce memory load on the system
#   Increase physical memory or swap space
#   Check if swap backing store is full
#   Decrease Java heap size (-Xmx/-Xms)
#   Decrease number of Java threads
#   Decrease Java thread stack sizes (-Xss)
#   Set larger code cache with -XX:ReservedCodeCacheSize=
#   JVM is running with Unscaled Compressed Oops mode in which the Java heap is
#     placed in the first 4GB address space. The Java Heap base address is the
#     maximum limit for the native heap growth. Please use -XX:HeapBaseMinAddress
#     to set the Java Heap base and to place the Java Heap above 4GB virtual address.
# This output file may be truncated or incomplete.
#
#  Out of Memory Error (os_linux.cpp:2749), pid=113856, tid=0x00007fdcc2a48700
#
# JRE version: Java(TM) SE Runtime Environment (8.0_201-b09) (build 1.8.0_201-b09)
# Java VM: Java HotSpot(TM) 64-Bit Server VM (25.201-b09 mixed mode linux-amd64 compressed oops)
# Failed to write core dump. Core dumps have been disabled. To enable core dumping, try "ulimit -c unlimited" before starting Java again
#

---------------  T H R E A D  ---------------

Current thread (0x00007fdcd4140000):  VMThread [stack: 0x00007fdcc2948000,0x00007fdcc2a49000] [id=113881]

Stack: [0x00007fdcc2948000,0x00007fdcc2a49000],  sp=0x00007fdcc2a47450,  free space=1021k
Native frames: (J=compiled Java code, j=interpreted, Vv=VM code, C=native code)
V  [libjvm.so+0xad3525]  VMError::report_and_die()+0x2e5
V  [libjvm.so+0x4e0457]  report_vm_out_of_memory(char const*, int, unsigned long, VMErrorType, char const*)+0x67
V  [libjvm.so+0x9102f0]  os::pd_commit_memory(char*, unsigned long, unsigned long, bool)+0x100
V  [libjvm.so+0x90791f]  os::commit_memory(char*, unsigned long, unsigned long, bool)+0x1f
V  [libjvm.so+0x98c806]  PSVirtualSpace::expand_by(unsigned long)+0x56
V  [libjvm.so+0x98da98]  PSYoungGen::resize(unsigned long, unsigned long)+0xd8
V  [libjvm.so+0x98a236]  PSScavenge::invoke_no_policy()+0x1376
V  [libjvm.so+0x98a5cc]  PSScavenge::invoke()+0x4c
V  [libjvm.so+0x93a318]  ParallelScavengeHeap::failed_mem_allocate(unsigned long)+0x68
V  [libjvm.so+0xad5073]  VM_ParallelGCFailedAllocation::doit()+0x93
V  [libjvm.so+0xada296]  VM_Operation::evaluate()+0x46
V  [libjvm.so+0xad85cd]  VMThread::evaluate_operation(VM_Operation*) [clone .constprop.44]+0xcd
V  [libjvm.so+0xad8bb3]  VMThread::loop()+0x3a3
V  [libjvm.so+0xad8f88]  VMThread::run()+0x78
V  [libjvm.so+0x90d922]  java_start(Thread*)+0x102

VM_Operation (0x00007fdc88ffaf40): ParallelGCFailedAllocation, mode: safepoint, requested by thread 0x00007fdc78001000


---------------  P R O C E S S  ---------------

Java Threads: ( => current thread )
  0x00007fdc78001000 JavaThread "RMI TCP Connection(2)-127.0.0.1" daemon [_thread_blocked, id=114311, stack(0x00007fdc88efe000,0x00007fdc88fff000)]
  0x00007fdc50038000 JavaThread "RMI Scheduler(0)" daemon [_thread_blocked, id=114298, stack(0x00007fdcc00ef000,0x00007fdcc01f0000)]
  0x00007fdc50030800 JavaThread "RMI RenewClean-[127.0.0.1:11804]" daemon [_thread_blocked, id=114283, stack(0x00007fdcc01f0000,0x00007fdcc02f1000)]
  0x00007fdc74001000 JavaThread "RMI TCP Connection(3)-127.0.0.1" daemon [_thread_blocked, id=114277, stack(0x00007fdcc02f1000,0x00007fdcc03f2000)]
  0x00007fdc70005000 JavaThread "pool-3-thread-3" [_thread_in_native, id=114225, stack(0x00007fdcc03f2000,0x00007fdcc04f3000)]
  0x00007fdc70003000 JavaThread "pool-3-thread-2" [_thread_in_native, id=114221, stack(0x00007fdcc04f3000,0x00007fdcc05f4000)]
  0x00007fdc70002000 JavaThread "pool-3-thread-1" [_thread_in_native, id=114219, stack(0x00007fdcc05f4000,0x00007fdcc06f5000)]
  0x00007fdcd41fe800 JavaThread "Thread-3" [_thread_in_native, id=114116, stack(0x00007fdcc06f5000,0x00007fdcc07f6000)]
  0x00007fdcd41fd000 JavaThread "Thread-2" [_thread_in_native, id=114110, stack(0x00007fdcc07f6000,0x00007fdcc08f7000)]
  0x00007fdcd41a4000 JavaThread "process reaper" daemon [_thread_in_native, id=114105, stack(0x00007fdcc08f7000,0x00007fdcc0930000)]
  0x00007fdcd43b2000 JavaThread "pool-2-thread-1" [_thread_in_native, id=114059, stack(0x00007fdcc0930000,0x00007fdcc0a31000)]
  0x00007fdcd43af800 JavaThread "GC Daemon" daemon [_thread_blocked, id=114058, stack(0x00007fdcc0a31000,0x00007fdcc0b32000)]
  0x00007fdcd43ad000 JavaThread "RMI Reaper" [_thread_blocked, id=114056, stack(0x00007fdcc0b32000,0x00007fdcc0c33000)]
  0x00007fdcd43a3800 JavaThread "RMI TCP Accept-2205" daemon [_thread_in_native, id=114053, stack(0x00007fdcc0c33000,0x00007fdcc0d34000)]
  0x00007fdcd439e800 JavaThread "RMI TCP Accept-15475" daemon [_thread_in_native, id=114030, stack(0x00007fdcc0d34000,0x00007fdcc0e35000)]
  0x00007fdcd42e1000 JavaThread "logback-3" daemon [_thread_blocked, id=114011, stack(0x00007fdcc1035000,0x00007fdcc1136000)]
  0x00007fdcd42dd800 JavaThread "logback-2" daemon [_thread_blocked, id=114005, stack(0x00007fdcc1136000,0x00007fdcc1237000)]
  0x00007fdcd42dc000 JavaThread "logback-1" daemon [_thread_blocked, id=114001, stack(0x00007fdcc1237000,0x00007fdcc1338000)]
  0x00007fdcd4189000 JavaThread "Service Thread" daemon [_thread_blocked, id=113946, stack(0x00007fdcc1882000,0x00007fdcc1983000)]
  0x00007fdcd4186000 JavaThread "C1 CompilerThread2" daemon [_thread_blocked, id=113933, stack(0x00007fdcc1983000,0x00007fdcc1a84000)]
  0x00007fdcd4184800 JavaThread "C2 CompilerThread1" daemon [_thread_blocked, id=113928, stack(0x00007fdcc1a84000,0x00007fdcc1b85000)]
  0x00007fdcd4181800 JavaThread "C2 CompilerThread0" daemon [_thread_blocked, id=113927, stack(0x00007fdcc1b85000,0x00007fdcc1c86000)]
  0x00007fdcd4180000 JavaThread "Signal Dispatcher" daemon [_thread_blocked, id=113921, stack(0x00007fdcc1c86000,0x00007fdcc1d87000)]
  0x00007fdcd414c000 JavaThread "Finalizer" daemon [_thread_blocked, id=113889, stack(0x00007fdcc2746000,0x00007fdcc2847000)]
  0x00007fdcd4149800 JavaThread "Reference Handler" daemon [_thread_blocked, id=113886, stack(0x00007fdcc2847000,0x00007fdcc2948000)]
  0x00007fdcd400a800 JavaThread "main" [_thread_in_native, id=113860, stack(0x00007fdcdce74000,0x00007fdcdcf75000)]

Other Threads:
=>0x00007fdcd4140000 VMThread [stack: 0x00007fdcc2948000,0x00007fdcc2a49000] [id=113881]
  0x00007fdcd418b800 WatcherThread [stack: 0x00007fdcc1781000,0x00007fdcc1882000] [id=113952]

VM state:at safepoint (normal execution)

VM Mutex/Monitor currently owned by a thread:  ([mutex/lock_event])
[0x00007fdcd4007010] Threads_lock - owner thread: 0x00007fdcd4140000
[0x00007fdcd4007510] Heap_lock - owner thread: 0x00007fdc78001000

heap address: 0x00000000c2a00000, size: 982 MB, Compressed Oops mode: 32-bit
Narrow klass base: 0x0000000000000000, Narrow klass shift: 3
Compressed class space size: 1073741824 Address: 0x0000000100000000

Heap:
 PSYoungGen      total 34304K, used 4485K [0x00000000eb900000, 0x00000000ee100000, 0x0000000100000000)
  eden space 29696K, 0% used [0x00000000eb900000,0x00000000eb900000,0x00000000ed600000)
  from space 4608K, 97% used [0x00000000ed600000,0x00000000eda614e0,0x00000000eda80000)
  to   space 2560K, 0% used [0x00000000eda80000,0x00000000eda80000,0x00000000edd00000)
 ParOldGen       total 42496K, used 6606K [0x00000000c2a00000, 0x00000000c5380000, 0x00000000eb900000)
  object space 42496K, 15% used [0x00000000c2a00000,0x00000000c3073af8,0x00000000c5380000)
 Metaspace       used 14252K, capacity 14700K, committed 14848K, reserved 1062912K
  class space    used 1616K, capacity 1729K, committed 1792K, reserved 1048576K

Card table byte_map: [0x00007fdcd9a29000,0x00007fdcd9c15000] byte_map_base: 0x00007fdcd9414000

Marking Bits: (ParMarkBitMap*) 0x00007fdcdc34bd80
 Begin Bits: [0x00007fdcc3150000, 0x00007fdcc40a8000)
 End Bits:   [0x00007fdcc40a8000, 0x00007fdcc5000000)

Polling page: 0x00007fdcdcf90000

CodeCache: size=245760Kb used=6720Kb max_used=6731Kb free=239039Kb
 bounds [0x00007fdcc5000000, 0x00007fdcc56a0000, 0x00007fdcd4000000]
 total_blobs=2227 nmethods=1879 adapters=261
 compilation: enabled

Compilation events (10 events):
Event: 59.922 Thread 0x00007fdcd4181800 nmethod 1904 0x00007fdcc568c750 code [0x00007fdcc568c8c0, 0x00007fdcc568c9d8]
Event: 59.922 Thread 0x00007fdcd4181800 1900   !   4       sun.reflect.GeneratedSerializationConstructorAccessor15::newInstance (49 bytes)
Event: 59.923 Thread 0x00007fdcd4181800 nmethod 1900 0x00007fdcc5690e10 code [0x00007fdcc5690f80, 0x00007fdcc56910c8]
Event: 59.923 Thread 0x00007fdcd4181800 1905       4       org.evosuite.coverage.branch.BranchPool::getInstance (42 bytes)
Event: 59.938 Thread 0x00007fdcd4181800 nmethod 1905 0x00007fdcc568a550 code [0x00007fdcc568a700, 0x00007fdcc568ab78]
Event: 59.938 Thread 0x00007fdcd4181800 1899       4       java.util.ArrayList::isEmpty (13 bytes)
Event: 59.938 Thread 0x00007fdcd4181800 nmethod 1899 0x00007fdcc568a310 code [0x00007fdcc568a460, 0x00007fdcc568a4d8]
Event: 59.943 Thread 0x00007fdcd4184800 nmethod 1901 0x00007fdcc5695b90 code [0x00007fdcc5695f00, 0x00007fdcc5697c40]
Event: 60.134 Thread 0x00007fdcd4184800 1913       4       java.lang.String::lastIndexOf (151 bytes)
Event: 60.135 Thread 0x00007fdcd4181800 1912       4       java.util.HashSet::iterator (13 bytes)

GC Heap History (10 events):
Event: 1.879 GC heap after
Heap after GC invocations=3 (full 1):
 PSYoungGen      total 18432K, used 0K [0x00000000eb900000, 0x00000000ecd80000, 0x0000000100000000)
  eden space 15872K, 0% used [0x00000000eb900000,0x00000000eb900000,0x00000000ec880000)
  from space 2560K, 0% used [0x00000000ecb00000,0x00000000ecb00000,0x00000000ecd80000)
  to   space 2560K, 0% used [0x00000000ec880000,0x00000000ec880000,0x00000000ecb00000)
 ParOldGen       total 42496K, used 2690K [0x00000000c2a00000, 0x00000000c5380000, 0x00000000eb900000)
  object space 42496K, 6% used [0x00000000c2a00000,0x00000000c2ca0b08,0x00000000c5380000)
 Metaspace       used 10207K, capacity 10364K, committed 10624K, reserved 1058816K
  class space    used 1238K, capacity 1324K, committed 1408K, reserved 1048576K
}
Event: 34.143 GC heap before
{Heap before GC invocations=4 (full 1):
 PSYoungGen      total 18432K, used 15872K [0x00000000eb900000, 0x00000000ecd80000, 0x0000000100000000)
  eden space 15872K, 100% used [0x00000000eb900000,0x00000000ec880000,0x00000000ec880000)
  from space 2560K, 0% used [0x00000000ecb00000,0x00000000ecb00000,0x00000000ecd80000)
  to   space 2560K, 0% used [0x00000000ec880000,0x00000000ec880000,0x00000000ecb00000)
 ParOldGen       total 42496K, used 2690K [0x00000000c2a00000, 0x00000000c5380000, 0x00000000eb900000)
  object space 42496K, 6% used [0x00000000c2a00000,0x00000000c2ca0b08,0x00000000c5380000)
 Metaspace       used 13355K, capacity 13666K, committed 13824K, reserved 1060864K
  class space    used 1561K, capacity 1665K, committed 1792K, reserved 1048576K
Event: 34.150 GC heap after
Heap after GC invocations=4 (full 1):
 PSYoungGen      total 18432K, used 2540K [0x00000000eb900000, 0x00000000ecd80000, 0x0000000100000000)
  eden space 15872K, 0% used [0x00000000eb900000,0x00000000eb900000,0x00000000ec880000)
  from space 2560K, 99% used [0x00000000ec880000,0x00000000ecafb160,0x00000000ecb00000)
  to   space 2560K, 0% used [0x00000000ecb00000,0x00000000ecb00000,0x00000000ecd80000)
 ParOldGen       total 42496K, used 4004K [0x00000000c2a00000, 0x00000000c5380000, 0x00000000eb900000)
  object space 42496K, 9% used [0x00000000c2a00000,0x00000000c2de9038,0x00000000c5380000)
 Metaspace       used 13355K, capacity 13666K, committed 13824K, reserved 1060864K
  class space    used 1561K, capacity 1665K, committed 1792K, reserved 1048576K
}
Event: 34.698 GC heap before
{Heap before GC invocations=5 (full 1):
 PSYoungGen      total 18432K, used 18412K [0x00000000eb900000, 0x00000000ecd80000, 0x0000000100000000)
  eden space 15872K, 100% used [0x00000000eb900000,0x00000000ec880000,0x00000000ec880000)
  from space 2560K, 99% used [0x00000000ec880000,0x00000000ecafb160,0x00000000ecb00000)
  to   space 2560K, 0% used [0x00000000ecb00000,0x00000000ecb00000,0x00000000ecd80000)
 ParOldGen       total 42496K, used 4004K [0x00000000c2a00000, 0x00000000c5380000, 0x00000000eb900000)
  object space 42496K, 9% used [0x00000000c2a00000,0x00000000c2de9038,0x00000000c5380000)
 Metaspace       used 13534K, capacity 13928K, committed 14080K, reserved 1060864K
  class space    used 1563K, capacity 1666K, committed 1792K, reserved 1048576K
Event: 34.722 GC heap after
Heap after GC invocations=5 (full 1):
 PSYoungGen      total 18432K, used 2560K [0x00000000eb900000, 0x00000000edd00000, 0x0000000100000000)
  eden space 15872K, 0% used [0x00000000eb900000,0x00000000eb900000,0x00000000ec880000)
  from space 2560K, 100% used [0x00000000ecb00000,0x00000000ecd80000,0x00000000ecd80000)
  to   space 2560K, 0% used [0x00000000ec880000,0x00000000ec880000,0x00000000ecb00000)
 ParOldGen       total 42496K, used 4383K [0x00000000c2a00000, 0x00000000c5380000, 0x00000000eb900000)
  object space 42496K, 10% used [0x00000000c2a00000,0x00000000c2e47cb8,0x00000000c5380000)
 Metaspace       used 13534K, capacity 13928K, committed 14080K, reserved 1060864K
  class space    used 1563K, capacity 1666K, committed 1792K, reserved 1048576K
}
Event: 35.084 GC heap before
{Heap before GC invocations=6 (full 1):
 PSYoungGen      total 18432K, used 18432K [0x00000000eb900000, 0x00000000edd00000, 0x0000000100000000)
  eden space 15872K, 100% used [0x00000000eb900000,0x00000000ec880000,0x00000000ec880000)
  from space 2560K, 100% used [0x00000000ecb00000,0x00000000ecd80000,0x00000000ecd80000)
  to   space 2560K, 0% used [0x00000000ec880000,0x00000000ec880000,0x00000000ecb00000)
 ParOldGen       total 42496K, used 4383K [0x00000000c2a00000, 0x00000000c5380000, 0x00000000eb900000)
  object space 42496K, 10% used [0x00000000c2a00000,0x00000000c2e47cb8,0x00000000c5380000)
 Metaspace       used 13604K, capacity 13992K, committed 14336K, reserved 1062912K
  class space    used 1563K, capacity 1666K, committed 1792K, reserved 1048576K
Event: 35.103 GC heap after
Heap after GC invocations=6 (full 1):
 PSYoungGen      total 18432K, used 2560K [0x00000000eb900000, 0x00000000edd00000, 0x0000000100000000)
  eden space 15872K, 0% used [0x00000000eb900000,0x00000000eb900000,0x00000000ec880000)
  from space 2560K, 100% used [0x00000000ec880000,0x00000000ecb00000,0x00000000ecb00000)
  to   space 2560K, 0% used [0x00000000eda80000,0x00000000eda80000,0x00000000edd00000)
 ParOldGen       total 42496K, used 5401K [0x00000000c2a00000, 0x00000000c5380000, 0x00000000eb900000)
  object space 42496K, 12% used [0x00000000c2a00000,0x00000000c2f46548,0x00000000c5380000)
 Metaspace       used 13604K, capacity 13992K, committed 14336K, reserved 1062912K
  class space    used 1563K, capacity 1666K, committed 1792K, reserved 1048576K
}
Event: 35.499 GC heap before
{Heap before GC invocations=7 (full 1):
 PSYoungGen      total 18432K, used 18432K [0x00000000eb900000, 0x00000000edd00000, 0x0000000100000000)
  eden space 15872K, 100% used [0x00000000eb900000,0x00000000ec880000,0x00000000ec880000)
  from space 2560K, 100% used [0x00000000ec880000,0x00000000ecb00000,0x00000000ecb00000)
  to   space 2560K, 0% used [0x00000000eda80000,0x00000000eda80000,0x00000000edd00000)
 ParOldGen       total 42496K, used 5401K [0x00000000c2a00000, 0x00000000c5380000, 0x00000000eb900000)
  object space 42496K, 12% used [0x00000000c2a00000,0x00000000c2f46548,0x00000000c5380000)
 Metaspace       used 13649K, capacity 13992K, committed 14336K, reserved 1062912K
  class space    used 1563K, capacity 1666K, committed 1792K, reserved 1048576K
Event: 35.514 GC heap after
Heap after GC invocations=7 (full 1):
 PSYoungGen      total 32256K, used 2533K [0x00000000eb900000, 0x00000000ee100000, 0x0000000100000000)
  eden space 29696K, 0% used [0x00000000eb900000,0x00000000eb900000,0x00000000ed600000)
  from space 2560K, 98% used [0x00000000eda80000,0x00000000edcf94e0,0x00000000edd00000)
  to   space 4608K, 0% used [0x00000000ed600000,0x00000000ed600000,0x00000000eda80000)
 ParOldGen       total 42496K, used 6598K [0x00000000c2a00000, 0x00000000c5380000, 0x00000000eb900000)
  object space 42496K, 15% used [0x00000000c2a00000,0x00000000c3071af8,0x00000000c5380000)
 Metaspace       used 13649K, capacity 13992K, committed 14336K, reserved 1062912K
  class space    used 1563K, capacity 1666K, committed 1792K, reserved 1048576K
}
Event: 60.137 GC heap before
{Heap before GC invocations=8 (full 1):
 PSYoungGen      total 32256K, used 32229K [0x00000000eb900000, 0x00000000ee100000, 0x0000000100000000)
  eden space 29696K, 100% used [0x00000000eb900000,0x00000000ed600000,0x00000000ed600000)
  from space 2560K, 98% used [0x00000000eda80000,0x00000000edcf94e0,0x00000000edd00000)
  to   space 4608K, 0% used [0x00000000ed600000,0x00000000ed600000,0x00000000eda80000)
 ParOldGen       total 42496K, used 6598K [0x00000000c2a00000, 0x00000000c5380000, 0x00000000eb900000)
  object space 42496K, 15% used [0x00000000c2a00000,0x00000000c3071af8,0x00000000c5380000)
 Metaspace       used 14252K, capacity 14700K, committed 14848K, reserved 1062912K
  class space    used 1616K, capacity 1729K, committed 1792K, reserved 1048576K

Deoptimization events (10 events):
Event: 34.095 Thread 0x00007fdc78001000 Uncommon trap: reason=bimorphic action=maybe_recompile pc=0x00007fdcc53fd724 method=java.util.HashMap.putVal(ILjava/lang/Object;Ljava/lang/Object;ZZ)Ljava/lang/Object; @ 203
Event: 34.095 Thread 0x00007fdc78001000 Uncommon trap: reason=bimorphic action=maybe_recompile pc=0x00007fdcc53fd724 method=java.util.HashMap.putVal(ILjava/lang/Object;Ljava/lang/Object;ZZ)Ljava/lang/Object; @ 203
Event: 34.725 Thread 0x00007fdc78001000 Uncommon trap: reason=unstable_if action=reinterpret pc=0x00007fdcc51f6fac method=java.lang.AbstractStringBuilder.append(Ljava/lang/String;)Ljava/lang/AbstractStringBuilder; @ 1
Event: 35.125 Thread 0x00007fdc78001000 Uncommon trap: reason=unstable_if action=reinterpret pc=0x00007fdcc5541de0 method=org.evosuite.shaded.org.objectweb.asm.Frame.merge(Lorg/evosuite/shaded/org/objectweb/asm/ClassWriter;Lorg/evosuite/shaded/org/objectweb/asm/Frame;I)Z @ 510
Event: 35.623 Thread 0x00007fdc78001000 Uncommon trap: reason=unstable_if action=reinterpret pc=0x00007fdcc54607f0 method=org.evosuite.shaded.org.objectweb.asm.Frame.merge(Lorg/evosuite/shaded/org/objectweb/asm/ClassWriter;I[II)Z @ 37
Event: 36.130 Thread 0x00007fdc78001000 Uncommon trap: reason=bimorphic action=maybe_recompile pc=0x00007fdcc54db184 method=java.util.AbstractCollection.addAll(Ljava/util/Collection;)Z @ 3
Event: 36.132 Thread 0x00007fdc78001000 Uncommon trap: reason=bimorphic action=maybe_recompile pc=0x00007fdcc54db184 method=java.util.AbstractCollection.addAll(Ljava/util/Collection;)Z @ 3
Event: 36.132 Thread 0x00007fdc78001000 Uncommon trap: reason=bimorphic action=maybe_recompile pc=0x00007fdcc54db184 method=java.util.AbstractCollection.addAll(Ljava/util/Collection;)Z @ 3
Event: 36.132 Thread 0x00007fdc78001000 Uncommon trap: reason=bimorphic action=maybe_recompile pc=0x00007fdcc54db184 method=java.util.AbstractCollection.addAll(Ljava/util/Collection;)Z @ 3
Event: 36.848 Thread 0x00007fdc78001000 Uncommon trap: reason=unstable_if action=reinterpret pc=0x00007fdcc5618960 method=java.io.ObjectStreamClass.hasReadResolveMethod()Z @ 8

Classes redefined (0 events):
No events

Internal exceptions (10 events):
Event: 32.726 Thread 0x00007fdc78001000 Implicit null exception at 0x00007fdcc5385ffc to 0x00007fdcc53862dd
Event: 33.017 Thread 0x00007fdc74001000 Implicit null exception at 0x00007fdcc53a8356 to 0x00007fdcc53a93b5
Event: 33.067 Thread 0x00007fdc78001000 Exception <a 'java/lang/NoSuchMethodError': <clinit>> (0x00000000ec1ba950) thrown at [/HUDSON/workspace/8-2-build-linux-amd64/jdk8u201/12317/hotspot/src/share/vm/prims/jni.cpp, line 1613]
Event: 34.725 Thread 0x00007fdc78001000 Implicit null exception at 0x00007fdcc51f6bb4 to 0x00007fdcc51f6f95
Event: 40.981 Thread 0x00007fdcd42dc000 Exception <a 'java/net/ConnectException'> (0x00000000ecd8f0f8) thrown at [/HUDSON/workspace/8-2-build-linux-amd64/jdk8u201/12317/hotspot/src/share/vm/prims/jni.cpp, line 709]
Event: 41.025 Thread 0x00007fdcd42e1000 Exception <a 'java/net/ConnectException'> (0x00000000ecdbf5d8) thrown at [/HUDSON/workspace/8-2-build-linux-amd64/jdk8u201/12317/hotspot/src/share/vm/prims/jni.cpp, line 709]
Event: 41.030 Thread 0x00007fdcd42dd800 Exception <a 'java/net/ConnectException'> (0x00000000ecdefab8) thrown at [/HUDSON/workspace/8-2-build-linux-amd64/jdk8u201/12317/hotspot/src/share/vm/prims/jni.cpp, line 709]
Event: 50.982 Thread 0x00007fdcd42dc000 Exception <a 'java/net/ConnectException'> (0x00000000ecd8fd58) thrown at [/HUDSON/workspace/8-2-build-linux-amd64/jdk8u201/12317/hotspot/src/share/vm/prims/jni.cpp, line 709]
Event: 51.025 Thread 0x00007fdcd42e1000 Exception <a 'java/net/ConnectException'> (0x00000000ecdc0100) thrown at [/HUDSON/workspace/8-2-build-linux-amd64/jdk8u201/12317/hotspot/src/share/vm/prims/jni.cpp, line 709]
Event: 51.031 Thread 0x00007fdcd42dd800 Exception <a 'java/net/ConnectException'> (0x00000000ecdf05e0) thrown at [/HUDSON/workspace/8-2-build-linux-amd64/jdk8u201/12317/hotspot/src/share/vm/prims/jni.cpp, line 709]

Events (10 events):
Event: 36.848 Thread 0x00007fdc78001000 Uncommon trap: trap_request=0xffffff65 fr.pc=0x00007fdcc5618960
Event: 36.848 Thread 0x00007fdc78001000 DEOPT PACKING pc=0x00007fdcc5618960 sp=0x00007fdc88ffa320
Event: 36.848 Thread 0x00007fdc78001000 DEOPT UNPACKING pc=0x00007fdcc504573a sp=0x00007fdc88ffa270 mode 2
Event: 36.883 Thread 0x00007fdc78001000 DEOPT PACKING pc=0x00007fdcc55d9f85 sp=0x00007fdc88ff9db0
Event: 36.883 Thread 0x00007fdc78001000 DEOPT UNPACKING pc=0x00007fdcc5047784 sp=0x00007fdc88ff9b50 mode 0
Event: 36.941 Thread 0x00007fdc78001000 DEOPT PACKING pc=0x00007fdcc55cfe04 sp=0x00007fdc88ffa280
Event: 36.941 Thread 0x00007fdc78001000 DEOPT UNPACKING pc=0x00007fdcc5047784 sp=0x00007fdc88ffa018 mode 0
Event: 59.688 Thread 0x00007fdc78001000 DEOPT PACKING pc=0x00007fdcc55f579d sp=0x00007fdc88ffa0d0
Event: 59.689 Thread 0x00007fdc78001000 DEOPT UNPACKING pc=0x00007fdcc5047784 sp=0x00007fdc88ff9e78 mode 0
Event: 60.136 Executing VM operation: ParallelGCFailedAllocation


Dynamic libraries:
00400000-00401000 r-xp 00000000 08:01 654793                             /usr/lib/jdk/jdk1.8.0_201/bin/java
00600000-00601000 r--p 00000000 08:01 654793                             /usr/lib/jdk/jdk1.8.0_201/bin/java
00601000-00602000 rw-p 00001000 08:01 654793                             /usr/lib/jdk/jdk1.8.0_201/bin/java
010cb000-01573000 rw-p 00000000 00:00 0                                  [heap]
c2a00000-c5380000 rw-p 00000000 00:00 0 
c5380000-eb900000 ---p 00000000 00:00 0 
eb900000-ee100000 rw-p 00000000 00:00 0 
efd00000-100000000 ---p 00000000 00:00 0 
100000000-1001c0000 rw-p 00000000 00:00 0 
1001c0000-140000000 ---p 00000000 00:00 0 
7fdc44000000-7fdc44021000 rw-p 00000000 00:00 0 
7fdc44021000-7fdc48000000 ---p 00000000 00:00 0 
7fdc48000000-7fdc48021000 rw-p 00000000 00:00 0 
7fdc48021000-7fdc4c000000 ---p 00000000 00:00 0 
7fdc4c000000-7fdc4c021000 rw-p 00000000 00:00 0 
7fdc4c021000-7fdc50000000 ---p 00000000 00:00 0 
7fdc50000000-7fdc5003c000 rw-p 00000000 00:00 0 
7fdc5003c000-7fdc54000000 ---p 00000000 00:00 0 
7fdc54000000-7fdc54021000 rw-p 00000000 00:00 0 
7fdc54021000-7fdc58000000 ---p 00000000 00:00 0 
7fdc58000000-7fdc58021000 rw-p 00000000 00:00 0 
7fdc58021000-7fdc5c000000 ---p 00000000 00:00 0 
7fdc5c000000-7fdc5c021000 rw-p 00000000 00:00 0 
7fdc5c021000-7fdc60000000 ---p 00000000 00:00 0 
7fdc60000000-7fdc60021000 rw-p 00000000 00:00 0 
7fdc60021000-7fdc64000000 ---p 00000000 00:00 0 
7fdc64000000-7fdc64021000 rw-p 00000000 00:00 0 
7fdc64021000-7fdc68000000 ---p 00000000 00:00 0 
7fdc68000000-7fdc68021000 rw-p 00000000 00:00 0 
7fdc68021000-7fdc6c000000 ---p 00000000 00:00 0 
7fdc6c000000-7fdc6c021000 rw-p 00000000 00:00 0 
7fdc6c021000-7fdc70000000 ---p 00000000 00:00 0 
7fdc70000000-7fdc70021000 rw-p 00000000 00:00 0 
7fdc70021000-7fdc74000000 ---p 00000000 00:00 0 
7fdc74000000-7fdc74021000 rw-p 00000000 00:00 0 
7fdc74021000-7fdc78000000 ---p 00000000 00:00 0 
7fdc78000000-7fdc78021000 rw-p 00000000 00:00 0 
7fdc78021000-7fdc7c000000 ---p 00000000 00:00 0 
7fdc7c000000-7fdc7c021000 rw-p 00000000 00:00 0 
7fdc7c021000-7fdc80000000 ---p 00000000 00:00 0 
7fdc80000000-7fdc80021000 rw-p 00000000 00:00 0 
7fdc80021000-7fdc84000000 ---p 00000000 00:00 0 
7fdc84000000-7fdc84021000 rw-p 00000000 00:00 0 
7fdc84021000-7fdc88000000 ---p 00000000 00:00 0 
7fdc88afe000-7fdc88bbe000 rw-p 00000000 00:00 0 
7fdc88bbe000-7fdc88cfe000 ---p 00000000 00:00 0 
7fdc88cfe000-7fdc88efe000 rw-p 00000000 00:00 0 
7fdc88efe000-7fdc88f01000 ---p 00000000 00:00 0 
7fdc88f01000-7fdc8c000000 rw-p 00000000 00:00 0 
7fdc8c000000-7fdc8c021000 rw-p 00000000 00:00 0 
7fdc8c021000-7fdc90000000 ---p 00000000 00:00 0 
7fdc90000000-7fdc90021000 rw-p 00000000 00:00 0 
7fdc90021000-7fdc94000000 ---p 00000000 00:00 0 
7fdc94000000-7fdc94964000 rw-p 00000000 00:00 0 
7fdc94964000-7fdc98000000 ---p 00000000 00:00 0 
7fdc98000000-7fdc98cab000 rw-p 00000000 00:00 0 
7fdc98cab000-7fdc9c000000 ---p 00000000 00:00 0 
7fdc9c000000-7fdc9c021000 rw-p 00000000 00:00 0 
7fdc9c021000-7fdca0000000 ---p 00000000 00:00 0 
7fdca0000000-7fdca0eb3000 rw-p 00000000 00:00 0 
7fdca0eb3000-7fdca4000000 ---p 00000000 00:00 0 
7fdca4000000-7fdca4021000 rw-p 00000000 00:00 0 
7fdca4021000-7fdca8000000 ---p 00000000 00:00 0 
7fdca8000000-7fdca8021000 rw-p 00000000 00:00 0 
7fdca8021000-7fdcac000000 ---p 00000000 00:00 0 
7fdcac000000-7fdcac021000 rw-p 00000000 00:00 0 
7fdcac021000-7fdcb0000000 ---p 00000000 00:00 0 
7fdcb0000000-7fdcb029b000 rw-p 00000000 00:00 0 
7fdcb029b000-7fdcb4000000 ---p 00000000 00:00 0 
7fdcb4000000-7fdcb4021000 rw-p 00000000 00:00 0 
7fdcb4021000-7fdcb8000000 ---p 00000000 00:00 0 
7fdcb8000000-7fdcb8021000 rw-p 00000000 00:00 0 
7fdcb8021000-7fdcbc000000 ---p 00000000 00:00 0 
7fdcbc000000-7fdcbc021000 rw-p 00000000 00:00 0 
7fdcbc021000-7fdcc0000000 ---p 00000000 00:00 0 
7fdcc00ef000-7fdcc00f2000 ---p 00000000 00:00 0 
7fdcc00f2000-7fdcc01f0000 rw-p 00000000 00:00 0 
7fdcc01f0000-7fdcc01f3000 ---p 00000000 00:00 0 
7fdcc01f3000-7fdcc02f1000 rw-p 00000000 00:00 0 
7fdcc02f1000-7fdcc02f4000 ---p 00000000 00:00 0 
7fdcc02f4000-7fdcc03f2000 rw-p 00000000 00:00 0 
7fdcc03f2000-7fdcc03f5000 ---p 00000000 00:00 0 
7fdcc03f5000-7fdcc04f3000 rw-p 00000000 00:00 0 
7fdcc04f3000-7fdcc04f6000 ---p 00000000 00:00 0 
7fdcc04f6000-7fdcc05f4000 rw-p 00000000 00:00 0 
7fdcc05f4000-7fdcc05f7000 ---p 00000000 00:00 0 
7fdcc05f7000-7fdcc06f5000 rw-p 00000000 00:00 0 
7fdcc06f5000-7fdcc06f8000 ---p 00000000 00:00 0 
7fdcc06f8000-7fdcc07f6000 rw-p 00000000 00:00 0 
7fdcc07f6000-7fdcc07f9000 ---p 00000000 00:00 0 
7fdcc07f9000-7fdcc08f7000 rw-p 00000000 00:00 0 
7fdcc08f7000-7fdcc08fa000 ---p 00000000 00:00 0 
7fdcc08fa000-7fdcc0930000 rw-p 00000000 00:00 0 
7fdcc0930000-7fdcc0933000 ---p 00000000 00:00 0 
7fdcc0933000-7fdcc0a31000 rw-p 00000000 00:00 0 
7fdcc0a31000-7fdcc0a34000 ---p 00000000 00:00 0 
7fdcc0a34000-7fdcc0b32000 rw-p 00000000 00:00 0 
7fdcc0b32000-7fdcc0b35000 ---p 00000000 00:00 0 
7fdcc0b35000-7fdcc0c33000 rw-p 00000000 00:00 0 
7fdcc0c33000-7fdcc0c36000 ---p 00000000 00:00 0 
7fdcc0c36000-7fdcc0d34000 rw-p 00000000 00:00 0 
7fdcc0d34000-7fdcc0d37000 ---p 00000000 00:00 0 
7fdcc0d37000-7fdcc1035000 rw-p 00000000 00:00 0 
7fdcc1035000-7fdcc1038000 ---p 00000000 00:00 0 
7fdcc1038000-7fdcc1136000 rw-p 00000000 00:00 0 
7fdcc1136000-7fdcc1139000 ---p 00000000 00:00 0 
7fdcc1139000-7fdcc1237000 rw-p 00000000 00:00 0 
7fdcc1237000-7fdcc123a000 ---p 00000000 00:00 0 
7fdcc123a000-7fdcc1338000 rw-p 00000000 00:00 0 
7fdcc1338000-7fdcc134e000 r-xp 00000000 08:01 656512                     /usr/lib/jdk/jdk1.8.0_201/jre/lib/amd64/libnet.so
7fdcc134e000-7fdcc154e000 ---p 00016000 08:01 656512                     /usr/lib/jdk/jdk1.8.0_201/jre/lib/amd64/libnet.so
7fdcc154e000-7fdcc154f000 r--p 00016000 08:01 656512                     /usr/lib/jdk/jdk1.8.0_201/jre/lib/amd64/libnet.so
7fdcc154f000-7fdcc1550000 rw-p 00017000 08:01 656512                     /usr/lib/jdk/jdk1.8.0_201/jre/lib/amd64/libnet.so
7fdcc1550000-7fdcc1781000 r--s 01bb1000 08:01 403225                     /home/hewitt/work/DiffTGen-master/lib/evosuite-1.0.6.jar
7fdcc1781000-7fdcc1782000 ---p 00000000 00:00 0 
7fdcc1782000-7fdcc1882000 rw-p 00000000 00:00 0 
7fdcc1882000-7fdcc1885000 ---p 00000000 00:00 0 
7fdcc1885000-7fdcc1983000 rw-p 00000000 00:00 0 
7fdcc1983000-7fdcc1986000 ---p 00000000 00:00 0 
7fdcc1986000-7fdcc1a84000 rw-p 00000000 00:00 0 
7fdcc1a84000-7fdcc1a87000 ---p 00000000 00:00 0 
7fdcc1a87000-7fdcc1b85000 rw-p 00000000 00:00 0 
7fdcc1b85000-7fdcc1b88000 ---p 00000000 00:00 0 
7fdcc1b88000-7fdcc1c86000 rw-p 00000000 00:00 0 
7fdcc1c86000-7fdcc1c89000 ---p 00000000 00:00 0 
7fdcc1c89000-7fdcc1d87000 rw-p 00000000 00:00 0 
7fdcc1d87000-7fdcc2746000 r--p 00000000 08:01 270368                     /usr/lib/locale/locale-archive
7fdcc2746000-7fdcc2749000 ---p 00000000 00:00 0 
7fdcc2749000-7fdcc2847000 rw-p 00000000 00:00 0 
7fdcc2847000-7fdcc284a000 ---p 00000000 00:00 0 
7fdcc284a000-7fdcc2948000 rw-p 00000000 00:00 0 
7fdcc2948000-7fdcc2949000 ---p 00000000 00:00 0 
7fdcc2949000-7fdcc5000000 rw-p 00000000 00:00 0 
7fdcc5000000-7fdcc56a0000 rwxp 00000000 00:00 0 
7fdcc56a0000-7fdcd4000000 ---p 00000000 00:00 0 
7fdcd4000000-7fdcd44bf000 rw-p 00000000 00:00 0 
7fdcd44bf000-7fdcd8000000 ---p 00000000 00:00 0 
7fdcd8005000-7fdcd8021000 r--s 00393000 08:01 656354                     /usr/lib/jdk/jdk1.8.0_201/jre/lib/ext/cldrdata.jar
7fdcd8021000-7fdcd809a000 r--s 010fd000 08:01 654900                     /usr/lib/jdk/jdk1.8.0_201/lib/tools.jar
7fdcd809a000-7fdcd88a2000 rw-p 00000000 00:00 0 
7fdcd88a2000-7fdcd8a7c000 r--s 03d6f000 08:01 656293                     /usr/lib/jdk/jdk1.8.0_201/jre/lib/rt.jar
7fdcd8a7c000-7fdcd94dd000 rw-p 00000000 00:00 0 
7fdcd94dd000-7fdcd94de000 ---p 00000000 00:00 0 
7fdcd94de000-7fdcd95de000 rw-p 00000000 00:00 0 
7fdcd95de000-7fdcd95df000 ---p 00000000 00:00 0 
7fdcd95df000-7fdcd96df000 rw-p 00000000 00:00 0 
7fdcd96df000-7fdcd96e0000 ---p 00000000 00:00 0 
7fdcd96e0000-7fdcd97e0000 rw-p 00000000 00:00 0 
7fdcd97e0000-7fdcd97e1000 ---p 00000000 00:00 0 
7fdcd97e1000-7fdcd98f6000 rw-p 00000000 00:00 0 
7fdcd98f6000-7fdcd9a29000 ---p 00000000 00:00 0 
7fdcd9a29000-7fdcd9a3e000 rw-p 00000000 00:00 0 
7fdcd9a3e000-7fdcd9b70000 ---p 00000000 00:00 0 
7fdcd9b70000-7fdcd9b85000 rw-p 00000000 00:00 0 
7fdcd9b85000-7fdcd9c14000 ---p 00000000 00:00 0 
7fdcd9c14000-7fdcd9c30000 rw-p 00000000 00:00 0 
7fdcd9c30000-7fdcd9fd5000 ---p 00000000 00:00 0 
7fdcd9fd5000-7fdcd9ff0000 r-xp 00000000 08:01 656508                     /usr/lib/jdk/jdk1.8.0_201/jre/lib/amd64/libzip.so
7fdcd9ff0000-7fdcda1ef000 ---p 0001b000 08:01 656508                     /usr/lib/jdk/jdk1.8.0_201/jre/lib/amd64/libzip.so
7fdcda1ef000-7fdcda1f0000 r--p 0001a000 08:01 656508                     /usr/lib/jdk/jdk1.8.0_201/jre/lib/amd64/libzip.so
7fdcda1f0000-7fdcda1f1000 rw-p 0001b000 08:01 656508                     /usr/lib/jdk/jdk1.8.0_201/jre/lib/amd64/libzip.so
7fdcda1f1000-7fdcda1fc000 r-xp 00000000 08:01 658902                     /lib/x86_64-linux-gnu/libnss_files-2.23.so
7fdcda1fc000-7fdcda3fb000 ---p 0000b000 08:01 658902                     /lib/x86_64-linux-gnu/libnss_files-2.23.so
7fdcda3fb000-7fdcda3fc000 r--p 0000a000 08:01 658902                     /lib/x86_64-linux-gnu/libnss_files-2.23.so
7fdcda3fc000-7fdcda3fd000 rw-p 0000b000 08:01 658902                     /lib/x86_64-linux-gnu/libnss_files-2.23.so
7fdcda3fd000-7fdcda403000 rw-p 00000000 00:00 0 
7fdcda403000-7fdcda40e000 r-xp 00000000 08:01 658912                     /lib/x86_64-linux-gnu/libnss_nis-2.23.so
7fdcda40e000-7fdcda60d000 ---p 0000b000 08:01 658912                     /lib/x86_64-linux-gnu/libnss_nis-2.23.so
7fdcda60d000-7fdcda60e000 r--p 0000a000 08:01 658912                     /lib/x86_64-linux-gnu/libnss_nis-2.23.so
7fdcda60e000-7fdcda60f000 rw-p 0000b000 08:01 658912                     /lib/x86_64-linux-gnu/libnss_nis-2.23.so
7fdcda60f000-7fdcda625000 r-xp 00000000 08:01 658896                     /lib/x86_64-linux-gnu/libnsl-2.23.so
7fdcda625000-7fdcda824000 ---p 00016000 08:01 658896                     /lib/x86_64-linux-gnu/libnsl-2.23.so
7fdcda824000-7fdcda825000 r--p 00015000 08:01 658896                     /lib/x86_64-linux-gnu/libnsl-2.23.so
7fdcda825000-7fdcda826000 rw-p 00016000 08:01 658896                     /lib/x86_64-linux-gnu/libnsl-2.23.so
7fdcda826000-7fdcda828000 rw-p 00000000 00:00 0 
7fdcda828000-7fdcda830000 r-xp 00000000 08:01 658898                     /lib/x86_64-linux-gnu/libnss_compat-2.23.so
7fdcda830000-7fdcdaa2f000 ---p 00008000 08:01 658898                     /lib/x86_64-linux-gnu/libnss_compat-2.23.so
7fdcdaa2f000-7fdcdaa30000 r--p 00007000 08:01 658898                     /lib/x86_64-linux-gnu/libnss_compat-2.23.so
7fdcdaa30000-7fdcdaa31000 rw-p 00008000 08:01 658898                     /lib/x86_64-linux-gnu/libnss_compat-2.23.so
7fdcdaa31000-7fdcdaa5d000 r-xp 00000000 08:01 656502                     /usr/lib/jdk/jdk1.8.0_201/jre/lib/amd64/libjava.so
7fdcdaa5d000-7fdcdac5d000 ---p 0002c000 08:01 656502                     /usr/lib/jdk/jdk1.8.0_201/jre/lib/amd64/libjava.so
7fdcdac5d000-7fdcdac5e000 r--p 0002c000 08:01 656502                     /usr/lib/jdk/jdk1.8.0_201/jre/lib/amd64/libjava.so
7fdcdac5e000-7fdcdac60000 rw-p 0002d000 08:01 656502                     /usr/lib/jdk/jdk1.8.0_201/jre/lib/amd64/libjava.so
7fdcdac60000-7fdcdac6d000 r-xp 00000000 08:01 656507                     /usr/lib/jdk/jdk1.8.0_201/jre/lib/amd64/libverify.so
7fdcdac6d000-7fdcdae6c000 ---p 0000d000 08:01 656507                     /usr/lib/jdk/jdk1.8.0_201/jre/lib/amd64/libverify.so
7fdcdae6c000-7fdcdae6e000 r--p 0000c000 08:01 656507                     /usr/lib/jdk/jdk1.8.0_201/jre/lib/amd64/libverify.so
7fdcdae6e000-7fdcdae6f000 rw-p 0000e000 08:01 656507                     /usr/lib/jdk/jdk1.8.0_201/jre/lib/amd64/libverify.so
7fdcdae6f000-7fdcdae76000 r-xp 00000000 08:01 658957                     /lib/x86_64-linux-gnu/librt-2.23.so
7fdcdae76000-7fdcdb075000 ---p 00007000 08:01 658957                     /lib/x86_64-linux-gnu/librt-2.23.so
7fdcdb075000-7fdcdb076000 r--p 00006000 08:01 658957                     /lib/x86_64-linux-gnu/librt-2.23.so
7fdcdb076000-7fdcdb077000 rw-p 00007000 08:01 658957                     /lib/x86_64-linux-gnu/librt-2.23.so
7fdcdb077000-7fdcdb17f000 r-xp 00000000 08:01 658873                     /lib/x86_64-linux-gnu/libm-2.23.so
7fdcdb17f000-7fdcdb37e000 ---p 00108000 08:01 658873                     /lib/x86_64-linux-gnu/libm-2.23.so
7fdcdb37e000-7fdcdb37f000 r--p 00107000 08:01 658873                     /lib/x86_64-linux-gnu/libm-2.23.so
7fdcdb37f000-7fdcdb380000 rw-p 00108000 08:01 658873                     /lib/x86_64-linux-gnu/libm-2.23.so
7fdcdb380000-7fdcdc068000 r-xp 00000000 08:01 656484                     /usr/lib/jdk/jdk1.8.0_201/jre/lib/amd64/server/libjvm.so
7fdcdc068000-7fdcdc267000 ---p 00ce8000 08:01 656484                     /usr/lib/jdk/jdk1.8.0_201/jre/lib/amd64/server/libjvm.so
7fdcdc267000-7fdcdc2fd000 r--p 00ce7000 08:01 656484                     /usr/lib/jdk/jdk1.8.0_201/jre/lib/amd64/server/libjvm.so
7fdcdc2fd000-7fdcdc32e000 rw-p 00d7d000 08:01 656484                     /usr/lib/jdk/jdk1.8.0_201/jre/lib/amd64/server/libjvm.so
7fdcdc32e000-7fdcdc369000 rw-p 00000000 00:00 0 
7fdcdc369000-7fdcdc529000 r-xp 00000000 08:01 658803                     /lib/x86_64-linux-gnu/libc-2.23.so
7fdcdc529000-7fdcdc729000 ---p 001c0000 08:01 658803                     /lib/x86_64-linux-gnu/libc-2.23.so
7fdcdc729000-7fdcdc72d000 r--p 001c0000 08:01 658803                     /lib/x86_64-linux-gnu/libc-2.23.so
7fdcdc72d000-7fdcdc72f000 rw-p 001c4000 08:01 658803                     /lib/x86_64-linux-gnu/libc-2.23.so
7fdcdc72f000-7fdcdc733000 rw-p 00000000 00:00 0 
7fdcdc733000-7fdcdc736000 r-xp 00000000 08:01 658827                     /lib/x86_64-linux-gnu/libdl-2.23.so
7fdcdc736000-7fdcdc935000 ---p 00003000 08:01 658827                     /lib/x86_64-linux-gnu/libdl-2.23.so
7fdcdc935000-7fdcdc936000 r--p 00002000 08:01 658827                     /lib/x86_64-linux-gnu/libdl-2.23.so
7fdcdc936000-7fdcdc937000 rw-p 00003000 08:01 658827                     /lib/x86_64-linux-gnu/libdl-2.23.so
7fdcdc937000-7fdcdc94e000 r-xp 00000000 08:01 656155                     /usr/lib/jdk/jdk1.8.0_201/lib/amd64/jli/libjli.so
7fdcdc94e000-7fdcdcb4d000 ---p 00017000 08:01 656155                     /usr/lib/jdk/jdk1.8.0_201/lib/amd64/jli/libjli.so
7fdcdcb4d000-7fdcdcb4e000 r--p 00016000 08:01 656155                     /usr/lib/jdk/jdk1.8.0_201/lib/amd64/jli/libjli.so
7fdcdcb4e000-7fdcdcb4f000 rw-p 00017000 08:01 656155                     /usr/lib/jdk/jdk1.8.0_201/lib/amd64/jli/libjli.so
7fdcdcb4f000-7fdcdcb67000 r-xp 00000000 08:01 658949                     /lib/x86_64-linux-gnu/libpthread-2.23.so
7fdcdcb67000-7fdcdcd66000 ---p 00018000 08:01 658949                     /lib/x86_64-linux-gnu/libpthread-2.23.so
7fdcdcd66000-7fdcdcd67000 r--p 00017000 08:01 658949                     /lib/x86_64-linux-gnu/libpthread-2.23.so
7fdcdcd67000-7fdcdcd68000 rw-p 00018000 08:01 658949                     /lib/x86_64-linux-gnu/libpthread-2.23.so
7fdcdcd68000-7fdcdcd6c000 rw-p 00000000 00:00 0 
7fdcdcd6c000-7fdcdcd92000 r-xp 00000000 08:01 658775                     /lib/x86_64-linux-gnu/ld-2.23.so
7fdcdcd97000-7fdcdcda1000 r--s 00116000 08:01 656361                     /usr/lib/jdk/jdk1.8.0_201/jre/lib/ext/localedata.jar
7fdcdcda1000-7fdcdcdb6000 r--s 000f6000 08:01 439255                     /home/hewitt/work/DiffTGen-master/output/patch2-Math-53-Jaid/Math_53_2_jaid/target/build/classes/all0.jar
7fdcdcdb6000-7fdcdce74000 rw-p 00000000 00:00 0 
7fdcdce74000-7fdcdce77000 ---p 00000000 00:00 0 
7fdcdce77000-7fdcdcf7a000 rw-p 00000000 00:00 0 
7fdcdcf7a000-7fdcdcf7e000 r--s 000a1000 08:01 656350                     /usr/lib/jdk/jdk1.8.0_201/jre/lib/jsse.jar
7fdcdcf7e000-7fdcdcf86000 r--s 0006e000 08:01 398946                     /home/hewitt/work/DiffTGen-master/lib/commons-lang3-3.5.jar
7fdcdcf86000-7fdcdcf87000 r--s 00000000 08:01 398951                     /home/hewitt/work/DiffTGen-master/lib/myprinter.jar
7fdcdcf87000-7fdcdcf8f000 rw-s 00000000 08:01 159265                     /tmp/hsperfdata_hewitt/113856
7fdcdcf8f000-7fdcdcf90000 rw-p 00000000 00:00 0 
7fdcdcf90000-7fdcdcf91000 ---p 00000000 00:00 0 
7fdcdcf91000-7fdcdcf92000 r--p 00025000 08:01 658775                     /lib/x86_64-linux-gnu/ld-2.23.so
7fdcdcf92000-7fdcdcf93000 rw-p 00026000 08:01 658775                     /lib/x86_64-linux-gnu/ld-2.23.so
7fdcdcf93000-7fdcdcf94000 rw-p 00000000 00:00 0 
7ffeda9f8000-7ffedaa1a000 rw-p 00000000 00:00 0                          [stack]
7ffedaaa4000-7ffedaaa7000 r--p 00000000 00:00 0                          [vvar]
7ffedaaa7000-7ffedaaa9000 r-xp 00000000 00:00 0                          [vdso]
ffffffffff600000-ffffffffff601000 r-xp 00000000 00:00 0                  [vsyscall]

VM Arguments:
java_command: /home/hewitt/work/DiffTGen-master/lib/evosuite-1.0.6.jar -base_dir /home/hewitt/work/DiffTGen-master/output/patch2-Math-53-Jaid/Math_53_2_jaid/target/0/4 -projectCP /home/hewitt/work/DiffTGen-master/output/patch2-Math-53-Jaid/Math_53_2_jaid/target/build/classes/all0.jar:/home/hewitt/work/DiffTGen-master/lib/myprinter.jar:/home/hewitt/work/DiffTGen-master/lib/commons-lang3-3.5.jar -class org.apache.commons.math.complex.Complex -Dassertions=false -Dsearch_budget=60
java_class_path (initial): /home/hewitt/work/DiffTGen-master/lib/evosuite-1.0.6.jar
Launcher Type: SUN_STANDARD

Environment Variables:
JAVA_HOME=/usr/lib/jdk/jdk1.8.0_201
JRE_HOME=/usr/lib/jdk/jdk1.8.0_201/jre
CLASSPATH=.:/usr/lib/jdk/jdk1.8.0_201/lib:/usr/lib/jdk/jdk1.8.0_201/jre/lib
PATH=/usr/lib/jdk/jdk1.8.0_201/bin:/home/hewitt/bin:/home/hewitt/.local/bin:/usr/lib/jdk/jdk1.7.0_80/bin:/usr/local/sbin:/usr/local/bin:/usr/sbin:/usr/bin:/sbin:/bin:/usr/games:/usr/local/games:/snap/bin:/home/hewitt/work/defects4j_v1.4.0/defects4j/framework/bin:/opt/apache-ant-1.9.14/bin:/home/hewitt/work/defects4j_v1.4.0/defects4j/framework/bin
SHELL=/bin/bash
DISPLAY=:0

Signal Handlers:
SIGSEGV: [libjvm.so+0xad3e60], sa_mask[0]=11111111011111111101111111111110, sa_flags=SA_RESTART|SA_SIGINFO
SIGBUS: [libjvm.so+0xad3e60], sa_mask[0]=11111111011111111101111111111110, sa_flags=SA_RESTART|SA_SIGINFO
SIGFPE: [libjvm.so+0x90b880], sa_mask[0]=11111111011111111101111111111110, sa_flags=SA_RESTART|SA_SIGINFO
SIGPIPE: [libjvm.so+0x90b880], sa_mask[0]=11111111011111111101111111111110, sa_flags=SA_RESTART|SA_SIGINFO
SIGXFSZ: [libjvm.so+0x90b880], sa_mask[0]=11111111011111111101111111111110, sa_flags=SA_RESTART|SA_SIGINFO
SIGILL: [libjvm.so+0x90b880], sa_mask[0]=11111111011111111101111111111110, sa_flags=SA_RESTART|SA_SIGINFO
SIGUSR1: SIG_DFL, sa_mask[0]=00000000000000000000000000000000, sa_flags=none
SIGUSR2: [libjvm.so+0x90b750], sa_mask[0]=00100000000000000000000000000000, sa_flags=SA_RESTART|SA_SIGINFO
SIGHUP: [libjvm.so+0x90bd70], sa_mask[0]=11111111011111111101111111111110, sa_flags=SA_RESTART|SA_SIGINFO
SIGINT: [libjvm.so+0x90bd70], sa_mask[0]=11111111011111111101111111111110, sa_flags=SA_RESTART|SA_SIGINFO
SIGTERM: [libjvm.so+0x90bd70], sa_mask[0]=11111111011111111101111111111110, sa_flags=SA_RESTART|SA_SIGINFO
SIGQUIT: [libjvm.so+0x90bd70], sa_mask[0]=11111111011111111101111111111110, sa_flags=SA_RESTART|SA_SIGINFO


---------------  S Y S T E M  ---------------

OS:DISTRIB_ID=Ubuntu
DISTRIB_RELEASE=16.04
DISTRIB_CODENAME=xenial
DISTRIB_DESCRIPTION="Ubuntu 16.04.6 LTS"

uname:Linux 4.15.0-91-generic #92~16.04.1-Ubuntu SMP Fri Feb 28 14:57:22 UTC 2020 x86_64
libc:glibc 2.23 NPTL 2.23 
rlimit: STACK 8192k, CORE 0k, NPROC 15448, NOFILE 1048576, AS infinity
load average:15.76 11.66 12.03

/proc/meminfo:
MemTotal:        4015928 kB
MemFree:           93340 kB
MemAvailable:          0 kB
Buffers:             348 kB
Cached:            12856 kB
SwapCached:         1136 kB
Active:          2907772 kB
Inactive:         577600 kB
Active(anon):    2902412 kB
Inactive(anon):   572004 kB
Active(file):       5360 kB
Inactive(file):     5596 kB
Unevictable:          48 kB
Mlocked:              48 kB
SwapTotal:        998396 kB
SwapFree:            184 kB
Dirty:                32 kB
Writeback:           632 kB
AnonPages:       3471712 kB
Mapped:             9060 kB
Shmem:              1664 kB
Slab:              92364 kB
SReclaimable:      33340 kB
SUnreclaim:        59024 kB
KernelStack:       16064 kB
PageTables:        42500 kB
NFS_Unstable:          0 kB
Bounce:                0 kB
WritebackTmp:          0 kB
CommitLimit:     3006360 kB
Committed_AS:    8694472 kB
VmallocTotal:   34359738367 kB
VmallocUsed:           0 kB
VmallocChunk:          0 kB
HardwareCorrupted:     0 kB
AnonHugePages:         0 kB
ShmemHugePages:        0 kB
ShmemPmdMapped:        0 kB
CmaTotal:              0 kB
CmaFree:               0 kB
HugePages_Total:       0
HugePages_Free:        0
HugePages_Rsvd:        0
HugePages_Surp:        0
Hugepagesize:       2048 kB
DirectMap4k:       98112 kB
DirectMap2M:     4096000 kB
DirectMap1G:     2097152 kB

container (cgroup) information:
container_type: cgroupv1
cpu_cpuset_cpus: 0-3
cpu_memory_nodes: 0
active_processor_count: 4
cpu_quota: -1
cpu_period: 100000
cpu_shares: -1
memory_limit_in_bytes: -1
memory_and_swap_limit_in_bytes: -2
memory_soft_limit_in_bytes: -1
memory_usage_in_bytes: 3570270208
memory_max_usage_in_bytes: 84226048


CPU:total 4 (initial active 4) (2 cores per cpu, 1 threads per core) family 6 model 158 stepping 9, cmov, cx8, fxsr, mmx, sse, sse2, sse3, ssse3, sse4.1, sse4.2, popcnt, avx, avx2, aes, clmul, erms, 3dnowpref, lzcnt, tsc, tscinvbit, bmi1, bmi2, adx

/proc/cpuinfo:
processor	: 0
vendor_id	: GenuineIntel
cpu family	: 6
model		: 158
model name	: Intel(R) Core(TM) i7-7700HQ CPU @ 2.80GHz
stepping	: 9
microcode	: 0xb4
cpu MHz		: 2808.002
cache size	: 6144 KB
physical id	: 0
siblings	: 2
core id		: 0
cpu cores	: 2
apicid		: 0
initial apicid	: 0
fpu		: yes
fpu_exception	: yes
cpuid level	: 22
wp		: yes
flags		: fpu vme de pse tsc msr pae mce cx8 apic sep mtrr pge mca cmov pat pse36 clflush mmx fxsr sse sse2 ss ht syscall nx pdpe1gb rdtscp lm constant_tsc arch_perfmon nopl xtopology tsc_reliable nonstop_tsc cpuid pni pclmulqdq ssse3 fma cx16 pcid sse4_1 sse4_2 x2apic movbe popcnt tsc_deadline_timer aes xsave avx f16c rdrand hypervisor lahf_lm abm 3dnowprefetch cpuid_fault invpcid_single pti ssbd ibrs ibpb stibp fsgsbase tsc_adjust bmi1 avx2 smep bmi2 invpcid mpx rdseed adx smap clflushopt xsaveopt xsavec xsaves arat md_clear flush_l1d arch_capabilities
bugs		: cpu_meltdown spectre_v1 spectre_v2 spec_store_bypass l1tf mds swapgs itlb_multihit
bogomips	: 5616.00
clflush size	: 64
cache_alignment	: 64
address sizes	: 43 bits physical, 48 bits virtual
power management:

processor	: 1
vendor_id	: GenuineIntel
cpu family	: 6
model		: 158
model name	: Intel(R) Core(TM) i7-7700HQ CPU @ 2.80GHz
stepping	: 9
microcode	: 0xb4
cpu MHz		: 2808.002
cache size	: 6144 KB
physical id	: 0
siblings	: 2
core id		: 1
cpu cores	: 2
apicid		: 1
initial apicid	: 1
fpu		: yes
fpu_exception	: yes
cpuid level	: 22
wp		: yes
flags		: fpu vme de pse tsc msr pae mce cx8 apic sep mtrr pge mca cmov pat pse36 clflush mmx fxsr sse sse2 ss ht syscall nx pdpe1gb rdtscp lm constant_tsc arch_perfmon nopl xtopology tsc_reliable nonstop_tsc cpuid pni pclmulqdq ssse3 fma cx16 pcid sse4_1 sse4_2 x2apic movbe popcnt tsc_deadline_timer aes xsave avx f16c rdrand hypervisor lahf_lm abm 3dnowprefetch cpuid_fault invpcid_single pti ssbd ibrs ibpb stibp fsgsbase tsc_adjust bmi1 avx2 smep bmi2 invpcid mpx rdseed adx smap clflushopt xsaveopt xsavec xsaves arat md_clear flush_l1d arch_capabilities
bugs		: cpu_meltdown spectre_v1 spectre_v2 spec_store_bypass l1tf mds swapgs itlb_multihit
bogomips	: 5616.00
clflush size	: 64
cache_alignment	: 64
address sizes	: 43 bits physical, 48 bits virtual
power management:

processor	: 2
vendor_id	: GenuineIntel
cpu family	: 6
model		: 158
model name	: Intel(R) Core(TM) i7-7700HQ CPU @ 2.80GHz
stepping	: 9
microcode	: 0xb4
cpu MHz		: 2808.002
cache size	: 6144 KB
physical id	: 1
siblings	: 2
core id		: 0
cpu cores	: 2
apicid		: 2
initial apicid	: 2
fpu		: yes
fpu_exception	: yes
cpuid level	: 22
wp		: yes
flags		: fpu vme de pse tsc msr pae mce cx8 apic sep mtrr pge mca cmov pat pse36 clflush mmx fxsr sse sse2 ss ht syscall nx pdpe1gb rdtscp lm constant_tsc arch_perfmon nopl xtopology tsc_reliable nonstop_tsc cpuid pni pclmulqdq ssse3 fma cx16 pcid sse4_1 sse4_2 x2apic movbe popcnt tsc_deadline_timer aes xsave avx f16c rdrand hypervisor lahf_lm abm 3dnowprefetch cpuid_fault invpcid_single pti ssbd ibrs ibpb stibp fsgsbase tsc_adjust bmi1 avx2 smep bmi2 invpcid mpx rdseed adx smap clflushopt xsaveopt xsavec xsaves arat md_clear flush_l1d arch_capabilities
bugs		: cpu_meltdown spectre_v1 spectre_v2 spec_store_bypass l1tf mds swapgs itlb_multihit
bogomips	: 5616.00
clflush size	: 64
cache_alignment	: 64
address sizes	: 43 bits physical, 48 bits virtual
power management:

processor	: 3
vendor_id	: GenuineIntel
cpu family	: 6
model		: 158
model name	: Intel(R) Core(TM) i7-7700HQ CPU @ 2.80GHz
stepping	: 9
microcode	: 0xb4
cpu MHz		: 2808.002
cache size	: 6144 KB
physical id	: 1
siblings	: 2
core id		: 1
cpu cores	: 2
apicid		: 3
initial apicid	: 3
fpu		: yes
fpu_exception	: yes
cpuid level	: 22
wp		: yes
flags		: fpu vme de pse tsc msr pae mce cx8 apic sep mtrr pge mca cmov pat pse36 clflush mmx fxsr sse sse2 ss ht syscall nx pdpe1gb rdtscp lm constant_tsc arch_perfmon nopl xtopology tsc_reliable nonstop_tsc cpuid pni pclmulqdq ssse3 fma cx16 pcid sse4_1 sse4_2 x2apic movbe popcnt tsc_deadline_timer aes xsave avx f16c rdrand hypervisor lahf_lm abm 3dnowprefetch cpuid_fault invpcid_single pti ssbd ibrs ibpb stibp fsgsbase tsc_adjust bmi1 avx2 smep bmi2 invpcid mpx rdseed adx smap clflushopt xsaveopt xsavec xsaves arat md_clear flush_l1d arch_capabilities
bugs		: cpu_meltdown spectre_v1 spectre_v2 spec_store_bypass l1tf mds swapgs itlb_multihit
bogomips	: 5616.00
clflush size	: 64
cache_alignment	: 64
address sizes	: 43 bits physical, 48 bits virtual
power management:



Memory: 4k page, physical 4015928k(92824k free), swap 998396k(280k free)

vm_info: Java HotSpot(TM) 64-Bit Server VM (25.201-b09) for linux-amd64 JRE (1.8.0_201-b09), built on Dec 15 2018 11:35:59 by "java_re" with gcc 7.3.0

time: Sun Mar 29 19:43:57 2020
timezone: CST
elapsed time: 61 seconds (0d 0h 1m 1s)

