#
# There is insufficient memory for the Java Runtime Environment to continue.
# Native memory allocation (mmap) failed to map 262144 bytes for committing reserved memory.
# Possible reasons:
#   The system is out of physical RAM or swap space
#   The process is running with CompressedOops enabled, and the Java Heap may be blocking the growth of the native heap
# Possible solutions:
#   Reduce memory load on the system
#   Increase physical memory or swap space
#   Check if swap backing store is full
#   Decrease Java heap size (-Xmx/-Xms)
#   Decrease number of Java threads
#   Decrease Java thread stack sizes (-Xss)
#   Set larger code cache with -XX:ReservedCodeCacheSize=
#   JVM is running with Unscaled Compressed Oops mode in which the Java heap is
#     placed in the first 4GB address space. The Java Heap base address is the
#     maximum limit for the native heap growth. Please use -XX:HeapBaseMinAddress
#     to set the Java Heap base and to place the Java Heap above 4GB virtual address.
# This output file may be truncated or incomplete.
#
#  Out of Memory Error (os_linux.cpp:2749), pid=15649, tid=0x00007f9080228700
#
# JRE version: Java(TM) SE Runtime Environment (8.0_201-b09) (build 1.8.0_201-b09)
# Java VM: Java HotSpot(TM) 64-Bit Server VM (25.201-b09 mixed mode linux-amd64 compressed oops)
# Failed to write core dump. Core dumps have been disabled. To enable core dumping, try "ulimit -c unlimited" before starting Java again
#

---------------  T H R E A D  ---------------

Current thread (0x00007f9038002800):  JavaThread "RMI TCP Connection(3)-127.0.0.1" daemon [_thread_in_vm, id=16151, stack(0x00007f9080128000,0x00007f9080229000)]

Stack: [0x00007f9080128000,0x00007f9080229000],  sp=0x00007f908021e870,  free space=986k
Native frames: (J=compiled Java code, j=interpreted, Vv=VM code, C=native code)
V  [libjvm.so+0xad3525]  VMError::report_and_die()+0x2e5
V  [libjvm.so+0x4e0457]  report_vm_out_of_memory(char const*, int, unsigned long, VMErrorType, char const*)+0x67
V  [libjvm.so+0x9102f0]  os::pd_commit_memory(char*, unsigned long, unsigned long, bool)+0x100
V  [libjvm.so+0x90791f]  os::commit_memory(char*, unsigned long, unsigned long, bool)+0x1f
V  [libjvm.so+0xacfda0]  VirtualSpace::expand_by(unsigned long, bool)+0x140
V  [libjvm.so+0x888e29]  VirtualSpaceList::get_new_chunk(unsigned long, unsigned long)+0x1a9
V  [libjvm.so+0x88ab5f]  SpaceManager::grow_and_allocate(unsigned long)+0x1ef
V  [libjvm.so+0x88b45b]  SpaceManager::allocate(unsigned long)+0x1db
V  [libjvm.so+0x88beb5]  Metaspace::allocate(ClassLoaderData*, unsigned long, bool, MetaspaceObj::Type, Thread*)+0x55
V  [libjvm.so+0x4dc224]  ConstantPool::allocate(ClassLoaderData*, int, Thread*)+0xc4
V  [libjvm.so+0x436369]  ClassFileParser::parse_constant_pool(Thread*)+0xf9
V  [libjvm.so+0x4376f7]  ClassFileParser::parseClassFile(Symbol*, ClassLoaderData*, Handle, KlassHandle, GrowableArray<Handle>*, TempNewSymbol&, bool, Thread*)+0x587
V  [libjvm.so+0xa3f1d7]  SystemDictionary::resolve_from_stream(Symbol*, Handle, Handle, ClassFileStream*, bool, Thread*)+0x1b7
V  [libjvm.so+0x6f2b03]  jvm_define_class_common(JNIEnv_*, char const*, _jobject*, signed char const*, int, _jobject*, char const*, unsigned char, Thread*)+0x203
V  [libjvm.so+0x6f425b]  JVM_DefineClassWithSource+0x8b
C  [libjava.so+0xde7d]  Java_java_lang_ClassLoader_defineClass1+0x17d
J 387  java.lang.ClassLoader.defineClass1(Ljava/lang/String;[BIILjava/security/ProtectionDomain;Ljava/lang/String;)Ljava/lang/Class; (0 bytes) @ 0x00007f90851e790b [0x00007f90851e7800+0x10b]
j  java.lang.ClassLoader.defineClass(Ljava/lang/String;[BIILjava/security/ProtectionDomain;)Ljava/lang/Class;+27
J 455 C1 java.net.URLClassLoader.defineClass(Ljava/lang/String;Lsun/misc/Resource;)Ljava/lang/Class; (142 bytes) @ 0x00007f9085215a8c [0x00007f9085213f40+0x1b4c]
J 210 C1 java.net.URLClassLoader$1.run()Ljava/lang/Class; (63 bytes) @ 0x00007f9085183d4c [0x00007f9085183aa0+0x2ac]
J 167 C1 java.net.URLClassLoader$1.run()Ljava/lang/Object; (5 bytes) @ 0x00007f908516194c [0x00007f90851618c0+0x8c]
v  ~StubRoutines::call_stub
V  [libjvm.so+0x68825b]  JavaCalls::call_helper(JavaValue*, methodHandle*, JavaCallArguments*, Thread*)+0xddb
V  [libjvm.so+0x7004b4]  JVM_DoPrivileged+0x4f4
J 148  java.security.AccessController.doPrivileged(Ljava/security/PrivilegedExceptionAction;Ljava/security/AccessControlContext;)Ljava/lang/Object; (0 bytes) @ 0x00007f9085159395 [0x00007f90851592c0+0xd5]
J 166 C1 java.net.URLClassLoader.findClass(Ljava/lang/String;)Ljava/lang/Class; (47 bytes) @ 0x00007f90851610c4 [0x00007f9085160f40+0x184]
J 121 C1 java.lang.ClassLoader.loadClass(Ljava/lang/String;Z)Ljava/lang/Class; (122 bytes) @ 0x00007f9085147e5c [0x00007f9085147500+0x95c]
J 207 C1 sun.misc.Launcher$AppClassLoader.loadClass(Ljava/lang/String;Z)Ljava/lang/Class; (85 bytes) @ 0x00007f908517e48c [0x00007f908517db00+0x98c]
J 204 C1 java.lang.ClassLoader.loadClass(Ljava/lang/String;)Ljava/lang/Class; (7 bytes) @ 0x00007f908517cd84 [0x00007f908517cc80+0x104]
v  ~StubRoutines::call_stub
V  [libjvm.so+0x68825b]  JavaCalls::call_helper(JavaValue*, methodHandle*, JavaCallArguments*, Thread*)+0xddb
V  [libjvm.so+0x685b23]  JavaCalls::call_virtual(JavaValue*, KlassHandle, Symbol*, Symbol*, JavaCallArguments*, Thread*)+0x263
V  [libjvm.so+0x686143]  JavaCalls::call_virtual(JavaValue*, Handle, KlassHandle, Symbol*, Symbol*, Handle, Thread*)+0x53
V  [libjvm.so+0xa44ed4]  SystemDictionary::load_instance_class(Symbol*, Handle, Thread*)+0x2e4
V  [libjvm.so+0xa4389b]  SystemDictionary::resolve_instance_class_or_null(Symbol*, Handle, Handle, Thread*)+0x87b
V  [libjvm.so+0xa440e2]  SystemDictionary::resolve_super_or_fail(Symbol*, Symbol*, Handle, Handle, bool, Thread*)+0x152
V  [libjvm.so+0x4388a5]  ClassFileParser::parseClassFile(Symbol*, ClassLoaderData*, Handle, KlassHandle, GrowableArray<Handle>*, TempNewSymbol&, bool, Thread*)+0x1735
V  [libjvm.so+0xa3f1d7]  SystemDictionary::resolve_from_stream(Symbol*, Handle, Handle, ClassFileStream*, bool, Thread*)+0x1b7
V  [libjvm.so+0x6f2b03]  jvm_define_class_common(JNIEnv_*, char const*, _jobject*, signed char const*, int, _jobject*, char const*, unsigned char, Thread*)+0x203
V  [libjvm.so+0x6f425b]  JVM_DefineClassWithSource+0x8b
C  [libjava.so+0xde7d]  Java_java_lang_ClassLoader_defineClass1+0x17d
J 387  java.lang.ClassLoader.defineClass1(Ljava/lang/String;[BIILjava/security/ProtectionDomain;Ljava/lang/String;)Ljava/lang/Class; (0 bytes) @ 0x00007f90851e790b [0x00007f90851e7800+0x10b]
j  java.lang.ClassLoader.defineClass(Ljava/lang/String;[BIILjava/security/ProtectionDomain;)Ljava/lang/Class;+27
J 455 C1 java.net.URLClassLoader.defineClass(Ljava/lang/String;Lsun/misc/Resource;)Ljava/lang/Class; (142 bytes) @ 0x00007f9085215a8c [0x00007f9085213f40+0x1b4c]
J 210 C1 java.net.URLClassLoader$1.run()Ljava/lang/Class; (63 bytes) @ 0x00007f9085183d4c [0x00007f9085183aa0+0x2ac]
J 167 C1 java.net.URLClassLoader$1.run()Ljava/lang/Object; (5 bytes) @ 0x00007f908516194c [0x00007f90851618c0+0x8c]
v  ~StubRoutines::call_stub
V  [libjvm.so+0x68825b]  JavaCalls::call_helper(JavaValue*, methodHandle*, JavaCallArguments*, Thread*)+0xddb
V  [libjvm.so+0x7004b4]  JVM_DoPrivileged+0x4f4
J 148  java.security.AccessController.doPrivileged(Ljava/security/PrivilegedExceptionAction;Ljava/security/AccessControlContext;)Ljava/lang/Object; (0 bytes) @ 0x00007f9085159395 [0x00007f90851592c0+0xd5]
J 166 C1 java.net.URLClassLoader.findClass(Ljava/lang/String;)Ljava/lang/Class; (47 bytes) @ 0x00007f90851610c4 [0x00007f9085160f40+0x184]
J 121 C1 java.lang.ClassLoader.loadClass(Ljava/lang/String;Z)Ljava/lang/Class; (122 bytes) @ 0x00007f9085147e5c [0x00007f9085147500+0x95c]
J 207 C1 sun.misc.Launcher$AppClassLoader.loadClass(Ljava/lang/String;Z)Ljava/lang/Class; (85 bytes) @ 0x00007f908517e48c [0x00007f908517db00+0x98c]
J 204 C1 java.lang.ClassLoader.loadClass(Ljava/lang/String;)Ljava/lang/Class; (7 bytes) @ 0x00007f908517cd84 [0x00007f908517cc80+0x104]
v  ~StubRoutines::call_stub
V  [libjvm.so+0x68825b]  JavaCalls::call_helper(JavaValue*, methodHandle*, JavaCallArguments*, Thread*)+0xddb
V  [libjvm.so+0x685b23]  JavaCalls::call_virtual(JavaValue*, KlassHandle, Symbol*, Symbol*, JavaCallArguments*, Thread*)+0x263
V  [libjvm.so+0x686143]  JavaCalls::call_virtual(JavaValue*, Handle, KlassHandle, Symbol*, Symbol*, Handle, Thread*)+0x53
V  [libjvm.so+0xa44ed4]  SystemDictionary::load_instance_class(Symbol*, Handle, Thread*)+0x2e4
V  [libjvm.so+0xa4389b]  SystemDictionary::resolve_instance_class_or_null(Symbol*, Handle, Handle, Thread*)+0x87b
V  [libjvm.so+0xa45a7f]  SystemDictionary::resolve_or_fail(Symbol*, Handle, Handle, bool, Thread*)+0x34f
V  [libjvm.so+0x997761]  Reflection::new_type(Symbol*, KlassHandle, Thread*)+0xa1
V  [libjvm.so+0x998a81]  Reflection::new_field(fieldDescriptor*, bool, Thread*)+0x261
V  [libjvm.so+0x702bf9]  JVM_GetClassDeclaredFields+0x249
j  java.lang.Class.getDeclaredFields0(Z)[Ljava/lang/reflect/Field;+0
j  java.lang.Class.privateGetDeclaredFields(Z)[Ljava/lang/reflect/Field;+37
j  java.lang.Class.getDeclaredField(Ljava/lang/String;)Ljava/lang/reflect/Field;+11
j  java.io.ObjectStreamClass.getDeclaredSUID(Ljava/lang/Class;)Ljava/lang/Long;+4
j  java.io.ObjectStreamClass.access$700(Ljava/lang/Class;)Ljava/lang/Long;+1
j  java.io.ObjectStreamClass$3.run()Ljava/lang/Void;+66
j  java.io.ObjectStreamClass$3.run()Ljava/lang/Object;+1
v  ~StubRoutines::call_stub
V  [libjvm.so+0x68825b]  JavaCalls::call_helper(JavaValue*, methodHandle*, JavaCallArguments*, Thread*)+0xddb
V  [libjvm.so+0x7004b4]  JVM_DoPrivileged+0x4f4
J 549  java.security.AccessController.doPrivileged(Ljava/security/PrivilegedAction;)Ljava/lang/Object; (0 bytes) @ 0x00007f908523eaff [0x00007f908523ea40+0xbf]
j  java.io.ObjectStreamClass.<init>(Ljava/lang/Class;)V+103
j  java.io.ObjectStreamClass.lookup(Ljava/lang/Class;Z)Ljava/io/ObjectStreamClass;+212
j  java.io.ObjectStreamClass.initNonProxy(Ljava/io/ObjectStreamClass;Ljava/lang/Class;Ljava/lang/ClassNotFoundException;Ljava/io/ObjectStreamClass;)V+21
j  java.io.ObjectInputStream.readNonProxyDesc(Z)Ljava/io/ObjectStreamClass;+193
j  java.io.ObjectInputStream.readClassDesc(Z)Ljava/io/ObjectStreamClass;+86
j  java.io.ObjectInputStream.readOrdinaryObject(Z)Ljava/lang/Object;+22
J 910 C1 java.io.ObjectInputStream.readObject0(Z)Ljava/lang/Object; (566 bytes) @ 0x00007f908530b564 [0x00007f908530a960+0xc04]
J 948 C1 java.io.ObjectInputStream.readObject()Ljava/lang/Object; (130 bytes) @ 0x00007f90853224d4 [0x00007f9085322400+0xd4]
j  java.util.HashMap.readObject(Ljava/io/ObjectInputStream;)V+238
v  ~StubRoutines::call_stub
V  [libjvm.so+0x68825b]  JavaCalls::call_helper(JavaValue*, methodHandle*, JavaCallArguments*, Thread*)+0xddb
V  [libjvm.so+0x999f25]  Reflection::invoke(instanceKlassHandle, methodHandle, Handle, bool, objArrayHandle, BasicType, objArrayHandle, bool, Thread*)+0xb65
V  [libjvm.so+0x99b866]  Reflection::invoke_method(oopDesc*, Handle, objArrayHandle, Thread*)+0x126
V  [libjvm.so+0x6fd2b2]  JVM_InvokeMethod+0x102
j  sun.reflect.NativeMethodAccessorImpl.invoke0(Ljava/lang/reflect/Method;Ljava/lang/Object;[Ljava/lang/Object;)Ljava/lang/Object;+0
j  sun.reflect.NativeMethodAccessorImpl.invoke(Ljava/lang/Object;[Ljava/lang/Object;)Ljava/lang/Object;+100
j  sun.reflect.DelegatingMethodAccessorImpl.invoke(Ljava/lang/Object;[Ljava/lang/Object;)Ljava/lang/Object;+6
j  java.lang.reflect.Method.invoke(Ljava/lang/Object;[Ljava/lang/Object;)Ljava/lang/Object;+56
j  java.io.ObjectStreamClass.invokeReadObject(Ljava/lang/Object;Ljava/io/ObjectInputStream;)V+24
j  java.io.ObjectInputStream.readSerialData(Ljava/lang/Object;Ljava/io/ObjectStreamClass;)V+119
j  java.io.ObjectInputStream.readOrdinaryObject(Z)Ljava/lang/Object;+183
J 910 C1 java.io.ObjectInputStream.readObject0(Z)Ljava/lang/Object; (566 bytes) @ 0x00007f908530b564 [0x00007f908530a960+0xc04]
j  java.io.ObjectInputStream.defaultReadFields(Ljava/lang/Object;Ljava/io/ObjectStreamClass;)V+150
j  java.io.ObjectInputStream.readSerialData(Ljava/lang/Object;Ljava/io/ObjectStreamClass;)V+298
j  java.io.ObjectInputStream.readOrdinaryObject(Z)Ljava/lang/Object;+183
...<more frames>...

Java frames: (J=compiled Java code, j=interpreted, Vv=VM code)
J 387  java.lang.ClassLoader.defineClass1(Ljava/lang/String;[BIILjava/security/ProtectionDomain;Ljava/lang/String;)Ljava/lang/Class; (0 bytes) @ 0x00007f90851e7891 [0x00007f90851e7800+0x91]
j  java.lang.ClassLoader.defineClass(Ljava/lang/String;[BIILjava/security/ProtectionDomain;)Ljava/lang/Class;+27
J 455 C1 java.net.URLClassLoader.defineClass(Ljava/lang/String;Lsun/misc/Resource;)Ljava/lang/Class; (142 bytes) @ 0x00007f9085215a8c [0x00007f9085213f40+0x1b4c]
J 210 C1 java.net.URLClassLoader$1.run()Ljava/lang/Class; (63 bytes) @ 0x00007f9085183d4c [0x00007f9085183aa0+0x2ac]
J 167 C1 java.net.URLClassLoader$1.run()Ljava/lang/Object; (5 bytes) @ 0x00007f908516194c [0x00007f90851618c0+0x8c]
v  ~StubRoutines::call_stub
J 148  java.security.AccessController.doPrivileged(Ljava/security/PrivilegedExceptionAction;Ljava/security/AccessControlContext;)Ljava/lang/Object; (0 bytes) @ 0x00007f9085159323 [0x00007f90851592c0+0x63]
J 166 C1 java.net.URLClassLoader.findClass(Ljava/lang/String;)Ljava/lang/Class; (47 bytes) @ 0x00007f90851610c4 [0x00007f9085160f40+0x184]
J 121 C1 java.lang.ClassLoader.loadClass(Ljava/lang/String;Z)Ljava/lang/Class; (122 bytes) @ 0x00007f9085147e5c [0x00007f9085147500+0x95c]
J 207 C1 sun.misc.Launcher$AppClassLoader.loadClass(Ljava/lang/String;Z)Ljava/lang/Class; (85 bytes) @ 0x00007f908517e48c [0x00007f908517db00+0x98c]
J 204 C1 java.lang.ClassLoader.loadClass(Ljava/lang/String;)Ljava/lang/Class; (7 bytes) @ 0x00007f908517cd84 [0x00007f908517cc80+0x104]
v  ~StubRoutines::call_stub
J 387  java.lang.ClassLoader.defineClass1(Ljava/lang/String;[BIILjava/security/ProtectionDomain;Ljava/lang/String;)Ljava/lang/Class; (0 bytes) @ 0x00007f90851e7891 [0x00007f90851e7800+0x91]
j  java.lang.ClassLoader.defineClass(Ljava/lang/String;[BIILjava/security/ProtectionDomain;)Ljava/lang/Class;+27
J 455 C1 java.net.URLClassLoader.defineClass(Ljava/lang/String;Lsun/misc/Resource;)Ljava/lang/Class; (142 bytes) @ 0x00007f9085215a8c [0x00007f9085213f40+0x1b4c]
J 210 C1 java.net.URLClassLoader$1.run()Ljava/lang/Class; (63 bytes) @ 0x00007f9085183d4c [0x00007f9085183aa0+0x2ac]
J 167 C1 java.net.URLClassLoader$1.run()Ljava/lang/Object; (5 bytes) @ 0x00007f908516194c [0x00007f90851618c0+0x8c]
v  ~StubRoutines::call_stub
J 148  java.security.AccessController.doPrivileged(Ljava/security/PrivilegedExceptionAction;Ljava/security/AccessControlContext;)Ljava/lang/Object; (0 bytes) @ 0x00007f9085159323 [0x00007f90851592c0+0x63]
J 166 C1 java.net.URLClassLoader.findClass(Ljava/lang/String;)Ljava/lang/Class; (47 bytes) @ 0x00007f90851610c4 [0x00007f9085160f40+0x184]
J 121 C1 java.lang.ClassLoader.loadClass(Ljava/lang/String;Z)Ljava/lang/Class; (122 bytes) @ 0x00007f9085147e5c [0x00007f9085147500+0x95c]
J 207 C1 sun.misc.Launcher$AppClassLoader.loadClass(Ljava/lang/String;Z)Ljava/lang/Class; (85 bytes) @ 0x00007f908517e48c [0x00007f908517db00+0x98c]
J 204 C1 java.lang.ClassLoader.loadClass(Ljava/lang/String;)Ljava/lang/Class; (7 bytes) @ 0x00007f908517cd84 [0x00007f908517cc80+0x104]
v  ~StubRoutines::call_stub
j  java.lang.Class.getDeclaredFields0(Z)[Ljava/lang/reflect/Field;+0
j  java.lang.Class.privateGetDeclaredFields(Z)[Ljava/lang/reflect/Field;+37
j  java.lang.Class.getDeclaredField(Ljava/lang/String;)Ljava/lang/reflect/Field;+11
j  java.io.ObjectStreamClass.getDeclaredSUID(Ljava/lang/Class;)Ljava/lang/Long;+4
j  java.io.ObjectStreamClass.access$700(Ljava/lang/Class;)Ljava/lang/Long;+1
j  java.io.ObjectStreamClass$3.run()Ljava/lang/Void;+66
j  java.io.ObjectStreamClass$3.run()Ljava/lang/Object;+1
v  ~StubRoutines::call_stub
J 549  java.security.AccessController.doPrivileged(Ljava/security/PrivilegedAction;)Ljava/lang/Object; (0 bytes) @ 0x00007f908523ea8f [0x00007f908523ea40+0x4f]
j  java.io.ObjectStreamClass.<init>(Ljava/lang/Class;)V+103
j  java.io.ObjectStreamClass.lookup(Ljava/lang/Class;Z)Ljava/io/ObjectStreamClass;+212
j  java.io.ObjectStreamClass.initNonProxy(Ljava/io/ObjectStreamClass;Ljava/lang/Class;Ljava/lang/ClassNotFoundException;Ljava/io/ObjectStreamClass;)V+21
j  java.io.ObjectInputStream.readNonProxyDesc(Z)Ljava/io/ObjectStreamClass;+193
j  java.io.ObjectInputStream.readClassDesc(Z)Ljava/io/ObjectStreamClass;+86
j  java.io.ObjectInputStream.readOrdinaryObject(Z)Ljava/lang/Object;+22
J 910 C1 java.io.ObjectInputStream.readObject0(Z)Ljava/lang/Object; (566 bytes) @ 0x00007f908530b564 [0x00007f908530a960+0xc04]
J 948 C1 java.io.ObjectInputStream.readObject()Ljava/lang/Object; (130 bytes) @ 0x00007f90853224d4 [0x00007f9085322400+0xd4]
j  java.util.HashMap.readObject(Ljava/io/ObjectInputStream;)V+238
v  ~StubRoutines::call_stub
j  sun.reflect.NativeMethodAccessorImpl.invoke0(Ljava/lang/reflect/Method;Ljava/lang/Object;[Ljava/lang/Object;)Ljava/lang/Object;+0
j  sun.reflect.NativeMethodAccessorImpl.invoke(Ljava/lang/Object;[Ljava/lang/Object;)Ljava/lang/Object;+100
j  sun.reflect.DelegatingMethodAccessorImpl.invoke(Ljava/lang/Object;[Ljava/lang/Object;)Ljava/lang/Object;+6
j  java.lang.reflect.Method.invoke(Ljava/lang/Object;[Ljava/lang/Object;)Ljava/lang/Object;+56
j  java.io.ObjectStreamClass.invokeReadObject(Ljava/lang/Object;Ljava/io/ObjectInputStream;)V+24
j  java.io.ObjectInputStream.readSerialData(Ljava/lang/Object;Ljava/io/ObjectStreamClass;)V+119
j  java.io.ObjectInputStream.readOrdinaryObject(Z)Ljava/lang/Object;+183
J 910 C1 java.io.ObjectInputStream.readObject0(Z)Ljava/lang/Object; (566 bytes) @ 0x00007f908530b564 [0x00007f908530a960+0xc04]
j  java.io.ObjectInputStream.defaultReadFields(Ljava/lang/Object;Ljava/io/ObjectStreamClass;)V+150
j  java.io.ObjectInputStream.readSerialData(Ljava/lang/Object;Ljava/io/ObjectStreamClass;)V+298
j  java.io.ObjectInputStream.readOrdinaryObject(Z)Ljava/lang/Object;+183
J 910 C1 java.io.ObjectInputStream.readObject0(Z)Ljava/lang/Object; (566 bytes) @ 0x00007f908530b564 [0x00007f908530a960+0xc04]
j  java.io.ObjectInputStream.readObject()Ljava/lang/Object;+19
j  java.util.HashMap.readObject(Ljava/io/ObjectInputStream;)V+232
v  ~StubRoutines::call_stub
j  sun.reflect.NativeMethodAccessorImpl.invoke0(Ljava/lang/reflect/Method;Ljava/lang/Object;[Ljava/lang/Object;)Ljava/lang/Object;+0
j  sun.reflect.NativeMethodAccessorImpl.invoke(Ljava/lang/Object;[Ljava/lang/Object;)Ljava/lang/Object;+100
j  sun.reflect.DelegatingMethodAccessorImpl.invoke(Ljava/lang/Object;[Ljava/lang/Object;)Ljava/lang/Object;+6
j  java.lang.reflect.Method.invoke(Ljava/lang/Object;[Ljava/lang/Object;)Ljava/lang/Object;+56
j  java.io.ObjectStreamClass.invokeReadObject(Ljava/lang/Object;Ljava/io/ObjectInputStream;)V+24
j  java.io.ObjectInputStream.readSerialData(Ljava/lang/Object;Ljava/io/ObjectStreamClass;)V+119
j  java.io.ObjectInputStream.readOrdinaryObject(Z)Ljava/lang/Object;+183
J 910 C1 java.io.ObjectInputStream.readObject0(Z)Ljava/lang/Object; (566 bytes) @ 0x00007f908530b564 [0x00007f908530a960+0xc04]
j  java.io.ObjectInputStream.defaultReadFields(Ljava/lang/Object;Ljava/io/ObjectStreamClass;)V+150
j  java.io.ObjectInputStream.readSerialData(Ljava/lang/Object;Ljava/io/ObjectStreamClass;)V+298
j  java.io.ObjectInputStream.readOrdinaryObject(Z)Ljava/lang/Object;+183
J 910 C1 java.io.ObjectInputStream.readObject0(Z)Ljava/lang/Object; (566 bytes) @ 0x00007f908530b564 [0x00007f908530a960+0xc04]
j  java.io.ObjectInputStream.readObject()Ljava/lang/Object;+19
j  sun.rmi.server.UnicastRef.unmarshalValue(Ljava/lang/Class;Ljava/io/ObjectInput;)Ljava/lang/Object;+171
j  sun.rmi.server.UnicastServerRef.unmarshalParametersUnchecked(Ljava/lang/reflect/Method;Ljava/io/ObjectInput;)[Ljava/lang/Object;+31
j  sun.rmi.server.UnicastServerRef.unmarshalParameters(Ljava/lang/Object;Ljava/lang/reflect/Method;Lsun/rmi/server/MarshalInputStream;)[Ljava/lang/Object;+23
j  sun.rmi.server.UnicastServerRef.dispatch(Ljava/rmi/Remote;Ljava/rmi/server/RemoteCall;)V+168
j  sun.rmi.transport.Transport$1.run()Ljava/lang/Void;+23
j  sun.rmi.transport.Transport$1.run()Ljava/lang/Object;+1
v  ~StubRoutines::call_stub
J 148  java.security.AccessController.doPrivileged(Ljava/security/PrivilegedExceptionAction;Ljava/security/AccessControlContext;)Ljava/lang/Object; (0 bytes) @ 0x00007f9085159323 [0x00007f90851592c0+0x63]
j  sun.rmi.transport.Transport.serviceCall(Ljava/rmi/server/RemoteCall;)Z+157
j  sun.rmi.transport.tcp.TCPTransport.handleMessages(Lsun/rmi/transport/Connection;Z)V+185
j  sun.rmi.transport.tcp.TCPTransport$ConnectionHandler.run0()V+696
j  sun.rmi.transport.tcp.TCPTransport$ConnectionHandler.lambda$run$0()Ljava/lang/Void;+1
j  sun.rmi.transport.tcp.TCPTransport$ConnectionHandler$$Lambda$19.run()Ljava/lang/Object;+4
v  ~StubRoutines::call_stub
j  java.security.AccessController.doPrivileged(Ljava/security/PrivilegedAction;Ljava/security/AccessControlContext;)Ljava/lang/Object;+0
j  sun.rmi.transport.tcp.TCPTransport$ConnectionHandler.run()V+58
j  java.util.concurrent.ThreadPoolExecutor.runWorker(Ljava/util/concurrent/ThreadPoolExecutor$Worker;)V+95
j  java.util.concurrent.ThreadPoolExecutor$Worker.run()V+5
j  java.lang.Thread.run()V+11
v  ~StubRoutines::call_stub

---------------  P R O C E S S  ---------------

Java Threads: ( => current thread )
=>0x00007f9038002800 JavaThread "RMI TCP Connection(3)-127.0.0.1" daemon [_thread_in_vm, id=16151, stack(0x00007f9080128000,0x00007f9080229000)]
  0x00007f9038001000 JavaThread "RMI TCP Connection(2)-127.0.0.1" daemon [_thread_in_native, id=16068, stack(0x00007f9080229000,0x00007f908032a000)]
  0x00007f9010038000 JavaThread "RMI Scheduler(0)" daemon [_thread_blocked, id=16065, stack(0x00007f908032a000,0x00007f908042b000)]
  0x00007f9010032800 JavaThread "RMI RenewClean-[127.0.0.1:2848]" daemon [_thread_blocked, id=16053, stack(0x00007f908042b000,0x00007f908052c000)]
  0x00007f9034001000 JavaThread "RMI TCP Connection(1)-127.0.0.1" daemon [_thread_in_native, id=16046, stack(0x00007f908052c000,0x00007f908062d000)]
  0x00007f9024005000 JavaThread "pool-3-thread-3" [_thread_in_native, id=16000, stack(0x00007f908062d000,0x00007f908072e000)]
  0x00007f9024003000 JavaThread "pool-3-thread-2" [_thread_in_native, id=15996, stack(0x00007f908072e000,0x00007f908082f000)]
  0x00007f9024002000 JavaThread "pool-3-thread-1" [_thread_in_native, id=15987, stack(0x00007f908082f000,0x00007f9080930000)]
  0x00007f90943d8800 JavaThread "Thread-3" [_thread_in_native, id=15816, stack(0x00007f9080930000,0x00007f9080a31000)]
  0x00007f90943d6800 JavaThread "Thread-2" [_thread_in_native, id=15814, stack(0x00007f9080a31000,0x00007f9080b32000)]
  0x00007f90943d5000 JavaThread "process reaper" daemon [_thread_in_native, id=15811, stack(0x00007f9098024000,0x00007f909805d000)]
  0x00007f90943ce000 JavaThread "pool-2-thread-1" [_thread_in_native, id=15803, stack(0x00007f9080b32000,0x00007f9080c33000)]
  0x00007f90943cc000 JavaThread "GC Daemon" daemon [_thread_blocked, id=15800, stack(0x00007f9080c33000,0x00007f9080d34000)]
  0x00007f90943c3800 JavaThread "RMI Reaper" [_thread_blocked, id=15798, stack(0x00007f9080d34000,0x00007f9080e35000)]
  0x00007f90943c2000 JavaThread "RMI TCP Accept-21378" daemon [_thread_in_native, id=15796, stack(0x00007f9080e35000,0x00007f9080f36000)]
  0x00007f90943bd000 JavaThread "RMI TCP Accept-5291" daemon [_thread_in_native, id=15792, stack(0x00007f9080f36000,0x00007f9081037000)]
  0x00007f9094303000 JavaThread "logback-3" daemon [_thread_blocked, id=15789, stack(0x00007f9081237000,0x00007f9081338000)]
  0x00007f90942ff800 JavaThread "logback-2" daemon [_thread_blocked, id=15785, stack(0x00007f9081338000,0x00007f9081439000)]
  0x00007f90942fd800 JavaThread "logback-1" daemon [_thread_blocked, id=15776, stack(0x00007f9081439000,0x00007f908153a000)]
  0x00007f9094191000 JavaThread "Service Thread" daemon [_thread_blocked, id=15753, stack(0x00007f9081a84000,0x00007f9081b85000)]
  0x00007f9094186000 JavaThread "C1 CompilerThread2" daemon [_thread_blocked, id=15745, stack(0x00007f9081b85000,0x00007f9081c86000)]
  0x00007f9094184800 JavaThread "C2 CompilerThread1" daemon [_thread_blocked, id=15744, stack(0x00007f9081c86000,0x00007f9081d87000)]
  0x00007f9094181800 JavaThread "C2 CompilerThread0" daemon [_thread_blocked, id=15740, stack(0x00007f9081d87000,0x00007f9081e88000)]
  0x00007f9094180000 JavaThread "Signal Dispatcher" daemon [_thread_blocked, id=15735, stack(0x00007f9081e88000,0x00007f9081f89000)]
  0x00007f909414c000 JavaThread "Finalizer" daemon [_thread_blocked, id=15715, stack(0x00007f9082948000,0x00007f9082a49000)]
  0x00007f9094149800 JavaThread "Reference Handler" daemon [_thread_blocked, id=15707, stack(0x00007f9082a49000,0x00007f9082b4a000)]
  0x00007f909400a800 JavaThread "main" [_thread_in_native, id=15653, stack(0x00007f909d0b2000,0x00007f909d1b3000)]

Other Threads:
  0x00007f9094140000 VMThread [stack: 0x00007f9082b4a000,0x00007f9082c4b000] [id=15702]
  0x00007f9094194000 WatcherThread [stack: 0x00007f9081983000,0x00007f9081a84000] [id=15757]

VM state:synchronizing (normal execution)

VM Mutex/Monitor currently owned by a thread:  ([mutex/lock_event])
[0x00007f9094007090] Threads_lock - owner thread: 0x00007f9094140000

heap address: 0x00000000c2a00000, size: 982 MB, Compressed Oops mode: 32-bit
Narrow klass base: 0x0000000000000000, Narrow klass shift: 3
Compressed class space size: 1073741824 Address: 0x0000000100000000

Heap:
 PSYoungGen      total 18432K, used 7745K [0x00000000eb900000, 0x00000000edd00000, 0x0000000100000000)
  eden space 15872K, 32% used [0x00000000eb900000,0x00000000ebe18468,0x00000000ec880000)
  from space 2560K, 98% used [0x00000000ec880000,0x00000000ecaf8030,0x00000000ecb00000)
  to   space 2560K, 0% used [0x00000000eda80000,0x00000000eda80000,0x00000000edd00000)
 ParOldGen       total 42496K, used 1577K [0x00000000c2a00000, 0x00000000c5380000, 0x00000000eb900000)
  object space 42496K, 3% used [0x00000000c2a00000,0x00000000c2b8a5a0,0x00000000c5380000)
 Metaspace       used 11222K, capacity 11442K, committed 11520K, reserved 1058816K
  class space    used 1373K, capacity 1460K, committed 1536K, reserved 1048576K

Card table byte_map: [0x00007f9099c67000,0x00007f9099e53000] byte_map_base: 0x00007f9099652000

Marking Bits: (ParMarkBitMap*) 0x00007f909c589d80
 Begin Bits: [0x00007f9083150000, 0x00007f90840a8000)
 End Bits:   [0x00007f90840a8000, 0x00007f9085000000)

Polling page: 0x00007f909d1ce000

CodeCache: size=245760Kb used=3236Kb max_used=3247Kb free=242523Kb
 bounds [0x00007f9085000000, 0x00007f9085330000, 0x00007f9094000000]
 total_blobs=1289 nmethods=957 adapters=246
 compilation: enabled

Compilation events (10 events):
Event: 31.073 Thread 0x00007f9094186000  947       3       java.io.ObjectInputStream::readByte (8 bytes)
Event: 31.073 Thread 0x00007f9094186000 nmethod 947 0x00007f90853281d0 code [0x00007f9085328360, 0x00007f9085328658]
Event: 31.073 Thread 0x00007f9094186000  957       1       java.io.ObjectStreamClass::getName (5 bytes)
Event: 31.073 Thread 0x00007f9094186000 nmethod 957 0x00007f90853287d0 code [0x00007f9085328920, 0x00007f9085328a30]
Event: 31.073 Thread 0x00007f9094186000  958       1       java.io.ObjectStreamClass$FieldReflector::getFields (5 bytes)
Event: 31.073 Thread 0x00007f9094186000 nmethod 958 0x00007f9085328a90 code [0x00007f9085328be0, 0x00007f9085328cf0]
Event: 31.084 Thread 0x00007f9094181800  941       4       sun.reflect.ClassFileAssembler::emitConstantPoolUTF8 (50 bytes)
Event: 31.218 Thread 0x00007f9094184800 nmethod 940 0x00007f908532bed0 code [0x00007f908532c040, 0x00007f908532c5b8]
Event: 31.218 Thread 0x00007f9094184800  945       4       sun.reflect.UTF8::utf8Length (81 bytes)
Event: 31.220 Thread 0x00007f9094184800 nmethod 945 0x00007f908532c910 code [0x00007f908532ca60, 0x00007f908532cc98]

GC Heap History (2 events):
Event: 1.834 GC heap before
{Heap before GC invocations=1 (full 0):
 PSYoungGen      total 18432K, used 15872K [0x00000000eb900000, 0x00000000ecd80000, 0x0000000100000000)
  eden space 15872K, 100% used [0x00000000eb900000,0x00000000ec880000,0x00000000ec880000)
  from space 2560K, 0% used [0x00000000ecb00000,0x00000000ecb00000,0x00000000ecd80000)
  to   space 2560K, 0% used [0x00000000ec880000,0x00000000ec880000,0x00000000ecb00000)
 ParOldGen       total 42496K, used 0K [0x00000000c2a00000, 0x00000000c5380000, 0x00000000eb900000)
  object space 42496K, 0% used [0x00000000c2a00000,0x00000000c2a00000,0x00000000c5380000)
 Metaspace       used 9948K, capacity 10124K, committed 10368K, reserved 1058816K
  class space    used 1208K, capacity 1287K, committed 1408K, reserved 1048576K
Event: 1.863 GC heap after
Heap after GC invocations=1 (full 0):
 PSYoungGen      total 18432K, used 2528K [0x00000000eb900000, 0x00000000edd00000, 0x0000000100000000)
  eden space 15872K, 0% used [0x00000000eb900000,0x00000000eb900000,0x00000000ec880000)
  from space 2560K, 98% used [0x00000000ec880000,0x00000000ecaf8030,0x00000000ecb00000)
  to   space 2560K, 0% used [0x00000000eda80000,0x00000000eda80000,0x00000000edd00000)
 ParOldGen       total 42496K, used 1577K [0x00000000c2a00000, 0x00000000c5380000, 0x00000000eb900000)
  object space 42496K, 3% used [0x00000000c2a00000,0x00000000c2b8a5a0,0x00000000c5380000)
 Metaspace       used 9948K, capacity 10124K, committed 10368K, reserved 1058816K
  class space    used 1208K, capacity 1287K, committed 1408K, reserved 1048576K
}

Deoptimization events (3 events):
Event: 1.478 Thread 0x00007f909400a800 Uncommon trap: reason=unstable_if action=reinterpret pc=0x00007f908514ec74 method=java.lang.String.startsWith(Ljava/lang/String;I)Z @ 25
Event: 1.701 Thread 0x00007f909400a800 Uncommon trap: reason=unstable_if action=reinterpret pc=0x00007f908521098c method=java.lang.String.indexOf([CII[CIII)I @ 3
Event: 3.624 Thread 0x00007f9034001000 Uncommon trap: reason=unstable_if action=reinterpret pc=0x00007f90851eaacc method=sun.misc.MetaIndex.mayContain(Ljava/lang/String;)Z @ 38

Classes redefined (0 events):
No events

Internal exceptions (10 events):
Event: 1.642 Thread 0x00007f909400a800 Exception <a 'java/lang/NoSuchFieldError': method resolution failed> (0x00000000ec702e38) thrown at [/HUDSON/workspace/8-2-build-linux-amd64/jdk8u201/12317/hotspot/src/share/vm/prims/methodHandles.cpp, line 1167]
Event: 3.679 Thread 0x00007f9034001000 Exception <a 'java/lang/NoSuchMethodError': <clinit>> (0x00000000ebae9b00) thrown at [/HUDSON/workspace/8-2-build-linux-amd64/jdk8u201/12317/hotspot/src/share/vm/prims/jni.cpp, line 1613]
Event: 3.686 Thread 0x00007f9034001000 Exception <a 'java/lang/NoSuchMethodError': <clinit>> (0x00000000ebb03b10) thrown at [/HUDSON/workspace/8-2-build-linux-amd64/jdk8u201/12317/hotspot/src/share/vm/prims/jni.cpp, line 1613]
Event: 3.735 Thread 0x00007f9010032800 Exception <a 'java/lang/InterruptedException'> (0x00000000ebb147c0) thrown at [/HUDSON/workspace/8-2-build-linux-amd64/jdk8u201/12317/hotspot/src/share/vm/runtime/objectMonitor.cpp, line 1684]
Event: 11.161 Thread 0x00007f90942fd800 Exception <a 'java/net/ConnectException'> (0x00000000ebbafd78) thrown at [/HUDSON/workspace/8-2-build-linux-amd64/jdk8u201/12317/hotspot/src/share/vm/prims/jni.cpp, line 709]
Event: 11.175 Thread 0x00007f90942ff800 Exception <a 'java/net/ConnectException'> (0x00000000ebbd7920) thrown at [/HUDSON/workspace/8-2-build-linux-amd64/jdk8u201/12317/hotspot/src/share/vm/prims/jni.cpp, line 709]
Event: 11.203 Thread 0x00007f9094303000 Exception <a 'java/net/ConnectException'> (0x00000000ebbff4c8) thrown at [/HUDSON/workspace/8-2-build-linux-amd64/jdk8u201/12317/hotspot/src/share/vm/prims/jni.cpp, line 709]
Event: 21.182 Thread 0x00007f90942fd800 Exception <a 'java/net/ConnectException'> (0x00000000ebbb08a0) thrown at [/HUDSON/workspace/8-2-build-linux-amd64/jdk8u201/12317/hotspot/src/share/vm/prims/jni.cpp, line 709]
Event: 21.182 Thread 0x00007f90942ff800 Exception <a 'java/net/ConnectException'> (0x00000000ebbd8448) thrown at [/HUDSON/workspace/8-2-build-linux-amd64/jdk8u201/12317/hotspot/src/share/vm/prims/jni.cpp, line 709]
Event: 21.204 Thread 0x00007f9094303000 Exception <a 'java/net/ConnectException'> (0x00000000ebbffff0) thrown at [/HUDSON/workspace/8-2-build-linux-amd64/jdk8u201/12317/hotspot/src/share/vm/prims/jni.cpp, line 709]

Events (10 events):
Event: 31.059 loading class org/evosuite/coverage/line/LineCoverageTestFitness
Event: 31.059 loading class org/evosuite/coverage/line/LineCoverageTestFitness done
Event: 31.065 loading class java/util/Spliterator
Event: 31.065 loading class java/util/Spliterator done
Event: 31.072 loading class org/evosuite/coverage/branch/BranchCoverageTestFitness
Event: 31.072 loading class org/evosuite/coverage/branch/BranchCoverageTestFitness done
Event: 31.073 loading class org/evosuite/graphs/cfg/BytecodeInstruction
Event: 31.073 loading class org/evosuite/graphs/cfg/BytecodeInstruction done
Event: 31.222 loading class org/evosuite/graphs/cfg/ASMWrapper
Event: 31.222 loading class org/evosuite/graphs/cfg/ASMWrapper done


Dynamic libraries:
00400000-00401000 r-xp 00000000 08:01 654793                             /usr/lib/jdk/jdk1.8.0_201/bin/java
00600000-00601000 r--p 00000000 08:01 654793                             /usr/lib/jdk/jdk1.8.0_201/bin/java
00601000-00602000 rw-p 00001000 08:01 654793                             /usr/lib/jdk/jdk1.8.0_201/bin/java
01be8000-01c2e000 rw-p 00000000 00:00 0                                  [heap]
c2a00000-c5380000 rw-p 00000000 00:00 0 
c5380000-eb900000 ---p 00000000 00:00 0 
eb900000-edd00000 rw-p 00000000 00:00 0 
edd00000-100000000 ---p 00000000 00:00 0 
100000000-100180000 rw-p 00000000 00:00 0 
100180000-140000000 ---p 00000000 00:00 0 
7f9004000000-7f9004021000 rw-p 00000000 00:00 0 
7f9004021000-7f9008000000 ---p 00000000 00:00 0 
7f9008000000-7f900830c000 rw-p 00000000 00:00 0 
7f900830c000-7f900c000000 ---p 00000000 00:00 0 
7f900c000000-7f900c021000 rw-p 00000000 00:00 0 
7f900c021000-7f9010000000 ---p 00000000 00:00 0 
7f9010000000-7f901003a000 rw-p 00000000 00:00 0 
7f901003a000-7f9014000000 ---p 00000000 00:00 0 
7f9014000000-7f9014021000 rw-p 00000000 00:00 0 
7f9014021000-7f9018000000 ---p 00000000 00:00 0 
7f9018000000-7f9018021000 rw-p 00000000 00:00 0 
7f9018021000-7f901c000000 ---p 00000000 00:00 0 
7f901c000000-7f901c021000 rw-p 00000000 00:00 0 
7f901c021000-7f9020000000 ---p 00000000 00:00 0 
7f9020000000-7f9020021000 rw-p 00000000 00:00 0 
7f9020021000-7f9024000000 ---p 00000000 00:00 0 
7f9024000000-7f9024021000 rw-p 00000000 00:00 0 
7f9024021000-7f9028000000 ---p 00000000 00:00 0 
7f9028000000-7f9028021000 rw-p 00000000 00:00 0 
7f9028021000-7f902c000000 ---p 00000000 00:00 0 
7f902c000000-7f902c021000 rw-p 00000000 00:00 0 
7f902c021000-7f9030000000 ---p 00000000 00:00 0 
7f9030000000-7f9030021000 rw-p 00000000 00:00 0 
7f9030021000-7f9034000000 ---p 00000000 00:00 0 
7f9034000000-7f9034021000 rw-p 00000000 00:00 0 
7f9034021000-7f9038000000 ---p 00000000 00:00 0 
7f9038000000-7f9038021000 rw-p 00000000 00:00 0 
7f9038021000-7f903c000000 ---p 00000000 00:00 0 
7f903c000000-7f903c021000 rw-p 00000000 00:00 0 
7f903c021000-7f9040000000 ---p 00000000 00:00 0 
7f9040000000-7f9040021000 rw-p 00000000 00:00 0 
7f9040021000-7f9044000000 ---p 00000000 00:00 0 
7f9044000000-7f9044021000 rw-p 00000000 00:00 0 
7f9044021000-7f9048000000 ---p 00000000 00:00 0 
7f9048fff000-7f904c000000 rw-p 00000000 00:00 0 
7f904c000000-7f904c021000 rw-p 00000000 00:00 0 
7f904c021000-7f9050000000 ---p 00000000 00:00 0 
7f9050000000-7f9050021000 rw-p 00000000 00:00 0 
7f9050021000-7f9054000000 ---p 00000000 00:00 0 
7f9054000000-7f90540c7000 rw-p 00000000 00:00 0 
7f90540c7000-7f9058000000 ---p 00000000 00:00 0 
7f9058000000-7f9058241000 rw-p 00000000 00:00 0 
7f9058241000-7f905c000000 ---p 00000000 00:00 0 
7f905c000000-7f905c021000 rw-p 00000000 00:00 0 
7f905c021000-7f9060000000 ---p 00000000 00:00 0 
7f9060000000-7f906010e000 rw-p 00000000 00:00 0 
7f906010e000-7f9064000000 ---p 00000000 00:00 0 
7f9064000000-7f9064021000 rw-p 00000000 00:00 0 
7f9064021000-7f9068000000 ---p 00000000 00:00 0 
7f9068000000-7f9068021000 rw-p 00000000 00:00 0 
7f9068021000-7f906c000000 ---p 00000000 00:00 0 
7f906c000000-7f906c021000 rw-p 00000000 00:00 0 
7f906c021000-7f9070000000 ---p 00000000 00:00 0 
7f9070000000-7f9070021000 rw-p 00000000 00:00 0 
7f9070021000-7f9074000000 ---p 00000000 00:00 0 
7f9074000000-7f9074021000 rw-p 00000000 00:00 0 
7f9074021000-7f9078000000 ---p 00000000 00:00 0 
7f9078000000-7f9078021000 rw-p 00000000 00:00 0 
7f9078021000-7f907c000000 ---p 00000000 00:00 0 
7f907c000000-7f907c021000 rw-p 00000000 00:00 0 
7f907c021000-7f9080000000 ---p 00000000 00:00 0 
7f9080128000-7f908012b000 ---p 00000000 00:00 0 
7f908012b000-7f9080229000 rw-p 00000000 00:00 0 
7f9080229000-7f908022c000 ---p 00000000 00:00 0 
7f908022c000-7f908032a000 rw-p 00000000 00:00 0 
7f908032a000-7f908032d000 ---p 00000000 00:00 0 
7f908032d000-7f908042b000 rw-p 00000000 00:00 0 
7f908042b000-7f908042e000 ---p 00000000 00:00 0 
7f908042e000-7f908052c000 rw-p 00000000 00:00 0 
7f908052c000-7f908052f000 ---p 00000000 00:00 0 
7f908052f000-7f908062d000 rw-p 00000000 00:00 0 
7f908062d000-7f9080630000 ---p 00000000 00:00 0 
7f9080630000-7f908072e000 rw-p 00000000 00:00 0 
7f908072e000-7f9080731000 ---p 00000000 00:00 0 
7f9080731000-7f908082f000 rw-p 00000000 00:00 0 
7f908082f000-7f9080832000 ---p 00000000 00:00 0 
7f9080832000-7f9080930000 rw-p 00000000 00:00 0 
7f9080930000-7f9080933000 ---p 00000000 00:00 0 
7f9080933000-7f9080a31000 rw-p 00000000 00:00 0 
7f9080a31000-7f9080a34000 ---p 00000000 00:00 0 
7f9080a34000-7f9080b32000 rw-p 00000000 00:00 0 
7f9080b32000-7f9080b35000 ---p 00000000 00:00 0 
7f9080b35000-7f9080c33000 rw-p 00000000 00:00 0 
7f9080c33000-7f9080c36000 ---p 00000000 00:00 0 
7f9080c36000-7f9080d34000 rw-p 00000000 00:00 0 
7f9080d34000-7f9080d37000 ---p 00000000 00:00 0 
7f9080d37000-7f9080e35000 rw-p 00000000 00:00 0 
7f9080e35000-7f9080e38000 ---p 00000000 00:00 0 
7f9080e38000-7f9080f36000 rw-p 00000000 00:00 0 
7f9080f36000-7f9080f39000 ---p 00000000 00:00 0 
7f9080f39000-7f90811f7000 rw-p 00000000 00:00 0 
7f9081237000-7f908123a000 ---p 00000000 00:00 0 
7f908123a000-7f9081338000 rw-p 00000000 00:00 0 
7f9081338000-7f908133b000 ---p 00000000 00:00 0 
7f908133b000-7f9081439000 rw-p 00000000 00:00 0 
7f9081439000-7f908143c000 ---p 00000000 00:00 0 
7f908143c000-7f908153a000 rw-p 00000000 00:00 0 
7f908153a000-7f9081550000 r-xp 00000000 08:01 656512                     /usr/lib/jdk/jdk1.8.0_201/jre/lib/amd64/libnet.so
7f9081550000-7f9081750000 ---p 00016000 08:01 656512                     /usr/lib/jdk/jdk1.8.0_201/jre/lib/amd64/libnet.so
7f9081750000-7f9081751000 r--p 00016000 08:01 656512                     /usr/lib/jdk/jdk1.8.0_201/jre/lib/amd64/libnet.so
7f9081751000-7f9081752000 rw-p 00017000 08:01 656512                     /usr/lib/jdk/jdk1.8.0_201/jre/lib/amd64/libnet.so
7f9081752000-7f9081983000 r--s 01bb1000 08:01 403225                     /home/hewitt/work/DiffTGen-master/lib/evosuite-1.0.6.jar
7f9081983000-7f9081984000 ---p 00000000 00:00 0 
7f9081984000-7f9081a84000 rw-p 00000000 00:00 0 
7f9081a84000-7f9081a87000 ---p 00000000 00:00 0 
7f9081a87000-7f9081b85000 rw-p 00000000 00:00 0 
7f9081b85000-7f9081b88000 ---p 00000000 00:00 0 
7f9081b88000-7f9081c86000 rw-p 00000000 00:00 0 
7f9081c86000-7f9081c89000 ---p 00000000 00:00 0 
7f9081c89000-7f9081d87000 rw-p 00000000 00:00 0 
7f9081d87000-7f9081d8a000 ---p 00000000 00:00 0 
7f9081d8a000-7f9081e88000 rw-p 00000000 00:00 0 
7f9081e88000-7f9081e8b000 ---p 00000000 00:00 0 
7f9081e8b000-7f9081f89000 rw-p 00000000 00:00 0 
7f9081f89000-7f9082948000 r--p 00000000 08:01 270368                     /usr/lib/locale/locale-archive
7f9082948000-7f908294b000 ---p 00000000 00:00 0 
7f908294b000-7f9082a49000 rw-p 00000000 00:00 0 
7f9082a49000-7f9082a4c000 ---p 00000000 00:00 0 
7f9082a4c000-7f9082b4a000 rw-p 00000000 00:00 0 
7f9082b4a000-7f9082b4b000 ---p 00000000 00:00 0 
7f9082b4b000-7f9085000000 rw-p 00000000 00:00 0 
7f9085000000-7f9085330000 rwxp 00000000 00:00 0 
7f9085330000-7f9094000000 ---p 00000000 00:00 0 
7f9094000000-7f90944e0000 rw-p 00000000 00:00 0 
7f90944e0000-7f9098000000 ---p 00000000 00:00 0 
7f9098008000-7f9098024000 r--s 00393000 08:01 656354                     /usr/lib/jdk/jdk1.8.0_201/jre/lib/ext/cldrdata.jar
7f9098024000-7f9098027000 ---p 00000000 00:00 0 
7f9098027000-7f909805d000 rw-p 00000000 00:00 0 
7f909805d000-7f90980d6000 r--s 010fd000 08:01 654900                     /usr/lib/jdk/jdk1.8.0_201/lib/tools.jar
7f90980d6000-7f9098ae0000 rw-p 00000000 00:00 0 
7f9098ae0000-7f9098cba000 r--s 03d6f000 08:01 656293                     /usr/lib/jdk/jdk1.8.0_201/jre/lib/rt.jar
7f9098cba000-7f909971b000 rw-p 00000000 00:00 0 
7f909971b000-7f909971c000 ---p 00000000 00:00 0 
7f909971c000-7f909981c000 rw-p 00000000 00:00 0 
7f909981c000-7f909981d000 ---p 00000000 00:00 0 
7f909981d000-7f909991d000 rw-p 00000000 00:00 0 
7f909991d000-7f909991e000 ---p 00000000 00:00 0 
7f909991e000-7f9099a1e000 rw-p 00000000 00:00 0 
7f9099a1e000-7f9099a1f000 ---p 00000000 00:00 0 
7f9099a1f000-7f9099b34000 rw-p 00000000 00:00 0 
7f9099b34000-7f9099c67000 ---p 00000000 00:00 0 
7f9099c67000-7f9099c7c000 rw-p 00000000 00:00 0 
7f9099c7c000-7f9099dae000 ---p 00000000 00:00 0 
7f9099dae000-7f9099dc1000 rw-p 00000000 00:00 0 
7f9099dc1000-7f9099e52000 ---p 00000000 00:00 0 
7f9099e52000-7f9099e60000 rw-p 00000000 00:00 0 
7f9099e60000-7f909a213000 ---p 00000000 00:00 0 
7f909a213000-7f909a22e000 r-xp 00000000 08:01 656508                     /usr/lib/jdk/jdk1.8.0_201/jre/lib/amd64/libzip.so
7f909a22e000-7f909a42d000 ---p 0001b000 08:01 656508                     /usr/lib/jdk/jdk1.8.0_201/jre/lib/amd64/libzip.so
7f909a42d000-7f909a42e000 r--p 0001a000 08:01 656508                     /usr/lib/jdk/jdk1.8.0_201/jre/lib/amd64/libzip.so
7f909a42e000-7f909a42f000 rw-p 0001b000 08:01 656508                     /usr/lib/jdk/jdk1.8.0_201/jre/lib/amd64/libzip.so
7f909a42f000-7f909a43a000 r-xp 00000000 08:01 658902                     /lib/x86_64-linux-gnu/libnss_files-2.23.so
7f909a43a000-7f909a639000 ---p 0000b000 08:01 658902                     /lib/x86_64-linux-gnu/libnss_files-2.23.so
7f909a639000-7f909a63a000 r--p 0000a000 08:01 658902                     /lib/x86_64-linux-gnu/libnss_files-2.23.so
7f909a63a000-7f909a63b000 rw-p 0000b000 08:01 658902                     /lib/x86_64-linux-gnu/libnss_files-2.23.so
7f909a63b000-7f909a641000 rw-p 00000000 00:00 0 
7f909a641000-7f909a64c000 r-xp 00000000 08:01 658912                     /lib/x86_64-linux-gnu/libnss_nis-2.23.so
7f909a64c000-7f909a84b000 ---p 0000b000 08:01 658912                     /lib/x86_64-linux-gnu/libnss_nis-2.23.so
7f909a84b000-7f909a84c000 r--p 0000a000 08:01 658912                     /lib/x86_64-linux-gnu/libnss_nis-2.23.so
7f909a84c000-7f909a84d000 rw-p 0000b000 08:01 658912                     /lib/x86_64-linux-gnu/libnss_nis-2.23.so
7f909a84d000-7f909a863000 r-xp 00000000 08:01 658896                     /lib/x86_64-linux-gnu/libnsl-2.23.so
7f909a863000-7f909aa62000 ---p 00016000 08:01 658896                     /lib/x86_64-linux-gnu/libnsl-2.23.so
7f909aa62000-7f909aa63000 r--p 00015000 08:01 658896                     /lib/x86_64-linux-gnu/libnsl-2.23.so
7f909aa63000-7f909aa64000 rw-p 00016000 08:01 658896                     /lib/x86_64-linux-gnu/libnsl-2.23.so
7f909aa64000-7f909aa66000 rw-p 00000000 00:00 0 
7f909aa66000-7f909aa6e000 r-xp 00000000 08:01 658898                     /lib/x86_64-linux-gnu/libnss_compat-2.23.so
7f909aa6e000-7f909ac6d000 ---p 00008000 08:01 658898                     /lib/x86_64-linux-gnu/libnss_compat-2.23.so
7f909ac6d000-7f909ac6e000 r--p 00007000 08:01 658898                     /lib/x86_64-linux-gnu/libnss_compat-2.23.so
7f909ac6e000-7f909ac6f000 rw-p 00008000 08:01 658898                     /lib/x86_64-linux-gnu/libnss_compat-2.23.so
7f909ac6f000-7f909ac9b000 r-xp 00000000 08:01 656502                     /usr/lib/jdk/jdk1.8.0_201/jre/lib/amd64/libjava.so
7f909ac9b000-7f909ae9b000 ---p 0002c000 08:01 656502                     /usr/lib/jdk/jdk1.8.0_201/jre/lib/amd64/libjava.so
7f909ae9b000-7f909ae9c000 r--p 0002c000 08:01 656502                     /usr/lib/jdk/jdk1.8.0_201/jre/lib/amd64/libjava.so
7f909ae9c000-7f909ae9e000 rw-p 0002d000 08:01 656502                     /usr/lib/jdk/jdk1.8.0_201/jre/lib/amd64/libjava.so
7f909ae9e000-7f909aeab000 r-xp 00000000 08:01 656507                     /usr/lib/jdk/jdk1.8.0_201/jre/lib/amd64/libverify.so
7f909aeab000-7f909b0aa000 ---p 0000d000 08:01 656507                     /usr/lib/jdk/jdk1.8.0_201/jre/lib/amd64/libverify.so
7f909b0aa000-7f909b0ac000 r--p 0000c000 08:01 656507                     /usr/lib/jdk/jdk1.8.0_201/jre/lib/amd64/libverify.so
7f909b0ac000-7f909b0ad000 rw-p 0000e000 08:01 656507                     /usr/lib/jdk/jdk1.8.0_201/jre/lib/amd64/libverify.so
7f909b0ad000-7f909b0b4000 r-xp 00000000 08:01 658957                     /lib/x86_64-linux-gnu/librt-2.23.so
7f909b0b4000-7f909b2b3000 ---p 00007000 08:01 658957                     /lib/x86_64-linux-gnu/librt-2.23.so
7f909b2b3000-7f909b2b4000 r--p 00006000 08:01 658957                     /lib/x86_64-linux-gnu/librt-2.23.so
7f909b2b4000-7f909b2b5000 rw-p 00007000 08:01 658957                     /lib/x86_64-linux-gnu/librt-2.23.so
7f909b2b5000-7f909b3bd000 r-xp 00000000 08:01 658873                     /lib/x86_64-linux-gnu/libm-2.23.so
7f909b3bd000-7f909b5bc000 ---p 00108000 08:01 658873                     /lib/x86_64-linux-gnu/libm-2.23.so
7f909b5bc000-7f909b5bd000 r--p 00107000 08:01 658873                     /lib/x86_64-linux-gnu/libm-2.23.so
7f909b5bd000-7f909b5be000 rw-p 00108000 08:01 658873                     /lib/x86_64-linux-gnu/libm-2.23.so
7f909b5be000-7f909c2a6000 r-xp 00000000 08:01 656484                     /usr/lib/jdk/jdk1.8.0_201/jre/lib/amd64/server/libjvm.so
7f909c2a6000-7f909c4a5000 ---p 00ce8000 08:01 656484                     /usr/lib/jdk/jdk1.8.0_201/jre/lib/amd64/server/libjvm.so
7f909c4a5000-7f909c53b000 r--p 00ce7000 08:01 656484                     /usr/lib/jdk/jdk1.8.0_201/jre/lib/amd64/server/libjvm.so
7f909c53b000-7f909c56c000 rw-p 00d7d000 08:01 656484                     /usr/lib/jdk/jdk1.8.0_201/jre/lib/amd64/server/libjvm.so
7f909c56c000-7f909c5a7000 rw-p 00000000 00:00 0 
7f909c5a7000-7f909c767000 r-xp 00000000 08:01 658803                     /lib/x86_64-linux-gnu/libc-2.23.so
7f909c767000-7f909c967000 ---p 001c0000 08:01 658803                     /lib/x86_64-linux-gnu/libc-2.23.so
7f909c967000-7f909c96b000 r--p 001c0000 08:01 658803                     /lib/x86_64-linux-gnu/libc-2.23.so
7f909c96b000-7f909c96d000 rw-p 001c4000 08:01 658803                     /lib/x86_64-linux-gnu/libc-2.23.so
7f909c96d000-7f909c971000 rw-p 00000000 00:00 0 
7f909c971000-7f909c974000 r-xp 00000000 08:01 658827                     /lib/x86_64-linux-gnu/libdl-2.23.so
7f909c974000-7f909cb73000 ---p 00003000 08:01 658827                     /lib/x86_64-linux-gnu/libdl-2.23.so
7f909cb73000-7f909cb74000 r--p 00002000 08:01 658827                     /lib/x86_64-linux-gnu/libdl-2.23.so
7f909cb74000-7f909cb75000 rw-p 00003000 08:01 658827                     /lib/x86_64-linux-gnu/libdl-2.23.so
7f909cb75000-7f909cb8c000 r-xp 00000000 08:01 656155                     /usr/lib/jdk/jdk1.8.0_201/lib/amd64/jli/libjli.so
7f909cb8c000-7f909cd8b000 ---p 00017000 08:01 656155                     /usr/lib/jdk/jdk1.8.0_201/lib/amd64/jli/libjli.so
7f909cd8b000-7f909cd8c000 r--p 00016000 08:01 656155                     /usr/lib/jdk/jdk1.8.0_201/lib/amd64/jli/libjli.so
7f909cd8c000-7f909cd8d000 rw-p 00017000 08:01 656155                     /usr/lib/jdk/jdk1.8.0_201/lib/amd64/jli/libjli.so
7f909cd8d000-7f909cda5000 r-xp 00000000 08:01 658949                     /lib/x86_64-linux-gnu/libpthread-2.23.so
7f909cda5000-7f909cfa4000 ---p 00018000 08:01 658949                     /lib/x86_64-linux-gnu/libpthread-2.23.so
7f909cfa4000-7f909cfa5000 r--p 00017000 08:01 658949                     /lib/x86_64-linux-gnu/libpthread-2.23.so
7f909cfa5000-7f909cfa6000 rw-p 00018000 08:01 658949                     /lib/x86_64-linux-gnu/libpthread-2.23.so
7f909cfa6000-7f909cfaa000 rw-p 00000000 00:00 0 
7f909cfaa000-7f909cfd0000 r-xp 00000000 08:01 658775                     /lib/x86_64-linux-gnu/ld-2.23.so
7f909cfdb000-7f909cfe5000 r--s 00116000 08:01 656361                     /usr/lib/jdk/jdk1.8.0_201/jre/lib/ext/localedata.jar
7f909cfe5000-7f909cff4000 r--s 000ad000 08:01 404106                     /home/hewitt/work/DiffTGen-master/output/patch7-Math-80-CapGen-plausible/Math_80_7-plausible_capgen/target/build/classes/all0.jar
7f909cff4000-7f909d0b2000 rw-p 00000000 00:00 0 
7f909d0b2000-7f909d0b5000 ---p 00000000 00:00 0 
7f909d0b5000-7f909d1b8000 rw-p 00000000 00:00 0 
7f909d1b8000-7f909d1bc000 r--s 000a1000 08:01 656350                     /usr/lib/jdk/jdk1.8.0_201/jre/lib/jsse.jar
7f909d1bc000-7f909d1c4000 r--s 0006e000 08:01 398946                     /home/hewitt/work/DiffTGen-master/lib/commons-lang3-3.5.jar
7f909d1c4000-7f909d1c5000 r--s 00000000 08:01 398951                     /home/hewitt/work/DiffTGen-master/lib/myprinter.jar
7f909d1c5000-7f909d1cd000 rw-s 00000000 08:01 130687                     /tmp/hsperfdata_hewitt/15649
7f909d1cd000-7f909d1ce000 rw-p 00000000 00:00 0 
7f909d1ce000-7f909d1cf000 ---p 00000000 00:00 0 
7f909d1cf000-7f909d1d0000 r--p 00025000 08:01 658775                     /lib/x86_64-linux-gnu/ld-2.23.so
7f909d1d0000-7f909d1d1000 rw-p 00026000 08:01 658775                     /lib/x86_64-linux-gnu/ld-2.23.so
7f909d1d1000-7f909d1d2000 rw-p 00000000 00:00 0 
7ffe29fd6000-7ffe29ff8000 rw-p 00000000 00:00 0                          [stack]
7ffe29ff8000-7ffe29ffb000 r--p 00000000 00:00 0                          [vvar]
7ffe29ffb000-7ffe29ffd000 r-xp 00000000 00:00 0                          [vdso]
ffffffffff600000-ffffffffff601000 r-xp 00000000 00:00 0                  [vsyscall]

VM Arguments:
java_command: /home/hewitt/work/DiffTGen-master/lib/evosuite-1.0.6.jar -base_dir /home/hewitt/work/DiffTGen-master/output/patch7-Math-80-CapGen-plausible/Math_80_7-plausible_capgen/target/0/21 -projectCP /home/hewitt/work/DiffTGen-master/output/patch7-Math-80-CapGen-plausible/Math_80_7-plausible_capgen/target/build/classes/all0.jar:/home/hewitt/work/DiffTGen-master/lib/myprinter.jar:/home/hewitt/work/DiffTGen-master/lib/commons-lang3-3.5.jar -class org.apache.commons.math.linear.EigenDecompositionImpl -Dassertions=false -Dsearch_budget=60
java_class_path (initial): /home/hewitt/work/DiffTGen-master/lib/evosuite-1.0.6.jar
Launcher Type: SUN_STANDARD

Environment Variables:
JAVA_HOME=/usr/lib/jdk/jdk1.8.0_201
JRE_HOME=/usr/lib/jdk/jdk1.8.0_201/jre
CLASSPATH=.:/usr/lib/jdk/jdk1.8.0_201/lib:/usr/lib/jdk/jdk1.8.0_201/jre/lib
PATH=/usr/lib/jdk/jdk1.8.0_201/bin:/home/hewitt/bin:/home/hewitt/.local/bin:/usr/lib/jdk/jdk1.7.0_80/bin:/usr/local/sbin:/usr/local/bin:/usr/sbin:/usr/bin:/sbin:/bin:/usr/games:/usr/local/games:/snap/bin:/home/hewitt/work/defects4j_v1.4.0/defects4j/framework/bin:/opt/apache-ant-1.9.14/bin:/home/hewitt/work/defects4j_v1.4.0/defects4j/framework/bin
SHELL=/bin/bash
DISPLAY=:0

Signal Handlers:
SIGSEGV: [libjvm.so+0xad3e60], sa_mask[0]=11111111011111111101111111111110, sa_flags=SA_RESTART|SA_SIGINFO
SIGBUS: [libjvm.so+0xad3e60], sa_mask[0]=11111111011111111101111111111110, sa_flags=SA_RESTART|SA_SIGINFO
SIGFPE: [libjvm.so+0x90b880], sa_mask[0]=11111111011111111101111111111110, sa_flags=SA_RESTART|SA_SIGINFO
SIGPIPE: [libjvm.so+0x90b880], sa_mask[0]=11111111011111111101111111111110, sa_flags=SA_RESTART|SA_SIGINFO
SIGXFSZ: [libjvm.so+0x90b880], sa_mask[0]=11111111011111111101111111111110, sa_flags=SA_RESTART|SA_SIGINFO
SIGILL: [libjvm.so+0x90b880], sa_mask[0]=11111111011111111101111111111110, sa_flags=SA_RESTART|SA_SIGINFO
SIGUSR1: SIG_DFL, sa_mask[0]=00000000000000000000000000000000, sa_flags=none
SIGUSR2: [libjvm.so+0x90b750], sa_mask[0]=00100000000000000000000000000000, sa_flags=SA_RESTART|SA_SIGINFO
SIGHUP: [libjvm.so+0x90bd70], sa_mask[0]=11111111011111111101111111111110, sa_flags=SA_RESTART|SA_SIGINFO
SIGINT: [libjvm.so+0x90bd70], sa_mask[0]=11111111011111111101111111111110, sa_flags=SA_RESTART|SA_SIGINFO
SIGTERM: [libjvm.so+0x90bd70], sa_mask[0]=11111111011111111101111111111110, sa_flags=SA_RESTART|SA_SIGINFO
SIGQUIT: [libjvm.so+0x90bd70], sa_mask[0]=11111111011111111101111111111110, sa_flags=SA_RESTART|SA_SIGINFO


---------------  S Y S T E M  ---------------

OS:DISTRIB_ID=Ubuntu
DISTRIB_RELEASE=16.04
DISTRIB_CODENAME=xenial
DISTRIB_DESCRIPTION="Ubuntu 16.04.6 LTS"

uname:Linux 4.15.0-91-generic #92~16.04.1-Ubuntu SMP Fri Feb 28 14:57:22 UTC 2020 x86_64
libc:glibc 2.23 NPTL 2.23 
rlimit: STACK 8192k, CORE 0k, NPROC 15448, NOFILE 1048576, AS infinity
load average:15.67 11.02 10.37

/proc/meminfo:
MemTotal:        4015928 kB
MemFree:          313140 kB
MemAvailable:     228656 kB
Buffers:             416 kB
Cached:            39076 kB
SwapCached:         5648 kB
Active:          2719180 kB
Inactive:         547044 kB
Active(anon):    2705508 kB
Inactive(anon):   522024 kB
Active(file):      13672 kB
Inactive(file):    25020 kB
Unevictable:          48 kB
Mlocked:              48 kB
SwapTotal:        998396 kB
SwapFree:           7660 kB
Dirty:               132 kB
Writeback:           836 kB
AnonPages:       3222060 kB
Mapped:            28260 kB
Shmem:               772 kB
Slab:              90696 kB
SReclaimable:      33276 kB
SUnreclaim:        57420 kB
KernelStack:       16644 kB
PageTables:        42068 kB
NFS_Unstable:          0 kB
Bounce:                0 kB
WritebackTmp:          0 kB
CommitLimit:     3006360 kB
Committed_AS:    8831036 kB
VmallocTotal:   34359738367 kB
VmallocUsed:           0 kB
VmallocChunk:          0 kB
HardwareCorrupted:     0 kB
AnonHugePages:         0 kB
ShmemHugePages:        0 kB
ShmemPmdMapped:        0 kB
CmaTotal:              0 kB
CmaFree:               0 kB
HugePages_Total:       0
HugePages_Free:        0
HugePages_Rsvd:        0
HugePages_Surp:        0
Hugepagesize:       2048 kB
DirectMap4k:       98112 kB
DirectMap2M:     4096000 kB
DirectMap1G:     2097152 kB

container (cgroup) information:
container_type: cgroupv1
cpu_cpuset_cpus: 0-3
cpu_memory_nodes: 0
active_processor_count: 4
cpu_quota: -1
cpu_period: 100000
cpu_shares: -1
memory_limit_in_bytes: -1
memory_and_swap_limit_in_bytes: -2
memory_soft_limit_in_bytes: -1
memory_usage_in_bytes: 3341553664
memory_max_usage_in_bytes: 20938752


CPU:total 4 (initial active 4) (2 cores per cpu, 1 threads per core) family 6 model 158 stepping 9, cmov, cx8, fxsr, mmx, sse, sse2, sse3, ssse3, sse4.1, sse4.2, popcnt, avx, avx2, aes, clmul, erms, 3dnowpref, lzcnt, tsc, tscinvbit, bmi1, bmi2, adx

/proc/cpuinfo:
processor	: 0
vendor_id	: GenuineIntel
cpu family	: 6
model		: 158
model name	: Intel(R) Core(TM) i7-7700HQ CPU @ 2.80GHz
stepping	: 9
microcode	: 0xb4
cpu MHz		: 2808.002
cache size	: 6144 KB
physical id	: 0
siblings	: 2
core id		: 0
cpu cores	: 2
apicid		: 0
initial apicid	: 0
fpu		: yes
fpu_exception	: yes
cpuid level	: 22
wp		: yes
flags		: fpu vme de pse tsc msr pae mce cx8 apic sep mtrr pge mca cmov pat pse36 clflush mmx fxsr sse sse2 ss ht syscall nx pdpe1gb rdtscp lm constant_tsc arch_perfmon nopl xtopology tsc_reliable nonstop_tsc cpuid pni pclmulqdq ssse3 fma cx16 pcid sse4_1 sse4_2 x2apic movbe popcnt tsc_deadline_timer aes xsave avx f16c rdrand hypervisor lahf_lm abm 3dnowprefetch cpuid_fault invpcid_single pti ssbd ibrs ibpb stibp fsgsbase tsc_adjust bmi1 avx2 smep bmi2 invpcid mpx rdseed adx smap clflushopt xsaveopt xsavec xsaves arat md_clear flush_l1d arch_capabilities
bugs		: cpu_meltdown spectre_v1 spectre_v2 spec_store_bypass l1tf mds swapgs itlb_multihit
bogomips	: 5616.00
clflush size	: 64
cache_alignment	: 64
address sizes	: 43 bits physical, 48 bits virtual
power management:

processor	: 1
vendor_id	: GenuineIntel
cpu family	: 6
model		: 158
model name	: Intel(R) Core(TM) i7-7700HQ CPU @ 2.80GHz
stepping	: 9
microcode	: 0xb4
cpu MHz		: 2808.002
cache size	: 6144 KB
physical id	: 0
siblings	: 2
core id		: 1
cpu cores	: 2
apicid		: 1
initial apicid	: 1
fpu		: yes
fpu_exception	: yes
cpuid level	: 22
wp		: yes
flags		: fpu vme de pse tsc msr pae mce cx8 apic sep mtrr pge mca cmov pat pse36 clflush mmx fxsr sse sse2 ss ht syscall nx pdpe1gb rdtscp lm constant_tsc arch_perfmon nopl xtopology tsc_reliable nonstop_tsc cpuid pni pclmulqdq ssse3 fma cx16 pcid sse4_1 sse4_2 x2apic movbe popcnt tsc_deadline_timer aes xsave avx f16c rdrand hypervisor lahf_lm abm 3dnowprefetch cpuid_fault invpcid_single pti ssbd ibrs ibpb stibp fsgsbase tsc_adjust bmi1 avx2 smep bmi2 invpcid mpx rdseed adx smap clflushopt xsaveopt xsavec xsaves arat md_clear flush_l1d arch_capabilities
bugs		: cpu_meltdown spectre_v1 spectre_v2 spec_store_bypass l1tf mds swapgs itlb_multihit
bogomips	: 5616.00
clflush size	: 64
cache_alignment	: 64
address sizes	: 43 bits physical, 48 bits virtual
power management:

processor	: 2
vendor_id	: GenuineIntel
cpu family	: 6
model		: 158
model name	: Intel(R) Core(TM) i7-7700HQ CPU @ 2.80GHz
stepping	: 9
microcode	: 0xb4
cpu MHz		: 2808.002
cache size	: 6144 KB
physical id	: 1
siblings	: 2
core id		: 0
cpu cores	: 2
apicid		: 2
initial apicid	: 2
fpu		: yes
fpu_exception	: yes
cpuid level	: 22
wp		: yes
flags		: fpu vme de pse tsc msr pae mce cx8 apic sep mtrr pge mca cmov pat pse36 clflush mmx fxsr sse sse2 ss ht syscall nx pdpe1gb rdtscp lm constant_tsc arch_perfmon nopl xtopology tsc_reliable nonstop_tsc cpuid pni pclmulqdq ssse3 fma cx16 pcid sse4_1 sse4_2 x2apic movbe popcnt tsc_deadline_timer aes xsave avx f16c rdrand hypervisor lahf_lm abm 3dnowprefetch cpuid_fault invpcid_single pti ssbd ibrs ibpb stibp fsgsbase tsc_adjust bmi1 avx2 smep bmi2 invpcid mpx rdseed adx smap clflushopt xsaveopt xsavec xsaves arat md_clear flush_l1d arch_capabilities
bugs		: cpu_meltdown spectre_v1 spectre_v2 spec_store_bypass l1tf mds swapgs itlb_multihit
bogomips	: 5616.00
clflush size	: 64
cache_alignment	: 64
address sizes	: 43 bits physical, 48 bits virtual
power management:

processor	: 3
vendor_id	: GenuineIntel
cpu family	: 6
model		: 158
model name	: Intel(R) Core(TM) i7-7700HQ CPU @ 2.80GHz
stepping	: 9
microcode	: 0xb4
cpu MHz		: 2808.002
cache size	: 6144 KB
physical id	: 1
siblings	: 2
core id		: 1
cpu cores	: 2
apicid		: 3
initial apicid	: 3
fpu		: yes
fpu_exception	: yes
cpuid level	: 22
wp		: yes
flags		: fpu vme de pse tsc msr pae mce cx8 apic sep mtrr pge mca cmov pat pse36 clflush mmx fxsr sse sse2 ss ht syscall nx pdpe1gb rdtscp lm constant_tsc arch_perfmon nopl xtopology tsc_reliable nonstop_tsc cpuid pni pclmulqdq ssse3 fma cx16 pcid sse4_1 sse4_2 x2apic movbe popcnt tsc_deadline_timer aes xsave avx f16c rdrand hypervisor lahf_lm abm 3dnowprefetch cpuid_fault invpcid_single pti ssbd ibrs ibpb stibp fsgsbase tsc_adjust bmi1 avx2 smep bmi2 invpcid mpx rdseed adx smap clflushopt xsaveopt xsavec xsaves arat md_clear flush_l1d arch_capabilities
bugs		: cpu_meltdown spectre_v1 spectre_v2 spec_store_bypass l1tf mds swapgs itlb_multihit
bogomips	: 5616.00
clflush size	: 64
cache_alignment	: 64
address sizes	: 43 bits physical, 48 bits virtual
power management:



Memory: 4k page, physical 4015928k(313140k free), swap 998396k(7660k free)

vm_info: Java HotSpot(TM) 64-Bit Server VM (25.201-b09) for linux-amd64 JRE (1.8.0_201-b09), built on Dec 15 2018 11:35:59 by "java_re" with gcc 7.3.0

time: Sat Mar 28 22:54:19 2020
timezone: CST
elapsed time: 32 seconds (0d 0h 0m 32s)

