#
# There is insufficient memory for the Java Runtime Environment to continue.
# Native memory allocation (mmap) failed to map 36175872 bytes for committing reserved memory.
# Possible reasons:
#   The system is out of physical RAM or swap space
#   The process is running with CompressedOops enabled, and the Java Heap may be blocking the growth of the native heap
# Possible solutions:
#   Reduce memory load on the system
#   Increase physical memory or swap space
#   Check if swap backing store is full
#   Decrease Java heap size (-Xmx/-Xms)
#   Decrease number of Java threads
#   Decrease Java thread stack sizes (-Xss)
#   Set larger code cache with -XX:ReservedCodeCacheSize=
#   JVM is running with Unscaled Compressed Oops mode in which the Java heap is
#     placed in the first 4GB address space. The Java Heap base address is the
#     maximum limit for the native heap growth. Please use -XX:HeapBaseMinAddress
#     to set the Java Heap base and to place the Java Heap above 4GB virtual address.
# This output file may be truncated or incomplete.
#
#  Out of Memory Error (os_linux.cpp:2749), pid=33764, tid=0x00007fc377fff700
#
# JRE version: Java(TM) SE Runtime Environment (8.0_201-b09) (build 1.8.0_201-b09)
# Java VM: Java HotSpot(TM) 64-Bit Server VM (25.201-b09 mixed mode linux-amd64 compressed oops)
# Failed to write core dump. Core dumps have been disabled. To enable core dumping, try "ulimit -c unlimited" before starting Java again
#

---------------  T H R E A D  ---------------

Current thread (0x00007fc38c140000):  VMThread [stack: 0x00007fc377eff000,0x00007fc378000000] [id=33800]

Stack: [0x00007fc377eff000,0x00007fc378000000],  sp=0x00007fc377ffe450,  free space=1021k
Native frames: (J=compiled Java code, j=interpreted, Vv=VM code, C=native code)
V  [libjvm.so+0xad3525]  VMError::report_and_die()+0x2e5
V  [libjvm.so+0x4e0457]  report_vm_out_of_memory(char const*, int, unsigned long, VMErrorType, char const*)+0x67
V  [libjvm.so+0x9102f0]  os::pd_commit_memory(char*, unsigned long, unsigned long, bool)+0x100
V  [libjvm.so+0x90791f]  os::commit_memory(char*, unsigned long, unsigned long, bool)+0x1f
V  [libjvm.so+0x98c806]  PSVirtualSpace::expand_by(unsigned long)+0x56
V  [libjvm.so+0x98da98]  PSYoungGen::resize(unsigned long, unsigned long)+0xd8
V  [libjvm.so+0x98a236]  PSScavenge::invoke_no_policy()+0x1376
V  [libjvm.so+0x98a5cc]  PSScavenge::invoke()+0x4c
V  [libjvm.so+0x93a318]  ParallelScavengeHeap::failed_mem_allocate(unsigned long)+0x68
V  [libjvm.so+0xad5073]  VM_ParallelGCFailedAllocation::doit()+0x93
V  [libjvm.so+0xada296]  VM_Operation::evaluate()+0x46
V  [libjvm.so+0xad85cd]  VMThread::evaluate_operation(VM_Operation*) [clone .constprop.44]+0xcd
V  [libjvm.so+0xad8bb3]  VMThread::loop()+0x3a3
V  [libjvm.so+0xad8f88]  VMThread::run()+0x78
V  [libjvm.so+0x90d922]  java_start(Thread*)+0x102

VM_Operation (0x00007fc375625ae0): ParallelGCFailedAllocation, mode: safepoint, requested by thread 0x00007fc330001000


---------------  P R O C E S S  ---------------

Java Threads: ( => current thread )
  0x00007fc330002800 JavaThread "RMI TCP Connection(3)-127.0.0.1" daemon [_thread_blocked, id=34139, stack(0x00007fc37522b000,0x00007fc37532c000)]
  0x00007fc330001000 JavaThread "RMI TCP Connection(2)-127.0.0.1" daemon [_thread_blocked, id=34077, stack(0x00007fc37552c000,0x00007fc37562d000)]
  0x00007fc308038000 JavaThread "RMI Scheduler(0)" daemon [_thread_blocked, id=34070, stack(0x00007fc37562d000,0x00007fc37572e000)]
  0x00007fc308030800 JavaThread "RMI RenewClean-[127.0.0.1:3951]" daemon [_thread_blocked, id=34063, stack(0x00007fc37572e000,0x00007fc37582f000)]
  0x00007fc32c001000 JavaThread "RMI TCP Connection(idle)" daemon [_thread_blocked, id=34052, stack(0x00007fc37582f000,0x00007fc375930000)]
  0x00007fc31c005000 JavaThread "pool-3-thread-3" [_thread_in_native, id=34021, stack(0x00007fc375930000,0x00007fc375a31000)]
  0x00007fc31c003000 JavaThread "pool-3-thread-2" [_thread_in_native, id=34020, stack(0x00007fc375a31000,0x00007fc375b32000)]
  0x00007fc31c002000 JavaThread "pool-3-thread-1" [_thread_in_native, id=34018, stack(0x00007fc375b32000,0x00007fc375c33000)]
  0x00007fc38c1ff800 JavaThread "Thread-3" [_thread_in_native, id=33918, stack(0x00007fc375c33000,0x00007fc375d34000)]
  0x00007fc38c1fe000 JavaThread "Thread-2" [_thread_in_native, id=33914, stack(0x00007fc375d34000,0x00007fc375e35000)]
  0x00007fc38c1fd000 JavaThread "process reaper" daemon [_thread_in_native, id=33904, stack(0x00007fc375e35000,0x00007fc375e6e000)]
  0x00007fc38c3d0000 JavaThread "pool-2-thread-1" [_thread_in_native, id=33887, stack(0x00007fc375e6e000,0x00007fc375f6f000)]
  0x00007fc38c3ce000 JavaThread "GC Daemon" daemon [_thread_blocked, id=33884, stack(0x00007fc375f6f000,0x00007fc376070000)]
  0x00007fc38c3cb000 JavaThread "RMI Reaper" [_thread_blocked, id=33880, stack(0x00007fc376070000,0x00007fc376171000)]
  0x00007fc38c3c2000 JavaThread "RMI TCP Accept-21948" daemon [_thread_in_native, id=33876, stack(0x00007fc376171000,0x00007fc376272000)]
  0x00007fc38c3bd000 JavaThread "RMI TCP Accept-19467" daemon [_thread_in_native, id=33872, stack(0x00007fc376272000,0x00007fc376373000)]
  0x00007fc38c2e2800 JavaThread "logback-3" daemon [_thread_blocked, id=33863, stack(0x00007fc3765ec000,0x00007fc3766ed000)]
  0x00007fc38c2df000 JavaThread "logback-2" daemon [_thread_blocked, id=33859, stack(0x00007fc3766ed000,0x00007fc3767ee000)]
  0x00007fc38c2dd800 JavaThread "logback-1" daemon [_thread_blocked, id=33855, stack(0x00007fc3767ee000,0x00007fc3768ef000)]
  0x00007fc38c189000 JavaThread "Service Thread" daemon [_thread_blocked, id=33837, stack(0x00007fc376e39000,0x00007fc376f3a000)]
  0x00007fc38c186000 JavaThread "C1 CompilerThread2" daemon [_thread_blocked, id=33830, stack(0x00007fc376f3a000,0x00007fc37703b000)]
  0x00007fc38c184800 JavaThread "C2 CompilerThread1" daemon [_thread_blocked, id=33823, stack(0x00007fc37703b000,0x00007fc37713c000)]
  0x00007fc38c181800 JavaThread "C2 CompilerThread0" daemon [_thread_blocked, id=33821, stack(0x00007fc37713c000,0x00007fc37723d000)]
  0x00007fc38c180000 JavaThread "Signal Dispatcher" daemon [_thread_blocked, id=33820, stack(0x00007fc37723d000,0x00007fc37733e000)]
  0x00007fc38c14c000 JavaThread "Finalizer" daemon [_thread_blocked, id=33815, stack(0x00007fc377cfd000,0x00007fc377dfe000)]
  0x00007fc38c149800 JavaThread "Reference Handler" daemon [_thread_blocked, id=33810, stack(0x00007fc377dfe000,0x00007fc377eff000)]
  0x00007fc38c00a800 JavaThread "main" [_thread_in_native, id=33770, stack(0x00007fc394520000,0x00007fc394621000)]

Other Threads:
=>0x00007fc38c140000 VMThread [stack: 0x00007fc377eff000,0x00007fc378000000] [id=33800]
  0x00007fc38c18b800 WatcherThread [stack: 0x00007fc376d38000,0x00007fc376e39000] [id=33842]

VM state:at safepoint (normal execution)

VM Mutex/Monitor currently owned by a thread:  ([mutex/lock_event])
[0x00007fc38c007090] Threads_lock - owner thread: 0x00007fc38c140000
[0x00007fc38c007590] Heap_lock - owner thread: 0x00007fc330001000

heap address: 0x00000000c2a00000, size: 982 MB, Compressed Oops mode: 32-bit
Narrow klass base: 0x0000000000000000, Narrow klass shift: 3
Compressed class space size: 1073741824 Address: 0x0000000100000000

Heap:
 PSYoungGen      total 120832K, used 4720K [0x00000000eb900000, 0x00000000f5680000, 0x0000000100000000)
  eden space 115200K, 0% used [0x00000000eb900000,0x00000000eb900000,0x00000000f2980000)
  from space 5632K, 83% used [0x00000000f5100000,0x00000000f559c1d0,0x00000000f5680000)
  to   space 5632K, 0% used [0x00000000f2980000,0x00000000f2980000,0x00000000f2f00000)
 ParOldGen       total 42496K, used 14575K [0x00000000c2a00000, 0x00000000c5380000, 0x00000000eb900000)
  object space 42496K, 34% used [0x00000000c2a00000,0x00000000c383bd20,0x00000000c5380000)
 Metaspace       used 13923K, capacity 14336K, committed 14592K, reserved 1062912K
  class space    used 1589K, capacity 1707K, committed 1792K, reserved 1048576K

Card table byte_map: [0x00007fc3910da000,0x00007fc3912c6000] byte_map_base: 0x00007fc390ac5000

Marking Bits: (ParMarkBitMap*) 0x00007fc3939fcd80
 Begin Bits: [0x00007fc373150000, 0x00007fc3740a8000)
 End Bits:   [0x00007fc3740a8000, 0x00007fc375000000)

Polling page: 0x00007fc39463c000

CodeCache: size=245760Kb used=6281Kb max_used=6281Kb free=239479Kb
 bounds [0x00007fc37d000000, 0x00007fc37d630000, 0x00007fc38c000000]
 total_blobs=2167 nmethods=1819 adapters=261
 compilation: enabled

Compilation events (10 events):
Event: 33.981 Thread 0x00007fc38c186000 1872       2       org.evosuite.instrumentation.testability.DescriptorMapping::isTransformedField (52 bytes)
Event: 33.982 Thread 0x00007fc38c186000 nmethod 1872 0x00007fc37d6237d0 code [0x00007fc37d6239a0, 0x00007fc37d623dd8]
Event: 33.982 Thread 0x00007fc38c186000 1873       2       org.evosuite.instrumentation.testability.DescriptorMapping::shouldTransform (100 bytes)
Event: 33.983 Thread 0x00007fc38c186000 nmethod 1873 0x00007fc37d6240d0 code [0x00007fc37d6242a0, 0x00007fc37d624748]
Event: 33.983 Thread 0x00007fc38c186000 1874       2       org.evosuite.instrumentation.testability.DescriptorMapping::isBooleanField (34 bytes)
Event: 33.983 Thread 0x00007fc38c186000 nmethod 1874 0x00007fc37d624a90 code [0x00007fc37d624c40, 0x00007fc37d625008]
Event: 34.042 Thread 0x00007fc38c186000 1875       2       org.evosuite.shaded.org.objectweb.asm.ByteVector::enlarge (51 bytes)
Event: 34.042 Thread 0x00007fc38c186000 nmethod 1875 0x00007fc37d6252d0 code [0x00007fc37d625440, 0x00007fc37d6256e8]
Event: 34.103 Thread 0x00007fc38c186000 1876       2       org.evosuite.graphs.cfg.ASMWrapper::isGoto (31 bytes)
Event: 34.103 Thread 0x00007fc38c186000 nmethod 1876 0x00007fc37d6257d0 code [0x00007fc37d625940, 0x00007fc37d625b10]

GC Heap History (10 events):
Event: 29.845 GC heap after
Heap after GC invocations=8 (full 1):
 PSYoungGen      total 34304K, used 4144K [0x00000000eb900000, 0x00000000efd00000, 0x0000000100000000)
  eden space 29696K, 0% used [0x00000000eb900000,0x00000000eb900000,0x00000000ed600000)
  from space 4608K, 89% used [0x00000000ed600000,0x00000000eda0c050,0x00000000eda80000)
  to   space 5120K, 0% used [0x00000000ef800000,0x00000000ef800000,0x00000000efd00000)
 ParOldGen       total 42496K, used 6003K [0x00000000c2a00000, 0x00000000c5380000, 0x00000000eb900000)
  object space 42496K, 14% used [0x00000000c2a00000,0x00000000c2fdce08,0x00000000c5380000)
 Metaspace       used 13780K, capacity 14144K, committed 14336K, reserved 1062912K
  class space    used 1589K, capacity 1707K, committed 1792K, reserved 1048576K
}
Event: 30.361 GC heap before
{Heap before GC invocations=9 (full 1):
 PSYoungGen      total 34304K, used 33840K [0x00000000eb900000, 0x00000000efd00000, 0x0000000100000000)
  eden space 29696K, 100% used [0x00000000eb900000,0x00000000ed600000,0x00000000ed600000)
  from space 4608K, 89% used [0x00000000ed600000,0x00000000eda0c050,0x00000000eda80000)
  to   space 5120K, 0% used [0x00000000ef800000,0x00000000ef800000,0x00000000efd00000)
 ParOldGen       total 42496K, used 6003K [0x00000000c2a00000, 0x00000000c5380000, 0x00000000eb900000)
  object space 42496K, 14% used [0x00000000c2a00000,0x00000000c2fdce08,0x00000000c5380000)
 Metaspace       used 13809K, capacity 14208K, committed 14336K, reserved 1062912K
  class space    used 1589K, capacity 1707K, committed 1792K, reserved 1048576K
Event: 30.405 GC heap after
Heap after GC invocations=9 (full 1):
 PSYoungGen      total 63488K, used 5088K [0x00000000eb900000, 0x00000000eff00000, 0x0000000100000000)
  eden space 58368K, 0% used [0x00000000eb900000,0x00000000eb900000,0x00000000ef200000)
  from space 5120K, 99% used [0x00000000ef800000,0x00000000efcf8060,0x00000000efd00000)
  to   space 6144K, 0% used [0x00000000ef200000,0x00000000ef200000,0x00000000ef800000)
 ParOldGen       total 42496K, used 6849K [0x00000000c2a00000, 0x00000000c5380000, 0x00000000eb900000)
  object space 42496K, 16% used [0x00000000c2a00000,0x00000000c30b07a8,0x00000000c5380000)
 Metaspace       used 13809K, capacity 14208K, committed 14336K, reserved 1062912K
  class space    used 1589K, capacity 1707K, committed 1792K, reserved 1048576K
}
Event: 31.181 GC heap before
{Heap before GC invocations=10 (full 1):
 PSYoungGen      total 63488K, used 63456K [0x00000000eb900000, 0x00000000eff00000, 0x0000000100000000)
  eden space 58368K, 100% used [0x00000000eb900000,0x00000000ef200000,0x00000000ef200000)
  from space 5120K, 99% used [0x00000000ef800000,0x00000000efcf8060,0x00000000efd00000)
  to   space 6144K, 0% used [0x00000000ef200000,0x00000000ef200000,0x00000000ef800000)
 ParOldGen       total 42496K, used 6849K [0x00000000c2a00000, 0x00000000c5380000, 0x00000000eb900000)
  object space 42496K, 16% used [0x00000000c2a00000,0x00000000c30b07a8,0x00000000c5380000)
 Metaspace       used 13844K, capacity 14208K, committed 14336K, reserved 1062912K
  class space    used 1589K, capacity 1707K, committed 1792K, reserved 1048576K
Event: 31.280 GC heap after
Heap after GC invocations=10 (full 1):
 PSYoungGen      total 64512K, used 4016K [0x00000000eb900000, 0x00000000f3600000, 0x0000000100000000)
  eden space 58368K, 0% used [0x00000000eb900000,0x00000000eb900000,0x00000000ef200000)
  from space 6144K, 65% used [0x00000000ef200000,0x00000000ef5ec010,0x00000000ef800000)
  to   space 5632K, 0% used [0x00000000f3080000,0x00000000f3080000,0x00000000f3600000)
 ParOldGen       total 42496K, used 8561K [0x00000000c2a00000, 0x00000000c5380000, 0x00000000eb900000)
  object space 42496K, 20% used [0x00000000c2a00000,0x00000000c325c7b8,0x00000000c5380000)
 Metaspace       used 13844K, capacity 14208K, committed 14336K, reserved 1062912K
  class space    used 1589K, capacity 1707K, committed 1792K, reserved 1048576K
}
Event: 31.925 GC heap before
{Heap before GC invocations=11 (full 1):
 PSYoungGen      total 64512K, used 62384K [0x00000000eb900000, 0x00000000f3600000, 0x0000000100000000)
  eden space 58368K, 100% used [0x00000000eb900000,0x00000000ef200000,0x00000000ef200000)
  from space 6144K, 65% used [0x00000000ef200000,0x00000000ef5ec010,0x00000000ef800000)
  to   space 5632K, 0% used [0x00000000f3080000,0x00000000f3080000,0x00000000f3600000)
 ParOldGen       total 42496K, used 8561K [0x00000000c2a00000, 0x00000000c5380000, 0x00000000eb900000)
  object space 42496K, 20% used [0x00000000c2a00000,0x00000000c325c7b8,0x00000000c5380000)
 Metaspace       used 13876K, capacity 14208K, committed 14336K, reserved 1062912K
  class space    used 1589K, capacity 1707K, committed 1792K, reserved 1048576K
Event: 31.955 GC heap after
Heap after GC invocations=11 (full 1):
 PSYoungGen      total 97792K, used 4064K [0x00000000eb900000, 0x00000000f3480000, 0x0000000100000000)
  eden space 93696K, 0% used [0x00000000eb900000,0x00000000eb900000,0x00000000f1480000)
  from space 4096K, 99% used [0x00000000f3080000,0x00000000f3478030,0x00000000f3480000)
  to   space 5632K, 0% used [0x00000000f2980000,0x00000000f2980000,0x00000000f2f00000)
 ParOldGen       total 42496K, used 10187K [0x00000000c2a00000, 0x00000000c5380000, 0x00000000eb900000)
  object space 42496K, 23% used [0x00000000c2a00000,0x00000000c33f2d90,0x00000000c5380000)
 Metaspace       used 13876K, capacity 14208K, committed 14336K, reserved 1062912K
  class space    used 1589K, capacity 1707K, committed 1792K, reserved 1048576K
}
Event: 32.905 GC heap before
{Heap before GC invocations=12 (full 1):
 PSYoungGen      total 97792K, used 97760K [0x00000000eb900000, 0x00000000f3480000, 0x0000000100000000)
  eden space 93696K, 100% used [0x00000000eb900000,0x00000000f1480000,0x00000000f1480000)
  from space 4096K, 99% used [0x00000000f3080000,0x00000000f3478030,0x00000000f3480000)
  to   space 5632K, 0% used [0x00000000f2980000,0x00000000f2980000,0x00000000f2f00000)
 ParOldGen       total 42496K, used 10187K [0x00000000c2a00000, 0x00000000c5380000, 0x00000000eb900000)
  object space 42496K, 23% used [0x00000000c2a00000,0x00000000c33f2d90,0x00000000c5380000)
 Metaspace       used 13899K, capacity 14336K, committed 14592K, reserved 1062912K
  class space    used 1589K, capacity 1707K, committed 1792K, reserved 1048576K
Event: 32.925 GC heap after
Heap after GC invocations=12 (full 1):
 PSYoungGen      total 120832K, used 2224K [0x00000000eb900000, 0x00000000f5680000, 0x0000000100000000)
  eden space 115200K, 0% used [0x00000000eb900000,0x00000000eb900000,0x00000000f2980000)
  from space 5632K, 39% used [0x00000000f2980000,0x00000000f2bac020,0x00000000f2f00000)
  to   space 5632K, 0% used [0x00000000f5100000,0x00000000f5100000,0x00000000f5680000)
 ParOldGen       total 42496K, used 12562K [0x00000000c2a00000, 0x00000000c5380000, 0x00000000eb900000)
  object space 42496K, 29% used [0x00000000c2a00000,0x00000000c3644868,0x00000000c5380000)
 Metaspace       used 13899K, capacity 14336K, committed 14592K, reserved 1062912K
  class space    used 1589K, capacity 1707K, committed 1792K, reserved 1048576K
}
Event: 34.498 GC heap before
{Heap before GC invocations=13 (full 1):
 PSYoungGen      total 120832K, used 117424K [0x00000000eb900000, 0x00000000f5680000, 0x0000000100000000)
  eden space 115200K, 100% used [0x00000000eb900000,0x00000000f2980000,0x00000000f2980000)
  from space 5632K, 39% used [0x00000000f2980000,0x00000000f2bac020,0x00000000f2f00000)
  to   space 5632K, 0% used [0x00000000f5100000,0x00000000f5100000,0x00000000f5680000)
 ParOldGen       total 42496K, used 12562K [0x00000000c2a00000, 0x00000000c5380000, 0x00000000eb900000)
  object space 42496K, 29% used [0x00000000c2a00000,0x00000000c3644868,0x00000000c5380000)
 Metaspace       used 13923K, capacity 14336K, committed 14592K, reserved 1062912K
  class space    used 1589K, capacity 1707K, committed 1792K, reserved 1048576K

Deoptimization events (10 events):
Event: 24.593 Thread 0x00007fc330001000 Uncommon trap: reason=unstable_if action=reinterpret pc=0x00007fc37d490a78 method=java.util.AbstractCollection.addAll(Ljava/util/Collection;)Z @ 32
Event: 24.830 Thread 0x00007fc330001000 Uncommon trap: reason=bimorphic action=maybe_recompile pc=0x00007fc37d3fd118 method=java.util.HashMap.putVal(ILjava/lang/Object;Ljava/lang/Object;ZZ)Ljava/lang/Object; @ 203
Event: 25.066 Thread 0x00007fc330001000 Uncommon trap: reason=bimorphic action=maybe_recompile pc=0x00007fc37d3fd118 method=java.util.HashMap.putVal(ILjava/lang/Object;Ljava/lang/Object;ZZ)Ljava/lang/Object; @ 203
Event: 26.514 Thread 0x00007fc330001000 Uncommon trap: reason=bimorphic action=maybe_recompile pc=0x00007fc37d550850 method=java.util.AbstractCollection.addAll(Ljava/util/Collection;)Z @ 3
Event: 26.592 Thread 0x00007fc330001000 Uncommon trap: reason=bimorphic action=maybe_recompile pc=0x00007fc37d550850 method=java.util.AbstractCollection.addAll(Ljava/util/Collection;)Z @ 3
Event: 26.592 Thread 0x00007fc330001000 Uncommon trap: reason=bimorphic action=maybe_recompile pc=0x00007fc37d550850 method=java.util.AbstractCollection.addAll(Ljava/util/Collection;)Z @ 3
Event: 26.592 Thread 0x00007fc330001000 Uncommon trap: reason=bimorphic action=maybe_recompile pc=0x00007fc37d550850 method=java.util.AbstractCollection.addAll(Ljava/util/Collection;)Z @ 3
Event: 30.216 Thread 0x00007fc330001000 Uncommon trap: reason=unstable_if action=reinterpret pc=0x00007fc37d596284 method=org.evosuite.shaded.org.objectweb.asm.tree.analysis.SourceInterpreter.merge(Lorg/evosuite/shaded/org/objectweb/asm/tree/analysis/SourceValue;Lorg/evosuite/shaded/org/objectw
Event: 30.216 Thread 0x00007fc330001000 Uncommon trap: reason=unstable_if action=reinterpret pc=0x00007fc37d57e6dc method=org.evosuite.shaded.org.objectweb.asm.tree.analysis.SourceInterpreter.merge(Lorg/evosuite/shaded/org/objectweb/asm/tree/analysis/SourceValue;Lorg/evosuite/shaded/org/objectw
Event: 32.510 Thread 0x00007fc330001000 Uncommon trap: reason=null_check action=make_not_entrant pc=0x00007fc37d5d98d4 method=org.evosuite.shaded.org.objectweb.asm.Type.equals(Ljava/lang/Object;)Z @ 8

Classes redefined (0 events):
No events

Internal exceptions (10 events):
Event: 20.876 Thread 0x00007fc38c2dd800 Exception <a 'java/net/ConnectException'> (0x00000000ebb3d558) thrown at [/HUDSON/workspace/8-2-build-linux-amd64/jdk8u201/12317/hotspot/src/share/vm/prims/jni.cpp, line 709]
Event: 20.879 Thread 0x00007fc38c2df000 Exception <a 'java/net/ConnectException'> (0x00000000ebb65100) thrown at [/HUDSON/workspace/8-2-build-linux-amd64/jdk8u201/12317/hotspot/src/share/vm/prims/jni.cpp, line 709]
Event: 20.903 Thread 0x00007fc38c2e2800 Exception <a 'java/net/ConnectException'> (0x00000000ebb8cca8) thrown at [/HUDSON/workspace/8-2-build-linux-amd64/jdk8u201/12317/hotspot/src/share/vm/prims/jni.cpp, line 709]
Event: 22.803 Thread 0x00007fc330001000 Exception <a 'java/lang/NoSuchMethodError': <clinit>> (0x00000000ec1ca610) thrown at [/HUDSON/workspace/8-2-build-linux-amd64/jdk8u201/12317/hotspot/src/share/vm/prims/jni.cpp, line 1613]
Event: 22.879 Thread 0x00007fc330002800 Implicit null exception at 0x00007fc37d3a7b96 to 0x00007fc37d3a8a51
Event: 24.042 Thread 0x00007fc330001000 Implicit null exception at 0x00007fc37d1f14b6 to 0x00007fc37d1f1891
Event: 31.352 Thread 0x00007fc38c2df000 Exception <a 'java/net/ConnectException'> (0x00000000ebe7fdf8) thrown at [/HUDSON/workspace/8-2-build-linux-amd64/jdk8u201/12317/hotspot/src/share/vm/prims/jni.cpp, line 709]
Event: 31.352 Thread 0x00007fc38c2e2800 Exception <a 'java/net/ConnectException'> (0x00000000ebebd900) thrown at [/HUDSON/workspace/8-2-build-linux-amd64/jdk8u201/12317/hotspot/src/share/vm/prims/jni.cpp, line 709]
Event: 31.353 Thread 0x00007fc38c2dd800 Exception <a 'java/net/ConnectException'> (0x00000000ec46bf78) thrown at [/HUDSON/workspace/8-2-build-linux-amd64/jdk8u201/12317/hotspot/src/share/vm/prims/jni.cpp, line 709]
Event: 32.510 Thread 0x00007fc330001000 Implicit null exception at 0x00007fc37d5d68c4 to 0x00007fc37d5d98b1

Events (10 events):
Event: 33.884 Thread 0x00007fc330001000 DEOPT UNPACKING pc=0x00007fc37d047784 sp=0x00007fc375626000 mode 0
Event: 34.079 Thread 0x00007fc330001000 DEOPT PACKING pc=0x00007fc37d480759 sp=0x00007fc375625c00
Event: 34.079 Thread 0x00007fc330001000 DEOPT UNPACKING pc=0x00007fc37d047784 sp=0x00007fc375625968 mode 0
Event: 34.079 Thread 0x00007fc330001000 DEOPT PACKING pc=0x00007fc37d480759 sp=0x00007fc375625c00
Event: 34.079 Thread 0x00007fc330001000 DEOPT UNPACKING pc=0x00007fc37d047784 sp=0x00007fc375625968 mode 0
Event: 34.080 Thread 0x00007fc330001000 DEOPT PACKING pc=0x00007fc37d480759 sp=0x00007fc375625c00
Event: 34.080 Thread 0x00007fc330001000 DEOPT UNPACKING pc=0x00007fc37d047784 sp=0x00007fc375625968 mode 0
Event: 34.080 Thread 0x00007fc330001000 DEOPT PACKING pc=0x00007fc37d480759 sp=0x00007fc375625c00
Event: 34.080 Thread 0x00007fc330001000 DEOPT UNPACKING pc=0x00007fc37d047784 sp=0x00007fc375625968 mode 0
Event: 34.498 Executing VM operation: ParallelGCFailedAllocation


Dynamic libraries:
00400000-00401000 r-xp 00000000 08:01 654793                             /usr/lib/jdk/jdk1.8.0_201/bin/java
00600000-00601000 r--p 00000000 08:01 654793                             /usr/lib/jdk/jdk1.8.0_201/bin/java
00601000-00602000 rw-p 00001000 08:01 654793                             /usr/lib/jdk/jdk1.8.0_201/bin/java
01685000-01827000 rw-p 00000000 00:00 0                                  [heap]
c2a00000-c5380000 rw-p 00000000 00:00 0 
c5380000-eb900000 ---p 00000000 00:00 0 
eb900000-f5680000 rw-p 00000000 00:00 0 
f7900000-100000000 ---p 00000000 00:00 0 
100000000-1001c0000 rw-p 00000000 00:00 0 
1001c0000-140000000 ---p 00000000 00:00 0 
7fc2fc000000-7fc2fc021000 rw-p 00000000 00:00 0 
7fc2fc021000-7fc300000000 ---p 00000000 00:00 0 
7fc300000000-7fc300021000 rw-p 00000000 00:00 0 
7fc300021000-7fc304000000 ---p 00000000 00:00 0 
7fc304000000-7fc304021000 rw-p 00000000 00:00 0 
7fc304021000-7fc308000000 ---p 00000000 00:00 0 
7fc308000000-7fc30803d000 rw-p 00000000 00:00 0 
7fc30803d000-7fc30c000000 ---p 00000000 00:00 0 
7fc30c000000-7fc30c021000 rw-p 00000000 00:00 0 
7fc30c021000-7fc310000000 ---p 00000000 00:00 0 
7fc310000000-7fc310021000 rw-p 00000000 00:00 0 
7fc310021000-7fc314000000 ---p 00000000 00:00 0 
7fc314000000-7fc314021000 rw-p 00000000 00:00 0 
7fc314021000-7fc318000000 ---p 00000000 00:00 0 
7fc318000000-7fc318021000 rw-p 00000000 00:00 0 
7fc318021000-7fc31c000000 ---p 00000000 00:00 0 
7fc31c000000-7fc31c021000 rw-p 00000000 00:00 0 
7fc31c021000-7fc320000000 ---p 00000000 00:00 0 
7fc320000000-7fc320021000 rw-p 00000000 00:00 0 
7fc320021000-7fc324000000 ---p 00000000 00:00 0 
7fc324000000-7fc324021000 rw-p 00000000 00:00 0 
7fc324021000-7fc328000000 ---p 00000000 00:00 0 
7fc328000000-7fc328021000 rw-p 00000000 00:00 0 
7fc328021000-7fc32c000000 ---p 00000000 00:00 0 
7fc32c000000-7fc32c021000 rw-p 00000000 00:00 0 
7fc32c021000-7fc330000000 ---p 00000000 00:00 0 
7fc330000000-7fc330021000 rw-p 00000000 00:00 0 
7fc330021000-7fc334000000 ---p 00000000 00:00 0 
7fc334000000-7fc334021000 rw-p 00000000 00:00 0 
7fc334021000-7fc338000000 ---p 00000000 00:00 0 
7fc338000000-7fc338021000 rw-p 00000000 00:00 0 
7fc338021000-7fc33c000000 ---p 00000000 00:00 0 
7fc33c000000-7fc33c021000 rw-p 00000000 00:00 0 
7fc33c021000-7fc340000000 ---p 00000000 00:00 0 
7fc340000000-7fc340021000 rw-p 00000000 00:00 0 
7fc340021000-7fc344000000 ---p 00000000 00:00 0 
7fc344000000-7fc344916000 rw-p 00000000 00:00 0 
7fc344916000-7fc348000000 ---p 00000000 00:00 0 
7fc348000000-7fc348021000 rw-p 00000000 00:00 0 
7fc348021000-7fc34c000000 ---p 00000000 00:00 0 
7fc34c000000-7fc34ccbd000 rw-p 00000000 00:00 0 
7fc34ccbd000-7fc350000000 ---p 00000000 00:00 0 
7fc350000000-7fc350aa7000 rw-p 00000000 00:00 0 
7fc350aa7000-7fc354000000 ---p 00000000 00:00 0 
7fc354000000-7fc354021000 rw-p 00000000 00:00 0 
7fc354021000-7fc358000000 ---p 00000000 00:00 0 
7fc358000000-7fc358021000 rw-p 00000000 00:00 0 
7fc358021000-7fc35c000000 ---p 00000000 00:00 0 
7fc35c000000-7fc35c2dd000 rw-p 00000000 00:00 0 
7fc35c2dd000-7fc360000000 ---p 00000000 00:00 0 
7fc360000000-7fc360021000 rw-p 00000000 00:00 0 
7fc360021000-7fc364000000 ---p 00000000 00:00 0 
7fc364000000-7fc364021000 rw-p 00000000 00:00 0 
7fc364021000-7fc368000000 ---p 00000000 00:00 0 
7fc368000000-7fc368021000 rw-p 00000000 00:00 0 
7fc368021000-7fc36c000000 ---p 00000000 00:00 0 
7fc36c000000-7fc36c021000 rw-p 00000000 00:00 0 
7fc36c021000-7fc370000000 ---p 00000000 00:00 0 
7fc37014f000-7fc375000000 rw-p 00000000 00:00 0 
7fc37502b000-7fc3750ab000 rw-p 00000000 00:00 0 
7fc3750ab000-7fc37522b000 ---p 00000000 00:00 0 
7fc37522b000-7fc37522e000 ---p 00000000 00:00 0 
7fc37522e000-7fc37552c000 rw-p 00000000 00:00 0 
7fc37552c000-7fc37552f000 ---p 00000000 00:00 0 
7fc37552f000-7fc37562d000 rw-p 00000000 00:00 0 
7fc37562d000-7fc375630000 ---p 00000000 00:00 0 
7fc375630000-7fc37572e000 rw-p 00000000 00:00 0 
7fc37572e000-7fc375731000 ---p 00000000 00:00 0 
7fc375731000-7fc37582f000 rw-p 00000000 00:00 0 
7fc37582f000-7fc375832000 ---p 00000000 00:00 0 
7fc375832000-7fc375930000 rw-p 00000000 00:00 0 
7fc375930000-7fc375933000 ---p 00000000 00:00 0 
7fc375933000-7fc375a31000 rw-p 00000000 00:00 0 
7fc375a31000-7fc375a34000 ---p 00000000 00:00 0 
7fc375a34000-7fc375b32000 rw-p 00000000 00:00 0 
7fc375b32000-7fc375b35000 ---p 00000000 00:00 0 
7fc375b35000-7fc375c33000 rw-p 00000000 00:00 0 
7fc375c33000-7fc375c36000 ---p 00000000 00:00 0 
7fc375c36000-7fc375d34000 rw-p 00000000 00:00 0 
7fc375d34000-7fc375d37000 ---p 00000000 00:00 0 
7fc375d37000-7fc375e35000 rw-p 00000000 00:00 0 
7fc375e35000-7fc375e38000 ---p 00000000 00:00 0 
7fc375e38000-7fc375e6e000 rw-p 00000000 00:00 0 
7fc375e6e000-7fc375e71000 ---p 00000000 00:00 0 
7fc375e71000-7fc375f6f000 rw-p 00000000 00:00 0 
7fc375f6f000-7fc375f72000 ---p 00000000 00:00 0 
7fc375f72000-7fc376070000 rw-p 00000000 00:00 0 
7fc376070000-7fc376073000 ---p 00000000 00:00 0 
7fc376073000-7fc376171000 rw-p 00000000 00:00 0 
7fc376171000-7fc376174000 ---p 00000000 00:00 0 
7fc376174000-7fc376272000 rw-p 00000000 00:00 0 
7fc376272000-7fc376275000 ---p 00000000 00:00 0 
7fc376275000-7fc376573000 rw-p 00000000 00:00 0 
7fc376573000-7fc3765ec000 r--s 010fd000 08:01 654900                     /usr/lib/jdk/jdk1.8.0_201/lib/tools.jar
7fc3765ec000-7fc3765ef000 ---p 00000000 00:00 0 
7fc3765ef000-7fc3766ed000 rw-p 00000000 00:00 0 
7fc3766ed000-7fc3766f0000 ---p 00000000 00:00 0 
7fc3766f0000-7fc3767ee000 rw-p 00000000 00:00 0 
7fc3767ee000-7fc3767f1000 ---p 00000000 00:00 0 
7fc3767f1000-7fc3768ef000 rw-p 00000000 00:00 0 
7fc3768ef000-7fc376905000 r-xp 00000000 08:01 656512                     /usr/lib/jdk/jdk1.8.0_201/jre/lib/amd64/libnet.so
7fc376905000-7fc376b05000 ---p 00016000 08:01 656512                     /usr/lib/jdk/jdk1.8.0_201/jre/lib/amd64/libnet.so
7fc376b05000-7fc376b06000 r--p 00016000 08:01 656512                     /usr/lib/jdk/jdk1.8.0_201/jre/lib/amd64/libnet.so
7fc376b06000-7fc376b07000 rw-p 00017000 08:01 656512                     /usr/lib/jdk/jdk1.8.0_201/jre/lib/amd64/libnet.so
7fc376b07000-7fc376d38000 r--s 01bb1000 08:01 403225                     /home/hewitt/work/DiffTGen-master/lib/evosuite-1.0.6.jar
7fc376d38000-7fc376d39000 ---p 00000000 00:00 0 
7fc376d39000-7fc376e39000 rw-p 00000000 00:00 0 
7fc376e39000-7fc376e3c000 ---p 00000000 00:00 0 
7fc376e3c000-7fc376f3a000 rw-p 00000000 00:00 0 
7fc376f3a000-7fc376f3d000 ---p 00000000 00:00 0 
7fc376f3d000-7fc37703b000 rw-p 00000000 00:00 0 
7fc37703b000-7fc37703e000 ---p 00000000 00:00 0 
7fc37703e000-7fc37713c000 rw-p 00000000 00:00 0 
7fc37713c000-7fc37713f000 ---p 00000000 00:00 0 
7fc37713f000-7fc37723d000 rw-p 00000000 00:00 0 
7fc37723d000-7fc377240000 ---p 00000000 00:00 0 
7fc377240000-7fc37733e000 rw-p 00000000 00:00 0 
7fc37733e000-7fc377cfd000 r--p 00000000 08:01 270368                     /usr/lib/locale/locale-archive
7fc377cfd000-7fc377d00000 ---p 00000000 00:00 0 
7fc377d00000-7fc377dfe000 rw-p 00000000 00:00 0 
7fc377dfe000-7fc377e01000 ---p 00000000 00:00 0 
7fc377e01000-7fc377eff000 rw-p 00000000 00:00 0 
7fc377eff000-7fc377f00000 ---p 00000000 00:00 0 
7fc377f00000-7fc378000000 rw-p 00000000 00:00 0 
7fc378000000-7fc378021000 rw-p 00000000 00:00 0 
7fc378021000-7fc37c000000 ---p 00000000 00:00 0 
7fc37c018000-7fc37ce26000 rw-p 00000000 00:00 0 
7fc37ce26000-7fc37d000000 r--s 03d6f000 08:01 656293                     /usr/lib/jdk/jdk1.8.0_201/jre/lib/rt.jar
7fc37d000000-7fc37d630000 rwxp 00000000 00:00 0 
7fc37d630000-7fc38c000000 ---p 00000000 00:00 0 
7fc38c000000-7fc38c4bf000 rw-p 00000000 00:00 0 
7fc38c4bf000-7fc390000000 ---p 00000000 00:00 0 
7fc390010000-7fc39002c000 r--s 00393000 08:01 656354                     /usr/lib/jdk/jdk1.8.0_201/jre/lib/ext/cldrdata.jar
7fc39002c000-7fc390b8e000 rw-p 00000000 00:00 0 
7fc390b8e000-7fc390b8f000 ---p 00000000 00:00 0 
7fc390b8f000-7fc390c8f000 rw-p 00000000 00:00 0 
7fc390c8f000-7fc390c90000 ---p 00000000 00:00 0 
7fc390c90000-7fc390d90000 rw-p 00000000 00:00 0 
7fc390d90000-7fc390d91000 ---p 00000000 00:00 0 
7fc390d91000-7fc390e91000 rw-p 00000000 00:00 0 
7fc390e91000-7fc390e92000 ---p 00000000 00:00 0 
7fc390e92000-7fc390fa7000 rw-p 00000000 00:00 0 
7fc390fa7000-7fc3910da000 ---p 00000000 00:00 0 
7fc3910da000-7fc3910ef000 rw-p 00000000 00:00 0 
7fc3910ef000-7fc391221000 ---p 00000000 00:00 0 
7fc391221000-7fc391271000 rw-p 00000000 00:00 0 
7fc391271000-7fc3912c5000 ---p 00000000 00:00 0 
7fc3912c5000-7fc3912df000 rw-p 00000000 00:00 0 
7fc3912df000-7fc391686000 ---p 00000000 00:00 0 
7fc391686000-7fc3916a1000 r-xp 00000000 08:01 656508                     /usr/lib/jdk/jdk1.8.0_201/jre/lib/amd64/libzip.so
7fc3916a1000-7fc3918a0000 ---p 0001b000 08:01 656508                     /usr/lib/jdk/jdk1.8.0_201/jre/lib/amd64/libzip.so
7fc3918a0000-7fc3918a1000 r--p 0001a000 08:01 656508                     /usr/lib/jdk/jdk1.8.0_201/jre/lib/amd64/libzip.so
7fc3918a1000-7fc3918a2000 rw-p 0001b000 08:01 656508                     /usr/lib/jdk/jdk1.8.0_201/jre/lib/amd64/libzip.so
7fc3918a2000-7fc3918ad000 r-xp 00000000 08:01 658902                     /lib/x86_64-linux-gnu/libnss_files-2.23.so
7fc3918ad000-7fc391aac000 ---p 0000b000 08:01 658902                     /lib/x86_64-linux-gnu/libnss_files-2.23.so
7fc391aac000-7fc391aad000 r--p 0000a000 08:01 658902                     /lib/x86_64-linux-gnu/libnss_files-2.23.so
7fc391aad000-7fc391aae000 rw-p 0000b000 08:01 658902                     /lib/x86_64-linux-gnu/libnss_files-2.23.so
7fc391aae000-7fc391ab4000 rw-p 00000000 00:00 0 
7fc391ab4000-7fc391abf000 r-xp 00000000 08:01 658912                     /lib/x86_64-linux-gnu/libnss_nis-2.23.so
7fc391abf000-7fc391cbe000 ---p 0000b000 08:01 658912                     /lib/x86_64-linux-gnu/libnss_nis-2.23.so
7fc391cbe000-7fc391cbf000 r--p 0000a000 08:01 658912                     /lib/x86_64-linux-gnu/libnss_nis-2.23.so
7fc391cbf000-7fc391cc0000 rw-p 0000b000 08:01 658912                     /lib/x86_64-linux-gnu/libnss_nis-2.23.so
7fc391cc0000-7fc391cd6000 r-xp 00000000 08:01 658896                     /lib/x86_64-linux-gnu/libnsl-2.23.so
7fc391cd6000-7fc391ed5000 ---p 00016000 08:01 658896                     /lib/x86_64-linux-gnu/libnsl-2.23.so
7fc391ed5000-7fc391ed6000 r--p 00015000 08:01 658896                     /lib/x86_64-linux-gnu/libnsl-2.23.so
7fc391ed6000-7fc391ed7000 rw-p 00016000 08:01 658896                     /lib/x86_64-linux-gnu/libnsl-2.23.so
7fc391ed7000-7fc391ed9000 rw-p 00000000 00:00 0 
7fc391ed9000-7fc391ee1000 r-xp 00000000 08:01 658898                     /lib/x86_64-linux-gnu/libnss_compat-2.23.so
7fc391ee1000-7fc3920e0000 ---p 00008000 08:01 658898                     /lib/x86_64-linux-gnu/libnss_compat-2.23.so
7fc3920e0000-7fc3920e1000 r--p 00007000 08:01 658898                     /lib/x86_64-linux-gnu/libnss_compat-2.23.so
7fc3920e1000-7fc3920e2000 rw-p 00008000 08:01 658898                     /lib/x86_64-linux-gnu/libnss_compat-2.23.so
7fc3920e2000-7fc39210e000 r-xp 00000000 08:01 656502                     /usr/lib/jdk/jdk1.8.0_201/jre/lib/amd64/libjava.so
7fc39210e000-7fc39230e000 ---p 0002c000 08:01 656502                     /usr/lib/jdk/jdk1.8.0_201/jre/lib/amd64/libjava.so
7fc39230e000-7fc39230f000 r--p 0002c000 08:01 656502                     /usr/lib/jdk/jdk1.8.0_201/jre/lib/amd64/libjava.so
7fc39230f000-7fc392311000 rw-p 0002d000 08:01 656502                     /usr/lib/jdk/jdk1.8.0_201/jre/lib/amd64/libjava.so
7fc392311000-7fc39231e000 r-xp 00000000 08:01 656507                     /usr/lib/jdk/jdk1.8.0_201/jre/lib/amd64/libverify.so
7fc39231e000-7fc39251d000 ---p 0000d000 08:01 656507                     /usr/lib/jdk/jdk1.8.0_201/jre/lib/amd64/libverify.so
7fc39251d000-7fc39251f000 r--p 0000c000 08:01 656507                     /usr/lib/jdk/jdk1.8.0_201/jre/lib/amd64/libverify.so
7fc39251f000-7fc392520000 rw-p 0000e000 08:01 656507                     /usr/lib/jdk/jdk1.8.0_201/jre/lib/amd64/libverify.so
7fc392520000-7fc392527000 r-xp 00000000 08:01 658957                     /lib/x86_64-linux-gnu/librt-2.23.so
7fc392527000-7fc392726000 ---p 00007000 08:01 658957                     /lib/x86_64-linux-gnu/librt-2.23.so
7fc392726000-7fc392727000 r--p 00006000 08:01 658957                     /lib/x86_64-linux-gnu/librt-2.23.so
7fc392727000-7fc392728000 rw-p 00007000 08:01 658957                     /lib/x86_64-linux-gnu/librt-2.23.so
7fc392728000-7fc392830000 r-xp 00000000 08:01 658873                     /lib/x86_64-linux-gnu/libm-2.23.so
7fc392830000-7fc392a2f000 ---p 00108000 08:01 658873                     /lib/x86_64-linux-gnu/libm-2.23.so
7fc392a2f000-7fc392a30000 r--p 00107000 08:01 658873                     /lib/x86_64-linux-gnu/libm-2.23.so
7fc392a30000-7fc392a31000 rw-p 00108000 08:01 658873                     /lib/x86_64-linux-gnu/libm-2.23.so
7fc392a31000-7fc393719000 r-xp 00000000 08:01 656484                     /usr/lib/jdk/jdk1.8.0_201/jre/lib/amd64/server/libjvm.so
7fc393719000-7fc393918000 ---p 00ce8000 08:01 656484                     /usr/lib/jdk/jdk1.8.0_201/jre/lib/amd64/server/libjvm.so
7fc393918000-7fc3939ae000 r--p 00ce7000 08:01 656484                     /usr/lib/jdk/jdk1.8.0_201/jre/lib/amd64/server/libjvm.so
7fc3939ae000-7fc3939df000 rw-p 00d7d000 08:01 656484                     /usr/lib/jdk/jdk1.8.0_201/jre/lib/amd64/server/libjvm.so
7fc3939df000-7fc393a1a000 rw-p 00000000 00:00 0 
7fc393a1a000-7fc393bda000 r-xp 00000000 08:01 658803                     /lib/x86_64-linux-gnu/libc-2.23.so
7fc393bda000-7fc393dda000 ---p 001c0000 08:01 658803                     /lib/x86_64-linux-gnu/libc-2.23.so
7fc393dda000-7fc393dde000 r--p 001c0000 08:01 658803                     /lib/x86_64-linux-gnu/libc-2.23.so
7fc393dde000-7fc393de0000 rw-p 001c4000 08:01 658803                     /lib/x86_64-linux-gnu/libc-2.23.so
7fc393de0000-7fc393de4000 rw-p 00000000 00:00 0 
7fc393de4000-7fc393de7000 r-xp 00000000 08:01 658827                     /lib/x86_64-linux-gnu/libdl-2.23.so
7fc393de7000-7fc393fe6000 ---p 00003000 08:01 658827                     /lib/x86_64-linux-gnu/libdl-2.23.so
7fc393fe6000-7fc393fe7000 r--p 00002000 08:01 658827                     /lib/x86_64-linux-gnu/libdl-2.23.so
7fc393fe7000-7fc393fe8000 rw-p 00003000 08:01 658827                     /lib/x86_64-linux-gnu/libdl-2.23.so
7fc393fe8000-7fc393fff000 r-xp 00000000 08:01 656155                     /usr/lib/jdk/jdk1.8.0_201/lib/amd64/jli/libjli.so
7fc393fff000-7fc3941fe000 ---p 00017000 08:01 656155                     /usr/lib/jdk/jdk1.8.0_201/lib/amd64/jli/libjli.so
7fc3941fe000-7fc3941ff000 r--p 00016000 08:01 656155                     /usr/lib/jdk/jdk1.8.0_201/lib/amd64/jli/libjli.so
7fc3941ff000-7fc394200000 rw-p 00017000 08:01 656155                     /usr/lib/jdk/jdk1.8.0_201/lib/amd64/jli/libjli.so
7fc394200000-7fc394218000 r-xp 00000000 08:01 658949                     /lib/x86_64-linux-gnu/libpthread-2.23.so
7fc394218000-7fc394417000 ---p 00018000 08:01 658949                     /lib/x86_64-linux-gnu/libpthread-2.23.so
7fc394417000-7fc394418000 r--p 00017000 08:01 658949                     /lib/x86_64-linux-gnu/libpthread-2.23.so
7fc394418000-7fc394419000 rw-p 00018000 08:01 658949                     /lib/x86_64-linux-gnu/libpthread-2.23.so
7fc394419000-7fc39441d000 rw-p 00000000 00:00 0 
7fc39441d000-7fc394443000 r-xp 00000000 08:01 658775                     /lib/x86_64-linux-gnu/ld-2.23.so
7fc394449000-7fc394453000 r--s 00116000 08:01 656361                     /usr/lib/jdk/jdk1.8.0_201/jre/lib/ext/localedata.jar
7fc394453000-7fc394462000 r--s 000ad000 08:01 543056                     /home/hewitt/work/DiffTGen-master/output/patch6-Math-80-CapGen-plausible/Math_80_6-plausible_capgen/target/build/classes/all0.jar
7fc394462000-7fc394520000 rw-p 00000000 00:00 0 
7fc394520000-7fc394523000 ---p 00000000 00:00 0 
7fc394523000-7fc394626000 rw-p 00000000 00:00 0 
7fc394626000-7fc39462a000 r--s 000a1000 08:01 656350                     /usr/lib/jdk/jdk1.8.0_201/jre/lib/jsse.jar
7fc39462a000-7fc394632000 r--s 0006e000 08:01 398946                     /home/hewitt/work/DiffTGen-master/lib/commons-lang3-3.5.jar
7fc394632000-7fc394633000 r--s 00000000 08:01 398951                     /home/hewitt/work/DiffTGen-master/lib/myprinter.jar
7fc394633000-7fc39463b000 rw-s 00000000 08:01 150526                     /tmp/hsperfdata_hewitt/33764
7fc39463b000-7fc39463c000 rw-p 00000000 00:00 0 
7fc39463c000-7fc39463d000 ---p 00000000 00:00 0 
7fc39463d000-7fc394640000 r--p 00000000 00:00 0                          [vvar]
7fc394640000-7fc394642000 r-xp 00000000 00:00 0                          [vdso]
7fc394642000-7fc394643000 r--p 00025000 08:01 658775                     /lib/x86_64-linux-gnu/ld-2.23.so
7fc394643000-7fc394644000 rw-p 00026000 08:01 658775                     /lib/x86_64-linux-gnu/ld-2.23.so
7fc394644000-7fc394645000 rw-p 00000000 00:00 0 
7ffc783d9000-7ffc783fb000 rw-p 00000000 00:00 0                          [stack]
ffffffffff600000-ffffffffff601000 r-xp 00000000 00:00 0                  [vsyscall]

VM Arguments:
java_command: /home/hewitt/work/DiffTGen-master/lib/evosuite-1.0.6.jar -base_dir /home/hewitt/work/DiffTGen-master/output/patch6-Math-80-CapGen-plausible/Math_80_6-plausible_capgen/target/0/24 -projectCP /home/hewitt/work/DiffTGen-master/output/patch6-Math-80-CapGen-plausible/Math_80_6-plausible_capgen/target/build/classes/all0.jar:/home/hewitt/work/DiffTGen-master/lib/myprinter.jar:/home/hewitt/work/DiffTGen-master/lib/commons-lang3-3.5.jar -class org.apache.commons.math.linear.EigenDecompositionImpl -Dassertions=false -Dsearch_budget=60
java_class_path (initial): /home/hewitt/work/DiffTGen-master/lib/evosuite-1.0.6.jar
Launcher Type: SUN_STANDARD

Environment Variables:
JAVA_HOME=/usr/lib/jdk/jdk1.8.0_201
JRE_HOME=/usr/lib/jdk/jdk1.8.0_201/jre
CLASSPATH=.:/usr/lib/jdk/jdk1.8.0_201/lib:/usr/lib/jdk/jdk1.8.0_201/jre/lib
PATH=/usr/lib/jdk/jdk1.8.0_201/bin:/home/hewitt/bin:/home/hewitt/.local/bin:/usr/lib/jdk/jdk1.7.0_80/bin:/usr/local/sbin:/usr/local/bin:/usr/sbin:/usr/bin:/sbin:/bin:/usr/games:/usr/local/games:/snap/bin:/home/hewitt/work/defects4j_v1.4.0/defects4j/framework/bin:/opt/apache-ant-1.9.14/bin:/home/hewitt/work/defects4j_v1.4.0/defects4j/framework/bin
SHELL=/bin/bash
DISPLAY=:0

Signal Handlers:
SIGSEGV: [libjvm.so+0xad3e60], sa_mask[0]=11111111011111111101111111111110, sa_flags=SA_RESTART|SA_SIGINFO
SIGBUS: [libjvm.so+0xad3e60], sa_mask[0]=11111111011111111101111111111110, sa_flags=SA_RESTART|SA_SIGINFO
SIGFPE: [libjvm.so+0x90b880], sa_mask[0]=11111111011111111101111111111110, sa_flags=SA_RESTART|SA_SIGINFO
SIGPIPE: [libjvm.so+0x90b880], sa_mask[0]=11111111011111111101111111111110, sa_flags=SA_RESTART|SA_SIGINFO
SIGXFSZ: [libjvm.so+0x90b880], sa_mask[0]=11111111011111111101111111111110, sa_flags=SA_RESTART|SA_SIGINFO
SIGILL: [libjvm.so+0x90b880], sa_mask[0]=11111111011111111101111111111110, sa_flags=SA_RESTART|SA_SIGINFO
SIGUSR1: SIG_DFL, sa_mask[0]=00000000000000000000000000000000, sa_flags=none
SIGUSR2: [libjvm.so+0x90b750], sa_mask[0]=00100000000000000000000000000000, sa_flags=SA_RESTART|SA_SIGINFO
SIGHUP: [libjvm.so+0x90bd70], sa_mask[0]=11111111011111111101111111111110, sa_flags=SA_RESTART|SA_SIGINFO
SIGINT: [libjvm.so+0x90bd70], sa_mask[0]=11111111011111111101111111111110, sa_flags=SA_RESTART|SA_SIGINFO
SIGTERM: [libjvm.so+0x90bd70], sa_mask[0]=11111111011111111101111111111110, sa_flags=SA_RESTART|SA_SIGINFO
SIGQUIT: [libjvm.so+0x90bd70], sa_mask[0]=11111111011111111101111111111110, sa_flags=SA_RESTART|SA_SIGINFO


---------------  S Y S T E M  ---------------

OS:DISTRIB_ID=Ubuntu
DISTRIB_RELEASE=16.04
DISTRIB_CODENAME=xenial
DISTRIB_DESCRIPTION="Ubuntu 16.04.6 LTS"

uname:Linux 4.15.0-91-generic #92~16.04.1-Ubuntu SMP Fri Feb 28 14:57:22 UTC 2020 x86_64
libc:glibc 2.23 NPTL 2.23 
rlimit: STACK 8192k, CORE 0k, NPROC 15448, NOFILE 1048576, AS infinity
load average:13.67 11.42 11.91

/proc/meminfo:
MemTotal:        4015928 kB
MemFree:          843888 kB
MemAvailable:     757604 kB
Buffers:            1260 kB
Cached:            35416 kB
SwapCached:         1892 kB
Active:          2300124 kB
Inactive:         441596 kB
Active(anon):    2283868 kB
Inactive(anon):   422864 kB
Active(file):      16256 kB
Inactive(file):    18732 kB
Unevictable:          48 kB
Mlocked:              48 kB
SwapTotal:        998396 kB
SwapFree:          30824 kB
Dirty:               480 kB
Writeback:          1052 kB
AnonPages:       2703920 kB
Mapped:            27252 kB
Shmem:              1180 kB
Slab:              90064 kB
SReclaimable:      33380 kB
SUnreclaim:        56684 kB
KernelStack:       14096 kB
PageTables:        39144 kB
NFS_Unstable:          0 kB
Bounce:                0 kB
WritebackTmp:          0 kB
CommitLimit:     3006360 kB
Committed_AS:    7628516 kB
VmallocTotal:   34359738367 kB
VmallocUsed:           0 kB
VmallocChunk:          0 kB
HardwareCorrupted:     0 kB
AnonHugePages:         0 kB
ShmemHugePages:        0 kB
ShmemPmdMapped:        0 kB
CmaTotal:              0 kB
CmaFree:               0 kB
HugePages_Total:       0
HugePages_Free:        0
HugePages_Rsvd:        0
HugePages_Surp:        0
Hugepagesize:       2048 kB
DirectMap4k:       98112 kB
DirectMap2M:     4096000 kB
DirectMap1G:     2097152 kB

container (cgroup) information:
container_type: cgroupv1
cpu_cpuset_cpus: 0-3
cpu_memory_nodes: 0
active_processor_count: 4
cpu_quota: -1
cpu_period: 100000
cpu_shares: -1
memory_limit_in_bytes: -1
memory_and_swap_limit_in_bytes: -2
memory_soft_limit_in_bytes: -1
memory_usage_in_bytes: 2807590912
memory_max_usage_in_bytes: 20938752


CPU:total 4 (initial active 4) (2 cores per cpu, 1 threads per core) family 6 model 158 stepping 9, cmov, cx8, fxsr, mmx, sse, sse2, sse3, ssse3, sse4.1, sse4.2, popcnt, avx, avx2, aes, clmul, erms, 3dnowpref, lzcnt, tsc, tscinvbit, bmi1, bmi2, adx

/proc/cpuinfo:
processor	: 0
vendor_id	: GenuineIntel
cpu family	: 6
model		: 158
model name	: Intel(R) Core(TM) i7-7700HQ CPU @ 2.80GHz
stepping	: 9
microcode	: 0xb4
cpu MHz		: 2808.002
cache size	: 6144 KB
physical id	: 0
siblings	: 2
core id		: 0
cpu cores	: 2
apicid		: 0
initial apicid	: 0
fpu		: yes
fpu_exception	: yes
cpuid level	: 22
wp		: yes
flags		: fpu vme de pse tsc msr pae mce cx8 apic sep mtrr pge mca cmov pat pse36 clflush mmx fxsr sse sse2 ss ht syscall nx pdpe1gb rdtscp lm constant_tsc arch_perfmon nopl xtopology tsc_reliable nonstop_tsc cpuid pni pclmulqdq ssse3 fma cx16 pcid sse4_1 sse4_2 x2apic movbe popcnt tsc_deadline_timer aes xsave avx f16c rdrand hypervisor lahf_lm abm 3dnowprefetch cpuid_fault invpcid_single pti ssbd ibrs ibpb stibp fsgsbase tsc_adjust bmi1 avx2 smep bmi2 invpcid mpx rdseed adx smap clflushopt xsaveopt xsavec xsaves arat md_clear flush_l1d arch_capabilities
bugs		: cpu_meltdown spectre_v1 spectre_v2 spec_store_bypass l1tf mds swapgs itlb_multihit
bogomips	: 5616.00
clflush size	: 64
cache_alignment	: 64
address sizes	: 43 bits physical, 48 bits virtual
power management:

processor	: 1
vendor_id	: GenuineIntel
cpu family	: 6
model		: 158
model name	: Intel(R) Core(TM) i7-7700HQ CPU @ 2.80GHz
stepping	: 9
microcode	: 0xb4
cpu MHz		: 2808.002
cache size	: 6144 KB
physical id	: 0
siblings	: 2
core id		: 1
cpu cores	: 2
apicid		: 1
initial apicid	: 1
fpu		: yes
fpu_exception	: yes
cpuid level	: 22
wp		: yes
flags		: fpu vme de pse tsc msr pae mce cx8 apic sep mtrr pge mca cmov pat pse36 clflush mmx fxsr sse sse2 ss ht syscall nx pdpe1gb rdtscp lm constant_tsc arch_perfmon nopl xtopology tsc_reliable nonstop_tsc cpuid pni pclmulqdq ssse3 fma cx16 pcid sse4_1 sse4_2 x2apic movbe popcnt tsc_deadline_timer aes xsave avx f16c rdrand hypervisor lahf_lm abm 3dnowprefetch cpuid_fault invpcid_single pti ssbd ibrs ibpb stibp fsgsbase tsc_adjust bmi1 avx2 smep bmi2 invpcid mpx rdseed adx smap clflushopt xsaveopt xsavec xsaves arat md_clear flush_l1d arch_capabilities
bugs		: cpu_meltdown spectre_v1 spectre_v2 spec_store_bypass l1tf mds swapgs itlb_multihit
bogomips	: 5616.00
clflush size	: 64
cache_alignment	: 64
address sizes	: 43 bits physical, 48 bits virtual
power management:

processor	: 2
vendor_id	: GenuineIntel
cpu family	: 6
model		: 158
model name	: Intel(R) Core(TM) i7-7700HQ CPU @ 2.80GHz
stepping	: 9
microcode	: 0xb4
cpu MHz		: 2808.002
cache size	: 6144 KB
physical id	: 1
siblings	: 2
core id		: 0
cpu cores	: 2
apicid		: 2
initial apicid	: 2
fpu		: yes
fpu_exception	: yes
cpuid level	: 22
wp		: yes
flags		: fpu vme de pse tsc msr pae mce cx8 apic sep mtrr pge mca cmov pat pse36 clflush mmx fxsr sse sse2 ss ht syscall nx pdpe1gb rdtscp lm constant_tsc arch_perfmon nopl xtopology tsc_reliable nonstop_tsc cpuid pni pclmulqdq ssse3 fma cx16 pcid sse4_1 sse4_2 x2apic movbe popcnt tsc_deadline_timer aes xsave avx f16c rdrand hypervisor lahf_lm abm 3dnowprefetch cpuid_fault invpcid_single pti ssbd ibrs ibpb stibp fsgsbase tsc_adjust bmi1 avx2 smep bmi2 invpcid mpx rdseed adx smap clflushopt xsaveopt xsavec xsaves arat md_clear flush_l1d arch_capabilities
bugs		: cpu_meltdown spectre_v1 spectre_v2 spec_store_bypass l1tf mds swapgs itlb_multihit
bogomips	: 5616.00
clflush size	: 64
cache_alignment	: 64
address sizes	: 43 bits physical, 48 bits virtual
power management:

processor	: 3
vendor_id	: GenuineIntel
cpu family	: 6
model		: 158
model name	: Intel(R) Core(TM) i7-7700HQ CPU @ 2.80GHz
stepping	: 9
microcode	: 0xb4
cpu MHz		: 2808.002
cache size	: 6144 KB
physical id	: 1
siblings	: 2
core id		: 1
cpu cores	: 2
apicid		: 3
initial apicid	: 3
fpu		: yes
fpu_exception	: yes
cpuid level	: 22
wp		: yes
flags		: fpu vme de pse tsc msr pae mce cx8 apic sep mtrr pge mca cmov pat pse36 clflush mmx fxsr sse sse2 ss ht syscall nx pdpe1gb rdtscp lm constant_tsc arch_perfmon nopl xtopology tsc_reliable nonstop_tsc cpuid pni pclmulqdq ssse3 fma cx16 pcid sse4_1 sse4_2 x2apic movbe popcnt tsc_deadline_timer aes xsave avx f16c rdrand hypervisor lahf_lm abm 3dnowprefetch cpuid_fault invpcid_single pti ssbd ibrs ibpb stibp fsgsbase tsc_adjust bmi1 avx2 smep bmi2 invpcid mpx rdseed adx smap clflushopt xsaveopt xsavec xsaves arat md_clear flush_l1d arch_capabilities
bugs		: cpu_meltdown spectre_v1 spectre_v2 spec_store_bypass l1tf mds swapgs itlb_multihit
bogomips	: 5616.00
clflush size	: 64
cache_alignment	: 64
address sizes	: 43 bits physical, 48 bits virtual
power management:



Memory: 4k page, physical 4015928k(843888k free), swap 998396k(30824k free)

vm_info: Java HotSpot(TM) 64-Bit Server VM (25.201-b09) for linux-amd64 JRE (1.8.0_201-b09), built on Dec 15 2018 11:35:59 by "java_re" with gcc 7.3.0

time: Sat Mar 28 23:53:16 2020
timezone: CST
elapsed time: 36 seconds (0d 0h 0m 36s)

