#
# There is insufficient memory for the Java Runtime Environment to continue.
# Native memory allocation (mmap) failed to map 20447232 bytes for committing reserved memory.
# Possible reasons:
#   The system is out of physical RAM or swap space
#   The process is running with CompressedOops enabled, and the Java Heap may be blocking the growth of the native heap
# Possible solutions:
#   Reduce memory load on the system
#   Increase physical memory or swap space
#   Check if swap backing store is full
#   Decrease Java heap size (-Xmx/-Xms)
#   Decrease number of Java threads
#   Decrease Java thread stack sizes (-Xss)
#   Set larger code cache with -XX:ReservedCodeCacheSize=
#   JVM is running with Unscaled Compressed Oops mode in which the Java heap is
#     placed in the first 4GB address space. The Java Heap base address is the
#     maximum limit for the native heap growth. Please use -XX:HeapBaseMinAddress
#     to set the Java Heap base and to place the Java Heap above 4GB virtual address.
# This output file may be truncated or incomplete.
#
#  Out of Memory Error (os_linux.cpp:2749), pid=72990, tid=0x00007fc810efe700
#
# JRE version: Java(TM) SE Runtime Environment (8.0_201-b09) (build 1.8.0_201-b09)
# Java VM: Java HotSpot(TM) 64-Bit Server VM (25.201-b09 mixed mode linux-amd64 compressed oops)
# Failed to write core dump. Core dumps have been disabled. To enable core dumping, try "ulimit -c unlimited" before starting Java again
#

---------------  T H R E A D  ---------------

Current thread (0x00007fc820140000):  VMThread [stack: 0x00007fc810dfe000,0x00007fc810eff000] [id=73040]

Stack: [0x00007fc810dfe000,0x00007fc810eff000],  sp=0x00007fc810efd450,  free space=1021k
Native frames: (J=compiled Java code, j=interpreted, Vv=VM code, C=native code)
V  [libjvm.so+0xad3525]  VMError::report_and_die()+0x2e5
V  [libjvm.so+0x4e0457]  report_vm_out_of_memory(char const*, int, unsigned long, VMErrorType, char const*)+0x67
V  [libjvm.so+0x9102f0]  os::pd_commit_memory(char*, unsigned long, unsigned long, bool)+0x100
V  [libjvm.so+0x90791f]  os::commit_memory(char*, unsigned long, unsigned long, bool)+0x1f
V  [libjvm.so+0x98c806]  PSVirtualSpace::expand_by(unsigned long)+0x56
V  [libjvm.so+0x98da98]  PSYoungGen::resize(unsigned long, unsigned long)+0xd8
V  [libjvm.so+0x98a236]  PSScavenge::invoke_no_policy()+0x1376
V  [libjvm.so+0x98a5cc]  PSScavenge::invoke()+0x4c
V  [libjvm.so+0x93a318]  ParallelScavengeHeap::failed_mem_allocate(unsigned long)+0x68
V  [libjvm.so+0xad5073]  VM_ParallelGCFailedAllocation::doit()+0x93
V  [libjvm.so+0xada296]  VM_Operation::evaluate()+0x46
V  [libjvm.so+0xad85cd]  VMThread::evaluate_operation(VM_Operation*) [clone .constprop.44]+0xcd
V  [libjvm.so+0xad8bb3]  VMThread::loop()+0x3a3
V  [libjvm.so+0xad8f88]  VMThread::run()+0x78
V  [libjvm.so+0x90d922]  java_start(Thread*)+0x102

VM_Operation (0x00007fc800672ca0): ParallelGCFailedAllocation, mode: safepoint, requested by thread 0x00007fc7c4001000


---------------  P R O C E S S  ---------------

Java Threads: ( => current thread )
  0x00007fc7c4003000 JavaThread "RMI TCP Connection(3)-127.0.0.1" daemon [_thread_in_native, id=73486, stack(0x00007fc800478000,0x00007fc800579000)]
  0x00007fc7c4001000 JavaThread "RMI TCP Connection(2)-127.0.0.1" daemon [_thread_blocked, id=73395, stack(0x00007fc800579000,0x00007fc80067a000)]
  0x00007fc794038000 JavaThread "RMI Scheduler(0)" daemon [_thread_blocked, id=73393, stack(0x00007fc80067a000,0x00007fc80077b000)]
  0x00007fc794030800 JavaThread "RMI RenewClean-[127.0.0.1:19768]" daemon [_thread_blocked, id=73386, stack(0x00007fc80077b000,0x00007fc80087c000)]
  0x00007fc7c0001000 JavaThread "RMI TCP Connection(1)-127.0.0.1" daemon [_thread_in_native, id=73381, stack(0x00007fc80087c000,0x00007fc80097d000)]
  0x00007fc7b0005000 JavaThread "pool-3-thread-3" [_thread_in_native, id=73331, stack(0x00007fc80097d000,0x00007fc800a7e000)]
  0x00007fc7b0003000 JavaThread "pool-3-thread-2" [_thread_in_native, id=73330, stack(0x00007fc800a7e000,0x00007fc800b7f000)]
  0x00007fc7b0002000 JavaThread "pool-3-thread-1" [_thread_in_native, id=73328, stack(0x00007fc800b7f000,0x00007fc800c80000)]
  0x00007fc820218800 JavaThread "Thread-3" [_thread_in_native, id=73181, stack(0x00007fc800c80000,0x00007fc800d81000)]
  0x00007fc820217000 JavaThread "Thread-2" [_thread_in_native, id=73178, stack(0x00007fc800d81000,0x00007fc800e82000)]
  0x00007fc820215800 JavaThread "process reaper" daemon [_thread_in_native, id=73169, stack(0x00007fc824004000,0x00007fc82403d000)]
  0x00007fc8203c6800 JavaThread "pool-2-thread-1" [_thread_in_native, id=73149, stack(0x00007fc800e82000,0x00007fc800f83000)]
  0x00007fc8203c4800 JavaThread "GC Daemon" daemon [_thread_blocked, id=73146, stack(0x00007fc800f83000,0x00007fc801084000)]
  0x00007fc8203c1800 JavaThread "RMI Reaper" [_thread_blocked, id=73141, stack(0x00007fc801084000,0x00007fc801185000)]
  0x00007fc8203ba800 JavaThread "RMI TCP Accept-19164" daemon [_thread_in_native, id=73140, stack(0x00007fc801185000,0x00007fc801286000)]
  0x00007fc8203b3800 JavaThread "RMI TCP Accept-21210" daemon [_thread_in_native, id=73136, stack(0x00007fc801286000,0x00007fc801387000)]
  0x00007fc8202f9800 JavaThread "logback-3" daemon [_thread_blocked, id=73133, stack(0x00007fc801600000,0x00007fc801701000)]
  0x00007fc8202f6000 JavaThread "logback-2" daemon [_thread_blocked, id=73130, stack(0x00007fc801701000,0x00007fc801802000)]
  0x00007fc8202f4000 JavaThread "logback-1" daemon [_thread_blocked, id=73127, stack(0x00007fc801802000,0x00007fc801903000)]
  0x00007fc82019b800 JavaThread "Service Thread" daemon [_thread_blocked, id=73095, stack(0x00007fc801e4d000,0x00007fc801f4e000)]
  0x00007fc820186000 JavaThread "C1 CompilerThread2" daemon [_thread_blocked, id=73091, stack(0x00007fc801f4e000,0x00007fc80204f000)]
  0x00007fc820184800 JavaThread "C2 CompilerThread1" daemon [_thread_blocked, id=73085, stack(0x00007fc80204f000,0x00007fc802150000)]
  0x00007fc820181800 JavaThread "C2 CompilerThread0" daemon [_thread_blocked, id=73078, stack(0x00007fc81003b000,0x00007fc81013c000)]
  0x00007fc820180000 JavaThread "Signal Dispatcher" daemon [_thread_blocked, id=73062, stack(0x00007fc81013c000,0x00007fc81023d000)]
  0x00007fc82014c000 JavaThread "Finalizer" daemon [_thread_blocked, id=73059, stack(0x00007fc810bfc000,0x00007fc810cfd000)]
  0x00007fc820149800 JavaThread "Reference Handler" daemon [_thread_blocked, id=73053, stack(0x00007fc810cfd000,0x00007fc810dfe000)]
  0x00007fc82000a800 JavaThread "main" [_thread_in_native, id=73003, stack(0x00007fc82941d000,0x00007fc82951e000)]

Other Threads:
=>0x00007fc820140000 VMThread [stack: 0x00007fc810dfe000,0x00007fc810eff000] [id=73040]
  0x00007fc8201a6000 WatcherThread [stack: 0x00007fc801d4c000,0x00007fc801e4d000] [id=73106]

VM state:at safepoint (normal execution)

VM Mutex/Monitor currently owned by a thread:  ([mutex/lock_event])
[0x00007fc820007070] Threads_lock - owner thread: 0x00007fc820140000
[0x00007fc820007570] Heap_lock - owner thread: 0x00007fc7c4001000

heap address: 0x00000000c2a00000, size: 982 MB, Compressed Oops mode: 32-bit
Narrow klass base: 0x0000000000000000, Narrow klass shift: 3
Compressed class space size: 1073741824 Address: 0x0000000100000000

Heap:
 PSYoungGen      total 18432K, used 2560K [0x00000000eb900000, 0x00000000ecd80000, 0x0000000100000000)
  eden space 15872K, 0% used [0x00000000eb900000,0x00000000eb900000,0x00000000ec880000)
  from space 2560K, 100% used [0x00000000ecb00000,0x00000000ecd80000,0x00000000ecd80000)
  to   space 2560K, 0% used [0x00000000ec880000,0x00000000ec880000,0x00000000ecb00000)
 ParOldGen       total 42496K, used 8044K [0x00000000c2a00000, 0x00000000c5380000, 0x00000000eb900000)
  object space 42496K, 18% used [0x00000000c2a00000,0x00000000c31db160,0x00000000c5380000)
 Metaspace       used 13749K, capacity 14112K, committed 14336K, reserved 1062912K
  class space    used 1584K, capacity 1702K, committed 1792K, reserved 1048576K

Card table byte_map: [0x00007fc825fd2000,0x00007fc8261be000] byte_map_base: 0x00007fc8259bd000

Marking Bits: (ParMarkBitMap*) 0x00007fc8288f4d80
 Begin Bits: [0x00007fc802150000, 0x00007fc8030a8000)
 End Bits:   [0x00007fc8030a8000, 0x00007fc804000000)

Polling page: 0x00007fc829539000

CodeCache: size=245760Kb used=5657Kb max_used=5657Kb free=240102Kb
 bounds [0x00007fc811000000, 0x00007fc811590000, 0x00007fc820000000]
 total_blobs=2005 nmethods=1657 adapters=261
 compilation: enabled

Compilation events (10 events):
Event: 27.780 Thread 0x00007fc820186000 1675       2       java.util.HashSet::remove (20 bytes)
Event: 27.781 Thread 0x00007fc820186000 nmethod 1675 0x00007fc811586f10 code [0x00007fc8115870a0, 0x00007fc8115872d8]
Event: 27.795 Thread 0x00007fc820186000 1676       2       org.evosuite.shaded.org.objectweb.asm.tree.InsnList::insert (58 bytes)
Event: 27.795 Thread 0x00007fc820186000 nmethod 1676 0x00007fc811587410 code [0x00007fc811587580, 0x00007fc811587790]
Event: 27.797 Thread 0x00007fc820186000 1678 %     3       org.evosuite.shaded.org.objectweb.asm.Type::getArgumentsAndReturnSizes @ 63 (151 bytes)
Event: 27.798 Thread 0x00007fc820186000 nmethod 1678% 0x00007fc811587890 code [0x00007fc811587ac0, 0x00007fc8115888f8]
Event: 27.871 Thread 0x00007fc820186000 1679       2       org.evosuite.shaded.org.objectweb.asm.tree.analysis.SourceInterpreter::copyOperation (10 bytes)
Event: 27.871 Thread 0x00007fc820186000 nmethod 1679 0x00007fc811588ed0 code [0x00007fc811589040, 0x00007fc8115892b0]
Event: 27.871 Thread 0x00007fc820186000 1680       2       org.evosuite.shaded.org.objectweb.asm.tree.analysis.SourceInterpreter::copyOperation (13 bytes)
Event: 27.871 Thread 0x00007fc820186000 nmethod 1680 0x00007fc811589410 code [0x00007fc811589580, 0x00007fc8115897b0]

GC Heap History (10 events):
Event: 2.054 GC heap after
Heap after GC invocations=2 (full 0):
 PSYoungGen      total 18432K, used 2480K [0x00000000eb900000, 0x00000000ecd80000, 0x0000000100000000)
  eden space 15872K, 0% used [0x00000000eb900000,0x00000000eb900000,0x00000000ec880000)
  from space 2560K, 96% used [0x00000000ecb00000,0x00000000ecd6c010,0x00000000ecd80000)
  to   space 2560K, 0% used [0x00000000ec880000,0x00000000ec880000,0x00000000ecb00000)
 ParOldGen       total 42496K, used 1543K [0x00000000c2a00000, 0x00000000c5380000, 0x00000000eb900000)
  object space 42496K, 3% used [0x00000000c2a00000,0x00000000c2b81ef0,0x00000000c5380000)
 Metaspace       used 10169K, capacity 10316K, committed 10624K, reserved 1058816K
  class space    used 1227K, capacity 1287K, committed 1408K, reserved 1048576K
}
Event: 2.054 GC heap before
{Heap before GC invocations=3 (full 1):
 PSYoungGen      total 18432K, used 2480K [0x00000000eb900000, 0x00000000ecd80000, 0x0000000100000000)
  eden space 15872K, 0% used [0x00000000eb900000,0x00000000eb900000,0x00000000ec880000)
  from space 2560K, 96% used [0x00000000ecb00000,0x00000000ecd6c010,0x00000000ecd80000)
  to   space 2560K, 0% used [0x00000000ec880000,0x00000000ec880000,0x00000000ecb00000)
 ParOldGen       total 42496K, used 1543K [0x00000000c2a00000, 0x00000000c5380000, 0x00000000eb900000)
  object space 42496K, 3% used [0x00000000c2a00000,0x00000000c2b81ef0,0x00000000c5380000)
 Metaspace       used 10169K, capacity 10316K, committed 10624K, reserved 1058816K
  class space    used 1227K, capacity 1287K, committed 1408K, reserved 1048576K
Event: 2.108 GC heap after
Heap after GC invocations=3 (full 1):
 PSYoungGen      total 18432K, used 0K [0x00000000eb900000, 0x00000000ecd80000, 0x0000000100000000)
  eden space 15872K, 0% used [0x00000000eb900000,0x00000000eb900000,0x00000000ec880000)
  from space 2560K, 0% used [0x00000000ecb00000,0x00000000ecb00000,0x00000000ecd80000)
  to   space 2560K, 0% used [0x00000000ec880000,0x00000000ec880000,0x00000000ecb00000)
 ParOldGen       total 42496K, used 2456K [0x00000000c2a00000, 0x00000000c5380000, 0x00000000eb900000)
  object space 42496K, 5% used [0x00000000c2a00000,0x00000000c2c66148,0x00000000c5380000)
 Metaspace       used 10161K, capacity 10306K, committed 10624K, reserved 1058816K
  class space    used 1225K, capacity 1285K, committed 1408K, reserved 1048576K
}
Event: 24.859 GC heap before
{Heap before GC invocations=4 (full 1):
 PSYoungGen      total 18432K, used 15872K [0x00000000eb900000, 0x00000000ecd80000, 0x0000000100000000)
  eden space 15872K, 100% used [0x00000000eb900000,0x00000000ec880000,0x00000000ec880000)
  from space 2560K, 0% used [0x00000000ecb00000,0x00000000ecb00000,0x00000000ecd80000)
  to   space 2560K, 0% used [0x00000000ec880000,0x00000000ec880000,0x00000000ecb00000)
 ParOldGen       total 42496K, used 2456K [0x00000000c2a00000, 0x00000000c5380000, 0x00000000eb900000)
  object space 42496K, 5% used [0x00000000c2a00000,0x00000000c2c66148,0x00000000c5380000)
 Metaspace       used 13280K, capacity 13684K, committed 13824K, reserved 1060864K
  class space    used 1567K, capacity 1668K, committed 1792K, reserved 1048576K
Event: 24.877 GC heap after
Heap after GC invocations=4 (full 1):
 PSYoungGen      total 18432K, used 2551K [0x00000000eb900000, 0x00000000ecd80000, 0x0000000100000000)
  eden space 15872K, 0% used [0x00000000eb900000,0x00000000eb900000,0x00000000ec880000)
  from space 2560K, 99% used [0x00000000ec880000,0x00000000ecafdf98,0x00000000ecb00000)
  to   space 2560K, 0% used [0x00000000ecb00000,0x00000000ecb00000,0x00000000ecd80000)
 ParOldGen       total 42496K, used 4469K [0x00000000c2a00000, 0x00000000c5380000, 0x00000000eb900000)
  object space 42496K, 10% used [0x00000000c2a00000,0x00000000c2e5d530,0x00000000c5380000)
 Metaspace       used 13280K, capacity 13684K, committed 13824K, reserved 1060864K
  class space    used 1567K, capacity 1668K, committed 1792K, reserved 1048576K
}
Event: 26.485 GC heap before
{Heap before GC invocations=5 (full 1):
 PSYoungGen      total 18432K, used 18423K [0x00000000eb900000, 0x00000000ecd80000, 0x0000000100000000)
  eden space 15872K, 100% used [0x00000000eb900000,0x00000000ec880000,0x00000000ec880000)
  from space 2560K, 99% used [0x00000000ec880000,0x00000000ecafdf98,0x00000000ecb00000)
  to   space 2560K, 0% used [0x00000000ecb00000,0x00000000ecb00000,0x00000000ecd80000)
 ParOldGen       total 42496K, used 4469K [0x00000000c2a00000, 0x00000000c5380000, 0x00000000eb900000)
  object space 42496K, 10% used [0x00000000c2a00000,0x00000000c2e5d530,0x00000000c5380000)
 Metaspace       used 13641K, capacity 13984K, committed 14080K, reserved 1060864K
  class space    used 1584K, capacity 1702K, committed 1792K, reserved 1048576K
Event: 26.514 GC heap after
Heap after GC invocations=5 (full 1):
 PSYoungGen      total 18432K, used 2544K [0x00000000eb900000, 0x00000000ecd80000, 0x0000000100000000)
  eden space 15872K, 0% used [0x00000000eb900000,0x00000000eb900000,0x00000000ec880000)
  from space 2560K, 99% used [0x00000000ecb00000,0x00000000ecd7c010,0x00000000ecd80000)
  to   space 2560K, 0% used [0x00000000ec880000,0x00000000ec880000,0x00000000ecb00000)
 ParOldGen       total 42496K, used 5675K [0x00000000c2a00000, 0x00000000c5380000, 0x00000000eb900000)
  object space 42496K, 13% used [0x00000000c2a00000,0x00000000c2f8ae70,0x00000000c5380000)
 Metaspace       used 13641K, capacity 13984K, committed 14080K, reserved 1060864K
  class space    used 1584K, capacity 1702K, committed 1792K, reserved 1048576K
}
Event: 27.367 GC heap before
{Heap before GC invocations=6 (full 1):
 PSYoungGen      total 18432K, used 18416K [0x00000000eb900000, 0x00000000ecd80000, 0x0000000100000000)
  eden space 15872K, 100% used [0x00000000eb900000,0x00000000ec880000,0x00000000ec880000)
  from space 2560K, 99% used [0x00000000ecb00000,0x00000000ecd7c010,0x00000000ecd80000)
  to   space 2560K, 0% used [0x00000000ec880000,0x00000000ec880000,0x00000000ecb00000)
 ParOldGen       total 42496K, used 5675K [0x00000000c2a00000, 0x00000000c5380000, 0x00000000eb900000)
  object space 42496K, 13% used [0x00000000c2a00000,0x00000000c2f8ae70,0x00000000c5380000)
 Metaspace       used 13717K, capacity 14112K, committed 14336K, reserved 1062912K
  class space    used 1584K, capacity 1702K, committed 1792K, reserved 1048576K
Event: 27.374 GC heap after
Heap after GC invocations=6 (full 1):
 PSYoungGen      total 18432K, used 2544K [0x00000000eb900000, 0x00000000ecd80000, 0x0000000100000000)
  eden space 15872K, 0% used [0x00000000eb900000,0x00000000eb900000,0x00000000ec880000)
  from space 2560K, 99% used [0x00000000ec880000,0x00000000ecafc010,0x00000000ecb00000)
  to   space 2560K, 0% used [0x00000000ecb00000,0x00000000ecb00000,0x00000000ecd80000)
 ParOldGen       total 42496K, used 6880K [0x00000000c2a00000, 0x00000000c5380000, 0x00000000eb900000)
  object space 42496K, 16% used [0x00000000c2a00000,0x00000000c30b8300,0x00000000c5380000)
 Metaspace       used 13717K, capacity 14112K, committed 14336K, reserved 1062912K
  class space    used 1584K, capacity 1702K, committed 1792K, reserved 1048576K
}
Event: 27.893 GC heap before
{Heap before GC invocations=7 (full 1):
 PSYoungGen      total 18432K, used 18416K [0x00000000eb900000, 0x00000000ecd80000, 0x0000000100000000)
  eden space 15872K, 100% used [0x00000000eb900000,0x00000000ec880000,0x00000000ec880000)
  from space 2560K, 99% used [0x00000000ec880000,0x00000000ecafc010,0x00000000ecb00000)
  to   space 2560K, 0% used [0x00000000ecb00000,0x00000000ecb00000,0x00000000ecd80000)
 ParOldGen       total 42496K, used 6880K [0x00000000c2a00000, 0x00000000c5380000, 0x00000000eb900000)
  object space 42496K, 16% used [0x00000000c2a00000,0x00000000c30b8300,0x00000000c5380000)
 Metaspace       used 13749K, capacity 14112K, committed 14336K, reserved 1062912K
  class space    used 1584K, capacity 1702K, committed 1792K, reserved 1048576K

Deoptimization events (10 events):
Event: 23.513 Thread 0x00007fc7c4001000 Uncommon trap: reason=bimorphic action=maybe_recompile pc=0x00007fc811278510 method=java.util.HashMap.putVal(ILjava/lang/Object;Ljava/lang/Object;ZZ)Ljava/lang/Object; @ 91
Event: 23.515 Thread 0x00007fc7c4001000 Uncommon trap: reason=bimorphic action=maybe_recompile pc=0x00007fc811278510 method=java.util.HashMap.putVal(ILjava/lang/Object;Ljava/lang/Object;ZZ)Ljava/lang/Object; @ 91
Event: 23.709 Thread 0x00007fc7c4001000 Uncommon trap: reason=unstable_if action=reinterpret pc=0x00007fc8113bae98 method=java.io.ObjectStreamClass$FieldReflector.setObjFieldValues(Ljava/lang/Object;[Ljava/lang/Object;)V @ 92
Event: 24.172 Thread 0x00007fc7c4001000 Uncommon trap: reason=unstable_if action=reinterpret pc=0x00007fc8113cb4ac method=java.io.ObjectInputStream$HandleTable.finish(I)V @ 4
Event: 24.516 Thread 0x00007fc7c4001000 Uncommon trap: reason=class_check action=maybe_recompile pc=0x00007fc8113e29bc method=java.util.HashMap.putVal(ILjava/lang/Object;Ljava/lang/Object;ZZ)Ljava/lang/Object; @ 203
Event: 24.820 Thread 0x00007fc7c4001000 Uncommon trap: reason=unstable_if action=reinterpret pc=0x00007fc81120b030 method=java.lang.AbstractStringBuilder.append(Ljava/lang/String;)Ljava/lang/AbstractStringBuilder; @ 1
Event: 24.889 Thread 0x00007fc7c4001000 Uncommon trap: reason=unstable_if action=reinterpret pc=0x00007fc8111f4da8 method=java.lang.AbstractStringBuilder.append(Ljava/lang/String;)Ljava/lang/AbstractStringBuilder; @ 1
Event: 25.135 Thread 0x00007fc7c4001000 Uncommon trap: reason=class_check action=maybe_recompile pc=0x00007fc8113e29bc method=java.util.HashMap.putVal(ILjava/lang/Object;Ljava/lang/Object;ZZ)Ljava/lang/Object; @ 203
Event: 25.135 Thread 0x00007fc7c4001000 Uncommon trap: reason=class_check action=maybe_recompile pc=0x00007fc8113e29bc method=java.util.HashMap.putVal(ILjava/lang/Object;Ljava/lang/Object;ZZ)Ljava/lang/Object; @ 203
Event: 25.136 Thread 0x00007fc7c4001000 Uncommon trap: reason=class_check action=maybe_recompile pc=0x00007fc8113e29bc method=java.util.HashMap.putVal(ILjava/lang/Object;Ljava/lang/Object;ZZ)Ljava/lang/Object; @ 203

Classes redefined (0 events):
No events

Internal exceptions (10 events):
Event: 11.239 Thread 0x00007fc8202f4000 Exception <a 'java/net/ConnectException'> (0x00000000ebb52f98) thrown at [/HUDSON/workspace/8-2-build-linux-amd64/jdk8u201/12317/hotspot/src/share/vm/prims/jni.cpp, line 709]
Event: 11.264 Thread 0x00007fc8202f6000 Exception <a 'java/net/ConnectException'> (0x00000000ebb7ab40) thrown at [/HUDSON/workspace/8-2-build-linux-amd64/jdk8u201/12317/hotspot/src/share/vm/prims/jni.cpp, line 709]
Event: 11.288 Thread 0x00007fc8202f9800 Exception <a 'java/net/ConnectException'> (0x00000000ebba26e8) thrown at [/HUDSON/workspace/8-2-build-linux-amd64/jdk8u201/12317/hotspot/src/share/vm/prims/jni.cpp, line 709]
Event: 21.239 Thread 0x00007fc8202f4000 Exception <a 'java/net/ConnectException'> (0x00000000ebb53ac0) thrown at [/HUDSON/workspace/8-2-build-linux-amd64/jdk8u201/12317/hotspot/src/share/vm/prims/jni.cpp, line 709]
Event: 21.264 Thread 0x00007fc8202f6000 Exception <a 'java/net/ConnectException'> (0x00000000ebb7b668) thrown at [/HUDSON/workspace/8-2-build-linux-amd64/jdk8u201/12317/hotspot/src/share/vm/prims/jni.cpp, line 709]
Event: 21.288 Thread 0x00007fc8202f9800 Exception <a 'java/net/ConnectException'> (0x00000000ebba3210) thrown at [/HUDSON/workspace/8-2-build-linux-amd64/jdk8u201/12317/hotspot/src/share/vm/prims/jni.cpp, line 709]
Event: 23.709 Thread 0x00007fc7c4001000 Implicit null exception at 0x00007fc8113b9f71 to 0x00007fc8113bae65
Event: 24.048 Thread 0x00007fc7c4001000 Exception <a 'java/lang/NoSuchMethodError': <clinit>> (0x00000000ec3aacc0) thrown at [/HUDSON/workspace/8-2-build-linux-amd64/jdk8u201/12317/hotspot/src/share/vm/prims/jni.cpp, line 1613]
Event: 24.820 Thread 0x00007fc7c4001000 Implicit null exception at 0x00007fc81120ac75 to 0x00007fc81120b01d
Event: 24.889 Thread 0x00007fc7c4001000 Implicit null exception at 0x00007fc8111f4974 to 0x00007fc8111f4d91

Events (10 events):
Event: 25.275 loading class org/evosuite/instrumentation/testability/DescriptorMapping$1 done
Event: 25.388 loading class org/evosuite/coverage/mutation/MutationObserver
Event: 25.388 loading class org/evosuite/coverage/mutation/MutationObserver done
Event: 25.458 loading class org/evosuite/instrumentation/ReturnValueAdapter$PDType
Event: 25.458 loading class org/evosuite/instrumentation/ReturnValueAdapter$PDType done
Event: 26.483 Executing VM operation: ParallelGCFailedAllocation
Event: 26.514 Executing VM operation: ParallelGCFailedAllocation done
Event: 27.367 Executing VM operation: ParallelGCFailedAllocation
Event: 27.374 Executing VM operation: ParallelGCFailedAllocation done
Event: 27.893 Executing VM operation: ParallelGCFailedAllocation


Dynamic libraries:
00400000-00401000 r-xp 00000000 08:01 654793                             /usr/lib/jdk/jdk1.8.0_201/bin/java
00600000-00601000 r--p 00000000 08:01 654793                             /usr/lib/jdk/jdk1.8.0_201/bin/java
00601000-00602000 rw-p 00001000 08:01 654793                             /usr/lib/jdk/jdk1.8.0_201/bin/java
0207e000-022f7000 rw-p 00000000 00:00 0                                  [heap]
c2a00000-c5380000 rw-p 00000000 00:00 0 
c5380000-eb900000 ---p 00000000 00:00 0 
eb900000-ecd80000 rw-p 00000000 00:00 0 
ee100000-100000000 ---p 00000000 00:00 0 
100000000-1001c0000 rw-p 00000000 00:00 0 
1001c0000-140000000 ---p 00000000 00:00 0 
7fc78c000000-7fc78c021000 rw-p 00000000 00:00 0 
7fc78c021000-7fc790000000 ---p 00000000 00:00 0 
7fc794000000-7fc79403b000 rw-p 00000000 00:00 0 
7fc79403b000-7fc798000000 ---p 00000000 00:00 0 
7fc798000000-7fc798021000 rw-p 00000000 00:00 0 
7fc798021000-7fc79c000000 ---p 00000000 00:00 0 
7fc79c000000-7fc79c021000 rw-p 00000000 00:00 0 
7fc79c021000-7fc7a0000000 ---p 00000000 00:00 0 
7fc7a0000000-7fc7a0021000 rw-p 00000000 00:00 0 
7fc7a0021000-7fc7a4000000 ---p 00000000 00:00 0 
7fc7a4000000-7fc7a4021000 rw-p 00000000 00:00 0 
7fc7a4021000-7fc7a8000000 ---p 00000000 00:00 0 
7fc7a8000000-7fc7a8021000 rw-p 00000000 00:00 0 
7fc7a8021000-7fc7ac000000 ---p 00000000 00:00 0 
7fc7ac000000-7fc7ac021000 rw-p 00000000 00:00 0 
7fc7ac021000-7fc7b0000000 ---p 00000000 00:00 0 
7fc7b0000000-7fc7b0021000 rw-p 00000000 00:00 0 
7fc7b0021000-7fc7b4000000 ---p 00000000 00:00 0 
7fc7b4000000-7fc7b4021000 rw-p 00000000 00:00 0 
7fc7b4021000-7fc7b8000000 ---p 00000000 00:00 0 
7fc7b8000000-7fc7b8021000 rw-p 00000000 00:00 0 
7fc7b8021000-7fc7bc000000 ---p 00000000 00:00 0 
7fc7bc000000-7fc7bc021000 rw-p 00000000 00:00 0 
7fc7bc021000-7fc7c0000000 ---p 00000000 00:00 0 
7fc7c0000000-7fc7c0021000 rw-p 00000000 00:00 0 
7fc7c0021000-7fc7c4000000 ---p 00000000 00:00 0 
7fc7c4000000-7fc7c4021000 rw-p 00000000 00:00 0 
7fc7c4021000-7fc7c8000000 ---p 00000000 00:00 0 
7fc7c8000000-7fc7c8021000 rw-p 00000000 00:00 0 
7fc7c8021000-7fc7cc000000 ---p 00000000 00:00 0 
7fc7cc000000-7fc7cc021000 rw-p 00000000 00:00 0 
7fc7cc021000-7fc7d0000000 ---p 00000000 00:00 0 
7fc7d0000000-7fc7d0021000 rw-p 00000000 00:00 0 
7fc7d0021000-7fc7d4000000 ---p 00000000 00:00 0 
7fc7d4000000-7fc7d4021000 rw-p 00000000 00:00 0 
7fc7d4021000-7fc7d8000000 ---p 00000000 00:00 0 
7fc7d8000000-7fc7d8021000 rw-p 00000000 00:00 0 
7fc7d8021000-7fc7dc000000 ---p 00000000 00:00 0 
7fc7dcfff000-7fc7e0000000 rw-p 00000000 00:00 0 
7fc7e0000000-7fc7e09e8000 rw-p 00000000 00:00 0 
7fc7e09e8000-7fc7e4000000 ---p 00000000 00:00 0 
7fc7e4000000-7fc7e4471000 rw-p 00000000 00:00 0 
7fc7e4471000-7fc7e8000000 ---p 00000000 00:00 0 
7fc7e8000000-7fc7e8021000 rw-p 00000000 00:00 0 
7fc7e8021000-7fc7ec000000 ---p 00000000 00:00 0 
7fc7ec000000-7fc7ecdc8000 rw-p 00000000 00:00 0 
7fc7ecdc8000-7fc7f0000000 ---p 00000000 00:00 0 
7fc7f0000000-7fc7f0021000 rw-p 00000000 00:00 0 
7fc7f0021000-7fc7f4000000 ---p 00000000 00:00 0 
7fc7f4000000-7fc7f4021000 rw-p 00000000 00:00 0 
7fc7f4021000-7fc7f8000000 ---p 00000000 00:00 0 
7fc7f8000000-7fc7f82dd000 rw-p 00000000 00:00 0 
7fc7f82dd000-7fc7fc000000 ---p 00000000 00:00 0 
7fc7fc000000-7fc7fc021000 rw-p 00000000 00:00 0 
7fc7fc021000-7fc800000000 ---p 00000000 00:00 0 
7fc800078000-7fc8000b8000 rw-p 00000000 00:00 0 
7fc8000b8000-7fc800278000 ---p 00000000 00:00 0 
7fc800278000-7fc800478000 rw-p 00000000 00:00 0 
7fc800478000-7fc80047b000 ---p 00000000 00:00 0 
7fc80047b000-7fc800579000 rw-p 00000000 00:00 0 
7fc800579000-7fc80057c000 ---p 00000000 00:00 0 
7fc80057c000-7fc80067a000 rw-p 00000000 00:00 0 
7fc80067a000-7fc80067d000 ---p 00000000 00:00 0 
7fc80067d000-7fc80077b000 rw-p 00000000 00:00 0 
7fc80077b000-7fc80077e000 ---p 00000000 00:00 0 
7fc80077e000-7fc80087c000 rw-p 00000000 00:00 0 
7fc80087c000-7fc80087f000 ---p 00000000 00:00 0 
7fc80087f000-7fc80097d000 rw-p 00000000 00:00 0 
7fc80097d000-7fc800980000 ---p 00000000 00:00 0 
7fc800980000-7fc800a7e000 rw-p 00000000 00:00 0 
7fc800a7e000-7fc800a81000 ---p 00000000 00:00 0 
7fc800a81000-7fc800b7f000 rw-p 00000000 00:00 0 
7fc800b7f000-7fc800b82000 ---p 00000000 00:00 0 
7fc800b82000-7fc800c80000 rw-p 00000000 00:00 0 
7fc800c80000-7fc800c83000 ---p 00000000 00:00 0 
7fc800c83000-7fc800d81000 rw-p 00000000 00:00 0 
7fc800d81000-7fc800d84000 ---p 00000000 00:00 0 
7fc800d84000-7fc800e82000 rw-p 00000000 00:00 0 
7fc800e82000-7fc800e85000 ---p 00000000 00:00 0 
7fc800e85000-7fc800f83000 rw-p 00000000 00:00 0 
7fc800f83000-7fc800f86000 ---p 00000000 00:00 0 
7fc800f86000-7fc801084000 rw-p 00000000 00:00 0 
7fc801084000-7fc801087000 ---p 00000000 00:00 0 
7fc801087000-7fc801185000 rw-p 00000000 00:00 0 
7fc801185000-7fc801188000 ---p 00000000 00:00 0 
7fc801188000-7fc801286000 rw-p 00000000 00:00 0 
7fc801286000-7fc801289000 ---p 00000000 00:00 0 
7fc801289000-7fc801587000 rw-p 00000000 00:00 0 
7fc801587000-7fc801600000 r--s 010fd000 08:01 654900                     /usr/lib/jdk/jdk1.8.0_201/lib/tools.jar
7fc801600000-7fc801603000 ---p 00000000 00:00 0 
7fc801603000-7fc801701000 rw-p 00000000 00:00 0 
7fc801701000-7fc801704000 ---p 00000000 00:00 0 
7fc801704000-7fc801802000 rw-p 00000000 00:00 0 
7fc801802000-7fc801805000 ---p 00000000 00:00 0 
7fc801805000-7fc801903000 rw-p 00000000 00:00 0 
7fc801903000-7fc801919000 r-xp 00000000 08:01 656512                     /usr/lib/jdk/jdk1.8.0_201/jre/lib/amd64/libnet.so
7fc801919000-7fc801b19000 ---p 00016000 08:01 656512                     /usr/lib/jdk/jdk1.8.0_201/jre/lib/amd64/libnet.so
7fc801b19000-7fc801b1a000 r--p 00016000 08:01 656512                     /usr/lib/jdk/jdk1.8.0_201/jre/lib/amd64/libnet.so
7fc801b1a000-7fc801b1b000 rw-p 00017000 08:01 656512                     /usr/lib/jdk/jdk1.8.0_201/jre/lib/amd64/libnet.so
7fc801b1b000-7fc801d4c000 r--s 01bb1000 08:01 403225                     /home/hewitt/work/DiffTGen-master/lib/evosuite-1.0.6.jar
7fc801d4c000-7fc801d4d000 ---p 00000000 00:00 0 
7fc801d4d000-7fc801e4d000 rw-p 00000000 00:00 0 
7fc801e4d000-7fc801e50000 ---p 00000000 00:00 0 
7fc801e50000-7fc801f4e000 rw-p 00000000 00:00 0 
7fc801f4e000-7fc801f51000 ---p 00000000 00:00 0 
7fc801f51000-7fc80204f000 rw-p 00000000 00:00 0 
7fc80204f000-7fc802052000 ---p 00000000 00:00 0 
7fc802052000-7fc804000000 rw-p 00000000 00:00 0 
7fc804000000-7fc804021000 rw-p 00000000 00:00 0 
7fc804021000-7fc808000000 ---p 00000000 00:00 0 
7fc808000000-7fc808021000 rw-p 00000000 00:00 0 
7fc808021000-7fc80c000000 ---p 00000000 00:00 0 
7fc80c000000-7fc80c021000 rw-p 00000000 00:00 0 
7fc80c021000-7fc810000000 ---p 00000000 00:00 0 
7fc810031000-7fc81003b000 r--s 00116000 08:01 656361                     /usr/lib/jdk/jdk1.8.0_201/jre/lib/ext/localedata.jar
7fc81003b000-7fc81003e000 ---p 00000000 00:00 0 
7fc81003e000-7fc81013c000 rw-p 00000000 00:00 0 
7fc81013c000-7fc81013f000 ---p 00000000 00:00 0 
7fc81013f000-7fc81023d000 rw-p 00000000 00:00 0 
7fc81023d000-7fc810bfc000 r--p 00000000 08:01 270368                     /usr/lib/locale/locale-archive
7fc810bfc000-7fc810bff000 ---p 00000000 00:00 0 
7fc810bff000-7fc810cfd000 rw-p 00000000 00:00 0 
7fc810cfd000-7fc810d00000 ---p 00000000 00:00 0 
7fc810d00000-7fc810dfe000 rw-p 00000000 00:00 0 
7fc810dfe000-7fc810dff000 ---p 00000000 00:00 0 
7fc810dff000-7fc811000000 rw-p 00000000 00:00 0 
7fc811000000-7fc811590000 rwxp 00000000 00:00 0 
7fc811590000-7fc820000000 ---p 00000000 00:00 0 
7fc820000000-7fc8204d7000 rw-p 00000000 00:00 0 
7fc8204d7000-7fc824000000 ---p 00000000 00:00 0 
7fc824004000-7fc824007000 ---p 00000000 00:00 0 
7fc824007000-7fc824e4b000 rw-p 00000000 00:00 0 
7fc824e4b000-7fc825025000 r--s 03d6f000 08:01 656293                     /usr/lib/jdk/jdk1.8.0_201/jre/lib/rt.jar
7fc825025000-7fc825a86000 rw-p 00000000 00:00 0 
7fc825a86000-7fc825a87000 ---p 00000000 00:00 0 
7fc825a87000-7fc825b87000 rw-p 00000000 00:00 0 
7fc825b87000-7fc825b88000 ---p 00000000 00:00 0 
7fc825b88000-7fc825c88000 rw-p 00000000 00:00 0 
7fc825c88000-7fc825c89000 ---p 00000000 00:00 0 
7fc825c89000-7fc825d89000 rw-p 00000000 00:00 0 
7fc825d89000-7fc825d8a000 ---p 00000000 00:00 0 
7fc825d8a000-7fc825e9f000 rw-p 00000000 00:00 0 
7fc825e9f000-7fc825fd2000 ---p 00000000 00:00 0 
7fc825fd2000-7fc825fe7000 rw-p 00000000 00:00 0 
7fc825fe7000-7fc826119000 ---p 00000000 00:00 0 
7fc826119000-7fc826124000 rw-p 00000000 00:00 0 
7fc826124000-7fc8261bd000 ---p 00000000 00:00 0 
7fc8261bd000-7fc8261d5000 rw-p 00000000 00:00 0 
7fc8261d5000-7fc82657e000 ---p 00000000 00:00 0 
7fc82657e000-7fc826599000 r-xp 00000000 08:01 656508                     /usr/lib/jdk/jdk1.8.0_201/jre/lib/amd64/libzip.so
7fc826599000-7fc826798000 ---p 0001b000 08:01 656508                     /usr/lib/jdk/jdk1.8.0_201/jre/lib/amd64/libzip.so
7fc826798000-7fc826799000 r--p 0001a000 08:01 656508                     /usr/lib/jdk/jdk1.8.0_201/jre/lib/amd64/libzip.so
7fc826799000-7fc82679a000 rw-p 0001b000 08:01 656508                     /usr/lib/jdk/jdk1.8.0_201/jre/lib/amd64/libzip.so
7fc82679a000-7fc8267a5000 r-xp 00000000 08:01 658902                     /lib/x86_64-linux-gnu/libnss_files-2.23.so
7fc8267a5000-7fc8269a4000 ---p 0000b000 08:01 658902                     /lib/x86_64-linux-gnu/libnss_files-2.23.so
7fc8269a4000-7fc8269a5000 r--p 0000a000 08:01 658902                     /lib/x86_64-linux-gnu/libnss_files-2.23.so
7fc8269a5000-7fc8269a6000 rw-p 0000b000 08:01 658902                     /lib/x86_64-linux-gnu/libnss_files-2.23.so
7fc8269a6000-7fc8269ac000 rw-p 00000000 00:00 0 
7fc8269ac000-7fc8269b7000 r-xp 00000000 08:01 658912                     /lib/x86_64-linux-gnu/libnss_nis-2.23.so
7fc8269b7000-7fc826bb6000 ---p 0000b000 08:01 658912                     /lib/x86_64-linux-gnu/libnss_nis-2.23.so
7fc826bb6000-7fc826bb7000 r--p 0000a000 08:01 658912                     /lib/x86_64-linux-gnu/libnss_nis-2.23.so
7fc826bb7000-7fc826bb8000 rw-p 0000b000 08:01 658912                     /lib/x86_64-linux-gnu/libnss_nis-2.23.so
7fc826bb8000-7fc826bce000 r-xp 00000000 08:01 658896                     /lib/x86_64-linux-gnu/libnsl-2.23.so
7fc826bce000-7fc826dcd000 ---p 00016000 08:01 658896                     /lib/x86_64-linux-gnu/libnsl-2.23.so
7fc826dcd000-7fc826dce000 r--p 00015000 08:01 658896                     /lib/x86_64-linux-gnu/libnsl-2.23.so
7fc826dce000-7fc826dcf000 rw-p 00016000 08:01 658896                     /lib/x86_64-linux-gnu/libnsl-2.23.so
7fc826dcf000-7fc826dd1000 rw-p 00000000 00:00 0 
7fc826dd1000-7fc826dd9000 r-xp 00000000 08:01 658898                     /lib/x86_64-linux-gnu/libnss_compat-2.23.so
7fc826dd9000-7fc826fd8000 ---p 00008000 08:01 658898                     /lib/x86_64-linux-gnu/libnss_compat-2.23.so
7fc826fd8000-7fc826fd9000 r--p 00007000 08:01 658898                     /lib/x86_64-linux-gnu/libnss_compat-2.23.so
7fc826fd9000-7fc826fda000 rw-p 00008000 08:01 658898                     /lib/x86_64-linux-gnu/libnss_compat-2.23.so
7fc826fda000-7fc827006000 r-xp 00000000 08:01 656502                     /usr/lib/jdk/jdk1.8.0_201/jre/lib/amd64/libjava.so
7fc827006000-7fc827206000 ---p 0002c000 08:01 656502                     /usr/lib/jdk/jdk1.8.0_201/jre/lib/amd64/libjava.so
7fc827206000-7fc827207000 r--p 0002c000 08:01 656502                     /usr/lib/jdk/jdk1.8.0_201/jre/lib/amd64/libjava.so
7fc827207000-7fc827209000 rw-p 0002d000 08:01 656502                     /usr/lib/jdk/jdk1.8.0_201/jre/lib/amd64/libjava.so
7fc827209000-7fc827216000 r-xp 00000000 08:01 656507                     /usr/lib/jdk/jdk1.8.0_201/jre/lib/amd64/libverify.so
7fc827216000-7fc827415000 ---p 0000d000 08:01 656507                     /usr/lib/jdk/jdk1.8.0_201/jre/lib/amd64/libverify.so
7fc827415000-7fc827417000 r--p 0000c000 08:01 656507                     /usr/lib/jdk/jdk1.8.0_201/jre/lib/amd64/libverify.so
7fc827417000-7fc827418000 rw-p 0000e000 08:01 656507                     /usr/lib/jdk/jdk1.8.0_201/jre/lib/amd64/libverify.so
7fc827418000-7fc82741f000 r-xp 00000000 08:01 658957                     /lib/x86_64-linux-gnu/librt-2.23.so
7fc82741f000-7fc82761e000 ---p 00007000 08:01 658957                     /lib/x86_64-linux-gnu/librt-2.23.so
7fc82761e000-7fc82761f000 r--p 00006000 08:01 658957                     /lib/x86_64-linux-gnu/librt-2.23.so
7fc82761f000-7fc827620000 rw-p 00007000 08:01 658957                     /lib/x86_64-linux-gnu/librt-2.23.so
7fc827620000-7fc827728000 r-xp 00000000 08:01 658873                     /lib/x86_64-linux-gnu/libm-2.23.so
7fc827728000-7fc827927000 ---p 00108000 08:01 658873                     /lib/x86_64-linux-gnu/libm-2.23.so
7fc827927000-7fc827928000 r--p 00107000 08:01 658873                     /lib/x86_64-linux-gnu/libm-2.23.so
7fc827928000-7fc827929000 rw-p 00108000 08:01 658873                     /lib/x86_64-linux-gnu/libm-2.23.so
7fc827929000-7fc828611000 r-xp 00000000 08:01 656484                     /usr/lib/jdk/jdk1.8.0_201/jre/lib/amd64/server/libjvm.so
7fc828611000-7fc828810000 ---p 00ce8000 08:01 656484                     /usr/lib/jdk/jdk1.8.0_201/jre/lib/amd64/server/libjvm.so
7fc828810000-7fc8288a6000 r--p 00ce7000 08:01 656484                     /usr/lib/jdk/jdk1.8.0_201/jre/lib/amd64/server/libjvm.so
7fc8288a6000-7fc8288d7000 rw-p 00d7d000 08:01 656484                     /usr/lib/jdk/jdk1.8.0_201/jre/lib/amd64/server/libjvm.so
7fc8288d7000-7fc828912000 rw-p 00000000 00:00 0 
7fc828912000-7fc828ad2000 r-xp 00000000 08:01 658803                     /lib/x86_64-linux-gnu/libc-2.23.so
7fc828ad2000-7fc828cd2000 ---p 001c0000 08:01 658803                     /lib/x86_64-linux-gnu/libc-2.23.so
7fc828cd2000-7fc828cd6000 r--p 001c0000 08:01 658803                     /lib/x86_64-linux-gnu/libc-2.23.so
7fc828cd6000-7fc828cd8000 rw-p 001c4000 08:01 658803                     /lib/x86_64-linux-gnu/libc-2.23.so
7fc828cd8000-7fc828cdc000 rw-p 00000000 00:00 0 
7fc828cdc000-7fc828cdf000 r-xp 00000000 08:01 658827                     /lib/x86_64-linux-gnu/libdl-2.23.so
7fc828cdf000-7fc828ede000 ---p 00003000 08:01 658827                     /lib/x86_64-linux-gnu/libdl-2.23.so
7fc828ede000-7fc828edf000 r--p 00002000 08:01 658827                     /lib/x86_64-linux-gnu/libdl-2.23.so
7fc828edf000-7fc828ee0000 rw-p 00003000 08:01 658827                     /lib/x86_64-linux-gnu/libdl-2.23.so
7fc828ee0000-7fc828ef7000 r-xp 00000000 08:01 656155                     /usr/lib/jdk/jdk1.8.0_201/lib/amd64/jli/libjli.so
7fc828ef7000-7fc8290f6000 ---p 00017000 08:01 656155                     /usr/lib/jdk/jdk1.8.0_201/lib/amd64/jli/libjli.so
7fc8290f6000-7fc8290f7000 r--p 00016000 08:01 656155                     /usr/lib/jdk/jdk1.8.0_201/lib/amd64/jli/libjli.so
7fc8290f7000-7fc8290f8000 rw-p 00017000 08:01 656155                     /usr/lib/jdk/jdk1.8.0_201/lib/amd64/jli/libjli.so
7fc8290f8000-7fc829110000 r-xp 00000000 08:01 658949                     /lib/x86_64-linux-gnu/libpthread-2.23.so
7fc829110000-7fc82930f000 ---p 00018000 08:01 658949                     /lib/x86_64-linux-gnu/libpthread-2.23.so
7fc82930f000-7fc829310000 r--p 00017000 08:01 658949                     /lib/x86_64-linux-gnu/libpthread-2.23.so
7fc829310000-7fc829311000 rw-p 00018000 08:01 658949                     /lib/x86_64-linux-gnu/libpthread-2.23.so
7fc829311000-7fc829315000 rw-p 00000000 00:00 0 
7fc829315000-7fc82933b000 r-xp 00000000 08:01 658775                     /lib/x86_64-linux-gnu/ld-2.23.so
7fc82933f000-7fc82935b000 r--s 00393000 08:01 656354                     /usr/lib/jdk/jdk1.8.0_201/jre/lib/ext/cldrdata.jar
7fc82935b000-7fc82935f000 r--s 000a1000 08:01 656350                     /usr/lib/jdk/jdk1.8.0_201/jre/lib/jsse.jar
7fc82935f000-7fc82941d000 rw-p 00000000 00:00 0 
7fc82941d000-7fc829420000 ---p 00000000 00:00 0 
7fc829420000-7fc829523000 rw-p 00000000 00:00 0 
7fc829523000-7fc82952b000 r--s 0006e000 08:01 398946                     /home/hewitt/work/DiffTGen-master/lib/commons-lang3-3.5.jar
7fc82952b000-7fc82952c000 r--s 00000000 08:01 398951                     /home/hewitt/work/DiffTGen-master/lib/myprinter.jar
7fc82952c000-7fc829530000 r--s 00039000 08:01 961874                     /home/hewitt/work/DiffTGen-master/output/patch9-Lang-59-CapGen-plausible/Lang_59_9-plausible_capgen/target/build/classes/all0.jar
7fc829530000-7fc829538000 rw-s 00000000 08:01 151181                     /tmp/hsperfdata_hewitt/72990
7fc829538000-7fc829539000 rw-p 00000000 00:00 0 
7fc829539000-7fc82953a000 ---p 00000000 00:00 0 
7fc82953a000-7fc82953b000 r--p 00025000 08:01 658775                     /lib/x86_64-linux-gnu/ld-2.23.so
7fc82953b000-7fc82953c000 rw-p 00026000 08:01 658775                     /lib/x86_64-linux-gnu/ld-2.23.so
7fc82953c000-7fc82953d000 rw-p 00000000 00:00 0 
7ffe08b88000-7ffe08baa000 rw-p 00000000 00:00 0                          [stack]
7ffe08bdc000-7ffe08bdf000 r--p 00000000 00:00 0                          [vvar]
7ffe08bdf000-7ffe08be1000 r-xp 00000000 00:00 0                          [vdso]
ffffffffff600000-ffffffffff601000 r-xp 00000000 00:00 0                  [vsyscall]

VM Arguments:
java_command: /home/hewitt/work/DiffTGen-master/lib/evosuite-1.0.6.jar -base_dir /home/hewitt/work/DiffTGen-master/output/patch9-Lang-59-CapGen-plausible/Lang_59_9-plausible_capgen/target/0/22 -projectCP /home/hewitt/work/DiffTGen-master/output/patch9-Lang-59-CapGen-plausible/Lang_59_9-plausible_capgen/target/build/classes/all0.jar:/home/hewitt/work/DiffTGen-master/lib/myprinter.jar:/home/hewitt/work/DiffTGen-master/lib/commons-lang3-3.5.jar -class org.apache.commons.lang.text.StrBuilder -Dassertions=false -Dsearch_budget=60
java_class_path (initial): /home/hewitt/work/DiffTGen-master/lib/evosuite-1.0.6.jar
Launcher Type: SUN_STANDARD

Environment Variables:
JAVA_HOME=/usr/lib/jdk/jdk1.8.0_201
JRE_HOME=/usr/lib/jdk/jdk1.8.0_201/jre
CLASSPATH=.:/usr/lib/jdk/jdk1.8.0_201/lib:/usr/lib/jdk/jdk1.8.0_201/jre/lib
PATH=/usr/lib/jdk/jdk1.8.0_201/bin:/home/hewitt/bin:/home/hewitt/.local/bin:/usr/lib/jdk/jdk1.7.0_80/bin:/usr/local/sbin:/usr/local/bin:/usr/sbin:/usr/bin:/sbin:/bin:/usr/games:/usr/local/games:/snap/bin:/home/hewitt/work/defects4j_v1.4.0/defects4j/framework/bin:/opt/apache-ant-1.9.14/bin:/home/hewitt/work/defects4j_v1.4.0/defects4j/framework/bin
SHELL=/bin/bash
DISPLAY=:0

Signal Handlers:
SIGSEGV: [libjvm.so+0xad3e60], sa_mask[0]=11111111011111111101111111111110, sa_flags=SA_RESTART|SA_SIGINFO
SIGBUS: [libjvm.so+0xad3e60], sa_mask[0]=11111111011111111101111111111110, sa_flags=SA_RESTART|SA_SIGINFO
SIGFPE: [libjvm.so+0x90b880], sa_mask[0]=11111111011111111101111111111110, sa_flags=SA_RESTART|SA_SIGINFO
SIGPIPE: [libjvm.so+0x90b880], sa_mask[0]=11111111011111111101111111111110, sa_flags=SA_RESTART|SA_SIGINFO
SIGXFSZ: [libjvm.so+0x90b880], sa_mask[0]=11111111011111111101111111111110, sa_flags=SA_RESTART|SA_SIGINFO
SIGILL: [libjvm.so+0x90b880], sa_mask[0]=11111111011111111101111111111110, sa_flags=SA_RESTART|SA_SIGINFO
SIGUSR1: SIG_DFL, sa_mask[0]=00000000000000000000000000000000, sa_flags=none
SIGUSR2: [libjvm.so+0x90b750], sa_mask[0]=00100000000000000000000000000000, sa_flags=SA_RESTART|SA_SIGINFO
SIGHUP: [libjvm.so+0x90bd70], sa_mask[0]=11111111011111111101111111111110, sa_flags=SA_RESTART|SA_SIGINFO
SIGINT: [libjvm.so+0x90bd70], sa_mask[0]=11111111011111111101111111111110, sa_flags=SA_RESTART|SA_SIGINFO
SIGTERM: [libjvm.so+0x90bd70], sa_mask[0]=11111111011111111101111111111110, sa_flags=SA_RESTART|SA_SIGINFO
SIGQUIT: [libjvm.so+0x90bd70], sa_mask[0]=11111111011111111101111111111110, sa_flags=SA_RESTART|SA_SIGINFO


---------------  S Y S T E M  ---------------

OS:DISTRIB_ID=Ubuntu
DISTRIB_RELEASE=16.04
DISTRIB_CODENAME=xenial
DISTRIB_DESCRIPTION="Ubuntu 16.04.6 LTS"

uname:Linux 4.15.0-91-generic #92~16.04.1-Ubuntu SMP Fri Feb 28 14:57:22 UTC 2020 x86_64
libc:glibc 2.23 NPTL 2.23 
rlimit: STACK 8192k, CORE 0k, NPROC 15448, NOFILE 1048576, AS infinity
load average:18.15 14.43 13.85

/proc/meminfo:
MemTotal:        4015928 kB
MemFree:          447732 kB
MemAvailable:     360252 kB
Buffers:             484 kB
Cached:            32492 kB
SwapCached:         1904 kB
Active:          2591168 kB
Inactive:         537856 kB
Active(anon):    2579784 kB
Inactive(anon):   516812 kB
Active(file):      11384 kB
Inactive(file):    21044 kB
Unevictable:          48 kB
Mlocked:              48 kB
SwapTotal:        998396 kB
SwapFree:            416 kB
Dirty:               296 kB
Writeback:          1084 kB
AnonPages:       3094240 kB
Mapped:            27060 kB
Shmem:               772 kB
Slab:              91892 kB
SReclaimable:      33552 kB
SUnreclaim:        58340 kB
KernelStack:       17696 kB
PageTables:        43092 kB
NFS_Unstable:          0 kB
Bounce:                0 kB
WritebackTmp:          0 kB
CommitLimit:     3006360 kB
Committed_AS:    9203252 kB
VmallocTotal:   34359738367 kB
VmallocUsed:           0 kB
VmallocChunk:          0 kB
HardwareCorrupted:     0 kB
AnonHugePages:         0 kB
ShmemHugePages:        0 kB
ShmemPmdMapped:        0 kB
CmaTotal:              0 kB
CmaFree:               0 kB
HugePages_Total:       0
HugePages_Free:        0
HugePages_Rsvd:        0
HugePages_Surp:        0
Hugepagesize:       2048 kB
DirectMap4k:       98112 kB
DirectMap2M:     4096000 kB
DirectMap1G:     2097152 kB

container (cgroup) information:
container_type: cgroupv1
cpu_cpuset_cpus: 0-3
cpu_memory_nodes: 0
active_processor_count: 4
cpu_quota: -1
cpu_period: 100000
cpu_shares: -1
memory_limit_in_bytes: -1
memory_and_swap_limit_in_bytes: -2
memory_soft_limit_in_bytes: -1
memory_usage_in_bytes: 3204042752
memory_max_usage_in_bytes: 20938752


CPU:total 4 (initial active 4) (2 cores per cpu, 1 threads per core) family 6 model 158 stepping 9, cmov, cx8, fxsr, mmx, sse, sse2, sse3, ssse3, sse4.1, sse4.2, popcnt, avx, avx2, aes, clmul, erms, 3dnowpref, lzcnt, tsc, tscinvbit, bmi1, bmi2, adx

/proc/cpuinfo:
processor	: 0
vendor_id	: GenuineIntel
cpu family	: 6
model		: 158
model name	: Intel(R) Core(TM) i7-7700HQ CPU @ 2.80GHz
stepping	: 9
microcode	: 0xb4
cpu MHz		: 2808.002
cache size	: 6144 KB
physical id	: 0
siblings	: 2
core id		: 0
cpu cores	: 2
apicid		: 0
initial apicid	: 0
fpu		: yes
fpu_exception	: yes
cpuid level	: 22
wp		: yes
flags		: fpu vme de pse tsc msr pae mce cx8 apic sep mtrr pge mca cmov pat pse36 clflush mmx fxsr sse sse2 ss ht syscall nx pdpe1gb rdtscp lm constant_tsc arch_perfmon nopl xtopology tsc_reliable nonstop_tsc cpuid pni pclmulqdq ssse3 fma cx16 pcid sse4_1 sse4_2 x2apic movbe popcnt tsc_deadline_timer aes xsave avx f16c rdrand hypervisor lahf_lm abm 3dnowprefetch cpuid_fault invpcid_single pti ssbd ibrs ibpb stibp fsgsbase tsc_adjust bmi1 avx2 smep bmi2 invpcid mpx rdseed adx smap clflushopt xsaveopt xsavec xsaves arat md_clear flush_l1d arch_capabilities
bugs		: cpu_meltdown spectre_v1 spectre_v2 spec_store_bypass l1tf mds swapgs itlb_multihit
bogomips	: 5616.00
clflush size	: 64
cache_alignment	: 64
address sizes	: 43 bits physical, 48 bits virtual
power management:

processor	: 1
vendor_id	: GenuineIntel
cpu family	: 6
model		: 158
model name	: Intel(R) Core(TM) i7-7700HQ CPU @ 2.80GHz
stepping	: 9
microcode	: 0xb4
cpu MHz		: 2808.002
cache size	: 6144 KB
physical id	: 0
siblings	: 2
core id		: 1
cpu cores	: 2
apicid		: 1
initial apicid	: 1
fpu		: yes
fpu_exception	: yes
cpuid level	: 22
wp		: yes
flags		: fpu vme de pse tsc msr pae mce cx8 apic sep mtrr pge mca cmov pat pse36 clflush mmx fxsr sse sse2 ss ht syscall nx pdpe1gb rdtscp lm constant_tsc arch_perfmon nopl xtopology tsc_reliable nonstop_tsc cpuid pni pclmulqdq ssse3 fma cx16 pcid sse4_1 sse4_2 x2apic movbe popcnt tsc_deadline_timer aes xsave avx f16c rdrand hypervisor lahf_lm abm 3dnowprefetch cpuid_fault invpcid_single pti ssbd ibrs ibpb stibp fsgsbase tsc_adjust bmi1 avx2 smep bmi2 invpcid mpx rdseed adx smap clflushopt xsaveopt xsavec xsaves arat md_clear flush_l1d arch_capabilities
bugs		: cpu_meltdown spectre_v1 spectre_v2 spec_store_bypass l1tf mds swapgs itlb_multihit
bogomips	: 5616.00
clflush size	: 64
cache_alignment	: 64
address sizes	: 43 bits physical, 48 bits virtual
power management:

processor	: 2
vendor_id	: GenuineIntel
cpu family	: 6
model		: 158
model name	: Intel(R) Core(TM) i7-7700HQ CPU @ 2.80GHz
stepping	: 9
microcode	: 0xb4
cpu MHz		: 2808.002
cache size	: 6144 KB
physical id	: 1
siblings	: 2
core id		: 0
cpu cores	: 2
apicid		: 2
initial apicid	: 2
fpu		: yes
fpu_exception	: yes
cpuid level	: 22
wp		: yes
flags		: fpu vme de pse tsc msr pae mce cx8 apic sep mtrr pge mca cmov pat pse36 clflush mmx fxsr sse sse2 ss ht syscall nx pdpe1gb rdtscp lm constant_tsc arch_perfmon nopl xtopology tsc_reliable nonstop_tsc cpuid pni pclmulqdq ssse3 fma cx16 pcid sse4_1 sse4_2 x2apic movbe popcnt tsc_deadline_timer aes xsave avx f16c rdrand hypervisor lahf_lm abm 3dnowprefetch cpuid_fault invpcid_single pti ssbd ibrs ibpb stibp fsgsbase tsc_adjust bmi1 avx2 smep bmi2 invpcid mpx rdseed adx smap clflushopt xsaveopt xsavec xsaves arat md_clear flush_l1d arch_capabilities
bugs		: cpu_meltdown spectre_v1 spectre_v2 spec_store_bypass l1tf mds swapgs itlb_multihit
bogomips	: 5616.00
clflush size	: 64
cache_alignment	: 64
address sizes	: 43 bits physical, 48 bits virtual
power management:

processor	: 3
vendor_id	: GenuineIntel
cpu family	: 6
model		: 158
model name	: Intel(R) Core(TM) i7-7700HQ CPU @ 2.80GHz
stepping	: 9
microcode	: 0xb4
cpu MHz		: 2808.002
cache size	: 6144 KB
physical id	: 1
siblings	: 2
core id		: 1
cpu cores	: 2
apicid		: 3
initial apicid	: 3
fpu		: yes
fpu_exception	: yes
cpuid level	: 22
wp		: yes
flags		: fpu vme de pse tsc msr pae mce cx8 apic sep mtrr pge mca cmov pat pse36 clflush mmx fxsr sse sse2 ss ht syscall nx pdpe1gb rdtscp lm constant_tsc arch_perfmon nopl xtopology tsc_reliable nonstop_tsc cpuid pni pclmulqdq ssse3 fma cx16 pcid sse4_1 sse4_2 x2apic movbe popcnt tsc_deadline_timer aes xsave avx f16c rdrand hypervisor lahf_lm abm 3dnowprefetch cpuid_fault invpcid_single pti ssbd ibrs ibpb stibp fsgsbase tsc_adjust bmi1 avx2 smep bmi2 invpcid mpx rdseed adx smap clflushopt xsaveopt xsavec xsaves arat md_clear flush_l1d arch_capabilities
bugs		: cpu_meltdown spectre_v1 spectre_v2 spec_store_bypass l1tf mds swapgs itlb_multihit
bogomips	: 5616.00
clflush size	: 64
cache_alignment	: 64
address sizes	: 43 bits physical, 48 bits virtual
power management:



Memory: 4k page, physical 4015928k(447732k free), swap 998396k(416k free)

vm_info: Java HotSpot(TM) 64-Bit Server VM (25.201-b09) for linux-amd64 JRE (1.8.0_201-b09), built on Dec 15 2018 11:35:59 by "java_re" with gcc 7.3.0

time: Sun Mar 29 01:31:07 2020
timezone: CST
elapsed time: 29 seconds (0d 0h 0m 29s)

