#
# There is insufficient memory for the Java Runtime Environment to continue.
# Native memory allocation (mmap) failed to map 125829120 bytes for committing reserved memory.
# Possible reasons:
#   The system is out of physical RAM or swap space
#   The process is running with CompressedOops enabled, and the Java Heap may be blocking the growth of the native heap
# Possible solutions:
#   Reduce memory load on the system
#   Increase physical memory or swap space
#   Check if swap backing store is full
#   Decrease Java heap size (-Xmx/-Xms)
#   Decrease number of Java threads
#   Decrease Java thread stack sizes (-Xss)
#   Set larger code cache with -XX:ReservedCodeCacheSize=
#   JVM is running with Unscaled Compressed Oops mode in which the Java heap is
#     placed in the first 4GB address space. The Java Heap base address is the
#     maximum limit for the native heap growth. Please use -XX:HeapBaseMinAddress
#     to set the Java Heap base and to place the Java Heap above 4GB virtual address.
# This output file may be truncated or incomplete.
#
#  Out of Memory Error (os_linux.cpp:2749), pid=44796, tid=0x00007fd3083bb700
#
# JRE version: Java(TM) SE Runtime Environment (8.0_201-b09) (build 1.8.0_201-b09)
# Java VM: Java HotSpot(TM) 64-Bit Server VM (25.201-b09 mixed mode linux-amd64 compressed oops)
# Failed to write core dump. Core dumps have been disabled. To enable core dumping, try "ulimit -c unlimited" before starting Java again
#

---------------  T H R E A D  ---------------

Current thread (0x00007fd31c140000):  VMThread [stack: 0x00007fd3082bb000,0x00007fd3083bc000] [id=44842]

Stack: [0x00007fd3082bb000,0x00007fd3083bc000],  sp=0x00007fd3083ba450,  free space=1021k
Native frames: (J=compiled Java code, j=interpreted, Vv=VM code, C=native code)
V  [libjvm.so+0xad3525]  VMError::report_and_die()+0x2e5
V  [libjvm.so+0x4e0457]  report_vm_out_of_memory(char const*, int, unsigned long, VMErrorType, char const*)+0x67
V  [libjvm.so+0x9102f0]  os::pd_commit_memory(char*, unsigned long, unsigned long, bool)+0x100
V  [libjvm.so+0x90791f]  os::commit_memory(char*, unsigned long, unsigned long, bool)+0x1f
V  [libjvm.so+0x98c806]  PSVirtualSpace::expand_by(unsigned long)+0x56
V  [libjvm.so+0x98da98]  PSYoungGen::resize(unsigned long, unsigned long)+0xd8
V  [libjvm.so+0x98a236]  PSScavenge::invoke_no_policy()+0x1376
V  [libjvm.so+0x98a5cc]  PSScavenge::invoke()+0x4c
V  [libjvm.so+0x93a318]  ParallelScavengeHeap::failed_mem_allocate(unsigned long)+0x68
V  [libjvm.so+0xad5073]  VM_ParallelGCFailedAllocation::doit()+0x93
V  [libjvm.so+0xada296]  VM_Operation::evaluate()+0x46
V  [libjvm.so+0xad85cd]  VMThread::evaluate_operation(VM_Operation*) [clone .constprop.44]+0xcd
V  [libjvm.so+0xad8bb3]  VMThread::loop()+0x3a3
V  [libjvm.so+0xad8f88]  VMThread::run()+0x78
V  [libjvm.so+0x90d922]  java_start(Thread*)+0x102

VM_Operation (0x00007fd2f19db3f0): ParallelGCFailedAllocation, mode: safepoint, requested by thread 0x00007fd2bc001000


---------------  P R O C E S S  ---------------

Java Threads: ( => current thread )
  0x00007fd2bc001000 JavaThread "RMI TCP Connection(2)-127.0.0.1" daemon [_thread_blocked, id=45262, stack(0x00007fd2f18e1000,0x00007fd2f19e2000)]
  0x00007fd294038000 JavaThread "RMI Scheduler(0)" daemon [_thread_blocked, id=45259, stack(0x00007fd2f19e2000,0x00007fd2f1ae3000)]
  0x00007fd294030800 JavaThread "RMI RenewClean-[127.0.0.1:5976]" daemon [_thread_blocked, id=45250, stack(0x00007fd2f1ae3000,0x00007fd2f1be4000)]
  0x00007fd2b8001000 JavaThread "RMI TCP Connection(3)-127.0.0.1" daemon [_thread_in_native, id=45234, stack(0x00007fd2f1be4000,0x00007fd2f1ce5000)]
  0x00007fd2a8005000 JavaThread "pool-3-thread-3" [_thread_in_native, id=45154, stack(0x00007fd2f1ce5000,0x00007fd2f1de6000)]
  0x00007fd2a8003000 JavaThread "pool-3-thread-2" [_thread_in_native, id=45153, stack(0x00007fd2f1de6000,0x00007fd2f1ee7000)]
  0x00007fd2a8002000 JavaThread "pool-3-thread-1" [_thread_in_native, id=45151, stack(0x00007fd2f1ee7000,0x00007fd2f1fe8000)]
  0x00007fd31c200000 JavaThread "Thread-3" [_thread_in_native, id=45037, stack(0x00007fd2f1fe8000,0x00007fd2f20e9000)]
  0x00007fd31c1fe800 JavaThread "Thread-2" [_thread_in_native, id=45026, stack(0x00007fd2f20e9000,0x00007fd2f21ea000)]
  0x00007fd31c1fc800 JavaThread "process reaper" daemon [_thread_in_native, id=45020, stack(0x00007fd320000000,0x00007fd320039000)]
  0x00007fd31c3b8000 JavaThread "pool-2-thread-1" [_thread_in_native, id=44987, stack(0x00007fd2f21ea000,0x00007fd2f22eb000)]
  0x00007fd31c3b6000 JavaThread "GC Daemon" daemon [_thread_blocked, id=44981, stack(0x00007fd2f22eb000,0x00007fd2f23ec000)]
  0x00007fd31c3b3000 JavaThread "RMI Reaper" [_thread_blocked, id=44975, stack(0x00007fd2f23ec000,0x00007fd2f24ed000)]
  0x00007fd31c3ac000 JavaThread "RMI TCP Accept-16662" daemon [_thread_in_native, id=44970, stack(0x00007fd2f24ed000,0x00007fd2f25ee000)]
  0x00007fd31c3a5000 JavaThread "RMI TCP Accept-17652" daemon [_thread_in_native, id=44949, stack(0x00007fd2f25ee000,0x00007fd2f26ef000)]
  0x00007fd31c2ea800 JavaThread "logback-3" daemon [_thread_blocked, id=44931, stack(0x00007fd2f28ef000,0x00007fd2f29f0000)]
  0x00007fd31c2e7000 JavaThread "logback-2" daemon [_thread_blocked, id=44927, stack(0x00007fd2f29f0000,0x00007fd2f2af1000)]
  0x00007fd31c2e5000 JavaThread "logback-1" daemon [_thread_blocked, id=44924, stack(0x00007fd2f2af1000,0x00007fd2f2bf2000)]
  0x00007fd31c189000 JavaThread "Service Thread" daemon [_thread_blocked, id=44905, stack(0x00007fd2f313c000,0x00007fd2f323d000)]
  0x00007fd31c186000 JavaThread "C1 CompilerThread2" daemon [_thread_blocked, id=44892, stack(0x00007fd2f323d000,0x00007fd2f333e000)]
  0x00007fd31c184800 JavaThread "C2 CompilerThread1" daemon [_thread_blocked, id=44887, stack(0x00007fd2f333e000,0x00007fd2f343f000)]
  0x00007fd31c181800 JavaThread "C2 CompilerThread0" daemon [_thread_in_native, id=44879, stack(0x00007fd2f343f000,0x00007fd2f3540000)]
  0x00007fd31c180000 JavaThread "Signal Dispatcher" daemon [_thread_blocked, id=44867, stack(0x00007fd2f3540000,0x00007fd2f3641000)]
  0x00007fd31c14c000 JavaThread "Finalizer" daemon [_thread_blocked, id=44858, stack(0x00007fd3080b9000,0x00007fd3081ba000)]
  0x00007fd31c149800 JavaThread "Reference Handler" daemon [_thread_blocked, id=44850, stack(0x00007fd3081ba000,0x00007fd3082bb000)]
  0x00007fd31c00a800 JavaThread "main" [_thread_in_native, id=44805, stack(0x00007fd322786000,0x00007fd322887000)]

Other Threads:
=>0x00007fd31c140000 VMThread [stack: 0x00007fd3082bb000,0x00007fd3083bc000] [id=44842]
  0x00007fd31c18b800 WatcherThread [stack: 0x00007fd2f303b000,0x00007fd2f313c000] [id=44907]

VM state:at safepoint (normal execution)

VM Mutex/Monitor currently owned by a thread:  ([mutex/lock_event])
[0x00007fd31c007050] Threads_lock - owner thread: 0x00007fd31c140000
[0x00007fd31c007550] Heap_lock - owner thread: 0x00007fd2bc001000

heap address: 0x00000000c2a00000, size: 982 MB, Compressed Oops mode: 32-bit
Narrow klass base: 0x0000000000000000, Narrow klass shift: 3
Compressed class space size: 1073741824 Address: 0x0000000100000000

Heap:
 PSYoungGen      total 126464K, used 5616K [0x00000000eb900000, 0x00000000f3a00000, 0x0000000100000000)
  eden space 120832K, 0% used [0x00000000eb900000,0x00000000eb900000,0x00000000f2f00000)
  from space 5632K, 99% used [0x00000000f2f00000,0x00000000f347c1c0,0x00000000f3480000)
  to   space 5632K, 0% used [0x00000000f3480000,0x00000000f3480000,0x00000000f3a00000)
 ParOldGen       total 42496K, used 11154K [0x00000000c2a00000, 0x00000000c5380000, 0x00000000eb900000)
  object space 42496K, 26% used [0x00000000c2a00000,0x00000000c34e4a48,0x00000000c5380000)
 Metaspace       used 13896K, capacity 14258K, committed 14592K, reserved 1062912K
  class space    used 1589K, capacity 1705K, committed 1792K, reserved 1048576K

Card table byte_map: [0x00007fd30c201000,0x00007fd30c3ed000] byte_map_base: 0x00007fd30bbec000

Marking Bits: (ParMarkBitMap*) 0x00007fd321c5dd80
 Begin Bits: [0x00007fd309f06000, 0x00007fd30ae5e000)
 End Bits:   [0x00007fd30ae5e000, 0x00007fd30bdb6000)

Polling page: 0x00007fd3228a2000

CodeCache: size=245760Kb used=6176Kb max_used=6185Kb free=239583Kb
 bounds [0x00007fd30c7ad000, 0x00007fd30cdbd000, 0x00007fd31b7ad000]
 total_blobs=2151 nmethods=1803 adapters=261
 compilation: enabled

Compilation events (10 events):
Event: 51.650 Thread 0x00007fd31c186000 1864       1       org.evosuite.graphs.cfg.ControlFlowGraph::getClassName (5 bytes)
Event: 51.651 Thread 0x00007fd31c186000 nmethod 1864 0x00007fd30c8bd990 code [0x00007fd30c8bdae0, 0x00007fd30c8bdbf0]
Event: 51.660 Thread 0x00007fd31c186000 1865       2       org.evosuite.graphs.cdg.DominatorNode::link (6 bytes)
Event: 51.660 Thread 0x00007fd31c186000 nmethod 1865 0x00007fd30cdadd90 code [0x00007fd30cdadee0, 0x00007fd30cdae050]
Event: 51.660 Thread 0x00007fd31c186000 1866       2       org.evosuite.graphs.cdg.DominatorNode::getFromBucket (33 bytes)
Event: 51.660 Thread 0x00007fd31c186000 nmethod 1866 0x00007fd30cdad8d0 code [0x00007fd30cdada60, 0x00007fd30cdadc88]
Event: 51.666 Thread 0x00007fd31c186000 1867       2       org.evosuite.graphs.cfg.ControlFlowGraph::leadsToNode (133 bytes)
Event: 51.668 Thread 0x00007fd31c186000 nmethod 1867 0x00007fd30cdac750 code [0x00007fd30cdac9a0, 0x00007fd30cdad1a8]
Event: 51.668 Thread 0x00007fd31c186000 1868       2       org.evosuite.graphs.cdg.DominatorTree::getDominatingFrontiers (28 bytes)
Event: 51.668 Thread 0x00007fd31c186000 nmethod 1868 0x00007fd30cdac210 code [0x00007fd30cdac3a0, 0x00007fd30cdac618]

GC Heap History (10 events):
Event: 45.970 GC heap after
Heap after GC invocations=5 (full 1):
 PSYoungGen      total 34304K, used 2560K [0x00000000eb900000, 0x00000000efc00000, 0x0000000100000000)
  eden space 31744K, 0% used [0x00000000eb900000,0x00000000eb900000,0x00000000ed800000)
  from space 2560K, 100% used [0x00000000eda80000,0x00000000edd00000,0x00000000edd00000)
  to   space 2560K, 0% used [0x00000000ed800000,0x00000000ed800000,0x00000000eda80000)
 ParOldGen       total 42496K, used 6233K [0x00000000c2a00000, 0x00000000c5380000, 0x00000000eb900000)
  object space 42496K, 14% used [0x00000000c2a00000,0x00000000c3016530,0x00000000c5380000)
 Metaspace       used 13724K, capacity 14124K, committed 14336K, reserved 1062912K
  class space    used 1588K, capacity 1704K, committed 1792K, reserved 1048576K
}
Event: 46.632 GC heap before
{Heap before GC invocations=6 (full 1):
 PSYoungGen      total 34304K, used 34304K [0x00000000eb900000, 0x00000000efc00000, 0x0000000100000000)
  eden space 31744K, 100% used [0x00000000eb900000,0x00000000ed800000,0x00000000ed800000)
  from space 2560K, 100% used [0x00000000eda80000,0x00000000edd00000,0x00000000edd00000)
  to   space 2560K, 0% used [0x00000000ed800000,0x00000000ed800000,0x00000000eda80000)
 ParOldGen       total 42496K, used 6233K [0x00000000c2a00000, 0x00000000c5380000, 0x00000000eb900000)
  object space 42496K, 14% used [0x00000000c2a00000,0x00000000c3016530,0x00000000c5380000)
 Metaspace       used 13808K, capacity 14194K, committed 14592K, reserved 1062912K
  class space    used 1589K, capacity 1705K, committed 1792K, reserved 1048576K
Event: 46.655 GC heap after
Heap after GC invocations=6 (full 1):
 PSYoungGen      total 34304K, used 2560K [0x00000000eb900000, 0x00000000efc00000, 0x0000000100000000)
  eden space 31744K, 0% used [0x00000000eb900000,0x00000000eb900000,0x00000000ed800000)
  from space 2560K, 100% used [0x00000000ed800000,0x00000000eda80000,0x00000000eda80000)
  to   space 2560K, 0% used [0x00000000ef980000,0x00000000ef980000,0x00000000efc00000)
 ParOldGen       total 42496K, used 7870K [0x00000000c2a00000, 0x00000000c5380000, 0x00000000eb900000)
  object space 42496K, 18% used [0x00000000c2a00000,0x00000000c31af8a0,0x00000000c5380000)
 Metaspace       used 13808K, capacity 14194K, committed 14592K, reserved 1062912K
  class space    used 1589K, capacity 1705K, committed 1792K, reserved 1048576K
}
Event: 47.210 GC heap before
{Heap before GC invocations=7 (full 1):
 PSYoungGen      total 34304K, used 34304K [0x00000000eb900000, 0x00000000efc00000, 0x0000000100000000)
  eden space 31744K, 100% used [0x00000000eb900000,0x00000000ed800000,0x00000000ed800000)
  from space 2560K, 100% used [0x00000000ed800000,0x00000000eda80000,0x00000000eda80000)
  to   space 2560K, 0% used [0x00000000ef980000,0x00000000ef980000,0x00000000efc00000)
 ParOldGen       total 42496K, used 7870K [0x00000000c2a00000, 0x00000000c5380000, 0x00000000eb900000)
  object space 42496K, 18% used [0x00000000c2a00000,0x00000000c31af8a0,0x00000000c5380000)
 Metaspace       used 13828K, capacity 14194K, committed 14592K, reserved 1062912K
  class space    used 1589K, capacity 1705K, committed 1792K, reserved 1048576K
Event: 47.228 GC heap after
Heap after GC invocations=7 (full 1):
 PSYoungGen      total 62976K, used 2560K [0x00000000eb900000, 0x00000000f0200000, 0x0000000100000000)
  eden space 60416K, 0% used [0x00000000eb900000,0x00000000eb900000,0x00000000ef400000)
  from space 2560K, 100% used [0x00000000ef980000,0x00000000efc00000,0x00000000efc00000)
  to   space 5632K, 0% used [0x00000000ef400000,0x00000000ef400000,0x00000000ef980000)
 ParOldGen       total 42496K, used 9779K [0x00000000c2a00000, 0x00000000c5380000, 0x00000000eb900000)
  object space 42496K, 23% used [0x00000000c2a00000,0x00000000c338cfb0,0x00000000c5380000)
 Metaspace       used 13828K, capacity 14194K, committed 14592K, reserved 1062912K
  class space    used 1589K, capacity 1705K, committed 1792K, reserved 1048576K
}
Event: 48.095 GC heap before
{Heap before GC invocations=8 (full 1):
 PSYoungGen      total 62976K, used 62976K [0x00000000eb900000, 0x00000000f0200000, 0x0000000100000000)
  eden space 60416K, 100% used [0x00000000eb900000,0x00000000ef400000,0x00000000ef400000)
  from space 2560K, 100% used [0x00000000ef980000,0x00000000efc00000,0x00000000efc00000)
  to   space 5632K, 0% used [0x00000000ef400000,0x00000000ef400000,0x00000000ef980000)
 ParOldGen       total 42496K, used 9779K [0x00000000c2a00000, 0x00000000c5380000, 0x00000000eb900000)
  object space 42496K, 23% used [0x00000000c2a00000,0x00000000c338cfb0,0x00000000c5380000)
 Metaspace       used 13860K, capacity 14194K, committed 14592K, reserved 1062912K
  class space    used 1589K, capacity 1705K, committed 1792K, reserved 1048576K
Event: 48.110 GC heap after
Heap after GC invocations=8 (full 1):
 PSYoungGen      total 66048K, used 3456K [0x00000000eb900000, 0x00000000f3a00000, 0x0000000100000000)
  eden space 60416K, 0% used [0x00000000eb900000,0x00000000eb900000,0x00000000ef400000)
  from space 5632K, 61% used [0x00000000ef400000,0x00000000ef760000,0x00000000ef980000)
  to   space 5632K, 0% used [0x00000000f3480000,0x00000000f3480000,0x00000000f3a00000)
 ParOldGen       total 42496K, used 9787K [0x00000000c2a00000, 0x00000000c5380000, 0x00000000eb900000)
  object space 42496K, 23% used [0x00000000c2a00000,0x00000000c338efb0,0x00000000c5380000)
 Metaspace       used 13860K, capacity 14194K, committed 14592K, reserved 1062912K
  class space    used 1589K, capacity 1705K, committed 1792K, reserved 1048576K
}
Event: 49.006 GC heap before
{Heap before GC invocations=9 (full 1):
 PSYoungGen      total 66048K, used 63872K [0x00000000eb900000, 0x00000000f3a00000, 0x0000000100000000)
  eden space 60416K, 100% used [0x00000000eb900000,0x00000000ef400000,0x00000000ef400000)
  from space 5632K, 61% used [0x00000000ef400000,0x00000000ef760000,0x00000000ef980000)
  to   space 5632K, 0% used [0x00000000f3480000,0x00000000f3480000,0x00000000f3a00000)
 ParOldGen       total 42496K, used 9787K [0x00000000c2a00000, 0x00000000c5380000, 0x00000000eb900000)
  object space 42496K, 23% used [0x00000000c2a00000,0x00000000c338efb0,0x00000000c5380000)
 Metaspace       used 13875K, capacity 14258K, committed 14592K, reserved 1062912K
  class space    used 1589K, capacity 1705K, committed 1792K, reserved 1048576K
Event: 49.024 GC heap after
Heap after GC invocations=9 (full 1):
 PSYoungGen      total 126464K, used 4544K [0x00000000eb900000, 0x00000000f3a00000, 0x0000000100000000)
  eden space 120832K, 0% used [0x00000000eb900000,0x00000000eb900000,0x00000000f2f00000)
  from space 5632K, 80% used [0x00000000f3480000,0x00000000f38f0010,0x00000000f3a00000)
  to   space 5632K, 0% used [0x00000000f2f00000,0x00000000f2f00000,0x00000000f3480000)
 ParOldGen       total 42496K, used 10227K [0x00000000c2a00000, 0x00000000c5380000, 0x00000000eb900000)
  object space 42496K, 24% used [0x00000000c2a00000,0x00000000c33fcfb0,0x00000000c5380000)
 Metaspace       used 13875K, capacity 14258K, committed 14592K, reserved 1062912K
  class space    used 1589K, capacity 1705K, committed 1792K, reserved 1048576K
}
Event: 51.841 GC heap before
{Heap before GC invocations=10 (full 1):
 PSYoungGen      total 126464K, used 125376K [0x00000000eb900000, 0x00000000f3a00000, 0x0000000100000000)
  eden space 120832K, 100% used [0x00000000eb900000,0x00000000f2f00000,0x00000000f2f00000)
  from space 5632K, 80% used [0x00000000f3480000,0x00000000f38f0010,0x00000000f3a00000)
  to   space 5632K, 0% used [0x00000000f2f00000,0x00000000f2f00000,0x00000000f3480000)
 ParOldGen       total 42496K, used 10227K [0x00000000c2a00000, 0x00000000c5380000, 0x00000000eb900000)
  object space 42496K, 24% used [0x00000000c2a00000,0x00000000c33fcfb0,0x00000000c5380000)
 Metaspace       used 13896K, capacity 14258K, committed 14592K, reserved 1062912K
  class space    used 1589K, capacity 1705K, committed 1792K, reserved 1048576K

Deoptimization events (10 events):
Event: 45.865 Thread 0x00007fd2bc001000 Uncommon trap: reason=unstable_if action=reinterpret pc=0x00007fd30ccca824 method=org.evosuite.shaded.org.objectweb.asm.tree.analysis.SourceInterpreter.merge(Lorg/evosuite/shaded/org/objectweb/asm/tree/analysis/SourceValue;Lorg/evosuite/shaded/org/objectw
Event: 45.880 Thread 0x00007fd2bc001000 Uncommon trap: reason=unstable_if action=reinterpret pc=0x00007fd30cccaf04 method=org.evosuite.shaded.org.objectweb.asm.tree.analysis.SmallSet.union(Lorg/evosuite/shaded/org/objectweb/asm/tree/analysis/SmallSet;)Ljava/util/Set; @ 50
Event: 45.892 Thread 0x00007fd2bc001000 Uncommon trap: reason=bimorphic action=maybe_recompile pc=0x00007fd30cca4d68 method=java.util.AbstractCollection.addAll(Ljava/util/Collection;)Z @ 3
Event: 45.892 Thread 0x00007fd2bc001000 Uncommon trap: reason=bimorphic action=maybe_recompile pc=0x00007fd30cca4d68 method=java.util.AbstractCollection.addAll(Ljava/util/Collection;)Z @ 3
Event: 45.892 Thread 0x00007fd2bc001000 Uncommon trap: reason=bimorphic action=maybe_recompile pc=0x00007fd30cca4d68 method=java.util.AbstractCollection.addAll(Ljava/util/Collection;)Z @ 3
Event: 45.892 Thread 0x00007fd2bc001000 Uncommon trap: reason=bimorphic action=maybe_recompile pc=0x00007fd30cca4d68 method=java.util.AbstractCollection.addAll(Ljava/util/Collection;)Z @ 3
Event: 48.060 Thread 0x00007fd2bc001000 Uncommon trap: reason=unstable_if action=reinterpret pc=0x00007fd30cd5c9ec method=org.evosuite.shaded.org.objectweb.asm.tree.analysis.SmallSet.union(Lorg/evosuite/shaded/org/objectweb/asm/tree/analysis/SmallSet;)Ljava/util/Set; @ 122
Event: 48.063 Thread 0x00007fd2bc001000 Uncommon trap: reason=unstable_if action=reinterpret pc=0x00007fd30cd79670 method=org.evosuite.shaded.org.objectweb.asm.tree.analysis.SmallSet.union(Lorg/evosuite/shaded/org/objectweb/asm/tree/analysis/SmallSet;)Ljava/util/Set; @ 122
Event: 48.117 Thread 0x00007fd2bc001000 Uncommon trap: reason=unstable_if action=reinterpret pc=0x00007fd30cd664c8 method=org.evosuite.shaded.org.objectweb.asm.tree.analysis.SmallSet.union(Lorg/evosuite/shaded/org/objectweb/asm/tree/analysis/SmallSet;)Ljava/util/Set; @ 122
Event: 49.873 Thread 0x00007fd2bc001000 Uncommon trap: reason=null_check action=make_not_entrant pc=0x00007fd30ccdf6f0 method=org.evosuite.shaded.org.objectweb.asm.Type.equals(Ljava/lang/Object;)Z @ 8

Classes redefined (0 events):
No events

Internal exceptions (10 events):
Event: 39.884 Thread 0x00007fd2bc001000 Exception <a 'java/lang/NoSuchMethodError': <clinit>> (0x00000000ec3c0b10) thrown at [/HUDSON/workspace/8-2-build-linux-amd64/jdk8u201/12317/hotspot/src/share/vm/prims/jni.cpp, line 1613]
Event: 41.468 Thread 0x00007fd31c2e5000 Exception <a 'java/net/ConnectException'> (0x00000000ebcb2618) thrown at [/HUDSON/workspace/8-2-build-linux-amd64/jdk8u201/12317/hotspot/src/share/vm/prims/jni.cpp, line 709]
Event: 41.486 Thread 0x00007fd31c2ea800 Exception <a 'java/net/ConnectException'> (0x00000000ebd51328) thrown at [/HUDSON/workspace/8-2-build-linux-amd64/jdk8u201/12317/hotspot/src/share/vm/prims/jni.cpp, line 709]
Event: 41.552 Thread 0x00007fd31c2e7000 Exception <a 'java/net/ConnectException'> (0x00000000ebd01ca0) thrown at [/HUDSON/workspace/8-2-build-linux-amd64/jdk8u201/12317/hotspot/src/share/vm/prims/jni.cpp, line 709]
Event: 43.766 Thread 0x00007fd2bc001000 Implicit null exception at 0x00007fd30c9a0535 to 0x00007fd30c9a08dd
Event: 43.811 Thread 0x00007fd2bc001000 Implicit null exception at 0x00007fd30c9944f6 to 0x00007fd30c9948a1
Event: 49.873 Thread 0x00007fd2bc001000 Implicit null exception at 0x00007fd30ccdf508 to 0x00007fd30ccdf6e1
Event: 51.603 Thread 0x00007fd31c2e5000 Exception <a 'java/net/ConnectException'> (0x00000000f1fb9550) thrown at [/HUDSON/workspace/8-2-build-linux-amd64/jdk8u201/12317/hotspot/src/share/vm/prims/jni.cpp, line 709]
Event: 51.613 Thread 0x00007fd31c2ea800 Exception <a 'java/net/ConnectException'> (0x00000000f2142098) thrown at [/HUDSON/workspace/8-2-build-linux-amd64/jdk8u201/12317/hotspot/src/share/vm/prims/jni.cpp, line 709]
Event: 51.619 Thread 0x00007fd31c2e7000 Exception <a 'java/net/ConnectException'> (0x00000000f207daf0) thrown at [/HUDSON/workspace/8-2-build-linux-amd64/jdk8u201/12317/hotspot/src/share/vm/prims/jni.cpp, line 709]

Events (10 events):
Event: 48.110 Executing VM operation: ParallelGCFailedAllocation done
Event: 48.117 Thread 0x00007fd2bc001000 Uncommon trap: trap_request=0xffffff65 fr.pc=0x00007fd30cd664c8
Event: 48.117 Thread 0x00007fd2bc001000 DEOPT PACKING pc=0x00007fd30cd664c8 sp=0x00007fd2f19db4f0
Event: 48.117 Thread 0x00007fd2bc001000 DEOPT UNPACKING pc=0x00007fd30c7f273a sp=0x00007fd2f19db4a0 mode 2
Event: 49.006 Executing VM operation: ParallelGCFailedAllocation
Event: 49.024 Executing VM operation: ParallelGCFailedAllocation done
Event: 49.873 Thread 0x00007fd2bc001000 Uncommon trap: trap_request=0xfffffff4 fr.pc=0x00007fd30ccdf6f0
Event: 49.873 Thread 0x00007fd2bc001000 DEOPT PACKING pc=0x00007fd30ccdf6f0 sp=0x00007fd2f19db2b0
Event: 49.873 Thread 0x00007fd2bc001000 DEOPT UNPACKING pc=0x00007fd30c7f273a sp=0x00007fd2f19db1e8 mode 2
Event: 51.841 Executing VM operation: ParallelGCFailedAllocation


Dynamic libraries:
00400000-00401000 r-xp 00000000 08:01 654793                             /usr/lib/jdk/jdk1.8.0_201/bin/java
00600000-00601000 r--p 00000000 08:01 654793                             /usr/lib/jdk/jdk1.8.0_201/bin/java
00601000-00602000 rw-p 00001000 08:01 654793                             /usr/lib/jdk/jdk1.8.0_201/bin/java
0174e000-018ec000 rw-p 00000000 00:00 0                                  [heap]
c2a00000-c5380000 rw-p 00000000 00:00 0 
c5380000-eb900000 ---p 00000000 00:00 0 
eb900000-f3a00000 rw-p 00000000 00:00 0 
fb200000-100000000 ---p 00000000 00:00 0 
100000000-1001c0000 rw-p 00000000 00:00 0 
1001c0000-140000000 ---p 00000000 00:00 0 
7fd288000000-7fd288021000 rw-p 00000000 00:00 0 
7fd288021000-7fd28c000000 ---p 00000000 00:00 0 
7fd28c000000-7fd28c021000 rw-p 00000000 00:00 0 
7fd28c021000-7fd290000000 ---p 00000000 00:00 0 
7fd290000000-7fd290021000 rw-p 00000000 00:00 0 
7fd290021000-7fd294000000 ---p 00000000 00:00 0 
7fd294000000-7fd29403b000 rw-p 00000000 00:00 0 
7fd29403b000-7fd298000000 ---p 00000000 00:00 0 
7fd298000000-7fd298021000 rw-p 00000000 00:00 0 
7fd298021000-7fd29c000000 ---p 00000000 00:00 0 
7fd29c000000-7fd29c021000 rw-p 00000000 00:00 0 
7fd29c021000-7fd2a0000000 ---p 00000000 00:00 0 
7fd2a0000000-7fd2a0021000 rw-p 00000000 00:00 0 
7fd2a0021000-7fd2a4000000 ---p 00000000 00:00 0 
7fd2a4000000-7fd2a4021000 rw-p 00000000 00:00 0 
7fd2a4021000-7fd2a8000000 ---p 00000000 00:00 0 
7fd2a8000000-7fd2a8021000 rw-p 00000000 00:00 0 
7fd2a8021000-7fd2ac000000 ---p 00000000 00:00 0 
7fd2ac000000-7fd2ac021000 rw-p 00000000 00:00 0 
7fd2ac021000-7fd2b0000000 ---p 00000000 00:00 0 
7fd2b0000000-7fd2b0021000 rw-p 00000000 00:00 0 
7fd2b0021000-7fd2b4000000 ---p 00000000 00:00 0 
7fd2b4000000-7fd2b4021000 rw-p 00000000 00:00 0 
7fd2b4021000-7fd2b8000000 ---p 00000000 00:00 0 
7fd2b8000000-7fd2b8021000 rw-p 00000000 00:00 0 
7fd2b8021000-7fd2bc000000 ---p 00000000 00:00 0 
7fd2bc000000-7fd2bc021000 rw-p 00000000 00:00 0 
7fd2bc021000-7fd2c0000000 ---p 00000000 00:00 0 
7fd2c0000000-7fd2c0021000 rw-p 00000000 00:00 0 
7fd2c0021000-7fd2c4000000 ---p 00000000 00:00 0 
7fd2c4000000-7fd2c4021000 rw-p 00000000 00:00 0 
7fd2c4021000-7fd2c8000000 ---p 00000000 00:00 0 
7fd2c8000000-7fd2c8021000 rw-p 00000000 00:00 0 
7fd2c8021000-7fd2cc000000 ---p 00000000 00:00 0 
7fd2ccfff000-7fd2d0000000 rw-p 00000000 00:00 0 
7fd2d0000000-7fd2d0021000 rw-p 00000000 00:00 0 
7fd2d0021000-7fd2d4000000 ---p 00000000 00:00 0 
7fd2d4000000-7fd2d4021000 rw-p 00000000 00:00 0 
7fd2d4021000-7fd2d8000000 ---p 00000000 00:00 0 
7fd2d8000000-7fd2d8c07000 rw-p 00000000 00:00 0 
7fd2d8c07000-7fd2dc000000 ---p 00000000 00:00 0 
7fd2dc000000-7fd2dc956000 rw-p 00000000 00:00 0 
7fd2dc956000-7fd2e0000000 ---p 00000000 00:00 0 
7fd2e0000000-7fd2e0021000 rw-p 00000000 00:00 0 
7fd2e0021000-7fd2e4000000 ---p 00000000 00:00 0 
7fd2e4000000-7fd2e4a2e000 rw-p 00000000 00:00 0 
7fd2e4a2e000-7fd2e8000000 ---p 00000000 00:00 0 
7fd2e8000000-7fd2e8021000 rw-p 00000000 00:00 0 
7fd2e8021000-7fd2ec000000 ---p 00000000 00:00 0 
7fd2ec000000-7fd2ec021000 rw-p 00000000 00:00 0 
7fd2ec021000-7fd2f0000000 ---p 00000000 00:00 0 
7fd2f14e1000-7fd2f1561000 rw-p 00000000 00:00 0 
7fd2f1561000-7fd2f16e1000 ---p 00000000 00:00 0 
7fd2f16e1000-7fd2f18e1000 rw-p 00000000 00:00 0 
7fd2f18e1000-7fd2f18e4000 ---p 00000000 00:00 0 
7fd2f18e4000-7fd2f19e2000 rw-p 00000000 00:00 0 
7fd2f19e2000-7fd2f19e5000 ---p 00000000 00:00 0 
7fd2f19e5000-7fd2f1ae3000 rw-p 00000000 00:00 0 
7fd2f1ae3000-7fd2f1ae6000 ---p 00000000 00:00 0 
7fd2f1ae6000-7fd2f1be4000 rw-p 00000000 00:00 0 
7fd2f1be4000-7fd2f1be7000 ---p 00000000 00:00 0 
7fd2f1be7000-7fd2f1ce5000 rw-p 00000000 00:00 0 
7fd2f1ce5000-7fd2f1ce8000 ---p 00000000 00:00 0 
7fd2f1ce8000-7fd2f1de6000 rw-p 00000000 00:00 0 
7fd2f1de6000-7fd2f1de9000 ---p 00000000 00:00 0 
7fd2f1de9000-7fd2f1ee7000 rw-p 00000000 00:00 0 
7fd2f1ee7000-7fd2f1eea000 ---p 00000000 00:00 0 
7fd2f1eea000-7fd2f1fe8000 rw-p 00000000 00:00 0 
7fd2f1fe8000-7fd2f1feb000 ---p 00000000 00:00 0 
7fd2f1feb000-7fd2f20e9000 rw-p 00000000 00:00 0 
7fd2f20e9000-7fd2f20ec000 ---p 00000000 00:00 0 
7fd2f20ec000-7fd2f21ea000 rw-p 00000000 00:00 0 
7fd2f21ea000-7fd2f21ed000 ---p 00000000 00:00 0 
7fd2f21ed000-7fd2f22eb000 rw-p 00000000 00:00 0 
7fd2f22eb000-7fd2f22ee000 ---p 00000000 00:00 0 
7fd2f22ee000-7fd2f23ec000 rw-p 00000000 00:00 0 
7fd2f23ec000-7fd2f23ef000 ---p 00000000 00:00 0 
7fd2f23ef000-7fd2f24ed000 rw-p 00000000 00:00 0 
7fd2f24ed000-7fd2f24f0000 ---p 00000000 00:00 0 
7fd2f24f0000-7fd2f25ee000 rw-p 00000000 00:00 0 
7fd2f25ee000-7fd2f25f1000 ---p 00000000 00:00 0 
7fd2f25f1000-7fd2f28ef000 rw-p 00000000 00:00 0 
7fd2f28ef000-7fd2f28f2000 ---p 00000000 00:00 0 
7fd2f28f2000-7fd2f29f0000 rw-p 00000000 00:00 0 
7fd2f29f0000-7fd2f29f3000 ---p 00000000 00:00 0 
7fd2f29f3000-7fd2f2af1000 rw-p 00000000 00:00 0 
7fd2f2af1000-7fd2f2af4000 ---p 00000000 00:00 0 
7fd2f2af4000-7fd2f2bf2000 rw-p 00000000 00:00 0 
7fd2f2bf2000-7fd2f2c08000 r-xp 00000000 08:01 656512                     /usr/lib/jdk/jdk1.8.0_201/jre/lib/amd64/libnet.so
7fd2f2c08000-7fd2f2e08000 ---p 00016000 08:01 656512                     /usr/lib/jdk/jdk1.8.0_201/jre/lib/amd64/libnet.so
7fd2f2e08000-7fd2f2e09000 r--p 00016000 08:01 656512                     /usr/lib/jdk/jdk1.8.0_201/jre/lib/amd64/libnet.so
7fd2f2e09000-7fd2f2e0a000 rw-p 00017000 08:01 656512                     /usr/lib/jdk/jdk1.8.0_201/jre/lib/amd64/libnet.so
7fd2f2e0a000-7fd2f303b000 r--s 01bb1000 08:01 403225                     /home/hewitt/work/DiffTGen-master/lib/evosuite-1.0.6.jar
7fd2f303b000-7fd2f303c000 ---p 00000000 00:00 0 
7fd2f303c000-7fd2f313c000 rw-p 00000000 00:00 0 
7fd2f313c000-7fd2f313f000 ---p 00000000 00:00 0 
7fd2f313f000-7fd2f323d000 rw-p 00000000 00:00 0 
7fd2f323d000-7fd2f3240000 ---p 00000000 00:00 0 
7fd2f3240000-7fd2f333e000 rw-p 00000000 00:00 0 
7fd2f333e000-7fd2f3341000 ---p 00000000 00:00 0 
7fd2f3341000-7fd2f343f000 rw-p 00000000 00:00 0 
7fd2f343f000-7fd2f3442000 ---p 00000000 00:00 0 
7fd2f3442000-7fd2f3540000 rw-p 00000000 00:00 0 
7fd2f3540000-7fd2f3543000 ---p 00000000 00:00 0 
7fd2f3543000-7fd2f3641000 rw-p 00000000 00:00 0 
7fd2f3641000-7fd2f4000000 r--p 00000000 08:01 270368                     /usr/lib/locale/locale-archive
7fd2f4000000-7fd2f4021000 rw-p 00000000 00:00 0 
7fd2f4021000-7fd2f8000000 ---p 00000000 00:00 0 
7fd2f8000000-7fd2f829b000 rw-p 00000000 00:00 0 
7fd2f829b000-7fd2fc000000 ---p 00000000 00:00 0 
7fd2fc000000-7fd2fc021000 rw-p 00000000 00:00 0 
7fd2fc021000-7fd300000000 ---p 00000000 00:00 0 
7fd300000000-7fd300021000 rw-p 00000000 00:00 0 
7fd300021000-7fd304000000 ---p 00000000 00:00 0 
7fd304000000-7fd304021000 rw-p 00000000 00:00 0 
7fd304021000-7fd308000000 ---p 00000000 00:00 0 
7fd308024000-7fd308040000 r--s 00393000 08:01 656354                     /usr/lib/jdk/jdk1.8.0_201/jre/lib/ext/cldrdata.jar
7fd308040000-7fd3080b9000 r--s 010fd000 08:01 654900                     /usr/lib/jdk/jdk1.8.0_201/lib/tools.jar
7fd3080b9000-7fd3080bc000 ---p 00000000 00:00 0 
7fd3080bc000-7fd3081ba000 rw-p 00000000 00:00 0 
7fd3081ba000-7fd3081bd000 ---p 00000000 00:00 0 
7fd3081bd000-7fd3082bb000 rw-p 00000000 00:00 0 
7fd3082bb000-7fd3082bc000 ---p 00000000 00:00 0 
7fd3082bc000-7fd3092cb000 rw-p 00000000 00:00 0 
7fd3092cb000-7fd3094a5000 r--s 03d6f000 08:01 656293                     /usr/lib/jdk/jdk1.8.0_201/jre/lib/rt.jar
7fd3094a5000-7fd30bdb6000 rw-p 00000000 00:00 0 
7fd30bdb6000-7fd30bdb7000 ---p 00000000 00:00 0 
7fd30bdb7000-7fd30beb7000 rw-p 00000000 00:00 0 
7fd30beb7000-7fd30beb8000 ---p 00000000 00:00 0 
7fd30beb8000-7fd30bfb8000 rw-p 00000000 00:00 0 
7fd30bfb8000-7fd30bfb9000 ---p 00000000 00:00 0 
7fd30bfb9000-7fd30c0ce000 rw-p 00000000 00:00 0 
7fd30c0ce000-7fd30c201000 ---p 00000000 00:00 0 
7fd30c201000-7fd30c216000 rw-p 00000000 00:00 0 
7fd30c216000-7fd30c348000 ---p 00000000 00:00 0 
7fd30c348000-7fd30c389000 rw-p 00000000 00:00 0 
7fd30c389000-7fd30c3ec000 ---p 00000000 00:00 0 
7fd30c3ec000-7fd30c406000 rw-p 00000000 00:00 0 
7fd30c406000-7fd30c7ad000 ---p 00000000 00:00 0 
7fd30c7ad000-7fd30cdbd000 rwxp 00000000 00:00 0 
7fd30cdbd000-7fd31b7ad000 ---p 00000000 00:00 0 
7fd31b7ad000-7fd31b7c8000 r-xp 00000000 08:01 656508                     /usr/lib/jdk/jdk1.8.0_201/jre/lib/amd64/libzip.so
7fd31b7c8000-7fd31b9c7000 ---p 0001b000 08:01 656508                     /usr/lib/jdk/jdk1.8.0_201/jre/lib/amd64/libzip.so
7fd31b9c7000-7fd31b9c8000 r--p 0001a000 08:01 656508                     /usr/lib/jdk/jdk1.8.0_201/jre/lib/amd64/libzip.so
7fd31b9c8000-7fd31b9c9000 rw-p 0001b000 08:01 656508                     /usr/lib/jdk/jdk1.8.0_201/jre/lib/amd64/libzip.so
7fd31b9c9000-7fd31b9d4000 r-xp 00000000 08:01 658902                     /lib/x86_64-linux-gnu/libnss_files-2.23.so
7fd31b9d4000-7fd31bbd3000 ---p 0000b000 08:01 658902                     /lib/x86_64-linux-gnu/libnss_files-2.23.so
7fd31bbd3000-7fd31bbd4000 r--p 0000a000 08:01 658902                     /lib/x86_64-linux-gnu/libnss_files-2.23.so
7fd31bbd4000-7fd31bbd5000 rw-p 0000b000 08:01 658902                     /lib/x86_64-linux-gnu/libnss_files-2.23.so
7fd31bbd5000-7fd31bbdb000 rw-p 00000000 00:00 0 
7fd31bbdb000-7fd31bbe6000 r-xp 00000000 08:01 658912                     /lib/x86_64-linux-gnu/libnss_nis-2.23.so
7fd31bbe6000-7fd31bde5000 ---p 0000b000 08:01 658912                     /lib/x86_64-linux-gnu/libnss_nis-2.23.so
7fd31bde5000-7fd31bde6000 r--p 0000a000 08:01 658912                     /lib/x86_64-linux-gnu/libnss_nis-2.23.so
7fd31bde6000-7fd31bde7000 rw-p 0000b000 08:01 658912                     /lib/x86_64-linux-gnu/libnss_nis-2.23.so
7fd31bde7000-7fd31bdfd000 r-xp 00000000 08:01 658896                     /lib/x86_64-linux-gnu/libnsl-2.23.so
7fd31bdfd000-7fd31bffc000 ---p 00016000 08:01 658896                     /lib/x86_64-linux-gnu/libnsl-2.23.so
7fd31bffc000-7fd31bffd000 r--p 00015000 08:01 658896                     /lib/x86_64-linux-gnu/libnsl-2.23.so
7fd31bffd000-7fd31bffe000 rw-p 00016000 08:01 658896                     /lib/x86_64-linux-gnu/libnsl-2.23.so
7fd31bffe000-7fd31c000000 rw-p 00000000 00:00 0 
7fd31c000000-7fd31c4c6000 rw-p 00000000 00:00 0 
7fd31c4c6000-7fd320000000 ---p 00000000 00:00 0 
7fd320000000-7fd320003000 ---p 00000000 00:00 0 
7fd320003000-7fd320039000 rw-p 00000000 00:00 0 
7fd320039000-7fd32003a000 ---p 00000000 00:00 0 
7fd32003a000-7fd32013a000 rw-p 00000000 00:00 0 
7fd32013a000-7fd320142000 r-xp 00000000 08:01 658898                     /lib/x86_64-linux-gnu/libnss_compat-2.23.so
7fd320142000-7fd320341000 ---p 00008000 08:01 658898                     /lib/x86_64-linux-gnu/libnss_compat-2.23.so
7fd320341000-7fd320342000 r--p 00007000 08:01 658898                     /lib/x86_64-linux-gnu/libnss_compat-2.23.so
7fd320342000-7fd320343000 rw-p 00008000 08:01 658898                     /lib/x86_64-linux-gnu/libnss_compat-2.23.so
7fd320343000-7fd32036f000 r-xp 00000000 08:01 656502                     /usr/lib/jdk/jdk1.8.0_201/jre/lib/amd64/libjava.so
7fd32036f000-7fd32056f000 ---p 0002c000 08:01 656502                     /usr/lib/jdk/jdk1.8.0_201/jre/lib/amd64/libjava.so
7fd32056f000-7fd320570000 r--p 0002c000 08:01 656502                     /usr/lib/jdk/jdk1.8.0_201/jre/lib/amd64/libjava.so
7fd320570000-7fd320572000 rw-p 0002d000 08:01 656502                     /usr/lib/jdk/jdk1.8.0_201/jre/lib/amd64/libjava.so
7fd320572000-7fd32057f000 r-xp 00000000 08:01 656507                     /usr/lib/jdk/jdk1.8.0_201/jre/lib/amd64/libverify.so
7fd32057f000-7fd32077e000 ---p 0000d000 08:01 656507                     /usr/lib/jdk/jdk1.8.0_201/jre/lib/amd64/libverify.so
7fd32077e000-7fd320780000 r--p 0000c000 08:01 656507                     /usr/lib/jdk/jdk1.8.0_201/jre/lib/amd64/libverify.so
7fd320780000-7fd320781000 rw-p 0000e000 08:01 656507                     /usr/lib/jdk/jdk1.8.0_201/jre/lib/amd64/libverify.so
7fd320781000-7fd320788000 r-xp 00000000 08:01 658957                     /lib/x86_64-linux-gnu/librt-2.23.so
7fd320788000-7fd320987000 ---p 00007000 08:01 658957                     /lib/x86_64-linux-gnu/librt-2.23.so
7fd320987000-7fd320988000 r--p 00006000 08:01 658957                     /lib/x86_64-linux-gnu/librt-2.23.so
7fd320988000-7fd320989000 rw-p 00007000 08:01 658957                     /lib/x86_64-linux-gnu/librt-2.23.so
7fd320989000-7fd320a91000 r-xp 00000000 08:01 658873                     /lib/x86_64-linux-gnu/libm-2.23.so
7fd320a91000-7fd320c90000 ---p 00108000 08:01 658873                     /lib/x86_64-linux-gnu/libm-2.23.so
7fd320c90000-7fd320c91000 r--p 00107000 08:01 658873                     /lib/x86_64-linux-gnu/libm-2.23.so
7fd320c91000-7fd320c92000 rw-p 00108000 08:01 658873                     /lib/x86_64-linux-gnu/libm-2.23.so
7fd320c92000-7fd32197a000 r-xp 00000000 08:01 656484                     /usr/lib/jdk/jdk1.8.0_201/jre/lib/amd64/server/libjvm.so
7fd32197a000-7fd321b79000 ---p 00ce8000 08:01 656484                     /usr/lib/jdk/jdk1.8.0_201/jre/lib/amd64/server/libjvm.so
7fd321b79000-7fd321c0f000 r--p 00ce7000 08:01 656484                     /usr/lib/jdk/jdk1.8.0_201/jre/lib/amd64/server/libjvm.so
7fd321c0f000-7fd321c40000 rw-p 00d7d000 08:01 656484                     /usr/lib/jdk/jdk1.8.0_201/jre/lib/amd64/server/libjvm.so
7fd321c40000-7fd321c7b000 rw-p 00000000 00:00 0 
7fd321c7b000-7fd321e3b000 r-xp 00000000 08:01 658803                     /lib/x86_64-linux-gnu/libc-2.23.so
7fd321e3b000-7fd32203b000 ---p 001c0000 08:01 658803                     /lib/x86_64-linux-gnu/libc-2.23.so
7fd32203b000-7fd32203f000 r--p 001c0000 08:01 658803                     /lib/x86_64-linux-gnu/libc-2.23.so
7fd32203f000-7fd322041000 rw-p 001c4000 08:01 658803                     /lib/x86_64-linux-gnu/libc-2.23.so
7fd322041000-7fd322045000 rw-p 00000000 00:00 0 
7fd322045000-7fd322048000 r-xp 00000000 08:01 658827                     /lib/x86_64-linux-gnu/libdl-2.23.so
7fd322048000-7fd322247000 ---p 00003000 08:01 658827                     /lib/x86_64-linux-gnu/libdl-2.23.so
7fd322247000-7fd322248000 r--p 00002000 08:01 658827                     /lib/x86_64-linux-gnu/libdl-2.23.so
7fd322248000-7fd322249000 rw-p 00003000 08:01 658827                     /lib/x86_64-linux-gnu/libdl-2.23.so
7fd322249000-7fd322260000 r-xp 00000000 08:01 656155                     /usr/lib/jdk/jdk1.8.0_201/lib/amd64/jli/libjli.so
7fd322260000-7fd32245f000 ---p 00017000 08:01 656155                     /usr/lib/jdk/jdk1.8.0_201/lib/amd64/jli/libjli.so
7fd32245f000-7fd322460000 r--p 00016000 08:01 656155                     /usr/lib/jdk/jdk1.8.0_201/lib/amd64/jli/libjli.so
7fd322460000-7fd322461000 rw-p 00017000 08:01 656155                     /usr/lib/jdk/jdk1.8.0_201/lib/amd64/jli/libjli.so
7fd322461000-7fd322479000 r-xp 00000000 08:01 658949                     /lib/x86_64-linux-gnu/libpthread-2.23.so
7fd322479000-7fd322678000 ---p 00018000 08:01 658949                     /lib/x86_64-linux-gnu/libpthread-2.23.so
7fd322678000-7fd322679000 r--p 00017000 08:01 658949                     /lib/x86_64-linux-gnu/libpthread-2.23.so
7fd322679000-7fd32267a000 rw-p 00018000 08:01 658949                     /lib/x86_64-linux-gnu/libpthread-2.23.so
7fd32267a000-7fd32267e000 rw-p 00000000 00:00 0 
7fd32267e000-7fd3226a4000 r-xp 00000000 08:01 658775                     /lib/x86_64-linux-gnu/ld-2.23.so
7fd3226af000-7fd3226b9000 r--s 00116000 08:01 656361                     /usr/lib/jdk/jdk1.8.0_201/jre/lib/ext/localedata.jar
7fd3226b9000-7fd3226c8000 r--s 000ad000 08:01 428301                     /home/hewitt/work/DiffTGen-master/output/patch1-Math-80-CapGen/Math_80_1_capgen/target/build/classes/all0.jar
7fd3226c8000-7fd322786000 rw-p 00000000 00:00 0 
7fd322786000-7fd322789000 ---p 00000000 00:00 0 
7fd322789000-7fd32288c000 rw-p 00000000 00:00 0 
7fd32288c000-7fd322890000 r--s 000a1000 08:01 656350                     /usr/lib/jdk/jdk1.8.0_201/jre/lib/jsse.jar
7fd322890000-7fd322898000 r--s 0006e000 08:01 398946                     /home/hewitt/work/DiffTGen-master/lib/commons-lang3-3.5.jar
7fd322898000-7fd322899000 r--s 00000000 08:01 398951                     /home/hewitt/work/DiffTGen-master/lib/myprinter.jar
7fd322899000-7fd3228a1000 rw-s 00000000 08:01 153470                     /tmp/hsperfdata_hewitt/44796
7fd3228a1000-7fd3228a2000 rw-p 00000000 00:00 0 
7fd3228a2000-7fd3228a3000 ---p 00000000 00:00 0 
7fd3228a3000-7fd3228a4000 r--p 00025000 08:01 658775                     /lib/x86_64-linux-gnu/ld-2.23.so
7fd3228a4000-7fd3228a5000 rw-p 00026000 08:01 658775                     /lib/x86_64-linux-gnu/ld-2.23.so
7fd3228a5000-7fd3228a6000 rw-p 00000000 00:00 0 
7fffdfc28000-7fffdfc4a000 rw-p 00000000 00:00 0                          [stack]
7fffdfcf0000-7fffdfcf3000 r--p 00000000 00:00 0                          [vvar]
7fffdfcf3000-7fffdfcf5000 r-xp 00000000 00:00 0                          [vdso]
ffffffffff600000-ffffffffff601000 r-xp 00000000 00:00 0                  [vsyscall]

VM Arguments:
java_command: /home/hewitt/work/DiffTGen-master/lib/evosuite-1.0.6.jar -base_dir /home/hewitt/work/DiffTGen-master/output/patch1-Math-80-CapGen/Math_80_1_capgen/target/0/21 -projectCP /home/hewitt/work/DiffTGen-master/output/patch1-Math-80-CapGen/Math_80_1_capgen/target/build/classes/all0.jar:/home/hewitt/work/DiffTGen-master/lib/myprinter.jar:/home/hewitt/work/DiffTGen-master/lib/commons-lang3-3.5.jar -class org.apache.commons.math.linear.EigenDecompositionImpl -Dassertions=false -Dsearch_budget=60
java_class_path (initial): /home/hewitt/work/DiffTGen-master/lib/evosuite-1.0.6.jar
Launcher Type: SUN_STANDARD

Environment Variables:
JAVA_HOME=/usr/lib/jdk/jdk1.8.0_201
JRE_HOME=/usr/lib/jdk/jdk1.8.0_201/jre
CLASSPATH=.:/usr/lib/jdk/jdk1.8.0_201/lib:/usr/lib/jdk/jdk1.8.0_201/jre/lib
PATH=/usr/lib/jdk/jdk1.8.0_201/bin:/home/hewitt/bin:/home/hewitt/.local/bin:/usr/lib/jdk/jdk1.7.0_80/bin:/usr/local/sbin:/usr/local/bin:/usr/sbin:/usr/bin:/sbin:/bin:/usr/games:/usr/local/games:/snap/bin:/home/hewitt/work/defects4j_v1.4.0/defects4j/framework/bin:/opt/apache-ant-1.9.14/bin:/home/hewitt/work/defects4j_v1.4.0/defects4j/framework/bin
SHELL=/bin/bash
DISPLAY=:0

Signal Handlers:
SIGSEGV: [libjvm.so+0xad3e60], sa_mask[0]=11111111011111111101111111111110, sa_flags=SA_RESTART|SA_SIGINFO
SIGBUS: [libjvm.so+0xad3e60], sa_mask[0]=11111111011111111101111111111110, sa_flags=SA_RESTART|SA_SIGINFO
SIGFPE: [libjvm.so+0x90b880], sa_mask[0]=11111111011111111101111111111110, sa_flags=SA_RESTART|SA_SIGINFO
SIGPIPE: [libjvm.so+0x90b880], sa_mask[0]=11111111011111111101111111111110, sa_flags=SA_RESTART|SA_SIGINFO
SIGXFSZ: [libjvm.so+0x90b880], sa_mask[0]=11111111011111111101111111111110, sa_flags=SA_RESTART|SA_SIGINFO
SIGILL: [libjvm.so+0x90b880], sa_mask[0]=11111111011111111101111111111110, sa_flags=SA_RESTART|SA_SIGINFO
SIGUSR1: SIG_DFL, sa_mask[0]=00000000000000000000000000000000, sa_flags=none
SIGUSR2: [libjvm.so+0x90b750], sa_mask[0]=00100000000000000000000000000000, sa_flags=SA_RESTART|SA_SIGINFO
SIGHUP: [libjvm.so+0x90bd70], sa_mask[0]=11111111011111111101111111111110, sa_flags=SA_RESTART|SA_SIGINFO
SIGINT: [libjvm.so+0x90bd70], sa_mask[0]=11111111011111111101111111111110, sa_flags=SA_RESTART|SA_SIGINFO
SIGTERM: [libjvm.so+0x90bd70], sa_mask[0]=11111111011111111101111111111110, sa_flags=SA_RESTART|SA_SIGINFO
SIGQUIT: [libjvm.so+0x90bd70], sa_mask[0]=11111111011111111101111111111110, sa_flags=SA_RESTART|SA_SIGINFO


---------------  S Y S T E M  ---------------

OS:DISTRIB_ID=Ubuntu
DISTRIB_RELEASE=16.04
DISTRIB_CODENAME=xenial
DISTRIB_DESCRIPTION="Ubuntu 16.04.6 LTS"

uname:Linux 4.15.0-91-generic #92~16.04.1-Ubuntu SMP Fri Feb 28 14:57:22 UTC 2020 x86_64
libc:glibc 2.23 NPTL 2.23 
rlimit: STACK 8192k, CORE 0k, NPROC 15448, NOFILE 1048576, AS infinity
load average:17.10 13.23 13.84

/proc/meminfo:
MemTotal:        4015928 kB
MemFree:          141692 kB
MemAvailable:      58384 kB
Buffers:             480 kB
Cached:            41572 kB
SwapCached:         3648 kB
Active:          2842652 kB
Inactive:         596236 kB
Active(anon):    2833884 kB
Inactive(anon):   564176 kB
Active(file):       8768 kB
Inactive(file):    32060 kB
Unevictable:          48 kB
Mlocked:              48 kB
SwapTotal:        998396 kB
SwapFree:           5632 kB
Dirty:               152 kB
Writeback:          1304 kB
AnonPages:       3393792 kB
Mapped:            31856 kB
Shmem:              1012 kB
Slab:              91512 kB
SReclaimable:      33492 kB
SUnreclaim:        58020 kB
KernelStack:       14928 kB
PageTables:        41280 kB
NFS_Unstable:          0 kB
Bounce:                0 kB
WritebackTmp:          0 kB
CommitLimit:     3006360 kB
Committed_AS:    8452436 kB
VmallocTotal:   34359738367 kB
VmallocUsed:           0 kB
VmallocChunk:          0 kB
HardwareCorrupted:     0 kB
AnonHugePages:         0 kB
ShmemHugePages:        0 kB
ShmemPmdMapped:        0 kB
CmaTotal:              0 kB
CmaFree:               0 kB
HugePages_Total:       0
HugePages_Free:        0
HugePages_Rsvd:        0
HugePages_Surp:        0
Hugepagesize:       2048 kB
DirectMap4k:       98112 kB
DirectMap2M:     4096000 kB
DirectMap1G:     2097152 kB

container (cgroup) information:
container_type: cgroupv1
cpu_cpuset_cpus: 0-3
cpu_memory_nodes: 0
active_processor_count: 4
cpu_quota: -1
cpu_period: 100000
cpu_shares: -1
memory_limit_in_bytes: -1
memory_and_swap_limit_in_bytes: -2
memory_soft_limit_in_bytes: -1
memory_usage_in_bytes: 3520294912
memory_max_usage_in_bytes: 69316608


CPU:total 4 (initial active 4) (2 cores per cpu, 1 threads per core) family 6 model 158 stepping 9, cmov, cx8, fxsr, mmx, sse, sse2, sse3, ssse3, sse4.1, sse4.2, popcnt, avx, avx2, aes, clmul, erms, 3dnowpref, lzcnt, tsc, tscinvbit, bmi1, bmi2, adx

/proc/cpuinfo:
processor	: 0
vendor_id	: GenuineIntel
cpu family	: 6
model		: 158
model name	: Intel(R) Core(TM) i7-7700HQ CPU @ 2.80GHz
stepping	: 9
microcode	: 0xb4
cpu MHz		: 2808.002
cache size	: 6144 KB
physical id	: 0
siblings	: 2
core id		: 0
cpu cores	: 2
apicid		: 0
initial apicid	: 0
fpu		: yes
fpu_exception	: yes
cpuid level	: 22
wp		: yes
flags		: fpu vme de pse tsc msr pae mce cx8 apic sep mtrr pge mca cmov pat pse36 clflush mmx fxsr sse sse2 ss ht syscall nx pdpe1gb rdtscp lm constant_tsc arch_perfmon nopl xtopology tsc_reliable nonstop_tsc cpuid pni pclmulqdq ssse3 fma cx16 pcid sse4_1 sse4_2 x2apic movbe popcnt tsc_deadline_timer aes xsave avx f16c rdrand hypervisor lahf_lm abm 3dnowprefetch cpuid_fault invpcid_single pti ssbd ibrs ibpb stibp fsgsbase tsc_adjust bmi1 avx2 smep bmi2 invpcid mpx rdseed adx smap clflushopt xsaveopt xsavec xsaves arat md_clear flush_l1d arch_capabilities
bugs		: cpu_meltdown spectre_v1 spectre_v2 spec_store_bypass l1tf mds swapgs itlb_multihit
bogomips	: 5616.00
clflush size	: 64
cache_alignment	: 64
address sizes	: 43 bits physical, 48 bits virtual
power management:

processor	: 1
vendor_id	: GenuineIntel
cpu family	: 6
model		: 158
model name	: Intel(R) Core(TM) i7-7700HQ CPU @ 2.80GHz
stepping	: 9
microcode	: 0xb4
cpu MHz		: 2808.002
cache size	: 6144 KB
physical id	: 0
siblings	: 2
core id		: 1
cpu cores	: 2
apicid		: 1
initial apicid	: 1
fpu		: yes
fpu_exception	: yes
cpuid level	: 22
wp		: yes
flags		: fpu vme de pse tsc msr pae mce cx8 apic sep mtrr pge mca cmov pat pse36 clflush mmx fxsr sse sse2 ss ht syscall nx pdpe1gb rdtscp lm constant_tsc arch_perfmon nopl xtopology tsc_reliable nonstop_tsc cpuid pni pclmulqdq ssse3 fma cx16 pcid sse4_1 sse4_2 x2apic movbe popcnt tsc_deadline_timer aes xsave avx f16c rdrand hypervisor lahf_lm abm 3dnowprefetch cpuid_fault invpcid_single pti ssbd ibrs ibpb stibp fsgsbase tsc_adjust bmi1 avx2 smep bmi2 invpcid mpx rdseed adx smap clflushopt xsaveopt xsavec xsaves arat md_clear flush_l1d arch_capabilities
bugs		: cpu_meltdown spectre_v1 spectre_v2 spec_store_bypass l1tf mds swapgs itlb_multihit
bogomips	: 5616.00
clflush size	: 64
cache_alignment	: 64
address sizes	: 43 bits physical, 48 bits virtual
power management:

processor	: 2
vendor_id	: GenuineIntel
cpu family	: 6
model		: 158
model name	: Intel(R) Core(TM) i7-7700HQ CPU @ 2.80GHz
stepping	: 9
microcode	: 0xb4
cpu MHz		: 2808.002
cache size	: 6144 KB
physical id	: 1
siblings	: 2
core id		: 0
cpu cores	: 2
apicid		: 2
initial apicid	: 2
fpu		: yes
fpu_exception	: yes
cpuid level	: 22
wp		: yes
flags		: fpu vme de pse tsc msr pae mce cx8 apic sep mtrr pge mca cmov pat pse36 clflush mmx fxsr sse sse2 ss ht syscall nx pdpe1gb rdtscp lm constant_tsc arch_perfmon nopl xtopology tsc_reliable nonstop_tsc cpuid pni pclmulqdq ssse3 fma cx16 pcid sse4_1 sse4_2 x2apic movbe popcnt tsc_deadline_timer aes xsave avx f16c rdrand hypervisor lahf_lm abm 3dnowprefetch cpuid_fault invpcid_single pti ssbd ibrs ibpb stibp fsgsbase tsc_adjust bmi1 avx2 smep bmi2 invpcid mpx rdseed adx smap clflushopt xsaveopt xsavec xsaves arat md_clear flush_l1d arch_capabilities
bugs		: cpu_meltdown spectre_v1 spectre_v2 spec_store_bypass l1tf mds swapgs itlb_multihit
bogomips	: 5616.00
clflush size	: 64
cache_alignment	: 64
address sizes	: 43 bits physical, 48 bits virtual
power management:

processor	: 3
vendor_id	: GenuineIntel
cpu family	: 6
model		: 158
model name	: Intel(R) Core(TM) i7-7700HQ CPU @ 2.80GHz
stepping	: 9
microcode	: 0xb4
cpu MHz		: 2808.002
cache size	: 6144 KB
physical id	: 1
siblings	: 2
core id		: 1
cpu cores	: 2
apicid		: 3
initial apicid	: 3
fpu		: yes
fpu_exception	: yes
cpuid level	: 22
wp		: yes
flags		: fpu vme de pse tsc msr pae mce cx8 apic sep mtrr pge mca cmov pat pse36 clflush mmx fxsr sse sse2 ss ht syscall nx pdpe1gb rdtscp lm constant_tsc arch_perfmon nopl xtopology tsc_reliable nonstop_tsc cpuid pni pclmulqdq ssse3 fma cx16 pcid sse4_1 sse4_2 x2apic movbe popcnt tsc_deadline_timer aes xsave avx f16c rdrand hypervisor lahf_lm abm 3dnowprefetch cpuid_fault invpcid_single pti ssbd ibrs ibpb stibp fsgsbase tsc_adjust bmi1 avx2 smep bmi2 invpcid mpx rdseed adx smap clflushopt xsaveopt xsavec xsaves arat md_clear flush_l1d arch_capabilities
bugs		: cpu_meltdown spectre_v1 spectre_v2 spec_store_bypass l1tf mds swapgs itlb_multihit
bogomips	: 5616.00
clflush size	: 64
cache_alignment	: 64
address sizes	: 43 bits physical, 48 bits virtual
power management:



Memory: 4k page, physical 4015928k(141692k free), swap 998396k(5632k free)

vm_info: Java HotSpot(TM) 64-Bit Server VM (25.201-b09) for linux-amd64 JRE (1.8.0_201-b09), built on Dec 15 2018 11:35:59 by "java_re" with gcc 7.3.0

time: Sun Mar 29 10:53:03 2020
timezone: CST
elapsed time: 52 seconds (0d 0h 0m 52s)

