#
# There is insufficient memory for the Java Runtime Environment to continue.
# Native memory allocation (mmap) failed to map 262144 bytes for committing reserved memory.
# Possible reasons:
#   The system is out of physical RAM or swap space
#   The process is running with CompressedOops enabled, and the Java Heap may be blocking the growth of the native heap
# Possible solutions:
#   Reduce memory load on the system
#   Increase physical memory or swap space
#   Check if swap backing store is full
#   Decrease Java heap size (-Xmx/-Xms)
#   Decrease number of Java threads
#   Decrease Java thread stack sizes (-Xss)
#   Set larger code cache with -XX:ReservedCodeCacheSize=
#   JVM is running with Unscaled Compressed Oops mode in which the Java heap is
#     placed in the first 4GB address space. The Java Heap base address is the
#     maximum limit for the native heap growth. Please use -XX:HeapBaseMinAddress
#     to set the Java Heap base and to place the Java Heap above 4GB virtual address.
# This output file may be truncated or incomplete.
#
#  Out of Memory Error (os_linux.cpp:2749), pid=55449, tid=0x00007fe88c507700
#
# JRE version: Java(TM) SE Runtime Environment (8.0_201-b09) (build 1.8.0_201-b09)
# Java VM: Java HotSpot(TM) 64-Bit Server VM (25.201-b09 mixed mode linux-amd64 compressed oops)
# Failed to write core dump. Core dumps have been disabled. To enable core dumping, try "ulimit -c unlimited" before starting Java again
#

---------------  T H R E A D  ---------------

Current thread (0x00007fe8a0186000):  JavaThread "C1 CompilerThread2" daemon [_thread_in_vm, id=55532, stack(0x00007fe88c407000,0x00007fe88c508000)]

Stack: [0x00007fe88c407000,0x00007fe88c508000],  sp=0x00007fe88c505ee0,  free space=1019k
Native frames: (J=compiled Java code, j=interpreted, Vv=VM code, C=native code)
V  [libjvm.so+0xad3525]  VMError::report_and_die()+0x2e5
V  [libjvm.so+0x4e0457]  report_vm_out_of_memory(char const*, int, unsigned long, VMErrorType, char const*)+0x67
V  [libjvm.so+0x9102f0]  os::pd_commit_memory(char*, unsigned long, unsigned long, bool)+0x100
V  [libjvm.so+0x90791f]  os::commit_memory(char*, unsigned long, unsigned long, bool)+0x1f
V  [libjvm.so+0xacfda0]  VirtualSpace::expand_by(unsigned long, bool)+0x140
V  [libjvm.so+0x888e29]  VirtualSpaceList::get_new_chunk(unsigned long, unsigned long)+0x1a9
V  [libjvm.so+0x88ab5f]  SpaceManager::grow_and_allocate(unsigned long)+0x1ef
V  [libjvm.so+0x88b45b]  SpaceManager::allocate(unsigned long)+0x1db
V  [libjvm.so+0x88beb5]  Metaspace::allocate(ClassLoaderData*, unsigned long, bool, MetaspaceObj::Type, Thread*)+0x55
V  [libjvm.so+0x8b0aa2]  MethodData::allocate(ClassLoaderData*, methodHandle, Thread*)+0x1f2
V  [libjvm.so+0x895193]  Method::build_interpreter_method_data(methodHandle, Thread*)+0xd3
V  [libjvm.so+0x3ff2ca]  ciMethod::ensure_method_data(methodHandle)+0xea
V  [libjvm.so+0x3ff581]  ciMethod::ensure_method_data()+0xc1
V  [libjvm.so+0x32f4a9]  Compilation::compile_java_method()+0x3a9
V  [libjvm.so+0x32f68a]  Compilation::compile_method()+0x11a
V  [libjvm.so+0x32fb00]  Compilation::Compilation(AbstractCompiler*, ciEnv*, ciMethod*, int, BufferBlob*)+0x200
V  [libjvm.so+0x330288]  Compiler::compile_method(ciEnv*, ciMethod*, int)+0xa8
V  [libjvm.so+0x48b84c]  CompileBroker::invoke_compiler_on_method(CompileTask*)+0x73c
V  [libjvm.so+0x48d488]  CompileBroker::compiler_thread_loop()+0x6d8
V  [libjvm.so+0xa7bb6b]  JavaThread::thread_main_inner()+0xdb
V  [libjvm.so+0xa7be71]  JavaThread::run()+0x2d1
V  [libjvm.so+0x90d922]  java_start(Thread*)+0x102
C  [libpthread.so.0+0x76ba]  start_thread+0xca


Current CompileTask:
C1:  45229 1830       3       java.net.SocketInputStream::read (15 bytes)


---------------  P R O C E S S  ---------------

Java Threads: ( => current thread )
  0x00007fe838002800 JavaThread "RMI TCP Connection(3)-127.0.0.1" daemon [_thread_in_native, id=55940, stack(0x00007fe846ef1000,0x00007fe846ff2000)]
  0x00007fe838001000 JavaThread "RMI TCP Connection(2)-127.0.0.1" daemon [_thread_in_native, id=55923, stack(0x00007fe846ff2000,0x00007fe8470f3000)]
  0x00007fe814038000 JavaThread "RMI Scheduler(0)" daemon [_thread_blocked, id=55921, stack(0x00007fe8470f3000,0x00007fe8471f4000)]
  0x00007fe814030800 JavaThread "RMI RenewClean-[127.0.0.1:16849]" daemon [_thread_blocked, id=55915, stack(0x00007fe8471f4000,0x00007fe8472f5000)]
  0x00007fe840001000 JavaThread "RMI TCP Connection(4)-127.0.0.1" daemon [_thread_blocked, id=55908, stack(0x00007fe8472f5000,0x00007fe8473f6000)]
  0x00007fe828005000 JavaThread "pool-3-thread-3" [_thread_in_native, id=55844, stack(0x00007fe8473f6000,0x00007fe8474f7000)]
  0x00007fe828003000 JavaThread "pool-3-thread-2" [_thread_in_native, id=55843, stack(0x00007fe8474f7000,0x00007fe8475f8000)]
  0x00007fe828002000 JavaThread "pool-3-thread-1" [_thread_in_native, id=55841, stack(0x00007fe8475f8000,0x00007fe8476f9000)]
  0x00007fe8a01ff000 JavaThread "Thread-3" [_thread_in_native, id=55733, stack(0x00007fe8476f9000,0x00007fe8477fa000)]
  0x00007fe8a01fd000 JavaThread "Thread-2" [_thread_in_native, id=55731, stack(0x00007fe8477fa000,0x00007fe8478fb000)]
  0x00007fe8a01a4800 JavaThread "process reaper" daemon [_thread_in_native, id=55728, stack(0x00007fe86c044000,0x00007fe86c07d000)]
  0x00007fe8a03c1000 JavaThread "pool-2-thread-1" [_thread_in_native, id=55715, stack(0x00007fe8478fb000,0x00007fe8479fc000)]
  0x00007fe8a03bf000 JavaThread "GC Daemon" daemon [_thread_blocked, id=55712, stack(0x00007fe8479fc000,0x00007fe847afd000)]
  0x00007fe8a03bc000 JavaThread "RMI Reaper" [_thread_blocked, id=55711, stack(0x00007fe847afd000,0x00007fe847bfe000)]
  0x00007fe8a03b3000 JavaThread "RMI TCP Accept-14945" daemon [_thread_in_native, id=55707, stack(0x00007fe847bfe000,0x00007fe847cff000)]
  0x00007fe8a03ae000 JavaThread "RMI TCP Accept-15258" daemon [_thread_in_native, id=55697, stack(0x00007fe847cff000,0x00007fe847e00000)]
  0x00007fe8a02f1800 JavaThread "logback-3" daemon [_thread_blocked, id=55580, stack(0x00007fe86c0f6000,0x00007fe86c1f7000)]
  0x00007fe8a02ee000 JavaThread "logback-2" daemon [_thread_blocked, id=55570, stack(0x00007fe88c003000,0x00007fe88c104000)]
  0x00007fe8a02ec000 JavaThread "logback-1" daemon [_thread_blocked, id=55567, stack(0x00007fe88c104000,0x00007fe88c205000)]
  0x00007fe8a0189000 JavaThread "Service Thread" daemon [_thread_blocked, id=55544, stack(0x00007fe88c306000,0x00007fe88c407000)]
=>0x00007fe8a0186000 JavaThread "C1 CompilerThread2" daemon [_thread_in_vm, id=55532, stack(0x00007fe88c407000,0x00007fe88c508000)]
  0x00007fe8a0184800 JavaThread "C2 CompilerThread1" daemon [_thread_blocked, id=55523, stack(0x00007fe88c508000,0x00007fe88c609000)]
  0x00007fe8a0181800 JavaThread "C2 CompilerThread0" daemon [_thread_blocked, id=55520, stack(0x00007fe88c609000,0x00007fe88c70a000)]
  0x00007fe8a0180000 JavaThread "Signal Dispatcher" daemon [_thread_blocked, id=55517, stack(0x00007fe88c70a000,0x00007fe88c80b000)]
  0x00007fe8a014c000 JavaThread "Finalizer" daemon [_thread_blocked, id=55506, stack(0x00007fe88c80b000,0x00007fe88c90c000)]
  0x00007fe8a0149800 JavaThread "Reference Handler" daemon [_thread_blocked, id=55477, stack(0x00007fe88c90c000,0x00007fe88ca0d000)]
  0x00007fe8a000a800 JavaThread "main" [_thread_in_native, id=55450, stack(0x00007fe8a6ea2000,0x00007fe8a6fa3000)]

Other Threads:
  0x00007fe8a0140000 VMThread [stack: 0x00007fe88ca0d000,0x00007fe88cb0e000] [id=55457]
  0x00007fe8a018c000 WatcherThread [stack: 0x00007fe88c205000,0x00007fe88c306000] [id=55547]

VM state:synchronizing (normal execution)

VM Mutex/Monitor currently owned by a thread:  ([mutex/lock_event])
[0x00007fe8a0007050] Threads_lock - owner thread: 0x00007fe8a0140000
[0x00007fe8a0007ad0] MethodData_lock - owner thread: 0x00007fe8a0186000

heap address: 0x00000000c2a00000, size: 982 MB, Compressed Oops mode: 32-bit
Narrow klass base: 0x0000000000000000, Narrow klass shift: 3
Compressed class space size: 1073741824 Address: 0x0000000100000000

Heap:
 PSYoungGen      total 16384K, used 6912K [0x00000000eb900000, 0x00000000ed180000, 0x0000000100000000)
  eden space 13824K, 31% used [0x00000000eb900000,0x00000000ebd44038,0x00000000ec680000)
  from space 2560K, 99% used [0x00000000ecb00000,0x00000000ecd7c010,0x00000000ecd80000)
  to   space 4608K, 0% used [0x00000000ec680000,0x00000000ec680000,0x00000000ecb00000)
 ParOldGen       total 42496K, used 4372K [0x00000000c2a00000, 0x00000000c5380000, 0x00000000eb900000)
  object space 42496K, 10% used [0x00000000c2a00000,0x00000000c2e451c8,0x00000000c5380000)
 Metaspace       used 14368K, capacity 14792K, committed 14848K, reserved 1062912K
  class space    used 1639K, capacity 1774K, committed 1792K, reserved 1048576K

Card table byte_map: [0x00007fe890a54000,0x00007fe890c40000] byte_map_base: 0x00007fe89043f000

Marking Bits: (ParMarkBitMap*) 0x00007fe8a6379d80
 Begin Bits: [0x00007fe88e658000, 0x00007fe88f5b0000)
 End Bits:   [0x00007fe88f5b0000, 0x00007fe890508000)

Polling page: 0x00007fe8a6fbe000

CodeCache: size=245760Kb used=6464Kb max_used=6475Kb free=239295Kb
 bounds [0x00007fe891000000, 0x00007fe891660000, 0x00007fe8a0000000]
 total_blobs=2119 nmethods=1768 adapters=264
 compilation: enabled

Compilation events (10 events):
Event: 43.446 Thread 0x00007fe8a0181800 1825       4       java.lang.Math::min (46 bytes)
Event: 43.446 Thread 0x00007fe8a0181800 nmethod 1825 0x00007fe8916535d0 code [0x00007fe891653740, 0x00007fe891653858]
Event: 43.462 Thread 0x00007fe8a0181800 1826       4       java.lang.reflect.Method::copy (84 bytes)
Event: 43.464 Thread 0x00007fe8a0181800 nmethod 1826 0x00007fe891653210 code [0x00007fe891653360, 0x00007fe8916534f8]
Event: 43.488 Thread 0x00007fe8a0186000 nmethod 1824 0x00007fe891655050 code [0x00007fe8916552c0, 0x00007fe891656178]
Event: 43.572 Thread 0x00007fe8a0181800 1827       4       java.io.ObjectInputStream::checkArray (41 bytes)
Event: 43.737 Thread 0x00007fe8a0181800 nmethod 1827 0x00007fe891652e90 code [0x00007fe891652fe0, 0x00007fe8916530d8]
Event: 44.034 Thread 0x00007fe8a0181800 1829 %     4       org.evosuite.graphs.cfg.BytecodeInstructionPool::getFirstInstructionAtLineNumber @ 100 (139 bytes)
Event: 44.038 Thread 0x00007fe8a0184800 1828       4       org.evosuite.graphs.cfg.BytecodeInstructionPool::getInstance (43 bytes)
Event: 44.451 Thread 0x00007fe8a0186000 1830       3       java.net.SocketInputStream::read (15 bytes)

GC Heap History (10 events):
Event: 2.548 GC heap before
{Heap before GC invocations=3 (full 1):
 PSYoungGen      total 18432K, used 2544K [0x00000000eb900000, 0x00000000ecd80000, 0x0000000100000000)
  eden space 15872K, 0% used [0x00000000eb900000,0x00000000eb900000,0x00000000ec880000)
  from space 2560K, 99% used [0x00000000ecb00000,0x00000000ecd7c010,0x00000000ecd80000)
  to   space 2560K, 0% used [0x00000000ec880000,0x00000000ec880000,0x00000000ecb00000)
 ParOldGen       total 42496K, used 1693K [0x00000000c2a00000, 0x00000000c5380000, 0x00000000eb900000)
  object space 42496K, 3% used [0x00000000c2a00000,0x00000000c2ba7620,0x00000000c5380000)
 Metaspace       used 10217K, capacity 10366K, committed 10624K, reserved 1058816K
  class space    used 1239K, capacity 1324K, committed 1408K, reserved 1048576K
Event: 2.600 GC heap after
Heap after GC invocations=3 (full 1):
 PSYoungGen      total 18432K, used 0K [0x00000000eb900000, 0x00000000ecd80000, 0x0000000100000000)
  eden space 15872K, 0% used [0x00000000eb900000,0x00000000eb900000,0x00000000ec880000)
  from space 2560K, 0% used [0x00000000ecb00000,0x00000000ecb00000,0x00000000ecd80000)
  to   space 2560K, 0% used [0x00000000ec880000,0x00000000ec880000,0x00000000ecb00000)
 ParOldGen       total 42496K, used 2661K [0x00000000c2a00000, 0x00000000c5380000, 0x00000000eb900000)
  object space 42496K, 6% used [0x00000000c2a00000,0x00000000c2c994e0,0x00000000c5380000)
 Metaspace       used 10209K, capacity 10356K, committed 10624K, reserved 1058816K
  class space    used 1237K, capacity 1322K, committed 1408K, reserved 1048576K
}
Event: 24.842 GC heap before
{Heap before GC invocations=4 (full 1):
 PSYoungGen      total 18432K, used 15872K [0x00000000eb900000, 0x00000000ecd80000, 0x0000000100000000)
  eden space 15872K, 100% used [0x00000000eb900000,0x00000000ec880000,0x00000000ec880000)
  from space 2560K, 0% used [0x00000000ecb00000,0x00000000ecb00000,0x00000000ecd80000)
  to   space 2560K, 0% used [0x00000000ec880000,0x00000000ec880000,0x00000000ecb00000)
 ParOldGen       total 42496K, used 2661K [0x00000000c2a00000, 0x00000000c5380000, 0x00000000eb900000)
  object space 42496K, 6% used [0x00000000c2a00000,0x00000000c2c994e0,0x00000000c5380000)
 Metaspace       used 13500K, capacity 13926K, committed 14080K, reserved 1060864K
  class space    used 1583K, capacity 1703K, committed 1792K, reserved 1048576K
Event: 24.855 GC heap after
Heap after GC invocations=4 (full 1):
 PSYoungGen      total 18432K, used 2540K [0x00000000eb900000, 0x00000000ecd80000, 0x0000000100000000)
  eden space 15872K, 0% used [0x00000000eb900000,0x00000000eb900000,0x00000000ec880000)
  from space 2560K, 99% used [0x00000000ec880000,0x00000000ecafb0b8,0x00000000ecb00000)
  to   space 2560K, 0% used [0x00000000ecb00000,0x00000000ecb00000,0x00000000ecd80000)
 ParOldGen       total 42496K, used 3610K [0x00000000c2a00000, 0x00000000c5380000, 0x00000000eb900000)
  object space 42496K, 8% used [0x00000000c2a00000,0x00000000c2d86970,0x00000000c5380000)
 Metaspace       used 13500K, capacity 13926K, committed 14080K, reserved 1060864K
  class space    used 1583K, capacity 1703K, committed 1792K, reserved 1048576K
}
Event: 25.712 GC heap before
{Heap before GC invocations=5 (full 1):
 PSYoungGen      total 18432K, used 18412K [0x00000000eb900000, 0x00000000ecd80000, 0x0000000100000000)
  eden space 15872K, 100% used [0x00000000eb900000,0x00000000ec880000,0x00000000ec880000)
  from space 2560K, 99% used [0x00000000ec880000,0x00000000ecafb0b8,0x00000000ecb00000)
  to   space 2560K, 0% used [0x00000000ecb00000,0x00000000ecb00000,0x00000000ecd80000)
 ParOldGen       total 42496K, used 3610K [0x00000000c2a00000, 0x00000000c5380000, 0x00000000eb900000)
  object space 42496K, 8% used [0x00000000c2a00000,0x00000000c2d86970,0x00000000c5380000)
 Metaspace       used 13637K, capacity 14002K, committed 14336K, reserved 1062912K
  class space    used 1586K, capacity 1705K, committed 1792K, reserved 1048576K
Event: 25.718 GC heap after
Heap after GC invocations=5 (full 1):
 PSYoungGen      total 18432K, used 1952K [0x00000000eb900000, 0x00000000ecd80000, 0x0000000100000000)
  eden space 15872K, 0% used [0x00000000eb900000,0x00000000eb900000,0x00000000ec880000)
  from space 2560K, 76% used [0x00000000ecb00000,0x00000000ecce8020,0x00000000ecd80000)
  to   space 2560K, 0% used [0x00000000ec880000,0x00000000ec880000,0x00000000ecb00000)
 ParOldGen       total 42496K, used 3610K [0x00000000c2a00000, 0x00000000c5380000, 0x00000000eb900000)
  object space 42496K, 8% used [0x00000000c2a00000,0x00000000c2d86970,0x00000000c5380000)
 Metaspace       used 13637K, capacity 14002K, committed 14336K, reserved 1062912K
  class space    used 1586K, capacity 1705K, committed 1792K, reserved 1048576K
}
Event: 26.256 GC heap before
{Heap before GC invocations=6 (full 1):
 PSYoungGen      total 18432K, used 17824K [0x00000000eb900000, 0x00000000ecd80000, 0x0000000100000000)
  eden space 15872K, 100% used [0x00000000eb900000,0x00000000ec880000,0x00000000ec880000)
  from space 2560K, 76% used [0x00000000ecb00000,0x00000000ecce8020,0x00000000ecd80000)
  to   space 2560K, 0% used [0x00000000ec880000,0x00000000ec880000,0x00000000ecb00000)
 ParOldGen       total 42496K, used 3610K [0x00000000c2a00000, 0x00000000c5380000, 0x00000000eb900000)
  object space 42496K, 8% used [0x00000000c2a00000,0x00000000c2d86970,0x00000000c5380000)
 Metaspace       used 13718K, capacity 14066K, committed 14336K, reserved 1062912K
  class space    used 1587K, capacity 1705K, committed 1792K, reserved 1048576K
Event: 26.261 GC heap after
Heap after GC invocations=6 (full 1):
 PSYoungGen      total 18432K, used 2528K [0x00000000eb900000, 0x00000000ecd80000, 0x0000000100000000)
  eden space 15872K, 0% used [0x00000000eb900000,0x00000000eb900000,0x00000000ec880000)
  from space 2560K, 98% used [0x00000000ec880000,0x00000000ecaf8000,0x00000000ecb00000)
  to   space 2560K, 0% used [0x00000000ecb00000,0x00000000ecb00000,0x00000000ecd80000)
 ParOldGen       total 42496K, used 3610K [0x00000000c2a00000, 0x00000000c5380000, 0x00000000eb900000)
  object space 42496K, 8% used [0x00000000c2a00000,0x00000000c2d86970,0x00000000c5380000)
 Metaspace       used 13718K, capacity 14066K, committed 14336K, reserved 1062912K
  class space    used 1587K, capacity 1705K, committed 1792K, reserved 1048576K
}
Event: 42.268 GC heap before
{Heap before GC invocations=7 (full 1):
 PSYoungGen      total 18432K, used 18389K [0x00000000eb900000, 0x00000000ecd80000, 0x0000000100000000)
  eden space 15872K, 99% used [0x00000000eb900000,0x00000000ec87d510,0x00000000ec880000)
  from space 2560K, 98% used [0x00000000ec880000,0x00000000ecaf8000,0x00000000ecb00000)
  to   space 2560K, 0% used [0x00000000ecb00000,0x00000000ecb00000,0x00000000ecd80000)
 ParOldGen       total 42496K, used 3610K [0x00000000c2a00000, 0x00000000c5380000, 0x00000000eb900000)
  object space 42496K, 8% used [0x00000000c2a00000,0x00000000c2d86970,0x00000000c5380000)
 Metaspace       used 14360K, capacity 14792K, committed 14848K, reserved 1062912K
  class space    used 1639K, capacity 1774K, committed 1792K, reserved 1048576K
Event: 42.656 GC heap after
Heap after GC invocations=7 (full 1):
 PSYoungGen      total 16384K, used 2544K [0x00000000eb900000, 0x00000000ed180000, 0x0000000100000000)
  eden space 13824K, 0% used [0x00000000eb900000,0x00000000eb900000,0x00000000ec680000)
  from space 2560K, 99% used [0x00000000ecb00000,0x00000000ecd7c010,0x00000000ecd80000)
  to   space 4608K, 0% used [0x00000000ec680000,0x00000000ec680000,0x00000000ecb00000)
 ParOldGen       total 42496K, used 4372K [0x00000000c2a00000, 0x00000000c5380000, 0x00000000eb900000)
  object space 42496K, 10% used [0x00000000c2a00000,0x00000000c2e451c8,0x00000000c5380000)
 Metaspace       used 14360K, capacity 14792K, committed 14848K, reserved 1062912K
  class space    used 1639K, capacity 1774K, committed 1792K, reserved 1048576K
}

Deoptimization events (10 events):
Event: 25.123 Thread 0x00007fe838001000 Uncommon trap: reason=class_check action=maybe_recompile pc=0x00007fe8913da430 method=java.util.HashMap.putVal(ILjava/lang/Object;Ljava/lang/Object;ZZ)Ljava/lang/Object; @ 203
Event: 25.123 Thread 0x00007fe838001000 Uncommon trap: reason=class_check action=maybe_recompile pc=0x00007fe8913da430 method=java.util.HashMap.putVal(ILjava/lang/Object;Ljava/lang/Object;ZZ)Ljava/lang/Object; @ 203
Event: 25.125 Thread 0x00007fe838001000 Uncommon trap: reason=class_check action=maybe_recompile pc=0x00007fe8913da430 method=java.util.HashMap.putVal(ILjava/lang/Object;Ljava/lang/Object;ZZ)Ljava/lang/Object; @ 203
Event: 25.125 Thread 0x00007fe838001000 Uncommon trap: reason=class_check action=maybe_recompile pc=0x00007fe8913da430 method=java.util.HashMap.putVal(ILjava/lang/Object;Ljava/lang/Object;ZZ)Ljava/lang/Object; @ 203
Event: 25.244 Thread 0x00007fe838001000 Uncommon trap: reason=unstable_if action=reinterpret pc=0x00007fe89141e824 method=java.lang.Integer.getChars(II[C)V @ 7
Event: 25.396 Thread 0x00007fe838001000 Uncommon trap: reason=unstable_if action=reinterpret pc=0x00007fe891432150 method=java.lang.AbstractStringBuilder.append(I)Ljava/lang/AbstractStringBuilder; @ 16
Event: 25.610 Thread 0x00007fe838001000 Uncommon trap: reason=unstable_if action=reinterpret pc=0x00007fe8911ef338 method=java.lang.AbstractStringBuilder.append(Ljava/lang/String;)Ljava/lang/AbstractStringBuilder; @ 1
Event: 26.204 Thread 0x00007fe838001000 Uncommon trap: reason=bimorphic action=maybe_recompile pc=0x00007fe89144d92c method=java.util.HashMap.putVal(ILjava/lang/Object;Ljava/lang/Object;ZZ)Ljava/lang/Object; @ 203
Event: 26.204 Thread 0x00007fe838001000 Uncommon trap: reason=bimorphic action=maybe_recompile pc=0x00007fe89144d92c method=java.util.HashMap.putVal(ILjava/lang/Object;Ljava/lang/Object;ZZ)Ljava/lang/Object; @ 203
Event: 38.848 Thread 0x00007fe840001000 Uncommon trap: reason=unstable_if action=reinterpret pc=0x00007fe8915d7728 method=java.io.ObjectInputStream.defaultReadFields(Ljava/lang/Object;Ljava/io/ObjectStreamClass;)V @ 49

Classes redefined (0 events):
No events

Internal exceptions (10 events):
Event: 21.381 Thread 0x00007fe8a02ee000 Exception <a 'java/net/ConnectException'> (0x00000000ebb66b60) thrown at [/HUDSON/workspace/8-2-build-linux-amd64/jdk8u201/12317/hotspot/src/share/vm/prims/jni.cpp, line 709]
Event: 21.418 Thread 0x00007fe8a02f1800 Exception <a 'java/net/ConnectException'> (0x00000000ebb8e708) thrown at [/HUDSON/workspace/8-2-build-linux-amd64/jdk8u201/12317/hotspot/src/share/vm/prims/jni.cpp, line 709]
Event: 23.672 Thread 0x00007fe838001000 Exception <a 'java/lang/NoSuchMethodError': <clinit>> (0x00000000ec0e9df0) thrown at [/HUDSON/workspace/8-2-build-linux-amd64/jdk8u201/12317/hotspot/src/share/vm/prims/jni.cpp, line 1613]
Event: 25.610 Thread 0x00007fe838001000 Implicit null exception at 0x00007fe8911eef76 to 0x00007fe8911ef321
Event: 31.353 Thread 0x00007fe8a02ec000 Exception <a 'java/net/ConnectException'> (0x00000000ec11a468) thrown at [/HUDSON/workspace/8-2-build-linux-amd64/jdk8u201/12317/hotspot/src/share/vm/prims/jni.cpp, line 709]
Event: 31.382 Thread 0x00007fe8a02ee000 Exception <a 'java/net/ConnectException'> (0x00000000ec1341d8) thrown at [/HUDSON/workspace/8-2-build-linux-amd64/jdk8u201/12317/hotspot/src/share/vm/prims/jni.cpp, line 709]
Event: 31.418 Thread 0x00007fe8a02f1800 Exception <a 'java/net/ConnectException'> (0x00000000ec14df48) thrown at [/HUDSON/workspace/8-2-build-linux-amd64/jdk8u201/12317/hotspot/src/share/vm/prims/jni.cpp, line 709]
Event: 41.432 Thread 0x00007fe8a02ee000 Exception <a 'java/net/ConnectException'> (0x00000000ec134d00) thrown at [/HUDSON/workspace/8-2-build-linux-amd64/jdk8u201/12317/hotspot/src/share/vm/prims/jni.cpp, line 709]
Event: 41.435 Thread 0x00007fe8a02f1800 Exception <a 'java/net/ConnectException'> (0x00000000ec14ea70) thrown at [/HUDSON/workspace/8-2-build-linux-amd64/jdk8u201/12317/hotspot/src/share/vm/prims/jni.cpp, line 709]
Event: 41.440 Thread 0x00007fe8a02ec000 Exception <a 'java/net/ConnectException'> (0x00000000ec11af90) thrown at [/HUDSON/workspace/8-2-build-linux-amd64/jdk8u201/12317/hotspot/src/share/vm/prims/jni.cpp, line 709]

Events (10 events):
Event: 42.155 Thread 0x00007fe840001000 DEOPT PACKING pc=0x00007fe89153221b sp=0x00007fe8473f1a70
Event: 42.155 Thread 0x00007fe840001000 DEOPT UNPACKING pc=0x00007fe891047784 sp=0x00007fe8473f1828 mode 0
Event: 42.196 Thread 0x00007fe840001000 DEOPT PACKING pc=0x00007fe89153221b sp=0x00007fe8473f1200
Event: 42.196 Thread 0x00007fe840001000 DEOPT UNPACKING pc=0x00007fe891047784 sp=0x00007fe8473f0fb8 mode 0
Event: 42.266 Executing VM operation: ParallelGCFailedAllocation
Event: 42.666 Executing VM operation: ParallelGCFailedAllocation done
Event: 42.686 Thread 0x00007fe840001000 DEOPT PACKING pc=0x00007fe89153221b sp=0x00007fe8473f1200
Event: 42.686 Thread 0x00007fe840001000 DEOPT UNPACKING pc=0x00007fe891047784 sp=0x00007fe8473f0fb8 mode 0
Event: 42.689 Thread 0x00007fe840001000 DEOPT PACKING pc=0x00007fe89153221b sp=0x00007fe8473f0ed0
Event: 42.689 Thread 0x00007fe840001000 DEOPT UNPACKING pc=0x00007fe891047784 sp=0x00007fe8473f0c88 mode 0


Dynamic libraries:
00400000-00401000 r-xp 00000000 08:01 654793                             /usr/lib/jdk/jdk1.8.0_201/bin/java
00600000-00601000 r--p 00000000 08:01 654793                             /usr/lib/jdk/jdk1.8.0_201/bin/java
00601000-00602000 rw-p 00001000 08:01 654793                             /usr/lib/jdk/jdk1.8.0_201/bin/java
00c93000-00ec9000 rw-p 00000000 00:00 0                                  [heap]
c2a00000-c5380000 rw-p 00000000 00:00 0 
c5380000-eb900000 ---p 00000000 00:00 0 
eb900000-ed180000 rw-p 00000000 00:00 0 
ed180000-100000000 ---p 00000000 00:00 0 
100000000-1001c0000 rw-p 00000000 00:00 0 
1001c0000-140000000 ---p 00000000 00:00 0 
7fe808000000-7fe808021000 rw-p 00000000 00:00 0 
7fe808021000-7fe80c000000 ---p 00000000 00:00 0 
7fe80c000000-7fe80c04d000 rw-p 00000000 00:00 0 
7fe80c04d000-7fe810000000 ---p 00000000 00:00 0 
7fe810000000-7fe810021000 rw-p 00000000 00:00 0 
7fe810021000-7fe814000000 ---p 00000000 00:00 0 
7fe814000000-7fe8142d5000 rw-p 00000000 00:00 0 
7fe8142d5000-7fe818000000 ---p 00000000 00:00 0 
7fe818000000-7fe818021000 rw-p 00000000 00:00 0 
7fe818021000-7fe81c000000 ---p 00000000 00:00 0 
7fe81c000000-7fe81c021000 rw-p 00000000 00:00 0 
7fe81c021000-7fe820000000 ---p 00000000 00:00 0 
7fe820000000-7fe820021000 rw-p 00000000 00:00 0 
7fe820021000-7fe824000000 ---p 00000000 00:00 0 
7fe824000000-7fe824021000 rw-p 00000000 00:00 0 
7fe824021000-7fe828000000 ---p 00000000 00:00 0 
7fe828000000-7fe828021000 rw-p 00000000 00:00 0 
7fe828021000-7fe82c000000 ---p 00000000 00:00 0 
7fe82c000000-7fe82c021000 rw-p 00000000 00:00 0 
7fe82c021000-7fe830000000 ---p 00000000 00:00 0 
7fe830000000-7fe830021000 rw-p 00000000 00:00 0 
7fe830021000-7fe834000000 ---p 00000000 00:00 0 
7fe834000000-7fe834021000 rw-p 00000000 00:00 0 
7fe834021000-7fe838000000 ---p 00000000 00:00 0 
7fe838000000-7fe838021000 rw-p 00000000 00:00 0 
7fe838021000-7fe83c000000 ---p 00000000 00:00 0 
7fe840000000-7fe840021000 rw-p 00000000 00:00 0 
7fe840021000-7fe844000000 ---p 00000000 00:00 0 
7fe846af1000-7fe846bb1000 rw-p 00000000 00:00 0 
7fe846bf1000-7fe846cf1000 ---p 00000000 00:00 0 
7fe846cf1000-7fe846ef1000 rw-p 00000000 00:00 0 
7fe846ef1000-7fe846ef4000 ---p 00000000 00:00 0 
7fe846ef4000-7fe846ff2000 rw-p 00000000 00:00 0 
7fe846ff2000-7fe846ff5000 ---p 00000000 00:00 0 
7fe846ff5000-7fe8470f3000 rw-p 00000000 00:00 0 
7fe8470f3000-7fe8470f6000 ---p 00000000 00:00 0 
7fe8470f6000-7fe8471f4000 rw-p 00000000 00:00 0 
7fe8471f4000-7fe8471f7000 ---p 00000000 00:00 0 
7fe8471f7000-7fe8472f5000 rw-p 00000000 00:00 0 
7fe8472f5000-7fe8472f8000 ---p 00000000 00:00 0 
7fe8472f8000-7fe8473f6000 rw-p 00000000 00:00 0 
7fe8473f6000-7fe8473f9000 ---p 00000000 00:00 0 
7fe8473f9000-7fe8474f7000 rw-p 00000000 00:00 0 
7fe8474f7000-7fe8474fa000 ---p 00000000 00:00 0 
7fe8474fa000-7fe8475f8000 rw-p 00000000 00:00 0 
7fe8475f8000-7fe8475fb000 ---p 00000000 00:00 0 
7fe8475fb000-7fe8476f9000 rw-p 00000000 00:00 0 
7fe8476f9000-7fe8476fc000 ---p 00000000 00:00 0 
7fe8476fc000-7fe8477fa000 rw-p 00000000 00:00 0 
7fe8477fa000-7fe8477fd000 ---p 00000000 00:00 0 
7fe8477fd000-7fe8478fb000 rw-p 00000000 00:00 0 
7fe8478fb000-7fe8478fe000 ---p 00000000 00:00 0 
7fe8478fe000-7fe8479fc000 rw-p 00000000 00:00 0 
7fe8479fc000-7fe8479ff000 ---p 00000000 00:00 0 
7fe8479ff000-7fe847afd000 rw-p 00000000 00:00 0 
7fe847afd000-7fe847b00000 ---p 00000000 00:00 0 
7fe847b00000-7fe847bfe000 rw-p 00000000 00:00 0 
7fe847bfe000-7fe847c01000 ---p 00000000 00:00 0 
7fe847c01000-7fe847cff000 rw-p 00000000 00:00 0 
7fe847cff000-7fe847d02000 ---p 00000000 00:00 0 
7fe847d02000-7fe848000000 rw-p 00000000 00:00 0 
7fe848000000-7fe848021000 rw-p 00000000 00:00 0 
7fe848021000-7fe84c000000 ---p 00000000 00:00 0 
7fe84c000000-7fe84c021000 rw-p 00000000 00:00 0 
7fe84c021000-7fe850000000 ---p 00000000 00:00 0 
7fe850000000-7fe850021000 rw-p 00000000 00:00 0 
7fe850021000-7fe854000000 ---p 00000000 00:00 0 
7fe854000000-7fe854021000 rw-p 00000000 00:00 0 
7fe854021000-7fe858000000 ---p 00000000 00:00 0 
7fe858000000-7fe85890e000 rw-p 00000000 00:00 0 
7fe85890e000-7fe85c000000 ---p 00000000 00:00 0 
7fe85c000000-7fe85c021000 rw-p 00000000 00:00 0 
7fe85c021000-7fe860000000 ---p 00000000 00:00 0 
7fe860000000-7fe860d29000 rw-p 00000000 00:00 0 
7fe860d29000-7fe864000000 ---p 00000000 00:00 0 
7fe864000000-7fe8650ff000 rw-p 00000000 00:00 0 
7fe8650ff000-7fe868000000 ---p 00000000 00:00 0 
7fe868000000-7fe868021000 rw-p 00000000 00:00 0 
7fe868021000-7fe86c000000 ---p 00000000 00:00 0 
7fe86c028000-7fe86c044000 r--s 00393000 08:01 656354                     /usr/lib/jdk/jdk1.8.0_201/jre/lib/ext/cldrdata.jar
7fe86c044000-7fe86c047000 ---p 00000000 00:00 0 
7fe86c047000-7fe86c07d000 rw-p 00000000 00:00 0 
7fe86c07d000-7fe86c0f6000 r--s 010fd000 08:01 654900                     /usr/lib/jdk/jdk1.8.0_201/lib/tools.jar
7fe86c0f6000-7fe86c0f9000 ---p 00000000 00:00 0 
7fe86c0f9000-7fe86f1f8000 rw-p 00000000 00:00 0 
7fe86f1f8000-7fe86f20e000 r-xp 00000000 08:01 656512                     /usr/lib/jdk/jdk1.8.0_201/jre/lib/amd64/libnet.so
7fe86f20e000-7fe86f40e000 ---p 00016000 08:01 656512                     /usr/lib/jdk/jdk1.8.0_201/jre/lib/amd64/libnet.so
7fe86f40e000-7fe86f40f000 r--p 00016000 08:01 656512                     /usr/lib/jdk/jdk1.8.0_201/jre/lib/amd64/libnet.so
7fe86f40f000-7fe86f410000 rw-p 00017000 08:01 656512                     /usr/lib/jdk/jdk1.8.0_201/jre/lib/amd64/libnet.so
7fe86f410000-7fe86f641000 r--s 01bb1000 08:01 403225                     /home/hewitt/work/DiffTGen-master/lib/evosuite-1.0.6.jar
7fe86f641000-7fe870000000 r--p 00000000 08:01 270368                     /usr/lib/locale/locale-archive
7fe870000000-7fe870021000 rw-p 00000000 00:00 0 
7fe870021000-7fe874000000 ---p 00000000 00:00 0 
7fe874000000-7fe874021000 rw-p 00000000 00:00 0 
7fe874021000-7fe878000000 ---p 00000000 00:00 0 
7fe878000000-7fe878021000 rw-p 00000000 00:00 0 
7fe878021000-7fe87c000000 ---p 00000000 00:00 0 
7fe87c000000-7fe87c021000 rw-p 00000000 00:00 0 
7fe87c021000-7fe880000000 ---p 00000000 00:00 0 
7fe880000000-7fe880021000 rw-p 00000000 00:00 0 
7fe880021000-7fe884000000 ---p 00000000 00:00 0 
7fe884000000-7fe884021000 rw-p 00000000 00:00 0 
7fe884021000-7fe888000000 ---p 00000000 00:00 0 
7fe888000000-7fe888021000 rw-p 00000000 00:00 0 
7fe888021000-7fe88c000000 ---p 00000000 00:00 0 
7fe88c003000-7fe88c006000 ---p 00000000 00:00 0 
7fe88c006000-7fe88c104000 rw-p 00000000 00:00 0 
7fe88c104000-7fe88c107000 ---p 00000000 00:00 0 
7fe88c107000-7fe88c205000 rw-p 00000000 00:00 0 
7fe88c205000-7fe88c206000 ---p 00000000 00:00 0 
7fe88c206000-7fe88c306000 rw-p 00000000 00:00 0 
7fe88c306000-7fe88c309000 ---p 00000000 00:00 0 
7fe88c309000-7fe88c407000 rw-p 00000000 00:00 0 
7fe88c407000-7fe88c40a000 ---p 00000000 00:00 0 
7fe88c40a000-7fe88c508000 rw-p 00000000 00:00 0 
7fe88c508000-7fe88c50b000 ---p 00000000 00:00 0 
7fe88c50b000-7fe88c609000 rw-p 00000000 00:00 0 
7fe88c609000-7fe88c60c000 ---p 00000000 00:00 0 
7fe88c60c000-7fe88c70a000 rw-p 00000000 00:00 0 
7fe88c70a000-7fe88c70d000 ---p 00000000 00:00 0 
7fe88c70d000-7fe88c80b000 rw-p 00000000 00:00 0 
7fe88c80b000-7fe88c80e000 ---p 00000000 00:00 0 
7fe88c80e000-7fe88c90c000 rw-p 00000000 00:00 0 
7fe88c90c000-7fe88c90f000 ---p 00000000 00:00 0 
7fe88c90f000-7fe88ca0d000 rw-p 00000000 00:00 0 
7fe88ca0d000-7fe88ca0e000 ---p 00000000 00:00 0 
7fe88ca0e000-7fe88da1d000 rw-p 00000000 00:00 0 
7fe88da1d000-7fe88dbf7000 r--s 03d6f000 08:01 656293                     /usr/lib/jdk/jdk1.8.0_201/jre/lib/rt.jar
7fe88dbf7000-7fe890508000 rw-p 00000000 00:00 0 
7fe890508000-7fe890509000 ---p 00000000 00:00 0 
7fe890509000-7fe890609000 rw-p 00000000 00:00 0 
7fe890609000-7fe89060a000 ---p 00000000 00:00 0 
7fe89060a000-7fe89070a000 rw-p 00000000 00:00 0 
7fe89070a000-7fe89070b000 ---p 00000000 00:00 0 
7fe89070b000-7fe89080b000 rw-p 00000000 00:00 0 
7fe89080b000-7fe89080c000 ---p 00000000 00:00 0 
7fe89080c000-7fe890921000 rw-p 00000000 00:00 0 
7fe890921000-7fe890a54000 ---p 00000000 00:00 0 
7fe890a54000-7fe890a69000 rw-p 00000000 00:00 0 
7fe890a69000-7fe890b9b000 ---p 00000000 00:00 0 
7fe890b9b000-7fe890ba8000 rw-p 00000000 00:00 0 
7fe890ba8000-7fe890c3f000 ---p 00000000 00:00 0 
7fe890c3f000-7fe890c5a000 rw-p 00000000 00:00 0 
7fe890c5a000-7fe891000000 ---p 00000000 00:00 0 
7fe891000000-7fe891660000 rwxp 00000000 00:00 0 
7fe891660000-7fe8a0000000 ---p 00000000 00:00 0 
7fe8a0000000-7fe8a04cf000 rw-p 00000000 00:00 0 
7fe8a04cf000-7fe8a4000000 ---p 00000000 00:00 0 
7fe8a4003000-7fe8a401e000 r-xp 00000000 08:01 656508                     /usr/lib/jdk/jdk1.8.0_201/jre/lib/amd64/libzip.so
7fe8a401e000-7fe8a421d000 ---p 0001b000 08:01 656508                     /usr/lib/jdk/jdk1.8.0_201/jre/lib/amd64/libzip.so
7fe8a421d000-7fe8a421e000 r--p 0001a000 08:01 656508                     /usr/lib/jdk/jdk1.8.0_201/jre/lib/amd64/libzip.so
7fe8a421e000-7fe8a421f000 rw-p 0001b000 08:01 656508                     /usr/lib/jdk/jdk1.8.0_201/jre/lib/amd64/libzip.so
7fe8a421f000-7fe8a422a000 r-xp 00000000 08:01 658902                     /lib/x86_64-linux-gnu/libnss_files-2.23.so
7fe8a422a000-7fe8a4429000 ---p 0000b000 08:01 658902                     /lib/x86_64-linux-gnu/libnss_files-2.23.so
7fe8a4429000-7fe8a442a000 r--p 0000a000 08:01 658902                     /lib/x86_64-linux-gnu/libnss_files-2.23.so
7fe8a442a000-7fe8a442b000 rw-p 0000b000 08:01 658902                     /lib/x86_64-linux-gnu/libnss_files-2.23.so
7fe8a442b000-7fe8a4431000 rw-p 00000000 00:00 0 
7fe8a4431000-7fe8a443c000 r-xp 00000000 08:01 658912                     /lib/x86_64-linux-gnu/libnss_nis-2.23.so
7fe8a443c000-7fe8a463b000 ---p 0000b000 08:01 658912                     /lib/x86_64-linux-gnu/libnss_nis-2.23.so
7fe8a463b000-7fe8a463c000 r--p 0000a000 08:01 658912                     /lib/x86_64-linux-gnu/libnss_nis-2.23.so
7fe8a463c000-7fe8a463d000 rw-p 0000b000 08:01 658912                     /lib/x86_64-linux-gnu/libnss_nis-2.23.so
7fe8a463d000-7fe8a4653000 r-xp 00000000 08:01 658896                     /lib/x86_64-linux-gnu/libnsl-2.23.so
7fe8a4653000-7fe8a4852000 ---p 00016000 08:01 658896                     /lib/x86_64-linux-gnu/libnsl-2.23.so
7fe8a4852000-7fe8a4853000 r--p 00015000 08:01 658896                     /lib/x86_64-linux-gnu/libnsl-2.23.so
7fe8a4853000-7fe8a4854000 rw-p 00016000 08:01 658896                     /lib/x86_64-linux-gnu/libnsl-2.23.so
7fe8a4854000-7fe8a4856000 rw-p 00000000 00:00 0 
7fe8a4856000-7fe8a485e000 r-xp 00000000 08:01 658898                     /lib/x86_64-linux-gnu/libnss_compat-2.23.so
7fe8a485e000-7fe8a4a5d000 ---p 00008000 08:01 658898                     /lib/x86_64-linux-gnu/libnss_compat-2.23.so
7fe8a4a5d000-7fe8a4a5e000 r--p 00007000 08:01 658898                     /lib/x86_64-linux-gnu/libnss_compat-2.23.so
7fe8a4a5e000-7fe8a4a5f000 rw-p 00008000 08:01 658898                     /lib/x86_64-linux-gnu/libnss_compat-2.23.so
7fe8a4a5f000-7fe8a4a8b000 r-xp 00000000 08:01 656502                     /usr/lib/jdk/jdk1.8.0_201/jre/lib/amd64/libjava.so
7fe8a4a8b000-7fe8a4c8b000 ---p 0002c000 08:01 656502                     /usr/lib/jdk/jdk1.8.0_201/jre/lib/amd64/libjava.so
7fe8a4c8b000-7fe8a4c8c000 r--p 0002c000 08:01 656502                     /usr/lib/jdk/jdk1.8.0_201/jre/lib/amd64/libjava.so
7fe8a4c8c000-7fe8a4c8e000 rw-p 0002d000 08:01 656502                     /usr/lib/jdk/jdk1.8.0_201/jre/lib/amd64/libjava.so
7fe8a4c8e000-7fe8a4c9b000 r-xp 00000000 08:01 656507                     /usr/lib/jdk/jdk1.8.0_201/jre/lib/amd64/libverify.so
7fe8a4c9b000-7fe8a4e9a000 ---p 0000d000 08:01 656507                     /usr/lib/jdk/jdk1.8.0_201/jre/lib/amd64/libverify.so
7fe8a4e9a000-7fe8a4e9c000 r--p 0000c000 08:01 656507                     /usr/lib/jdk/jdk1.8.0_201/jre/lib/amd64/libverify.so
7fe8a4e9c000-7fe8a4e9d000 rw-p 0000e000 08:01 656507                     /usr/lib/jdk/jdk1.8.0_201/jre/lib/amd64/libverify.so
7fe8a4e9d000-7fe8a4ea4000 r-xp 00000000 08:01 658957                     /lib/x86_64-linux-gnu/librt-2.23.so
7fe8a4ea4000-7fe8a50a3000 ---p 00007000 08:01 658957                     /lib/x86_64-linux-gnu/librt-2.23.so
7fe8a50a3000-7fe8a50a4000 r--p 00006000 08:01 658957                     /lib/x86_64-linux-gnu/librt-2.23.so
7fe8a50a4000-7fe8a50a5000 rw-p 00007000 08:01 658957                     /lib/x86_64-linux-gnu/librt-2.23.so
7fe8a50a5000-7fe8a51ad000 r-xp 00000000 08:01 658873                     /lib/x86_64-linux-gnu/libm-2.23.so
7fe8a51ad000-7fe8a53ac000 ---p 00108000 08:01 658873                     /lib/x86_64-linux-gnu/libm-2.23.so
7fe8a53ac000-7fe8a53ad000 r--p 00107000 08:01 658873                     /lib/x86_64-linux-gnu/libm-2.23.so
7fe8a53ad000-7fe8a53ae000 rw-p 00108000 08:01 658873                     /lib/x86_64-linux-gnu/libm-2.23.so
7fe8a53ae000-7fe8a6096000 r-xp 00000000 08:01 656484                     /usr/lib/jdk/jdk1.8.0_201/jre/lib/amd64/server/libjvm.so
7fe8a6096000-7fe8a6295000 ---p 00ce8000 08:01 656484                     /usr/lib/jdk/jdk1.8.0_201/jre/lib/amd64/server/libjvm.so
7fe8a6295000-7fe8a632b000 r--p 00ce7000 08:01 656484                     /usr/lib/jdk/jdk1.8.0_201/jre/lib/amd64/server/libjvm.so
7fe8a632b000-7fe8a635c000 rw-p 00d7d000 08:01 656484                     /usr/lib/jdk/jdk1.8.0_201/jre/lib/amd64/server/libjvm.so
7fe8a635c000-7fe8a6397000 rw-p 00000000 00:00 0 
7fe8a6397000-7fe8a6557000 r-xp 00000000 08:01 658803                     /lib/x86_64-linux-gnu/libc-2.23.so
7fe8a6557000-7fe8a6757000 ---p 001c0000 08:01 658803                     /lib/x86_64-linux-gnu/libc-2.23.so
7fe8a6757000-7fe8a675b000 r--p 001c0000 08:01 658803                     /lib/x86_64-linux-gnu/libc-2.23.so
7fe8a675b000-7fe8a675d000 rw-p 001c4000 08:01 658803                     /lib/x86_64-linux-gnu/libc-2.23.so
7fe8a675d000-7fe8a6761000 rw-p 00000000 00:00 0 
7fe8a6761000-7fe8a6764000 r-xp 00000000 08:01 658827                     /lib/x86_64-linux-gnu/libdl-2.23.so
7fe8a6764000-7fe8a6963000 ---p 00003000 08:01 658827                     /lib/x86_64-linux-gnu/libdl-2.23.so
7fe8a6963000-7fe8a6964000 r--p 00002000 08:01 658827                     /lib/x86_64-linux-gnu/libdl-2.23.so
7fe8a6964000-7fe8a6965000 rw-p 00003000 08:01 658827                     /lib/x86_64-linux-gnu/libdl-2.23.so
7fe8a6965000-7fe8a697c000 r-xp 00000000 08:01 656155                     /usr/lib/jdk/jdk1.8.0_201/lib/amd64/jli/libjli.so
7fe8a697c000-7fe8a6b7b000 ---p 00017000 08:01 656155                     /usr/lib/jdk/jdk1.8.0_201/lib/amd64/jli/libjli.so
7fe8a6b7b000-7fe8a6b7c000 r--p 00016000 08:01 656155                     /usr/lib/jdk/jdk1.8.0_201/lib/amd64/jli/libjli.so
7fe8a6b7c000-7fe8a6b7d000 rw-p 00017000 08:01 656155                     /usr/lib/jdk/jdk1.8.0_201/lib/amd64/jli/libjli.so
7fe8a6b7d000-7fe8a6b95000 r-xp 00000000 08:01 658949                     /lib/x86_64-linux-gnu/libpthread-2.23.so
7fe8a6b95000-7fe8a6d94000 ---p 00018000 08:01 658949                     /lib/x86_64-linux-gnu/libpthread-2.23.so
7fe8a6d94000-7fe8a6d95000 r--p 00017000 08:01 658949                     /lib/x86_64-linux-gnu/libpthread-2.23.so
7fe8a6d95000-7fe8a6d96000 rw-p 00018000 08:01 658949                     /lib/x86_64-linux-gnu/libpthread-2.23.so
7fe8a6d96000-7fe8a6d9a000 rw-p 00000000 00:00 0 
7fe8a6d9a000-7fe8a6dc0000 r-xp 00000000 08:01 658775                     /lib/x86_64-linux-gnu/ld-2.23.so
7fe8a6dc7000-7fe8a6dd1000 r--s 00116000 08:01 656361                     /usr/lib/jdk/jdk1.8.0_201/jre/lib/ext/localedata.jar
7fe8a6dd1000-7fe8a6de4000 r--s 000d7000 08:01 437085                     /home/hewitt/work/DiffTGen-master/output/patch1-Math-57-SOFix/Math_57_1_sofix/target/build/classes/all0.jar
7fe8a6de4000-7fe8a6ea2000 rw-p 00000000 00:00 0 
7fe8a6ea2000-7fe8a6ea5000 ---p 00000000 00:00 0 
7fe8a6ea5000-7fe8a6fa8000 rw-p 00000000 00:00 0 
7fe8a6fa8000-7fe8a6fac000 r--s 000a1000 08:01 656350                     /usr/lib/jdk/jdk1.8.0_201/jre/lib/jsse.jar
7fe8a6fac000-7fe8a6fb4000 r--s 0006e000 08:01 398946                     /home/hewitt/work/DiffTGen-master/lib/commons-lang3-3.5.jar
7fe8a6fb4000-7fe8a6fb5000 r--s 00000000 08:01 398951                     /home/hewitt/work/DiffTGen-master/lib/myprinter.jar
7fe8a6fb5000-7fe8a6fbd000 rw-s 00000000 08:01 158799                     /tmp/hsperfdata_hewitt/55449
7fe8a6fbd000-7fe8a6fbe000 rw-p 00000000 00:00 0 
7fe8a6fbe000-7fe8a6fbf000 ---p 00000000 00:00 0 
7fe8a6fbf000-7fe8a6fc0000 r--p 00025000 08:01 658775                     /lib/x86_64-linux-gnu/ld-2.23.so
7fe8a6fc0000-7fe8a6fc1000 rw-p 00026000 08:01 658775                     /lib/x86_64-linux-gnu/ld-2.23.so
7fe8a6fc1000-7fe8a6fc2000 rw-p 00000000 00:00 0 
7fffc35b3000-7fffc35d5000 rw-p 00000000 00:00 0                          [stack]
7fffc35f8000-7fffc35fb000 r--p 00000000 00:00 0                          [vvar]
7fffc35fb000-7fffc35fd000 r-xp 00000000 00:00 0                          [vdso]
ffffffffff600000-ffffffffff601000 r-xp 00000000 00:00 0                  [vsyscall]

VM Arguments:
java_command: /home/hewitt/work/DiffTGen-master/lib/evosuite-1.0.6.jar -base_dir /home/hewitt/work/DiffTGen-master/output/patch1-Math-57-SOFix/Math_57_1_sofix/target/0/9 -projectCP /home/hewitt/work/DiffTGen-master/output/patch1-Math-57-SOFix/Math_57_1_sofix/target/build/classes/all0.jar:/home/hewitt/work/DiffTGen-master/lib/myprinter.jar:/home/hewitt/work/DiffTGen-master/lib/commons-lang3-3.5.jar -class org.apache.commons.math.stat.clustering.KMeansPlusPlusClusterer -Dassertions=false -Dsearch_budget=60
java_class_path (initial): /home/hewitt/work/DiffTGen-master/lib/evosuite-1.0.6.jar
Launcher Type: SUN_STANDARD

Environment Variables:
JAVA_HOME=/usr/lib/jdk/jdk1.8.0_201
JRE_HOME=/usr/lib/jdk/jdk1.8.0_201/jre
CLASSPATH=.:/usr/lib/jdk/jdk1.8.0_201/lib:/usr/lib/jdk/jdk1.8.0_201/jre/lib
PATH=/usr/lib/jdk/jdk1.8.0_201/bin:/home/hewitt/bin:/home/hewitt/.local/bin:/usr/lib/jdk/jdk1.7.0_80/bin:/usr/local/sbin:/usr/local/bin:/usr/sbin:/usr/bin:/sbin:/bin:/usr/games:/usr/local/games:/snap/bin:/home/hewitt/work/defects4j_v1.4.0/defects4j/framework/bin:/opt/apache-ant-1.9.14/bin:/home/hewitt/work/defects4j_v1.4.0/defects4j/framework/bin
SHELL=/bin/bash
DISPLAY=:0

Signal Handlers:
SIGSEGV: [libjvm.so+0xad3e60], sa_mask[0]=11111111011111111101111111111110, sa_flags=SA_RESTART|SA_SIGINFO
SIGBUS: [libjvm.so+0xad3e60], sa_mask[0]=11111111011111111101111111111110, sa_flags=SA_RESTART|SA_SIGINFO
SIGFPE: [libjvm.so+0x90b880], sa_mask[0]=11111111011111111101111111111110, sa_flags=SA_RESTART|SA_SIGINFO
SIGPIPE: [libjvm.so+0x90b880], sa_mask[0]=11111111011111111101111111111110, sa_flags=SA_RESTART|SA_SIGINFO
SIGXFSZ: [libjvm.so+0x90b880], sa_mask[0]=11111111011111111101111111111110, sa_flags=SA_RESTART|SA_SIGINFO
SIGILL: [libjvm.so+0x90b880], sa_mask[0]=11111111011111111101111111111110, sa_flags=SA_RESTART|SA_SIGINFO
SIGUSR1: SIG_DFL, sa_mask[0]=00000000000000000000000000000000, sa_flags=none
SIGUSR2: [libjvm.so+0x90b750], sa_mask[0]=00100000000000000000000000000000, sa_flags=SA_RESTART|SA_SIGINFO
SIGHUP: [libjvm.so+0x90bd70], sa_mask[0]=11111111011111111101111111111110, sa_flags=SA_RESTART|SA_SIGINFO
SIGINT: [libjvm.so+0x90bd70], sa_mask[0]=11111111011111111101111111111110, sa_flags=SA_RESTART|SA_SIGINFO
SIGTERM: [libjvm.so+0x90bd70], sa_mask[0]=11111111011111111101111111111110, sa_flags=SA_RESTART|SA_SIGINFO
SIGQUIT: [libjvm.so+0x90bd70], sa_mask[0]=11111111011111111101111111111110, sa_flags=SA_RESTART|SA_SIGINFO


---------------  S Y S T E M  ---------------

OS:DISTRIB_ID=Ubuntu
DISTRIB_RELEASE=16.04
DISTRIB_CODENAME=xenial
DISTRIB_DESCRIPTION="Ubuntu 16.04.6 LTS"

uname:Linux 4.15.0-91-generic #92~16.04.1-Ubuntu SMP Fri Feb 28 14:57:22 UTC 2020 x86_64
libc:glibc 2.23 NPTL 2.23 
rlimit: STACK 8192k, CORE 0k, NPROC 15448, NOFILE 1048576, AS infinity
load average:18.02 16.47 14.57

/proc/meminfo:
MemTotal:        4015928 kB
MemFree:          442876 kB
MemAvailable:     355460 kB
Buffers:             488 kB
Cached:            32580 kB
SwapCached:         1168 kB
Active:          2579572 kB
Inactive:         551404 kB
Active(anon):    2573904 kB
Inactive(anon):   524768 kB
Active(file):       5668 kB
Inactive(file):    26636 kB
Unevictable:          48 kB
Mlocked:              48 kB
SwapTotal:        998396 kB
SwapFree:           1640 kB
Dirty:               232 kB
Writeback:           952 kB
AnonPages:       3098556 kB
Mapped:            26296 kB
Shmem:               392 kB
Slab:              92848 kB
SReclaimable:      33808 kB
SUnreclaim:        59040 kB
KernelStack:       17840 kB
PageTables:        43196 kB
NFS_Unstable:          0 kB
Bounce:                0 kB
WritebackTmp:          0 kB
CommitLimit:     3006360 kB
Committed_AS:    9012768 kB
VmallocTotal:   34359738367 kB
VmallocUsed:           0 kB
VmallocChunk:          0 kB
HardwareCorrupted:     0 kB
AnonHugePages:         0 kB
ShmemHugePages:        0 kB
ShmemPmdMapped:        0 kB
CmaTotal:              0 kB
CmaFree:               0 kB
HugePages_Total:       0
HugePages_Free:        0
HugePages_Rsvd:        0
HugePages_Surp:        0
Hugepagesize:       2048 kB
DirectMap4k:       98112 kB
DirectMap2M:     4096000 kB
DirectMap1G:     2097152 kB

container (cgroup) information:
container_type: cgroupv1
cpu_cpuset_cpus: 0-3
cpu_memory_nodes: 0
active_processor_count: 4
cpu_quota: -1
cpu_period: 100000
cpu_shares: -1
memory_limit_in_bytes: -1
memory_and_swap_limit_in_bytes: -2
memory_soft_limit_in_bytes: -1
memory_usage_in_bytes: 3207864320
memory_max_usage_in_bytes: 80244736


CPU:total 4 (initial active 4) (2 cores per cpu, 1 threads per core) family 6 model 158 stepping 9, cmov, cx8, fxsr, mmx, sse, sse2, sse3, ssse3, sse4.1, sse4.2, popcnt, avx, avx2, aes, clmul, erms, 3dnowpref, lzcnt, tsc, tscinvbit, bmi1, bmi2, adx

/proc/cpuinfo:
processor	: 0
vendor_id	: GenuineIntel
cpu family	: 6
model		: 158
model name	: Intel(R) Core(TM) i7-7700HQ CPU @ 2.80GHz
stepping	: 9
microcode	: 0xb4
cpu MHz		: 2808.002
cache size	: 6144 KB
physical id	: 0
siblings	: 2
core id		: 0
cpu cores	: 2
apicid		: 0
initial apicid	: 0
fpu		: yes
fpu_exception	: yes
cpuid level	: 22
wp		: yes
flags		: fpu vme de pse tsc msr pae mce cx8 apic sep mtrr pge mca cmov pat pse36 clflush mmx fxsr sse sse2 ss ht syscall nx pdpe1gb rdtscp lm constant_tsc arch_perfmon nopl xtopology tsc_reliable nonstop_tsc cpuid pni pclmulqdq ssse3 fma cx16 pcid sse4_1 sse4_2 x2apic movbe popcnt tsc_deadline_timer aes xsave avx f16c rdrand hypervisor lahf_lm abm 3dnowprefetch cpuid_fault invpcid_single pti ssbd ibrs ibpb stibp fsgsbase tsc_adjust bmi1 avx2 smep bmi2 invpcid mpx rdseed adx smap clflushopt xsaveopt xsavec xsaves arat md_clear flush_l1d arch_capabilities
bugs		: cpu_meltdown spectre_v1 spectre_v2 spec_store_bypass l1tf mds swapgs itlb_multihit
bogomips	: 5616.00
clflush size	: 64
cache_alignment	: 64
address sizes	: 43 bits physical, 48 bits virtual
power management:

processor	: 1
vendor_id	: GenuineIntel
cpu family	: 6
model		: 158
model name	: Intel(R) Core(TM) i7-7700HQ CPU @ 2.80GHz
stepping	: 9
microcode	: 0xb4
cpu MHz		: 2808.002
cache size	: 6144 KB
physical id	: 0
siblings	: 2
core id		: 1
cpu cores	: 2
apicid		: 1
initial apicid	: 1
fpu		: yes
fpu_exception	: yes
cpuid level	: 22
wp		: yes
flags		: fpu vme de pse tsc msr pae mce cx8 apic sep mtrr pge mca cmov pat pse36 clflush mmx fxsr sse sse2 ss ht syscall nx pdpe1gb rdtscp lm constant_tsc arch_perfmon nopl xtopology tsc_reliable nonstop_tsc cpuid pni pclmulqdq ssse3 fma cx16 pcid sse4_1 sse4_2 x2apic movbe popcnt tsc_deadline_timer aes xsave avx f16c rdrand hypervisor lahf_lm abm 3dnowprefetch cpuid_fault invpcid_single pti ssbd ibrs ibpb stibp fsgsbase tsc_adjust bmi1 avx2 smep bmi2 invpcid mpx rdseed adx smap clflushopt xsaveopt xsavec xsaves arat md_clear flush_l1d arch_capabilities
bugs		: cpu_meltdown spectre_v1 spectre_v2 spec_store_bypass l1tf mds swapgs itlb_multihit
bogomips	: 5616.00
clflush size	: 64
cache_alignment	: 64
address sizes	: 43 bits physical, 48 bits virtual
power management:

processor	: 2
vendor_id	: GenuineIntel
cpu family	: 6
model		: 158
model name	: Intel(R) Core(TM) i7-7700HQ CPU @ 2.80GHz
stepping	: 9
microcode	: 0xb4
cpu MHz		: 2808.002
cache size	: 6144 KB
physical id	: 1
siblings	: 2
core id		: 0
cpu cores	: 2
apicid		: 2
initial apicid	: 2
fpu		: yes
fpu_exception	: yes
cpuid level	: 22
wp		: yes
flags		: fpu vme de pse tsc msr pae mce cx8 apic sep mtrr pge mca cmov pat pse36 clflush mmx fxsr sse sse2 ss ht syscall nx pdpe1gb rdtscp lm constant_tsc arch_perfmon nopl xtopology tsc_reliable nonstop_tsc cpuid pni pclmulqdq ssse3 fma cx16 pcid sse4_1 sse4_2 x2apic movbe popcnt tsc_deadline_timer aes xsave avx f16c rdrand hypervisor lahf_lm abm 3dnowprefetch cpuid_fault invpcid_single pti ssbd ibrs ibpb stibp fsgsbase tsc_adjust bmi1 avx2 smep bmi2 invpcid mpx rdseed adx smap clflushopt xsaveopt xsavec xsaves arat md_clear flush_l1d arch_capabilities
bugs		: cpu_meltdown spectre_v1 spectre_v2 spec_store_bypass l1tf mds swapgs itlb_multihit
bogomips	: 5616.00
clflush size	: 64
cache_alignment	: 64
address sizes	: 43 bits physical, 48 bits virtual
power management:

processor	: 3
vendor_id	: GenuineIntel
cpu family	: 6
model		: 158
model name	: Intel(R) Core(TM) i7-7700HQ CPU @ 2.80GHz
stepping	: 9
microcode	: 0xb4
cpu MHz		: 2808.002
cache size	: 6144 KB
physical id	: 1
siblings	: 2
core id		: 1
cpu cores	: 2
apicid		: 3
initial apicid	: 3
fpu		: yes
fpu_exception	: yes
cpuid level	: 22
wp		: yes
flags		: fpu vme de pse tsc msr pae mce cx8 apic sep mtrr pge mca cmov pat pse36 clflush mmx fxsr sse sse2 ss ht syscall nx pdpe1gb rdtscp lm constant_tsc arch_perfmon nopl xtopology tsc_reliable nonstop_tsc cpuid pni pclmulqdq ssse3 fma cx16 pcid sse4_1 sse4_2 x2apic movbe popcnt tsc_deadline_timer aes xsave avx f16c rdrand hypervisor lahf_lm abm 3dnowprefetch cpuid_fault invpcid_single pti ssbd ibrs ibpb stibp fsgsbase tsc_adjust bmi1 avx2 smep bmi2 invpcid mpx rdseed adx smap clflushopt xsaveopt xsavec xsaves arat md_clear flush_l1d arch_capabilities
bugs		: cpu_meltdown spectre_v1 spectre_v2 spec_store_bypass l1tf mds swapgs itlb_multihit
bogomips	: 5616.00
clflush size	: 64
cache_alignment	: 64
address sizes	: 43 bits physical, 48 bits virtual
power management:



Memory: 4k page, physical 4015928k(442876k free), swap 998396k(1644k free)

vm_info: Java HotSpot(TM) 64-Bit Server VM (25.201-b09) for linux-amd64 JRE (1.8.0_201-b09), built on Dec 15 2018 11:35:59 by "java_re" with gcc 7.3.0

time: Sun Mar 29 16:50:48 2020
timezone: CST
elapsed time: 45 seconds (0d 0h 0m 45s)

