#
# There is insufficient memory for the Java Runtime Environment to continue.
# Native memory allocation (mmap) failed to map 58720256 bytes for committing reserved memory.
# Possible reasons:
#   The system is out of physical RAM or swap space
#   The process is running with CompressedOops enabled, and the Java Heap may be blocking the growth of the native heap
# Possible solutions:
#   Reduce memory load on the system
#   Increase physical memory or swap space
#   Check if swap backing store is full
#   Decrease Java heap size (-Xmx/-Xms)
#   Decrease number of Java threads
#   Decrease Java thread stack sizes (-Xss)
#   Set larger code cache with -XX:ReservedCodeCacheSize=
#   JVM is running with Unscaled Compressed Oops mode in which the Java heap is
#     placed in the first 4GB address space. The Java Heap base address is the
#     maximum limit for the native heap growth. Please use -XX:HeapBaseMinAddress
#     to set the Java Heap base and to place the Java Heap above 4GB virtual address.
# This output file may be truncated or incomplete.
#
#  Out of Memory Error (os_linux.cpp:2749), pid=125076, tid=0x00007f481c1e7700
#
# JRE version: Java(TM) SE Runtime Environment (8.0_201-b09) (build 1.8.0_201-b09)
# Java VM: Java HotSpot(TM) 64-Bit Server VM (25.201-b09 mixed mode linux-amd64 compressed oops)
# Failed to write core dump. Core dumps have been disabled. To enable core dumping, try "ulimit -c unlimited" before starting Java again
#

---------------  T H R E A D  ---------------

Current thread (0x00007f4818140000):  VMThread [stack: 0x00007f481c0e7000,0x00007f481c1e8000] [id=125120]

Stack: [0x00007f481c0e7000,0x00007f481c1e8000],  sp=0x00007f481c1e6450,  free space=1021k
Native frames: (J=compiled Java code, j=interpreted, Vv=VM code, C=native code)
V  [libjvm.so+0xad3525]  VMError::report_and_die()+0x2e5
V  [libjvm.so+0x4e0457]  report_vm_out_of_memory(char const*, int, unsigned long, VMErrorType, char const*)+0x67
V  [libjvm.so+0x9102f0]  os::pd_commit_memory(char*, unsigned long, unsigned long, bool)+0x100
V  [libjvm.so+0x90791f]  os::commit_memory(char*, unsigned long, unsigned long, bool)+0x1f
V  [libjvm.so+0x98c806]  PSVirtualSpace::expand_by(unsigned long)+0x56
V  [libjvm.so+0x98da98]  PSYoungGen::resize(unsigned long, unsigned long)+0xd8
V  [libjvm.so+0x98a236]  PSScavenge::invoke_no_policy()+0x1376
V  [libjvm.so+0x98a5cc]  PSScavenge::invoke()+0x4c
V  [libjvm.so+0x93a318]  ParallelScavengeHeap::failed_mem_allocate(unsigned long)+0x68
V  [libjvm.so+0xad5073]  VM_ParallelGCFailedAllocation::doit()+0x93
V  [libjvm.so+0xada296]  VM_Operation::evaluate()+0x46
V  [libjvm.so+0xad85cd]  VMThread::evaluate_operation(VM_Operation*) [clone .constprop.44]+0xcd
V  [libjvm.so+0xad8bb3]  VMThread::loop()+0x3a3
V  [libjvm.so+0xad8f88]  VMThread::run()+0x78
V  [libjvm.so+0x90d922]  java_start(Thread*)+0x102

VM_Operation (0x00007f48008eda60): ParallelGCFailedAllocation, mode: safepoint, requested by thread 0x00007f47bc001000


---------------  P R O C E S S  ---------------

Java Threads: ( => current thread )
  0x00007f47bc002800 JavaThread "RMI TCP Connection(3)-127.0.0.1" daemon [_thread_blocked, id=125570, stack(0x00007f48006f3000,0x00007f48007f4000)]
  0x00007f47bc001000 JavaThread "RMI TCP Connection(2)-127.0.0.1" daemon [_thread_blocked, id=125517, stack(0x00007f48007f4000,0x00007f48008f5000)]
  0x00007f4794038000 JavaThread "RMI Scheduler(0)" daemon [_thread_blocked, id=125514, stack(0x00007f48008f5000,0x00007f48009f6000)]
  0x00007f4794030800 JavaThread "RMI RenewClean-[127.0.0.1:9266]" daemon [_thread_blocked, id=125508, stack(0x00007f48009f6000,0x00007f4800af7000)]
  0x00007f47b8001000 JavaThread "RMI TCP Connection(idle)" daemon [_thread_blocked, id=125494, stack(0x00007f4800af7000,0x00007f4800bf8000)]
  0x00007f47a8005000 JavaThread "pool-3-thread-3" [_thread_in_native, id=125445, stack(0x00007f4800bf8000,0x00007f4800cf9000)]
  0x00007f47a8003000 JavaThread "pool-3-thread-2" [_thread_in_native, id=125442, stack(0x00007f4800cf9000,0x00007f4800dfa000)]
  0x00007f47a8002000 JavaThread "pool-3-thread-1" [_thread_in_native, id=125439, stack(0x00007f4800dfa000,0x00007f4800efb000)]
  0x00007f48181ff800 JavaThread "Thread-3" [_thread_in_native, id=125282, stack(0x00007f4800efb000,0x00007f4800ffc000)]
  0x00007f48181fe000 JavaThread "Thread-2" [_thread_in_native, id=125277, stack(0x00007f4800ffc000,0x00007f48010fd000)]
  0x00007f48181a4800 JavaThread "process reaper" daemon [_thread_in_native, id=125264, stack(0x00007f481c035000,0x00007f481c06e000)]
  0x00007f48183d0800 JavaThread "pool-2-thread-1" [_thread_in_native, id=125237, stack(0x00007f48010fd000,0x00007f48011fe000)]
  0x00007f48183ce800 JavaThread "GC Daemon" daemon [_thread_blocked, id=125235, stack(0x00007f48011fe000,0x00007f48012ff000)]
  0x00007f48183cb800 JavaThread "RMI Reaper" [_thread_blocked, id=125233, stack(0x00007f48012ff000,0x00007f4801400000)]
  0x00007f48183c2800 JavaThread "RMI TCP Accept-19779" daemon [_thread_in_native, id=125227, stack(0x00007f4801400000,0x00007f4801501000)]
  0x00007f48183bd800 JavaThread "RMI TCP Accept-19829" daemon [_thread_in_native, id=125216, stack(0x00007f4801501000,0x00007f4801602000)]
  0x00007f48182e2800 JavaThread "logback-3" daemon [_thread_blocked, id=125194, stack(0x00007f4801802000,0x00007f4801903000)]
  0x00007f48182df000 JavaThread "logback-2" daemon [_thread_blocked, id=125192, stack(0x00007f4801903000,0x00007f4801a04000)]
  0x00007f48182dd000 JavaThread "logback-1" daemon [_thread_blocked, id=125191, stack(0x00007f4801a04000,0x00007f4801b05000)]
  0x00007f4818189000 JavaThread "Service Thread" daemon [_thread_blocked, id=125170, stack(0x00007f480204f000,0x00007f4802150000)]
  0x00007f4818186000 JavaThread "C1 CompilerThread2" daemon [_thread_blocked, id=125163, stack(0x00007f480803b000,0x00007f480813c000)]
  0x00007f4818184800 JavaThread "C2 CompilerThread1" daemon [_thread_blocked, id=125161, stack(0x00007f480813c000,0x00007f480823d000)]
  0x00007f4818181800 JavaThread "C2 CompilerThread0" daemon [_thread_blocked, id=125151, stack(0x00007f480823d000,0x00007f480833e000)]
  0x00007f4818180000 JavaThread "Signal Dispatcher" daemon [_thread_blocked, id=125146, stack(0x00007f480833e000,0x00007f480843f000)]
  0x00007f481814c000 JavaThread "Finalizer" daemon [_thread_blocked, id=125136, stack(0x00007f4808dfe000,0x00007f4808eff000)]
  0x00007f4818149800 JavaThread "Reference Handler" daemon [_thread_blocked, id=125130, stack(0x00007f4808eff000,0x00007f4809000000)]
  0x00007f481800a800 JavaThread "main" [_thread_in_native, id=125083, stack(0x00007f48216c9000,0x00007f48217ca000)]

Other Threads:
=>0x00007f4818140000 VMThread [stack: 0x00007f481c0e7000,0x00007f481c1e8000] [id=125120]
  0x00007f481818c000 WatcherThread [stack: 0x00007f4801f4e000,0x00007f480204f000] [id=125176]

VM state:at safepoint (normal execution)

VM Mutex/Monitor currently owned by a thread:  ([mutex/lock_event])
[0x00007f4818007090] Threads_lock - owner thread: 0x00007f4818140000
[0x00007f4818007590] Heap_lock - owner thread: 0x00007f47bc001000

heap address: 0x00000000c2a00000, size: 982 MB, Compressed Oops mode: 32-bit
Narrow klass base: 0x0000000000000000, Narrow klass shift: 3
Compressed class space size: 1073741824 Address: 0x0000000100000000

Heap:
 PSYoungGen      total 64000K, used 3760K [0x00000000eb900000, 0x00000000efe00000, 0x0000000100000000)
  eden space 58368K, 0% used [0x00000000eb900000,0x00000000eb900000,0x00000000ef200000)
  from space 5632K, 66% used [0x00000000ef200000,0x00000000ef5ac010,0x00000000ef780000)
  to   space 4608K, 0% used [0x00000000ef780000,0x00000000ef780000,0x00000000efc00000)
 ParOldGen       total 42496K, used 9254K [0x00000000c2a00000, 0x00000000c5380000, 0x00000000eb900000)
  object space 42496K, 21% used [0x00000000c2a00000,0x00000000c3309b50,0x00000000c5380000)
 Metaspace       used 14154K, capacity 14588K, committed 14848K, reserved 1062912K
  class space    used 1607K, capacity 1748K, committed 1792K, reserved 1048576K

Card table byte_map: [0x00007f481e27e000,0x00007f481e46a000] byte_map_base: 0x00007f481dc69000

Marking Bits: (ParMarkBitMap*) 0x00007f4820ba0d80
 Begin Bits: [0x00007f4802150000, 0x00007f48030a8000)
 End Bits:   [0x00007f48030a8000, 0x00007f4804000000)

Polling page: 0x00007f48217e5000

CodeCache: size=245760Kb used=6496Kb max_used=6516Kb free=239263Kb
 bounds [0x00007f4809000000, 0x00007f4809670000, 0x00007f4818000000]
 total_blobs=2156 nmethods=1807 adapters=261
 compilation: enabled

Compilation events (10 events):
Event: 34.545 Thread 0x00007f4818186000 1864       2       java.util.HashMap::remove (26 bytes)
Event: 34.546 Thread 0x00007f4818186000 nmethod 1864 0x00007f48096504d0 code [0x00007f4809650640, 0x00007f4809650858]
Event: 34.597 Thread 0x00007f4818186000 1865       2       sun.misc.FloatingDecimal$BinaryToASCIIBuffer::developLongDigits (304 bytes)
Event: 34.598 Thread 0x00007f4818186000 nmethod 1865 0x00007f4809650950 code [0x00007f4809650b00, 0x00007f4809651230]
Event: 34.601 Thread 0x00007f4818186000 1866       1       java.lang.ThreadLocal::getMap (5 bytes)
Event: 34.601 Thread 0x00007f4818186000 nmethod 1866 0x00007f4809651810 code [0x00007f4809651960, 0x00007f4809651a70]
Event: 34.637 Thread 0x00007f4818186000 1867       2       java.util.HashSet::remove (20 bytes)
Event: 34.638 Thread 0x00007f4818186000 nmethod 1867 0x00007f4809651b10 code [0x00007f4809651ca0, 0x00007f4809651ed8]
Event: 35.027 Thread 0x00007f4818184800 nmethod 1827 0x00007f4809658210 code [0x00007f4809658760, 0x00007f480965ba58]
Event: 35.031 Thread 0x00007f4818184800 1799 %     4       org.evosuite.instrumentation.coverage.MutationInstrumentation::analyze @ 338 (720 bytes)

GC Heap History (10 events):
Event: 32.018 GC heap after
Heap after GC invocations=5 (full 1):
 PSYoungGen      total 18432K, used 2528K [0x00000000eb900000, 0x00000000ecd80000, 0x0000000100000000)
  eden space 15872K, 0% used [0x00000000eb900000,0x00000000eb900000,0x00000000ec880000)
  from space 2560K, 98% used [0x00000000ecb00000,0x00000000ecd78020,0x00000000ecd80000)
  to   space 2560K, 0% used [0x00000000ec880000,0x00000000ec880000,0x00000000ecb00000)
 ParOldGen       total 42496K, used 5094K [0x00000000c2a00000, 0x00000000c5380000, 0x00000000eb900000)
  object space 42496K, 11% used [0x00000000c2a00000,0x00000000c2ef99f0,0x00000000c5380000)
 Metaspace       used 13964K, capacity 14396K, committed 14592K, reserved 1062912K
  class space    used 1607K, capacity 1748K, committed 1792K, reserved 1048576K
}
Event: 32.442 GC heap before
{Heap before GC invocations=6 (full 1):
 PSYoungGen      total 18432K, used 18400K [0x00000000eb900000, 0x00000000ecd80000, 0x0000000100000000)
  eden space 15872K, 100% used [0x00000000eb900000,0x00000000ec880000,0x00000000ec880000)
  from space 2560K, 98% used [0x00000000ecb00000,0x00000000ecd78020,0x00000000ecd80000)
  to   space 2560K, 0% used [0x00000000ec880000,0x00000000ec880000,0x00000000ecb00000)
 ParOldGen       total 42496K, used 5094K [0x00000000c2a00000, 0x00000000c5380000, 0x00000000eb900000)
  object space 42496K, 11% used [0x00000000c2a00000,0x00000000c2ef99f0,0x00000000c5380000)
 Metaspace       used 14039K, capacity 14460K, committed 14592K, reserved 1062912K
  class space    used 1607K, capacity 1748K, committed 1792K, reserved 1048576K
Event: 32.458 GC heap after
Heap after GC invocations=6 (full 1):
 PSYoungGen      total 18432K, used 2560K [0x00000000eb900000, 0x00000000edd00000, 0x0000000100000000)
  eden space 15872K, 0% used [0x00000000eb900000,0x00000000eb900000,0x00000000ec880000)
  from space 2560K, 100% used [0x00000000ec880000,0x00000000ecb00000,0x00000000ecb00000)
  to   space 2560K, 0% used [0x00000000eda80000,0x00000000eda80000,0x00000000edd00000)
 ParOldGen       total 42496K, used 5883K [0x00000000c2a00000, 0x00000000c5380000, 0x00000000eb900000)
  object space 42496K, 13% used [0x00000000c2a00000,0x00000000c2fbec70,0x00000000c5380000)
 Metaspace       used 14039K, capacity 14460K, committed 14592K, reserved 1062912K
  class space    used 1607K, capacity 1748K, committed 1792K, reserved 1048576K
}
Event: 32.818 GC heap before
{Heap before GC invocations=7 (full 1):
 PSYoungGen      total 18432K, used 18432K [0x00000000eb900000, 0x00000000edd00000, 0x0000000100000000)
  eden space 15872K, 100% used [0x00000000eb900000,0x00000000ec880000,0x00000000ec880000)
  from space 2560K, 100% used [0x00000000ec880000,0x00000000ecb00000,0x00000000ecb00000)
  to   space 2560K, 0% used [0x00000000eda80000,0x00000000eda80000,0x00000000edd00000)
 ParOldGen       total 42496K, used 5883K [0x00000000c2a00000, 0x00000000c5380000, 0x00000000eb900000)
  object space 42496K, 13% used [0x00000000c2a00000,0x00000000c2fbec70,0x00000000c5380000)
 Metaspace       used 14063K, capacity 14460K, committed 14592K, reserved 1062912K
  class space    used 1607K, capacity 1748K, committed 1792K, reserved 1048576K
Event: 32.832 GC heap after
Heap after GC invocations=7 (full 1):
 PSYoungGen      total 32256K, used 2560K [0x00000000eb900000, 0x00000000ee100000, 0x0000000100000000)
  eden space 29696K, 0% used [0x00000000eb900000,0x00000000eb900000,0x00000000ed600000)
  from space 2560K, 100% used [0x00000000eda80000,0x00000000edd00000,0x00000000edd00000)
  to   space 4608K, 0% used [0x00000000ed600000,0x00000000ed600000,0x00000000eda80000)
 ParOldGen       total 42496K, used 6587K [0x00000000c2a00000, 0x00000000c5380000, 0x00000000eb900000)
  object space 42496K, 15% used [0x00000000c2a00000,0x00000000c306ec90,0x00000000c5380000)
 Metaspace       used 14063K, capacity 14460K, committed 14592K, reserved 1062912K
  class space    used 1607K, capacity 1748K, committed 1792K, reserved 1048576K
}
Event: 33.252 GC heap before
{Heap before GC invocations=8 (full 1):
 PSYoungGen      total 32256K, used 32256K [0x00000000eb900000, 0x00000000ee100000, 0x0000000100000000)
  eden space 29696K, 100% used [0x00000000eb900000,0x00000000ed600000,0x00000000ed600000)
  from space 2560K, 100% used [0x00000000eda80000,0x00000000edd00000,0x00000000edd00000)
  to   space 4608K, 0% used [0x00000000ed600000,0x00000000ed600000,0x00000000eda80000)
 ParOldGen       total 42496K, used 6587K [0x00000000c2a00000, 0x00000000c5380000, 0x00000000eb900000)
  object space 42496K, 15% used [0x00000000c2a00000,0x00000000c306ec90,0x00000000c5380000)
 Metaspace       used 14103K, capacity 14524K, committed 14592K, reserved 1062912K
  class space    used 1607K, capacity 1748K, committed 1792K, reserved 1048576K
Event: 33.275 GC heap after
Heap after GC invocations=8 (full 1):
 PSYoungGen      total 34304K, used 4144K [0x00000000eb900000, 0x00000000efc00000, 0x0000000100000000)
  eden space 29696K, 0% used [0x00000000eb900000,0x00000000eb900000,0x00000000ed600000)
  from space 4608K, 89% used [0x00000000ed600000,0x00000000eda0c050,0x00000000eda80000)
  to   space 4608K, 0% used [0x00000000ef780000,0x00000000ef780000,0x00000000efc00000)
 ParOldGen       total 42496K, used 6595K [0x00000000c2a00000, 0x00000000c5380000, 0x00000000eb900000)
  object space 42496K, 15% used [0x00000000c2a00000,0x00000000c3070c90,0x00000000c5380000)
 Metaspace       used 14103K, capacity 14524K, committed 14592K, reserved 1062912K
  class space    used 1607K, capacity 1748K, committed 1792K, reserved 1048576K
}
Event: 34.044 GC heap before
{Heap before GC invocations=9 (full 1):
 PSYoungGen      total 34304K, used 33840K [0x00000000eb900000, 0x00000000efc00000, 0x0000000100000000)
  eden space 29696K, 100% used [0x00000000eb900000,0x00000000ed600000,0x00000000ed600000)
  from space 4608K, 89% used [0x00000000ed600000,0x00000000eda0c050,0x00000000eda80000)
  to   space 4608K, 0% used [0x00000000ef780000,0x00000000ef780000,0x00000000efc00000)
 ParOldGen       total 42496K, used 6595K [0x00000000c2a00000, 0x00000000c5380000, 0x00000000eb900000)
  object space 42496K, 15% used [0x00000000c2a00000,0x00000000c3070c90,0x00000000c5380000)
 Metaspace       used 14123K, capacity 14588K, committed 14848K, reserved 1062912K
  class space    used 1607K, capacity 1748K, committed 1792K, reserved 1048576K
Event: 34.062 GC heap after
Heap after GC invocations=9 (full 1):
 PSYoungGen      total 62976K, used 4592K [0x00000000eb900000, 0x00000000efe00000, 0x0000000100000000)
  eden space 58368K, 0% used [0x00000000eb900000,0x00000000eb900000,0x00000000ef200000)
  from space 4608K, 99% used [0x00000000ef780000,0x00000000efbfc010,0x00000000efc00000)
  to   space 5632K, 0% used [0x00000000ef200000,0x00000000ef200000,0x00000000ef780000)
 ParOldGen       total 42496K, used 7870K [0x00000000c2a00000, 0x00000000c5380000, 0x00000000eb900000)
  object space 42496K, 18% used [0x00000000c2a00000,0x00000000c31afb50,0x00000000c5380000)
 Metaspace       used 14123K, capacity 14588K, committed 14848K, reserved 1062912K
  class space    used 1607K, capacity 1748K, committed 1792K, reserved 1048576K
}
Event: 35.076 GC heap before
{Heap before GC invocations=10 (full 1):
 PSYoungGen      total 62976K, used 62960K [0x00000000eb900000, 0x00000000efe00000, 0x0000000100000000)
  eden space 58368K, 100% used [0x00000000eb900000,0x00000000ef200000,0x00000000ef200000)
  from space 4608K, 99% used [0x00000000ef780000,0x00000000efbfc010,0x00000000efc00000)
  to   space 5632K, 0% used [0x00000000ef200000,0x00000000ef200000,0x00000000ef780000)
 ParOldGen       total 42496K, used 7870K [0x00000000c2a00000, 0x00000000c5380000, 0x00000000eb900000)
  object space 42496K, 18% used [0x00000000c2a00000,0x00000000c31afb50,0x00000000c5380000)
 Metaspace       used 14154K, capacity 14588K, committed 14848K, reserved 1062912K
  class space    used 1607K, capacity 1748K, committed 1792K, reserved 1048576K

Deoptimization events (10 events):
Event: 30.203 Thread 0x00007f47bc001000 Uncommon trap: reason=class_check action=maybe_recompile pc=0x00007f4809413968 method=java.util.HashMap.putVal(ILjava/lang/Object;Ljava/lang/Object;ZZ)Ljava/lang/Object; @ 203
Event: 30.204 Thread 0x00007f47bc001000 Uncommon trap: reason=class_check action=maybe_recompile pc=0x00007f4809413968 method=java.util.HashMap.putVal(ILjava/lang/Object;Ljava/lang/Object;ZZ)Ljava/lang/Object; @ 203
Event: 30.204 Thread 0x00007f47bc001000 Uncommon trap: reason=class_check action=maybe_recompile pc=0x00007f4809413968 method=java.util.HashMap.putVal(ILjava/lang/Object;Ljava/lang/Object;ZZ)Ljava/lang/Object; @ 203
Event: 30.336 Thread 0x00007f47bc001000 Uncommon trap: reason=unstable_if action=reinterpret pc=0x00007f480942dba0 method=org.evosuite.shaded.org.objectweb.asm.Type.getType([CI)Lorg/evosuite/shaded/org/objectweb/asm/Type; @ 181
Event: 30.590 Thread 0x00007f47bc001000 Uncommon trap: reason=class_check action=maybe_recompile pc=0x00007f4809413968 method=java.util.HashMap.putVal(ILjava/lang/Object;Ljava/lang/Object;ZZ)Ljava/lang/Object; @ 203
Event: 31.406 Thread 0x00007f47bc001000 Uncommon trap: reason=unstable_if action=reinterpret pc=0x00007f48091fb830 method=java.lang.AbstractStringBuilder.append(Ljava/lang/String;)Ljava/lang/AbstractStringBuilder; @ 1
Event: 31.454 Thread 0x00007f47bc001000 Uncommon trap: reason=unstable_if action=reinterpret pc=0x00007f48091e1d38 method=java.lang.AbstractStringBuilder.append(Ljava/lang/String;)Ljava/lang/AbstractStringBuilder; @ 1
Event: 32.132 Thread 0x00007f47bc001000 Uncommon trap: reason=unstable_if action=reinterpret pc=0x00007f4809569860 method=java.util.AbstractCollection.addAll(Ljava/util/Collection;)Z @ 32
Event: 32.582 Thread 0x00007f47bc001000 Uncommon trap: reason=unstable_if action=reinterpret pc=0x00007f4809457318 method=java.util.HashMap.putVal(ILjava/lang/Object;Ljava/lang/Object;ZZ)Ljava/lang/Object; @ 162
Event: 33.052 Thread 0x00007f47bc001000 Uncommon trap: reason=unstable_if action=reinterpret pc=0x00007f480954ae84 method=org.evosuite.shaded.org.objectweb.asm.Frame.merge(Lorg/evosuite/shaded/org/objectweb/asm/ClassWriter;I[II)Z @ 61

Classes redefined (0 events):
No events

Internal exceptions (10 events):
Event: 11.175 Thread 0x00007f48182e2800 Exception <a 'java/net/ConnectException'> (0x00000000ebb68fa0) thrown at [/HUDSON/workspace/8-2-build-linux-amd64/jdk8u201/12317/hotspot/src/share/vm/prims/jni.cpp, line 709]
Event: 21.123 Thread 0x00007f48182dd000 Exception <a 'java/net/ConnectException'> (0x00000000ebb1a378) thrown at [/HUDSON/workspace/8-2-build-linux-amd64/jdk8u201/12317/hotspot/src/share/vm/prims/jni.cpp, line 709]
Event: 21.123 Thread 0x00007f48182df000 Exception <a 'java/net/ConnectException'> (0x00000000ebb41f20) thrown at [/HUDSON/workspace/8-2-build-linux-amd64/jdk8u201/12317/hotspot/src/share/vm/prims/jni.cpp, line 709]
Event: 21.177 Thread 0x00007f48182e2800 Exception <a 'java/net/ConnectException'> (0x00000000ebb69ac8) thrown at [/HUDSON/workspace/8-2-build-linux-amd64/jdk8u201/12317/hotspot/src/share/vm/prims/jni.cpp, line 709]
Event: 29.160 Thread 0x00007f47bc001000 Exception <a 'java/lang/NoSuchMethodError': <clinit>> (0x00000000ec1be0a0) thrown at [/HUDSON/workspace/8-2-build-linux-amd64/jdk8u201/12317/hotspot/src/share/vm/prims/jni.cpp, line 1613]
Event: 31.124 Thread 0x00007f48182dd000 Exception <a 'java/net/ConnectException'> (0x00000000ebddabd0) thrown at [/HUDSON/workspace/8-2-build-linux-amd64/jdk8u201/12317/hotspot/src/share/vm/prims/jni.cpp, line 709]
Event: 31.124 Thread 0x00007f48182df000 Exception <a 'java/net/ConnectException'> (0x00000000ebdf4940) thrown at [/HUDSON/workspace/8-2-build-linux-amd64/jdk8u201/12317/hotspot/src/share/vm/prims/jni.cpp, line 709]
Event: 31.178 Thread 0x00007f48182e2800 Exception <a 'java/net/ConnectException'> (0x00000000ebe398b0) thrown at [/HUDSON/workspace/8-2-build-linux-amd64/jdk8u201/12317/hotspot/src/share/vm/prims/jni.cpp, line 709]
Event: 31.406 Thread 0x00007f47bc001000 Implicit null exception at 0x00007f48091fb475 to 0x00007f48091fb81d
Event: 31.454 Thread 0x00007f47bc001000 Implicit null exception at 0x00007f48091e1976 to 0x00007f48091e1d21

Events (10 events):
Event: 33.052 Thread 0x00007f47bc001000 DEOPT UNPACKING pc=0x00007f480904573a sp=0x00007f48008ed558 mode 2
Event: 33.252 Executing VM operation: ParallelGCFailedAllocation
Event: 33.276 Executing VM operation: ParallelGCFailedAllocation done
Event: 34.044 Executing VM operation: ParallelGCFailedAllocation
Event: 34.062 Executing VM operation: ParallelGCFailedAllocation done
Event: 34.382 Thread 0x00007f47bc001000 DEOPT PACKING pc=0x00007f48095af289 sp=0x00007f48008edda0
Event: 34.382 Thread 0x00007f47bc001000 DEOPT UNPACKING pc=0x00007f4809047784 sp=0x00007f48008edc10 mode 0
Event: 34.489 loading class sun/net/ResourceManager
Event: 34.489 loading class sun/net/ResourceManager done
Event: 35.044 Executing VM operation: ParallelGCFailedAllocation


Dynamic libraries:
00400000-00401000 r-xp 00000000 08:01 654793                             /usr/lib/jdk/jdk1.8.0_201/bin/java
00600000-00601000 r--p 00000000 08:01 654793                             /usr/lib/jdk/jdk1.8.0_201/bin/java
00601000-00602000 rw-p 00001000 08:01 654793                             /usr/lib/jdk/jdk1.8.0_201/bin/java
00b22000-00d63000 rw-p 00000000 00:00 0                                  [heap]
c2a00000-c5380000 rw-p 00000000 00:00 0 
c5380000-eb900000 ---p 00000000 00:00 0 
eb900000-efe00000 rw-p 00000000 00:00 0 
f3600000-100000000 ---p 00000000 00:00 0 
100000000-1001c0000 rw-p 00000000 00:00 0 
1001c0000-140000000 ---p 00000000 00:00 0 
7f4788000000-7f4788021000 rw-p 00000000 00:00 0 
7f4788021000-7f478c000000 ---p 00000000 00:00 0 
7f478c000000-7f478c021000 rw-p 00000000 00:00 0 
7f478c021000-7f4790000000 ---p 00000000 00:00 0 
7f4790000000-7f4790021000 rw-p 00000000 00:00 0 
7f4790021000-7f4794000000 ---p 00000000 00:00 0 
7f4794000000-7f4794042000 rw-p 00000000 00:00 0 
7f4794042000-7f4798000000 ---p 00000000 00:00 0 
7f4798000000-7f4798021000 rw-p 00000000 00:00 0 
7f4798021000-7f479c000000 ---p 00000000 00:00 0 
7f479c000000-7f479c021000 rw-p 00000000 00:00 0 
7f479c021000-7f47a0000000 ---p 00000000 00:00 0 
7f47a0000000-7f47a0021000 rw-p 00000000 00:00 0 
7f47a0021000-7f47a4000000 ---p 00000000 00:00 0 
7f47a4000000-7f47a4021000 rw-p 00000000 00:00 0 
7f47a4021000-7f47a8000000 ---p 00000000 00:00 0 
7f47a8000000-7f47a8021000 rw-p 00000000 00:00 0 
7f47a8021000-7f47ac000000 ---p 00000000 00:00 0 
7f47ac000000-7f47ac021000 rw-p 00000000 00:00 0 
7f47ac021000-7f47b0000000 ---p 00000000 00:00 0 
7f47b0000000-7f47b0021000 rw-p 00000000 00:00 0 
7f47b0021000-7f47b4000000 ---p 00000000 00:00 0 
7f47b4000000-7f47b4021000 rw-p 00000000 00:00 0 
7f47b4021000-7f47b8000000 ---p 00000000 00:00 0 
7f47b8000000-7f47b8021000 rw-p 00000000 00:00 0 
7f47b8021000-7f47bc000000 ---p 00000000 00:00 0 
7f47bc000000-7f47bc021000 rw-p 00000000 00:00 0 
7f47bc021000-7f47c0000000 ---p 00000000 00:00 0 
7f47c0000000-7f47c0021000 rw-p 00000000 00:00 0 
7f47c0021000-7f47c4000000 ---p 00000000 00:00 0 
7f47c4000000-7f47c4021000 rw-p 00000000 00:00 0 
7f47c4021000-7f47c8000000 ---p 00000000 00:00 0 
7f47c8000000-7f47c8021000 rw-p 00000000 00:00 0 
7f47c8021000-7f47cc000000 ---p 00000000 00:00 0 
7f47cc000000-7f47cc021000 rw-p 00000000 00:00 0 
7f47cc021000-7f47d0000000 ---p 00000000 00:00 0 
7f47d0fff000-7f47d4000000 rw-p 00000000 00:00 0 
7f47d4000000-7f47d486c000 rw-p 00000000 00:00 0 
7f47d486c000-7f47d8000000 ---p 00000000 00:00 0 
7f47d8000000-7f47d8021000 rw-p 00000000 00:00 0 
7f47d8021000-7f47dc000000 ---p 00000000 00:00 0 
7f47dc000000-7f47dce94000 rw-p 00000000 00:00 0 
7f47dce94000-7f47e0000000 ---p 00000000 00:00 0 
7f47e0000000-7f47e07ec000 rw-p 00000000 00:00 0 
7f47e07ec000-7f47e4000000 ---p 00000000 00:00 0 
7f47e4000000-7f47e4021000 rw-p 00000000 00:00 0 
7f47e4021000-7f47e8000000 ---p 00000000 00:00 0 
7f47e8000000-7f47e8021000 rw-p 00000000 00:00 0 
7f47e8021000-7f47ec000000 ---p 00000000 00:00 0 
7f47ec000000-7f47ec30d000 rw-p 00000000 00:00 0 
7f47ec30d000-7f47f0000000 ---p 00000000 00:00 0 
7f47f0000000-7f47f0021000 rw-p 00000000 00:00 0 
7f47f0021000-7f47f4000000 ---p 00000000 00:00 0 
7f47f4000000-7f47f4021000 rw-p 00000000 00:00 0 
7f47f4021000-7f47f8000000 ---p 00000000 00:00 0 
7f47f8000000-7f47f8021000 rw-p 00000000 00:00 0 
7f47f8021000-7f47fc000000 ---p 00000000 00:00 0 
7f47fc000000-7f47fc021000 rw-p 00000000 00:00 0 
7f47fc021000-7f4800000000 ---p 00000000 00:00 0 
7f48002f3000-7f48003b3000 rw-p 00000000 00:00 0 
7f48003b3000-7f48004f3000 ---p 00000000 00:00 0 
7f48004f3000-7f48006f3000 rw-p 00000000 00:00 0 
7f48006f3000-7f48006f6000 ---p 00000000 00:00 0 
7f48006f6000-7f48007f4000 rw-p 00000000 00:00 0 
7f48007f4000-7f48007f7000 ---p 00000000 00:00 0 
7f48007f7000-7f48008f5000 rw-p 00000000 00:00 0 
7f48008f5000-7f48008f8000 ---p 00000000 00:00 0 
7f48008f8000-7f48009f6000 rw-p 00000000 00:00 0 
7f48009f6000-7f48009f9000 ---p 00000000 00:00 0 
7f48009f9000-7f4800af7000 rw-p 00000000 00:00 0 
7f4800af7000-7f4800afa000 ---p 00000000 00:00 0 
7f4800afa000-7f4800bf8000 rw-p 00000000 00:00 0 
7f4800bf8000-7f4800bfb000 ---p 00000000 00:00 0 
7f4800bfb000-7f4800cf9000 rw-p 00000000 00:00 0 
7f4800cf9000-7f4800cfc000 ---p 00000000 00:00 0 
7f4800cfc000-7f4800dfa000 rw-p 00000000 00:00 0 
7f4800dfa000-7f4800dfd000 ---p 00000000 00:00 0 
7f4800dfd000-7f4800efb000 rw-p 00000000 00:00 0 
7f4800efb000-7f4800efe000 ---p 00000000 00:00 0 
7f4800efe000-7f4800ffc000 rw-p 00000000 00:00 0 
7f4800ffc000-7f4800fff000 ---p 00000000 00:00 0 
7f4800fff000-7f48010fd000 rw-p 00000000 00:00 0 
7f48010fd000-7f4801100000 ---p 00000000 00:00 0 
7f4801100000-7f48011fe000 rw-p 00000000 00:00 0 
7f48011fe000-7f4801201000 ---p 00000000 00:00 0 
7f4801201000-7f48012ff000 rw-p 00000000 00:00 0 
7f48012ff000-7f4801302000 ---p 00000000 00:00 0 
7f4801302000-7f4801400000 rw-p 00000000 00:00 0 
7f4801400000-7f4801403000 ---p 00000000 00:00 0 
7f4801403000-7f4801501000 rw-p 00000000 00:00 0 
7f4801501000-7f4801504000 ---p 00000000 00:00 0 
7f4801504000-7f4801802000 rw-p 00000000 00:00 0 
7f4801802000-7f4801805000 ---p 00000000 00:00 0 
7f4801805000-7f4801903000 rw-p 00000000 00:00 0 
7f4801903000-7f4801906000 ---p 00000000 00:00 0 
7f4801906000-7f4801a04000 rw-p 00000000 00:00 0 
7f4801a04000-7f4801a07000 ---p 00000000 00:00 0 
7f4801a07000-7f4801b05000 rw-p 00000000 00:00 0 
7f4801b05000-7f4801b1b000 r-xp 00000000 08:01 656512                     /usr/lib/jdk/jdk1.8.0_201/jre/lib/amd64/libnet.so
7f4801b1b000-7f4801d1b000 ---p 00016000 08:01 656512                     /usr/lib/jdk/jdk1.8.0_201/jre/lib/amd64/libnet.so
7f4801d1b000-7f4801d1c000 r--p 00016000 08:01 656512                     /usr/lib/jdk/jdk1.8.0_201/jre/lib/amd64/libnet.so
7f4801d1c000-7f4801d1d000 rw-p 00017000 08:01 656512                     /usr/lib/jdk/jdk1.8.0_201/jre/lib/amd64/libnet.so
7f4801d1d000-7f4801f4e000 r--s 01bb1000 08:01 403225                     /home/hewitt/work/DiffTGen-master/lib/evosuite-1.0.6.jar
7f4801f4e000-7f4801f4f000 ---p 00000000 00:00 0 
7f4801f4f000-7f480204f000 rw-p 00000000 00:00 0 
7f480204f000-7f4802052000 ---p 00000000 00:00 0 
7f4802052000-7f4804000000 rw-p 00000000 00:00 0 
7f4804000000-7f4804021000 rw-p 00000000 00:00 0 
7f4804021000-7f4808000000 ---p 00000000 00:00 0 
7f480803b000-7f480803e000 ---p 00000000 00:00 0 
7f480803e000-7f480813c000 rw-p 00000000 00:00 0 
7f480813c000-7f480813f000 ---p 00000000 00:00 0 
7f480813f000-7f480823d000 rw-p 00000000 00:00 0 
7f480823d000-7f4808240000 ---p 00000000 00:00 0 
7f4808240000-7f480833e000 rw-p 00000000 00:00 0 
7f480833e000-7f4808341000 ---p 00000000 00:00 0 
7f4808341000-7f480843f000 rw-p 00000000 00:00 0 
7f480843f000-7f4808dfe000 r--p 00000000 08:01 270368                     /usr/lib/locale/locale-archive
7f4808dfe000-7f4808e01000 ---p 00000000 00:00 0 
7f4808e01000-7f4808eff000 rw-p 00000000 00:00 0 
7f4808eff000-7f4808f02000 ---p 00000000 00:00 0 
7f4808f02000-7f4809000000 rw-p 00000000 00:00 0 
7f4809000000-7f4809670000 rwxp 00000000 00:00 0 
7f4809670000-7f4818000000 ---p 00000000 00:00 0 
7f4818000000-7f48184c0000 rw-p 00000000 00:00 0 
7f48184c0000-7f481c000000 ---p 00000000 00:00 0 
7f481c006000-7f481c019000 r--s 00345000 08:01 656331                     /usr/lib/jdk/jdk1.8.0_201/jre/lib/resources.jar
7f481c019000-7f481c035000 r--s 00393000 08:01 656354                     /usr/lib/jdk/jdk1.8.0_201/jre/lib/ext/cldrdata.jar
7f481c035000-7f481c038000 ---p 00000000 00:00 0 
7f481c038000-7f481c06e000 rw-p 00000000 00:00 0 
7f481c06e000-7f481c0e7000 r--s 010fd000 08:01 654900                     /usr/lib/jdk/jdk1.8.0_201/lib/tools.jar
7f481c0e7000-7f481c0e8000 ---p 00000000 00:00 0 
7f481c0e8000-7f481d0f7000 rw-p 00000000 00:00 0 
7f481d0f7000-7f481d2d1000 r--s 03d6f000 08:01 656293                     /usr/lib/jdk/jdk1.8.0_201/jre/lib/rt.jar
7f481d2d1000-7f481dd32000 rw-p 00000000 00:00 0 
7f481dd32000-7f481dd33000 ---p 00000000 00:00 0 
7f481dd33000-7f481de33000 rw-p 00000000 00:00 0 
7f481de33000-7f481de34000 ---p 00000000 00:00 0 
7f481de34000-7f481df34000 rw-p 00000000 00:00 0 
7f481df34000-7f481df35000 ---p 00000000 00:00 0 
7f481df35000-7f481e035000 rw-p 00000000 00:00 0 
7f481e035000-7f481e036000 ---p 00000000 00:00 0 
7f481e036000-7f481e14b000 rw-p 00000000 00:00 0 
7f481e14b000-7f481e27e000 ---p 00000000 00:00 0 
7f481e27e000-7f481e293000 rw-p 00000000 00:00 0 
7f481e293000-7f481e3c5000 ---p 00000000 00:00 0 
7f481e3c5000-7f481e3e8000 rw-p 00000000 00:00 0 
7f481e3e8000-7f481e469000 ---p 00000000 00:00 0 
7f481e469000-7f481e484000 rw-p 00000000 00:00 0 
7f481e484000-7f481e82a000 ---p 00000000 00:00 0 
7f481e82a000-7f481e845000 r-xp 00000000 08:01 656508                     /usr/lib/jdk/jdk1.8.0_201/jre/lib/amd64/libzip.so
7f481e845000-7f481ea44000 ---p 0001b000 08:01 656508                     /usr/lib/jdk/jdk1.8.0_201/jre/lib/amd64/libzip.so
7f481ea44000-7f481ea45000 r--p 0001a000 08:01 656508                     /usr/lib/jdk/jdk1.8.0_201/jre/lib/amd64/libzip.so
7f481ea45000-7f481ea46000 rw-p 0001b000 08:01 656508                     /usr/lib/jdk/jdk1.8.0_201/jre/lib/amd64/libzip.so
7f481ea46000-7f481ea51000 r-xp 00000000 08:01 658902                     /lib/x86_64-linux-gnu/libnss_files-2.23.so
7f481ea51000-7f481ec50000 ---p 0000b000 08:01 658902                     /lib/x86_64-linux-gnu/libnss_files-2.23.so
7f481ec50000-7f481ec51000 r--p 0000a000 08:01 658902                     /lib/x86_64-linux-gnu/libnss_files-2.23.so
7f481ec51000-7f481ec52000 rw-p 0000b000 08:01 658902                     /lib/x86_64-linux-gnu/libnss_files-2.23.so
7f481ec52000-7f481ec58000 rw-p 00000000 00:00 0 
7f481ec58000-7f481ec63000 r-xp 00000000 08:01 658912                     /lib/x86_64-linux-gnu/libnss_nis-2.23.so
7f481ec63000-7f481ee62000 ---p 0000b000 08:01 658912                     /lib/x86_64-linux-gnu/libnss_nis-2.23.so
7f481ee62000-7f481ee63000 r--p 0000a000 08:01 658912                     /lib/x86_64-linux-gnu/libnss_nis-2.23.so
7f481ee63000-7f481ee64000 rw-p 0000b000 08:01 658912                     /lib/x86_64-linux-gnu/libnss_nis-2.23.so
7f481ee64000-7f481ee7a000 r-xp 00000000 08:01 658896                     /lib/x86_64-linux-gnu/libnsl-2.23.so
7f481ee7a000-7f481f079000 ---p 00016000 08:01 658896                     /lib/x86_64-linux-gnu/libnsl-2.23.so
7f481f079000-7f481f07a000 r--p 00015000 08:01 658896                     /lib/x86_64-linux-gnu/libnsl-2.23.so
7f481f07a000-7f481f07b000 rw-p 00016000 08:01 658896                     /lib/x86_64-linux-gnu/libnsl-2.23.so
7f481f07b000-7f481f07d000 rw-p 00000000 00:00 0 
7f481f07d000-7f481f085000 r-xp 00000000 08:01 658898                     /lib/x86_64-linux-gnu/libnss_compat-2.23.so
7f481f085000-7f481f284000 ---p 00008000 08:01 658898                     /lib/x86_64-linux-gnu/libnss_compat-2.23.so
7f481f284000-7f481f285000 r--p 00007000 08:01 658898                     /lib/x86_64-linux-gnu/libnss_compat-2.23.so
7f481f285000-7f481f286000 rw-p 00008000 08:01 658898                     /lib/x86_64-linux-gnu/libnss_compat-2.23.so
7f481f286000-7f481f2b2000 r-xp 00000000 08:01 656502                     /usr/lib/jdk/jdk1.8.0_201/jre/lib/amd64/libjava.so
7f481f2b2000-7f481f4b2000 ---p 0002c000 08:01 656502                     /usr/lib/jdk/jdk1.8.0_201/jre/lib/amd64/libjava.so
7f481f4b2000-7f481f4b3000 r--p 0002c000 08:01 656502                     /usr/lib/jdk/jdk1.8.0_201/jre/lib/amd64/libjava.so
7f481f4b3000-7f481f4b5000 rw-p 0002d000 08:01 656502                     /usr/lib/jdk/jdk1.8.0_201/jre/lib/amd64/libjava.so
7f481f4b5000-7f481f4c2000 r-xp 00000000 08:01 656507                     /usr/lib/jdk/jdk1.8.0_201/jre/lib/amd64/libverify.so
7f481f4c2000-7f481f6c1000 ---p 0000d000 08:01 656507                     /usr/lib/jdk/jdk1.8.0_201/jre/lib/amd64/libverify.so
7f481f6c1000-7f481f6c3000 r--p 0000c000 08:01 656507                     /usr/lib/jdk/jdk1.8.0_201/jre/lib/amd64/libverify.so
7f481f6c3000-7f481f6c4000 rw-p 0000e000 08:01 656507                     /usr/lib/jdk/jdk1.8.0_201/jre/lib/amd64/libverify.so
7f481f6c4000-7f481f6cb000 r-xp 00000000 08:01 658957                     /lib/x86_64-linux-gnu/librt-2.23.so
7f481f6cb000-7f481f8ca000 ---p 00007000 08:01 658957                     /lib/x86_64-linux-gnu/librt-2.23.so
7f481f8ca000-7f481f8cb000 r--p 00006000 08:01 658957                     /lib/x86_64-linux-gnu/librt-2.23.so
7f481f8cb000-7f481f8cc000 rw-p 00007000 08:01 658957                     /lib/x86_64-linux-gnu/librt-2.23.so
7f481f8cc000-7f481f9d4000 r-xp 00000000 08:01 658873                     /lib/x86_64-linux-gnu/libm-2.23.so
7f481f9d4000-7f481fbd3000 ---p 00108000 08:01 658873                     /lib/x86_64-linux-gnu/libm-2.23.so
7f481fbd3000-7f481fbd4000 r--p 00107000 08:01 658873                     /lib/x86_64-linux-gnu/libm-2.23.so
7f481fbd4000-7f481fbd5000 rw-p 00108000 08:01 658873                     /lib/x86_64-linux-gnu/libm-2.23.so
7f481fbd5000-7f48208bd000 r-xp 00000000 08:01 656484                     /usr/lib/jdk/jdk1.8.0_201/jre/lib/amd64/server/libjvm.so
7f48208bd000-7f4820abc000 ---p 00ce8000 08:01 656484                     /usr/lib/jdk/jdk1.8.0_201/jre/lib/amd64/server/libjvm.so
7f4820abc000-7f4820b52000 r--p 00ce7000 08:01 656484                     /usr/lib/jdk/jdk1.8.0_201/jre/lib/amd64/server/libjvm.so
7f4820b52000-7f4820b83000 rw-p 00d7d000 08:01 656484                     /usr/lib/jdk/jdk1.8.0_201/jre/lib/amd64/server/libjvm.so
7f4820b83000-7f4820bbe000 rw-p 00000000 00:00 0 
7f4820bbe000-7f4820d7e000 r-xp 00000000 08:01 658803                     /lib/x86_64-linux-gnu/libc-2.23.so
7f4820d7e000-7f4820f7e000 ---p 001c0000 08:01 658803                     /lib/x86_64-linux-gnu/libc-2.23.so
7f4820f7e000-7f4820f82000 r--p 001c0000 08:01 658803                     /lib/x86_64-linux-gnu/libc-2.23.so
7f4820f82000-7f4820f84000 rw-p 001c4000 08:01 658803                     /lib/x86_64-linux-gnu/libc-2.23.so
7f4820f84000-7f4820f88000 rw-p 00000000 00:00 0 
7f4820f88000-7f4820f8b000 r-xp 00000000 08:01 658827                     /lib/x86_64-linux-gnu/libdl-2.23.so
7f4820f8b000-7f482118a000 ---p 00003000 08:01 658827                     /lib/x86_64-linux-gnu/libdl-2.23.so
7f482118a000-7f482118b000 r--p 00002000 08:01 658827                     /lib/x86_64-linux-gnu/libdl-2.23.so
7f482118b000-7f482118c000 rw-p 00003000 08:01 658827                     /lib/x86_64-linux-gnu/libdl-2.23.so
7f482118c000-7f48211a3000 r-xp 00000000 08:01 656155                     /usr/lib/jdk/jdk1.8.0_201/lib/amd64/jli/libjli.so
7f48211a3000-7f48213a2000 ---p 00017000 08:01 656155                     /usr/lib/jdk/jdk1.8.0_201/lib/amd64/jli/libjli.so
7f48213a2000-7f48213a3000 r--p 00016000 08:01 656155                     /usr/lib/jdk/jdk1.8.0_201/lib/amd64/jli/libjli.so
7f48213a3000-7f48213a4000 rw-p 00017000 08:01 656155                     /usr/lib/jdk/jdk1.8.0_201/lib/amd64/jli/libjli.so
7f48213a4000-7f48213bc000 r-xp 00000000 08:01 658949                     /lib/x86_64-linux-gnu/libpthread-2.23.so
7f48213bc000-7f48215bb000 ---p 00018000 08:01 658949                     /lib/x86_64-linux-gnu/libpthread-2.23.so
7f48215bb000-7f48215bc000 r--p 00017000 08:01 658949                     /lib/x86_64-linux-gnu/libpthread-2.23.so
7f48215bc000-7f48215bd000 rw-p 00018000 08:01 658949                     /lib/x86_64-linux-gnu/libpthread-2.23.so
7f48215bd000-7f48215c1000 rw-p 00000000 00:00 0 
7f48215c1000-7f48215e7000 r-xp 00000000 08:01 658775                     /lib/x86_64-linux-gnu/ld-2.23.so
7f48215f2000-7f48215fc000 r--s 00116000 08:01 656361                     /usr/lib/jdk/jdk1.8.0_201/jre/lib/ext/localedata.jar
7f48215fc000-7f482160b000 r--s 000ad000 08:01 420845                     /home/hewitt/work/DiffTGen-master/output/patch1-Math-80-Jaid-plausible/Math_80_1-plausible_jaid/target/build/classes/all0.jar
7f482160b000-7f48216c9000 rw-p 00000000 00:00 0 
7f48216c9000-7f48216cc000 ---p 00000000 00:00 0 
7f48216cc000-7f48217cf000 rw-p 00000000 00:00 0 
7f48217cf000-7f48217d3000 r--s 000a1000 08:01 656350                     /usr/lib/jdk/jdk1.8.0_201/jre/lib/jsse.jar
7f48217d3000-7f48217db000 r--s 0006e000 08:01 398946                     /home/hewitt/work/DiffTGen-master/lib/commons-lang3-3.5.jar
7f48217db000-7f48217dc000 r--s 00000000 08:01 398951                     /home/hewitt/work/DiffTGen-master/lib/myprinter.jar
7f48217dc000-7f48217e4000 rw-s 00000000 08:01 152999                     /tmp/hsperfdata_hewitt/125076
7f48217e4000-7f48217e5000 rw-p 00000000 00:00 0 
7f48217e5000-7f48217e6000 ---p 00000000 00:00 0 
7f48217e6000-7f48217e7000 r--p 00025000 08:01 658775                     /lib/x86_64-linux-gnu/ld-2.23.so
7f48217e7000-7f48217e8000 rw-p 00026000 08:01 658775                     /lib/x86_64-linux-gnu/ld-2.23.so
7f48217e8000-7f48217e9000 rw-p 00000000 00:00 0 
7ffd14b59000-7ffd14b7b000 rw-p 00000000 00:00 0                          [stack]
7ffd14bf2000-7ffd14bf5000 r--p 00000000 00:00 0                          [vvar]
7ffd14bf5000-7ffd14bf7000 r-xp 00000000 00:00 0                          [vdso]
ffffffffff600000-ffffffffff601000 r-xp 00000000 00:00 0                  [vsyscall]

VM Arguments:
java_command: /home/hewitt/work/DiffTGen-master/lib/evosuite-1.0.6.jar -base_dir /home/hewitt/work/DiffTGen-master/output/patch1-Math-80-Jaid-plausible/Math_80_1-plausible_jaid/target/0/13 -projectCP /home/hewitt/work/DiffTGen-master/output/patch1-Math-80-Jaid-plausible/Math_80_1-plausible_jaid/target/build/classes/all0.jar:/home/hewitt/work/DiffTGen-master/lib/myprinter.jar:/home/hewitt/work/DiffTGen-master/lib/commons-lang3-3.5.jar -class org.apache.commons.math.linear.EigenDecompositionImpl -Dassertions=false -Dsearch_budget=60
java_class_path (initial): /home/hewitt/work/DiffTGen-master/lib/evosuite-1.0.6.jar
Launcher Type: SUN_STANDARD

Environment Variables:
JAVA_HOME=/usr/lib/jdk/jdk1.8.0_201
JRE_HOME=/usr/lib/jdk/jdk1.8.0_201/jre
CLASSPATH=.:/usr/lib/jdk/jdk1.8.0_201/lib:/usr/lib/jdk/jdk1.8.0_201/jre/lib
PATH=/usr/lib/jdk/jdk1.8.0_201/bin:/home/hewitt/bin:/home/hewitt/.local/bin:/usr/lib/jdk/jdk1.7.0_80/bin:/usr/local/sbin:/usr/local/bin:/usr/sbin:/usr/bin:/sbin:/bin:/usr/games:/usr/local/games:/snap/bin:/home/hewitt/work/defects4j_v1.4.0/defects4j/framework/bin:/opt/apache-ant-1.9.14/bin:/home/hewitt/work/defects4j_v1.4.0/defects4j/framework/bin
SHELL=/bin/bash
DISPLAY=:0

Signal Handlers:
SIGSEGV: [libjvm.so+0xad3e60], sa_mask[0]=11111111011111111101111111111110, sa_flags=SA_RESTART|SA_SIGINFO
SIGBUS: [libjvm.so+0xad3e60], sa_mask[0]=11111111011111111101111111111110, sa_flags=SA_RESTART|SA_SIGINFO
SIGFPE: [libjvm.so+0x90b880], sa_mask[0]=11111111011111111101111111111110, sa_flags=SA_RESTART|SA_SIGINFO
SIGPIPE: [libjvm.so+0x90b880], sa_mask[0]=11111111011111111101111111111110, sa_flags=SA_RESTART|SA_SIGINFO
SIGXFSZ: [libjvm.so+0x90b880], sa_mask[0]=11111111011111111101111111111110, sa_flags=SA_RESTART|SA_SIGINFO
SIGILL: [libjvm.so+0x90b880], sa_mask[0]=11111111011111111101111111111110, sa_flags=SA_RESTART|SA_SIGINFO
SIGUSR1: SIG_DFL, sa_mask[0]=00000000000000000000000000000000, sa_flags=none
SIGUSR2: [libjvm.so+0x90b750], sa_mask[0]=00100000000000000000000000000000, sa_flags=SA_RESTART|SA_SIGINFO
SIGHUP: [libjvm.so+0x90bd70], sa_mask[0]=11111111011111111101111111111110, sa_flags=SA_RESTART|SA_SIGINFO
SIGINT: [libjvm.so+0x90bd70], sa_mask[0]=11111111011111111101111111111110, sa_flags=SA_RESTART|SA_SIGINFO
SIGTERM: [libjvm.so+0x90bd70], sa_mask[0]=11111111011111111101111111111110, sa_flags=SA_RESTART|SA_SIGINFO
SIGQUIT: [libjvm.so+0x90bd70], sa_mask[0]=11111111011111111101111111111110, sa_flags=SA_RESTART|SA_SIGINFO


---------------  S Y S T E M  ---------------

OS:DISTRIB_ID=Ubuntu
DISTRIB_RELEASE=16.04
DISTRIB_CODENAME=xenial
DISTRIB_DESCRIPTION="Ubuntu 16.04.6 LTS"

uname:Linux 4.15.0-91-generic #92~16.04.1-Ubuntu SMP Fri Feb 28 14:57:22 UTC 2020 x86_64
libc:glibc 2.23 NPTL 2.23 
rlimit: STACK 8192k, CORE 0k, NPROC 15448, NOFILE 1048576, AS infinity
load average:15.48 12.99 14.39

/proc/meminfo:
MemTotal:        4015928 kB
MemFree:           87360 kB
MemAvailable:          0 kB
Buffers:             352 kB
Cached:            29920 kB
SwapCached:        10280 kB
Active:          2904524 kB
Inactive:         588176 kB
Active(anon):    2887668 kB
Inactive(anon):   577468 kB
Active(file):      16856 kB
Inactive(file):    10708 kB
Unevictable:          48 kB
Mlocked:              48 kB
SwapTotal:        998396 kB
SwapFree:           4804 kB
Dirty:                 0 kB
Writeback:          5612 kB
AnonPages:       3452936 kB
Mapped:            23660 kB
Shmem:              2212 kB
Slab:              92288 kB
SReclaimable:      33716 kB
SUnreclaim:        58572 kB
KernelStack:       14976 kB
PageTables:        41376 kB
NFS_Unstable:          0 kB
Bounce:                0 kB
WritebackTmp:          0 kB
CommitLimit:     3006360 kB
Committed_AS:    8555944 kB
VmallocTotal:   34359738367 kB
VmallocUsed:           0 kB
VmallocChunk:          0 kB
HardwareCorrupted:     0 kB
AnonHugePages:         0 kB
ShmemHugePages:        0 kB
ShmemPmdMapped:        0 kB
CmaTotal:              0 kB
CmaFree:               0 kB
HugePages_Total:       0
HugePages_Free:        0
HugePages_Rsvd:        0
HugePages_Surp:        0
Hugepagesize:       2048 kB
DirectMap4k:       98112 kB
DirectMap2M:     4096000 kB
DirectMap1G:     2097152 kB

container (cgroup) information:
container_type: cgroupv1
cpu_cpuset_cpus: 0-3
cpu_memory_nodes: 0
active_processor_count: 4
cpu_quota: -1
cpu_period: 100000
cpu_shares: -1
memory_limit_in_bytes: -1
memory_and_swap_limit_in_bytes: -2
memory_soft_limit_in_bytes: -1
memory_usage_in_bytes: 3575308288
memory_max_usage_in_bytes: 69316608


CPU:total 4 (initial active 4) (2 cores per cpu, 1 threads per core) family 6 model 158 stepping 9, cmov, cx8, fxsr, mmx, sse, sse2, sse3, ssse3, sse4.1, sse4.2, popcnt, avx, avx2, aes, clmul, erms, 3dnowpref, lzcnt, tsc, tscinvbit, bmi1, bmi2, adx

/proc/cpuinfo:
processor	: 0
vendor_id	: GenuineIntel
cpu family	: 6
model		: 158
model name	: Intel(R) Core(TM) i7-7700HQ CPU @ 2.80GHz
stepping	: 9
microcode	: 0xb4
cpu MHz		: 2808.002
cache size	: 6144 KB
physical id	: 0
siblings	: 2
core id		: 0
cpu cores	: 2
apicid		: 0
initial apicid	: 0
fpu		: yes
fpu_exception	: yes
cpuid level	: 22
wp		: yes
flags		: fpu vme de pse tsc msr pae mce cx8 apic sep mtrr pge mca cmov pat pse36 clflush mmx fxsr sse sse2 ss ht syscall nx pdpe1gb rdtscp lm constant_tsc arch_perfmon nopl xtopology tsc_reliable nonstop_tsc cpuid pni pclmulqdq ssse3 fma cx16 pcid sse4_1 sse4_2 x2apic movbe popcnt tsc_deadline_timer aes xsave avx f16c rdrand hypervisor lahf_lm abm 3dnowprefetch cpuid_fault invpcid_single pti ssbd ibrs ibpb stibp fsgsbase tsc_adjust bmi1 avx2 smep bmi2 invpcid mpx rdseed adx smap clflushopt xsaveopt xsavec xsaves arat md_clear flush_l1d arch_capabilities
bugs		: cpu_meltdown spectre_v1 spectre_v2 spec_store_bypass l1tf mds swapgs itlb_multihit
bogomips	: 5616.00
clflush size	: 64
cache_alignment	: 64
address sizes	: 43 bits physical, 48 bits virtual
power management:

processor	: 1
vendor_id	: GenuineIntel
cpu family	: 6
model		: 158
model name	: Intel(R) Core(TM) i7-7700HQ CPU @ 2.80GHz
stepping	: 9
microcode	: 0xb4
cpu MHz		: 2808.002
cache size	: 6144 KB
physical id	: 0
siblings	: 2
core id		: 1
cpu cores	: 2
apicid		: 1
initial apicid	: 1
fpu		: yes
fpu_exception	: yes
cpuid level	: 22
wp		: yes
flags		: fpu vme de pse tsc msr pae mce cx8 apic sep mtrr pge mca cmov pat pse36 clflush mmx fxsr sse sse2 ss ht syscall nx pdpe1gb rdtscp lm constant_tsc arch_perfmon nopl xtopology tsc_reliable nonstop_tsc cpuid pni pclmulqdq ssse3 fma cx16 pcid sse4_1 sse4_2 x2apic movbe popcnt tsc_deadline_timer aes xsave avx f16c rdrand hypervisor lahf_lm abm 3dnowprefetch cpuid_fault invpcid_single pti ssbd ibrs ibpb stibp fsgsbase tsc_adjust bmi1 avx2 smep bmi2 invpcid mpx rdseed adx smap clflushopt xsaveopt xsavec xsaves arat md_clear flush_l1d arch_capabilities
bugs		: cpu_meltdown spectre_v1 spectre_v2 spec_store_bypass l1tf mds swapgs itlb_multihit
bogomips	: 5616.00
clflush size	: 64
cache_alignment	: 64
address sizes	: 43 bits physical, 48 bits virtual
power management:

processor	: 2
vendor_id	: GenuineIntel
cpu family	: 6
model		: 158
model name	: Intel(R) Core(TM) i7-7700HQ CPU @ 2.80GHz
stepping	: 9
microcode	: 0xb4
cpu MHz		: 2808.002
cache size	: 6144 KB
physical id	: 1
siblings	: 2
core id		: 0
cpu cores	: 2
apicid		: 2
initial apicid	: 2
fpu		: yes
fpu_exception	: yes
cpuid level	: 22
wp		: yes
flags		: fpu vme de pse tsc msr pae mce cx8 apic sep mtrr pge mca cmov pat pse36 clflush mmx fxsr sse sse2 ss ht syscall nx pdpe1gb rdtscp lm constant_tsc arch_perfmon nopl xtopology tsc_reliable nonstop_tsc cpuid pni pclmulqdq ssse3 fma cx16 pcid sse4_1 sse4_2 x2apic movbe popcnt tsc_deadline_timer aes xsave avx f16c rdrand hypervisor lahf_lm abm 3dnowprefetch cpuid_fault invpcid_single pti ssbd ibrs ibpb stibp fsgsbase tsc_adjust bmi1 avx2 smep bmi2 invpcid mpx rdseed adx smap clflushopt xsaveopt xsavec xsaves arat md_clear flush_l1d arch_capabilities
bugs		: cpu_meltdown spectre_v1 spectre_v2 spec_store_bypass l1tf mds swapgs itlb_multihit
bogomips	: 5616.00
clflush size	: 64
cache_alignment	: 64
address sizes	: 43 bits physical, 48 bits virtual
power management:

processor	: 3
vendor_id	: GenuineIntel
cpu family	: 6
model		: 158
model name	: Intel(R) Core(TM) i7-7700HQ CPU @ 2.80GHz
stepping	: 9
microcode	: 0xb4
cpu MHz		: 2808.002
cache size	: 6144 KB
physical id	: 1
siblings	: 2
core id		: 1
cpu cores	: 2
apicid		: 3
initial apicid	: 3
fpu		: yes
fpu_exception	: yes
cpuid level	: 22
wp		: yes
flags		: fpu vme de pse tsc msr pae mce cx8 apic sep mtrr pge mca cmov pat pse36 clflush mmx fxsr sse sse2 ss ht syscall nx pdpe1gb rdtscp lm constant_tsc arch_perfmon nopl xtopology tsc_reliable nonstop_tsc cpuid pni pclmulqdq ssse3 fma cx16 pcid sse4_1 sse4_2 x2apic movbe popcnt tsc_deadline_timer aes xsave avx f16c rdrand hypervisor lahf_lm abm 3dnowprefetch cpuid_fault invpcid_single pti ssbd ibrs ibpb stibp fsgsbase tsc_adjust bmi1 avx2 smep bmi2 invpcid mpx rdseed adx smap clflushopt xsaveopt xsavec xsaves arat md_clear flush_l1d arch_capabilities
bugs		: cpu_meltdown spectre_v1 spectre_v2 spec_store_bypass l1tf mds swapgs itlb_multihit
bogomips	: 5616.00
clflush size	: 64
cache_alignment	: 64
address sizes	: 43 bits physical, 48 bits virtual
power management:



Memory: 4k page, physical 4015928k(87360k free), swap 998396k(4804k free)

vm_info: Java HotSpot(TM) 64-Bit Server VM (25.201-b09) for linux-amd64 JRE (1.8.0_201-b09), built on Dec 15 2018 11:35:59 by "java_re" with gcc 7.3.0

time: Sun Mar 29 08:38:59 2020
timezone: CST
elapsed time: 35 seconds (0d 0h 0m 35s)

