#
# There is insufficient memory for the Java Runtime Environment to continue.
# Native memory allocation (mmap) failed to map 120586240 bytes for committing reserved memory.
# Possible reasons:
#   The system is out of physical RAM or swap space
#   The process is running with CompressedOops enabled, and the Java Heap may be blocking the growth of the native heap
# Possible solutions:
#   Reduce memory load on the system
#   Increase physical memory or swap space
#   Check if swap backing store is full
#   Decrease Java heap size (-Xmx/-Xms)
#   Decrease number of Java threads
#   Decrease Java thread stack sizes (-Xss)
#   Set larger code cache with -XX:ReservedCodeCacheSize=
#   JVM is running with Unscaled Compressed Oops mode in which the Java heap is
#     placed in the first 4GB address space. The Java Heap base address is the
#     maximum limit for the native heap growth. Please use -XX:HeapBaseMinAddress
#     to set the Java Heap base and to place the Java Heap above 4GB virtual address.
# This output file may be truncated or incomplete.
#
#  Out of Memory Error (os_linux.cpp:2749), pid=112605, tid=0x00007ff070402700
#
# JRE version: Java(TM) SE Runtime Environment (8.0_201-b09) (build 1.8.0_201-b09)
# Java VM: Java HotSpot(TM) 64-Bit Server VM (25.201-b09 mixed mode linux-amd64 compressed oops)
# Failed to write core dump. Core dumps have been disabled. To enable core dumping, try "ulimit -c unlimited" before starting Java again
#

---------------  T H R E A D  ---------------

Current thread (0x00007ff084140000):  VMThread [stack: 0x00007ff070302000,0x00007ff070403000] [id=112622]

Stack: [0x00007ff070302000,0x00007ff070403000],  sp=0x00007ff070401450,  free space=1021k
Native frames: (J=compiled Java code, j=interpreted, Vv=VM code, C=native code)
V  [libjvm.so+0xad3525]  VMError::report_and_die()+0x2e5
V  [libjvm.so+0x4e0457]  report_vm_out_of_memory(char const*, int, unsigned long, VMErrorType, char const*)+0x67
V  [libjvm.so+0x9102f0]  os::pd_commit_memory(char*, unsigned long, unsigned long, bool)+0x100
V  [libjvm.so+0x90791f]  os::commit_memory(char*, unsigned long, unsigned long, bool)+0x1f
V  [libjvm.so+0x98c806]  PSVirtualSpace::expand_by(unsigned long)+0x56
V  [libjvm.so+0x98da98]  PSYoungGen::resize(unsigned long, unsigned long)+0xd8
V  [libjvm.so+0x98a236]  PSScavenge::invoke_no_policy()+0x1376
V  [libjvm.so+0x98a5cc]  PSScavenge::invoke()+0x4c
V  [libjvm.so+0x93a318]  ParallelScavengeHeap::failed_mem_allocate(unsigned long)+0x68
V  [libjvm.so+0xad5073]  VM_ParallelGCFailedAllocation::doit()+0x93
V  [libjvm.so+0xada296]  VM_Operation::evaluate()+0x46
V  [libjvm.so+0xad85cd]  VMThread::evaluate_operation(VM_Operation*) [clone .constprop.44]+0xcd
V  [libjvm.so+0xad8bb3]  VMThread::loop()+0x3a3
V  [libjvm.so+0xad8f88]  VMThread::run()+0x78
V  [libjvm.so+0x90d922]  java_start(Thread*)+0x102

VM_Operation (0x00007ff0519dddf0): ParallelGCFailedAllocation, mode: safepoint, requested by thread 0x00007ff024001000


---------------  P R O C E S S  ---------------

Java Threads: ( => current thread )
  0x00007ff024002800 JavaThread "RMI TCP Connection(idle)" daemon [_thread_blocked, id=113098, stack(0x00007ff0515e0000,0x00007ff0516e1000)]
  0x00007ff024001000 JavaThread "RMI TCP Connection(2)-127.0.0.1" daemon [_thread_blocked, id=113042, stack(0x00007ff0518e1000,0x00007ff0519e2000)]
  0x00007feffc038000 JavaThread "RMI Scheduler(0)" daemon [_thread_blocked, id=113039, stack(0x00007ff0519e2000,0x00007ff051ae3000)]
  0x00007feffc030800 JavaThread "RMI RenewClean-[127.0.0.1:9517]" daemon [_thread_blocked, id=113017, stack(0x00007ff051ae3000,0x00007ff051be4000)]
  0x00007ff020001000 JavaThread "RMI TCP Connection(4)-127.0.0.1" daemon [_thread_blocked, id=113002, stack(0x00007ff051be4000,0x00007ff051ce5000)]
  0x00007ff010005000 JavaThread "pool-3-thread-3" [_thread_in_native, id=112967, stack(0x00007ff051ce5000,0x00007ff051de6000)]
  0x00007ff010003000 JavaThread "pool-3-thread-2" [_thread_in_native, id=112966, stack(0x00007ff051de6000,0x00007ff051ee7000)]
  0x00007ff010002000 JavaThread "pool-3-thread-1" [_thread_in_native, id=112963, stack(0x00007ff051ee7000,0x00007ff051fe8000)]
  0x00007ff0841ff800 JavaThread "Thread-3" [_thread_in_native, id=112830, stack(0x00007ff051fe8000,0x00007ff0520e9000)]
  0x00007ff0841fd800 JavaThread "Thread-2" [_thread_in_native, id=112827, stack(0x00007ff0520e9000,0x00007ff0521ea000)]
  0x00007ff0841a4800 JavaThread "process reaper" daemon [_thread_in_native, id=112806, stack(0x00007ff07004e000,0x00007ff070087000)]
  0x00007ff0843af000 JavaThread "pool-2-thread-1" [_thread_in_native, id=112771, stack(0x00007ff0521ea000,0x00007ff0522eb000)]
  0x00007ff0843ac800 JavaThread "GC Daemon" daemon [_thread_blocked, id=112764, stack(0x00007ff0522eb000,0x00007ff0523ec000)]
  0x00007ff0843aa000 JavaThread "RMI Reaper" [_thread_blocked, id=112753, stack(0x00007ff0523ec000,0x00007ff0524ed000)]
  0x00007ff0843a1000 JavaThread "RMI TCP Accept-12423" daemon [_thread_in_native, id=112750, stack(0x00007ff0524ed000,0x00007ff0525ee000)]
  0x00007ff08439b800 JavaThread "RMI TCP Accept-2772" daemon [_thread_in_native, id=112741, stack(0x00007ff0525ee000,0x00007ff0526ef000)]
  0x00007ff0842e2800 JavaThread "logback-3" daemon [_thread_blocked, id=112729, stack(0x00007ff0528ef000,0x00007ff0529f0000)]
  0x00007ff0842de800 JavaThread "logback-2" daemon [_thread_blocked, id=112728, stack(0x00007ff0529f0000,0x00007ff052af1000)]
  0x00007ff0842dd000 JavaThread "logback-1" daemon [_thread_blocked, id=112723, stack(0x00007ff052af1000,0x00007ff052bf2000)]
  0x00007ff084189000 JavaThread "Service Thread" daemon [_thread_blocked, id=112658, stack(0x00007ff05313c000,0x00007ff05323d000)]
  0x00007ff084186000 JavaThread "C1 CompilerThread2" daemon [_thread_blocked, id=112656, stack(0x00007ff05323d000,0x00007ff05333e000)]
  0x00007ff084184800 JavaThread "C2 CompilerThread1" daemon [_thread_blocked, id=112654, stack(0x00007ff05333e000,0x00007ff05343f000)]
  0x00007ff084181800 JavaThread "C2 CompilerThread0" daemon [_thread_blocked, id=112651, stack(0x00007ff05343f000,0x00007ff053540000)]
  0x00007ff084180000 JavaThread "Signal Dispatcher" daemon [_thread_blocked, id=112644, stack(0x00007ff053540000,0x00007ff053641000)]
  0x00007ff08414c000 JavaThread "Finalizer" daemon [_thread_blocked, id=112628, stack(0x00007ff070100000,0x00007ff070201000)]
  0x00007ff084149800 JavaThread "Reference Handler" daemon [_thread_blocked, id=112626, stack(0x00007ff070201000,0x00007ff070302000)]
  0x00007ff08400a800 JavaThread "main" [_thread_in_native, id=112607, stack(0x00007ff08a7a9000,0x00007ff08a8aa000)]

Other Threads:
=>0x00007ff084140000 VMThread [stack: 0x00007ff070302000,0x00007ff070403000] [id=112622]
  0x00007ff08418b800 WatcherThread [stack: 0x00007ff05303b000,0x00007ff05313c000] [id=112661]

VM state:at safepoint (normal execution)

VM Mutex/Monitor currently owned by a thread:  ([mutex/lock_event])
[0x00007ff084007070] Threads_lock - owner thread: 0x00007ff084140000
[0x00007ff084007570] Heap_lock - owner thread: 0x00007ff024001000

heap address: 0x00000000c2a00000, size: 982 MB, Compressed Oops mode: 32-bit
Narrow klass base: 0x0000000000000000, Narrow klass shift: 3
Compressed class space size: 1073741824 Address: 0x0000000100000000

Heap:
 PSYoungGen      total 128000K, used 9220K [0x00000000eb900000, 0x00000000f4200000, 0x0000000100000000)
  eden space 118272K, 0% used [0x00000000eb900000,0x00000000eb900000,0x00000000f2c80000)
  from space 9728K, 94% used [0x00000000f2c80000,0x00000000f3581278,0x00000000f3600000)
  to   space 7168K, 0% used [0x00000000f3600000,0x00000000f3600000,0x00000000f3d00000)
 ParOldGen       total 42496K, used 15485K [0x00000000c2a00000, 0x00000000c5380000, 0x00000000eb900000)
  object space 42496K, 36% used [0x00000000c2a00000,0x00000000c391f458,0x00000000c5380000)
 Metaspace       used 14935K, capacity 15410K, committed 15616K, reserved 1062912K
  class space    used 1640K, capacity 1779K, committed 1792K, reserved 1048576K

Card table byte_map: [0x00007ff074201000,0x00007ff0743ed000] byte_map_base: 0x00007ff073bec000

Marking Bits: (ParMarkBitMap*) 0x00007ff089c80d80
 Begin Bits: [0x00007ff071f4d000, 0x00007ff072ea5000)
 End Bits:   [0x00007ff072ea5000, 0x00007ff073dfd000)

Polling page: 0x00007ff08a8c5000

CodeCache: size=245760Kb used=8535Kb max_used=8552Kb free=237224Kb
 bounds [0x00007ff0747ad000, 0x00007ff07500d000, 0x00007ff0837ad000]
 total_blobs=2497 nmethods=2147 adapters=263
 compilation: enabled

Compilation events (10 events):
Event: 78.732 Thread 0x00007ff084186000 2191   !   3       sun.reflect.GeneratedSerializationConstructorAccessor76::newInstance (49 bytes)
Event: 78.732 Thread 0x00007ff084186000 nmethod 2191 0x00007ff075006650 code [0x00007ff075006800, 0x00007ff075006c48]
Event: 78.732 Thread 0x00007ff084186000 2192       3       org.evosuite.testcase.statements.StringPrimitiveStatement::readObject (16 bytes)
Event: 78.733 Thread 0x00007ff084186000 nmethod 2192 0x00007ff075005fd0 code [0x00007ff075006160, 0x00007ff075006538]
Event: 80.114 Thread 0x00007ff084184800 2193   !   4       sun.reflect.GeneratedSerializationConstructorAccessor60::newInstance (49 bytes)
Event: 80.115 Thread 0x00007ff084184800 nmethod 2193 0x00007ff074fd0cd0 code [0x00007ff074fd0e40, 0x00007ff074fd0f78]
Event: 80.115 Thread 0x00007ff084186000 2194   !   3       sun.reflect.GeneratedMethodAccessor13::invoke (66 bytes)
Event: 80.117 Thread 0x00007ff084186000 nmethod 2194 0x00007ff07500bd90 code [0x00007ff07500bfa0, 0x00007ff07500ca28]
Event: 80.333 Thread 0x00007ff084186000 2195       3       org.evosuite.ga.Chromosome::getFitnessInstanceOf (60 bytes)
Event: 80.334 Thread 0x00007ff084186000 nmethod 2195 0x00007ff07500a590 code [0x00007ff07500a7e0, 0x00007ff07500b798]

GC Heap History (10 events):
Event: 37.388 GC heap after
Heap after GC invocations=5 (full 1):
 PSYoungGen      total 34304K, used 2534K [0x00000000eb900000, 0x00000000edd00000, 0x0000000100000000)
  eden space 31744K, 0% used [0x00000000eb900000,0x00000000eb900000,0x00000000ed800000)
  from space 2560K, 98% used [0x00000000eda80000,0x00000000edcf9820,0x00000000edd00000)
  to   space 2560K, 0% used [0x00000000ed800000,0x00000000ed800000,0x00000000eda80000)
 ParOldGen       total 42496K, used 5739K [0x00000000c2a00000, 0x00000000c5380000, 0x00000000eb900000)
  object space 42496K, 13% used [0x00000000c2a00000,0x00000000c2f9ad08,0x00000000c5380000)
 Metaspace       used 13645K, capacity 13990K, committed 14080K, reserved 1060864K
  class space    used 1585K, capacity 1703K, committed 1792K, reserved 1048576K
}
Event: 39.283 GC heap before
{Heap before GC invocations=6 (full 1):
 PSYoungGen      total 34304K, used 34278K [0x00000000eb900000, 0x00000000edd00000, 0x0000000100000000)
  eden space 31744K, 100% used [0x00000000eb900000,0x00000000ed800000,0x00000000ed800000)
  from space 2560K, 98% used [0x00000000eda80000,0x00000000edcf9820,0x00000000edd00000)
  to   space 2560K, 0% used [0x00000000ed800000,0x00000000ed800000,0x00000000eda80000)
 ParOldGen       total 42496K, used 5739K [0x00000000c2a00000, 0x00000000c5380000, 0x00000000eb900000)
  object space 42496K, 13% used [0x00000000c2a00000,0x00000000c2f9ad08,0x00000000c5380000)
 Metaspace       used 13733K, capacity 14118K, committed 14336K, reserved 1062912K
  class space    used 1585K, capacity 1703K, committed 1792K, reserved 1048576K
Event: 39.301 GC heap after
Heap after GC invocations=6 (full 1):
 PSYoungGen      total 34304K, used 2535K [0x00000000eb900000, 0x00000000efc00000, 0x0000000100000000)
  eden space 31744K, 0% used [0x00000000eb900000,0x00000000eb900000,0x00000000ed800000)
  from space 2560K, 99% used [0x00000000ed800000,0x00000000eda79f88,0x00000000eda80000)
  to   space 2560K, 0% used [0x00000000ef980000,0x00000000ef980000,0x00000000efc00000)
 ParOldGen       total 42496K, used 8119K [0x00000000c2a00000, 0x00000000c5380000, 0x00000000eb900000)
  object space 42496K, 19% used [0x00000000c2a00000,0x00000000c31ede28,0x00000000c5380000)
 Metaspace       used 13733K, capacity 14118K, committed 14336K, reserved 1062912K
  class space    used 1585K, capacity 1703K, committed 1792K, reserved 1048576K
}
Event: 39.705 GC heap before
{Heap before GC invocations=7 (full 1):
 PSYoungGen      total 34304K, used 34279K [0x00000000eb900000, 0x00000000efc00000, 0x0000000100000000)
  eden space 31744K, 100% used [0x00000000eb900000,0x00000000ed800000,0x00000000ed800000)
  from space 2560K, 99% used [0x00000000ed800000,0x00000000eda79f88,0x00000000eda80000)
  to   space 2560K, 0% used [0x00000000ef980000,0x00000000ef980000,0x00000000efc00000)
 ParOldGen       total 42496K, used 8119K [0x00000000c2a00000, 0x00000000c5380000, 0x00000000eb900000)
  object space 42496K, 19% used [0x00000000c2a00000,0x00000000c31ede28,0x00000000c5380000)
 Metaspace       used 13780K, capacity 14182K, committed 14336K, reserved 1062912K
  class space    used 1585K, capacity 1703K, committed 1792K, reserved 1048576K
Event: 39.719 GC heap after
Heap after GC invocations=7 (full 1):
 PSYoungGen      total 62976K, used 2560K [0x00000000eb900000, 0x00000000f0200000, 0x0000000100000000)
  eden space 60416K, 0% used [0x00000000eb900000,0x00000000eb900000,0x00000000ef400000)
  from space 2560K, 100% used [0x00000000ef980000,0x00000000efc00000,0x00000000efc00000)
  to   space 5632K, 0% used [0x00000000ef400000,0x00000000ef400000,0x00000000ef980000)
 ParOldGen       total 42496K, used 10015K [0x00000000c2a00000, 0x00000000c5380000, 0x00000000eb900000)
  object space 42496K, 23% used [0x00000000c2a00000,0x00000000c33c7f70,0x00000000c5380000)
 Metaspace       used 13780K, capacity 14182K, committed 14336K, reserved 1062912K
  class space    used 1585K, capacity 1703K, committed 1792K, reserved 1048576K
}
Event: 40.587 GC heap before
{Heap before GC invocations=8 (full 1):
 PSYoungGen      total 62976K, used 62976K [0x00000000eb900000, 0x00000000f0200000, 0x0000000100000000)
  eden space 60416K, 100% used [0x00000000eb900000,0x00000000ef400000,0x00000000ef400000)
  from space 2560K, 100% used [0x00000000ef980000,0x00000000efc00000,0x00000000efc00000)
  to   space 5632K, 0% used [0x00000000ef400000,0x00000000ef400000,0x00000000ef980000)
 ParOldGen       total 42496K, used 10015K [0x00000000c2a00000, 0x00000000c5380000, 0x00000000eb900000)
  object space 42496K, 23% used [0x00000000c2a00000,0x00000000c33c7f70,0x00000000c5380000)
 Metaspace       used 13862K, capacity 14246K, committed 14336K, reserved 1062912K
  class space    used 1585K, capacity 1703K, committed 1792K, reserved 1048576K
Event: 40.610 GC heap after
Heap after GC invocations=8 (full 1):
 PSYoungGen      total 66048K, used 5632K [0x00000000eb900000, 0x00000000f3d00000, 0x0000000100000000)
  eden space 60416K, 0% used [0x00000000eb900000,0x00000000eb900000,0x00000000ef400000)
  from space 5632K, 100% used [0x00000000ef400000,0x00000000ef980000,0x00000000ef980000)
  to   space 7168K, 0% used [0x00000000f3600000,0x00000000f3600000,0x00000000f3d00000)
 ParOldGen       total 42496K, used 11507K [0x00000000c2a00000, 0x00000000c5380000, 0x00000000eb900000)
  object space 42496K, 27% used [0x00000000c2a00000,0x00000000c353ced0,0x00000000c5380000)
 Metaspace       used 13862K, capacity 14246K, committed 14336K, reserved 1062912K
  class space    used 1585K, capacity 1703K, committed 1792K, reserved 1048576K
}
Event: 41.487 GC heap before
{Heap before GC invocations=9 (full 1):
 PSYoungGen      total 66048K, used 66048K [0x00000000eb900000, 0x00000000f3d00000, 0x0000000100000000)
  eden space 60416K, 100% used [0x00000000eb900000,0x00000000ef400000,0x00000000ef400000)
  from space 5632K, 100% used [0x00000000ef400000,0x00000000ef980000,0x00000000ef980000)
  to   space 7168K, 0% used [0x00000000f3600000,0x00000000f3600000,0x00000000f3d00000)
 ParOldGen       total 42496K, used 11507K [0x00000000c2a00000, 0x00000000c5380000, 0x00000000eb900000)
  object space 42496K, 27% used [0x00000000c2a00000,0x00000000c353ced0,0x00000000c5380000)
 Metaspace       used 14348K, capacity 14714K, committed 14848K, reserved 1062912K
  class space    used 1594K, capacity 1709K, committed 1792K, reserved 1048576K
Event: 41.566 GC heap after
Heap after GC invocations=9 (full 1):
 PSYoungGen      total 125440K, used 7140K [0x00000000eb900000, 0x00000000f4200000, 0x0000000100000000)
  eden space 118272K, 0% used [0x00000000eb900000,0x00000000eb900000,0x00000000f2c80000)
  from space 7168K, 99% used [0x00000000f3600000,0x00000000f3cf9278,0x00000000f3d00000)
  to   space 9728K, 0% used [0x00000000f2c80000,0x00000000f2c80000,0x00000000f3600000)
 ParOldGen       total 42496K, used 15021K [0x00000000c2a00000, 0x00000000c5380000, 0x00000000eb900000)
  object space 42496K, 35% used [0x00000000c2a00000,0x00000000c38ab458,0x00000000c5380000)
 Metaspace       used 14348K, capacity 14714K, committed 14848K, reserved 1062912K
  class space    used 1594K, capacity 1709K, committed 1792K, reserved 1048576K
}
Event: 80.348 GC heap before
{Heap before GC invocations=10 (full 1):
 PSYoungGen      total 125440K, used 125412K [0x00000000eb900000, 0x00000000f4200000, 0x0000000100000000)
  eden space 118272K, 100% used [0x00000000eb900000,0x00000000f2c80000,0x00000000f2c80000)
  from space 7168K, 99% used [0x00000000f3600000,0x00000000f3cf9278,0x00000000f3d00000)
  to   space 9728K, 0% used [0x00000000f2c80000,0x00000000f2c80000,0x00000000f3600000)
 ParOldGen       total 42496K, used 15021K [0x00000000c2a00000, 0x00000000c5380000, 0x00000000eb900000)
  object space 42496K, 35% used [0x00000000c2a00000,0x00000000c38ab458,0x00000000c5380000)
 Metaspace       used 14935K, capacity 15410K, committed 15616K, reserved 1062912K
  class space    used 1640K, capacity 1779K, committed 1792K, reserved 1048576K

Deoptimization events (10 events):
Event: 64.918 Thread 0x00007ff024001000 Uncommon trap: reason=predicate action=maybe_recompile pc=0x00007ff074fa37e4 method=java.io.ObjectInputStream.readArray(Z)Ljava/lang/Object; @ 406
Event: 64.990 Thread 0x00007ff024001000 Uncommon trap: reason=class_check action=maybe_recompile pc=0x00007ff074f9da1c method=java.lang.reflect.Array.newInstance(Ljava/lang/Class;I)Ljava/lang/Object; @ 2
Event: 65.014 Thread 0x00007ff024001000 Uncommon trap: reason=class_check action=maybe_recompile pc=0x00007ff074f9da1c method=java.lang.reflect.Array.newInstance(Ljava/lang/Class;I)Ljava/lang/Object; @ 2
Event: 65.014 Thread 0x00007ff024001000 Uncommon trap: reason=class_check action=maybe_recompile pc=0x00007ff074f9da1c method=java.lang.reflect.Array.newInstance(Ljava/lang/Class;I)Ljava/lang/Object; @ 2
Event: 65.014 Thread 0x00007ff024001000 Uncommon trap: reason=class_check action=maybe_recompile pc=0x00007ff074f9da1c method=java.lang.reflect.Array.newInstance(Ljava/lang/Class;I)Ljava/lang/Object; @ 2
Event: 68.555 Thread 0x00007ff024001000 Uncommon trap: reason=array_check action=maybe_recompile pc=0x00007ff074fb02a4 method=java.io.ObjectInputStream.readArray(Z)Ljava/lang/Object; @ 415
Event: 68.556 Thread 0x00007ff024001000 Uncommon trap: reason=array_check action=maybe_recompile pc=0x00007ff074fb02a4 method=java.io.ObjectInputStream.readArray(Z)Ljava/lang/Object; @ 415
Event: 68.556 Thread 0x00007ff024001000 Uncommon trap: reason=array_check action=maybe_recompile pc=0x00007ff074fb02a4 method=java.io.ObjectInputStream.readArray(Z)Ljava/lang/Object; @ 415
Event: 68.556 Thread 0x00007ff024001000 Uncommon trap: reason=array_check action=maybe_recompile pc=0x00007ff074fb02a4 method=java.io.ObjectInputStream.readArray(Z)Ljava/lang/Object; @ 415
Event: 68.842 Thread 0x00007ff024001000 Uncommon trap: reason=unstable_if action=reinterpret pc=0x00007ff074ed4630 method=java.io.ObjectInputStream$HandleTable.markDependency(II)V @ 140

Classes redefined (0 events):
No events

Internal exceptions (10 events):
Event: 43.939 Thread 0x00007ff0842dd000 Exception <a 'java/net/ConnectException'> (0x00000000ed076bb0) thrown at [/HUDSON/workspace/8-2-build-linux-amd64/jdk8u201/12317/hotspot/src/share/vm/prims/jni.cpp, line 709]
Event: 53.940 Thread 0x00007ff0842de800 Exception <a 'java/net/ConnectException'> (0x00000000ecef7040) thrown at [/HUDSON/workspace/8-2-build-linux-amd64/jdk8u201/12317/hotspot/src/share/vm/prims/jni.cpp, line 709]
Event: 53.940 Thread 0x00007ff0842e2800 Exception <a 'java/net/ConnectException'> (0x00000000ecfb72f0) thrown at [/HUDSON/workspace/8-2-build-linux-amd64/jdk8u201/12317/hotspot/src/share/vm/prims/jni.cpp, line 709]
Event: 53.940 Thread 0x00007ff0842dd000 Exception <a 'java/net/ConnectException'> (0x00000000ed0776d8) thrown at [/HUDSON/workspace/8-2-build-linux-amd64/jdk8u201/12317/hotspot/src/share/vm/prims/jni.cpp, line 709]
Event: 63.952 Thread 0x00007ff0842dd000 Exception <a 'java/net/ConnectException'> (0x00000000ed078200) thrown at [/HUDSON/workspace/8-2-build-linux-amd64/jdk8u201/12317/hotspot/src/share/vm/prims/jni.cpp, line 709]
Event: 63.962 Thread 0x00007ff0842de800 Exception <a 'java/net/ConnectException'> (0x00000000ecef7b68) thrown at [/HUDSON/workspace/8-2-build-linux-amd64/jdk8u201/12317/hotspot/src/share/vm/prims/jni.cpp, line 709]
Event: 63.971 Thread 0x00007ff0842e2800 Exception <a 'java/net/ConnectException'> (0x00000000ecfb7e18) thrown at [/HUDSON/workspace/8-2-build-linux-amd64/jdk8u201/12317/hotspot/src/share/vm/prims/jni.cpp, line 709]
Event: 73.955 Thread 0x00007ff0842dd000 Exception <a 'java/net/ConnectException'> (0x00000000ed078d28) thrown at [/HUDSON/workspace/8-2-build-linux-amd64/jdk8u201/12317/hotspot/src/share/vm/prims/jni.cpp, line 709]
Event: 73.963 Thread 0x00007ff0842de800 Exception <a 'java/net/ConnectException'> (0x00000000ecef8690) thrown at [/HUDSON/workspace/8-2-build-linux-amd64/jdk8u201/12317/hotspot/src/share/vm/prims/jni.cpp, line 709]
Event: 73.972 Thread 0x00007ff0842e2800 Exception <a 'java/net/ConnectException'> (0x00000000ecfb8940) thrown at [/HUDSON/workspace/8-2-build-linux-amd64/jdk8u201/12317/hotspot/src/share/vm/prims/jni.cpp, line 709]

Events (10 events):
Event: 80.116 Thread 0x00007ff084184800 flushing nmethod 0x00007ff0748b8f10
Event: 80.116 Thread 0x00007ff084184800 flushing nmethod 0x00007ff0748b9bd0
Event: 80.116 Thread 0x00007ff084184800 flushing nmethod 0x00007ff0748ba6d0
Event: 80.117 Thread 0x00007ff084184800 flushing nmethod 0x00007ff0748bc790
Event: 80.117 Thread 0x00007ff084184800 flushing nmethod 0x00007ff0748bd990
Event: 80.117 Thread 0x00007ff084184800 flushing nmethod 0x00007ff0748bdf50
Event: 80.117 Thread 0x00007ff084184800 flushing nmethod 0x00007ff0748c1f90
Event: 80.119 Thread 0x00007ff084184800 flushing nmethod 0x00007ff0748d6650
Event: 80.346 Thread 0x00007ff084186000 flushing nmethod 0x00007ff07491bf10
Event: 80.348 Executing VM operation: ParallelGCFailedAllocation


Dynamic libraries:
00400000-00401000 r-xp 00000000 08:01 654793                             /usr/lib/jdk/jdk1.8.0_201/bin/java
00600000-00601000 r--p 00000000 08:01 654793                             /usr/lib/jdk/jdk1.8.0_201/bin/java
00601000-00602000 rw-p 00001000 08:01 654793                             /usr/lib/jdk/jdk1.8.0_201/bin/java
01cdf000-01d00000 rw-p 00000000 00:00 0                                  [heap]
c2a00000-c5380000 rw-p 00000000 00:00 0 
c5380000-eb900000 ---p 00000000 00:00 0 
eb900000-f4200000 rw-p 00000000 00:00 0 
fb500000-100000000 ---p 00000000 00:00 0 
100000000-1001c0000 rw-p 00000000 00:00 0 
1001c0000-140000000 ---p 00000000 00:00 0 
7feff0000000-7feff0021000 rw-p 00000000 00:00 0 
7feff0021000-7feff4000000 ---p 00000000 00:00 0 
7feff4000000-7feff4439000 rw-p 00000000 00:00 0 
7feff4439000-7feff8000000 ---p 00000000 00:00 0 
7feff8000000-7feff8021000 rw-p 00000000 00:00 0 
7feff8021000-7feffc000000 ---p 00000000 00:00 0 
7feffc000000-7feffc03c000 rw-p 00000000 00:00 0 
7feffc03c000-7ff000000000 ---p 00000000 00:00 0 
7ff000000000-7ff000021000 rw-p 00000000 00:00 0 
7ff000021000-7ff004000000 ---p 00000000 00:00 0 
7ff004000000-7ff004021000 rw-p 00000000 00:00 0 
7ff004021000-7ff008000000 ---p 00000000 00:00 0 
7ff008000000-7ff008021000 rw-p 00000000 00:00 0 
7ff008021000-7ff00c000000 ---p 00000000 00:00 0 
7ff00c000000-7ff00c021000 rw-p 00000000 00:00 0 
7ff00c021000-7ff010000000 ---p 00000000 00:00 0 
7ff010000000-7ff010021000 rw-p 00000000 00:00 0 
7ff010021000-7ff014000000 ---p 00000000 00:00 0 
7ff014000000-7ff014021000 rw-p 00000000 00:00 0 
7ff014021000-7ff018000000 ---p 00000000 00:00 0 
7ff018000000-7ff018021000 rw-p 00000000 00:00 0 
7ff018021000-7ff01c000000 ---p 00000000 00:00 0 
7ff01c000000-7ff01c021000 rw-p 00000000 00:00 0 
7ff01c021000-7ff020000000 ---p 00000000 00:00 0 
7ff020000000-7ff020021000 rw-p 00000000 00:00 0 
7ff020021000-7ff024000000 ---p 00000000 00:00 0 
7ff024000000-7ff024021000 rw-p 00000000 00:00 0 
7ff024021000-7ff028000000 ---p 00000000 00:00 0 
7ff028000000-7ff028021000 rw-p 00000000 00:00 0 
7ff028021000-7ff02c000000 ---p 00000000 00:00 0 
7ff02c000000-7ff02c021000 rw-p 00000000 00:00 0 
7ff02c021000-7ff030000000 ---p 00000000 00:00 0 
7ff030000000-7ff030021000 rw-p 00000000 00:00 0 
7ff030021000-7ff034000000 ---p 00000000 00:00 0 
7ff034000000-7ff034021000 rw-p 00000000 00:00 0 
7ff034021000-7ff038000000 ---p 00000000 00:00 0 
7ff038fff000-7ff03c000000 rw-p 00000000 00:00 0 
7ff03c000000-7ff03c8b9000 rw-p 00000000 00:00 0 
7ff03c8b9000-7ff040000000 ---p 00000000 00:00 0 
7ff040000000-7ff040021000 rw-p 00000000 00:00 0 
7ff040021000-7ff044000000 ---p 00000000 00:00 0 
7ff044000000-7ff045538000 rw-p 00000000 00:00 0 
7ff045538000-7ff048000000 ---p 00000000 00:00 0 
7ff048000000-7ff048efa000 rw-p 00000000 00:00 0 
7ff048efa000-7ff04c000000 ---p 00000000 00:00 0 
7ff04c000000-7ff04c021000 rw-p 00000000 00:00 0 
7ff04c021000-7ff050000000 ---p 00000000 00:00 0 
7ff0513e0000-7ff051560000 rw-p 00000000 00:00 0 
7ff051560000-7ff0515e0000 ---p 00000000 00:00 0 
7ff0515e0000-7ff0515e3000 ---p 00000000 00:00 0 
7ff0515e3000-7ff0518e1000 rw-p 00000000 00:00 0 
7ff0518e1000-7ff0518e4000 ---p 00000000 00:00 0 
7ff0518e4000-7ff0519e2000 rw-p 00000000 00:00 0 
7ff0519e2000-7ff0519e5000 ---p 00000000 00:00 0 
7ff0519e5000-7ff051ae3000 rw-p 00000000 00:00 0 
7ff051ae3000-7ff051ae6000 ---p 00000000 00:00 0 
7ff051ae6000-7ff051be4000 rw-p 00000000 00:00 0 
7ff051be4000-7ff051be7000 ---p 00000000 00:00 0 
7ff051be7000-7ff051ce5000 rw-p 00000000 00:00 0 
7ff051ce5000-7ff051ce8000 ---p 00000000 00:00 0 
7ff051ce8000-7ff051de6000 rw-p 00000000 00:00 0 
7ff051de6000-7ff051de9000 ---p 00000000 00:00 0 
7ff051de9000-7ff051ee7000 rw-p 00000000 00:00 0 
7ff051ee7000-7ff051eea000 ---p 00000000 00:00 0 
7ff051eea000-7ff051fe8000 rw-p 00000000 00:00 0 
7ff051fe8000-7ff051feb000 ---p 00000000 00:00 0 
7ff051feb000-7ff0520e9000 rw-p 00000000 00:00 0 
7ff0520e9000-7ff0520ec000 ---p 00000000 00:00 0 
7ff0520ec000-7ff0521ea000 rw-p 00000000 00:00 0 
7ff0521ea000-7ff0521ed000 ---p 00000000 00:00 0 
7ff0521ed000-7ff0522eb000 rw-p 00000000 00:00 0 
7ff0522eb000-7ff0522ee000 ---p 00000000 00:00 0 
7ff0522ee000-7ff0523ec000 rw-p 00000000 00:00 0 
7ff0523ec000-7ff0523ef000 ---p 00000000 00:00 0 
7ff0523ef000-7ff0524ed000 rw-p 00000000 00:00 0 
7ff0524ed000-7ff0524f0000 ---p 00000000 00:00 0 
7ff0524f0000-7ff0525ee000 rw-p 00000000 00:00 0 
7ff0525ee000-7ff0525f1000 ---p 00000000 00:00 0 
7ff0525f1000-7ff0528ef000 rw-p 00000000 00:00 0 
7ff0528ef000-7ff0528f2000 ---p 00000000 00:00 0 
7ff0528f2000-7ff0529f0000 rw-p 00000000 00:00 0 
7ff0529f0000-7ff0529f3000 ---p 00000000 00:00 0 
7ff0529f3000-7ff052af1000 rw-p 00000000 00:00 0 
7ff052af1000-7ff052af4000 ---p 00000000 00:00 0 
7ff052af4000-7ff052bf2000 rw-p 00000000 00:00 0 
7ff052bf2000-7ff052c08000 r-xp 00000000 08:01 656512                     /usr/lib/jdk/jdk1.8.0_201/jre/lib/amd64/libnet.so
7ff052c08000-7ff052e08000 ---p 00016000 08:01 656512                     /usr/lib/jdk/jdk1.8.0_201/jre/lib/amd64/libnet.so
7ff052e08000-7ff052e09000 r--p 00016000 08:01 656512                     /usr/lib/jdk/jdk1.8.0_201/jre/lib/amd64/libnet.so
7ff052e09000-7ff052e0a000 rw-p 00017000 08:01 656512                     /usr/lib/jdk/jdk1.8.0_201/jre/lib/amd64/libnet.so
7ff052e0a000-7ff05303b000 r--s 01bb1000 08:01 403225                     /home/hewitt/work/DiffTGen-master/lib/evosuite-1.0.6.jar
7ff05303b000-7ff05303c000 ---p 00000000 00:00 0 
7ff05303c000-7ff05313c000 rw-p 00000000 00:00 0 
7ff05313c000-7ff05313f000 ---p 00000000 00:00 0 
7ff05313f000-7ff05323d000 rw-p 00000000 00:00 0 
7ff05323d000-7ff053240000 ---p 00000000 00:00 0 
7ff053240000-7ff05333e000 rw-p 00000000 00:00 0 
7ff05333e000-7ff053341000 ---p 00000000 00:00 0 
7ff053341000-7ff05343f000 rw-p 00000000 00:00 0 
7ff05343f000-7ff053442000 ---p 00000000 00:00 0 
7ff053442000-7ff053540000 rw-p 00000000 00:00 0 
7ff053540000-7ff053543000 ---p 00000000 00:00 0 
7ff053543000-7ff053641000 rw-p 00000000 00:00 0 
7ff053641000-7ff054000000 r--p 00000000 08:01 270368                     /usr/lib/locale/locale-archive
7ff054000000-7ff054021000 rw-p 00000000 00:00 0 
7ff054021000-7ff058000000 ---p 00000000 00:00 0 
7ff058000000-7ff058021000 rw-p 00000000 00:00 0 
7ff058021000-7ff05c000000 ---p 00000000 00:00 0 
7ff05c000000-7ff05c021000 rw-p 00000000 00:00 0 
7ff05c021000-7ff060000000 ---p 00000000 00:00 0 
7ff060000000-7ff06029b000 rw-p 00000000 00:00 0 
7ff06029b000-7ff064000000 ---p 00000000 00:00 0 
7ff064000000-7ff064021000 rw-p 00000000 00:00 0 
7ff064021000-7ff068000000 ---p 00000000 00:00 0 
7ff068000000-7ff068021000 rw-p 00000000 00:00 0 
7ff068021000-7ff06c000000 ---p 00000000 00:00 0 
7ff06c000000-7ff06c021000 rw-p 00000000 00:00 0 
7ff06c021000-7ff070000000 ---p 00000000 00:00 0 
7ff07004e000-7ff070051000 ---p 00000000 00:00 0 
7ff070051000-7ff070087000 rw-p 00000000 00:00 0 
7ff070087000-7ff070100000 r--s 010fd000 08:01 654900                     /usr/lib/jdk/jdk1.8.0_201/lib/tools.jar
7ff070100000-7ff070103000 ---p 00000000 00:00 0 
7ff070103000-7ff070201000 rw-p 00000000 00:00 0 
7ff070201000-7ff070204000 ---p 00000000 00:00 0 
7ff070204000-7ff070302000 rw-p 00000000 00:00 0 
7ff070302000-7ff070303000 ---p 00000000 00:00 0 
7ff070303000-7ff071312000 rw-p 00000000 00:00 0 
7ff071312000-7ff0714ec000 r--s 03d6f000 08:01 656293                     /usr/lib/jdk/jdk1.8.0_201/jre/lib/rt.jar
7ff0714ec000-7ff073dfd000 rw-p 00000000 00:00 0 
7ff073dfd000-7ff073dfe000 ---p 00000000 00:00 0 
7ff073dfe000-7ff073efe000 rw-p 00000000 00:00 0 
7ff073efe000-7ff073eff000 ---p 00000000 00:00 0 
7ff073eff000-7ff073fff000 rw-p 00000000 00:00 0 
7ff073fff000-7ff074000000 ---p 00000000 00:00 0 
7ff074000000-7ff074100000 rw-p 00000000 00:00 0 
7ff074100000-7ff074101000 ---p 00000000 00:00 0 
7ff074101000-7ff074216000 rw-p 00000000 00:00 0 
7ff074216000-7ff074348000 ---p 00000000 00:00 0 
7ff074348000-7ff07438d000 rw-p 00000000 00:00 0 
7ff07438d000-7ff0743ec000 ---p 00000000 00:00 0 
7ff0743ec000-7ff07440f000 rw-p 00000000 00:00 0 
7ff07440f000-7ff0747ad000 ---p 00000000 00:00 0 
7ff0747ad000-7ff07500d000 rwxp 00000000 00:00 0 
7ff07500d000-7ff0837ad000 ---p 00000000 00:00 0 
7ff0837ad000-7ff0837c8000 r-xp 00000000 08:01 656508                     /usr/lib/jdk/jdk1.8.0_201/jre/lib/amd64/libzip.so
7ff0837c8000-7ff0839c7000 ---p 0001b000 08:01 656508                     /usr/lib/jdk/jdk1.8.0_201/jre/lib/amd64/libzip.so
7ff0839c7000-7ff0839c8000 r--p 0001a000 08:01 656508                     /usr/lib/jdk/jdk1.8.0_201/jre/lib/amd64/libzip.so
7ff0839c8000-7ff0839c9000 rw-p 0001b000 08:01 656508                     /usr/lib/jdk/jdk1.8.0_201/jre/lib/amd64/libzip.so
7ff0839c9000-7ff0839d4000 r-xp 00000000 08:01 658902                     /lib/x86_64-linux-gnu/libnss_files-2.23.so
7ff0839d4000-7ff083bd3000 ---p 0000b000 08:01 658902                     /lib/x86_64-linux-gnu/libnss_files-2.23.so
7ff083bd3000-7ff083bd4000 r--p 0000a000 08:01 658902                     /lib/x86_64-linux-gnu/libnss_files-2.23.so
7ff083bd4000-7ff083bd5000 rw-p 0000b000 08:01 658902                     /lib/x86_64-linux-gnu/libnss_files-2.23.so
7ff083bd5000-7ff083bdb000 rw-p 00000000 00:00 0 
7ff083bdb000-7ff083be6000 r-xp 00000000 08:01 658912                     /lib/x86_64-linux-gnu/libnss_nis-2.23.so
7ff083be6000-7ff083de5000 ---p 0000b000 08:01 658912                     /lib/x86_64-linux-gnu/libnss_nis-2.23.so
7ff083de5000-7ff083de6000 r--p 0000a000 08:01 658912                     /lib/x86_64-linux-gnu/libnss_nis-2.23.so
7ff083de6000-7ff083de7000 rw-p 0000b000 08:01 658912                     /lib/x86_64-linux-gnu/libnss_nis-2.23.so
7ff083de7000-7ff083dfd000 r-xp 00000000 08:01 658896                     /lib/x86_64-linux-gnu/libnsl-2.23.so
7ff083dfd000-7ff083ffc000 ---p 00016000 08:01 658896                     /lib/x86_64-linux-gnu/libnsl-2.23.so
7ff083ffc000-7ff083ffd000 r--p 00015000 08:01 658896                     /lib/x86_64-linux-gnu/libnsl-2.23.so
7ff083ffd000-7ff083ffe000 rw-p 00016000 08:01 658896                     /lib/x86_64-linux-gnu/libnsl-2.23.so
7ff083ffe000-7ff084000000 rw-p 00000000 00:00 0 
7ff084000000-7ff0844bf000 rw-p 00000000 00:00 0 
7ff0844bf000-7ff088000000 ---p 00000000 00:00 0 
7ff08800b000-7ff088015000 r--s 00116000 08:01 656361                     /usr/lib/jdk/jdk1.8.0_201/jre/lib/ext/localedata.jar
7ff088015000-7ff08802a000 rw-p 00000000 00:00 0 
7ff08802a000-7ff08815d000 ---p 00000000 00:00 0 
7ff08815d000-7ff088165000 r-xp 00000000 08:01 658898                     /lib/x86_64-linux-gnu/libnss_compat-2.23.so
7ff088165000-7ff088364000 ---p 00008000 08:01 658898                     /lib/x86_64-linux-gnu/libnss_compat-2.23.so
7ff088364000-7ff088365000 r--p 00007000 08:01 658898                     /lib/x86_64-linux-gnu/libnss_compat-2.23.so
7ff088365000-7ff088366000 rw-p 00008000 08:01 658898                     /lib/x86_64-linux-gnu/libnss_compat-2.23.so
7ff088366000-7ff088392000 r-xp 00000000 08:01 656502                     /usr/lib/jdk/jdk1.8.0_201/jre/lib/amd64/libjava.so
7ff088392000-7ff088592000 ---p 0002c000 08:01 656502                     /usr/lib/jdk/jdk1.8.0_201/jre/lib/amd64/libjava.so
7ff088592000-7ff088593000 r--p 0002c000 08:01 656502                     /usr/lib/jdk/jdk1.8.0_201/jre/lib/amd64/libjava.so
7ff088593000-7ff088595000 rw-p 0002d000 08:01 656502                     /usr/lib/jdk/jdk1.8.0_201/jre/lib/amd64/libjava.so
7ff088595000-7ff0885a2000 r-xp 00000000 08:01 656507                     /usr/lib/jdk/jdk1.8.0_201/jre/lib/amd64/libverify.so
7ff0885a2000-7ff0887a1000 ---p 0000d000 08:01 656507                     /usr/lib/jdk/jdk1.8.0_201/jre/lib/amd64/libverify.so
7ff0887a1000-7ff0887a3000 r--p 0000c000 08:01 656507                     /usr/lib/jdk/jdk1.8.0_201/jre/lib/amd64/libverify.so
7ff0887a3000-7ff0887a4000 rw-p 0000e000 08:01 656507                     /usr/lib/jdk/jdk1.8.0_201/jre/lib/amd64/libverify.so
7ff0887a4000-7ff0887ab000 r-xp 00000000 08:01 658957                     /lib/x86_64-linux-gnu/librt-2.23.so
7ff0887ab000-7ff0889aa000 ---p 00007000 08:01 658957                     /lib/x86_64-linux-gnu/librt-2.23.so
7ff0889aa000-7ff0889ab000 r--p 00006000 08:01 658957                     /lib/x86_64-linux-gnu/librt-2.23.so
7ff0889ab000-7ff0889ac000 rw-p 00007000 08:01 658957                     /lib/x86_64-linux-gnu/librt-2.23.so
7ff0889ac000-7ff088ab4000 r-xp 00000000 08:01 658873                     /lib/x86_64-linux-gnu/libm-2.23.so
7ff088ab4000-7ff088cb3000 ---p 00108000 08:01 658873                     /lib/x86_64-linux-gnu/libm-2.23.so
7ff088cb3000-7ff088cb4000 r--p 00107000 08:01 658873                     /lib/x86_64-linux-gnu/libm-2.23.so
7ff088cb4000-7ff088cb5000 rw-p 00108000 08:01 658873                     /lib/x86_64-linux-gnu/libm-2.23.so
7ff088cb5000-7ff08999d000 r-xp 00000000 08:01 656484                     /usr/lib/jdk/jdk1.8.0_201/jre/lib/amd64/server/libjvm.so
7ff08999d000-7ff089b9c000 ---p 00ce8000 08:01 656484                     /usr/lib/jdk/jdk1.8.0_201/jre/lib/amd64/server/libjvm.so
7ff089b9c000-7ff089c32000 r--p 00ce7000 08:01 656484                     /usr/lib/jdk/jdk1.8.0_201/jre/lib/amd64/server/libjvm.so
7ff089c32000-7ff089c63000 rw-p 00d7d000 08:01 656484                     /usr/lib/jdk/jdk1.8.0_201/jre/lib/amd64/server/libjvm.so
7ff089c63000-7ff089c9e000 rw-p 00000000 00:00 0 
7ff089c9e000-7ff089e5e000 r-xp 00000000 08:01 658803                     /lib/x86_64-linux-gnu/libc-2.23.so
7ff089e5e000-7ff08a05e000 ---p 001c0000 08:01 658803                     /lib/x86_64-linux-gnu/libc-2.23.so
7ff08a05e000-7ff08a062000 r--p 001c0000 08:01 658803                     /lib/x86_64-linux-gnu/libc-2.23.so
7ff08a062000-7ff08a064000 rw-p 001c4000 08:01 658803                     /lib/x86_64-linux-gnu/libc-2.23.so
7ff08a064000-7ff08a068000 rw-p 00000000 00:00 0 
7ff08a068000-7ff08a06b000 r-xp 00000000 08:01 658827                     /lib/x86_64-linux-gnu/libdl-2.23.so
7ff08a06b000-7ff08a26a000 ---p 00003000 08:01 658827                     /lib/x86_64-linux-gnu/libdl-2.23.so
7ff08a26a000-7ff08a26b000 r--p 00002000 08:01 658827                     /lib/x86_64-linux-gnu/libdl-2.23.so
7ff08a26b000-7ff08a26c000 rw-p 00003000 08:01 658827                     /lib/x86_64-linux-gnu/libdl-2.23.so
7ff08a26c000-7ff08a283000 r-xp 00000000 08:01 656155                     /usr/lib/jdk/jdk1.8.0_201/lib/amd64/jli/libjli.so
7ff08a283000-7ff08a482000 ---p 00017000 08:01 656155                     /usr/lib/jdk/jdk1.8.0_201/lib/amd64/jli/libjli.so
7ff08a482000-7ff08a483000 r--p 00016000 08:01 656155                     /usr/lib/jdk/jdk1.8.0_201/lib/amd64/jli/libjli.so
7ff08a483000-7ff08a484000 rw-p 00017000 08:01 656155                     /usr/lib/jdk/jdk1.8.0_201/lib/amd64/jli/libjli.so
7ff08a484000-7ff08a49c000 r-xp 00000000 08:01 658949                     /lib/x86_64-linux-gnu/libpthread-2.23.so
7ff08a49c000-7ff08a69b000 ---p 00018000 08:01 658949                     /lib/x86_64-linux-gnu/libpthread-2.23.so
7ff08a69b000-7ff08a69c000 r--p 00017000 08:01 658949                     /lib/x86_64-linux-gnu/libpthread-2.23.so
7ff08a69c000-7ff08a69d000 rw-p 00018000 08:01 658949                     /lib/x86_64-linux-gnu/libpthread-2.23.so
7ff08a69d000-7ff08a6a1000 rw-p 00000000 00:00 0 
7ff08a6a1000-7ff08a6c7000 r-xp 00000000 08:01 658775                     /lib/x86_64-linux-gnu/ld-2.23.so
7ff08a6cb000-7ff08a6e7000 r--s 00393000 08:01 656354                     /usr/lib/jdk/jdk1.8.0_201/jre/lib/ext/cldrdata.jar
7ff08a6e7000-7ff08a6eb000 r--s 000a1000 08:01 656350                     /usr/lib/jdk/jdk1.8.0_201/jre/lib/jsse.jar
7ff08a6eb000-7ff08a7a9000 rw-p 00000000 00:00 0 
7ff08a7a9000-7ff08a7ac000 ---p 00000000 00:00 0 
7ff08a7ac000-7ff08a8af000 rw-p 00000000 00:00 0 
7ff08a8af000-7ff08a8b7000 r--s 0006e000 08:01 398946                     /home/hewitt/work/DiffTGen-master/lib/commons-lang3-3.5.jar
7ff08a8b7000-7ff08a8b8000 r--s 00000000 08:01 398951                     /home/hewitt/work/DiffTGen-master/lib/myprinter.jar
7ff08a8b8000-7ff08a8bc000 r--s 00039000 08:01 962905                     /home/hewitt/work/DiffTGen-master/output/patch3-Lang-59-CapGen-plausible/Lang_59_3-plausible_capgen/target/build/classes/all0.jar
7ff08a8bc000-7ff08a8c4000 rw-s 00000000 08:01 151623                     /tmp/hsperfdata_hewitt/112605
7ff08a8c4000-7ff08a8c5000 rw-p 00000000 00:00 0 
7ff08a8c5000-7ff08a8c6000 ---p 00000000 00:00 0 
7ff08a8c6000-7ff08a8c7000 r--p 00025000 08:01 658775                     /lib/x86_64-linux-gnu/ld-2.23.so
7ff08a8c7000-7ff08a8c8000 rw-p 00026000 08:01 658775                     /lib/x86_64-linux-gnu/ld-2.23.so
7ff08a8c8000-7ff08a8c9000 rw-p 00000000 00:00 0 
7ffe4058f000-7ffe405b1000 rw-p 00000000 00:00 0                          [stack]
7ffe405b5000-7ffe405b8000 r--p 00000000 00:00 0                          [vvar]
7ffe405b8000-7ffe405ba000 r-xp 00000000 00:00 0                          [vdso]
ffffffffff600000-ffffffffff601000 r-xp 00000000 00:00 0                  [vsyscall]

VM Arguments:
java_command: /home/hewitt/work/DiffTGen-master/lib/evosuite-1.0.6.jar -base_dir /home/hewitt/work/DiffTGen-master/output/patch3-Lang-59-CapGen-plausible/Lang_59_3-plausible_capgen/target/0/11 -projectCP /home/hewitt/work/DiffTGen-master/output/patch3-Lang-59-CapGen-plausible/Lang_59_3-plausible_capgen/target/build/classes/all0.jar:/home/hewitt/work/DiffTGen-master/lib/myprinter.jar:/home/hewitt/work/DiffTGen-master/lib/commons-lang3-3.5.jar -class org.apache.commons.lang.text.StrBuilder -Dassertions=false -Dsearch_budget=60
java_class_path (initial): /home/hewitt/work/DiffTGen-master/lib/evosuite-1.0.6.jar
Launcher Type: SUN_STANDARD

Environment Variables:
JAVA_HOME=/usr/lib/jdk/jdk1.8.0_201
JRE_HOME=/usr/lib/jdk/jdk1.8.0_201/jre
CLASSPATH=.:/usr/lib/jdk/jdk1.8.0_201/lib:/usr/lib/jdk/jdk1.8.0_201/jre/lib
PATH=/usr/lib/jdk/jdk1.8.0_201/bin:/home/hewitt/bin:/home/hewitt/.local/bin:/usr/lib/jdk/jdk1.7.0_80/bin:/usr/local/sbin:/usr/local/bin:/usr/sbin:/usr/bin:/sbin:/bin:/usr/games:/usr/local/games:/snap/bin:/home/hewitt/work/defects4j_v1.4.0/defects4j/framework/bin:/opt/apache-ant-1.9.14/bin:/home/hewitt/work/defects4j_v1.4.0/defects4j/framework/bin
SHELL=/bin/bash
DISPLAY=:0

Signal Handlers:
SIGSEGV: [libjvm.so+0xad3e60], sa_mask[0]=11111111011111111101111111111110, sa_flags=SA_RESTART|SA_SIGINFO
SIGBUS: [libjvm.so+0xad3e60], sa_mask[0]=11111111011111111101111111111110, sa_flags=SA_RESTART|SA_SIGINFO
SIGFPE: [libjvm.so+0x90b880], sa_mask[0]=11111111011111111101111111111110, sa_flags=SA_RESTART|SA_SIGINFO
SIGPIPE: [libjvm.so+0x90b880], sa_mask[0]=11111111011111111101111111111110, sa_flags=SA_RESTART|SA_SIGINFO
SIGXFSZ: [libjvm.so+0x90b880], sa_mask[0]=11111111011111111101111111111110, sa_flags=SA_RESTART|SA_SIGINFO
SIGILL: [libjvm.so+0x90b880], sa_mask[0]=11111111011111111101111111111110, sa_flags=SA_RESTART|SA_SIGINFO
SIGUSR1: SIG_DFL, sa_mask[0]=00000000000000000000000000000000, sa_flags=none
SIGUSR2: [libjvm.so+0x90b750], sa_mask[0]=00100000000000000000000000000000, sa_flags=SA_RESTART|SA_SIGINFO
SIGHUP: [libjvm.so+0x90bd70], sa_mask[0]=11111111011111111101111111111110, sa_flags=SA_RESTART|SA_SIGINFO
SIGINT: [libjvm.so+0x90bd70], sa_mask[0]=11111111011111111101111111111110, sa_flags=SA_RESTART|SA_SIGINFO
SIGTERM: [libjvm.so+0x90bd70], sa_mask[0]=11111111011111111101111111111110, sa_flags=SA_RESTART|SA_SIGINFO
SIGQUIT: [libjvm.so+0x90bd70], sa_mask[0]=11111111011111111101111111111110, sa_flags=SA_RESTART|SA_SIGINFO


---------------  S Y S T E M  ---------------

OS:DISTRIB_ID=Ubuntu
DISTRIB_RELEASE=16.04
DISTRIB_CODENAME=xenial
DISTRIB_DESCRIPTION="Ubuntu 16.04.6 LTS"

uname:Linux 4.15.0-91-generic #92~16.04.1-Ubuntu SMP Fri Feb 28 14:57:22 UTC 2020 x86_64
libc:glibc 2.23 NPTL 2.23 
rlimit: STACK 8192k, CORE 0k, NPROC 15448, NOFILE 1048576, AS infinity
load average:18.01 14.68 13.49

/proc/meminfo:
MemTotal:        4015928 kB
MemFree:           87564 kB
MemAvailable:          0 kB
Buffers:             340 kB
Cached:            16896 kB
SwapCached:         1400 kB
Active:          2909904 kB
Inactive:         588084 kB
Active(anon):    2901208 kB
Inactive(anon):   580144 kB
Active(file):       8696 kB
Inactive(file):     7940 kB
Unevictable:          48 kB
Mlocked:              48 kB
SwapTotal:        998396 kB
SwapFree:              8 kB
Dirty:               116 kB
Writeback:           224 kB
AnonPages:       3480172 kB
Mapped:            14992 kB
Shmem:               208 kB
Slab:              91340 kB
SReclaimable:      33568 kB
SUnreclaim:        57772 kB
KernelStack:       13936 kB
PageTables:        40708 kB
NFS_Unstable:          0 kB
Bounce:                0 kB
WritebackTmp:          0 kB
CommitLimit:     3006360 kB
Committed_AS:    8322568 kB
VmallocTotal:   34359738367 kB
VmallocUsed:           0 kB
VmallocChunk:          0 kB
HardwareCorrupted:     0 kB
AnonHugePages:         0 kB
ShmemHugePages:        0 kB
ShmemPmdMapped:        0 kB
CmaTotal:              0 kB
CmaFree:               0 kB
HugePages_Total:       0
HugePages_Free:        0
HugePages_Rsvd:        0
HugePages_Surp:        0
Hugepagesize:       2048 kB
DirectMap4k:       98112 kB
DirectMap2M:     4096000 kB
DirectMap1G:     2097152 kB

container (cgroup) information:
container_type: cgroupv1
cpu_cpuset_cpus: 0-3
cpu_memory_nodes: 0
active_processor_count: 4
cpu_quota: -1
cpu_period: 100000
cpu_shares: -1
memory_limit_in_bytes: -1
memory_and_swap_limit_in_bytes: -2
memory_soft_limit_in_bytes: -1
memory_usage_in_bytes: 3579699200
memory_max_usage_in_bytes: 20938752


CPU:total 4 (initial active 4) (2 cores per cpu, 1 threads per core) family 6 model 158 stepping 9, cmov, cx8, fxsr, mmx, sse, sse2, sse3, ssse3, sse4.1, sse4.2, popcnt, avx, avx2, aes, clmul, erms, 3dnowpref, lzcnt, tsc, tscinvbit, bmi1, bmi2, adx

/proc/cpuinfo:
processor	: 0
vendor_id	: GenuineIntel
cpu family	: 6
model		: 158
model name	: Intel(R) Core(TM) i7-7700HQ CPU @ 2.80GHz
stepping	: 9
microcode	: 0xb4
cpu MHz		: 2808.002
cache size	: 6144 KB
physical id	: 0
siblings	: 2
core id		: 0
cpu cores	: 2
apicid		: 0
initial apicid	: 0
fpu		: yes
fpu_exception	: yes
cpuid level	: 22
wp		: yes
flags		: fpu vme de pse tsc msr pae mce cx8 apic sep mtrr pge mca cmov pat pse36 clflush mmx fxsr sse sse2 ss ht syscall nx pdpe1gb rdtscp lm constant_tsc arch_perfmon nopl xtopology tsc_reliable nonstop_tsc cpuid pni pclmulqdq ssse3 fma cx16 pcid sse4_1 sse4_2 x2apic movbe popcnt tsc_deadline_timer aes xsave avx f16c rdrand hypervisor lahf_lm abm 3dnowprefetch cpuid_fault invpcid_single pti ssbd ibrs ibpb stibp fsgsbase tsc_adjust bmi1 avx2 smep bmi2 invpcid mpx rdseed adx smap clflushopt xsaveopt xsavec xsaves arat md_clear flush_l1d arch_capabilities
bugs		: cpu_meltdown spectre_v1 spectre_v2 spec_store_bypass l1tf mds swapgs itlb_multihit
bogomips	: 5616.00
clflush size	: 64
cache_alignment	: 64
address sizes	: 43 bits physical, 48 bits virtual
power management:

processor	: 1
vendor_id	: GenuineIntel
cpu family	: 6
model		: 158
model name	: Intel(R) Core(TM) i7-7700HQ CPU @ 2.80GHz
stepping	: 9
microcode	: 0xb4
cpu MHz		: 2808.002
cache size	: 6144 KB
physical id	: 0
siblings	: 2
core id		: 1
cpu cores	: 2
apicid		: 1
initial apicid	: 1
fpu		: yes
fpu_exception	: yes
cpuid level	: 22
wp		: yes
flags		: fpu vme de pse tsc msr pae mce cx8 apic sep mtrr pge mca cmov pat pse36 clflush mmx fxsr sse sse2 ss ht syscall nx pdpe1gb rdtscp lm constant_tsc arch_perfmon nopl xtopology tsc_reliable nonstop_tsc cpuid pni pclmulqdq ssse3 fma cx16 pcid sse4_1 sse4_2 x2apic movbe popcnt tsc_deadline_timer aes xsave avx f16c rdrand hypervisor lahf_lm abm 3dnowprefetch cpuid_fault invpcid_single pti ssbd ibrs ibpb stibp fsgsbase tsc_adjust bmi1 avx2 smep bmi2 invpcid mpx rdseed adx smap clflushopt xsaveopt xsavec xsaves arat md_clear flush_l1d arch_capabilities
bugs		: cpu_meltdown spectre_v1 spectre_v2 spec_store_bypass l1tf mds swapgs itlb_multihit
bogomips	: 5616.00
clflush size	: 64
cache_alignment	: 64
address sizes	: 43 bits physical, 48 bits virtual
power management:

processor	: 2
vendor_id	: GenuineIntel
cpu family	: 6
model		: 158
model name	: Intel(R) Core(TM) i7-7700HQ CPU @ 2.80GHz
stepping	: 9
microcode	: 0xb4
cpu MHz		: 2808.002
cache size	: 6144 KB
physical id	: 1
siblings	: 2
core id		: 0
cpu cores	: 2
apicid		: 2
initial apicid	: 2
fpu		: yes
fpu_exception	: yes
cpuid level	: 22
wp		: yes
flags		: fpu vme de pse tsc msr pae mce cx8 apic sep mtrr pge mca cmov pat pse36 clflush mmx fxsr sse sse2 ss ht syscall nx pdpe1gb rdtscp lm constant_tsc arch_perfmon nopl xtopology tsc_reliable nonstop_tsc cpuid pni pclmulqdq ssse3 fma cx16 pcid sse4_1 sse4_2 x2apic movbe popcnt tsc_deadline_timer aes xsave avx f16c rdrand hypervisor lahf_lm abm 3dnowprefetch cpuid_fault invpcid_single pti ssbd ibrs ibpb stibp fsgsbase tsc_adjust bmi1 avx2 smep bmi2 invpcid mpx rdseed adx smap clflushopt xsaveopt xsavec xsaves arat md_clear flush_l1d arch_capabilities
bugs		: cpu_meltdown spectre_v1 spectre_v2 spec_store_bypass l1tf mds swapgs itlb_multihit
bogomips	: 5616.00
clflush size	: 64
cache_alignment	: 64
address sizes	: 43 bits physical, 48 bits virtual
power management:

processor	: 3
vendor_id	: GenuineIntel
cpu family	: 6
model		: 158
model name	: Intel(R) Core(TM) i7-7700HQ CPU @ 2.80GHz
stepping	: 9
microcode	: 0xb4
cpu MHz		: 2808.002
cache size	: 6144 KB
physical id	: 1
siblings	: 2
core id		: 1
cpu cores	: 2
apicid		: 3
initial apicid	: 3
fpu		: yes
fpu_exception	: yes
cpuid level	: 22
wp		: yes
flags		: fpu vme de pse tsc msr pae mce cx8 apic sep mtrr pge mca cmov pat pse36 clflush mmx fxsr sse sse2 ss ht syscall nx pdpe1gb rdtscp lm constant_tsc arch_perfmon nopl xtopology tsc_reliable nonstop_tsc cpuid pni pclmulqdq ssse3 fma cx16 pcid sse4_1 sse4_2 x2apic movbe popcnt tsc_deadline_timer aes xsave avx f16c rdrand hypervisor lahf_lm abm 3dnowprefetch cpuid_fault invpcid_single pti ssbd ibrs ibpb stibp fsgsbase tsc_adjust bmi1 avx2 smep bmi2 invpcid mpx rdseed adx smap clflushopt xsaveopt xsavec xsaves arat md_clear flush_l1d arch_capabilities
bugs		: cpu_meltdown spectre_v1 spectre_v2 spec_store_bypass l1tf mds swapgs itlb_multihit
bogomips	: 5616.00
clflush size	: 64
cache_alignment	: 64
address sizes	: 43 bits physical, 48 bits virtual
power management:



Memory: 4k page, physical 4015928k(88472k free), swap 998396k(0k free)

vm_info: Java HotSpot(TM) 64-Bit Server VM (25.201-b09) for linux-amd64 JRE (1.8.0_201-b09), built on Dec 15 2018 11:35:59 by "java_re" with gcc 7.3.0

time: Sun Mar 29 02:52:32 2020
timezone: CST
elapsed time: 80 seconds (0d 0h 1m 20s)

