#
# There is insufficient memory for the Java Runtime Environment to continue.
# Native memory allocation (mmap) failed to map 20447232 bytes for committing reserved memory.
# Possible reasons:
#   The system is out of physical RAM or swap space
#   The process is running with CompressedOops enabled, and the Java Heap may be blocking the growth of the native heap
# Possible solutions:
#   Reduce memory load on the system
#   Increase physical memory or swap space
#   Check if swap backing store is full
#   Decrease Java heap size (-Xmx/-Xms)
#   Decrease number of Java threads
#   Decrease Java thread stack sizes (-Xss)
#   Set larger code cache with -XX:ReservedCodeCacheSize=
#   JVM is running with Unscaled Compressed Oops mode in which the Java heap is
#     placed in the first 4GB address space. The Java Heap base address is the
#     maximum limit for the native heap growth. Please use -XX:HeapBaseMinAddress
#     to set the Java Heap base and to place the Java Heap above 4GB virtual address.
# This output file may be truncated or incomplete.
#
#  Out of Memory Error (os_linux.cpp:2749), pid=44682, tid=0x00007f543819d700
#
# JRE version: Java(TM) SE Runtime Environment (8.0_201-b09) (build 1.8.0_201-b09)
# Java VM: Java HotSpot(TM) 64-Bit Server VM (25.201-b09 mixed mode linux-amd64 compressed oops)
# Failed to write core dump. Core dumps have been disabled. To enable core dumping, try "ulimit -c unlimited" before starting Java again
#

---------------  T H R E A D  ---------------

Current thread (0x00007f5434140000):  VMThread [stack: 0x00007f543809d000,0x00007f543819e000] [id=44731]

Stack: [0x00007f543809d000,0x00007f543819e000],  sp=0x00007f543819c450,  free space=1021k
Native frames: (J=compiled Java code, j=interpreted, Vv=VM code, C=native code)
V  [libjvm.so+0xad3525]  VMError::report_and_die()+0x2e5
V  [libjvm.so+0x4e0457]  report_vm_out_of_memory(char const*, int, unsigned long, VMErrorType, char const*)+0x67
V  [libjvm.so+0x9102f0]  os::pd_commit_memory(char*, unsigned long, unsigned long, bool)+0x100
V  [libjvm.so+0x90791f]  os::commit_memory(char*, unsigned long, unsigned long, bool)+0x1f
V  [libjvm.so+0x98c806]  PSVirtualSpace::expand_by(unsigned long)+0x56
V  [libjvm.so+0x98da98]  PSYoungGen::resize(unsigned long, unsigned long)+0xd8
V  [libjvm.so+0x98a236]  PSScavenge::invoke_no_policy()+0x1376
V  [libjvm.so+0x98a5cc]  PSScavenge::invoke()+0x4c
V  [libjvm.so+0x93a318]  ParallelScavengeHeap::failed_mem_allocate(unsigned long)+0x68
V  [libjvm.so+0xad5073]  VM_ParallelGCFailedAllocation::doit()+0x93
V  [libjvm.so+0xada296]  VM_Operation::evaluate()+0x46
V  [libjvm.so+0xad85cd]  VMThread::evaluate_operation(VM_Operation*) [clone .constprop.44]+0xcd
V  [libjvm.so+0xad8bb3]  VMThread::loop()+0x3a3
V  [libjvm.so+0xad8f88]  VMThread::run()+0x78
V  [libjvm.so+0x90d922]  java_start(Thread*)+0x102

VM_Operation (0x00007f541c7eef00): ParallelGCFailedAllocation, mode: safepoint, requested by thread 0x00007f53d8002800


---------------  P R O C E S S  ---------------

Java Threads: ( => current thread )
  0x00007f53d8002800 JavaThread "RMI TCP Connection(4)-127.0.0.1" daemon [_thread_blocked, id=45192, stack(0x00007f541c6f3000,0x00007f541c7f4000)]
  0x00007f53d8001000 JavaThread "RMI TCP Connection(2)-127.0.0.1" daemon [_thread_blocked, id=45157, stack(0x00007f541c7f4000,0x00007f541c8f5000)]
  0x00007f53b0038000 JavaThread "RMI Scheduler(0)" daemon [_thread_blocked, id=45152, stack(0x00007f541c8f5000,0x00007f541c9f6000)]
  0x00007f53b0030800 JavaThread "RMI RenewClean-[127.0.0.1:20520]" daemon [_thread_blocked, id=45125, stack(0x00007f541c9f6000,0x00007f541caf7000)]
  0x00007f53d4001000 JavaThread "RMI TCP Connection(idle)" daemon [_thread_blocked, id=45100, stack(0x00007f541caf7000,0x00007f541cbf8000)]
  0x00007f53c4005000 JavaThread "pool-3-thread-3" [_thread_in_native, id=45051, stack(0x00007f541cbf8000,0x00007f541ccf9000)]
  0x00007f53c4003000 JavaThread "pool-3-thread-2" [_thread_in_native, id=45045, stack(0x00007f541ccf9000,0x00007f541cdfa000)]
  0x00007f53c4002000 JavaThread "pool-3-thread-1" [_thread_in_native, id=45038, stack(0x00007f541cdfa000,0x00007f541cefb000)]
  0x00007f5434200000 JavaThread "Thread-3" [_thread_in_native, id=44903, stack(0x00007f541cefb000,0x00007f541cffc000)]
  0x00007f54341fe800 JavaThread "Thread-2" [_thread_in_native, id=44890, stack(0x00007f541cffc000,0x00007f541d0fd000)]
  0x00007f54341fd000 JavaThread "process reaper" daemon [_thread_in_native, id=44886, stack(0x00007f5424002000,0x00007f542403b000)]
  0x00007f54343d0000 JavaThread "pool-2-thread-1" [_thread_in_native, id=44858, stack(0x00007f541d0fd000,0x00007f541d1fe000)]
  0x00007f54343cd800 JavaThread "GC Daemon" daemon [_thread_blocked, id=44857, stack(0x00007f541d1fe000,0x00007f541d2ff000)]
  0x00007f54343cb000 JavaThread "RMI Reaper" [_thread_blocked, id=44853, stack(0x00007f541d2ff000,0x00007f541d400000)]
  0x00007f54343c1800 JavaThread "RMI TCP Accept-12768" daemon [_thread_in_native, id=44852, stack(0x00007f541d400000,0x00007f541d501000)]
  0x00007f54343bc800 JavaThread "RMI TCP Accept-11403" daemon [_thread_in_native, id=44848, stack(0x00007f541d501000,0x00007f541d602000)]
  0x00007f54342e1000 JavaThread "logback-3" daemon [_thread_blocked, id=44821, stack(0x00007f541d802000,0x00007f541d903000)]
  0x00007f54342dd800 JavaThread "logback-2" daemon [_thread_blocked, id=44819, stack(0x00007f541d903000,0x00007f541da04000)]
  0x00007f54342dc000 JavaThread "logback-1" daemon [_thread_blocked, id=44814, stack(0x00007f541da04000,0x00007f541db05000)]
  0x00007f5434189000 JavaThread "Service Thread" daemon [_thread_blocked, id=44781, stack(0x00007f541e04f000,0x00007f541e150000)]
  0x00007f5434186000 JavaThread "C1 CompilerThread2" daemon [_thread_blocked, id=44779, stack(0x00007f542403b000,0x00007f542413c000)]
  0x00007f5434184800 JavaThread "C2 CompilerThread1" daemon [_thread_blocked, id=44777, stack(0x00007f542413c000,0x00007f542423d000)]
  0x00007f5434181800 JavaThread "C2 CompilerThread0" daemon [_thread_blocked, id=44775, stack(0x00007f542423d000,0x00007f542433e000)]
  0x00007f5434180000 JavaThread "Signal Dispatcher" daemon [_thread_blocked, id=44770, stack(0x00007f542433e000,0x00007f542443f000)]
  0x00007f543414c000 JavaThread "Finalizer" daemon [_thread_blocked, id=44740, stack(0x00007f5424dfe000,0x00007f5424eff000)]
  0x00007f5434149800 JavaThread "Reference Handler" daemon [_thread_blocked, id=44735, stack(0x00007f5424eff000,0x00007f5425000000)]
  0x00007f543400a800 JavaThread "main" [_thread_in_native, id=44686, stack(0x00007f543d67f000,0x00007f543d780000)]

Other Threads:
=>0x00007f5434140000 VMThread [stack: 0x00007f543809d000,0x00007f543819e000] [id=44731]
  0x00007f543418b800 WatcherThread [stack: 0x00007f541df4e000,0x00007f541e04f000] [id=44785]

VM state:at safepoint (normal execution)

VM Mutex/Monitor currently owned by a thread:  ([mutex/lock_event])
[0x00007f5434007090] Threads_lock - owner thread: 0x00007f5434140000
[0x00007f5434007590] Heap_lock - owner thread: 0x00007f53d8002800

heap address: 0x00000000c2a00000, size: 982 MB, Compressed Oops mode: 32-bit
Narrow klass base: 0x0000000000000000, Narrow klass shift: 3
Compressed class space size: 1073741824 Address: 0x0000000100000000

Heap:
 PSYoungGen      total 18432K, used 2554K [0x00000000eb900000, 0x00000000ecd80000, 0x0000000100000000)
  eden space 15872K, 0% used [0x00000000eb900000,0x00000000eb900000,0x00000000ec880000)
  from space 2560K, 99% used [0x00000000ecb00000,0x00000000ecd7e9c0,0x00000000ecd80000)
  to   space 2560K, 0% used [0x00000000ec880000,0x00000000ec880000,0x00000000ecb00000)
 ParOldGen       total 42496K, used 5194K [0x00000000c2a00000, 0x00000000c5380000, 0x00000000eb900000)
  object space 42496K, 12% used [0x00000000c2a00000,0x00000000c2f128e8,0x00000000c5380000)
 Metaspace       used 14550K, capacity 15042K, committed 15232K, reserved 1062912K
  class space    used 1652K, capacity 1809K, committed 1920K, reserved 1048576K

Card table byte_map: [0x00007f543a234000,0x00007f543a420000] byte_map_base: 0x00007f5439c1f000

Marking Bits: (ParMarkBitMap*) 0x00007f543cb56d80
 Begin Bits: [0x00007f541e150000, 0x00007f541f0a8000)
 End Bits:   [0x00007f541f0a8000, 0x00007f5420000000)

Polling page: 0x00007f543d79b000

CodeCache: size=245760Kb used=6597Kb max_used=6601Kb free=239162Kb
 bounds [0x00007f5425000000, 0x00007f5425680000, 0x00007f5434000000]
 total_blobs=2222 nmethods=1870 adapters=265
 compilation: enabled

Compilation events (10 events):
Event: 77.380 Thread 0x00007f5434184800 1902       4       org.evosuite.shaded.org.objectweb.asm.MethodVisitor::visitLineNumber (17 bytes)
Event: 77.381 Thread 0x00007f5434184800 nmethod 1902 0x00007f542566f910 code [0x00007f542566fa60, 0x00007f542566fb18]
Event: 77.390 Thread 0x00007f5434181800 nmethod 1898 0x00007f542566cbd0 code [0x00007f542566cd20, 0x00007f542566cec8]
Event: 77.393 Thread 0x00007f5434186000 nmethod 1885 0x00007f5425671490 code [0x00007f5425671ac0, 0x00007f5425675938]
Event: 77.393 Thread 0x00007f5434186000 1887       3       org.evosuite.shaded.org.objectweb.asm.Item::isEqualTo (354 bytes)
Event: 77.396 Thread 0x00007f5434184800 1903   !   4       java.lang.ClassLoader::getPackage (118 bytes)
Event: 77.406 Thread 0x00007f5434186000 nmethod 1887 0x00007f542566b910 code [0x00007f542566bb40, 0x00007f542566c808]
Event: 77.406 Thread 0x00007f5434186000 1897       3       org.evosuite.shaded.org.objectweb.asm.MethodWriter::writeFrame (551 bytes)
Event: 77.406 Thread 0x00007f5434181800 1904       4       org.evosuite.shaded.org.objectweb.asm.Frame::push (110 bytes)
Event: 77.408 Thread 0x00007f5434181800 nmethod 1904 0x00007f5425676d50 code [0x00007f5425676ea0, 0x00007f5425677058]

GC Heap History (10 events):
Event: 1.876 GC heap after
Heap after GC invocations=2 (full 0):
 PSYoungGen      total 18432K, used 2544K [0x00000000eb900000, 0x00000000ecd80000, 0x0000000100000000)
  eden space 15872K, 0% used [0x00000000eb900000,0x00000000eb900000,0x00000000ec880000)
  from space 2560K, 99% used [0x00000000ecb00000,0x00000000ecd7c020,0x00000000ecd80000)
  to   space 2560K, 0% used [0x00000000ec880000,0x00000000ec880000,0x00000000ecb00000)
 ParOldGen       total 42496K, used 1603K [0x00000000c2a00000, 0x00000000c5380000, 0x00000000eb900000)
  object space 42496K, 3% used [0x00000000c2a00000,0x00000000c2b90df0,0x00000000c5380000)
 Metaspace       used 10122K, capacity 10252K, committed 10624K, reserved 1058816K
  class space    used 1227K, capacity 1287K, committed 1408K, reserved 1048576K
}
Event: 1.876 GC heap before
{Heap before GC invocations=3 (full 1):
 PSYoungGen      total 18432K, used 2544K [0x00000000eb900000, 0x00000000ecd80000, 0x0000000100000000)
  eden space 15872K, 0% used [0x00000000eb900000,0x00000000eb900000,0x00000000ec880000)
  from space 2560K, 99% used [0x00000000ecb00000,0x00000000ecd7c020,0x00000000ecd80000)
  to   space 2560K, 0% used [0x00000000ec880000,0x00000000ec880000,0x00000000ecb00000)
 ParOldGen       total 42496K, used 1603K [0x00000000c2a00000, 0x00000000c5380000, 0x00000000eb900000)
  object space 42496K, 3% used [0x00000000c2a00000,0x00000000c2b90df0,0x00000000c5380000)
 Metaspace       used 10122K, capacity 10252K, committed 10624K, reserved 1058816K
  class space    used 1227K, capacity 1287K, committed 1408K, reserved 1048576K
Event: 1.922 GC heap after
Heap after GC invocations=3 (full 1):
 PSYoungGen      total 18432K, used 0K [0x00000000eb900000, 0x00000000ecd80000, 0x0000000100000000)
  eden space 15872K, 0% used [0x00000000eb900000,0x00000000eb900000,0x00000000ec880000)
  from space 2560K, 0% used [0x00000000ecb00000,0x00000000ecb00000,0x00000000ecd80000)
  to   space 2560K, 0% used [0x00000000ec880000,0x00000000ec880000,0x00000000ecb00000)
 ParOldGen       total 42496K, used 2596K [0x00000000c2a00000, 0x00000000c5380000, 0x00000000eb900000)
  object space 42496K, 6% used [0x00000000c2a00000,0x00000000c2c89320,0x00000000c5380000)
 Metaspace       used 10114K, capacity 10242K, committed 10624K, reserved 1058816K
  class space    used 1225K, capacity 1285K, committed 1408K, reserved 1048576K
}
Event: 24.266 GC heap before
{Heap before GC invocations=4 (full 1):
 PSYoungGen      total 18432K, used 15872K [0x00000000eb900000, 0x00000000ecd80000, 0x0000000100000000)
  eden space 15872K, 100% used [0x00000000eb900000,0x00000000ec880000,0x00000000ec880000)
  from space 2560K, 0% used [0x00000000ecb00000,0x00000000ecb00000,0x00000000ecd80000)
  to   space 2560K, 0% used [0x00000000ec880000,0x00000000ec880000,0x00000000ecb00000)
 ParOldGen       total 42496K, used 2596K [0x00000000c2a00000, 0x00000000c5380000, 0x00000000eb900000)
  object space 42496K, 6% used [0x00000000c2a00000,0x00000000c2c89320,0x00000000c5380000)
 Metaspace       used 13336K, capacity 13730K, committed 14080K, reserved 1060864K
  class space    used 1562K, capacity 1665K, committed 1792K, reserved 1048576K
Event: 24.279 GC heap after
Heap after GC invocations=4 (full 1):
 PSYoungGen      total 18432K, used 2529K [0x00000000eb900000, 0x00000000ecd80000, 0x0000000100000000)
  eden space 15872K, 0% used [0x00000000eb900000,0x00000000eb900000,0x00000000ec880000)
  from space 2560K, 98% used [0x00000000ec880000,0x00000000ecaf8790,0x00000000ecb00000)
  to   space 2560K, 0% used [0x00000000ecb00000,0x00000000ecb00000,0x00000000ecd80000)
 ParOldGen       total 42496K, used 3552K [0x00000000c2a00000, 0x00000000c5380000, 0x00000000eb900000)
  object space 42496K, 8% used [0x00000000c2a00000,0x00000000c2d78340,0x00000000c5380000)
 Metaspace       used 13336K, capacity 13730K, committed 14080K, reserved 1060864K
  class space    used 1562K, capacity 1665K, committed 1792K, reserved 1048576K
}
Event: 25.148 GC heap before
{Heap before GC invocations=5 (full 1):
 PSYoungGen      total 18432K, used 18401K [0x00000000eb900000, 0x00000000ecd80000, 0x0000000100000000)
  eden space 15872K, 100% used [0x00000000eb900000,0x00000000ec880000,0x00000000ec880000)
  from space 2560K, 98% used [0x00000000ec880000,0x00000000ecaf8790,0x00000000ecb00000)
  to   space 2560K, 0% used [0x00000000ecb00000,0x00000000ecb00000,0x00000000ecd80000)
 ParOldGen       total 42496K, used 3552K [0x00000000c2a00000, 0x00000000c5380000, 0x00000000eb900000)
  object space 42496K, 8% used [0x00000000c2a00000,0x00000000c2d78340,0x00000000c5380000)
 Metaspace       used 13474K, capacity 13864K, committed 14080K, reserved 1060864K
  class space    used 1563K, capacity 1666K, committed 1792K, reserved 1048576K
Event: 25.166 GC heap after
Heap after GC invocations=5 (full 1):
 PSYoungGen      total 18432K, used 2240K [0x00000000eb900000, 0x00000000ecd80000, 0x0000000100000000)
  eden space 15872K, 0% used [0x00000000eb900000,0x00000000eb900000,0x00000000ec880000)
  from space 2560K, 87% used [0x00000000ecb00000,0x00000000ecd30020,0x00000000ecd80000)
  to   space 2560K, 0% used [0x00000000ec880000,0x00000000ec880000,0x00000000ecb00000)
 ParOldGen       total 42496K, used 3560K [0x00000000c2a00000, 0x00000000c5380000, 0x00000000eb900000)
  object space 42496K, 8% used [0x00000000c2a00000,0x00000000c2d7a340,0x00000000c5380000)
 Metaspace       used 13474K, capacity 13864K, committed 14080K, reserved 1060864K
  class space    used 1563K, capacity 1666K, committed 1792K, reserved 1048576K
}
Event: 35.433 GC heap before
{Heap before GC invocations=6 (full 1):
 PSYoungGen      total 18432K, used 18112K [0x00000000eb900000, 0x00000000ecd80000, 0x0000000100000000)
  eden space 15872K, 100% used [0x00000000eb900000,0x00000000ec880000,0x00000000ec880000)
  from space 2560K, 87% used [0x00000000ecb00000,0x00000000ecd30020,0x00000000ecd80000)
  to   space 2560K, 0% used [0x00000000ec880000,0x00000000ec880000,0x00000000ecb00000)
 ParOldGen       total 42496K, used 3560K [0x00000000c2a00000, 0x00000000c5380000, 0x00000000eb900000)
  object space 42496K, 8% used [0x00000000c2a00000,0x00000000c2d7a340,0x00000000c5380000)
 Metaspace       used 14408K, capacity 14952K, committed 15232K, reserved 1062912K
  class space    used 1649K, capacity 1806K, committed 1920K, reserved 1048576K
Event: 35.451 GC heap after
Heap after GC invocations=6 (full 1):
 PSYoungGen      total 18432K, used 2544K [0x00000000eb900000, 0x00000000ecd80000, 0x0000000100000000)
  eden space 15872K, 0% used [0x00000000eb900000,0x00000000eb900000,0x00000000ec880000)
  from space 2560K, 99% used [0x00000000ec880000,0x00000000ecafc010,0x00000000ecb00000)
  to   space 2560K, 0% used [0x00000000ecb00000,0x00000000ecb00000,0x00000000ecd80000)
 ParOldGen       total 42496K, used 4233K [0x00000000c2a00000, 0x00000000c5380000, 0x00000000eb900000)
  object space 42496K, 9% used [0x00000000c2a00000,0x00000000c2e224e8,0x00000000c5380000)
 Metaspace       used 14408K, capacity 14952K, committed 15232K, reserved 1062912K
  class space    used 1649K, capacity 1806K, committed 1920K, reserved 1048576K
}
Event: 77.489 GC heap before
{Heap before GC invocations=7 (full 1):
 PSYoungGen      total 18432K, used 18416K [0x00000000eb900000, 0x00000000ecd80000, 0x0000000100000000)
  eden space 15872K, 100% used [0x00000000eb900000,0x00000000ec880000,0x00000000ec880000)
  from space 2560K, 99% used [0x00000000ec880000,0x00000000ecafc010,0x00000000ecb00000)
  to   space 2560K, 0% used [0x00000000ecb00000,0x00000000ecb00000,0x00000000ecd80000)
 ParOldGen       total 42496K, used 4233K [0x00000000c2a00000, 0x00000000c5380000, 0x00000000eb900000)
  object space 42496K, 9% used [0x00000000c2a00000,0x00000000c2e224e8,0x00000000c5380000)
 Metaspace       used 14550K, capacity 15042K, committed 15232K, reserved 1062912K
  class space    used 1652K, capacity 1809K, committed 1920K, reserved 1048576K

Deoptimization events (10 events):
Event: 25.702 Thread 0x00007f53d8001000 Uncommon trap: reason=class_check action=maybe_recompile pc=0x00007f54253cea3c method=java.util.HashMap.putVal(ILjava/lang/Object;Ljava/lang/Object;ZZ)Ljava/lang/Object; @ 203
Event: 25.702 Thread 0x00007f53d8001000 Uncommon trap: reason=class_check action=maybe_recompile pc=0x00007f54253cea3c method=java.util.HashMap.putVal(ILjava/lang/Object;Ljava/lang/Object;ZZ)Ljava/lang/Object; @ 203
Event: 26.138 Thread 0x00007f53d8001000 Uncommon trap: reason=unstable_if action=reinterpret pc=0x00007f54254fa4fc method=org.evosuite.shaded.org.objectweb.asm.ClassReader.readUTF8(I[C)Ljava/lang/String; @ 11
Event: 26.399 Thread 0x00007f53d8001000 Uncommon trap: reason=bimorphic action=maybe_recompile pc=0x00007f5425402ab0 method=java.util.Collections$UnmodifiableCollection$1.next()Ljava/lang/Object; @ 4
Event: 26.399 Thread 0x00007f53d8001000 Uncommon trap: reason=bimorphic action=maybe_recompile pc=0x00007f5425402ab0 method=java.util.Collections$UnmodifiableCollection$1.next()Ljava/lang/Object; @ 4
Event: 26.399 Thread 0x00007f53d8001000 Uncommon trap: reason=bimorphic action=maybe_recompile pc=0x00007f5425402ab0 method=java.util.Collections$UnmodifiableCollection$1.next()Ljava/lang/Object; @ 4
Event: 26.399 Thread 0x00007f53d8001000 Uncommon trap: reason=bimorphic action=maybe_recompile pc=0x00007f5425402ab0 method=java.util.Collections$UnmodifiableCollection$1.next()Ljava/lang/Object; @ 4
Event: 31.666 Thread 0x00007f53d8002800 Uncommon trap: reason=unstable_if action=reinterpret pc=0x00007f54255807e8 method=java.io.ObjectInputStream.defaultReadFields(Ljava/lang/Object;Ljava/io/ObjectStreamClass;)V @ 49
Event: 41.970 Thread 0x00007f53d8001000 Uncommon trap: reason=unstable_if action=reinterpret pc=0x00007f54255dc0dc method=java.io.ObjectInputStream$HandleTable.markDependency(II)V @ 140
Event: 77.316 Thread 0x00007f53d8002800 Uncommon trap: reason=unstable_if action=reinterpret pc=0x00007f54254ea19c method=org.evosuite.shaded.org.objectweb.asm.Item.isEqualTo(Lorg/evosuite/shaded/org/objectweb/asm/Item;)Z @ 345

Classes redefined (0 events):
No events

Internal exceptions (10 events):
Event: 41.523 Thread 0x00007f54342dc000 Exception <a 'java/net/ConnectException'> (0x00000000ebb22088) thrown at [/HUDSON/workspace/8-2-build-linux-amd64/jdk8u201/12317/hotspot/src/share/vm/prims/jni.cpp, line 709]
Event: 51.148 Thread 0x00007f54342e1000 Exception <a 'java/net/ConnectException'> (0x00000000ebb012e8) thrown at [/HUDSON/workspace/8-2-build-linux-amd64/jdk8u201/12317/hotspot/src/share/vm/prims/jni.cpp, line 709]
Event: 51.407 Thread 0x00007f54342dd800 Exception <a 'java/net/ConnectException'> (0x00000000ebb11eb0) thrown at [/HUDSON/workspace/8-2-build-linux-amd64/jdk8u201/12317/hotspot/src/share/vm/prims/jni.cpp, line 709]
Event: 51.523 Thread 0x00007f54342dc000 Exception <a 'java/net/ConnectException'> (0x00000000ebb22bb0) thrown at [/HUDSON/workspace/8-2-build-linux-amd64/jdk8u201/12317/hotspot/src/share/vm/prims/jni.cpp, line 709]
Event: 61.149 Thread 0x00007f54342e1000 Exception <a 'java/net/ConnectException'> (0x00000000ebb01e10) thrown at [/HUDSON/workspace/8-2-build-linux-amd64/jdk8u201/12317/hotspot/src/share/vm/prims/jni.cpp, line 709]
Event: 61.409 Thread 0x00007f54342dd800 Exception <a 'java/net/ConnectException'> (0x00000000ebb129d8) thrown at [/HUDSON/workspace/8-2-build-linux-amd64/jdk8u201/12317/hotspot/src/share/vm/prims/jni.cpp, line 709]
Event: 61.524 Thread 0x00007f54342dc000 Exception <a 'java/net/ConnectException'> (0x00000000ebb236d8) thrown at [/HUDSON/workspace/8-2-build-linux-amd64/jdk8u201/12317/hotspot/src/share/vm/prims/jni.cpp, line 709]
Event: 71.150 Thread 0x00007f54342e1000 Exception <a 'java/net/ConnectException'> (0x00000000ebb02938) thrown at [/HUDSON/workspace/8-2-build-linux-amd64/jdk8u201/12317/hotspot/src/share/vm/prims/jni.cpp, line 709]
Event: 71.409 Thread 0x00007f54342dd800 Exception <a 'java/net/ConnectException'> (0x00000000ebb13500) thrown at [/HUDSON/workspace/8-2-build-linux-amd64/jdk8u201/12317/hotspot/src/share/vm/prims/jni.cpp, line 709]
Event: 71.525 Thread 0x00007f54342dc000 Exception <a 'java/net/ConnectException'> (0x00000000ebb24200) thrown at [/HUDSON/workspace/8-2-build-linux-amd64/jdk8u201/12317/hotspot/src/share/vm/prims/jni.cpp, line 709]

Events (10 events):
Event: 77.287 Executing VM operation: RevokeBias
Event: 77.289 Executing VM operation: RevokeBias done
Event: 77.294 loading class java/math/BigInteger
Event: 77.302 Executing VM operation: RevokeBias
Event: 77.303 Executing VM operation: RevokeBias done
Event: 77.307 Thread 0x00007f53d8002800 Uncommon trap: trap_request=0xffffff65 fr.pc=0x00007f54254ea19c
Event: 77.370 Thread 0x00007f53d8002800 DEOPT PACKING pc=0x00007f54254ea19c sp=0x00007f541c7eeea0
Event: 77.371 Thread 0x00007f53d8002800 DEOPT UNPACKING pc=0x00007f542504573a sp=0x00007f541c7eee58 mode 2
Event: 77.442 Executing VM operation: ParallelGCFailedAllocation
Event: 77.480 loading class java/math/BigInteger done


Dynamic libraries:
00400000-00401000 r-xp 00000000 08:01 654793                             /usr/lib/jdk/jdk1.8.0_201/bin/java
00600000-00601000 r--p 00000000 08:01 654793                             /usr/lib/jdk/jdk1.8.0_201/bin/java
00601000-00602000 rw-p 00001000 08:01 654793                             /usr/lib/jdk/jdk1.8.0_201/bin/java
023b1000-02811000 rw-p 00000000 00:00 0                                  [heap]
c2a00000-c5380000 rw-p 00000000 00:00 0 
c5380000-eb900000 ---p 00000000 00:00 0 
eb900000-ecd80000 rw-p 00000000 00:00 0 
ee100000-100000000 ---p 00000000 00:00 0 
100000000-1001e0000 rw-p 00000000 00:00 0 
1001e0000-140000000 ---p 00000000 00:00 0 
7f53a4000000-7f53a4021000 rw-p 00000000 00:00 0 
7f53a4021000-7f53a8000000 ---p 00000000 00:00 0 
7f53a8000000-7f53a8021000 rw-p 00000000 00:00 0 
7f53a8021000-7f53ac000000 ---p 00000000 00:00 0 
7f53ac000000-7f53ac021000 rw-p 00000000 00:00 0 
7f53ac021000-7f53b0000000 ---p 00000000 00:00 0 
7f53b0000000-7f53b003b000 rw-p 00000000 00:00 0 
7f53b003b000-7f53b4000000 ---p 00000000 00:00 0 
7f53b4000000-7f53b4021000 rw-p 00000000 00:00 0 
7f53b4021000-7f53b8000000 ---p 00000000 00:00 0 
7f53b8000000-7f53b8021000 rw-p 00000000 00:00 0 
7f53b8021000-7f53bc000000 ---p 00000000 00:00 0 
7f53bc000000-7f53bc021000 rw-p 00000000 00:00 0 
7f53bc021000-7f53c0000000 ---p 00000000 00:00 0 
7f53c0000000-7f53c0021000 rw-p 00000000 00:00 0 
7f53c0021000-7f53c4000000 ---p 00000000 00:00 0 
7f53c4000000-7f53c4021000 rw-p 00000000 00:00 0 
7f53c4021000-7f53c8000000 ---p 00000000 00:00 0 
7f53c8000000-7f53c8021000 rw-p 00000000 00:00 0 
7f53c8021000-7f53cc000000 ---p 00000000 00:00 0 
7f53cc000000-7f53cc021000 rw-p 00000000 00:00 0 
7f53cc021000-7f53d0000000 ---p 00000000 00:00 0 
7f53d0000000-7f53d0021000 rw-p 00000000 00:00 0 
7f53d0021000-7f53d4000000 ---p 00000000 00:00 0 
7f53d4000000-7f53d4021000 rw-p 00000000 00:00 0 
7f53d4021000-7f53d8000000 ---p 00000000 00:00 0 
7f53d8000000-7f53d8021000 rw-p 00000000 00:00 0 
7f53d8021000-7f53dc000000 ---p 00000000 00:00 0 
7f53dc000000-7f53dc021000 rw-p 00000000 00:00 0 
7f53dc021000-7f53e0000000 ---p 00000000 00:00 0 
7f53e0000000-7f53e0021000 rw-p 00000000 00:00 0 
7f53e0021000-7f53e4000000 ---p 00000000 00:00 0 
7f53e4000000-7f53e4021000 rw-p 00000000 00:00 0 
7f53e4021000-7f53e8000000 ---p 00000000 00:00 0 
7f53e8000000-7f53e8021000 rw-p 00000000 00:00 0 
7f53e8021000-7f53ec000000 ---p 00000000 00:00 0 
7f53ecfff000-7f53f0000000 rw-p 00000000 00:00 0 
7f53f0000000-7f53f07c6000 rw-p 00000000 00:00 0 
7f53f07c6000-7f53f4000000 ---p 00000000 00:00 0 
7f53f4000000-7f53f4021000 rw-p 00000000 00:00 0 
7f53f4021000-7f53f8000000 ---p 00000000 00:00 0 
7f53f8000000-7f53f8656000 rw-p 00000000 00:00 0 
7f53f8656000-7f53fc000000 ---p 00000000 00:00 0 
7f53fc000000-7f53fc6b0000 rw-p 00000000 00:00 0 
7f53fc6b0000-7f5400000000 ---p 00000000 00:00 0 
7f5400000000-7f5400021000 rw-p 00000000 00:00 0 
7f5400021000-7f5404000000 ---p 00000000 00:00 0 
7f5404000000-7f5404021000 rw-p 00000000 00:00 0 
7f5404021000-7f5408000000 ---p 00000000 00:00 0 
7f5408000000-7f540829b000 rw-p 00000000 00:00 0 
7f540829b000-7f540c000000 ---p 00000000 00:00 0 
7f540c000000-7f540c021000 rw-p 00000000 00:00 0 
7f540c021000-7f5410000000 ---p 00000000 00:00 0 
7f5410000000-7f5410021000 rw-p 00000000 00:00 0 
7f5410021000-7f5414000000 ---p 00000000 00:00 0 
7f5414000000-7f5414021000 rw-p 00000000 00:00 0 
7f5414021000-7f5418000000 ---p 00000000 00:00 0 
7f5418000000-7f5418021000 rw-p 00000000 00:00 0 
7f5418021000-7f541c000000 ---p 00000000 00:00 0 
7f541c2e0000-7f541c3e0000 rw-p 00000000 00:00 0 
7f541c3e0000-7f541c4e0000 ---p 00000000 00:00 0 
7f541c4e0000-7f541c4f3000 r--s 00345000 08:01 656331                     /usr/lib/jdk/jdk1.8.0_201/jre/lib/resources.jar
7f541c4f3000-7f541c6f3000 rw-p 00000000 00:00 0 
7f541c6f3000-7f541c6f6000 ---p 00000000 00:00 0 
7f541c6f6000-7f541c7f4000 rw-p 00000000 00:00 0 
7f541c7f4000-7f541c7f7000 ---p 00000000 00:00 0 
7f541c7f7000-7f541c8f5000 rw-p 00000000 00:00 0 
7f541c8f5000-7f541c8f8000 ---p 00000000 00:00 0 
7f541c8f8000-7f541c9f6000 rw-p 00000000 00:00 0 
7f541c9f6000-7f541c9f9000 ---p 00000000 00:00 0 
7f541c9f9000-7f541caf7000 rw-p 00000000 00:00 0 
7f541caf7000-7f541cafa000 ---p 00000000 00:00 0 
7f541cafa000-7f541cbf8000 rw-p 00000000 00:00 0 
7f541cbf8000-7f541cbfb000 ---p 00000000 00:00 0 
7f541cbfb000-7f541ccf9000 rw-p 00000000 00:00 0 
7f541ccf9000-7f541ccfc000 ---p 00000000 00:00 0 
7f541ccfc000-7f541cdfa000 rw-p 00000000 00:00 0 
7f541cdfa000-7f541cdfd000 ---p 00000000 00:00 0 
7f541cdfd000-7f541cefb000 rw-p 00000000 00:00 0 
7f541cefb000-7f541cefe000 ---p 00000000 00:00 0 
7f541cefe000-7f541cffc000 rw-p 00000000 00:00 0 
7f541cffc000-7f541cfff000 ---p 00000000 00:00 0 
7f541cfff000-7f541d0fd000 rw-p 00000000 00:00 0 
7f541d0fd000-7f541d100000 ---p 00000000 00:00 0 
7f541d100000-7f541d1fe000 rw-p 00000000 00:00 0 
7f541d1fe000-7f541d201000 ---p 00000000 00:00 0 
7f541d201000-7f541d2ff000 rw-p 00000000 00:00 0 
7f541d2ff000-7f541d302000 ---p 00000000 00:00 0 
7f541d302000-7f541d400000 rw-p 00000000 00:00 0 
7f541d400000-7f541d403000 ---p 00000000 00:00 0 
7f541d403000-7f541d501000 rw-p 00000000 00:00 0 
7f541d501000-7f541d504000 ---p 00000000 00:00 0 
7f541d504000-7f541d802000 rw-p 00000000 00:00 0 
7f541d802000-7f541d805000 ---p 00000000 00:00 0 
7f541d805000-7f541d903000 rw-p 00000000 00:00 0 
7f541d903000-7f541d906000 ---p 00000000 00:00 0 
7f541d906000-7f541da04000 rw-p 00000000 00:00 0 
7f541da04000-7f541da07000 ---p 00000000 00:00 0 
7f541da07000-7f541db05000 rw-p 00000000 00:00 0 
7f541db05000-7f541db1b000 r-xp 00000000 08:01 656512                     /usr/lib/jdk/jdk1.8.0_201/jre/lib/amd64/libnet.so
7f541db1b000-7f541dd1b000 ---p 00016000 08:01 656512                     /usr/lib/jdk/jdk1.8.0_201/jre/lib/amd64/libnet.so
7f541dd1b000-7f541dd1c000 r--p 00016000 08:01 656512                     /usr/lib/jdk/jdk1.8.0_201/jre/lib/amd64/libnet.so
7f541dd1c000-7f541dd1d000 rw-p 00017000 08:01 656512                     /usr/lib/jdk/jdk1.8.0_201/jre/lib/amd64/libnet.so
7f541dd1d000-7f541df4e000 r--s 01bb1000 08:01 403225                     /home/hewitt/work/DiffTGen-master/lib/evosuite-1.0.6.jar
7f541df4e000-7f541df4f000 ---p 00000000 00:00 0 
7f541df4f000-7f541e04f000 rw-p 00000000 00:00 0 
7f541e04f000-7f541e052000 ---p 00000000 00:00 0 
7f541e052000-7f5420000000 rw-p 00000000 00:00 0 
7f5420000000-7f5420021000 rw-p 00000000 00:00 0 
7f5420021000-7f5424000000 ---p 00000000 00:00 0 
7f5424002000-7f5424005000 ---p 00000000 00:00 0 
7f5424005000-7f542403b000 rw-p 00000000 00:00 0 
7f542403b000-7f542403e000 ---p 00000000 00:00 0 
7f542403e000-7f542413c000 rw-p 00000000 00:00 0 
7f542413c000-7f542413f000 ---p 00000000 00:00 0 
7f542413f000-7f542423d000 rw-p 00000000 00:00 0 
7f542423d000-7f5424240000 ---p 00000000 00:00 0 
7f5424240000-7f542433e000 rw-p 00000000 00:00 0 
7f542433e000-7f5424341000 ---p 00000000 00:00 0 
7f5424341000-7f542443f000 rw-p 00000000 00:00 0 
7f542443f000-7f5424dfe000 r--p 00000000 08:01 270368                     /usr/lib/locale/locale-archive
7f5424dfe000-7f5424e01000 ---p 00000000 00:00 0 
7f5424e01000-7f5424eff000 rw-p 00000000 00:00 0 
7f5424eff000-7f5424f02000 ---p 00000000 00:00 0 
7f5424f02000-7f5425000000 rw-p 00000000 00:00 0 
7f5425000000-7f5425680000 rwxp 00000000 00:00 0 
7f5425680000-7f5434000000 ---p 00000000 00:00 0 
7f5434000000-7f54344bf000 rw-p 00000000 00:00 0 
7f54344bf000-7f5438000000 ---p 00000000 00:00 0 
7f5438008000-7f5438024000 r--s 00393000 08:01 656354                     /usr/lib/jdk/jdk1.8.0_201/jre/lib/ext/cldrdata.jar
7f5438024000-7f543809d000 r--s 010fd000 08:01 654900                     /usr/lib/jdk/jdk1.8.0_201/lib/tools.jar
7f543809d000-7f543809e000 ---p 00000000 00:00 0 
7f543809e000-7f54390ad000 rw-p 00000000 00:00 0 
7f54390ad000-7f5439287000 r--s 03d6f000 08:01 656293                     /usr/lib/jdk/jdk1.8.0_201/jre/lib/rt.jar
7f5439287000-7f5439ce8000 rw-p 00000000 00:00 0 
7f5439ce8000-7f5439ce9000 ---p 00000000 00:00 0 
7f5439ce9000-7f5439de9000 rw-p 00000000 00:00 0 
7f5439de9000-7f5439dea000 ---p 00000000 00:00 0 
7f5439dea000-7f5439eea000 rw-p 00000000 00:00 0 
7f5439eea000-7f5439eeb000 ---p 00000000 00:00 0 
7f5439eeb000-7f5439feb000 rw-p 00000000 00:00 0 
7f5439feb000-7f5439fec000 ---p 00000000 00:00 0 
7f5439fec000-7f543a101000 rw-p 00000000 00:00 0 
7f543a101000-7f543a234000 ---p 00000000 00:00 0 
7f543a234000-7f543a249000 rw-p 00000000 00:00 0 
7f543a249000-7f543a37b000 ---p 00000000 00:00 0 
7f543a37b000-7f543a386000 rw-p 00000000 00:00 0 
7f543a386000-7f543a41f000 ---p 00000000 00:00 0 
7f543a41f000-7f543a43a000 rw-p 00000000 00:00 0 
7f543a43a000-7f543a7e0000 ---p 00000000 00:00 0 
7f543a7e0000-7f543a7fb000 r-xp 00000000 08:01 656508                     /usr/lib/jdk/jdk1.8.0_201/jre/lib/amd64/libzip.so
7f543a7fb000-7f543a9fa000 ---p 0001b000 08:01 656508                     /usr/lib/jdk/jdk1.8.0_201/jre/lib/amd64/libzip.so
7f543a9fa000-7f543a9fb000 r--p 0001a000 08:01 656508                     /usr/lib/jdk/jdk1.8.0_201/jre/lib/amd64/libzip.so
7f543a9fb000-7f543a9fc000 rw-p 0001b000 08:01 656508                     /usr/lib/jdk/jdk1.8.0_201/jre/lib/amd64/libzip.so
7f543a9fc000-7f543aa07000 r-xp 00000000 08:01 658902                     /lib/x86_64-linux-gnu/libnss_files-2.23.so
7f543aa07000-7f543ac06000 ---p 0000b000 08:01 658902                     /lib/x86_64-linux-gnu/libnss_files-2.23.so
7f543ac06000-7f543ac07000 r--p 0000a000 08:01 658902                     /lib/x86_64-linux-gnu/libnss_files-2.23.so
7f543ac07000-7f543ac08000 rw-p 0000b000 08:01 658902                     /lib/x86_64-linux-gnu/libnss_files-2.23.so
7f543ac08000-7f543ac0e000 rw-p 00000000 00:00 0 
7f543ac0e000-7f543ac19000 r-xp 00000000 08:01 658912                     /lib/x86_64-linux-gnu/libnss_nis-2.23.so
7f543ac19000-7f543ae18000 ---p 0000b000 08:01 658912                     /lib/x86_64-linux-gnu/libnss_nis-2.23.so
7f543ae18000-7f543ae19000 r--p 0000a000 08:01 658912                     /lib/x86_64-linux-gnu/libnss_nis-2.23.so
7f543ae19000-7f543ae1a000 rw-p 0000b000 08:01 658912                     /lib/x86_64-linux-gnu/libnss_nis-2.23.so
7f543ae1a000-7f543ae30000 r-xp 00000000 08:01 658896                     /lib/x86_64-linux-gnu/libnsl-2.23.so
7f543ae30000-7f543b02f000 ---p 00016000 08:01 658896                     /lib/x86_64-linux-gnu/libnsl-2.23.so
7f543b02f000-7f543b030000 r--p 00015000 08:01 658896                     /lib/x86_64-linux-gnu/libnsl-2.23.so
7f543b030000-7f543b031000 rw-p 00016000 08:01 658896                     /lib/x86_64-linux-gnu/libnsl-2.23.so
7f543b031000-7f543b033000 rw-p 00000000 00:00 0 
7f543b033000-7f543b03b000 r-xp 00000000 08:01 658898                     /lib/x86_64-linux-gnu/libnss_compat-2.23.so
7f543b03b000-7f543b23a000 ---p 00008000 08:01 658898                     /lib/x86_64-linux-gnu/libnss_compat-2.23.so
7f543b23a000-7f543b23b000 r--p 00007000 08:01 658898                     /lib/x86_64-linux-gnu/libnss_compat-2.23.so
7f543b23b000-7f543b23c000 rw-p 00008000 08:01 658898                     /lib/x86_64-linux-gnu/libnss_compat-2.23.so
7f543b23c000-7f543b268000 r-xp 00000000 08:01 656502                     /usr/lib/jdk/jdk1.8.0_201/jre/lib/amd64/libjava.so
7f543b268000-7f543b468000 ---p 0002c000 08:01 656502                     /usr/lib/jdk/jdk1.8.0_201/jre/lib/amd64/libjava.so
7f543b468000-7f543b469000 r--p 0002c000 08:01 656502                     /usr/lib/jdk/jdk1.8.0_201/jre/lib/amd64/libjava.so
7f543b469000-7f543b46b000 rw-p 0002d000 08:01 656502                     /usr/lib/jdk/jdk1.8.0_201/jre/lib/amd64/libjava.so
7f543b46b000-7f543b478000 r-xp 00000000 08:01 656507                     /usr/lib/jdk/jdk1.8.0_201/jre/lib/amd64/libverify.so
7f543b478000-7f543b677000 ---p 0000d000 08:01 656507                     /usr/lib/jdk/jdk1.8.0_201/jre/lib/amd64/libverify.so
7f543b677000-7f543b679000 r--p 0000c000 08:01 656507                     /usr/lib/jdk/jdk1.8.0_201/jre/lib/amd64/libverify.so
7f543b679000-7f543b67a000 rw-p 0000e000 08:01 656507                     /usr/lib/jdk/jdk1.8.0_201/jre/lib/amd64/libverify.so
7f543b67a000-7f543b681000 r-xp 00000000 08:01 658957                     /lib/x86_64-linux-gnu/librt-2.23.so
7f543b681000-7f543b880000 ---p 00007000 08:01 658957                     /lib/x86_64-linux-gnu/librt-2.23.so
7f543b880000-7f543b881000 r--p 00006000 08:01 658957                     /lib/x86_64-linux-gnu/librt-2.23.so
7f543b881000-7f543b882000 rw-p 00007000 08:01 658957                     /lib/x86_64-linux-gnu/librt-2.23.so
7f543b882000-7f543b98a000 r-xp 00000000 08:01 658873                     /lib/x86_64-linux-gnu/libm-2.23.so
7f543b98a000-7f543bb89000 ---p 00108000 08:01 658873                     /lib/x86_64-linux-gnu/libm-2.23.so
7f543bb89000-7f543bb8a000 r--p 00107000 08:01 658873                     /lib/x86_64-linux-gnu/libm-2.23.so
7f543bb8a000-7f543bb8b000 rw-p 00108000 08:01 658873                     /lib/x86_64-linux-gnu/libm-2.23.so
7f543bb8b000-7f543c873000 r-xp 00000000 08:01 656484                     /usr/lib/jdk/jdk1.8.0_201/jre/lib/amd64/server/libjvm.so
7f543c873000-7f543ca72000 ---p 00ce8000 08:01 656484                     /usr/lib/jdk/jdk1.8.0_201/jre/lib/amd64/server/libjvm.so
7f543ca72000-7f543cb08000 r--p 00ce7000 08:01 656484                     /usr/lib/jdk/jdk1.8.0_201/jre/lib/amd64/server/libjvm.so
7f543cb08000-7f543cb39000 rw-p 00d7d000 08:01 656484                     /usr/lib/jdk/jdk1.8.0_201/jre/lib/amd64/server/libjvm.so
7f543cb39000-7f543cb74000 rw-p 00000000 00:00 0 
7f543cb74000-7f543cd34000 r-xp 00000000 08:01 658803                     /lib/x86_64-linux-gnu/libc-2.23.so
7f543cd34000-7f543cf34000 ---p 001c0000 08:01 658803                     /lib/x86_64-linux-gnu/libc-2.23.so
7f543cf34000-7f543cf38000 r--p 001c0000 08:01 658803                     /lib/x86_64-linux-gnu/libc-2.23.so
7f543cf38000-7f543cf3a000 rw-p 001c4000 08:01 658803                     /lib/x86_64-linux-gnu/libc-2.23.so
7f543cf3a000-7f543cf3e000 rw-p 00000000 00:00 0 
7f543cf3e000-7f543cf41000 r-xp 00000000 08:01 658827                     /lib/x86_64-linux-gnu/libdl-2.23.so
7f543cf41000-7f543d140000 ---p 00003000 08:01 658827                     /lib/x86_64-linux-gnu/libdl-2.23.so
7f543d140000-7f543d141000 r--p 00002000 08:01 658827                     /lib/x86_64-linux-gnu/libdl-2.23.so
7f543d141000-7f543d142000 rw-p 00003000 08:01 658827                     /lib/x86_64-linux-gnu/libdl-2.23.so
7f543d142000-7f543d159000 r-xp 00000000 08:01 656155                     /usr/lib/jdk/jdk1.8.0_201/lib/amd64/jli/libjli.so
7f543d159000-7f543d358000 ---p 00017000 08:01 656155                     /usr/lib/jdk/jdk1.8.0_201/lib/amd64/jli/libjli.so
7f543d358000-7f543d359000 r--p 00016000 08:01 656155                     /usr/lib/jdk/jdk1.8.0_201/lib/amd64/jli/libjli.so
7f543d359000-7f543d35a000 rw-p 00017000 08:01 656155                     /usr/lib/jdk/jdk1.8.0_201/lib/amd64/jli/libjli.so
7f543d35a000-7f543d372000 r-xp 00000000 08:01 658949                     /lib/x86_64-linux-gnu/libpthread-2.23.so
7f543d372000-7f543d571000 ---p 00018000 08:01 658949                     /lib/x86_64-linux-gnu/libpthread-2.23.so
7f543d571000-7f543d572000 r--p 00017000 08:01 658949                     /lib/x86_64-linux-gnu/libpthread-2.23.so
7f543d572000-7f543d573000 rw-p 00018000 08:01 658949                     /lib/x86_64-linux-gnu/libpthread-2.23.so
7f543d573000-7f543d577000 rw-p 00000000 00:00 0 
7f543d577000-7f543d59d000 r-xp 00000000 08:01 658775                     /lib/x86_64-linux-gnu/ld-2.23.so
7f543d5a8000-7f543d5b2000 r--s 00116000 08:01 656361                     /usr/lib/jdk/jdk1.8.0_201/jre/lib/ext/localedata.jar
7f543d5b2000-7f543d5c1000 r--s 000aa000 08:01 445545                     /home/hewitt/work/DiffTGen-master/output/patch1-Math-82-Jaid-plausible/Math_82_1-plausible_jaid/target/build/classes/all0.jar
7f543d5c1000-7f543d67f000 rw-p 00000000 00:00 0 
7f543d67f000-7f543d682000 ---p 00000000 00:00 0 
7f543d682000-7f543d785000 rw-p 00000000 00:00 0 
7f543d785000-7f543d789000 r--s 000a1000 08:01 656350                     /usr/lib/jdk/jdk1.8.0_201/jre/lib/jsse.jar
7f543d789000-7f543d791000 r--s 0006e000 08:01 398946                     /home/hewitt/work/DiffTGen-master/lib/commons-lang3-3.5.jar
7f543d791000-7f543d792000 r--s 00000000 08:01 398951                     /home/hewitt/work/DiffTGen-master/lib/myprinter.jar
7f543d792000-7f543d79a000 rw-s 00000000 08:01 150216                     /tmp/hsperfdata_hewitt/44682
7f543d79a000-7f543d79b000 rw-p 00000000 00:00 0 
7f543d79b000-7f543d79c000 ---p 00000000 00:00 0 
7f543d79c000-7f543d79d000 r--p 00025000 08:01 658775                     /lib/x86_64-linux-gnu/ld-2.23.so
7f543d79d000-7f543d79e000 rw-p 00026000 08:01 658775                     /lib/x86_64-linux-gnu/ld-2.23.so
7f543d79e000-7f543d79f000 rw-p 00000000 00:00 0 
7ffd84c3d000-7ffd84c5f000 rw-p 00000000 00:00 0                          [stack]
7ffd84cdf000-7ffd84ce2000 r--p 00000000 00:00 0                          [vvar]
7ffd84ce2000-7ffd84ce4000 r-xp 00000000 00:00 0                          [vdso]
ffffffffff600000-ffffffffff601000 r-xp 00000000 00:00 0                  [vsyscall]

VM Arguments:
java_command: /home/hewitt/work/DiffTGen-master/lib/evosuite-1.0.6.jar -base_dir /home/hewitt/work/DiffTGen-master/output/patch1-Math-82-Jaid-plausible/Math_82_1-plausible_jaid/target/0/1 -projectCP /home/hewitt/work/DiffTGen-master/output/patch1-Math-82-Jaid-plausible/Math_82_1-plausible_jaid/target/build/classes/all0.jar:/home/hewitt/work/DiffTGen-master/lib/myprinter.jar:/home/hewitt/work/DiffTGen-master/lib/commons-lang3-3.5.jar -class org.apache.commons.math.optimization.linear.SimplexSolver -Dassertions=false -Dsearch_budget=60
java_class_path (initial): /home/hewitt/work/DiffTGen-master/lib/evosuite-1.0.6.jar
Launcher Type: SUN_STANDARD

Environment Variables:
JAVA_HOME=/usr/lib/jdk/jdk1.8.0_201
JRE_HOME=/usr/lib/jdk/jdk1.8.0_201/jre
CLASSPATH=.:/usr/lib/jdk/jdk1.8.0_201/lib:/usr/lib/jdk/jdk1.8.0_201/jre/lib
PATH=/usr/lib/jdk/jdk1.8.0_201/bin:/home/hewitt/bin:/home/hewitt/.local/bin:/usr/lib/jdk/jdk1.7.0_80/bin:/usr/local/sbin:/usr/local/bin:/usr/sbin:/usr/bin:/sbin:/bin:/usr/games:/usr/local/games:/snap/bin:/home/hewitt/work/defects4j_v1.4.0/defects4j/framework/bin:/opt/apache-ant-1.9.14/bin:/home/hewitt/work/defects4j_v1.4.0/defects4j/framework/bin
SHELL=/bin/bash
DISPLAY=:0

Signal Handlers:
SIGSEGV: [libjvm.so+0xad3e60], sa_mask[0]=11111111011111111101111111111110, sa_flags=SA_RESTART|SA_SIGINFO
SIGBUS: [libjvm.so+0xad3e60], sa_mask[0]=11111111011111111101111111111110, sa_flags=SA_RESTART|SA_SIGINFO
SIGFPE: [libjvm.so+0x90b880], sa_mask[0]=11111111011111111101111111111110, sa_flags=SA_RESTART|SA_SIGINFO
SIGPIPE: [libjvm.so+0x90b880], sa_mask[0]=11111111011111111101111111111110, sa_flags=SA_RESTART|SA_SIGINFO
SIGXFSZ: [libjvm.so+0x90b880], sa_mask[0]=11111111011111111101111111111110, sa_flags=SA_RESTART|SA_SIGINFO
SIGILL: [libjvm.so+0x90b880], sa_mask[0]=11111111011111111101111111111110, sa_flags=SA_RESTART|SA_SIGINFO
SIGUSR1: SIG_DFL, sa_mask[0]=00000000000000000000000000000000, sa_flags=none
SIGUSR2: [libjvm.so+0x90b750], sa_mask[0]=00100000000000000000000000000000, sa_flags=SA_RESTART|SA_SIGINFO
SIGHUP: [libjvm.so+0x90bd70], sa_mask[0]=11111111011111111101111111111110, sa_flags=SA_RESTART|SA_SIGINFO
SIGINT: [libjvm.so+0x90bd70], sa_mask[0]=11111111011111111101111111111110, sa_flags=SA_RESTART|SA_SIGINFO
SIGTERM: [libjvm.so+0x90bd70], sa_mask[0]=11111111011111111101111111111110, sa_flags=SA_RESTART|SA_SIGINFO
SIGQUIT: [libjvm.so+0x90bd70], sa_mask[0]=11111111011111111101111111111110, sa_flags=SA_RESTART|SA_SIGINFO


---------------  S Y S T E M  ---------------

OS:DISTRIB_ID=Ubuntu
DISTRIB_RELEASE=16.04
DISTRIB_CODENAME=xenial
DISTRIB_DESCRIPTION="Ubuntu 16.04.6 LTS"

uname:Linux 4.15.0-91-generic #92~16.04.1-Ubuntu SMP Fri Feb 28 14:57:22 UTC 2020 x86_64
libc:glibc 2.23 NPTL 2.23 
rlimit: STACK 8192k, CORE 0k, NPROC 15448, NOFILE 1048576, AS infinity
load average:22.34 19.82 18.54

/proc/meminfo:
MemTotal:        4015928 kB
MemFree:           89512 kB
MemAvailable:          0 kB
Buffers:             328 kB
Cached:            12536 kB
SwapCached:          260 kB
Active:          2910008 kB
Inactive:         585196 kB
Active(anon):    2904576 kB
Inactive(anon):   579420 kB
Active(file):       5432 kB
Inactive(file):     5776 kB
Unevictable:          48 kB
Mlocked:              48 kB
SwapTotal:        998396 kB
SwapFree:             12 kB
Dirty:                56 kB
Writeback:           172 kB
AnonPages:       3482340 kB
Mapped:             9976 kB
Shmem:              1272 kB
Slab:              92872 kB
SReclaimable:      34000 kB
SUnreclaim:        58872 kB
KernelStack:       16192 kB
PageTables:        42388 kB
NFS_Unstable:          0 kB
Bounce:                0 kB
WritebackTmp:          0 kB
CommitLimit:     3006360 kB
Committed_AS:    8685872 kB
VmallocTotal:   34359738367 kB
VmallocUsed:           0 kB
VmallocChunk:          0 kB
HardwareCorrupted:     0 kB
AnonHugePages:         0 kB
ShmemHugePages:        0 kB
ShmemPmdMapped:        0 kB
CmaTotal:              0 kB
CmaFree:               0 kB
HugePages_Total:       0
HugePages_Free:        0
HugePages_Rsvd:        0
HugePages_Surp:        0
Hugepagesize:       2048 kB
DirectMap4k:      110400 kB
DirectMap2M:     4083712 kB
DirectMap1G:     2097152 kB

container (cgroup) information:
container_type: cgroupv1
cpu_cpuset_cpus: 0-3
cpu_memory_nodes: 0
active_processor_count: 4
cpu_quota: -1
cpu_period: 100000
cpu_shares: -1
memory_limit_in_bytes: -1
memory_and_swap_limit_in_bytes: -2
memory_soft_limit_in_bytes: -1
memory_usage_in_bytes: 3579396096
memory_max_usage_in_bytes: 53571584


CPU:total 4 (initial active 4) (2 cores per cpu, 1 threads per core) family 6 model 158 stepping 9, cmov, cx8, fxsr, mmx, sse, sse2, sse3, ssse3, sse4.1, sse4.2, popcnt, avx, avx2, aes, clmul, erms, 3dnowpref, lzcnt, tsc, tscinvbit, bmi1, bmi2, adx

/proc/cpuinfo:
processor	: 0
vendor_id	: GenuineIntel
cpu family	: 6
model		: 158
model name	: Intel(R) Core(TM) i7-7700HQ CPU @ 2.80GHz
stepping	: 9
microcode	: 0xb4
cpu MHz		: 2807.997
cache size	: 6144 KB
physical id	: 0
siblings	: 2
core id		: 0
cpu cores	: 2
apicid		: 0
initial apicid	: 0
fpu		: yes
fpu_exception	: yes
cpuid level	: 22
wp		: yes
flags		: fpu vme de pse tsc msr pae mce cx8 apic sep mtrr pge mca cmov pat pse36 clflush mmx fxsr sse sse2 ss ht syscall nx pdpe1gb rdtscp lm constant_tsc arch_perfmon nopl xtopology tsc_reliable nonstop_tsc cpuid pni pclmulqdq ssse3 fma cx16 pcid sse4_1 sse4_2 x2apic movbe popcnt tsc_deadline_timer aes xsave avx f16c rdrand hypervisor lahf_lm abm 3dnowprefetch cpuid_fault invpcid_single pti ssbd ibrs ibpb stibp fsgsbase tsc_adjust bmi1 avx2 smep bmi2 invpcid mpx rdseed adx smap clflushopt xsaveopt xsavec xsaves arat md_clear flush_l1d arch_capabilities
bugs		: cpu_meltdown spectre_v1 spectre_v2 spec_store_bypass l1tf mds swapgs itlb_multihit
bogomips	: 5615.99
clflush size	: 64
cache_alignment	: 64
address sizes	: 43 bits physical, 48 bits virtual
power management:

processor	: 1
vendor_id	: GenuineIntel
cpu family	: 6
model		: 158
model name	: Intel(R) Core(TM) i7-7700HQ CPU @ 2.80GHz
stepping	: 9
microcode	: 0xb4
cpu MHz		: 2807.997
cache size	: 6144 KB
physical id	: 0
siblings	: 2
core id		: 1
cpu cores	: 2
apicid		: 1
initial apicid	: 1
fpu		: yes
fpu_exception	: yes
cpuid level	: 22
wp		: yes
flags		: fpu vme de pse tsc msr pae mce cx8 apic sep mtrr pge mca cmov pat pse36 clflush mmx fxsr sse sse2 ss ht syscall nx pdpe1gb rdtscp lm constant_tsc arch_perfmon nopl xtopology tsc_reliable nonstop_tsc cpuid pni pclmulqdq ssse3 fma cx16 pcid sse4_1 sse4_2 x2apic movbe popcnt tsc_deadline_timer aes xsave avx f16c rdrand hypervisor lahf_lm abm 3dnowprefetch cpuid_fault invpcid_single pti ssbd ibrs ibpb stibp fsgsbase tsc_adjust bmi1 avx2 smep bmi2 invpcid mpx rdseed adx smap clflushopt xsaveopt xsavec xsaves arat md_clear flush_l1d arch_capabilities
bugs		: cpu_meltdown spectre_v1 spectre_v2 spec_store_bypass l1tf mds swapgs itlb_multihit
bogomips	: 5615.99
clflush size	: 64
cache_alignment	: 64
address sizes	: 43 bits physical, 48 bits virtual
power management:

processor	: 2
vendor_id	: GenuineIntel
cpu family	: 6
model		: 158
model name	: Intel(R) Core(TM) i7-7700HQ CPU @ 2.80GHz
stepping	: 9
microcode	: 0xb4
cpu MHz		: 2807.997
cache size	: 6144 KB
physical id	: 1
siblings	: 2
core id		: 0
cpu cores	: 2
apicid		: 2
initial apicid	: 2
fpu		: yes
fpu_exception	: yes
cpuid level	: 22
wp		: yes
flags		: fpu vme de pse tsc msr pae mce cx8 apic sep mtrr pge mca cmov pat pse36 clflush mmx fxsr sse sse2 ss ht syscall nx pdpe1gb rdtscp lm constant_tsc arch_perfmon nopl xtopology tsc_reliable nonstop_tsc cpuid pni pclmulqdq ssse3 fma cx16 pcid sse4_1 sse4_2 x2apic movbe popcnt tsc_deadline_timer aes xsave avx f16c rdrand hypervisor lahf_lm abm 3dnowprefetch cpuid_fault invpcid_single pti ssbd ibrs ibpb stibp fsgsbase tsc_adjust bmi1 avx2 smep bmi2 invpcid mpx rdseed adx smap clflushopt xsaveopt xsavec xsaves arat md_clear flush_l1d arch_capabilities
bugs		: cpu_meltdown spectre_v1 spectre_v2 spec_store_bypass l1tf mds swapgs itlb_multihit
bogomips	: 5615.99
clflush size	: 64
cache_alignment	: 64
address sizes	: 43 bits physical, 48 bits virtual
power management:

processor	: 3
vendor_id	: GenuineIntel
cpu family	: 6
model		: 158
model name	: Intel(R) Core(TM) i7-7700HQ CPU @ 2.80GHz
stepping	: 9
microcode	: 0xb4
cpu MHz		: 2807.997
cache size	: 6144 KB
physical id	: 1
siblings	: 2
core id		: 1
cpu cores	: 2
apicid		: 3
initial apicid	: 3
fpu		: yes
fpu_exception	: yes
cpuid level	: 22
wp		: yes
flags		: fpu vme de pse tsc msr pae mce cx8 apic sep mtrr pge mca cmov pat pse36 clflush mmx fxsr sse sse2 ss ht syscall nx pdpe1gb rdtscp lm constant_tsc arch_perfmon nopl xtopology tsc_reliable nonstop_tsc cpuid pni pclmulqdq ssse3 fma cx16 pcid sse4_1 sse4_2 x2apic movbe popcnt tsc_deadline_timer aes xsave avx f16c rdrand hypervisor lahf_lm abm 3dnowprefetch cpuid_fault invpcid_single pti ssbd ibrs ibpb stibp fsgsbase tsc_adjust bmi1 avx2 smep bmi2 invpcid mpx rdseed adx smap clflushopt xsaveopt xsavec xsaves arat md_clear flush_l1d arch_capabilities
bugs		: cpu_meltdown spectre_v1 spectre_v2 spec_store_bypass l1tf mds swapgs itlb_multihit
bogomips	: 5615.99
clflush size	: 64
cache_alignment	: 64
address sizes	: 43 bits physical, 48 bits virtual
power management:



Memory: 4k page, physical 4015928k(89512k free), swap 998396k(12k free)

vm_info: Java HotSpot(TM) 64-Bit Server VM (25.201-b09) for linux-amd64 JRE (1.8.0_201-b09), built on Dec 15 2018 11:35:59 by "java_re" with gcc 7.3.0

time: Mon Mar 30 11:05:29 2020
timezone: CST
elapsed time: 79 seconds (0d 0h 1m 19s)

