#
# There is insufficient memory for the Java Runtime Environment to continue.
# Native memory allocation (mmap) failed to map 37748736 bytes for committing reserved memory.
# Possible reasons:
#   The system is out of physical RAM or swap space
#   The process is running with CompressedOops enabled, and the Java Heap may be blocking the growth of the native heap
# Possible solutions:
#   Reduce memory load on the system
#   Increase physical memory or swap space
#   Check if swap backing store is full
#   Decrease Java heap size (-Xmx/-Xms)
#   Decrease number of Java threads
#   Decrease Java thread stack sizes (-Xss)
#   Set larger code cache with -XX:ReservedCodeCacheSize=
#   JVM is running with Unscaled Compressed Oops mode in which the Java heap is
#     placed in the first 4GB address space. The Java Heap base address is the
#     maximum limit for the native heap growth. Please use -XX:HeapBaseMinAddress
#     to set the Java Heap base and to place the Java Heap above 4GB virtual address.
# This output file may be truncated or incomplete.
#
#  Out of Memory Error (os_linux.cpp:2749), pid=19199, tid=0x00007f755567b700
#
# JRE version: Java(TM) SE Runtime Environment (8.0_201-b09) (build 1.8.0_201-b09)
# Java VM: Java HotSpot(TM) 64-Bit Server VM (25.201-b09 mixed mode linux-amd64 compressed oops)
# Failed to write core dump. Core dumps have been disabled. To enable core dumping, try "ulimit -c unlimited" before starting Java again
#

---------------  T H R E A D  ---------------

Current thread (0x00007f7568140000):  VMThread [stack: 0x00007f755557b000,0x00007f755567c000] [id=19239]

Stack: [0x00007f755557b000,0x00007f755567c000],  sp=0x00007f755567a450,  free space=1021k
Native frames: (J=compiled Java code, j=interpreted, Vv=VM code, C=native code)
V  [libjvm.so+0xad3525]  VMError::report_and_die()+0x2e5
V  [libjvm.so+0x4e0457]  report_vm_out_of_memory(char const*, int, unsigned long, VMErrorType, char const*)+0x67
V  [libjvm.so+0x9102f0]  os::pd_commit_memory(char*, unsigned long, unsigned long, bool)+0x100
V  [libjvm.so+0x90791f]  os::commit_memory(char*, unsigned long, unsigned long, bool)+0x1f
V  [libjvm.so+0x98c806]  PSVirtualSpace::expand_by(unsigned long)+0x56
V  [libjvm.so+0x98da98]  PSYoungGen::resize(unsigned long, unsigned long)+0xd8
V  [libjvm.so+0x98a236]  PSScavenge::invoke_no_policy()+0x1376
V  [libjvm.so+0x98a5cc]  PSScavenge::invoke()+0x4c
V  [libjvm.so+0x93a318]  ParallelScavengeHeap::failed_mem_allocate(unsigned long)+0x68
V  [libjvm.so+0xad5073]  VM_ParallelGCFailedAllocation::doit()+0x93
V  [libjvm.so+0xada296]  VM_Operation::evaluate()+0x46
V  [libjvm.so+0xad85cd]  VMThread::evaluate_operation(VM_Operation*) [clone .constprop.44]+0xcd
V  [libjvm.so+0xad8bb3]  VMThread::loop()+0x3a3
V  [libjvm.so+0xad8f88]  VMThread::run()+0x78
V  [libjvm.so+0x90d922]  java_start(Thread*)+0x102

VM_Operation (0x00007f74efbf8210): ParallelGCFailedAllocation, mode: safepoint, requested by thread 0x00007f750c001000


---------------  P R O C E S S  ---------------

Java Threads: ( => current thread )
  0x00007f750c002800 JavaThread "RMI TCP Connection(3)-127.0.0.1" daemon [_thread_in_native, id=19711, stack(0x00007f74ef9fa000,0x00007f74efafb000)]
  0x00007f750c001000 JavaThread "RMI TCP Connection(2)-127.0.0.1" daemon [_thread_blocked, id=19644, stack(0x00007f74efafb000,0x00007f74efbfc000)]
  0x00007f74e0034800 JavaThread "RMI Scheduler(0)" daemon [_thread_blocked, id=19640, stack(0x00007f74efbfc000,0x00007f74efcfd000)]
  0x00007f74e002c800 JavaThread "RMI RenewClean-[127.0.0.1:18907]" daemon [_thread_blocked, id=19613, stack(0x00007f74efcfd000,0x00007f74efdfe000)]
  0x00007f7508003000 JavaThread "RMI TCP Connection(4)-127.0.0.1" daemon [_thread_blocked, id=19599, stack(0x00007f74efdfe000,0x00007f74efeff000)]
  0x00007f74f8005000 JavaThread "pool-3-thread-3" [_thread_in_native, id=19561, stack(0x00007f74efeff000,0x00007f74f0000000)]
  0x00007f74f8003000 JavaThread "pool-3-thread-2" [_thread_in_native, id=19560, stack(0x00007f751c0dc000,0x00007f751c1dd000)]
  0x00007f74f8002000 JavaThread "pool-3-thread-1" [_thread_in_native, id=19558, stack(0x00007f751c1dd000,0x00007f751c2de000)]
  0x00007f756839d000 JavaThread "Thread-3" [_thread_in_native, id=19453, stack(0x00007f751c2de000,0x00007f751c3df000)]
  0x00007f756839b800 JavaThread "Thread-2" [_thread_in_native, id=19447, stack(0x00007f751c3df000,0x00007f751c4e0000)]
  0x00007f756839a000 JavaThread "process reaper" daemon [_thread_in_native, id=19446, stack(0x00007f7554038000,0x00007f7554071000)]
  0x00007f7568395000 JavaThread "pool-2-thread-1" [_thread_in_native, id=19395, stack(0x00007f751c4e0000,0x00007f751c5e1000)]
  0x00007f7568392000 JavaThread "GC Daemon" daemon [_thread_blocked, id=19389, stack(0x00007f751c5e1000,0x00007f751c6e2000)]
  0x00007f756838f000 JavaThread "RMI Reaper" [_thread_blocked, id=19386, stack(0x00007f751c6e2000,0x00007f751c7e3000)]
  0x00007f7568384800 JavaThread "RMI TCP Accept-9525" daemon [_thread_in_native, id=19385, stack(0x00007f751c7e3000,0x00007f751c8e4000)]
  0x00007f756837d800 JavaThread "RMI TCP Accept-15950" daemon [_thread_in_native, id=19382, stack(0x00007f751c8e4000,0x00007f751c9e5000)]
  0x00007f75682d3800 JavaThread "logback-3" daemon [_thread_blocked, id=19341, stack(0x00007f751cbe5000,0x00007f751cce6000)]
  0x00007f75682d1800 JavaThread "logback-2" daemon [_thread_blocked, id=19337, stack(0x00007f751cce6000,0x00007f751cde7000)]
  0x00007f75682ce000 JavaThread "logback-1" daemon [_thread_blocked, id=19334, stack(0x00007f75540ea000,0x00007f75541eb000)]
  0x00007f7568189000 JavaThread "Service Thread" daemon [_thread_blocked, id=19309, stack(0x00007f75544b5000,0x00007f75545b6000)]
  0x00007f7568186000 JavaThread "C1 CompilerThread2" daemon [_thread_blocked, id=19301, stack(0x00007f75545b6000,0x00007f75546b7000)]
  0x00007f7568184800 JavaThread "C2 CompilerThread1" daemon [_thread_blocked, id=19293, stack(0x00007f75546b7000,0x00007f75547b8000)]
  0x00007f7568181800 JavaThread "C2 CompilerThread0" daemon [_thread_blocked, id=19286, stack(0x00007f75547b8000,0x00007f75548b9000)]
  0x00007f7568180000 JavaThread "Signal Dispatcher" daemon [_thread_blocked, id=19284, stack(0x00007f75548b9000,0x00007f75549ba000)]
  0x00007f756814c000 JavaThread "Finalizer" daemon [_thread_blocked, id=19260, stack(0x00007f7555379000,0x00007f755547a000)]
  0x00007f7568149800 JavaThread "Reference Handler" daemon [_thread_blocked, id=19253, stack(0x00007f755547a000,0x00007f755557b000)]
  0x00007f756800a800 JavaThread "main" [_thread_in_native, id=19207, stack(0x00007f756fa1f000,0x00007f756fb20000)]

Other Threads:
=>0x00007f7568140000 VMThread [stack: 0x00007f755557b000,0x00007f755567c000] [id=19239]
  0x00007f756818b800 WatcherThread [stack: 0x00007f75543b4000,0x00007f75544b5000] [id=19310]

VM state:at safepoint (normal execution)

VM Mutex/Monitor currently owned by a thread:  ([mutex/lock_event])
[0x00007f7568006fb0] Threads_lock - owner thread: 0x00007f7568140000
[0x00007f75680074b0] Heap_lock - owner thread: 0x00007f750c001000

heap address: 0x00000000c2a00000, size: 982 MB, Compressed Oops mode: 32-bit
Narrow klass base: 0x0000000000000000, Narrow klass shift: 3
Compressed class space size: 1073741824 Address: 0x0000000100000000

Heap:
 PSYoungGen      total 102400K, used 5600K [0x00000000eb900000, 0x00000000f3800000, 0x0000000100000000)
  eden space 92672K, 0% used [0x00000000eb900000,0x00000000eb900000,0x00000000f1380000)
  from space 9728K, 57% used [0x00000000f2500000,0x00000000f2a78010,0x00000000f2e80000)
  to   space 7168K, 0% used [0x00000000f3100000,0x00000000f3100000,0x00000000f3800000)
 ParOldGen       total 42496K, used 23146K [0x00000000c2a00000, 0x00000000c5380000, 0x00000000eb900000)
  object space 42496K, 54% used [0x00000000c2a00000,0x00000000c409a940,0x00000000c5380000)
 Metaspace       used 14708K, capacity 15224K, committed 15360K, reserved 1062912K
  class space    used 1615K, capacity 1766K, committed 1792K, reserved 1048576K

Card table byte_map: [0x00007f756c5d4000,0x00007f756c7c0000] byte_map_base: 0x00007f756bfbf000

Marking Bits: (ParMarkBitMap*) 0x00007f756eef6d80
 Begin Bits: [0x00007f7557150000, 0x00007f75580a8000)
 End Bits:   [0x00007f75580a8000, 0x00007f7559000000)

Polling page: 0x00007f756fb3b000

CodeCache: size=245760Kb used=8018Kb max_used=8024Kb free=237741Kb
 bounds [0x00007f7559000000, 0x00007f75597e0000, 0x00007f7568000000]
 total_blobs=2514 nmethods=2164 adapters=263
 compilation: enabled

Compilation events (10 events):
Event: 58.281 Thread 0x00007f7568186000 2250       3       org.evosuite.ga.Chromosome::getCoverageInstanceOf (60 bytes)
Event: 58.281 Thread 0x00007f7568186000 nmethod 2250 0x00007f75597d7290 code [0x00007f75597d74e0, 0x00007f75597d8498]
Event: 58.282 Thread 0x00007f7568186000 2251       3       org.evosuite.ga.Chromosome::getFitnessInstanceOf (60 bytes)
Event: 58.282 Thread 0x00007f7568186000 nmethod 2251 0x00007f75597d8a90 code [0x00007f75597d8ce0, 0x00007f75597d9c98]
Event: 58.332 Thread 0x00007f7568184800 nmethod 2245 0x00007f75597d6e50 code [0x00007f75597d6fc0, 0x00007f75597d70f8]
Event: 58.332 Thread 0x00007f7568184800 2249   !   4       java.io.ObjectInputStream::readObject (130 bytes)
Event: 58.338 Thread 0x00007f7568186000 2253       3       org.evosuite.coverage.branch.BranchCoverageFactory::createBranchCoverageTestFitness (12 bytes)
Event: 58.339 Thread 0x00007f7568186000 nmethod 2253 0x00007f75597dc3d0 code [0x00007f75597dc580, 0x00007f75597dcc08]
Event: 58.340 Thread 0x00007f7568186000 2254       3       org.evosuite.coverage.branch.BranchCoverageFactory::createBranchCoverageTestFitness (25 bytes)
Event: 58.340 Thread 0x00007f7568186000 nmethod 2254 0x00007f75597cf2d0 code [0x00007f75597cf480, 0x00007f75597cfa68]

GC Heap History (10 events):
Event: 37.509 GC heap after
Heap after GC invocations=7 (full 1):
 PSYoungGen      total 31744K, used 2544K [0x00000000eb900000, 0x00000000ee200000, 0x0000000100000000)
  eden space 29184K, 0% used [0x00000000eb900000,0x00000000eb900000,0x00000000ed580000)
  from space 2560K, 99% used [0x00000000eda80000,0x00000000edcfc050,0x00000000edd00000)
  to   space 5120K, 0% used [0x00000000ed580000,0x00000000ed580000,0x00000000eda80000)
 ParOldGen       total 42496K, used 10266K [0x00000000c2a00000, 0x00000000c5380000, 0x00000000eb900000)
  object space 42496K, 24% used [0x00000000c2a00000,0x00000000c3406a68,0x00000000c5380000)
 Metaspace       used 13435K, capacity 13780K, committed 13952K, reserved 1060864K
  class space    used 1555K, capacity 1658K, committed 1664K, reserved 1048576K
}
Event: 38.470 GC heap before
{Heap before GC invocations=8 (full 1):
 PSYoungGen      total 31744K, used 31728K [0x00000000eb900000, 0x00000000ee200000, 0x0000000100000000)
  eden space 29184K, 100% used [0x00000000eb900000,0x00000000ed580000,0x00000000ed580000)
  from space 2560K, 99% used [0x00000000eda80000,0x00000000edcfc050,0x00000000edd00000)
  to   space 5120K, 0% used [0x00000000ed580000,0x00000000ed580000,0x00000000eda80000)
 ParOldGen       total 42496K, used 10266K [0x00000000c2a00000, 0x00000000c5380000, 0x00000000eb900000)
  object space 42496K, 24% used [0x00000000c2a00000,0x00000000c3406a68,0x00000000c5380000)
 Metaspace       used 13490K, capacity 13844K, committed 13952K, reserved 1060864K
  class space    used 1555K, capacity 1658K, committed 1664K, reserved 1048576K
Event: 38.482 GC heap after
Heap after GC invocations=8 (full 1):
 PSYoungGen      total 34304K, used 4320K [0x00000000eb900000, 0x00000000efc00000, 0x0000000100000000)
  eden space 29184K, 0% used [0x00000000eb900000,0x00000000eb900000,0x00000000ed580000)
  from space 5120K, 84% used [0x00000000ed580000,0x00000000ed9b80a0,0x00000000eda80000)
  to   space 5120K, 0% used [0x00000000ef700000,0x00000000ef700000,0x00000000efc00000)
 ParOldGen       total 42496K, used 10274K [0x00000000c2a00000, 0x00000000c5380000, 0x00000000eb900000)
  object space 42496K, 24% used [0x00000000c2a00000,0x00000000c3408a68,0x00000000c5380000)
 Metaspace       used 13490K, capacity 13844K, committed 13952K, reserved 1060864K
  class space    used 1555K, capacity 1658K, committed 1664K, reserved 1048576K
}
Event: 39.295 GC heap before
{Heap before GC invocations=9 (full 1):
 PSYoungGen      total 34304K, used 33504K [0x00000000eb900000, 0x00000000efc00000, 0x0000000100000000)
  eden space 29184K, 100% used [0x00000000eb900000,0x00000000ed580000,0x00000000ed580000)
  from space 5120K, 84% used [0x00000000ed580000,0x00000000ed9b80a0,0x00000000eda80000)
  to   space 5120K, 0% used [0x00000000ef700000,0x00000000ef700000,0x00000000efc00000)
 ParOldGen       total 42496K, used 10274K [0x00000000c2a00000, 0x00000000c5380000, 0x00000000eb900000)
  object space 42496K, 24% used [0x00000000c2a00000,0x00000000c3408a68,0x00000000c5380000)
 Metaspace       used 13541K, capacity 13844K, committed 13952K, reserved 1060864K
  class space    used 1555K, capacity 1658K, committed 1664K, reserved 1048576K
Event: 39.310 GC heap after
Heap after GC invocations=9 (full 1):
 PSYoungGen      total 62976K, used 4656K [0x00000000eb900000, 0x00000000efd00000, 0x0000000100000000)
  eden space 57856K, 0% used [0x00000000eb900000,0x00000000eb900000,0x00000000ef180000)
  from space 5120K, 90% used [0x00000000ef700000,0x00000000efb8c0b0,0x00000000efc00000)
  to   space 5632K, 0% used [0x00000000ef180000,0x00000000ef180000,0x00000000ef700000)
 ParOldGen       total 42496K, used 11986K [0x00000000c2a00000, 0x00000000c5380000, 0x00000000eb900000)
  object space 42496K, 28% used [0x00000000c2a00000,0x00000000c35b4a78,0x00000000c5380000)
 Metaspace       used 13541K, capacity 13844K, committed 13952K, reserved 1060864K
  class space    used 1555K, capacity 1658K, committed 1664K, reserved 1048576K
}
Event: 40.992 GC heap before
{Heap before GC invocations=10 (full 1):
 PSYoungGen      total 62976K, used 62512K [0x00000000eb900000, 0x00000000efd00000, 0x0000000100000000)
  eden space 57856K, 100% used [0x00000000eb900000,0x00000000ef180000,0x00000000ef180000)
  from space 5120K, 90% used [0x00000000ef700000,0x00000000efb8c0b0,0x00000000efc00000)
  to   space 5632K, 0% used [0x00000000ef180000,0x00000000ef180000,0x00000000ef700000)
 ParOldGen       total 42496K, used 11986K [0x00000000c2a00000, 0x00000000c5380000, 0x00000000eb900000)
  object space 42496K, 28% used [0x00000000c2a00000,0x00000000c35b4a78,0x00000000c5380000)
 Metaspace       used 13573K, capacity 13908K, committed 13952K, reserved 1060864K
  class space    used 1555K, capacity 1658K, committed 1664K, reserved 1048576K
Event: 41.017 GC heap after
Heap after GC invocations=10 (full 1):
 PSYoungGen      total 63488K, used 5600K [0x00000000eb900000, 0x00000000f3800000, 0x0000000100000000)
  eden space 57856K, 0% used [0x00000000eb900000,0x00000000eb900000,0x00000000ef180000)
  from space 5632K, 99% used [0x00000000ef180000,0x00000000ef6f8120,0x00000000ef700000)
  to   space 7168K, 0% used [0x00000000f3100000,0x00000000f3100000,0x00000000f3800000)
 ParOldGen       total 42496K, used 15013K [0x00000000c2a00000, 0x00000000c5380000, 0x00000000eb900000)
  object space 42496K, 35% used [0x00000000c2a00000,0x00000000c38a97e0,0x00000000c5380000)
 Metaspace       used 13573K, capacity 13908K, committed 13952K, reserved 1060864K
  class space    used 1555K, capacity 1658K, committed 1664K, reserved 1048576K
}
Event: 44.805 GC heap before
{Heap before GC invocations=11 (full 1):
 PSYoungGen      total 63488K, used 63456K [0x00000000eb900000, 0x00000000f3800000, 0x0000000100000000)
  eden space 57856K, 100% used [0x00000000eb900000,0x00000000ef180000,0x00000000ef180000)
  from space 5632K, 99% used [0x00000000ef180000,0x00000000ef6f8120,0x00000000ef700000)
  to   space 7168K, 0% used [0x00000000f3100000,0x00000000f3100000,0x00000000f3800000)
 ParOldGen       total 42496K, used 15013K [0x00000000c2a00000, 0x00000000c5380000, 0x00000000eb900000)
  object space 42496K, 35% used [0x00000000c2a00000,0x00000000c38a97e0,0x00000000c5380000)
 Metaspace       used 14527K, capacity 14982K, committed 15104K, reserved 1062912K
  class space    used 1598K, capacity 1721K, committed 1792K, reserved 1048576K
Event: 44.839 GC heap after
Heap after GC invocations=11 (full 1):
 PSYoungGen      total 99840K, used 7136K [0x00000000eb900000, 0x00000000f3800000, 0x0000000100000000)
  eden space 92672K, 0% used [0x00000000eb900000,0x00000000eb900000,0x00000000f1380000)
  from space 7168K, 99% used [0x00000000f3100000,0x00000000f37f8020,0x00000000f3800000)
  to   space 9728K, 0% used [0x00000000f2500000,0x00000000f2500000,0x00000000f2e80000)
 ParOldGen       total 42496K, used 19618K [0x00000000c2a00000, 0x00000000c5380000, 0x00000000eb900000)
  object space 42496K, 46% used [0x00000000c2a00000,0x00000000c3d28880,0x00000000c5380000)
 Metaspace       used 14527K, capacity 14982K, committed 15104K, reserved 1062912K
  class space    used 1598K, capacity 1721K, committed 1792K, reserved 1048576K
}
Event: 58.340 GC heap before
{Heap before GC invocations=12 (full 1):
 PSYoungGen      total 99840K, used 99808K [0x00000000eb900000, 0x00000000f3800000, 0x0000000100000000)
  eden space 92672K, 100% used [0x00000000eb900000,0x00000000f1380000,0x00000000f1380000)
  from space 7168K, 99% used [0x00000000f3100000,0x00000000f37f8020,0x00000000f3800000)
  to   space 9728K, 0% used [0x00000000f2500000,0x00000000f2500000,0x00000000f2e80000)
 ParOldGen       total 42496K, used 19618K [0x00000000c2a00000, 0x00000000c5380000, 0x00000000eb900000)
  object space 42496K, 46% used [0x00000000c2a00000,0x00000000c3d28880,0x00000000c5380000)
 Metaspace       used 14708K, capacity 15224K, committed 15360K, reserved 1062912K
  class space    used 1615K, capacity 1766K, committed 1792K, reserved 1048576K

Deoptimization events (10 events):
Event: 44.175 Thread 0x00007f750c001000 Uncommon trap: reason=bimorphic action=maybe_recompile pc=0x00007f7559451bf0 method=java.util.Collections$UnmodifiableCollection$1.next()Ljava/lang/Object; @ 4
Event: 53.761 Thread 0x00007f750c001000 Uncommon trap: reason=unstable_if action=reinterpret pc=0x00007f755971ad58 method=java.io.ObjectInputStream$HandleTable.markDependency(II)V @ 140
Event: 53.950 Thread 0x00007f750c001000 Uncommon trap: reason=unstable_if action=reinterpret pc=0x00007f7559745808 method=java.io.ObjectInputStream$HandleTable.markDependency(II)V @ 140
Event: 55.737 Thread 0x00007f750c001000 Uncommon trap: reason=predicate action=maybe_recompile pc=0x00007f75597c1390 method=java.io.ObjectInputStream.readArray(Z)Ljava/lang/Object; @ 406
Event: 58.257 Thread 0x00007f750c001000 Uncommon trap: reason=array_check action=maybe_recompile pc=0x00007f75597d4a98 method=java.io.ObjectInputStream.readArray(Z)Ljava/lang/Object; @ 415
Event: 58.257 Thread 0x00007f750c001000 Uncommon trap: reason=array_check action=maybe_recompile pc=0x00007f75597d4a98 method=java.io.ObjectInputStream.readArray(Z)Ljava/lang/Object; @ 415
Event: 58.257 Thread 0x00007f750c001000 Uncommon trap: reason=array_check action=maybe_recompile pc=0x00007f75597d4a98 method=java.io.ObjectInputStream.readArray(Z)Ljava/lang/Object; @ 415
Event: 58.257 Thread 0x00007f750c001000 Uncommon trap: reason=array_check action=maybe_recompile pc=0x00007f75597d4a98 method=java.io.ObjectInputStream.readArray(Z)Ljava/lang/Object; @ 415
Event: 58.280 Thread 0x00007f750c001000 Uncommon trap: reason=class_check action=maybe_recompile pc=0x00007f75597d0d1c method=java.lang.reflect.Array.newInstance(Ljava/lang/Class;I)Ljava/lang/Object; @ 2
Event: 58.280 Thread 0x00007f750c001000 Uncommon trap: reason=class_check action=maybe_recompile pc=0x00007f75597d0d1c method=java.lang.reflect.Array.newInstance(Ljava/lang/Class;I)Ljava/lang/Object; @ 2

Classes redefined (0 events):
No events

Internal exceptions (10 events):
Event: 28.192 Thread 0x00007f750c001000 Implicit null exception at 0x00007f75591e42b6 to 0x00007f75591e4661
Event: 31.099 Thread 0x00007f75682ce000 Exception <a 'java/net/ConnectException'> (0x00000000eb934230) thrown at [/HUDSON/workspace/8-2-build-linux-amd64/jdk8u201/12317/hotspot/src/share/vm/prims/jni.cpp, line 709]
Event: 31.099 Thread 0x00007f75682d3800 Exception <a 'java/net/ConnectException'> (0x00000000eb900750) thrown at [/HUDSON/workspace/8-2-build-linux-amd64/jdk8u201/12317/hotspot/src/share/vm/prims/jni.cpp, line 709]
Event: 31.099 Thread 0x00007f75682d1800 Exception <a 'java/net/ConnectException'> (0x00000000eb91a4c0) thrown at [/HUDSON/workspace/8-2-build-linux-amd64/jdk8u201/12317/hotspot/src/share/vm/prims/jni.cpp, line 709]
Event: 41.101 Thread 0x00007f75682d1800 Exception <a 'java/net/ConnectException'> (0x00000000ebc4d118) thrown at [/HUDSON/workspace/8-2-build-linux-amd64/jdk8u201/12317/hotspot/src/share/vm/prims/jni.cpp, line 709]
Event: 41.101 Thread 0x00007f75682ce000 Exception <a 'java/net/ConnectException'> (0x00000000ebc8a3a8) thrown at [/HUDSON/workspace/8-2-build-linux-amd64/jdk8u201/12317/hotspot/src/share/vm/prims/jni.cpp, line 709]
Event: 41.101 Thread 0x00007f75682d3800 Exception <a 'java/net/ConnectException'> (0x00000000ebcc7638) thrown at [/HUDSON/workspace/8-2-build-linux-amd64/jdk8u201/12317/hotspot/src/share/vm/prims/jni.cpp, line 709]
Event: 51.101 Thread 0x00007f75682d1800 Exception <a 'java/net/ConnectException'> (0x00000000ee11f410) thrown at [/HUDSON/workspace/8-2-build-linux-amd64/jdk8u201/12317/hotspot/src/share/vm/prims/jni.cpp, line 709]
Event: 51.101 Thread 0x00007f75682ce000 Exception <a 'java/net/ConnectException'> (0x00000000ee15eee0) thrown at [/HUDSON/workspace/8-2-build-linux-amd64/jdk8u201/12317/hotspot/src/share/vm/prims/jni.cpp, line 709]
Event: 51.102 Thread 0x00007f75682d3800 Exception <a 'java/net/ConnectException'> (0x00000000ee19e9b0) thrown at [/HUDSON/workspace/8-2-build-linux-amd64/jdk8u201/12317/hotspot/src/share/vm/prims/jni.cpp, line 709]

Events (10 events):
Event: 58.257 Thread 0x00007f750c001000 Uncommon trap: trap_request=0xffffffd6 fr.pc=0x00007f75597d4a98
Event: 58.257 Thread 0x00007f750c001000 DEOPT PACKING pc=0x00007f75597d4a98 sp=0x00007f74efbf80a0
Event: 58.257 Thread 0x00007f750c001000 DEOPT UNPACKING pc=0x00007f755904573a sp=0x00007f74efbf8070 mode 2
Event: 58.280 Thread 0x00007f750c001000 Uncommon trap: trap_request=0xffffffde fr.pc=0x00007f75597d0d1c
Event: 58.280 Thread 0x00007f750c001000 DEOPT PACKING pc=0x00007f75597d0d1c sp=0x00007f74efbf70a0
Event: 58.280 Thread 0x00007f750c001000 DEOPT UNPACKING pc=0x00007f755904573a sp=0x00007f74efbf7060 mode 2
Event: 58.280 Thread 0x00007f750c001000 Uncommon trap: trap_request=0xffffffde fr.pc=0x00007f75597d0d1c
Event: 58.280 Thread 0x00007f750c001000 DEOPT PACKING pc=0x00007f75597d0d1c sp=0x00007f74efbf72a0
Event: 58.280 Thread 0x00007f750c001000 DEOPT UNPACKING pc=0x00007f755904573a sp=0x00007f74efbf7260 mode 2
Event: 58.340 Executing VM operation: ParallelGCFailedAllocation


Dynamic libraries:
00400000-00401000 r-xp 00000000 08:01 654793                             /usr/lib/jdk/jdk1.8.0_201/bin/java
00600000-00601000 r--p 00000000 08:01 654793                             /usr/lib/jdk/jdk1.8.0_201/bin/java
00601000-00602000 rw-p 00001000 08:01 654793                             /usr/lib/jdk/jdk1.8.0_201/bin/java
02256000-0271b000 rw-p 00000000 00:00 0                                  [heap]
c2a00000-c5380000 rw-p 00000000 00:00 0 
c5380000-eb900000 ---p 00000000 00:00 0 
eb900000-f3800000 rw-p 00000000 00:00 0 
f5c00000-100000000 ---p 00000000 00:00 0 
100000000-1001c0000 rw-p 00000000 00:00 0 
1001c0000-140000000 ---p 00000000 00:00 0 
7f74d4000000-7f74d4021000 rw-p 00000000 00:00 0 
7f74d4021000-7f74d8000000 ---p 00000000 00:00 0 
7f74d8000000-7f74d8021000 rw-p 00000000 00:00 0 
7f74d8021000-7f74dc000000 ---p 00000000 00:00 0 
7f74dc000000-7f74dc021000 rw-p 00000000 00:00 0 
7f74dc021000-7f74e0000000 ---p 00000000 00:00 0 
7f74e0000000-7f74e0037000 rw-p 00000000 00:00 0 
7f74e0037000-7f74e4000000 ---p 00000000 00:00 0 
7f74e4000000-7f74e4021000 rw-p 00000000 00:00 0 
7f74e4021000-7f74e8000000 ---p 00000000 00:00 0 
7f74e8000000-7f74e8021000 rw-p 00000000 00:00 0 
7f74e8021000-7f74ec000000 ---p 00000000 00:00 0 
7f74ef5fa000-7f74ef73a000 rw-p 00000000 00:00 0 
7f74ef73a000-7f74ef7fa000 ---p 00000000 00:00 0 
7f74ef7fa000-7f74ef9fa000 rw-p 00000000 00:00 0 
7f74ef9fa000-7f74ef9fd000 ---p 00000000 00:00 0 
7f74ef9fd000-7f74efafb000 rw-p 00000000 00:00 0 
7f74efafb000-7f74efafe000 ---p 00000000 00:00 0 
7f74efafe000-7f74efbfc000 rw-p 00000000 00:00 0 
7f74efbfc000-7f74efbff000 ---p 00000000 00:00 0 
7f74efbff000-7f74efcfd000 rw-p 00000000 00:00 0 
7f74efcfd000-7f74efd00000 ---p 00000000 00:00 0 
7f74efd00000-7f74efdfe000 rw-p 00000000 00:00 0 
7f74efdfe000-7f74efe01000 ---p 00000000 00:00 0 
7f74efe01000-7f74efeff000 rw-p 00000000 00:00 0 
7f74efeff000-7f74eff02000 ---p 00000000 00:00 0 
7f74eff02000-7f74f0000000 rw-p 00000000 00:00 0 
7f74f0000000-7f74f0021000 rw-p 00000000 00:00 0 
7f74f0021000-7f74f4000000 ---p 00000000 00:00 0 
7f74f4000000-7f74f4021000 rw-p 00000000 00:00 0 
7f74f4021000-7f74f8000000 ---p 00000000 00:00 0 
7f74f8000000-7f74f8021000 rw-p 00000000 00:00 0 
7f74f8021000-7f74fc000000 ---p 00000000 00:00 0 
7f74fc000000-7f74fc021000 rw-p 00000000 00:00 0 
7f74fc021000-7f7500000000 ---p 00000000 00:00 0 
7f7500000000-7f7500021000 rw-p 00000000 00:00 0 
7f7500021000-7f7504000000 ---p 00000000 00:00 0 
7f7504000000-7f7504021000 rw-p 00000000 00:00 0 
7f7504021000-7f7508000000 ---p 00000000 00:00 0 
7f7508000000-7f7508021000 rw-p 00000000 00:00 0 
7f7508021000-7f750c000000 ---p 00000000 00:00 0 
7f750c000000-7f750c021000 rw-p 00000000 00:00 0 
7f750c021000-7f7510000000 ---p 00000000 00:00 0 
7f7510000000-7f7510021000 rw-p 00000000 00:00 0 
7f7510021000-7f7514000000 ---p 00000000 00:00 0 
7f7514000000-7f7514021000 rw-p 00000000 00:00 0 
7f7514021000-7f7518000000 ---p 00000000 00:00 0 
7f7518000000-7f7518021000 rw-p 00000000 00:00 0 
7f7518021000-7f751c000000 ---p 00000000 00:00 0 
7f751c0dc000-7f751c0df000 ---p 00000000 00:00 0 
7f751c0df000-7f751c1dd000 rw-p 00000000 00:00 0 
7f751c1dd000-7f751c1e0000 ---p 00000000 00:00 0 
7f751c1e0000-7f751c2de000 rw-p 00000000 00:00 0 
7f751c2de000-7f751c2e1000 ---p 00000000 00:00 0 
7f751c2e1000-7f751c3df000 rw-p 00000000 00:00 0 
7f751c3df000-7f751c3e2000 ---p 00000000 00:00 0 
7f751c3e2000-7f751c4e0000 rw-p 00000000 00:00 0 
7f751c4e0000-7f751c4e3000 ---p 00000000 00:00 0 
7f751c4e3000-7f751c5e1000 rw-p 00000000 00:00 0 
7f751c5e1000-7f751c5e4000 ---p 00000000 00:00 0 
7f751c5e4000-7f751c6e2000 rw-p 00000000 00:00 0 
7f751c6e2000-7f751c6e5000 ---p 00000000 00:00 0 
7f751c6e5000-7f751c7e3000 rw-p 00000000 00:00 0 
7f751c7e3000-7f751c7e6000 ---p 00000000 00:00 0 
7f751c7e6000-7f751c8e4000 rw-p 00000000 00:00 0 
7f751c8e4000-7f751c8e7000 ---p 00000000 00:00 0 
7f751c8e7000-7f751cbe5000 rw-p 00000000 00:00 0 
7f751cbe5000-7f751cbe8000 ---p 00000000 00:00 0 
7f751cbe8000-7f751cce6000 rw-p 00000000 00:00 0 
7f751cce6000-7f751cce9000 ---p 00000000 00:00 0 
7f751cce9000-7f751fde8000 rw-p 00000000 00:00 0 
7f751fde8000-7f751fdfe000 r-xp 00000000 08:01 656512                     /usr/lib/jdk/jdk1.8.0_201/jre/lib/amd64/libnet.so
7f751fdfe000-7f751fffe000 ---p 00016000 08:01 656512                     /usr/lib/jdk/jdk1.8.0_201/jre/lib/amd64/libnet.so
7f751fffe000-7f751ffff000 r--p 00016000 08:01 656512                     /usr/lib/jdk/jdk1.8.0_201/jre/lib/amd64/libnet.so
7f751ffff000-7f7520000000 rw-p 00017000 08:01 656512                     /usr/lib/jdk/jdk1.8.0_201/jre/lib/amd64/libnet.so
7f7520000000-7f7520021000 rw-p 00000000 00:00 0 
7f7520021000-7f7524000000 ---p 00000000 00:00 0 
7f7524000000-7f7524021000 rw-p 00000000 00:00 0 
7f7524021000-7f7528000000 ---p 00000000 00:00 0 
7f7528000000-7f7528df9000 rw-p 00000000 00:00 0 
7f7528df9000-7f752c000000 ---p 00000000 00:00 0 
7f752c000000-7f752ca38000 rw-p 00000000 00:00 0 
7f752ca38000-7f7530000000 ---p 00000000 00:00 0 
7f7530000000-7f7530021000 rw-p 00000000 00:00 0 
7f7530021000-7f7534000000 ---p 00000000 00:00 0 
7f7534000000-7f7534ffc000 rw-p 00000000 00:00 0 
7f7534ffc000-7f7538000000 ---p 00000000 00:00 0 
7f7538000000-7f7538021000 rw-p 00000000 00:00 0 
7f7538021000-7f753c000000 ---p 00000000 00:00 0 
7f753c000000-7f753c021000 rw-p 00000000 00:00 0 
7f753c021000-7f7540000000 ---p 00000000 00:00 0 
7f7540000000-7f7540021000 rw-p 00000000 00:00 0 
7f7540021000-7f7544000000 ---p 00000000 00:00 0 
7f7544000000-7f754429b000 rw-p 00000000 00:00 0 
7f754429b000-7f7548000000 ---p 00000000 00:00 0 
7f7548000000-7f7548021000 rw-p 00000000 00:00 0 
7f7548021000-7f754c000000 ---p 00000000 00:00 0 
7f754c000000-7f754c021000 rw-p 00000000 00:00 0 
7f754c021000-7f7550000000 ---p 00000000 00:00 0 
7f7550000000-7f7550021000 rw-p 00000000 00:00 0 
7f7550021000-7f7554000000 ---p 00000000 00:00 0 
7f7554038000-7f755403b000 ---p 00000000 00:00 0 
7f755403b000-7f7554071000 rw-p 00000000 00:00 0 
7f7554071000-7f75540ea000 r--s 010fd000 08:01 654900                     /usr/lib/jdk/jdk1.8.0_201/lib/tools.jar
7f75540ea000-7f75540ed000 ---p 00000000 00:00 0 
7f75540ed000-7f75541eb000 rw-p 00000000 00:00 0 
7f75541eb000-7f75543b4000 r--s 01695000 08:01 398947                     /home/hewitt/work/DiffTGen-master/lib/evosuite-1.0.2.jar
7f75543b4000-7f75543b5000 ---p 00000000 00:00 0 
7f75543b5000-7f75544b5000 rw-p 00000000 00:00 0 
7f75544b5000-7f75544b8000 ---p 00000000 00:00 0 
7f75544b8000-7f75545b6000 rw-p 00000000 00:00 0 
7f75545b6000-7f75545b9000 ---p 00000000 00:00 0 
7f75545b9000-7f75546b7000 rw-p 00000000 00:00 0 
7f75546b7000-7f75546ba000 ---p 00000000 00:00 0 
7f75546ba000-7f75547b8000 rw-p 00000000 00:00 0 
7f75547b8000-7f75547bb000 ---p 00000000 00:00 0 
7f75547bb000-7f75548b9000 rw-p 00000000 00:00 0 
7f75548b9000-7f75548bc000 ---p 00000000 00:00 0 
7f75548bc000-7f75549ba000 rw-p 00000000 00:00 0 
7f75549ba000-7f7555379000 r--p 00000000 08:01 270368                     /usr/lib/locale/locale-archive
7f7555379000-7f755537c000 ---p 00000000 00:00 0 
7f755537c000-7f755547a000 rw-p 00000000 00:00 0 
7f755547a000-7f755547d000 ---p 00000000 00:00 0 
7f755547d000-7f755557b000 rw-p 00000000 00:00 0 
7f755557b000-7f755557c000 ---p 00000000 00:00 0 
7f755557c000-7f755658b000 rw-p 00000000 00:00 0 
7f755658b000-7f7556765000 r--s 03d6f000 08:01 656293                     /usr/lib/jdk/jdk1.8.0_201/jre/lib/rt.jar
7f7556765000-7f7559000000 rw-p 00000000 00:00 0 
7f7559000000-7f75597e0000 rwxp 00000000 00:00 0 
7f75597e0000-7f7568000000 ---p 00000000 00:00 0 
7f7568000000-7f75684b4000 rw-p 00000000 00:00 0 
7f75684b4000-7f756c000000 ---p 00000000 00:00 0 
7f756c008000-7f756c012000 r--s 00116000 08:01 656361                     /usr/lib/jdk/jdk1.8.0_201/jre/lib/ext/localedata.jar
7f756c012000-7f756c088000 rw-p 00000000 00:00 0 
7f756c088000-7f756c089000 ---p 00000000 00:00 0 
7f756c089000-7f756c189000 rw-p 00000000 00:00 0 
7f756c189000-7f756c18a000 ---p 00000000 00:00 0 
7f756c18a000-7f756c28a000 rw-p 00000000 00:00 0 
7f756c28a000-7f756c28b000 ---p 00000000 00:00 0 
7f756c28b000-7f756c38b000 rw-p 00000000 00:00 0 
7f756c38b000-7f756c38c000 ---p 00000000 00:00 0 
7f756c38c000-7f756c4a1000 rw-p 00000000 00:00 0 
7f756c4a1000-7f756c5d4000 ---p 00000000 00:00 0 
7f756c5d4000-7f756c5e9000 rw-p 00000000 00:00 0 
7f756c5e9000-7f756c71b000 ---p 00000000 00:00 0 
7f756c71b000-7f756c75b000 rw-p 00000000 00:00 0 
7f756c75b000-7f756c7bf000 ---p 00000000 00:00 0 
7f756c7bf000-7f756c7e0000 rw-p 00000000 00:00 0 
7f756c7e0000-7f756cb80000 ---p 00000000 00:00 0 
7f756cb80000-7f756cb9b000 r-xp 00000000 08:01 656508                     /usr/lib/jdk/jdk1.8.0_201/jre/lib/amd64/libzip.so
7f756cb9b000-7f756cd9a000 ---p 0001b000 08:01 656508                     /usr/lib/jdk/jdk1.8.0_201/jre/lib/amd64/libzip.so
7f756cd9a000-7f756cd9b000 r--p 0001a000 08:01 656508                     /usr/lib/jdk/jdk1.8.0_201/jre/lib/amd64/libzip.so
7f756cd9b000-7f756cd9c000 rw-p 0001b000 08:01 656508                     /usr/lib/jdk/jdk1.8.0_201/jre/lib/amd64/libzip.so
7f756cd9c000-7f756cda7000 r-xp 00000000 08:01 658902                     /lib/x86_64-linux-gnu/libnss_files-2.23.so
7f756cda7000-7f756cfa6000 ---p 0000b000 08:01 658902                     /lib/x86_64-linux-gnu/libnss_files-2.23.so
7f756cfa6000-7f756cfa7000 r--p 0000a000 08:01 658902                     /lib/x86_64-linux-gnu/libnss_files-2.23.so
7f756cfa7000-7f756cfa8000 rw-p 0000b000 08:01 658902                     /lib/x86_64-linux-gnu/libnss_files-2.23.so
7f756cfa8000-7f756cfae000 rw-p 00000000 00:00 0 
7f756cfae000-7f756cfb9000 r-xp 00000000 08:01 658912                     /lib/x86_64-linux-gnu/libnss_nis-2.23.so
7f756cfb9000-7f756d1b8000 ---p 0000b000 08:01 658912                     /lib/x86_64-linux-gnu/libnss_nis-2.23.so
7f756d1b8000-7f756d1b9000 r--p 0000a000 08:01 658912                     /lib/x86_64-linux-gnu/libnss_nis-2.23.so
7f756d1b9000-7f756d1ba000 rw-p 0000b000 08:01 658912                     /lib/x86_64-linux-gnu/libnss_nis-2.23.so
7f756d1ba000-7f756d1d0000 r-xp 00000000 08:01 658896                     /lib/x86_64-linux-gnu/libnsl-2.23.so
7f756d1d0000-7f756d3cf000 ---p 00016000 08:01 658896                     /lib/x86_64-linux-gnu/libnsl-2.23.so
7f756d3cf000-7f756d3d0000 r--p 00015000 08:01 658896                     /lib/x86_64-linux-gnu/libnsl-2.23.so
7f756d3d0000-7f756d3d1000 rw-p 00016000 08:01 658896                     /lib/x86_64-linux-gnu/libnsl-2.23.so
7f756d3d1000-7f756d3d3000 rw-p 00000000 00:00 0 
7f756d3d3000-7f756d3db000 r-xp 00000000 08:01 658898                     /lib/x86_64-linux-gnu/libnss_compat-2.23.so
7f756d3db000-7f756d5da000 ---p 00008000 08:01 658898                     /lib/x86_64-linux-gnu/libnss_compat-2.23.so
7f756d5da000-7f756d5db000 r--p 00007000 08:01 658898                     /lib/x86_64-linux-gnu/libnss_compat-2.23.so
7f756d5db000-7f756d5dc000 rw-p 00008000 08:01 658898                     /lib/x86_64-linux-gnu/libnss_compat-2.23.so
7f756d5dc000-7f756d608000 r-xp 00000000 08:01 656502                     /usr/lib/jdk/jdk1.8.0_201/jre/lib/amd64/libjava.so
7f756d608000-7f756d808000 ---p 0002c000 08:01 656502                     /usr/lib/jdk/jdk1.8.0_201/jre/lib/amd64/libjava.so
7f756d808000-7f756d809000 r--p 0002c000 08:01 656502                     /usr/lib/jdk/jdk1.8.0_201/jre/lib/amd64/libjava.so
7f756d809000-7f756d80b000 rw-p 0002d000 08:01 656502                     /usr/lib/jdk/jdk1.8.0_201/jre/lib/amd64/libjava.so
7f756d80b000-7f756d818000 r-xp 00000000 08:01 656507                     /usr/lib/jdk/jdk1.8.0_201/jre/lib/amd64/libverify.so
7f756d818000-7f756da17000 ---p 0000d000 08:01 656507                     /usr/lib/jdk/jdk1.8.0_201/jre/lib/amd64/libverify.so
7f756da17000-7f756da19000 r--p 0000c000 08:01 656507                     /usr/lib/jdk/jdk1.8.0_201/jre/lib/amd64/libverify.so
7f756da19000-7f756da1a000 rw-p 0000e000 08:01 656507                     /usr/lib/jdk/jdk1.8.0_201/jre/lib/amd64/libverify.so
7f756da1a000-7f756da21000 r-xp 00000000 08:01 658957                     /lib/x86_64-linux-gnu/librt-2.23.so
7f756da21000-7f756dc20000 ---p 00007000 08:01 658957                     /lib/x86_64-linux-gnu/librt-2.23.so
7f756dc20000-7f756dc21000 r--p 00006000 08:01 658957                     /lib/x86_64-linux-gnu/librt-2.23.so
7f756dc21000-7f756dc22000 rw-p 00007000 08:01 658957                     /lib/x86_64-linux-gnu/librt-2.23.so
7f756dc22000-7f756dd2a000 r-xp 00000000 08:01 658873                     /lib/x86_64-linux-gnu/libm-2.23.so
7f756dd2a000-7f756df29000 ---p 00108000 08:01 658873                     /lib/x86_64-linux-gnu/libm-2.23.so
7f756df29000-7f756df2a000 r--p 00107000 08:01 658873                     /lib/x86_64-linux-gnu/libm-2.23.so
7f756df2a000-7f756df2b000 rw-p 00108000 08:01 658873                     /lib/x86_64-linux-gnu/libm-2.23.so
7f756df2b000-7f756ec13000 r-xp 00000000 08:01 656484                     /usr/lib/jdk/jdk1.8.0_201/jre/lib/amd64/server/libjvm.so
7f756ec13000-7f756ee12000 ---p 00ce8000 08:01 656484                     /usr/lib/jdk/jdk1.8.0_201/jre/lib/amd64/server/libjvm.so
7f756ee12000-7f756eea8000 r--p 00ce7000 08:01 656484                     /usr/lib/jdk/jdk1.8.0_201/jre/lib/amd64/server/libjvm.so
7f756eea8000-7f756eed9000 rw-p 00d7d000 08:01 656484                     /usr/lib/jdk/jdk1.8.0_201/jre/lib/amd64/server/libjvm.so
7f756eed9000-7f756ef14000 rw-p 00000000 00:00 0 
7f756ef14000-7f756f0d4000 r-xp 00000000 08:01 658803                     /lib/x86_64-linux-gnu/libc-2.23.so
7f756f0d4000-7f756f2d4000 ---p 001c0000 08:01 658803                     /lib/x86_64-linux-gnu/libc-2.23.so
7f756f2d4000-7f756f2d8000 r--p 001c0000 08:01 658803                     /lib/x86_64-linux-gnu/libc-2.23.so
7f756f2d8000-7f756f2da000 rw-p 001c4000 08:01 658803                     /lib/x86_64-linux-gnu/libc-2.23.so
7f756f2da000-7f756f2de000 rw-p 00000000 00:00 0 
7f756f2de000-7f756f2e1000 r-xp 00000000 08:01 658827                     /lib/x86_64-linux-gnu/libdl-2.23.so
7f756f2e1000-7f756f4e0000 ---p 00003000 08:01 658827                     /lib/x86_64-linux-gnu/libdl-2.23.so
7f756f4e0000-7f756f4e1000 r--p 00002000 08:01 658827                     /lib/x86_64-linux-gnu/libdl-2.23.so
7f756f4e1000-7f756f4e2000 rw-p 00003000 08:01 658827                     /lib/x86_64-linux-gnu/libdl-2.23.so
7f756f4e2000-7f756f4f9000 r-xp 00000000 08:01 656155                     /usr/lib/jdk/jdk1.8.0_201/lib/amd64/jli/libjli.so
7f756f4f9000-7f756f6f8000 ---p 00017000 08:01 656155                     /usr/lib/jdk/jdk1.8.0_201/lib/amd64/jli/libjli.so
7f756f6f8000-7f756f6f9000 r--p 00016000 08:01 656155                     /usr/lib/jdk/jdk1.8.0_201/lib/amd64/jli/libjli.so
7f756f6f9000-7f756f6fa000 rw-p 00017000 08:01 656155                     /usr/lib/jdk/jdk1.8.0_201/lib/amd64/jli/libjli.so
7f756f6fa000-7f756f712000 r-xp 00000000 08:01 658949                     /lib/x86_64-linux-gnu/libpthread-2.23.so
7f756f712000-7f756f911000 ---p 00018000 08:01 658949                     /lib/x86_64-linux-gnu/libpthread-2.23.so
7f756f911000-7f756f912000 r--p 00017000 08:01 658949                     /lib/x86_64-linux-gnu/libpthread-2.23.so
7f756f912000-7f756f913000 rw-p 00018000 08:01 658949                     /lib/x86_64-linux-gnu/libpthread-2.23.so
7f756f913000-7f756f917000 rw-p 00000000 00:00 0 
7f756f917000-7f756f93d000 r-xp 00000000 08:01 658775                     /lib/x86_64-linux-gnu/ld-2.23.so
7f756f941000-7f756f95d000 r--s 00393000 08:01 656354                     /usr/lib/jdk/jdk1.8.0_201/jre/lib/ext/cldrdata.jar
7f756f95d000-7f756f961000 r--s 000a1000 08:01 656350                     /usr/lib/jdk/jdk1.8.0_201/jre/lib/jsse.jar
7f756f961000-7f756fa1f000 rw-p 00000000 00:00 0 
7f756fa1f000-7f756fa22000 ---p 00000000 00:00 0 
7f756fa22000-7f756fb25000 rw-p 00000000 00:00 0 
7f756fb25000-7f756fb2d000 r--s 0006e000 08:01 398946                     /home/hewitt/work/DiffTGen-master/lib/commons-lang3-3.5.jar
7f756fb2d000-7f756fb2e000 r--s 00000000 08:01 398951                     /home/hewitt/work/DiffTGen-master/lib/myprinter.jar
7f756fb2e000-7f756fb32000 r--s 00039000 08:01 643992                     /home/hewitt/work/DiffTGen-master/output/Lang_59_tbar/target/build/classes/all0.jar (deleted)
7f756fb32000-7f756fb3a000 rw-s 00000000 08:01 159462                     /tmp/hsperfdata_hewitt/19199
7f756fb3a000-7f756fb3b000 rw-p 00000000 00:00 0 
7f756fb3b000-7f756fb3c000 ---p 00000000 00:00 0 
7f756fb3c000-7f756fb3d000 r--p 00025000 08:01 658775                     /lib/x86_64-linux-gnu/ld-2.23.so
7f756fb3d000-7f756fb3e000 rw-p 00026000 08:01 658775                     /lib/x86_64-linux-gnu/ld-2.23.so
7f756fb3e000-7f756fb3f000 rw-p 00000000 00:00 0 
7ffef785b000-7ffef787d000 rw-p 00000000 00:00 0                          [stack]
7ffef79f8000-7ffef79fb000 r--p 00000000 00:00 0                          [vvar]
7ffef79fb000-7ffef79fd000 r-xp 00000000 00:00 0                          [vdso]
ffffffffff600000-ffffffffff601000 r-xp 00000000 00:00 0                  [vsyscall]

VM Arguments:
java_command: /home/hewitt/work/DiffTGen-master/lib/evosuite-1.0.2.jar -base_dir /home/hewitt/work/DiffTGen-master/output/Lang_59_tbar/target/0/2 -projectCP /home/hewitt/work/DiffTGen-master/output/Lang_59_tbar/target/build/classes/all0.jar:/home/hewitt/work/DiffTGen-master/lib/myprinter.jar:/home/hewitt/work/DiffTGen-master/lib/commons-lang3-3.5.jar -class org.apache.commons.lang.text.StrBuilder -Dassertions=false -Dsearch_budget=60
java_class_path (initial): /home/hewitt/work/DiffTGen-master/lib/evosuite-1.0.2.jar
Launcher Type: SUN_STANDARD

Environment Variables:
JAVA_HOME=/usr/lib/jdk/jdk1.8.0_201
JRE_HOME=/usr/lib/jdk/jdk1.8.0_201/jre
CLASSPATH=.:/usr/lib/jdk/jdk1.8.0_201/lib:/usr/lib/jdk/jdk1.8.0_201/jre/lib
PATH=/usr/lib/jdk/jdk1.8.0_201/bin:/home/hewitt/bin:/home/hewitt/.local/bin:/usr/lib/jdk/jdk1.7.0_80/bin:/usr/local/sbin:/usr/local/bin:/usr/sbin:/usr/bin:/sbin:/bin:/usr/games:/usr/local/games:/snap/bin:/home/hewitt/work/defects4j_v1.4.0/defects4j/framework/bin:/opt/apache-ant-1.9.14/bin:/home/hewitt/work/defects4j_v1.4.0/defects4j/framework/bin
SHELL=/bin/bash
DISPLAY=:0

Signal Handlers:
SIGSEGV: [libjvm.so+0xad3e60], sa_mask[0]=11111111011111111101111111111110, sa_flags=SA_RESTART|SA_SIGINFO
SIGBUS: [libjvm.so+0xad3e60], sa_mask[0]=11111111011111111101111111111110, sa_flags=SA_RESTART|SA_SIGINFO
SIGFPE: [libjvm.so+0x90b880], sa_mask[0]=11111111011111111101111111111110, sa_flags=SA_RESTART|SA_SIGINFO
SIGPIPE: [libjvm.so+0x90b880], sa_mask[0]=11111111011111111101111111111110, sa_flags=SA_RESTART|SA_SIGINFO
SIGXFSZ: [libjvm.so+0x90b880], sa_mask[0]=11111111011111111101111111111110, sa_flags=SA_RESTART|SA_SIGINFO
SIGILL: [libjvm.so+0x90b880], sa_mask[0]=11111111011111111101111111111110, sa_flags=SA_RESTART|SA_SIGINFO
SIGUSR1: SIG_DFL, sa_mask[0]=00000000000000000000000000000000, sa_flags=none
SIGUSR2: [libjvm.so+0x90b750], sa_mask[0]=00100000000000000000000000000000, sa_flags=SA_RESTART|SA_SIGINFO
SIGHUP: [libjvm.so+0x90bd70], sa_mask[0]=11111111011111111101111111111110, sa_flags=SA_RESTART|SA_SIGINFO
SIGINT: [libjvm.so+0x90bd70], sa_mask[0]=11111111011111111101111111111110, sa_flags=SA_RESTART|SA_SIGINFO
SIGTERM: [libjvm.so+0x90bd70], sa_mask[0]=11111111011111111101111111111110, sa_flags=SA_RESTART|SA_SIGINFO
SIGQUIT: [libjvm.so+0x90bd70], sa_mask[0]=11111111011111111101111111111110, sa_flags=SA_RESTART|SA_SIGINFO


---------------  S Y S T E M  ---------------

OS:DISTRIB_ID=Ubuntu
DISTRIB_RELEASE=16.04
DISTRIB_CODENAME=xenial
DISTRIB_DESCRIPTION="Ubuntu 16.04.6 LTS"

uname:Linux 4.15.0-91-generic #92~16.04.1-Ubuntu SMP Fri Feb 28 14:57:22 UTC 2020 x86_64
libc:glibc 2.23 NPTL 2.23 
rlimit: STACK 8192k, CORE 0k, NPROC 15448, NOFILE 1048576, AS infinity
load average:22.52 6.52 5.50

/proc/meminfo:
MemTotal:        4015928 kB
MemFree:           87532 kB
MemAvailable:          0 kB
Buffers:             332 kB
Cached:            17612 kB
SwapCached:         1340 kB
Active:          2875156 kB
Inactive:         578452 kB
Active(anon):    2866076 kB
Inactive(anon):   573112 kB
Active(file):       9080 kB
Inactive(file):     5340 kB
Unevictable:          48 kB
Mlocked:              48 kB
SwapTotal:        998396 kB
SwapFree:             20 kB
Dirty:               200 kB
Writeback:           240 kB
AnonPages:       3435264 kB
Mapped:            13116 kB
Shmem:              3100 kB
Slab:             100828 kB
SReclaimable:      35788 kB
SUnreclaim:        65040 kB
KernelStack:       20112 kB
PageTables:        47344 kB
NFS_Unstable:          0 kB
Bounce:                0 kB
WritebackTmp:          0 kB
CommitLimit:     3006360 kB
Committed_AS:   11010900 kB
VmallocTotal:   34359738367 kB
VmallocUsed:           0 kB
VmallocChunk:          0 kB
HardwareCorrupted:     0 kB
AnonHugePages:         0 kB
ShmemHugePages:        0 kB
ShmemPmdMapped:        0 kB
CmaTotal:              0 kB
CmaFree:               0 kB
HugePages_Total:       0
HugePages_Free:        0
HugePages_Rsvd:        0
HugePages_Surp:        0
Hugepagesize:       2048 kB
DirectMap4k:      134976 kB
DirectMap2M:     4059136 kB
DirectMap1G:     2097152 kB

container (cgroup) information:
container_type: cgroupv1
cpu_cpuset_cpus: 0-3
cpu_memory_nodes: 0
active_processor_count: 4
cpu_quota: -1
cpu_period: 100000
cpu_shares: -1
memory_limit_in_bytes: -1
memory_and_swap_limit_in_bytes: -2
memory_soft_limit_in_bytes: -1
memory_usage_in_bytes: 3537879040
memory_max_usage_in_bytes: 354140160


CPU:total 4 (initial active 4) (2 cores per cpu, 1 threads per core) family 6 model 158 stepping 9, cmov, cx8, fxsr, mmx, sse, sse2, sse3, ssse3, sse4.1, sse4.2, popcnt, avx, avx2, aes, clmul, erms, 3dnowpref, lzcnt, tsc, tscinvbit, bmi1, bmi2, adx

/proc/cpuinfo:
processor	: 0
vendor_id	: GenuineIntel
cpu family	: 6
model		: 158
model name	: Intel(R) Core(TM) i7-7700HQ CPU @ 2.80GHz
stepping	: 9
microcode	: 0xb4
cpu MHz		: 2808.002
cache size	: 6144 KB
physical id	: 0
siblings	: 2
core id		: 0
cpu cores	: 2
apicid		: 0
initial apicid	: 0
fpu		: yes
fpu_exception	: yes
cpuid level	: 22
wp		: yes
flags		: fpu vme de pse tsc msr pae mce cx8 apic sep mtrr pge mca cmov pat pse36 clflush mmx fxsr sse sse2 ss ht syscall nx pdpe1gb rdtscp lm constant_tsc arch_perfmon nopl xtopology tsc_reliable nonstop_tsc cpuid pni pclmulqdq ssse3 fma cx16 pcid sse4_1 sse4_2 x2apic movbe popcnt tsc_deadline_timer aes xsave avx f16c rdrand hypervisor lahf_lm abm 3dnowprefetch cpuid_fault invpcid_single pti ssbd ibrs ibpb stibp fsgsbase tsc_adjust bmi1 avx2 smep bmi2 invpcid mpx rdseed adx smap clflushopt xsaveopt xsavec xsaves arat md_clear flush_l1d arch_capabilities
bugs		: cpu_meltdown spectre_v1 spectre_v2 spec_store_bypass l1tf mds swapgs itlb_multihit
bogomips	: 5616.00
clflush size	: 64
cache_alignment	: 64
address sizes	: 43 bits physical, 48 bits virtual
power management:

processor	: 1
vendor_id	: GenuineIntel
cpu family	: 6
model		: 158
model name	: Intel(R) Core(TM) i7-7700HQ CPU @ 2.80GHz
stepping	: 9
microcode	: 0xb4
cpu MHz		: 2808.002
cache size	: 6144 KB
physical id	: 0
siblings	: 2
core id		: 1
cpu cores	: 2
apicid		: 1
initial apicid	: 1
fpu		: yes
fpu_exception	: yes
cpuid level	: 22
wp		: yes
flags		: fpu vme de pse tsc msr pae mce cx8 apic sep mtrr pge mca cmov pat pse36 clflush mmx fxsr sse sse2 ss ht syscall nx pdpe1gb rdtscp lm constant_tsc arch_perfmon nopl xtopology tsc_reliable nonstop_tsc cpuid pni pclmulqdq ssse3 fma cx16 pcid sse4_1 sse4_2 x2apic movbe popcnt tsc_deadline_timer aes xsave avx f16c rdrand hypervisor lahf_lm abm 3dnowprefetch cpuid_fault invpcid_single pti ssbd ibrs ibpb stibp fsgsbase tsc_adjust bmi1 avx2 smep bmi2 invpcid mpx rdseed adx smap clflushopt xsaveopt xsavec xsaves arat md_clear flush_l1d arch_capabilities
bugs		: cpu_meltdown spectre_v1 spectre_v2 spec_store_bypass l1tf mds swapgs itlb_multihit
bogomips	: 5616.00
clflush size	: 64
cache_alignment	: 64
address sizes	: 43 bits physical, 48 bits virtual
power management:

processor	: 2
vendor_id	: GenuineIntel
cpu family	: 6
model		: 158
model name	: Intel(R) Core(TM) i7-7700HQ CPU @ 2.80GHz
stepping	: 9
microcode	: 0xb4
cpu MHz		: 2808.002
cache size	: 6144 KB
physical id	: 1
siblings	: 2
core id		: 0
cpu cores	: 2
apicid		: 2
initial apicid	: 2
fpu		: yes
fpu_exception	: yes
cpuid level	: 22
wp		: yes
flags		: fpu vme de pse tsc msr pae mce cx8 apic sep mtrr pge mca cmov pat pse36 clflush mmx fxsr sse sse2 ss ht syscall nx pdpe1gb rdtscp lm constant_tsc arch_perfmon nopl xtopology tsc_reliable nonstop_tsc cpuid pni pclmulqdq ssse3 fma cx16 pcid sse4_1 sse4_2 x2apic movbe popcnt tsc_deadline_timer aes xsave avx f16c rdrand hypervisor lahf_lm abm 3dnowprefetch cpuid_fault invpcid_single pti ssbd ibrs ibpb stibp fsgsbase tsc_adjust bmi1 avx2 smep bmi2 invpcid mpx rdseed adx smap clflushopt xsaveopt xsavec xsaves arat md_clear flush_l1d arch_capabilities
bugs		: cpu_meltdown spectre_v1 spectre_v2 spec_store_bypass l1tf mds swapgs itlb_multihit
bogomips	: 5616.00
clflush size	: 64
cache_alignment	: 64
address sizes	: 43 bits physical, 48 bits virtual
power management:

processor	: 3
vendor_id	: GenuineIntel
cpu family	: 6
model		: 158
model name	: Intel(R) Core(TM) i7-7700HQ CPU @ 2.80GHz
stepping	: 9
microcode	: 0xb4
cpu MHz		: 2808.002
cache size	: 6144 KB
physical id	: 1
siblings	: 2
core id		: 1
cpu cores	: 2
apicid		: 3
initial apicid	: 3
fpu		: yes
fpu_exception	: yes
cpuid level	: 22
wp		: yes
flags		: fpu vme de pse tsc msr pae mce cx8 apic sep mtrr pge mca cmov pat pse36 clflush mmx fxsr sse sse2 ss ht syscall nx pdpe1gb rdtscp lm constant_tsc arch_perfmon nopl xtopology tsc_reliable nonstop_tsc cpuid pni pclmulqdq ssse3 fma cx16 pcid sse4_1 sse4_2 x2apic movbe popcnt tsc_deadline_timer aes xsave avx f16c rdrand hypervisor lahf_lm abm 3dnowprefetch cpuid_fault invpcid_single pti ssbd ibrs ibpb stibp fsgsbase tsc_adjust bmi1 avx2 smep bmi2 invpcid mpx rdseed adx smap clflushopt xsaveopt xsavec xsaves arat md_clear flush_l1d arch_capabilities
bugs		: cpu_meltdown spectre_v1 spectre_v2 spec_store_bypass l1tf mds swapgs itlb_multihit
bogomips	: 5616.00
clflush size	: 64
cache_alignment	: 64
address sizes	: 43 bits physical, 48 bits virtual
power management:



Memory: 4k page, physical 4015928k(86796k free), swap 998396k(0k free)

vm_info: Java HotSpot(TM) 64-Bit Server VM (25.201-b09) for linux-amd64 JRE (1.8.0_201-b09), built on Dec 15 2018 11:35:59 by "java_re" with gcc 7.3.0

time: Tue Mar 24 17:34:52 2020
timezone: CST
elapsed time: 60 seconds (0d 0h 1m 0s)

