#
# There is insufficient memory for the Java Runtime Environment to continue.
# Native memory allocation (mmap) failed to map 65536 bytes for committing reserved memory.
# Possible reasons:
#   The system is out of physical RAM or swap space
#   The process is running with CompressedOops enabled, and the Java Heap may be blocking the growth of the native heap
# Possible solutions:
#   Reduce memory load on the system
#   Increase physical memory or swap space
#   Check if swap backing store is full
#   Decrease Java heap size (-Xmx/-Xms)
#   Decrease number of Java threads
#   Decrease Java thread stack sizes (-Xss)
#   Set larger code cache with -XX:ReservedCodeCacheSize=
#   JVM is running with Unscaled Compressed Oops mode in which the Java heap is
#     placed in the first 4GB address space. The Java Heap base address is the
#     maximum limit for the native heap growth. Please use -XX:HeapBaseMinAddress
#     to set the Java Heap base and to place the Java Heap above 4GB virtual address.
# This output file may be truncated or incomplete.
#
#  Out of Memory Error (os_linux.cpp:2749), pid=11620, tid=0x00007f6818635700
#
# JRE version: Java(TM) SE Runtime Environment (8.0_201-b09) (build 1.8.0_201-b09)
# Java VM: Java HotSpot(TM) 64-Bit Server VM (25.201-b09 mixed mode linux-amd64 compressed oops)
# Failed to write core dump. Core dumps have been disabled. To enable core dumping, try "ulimit -c unlimited" before starting Java again
#

---------------  T H R E A D  ---------------

Current thread (0x00007f682c181800):  JavaThread "C2 CompilerThread0" daemon [_thread_in_vm, id=11693, stack(0x00007f6818535000,0x00007f6818636000)]

Stack: [0x00007f6818535000,0x00007f6818636000],  sp=0x00007f6818631650,  free space=1009k
Native frames: (J=compiled Java code, j=interpreted, Vv=VM code, C=native code)
V  [libjvm.so+0xad3525]  VMError::report_and_die()+0x2e5
V  [libjvm.so+0x4e0457]  report_vm_out_of_memory(char const*, int, unsigned long, VMErrorType, char const*)+0x67
V  [libjvm.so+0x9102f0]  os::pd_commit_memory(char*, unsigned long, unsigned long, bool)+0x100
V  [libjvm.so+0x90791f]  os::commit_memory(char*, unsigned long, unsigned long, bool)+0x1f
V  [libjvm.so+0xacfda0]  VirtualSpace::expand_by(unsigned long, bool)+0x140
V  [libjvm.so+0x60b99d]  CodeHeap::expand_by(unsigned long)+0x6d
V  [libjvm.so+0x45a266]  CodeCache::allocate(int, bool)+0x46
V  [libjvm.so+0x453f7a]  BufferBlob::create(char const*, int)+0x8a
V  [libjvm.so+0x45894b]  CodeBuffer::initialize(int, int)+0x1b
V  [libjvm.so+0x928cd7]  Compile::init_buffer(unsigned int*)+0x1c7
V  [libjvm.so+0x92ddd2]  Compile::Output()+0x312
V  [libjvm.so+0x47ec60]  Compile::Code_Gen()+0x2d0
V  [libjvm.so+0x480251]  Compile::Compile(ciEnv*, C2Compiler*, ciMethod*, int, bool, bool, bool)+0xd91
V  [libjvm.so+0x3c4c4a]  C2Compiler::compile_method(ciEnv*, ciMethod*, int)+0xaa
V  [libjvm.so+0x48b84c]  CompileBroker::invoke_compiler_on_method(CompileTask*)+0x73c
V  [libjvm.so+0x48d488]  CompileBroker::compiler_thread_loop()+0x6d8
V  [libjvm.so+0xa7bb6b]  JavaThread::thread_main_inner()+0xdb
V  [libjvm.so+0xa7be71]  JavaThread::run()+0x2d1
V  [libjvm.so+0x90d922]  java_start(Thread*)+0x102
C  [libpthread.so.0+0x76ba]  start_thread+0xca


Current CompileTask:
C2:  98542 1655       4       org.evosuite.graphs.cfg.BytecodeInstruction::getASMNodeString (1122 bytes)


---------------  P R O C E S S  ---------------

Java Threads: ( => current thread )
  0x00007f67cc002800 JavaThread "RMI TCP Connection(4)-127.0.0.1" daemon [_thread_blocked, id=12111, stack(0x00007f67d6df0000,0x00007f67d6ef1000)]
  0x00007f67cc001000 JavaThread "RMI TCP Connection(5)-127.0.0.1" daemon [_thread_blocked, id=12103, stack(0x00007f67d6ef1000,0x00007f67d6ff2000)]
  0x00007f67a4038000 JavaThread "RMI Scheduler(0)" daemon [_thread_blocked, id=12098, stack(0x00007f67d6ff2000,0x00007f67d70f3000)]
  0x00007f67a4030800 JavaThread "RMI RenewClean-[127.0.0.1:21556]" daemon [_thread_blocked, id=12092, stack(0x00007f67d70f3000,0x00007f67d71f4000)]
  0x00007f67b8005000 JavaThread "pool-3-thread-3" [_thread_in_native, id=12009, stack(0x00007f67d72f5000,0x00007f67d73f6000)]
  0x00007f67b8003000 JavaThread "pool-3-thread-2" [_thread_in_native, id=12005, stack(0x00007f67d73f6000,0x00007f67d74f7000)]
  0x00007f67b8002000 JavaThread "pool-3-thread-1" [_thread_in_native, id=12000, stack(0x00007f67d74f7000,0x00007f67d75f8000)]
  0x00007f682c200800 JavaThread "Thread-3" [_thread_in_native, id=11831, stack(0x00007f67d75f8000,0x00007f67d76f9000)]
  0x00007f682c1fe800 JavaThread "Thread-2" [_thread_in_native, id=11830, stack(0x00007f67d76f9000,0x00007f67d77fa000)]
  0x00007f682c1fd000 JavaThread "process reaper" daemon [_thread_in_native, id=11829, stack(0x00007f6800044000,0x00007f680007d000)]
  0x00007f682c3d9000 JavaThread "pool-2-thread-1" [_thread_in_native, id=11797, stack(0x00007f67d77fa000,0x00007f67d78fb000)]
  0x00007f682c3d7000 JavaThread "GC Daemon" daemon [_thread_blocked, id=11794, stack(0x00007f67d78fb000,0x00007f67d79fc000)]
  0x00007f682c3d4000 JavaThread "RMI Reaper" [_thread_blocked, id=11786, stack(0x00007f67d79fc000,0x00007f67d7afd000)]
  0x00007f682c3cb000 JavaThread "RMI TCP Accept-12186" daemon [_thread_in_native, id=11783, stack(0x00007f67d7afd000,0x00007f67d7bfe000)]
  0x00007f682c3c6000 JavaThread "RMI TCP Accept-9953" daemon [_thread_in_native, id=11776, stack(0x00007f67d7bfe000,0x00007f67d7cff000)]
  0x00007f682c2f9000 JavaThread "logback-3" daemon [_thread_blocked, id=11761, stack(0x00007f67d7eff000,0x00007f67d8000000)]
  0x00007f682c2f5800 JavaThread "logback-2" daemon [_thread_blocked, id=11760, stack(0x00007f68000f6000,0x00007f68001f7000)]
  0x00007f682c2f4000 JavaThread "logback-1" daemon [_thread_blocked, id=11758, stack(0x00007f6818030000,0x00007f6818131000)]
  0x00007f682c189000 JavaThread "Service Thread" daemon [_thread_blocked, id=11698, stack(0x00007f6818232000,0x00007f6818333000)]
  0x00007f682c186000 JavaThread "C1 CompilerThread2" daemon [_thread_in_vm, id=11696, stack(0x00007f6818333000,0x00007f6818434000)]
  0x00007f682c184800 JavaThread "C2 CompilerThread1" daemon [_thread_blocked, id=11694, stack(0x00007f6818434000,0x00007f6818535000)]
=>0x00007f682c181800 JavaThread "C2 CompilerThread0" daemon [_thread_in_vm, id=11693, stack(0x00007f6818535000,0x00007f6818636000)]
  0x00007f682c180000 JavaThread "Signal Dispatcher" daemon [_thread_blocked, id=11690, stack(0x00007f6818636000,0x00007f6818737000)]
  0x00007f682c14c000 JavaThread "Finalizer" daemon [_thread_blocked, id=11669, stack(0x00007f6818737000,0x00007f6818838000)]
  0x00007f682c149800 JavaThread "Reference Handler" daemon [_thread_blocked, id=11668, stack(0x00007f6818838000,0x00007f6818939000)]
  0x00007f682c00a800 JavaThread "main" [_thread_in_native, id=11627, stack(0x00007f6832df5000,0x00007f6832ef6000)]

Other Threads:
  0x00007f682c140000 VMThread [stack: 0x00007f6818939000,0x00007f6818a3a000] [id=11666]
  0x00007f682c18b800 WatcherThread [stack: 0x00007f6818131000,0x00007f6818232000] [id=11702]

VM state:synchronizing (normal execution)

VM Mutex/Monitor currently owned by a thread:  ([mutex/lock_event])
[0x00007f682c0063b0] CodeCache_lock - owner thread: 0x00007f682c181800
[0x00007f682c007030] Threads_lock - owner thread: 0x00007f682c140000
[0x00007f682c007a30] Compile_lock - owner thread: 0x00007f682c186000
[0x00007f682c007b30] MethodCompileQueue_lock - owner thread: 0x00007f682c186000

heap address: 0x00000000c2a00000, size: 982 MB, Compressed Oops mode: 32-bit
Narrow klass base: 0x0000000000000000, Narrow klass shift: 3
Compressed class space size: 1073741824 Address: 0x0000000100000000

Heap:
 PSYoungGen      total 99328K, used 65478K [0x00000000eb900000, 0x00000000f3680000, 0x0000000100000000)
  eden space 93696K, 63% used [0x00000000eb900000,0x00000000ef379958,0x00000000f1480000)
  from space 5632K, 99% used [0x00000000f3100000,0x00000000f3678040,0x00000000f3680000)
  to   space 6656K, 0% used [0x00000000f2980000,0x00000000f2980000,0x00000000f3000000)
 ParOldGen       total 42496K, used 10439K [0x00000000c2a00000, 0x00000000c5380000, 0x00000000eb900000)
  object space 42496K, 24% used [0x00000000c2a00000,0x00000000c3431ea8,0x00000000c5380000)
 Metaspace       used 13870K, capacity 14264K, committed 14592K, reserved 1062912K
  class space    used 1586K, capacity 1706K, committed 1792K, reserved 1048576K

Card table byte_map: [0x00007f681c838000,0x00007f681ca24000] byte_map_base: 0x00007f681c223000

Marking Bits: (ParMarkBitMap*) 0x00007f68322ccd80
 Begin Bits: [0x00007f681a584000, 0x00007f681b4dc000)
 End Bits:   [0x00007f681b4dc000, 0x00007f681c434000)

Polling page: 0x00007f6832f11000

CodeCache: size=245760Kb used=6168Kb max_used=6182Kb free=239591Kb
 bounds [0x00007f681cde4000, 0x00007f681d3f4000, 0x00007f682bde4000]
 total_blobs=2102 nmethods=1752 adapters=261
 compilation: enabled

Compilation events (10 events):
Event: 96.106 Thread 0x00007f682c186000 1792       2       org.jgrapht.graph.AbstractBaseGraph::edgeSet (28 bytes)
Event: 96.106 Thread 0x00007f682c186000 nmethod 1792 0x00007f681d3e2810 code [0x00007f681d3e29a0, 0x00007f681d3e2c58]
Event: 96.122 Thread 0x00007f682c186000 1793   !   2       org.evosuite.instrumentation.mutation.ReplaceVariable::apply (309 bytes)
Event: 96.127 Thread 0x00007f682c186000 nmethod 1793 0x00007f681d3e82d0 code [0x00007f681d3e8660, 0x00007f681d3e96d8]
Event: 96.127 Thread 0x00007f682c186000 1794       2       sun.misc.FDBigInteger::valueOfPow52 (101 bytes)
Event: 96.128 Thread 0x00007f682c186000 nmethod 1794 0x00007f681d3e6a90 code [0x00007f681d3e6c60, 0x00007f681d3e7278]
Event: 96.145 Thread 0x00007f682c186000 1795       2       org.evosuite.assertion.CheapPurityAnalyzer$MethodEntry::hashCode (46 bytes)
Event: 96.145 Thread 0x00007f682c186000 nmethod 1795 0x00007f681d3eaa90 code [0x00007f681d3eac20, 0x00007f681d3eae28]
Event: 96.412 Thread 0x00007f682c186000 1798       2       org.evosuite.graphs.EvoSuiteGraph::addEdge (15 bytes)
Event: 96.506 Thread 0x00007f682c184800 nmethod 1783 0x00007f681d3efc10 code [0x00007f681d3efdc0, 0x00007f681d3f0908]

GC Heap History (10 events):
Event: 94.015 GC heap before
{Heap before GC invocations=7 (full 1):
 PSYoungGen      total 18432K, used 18424K [0x00000000eb900000, 0x00000000edd00000, 0x0000000100000000)
  eden space 15872K, 100% used [0x00000000eb900000,0x00000000ec880000,0x00000000ec880000)
  from space 2560K, 99% used [0x00000000ec880000,0x00000000ecafe220,0x00000000ecb00000)
  to   space 2560K, 0% used [0x00000000eda80000,0x00000000eda80000,0x00000000edd00000)
 ParOldGen       total 42496K, used 6264K [0x00000000c2a00000, 0x00000000c5380000, 0x00000000eb900000)
  object space 42496K, 14% used [0x00000000c2a00000,0x00000000c301e348,0x00000000c5380000)
 Metaspace       used 13721K, capacity 14136K, committed 14336K, reserved 1062912K
  class space    used 1586K, capacity 1706K, committed 1792K, reserved 1048576K
Event: 94.036 GC heap after
Heap after GC invocations=7 (full 1):
 PSYoungGen      total 31744K, used 2560K [0x00000000eb900000, 0x00000000ee200000, 0x0000000100000000)
  eden space 29184K, 0% used [0x00000000eb900000,0x00000000eb900000,0x00000000ed580000)
  from space 2560K, 100% used [0x00000000eda80000,0x00000000edd00000,0x00000000edd00000)
  to   space 5120K, 0% used [0x00000000ed580000,0x00000000ed580000,0x00000000eda80000)
 ParOldGen       total 42496K, used 6561K [0x00000000c2a00000, 0x00000000c5380000, 0x00000000eb900000)
  object space 42496K, 15% used [0x00000000c2a00000,0x00000000c3068598,0x00000000c5380000)
 Metaspace       used 13721K, capacity 14136K, committed 14336K, reserved 1062912K
  class space    used 1586K, capacity 1706K, committed 1792K, reserved 1048576K
}
Event: 94.380 GC heap before
{Heap before GC invocations=8 (full 1):
 PSYoungGen      total 31744K, used 31744K [0x00000000eb900000, 0x00000000ee200000, 0x0000000100000000)
  eden space 29184K, 100% used [0x00000000eb900000,0x00000000ed580000,0x00000000ed580000)
  from space 2560K, 100% used [0x00000000eda80000,0x00000000edd00000,0x00000000edd00000)
  to   space 5120K, 0% used [0x00000000ed580000,0x00000000ed580000,0x00000000eda80000)
 ParOldGen       total 42496K, used 6561K [0x00000000c2a00000, 0x00000000c5380000, 0x00000000eb900000)
  object space 42496K, 15% used [0x00000000c2a00000,0x00000000c3068598,0x00000000c5380000)
 Metaspace       used 13768K, capacity 14136K, committed 14336K, reserved 1062912K
  class space    used 1586K, capacity 1706K, committed 1792K, reserved 1048576K
Event: 94.385 GC heap after
Heap after GC invocations=8 (full 1):
 PSYoungGen      total 34304K, used 3520K [0x00000000eb900000, 0x00000000efc00000, 0x0000000100000000)
  eden space 29184K, 0% used [0x00000000eb900000,0x00000000eb900000,0x00000000ed580000)
  from space 5120K, 68% used [0x00000000ed580000,0x00000000ed8f0000,0x00000000eda80000)
  to   space 5120K, 0% used [0x00000000ef700000,0x00000000ef700000,0x00000000efc00000)
 ParOldGen       total 42496K, used 6561K [0x00000000c2a00000, 0x00000000c5380000, 0x00000000eb900000)
  object space 42496K, 15% used [0x00000000c2a00000,0x00000000c3068598,0x00000000c5380000)
 Metaspace       used 13768K, capacity 14136K, committed 14336K, reserved 1062912K
  class space    used 1586K, capacity 1706K, committed 1792K, reserved 1048576K
}
Event: 94.619 GC heap before
{Heap before GC invocations=9 (full 1):
 PSYoungGen      total 34304K, used 32704K [0x00000000eb900000, 0x00000000efc00000, 0x0000000100000000)
  eden space 29184K, 100% used [0x00000000eb900000,0x00000000ed580000,0x00000000ed580000)
  from space 5120K, 68% used [0x00000000ed580000,0x00000000ed8f0000,0x00000000eda80000)
  to   space 5120K, 0% used [0x00000000ef700000,0x00000000ef700000,0x00000000efc00000)
 ParOldGen       total 42496K, used 6561K [0x00000000c2a00000, 0x00000000c5380000, 0x00000000eb900000)
  object space 42496K, 15% used [0x00000000c2a00000,0x00000000c3068598,0x00000000c5380000)
 Metaspace       used 13786K, capacity 14136K, committed 14336K, reserved 1062912K
  class space    used 1586K, capacity 1706K, committed 1792K, reserved 1048576K
Event: 94.645 GC heap after
Heap after GC invocations=9 (full 1):
 PSYoungGen      total 63488K, used 2656K [0x00000000eb900000, 0x00000000efc00000, 0x0000000100000000)
  eden space 58368K, 0% used [0x00000000eb900000,0x00000000eb900000,0x00000000ef200000)
  from space 5120K, 51% used [0x00000000ef700000,0x00000000ef998000,0x00000000efc00000)
  to   space 5120K, 0% used [0x00000000ef200000,0x00000000ef200000,0x00000000ef700000)
 ParOldGen       total 42496K, used 7945K [0x00000000c2a00000, 0x00000000c5380000, 0x00000000eb900000)
  object space 42496K, 18% used [0x00000000c2a00000,0x00000000c31c25e8,0x00000000c5380000)
 Metaspace       used 13786K, capacity 14136K, committed 14336K, reserved 1062912K
  class space    used 1586K, capacity 1706K, committed 1792K, reserved 1048576K
}
Event: 95.346 GC heap before
{Heap before GC invocations=10 (full 1):
 PSYoungGen      total 63488K, used 61024K [0x00000000eb900000, 0x00000000efc00000, 0x0000000100000000)
  eden space 58368K, 100% used [0x00000000eb900000,0x00000000ef200000,0x00000000ef200000)
  from space 5120K, 51% used [0x00000000ef700000,0x00000000ef998000,0x00000000efc00000)
  to   space 5120K, 0% used [0x00000000ef200000,0x00000000ef200000,0x00000000ef700000)
 ParOldGen       total 42496K, used 7945K [0x00000000c2a00000, 0x00000000c5380000, 0x00000000eb900000)
  object space 42496K, 18% used [0x00000000c2a00000,0x00000000c31c25e8,0x00000000c5380000)
 Metaspace       used 13831K, capacity 14200K, committed 14592K, reserved 1062912K
  class space    used 1586K, capacity 1706K, committed 1792K, reserved 1048576K
Event: 95.358 GC heap after
Heap after GC invocations=10 (full 1):
 PSYoungGen      total 63488K, used 5104K [0x00000000eb900000, 0x00000000f3700000, 0x0000000100000000)
  eden space 58368K, 0% used [0x00000000eb900000,0x00000000eb900000,0x00000000ef200000)
  from space 5120K, 99% used [0x00000000ef200000,0x00000000ef6fc030,0x00000000ef700000)
  to   space 6144K, 0% used [0x00000000f3100000,0x00000000f3100000,0x00000000f3700000)
 ParOldGen       total 42496K, used 9461K [0x00000000c2a00000, 0x00000000c5380000, 0x00000000eb900000)
  object space 42496K, 22% used [0x00000000c2a00000,0x00000000c333d428,0x00000000c5380000)
 Metaspace       used 13831K, capacity 14200K, committed 14592K, reserved 1062912K
  class space    used 1586K, capacity 1706K, committed 1792K, reserved 1048576K
}
Event: 95.781 GC heap before
{Heap before GC invocations=11 (full 1):
 PSYoungGen      total 63488K, used 63472K [0x00000000eb900000, 0x00000000f3700000, 0x0000000100000000)
  eden space 58368K, 100% used [0x00000000eb900000,0x00000000ef200000,0x00000000ef200000)
  from space 5120K, 99% used [0x00000000ef200000,0x00000000ef6fc030,0x00000000ef700000)
  to   space 6144K, 0% used [0x00000000f3100000,0x00000000f3100000,0x00000000f3700000)
 ParOldGen       total 42496K, used 9461K [0x00000000c2a00000, 0x00000000c5380000, 0x00000000eb900000)
  object space 42496K, 22% used [0x00000000c2a00000,0x00000000c333d428,0x00000000c5380000)
 Metaspace       used 13849K, capacity 14264K, committed 14592K, reserved 1062912K
  class space    used 1586K, capacity 1706K, committed 1792K, reserved 1048576K
Event: 95.790 GC heap after
Heap after GC invocations=11 (full 1):
 PSYoungGen      total 99328K, used 5600K [0x00000000eb900000, 0x00000000f3680000, 0x0000000100000000)
  eden space 93696K, 0% used [0x00000000eb900000,0x00000000eb900000,0x00000000f1480000)
  from space 5632K, 99% used [0x00000000f3100000,0x00000000f3678040,0x00000000f3680000)
  to   space 6656K, 0% used [0x00000000f2980000,0x00000000f2980000,0x00000000f3000000)
 ParOldGen       total 42496K, used 10439K [0x00000000c2a00000, 0x00000000c5380000, 0x00000000eb900000)
  object space 42496K, 24% used [0x00000000c2a00000,0x00000000c3431ea8,0x00000000c5380000)
 Metaspace       used 13849K, capacity 14264K, committed 14592K, reserved 1062912K
  class space    used 1586K, capacity 1706K, committed 1792K, reserved 1048576K
}

Deoptimization events (10 events):
Event: 91.074 Thread 0x00007f67cc002800 Uncommon trap: reason=unstable_if action=reinterpret pc=0x00007f681d1ca0dc method=java.io.ObjectInputStream$HandleTable.finish(I)V @ 4
Event: 92.456 Thread 0x00007f67cc002800 Uncommon trap: reason=class_check action=maybe_recompile pc=0x00007f681d1b12b4 method=java.util.HashMap.putVal(ILjava/lang/Object;Ljava/lang/Object;ZZ)Ljava/lang/Object; @ 203
Event: 92.459 Thread 0x00007f67cc002800 Uncommon trap: reason=class_check action=maybe_recompile pc=0x00007f681d1b12b4 method=java.util.HashMap.putVal(ILjava/lang/Object;Ljava/lang/Object;ZZ)Ljava/lang/Object; @ 203
Event: 92.481 Thread 0x00007f67cc002800 Uncommon trap: reason=class_check action=maybe_recompile pc=0x00007f681d1b12b4 method=java.util.HashMap.putVal(ILjava/lang/Object;Ljava/lang/Object;ZZ)Ljava/lang/Object; @ 203
Event: 92.481 Thread 0x00007f67cc002800 Uncommon trap: reason=class_check action=maybe_recompile pc=0x00007f681d1b12b4 method=java.util.HashMap.putVal(ILjava/lang/Object;Ljava/lang/Object;ZZ)Ljava/lang/Object; @ 203
Event: 92.642 Thread 0x00007f67cc002800 Uncommon trap: reason=bimorphic action=maybe_recompile pc=0x00007f681d1f9d18 method=java.util.HashMap.putVal(ILjava/lang/Object;Ljava/lang/Object;ZZ)Ljava/lang/Object; @ 203
Event: 92.643 Thread 0x00007f67cc002800 Uncommon trap: reason=bimorphic action=maybe_recompile pc=0x00007f681d1f9d18 method=java.util.HashMap.putVal(ILjava/lang/Object;Ljava/lang/Object;ZZ)Ljava/lang/Object; @ 203
Event: 92.650 Thread 0x00007f67cc002800 Uncommon trap: reason=unstable_if action=reinterpret pc=0x00007f681cfdb3b0 method=java.lang.AbstractStringBuilder.append(Ljava/lang/String;)Ljava/lang/AbstractStringBuilder; @ 1
Event: 92.914 Thread 0x00007f67cc002800 Uncommon trap: reason=unstable_if action=reinterpret pc=0x00007f681cfe2f78 method=java.lang.AbstractStringBuilder.append(Ljava/lang/String;)Ljava/lang/AbstractStringBuilder; @ 1
Event: 94.052 Thread 0x00007f67cc002800 Uncommon trap: reason=unstable_if action=reinterpret pc=0x00007f681d2c9318 method=org.evosuite.shaded.org.objectweb.asm.Frame.merge(Lorg/evosuite/shaded/org/objectweb/asm/ClassWriter;I[II)Z @ 8

Classes redefined (0 events):
No events

Internal exceptions (10 events):
Event: 81.124 Thread 0x00007f682c2f9000 Exception <a 'java/net/ConnectException'> (0x00000000ebb95028) thrown at [/HUDSON/workspace/8-2-build-linux-amd64/jdk8u201/12317/hotspot/src/share/vm/prims/jni.cpp, line 709]
Event: 90.434 Thread 0x00007f67cc002800 Implicit null exception at 0x00007f681d17134d to 0x00007f681d172049
Event: 90.434 Thread 0x00007f67cc002800 Implicit null exception at 0x00007f681d15c5bc to 0x00007f681d15c89d
Event: 90.632 Thread 0x00007f67cc002800 Implicit null exception at 0x00007f681d1a4171 to 0x00007f681d1a5bfd
Event: 90.815 Thread 0x00007f67cc002800 Exception <a 'java/lang/NoSuchMethodError': <clinit>> (0x00000000ec33ab48) thrown at [/HUDSON/workspace/8-2-build-linux-amd64/jdk8u201/12317/hotspot/src/share/vm/prims/jni.cpp, line 1613]
Event: 91.110 Thread 0x00007f682c2f5800 Exception <a 'java/net/ConnectException'> (0x00000000ebb6de70) thrown at [/HUDSON/workspace/8-2-build-linux-amd64/jdk8u201/12317/hotspot/src/share/vm/prims/jni.cpp, line 709]
Event: 91.116 Thread 0x00007f682c2f4000 Exception <a 'java/net/ConnectException'> (0x00000000ebb462c8) thrown at [/HUDSON/workspace/8-2-build-linux-amd64/jdk8u201/12317/hotspot/src/share/vm/prims/jni.cpp, line 709]
Event: 91.125 Thread 0x00007f682c2f9000 Exception <a 'java/net/ConnectException'> (0x00000000ebb95b50) thrown at [/HUDSON/workspace/8-2-build-linux-amd64/jdk8u201/12317/hotspot/src/share/vm/prims/jni.cpp, line 709]
Event: 92.650 Thread 0x00007f67cc002800 Implicit null exception at 0x00007f681cfdaff5 to 0x00007f681cfdb39d
Event: 92.914 Thread 0x00007f67cc002800 Implicit null exception at 0x00007f681cfe2bb6 to 0x00007f681cfe2f61

Events (10 events):
Event: 96.131 Thread 0x00007f67cc002800 DEOPT PACKING pc=0x00007f681d21b7a6 sp=0x00007f67d6ee9ca0
Event: 96.131 Thread 0x00007f67cc002800 DEOPT UNPACKING pc=0x00007f681ce2b784 sp=0x00007f67d6ee99d0 mode 0
Event: 96.146 Thread 0x00007f67cc002800 DEOPT PACKING pc=0x00007f681d2d74ac sp=0x00007f67d6ee9af0
Event: 96.146 Thread 0x00007f67cc002800 DEOPT UNPACKING pc=0x00007f681ce2b784 sp=0x00007f67d6ee9820 mode 0
Event: 96.146 Thread 0x00007f67cc002800 DEOPT PACKING pc=0x00007f681d2d74ac sp=0x00007f67d6ee9af0
Event: 96.146 Thread 0x00007f67cc002800 DEOPT UNPACKING pc=0x00007f681ce2b784 sp=0x00007f67d6ee9820 mode 0
Event: 96.168 Thread 0x00007f67cc002800 DEOPT PACKING pc=0x00007f681d2d7509 sp=0x00007f67d6ee9af0
Event: 96.168 Thread 0x00007f67cc002800 DEOPT UNPACKING pc=0x00007f681ce2b784 sp=0x00007f67d6ee9820 mode 0
Event: 96.413 Thread 0x00007f67cc002800 DEOPT PACKING pc=0x00007f681d21b7a6 sp=0x00007f67d6ee9ca0
Event: 96.560 Thread 0x00007f67cc002800 DEOPT UNPACKING pc=0x00007f681ce2b784 sp=0x00007f67d6ee99d0 mode 0


Dynamic libraries:
00400000-00401000 r-xp 00000000 08:01 654793                             /usr/lib/jdk/jdk1.8.0_201/bin/java
00600000-00601000 r--p 00000000 08:01 654793                             /usr/lib/jdk/jdk1.8.0_201/bin/java
00601000-00602000 rw-p 00001000 08:01 654793                             /usr/lib/jdk/jdk1.8.0_201/bin/java
0206f000-02090000 rw-p 00000000 00:00 0                                  [heap]
c2a00000-c5380000 rw-p 00000000 00:00 0 
c5380000-eb900000 ---p 00000000 00:00 0 
eb900000-f3680000 rw-p 00000000 00:00 0 
f3680000-100000000 ---p 00000000 00:00 0 
100000000-1001c0000 rw-p 00000000 00:00 0 
1001c0000-140000000 ---p 00000000 00:00 0 
7f6798000000-7f6798021000 rw-p 00000000 00:00 0 
7f6798021000-7f679c000000 ---p 00000000 00:00 0 
7f679c000000-7f679c152000 rw-p 00000000 00:00 0 
7f679c152000-7f67a0000000 ---p 00000000 00:00 0 
7f67a0000000-7f67a0021000 rw-p 00000000 00:00 0 
7f67a0021000-7f67a4000000 ---p 00000000 00:00 0 
7f67a4000000-7f67a403b000 rw-p 00000000 00:00 0 
7f67a403b000-7f67a8000000 ---p 00000000 00:00 0 
7f67a8000000-7f67a8021000 rw-p 00000000 00:00 0 
7f67a8021000-7f67ac000000 ---p 00000000 00:00 0 
7f67ac000000-7f67ac021000 rw-p 00000000 00:00 0 
7f67ac021000-7f67b0000000 ---p 00000000 00:00 0 
7f67b0000000-7f67b0021000 rw-p 00000000 00:00 0 
7f67b0021000-7f67b4000000 ---p 00000000 00:00 0 
7f67b4000000-7f67b4021000 rw-p 00000000 00:00 0 
7f67b4021000-7f67b8000000 ---p 00000000 00:00 0 
7f67b8000000-7f67b8021000 rw-p 00000000 00:00 0 
7f67b8021000-7f67bc000000 ---p 00000000 00:00 0 
7f67bc000000-7f67bc021000 rw-p 00000000 00:00 0 
7f67bc021000-7f67c0000000 ---p 00000000 00:00 0 
7f67c0000000-7f67c0021000 rw-p 00000000 00:00 0 
7f67c0021000-7f67c4000000 ---p 00000000 00:00 0 
7f67c4000000-7f67c4021000 rw-p 00000000 00:00 0 
7f67c4021000-7f67c8000000 ---p 00000000 00:00 0 
7f67c8000000-7f67c8021000 rw-p 00000000 00:00 0 
7f67c8021000-7f67cc000000 ---p 00000000 00:00 0 
7f67cc000000-7f67cc021000 rw-p 00000000 00:00 0 
7f67cc021000-7f67d0000000 ---p 00000000 00:00 0 
7f67d0000000-7f67d0021000 rw-p 00000000 00:00 0 
7f67d0021000-7f67d4000000 ---p 00000000 00:00 0 
7f67d69f0000-7f67d6a70000 rw-p 00000000 00:00 0 
7f67d6a70000-7f67d6bf0000 ---p 00000000 00:00 0 
7f67d6bf0000-7f67d6df0000 rw-p 00000000 00:00 0 
7f67d6df0000-7f67d6df3000 ---p 00000000 00:00 0 
7f67d6df3000-7f67d6ef1000 rw-p 00000000 00:00 0 
7f67d6ef1000-7f67d6ef4000 ---p 00000000 00:00 0 
7f67d6ef4000-7f67d6ff2000 rw-p 00000000 00:00 0 
7f67d6ff2000-7f67d6ff5000 ---p 00000000 00:00 0 
7f67d6ff5000-7f67d70f3000 rw-p 00000000 00:00 0 
7f67d70f3000-7f67d70f6000 ---p 00000000 00:00 0 
7f67d70f6000-7f67d71f4000 rw-p 00000000 00:00 0 
7f67d71f4000-7f67d71f7000 ---p 00000000 00:00 0 
7f67d71f7000-7f67d72f5000 rw-p 00000000 00:00 0 
7f67d72f5000-7f67d72f8000 ---p 00000000 00:00 0 
7f67d72f8000-7f67d73f6000 rw-p 00000000 00:00 0 
7f67d73f6000-7f67d73f9000 ---p 00000000 00:00 0 
7f67d73f9000-7f67d74f7000 rw-p 00000000 00:00 0 
7f67d74f7000-7f67d74fa000 ---p 00000000 00:00 0 
7f67d74fa000-7f67d75f8000 rw-p 00000000 00:00 0 
7f67d75f8000-7f67d75fb000 ---p 00000000 00:00 0 
7f67d75fb000-7f67d76f9000 rw-p 00000000 00:00 0 
7f67d76f9000-7f67d76fc000 ---p 00000000 00:00 0 
7f67d76fc000-7f67d77fa000 rw-p 00000000 00:00 0 
7f67d77fa000-7f67d77fd000 ---p 00000000 00:00 0 
7f67d77fd000-7f67d78fb000 rw-p 00000000 00:00 0 
7f67d78fb000-7f67d78fe000 ---p 00000000 00:00 0 
7f67d78fe000-7f67d79fc000 rw-p 00000000 00:00 0 
7f67d79fc000-7f67d79ff000 ---p 00000000 00:00 0 
7f67d79ff000-7f67d7afd000 rw-p 00000000 00:00 0 
7f67d7afd000-7f67d7b00000 ---p 00000000 00:00 0 
7f67d7b00000-7f67d7bfe000 rw-p 00000000 00:00 0 
7f67d7bfe000-7f67d7c01000 ---p 00000000 00:00 0 
7f67d7c01000-7f67d7eff000 rw-p 00000000 00:00 0 
7f67d7eff000-7f67d7f02000 ---p 00000000 00:00 0 
7f67d7f02000-7f67d8000000 rw-p 00000000 00:00 0 
7f67d8000000-7f67d8021000 rw-p 00000000 00:00 0 
7f67d8021000-7f67dc000000 ---p 00000000 00:00 0 
7f67dc000000-7f67dc021000 rw-p 00000000 00:00 0 
7f67dc021000-7f67e0000000 ---p 00000000 00:00 0 
7f67e0000000-7f67e0021000 rw-p 00000000 00:00 0 
7f67e0021000-7f67e4000000 ---p 00000000 00:00 0 
7f67e4000000-7f67e4021000 rw-p 00000000 00:00 0 
7f67e4021000-7f67e8000000 ---p 00000000 00:00 0 
7f67e8000000-7f67e8710000 rw-p 00000000 00:00 0 
7f67e8710000-7f67ec000000 ---p 00000000 00:00 0 
7f67ec000000-7f67ec4b3000 rw-p 00000000 00:00 0 
7f67ec4b3000-7f67f0000000 ---p 00000000 00:00 0 
7f67f0000000-7f67f0021000 rw-p 00000000 00:00 0 
7f67f0021000-7f67f4000000 ---p 00000000 00:00 0 
7f67f4000000-7f67f4f5d000 rw-p 00000000 00:00 0 
7f67f4f5d000-7f67f8000000 ---p 00000000 00:00 0 
7f67f8000000-7f67f8021000 rw-p 00000000 00:00 0 
7f67f8021000-7f67fc000000 ---p 00000000 00:00 0 
7f67fc000000-7f67fc021000 rw-p 00000000 00:00 0 
7f67fc021000-7f6800000000 ---p 00000000 00:00 0 
7f6800044000-7f6800047000 ---p 00000000 00:00 0 
7f6800047000-7f680007d000 rw-p 00000000 00:00 0 
7f680007d000-7f68000f6000 r--s 010fd000 08:01 654900                     /usr/lib/jdk/jdk1.8.0_201/lib/tools.jar
7f68000f6000-7f68000f9000 ---p 00000000 00:00 0 
7f68000f9000-7f68031f8000 rw-p 00000000 00:00 0 
7f68031f8000-7f680320e000 r-xp 00000000 08:01 656512                     /usr/lib/jdk/jdk1.8.0_201/jre/lib/amd64/libnet.so
7f680320e000-7f680340e000 ---p 00016000 08:01 656512                     /usr/lib/jdk/jdk1.8.0_201/jre/lib/amd64/libnet.so
7f680340e000-7f680340f000 r--p 00016000 08:01 656512                     /usr/lib/jdk/jdk1.8.0_201/jre/lib/amd64/libnet.so
7f680340f000-7f6803410000 rw-p 00017000 08:01 656512                     /usr/lib/jdk/jdk1.8.0_201/jre/lib/amd64/libnet.so
7f6803410000-7f6803641000 r--s 01bb1000 08:01 403225                     /home/hewitt/work/DiffTGen-master/lib/evosuite-1.0.6.jar
7f6803641000-7f6804000000 r--p 00000000 08:01 270368                     /usr/lib/locale/locale-archive
7f6804000000-7f6804021000 rw-p 00000000 00:00 0 
7f6804021000-7f6808000000 ---p 00000000 00:00 0 
7f6808000000-7f6808032000 rw-p 00000000 00:00 0 
7f6808032000-7f680c000000 ---p 00000000 00:00 0 
7f680c000000-7f680c021000 rw-p 00000000 00:00 0 
7f680c021000-7f6810000000 ---p 00000000 00:00 0 
7f6810000000-7f6810021000 rw-p 00000000 00:00 0 
7f6810021000-7f6814000000 ---p 00000000 00:00 0 
7f6814000000-7f6814022000 rw-p 00000000 00:00 0 
7f6814022000-7f6818000000 ---p 00000000 00:00 0 
7f6818030000-7f6818033000 ---p 00000000 00:00 0 
7f6818033000-7f6818131000 rw-p 00000000 00:00 0 
7f6818131000-7f6818132000 ---p 00000000 00:00 0 
7f6818132000-7f6818232000 rw-p 00000000 00:00 0 
7f6818232000-7f6818235000 ---p 00000000 00:00 0 
7f6818235000-7f6818333000 rw-p 00000000 00:00 0 
7f6818333000-7f6818336000 ---p 00000000 00:00 0 
7f6818336000-7f6818434000 rw-p 00000000 00:00 0 
7f6818434000-7f6818437000 ---p 00000000 00:00 0 
7f6818437000-7f6818535000 rw-p 00000000 00:00 0 
7f6818535000-7f6818538000 ---p 00000000 00:00 0 
7f6818538000-7f6818636000 rw-p 00000000 00:00 0 
7f6818636000-7f6818639000 ---p 00000000 00:00 0 
7f6818639000-7f6818737000 rw-p 00000000 00:00 0 
7f6818737000-7f681873a000 ---p 00000000 00:00 0 
7f681873a000-7f6818838000 rw-p 00000000 00:00 0 
7f6818838000-7f681883b000 ---p 00000000 00:00 0 
7f681883b000-7f6818939000 rw-p 00000000 00:00 0 
7f6818939000-7f681893a000 ---p 00000000 00:00 0 
7f681893a000-7f6819949000 rw-p 00000000 00:00 0 
7f6819949000-7f6819b23000 r--s 03d6f000 08:01 656293                     /usr/lib/jdk/jdk1.8.0_201/jre/lib/rt.jar
7f6819b23000-7f681c434000 rw-p 00000000 00:00 0 
7f681c434000-7f681c435000 ---p 00000000 00:00 0 
7f681c435000-7f681c535000 rw-p 00000000 00:00 0 
7f681c535000-7f681c536000 ---p 00000000 00:00 0 
7f681c536000-7f681c636000 rw-p 00000000 00:00 0 
7f681c636000-7f681c637000 ---p 00000000 00:00 0 
7f681c637000-7f681c737000 rw-p 00000000 00:00 0 
7f681c737000-7f681c738000 ---p 00000000 00:00 0 
7f681c738000-7f681c84d000 rw-p 00000000 00:00 0 
7f681c84d000-7f681c97f000 ---p 00000000 00:00 0 
7f681c97f000-7f681c9bf000 rw-p 00000000 00:00 0 
7f681c9bf000-7f681ca23000 ---p 00000000 00:00 0 
7f681ca23000-7f681ca3d000 rw-p 00000000 00:00 0 
7f681ca3d000-7f681cde4000 ---p 00000000 00:00 0 
7f681cde4000-7f681d3f4000 rwxp 00000000 00:00 0 
7f681d404000-7f682bde4000 ---p 00000000 00:00 0 
7f682bde4000-7f682bdff000 r-xp 00000000 08:01 656508                     /usr/lib/jdk/jdk1.8.0_201/jre/lib/amd64/libzip.so
7f682bdff000-7f682bffe000 ---p 0001b000 08:01 656508                     /usr/lib/jdk/jdk1.8.0_201/jre/lib/amd64/libzip.so
7f682bffe000-7f682bfff000 r--p 0001a000 08:01 656508                     /usr/lib/jdk/jdk1.8.0_201/jre/lib/amd64/libzip.so
7f682bfff000-7f682c000000 rw-p 0001b000 08:01 656508                     /usr/lib/jdk/jdk1.8.0_201/jre/lib/amd64/libzip.so
7f682c000000-7f682c4d7000 rw-p 00000000 00:00 0 
7f682c4d7000-7f6830000000 ---p 00000000 00:00 0 
7f683000e000-7f683002a000 r--s 00393000 08:01 656354                     /usr/lib/jdk/jdk1.8.0_201/jre/lib/ext/cldrdata.jar
7f683002a000-7f683003f000 rw-p 00000000 00:00 0 
7f683003f000-7f6830172000 ---p 00000000 00:00 0 
7f6830172000-7f683017d000 r-xp 00000000 08:01 658902                     /lib/x86_64-linux-gnu/libnss_files-2.23.so
7f683017d000-7f683037c000 ---p 0000b000 08:01 658902                     /lib/x86_64-linux-gnu/libnss_files-2.23.so
7f683037c000-7f683037d000 r--p 0000a000 08:01 658902                     /lib/x86_64-linux-gnu/libnss_files-2.23.so
7f683037d000-7f683037e000 rw-p 0000b000 08:01 658902                     /lib/x86_64-linux-gnu/libnss_files-2.23.so
7f683037e000-7f6830384000 rw-p 00000000 00:00 0 
7f6830384000-7f683038f000 r-xp 00000000 08:01 658912                     /lib/x86_64-linux-gnu/libnss_nis-2.23.so
7f683038f000-7f683058e000 ---p 0000b000 08:01 658912                     /lib/x86_64-linux-gnu/libnss_nis-2.23.so
7f683058e000-7f683058f000 r--p 0000a000 08:01 658912                     /lib/x86_64-linux-gnu/libnss_nis-2.23.so
7f683058f000-7f6830590000 rw-p 0000b000 08:01 658912                     /lib/x86_64-linux-gnu/libnss_nis-2.23.so
7f6830590000-7f68305a6000 r-xp 00000000 08:01 658896                     /lib/x86_64-linux-gnu/libnsl-2.23.so
7f68305a6000-7f68307a5000 ---p 00016000 08:01 658896                     /lib/x86_64-linux-gnu/libnsl-2.23.so
7f68307a5000-7f68307a6000 r--p 00015000 08:01 658896                     /lib/x86_64-linux-gnu/libnsl-2.23.so
7f68307a6000-7f68307a7000 rw-p 00016000 08:01 658896                     /lib/x86_64-linux-gnu/libnsl-2.23.so
7f68307a7000-7f68307a9000 rw-p 00000000 00:00 0 
7f68307a9000-7f68307b1000 r-xp 00000000 08:01 658898                     /lib/x86_64-linux-gnu/libnss_compat-2.23.so
7f68307b1000-7f68309b0000 ---p 00008000 08:01 658898                     /lib/x86_64-linux-gnu/libnss_compat-2.23.so
7f68309b0000-7f68309b1000 r--p 00007000 08:01 658898                     /lib/x86_64-linux-gnu/libnss_compat-2.23.so
7f68309b1000-7f68309b2000 rw-p 00008000 08:01 658898                     /lib/x86_64-linux-gnu/libnss_compat-2.23.so
7f68309b2000-7f68309de000 r-xp 00000000 08:01 656502                     /usr/lib/jdk/jdk1.8.0_201/jre/lib/amd64/libjava.so
7f68309de000-7f6830bde000 ---p 0002c000 08:01 656502                     /usr/lib/jdk/jdk1.8.0_201/jre/lib/amd64/libjava.so
7f6830bde000-7f6830bdf000 r--p 0002c000 08:01 656502                     /usr/lib/jdk/jdk1.8.0_201/jre/lib/amd64/libjava.so
7f6830bdf000-7f6830be1000 rw-p 0002d000 08:01 656502                     /usr/lib/jdk/jdk1.8.0_201/jre/lib/amd64/libjava.so
7f6830be1000-7f6830bee000 r-xp 00000000 08:01 656507                     /usr/lib/jdk/jdk1.8.0_201/jre/lib/amd64/libverify.so
7f6830bee000-7f6830ded000 ---p 0000d000 08:01 656507                     /usr/lib/jdk/jdk1.8.0_201/jre/lib/amd64/libverify.so
7f6830ded000-7f6830def000 r--p 0000c000 08:01 656507                     /usr/lib/jdk/jdk1.8.0_201/jre/lib/amd64/libverify.so
7f6830def000-7f6830df0000 rw-p 0000e000 08:01 656507                     /usr/lib/jdk/jdk1.8.0_201/jre/lib/amd64/libverify.so
7f6830df0000-7f6830df7000 r-xp 00000000 08:01 658957                     /lib/x86_64-linux-gnu/librt-2.23.so
7f6830df7000-7f6830ff6000 ---p 00007000 08:01 658957                     /lib/x86_64-linux-gnu/librt-2.23.so
7f6830ff6000-7f6830ff7000 r--p 00006000 08:01 658957                     /lib/x86_64-linux-gnu/librt-2.23.so
7f6830ff7000-7f6830ff8000 rw-p 00007000 08:01 658957                     /lib/x86_64-linux-gnu/librt-2.23.so
7f6830ff8000-7f6831100000 r-xp 00000000 08:01 658873                     /lib/x86_64-linux-gnu/libm-2.23.so
7f6831100000-7f68312ff000 ---p 00108000 08:01 658873                     /lib/x86_64-linux-gnu/libm-2.23.so
7f68312ff000-7f6831300000 r--p 00107000 08:01 658873                     /lib/x86_64-linux-gnu/libm-2.23.so
7f6831300000-7f6831301000 rw-p 00108000 08:01 658873                     /lib/x86_64-linux-gnu/libm-2.23.so
7f6831301000-7f6831fe9000 r-xp 00000000 08:01 656484                     /usr/lib/jdk/jdk1.8.0_201/jre/lib/amd64/server/libjvm.so
7f6831fe9000-7f68321e8000 ---p 00ce8000 08:01 656484                     /usr/lib/jdk/jdk1.8.0_201/jre/lib/amd64/server/libjvm.so
7f68321e8000-7f683227e000 r--p 00ce7000 08:01 656484                     /usr/lib/jdk/jdk1.8.0_201/jre/lib/amd64/server/libjvm.so
7f683227e000-7f68322af000 rw-p 00d7d000 08:01 656484                     /usr/lib/jdk/jdk1.8.0_201/jre/lib/amd64/server/libjvm.so
7f68322af000-7f68322ea000 rw-p 00000000 00:00 0 
7f68322ea000-7f68324aa000 r-xp 00000000 08:01 658803                     /lib/x86_64-linux-gnu/libc-2.23.so
7f68324aa000-7f68326aa000 ---p 001c0000 08:01 658803                     /lib/x86_64-linux-gnu/libc-2.23.so
7f68326aa000-7f68326ae000 r--p 001c0000 08:01 658803                     /lib/x86_64-linux-gnu/libc-2.23.so
7f68326ae000-7f68326b0000 rw-p 001c4000 08:01 658803                     /lib/x86_64-linux-gnu/libc-2.23.so
7f68326b0000-7f68326b4000 rw-p 00000000 00:00 0 
7f68326b4000-7f68326b7000 r-xp 00000000 08:01 658827                     /lib/x86_64-linux-gnu/libdl-2.23.so
7f68326b7000-7f68328b6000 ---p 00003000 08:01 658827                     /lib/x86_64-linux-gnu/libdl-2.23.so
7f68328b6000-7f68328b7000 r--p 00002000 08:01 658827                     /lib/x86_64-linux-gnu/libdl-2.23.so
7f68328b7000-7f68328b8000 rw-p 00003000 08:01 658827                     /lib/x86_64-linux-gnu/libdl-2.23.so
7f68328b8000-7f68328cf000 r-xp 00000000 08:01 656155                     /usr/lib/jdk/jdk1.8.0_201/lib/amd64/jli/libjli.so
7f68328cf000-7f6832ace000 ---p 00017000 08:01 656155                     /usr/lib/jdk/jdk1.8.0_201/lib/amd64/jli/libjli.so
7f6832ace000-7f6832acf000 r--p 00016000 08:01 656155                     /usr/lib/jdk/jdk1.8.0_201/lib/amd64/jli/libjli.so
7f6832acf000-7f6832ad0000 rw-p 00017000 08:01 656155                     /usr/lib/jdk/jdk1.8.0_201/lib/amd64/jli/libjli.so
7f6832ad0000-7f6832ae8000 r-xp 00000000 08:01 658949                     /lib/x86_64-linux-gnu/libpthread-2.23.so
7f6832ae8000-7f6832ce7000 ---p 00018000 08:01 658949                     /lib/x86_64-linux-gnu/libpthread-2.23.so
7f6832ce7000-7f6832ce8000 r--p 00017000 08:01 658949                     /lib/x86_64-linux-gnu/libpthread-2.23.so
7f6832ce8000-7f6832ce9000 rw-p 00018000 08:01 658949                     /lib/x86_64-linux-gnu/libpthread-2.23.so
7f6832ce9000-7f6832ced000 rw-p 00000000 00:00 0 
7f6832ced000-7f6832d13000 r-xp 00000000 08:01 658775                     /lib/x86_64-linux-gnu/ld-2.23.so
7f6832d1b000-7f6832d25000 r--s 00116000 08:01 656361                     /usr/lib/jdk/jdk1.8.0_201/jre/lib/ext/localedata.jar
7f6832d25000-7f6832d37000 r--s 000d1000 08:01 407039                     /home/hewitt/work/DiffTGen-master/output/patch1-Math-59-SequenceR/Math_59_1_sequencer/target/build/classes/all0.jar
7f6832d37000-7f6832df5000 rw-p 00000000 00:00 0 
7f6832df5000-7f6832df8000 ---p 00000000 00:00 0 
7f6832df8000-7f6832efb000 rw-p 00000000 00:00 0 
7f6832efb000-7f6832eff000 r--s 000a1000 08:01 656350                     /usr/lib/jdk/jdk1.8.0_201/jre/lib/jsse.jar
7f6832eff000-7f6832f07000 r--s 0006e000 08:01 398946                     /home/hewitt/work/DiffTGen-master/lib/commons-lang3-3.5.jar
7f6832f07000-7f6832f08000 r--s 00000000 08:01 398951                     /home/hewitt/work/DiffTGen-master/lib/myprinter.jar
7f6832f08000-7f6832f10000 rw-s 00000000 08:01 151760                     /tmp/hsperfdata_hewitt/11620
7f6832f10000-7f6832f11000 rw-p 00000000 00:00 0 
7f6832f11000-7f6832f12000 ---p 00000000 00:00 0 
7f6832f12000-7f6832f13000 r--p 00025000 08:01 658775                     /lib/x86_64-linux-gnu/ld-2.23.so
7f6832f13000-7f6832f14000 rw-p 00026000 08:01 658775                     /lib/x86_64-linux-gnu/ld-2.23.so
7f6832f14000-7f6832f15000 rw-p 00000000 00:00 0 
7fffd26b3000-7fffd26d5000 rw-p 00000000 00:00 0                          [stack]
7fffd27b0000-7fffd27b3000 r--p 00000000 00:00 0                          [vvar]
7fffd27b3000-7fffd27b5000 r-xp 00000000 00:00 0                          [vdso]
ffffffffff600000-ffffffffff601000 r-xp 00000000 00:00 0                  [vsyscall]

VM Arguments:
java_command: /home/hewitt/work/DiffTGen-master/lib/evosuite-1.0.6.jar -base_dir /home/hewitt/work/DiffTGen-master/output/patch1-Math-59-SequenceR/Math_59_1_sequencer/target/0/7 -projectCP /home/hewitt/work/DiffTGen-master/output/patch1-Math-59-SequenceR/Math_59_1_sequencer/target/build/classes/all0.jar:/home/hewitt/work/DiffTGen-master/lib/myprinter.jar:/home/hewitt/work/DiffTGen-master/lib/commons-lang3-3.5.jar -class org.apache.commons.math.util.FastMath -Dassertions=false -Dsearch_budget=60
java_class_path (initial): /home/hewitt/work/DiffTGen-master/lib/evosuite-1.0.6.jar
Launcher Type: SUN_STANDARD

Environment Variables:
JAVA_HOME=/usr/lib/jdk/jdk1.8.0_201
JRE_HOME=/usr/lib/jdk/jdk1.8.0_201/jre
CLASSPATH=.:/usr/lib/jdk/jdk1.8.0_201/lib:/usr/lib/jdk/jdk1.8.0_201/jre/lib
PATH=/usr/lib/jdk/jdk1.8.0_201/bin:/home/hewitt/bin:/home/hewitt/.local/bin:/usr/lib/jdk/jdk1.7.0_80/bin:/usr/local/sbin:/usr/local/bin:/usr/sbin:/usr/bin:/sbin:/bin:/usr/games:/usr/local/games:/snap/bin:/home/hewitt/work/defects4j_v1.4.0/defects4j/framework/bin:/opt/apache-ant-1.9.14/bin:/home/hewitt/work/defects4j_v1.4.0/defects4j/framework/bin
SHELL=/bin/bash
DISPLAY=:0

Signal Handlers:
SIGSEGV: [libjvm.so+0xad3e60], sa_mask[0]=11111111011111111101111111111110, sa_flags=SA_RESTART|SA_SIGINFO
SIGBUS: [libjvm.so+0xad3e60], sa_mask[0]=11111111011111111101111111111110, sa_flags=SA_RESTART|SA_SIGINFO
SIGFPE: [libjvm.so+0x90b880], sa_mask[0]=11111111011111111101111111111110, sa_flags=SA_RESTART|SA_SIGINFO
SIGPIPE: [libjvm.so+0x90b880], sa_mask[0]=11111111011111111101111111111110, sa_flags=SA_RESTART|SA_SIGINFO
SIGXFSZ: [libjvm.so+0x90b880], sa_mask[0]=11111111011111111101111111111110, sa_flags=SA_RESTART|SA_SIGINFO
SIGILL: [libjvm.so+0x90b880], sa_mask[0]=11111111011111111101111111111110, sa_flags=SA_RESTART|SA_SIGINFO
SIGUSR1: SIG_DFL, sa_mask[0]=00000000000000000000000000000000, sa_flags=none
SIGUSR2: [libjvm.so+0x90b750], sa_mask[0]=00100000000000000000000000000000, sa_flags=SA_RESTART|SA_SIGINFO
SIGHUP: [libjvm.so+0x90bd70], sa_mask[0]=11111111011111111101111111111110, sa_flags=SA_RESTART|SA_SIGINFO
SIGINT: [libjvm.so+0x90bd70], sa_mask[0]=11111111011111111101111111111110, sa_flags=SA_RESTART|SA_SIGINFO
SIGTERM: [libjvm.so+0x90bd70], sa_mask[0]=11111111011111111101111111111110, sa_flags=SA_RESTART|SA_SIGINFO
SIGQUIT: [libjvm.so+0x90bd70], sa_mask[0]=11111111011111111101111111111110, sa_flags=SA_RESTART|SA_SIGINFO


---------------  S Y S T E M  ---------------

OS:DISTRIB_ID=Ubuntu
DISTRIB_RELEASE=16.04
DISTRIB_CODENAME=xenial
DISTRIB_DESCRIPTION="Ubuntu 16.04.6 LTS"

uname:Linux 4.15.0-91-generic #92~16.04.1-Ubuntu SMP Fri Feb 28 14:57:22 UTC 2020 x86_64
libc:glibc 2.23 NPTL 2.23 
rlimit: STACK 8192k, CORE 0k, NPROC 15448, NOFILE 1048576, AS infinity
load average:14.21 15.12 15.34

/proc/meminfo:
MemTotal:        4015928 kB
MemFree:          497016 kB
MemAvailable:     414816 kB
Buffers:             620 kB
Cached:            43184 kB
SwapCached:         3356 kB
Active:          2629292 kB
Inactive:         457564 kB
Active(anon):    2611764 kB
Inactive(anon):   432232 kB
Active(file):      17528 kB
Inactive(file):    25332 kB
Unevictable:          48 kB
Mlocked:              48 kB
SwapTotal:        998396 kB
SwapFree:          13728 kB
Dirty:               492 kB
Writeback:           892 kB
AnonPages:       3040240 kB
Mapped:            32868 kB
Shmem:               900 kB
Slab:              91856 kB
SReclaimable:      33676 kB
SUnreclaim:        58180 kB
KernelStack:       13296 kB
PageTables:        39100 kB
NFS_Unstable:          0 kB
Bounce:                0 kB
WritebackTmp:          0 kB
CommitLimit:     3006360 kB
Committed_AS:    7722944 kB
VmallocTotal:   34359738367 kB
VmallocUsed:           0 kB
VmallocChunk:          0 kB
HardwareCorrupted:     0 kB
AnonHugePages:         0 kB
ShmemHugePages:        0 kB
ShmemPmdMapped:        0 kB
CmaTotal:              0 kB
CmaFree:               0 kB
HugePages_Total:       0
HugePages_Free:        0
HugePages_Rsvd:        0
HugePages_Surp:        0
Hugepagesize:       2048 kB
DirectMap4k:       98112 kB
DirectMap2M:     4096000 kB
DirectMap1G:     2097152 kB

container (cgroup) information:
container_type: cgroupv1
cpu_cpuset_cpus: 0-3
cpu_memory_nodes: 0
active_processor_count: 4
cpu_quota: -1
cpu_period: 100000
cpu_shares: -1
memory_limit_in_bytes: -1
memory_and_swap_limit_in_bytes: -2
memory_soft_limit_in_bytes: -1
memory_usage_in_bytes: 3159543808
memory_max_usage_in_bytes: 20938752


CPU:total 4 (initial active 4) (2 cores per cpu, 1 threads per core) family 6 model 158 stepping 9, cmov, cx8, fxsr, mmx, sse, sse2, sse3, ssse3, sse4.1, sse4.2, popcnt, avx, avx2, aes, clmul, erms, 3dnowpref, lzcnt, tsc, tscinvbit, bmi1, bmi2, adx

/proc/cpuinfo:
processor	: 0
vendor_id	: GenuineIntel
cpu family	: 6
model		: 158
model name	: Intel(R) Core(TM) i7-7700HQ CPU @ 2.80GHz
stepping	: 9
microcode	: 0xb4
cpu MHz		: 2808.002
cache size	: 6144 KB
physical id	: 0
siblings	: 2
core id		: 0
cpu cores	: 2
apicid		: 0
initial apicid	: 0
fpu		: yes
fpu_exception	: yes
cpuid level	: 22
wp		: yes
flags		: fpu vme de pse tsc msr pae mce cx8 apic sep mtrr pge mca cmov pat pse36 clflush mmx fxsr sse sse2 ss ht syscall nx pdpe1gb rdtscp lm constant_tsc arch_perfmon nopl xtopology tsc_reliable nonstop_tsc cpuid pni pclmulqdq ssse3 fma cx16 pcid sse4_1 sse4_2 x2apic movbe popcnt tsc_deadline_timer aes xsave avx f16c rdrand hypervisor lahf_lm abm 3dnowprefetch cpuid_fault invpcid_single pti ssbd ibrs ibpb stibp fsgsbase tsc_adjust bmi1 avx2 smep bmi2 invpcid mpx rdseed adx smap clflushopt xsaveopt xsavec xsaves arat md_clear flush_l1d arch_capabilities
bugs		: cpu_meltdown spectre_v1 spectre_v2 spec_store_bypass l1tf mds swapgs itlb_multihit
bogomips	: 5616.00
clflush size	: 64
cache_alignment	: 64
address sizes	: 43 bits physical, 48 bits virtual
power management:

processor	: 1
vendor_id	: GenuineIntel
cpu family	: 6
model		: 158
model name	: Intel(R) Core(TM) i7-7700HQ CPU @ 2.80GHz
stepping	: 9
microcode	: 0xb4
cpu MHz		: 2808.002
cache size	: 6144 KB
physical id	: 0
siblings	: 2
core id		: 1
cpu cores	: 2
apicid		: 1
initial apicid	: 1
fpu		: yes
fpu_exception	: yes
cpuid level	: 22
wp		: yes
flags		: fpu vme de pse tsc msr pae mce cx8 apic sep mtrr pge mca cmov pat pse36 clflush mmx fxsr sse sse2 ss ht syscall nx pdpe1gb rdtscp lm constant_tsc arch_perfmon nopl xtopology tsc_reliable nonstop_tsc cpuid pni pclmulqdq ssse3 fma cx16 pcid sse4_1 sse4_2 x2apic movbe popcnt tsc_deadline_timer aes xsave avx f16c rdrand hypervisor lahf_lm abm 3dnowprefetch cpuid_fault invpcid_single pti ssbd ibrs ibpb stibp fsgsbase tsc_adjust bmi1 avx2 smep bmi2 invpcid mpx rdseed adx smap clflushopt xsaveopt xsavec xsaves arat md_clear flush_l1d arch_capabilities
bugs		: cpu_meltdown spectre_v1 spectre_v2 spec_store_bypass l1tf mds swapgs itlb_multihit
bogomips	: 5616.00
clflush size	: 64
cache_alignment	: 64
address sizes	: 43 bits physical, 48 bits virtual
power management:

processor	: 2
vendor_id	: GenuineIntel
cpu family	: 6
model		: 158
model name	: Intel(R) Core(TM) i7-7700HQ CPU @ 2.80GHz
stepping	: 9
microcode	: 0xb4
cpu MHz		: 2808.002
cache size	: 6144 KB
physical id	: 1
siblings	: 2
core id		: 0
cpu cores	: 2
apicid		: 2
initial apicid	: 2
fpu		: yes
fpu_exception	: yes
cpuid level	: 22
wp		: yes
flags		: fpu vme de pse tsc msr pae mce cx8 apic sep mtrr pge mca cmov pat pse36 clflush mmx fxsr sse sse2 ss ht syscall nx pdpe1gb rdtscp lm constant_tsc arch_perfmon nopl xtopology tsc_reliable nonstop_tsc cpuid pni pclmulqdq ssse3 fma cx16 pcid sse4_1 sse4_2 x2apic movbe popcnt tsc_deadline_timer aes xsave avx f16c rdrand hypervisor lahf_lm abm 3dnowprefetch cpuid_fault invpcid_single pti ssbd ibrs ibpb stibp fsgsbase tsc_adjust bmi1 avx2 smep bmi2 invpcid mpx rdseed adx smap clflushopt xsaveopt xsavec xsaves arat md_clear flush_l1d arch_capabilities
bugs		: cpu_meltdown spectre_v1 spectre_v2 spec_store_bypass l1tf mds swapgs itlb_multihit
bogomips	: 5616.00
clflush size	: 64
cache_alignment	: 64
address sizes	: 43 bits physical, 48 bits virtual
power management:

processor	: 3
vendor_id	: GenuineIntel
cpu family	: 6
model		: 158
model name	: Intel(R) Core(TM) i7-7700HQ CPU @ 2.80GHz
stepping	: 9
microcode	: 0xb4
cpu MHz		: 2808.002
cache size	: 6144 KB
physical id	: 1
siblings	: 2
core id		: 1
cpu cores	: 2
apicid		: 3
initial apicid	: 3
fpu		: yes
fpu_exception	: yes
cpuid level	: 22
wp		: yes
flags		: fpu vme de pse tsc msr pae mce cx8 apic sep mtrr pge mca cmov pat pse36 clflush mmx fxsr sse sse2 ss ht syscall nx pdpe1gb rdtscp lm constant_tsc arch_perfmon nopl xtopology tsc_reliable nonstop_tsc cpuid pni pclmulqdq ssse3 fma cx16 pcid sse4_1 sse4_2 x2apic movbe popcnt tsc_deadline_timer aes xsave avx f16c rdrand hypervisor lahf_lm abm 3dnowprefetch cpuid_fault invpcid_single pti ssbd ibrs ibpb stibp fsgsbase tsc_adjust bmi1 avx2 smep bmi2 invpcid mpx rdseed adx smap clflushopt xsaveopt xsavec xsaves arat md_clear flush_l1d arch_capabilities
bugs		: cpu_meltdown spectre_v1 spectre_v2 spec_store_bypass l1tf mds swapgs itlb_multihit
bogomips	: 5616.00
clflush size	: 64
cache_alignment	: 64
address sizes	: 43 bits physical, 48 bits virtual
power management:



Memory: 4k page, physical 4015928k(497016k free), swap 998396k(13728k free)

vm_info: Java HotSpot(TM) 64-Bit Server VM (25.201-b09) for linux-amd64 JRE (1.8.0_201-b09), built on Dec 15 2018 11:35:59 by "java_re" with gcc 7.3.0

time: Sun Mar 29 04:01:38 2020
timezone: CST
elapsed time: 98 seconds (0d 0h 1m 38s)

