#
# There is insufficient memory for the Java Runtime Environment to continue.
# Native memory allocation (mmap) failed to map 62914560 bytes for committing reserved memory.
# Possible reasons:
#   The system is out of physical RAM or swap space
#   The process is running with CompressedOops enabled, and the Java Heap may be blocking the growth of the native heap
# Possible solutions:
#   Reduce memory load on the system
#   Increase physical memory or swap space
#   Check if swap backing store is full
#   Decrease Java heap size (-Xmx/-Xms)
#   Decrease number of Java threads
#   Decrease Java thread stack sizes (-Xss)
#   Set larger code cache with -XX:ReservedCodeCacheSize=
#   JVM is running with Unscaled Compressed Oops mode in which the Java heap is
#     placed in the first 4GB address space. The Java Heap base address is the
#     maximum limit for the native heap growth. Please use -XX:HeapBaseMinAddress
#     to set the Java Heap base and to place the Java Heap above 4GB virtual address.
# This output file may be truncated or incomplete.
#
#  Out of Memory Error (os_linux.cpp:2749), pid=20178, tid=0x00007f198177c700
#
# JRE version: Java(TM) SE Runtime Environment (8.0_201-b09) (build 1.8.0_201-b09)
# Java VM: Java HotSpot(TM) 64-Bit Server VM (25.201-b09 mixed mode linux-amd64 compressed oops)
# Failed to write core dump. Core dumps have been disabled. To enable core dumping, try "ulimit -c unlimited" before starting Java again
#

---------------  T H R E A D  ---------------

Current thread (0x00007f1994140000):  VMThread [stack: 0x00007f198167c000,0x00007f198177d000] [id=20242]

Stack: [0x00007f198167c000,0x00007f198177d000],  sp=0x00007f198177b450,  free space=1021k
Native frames: (J=compiled Java code, j=interpreted, Vv=VM code, C=native code)
V  [libjvm.so+0xad3525]  VMError::report_and_die()+0x2e5
V  [libjvm.so+0x4e0457]  report_vm_out_of_memory(char const*, int, unsigned long, VMErrorType, char const*)+0x67
V  [libjvm.so+0x9102f0]  os::pd_commit_memory(char*, unsigned long, unsigned long, bool)+0x100
V  [libjvm.so+0x90791f]  os::commit_memory(char*, unsigned long, unsigned long, bool)+0x1f
V  [libjvm.so+0x98c806]  PSVirtualSpace::expand_by(unsigned long)+0x56
V  [libjvm.so+0x98da98]  PSYoungGen::resize(unsigned long, unsigned long)+0xd8
V  [libjvm.so+0x98a236]  PSScavenge::invoke_no_policy()+0x1376
V  [libjvm.so+0x98a5cc]  PSScavenge::invoke()+0x4c
V  [libjvm.so+0x93a318]  ParallelScavengeHeap::failed_mem_allocate(unsigned long)+0x68
V  [libjvm.so+0xad5073]  VM_ParallelGCFailedAllocation::doit()+0x93
V  [libjvm.so+0xada296]  VM_Operation::evaluate()+0x46
V  [libjvm.so+0xad85cd]  VMThread::evaluate_operation(VM_Operation*) [clone .constprop.44]+0xcd
V  [libjvm.so+0xad8bb3]  VMThread::loop()+0x3a3
V  [libjvm.so+0xad8f88]  VMThread::run()+0x78
V  [libjvm.so+0x90d922]  java_start(Thread*)+0x102

VM_Operation (0x00007f1913cf55f0): ParallelGCFailedAllocation, mode: safepoint, requested by thread 0x00007f1938001000


---------------  P R O C E S S  ---------------

Java Threads: ( => current thread )
  0x00007f1938002800 JavaThread "RMI TCP Connection(3)-127.0.0.1" daemon [_thread_in_native, id=20694, stack(0x00007f19138fb000,0x00007f19139fc000)]
  0x00007f1938001000 JavaThread "RMI TCP Connection(2)-127.0.0.1" daemon [_thread_blocked, id=20600, stack(0x00007f1913bfc000,0x00007f1913cfd000)]
  0x00007f1908038000 JavaThread "RMI Scheduler(0)" daemon [_thread_blocked, id=20597, stack(0x00007f1913cfd000,0x00007f1913dfe000)]
  0x00007f1908030800 JavaThread "RMI RenewClean-[127.0.0.1:20575]" daemon [_thread_blocked, id=20591, stack(0x00007f1913dfe000,0x00007f1913eff000)]
  0x00007f1934001000 JavaThread "RMI TCP Connection(idle)" daemon [_thread_blocked, id=20584, stack(0x00007f1913eff000,0x00007f1914000000)]
  0x00007f1924005000 JavaThread "pool-3-thread-3" [_thread_in_native, id=20549, stack(0x00007f1978079000,0x00007f197817a000)]
  0x00007f1924003000 JavaThread "pool-3-thread-2" [_thread_in_native, id=20546, stack(0x00007f197817a000,0x00007f197827b000)]
  0x00007f1924002000 JavaThread "pool-3-thread-1" [_thread_in_native, id=20539, stack(0x00007f197827b000,0x00007f197837c000)]
  0x00007f19941fe000 JavaThread "Thread-3" [_thread_in_native, id=20401, stack(0x00007f197837c000,0x00007f197847d000)]
  0x00007f19941fc800 JavaThread "Thread-2" [_thread_in_native, id=20399, stack(0x00007f197847d000,0x00007f197857e000)]
  0x00007f19941a4000 JavaThread "process reaper" daemon [_thread_in_native, id=20395, stack(0x00007f1998017000,0x00007f1998050000)]
  0x00007f19943ae800 JavaThread "pool-2-thread-1" [_thread_in_native, id=20382, stack(0x00007f197857e000,0x00007f197867f000)]
  0x00007f19943ac000 JavaThread "GC Daemon" daemon [_thread_blocked, id=20380, stack(0x00007f197867f000,0x00007f1978780000)]
  0x00007f19943a9800 JavaThread "RMI Reaper" [_thread_blocked, id=20375, stack(0x00007f1978780000,0x00007f1978881000)]
  0x00007f19943a2800 JavaThread "RMI TCP Accept-13928" daemon [_thread_in_native, id=20370, stack(0x00007f1978881000,0x00007f1978982000)]
  0x00007f199439b800 JavaThread "RMI TCP Accept-7398" daemon [_thread_in_native, id=20359, stack(0x00007f1978982000,0x00007f1978a83000)]
  0x00007f19942e2800 JavaThread "logback-3" daemon [_thread_blocked, id=20326, stack(0x00007f1978cfc000,0x00007f1978dfd000)]
  0x00007f19942de800 JavaThread "logback-2" daemon [_thread_blocked, id=20324, stack(0x00007f1978dfd000,0x00007f1978efe000)]
  0x00007f19942dd000 JavaThread "logback-1" daemon [_thread_blocked, id=20323, stack(0x00007f1978efe000,0x00007f1978fff000)]
  0x00007f1994189000 JavaThread "Service Thread" daemon [_thread_blocked, id=20296, stack(0x00007f19805b6000,0x00007f19806b7000)]
  0x00007f1994186000 JavaThread "C1 CompilerThread2" daemon [_thread_blocked, id=20286, stack(0x00007f19806b7000,0x00007f19807b8000)]
  0x00007f1994184800 JavaThread "C2 CompilerThread1" daemon [_thread_blocked, id=20281, stack(0x00007f19807b8000,0x00007f19808b9000)]
  0x00007f1994181800 JavaThread "C2 CompilerThread0" daemon [_thread_in_native, id=20271, stack(0x00007f19808b9000,0x00007f19809ba000)]
  0x00007f1994180000 JavaThread "Signal Dispatcher" daemon [_thread_blocked, id=20260, stack(0x00007f19809ba000,0x00007f1980abb000)]
  0x00007f199414c000 JavaThread "Finalizer" daemon [_thread_blocked, id=20255, stack(0x00007f198147a000,0x00007f198157b000)]
  0x00007f1994149800 JavaThread "Reference Handler" daemon [_thread_blocked, id=20246, stack(0x00007f198157b000,0x00007f198167c000)]
  0x00007f199400a800 JavaThread "main" [_thread_in_native, id=20192, stack(0x00007f199bb5e000,0x00007f199bc5f000)]

Other Threads:
=>0x00007f1994140000 VMThread [stack: 0x00007f198167c000,0x00007f198177d000] [id=20242]
  0x00007f199418b800 WatcherThread [stack: 0x00007f19804b5000,0x00007f19805b6000] [id=20299]

VM state:at safepoint (normal execution)

VM Mutex/Monitor currently owned by a thread:  ([mutex/lock_event])
[0x00007f1994007090] Threads_lock - owner thread: 0x00007f1994140000
[0x00007f1994007590] Heap_lock - owner thread: 0x00007f1938001000

heap address: 0x00000000c2a00000, size: 982 MB, Compressed Oops mode: 32-bit
Narrow klass base: 0x0000000000000000, Narrow klass shift: 3
Compressed class space size: 1073741824 Address: 0x0000000100000000

Heap:
 PSYoungGen      total 64512K, used 6144K [0x00000000eb900000, 0x00000000eff00000, 0x0000000100000000)
  eden space 58368K, 0% used [0x00000000eb900000,0x00000000eb900000,0x00000000ef200000)
  from space 6144K, 100% used [0x00000000ef200000,0x00000000ef800000,0x00000000ef800000)
  to   space 5120K, 0% used [0x00000000ef800000,0x00000000ef800000,0x00000000efd00000)
 ParOldGen       total 42496K, used 12693K [0x00000000c2a00000, 0x00000000c5380000, 0x00000000eb900000)
  object space 42496K, 29% used [0x00000000c2a00000,0x00000000c36656f8,0x00000000c5380000)
 Metaspace       used 13846K, capacity 14190K, committed 14336K, reserved 1062912K
  class space    used 1565K, capacity 1667K, committed 1792K, reserved 1048576K

Card table byte_map: [0x00007f1998713000,0x00007f19988ff000] byte_map_base: 0x00007f19980fe000

Marking Bits: (ParMarkBitMap*) 0x00007f199b035d80
 Begin Bits: [0x00007f1983150000, 0x00007f19840a8000)
 End Bits:   [0x00007f19840a8000, 0x00007f1985000000)

Polling page: 0x00007f199bc7a000

CodeCache: size=245760Kb used=6619Kb max_used=6619Kb free=239140Kb
 bounds [0x00007f1985000000, 0x00007f1985690000, 0x00007f1994000000]
 total_blobs=2188 nmethods=1840 adapters=261
 compilation: enabled

Compilation events (10 events):
Event: 38.662 Thread 0x00007f1994184800 nmethod 1884 0x00007f198567b310 code [0x00007f198567b5c0, 0x00007f198567c4f0]
Event: 38.662 Thread 0x00007f1994184800 1700       4       org.evosuite.shaded.org.objectweb.asm.Frame::execute (2273 bytes)
Event: 38.668 Thread 0x00007f1994186000 1892       2       org.evosuite.shaded.org.objectweb.asm.commons.GeneratorAdapter::<init> (44 bytes)
Event: 38.668 Thread 0x00007f1994186000 nmethod 1892 0x00007f198567ad90 code [0x00007f198567af20, 0x00007f198567b1e8]
Event: 38.668 Thread 0x00007f1994186000 1893       2       org.evosuite.shaded.org.objectweb.asm.commons.LocalVariablesSorter::visitMaxs (13 bytes)
Event: 38.669 Thread 0x00007f1994186000 nmethod 1893 0x00007f198567aa10 code [0x00007f198567ab80, 0x00007f198567ad08]
Event: 38.671 Thread 0x00007f1994186000 1894       2       org.evosuite.shaded.org.objectweb.asm.tree.MethodNode::accept (916 bytes)
Event: 38.673 Thread 0x00007f1994186000 nmethod 1894 0x00007f198567db90 code [0x00007f198567e0c0, 0x00007f198567fa68]
Event: 38.836 Thread 0x00007f1994186000 1895       2       org.jgrapht.graph.AbstractBaseGraph::<init> (78 bytes)
Event: 38.836 Thread 0x00007f1994186000 nmethod 1895 0x00007f198567a390 code [0x00007f198567a520, 0x00007f198567a8b8]

GC Heap History (10 events):
Event: 35.132 GC heap after
Heap after GC invocations=5 (full 1):
 PSYoungGen      total 18432K, used 2560K [0x00000000eb900000, 0x00000000edd00000, 0x0000000100000000)
  eden space 15872K, 0% used [0x00000000eb900000,0x00000000eb900000,0x00000000ec880000)
  from space 2560K, 100% used [0x00000000ecb00000,0x00000000ecd80000,0x00000000ecd80000)
  to   space 2560K, 0% used [0x00000000ec880000,0x00000000ec880000,0x00000000ecb00000)
 ParOldGen       total 42496K, used 5645K [0x00000000c2a00000, 0x00000000c5380000, 0x00000000eb900000)
  object space 42496K, 13% used [0x00000000c2a00000,0x00000000c2f837e0,0x00000000c5380000)
 Metaspace       used 13585K, capacity 13934K, committed 14080K, reserved 1060864K
  class space    used 1565K, capacity 1667K, committed 1792K, reserved 1048576K
}
Event: 36.060 GC heap before
{Heap before GC invocations=6 (full 1):
 PSYoungGen      total 18432K, used 18432K [0x00000000eb900000, 0x00000000edd00000, 0x0000000100000000)
  eden space 15872K, 100% used [0x00000000eb900000,0x00000000ec880000,0x00000000ec880000)
  from space 2560K, 100% used [0x00000000ecb00000,0x00000000ecd80000,0x00000000ecd80000)
  to   space 2560K, 0% used [0x00000000ec880000,0x00000000ec880000,0x00000000ecb00000)
 ParOldGen       total 42496K, used 5645K [0x00000000c2a00000, 0x00000000c5380000, 0x00000000eb900000)
  object space 42496K, 13% used [0x00000000c2a00000,0x00000000c2f837e0,0x00000000c5380000)
 Metaspace       used 13660K, capacity 13998K, committed 14336K, reserved 1062912K
  class space    used 1565K, capacity 1667K, committed 1792K, reserved 1048576K
Event: 36.092 GC heap after
Heap after GC invocations=6 (full 1):
 PSYoungGen      total 18432K, used 2560K [0x00000000eb900000, 0x00000000edd00000, 0x0000000100000000)
  eden space 15872K, 0% used [0x00000000eb900000,0x00000000eb900000,0x00000000ec880000)
  from space 2560K, 100% used [0x00000000ec880000,0x00000000ecb00000,0x00000000ecb00000)
  to   space 2560K, 0% used [0x00000000eda80000,0x00000000eda80000,0x00000000edd00000)
 ParOldGen       total 42496K, used 6818K [0x00000000c2a00000, 0x00000000c5380000, 0x00000000eb900000)
  object space 42496K, 16% used [0x00000000c2a00000,0x00000000c30a8810,0x00000000c5380000)
 Metaspace       used 13660K, capacity 13998K, committed 14336K, reserved 1062912K
  class space    used 1565K, capacity 1667K, committed 1792K, reserved 1048576K
}
Event: 36.435 GC heap before
{Heap before GC invocations=7 (full 1):
 PSYoungGen      total 18432K, used 18432K [0x00000000eb900000, 0x00000000edd00000, 0x0000000100000000)
  eden space 15872K, 100% used [0x00000000eb900000,0x00000000ec880000,0x00000000ec880000)
  from space 2560K, 100% used [0x00000000ec880000,0x00000000ecb00000,0x00000000ecb00000)
  to   space 2560K, 0% used [0x00000000eda80000,0x00000000eda80000,0x00000000edd00000)
 ParOldGen       total 42496K, used 6818K [0x00000000c2a00000, 0x00000000c5380000, 0x00000000eb900000)
  object space 42496K, 16% used [0x00000000c2a00000,0x00000000c30a8810,0x00000000c5380000)
 Metaspace       used 13694K, capacity 14062K, committed 14336K, reserved 1062912K
  class space    used 1565K, capacity 1667K, committed 1792K, reserved 1048576K
Event: 36.452 GC heap after
Heap after GC invocations=7 (full 1):
 PSYoungGen      total 32256K, used 2560K [0x00000000eb900000, 0x00000000ee100000, 0x0000000100000000)
  eden space 29696K, 0% used [0x00000000eb900000,0x00000000eb900000,0x00000000ed600000)
  from space 2560K, 100% used [0x00000000eda80000,0x00000000edd00000,0x00000000edd00000)
  to   space 4608K, 0% used [0x00000000ed600000,0x00000000ed600000,0x00000000eda80000)
 ParOldGen       total 42496K, used 8018K [0x00000000c2a00000, 0x00000000c5380000, 0x00000000eb900000)
  object space 42496K, 18% used [0x00000000c2a00000,0x00000000c31d48e0,0x00000000c5380000)
 Metaspace       used 13694K, capacity 14062K, committed 14336K, reserved 1062912K
  class space    used 1565K, capacity 1667K, committed 1792K, reserved 1048576K
}
Event: 37.196 GC heap before
{Heap before GC invocations=8 (full 1):
 PSYoungGen      total 32256K, used 32256K [0x00000000eb900000, 0x00000000ee100000, 0x0000000100000000)
  eden space 29696K, 100% used [0x00000000eb900000,0x00000000ed600000,0x00000000ed600000)
  from space 2560K, 100% used [0x00000000eda80000,0x00000000edd00000,0x00000000edd00000)
  to   space 4608K, 0% used [0x00000000ed600000,0x00000000ed600000,0x00000000eda80000)
 ParOldGen       total 42496K, used 8018K [0x00000000c2a00000, 0x00000000c5380000, 0x00000000eb900000)
  object space 42496K, 18% used [0x00000000c2a00000,0x00000000c31d48e0,0x00000000c5380000)
 Metaspace       used 13772K, capacity 14126K, committed 14336K, reserved 1062912K
  class space    used 1565K, capacity 1667K, committed 1792K, reserved 1048576K
Event: 37.218 GC heap after
Heap after GC invocations=8 (full 1):
 PSYoungGen      total 34304K, used 4480K [0x00000000eb900000, 0x00000000efd00000, 0x0000000100000000)
  eden space 29696K, 0% used [0x00000000eb900000,0x00000000eb900000,0x00000000ed600000)
  from space 4608K, 97% used [0x00000000ed600000,0x00000000eda60010,0x00000000eda80000)
  to   space 5120K, 0% used [0x00000000ef800000,0x00000000ef800000,0x00000000efd00000)
 ParOldGen       total 42496K, used 8018K [0x00000000c2a00000, 0x00000000c5380000, 0x00000000eb900000)
  object space 42496K, 18% used [0x00000000c2a00000,0x00000000c31d48e0,0x00000000c5380000)
 Metaspace       used 13772K, capacity 14126K, committed 14336K, reserved 1062912K
  class space    used 1565K, capacity 1667K, committed 1792K, reserved 1048576K
}
Event: 37.684 GC heap before
{Heap before GC invocations=9 (full 1):
 PSYoungGen      total 34304K, used 34176K [0x00000000eb900000, 0x00000000efd00000, 0x0000000100000000)
  eden space 29696K, 100% used [0x00000000eb900000,0x00000000ed600000,0x00000000ed600000)
  from space 4608K, 97% used [0x00000000ed600000,0x00000000eda60010,0x00000000eda80000)
  to   space 5120K, 0% used [0x00000000ef800000,0x00000000ef800000,0x00000000efd00000)
 ParOldGen       total 42496K, used 8018K [0x00000000c2a00000, 0x00000000c5380000, 0x00000000eb900000)
  object space 42496K, 18% used [0x00000000c2a00000,0x00000000c31d48e0,0x00000000c5380000)
 Metaspace       used 13805K, capacity 14190K, committed 14336K, reserved 1062912K
  class space    used 1565K, capacity 1667K, committed 1792K, reserved 1048576K
Event: 37.707 GC heap after
Heap after GC invocations=9 (full 1):
 PSYoungGen      total 63488K, used 5104K [0x00000000eb900000, 0x00000000eff00000, 0x0000000100000000)
  eden space 58368K, 0% used [0x00000000eb900000,0x00000000eb900000,0x00000000ef200000)
  from space 5120K, 99% used [0x00000000ef800000,0x00000000efcfc0b0,0x00000000efd00000)
  to   space 6144K, 0% used [0x00000000ef200000,0x00000000ef200000,0x00000000ef800000)
 ParOldGen       total 42496K, used 9352K [0x00000000c2a00000, 0x00000000c5380000, 0x00000000eb900000)
  object space 42496K, 22% used [0x00000000c2a00000,0x00000000c3322088,0x00000000c5380000)
 Metaspace       used 13805K, capacity 14190K, committed 14336K, reserved 1062912K
  class space    used 1565K, capacity 1667K, committed 1792K, reserved 1048576K
}
Event: 38.864 GC heap before
{Heap before GC invocations=10 (full 1):
 PSYoungGen      total 63488K, used 63472K [0x00000000eb900000, 0x00000000eff00000, 0x0000000100000000)
  eden space 58368K, 100% used [0x00000000eb900000,0x00000000ef200000,0x00000000ef200000)
  from space 5120K, 99% used [0x00000000ef800000,0x00000000efcfc0b0,0x00000000efd00000)
  to   space 6144K, 0% used [0x00000000ef200000,0x00000000ef200000,0x00000000ef800000)
 ParOldGen       total 42496K, used 9352K [0x00000000c2a00000, 0x00000000c5380000, 0x00000000eb900000)
  object space 42496K, 22% used [0x00000000c2a00000,0x00000000c3322088,0x00000000c5380000)
 Metaspace       used 13846K, capacity 14190K, committed 14336K, reserved 1062912K
  class space    used 1565K, capacity 1667K, committed 1792K, reserved 1048576K

Deoptimization events (10 events):
Event: 31.797 Thread 0x00007f1938001000 Uncommon trap: reason=class_check action=maybe_recompile pc=0x00007f19853cc634 method=java.util.HashMap.putVal(ILjava/lang/Object;Ljava/lang/Object;ZZ)Ljava/lang/Object; @ 203
Event: 31.797 Thread 0x00007f1938001000 Uncommon trap: reason=class_check action=maybe_recompile pc=0x00007f19853cc634 method=java.util.HashMap.putVal(ILjava/lang/Object;Ljava/lang/Object;ZZ)Ljava/lang/Object; @ 203
Event: 33.243 Thread 0x00007f1938001000 Uncommon trap: reason=unstable_if action=reinterpret pc=0x00007f19851f1ef0 method=java.lang.AbstractStringBuilder.append(Ljava/lang/String;)Ljava/lang/AbstractStringBuilder; @ 1
Event: 33.369 Thread 0x00007f1938001000 Uncommon trap: reason=unstable_if action=reinterpret pc=0x00007f19851dd478 method=java.lang.AbstractStringBuilder.append(Ljava/lang/String;)Ljava/lang/AbstractStringBuilder; @ 1
Event: 33.644 Thread 0x00007f1938001000 Uncommon trap: reason=bimorphic action=maybe_recompile pc=0x00007f1985458158 method=java.util.HashMap.putVal(ILjava/lang/Object;Ljava/lang/Object;ZZ)Ljava/lang/Object; @ 203
Event: 33.644 Thread 0x00007f1938001000 Uncommon trap: reason=bimorphic action=maybe_recompile pc=0x00007f1985458158 method=java.util.HashMap.putVal(ILjava/lang/Object;Ljava/lang/Object;ZZ)Ljava/lang/Object; @ 203
Event: 37.646 Thread 0x00007f1938001000 Uncommon trap: reason=bimorphic action=maybe_recompile pc=0x00007f1985538fd4 method=java.util.AbstractCollection.addAll(Ljava/util/Collection;)Z @ 3
Event: 37.646 Thread 0x00007f1938001000 Uncommon trap: reason=bimorphic action=maybe_recompile pc=0x00007f1985538fd4 method=java.util.AbstractCollection.addAll(Ljava/util/Collection;)Z @ 3
Event: 37.647 Thread 0x00007f1938001000 Uncommon trap: reason=bimorphic action=maybe_recompile pc=0x00007f1985538fd4 method=java.util.AbstractCollection.addAll(Ljava/util/Collection;)Z @ 3
Event: 37.647 Thread 0x00007f1938001000 Uncommon trap: reason=bimorphic action=maybe_recompile pc=0x00007f1985538fd4 method=java.util.AbstractCollection.addAll(Ljava/util/Collection;)Z @ 3

Classes redefined (0 events):
No events

Internal exceptions (10 events):
Event: 21.813 Thread 0x00007f19942dd000 Exception <a 'java/net/ConnectException'> (0x00000000ebb52580) thrown at [/HUDSON/workspace/8-2-build-linux-amd64/jdk8u201/12317/hotspot/src/share/vm/prims/jni.cpp, line 709]
Event: 21.837 Thread 0x00007f19942de800 Exception <a 'java/net/ConnectException'> (0x00000000ebb7a128) thrown at [/HUDSON/workspace/8-2-build-linux-amd64/jdk8u201/12317/hotspot/src/share/vm/prims/jni.cpp, line 709]
Event: 21.854 Thread 0x00007f19942e2800 Exception <a 'java/net/ConnectException'> (0x00000000ebba1cd0) thrown at [/HUDSON/workspace/8-2-build-linux-amd64/jdk8u201/12317/hotspot/src/share/vm/prims/jni.cpp, line 709]
Event: 31.633 Thread 0x00007f1938002800 Implicit null exception at 0x00007f19853bead6 to 0x00007f19853bf969
Event: 31.814 Thread 0x00007f19942dd000 Exception <a 'java/net/ConnectException'> (0x00000000ebb530a8) thrown at [/HUDSON/workspace/8-2-build-linux-amd64/jdk8u201/12317/hotspot/src/share/vm/prims/jni.cpp, line 709]
Event: 31.838 Thread 0x00007f19942de800 Exception <a 'java/net/ConnectException'> (0x00000000ebb7ac50) thrown at [/HUDSON/workspace/8-2-build-linux-amd64/jdk8u201/12317/hotspot/src/share/vm/prims/jni.cpp, line 709]
Event: 31.855 Thread 0x00007f19942e2800 Exception <a 'java/net/ConnectException'> (0x00000000ebba27f8) thrown at [/HUDSON/workspace/8-2-build-linux-amd64/jdk8u201/12317/hotspot/src/share/vm/prims/jni.cpp, line 709]
Event: 31.960 Thread 0x00007f1938001000 Exception <a 'java/lang/NoSuchMethodError': <clinit>> (0x00000000ec3a35e8) thrown at [/HUDSON/workspace/8-2-build-linux-amd64/jdk8u201/12317/hotspot/src/share/vm/prims/jni.cpp, line 1613]
Event: 33.243 Thread 0x00007f1938001000 Implicit null exception at 0x00007f19851f1b35 to 0x00007f19851f1edd
Event: 33.369 Thread 0x00007f1938001000 Implicit null exception at 0x00007f19851dd0b6 to 0x00007f19851dd461

Events (10 events):
Event: 37.647 Thread 0x00007f1938001000 Uncommon trap: trap_request=0xffffffc6 fr.pc=0x00007f1985538fd4
Event: 37.647 Thread 0x00007f1938001000 DEOPT PACKING pc=0x00007f1985538fd4 sp=0x00007f1913cf5aa0
Event: 37.647 Thread 0x00007f1938001000 DEOPT UNPACKING pc=0x00007f198504573a sp=0x00007f1913cf5a90 mode 2
Event: 37.684 Executing VM operation: ParallelGCFailedAllocation
Event: 37.707 Executing VM operation: ParallelGCFailedAllocation done
Event: 38.393 Thread 0x00007f1938001000 DEOPT PACKING pc=0x00007f198562dac4 sp=0x00007f1913cf5dd0
Event: 38.393 Thread 0x00007f1938001000 DEOPT UNPACKING pc=0x00007f1985047784 sp=0x00007f1913cf5b08 mode 0
Event: 38.640 Thread 0x00007f1938001000 DEOPT PACKING pc=0x00007f198562dac4 sp=0x00007f1913cf5dd0
Event: 38.640 Thread 0x00007f1938001000 DEOPT UNPACKING pc=0x00007f1985047784 sp=0x00007f1913cf5b08 mode 0
Event: 38.864 Executing VM operation: ParallelGCFailedAllocation


Dynamic libraries:
00400000-00401000 r-xp 00000000 08:01 654793                             /usr/lib/jdk/jdk1.8.0_201/bin/java
00600000-00601000 r--p 00000000 08:01 654793                             /usr/lib/jdk/jdk1.8.0_201/bin/java
00601000-00602000 rw-p 00001000 08:01 654793                             /usr/lib/jdk/jdk1.8.0_201/bin/java
01b91000-01e1b000 rw-p 00000000 00:00 0                                  [heap]
c2a00000-c5380000 rw-p 00000000 00:00 0 
c5380000-eb900000 ---p 00000000 00:00 0 
eb900000-eff00000 rw-p 00000000 00:00 0 
f3b00000-100000000 ---p 00000000 00:00 0 
100000000-1001c0000 rw-p 00000000 00:00 0 
1001c0000-140000000 ---p 00000000 00:00 0 
7f1900000000-7f1900021000 rw-p 00000000 00:00 0 
7f1900021000-7f1904000000 ---p 00000000 00:00 0 
7f1904000000-7f1904021000 rw-p 00000000 00:00 0 
7f1904021000-7f1908000000 ---p 00000000 00:00 0 
7f1908000000-7f190803b000 rw-p 00000000 00:00 0 
7f190803b000-7f190c000000 ---p 00000000 00:00 0 
7f190c000000-7f190c021000 rw-p 00000000 00:00 0 
7f190c021000-7f1910000000 ---p 00000000 00:00 0 
7f19136fb000-7f191373b000 rw-p 00000000 00:00 0 
7f191373b000-7f19138fb000 ---p 00000000 00:00 0 
7f19138fb000-7f19138fe000 ---p 00000000 00:00 0 
7f19138fe000-7f1913bfc000 rw-p 00000000 00:00 0 
7f1913bfc000-7f1913bff000 ---p 00000000 00:00 0 
7f1913bff000-7f1913cfd000 rw-p 00000000 00:00 0 
7f1913cfd000-7f1913d00000 ---p 00000000 00:00 0 
7f1913d00000-7f1913dfe000 rw-p 00000000 00:00 0 
7f1913dfe000-7f1913e01000 ---p 00000000 00:00 0 
7f1913e01000-7f1913eff000 rw-p 00000000 00:00 0 
7f1913eff000-7f1913f02000 ---p 00000000 00:00 0 
7f1913f02000-7f1914000000 rw-p 00000000 00:00 0 
7f1914000000-7f1914021000 rw-p 00000000 00:00 0 
7f1914021000-7f1918000000 ---p 00000000 00:00 0 
7f1918000000-7f1918021000 rw-p 00000000 00:00 0 
7f1918021000-7f191c000000 ---p 00000000 00:00 0 
7f191c000000-7f191c021000 rw-p 00000000 00:00 0 
7f191c021000-7f1920000000 ---p 00000000 00:00 0 
7f1920000000-7f1920021000 rw-p 00000000 00:00 0 
7f1920021000-7f1924000000 ---p 00000000 00:00 0 
7f1924000000-7f1924021000 rw-p 00000000 00:00 0 
7f1924021000-7f1928000000 ---p 00000000 00:00 0 
7f1928000000-7f1928021000 rw-p 00000000 00:00 0 
7f1928021000-7f192c000000 ---p 00000000 00:00 0 
7f192c000000-7f192c021000 rw-p 00000000 00:00 0 
7f192c021000-7f1930000000 ---p 00000000 00:00 0 
7f1930000000-7f1930021000 rw-p 00000000 00:00 0 
7f1930021000-7f1934000000 ---p 00000000 00:00 0 
7f1934000000-7f1934021000 rw-p 00000000 00:00 0 
7f1934021000-7f1938000000 ---p 00000000 00:00 0 
7f1938000000-7f1938021000 rw-p 00000000 00:00 0 
7f1938021000-7f193c000000 ---p 00000000 00:00 0 
7f193c000000-7f193c021000 rw-p 00000000 00:00 0 
7f193c021000-7f1940000000 ---p 00000000 00:00 0 
7f1940000000-7f1940021000 rw-p 00000000 00:00 0 
7f1940021000-7f1944000000 ---p 00000000 00:00 0 
7f1944000000-7f1944021000 rw-p 00000000 00:00 0 
7f1944021000-7f1948000000 ---p 00000000 00:00 0 
7f1948000000-7f1948021000 rw-p 00000000 00:00 0 
7f1948021000-7f194c000000 ---p 00000000 00:00 0 
7f194c000000-7f194c92a000 rw-p 00000000 00:00 0 
7f194c92a000-7f1950000000 ---p 00000000 00:00 0 
7f1950000000-7f1950021000 rw-p 00000000 00:00 0 
7f1950021000-7f1954000000 ---p 00000000 00:00 0 
7f1954000000-7f19546a5000 rw-p 00000000 00:00 0 
7f19546a5000-7f1958000000 ---p 00000000 00:00 0 
7f1958000000-7f1958afb000 rw-p 00000000 00:00 0 
7f1958afb000-7f195c000000 ---p 00000000 00:00 0 
7f195c000000-7f195c021000 rw-p 00000000 00:00 0 
7f195c021000-7f1960000000 ---p 00000000 00:00 0 
7f1960000000-7f1960021000 rw-p 00000000 00:00 0 
7f1960021000-7f1964000000 ---p 00000000 00:00 0 
7f1964000000-7f196429b000 rw-p 00000000 00:00 0 
7f196429b000-7f1968000000 ---p 00000000 00:00 0 
7f1968000000-7f1968021000 rw-p 00000000 00:00 0 
7f1968021000-7f196c000000 ---p 00000000 00:00 0 
7f196c000000-7f196c021000 rw-p 00000000 00:00 0 
7f196c021000-7f1970000000 ---p 00000000 00:00 0 
7f1970000000-7f1970021000 rw-p 00000000 00:00 0 
7f1970021000-7f1974000000 ---p 00000000 00:00 0 
7f1974000000-7f1974021000 rw-p 00000000 00:00 0 
7f1974021000-7f1978000000 ---p 00000000 00:00 0 
7f1978079000-7f197807c000 ---p 00000000 00:00 0 
7f197807c000-7f197817a000 rw-p 00000000 00:00 0 
7f197817a000-7f197817d000 ---p 00000000 00:00 0 
7f197817d000-7f197827b000 rw-p 00000000 00:00 0 
7f197827b000-7f197827e000 ---p 00000000 00:00 0 
7f197827e000-7f197837c000 rw-p 00000000 00:00 0 
7f197837c000-7f197837f000 ---p 00000000 00:00 0 
7f197837f000-7f197847d000 rw-p 00000000 00:00 0 
7f197847d000-7f1978480000 ---p 00000000 00:00 0 
7f1978480000-7f197857e000 rw-p 00000000 00:00 0 
7f197857e000-7f1978581000 ---p 00000000 00:00 0 
7f1978581000-7f197867f000 rw-p 00000000 00:00 0 
7f197867f000-7f1978682000 ---p 00000000 00:00 0 
7f1978682000-7f1978780000 rw-p 00000000 00:00 0 
7f1978780000-7f1978783000 ---p 00000000 00:00 0 
7f1978783000-7f1978881000 rw-p 00000000 00:00 0 
7f1978881000-7f1978884000 ---p 00000000 00:00 0 
7f1978884000-7f1978982000 rw-p 00000000 00:00 0 
7f1978982000-7f1978985000 ---p 00000000 00:00 0 
7f1978985000-7f1978c83000 rw-p 00000000 00:00 0 
7f1978c83000-7f1978cfc000 r--s 010fd000 08:01 654900                     /usr/lib/jdk/jdk1.8.0_201/lib/tools.jar
7f1978cfc000-7f1978cff000 ---p 00000000 00:00 0 
7f1978cff000-7f1978dfd000 rw-p 00000000 00:00 0 
7f1978dfd000-7f1978e00000 ---p 00000000 00:00 0 
7f1978e00000-7f1978efe000 rw-p 00000000 00:00 0 
7f1978efe000-7f1978f01000 ---p 00000000 00:00 0 
7f1978f01000-7f197c000000 rw-p 00000000 00:00 0 
7f197c000000-7f197c021000 rw-p 00000000 00:00 0 
7f197c021000-7f1980000000 ---p 00000000 00:00 0 
7f198006c000-7f1980082000 r-xp 00000000 08:01 656512                     /usr/lib/jdk/jdk1.8.0_201/jre/lib/amd64/libnet.so
7f1980082000-7f1980282000 ---p 00016000 08:01 656512                     /usr/lib/jdk/jdk1.8.0_201/jre/lib/amd64/libnet.so
7f1980282000-7f1980283000 r--p 00016000 08:01 656512                     /usr/lib/jdk/jdk1.8.0_201/jre/lib/amd64/libnet.so
7f1980283000-7f1980284000 rw-p 00017000 08:01 656512                     /usr/lib/jdk/jdk1.8.0_201/jre/lib/amd64/libnet.so
7f1980284000-7f19804b5000 r--s 01bb1000 08:01 403225                     /home/hewitt/work/DiffTGen-master/lib/evosuite-1.0.6.jar
7f19804b5000-7f19804b6000 ---p 00000000 00:00 0 
7f19804b6000-7f19805b6000 rw-p 00000000 00:00 0 
7f19805b6000-7f19805b9000 ---p 00000000 00:00 0 
7f19805b9000-7f19806b7000 rw-p 00000000 00:00 0 
7f19806b7000-7f19806ba000 ---p 00000000 00:00 0 
7f19806ba000-7f19807b8000 rw-p 00000000 00:00 0 
7f19807b8000-7f19807bb000 ---p 00000000 00:00 0 
7f19807bb000-7f19808b9000 rw-p 00000000 00:00 0 
7f19808b9000-7f19808bc000 ---p 00000000 00:00 0 
7f19808bc000-7f19809ba000 rw-p 00000000 00:00 0 
7f19809ba000-7f19809bd000 ---p 00000000 00:00 0 
7f19809bd000-7f1980abb000 rw-p 00000000 00:00 0 
7f1980abb000-7f198147a000 r--p 00000000 08:01 270368                     /usr/lib/locale/locale-archive
7f198147a000-7f198147d000 ---p 00000000 00:00 0 
7f198147d000-7f198157b000 rw-p 00000000 00:00 0 
7f198157b000-7f198157e000 ---p 00000000 00:00 0 
7f198157e000-7f198167c000 rw-p 00000000 00:00 0 
7f198167c000-7f198167d000 ---p 00000000 00:00 0 
7f198167d000-7f198258b000 rw-p 00000000 00:00 0 
7f198258b000-7f1982765000 r--s 03d6f000 08:01 656293                     /usr/lib/jdk/jdk1.8.0_201/jre/lib/rt.jar
7f1982765000-7f1985000000 rw-p 00000000 00:00 0 
7f1985000000-7f1985690000 rwxp 00000000 00:00 0 
7f1985690000-7f1994000000 ---p 00000000 00:00 0 
7f1994000000-7f19944bf000 rw-p 00000000 00:00 0 
7f19944bf000-7f1998000000 ---p 00000000 00:00 0 
7f199800d000-7f1998017000 r--s 00116000 08:01 656361                     /usr/lib/jdk/jdk1.8.0_201/jre/lib/ext/localedata.jar
7f1998017000-7f199801a000 ---p 00000000 00:00 0 
7f199801a000-7f19981c7000 rw-p 00000000 00:00 0 
7f19981c7000-7f19981c8000 ---p 00000000 00:00 0 
7f19981c8000-7f19982c8000 rw-p 00000000 00:00 0 
7f19982c8000-7f19982c9000 ---p 00000000 00:00 0 
7f19982c9000-7f19983c9000 rw-p 00000000 00:00 0 
7f19983c9000-7f19983ca000 ---p 00000000 00:00 0 
7f19983ca000-7f19984ca000 rw-p 00000000 00:00 0 
7f19984ca000-7f19984cb000 ---p 00000000 00:00 0 
7f19984cb000-7f19985e0000 rw-p 00000000 00:00 0 
7f19985e0000-7f1998713000 ---p 00000000 00:00 0 
7f1998713000-7f1998728000 rw-p 00000000 00:00 0 
7f1998728000-7f199885a000 ---p 00000000 00:00 0 
7f199885a000-7f199887e000 rw-p 00000000 00:00 0 
7f199887e000-7f19988fe000 ---p 00000000 00:00 0 
7f19988fe000-7f199891a000 rw-p 00000000 00:00 0 
7f199891a000-7f1998cbf000 ---p 00000000 00:00 0 
7f1998cbf000-7f1998cda000 r-xp 00000000 08:01 656508                     /usr/lib/jdk/jdk1.8.0_201/jre/lib/amd64/libzip.so
7f1998cda000-7f1998ed9000 ---p 0001b000 08:01 656508                     /usr/lib/jdk/jdk1.8.0_201/jre/lib/amd64/libzip.so
7f1998ed9000-7f1998eda000 r--p 0001a000 08:01 656508                     /usr/lib/jdk/jdk1.8.0_201/jre/lib/amd64/libzip.so
7f1998eda000-7f1998edb000 rw-p 0001b000 08:01 656508                     /usr/lib/jdk/jdk1.8.0_201/jre/lib/amd64/libzip.so
7f1998edb000-7f1998ee6000 r-xp 00000000 08:01 658902                     /lib/x86_64-linux-gnu/libnss_files-2.23.so
7f1998ee6000-7f19990e5000 ---p 0000b000 08:01 658902                     /lib/x86_64-linux-gnu/libnss_files-2.23.so
7f19990e5000-7f19990e6000 r--p 0000a000 08:01 658902                     /lib/x86_64-linux-gnu/libnss_files-2.23.so
7f19990e6000-7f19990e7000 rw-p 0000b000 08:01 658902                     /lib/x86_64-linux-gnu/libnss_files-2.23.so
7f19990e7000-7f19990ed000 rw-p 00000000 00:00 0 
7f19990ed000-7f19990f8000 r-xp 00000000 08:01 658912                     /lib/x86_64-linux-gnu/libnss_nis-2.23.so
7f19990f8000-7f19992f7000 ---p 0000b000 08:01 658912                     /lib/x86_64-linux-gnu/libnss_nis-2.23.so
7f19992f7000-7f19992f8000 r--p 0000a000 08:01 658912                     /lib/x86_64-linux-gnu/libnss_nis-2.23.so
7f19992f8000-7f19992f9000 rw-p 0000b000 08:01 658912                     /lib/x86_64-linux-gnu/libnss_nis-2.23.so
7f19992f9000-7f199930f000 r-xp 00000000 08:01 658896                     /lib/x86_64-linux-gnu/libnsl-2.23.so
7f199930f000-7f199950e000 ---p 00016000 08:01 658896                     /lib/x86_64-linux-gnu/libnsl-2.23.so
7f199950e000-7f199950f000 r--p 00015000 08:01 658896                     /lib/x86_64-linux-gnu/libnsl-2.23.so
7f199950f000-7f1999510000 rw-p 00016000 08:01 658896                     /lib/x86_64-linux-gnu/libnsl-2.23.so
7f1999510000-7f1999512000 rw-p 00000000 00:00 0 
7f1999512000-7f199951a000 r-xp 00000000 08:01 658898                     /lib/x86_64-linux-gnu/libnss_compat-2.23.so
7f199951a000-7f1999719000 ---p 00008000 08:01 658898                     /lib/x86_64-linux-gnu/libnss_compat-2.23.so
7f1999719000-7f199971a000 r--p 00007000 08:01 658898                     /lib/x86_64-linux-gnu/libnss_compat-2.23.so
7f199971a000-7f199971b000 rw-p 00008000 08:01 658898                     /lib/x86_64-linux-gnu/libnss_compat-2.23.so
7f199971b000-7f1999747000 r-xp 00000000 08:01 656502                     /usr/lib/jdk/jdk1.8.0_201/jre/lib/amd64/libjava.so
7f1999747000-7f1999947000 ---p 0002c000 08:01 656502                     /usr/lib/jdk/jdk1.8.0_201/jre/lib/amd64/libjava.so
7f1999947000-7f1999948000 r--p 0002c000 08:01 656502                     /usr/lib/jdk/jdk1.8.0_201/jre/lib/amd64/libjava.so
7f1999948000-7f199994a000 rw-p 0002d000 08:01 656502                     /usr/lib/jdk/jdk1.8.0_201/jre/lib/amd64/libjava.so
7f199994a000-7f1999957000 r-xp 00000000 08:01 656507                     /usr/lib/jdk/jdk1.8.0_201/jre/lib/amd64/libverify.so
7f1999957000-7f1999b56000 ---p 0000d000 08:01 656507                     /usr/lib/jdk/jdk1.8.0_201/jre/lib/amd64/libverify.so
7f1999b56000-7f1999b58000 r--p 0000c000 08:01 656507                     /usr/lib/jdk/jdk1.8.0_201/jre/lib/amd64/libverify.so
7f1999b58000-7f1999b59000 rw-p 0000e000 08:01 656507                     /usr/lib/jdk/jdk1.8.0_201/jre/lib/amd64/libverify.so
7f1999b59000-7f1999b60000 r-xp 00000000 08:01 658957                     /lib/x86_64-linux-gnu/librt-2.23.so
7f1999b60000-7f1999d5f000 ---p 00007000 08:01 658957                     /lib/x86_64-linux-gnu/librt-2.23.so
7f1999d5f000-7f1999d60000 r--p 00006000 08:01 658957                     /lib/x86_64-linux-gnu/librt-2.23.so
7f1999d60000-7f1999d61000 rw-p 00007000 08:01 658957                     /lib/x86_64-linux-gnu/librt-2.23.so
7f1999d61000-7f1999e69000 r-xp 00000000 08:01 658873                     /lib/x86_64-linux-gnu/libm-2.23.so
7f1999e69000-7f199a068000 ---p 00108000 08:01 658873                     /lib/x86_64-linux-gnu/libm-2.23.so
7f199a068000-7f199a069000 r--p 00107000 08:01 658873                     /lib/x86_64-linux-gnu/libm-2.23.so
7f199a069000-7f199a06a000 rw-p 00108000 08:01 658873                     /lib/x86_64-linux-gnu/libm-2.23.so
7f199a06a000-7f199ad52000 r-xp 00000000 08:01 656484                     /usr/lib/jdk/jdk1.8.0_201/jre/lib/amd64/server/libjvm.so
7f199ad52000-7f199af51000 ---p 00ce8000 08:01 656484                     /usr/lib/jdk/jdk1.8.0_201/jre/lib/amd64/server/libjvm.so
7f199af51000-7f199afe7000 r--p 00ce7000 08:01 656484                     /usr/lib/jdk/jdk1.8.0_201/jre/lib/amd64/server/libjvm.so
7f199afe7000-7f199b018000 rw-p 00d7d000 08:01 656484                     /usr/lib/jdk/jdk1.8.0_201/jre/lib/amd64/server/libjvm.so
7f199b018000-7f199b053000 rw-p 00000000 00:00 0 
7f199b053000-7f199b213000 r-xp 00000000 08:01 658803                     /lib/x86_64-linux-gnu/libc-2.23.so
7f199b213000-7f199b413000 ---p 001c0000 08:01 658803                     /lib/x86_64-linux-gnu/libc-2.23.so
7f199b413000-7f199b417000 r--p 001c0000 08:01 658803                     /lib/x86_64-linux-gnu/libc-2.23.so
7f199b417000-7f199b419000 rw-p 001c4000 08:01 658803                     /lib/x86_64-linux-gnu/libc-2.23.so
7f199b419000-7f199b41d000 rw-p 00000000 00:00 0 
7f199b41d000-7f199b420000 r-xp 00000000 08:01 658827                     /lib/x86_64-linux-gnu/libdl-2.23.so
7f199b420000-7f199b61f000 ---p 00003000 08:01 658827                     /lib/x86_64-linux-gnu/libdl-2.23.so
7f199b61f000-7f199b620000 r--p 00002000 08:01 658827                     /lib/x86_64-linux-gnu/libdl-2.23.so
7f199b620000-7f199b621000 rw-p 00003000 08:01 658827                     /lib/x86_64-linux-gnu/libdl-2.23.so
7f199b621000-7f199b638000 r-xp 00000000 08:01 656155                     /usr/lib/jdk/jdk1.8.0_201/lib/amd64/jli/libjli.so
7f199b638000-7f199b837000 ---p 00017000 08:01 656155                     /usr/lib/jdk/jdk1.8.0_201/lib/amd64/jli/libjli.so
7f199b837000-7f199b838000 r--p 00016000 08:01 656155                     /usr/lib/jdk/jdk1.8.0_201/lib/amd64/jli/libjli.so
7f199b838000-7f199b839000 rw-p 00017000 08:01 656155                     /usr/lib/jdk/jdk1.8.0_201/lib/amd64/jli/libjli.so
7f199b839000-7f199b851000 r-xp 00000000 08:01 658949                     /lib/x86_64-linux-gnu/libpthread-2.23.so
7f199b851000-7f199ba50000 ---p 00018000 08:01 658949                     /lib/x86_64-linux-gnu/libpthread-2.23.so
7f199ba50000-7f199ba51000 r--p 00017000 08:01 658949                     /lib/x86_64-linux-gnu/libpthread-2.23.so
7f199ba51000-7f199ba52000 rw-p 00018000 08:01 658949                     /lib/x86_64-linux-gnu/libpthread-2.23.so
7f199ba52000-7f199ba56000 rw-p 00000000 00:00 0 
7f199ba56000-7f199ba7c000 r-xp 00000000 08:01 658775                     /lib/x86_64-linux-gnu/ld-2.23.so
7f199ba80000-7f199ba9c000 r--s 00393000 08:01 656354                     /usr/lib/jdk/jdk1.8.0_201/jre/lib/ext/cldrdata.jar
7f199ba9c000-7f199baa0000 r--s 000a1000 08:01 656350                     /usr/lib/jdk/jdk1.8.0_201/jre/lib/jsse.jar
7f199baa0000-7f199bb5e000 rw-p 00000000 00:00 0 
7f199bb5e000-7f199bb61000 ---p 00000000 00:00 0 
7f199bb61000-7f199bc64000 rw-p 00000000 00:00 0 
7f199bc64000-7f199bc6c000 r--s 0006e000 08:01 398946                     /home/hewitt/work/DiffTGen-master/lib/commons-lang3-3.5.jar
7f199bc6c000-7f199bc6d000 r--s 00000000 08:01 398951                     /home/hewitt/work/DiffTGen-master/lib/myprinter.jar
7f199bc6d000-7f199bc71000 r--s 00039000 08:01 406474                     /home/hewitt/work/DiffTGen-master/output/patch11-Lang-59-CapGen-plausible/Lang_59_11-plausible_capgen/target/build/classes/all0.jar
7f199bc71000-7f199bc79000 rw-s 00000000 08:01 159647                     /tmp/hsperfdata_hewitt/20178
7f199bc79000-7f199bc7a000 rw-p 00000000 00:00 0 
7f199bc7a000-7f199bc7b000 ---p 00000000 00:00 0 
7f199bc7b000-7f199bc7c000 r--p 00025000 08:01 658775                     /lib/x86_64-linux-gnu/ld-2.23.so
7f199bc7c000-7f199bc7d000 rw-p 00026000 08:01 658775                     /lib/x86_64-linux-gnu/ld-2.23.so
7f199bc7d000-7f199bc7e000 rw-p 00000000 00:00 0 
7ffc3750e000-7ffc37530000 rw-p 00000000 00:00 0                          [stack]
7ffc375d7000-7ffc375da000 r--p 00000000 00:00 0                          [vvar]
7ffc375da000-7ffc375dc000 r-xp 00000000 00:00 0                          [vdso]
ffffffffff600000-ffffffffff601000 r-xp 00000000 00:00 0                  [vsyscall]

VM Arguments:
java_command: /home/hewitt/work/DiffTGen-master/lib/evosuite-1.0.6.jar -base_dir /home/hewitt/work/DiffTGen-master/output/patch11-Lang-59-CapGen-plausible/Lang_59_11-plausible_capgen/target/0/21 -projectCP /home/hewitt/work/DiffTGen-master/output/patch11-Lang-59-CapGen-plausible/Lang_59_11-plausible_capgen/target/build/classes/all0.jar:/home/hewitt/work/DiffTGen-master/lib/myprinter.jar:/home/hewitt/work/DiffTGen-master/lib/commons-lang3-3.5.jar -class org.apache.commons.lang.text.StrBuilder -Dassertions=false -Dsearch_budget=60
java_class_path (initial): /home/hewitt/work/DiffTGen-master/lib/evosuite-1.0.6.jar
Launcher Type: SUN_STANDARD

Environment Variables:
JAVA_HOME=/usr/lib/jdk/jdk1.8.0_201
JRE_HOME=/usr/lib/jdk/jdk1.8.0_201/jre
CLASSPATH=.:/usr/lib/jdk/jdk1.8.0_201/lib:/usr/lib/jdk/jdk1.8.0_201/jre/lib
PATH=/usr/lib/jdk/jdk1.8.0_201/bin:/home/hewitt/bin:/home/hewitt/.local/bin:/usr/lib/jdk/jdk1.7.0_80/bin:/usr/local/sbin:/usr/local/bin:/usr/sbin:/usr/bin:/sbin:/bin:/usr/games:/usr/local/games:/snap/bin:/home/hewitt/work/defects4j_v1.4.0/defects4j/framework/bin:/opt/apache-ant-1.9.14/bin:/home/hewitt/work/defects4j_v1.4.0/defects4j/framework/bin
SHELL=/bin/bash
DISPLAY=:0

Signal Handlers:
SIGSEGV: [libjvm.so+0xad3e60], sa_mask[0]=11111111011111111101111111111110, sa_flags=SA_RESTART|SA_SIGINFO
SIGBUS: [libjvm.so+0xad3e60], sa_mask[0]=11111111011111111101111111111110, sa_flags=SA_RESTART|SA_SIGINFO
SIGFPE: [libjvm.so+0x90b880], sa_mask[0]=11111111011111111101111111111110, sa_flags=SA_RESTART|SA_SIGINFO
SIGPIPE: [libjvm.so+0x90b880], sa_mask[0]=11111111011111111101111111111110, sa_flags=SA_RESTART|SA_SIGINFO
SIGXFSZ: [libjvm.so+0x90b880], sa_mask[0]=11111111011111111101111111111110, sa_flags=SA_RESTART|SA_SIGINFO
SIGILL: [libjvm.so+0x90b880], sa_mask[0]=11111111011111111101111111111110, sa_flags=SA_RESTART|SA_SIGINFO
SIGUSR1: SIG_DFL, sa_mask[0]=00000000000000000000000000000000, sa_flags=none
SIGUSR2: [libjvm.so+0x90b750], sa_mask[0]=00100000000000000000000000000000, sa_flags=SA_RESTART|SA_SIGINFO
SIGHUP: [libjvm.so+0x90bd70], sa_mask[0]=11111111011111111101111111111110, sa_flags=SA_RESTART|SA_SIGINFO
SIGINT: [libjvm.so+0x90bd70], sa_mask[0]=11111111011111111101111111111110, sa_flags=SA_RESTART|SA_SIGINFO
SIGTERM: [libjvm.so+0x90bd70], sa_mask[0]=11111111011111111101111111111110, sa_flags=SA_RESTART|SA_SIGINFO
SIGQUIT: [libjvm.so+0x90bd70], sa_mask[0]=11111111011111111101111111111110, sa_flags=SA_RESTART|SA_SIGINFO


---------------  S Y S T E M  ---------------

OS:DISTRIB_ID=Ubuntu
DISTRIB_RELEASE=16.04
DISTRIB_CODENAME=xenial
DISTRIB_DESCRIPTION="Ubuntu 16.04.6 LTS"

uname:Linux 4.15.0-91-generic #92~16.04.1-Ubuntu SMP Fri Feb 28 14:57:22 UTC 2020 x86_64
libc:glibc 2.23 NPTL 2.23 
rlimit: STACK 8192k, CORE 0k, NPROC 15448, NOFILE 1048576, AS infinity
load average:19.07 13.76 14.23

/proc/meminfo:
MemTotal:        4015928 kB
MemFree:          114532 kB
MemAvailable:      17232 kB
Buffers:             364 kB
Cached:            10796 kB
SwapCached:         4040 kB
Active:          2895556 kB
Inactive:         549076 kB
Active(anon):    2888772 kB
Inactive(anon):   545300 kB
Active(file):       6784 kB
Inactive(file):     3776 kB
Unevictable:          48 kB
Mlocked:              48 kB
SwapTotal:        998396 kB
SwapFree:             12 kB
Dirty:                76 kB
Writeback:             0 kB
AnonPages:       3430012 kB
Mapped:             8796 kB
Shmem:                 4 kB
Slab:              96416 kB
SReclaimable:      35784 kB
SUnreclaim:        60632 kB
KernelStack:       16112 kB
PageTables:        41924 kB
NFS_Unstable:          0 kB
Bounce:                0 kB
WritebackTmp:          0 kB
CommitLimit:     3006360 kB
Committed_AS:    9131248 kB
VmallocTotal:   34359738367 kB
VmallocUsed:           0 kB
VmallocChunk:          0 kB
HardwareCorrupted:     0 kB
AnonHugePages:         0 kB
ShmemHugePages:        0 kB
ShmemPmdMapped:        0 kB
CmaTotal:              0 kB
CmaFree:               0 kB
HugePages_Total:       0
HugePages_Free:        0
HugePages_Rsvd:        0
HugePages_Surp:        0
Hugepagesize:       2048 kB
DirectMap4k:      114496 kB
DirectMap2M:     4079616 kB
DirectMap1G:     2097152 kB

container (cgroup) information:
container_type: cgroupv1
cpu_cpuset_cpus: 0-3
cpu_memory_nodes: 0
active_processor_count: 4
cpu_quota: -1
cpu_period: 100000
cpu_shares: -1
memory_limit_in_bytes: -1
memory_and_swap_limit_in_bytes: -2
memory_soft_limit_in_bytes: -1
memory_usage_in_bytes: 3525984256
memory_max_usage_in_bytes: 218951680


CPU:total 4 (initial active 4) (2 cores per cpu, 1 threads per core) family 6 model 158 stepping 9, cmov, cx8, fxsr, mmx, sse, sse2, sse3, ssse3, sse4.1, sse4.2, popcnt, avx, avx2, aes, clmul, erms, 3dnowpref, lzcnt, tsc, tscinvbit, bmi1, bmi2, adx

/proc/cpuinfo:
processor	: 0
vendor_id	: GenuineIntel
cpu family	: 6
model		: 158
model name	: Intel(R) Core(TM) i7-7700HQ CPU @ 2.80GHz
stepping	: 9
microcode	: 0xb4
cpu MHz		: 2807.997
cache size	: 6144 KB
physical id	: 0
siblings	: 2
core id		: 0
cpu cores	: 2
apicid		: 0
initial apicid	: 0
fpu		: yes
fpu_exception	: yes
cpuid level	: 22
wp		: yes
flags		: fpu vme de pse tsc msr pae mce cx8 apic sep mtrr pge mca cmov pat pse36 clflush mmx fxsr sse sse2 ss ht syscall nx pdpe1gb rdtscp lm constant_tsc arch_perfmon nopl xtopology tsc_reliable nonstop_tsc cpuid pni pclmulqdq ssse3 fma cx16 pcid sse4_1 sse4_2 x2apic movbe popcnt tsc_deadline_timer aes xsave avx f16c rdrand hypervisor lahf_lm abm 3dnowprefetch cpuid_fault invpcid_single pti ssbd ibrs ibpb stibp fsgsbase tsc_adjust bmi1 avx2 smep bmi2 invpcid mpx rdseed adx smap clflushopt xsaveopt xsavec xsaves arat md_clear flush_l1d arch_capabilities
bugs		: cpu_meltdown spectre_v1 spectre_v2 spec_store_bypass l1tf mds swapgs itlb_multihit
bogomips	: 5615.99
clflush size	: 64
cache_alignment	: 64
address sizes	: 43 bits physical, 48 bits virtual
power management:

processor	: 1
vendor_id	: GenuineIntel
cpu family	: 6
model		: 158
model name	: Intel(R) Core(TM) i7-7700HQ CPU @ 2.80GHz
stepping	: 9
microcode	: 0xb4
cpu MHz		: 2807.997
cache size	: 6144 KB
physical id	: 0
siblings	: 2
core id		: 1
cpu cores	: 2
apicid		: 1
initial apicid	: 1
fpu		: yes
fpu_exception	: yes
cpuid level	: 22
wp		: yes
flags		: fpu vme de pse tsc msr pae mce cx8 apic sep mtrr pge mca cmov pat pse36 clflush mmx fxsr sse sse2 ss ht syscall nx pdpe1gb rdtscp lm constant_tsc arch_perfmon nopl xtopology tsc_reliable nonstop_tsc cpuid pni pclmulqdq ssse3 fma cx16 pcid sse4_1 sse4_2 x2apic movbe popcnt tsc_deadline_timer aes xsave avx f16c rdrand hypervisor lahf_lm abm 3dnowprefetch cpuid_fault invpcid_single pti ssbd ibrs ibpb stibp fsgsbase tsc_adjust bmi1 avx2 smep bmi2 invpcid mpx rdseed adx smap clflushopt xsaveopt xsavec xsaves arat md_clear flush_l1d arch_capabilities
bugs		: cpu_meltdown spectre_v1 spectre_v2 spec_store_bypass l1tf mds swapgs itlb_multihit
bogomips	: 5615.99
clflush size	: 64
cache_alignment	: 64
address sizes	: 43 bits physical, 48 bits virtual
power management:

processor	: 2
vendor_id	: GenuineIntel
cpu family	: 6
model		: 158
model name	: Intel(R) Core(TM) i7-7700HQ CPU @ 2.80GHz
stepping	: 9
microcode	: 0xb4
cpu MHz		: 2807.997
cache size	: 6144 KB
physical id	: 1
siblings	: 2
core id		: 0
cpu cores	: 2
apicid		: 2
initial apicid	: 2
fpu		: yes
fpu_exception	: yes
cpuid level	: 22
wp		: yes
flags		: fpu vme de pse tsc msr pae mce cx8 apic sep mtrr pge mca cmov pat pse36 clflush mmx fxsr sse sse2 ss ht syscall nx pdpe1gb rdtscp lm constant_tsc arch_perfmon nopl xtopology tsc_reliable nonstop_tsc cpuid pni pclmulqdq ssse3 fma cx16 pcid sse4_1 sse4_2 x2apic movbe popcnt tsc_deadline_timer aes xsave avx f16c rdrand hypervisor lahf_lm abm 3dnowprefetch cpuid_fault invpcid_single pti ssbd ibrs ibpb stibp fsgsbase tsc_adjust bmi1 avx2 smep bmi2 invpcid mpx rdseed adx smap clflushopt xsaveopt xsavec xsaves arat md_clear flush_l1d arch_capabilities
bugs		: cpu_meltdown spectre_v1 spectre_v2 spec_store_bypass l1tf mds swapgs itlb_multihit
bogomips	: 5615.99
clflush size	: 64
cache_alignment	: 64
address sizes	: 43 bits physical, 48 bits virtual
power management:

processor	: 3
vendor_id	: GenuineIntel
cpu family	: 6
model		: 158
model name	: Intel(R) Core(TM) i7-7700HQ CPU @ 2.80GHz
stepping	: 9
microcode	: 0xb4
cpu MHz		: 2807.997
cache size	: 6144 KB
physical id	: 1
siblings	: 2
core id		: 1
cpu cores	: 2
apicid		: 3
initial apicid	: 3
fpu		: yes
fpu_exception	: yes
cpuid level	: 22
wp		: yes
flags		: fpu vme de pse tsc msr pae mce cx8 apic sep mtrr pge mca cmov pat pse36 clflush mmx fxsr sse sse2 ss ht syscall nx pdpe1gb rdtscp lm constant_tsc arch_perfmon nopl xtopology tsc_reliable nonstop_tsc cpuid pni pclmulqdq ssse3 fma cx16 pcid sse4_1 sse4_2 x2apic movbe popcnt tsc_deadline_timer aes xsave avx f16c rdrand hypervisor lahf_lm abm 3dnowprefetch cpuid_fault invpcid_single pti ssbd ibrs ibpb stibp fsgsbase tsc_adjust bmi1 avx2 smep bmi2 invpcid mpx rdseed adx smap clflushopt xsaveopt xsavec xsaves arat md_clear flush_l1d arch_capabilities
bugs		: cpu_meltdown spectre_v1 spectre_v2 spec_store_bypass l1tf mds swapgs itlb_multihit
bogomips	: 5615.99
clflush size	: 64
cache_alignment	: 64
address sizes	: 43 bits physical, 48 bits virtual
power management:



Memory: 4k page, physical 4015928k(113404k free), swap 998396k(12k free)

vm_info: Java HotSpot(TM) 64-Bit Server VM (25.201-b09) for linux-amd64 JRE (1.8.0_201-b09), built on Dec 15 2018 11:35:59 by "java_re" with gcc 7.3.0

time: Tue Mar 31 22:37:40 2020
timezone: CST
elapsed time: 39 seconds (0d 0h 0m 39s)

