#
# There is insufficient memory for the Java Runtime Environment to continue.
# Native memory allocation (mmap) failed to map 121634816 bytes for committing reserved memory.
# Possible reasons:
#   The system is out of physical RAM or swap space
#   The process is running with CompressedOops enabled, and the Java Heap may be blocking the growth of the native heap
# Possible solutions:
#   Reduce memory load on the system
#   Increase physical memory or swap space
#   Check if swap backing store is full
#   Decrease Java heap size (-Xmx/-Xms)
#   Decrease number of Java threads
#   Decrease Java thread stack sizes (-Xss)
#   Set larger code cache with -XX:ReservedCodeCacheSize=
#   JVM is running with Unscaled Compressed Oops mode in which the Java heap is
#     placed in the first 4GB address space. The Java Heap base address is the
#     maximum limit for the native heap growth. Please use -XX:HeapBaseMinAddress
#     to set the Java Heap base and to place the Java Heap above 4GB virtual address.
# This output file may be truncated or incomplete.
#
#  Out of Memory Error (os_linux.cpp:2749), pid=56811, tid=0x00007f9bcf4f4700
#
# JRE version: Java(TM) SE Runtime Environment (8.0_201-b09) (build 1.8.0_201-b09)
# Java VM: Java HotSpot(TM) 64-Bit Server VM (25.201-b09 mixed mode linux-amd64 compressed oops)
# Failed to write core dump. Core dumps have been disabled. To enable core dumping, try "ulimit -c unlimited" before starting Java again
#

---------------  T H R E A D  ---------------

Current thread (0x00007f9be4140000):  VMThread [stack: 0x00007f9bcf3f4000,0x00007f9bcf4f5000] [id=56856]

Stack: [0x00007f9bcf3f4000,0x00007f9bcf4f5000],  sp=0x00007f9bcf4f3450,  free space=1021k
Native frames: (J=compiled Java code, j=interpreted, Vv=VM code, C=native code)
V  [libjvm.so+0xad3525]  VMError::report_and_die()+0x2e5
V  [libjvm.so+0x4e0457]  report_vm_out_of_memory(char const*, int, unsigned long, VMErrorType, char const*)+0x67
V  [libjvm.so+0x9102f0]  os::pd_commit_memory(char*, unsigned long, unsigned long, bool)+0x100
V  [libjvm.so+0x90791f]  os::commit_memory(char*, unsigned long, unsigned long, bool)+0x1f
V  [libjvm.so+0x98c806]  PSVirtualSpace::expand_by(unsigned long)+0x56
V  [libjvm.so+0x98da98]  PSYoungGen::resize(unsigned long, unsigned long)+0xd8
V  [libjvm.so+0x98a236]  PSScavenge::invoke_no_policy()+0x1376
V  [libjvm.so+0x98a5cc]  PSScavenge::invoke()+0x4c
V  [libjvm.so+0x93a318]  ParallelScavengeHeap::failed_mem_allocate(unsigned long)+0x68
V  [libjvm.so+0xad5073]  VM_ParallelGCFailedAllocation::doit()+0x93
V  [libjvm.so+0xada296]  VM_Operation::evaluate()+0x46
V  [libjvm.so+0xad85cd]  VMThread::evaluate_operation(VM_Operation*) [clone .constprop.44]+0xcd
V  [libjvm.so+0xad8bb3]  VMThread::loop()+0x3a3
V  [libjvm.so+0xad8f88]  VMThread::run()+0x78
V  [libjvm.so+0x90d922]  java_start(Thread*)+0x102

VM_Operation (0x00007f9bccb93c30): ParallelGCFailedAllocation, mode: safepoint, requested by thread 0x00007f9b80001000


---------------  P R O C E S S  ---------------

Java Threads: ( => current thread )
  0x00007f9b80002800 JavaThread "RMI TCP Connection(3)-127.0.0.1" daemon [_thread_in_native, id=57270, stack(0x00007f9bcc799000,0x00007f9bcc89a000)]
  0x00007f9b80001000 JavaThread "RMI TCP Connection(2)-127.0.0.1" daemon [_thread_blocked, id=57245, stack(0x00007f9bcca9a000,0x00007f9bccb9b000)]
  0x00007f9b58038000 JavaThread "RMI Scheduler(0)" daemon [_thread_blocked, id=57240, stack(0x00007f9bccb9b000,0x00007f9bccc9c000)]
  0x00007f9b58030800 JavaThread "RMI RenewClean-[127.0.0.1:21011]" daemon [_thread_blocked, id=57233, stack(0x00007f9bccc9c000,0x00007f9bccd9d000)]
  0x00007f9b8c001000 JavaThread "RMI TCP Connection(idle)" daemon [_thread_blocked, id=57219, stack(0x00007f9bccd9d000,0x00007f9bcce9e000)]
  0x00007f9b7c005000 JavaThread "pool-3-thread-3" [_thread_in_native, id=57152, stack(0x00007f9bcce9e000,0x00007f9bccf9f000)]
  0x00007f9b7c003000 JavaThread "pool-3-thread-2" [_thread_in_native, id=57151, stack(0x00007f9bccf9f000,0x00007f9bcd0a0000)]
  0x00007f9b7c002000 JavaThread "pool-3-thread-1" [_thread_in_native, id=57148, stack(0x00007f9bcd0a0000,0x00007f9bcd1a1000)]
  0x00007f9be41ff000 JavaThread "Thread-3" [_thread_in_native, id=57031, stack(0x00007f9bcd1a1000,0x00007f9bcd2a2000)]
  0x00007f9be41fd000 JavaThread "Thread-2" [_thread_in_native, id=57015, stack(0x00007f9bcd2a2000,0x00007f9bcd3a3000)]
  0x00007f9be41a4800 JavaThread "process reaper" daemon [_thread_in_native, id=57011, stack(0x00007f9bcd3a3000,0x00007f9bcd3dc000)]
  0x00007f9be43c8800 JavaThread "pool-2-thread-1" [_thread_in_native, id=56959, stack(0x00007f9bcd3dc000,0x00007f9bcd4dd000)]
  0x00007f9be43c6000 JavaThread "GC Daemon" daemon [_thread_blocked, id=56957, stack(0x00007f9bcd4dd000,0x00007f9bcd5de000)]
  0x00007f9be43c3800 JavaThread "RMI Reaper" [_thread_blocked, id=56953, stack(0x00007f9bcd5de000,0x00007f9bcd6df000)]
  0x00007f9be43bc800 JavaThread "RMI TCP Accept-7455" daemon [_thread_in_native, id=56951, stack(0x00007f9bcd6df000,0x00007f9bcd7e0000)]
  0x00007f9be43b5000 JavaThread "RMI TCP Accept-18580" daemon [_thread_in_native, id=56943, stack(0x00007f9bcd7e0000,0x00007f9bcd8e1000)]
  0x00007f9be42f9000 JavaThread "logback-3" daemon [_thread_blocked, id=56912, stack(0x00007f9bcdae1000,0x00007f9bcdbe2000)]
  0x00007f9be42f5800 JavaThread "logback-2" daemon [_thread_blocked, id=56911, stack(0x00007f9bcdbe2000,0x00007f9bcdce3000)]
  0x00007f9be42f3800 JavaThread "logback-1" daemon [_thread_blocked, id=56910, stack(0x00007f9bcdce3000,0x00007f9bcdde4000)]
  0x00007f9be4189000 JavaThread "Service Thread" daemon [_thread_blocked, id=56887, stack(0x00007f9bce32e000,0x00007f9bce42f000)]
  0x00007f9be4186000 JavaThread "C1 CompilerThread2" daemon [_thread_blocked, id=56886, stack(0x00007f9bce42f000,0x00007f9bce530000)]
  0x00007f9be4184800 JavaThread "C2 CompilerThread1" daemon [_thread_blocked, id=56885, stack(0x00007f9bce530000,0x00007f9bce631000)]
  0x00007f9be4181800 JavaThread "C2 CompilerThread0" daemon [_thread_in_native, id=56884, stack(0x00007f9bce631000,0x00007f9bce732000)]
  0x00007f9be4180000 JavaThread "Signal Dispatcher" daemon [_thread_blocked, id=56880, stack(0x00007f9bce732000,0x00007f9bce833000)]
  0x00007f9be414c000 JavaThread "Finalizer" daemon [_thread_blocked, id=56874, stack(0x00007f9bcf1f2000,0x00007f9bcf2f3000)]
  0x00007f9be4149800 JavaThread "Reference Handler" daemon [_thread_blocked, id=56872, stack(0x00007f9bcf2f3000,0x00007f9bcf3f4000)]
  0x00007f9be400a800 JavaThread "main" [_thread_in_native, id=56815, stack(0x00007f9bed95e000,0x00007f9beda5f000)]

Other Threads:
=>0x00007f9be4140000 VMThread [stack: 0x00007f9bcf3f4000,0x00007f9bcf4f5000] [id=56856]
  0x00007f9be418b800 WatcherThread [stack: 0x00007f9bce22d000,0x00007f9bce32e000] [id=56888]

VM state:at safepoint (normal execution)

VM Mutex/Monitor currently owned by a thread:  ([mutex/lock_event])
[0x00007f9be4007050] Threads_lock - owner thread: 0x00007f9be4140000
[0x00007f9be4007550] Heap_lock - owner thread: 0x00007f9b80001000

heap address: 0x00000000c2a00000, size: 982 MB, Compressed Oops mode: 32-bit
Narrow klass base: 0x0000000000000000, Narrow klass shift: 3
Compressed class space size: 1073741824 Address: 0x0000000100000000

Heap:
 PSYoungGen      total 129536K, used 4672K [0x00000000eb900000, 0x00000000f4200000, 0x0000000100000000)
  eden space 122880K, 0% used [0x00000000eb900000,0x00000000eb900000,0x00000000f3100000)
  from space 6656K, 70% used [0x00000000f3100000,0x00000000f3590010,0x00000000f3780000)
  to   space 2560K, 0% used [0x00000000f3780000,0x00000000f3780000,0x00000000f3a00000)
 ParOldGen       total 42496K, used 10631K [0x00000000c2a00000, 0x00000000c5380000, 0x00000000eb900000)
  object space 42496K, 25% used [0x00000000c2a00000,0x00000000c3461dc0,0x00000000c5380000)
 Metaspace       used 13950K, capacity 14334K, committed 14592K, reserved 1062912K
  class space    used 1594K, capacity 1707K, committed 1792K, reserved 1048576K

Card table byte_map: [0x00007f9bea513000,0x00007f9bea6ff000] byte_map_base: 0x00007f9be9efe000

Marking Bits: (ParMarkBitMap*) 0x00007f9bece35d80
 Begin Bits: [0x00007f9be8117000, 0x00007f9be906f000)
 End Bits:   [0x00007f9be906f000, 0x00007f9be9fc7000)

Polling page: 0x00007f9beda7a000

CodeCache: size=245760Kb used=6241Kb max_used=6241Kb free=239518Kb
 bounds [0x00007f9bd5000000, 0x00007f9bd5620000, 0x00007f9be4000000]
 total_blobs=2131 nmethods=1783 adapters=261
 compilation: enabled

Compilation events (10 events):
Event: 34.873 Thread 0x00007f9be4186000 1819       2       org.evosuite.instrumentation.BooleanValueInterpreter::naryOperation (47 bytes)
Event: 34.873 Thread 0x00007f9be4186000 nmethod 1819 0x00007f9bd55fcdd0 code [0x00007f9bd55fcf60, 0x00007f9bd55fd1c8]
Event: 34.894 Thread 0x00007f9be4186000 1825       2       org.evosuite.instrumentation.testability.DescriptorMapping::getFieldDesc (186 bytes)
Event: 34.895 Thread 0x00007f9be4186000 nmethod 1825 0x00007f9bd55fb610 code [0x00007f9bd55fb900, 0x00007f9bd55fc458]
Event: 34.895 Thread 0x00007f9be4186000 1828       2       org.evosuite.instrumentation.testability.DescriptorMapping::isTransformedField (52 bytes)
Event: 34.895 Thread 0x00007f9be4186000 nmethod 1828 0x00007f9bd55facd0 code [0x00007f9bd55faea0, 0x00007f9bd55fb2d8]
Event: 34.895 Thread 0x00007f9be4186000 1826       2       org.evosuite.instrumentation.testability.DescriptorMapping::shouldTransform (100 bytes)
Event: 34.895 Thread 0x00007f9be4186000 nmethod 1826 0x00007f9bd5601010 code [0x00007f9bd56011e0, 0x00007f9bd5601688]
Event: 35.122 Thread 0x00007f9be4186000 1829       2       org.evosuite.coverage.mutation.Mutation::<init> (53 bytes)
Event: 35.122 Thread 0x00007f9be4186000 nmethod 1829 0x00007f9bd5600b10 code [0x00007f9bd5600c80, 0x00007f9bd5600ee8]

GC Heap History (10 events):
Event: 1.938 GC heap after
Heap after GC invocations=3 (full 1):
 PSYoungGen      total 34304K, used 0K [0x00000000eb900000, 0x00000000edd00000, 0x0000000100000000)
  eden space 31744K, 0% used [0x00000000eb900000,0x00000000eb900000,0x00000000ed800000)
  from space 2560K, 0% used [0x00000000eda80000,0x00000000eda80000,0x00000000edd00000)
  to   space 2560K, 0% used [0x00000000ed800000,0x00000000ed800000,0x00000000eda80000)
 ParOldGen       total 42496K, used 2565K [0x00000000c2a00000, 0x00000000c5380000, 0x00000000eb900000)
  object space 42496K, 6% used [0x00000000c2a00000,0x00000000c2c81418,0x00000000c5380000)
 Metaspace       used 10220K, capacity 10402K, committed 10624K, reserved 1058816K
  class space    used 1232K, capacity 1317K, committed 1408K, reserved 1048576K
}
Event: 30.783 GC heap before
{Heap before GC invocations=4 (full 1):
 PSYoungGen      total 34304K, used 31744K [0x00000000eb900000, 0x00000000edd00000, 0x0000000100000000)
  eden space 31744K, 100% used [0x00000000eb900000,0x00000000ed800000,0x00000000ed800000)
  from space 2560K, 0% used [0x00000000eda80000,0x00000000eda80000,0x00000000edd00000)
  to   space 2560K, 0% used [0x00000000ed800000,0x00000000ed800000,0x00000000eda80000)
 ParOldGen       total 42496K, used 2565K [0x00000000c2a00000, 0x00000000c5380000, 0x00000000eb900000)
  object space 42496K, 6% used [0x00000000c2a00000,0x00000000c2c81418,0x00000000c5380000)
 Metaspace       used 13720K, capacity 14136K, committed 14336K, reserved 1062912K
  class space    used 1593K, capacity 1706K, committed 1792K, reserved 1048576K
Event: 30.838 GC heap after
Heap after GC invocations=4 (full 1):
 PSYoungGen      total 34304K, used 2544K [0x00000000eb900000, 0x00000000efc00000, 0x0000000100000000)
  eden space 31744K, 0% used [0x00000000eb900000,0x00000000eb900000,0x00000000ed800000)
  from space 2560K, 99% used [0x00000000ed800000,0x00000000eda7c010,0x00000000eda80000)
  to   space 2560K, 0% used [0x00000000ef980000,0x00000000ef980000,0x00000000efc00000)
 ParOldGen       total 42496K, used 5098K [0x00000000c2a00000, 0x00000000c5380000, 0x00000000eb900000)
  object space 42496K, 11% used [0x00000000c2a00000,0x00000000c2efa978,0x00000000c5380000)
 Metaspace       used 13720K, capacity 14136K, committed 14336K, reserved 1062912K
  class space    used 1593K, capacity 1706K, committed 1792K, reserved 1048576K
}
Event: 31.698 GC heap before
{Heap before GC invocations=5 (full 1):
 PSYoungGen      total 34304K, used 34288K [0x00000000eb900000, 0x00000000efc00000, 0x0000000100000000)
  eden space 31744K, 100% used [0x00000000eb900000,0x00000000ed800000,0x00000000ed800000)
  from space 2560K, 99% used [0x00000000ed800000,0x00000000eda7c010,0x00000000eda80000)
  to   space 2560K, 0% used [0x00000000ef980000,0x00000000ef980000,0x00000000efc00000)
 ParOldGen       total 42496K, used 5098K [0x00000000c2a00000, 0x00000000c5380000, 0x00000000eb900000)
  object space 42496K, 11% used [0x00000000c2a00000,0x00000000c2efa978,0x00000000c5380000)
 Metaspace       used 13804K, capacity 14200K, committed 14592K, reserved 1062912K
  class space    used 1593K, capacity 1706K, committed 1792K, reserved 1048576K
Event: 31.715 GC heap after
Heap after GC invocations=5 (full 1):
 PSYoungGen      total 66048K, used 2560K [0x00000000eb900000, 0x00000000efc00000, 0x0000000100000000)
  eden space 63488K, 0% used [0x00000000eb900000,0x00000000eb900000,0x00000000ef700000)
  from space 2560K, 100% used [0x00000000ef980000,0x00000000efc00000,0x00000000efc00000)
  to   space 2560K, 0% used [0x00000000ef700000,0x00000000ef700000,0x00000000ef980000)
 ParOldGen       total 42496K, used 6289K [0x00000000c2a00000, 0x00000000c5380000, 0x00000000eb900000)
  object space 42496K, 14% used [0x00000000c2a00000,0x00000000c30246e8,0x00000000c5380000)
 Metaspace       used 13804K, capacity 14200K, committed 14592K, reserved 1062912K
  class space    used 1593K, capacity 1706K, committed 1792K, reserved 1048576K
}
Event: 32.756 GC heap before
{Heap before GC invocations=6 (full 1):
 PSYoungGen      total 66048K, used 66048K [0x00000000eb900000, 0x00000000efc00000, 0x0000000100000000)
  eden space 63488K, 100% used [0x00000000eb900000,0x00000000ef700000,0x00000000ef700000)
  from space 2560K, 100% used [0x00000000ef980000,0x00000000efc00000,0x00000000efc00000)
  to   space 2560K, 0% used [0x00000000ef700000,0x00000000ef700000,0x00000000ef980000)
 ParOldGen       total 42496K, used 6289K [0x00000000c2a00000, 0x00000000c5380000, 0x00000000eb900000)
  object space 42496K, 14% used [0x00000000c2a00000,0x00000000c30246e8,0x00000000c5380000)
 Metaspace       used 13883K, capacity 14264K, committed 14592K, reserved 1062912K
  class space    used 1593K, capacity 1706K, committed 1792K, reserved 1048576K
Event: 32.807 GC heap after
Heap after GC invocations=6 (full 1):
 PSYoungGen      total 66048K, used 2560K [0x00000000eb900000, 0x00000000f3a00000, 0x0000000100000000)
  eden space 63488K, 0% used [0x00000000eb900000,0x00000000eb900000,0x00000000ef700000)
  from space 2560K, 100% used [0x00000000ef700000,0x00000000ef980000,0x00000000ef980000)
  to   space 2560K, 0% used [0x00000000f3780000,0x00000000f3780000,0x00000000f3a00000)
 ParOldGen       total 42496K, used 9664K [0x00000000c2a00000, 0x00000000c5380000, 0x00000000eb900000)
  object space 42496K, 22% used [0x00000000c2a00000,0x00000000c3370308,0x00000000c5380000)
 Metaspace       used 13883K, capacity 14264K, committed 14592K, reserved 1062912K
  class space    used 1593K, capacity 1706K, committed 1792K, reserved 1048576K
}
Event: 33.366 GC heap before
{Heap before GC invocations=7 (full 1):
 PSYoungGen      total 66048K, used 66048K [0x00000000eb900000, 0x00000000f3a00000, 0x0000000100000000)
  eden space 63488K, 100% used [0x00000000eb900000,0x00000000ef700000,0x00000000ef700000)
  from space 2560K, 100% used [0x00000000ef700000,0x00000000ef980000,0x00000000ef980000)
  to   space 2560K, 0% used [0x00000000f3780000,0x00000000f3780000,0x00000000f3a00000)
 ParOldGen       total 42496K, used 9664K [0x00000000c2a00000, 0x00000000c5380000, 0x00000000eb900000)
  object space 42496K, 22% used [0x00000000c2a00000,0x00000000c3370308,0x00000000c5380000)
 Metaspace       used 13917K, capacity 14334K, committed 14592K, reserved 1062912K
  class space    used 1593K, capacity 1707K, committed 1792K, reserved 1048576K
Event: 33.391 GC heap after
Heap after GC invocations=7 (full 1):
 PSYoungGen      total 125440K, used 2560K [0x00000000eb900000, 0x00000000f4200000, 0x0000000100000000)
  eden space 122880K, 0% used [0x00000000eb900000,0x00000000eb900000,0x00000000f3100000)
  from space 2560K, 100% used [0x00000000f3780000,0x00000000f3a00000,0x00000000f3a00000)
  to   space 6656K, 0% used [0x00000000f3100000,0x00000000f3100000,0x00000000f3780000)
 ParOldGen       total 42496K, used 10623K [0x00000000c2a00000, 0x00000000c5380000, 0x00000000eb900000)
  object space 42496K, 24% used [0x00000000c2a00000,0x00000000c345fdc0,0x00000000c5380000)
 Metaspace       used 13917K, capacity 14334K, committed 14592K, reserved 1062912K
  class space    used 1593K, capacity 1707K, committed 1792K, reserved 1048576K
}
Event: 35.241 GC heap before
{Heap before GC invocations=8 (full 1):
 PSYoungGen      total 125440K, used 125440K [0x00000000eb900000, 0x00000000f4200000, 0x0000000100000000)
  eden space 122880K, 100% used [0x00000000eb900000,0x00000000f3100000,0x00000000f3100000)
  from space 2560K, 100% used [0x00000000f3780000,0x00000000f3a00000,0x00000000f3a00000)
  to   space 6656K, 0% used [0x00000000f3100000,0x00000000f3100000,0x00000000f3780000)
 ParOldGen       total 42496K, used 10623K [0x00000000c2a00000, 0x00000000c5380000, 0x00000000eb900000)
  object space 42496K, 24% used [0x00000000c2a00000,0x00000000c345fdc0,0x00000000c5380000)
 Metaspace       used 13950K, capacity 14334K, committed 14592K, reserved 1062912K
  class space    used 1594K, capacity 1707K, committed 1792K, reserved 1048576K

Deoptimization events (10 events):
Event: 30.848 Thread 0x00007f9b80001000 Uncommon trap: reason=unstable_if action=reinterpret pc=0x00007f9bd54fa344 method=java.util.AbstractCollection.addAll(Ljava/util/Collection;)Z @ 32
Event: 30.854 Thread 0x00007f9b80001000 Uncommon trap: reason=bimorphic action=maybe_recompile pc=0x00007f9bd5473a98 method=java.util.HashMap.putVal(ILjava/lang/Object;Ljava/lang/Object;ZZ)Ljava/lang/Object; @ 203
Event: 31.202 Thread 0x00007f9b80001000 Uncommon trap: reason=bimorphic action=maybe_recompile pc=0x00007f9bd5473a98 method=java.util.HashMap.putVal(ILjava/lang/Object;Ljava/lang/Object;ZZ)Ljava/lang/Object; @ 203
Event: 32.058 Thread 0x00007f9b80001000 Uncommon trap: reason=bimorphic action=maybe_recompile pc=0x00007f9bd5565478 method=java.util.AbstractCollection.addAll(Ljava/util/Collection;)Z @ 3
Event: 32.058 Thread 0x00007f9b80001000 Uncommon trap: reason=bimorphic action=maybe_recompile pc=0x00007f9bd5565478 method=java.util.AbstractCollection.addAll(Ljava/util/Collection;)Z @ 3
Event: 32.058 Thread 0x00007f9b80001000 Uncommon trap: reason=bimorphic action=maybe_recompile pc=0x00007f9bd5565478 method=java.util.AbstractCollection.addAll(Ljava/util/Collection;)Z @ 3
Event: 32.058 Thread 0x00007f9b80001000 Uncommon trap: reason=bimorphic action=maybe_recompile pc=0x00007f9bd5565478 method=java.util.AbstractCollection.addAll(Ljava/util/Collection;)Z @ 3
Event: 32.059 Thread 0x00007f9b80001000 Uncommon trap: reason=unstable_if action=reinterpret pc=0x00007f9bd5574ad0 method=java.util.AbstractSet.equals(Ljava/lang/Object;)Z @ 31
Event: 32.496 Thread 0x00007f9b80001000 Uncommon trap: reason=unstable_if action=reinterpret pc=0x00007f9bd55b2334 method=org.evosuite.shaded.org.objectweb.asm.tree.analysis.SourceInterpreter.merge(Lorg/evosuite/shaded/org/objectweb/asm/tree/analysis/SourceValue;Lorg/evosuite/shaded/org/objectw
Event: 34.872 Thread 0x00007f9b80001000 Uncommon trap: reason=null_check action=make_not_entrant pc=0x00007f9bd56088a4 method=org.evosuite.shaded.org.objectweb.asm.Type.equals(Ljava/lang/Object;)Z @ 8

Classes redefined (0 events):
No events

Internal exceptions (10 events):
Event: 20.994 Thread 0x00007f9be42f3800 Exception <a 'java/net/ConnectException'> (0x00000000ebd2b308) thrown at [/HUDSON/workspace/8-2-build-linux-amd64/jdk8u201/12317/hotspot/src/share/vm/prims/jni.cpp, line 709]
Event: 21.004 Thread 0x00007f9be42f5800 Exception <a 'java/net/ConnectException'> (0x00000000ebd7a990) thrown at [/HUDSON/workspace/8-2-build-linux-amd64/jdk8u201/12317/hotspot/src/share/vm/prims/jni.cpp, line 709]
Event: 21.025 Thread 0x00007f9be42f9000 Exception <a 'java/net/ConnectException'> (0x00000000ebdca018) thrown at [/HUDSON/workspace/8-2-build-linux-amd64/jdk8u201/12317/hotspot/src/share/vm/prims/jni.cpp, line 709]
Event: 28.693 Thread 0x00007f9b80001000 Exception <a 'java/lang/NoSuchMethodError': <clinit>> (0x00000000ec413f38) thrown at [/HUDSON/workspace/8-2-build-linux-amd64/jdk8u201/12317/hotspot/src/share/vm/prims/jni.cpp, line 1613]
Event: 29.986 Thread 0x00007f9b80001000 Implicit null exception at 0x00007f9bd51f32f5 to 0x00007f9bd51f369d
Event: 30.025 Thread 0x00007f9b80001000 Implicit null exception at 0x00007f9bd51db6b6 to 0x00007f9bd51dba61
Event: 31.056 Thread 0x00007f9be42f5800 Exception <a 'java/net/ConnectException'> (0x00000000ebb3c7c8) thrown at [/HUDSON/workspace/8-2-build-linux-amd64/jdk8u201/12317/hotspot/src/share/vm/prims/jni.cpp, line 709]
Event: 31.056 Thread 0x00007f9be42f9000 Exception <a 'java/net/ConnectException'> (0x00000000ebb70120) thrown at [/HUDSON/workspace/8-2-build-linux-amd64/jdk8u201/12317/hotspot/src/share/vm/prims/jni.cpp, line 709]
Event: 31.056 Thread 0x00007f9be42f3800 Exception <a 'java/net/ConnectException'> (0x00000000ebbfa7a0) thrown at [/HUDSON/workspace/8-2-build-linux-amd64/jdk8u201/12317/hotspot/src/share/vm/prims/jni.cpp, line 709]
Event: 34.872 Thread 0x00007f9b80001000 Implicit null exception at 0x00007f9bd5605f10 to 0x00007f9bd5608881

Events (10 events):
Event: 33.366 Executing VM operation: ParallelGCFailedAllocation
Event: 33.391 Executing VM operation: ParallelGCFailedAllocation done
Event: 33.994 loading class sun/net/ResourceManager
Event: 33.994 loading class sun/net/ResourceManager done
Event: 34.806 Thread 0x00007f9b80001000 DEOPT PACKING pc=0x00007f9bd556f231 sp=0x00007f9bccb93f10
Event: 34.806 Thread 0x00007f9b80001000 DEOPT UNPACKING pc=0x00007f9bd5047784 sp=0x00007f9bccb93d80 mode 0
Event: 34.872 Thread 0x00007f9b80001000 Uncommon trap: trap_request=0xfffffff4 fr.pc=0x00007f9bd56088a4
Event: 34.872 Thread 0x00007f9b80001000 DEOPT PACKING pc=0x00007f9bd56088a4 sp=0x00007f9bccb93b60
Event: 34.872 Thread 0x00007f9b80001000 DEOPT UNPACKING pc=0x00007f9bd504573a sp=0x00007f9bccb93980 mode 2
Event: 35.240 Executing VM operation: ParallelGCFailedAllocation


Dynamic libraries:
00400000-00401000 r-xp 00000000 08:01 654793                             /usr/lib/jdk/jdk1.8.0_201/bin/java
00600000-00601000 r--p 00000000 08:01 654793                             /usr/lib/jdk/jdk1.8.0_201/bin/java
00601000-00602000 rw-p 00001000 08:01 654793                             /usr/lib/jdk/jdk1.8.0_201/bin/java
020a7000-022a9000 rw-p 00000000 00:00 0                                  [heap]
c2a00000-c5380000 rw-p 00000000 00:00 0 
c5380000-eb900000 ---p 00000000 00:00 0 
eb900000-f4200000 rw-p 00000000 00:00 0 
fb600000-100000000 ---p 00000000 00:00 0 
100000000-1001c0000 rw-p 00000000 00:00 0 
1001c0000-140000000 ---p 00000000 00:00 0 
7f9b50000000-7f9b50021000 rw-p 00000000 00:00 0 
7f9b50021000-7f9b54000000 ---p 00000000 00:00 0 
7f9b58000000-7f9b5803a000 rw-p 00000000 00:00 0 
7f9b5803a000-7f9b5c000000 ---p 00000000 00:00 0 
7f9b5c000000-7f9b5c021000 rw-p 00000000 00:00 0 
7f9b5c021000-7f9b60000000 ---p 00000000 00:00 0 
7f9b60000000-7f9b60021000 rw-p 00000000 00:00 0 
7f9b60021000-7f9b64000000 ---p 00000000 00:00 0 
7f9b64000000-7f9b64021000 rw-p 00000000 00:00 0 
7f9b64021000-7f9b68000000 ---p 00000000 00:00 0 
7f9b68000000-7f9b68021000 rw-p 00000000 00:00 0 
7f9b68021000-7f9b6c000000 ---p 00000000 00:00 0 
7f9b6c000000-7f9b6c021000 rw-p 00000000 00:00 0 
7f9b6c021000-7f9b70000000 ---p 00000000 00:00 0 
7f9b70000000-7f9b70021000 rw-p 00000000 00:00 0 
7f9b70021000-7f9b74000000 ---p 00000000 00:00 0 
7f9b74000000-7f9b74021000 rw-p 00000000 00:00 0 
7f9b74021000-7f9b78000000 ---p 00000000 00:00 0 
7f9b78000000-7f9b78021000 rw-p 00000000 00:00 0 
7f9b78021000-7f9b7c000000 ---p 00000000 00:00 0 
7f9b7c000000-7f9b7c021000 rw-p 00000000 00:00 0 
7f9b7c021000-7f9b80000000 ---p 00000000 00:00 0 
7f9b80000000-7f9b80021000 rw-p 00000000 00:00 0 
7f9b80021000-7f9b84000000 ---p 00000000 00:00 0 
7f9b84000000-7f9b84021000 rw-p 00000000 00:00 0 
7f9b84021000-7f9b88000000 ---p 00000000 00:00 0 
7f9b88000000-7f9b88021000 rw-p 00000000 00:00 0 
7f9b88021000-7f9b8c000000 ---p 00000000 00:00 0 
7f9b8c000000-7f9b8c021000 rw-p 00000000 00:00 0 
7f9b8c021000-7f9b90000000 ---p 00000000 00:00 0 
7f9b90000000-7f9b90021000 rw-p 00000000 00:00 0 
7f9b90021000-7f9b94000000 ---p 00000000 00:00 0 
7f9b94000000-7f9b94021000 rw-p 00000000 00:00 0 
7f9b94021000-7f9b98000000 ---p 00000000 00:00 0 
7f9b98000000-7f9b98021000 rw-p 00000000 00:00 0 
7f9b98021000-7f9b9c000000 ---p 00000000 00:00 0 
7f9b9c000000-7f9b9c021000 rw-p 00000000 00:00 0 
7f9b9c021000-7f9ba0000000 ---p 00000000 00:00 0 
7f9ba0000000-7f9ba0ac3000 rw-p 00000000 00:00 0 
7f9ba0ac3000-7f9ba4000000 ---p 00000000 00:00 0 
7f9ba4000000-7f9ba48b0000 rw-p 00000000 00:00 0 
7f9ba48b0000-7f9ba8000000 ---p 00000000 00:00 0 
7f9ba8000000-7f9ba8021000 rw-p 00000000 00:00 0 
7f9ba8021000-7f9bac000000 ---p 00000000 00:00 0 
7f9bac000000-7f9bacc3a000 rw-p 00000000 00:00 0 
7f9bacc3a000-7f9bb0000000 ---p 00000000 00:00 0 
7f9bb0000000-7f9bb0021000 rw-p 00000000 00:00 0 
7f9bb0021000-7f9bb4000000 ---p 00000000 00:00 0 
7f9bb4000000-7f9bb4021000 rw-p 00000000 00:00 0 
7f9bb4021000-7f9bb8000000 ---p 00000000 00:00 0 
7f9bb8000000-7f9bb8021000 rw-p 00000000 00:00 0 
7f9bb8021000-7f9bbc000000 ---p 00000000 00:00 0 
7f9bbc000000-7f9bbc29b000 rw-p 00000000 00:00 0 
7f9bbc29b000-7f9bc0000000 ---p 00000000 00:00 0 
7f9bc0000000-7f9bc0021000 rw-p 00000000 00:00 0 
7f9bc0021000-7f9bc4000000 ---p 00000000 00:00 0 
7f9bc4fff000-7f9bc8000000 rw-p 00000000 00:00 0 
7f9bc8000000-7f9bc8021000 rw-p 00000000 00:00 0 
7f9bc8021000-7f9bcc000000 ---p 00000000 00:00 0 
7f9bcc599000-7f9bcc619000 rw-p 00000000 00:00 0 
7f9bcc619000-7f9bcc799000 ---p 00000000 00:00 0 
7f9bcc799000-7f9bcc79c000 ---p 00000000 00:00 0 
7f9bcc79c000-7f9bcca9a000 rw-p 00000000 00:00 0 
7f9bcca9a000-7f9bcca9d000 ---p 00000000 00:00 0 
7f9bcca9d000-7f9bccb9b000 rw-p 00000000 00:00 0 
7f9bccb9b000-7f9bccb9e000 ---p 00000000 00:00 0 
7f9bccb9e000-7f9bccc9c000 rw-p 00000000 00:00 0 
7f9bccc9c000-7f9bccc9f000 ---p 00000000 00:00 0 
7f9bccc9f000-7f9bccd9d000 rw-p 00000000 00:00 0 
7f9bccd9d000-7f9bccda0000 ---p 00000000 00:00 0 
7f9bccda0000-7f9bcce9e000 rw-p 00000000 00:00 0 
7f9bcce9e000-7f9bccea1000 ---p 00000000 00:00 0 
7f9bccea1000-7f9bccf9f000 rw-p 00000000 00:00 0 
7f9bccf9f000-7f9bccfa2000 ---p 00000000 00:00 0 
7f9bccfa2000-7f9bcd0a0000 rw-p 00000000 00:00 0 
7f9bcd0a0000-7f9bcd0a3000 ---p 00000000 00:00 0 
7f9bcd0a3000-7f9bcd1a1000 rw-p 00000000 00:00 0 
7f9bcd1a1000-7f9bcd1a4000 ---p 00000000 00:00 0 
7f9bcd1a4000-7f9bcd2a2000 rw-p 00000000 00:00 0 
7f9bcd2a2000-7f9bcd2a5000 ---p 00000000 00:00 0 
7f9bcd2a5000-7f9bcd3a3000 rw-p 00000000 00:00 0 
7f9bcd3a3000-7f9bcd3a6000 ---p 00000000 00:00 0 
7f9bcd3a6000-7f9bcd3dc000 rw-p 00000000 00:00 0 
7f9bcd3dc000-7f9bcd3df000 ---p 00000000 00:00 0 
7f9bcd3df000-7f9bcd4dd000 rw-p 00000000 00:00 0 
7f9bcd4dd000-7f9bcd4e0000 ---p 00000000 00:00 0 
7f9bcd4e0000-7f9bcd5de000 rw-p 00000000 00:00 0 
7f9bcd5de000-7f9bcd5e1000 ---p 00000000 00:00 0 
7f9bcd5e1000-7f9bcd6df000 rw-p 00000000 00:00 0 
7f9bcd6df000-7f9bcd6e2000 ---p 00000000 00:00 0 
7f9bcd6e2000-7f9bcd7e0000 rw-p 00000000 00:00 0 
7f9bcd7e0000-7f9bcd7e3000 ---p 00000000 00:00 0 
7f9bcd7e3000-7f9bcdae1000 rw-p 00000000 00:00 0 
7f9bcdae1000-7f9bcdae4000 ---p 00000000 00:00 0 
7f9bcdae4000-7f9bcdbe2000 rw-p 00000000 00:00 0 
7f9bcdbe2000-7f9bcdbe5000 ---p 00000000 00:00 0 
7f9bcdbe5000-7f9bcdce3000 rw-p 00000000 00:00 0 
7f9bcdce3000-7f9bcdce6000 ---p 00000000 00:00 0 
7f9bcdce6000-7f9bcdde4000 rw-p 00000000 00:00 0 
7f9bcdde4000-7f9bcddfa000 r-xp 00000000 08:01 656512                     /usr/lib/jdk/jdk1.8.0_201/jre/lib/amd64/libnet.so
7f9bcddfa000-7f9bcdffa000 ---p 00016000 08:01 656512                     /usr/lib/jdk/jdk1.8.0_201/jre/lib/amd64/libnet.so
7f9bcdffa000-7f9bcdffb000 r--p 00016000 08:01 656512                     /usr/lib/jdk/jdk1.8.0_201/jre/lib/amd64/libnet.so
7f9bcdffb000-7f9bcdffc000 rw-p 00017000 08:01 656512                     /usr/lib/jdk/jdk1.8.0_201/jre/lib/amd64/libnet.so
7f9bcdffc000-7f9bce22d000 r--s 01bb1000 08:01 403225                     /home/hewitt/work/DiffTGen-master/lib/evosuite-1.0.6.jar
7f9bce22d000-7f9bce22e000 ---p 00000000 00:00 0 
7f9bce22e000-7f9bce32e000 rw-p 00000000 00:00 0 
7f9bce32e000-7f9bce331000 ---p 00000000 00:00 0 
7f9bce331000-7f9bce42f000 rw-p 00000000 00:00 0 
7f9bce42f000-7f9bce432000 ---p 00000000 00:00 0 
7f9bce432000-7f9bce530000 rw-p 00000000 00:00 0 
7f9bce530000-7f9bce533000 ---p 00000000 00:00 0 
7f9bce533000-7f9bce631000 rw-p 00000000 00:00 0 
7f9bce631000-7f9bce634000 ---p 00000000 00:00 0 
7f9bce634000-7f9bce732000 rw-p 00000000 00:00 0 
7f9bce732000-7f9bce735000 ---p 00000000 00:00 0 
7f9bce735000-7f9bce833000 rw-p 00000000 00:00 0 
7f9bce833000-7f9bcf1f2000 r--p 00000000 08:01 270368                     /usr/lib/locale/locale-archive
7f9bcf1f2000-7f9bcf1f5000 ---p 00000000 00:00 0 
7f9bcf1f5000-7f9bcf2f3000 rw-p 00000000 00:00 0 
7f9bcf2f3000-7f9bcf2f6000 ---p 00000000 00:00 0 
7f9bcf2f6000-7f9bcf3f4000 rw-p 00000000 00:00 0 
7f9bcf3f4000-7f9bcf3f5000 ---p 00000000 00:00 0 
7f9bcf3f5000-7f9bd0000000 rw-p 00000000 00:00 0 
7f9bd0000000-7f9bd0021000 rw-p 00000000 00:00 0 
7f9bd0021000-7f9bd4000000 ---p 00000000 00:00 0 
7f9bd4037000-7f9bd443b000 rw-p 00000000 00:00 0 
7f9bd443b000-7f9bd4615000 r--s 03d6f000 08:01 656293                     /usr/lib/jdk/jdk1.8.0_201/jre/lib/rt.jar
7f9bd4615000-7f9bd5000000 rw-p 00000000 00:00 0 
7f9bd5000000-7f9bd5620000 rwxp 00000000 00:00 0 
7f9bd5620000-7f9be4000000 ---p 00000000 00:00 0 
7f9be4000000-7f9be44d6000 rw-p 00000000 00:00 0 
7f9be44d6000-7f9be8000000 ---p 00000000 00:00 0 
7f9be800c000-7f9be8028000 r--s 00393000 08:01 656354                     /usr/lib/jdk/jdk1.8.0_201/jre/lib/ext/cldrdata.jar
7f9be8028000-7f9be80a1000 r--s 010fd000 08:01 654900                     /usr/lib/jdk/jdk1.8.0_201/lib/tools.jar
7f9be80a1000-7f9be9fc7000 rw-p 00000000 00:00 0 
7f9be9fc7000-7f9be9fc8000 ---p 00000000 00:00 0 
7f9be9fc8000-7f9bea0c8000 rw-p 00000000 00:00 0 
7f9bea0c8000-7f9bea0c9000 ---p 00000000 00:00 0 
7f9bea0c9000-7f9bea1c9000 rw-p 00000000 00:00 0 
7f9bea1c9000-7f9bea1ca000 ---p 00000000 00:00 0 
7f9bea1ca000-7f9bea2ca000 rw-p 00000000 00:00 0 
7f9bea2ca000-7f9bea2cb000 ---p 00000000 00:00 0 
7f9bea2cb000-7f9bea3e0000 rw-p 00000000 00:00 0 
7f9bea3e0000-7f9bea513000 ---p 00000000 00:00 0 
7f9bea513000-7f9bea528000 rw-p 00000000 00:00 0 
7f9bea528000-7f9bea65a000 ---p 00000000 00:00 0 
7f9bea65a000-7f9bea69f000 rw-p 00000000 00:00 0 
7f9bea69f000-7f9bea6fe000 ---p 00000000 00:00 0 
7f9bea6fe000-7f9bea718000 rw-p 00000000 00:00 0 
7f9bea718000-7f9beaabf000 ---p 00000000 00:00 0 
7f9beaabf000-7f9beaada000 r-xp 00000000 08:01 656508                     /usr/lib/jdk/jdk1.8.0_201/jre/lib/amd64/libzip.so
7f9beaada000-7f9beacd9000 ---p 0001b000 08:01 656508                     /usr/lib/jdk/jdk1.8.0_201/jre/lib/amd64/libzip.so
7f9beacd9000-7f9beacda000 r--p 0001a000 08:01 656508                     /usr/lib/jdk/jdk1.8.0_201/jre/lib/amd64/libzip.so
7f9beacda000-7f9beacdb000 rw-p 0001b000 08:01 656508                     /usr/lib/jdk/jdk1.8.0_201/jre/lib/amd64/libzip.so
7f9beacdb000-7f9beace6000 r-xp 00000000 08:01 658902                     /lib/x86_64-linux-gnu/libnss_files-2.23.so
7f9beace6000-7f9beaee5000 ---p 0000b000 08:01 658902                     /lib/x86_64-linux-gnu/libnss_files-2.23.so
7f9beaee5000-7f9beaee6000 r--p 0000a000 08:01 658902                     /lib/x86_64-linux-gnu/libnss_files-2.23.so
7f9beaee6000-7f9beaee7000 rw-p 0000b000 08:01 658902                     /lib/x86_64-linux-gnu/libnss_files-2.23.so
7f9beaee7000-7f9beaeed000 rw-p 00000000 00:00 0 
7f9beaeed000-7f9beaef8000 r-xp 00000000 08:01 658912                     /lib/x86_64-linux-gnu/libnss_nis-2.23.so
7f9beaef8000-7f9beb0f7000 ---p 0000b000 08:01 658912                     /lib/x86_64-linux-gnu/libnss_nis-2.23.so
7f9beb0f7000-7f9beb0f8000 r--p 0000a000 08:01 658912                     /lib/x86_64-linux-gnu/libnss_nis-2.23.so
7f9beb0f8000-7f9beb0f9000 rw-p 0000b000 08:01 658912                     /lib/x86_64-linux-gnu/libnss_nis-2.23.so
7f9beb0f9000-7f9beb10f000 r-xp 00000000 08:01 658896                     /lib/x86_64-linux-gnu/libnsl-2.23.so
7f9beb10f000-7f9beb30e000 ---p 00016000 08:01 658896                     /lib/x86_64-linux-gnu/libnsl-2.23.so
7f9beb30e000-7f9beb30f000 r--p 00015000 08:01 658896                     /lib/x86_64-linux-gnu/libnsl-2.23.so
7f9beb30f000-7f9beb310000 rw-p 00016000 08:01 658896                     /lib/x86_64-linux-gnu/libnsl-2.23.so
7f9beb310000-7f9beb312000 rw-p 00000000 00:00 0 
7f9beb312000-7f9beb31a000 r-xp 00000000 08:01 658898                     /lib/x86_64-linux-gnu/libnss_compat-2.23.so
7f9beb31a000-7f9beb519000 ---p 00008000 08:01 658898                     /lib/x86_64-linux-gnu/libnss_compat-2.23.so
7f9beb519000-7f9beb51a000 r--p 00007000 08:01 658898                     /lib/x86_64-linux-gnu/libnss_compat-2.23.so
7f9beb51a000-7f9beb51b000 rw-p 00008000 08:01 658898                     /lib/x86_64-linux-gnu/libnss_compat-2.23.so
7f9beb51b000-7f9beb547000 r-xp 00000000 08:01 656502                     /usr/lib/jdk/jdk1.8.0_201/jre/lib/amd64/libjava.so
7f9beb547000-7f9beb747000 ---p 0002c000 08:01 656502                     /usr/lib/jdk/jdk1.8.0_201/jre/lib/amd64/libjava.so
7f9beb747000-7f9beb748000 r--p 0002c000 08:01 656502                     /usr/lib/jdk/jdk1.8.0_201/jre/lib/amd64/libjava.so
7f9beb748000-7f9beb74a000 rw-p 0002d000 08:01 656502                     /usr/lib/jdk/jdk1.8.0_201/jre/lib/amd64/libjava.so
7f9beb74a000-7f9beb757000 r-xp 00000000 08:01 656507                     /usr/lib/jdk/jdk1.8.0_201/jre/lib/amd64/libverify.so
7f9beb757000-7f9beb956000 ---p 0000d000 08:01 656507                     /usr/lib/jdk/jdk1.8.0_201/jre/lib/amd64/libverify.so
7f9beb956000-7f9beb958000 r--p 0000c000 08:01 656507                     /usr/lib/jdk/jdk1.8.0_201/jre/lib/amd64/libverify.so
7f9beb958000-7f9beb959000 rw-p 0000e000 08:01 656507                     /usr/lib/jdk/jdk1.8.0_201/jre/lib/amd64/libverify.so
7f9beb959000-7f9beb960000 r-xp 00000000 08:01 658957                     /lib/x86_64-linux-gnu/librt-2.23.so
7f9beb960000-7f9bebb5f000 ---p 00007000 08:01 658957                     /lib/x86_64-linux-gnu/librt-2.23.so
7f9bebb5f000-7f9bebb60000 r--p 00006000 08:01 658957                     /lib/x86_64-linux-gnu/librt-2.23.so
7f9bebb60000-7f9bebb61000 rw-p 00007000 08:01 658957                     /lib/x86_64-linux-gnu/librt-2.23.so
7f9bebb61000-7f9bebc69000 r-xp 00000000 08:01 658873                     /lib/x86_64-linux-gnu/libm-2.23.so
7f9bebc69000-7f9bebe68000 ---p 00108000 08:01 658873                     /lib/x86_64-linux-gnu/libm-2.23.so
7f9bebe68000-7f9bebe69000 r--p 00107000 08:01 658873                     /lib/x86_64-linux-gnu/libm-2.23.so
7f9bebe69000-7f9bebe6a000 rw-p 00108000 08:01 658873                     /lib/x86_64-linux-gnu/libm-2.23.so
7f9bebe6a000-7f9becb52000 r-xp 00000000 08:01 656484                     /usr/lib/jdk/jdk1.8.0_201/jre/lib/amd64/server/libjvm.so
7f9becb52000-7f9becd51000 ---p 00ce8000 08:01 656484                     /usr/lib/jdk/jdk1.8.0_201/jre/lib/amd64/server/libjvm.so
7f9becd51000-7f9becde7000 r--p 00ce7000 08:01 656484                     /usr/lib/jdk/jdk1.8.0_201/jre/lib/amd64/server/libjvm.so
7f9becde7000-7f9bece18000 rw-p 00d7d000 08:01 656484                     /usr/lib/jdk/jdk1.8.0_201/jre/lib/amd64/server/libjvm.so
7f9bece18000-7f9bece53000 rw-p 00000000 00:00 0 
7f9bece53000-7f9bed013000 r-xp 00000000 08:01 658803                     /lib/x86_64-linux-gnu/libc-2.23.so
7f9bed013000-7f9bed213000 ---p 001c0000 08:01 658803                     /lib/x86_64-linux-gnu/libc-2.23.so
7f9bed213000-7f9bed217000 r--p 001c0000 08:01 658803                     /lib/x86_64-linux-gnu/libc-2.23.so
7f9bed217000-7f9bed219000 rw-p 001c4000 08:01 658803                     /lib/x86_64-linux-gnu/libc-2.23.so
7f9bed219000-7f9bed21d000 rw-p 00000000 00:00 0 
7f9bed21d000-7f9bed220000 r-xp 00000000 08:01 658827                     /lib/x86_64-linux-gnu/libdl-2.23.so
7f9bed220000-7f9bed41f000 ---p 00003000 08:01 658827                     /lib/x86_64-linux-gnu/libdl-2.23.so
7f9bed41f000-7f9bed420000 r--p 00002000 08:01 658827                     /lib/x86_64-linux-gnu/libdl-2.23.so
7f9bed420000-7f9bed421000 rw-p 00003000 08:01 658827                     /lib/x86_64-linux-gnu/libdl-2.23.so
7f9bed421000-7f9bed438000 r-xp 00000000 08:01 656155                     /usr/lib/jdk/jdk1.8.0_201/lib/amd64/jli/libjli.so
7f9bed438000-7f9bed637000 ---p 00017000 08:01 656155                     /usr/lib/jdk/jdk1.8.0_201/lib/amd64/jli/libjli.so
7f9bed637000-7f9bed638000 r--p 00016000 08:01 656155                     /usr/lib/jdk/jdk1.8.0_201/lib/amd64/jli/libjli.so
7f9bed638000-7f9bed639000 rw-p 00017000 08:01 656155                     /usr/lib/jdk/jdk1.8.0_201/lib/amd64/jli/libjli.so
7f9bed639000-7f9bed651000 r-xp 00000000 08:01 658949                     /lib/x86_64-linux-gnu/libpthread-2.23.so
7f9bed651000-7f9bed850000 ---p 00018000 08:01 658949                     /lib/x86_64-linux-gnu/libpthread-2.23.so
7f9bed850000-7f9bed851000 r--p 00017000 08:01 658949                     /lib/x86_64-linux-gnu/libpthread-2.23.so
7f9bed851000-7f9bed852000 rw-p 00018000 08:01 658949                     /lib/x86_64-linux-gnu/libpthread-2.23.so
7f9bed852000-7f9bed856000 rw-p 00000000 00:00 0 
7f9bed856000-7f9bed87c000 r-xp 00000000 08:01 658775                     /lib/x86_64-linux-gnu/ld-2.23.so
7f9bed887000-7f9bed891000 r--s 00116000 08:01 656361                     /usr/lib/jdk/jdk1.8.0_201/jre/lib/ext/localedata.jar
7f9bed891000-7f9bed8a0000 r--s 000ad000 08:01 408762                     /home/hewitt/work/DiffTGen-master/output/patch1-Math-80-SequenceR/Math_80_1_sequencer/target/build/classes/all0.jar
7f9bed8a0000-7f9bed95e000 rw-p 00000000 00:00 0 
7f9bed95e000-7f9bed961000 ---p 00000000 00:00 0 
7f9bed961000-7f9beda64000 rw-p 00000000 00:00 0 
7f9beda64000-7f9beda68000 r--s 000a1000 08:01 656350                     /usr/lib/jdk/jdk1.8.0_201/jre/lib/jsse.jar
7f9beda68000-7f9beda70000 r--s 0006e000 08:01 398946                     /home/hewitt/work/DiffTGen-master/lib/commons-lang3-3.5.jar
7f9beda70000-7f9beda71000 r--s 00000000 08:01 398951                     /home/hewitt/work/DiffTGen-master/lib/myprinter.jar
7f9beda71000-7f9beda79000 rw-s 00000000 08:01 152390                     /tmp/hsperfdata_hewitt/56811
7f9beda79000-7f9beda7a000 rw-p 00000000 00:00 0 
7f9beda7a000-7f9beda7b000 ---p 00000000 00:00 0 
7f9beda7b000-7f9beda7c000 r--p 00025000 08:01 658775                     /lib/x86_64-linux-gnu/ld-2.23.so
7f9beda7c000-7f9beda7d000 rw-p 00026000 08:01 658775                     /lib/x86_64-linux-gnu/ld-2.23.so
7f9beda7d000-7f9beda7e000 rw-p 00000000 00:00 0 
7ffd0c1e3000-7ffd0c205000 rw-p 00000000 00:00 0                          [stack]
7ffd0c261000-7ffd0c264000 r--p 00000000 00:00 0                          [vvar]
7ffd0c264000-7ffd0c266000 r-xp 00000000 00:00 0                          [vdso]
ffffffffff600000-ffffffffff601000 r-xp 00000000 00:00 0                  [vsyscall]

VM Arguments:
java_command: /home/hewitt/work/DiffTGen-master/lib/evosuite-1.0.6.jar -base_dir /home/hewitt/work/DiffTGen-master/output/patch1-Math-80-SequenceR/Math_80_1_sequencer/target/0/6 -projectCP /home/hewitt/work/DiffTGen-master/output/patch1-Math-80-SequenceR/Math_80_1_sequencer/target/build/classes/all0.jar:/home/hewitt/work/DiffTGen-master/lib/myprinter.jar:/home/hewitt/work/DiffTGen-master/lib/commons-lang3-3.5.jar -class org.apache.commons.math.linear.EigenDecompositionImpl -Dassertions=false -Dsearch_budget=60
java_class_path (initial): /home/hewitt/work/DiffTGen-master/lib/evosuite-1.0.6.jar
Launcher Type: SUN_STANDARD

Environment Variables:
JAVA_HOME=/usr/lib/jdk/jdk1.8.0_201
JRE_HOME=/usr/lib/jdk/jdk1.8.0_201/jre
CLASSPATH=.:/usr/lib/jdk/jdk1.8.0_201/lib:/usr/lib/jdk/jdk1.8.0_201/jre/lib
PATH=/usr/lib/jdk/jdk1.8.0_201/bin:/home/hewitt/bin:/home/hewitt/.local/bin:/usr/lib/jdk/jdk1.7.0_80/bin:/usr/local/sbin:/usr/local/bin:/usr/sbin:/usr/bin:/sbin:/bin:/usr/games:/usr/local/games:/snap/bin:/home/hewitt/work/defects4j_v1.4.0/defects4j/framework/bin:/opt/apache-ant-1.9.14/bin:/home/hewitt/work/defects4j_v1.4.0/defects4j/framework/bin
SHELL=/bin/bash
DISPLAY=:0

Signal Handlers:
SIGSEGV: [libjvm.so+0xad3e60], sa_mask[0]=11111111011111111101111111111110, sa_flags=SA_RESTART|SA_SIGINFO
SIGBUS: [libjvm.so+0xad3e60], sa_mask[0]=11111111011111111101111111111110, sa_flags=SA_RESTART|SA_SIGINFO
SIGFPE: [libjvm.so+0x90b880], sa_mask[0]=11111111011111111101111111111110, sa_flags=SA_RESTART|SA_SIGINFO
SIGPIPE: [libjvm.so+0x90b880], sa_mask[0]=11111111011111111101111111111110, sa_flags=SA_RESTART|SA_SIGINFO
SIGXFSZ: [libjvm.so+0x90b880], sa_mask[0]=11111111011111111101111111111110, sa_flags=SA_RESTART|SA_SIGINFO
SIGILL: [libjvm.so+0x90b880], sa_mask[0]=11111111011111111101111111111110, sa_flags=SA_RESTART|SA_SIGINFO
SIGUSR1: SIG_DFL, sa_mask[0]=00000000000000000000000000000000, sa_flags=none
SIGUSR2: [libjvm.so+0x90b750], sa_mask[0]=00100000000000000000000000000000, sa_flags=SA_RESTART|SA_SIGINFO
SIGHUP: [libjvm.so+0x90bd70], sa_mask[0]=11111111011111111101111111111110, sa_flags=SA_RESTART|SA_SIGINFO
SIGINT: [libjvm.so+0x90bd70], sa_mask[0]=11111111011111111101111111111110, sa_flags=SA_RESTART|SA_SIGINFO
SIGTERM: [libjvm.so+0x90bd70], sa_mask[0]=11111111011111111101111111111110, sa_flags=SA_RESTART|SA_SIGINFO
SIGQUIT: [libjvm.so+0x90bd70], sa_mask[0]=11111111011111111101111111111110, sa_flags=SA_RESTART|SA_SIGINFO


---------------  S Y S T E M  ---------------

OS:DISTRIB_ID=Ubuntu
DISTRIB_RELEASE=16.04
DISTRIB_CODENAME=xenial
DISTRIB_DESCRIPTION="Ubuntu 16.04.6 LTS"

uname:Linux 4.15.0-91-generic #92~16.04.1-Ubuntu SMP Fri Feb 28 14:57:22 UTC 2020 x86_64
libc:glibc 2.23 NPTL 2.23 
rlimit: STACK 8192k, CORE 0k, NPROC 15448, NOFILE 1048576, AS infinity
load average:16.36 16.20 16.57

/proc/meminfo:
MemTotal:        4015928 kB
MemFree:          259580 kB
MemAvailable:     169804 kB
Buffers:             456 kB
Cached:            29116 kB
SwapCached:         6724 kB
Active:          2740924 kB
Inactive:         579472 kB
Active(anon):    2723092 kB
Inactive(anon):   569276 kB
Active(file):      17832 kB
Inactive(file):    10196 kB
Unevictable:          48 kB
Mlocked:              48 kB
SwapTotal:        998396 kB
SwapFree:           7024 kB
Dirty:               152 kB
Writeback:          4080 kB
AnonPages:       3284760 kB
Mapped:            23884 kB
Shmem:              1288 kB
Slab:              91632 kB
SReclaimable:      33360 kB
SUnreclaim:        58272 kB
KernelStack:       15072 kB
PageTables:        41384 kB
NFS_Unstable:          0 kB
Bounce:                0 kB
WritebackTmp:          0 kB
CommitLimit:     3006360 kB
Committed_AS:    8455980 kB
VmallocTotal:   34359738367 kB
VmallocUsed:           0 kB
VmallocChunk:          0 kB
HardwareCorrupted:     0 kB
AnonHugePages:         0 kB
ShmemHugePages:        0 kB
ShmemPmdMapped:        0 kB
CmaTotal:              0 kB
CmaFree:               0 kB
HugePages_Total:       0
HugePages_Free:        0
HugePages_Rsvd:        0
HugePages_Surp:        0
Hugepagesize:       2048 kB
DirectMap4k:       98112 kB
DirectMap2M:     4096000 kB
DirectMap1G:     2097152 kB

container (cgroup) information:
container_type: cgroupv1
cpu_cpuset_cpus: 0-3
cpu_memory_nodes: 0
active_processor_count: 4
cpu_quota: -1
cpu_period: 100000
cpu_shares: -1
memory_limit_in_bytes: -1
memory_and_swap_limit_in_bytes: -2
memory_soft_limit_in_bytes: -1
memory_usage_in_bytes: 3402047488
memory_max_usage_in_bytes: 20938752


CPU:total 4 (initial active 4) (2 cores per cpu, 1 threads per core) family 6 model 158 stepping 9, cmov, cx8, fxsr, mmx, sse, sse2, sse3, ssse3, sse4.1, sse4.2, popcnt, avx, avx2, aes, clmul, erms, 3dnowpref, lzcnt, tsc, tscinvbit, bmi1, bmi2, adx

/proc/cpuinfo:
processor	: 0
vendor_id	: GenuineIntel
cpu family	: 6
model		: 158
model name	: Intel(R) Core(TM) i7-7700HQ CPU @ 2.80GHz
stepping	: 9
microcode	: 0xb4
cpu MHz		: 2808.002
cache size	: 6144 KB
physical id	: 0
siblings	: 2
core id		: 0
cpu cores	: 2
apicid		: 0
initial apicid	: 0
fpu		: yes
fpu_exception	: yes
cpuid level	: 22
wp		: yes
flags		: fpu vme de pse tsc msr pae mce cx8 apic sep mtrr pge mca cmov pat pse36 clflush mmx fxsr sse sse2 ss ht syscall nx pdpe1gb rdtscp lm constant_tsc arch_perfmon nopl xtopology tsc_reliable nonstop_tsc cpuid pni pclmulqdq ssse3 fma cx16 pcid sse4_1 sse4_2 x2apic movbe popcnt tsc_deadline_timer aes xsave avx f16c rdrand hypervisor lahf_lm abm 3dnowprefetch cpuid_fault invpcid_single pti ssbd ibrs ibpb stibp fsgsbase tsc_adjust bmi1 avx2 smep bmi2 invpcid mpx rdseed adx smap clflushopt xsaveopt xsavec xsaves arat md_clear flush_l1d arch_capabilities
bugs		: cpu_meltdown spectre_v1 spectre_v2 spec_store_bypass l1tf mds swapgs itlb_multihit
bogomips	: 5616.00
clflush size	: 64
cache_alignment	: 64
address sizes	: 43 bits physical, 48 bits virtual
power management:

processor	: 1
vendor_id	: GenuineIntel
cpu family	: 6
model		: 158
model name	: Intel(R) Core(TM) i7-7700HQ CPU @ 2.80GHz
stepping	: 9
microcode	: 0xb4
cpu MHz		: 2808.002
cache size	: 6144 KB
physical id	: 0
siblings	: 2
core id		: 1
cpu cores	: 2
apicid		: 1
initial apicid	: 1
fpu		: yes
fpu_exception	: yes
cpuid level	: 22
wp		: yes
flags		: fpu vme de pse tsc msr pae mce cx8 apic sep mtrr pge mca cmov pat pse36 clflush mmx fxsr sse sse2 ss ht syscall nx pdpe1gb rdtscp lm constant_tsc arch_perfmon nopl xtopology tsc_reliable nonstop_tsc cpuid pni pclmulqdq ssse3 fma cx16 pcid sse4_1 sse4_2 x2apic movbe popcnt tsc_deadline_timer aes xsave avx f16c rdrand hypervisor lahf_lm abm 3dnowprefetch cpuid_fault invpcid_single pti ssbd ibrs ibpb stibp fsgsbase tsc_adjust bmi1 avx2 smep bmi2 invpcid mpx rdseed adx smap clflushopt xsaveopt xsavec xsaves arat md_clear flush_l1d arch_capabilities
bugs		: cpu_meltdown spectre_v1 spectre_v2 spec_store_bypass l1tf mds swapgs itlb_multihit
bogomips	: 5616.00
clflush size	: 64
cache_alignment	: 64
address sizes	: 43 bits physical, 48 bits virtual
power management:

processor	: 2
vendor_id	: GenuineIntel
cpu family	: 6
model		: 158
model name	: Intel(R) Core(TM) i7-7700HQ CPU @ 2.80GHz
stepping	: 9
microcode	: 0xb4
cpu MHz		: 2808.002
cache size	: 6144 KB
physical id	: 1
siblings	: 2
core id		: 0
cpu cores	: 2
apicid		: 2
initial apicid	: 2
fpu		: yes
fpu_exception	: yes
cpuid level	: 22
wp		: yes
flags		: fpu vme de pse tsc msr pae mce cx8 apic sep mtrr pge mca cmov pat pse36 clflush mmx fxsr sse sse2 ss ht syscall nx pdpe1gb rdtscp lm constant_tsc arch_perfmon nopl xtopology tsc_reliable nonstop_tsc cpuid pni pclmulqdq ssse3 fma cx16 pcid sse4_1 sse4_2 x2apic movbe popcnt tsc_deadline_timer aes xsave avx f16c rdrand hypervisor lahf_lm abm 3dnowprefetch cpuid_fault invpcid_single pti ssbd ibrs ibpb stibp fsgsbase tsc_adjust bmi1 avx2 smep bmi2 invpcid mpx rdseed adx smap clflushopt xsaveopt xsavec xsaves arat md_clear flush_l1d arch_capabilities
bugs		: cpu_meltdown spectre_v1 spectre_v2 spec_store_bypass l1tf mds swapgs itlb_multihit
bogomips	: 5616.00
clflush size	: 64
cache_alignment	: 64
address sizes	: 43 bits physical, 48 bits virtual
power management:

processor	: 3
vendor_id	: GenuineIntel
cpu family	: 6
model		: 158
model name	: Intel(R) Core(TM) i7-7700HQ CPU @ 2.80GHz
stepping	: 9
microcode	: 0xb4
cpu MHz		: 2808.002
cache size	: 6144 KB
physical id	: 1
siblings	: 2
core id		: 1
cpu cores	: 2
apicid		: 3
initial apicid	: 3
fpu		: yes
fpu_exception	: yes
cpuid level	: 22
wp		: yes
flags		: fpu vme de pse tsc msr pae mce cx8 apic sep mtrr pge mca cmov pat pse36 clflush mmx fxsr sse sse2 ss ht syscall nx pdpe1gb rdtscp lm constant_tsc arch_perfmon nopl xtopology tsc_reliable nonstop_tsc cpuid pni pclmulqdq ssse3 fma cx16 pcid sse4_1 sse4_2 x2apic movbe popcnt tsc_deadline_timer aes xsave avx f16c rdrand hypervisor lahf_lm abm 3dnowprefetch cpuid_fault invpcid_single pti ssbd ibrs ibpb stibp fsgsbase tsc_adjust bmi1 avx2 smep bmi2 invpcid mpx rdseed adx smap clflushopt xsaveopt xsavec xsaves arat md_clear flush_l1d arch_capabilities
bugs		: cpu_meltdown spectre_v1 spectre_v2 spec_store_bypass l1tf mds swapgs itlb_multihit
bogomips	: 5616.00
clflush size	: 64
cache_alignment	: 64
address sizes	: 43 bits physical, 48 bits virtual
power management:



Memory: 4k page, physical 4015928k(258224k free), swap 998396k(7536k free)

vm_info: Java HotSpot(TM) 64-Bit Server VM (25.201-b09) for linux-amd64 JRE (1.8.0_201-b09), built on Dec 15 2018 11:35:59 by "java_re" with gcc 7.3.0

time: Sun Mar 29 05:43:57 2020
timezone: CST
elapsed time: 35 seconds (0d 0h 0m 35s)

