#
# There is insufficient memory for the Java Runtime Environment to continue.
# Native memory allocation (mmap) failed to map 65536 bytes for committing reserved memory.
# Possible reasons:
#   The system is out of physical RAM or swap space
#   The process is running with CompressedOops enabled, and the Java Heap may be blocking the growth of the native heap
# Possible solutions:
#   Reduce memory load on the system
#   Increase physical memory or swap space
#   Check if swap backing store is full
#   Decrease Java heap size (-Xmx/-Xms)
#   Decrease number of Java threads
#   Decrease Java thread stack sizes (-Xss)
#   Set larger code cache with -XX:ReservedCodeCacheSize=
#   JVM is running with Unscaled Compressed Oops mode in which the Java heap is
#     placed in the first 4GB address space. The Java Heap base address is the
#     maximum limit for the native heap growth. Please use -XX:HeapBaseMinAddress
#     to set the Java Heap base and to place the Java Heap above 4GB virtual address.
# This output file may be truncated or incomplete.
#
#  Out of Memory Error (os_linux.cpp:2749), pid=117203, tid=0x00007f0f02933700
#
# JRE version: Java(TM) SE Runtime Environment (8.0_201-b09) (build 1.8.0_201-b09)
# Java VM: Java HotSpot(TM) 64-Bit Server VM (25.201-b09 mixed mode linux-amd64 compressed oops)
# Failed to write core dump. Core dumps have been disabled. To enable core dumping, try "ulimit -c unlimited" before starting Java again
#

---------------  T H R E A D  ---------------

Current thread (0x00007f0f20184800):  JavaThread "C2 CompilerThread1" daemon [_thread_in_vm, id=117278, stack(0x00007f0f02833000,0x00007f0f02934000)]

Stack: [0x00007f0f02833000,0x00007f0f02934000],  sp=0x00007f0f0292f650,  free space=1009k
Native frames: (J=compiled Java code, j=interpreted, Vv=VM code, C=native code)
V  [libjvm.so+0xad3525]  VMError::report_and_die()+0x2e5
V  [libjvm.so+0x4e0457]  report_vm_out_of_memory(char const*, int, unsigned long, VMErrorType, char const*)+0x67
V  [libjvm.so+0x9102f0]  os::pd_commit_memory(char*, unsigned long, unsigned long, bool)+0x100
V  [libjvm.so+0x90791f]  os::commit_memory(char*, unsigned long, unsigned long, bool)+0x1f
V  [libjvm.so+0xacfda0]  VirtualSpace::expand_by(unsigned long, bool)+0x140
V  [libjvm.so+0x60b99d]  CodeHeap::expand_by(unsigned long)+0x6d
V  [libjvm.so+0x45a266]  CodeCache::allocate(int, bool)+0x46
V  [libjvm.so+0x453f7a]  BufferBlob::create(char const*, int)+0x8a
V  [libjvm.so+0x45894b]  CodeBuffer::initialize(int, int)+0x1b
V  [libjvm.so+0x928cd7]  Compile::init_buffer(unsigned int*)+0x1c7
V  [libjvm.so+0x92ddd2]  Compile::Output()+0x312
V  [libjvm.so+0x47ec60]  Compile::Code_Gen()+0x2d0
V  [libjvm.so+0x480251]  Compile::Compile(ciEnv*, C2Compiler*, ciMethod*, int, bool, bool, bool)+0xd91
V  [libjvm.so+0x3c4c4a]  C2Compiler::compile_method(ciEnv*, ciMethod*, int)+0xaa
V  [libjvm.so+0x48b84c]  CompileBroker::invoke_compiler_on_method(CompileTask*)+0x73c
V  [libjvm.so+0x48d488]  CompileBroker::compiler_thread_loop()+0x6d8
V  [libjvm.so+0xa7bb6b]  JavaThread::thread_main_inner()+0xdb
V  [libjvm.so+0xa7be71]  JavaThread::run()+0x2d1
V  [libjvm.so+0x90d922]  java_start(Thread*)+0x102
C  [libpthread.so.0+0x76ba]  start_thread+0xca


Current CompileTask:
C2:  61768 1829   !   4       sun.reflect.GeneratedMethodAccessor8::invoke (66 bytes)


---------------  P R O C E S S  ---------------

Java Threads: ( => current thread )
  0x00007f0ec4002800 JavaThread "RMI TCP Connection(3)-127.0.0.1" daemon [_thread_in_native, id=117688, stack(0x00007f0f00a5c000,0x00007f0f00b5d000)]
  0x00007f0ec4001000 JavaThread "RMI TCP Connection(2)-127.0.0.1" daemon [_thread_in_native, id=117657, stack(0x00007f0f00d5d000,0x00007f0f00e5e000)]
  0x00007f0e9c038000 JavaThread "RMI Scheduler(0)" daemon [_thread_blocked, id=117645, stack(0x00007f0f00e5e000,0x00007f0f00f5f000)]
  0x00007f0e9c030800 JavaThread "RMI RenewClean-[127.0.0.1:16830]" daemon [_thread_blocked, id=117629, stack(0x00007f0f00f5f000,0x00007f0f01060000)]
  0x00007f0ec0001000 JavaThread "RMI TCP Connection(4)-127.0.0.1" daemon [_thread_in_native, id=117617, stack(0x00007f0f01060000,0x00007f0f01161000)]
  0x00007f0eb0005000 JavaThread "pool-3-thread-3" [_thread_in_native, id=117565, stack(0x00007f0f01161000,0x00007f0f01262000)]
  0x00007f0eb0003000 JavaThread "pool-3-thread-2" [_thread_in_native, id=117562, stack(0x00007f0f01262000,0x00007f0f01363000)]
  0x00007f0eb0002000 JavaThread "pool-3-thread-1" [_thread_in_native, id=117559, stack(0x00007f0f01363000,0x00007f0f01464000)]
  0x00007f0f20200800 JavaThread "Thread-3" [_thread_in_native, id=117369, stack(0x00007f0f01464000,0x00007f0f01565000)]
  0x00007f0f201fe800 JavaThread "Thread-2" [_thread_in_native, id=117367, stack(0x00007f0f01565000,0x00007f0f01666000)]
  0x00007f0f201fd000 JavaThread "process reaper" daemon [_thread_in_native, id=117363, stack(0x00007f0f2402e000,0x00007f0f24067000)]
  0x00007f0f203b9800 JavaThread "pool-2-thread-1" [_thread_in_native, id=117343, stack(0x00007f0f01666000,0x00007f0f01767000)]
  0x00007f0f203b7000 JavaThread "GC Daemon" daemon [_thread_blocked, id=117341, stack(0x00007f0f01767000,0x00007f0f01868000)]
  0x00007f0f203b4800 JavaThread "RMI Reaper" [_thread_blocked, id=117339, stack(0x00007f0f01868000,0x00007f0f01969000)]
  0x00007f0f203ab800 JavaThread "RMI TCP Accept-6179" daemon [_thread_in_native, id=117336, stack(0x00007f0f01969000,0x00007f0f01a6a000)]
  0x00007f0f203a6000 JavaThread "RMI TCP Accept-10846" daemon [_thread_in_native, id=117334, stack(0x00007f0f01a6a000,0x00007f0f01b6b000)]
  0x00007f0f202e2800 JavaThread "logback-3" daemon [_thread_blocked, id=117318, stack(0x00007f0f01de4000,0x00007f0f01ee5000)]
  0x00007f0f202df000 JavaThread "logback-2" daemon [_thread_blocked, id=117317, stack(0x00007f0f01ee5000,0x00007f0f01fe6000)]
  0x00007f0f202dd800 JavaThread "logback-1" daemon [_thread_blocked, id=117316, stack(0x00007f0f01fe6000,0x00007f0f020e7000)]
  0x00007f0f20189000 JavaThread "Service Thread" daemon [_thread_blocked, id=117299, stack(0x00007f0f02631000,0x00007f0f02732000)]
  0x00007f0f20186000 JavaThread "C1 CompilerThread2" daemon [_thread_in_vm, id=117284, stack(0x00007f0f02732000,0x00007f0f02833000)]
=>0x00007f0f20184800 JavaThread "C2 CompilerThread1" daemon [_thread_in_vm, id=117278, stack(0x00007f0f02833000,0x00007f0f02934000)]
  0x00007f0f20181800 JavaThread "C2 CompilerThread0" daemon [_thread_in_vm, id=117273, stack(0x00007f0f02934000,0x00007f0f02a35000)]
  0x00007f0f20180000 JavaThread "Signal Dispatcher" daemon [_thread_blocked, id=117272, stack(0x00007f0f02a35000,0x00007f0f02b36000)]
  0x00007f0f2014c000 JavaThread "Finalizer" daemon [_thread_blocked, id=117257, stack(0x00007f0f034f5000,0x00007f0f035f6000)]
  0x00007f0f20149800 JavaThread "Reference Handler" daemon [_thread_blocked, id=117248, stack(0x00007f0f035f6000,0x00007f0f036f7000)]
  0x00007f0f2000a800 JavaThread "main" [_thread_in_native, id=117204, stack(0x00007f0f29c10000,0x00007f0f29d11000)]

Other Threads:
  0x00007f0f20140000 VMThread [stack: 0x00007f0f036f7000,0x00007f0f037f8000] [id=117245]
  0x00007f0f2018c000 WatcherThread [stack: 0x00007f0f02530000,0x00007f0f02631000] [id=117301]

VM state:not at safepoint (normal execution)

VM Mutex/Monitor currently owned by a thread:  ([mutex/lock_event])
[0x00007f0f200063f0] CodeCache_lock - owner thread: 0x00007f0f20184800
[0x00007f0f20007a70] Compile_lock - owner thread: 0x00007f0f20186000
[0x00007f0f20007b70] MethodCompileQueue_lock - owner thread: 0x00007f0f20186000

heap address: 0x00000000c2a00000, size: 982 MB, Compressed Oops mode: 32-bit
Narrow klass base: 0x0000000000000000, Narrow klass shift: 3
Compressed class space size: 1073741824 Address: 0x0000000100000000

Heap:
 PSYoungGen      total 32256K, used 17567K [0x00000000eb900000, 0x00000000ee100000, 0x0000000100000000)
  eden space 29696K, 50% used [0x00000000eb900000,0x00000000ec7afe50,0x00000000ed600000)
  from space 2560K, 98% used [0x00000000eda80000,0x00000000edcf8020,0x00000000edd00000)
  to   space 4608K, 0% used [0x00000000ed600000,0x00000000ed600000,0x00000000eda80000)
 ParOldGen       total 42496K, used 4383K [0x00000000c2a00000, 0x00000000c5380000, 0x00000000eb900000)
  object space 42496K, 10% used [0x00000000c2a00000,0x00000000c2e47d48,0x00000000c5380000)
 Metaspace       used 14390K, capacity 14894K, committed 15232K, reserved 1062912K
  class space    used 1643K, capacity 1807K, committed 1920K, reserved 1048576K

Card table byte_map: [0x00007f0f267c5000,0x00007f0f269b1000] byte_map_base: 0x00007f0f261b0000

Marking Bits: (ParMarkBitMap*) 0x00007f0f290e7d80
 Begin Bits: [0x00007f0f243c9000, 0x00007f0f25321000)
 End Bits:   [0x00007f0f25321000, 0x00007f0f26279000)

Polling page: 0x00007f0f29d2c000

CodeCache: size=245760Kb used=6575Kb max_used=6580Kb free=239184Kb
 bounds [0x00007f0f11000000, 0x00007f0f11680000, 0x00007f0f20000000]
 total_blobs=2150 nmethods=1796 adapters=264
 compilation: enabled

Compilation events (10 events):
Event: 57.752 Thread 0x00007f0f20181800 1820       4       java.io.ObjectInputStream::readNull (27 bytes)
Event: 57.755 Thread 0x00007f0f20186000 nmethod 1823 0x00007f0f1163cc10 code [0x00007f0f1163ce80, 0x00007f0f1163dd38]
Event: 57.785 Thread 0x00007f0f20181800 nmethod 1820 0x00007f0f1165a050 code [0x00007f0f1165a1e0, 0x00007f0f1165a7f8]
Event: 57.786 Thread 0x00007f0f20181800 1825   !   4       java.io.ObjectInputStream::readObject (130 bytes)
Event: 57.986 Thread 0x00007f0f20184800 nmethod 1818 0x00007f0f116534d0 code [0x00007f0f11653840, 0x00007f0f116557f0]
Event: 57.990 Thread 0x00007f0f20181800 nmethod 1825 0x00007f0f1165b510 code [0x00007f0f1165b700, 0x00007f0f1165c128]
Event: 57.990 Thread 0x00007f0f20181800 1828       4       org.evosuite.utils.generic.GenericClass::readObject (154 bytes)
Event: 57.992 Thread 0x00007f0f20184800 1829   !   4       sun.reflect.GeneratedMethodAccessor8::invoke (66 bytes)
Event: 57.994 Thread 0x00007f0f20186000 1830       1       org.evosuite.rmi.service.ClientStateInformation::getState (5 bytes)
Event: 57.994 Thread 0x00007f0f20186000 nmethod 1830 0x00007f0f1165b250 code [0x00007f0f1165b3a0, 0x00007f0f1165b4b0]

GC Heap History (10 events):
Event: 1.815 GC heap before
{Heap before GC invocations=3 (full 1):
 PSYoungGen      total 18432K, used 2544K [0x00000000eb900000, 0x00000000ecd80000, 0x0000000100000000)
  eden space 15872K, 0% used [0x00000000eb900000,0x00000000eb900000,0x00000000ec880000)
  from space 2560K, 99% used [0x00000000ecb00000,0x00000000ecd7c040,0x00000000ecd80000)
  to   space 2560K, 0% used [0x00000000ec880000,0x00000000ec880000,0x00000000ecb00000)
 ParOldGen       total 42496K, used 1675K [0x00000000c2a00000, 0x00000000c5380000, 0x00000000eb900000)
  object space 42496K, 3% used [0x00000000c2a00000,0x00000000c2ba2d70,0x00000000c5380000)
 Metaspace       used 10162K, capacity 10316K, committed 10624K, reserved 1058816K
  class space    used 1227K, capacity 1287K, committed 1408K, reserved 1048576K
Event: 1.868 GC heap after
Heap after GC invocations=3 (full 1):
 PSYoungGen      total 18432K, used 0K [0x00000000eb900000, 0x00000000ecd80000, 0x0000000100000000)
  eden space 15872K, 0% used [0x00000000eb900000,0x00000000eb900000,0x00000000ec880000)
  from space 2560K, 0% used [0x00000000ecb00000,0x00000000ecb00000,0x00000000ecd80000)
  to   space 2560K, 0% used [0x00000000ec880000,0x00000000ec880000,0x00000000ecb00000)
 ParOldGen       total 42496K, used 2635K [0x00000000c2a00000, 0x00000000c5380000, 0x00000000eb900000)
  object space 42496K, 6% used [0x00000000c2a00000,0x00000000c2c92f28,0x00000000c5380000)
 Metaspace       used 10154K, capacity 10306K, committed 10624K, reserved 1058816K
  class space    used 1225K, capacity 1285K, committed 1408K, reserved 1048576K
}
Event: 24.936 GC heap before
{Heap before GC invocations=4 (full 1):
 PSYoungGen      total 18432K, used 15872K [0x00000000eb900000, 0x00000000ecd80000, 0x0000000100000000)
  eden space 15872K, 100% used [0x00000000eb900000,0x00000000ec880000,0x00000000ec880000)
  from space 2560K, 0% used [0x00000000ecb00000,0x00000000ecb00000,0x00000000ecd80000)
  to   space 2560K, 0% used [0x00000000ec880000,0x00000000ec880000,0x00000000ecb00000)
 ParOldGen       total 42496K, used 2635K [0x00000000c2a00000, 0x00000000c5380000, 0x00000000eb900000)
  object space 42496K, 6% used [0x00000000c2a00000,0x00000000c2c92f28,0x00000000c5380000)
 Metaspace       used 13492K, capacity 13850K, committed 14080K, reserved 1060864K
  class space    used 1584K, capacity 1702K, committed 1792K, reserved 1048576K
Event: 24.967 GC heap after
Heap after GC invocations=4 (full 1):
 PSYoungGen      total 18432K, used 2531K [0x00000000eb900000, 0x00000000ecd80000, 0x0000000100000000)
  eden space 15872K, 0% used [0x00000000eb900000,0x00000000eb900000,0x00000000ec880000)
  from space 2560K, 98% used [0x00000000ec880000,0x00000000ecaf8c50,0x00000000ecb00000)
  to   space 2560K, 0% used [0x00000000ecb00000,0x00000000ecb00000,0x00000000ecd80000)
 ParOldGen       total 42496K, used 3600K [0x00000000c2a00000, 0x00000000c5380000, 0x00000000eb900000)
  object space 42496K, 8% used [0x00000000c2a00000,0x00000000c2d84058,0x00000000c5380000)
 Metaspace       used 13492K, capacity 13850K, committed 14080K, reserved 1060864K
  class space    used 1584K, capacity 1702K, committed 1792K, reserved 1048576K
}
Event: 25.632 GC heap before
{Heap before GC invocations=5 (full 1):
 PSYoungGen      total 18432K, used 18403K [0x00000000eb900000, 0x00000000ecd80000, 0x0000000100000000)
  eden space 15872K, 100% used [0x00000000eb900000,0x00000000ec880000,0x00000000ec880000)
  from space 2560K, 98% used [0x00000000ec880000,0x00000000ecaf8c50,0x00000000ecb00000)
  to   space 2560K, 0% used [0x00000000ecb00000,0x00000000ecb00000,0x00000000ecd80000)
 ParOldGen       total 42496K, used 3600K [0x00000000c2a00000, 0x00000000c5380000, 0x00000000eb900000)
  object space 42496K, 8% used [0x00000000c2a00000,0x00000000c2d84058,0x00000000c5380000)
 Metaspace       used 13622K, capacity 14054K, committed 14336K, reserved 1062912K
  class space    used 1586K, capacity 1704K, committed 1792K, reserved 1048576K
Event: 25.636 GC heap after
Heap after GC invocations=5 (full 1):
 PSYoungGen      total 18432K, used 1920K [0x00000000eb900000, 0x00000000ecd80000, 0x0000000100000000)
  eden space 15872K, 0% used [0x00000000eb900000,0x00000000eb900000,0x00000000ec880000)
  from space 2560K, 75% used [0x00000000ecb00000,0x00000000ecce0020,0x00000000ecd80000)
  to   space 2560K, 0% used [0x00000000ec880000,0x00000000ec880000,0x00000000ecb00000)
 ParOldGen       total 42496K, used 3600K [0x00000000c2a00000, 0x00000000c5380000, 0x00000000eb900000)
  object space 42496K, 8% used [0x00000000c2a00000,0x00000000c2d84058,0x00000000c5380000)
 Metaspace       used 13622K, capacity 14054K, committed 14336K, reserved 1062912K
  class space    used 1586K, capacity 1704K, committed 1792K, reserved 1048576K
}
Event: 26.009 GC heap before
{Heap before GC invocations=6 (full 1):
 PSYoungGen      total 18432K, used 17792K [0x00000000eb900000, 0x00000000ecd80000, 0x0000000100000000)
  eden space 15872K, 100% used [0x00000000eb900000,0x00000000ec880000,0x00000000ec880000)
  from space 2560K, 75% used [0x00000000ecb00000,0x00000000ecce0020,0x00000000ecd80000)
  to   space 2560K, 0% used [0x00000000ec880000,0x00000000ec880000,0x00000000ecb00000)
 ParOldGen       total 42496K, used 3600K [0x00000000c2a00000, 0x00000000c5380000, 0x00000000eb900000)
  object space 42496K, 8% used [0x00000000c2a00000,0x00000000c2d84058,0x00000000c5380000)
 Metaspace       used 13684K, capacity 14118K, committed 14336K, reserved 1062912K
  class space    used 1587K, capacity 1704K, committed 1792K, reserved 1048576K
Event: 26.025 GC heap after
Heap after GC invocations=6 (full 1):
 PSYoungGen      total 18432K, used 2528K [0x00000000eb900000, 0x00000000edd00000, 0x0000000100000000)
  eden space 15872K, 0% used [0x00000000eb900000,0x00000000eb900000,0x00000000ec880000)
  from space 2560K, 98% used [0x00000000ec880000,0x00000000ecaf8020,0x00000000ecb00000)
  to   space 2560K, 0% used [0x00000000eda80000,0x00000000eda80000,0x00000000edd00000)
 ParOldGen       total 42496K, used 3600K [0x00000000c2a00000, 0x00000000c5380000, 0x00000000eb900000)
  object space 42496K, 8% used [0x00000000c2a00000,0x00000000c2d84058,0x00000000c5380000)
 Metaspace       used 13684K, capacity 14118K, committed 14336K, reserved 1062912K
  class space    used 1587K, capacity 1704K, committed 1792K, reserved 1048576K
}
Event: 48.918 GC heap before
{Heap before GC invocations=7 (full 1):
 PSYoungGen      total 18432K, used 18400K [0x00000000eb900000, 0x00000000edd00000, 0x0000000100000000)
  eden space 15872K, 100% used [0x00000000eb900000,0x00000000ec880000,0x00000000ec880000)
  from space 2560K, 98% used [0x00000000ec880000,0x00000000ecaf8020,0x00000000ecb00000)
  to   space 2560K, 0% used [0x00000000eda80000,0x00000000eda80000,0x00000000edd00000)
 ParOldGen       total 42496K, used 3600K [0x00000000c2a00000, 0x00000000c5380000, 0x00000000eb900000)
  object space 42496K, 8% used [0x00000000c2a00000,0x00000000c2d84058,0x00000000c5380000)
 Metaspace       used 14340K, capacity 14876K, committed 15232K, reserved 1062912K
  class space    used 1639K, capacity 1804K, committed 1920K, reserved 1048576K
Event: 49.120 GC heap after
Heap after GC invocations=7 (full 1):
 PSYoungGen      total 32256K, used 2528K [0x00000000eb900000, 0x00000000ee100000, 0x0000000100000000)
  eden space 29696K, 0% used [0x00000000eb900000,0x00000000eb900000,0x00000000ed600000)
  from space 2560K, 98% used [0x00000000eda80000,0x00000000edcf8020,0x00000000edd00000)
  to   space 4608K, 0% used [0x00000000ed600000,0x00000000ed600000,0x00000000eda80000)
 ParOldGen       total 42496K, used 4383K [0x00000000c2a00000, 0x00000000c5380000, 0x00000000eb900000)
  object space 42496K, 10% used [0x00000000c2a00000,0x00000000c2e47d48,0x00000000c5380000)
 Metaspace       used 14340K, capacity 14876K, committed 15232K, reserved 1062912K
  class space    used 1639K, capacity 1804K, committed 1920K, reserved 1048576K
}

Deoptimization events (10 events):
Event: 26.521 Thread 0x00007f0ec4001000 Uncommon trap: reason=bimorphic action=maybe_recompile pc=0x00007f0f1145ae30 method=java.util.Collections$UnmodifiableCollection$1.next()Ljava/lang/Object; @ 4
Event: 26.521 Thread 0x00007f0ec4001000 Uncommon trap: reason=bimorphic action=maybe_recompile pc=0x00007f0f1145ae30 method=java.util.Collections$UnmodifiableCollection$1.next()Ljava/lang/Object; @ 4
Event: 26.521 Thread 0x00007f0ec4001000 Uncommon trap: reason=bimorphic action=maybe_recompile pc=0x00007f0f1145ae30 method=java.util.Collections$UnmodifiableCollection$1.next()Ljava/lang/Object; @ 4
Event: 26.521 Thread 0x00007f0ec4001000 Uncommon trap: reason=bimorphic action=maybe_recompile pc=0x00007f0f1145ae30 method=java.util.Collections$UnmodifiableCollection$1.next()Ljava/lang/Object; @ 4
Event: 48.326 Thread 0x00007f0ec0001000 Uncommon trap: reason=unstable_if action=reinterpret pc=0x00007f0f115c4380 method=java.io.ObjectInputStream.defaultReadFields(Ljava/lang/Object;Ljava/io/ObjectStreamClass;)V @ 49
Event: 56.342 Thread 0x00007f0ec4001000 Uncommon trap: reason=unstable_if action=reinterpret pc=0x00007f0f115dbef0 method=java.io.ObjectInputStream$HandleTable.markDependency(II)V @ 140
Event: 57.730 Thread 0x00007f0ec4001000 Uncommon trap: reason=class_check action=maybe_recompile pc=0x00007f0f11664298 method=java.lang.reflect.Array.newInstance(Ljava/lang/Class;I)Ljava/lang/Object; @ 2
Event: 57.733 Thread 0x00007f0ec4001000 Uncommon trap: reason=class_check action=maybe_recompile pc=0x00007f0f11664298 method=java.lang.reflect.Array.newInstance(Ljava/lang/Class;I)Ljava/lang/Object; @ 2
Event: 57.733 Thread 0x00007f0ec4001000 Uncommon trap: reason=class_check action=maybe_recompile pc=0x00007f0f11664298 method=java.lang.reflect.Array.newInstance(Ljava/lang/Class;I)Ljava/lang/Object; @ 2
Event: 57.734 Thread 0x00007f0ec4001000 Uncommon trap: reason=class_check action=maybe_recompile pc=0x00007f0f11664298 method=java.lang.reflect.Array.newInstance(Ljava/lang/Class;I)Ljava/lang/Object; @ 2

Classes redefined (0 events):
No events

Internal exceptions (10 events):
Event: 25.528 Thread 0x00007f0ec4001000 Implicit null exception at 0x00007f0f111e3476 to 0x00007f0f111e3851
Event: 30.859 Thread 0x00007f0f202dd800 Exception <a 'java/net/ConnectException'> (0x00000000ec20a618) thrown at [/HUDSON/workspace/8-2-build-linux-amd64/jdk8u201/12317/hotspot/src/share/vm/prims/jni.cpp, line 709]
Event: 30.864 Thread 0x00007f0f202df000 Exception <a 'java/net/ConnectException'> (0x00000000ec224388) thrown at [/HUDSON/workspace/8-2-build-linux-amd64/jdk8u201/12317/hotspot/src/share/vm/prims/jni.cpp, line 709]
Event: 30.882 Thread 0x00007f0f202e2800 Exception <a 'java/net/ConnectException'> (0x00000000ec23e0f8) thrown at [/HUDSON/workspace/8-2-build-linux-amd64/jdk8u201/12317/hotspot/src/share/vm/prims/jni.cpp, line 709]
Event: 41.034 Thread 0x00007f0f202dd800 Exception <a 'java/net/ConnectException'> (0x00000000ec20b140) thrown at [/HUDSON/workspace/8-2-build-linux-amd64/jdk8u201/12317/hotspot/src/share/vm/prims/jni.cpp, line 709]
Event: 41.034 Thread 0x00007f0f202df000 Exception <a 'java/net/ConnectException'> (0x00000000ec224eb0) thrown at [/HUDSON/workspace/8-2-build-linux-amd64/jdk8u201/12317/hotspot/src/share/vm/prims/jni.cpp, line 709]
Event: 41.034 Thread 0x00007f0f202e2800 Exception <a 'java/net/ConnectException'> (0x00000000ec23ec20) thrown at [/HUDSON/workspace/8-2-build-linux-amd64/jdk8u201/12317/hotspot/src/share/vm/prims/jni.cpp, line 709]
Event: 51.037 Thread 0x00007f0f202e2800 Exception <a 'java/net/ConnectException'> (0x00000000eba06360) thrown at [/HUDSON/workspace/8-2-build-linux-amd64/jdk8u201/12317/hotspot/src/share/vm/prims/jni.cpp, line 709]
Event: 51.037 Thread 0x00007f0f202dd800 Exception <a 'java/net/ConnectException'> (0x00000000eba25a08) thrown at [/HUDSON/workspace/8-2-build-linux-amd64/jdk8u201/12317/hotspot/src/share/vm/prims/jni.cpp, line 709]
Event: 51.038 Thread 0x00007f0f202df000 Exception <a 'java/net/ConnectException'> (0x00000000eba45068) thrown at [/HUDSON/workspace/8-2-build-linux-amd64/jdk8u201/12317/hotspot/src/share/vm/prims/jni.cpp, line 709]

Events (10 events):
Event: 57.730 Thread 0x00007f0ec4001000 DEOPT UNPACKING pc=0x00007f0f1104573a sp=0x00007f0f00e598a0 mode 2
Event: 57.733 Thread 0x00007f0ec4001000 Uncommon trap: trap_request=0xffffffde fr.pc=0x00007f0f11664298
Event: 57.733 Thread 0x00007f0ec4001000 DEOPT PACKING pc=0x00007f0f11664298 sp=0x00007f0f00e597e0
Event: 57.733 Thread 0x00007f0ec4001000 DEOPT UNPACKING pc=0x00007f0f1104573a sp=0x00007f0f00e598a0 mode 2
Event: 57.733 Thread 0x00007f0ec4001000 Uncommon trap: trap_request=0xffffffde fr.pc=0x00007f0f11664298
Event: 57.733 Thread 0x00007f0ec4001000 DEOPT PACKING pc=0x00007f0f11664298 sp=0x00007f0f00e597e0
Event: 57.733 Thread 0x00007f0ec4001000 DEOPT UNPACKING pc=0x00007f0f1104573a sp=0x00007f0f00e598a0 mode 2
Event: 57.734 Thread 0x00007f0ec4001000 Uncommon trap: trap_request=0xffffffde fr.pc=0x00007f0f11664298
Event: 57.734 Thread 0x00007f0ec4001000 DEOPT PACKING pc=0x00007f0f11664298 sp=0x00007f0f00e597e0
Event: 57.734 Thread 0x00007f0ec4001000 DEOPT UNPACKING pc=0x00007f0f1104573a sp=0x00007f0f00e598a0 mode 2


Dynamic libraries:
00400000-00401000 r-xp 00000000 08:01 654793                             /usr/lib/jdk/jdk1.8.0_201/bin/java
00600000-00601000 r--p 00000000 08:01 654793                             /usr/lib/jdk/jdk1.8.0_201/bin/java
00601000-00602000 rw-p 00001000 08:01 654793                             /usr/lib/jdk/jdk1.8.0_201/bin/java
01eb5000-0201d000 rw-p 00000000 00:00 0                                  [heap]
c2a00000-c5380000 rw-p 00000000 00:00 0 
c5380000-eb900000 ---p 00000000 00:00 0 
eb900000-ee100000 rw-p 00000000 00:00 0 
ee100000-100000000 ---p 00000000 00:00 0 
100000000-1001e0000 rw-p 00000000 00:00 0 
1001e0000-140000000 ---p 00000000 00:00 0 
7f0e90000000-7f0e90021000 rw-p 00000000 00:00 0 
7f0e90021000-7f0e94000000 ---p 00000000 00:00 0 
7f0e94000000-7f0e94021000 rw-p 00000000 00:00 0 
7f0e94021000-7f0e98000000 ---p 00000000 00:00 0 
7f0e98000000-7f0e98021000 rw-p 00000000 00:00 0 
7f0e98021000-7f0e9c000000 ---p 00000000 00:00 0 
7f0e9c000000-7f0e9c2d5000 rw-p 00000000 00:00 0 
7f0e9c2d5000-7f0ea0000000 ---p 00000000 00:00 0 
7f0ea0000000-7f0ea0021000 rw-p 00000000 00:00 0 
7f0ea0021000-7f0ea4000000 ---p 00000000 00:00 0 
7f0ea4000000-7f0ea4021000 rw-p 00000000 00:00 0 
7f0ea4021000-7f0ea8000000 ---p 00000000 00:00 0 
7f0ea8000000-7f0ea8021000 rw-p 00000000 00:00 0 
7f0ea8021000-7f0eac000000 ---p 00000000 00:00 0 
7f0eac000000-7f0eac021000 rw-p 00000000 00:00 0 
7f0eac021000-7f0eb0000000 ---p 00000000 00:00 0 
7f0eb0000000-7f0eb0021000 rw-p 00000000 00:00 0 
7f0eb0021000-7f0eb4000000 ---p 00000000 00:00 0 
7f0eb4000000-7f0eb4021000 rw-p 00000000 00:00 0 
7f0eb4021000-7f0eb8000000 ---p 00000000 00:00 0 
7f0eb8000000-7f0eb8021000 rw-p 00000000 00:00 0 
7f0eb8021000-7f0ebc000000 ---p 00000000 00:00 0 
7f0ebc000000-7f0ebc021000 rw-p 00000000 00:00 0 
7f0ebc021000-7f0ec0000000 ---p 00000000 00:00 0 
7f0ec0000000-7f0ec0021000 rw-p 00000000 00:00 0 
7f0ec0021000-7f0ec4000000 ---p 00000000 00:00 0 
7f0ec4000000-7f0ec4021000 rw-p 00000000 00:00 0 
7f0ec4021000-7f0ec8000000 ---p 00000000 00:00 0 
7f0ec8000000-7f0ec8021000 rw-p 00000000 00:00 0 
7f0ec8021000-7f0ecc000000 ---p 00000000 00:00 0 
7f0ecc000000-7f0ecc021000 rw-p 00000000 00:00 0 
7f0ecc021000-7f0ed0000000 ---p 00000000 00:00 0 
7f0ed0000000-7f0ed0021000 rw-p 00000000 00:00 0 
7f0ed0021000-7f0ed4000000 ---p 00000000 00:00 0 
7f0ed4fff000-7f0ed8000000 rw-p 00000000 00:00 0 
7f0ed8000000-7f0ed8021000 rw-p 00000000 00:00 0 
7f0ed8021000-7f0edc000000 ---p 00000000 00:00 0 
7f0edc000000-7f0edc021000 rw-p 00000000 00:00 0 
7f0edc021000-7f0ee0000000 ---p 00000000 00:00 0 
7f0ee0000000-7f0ee0f0b000 rw-p 00000000 00:00 0 
7f0ee0f0b000-7f0ee4000000 ---p 00000000 00:00 0 
7f0ee4000000-7f0ee46ed000 rw-p 00000000 00:00 0 
7f0ee46ed000-7f0ee8000000 ---p 00000000 00:00 0 
7f0ee8000000-7f0ee8021000 rw-p 00000000 00:00 0 
7f0ee8021000-7f0eec000000 ---p 00000000 00:00 0 
7f0eec000000-7f0eed4ec000 rw-p 00000000 00:00 0 
7f0eed4ec000-7f0ef0000000 ---p 00000000 00:00 0 
7f0ef0000000-7f0ef0021000 rw-p 00000000 00:00 0 
7f0ef0021000-7f0ef4000000 ---p 00000000 00:00 0 
7f0ef4000000-7f0ef4021000 rw-p 00000000 00:00 0 
7f0ef4021000-7f0ef8000000 ---p 00000000 00:00 0 
7f0ef8000000-7f0ef8021000 rw-p 00000000 00:00 0 
7f0ef8021000-7f0efc000000 ---p 00000000 00:00 0 
7f0efc000000-7f0efc021000 rw-p 00000000 00:00 0 
7f0efc021000-7f0f00000000 ---p 00000000 00:00 0 
7f0f0085c000-7f0f0095c000 rw-p 00000000 00:00 0 
7f0f0095c000-7f0f00a5c000 ---p 00000000 00:00 0 
7f0f00a5c000-7f0f00a5f000 ---p 00000000 00:00 0 
7f0f00a5f000-7f0f00d5d000 rw-p 00000000 00:00 0 
7f0f00d5d000-7f0f00d60000 ---p 00000000 00:00 0 
7f0f00d60000-7f0f00e5e000 rw-p 00000000 00:00 0 
7f0f00e5e000-7f0f00e61000 ---p 00000000 00:00 0 
7f0f00e61000-7f0f00f5f000 rw-p 00000000 00:00 0 
7f0f00f5f000-7f0f00f62000 ---p 00000000 00:00 0 
7f0f00f62000-7f0f01060000 rw-p 00000000 00:00 0 
7f0f01060000-7f0f01063000 ---p 00000000 00:00 0 
7f0f01063000-7f0f01161000 rw-p 00000000 00:00 0 
7f0f01161000-7f0f01164000 ---p 00000000 00:00 0 
7f0f01164000-7f0f01262000 rw-p 00000000 00:00 0 
7f0f01262000-7f0f01265000 ---p 00000000 00:00 0 
7f0f01265000-7f0f01363000 rw-p 00000000 00:00 0 
7f0f01363000-7f0f01366000 ---p 00000000 00:00 0 
7f0f01366000-7f0f01464000 rw-p 00000000 00:00 0 
7f0f01464000-7f0f01467000 ---p 00000000 00:00 0 
7f0f01467000-7f0f01565000 rw-p 00000000 00:00 0 
7f0f01565000-7f0f01568000 ---p 00000000 00:00 0 
7f0f01568000-7f0f01666000 rw-p 00000000 00:00 0 
7f0f01666000-7f0f01669000 ---p 00000000 00:00 0 
7f0f01669000-7f0f01767000 rw-p 00000000 00:00 0 
7f0f01767000-7f0f0176a000 ---p 00000000 00:00 0 
7f0f0176a000-7f0f01868000 rw-p 00000000 00:00 0 
7f0f01868000-7f0f0186b000 ---p 00000000 00:00 0 
7f0f0186b000-7f0f01969000 rw-p 00000000 00:00 0 
7f0f01969000-7f0f0196c000 ---p 00000000 00:00 0 
7f0f0196c000-7f0f01a6a000 rw-p 00000000 00:00 0 
7f0f01a6a000-7f0f01a6d000 ---p 00000000 00:00 0 
7f0f01a6d000-7f0f01d6b000 rw-p 00000000 00:00 0 
7f0f01d6b000-7f0f01de4000 r--s 010fd000 08:01 654900                     /usr/lib/jdk/jdk1.8.0_201/lib/tools.jar
7f0f01de4000-7f0f01de7000 ---p 00000000 00:00 0 
7f0f01de7000-7f0f01ee5000 rw-p 00000000 00:00 0 
7f0f01ee5000-7f0f01ee8000 ---p 00000000 00:00 0 
7f0f01ee8000-7f0f01fe6000 rw-p 00000000 00:00 0 
7f0f01fe6000-7f0f01fe9000 ---p 00000000 00:00 0 
7f0f01fe9000-7f0f020e7000 rw-p 00000000 00:00 0 
7f0f020e7000-7f0f020fd000 r-xp 00000000 08:01 656512                     /usr/lib/jdk/jdk1.8.0_201/jre/lib/amd64/libnet.so
7f0f020fd000-7f0f022fd000 ---p 00016000 08:01 656512                     /usr/lib/jdk/jdk1.8.0_201/jre/lib/amd64/libnet.so
7f0f022fd000-7f0f022fe000 r--p 00016000 08:01 656512                     /usr/lib/jdk/jdk1.8.0_201/jre/lib/amd64/libnet.so
7f0f022fe000-7f0f022ff000 rw-p 00017000 08:01 656512                     /usr/lib/jdk/jdk1.8.0_201/jre/lib/amd64/libnet.so
7f0f022ff000-7f0f02530000 r--s 01bb1000 08:01 403225                     /home/hewitt/work/DiffTGen-master/lib/evosuite-1.0.6.jar
7f0f02530000-7f0f02531000 ---p 00000000 00:00 0 
7f0f02531000-7f0f02631000 rw-p 00000000 00:00 0 
7f0f02631000-7f0f02634000 ---p 00000000 00:00 0 
7f0f02634000-7f0f02732000 rw-p 00000000 00:00 0 
7f0f02732000-7f0f02735000 ---p 00000000 00:00 0 
7f0f02735000-7f0f02833000 rw-p 00000000 00:00 0 
7f0f02833000-7f0f02836000 ---p 00000000 00:00 0 
7f0f02836000-7f0f02934000 rw-p 00000000 00:00 0 
7f0f02934000-7f0f02937000 ---p 00000000 00:00 0 
7f0f02937000-7f0f02a35000 rw-p 00000000 00:00 0 
7f0f02a35000-7f0f02a38000 ---p 00000000 00:00 0 
7f0f02a38000-7f0f02b36000 rw-p 00000000 00:00 0 
7f0f02b36000-7f0f034f5000 r--p 00000000 08:01 270368                     /usr/lib/locale/locale-archive
7f0f034f5000-7f0f034f8000 ---p 00000000 00:00 0 
7f0f034f8000-7f0f035f6000 rw-p 00000000 00:00 0 
7f0f035f6000-7f0f035f9000 ---p 00000000 00:00 0 
7f0f035f9000-7f0f036f7000 rw-p 00000000 00:00 0 
7f0f036f7000-7f0f036f8000 ---p 00000000 00:00 0 
7f0f036f8000-7f0f04000000 rw-p 00000000 00:00 0 
7f0f04000000-7f0f04022000 rw-p 00000000 00:00 0 
7f0f04022000-7f0f08000000 ---p 00000000 00:00 0 
7f0f08000000-7f0f08021000 rw-p 00000000 00:00 0 
7f0f08021000-7f0f0c000000 ---p 00000000 00:00 0 
7f0f0c000000-7f0f0c021000 rw-p 00000000 00:00 0 
7f0f0c021000-7f0f10000000 ---p 00000000 00:00 0 
7f0f10020000-7f0f10626000 rw-p 00000000 00:00 0 
7f0f10626000-7f0f10800000 r--s 03d6f000 08:01 656293                     /usr/lib/jdk/jdk1.8.0_201/jre/lib/rt.jar
7f0f10800000-7f0f11000000 rw-p 00000000 00:00 0 
7f0f11000000-7f0f11680000 rwxp 00000000 00:00 0 
7f0f11690000-7f0f20000000 ---p 00000000 00:00 0 
7f0f20000000-7f0f204be000 rw-p 00000000 00:00 0 
7f0f204be000-7f0f24000000 ---p 00000000 00:00 0 
7f0f24012000-7f0f2402e000 r--s 00393000 08:01 656354                     /usr/lib/jdk/jdk1.8.0_201/jre/lib/ext/cldrdata.jar
7f0f2402e000-7f0f24031000 ---p 00000000 00:00 0 
7f0f24031000-7f0f26279000 rw-p 00000000 00:00 0 
7f0f26279000-7f0f2627a000 ---p 00000000 00:00 0 
7f0f2627a000-7f0f2637a000 rw-p 00000000 00:00 0 
7f0f2637a000-7f0f2637b000 ---p 00000000 00:00 0 
7f0f2637b000-7f0f2647b000 rw-p 00000000 00:00 0 
7f0f2647b000-7f0f2647c000 ---p 00000000 00:00 0 
7f0f2647c000-7f0f2657c000 rw-p 00000000 00:00 0 
7f0f2657c000-7f0f2657d000 ---p 00000000 00:00 0 
7f0f2657d000-7f0f26692000 rw-p 00000000 00:00 0 
7f0f26692000-7f0f267c5000 ---p 00000000 00:00 0 
7f0f267c5000-7f0f267da000 rw-p 00000000 00:00 0 
7f0f267da000-7f0f2690c000 ---p 00000000 00:00 0 
7f0f2690c000-7f0f26921000 rw-p 00000000 00:00 0 
7f0f26921000-7f0f269b0000 ---p 00000000 00:00 0 
7f0f269b0000-7f0f269cb000 rw-p 00000000 00:00 0 
7f0f269cb000-7f0f26d71000 ---p 00000000 00:00 0 
7f0f26d71000-7f0f26d8c000 r-xp 00000000 08:01 656508                     /usr/lib/jdk/jdk1.8.0_201/jre/lib/amd64/libzip.so
7f0f26d8c000-7f0f26f8b000 ---p 0001b000 08:01 656508                     /usr/lib/jdk/jdk1.8.0_201/jre/lib/amd64/libzip.so
7f0f26f8b000-7f0f26f8c000 r--p 0001a000 08:01 656508                     /usr/lib/jdk/jdk1.8.0_201/jre/lib/amd64/libzip.so
7f0f26f8c000-7f0f26f8d000 rw-p 0001b000 08:01 656508                     /usr/lib/jdk/jdk1.8.0_201/jre/lib/amd64/libzip.so
7f0f26f8d000-7f0f26f98000 r-xp 00000000 08:01 658902                     /lib/x86_64-linux-gnu/libnss_files-2.23.so
7f0f26f98000-7f0f27197000 ---p 0000b000 08:01 658902                     /lib/x86_64-linux-gnu/libnss_files-2.23.so
7f0f27197000-7f0f27198000 r--p 0000a000 08:01 658902                     /lib/x86_64-linux-gnu/libnss_files-2.23.so
7f0f27198000-7f0f27199000 rw-p 0000b000 08:01 658902                     /lib/x86_64-linux-gnu/libnss_files-2.23.so
7f0f27199000-7f0f2719f000 rw-p 00000000 00:00 0 
7f0f2719f000-7f0f271aa000 r-xp 00000000 08:01 658912                     /lib/x86_64-linux-gnu/libnss_nis-2.23.so
7f0f271aa000-7f0f273a9000 ---p 0000b000 08:01 658912                     /lib/x86_64-linux-gnu/libnss_nis-2.23.so
7f0f273a9000-7f0f273aa000 r--p 0000a000 08:01 658912                     /lib/x86_64-linux-gnu/libnss_nis-2.23.so
7f0f273aa000-7f0f273ab000 rw-p 0000b000 08:01 658912                     /lib/x86_64-linux-gnu/libnss_nis-2.23.so
7f0f273ab000-7f0f273c1000 r-xp 00000000 08:01 658896                     /lib/x86_64-linux-gnu/libnsl-2.23.so
7f0f273c1000-7f0f275c0000 ---p 00016000 08:01 658896                     /lib/x86_64-linux-gnu/libnsl-2.23.so
7f0f275c0000-7f0f275c1000 r--p 00015000 08:01 658896                     /lib/x86_64-linux-gnu/libnsl-2.23.so
7f0f275c1000-7f0f275c2000 rw-p 00016000 08:01 658896                     /lib/x86_64-linux-gnu/libnsl-2.23.so
7f0f275c2000-7f0f275c4000 rw-p 00000000 00:00 0 
7f0f275c4000-7f0f275cc000 r-xp 00000000 08:01 658898                     /lib/x86_64-linux-gnu/libnss_compat-2.23.so
7f0f275cc000-7f0f277cb000 ---p 00008000 08:01 658898                     /lib/x86_64-linux-gnu/libnss_compat-2.23.so
7f0f277cb000-7f0f277cc000 r--p 00007000 08:01 658898                     /lib/x86_64-linux-gnu/libnss_compat-2.23.so
7f0f277cc000-7f0f277cd000 rw-p 00008000 08:01 658898                     /lib/x86_64-linux-gnu/libnss_compat-2.23.so
7f0f277cd000-7f0f277f9000 r-xp 00000000 08:01 656502                     /usr/lib/jdk/jdk1.8.0_201/jre/lib/amd64/libjava.so
7f0f277f9000-7f0f279f9000 ---p 0002c000 08:01 656502                     /usr/lib/jdk/jdk1.8.0_201/jre/lib/amd64/libjava.so
7f0f279f9000-7f0f279fa000 r--p 0002c000 08:01 656502                     /usr/lib/jdk/jdk1.8.0_201/jre/lib/amd64/libjava.so
7f0f279fa000-7f0f279fc000 rw-p 0002d000 08:01 656502                     /usr/lib/jdk/jdk1.8.0_201/jre/lib/amd64/libjava.so
7f0f279fc000-7f0f27a09000 r-xp 00000000 08:01 656507                     /usr/lib/jdk/jdk1.8.0_201/jre/lib/amd64/libverify.so
7f0f27a09000-7f0f27c08000 ---p 0000d000 08:01 656507                     /usr/lib/jdk/jdk1.8.0_201/jre/lib/amd64/libverify.so
7f0f27c08000-7f0f27c0a000 r--p 0000c000 08:01 656507                     /usr/lib/jdk/jdk1.8.0_201/jre/lib/amd64/libverify.so
7f0f27c0a000-7f0f27c0b000 rw-p 0000e000 08:01 656507                     /usr/lib/jdk/jdk1.8.0_201/jre/lib/amd64/libverify.so
7f0f27c0b000-7f0f27c12000 r-xp 00000000 08:01 658957                     /lib/x86_64-linux-gnu/librt-2.23.so
7f0f27c12000-7f0f27e11000 ---p 00007000 08:01 658957                     /lib/x86_64-linux-gnu/librt-2.23.so
7f0f27e11000-7f0f27e12000 r--p 00006000 08:01 658957                     /lib/x86_64-linux-gnu/librt-2.23.so
7f0f27e12000-7f0f27e13000 rw-p 00007000 08:01 658957                     /lib/x86_64-linux-gnu/librt-2.23.so
7f0f27e13000-7f0f27f1b000 r-xp 00000000 08:01 658873                     /lib/x86_64-linux-gnu/libm-2.23.so
7f0f27f1b000-7f0f2811a000 ---p 00108000 08:01 658873                     /lib/x86_64-linux-gnu/libm-2.23.so
7f0f2811a000-7f0f2811b000 r--p 00107000 08:01 658873                     /lib/x86_64-linux-gnu/libm-2.23.so
7f0f2811b000-7f0f2811c000 rw-p 00108000 08:01 658873                     /lib/x86_64-linux-gnu/libm-2.23.so
7f0f2811c000-7f0f28e04000 r-xp 00000000 08:01 656484                     /usr/lib/jdk/jdk1.8.0_201/jre/lib/amd64/server/libjvm.so
7f0f28e04000-7f0f29003000 ---p 00ce8000 08:01 656484                     /usr/lib/jdk/jdk1.8.0_201/jre/lib/amd64/server/libjvm.so
7f0f29003000-7f0f29099000 r--p 00ce7000 08:01 656484                     /usr/lib/jdk/jdk1.8.0_201/jre/lib/amd64/server/libjvm.so
7f0f29099000-7f0f290ca000 rw-p 00d7d000 08:01 656484                     /usr/lib/jdk/jdk1.8.0_201/jre/lib/amd64/server/libjvm.so
7f0f290ca000-7f0f29105000 rw-p 00000000 00:00 0 
7f0f29105000-7f0f292c5000 r-xp 00000000 08:01 658803                     /lib/x86_64-linux-gnu/libc-2.23.so
7f0f292c5000-7f0f294c5000 ---p 001c0000 08:01 658803                     /lib/x86_64-linux-gnu/libc-2.23.so
7f0f294c5000-7f0f294c9000 r--p 001c0000 08:01 658803                     /lib/x86_64-linux-gnu/libc-2.23.so
7f0f294c9000-7f0f294cb000 rw-p 001c4000 08:01 658803                     /lib/x86_64-linux-gnu/libc-2.23.so
7f0f294cb000-7f0f294cf000 rw-p 00000000 00:00 0 
7f0f294cf000-7f0f294d2000 r-xp 00000000 08:01 658827                     /lib/x86_64-linux-gnu/libdl-2.23.so
7f0f294d2000-7f0f296d1000 ---p 00003000 08:01 658827                     /lib/x86_64-linux-gnu/libdl-2.23.so
7f0f296d1000-7f0f296d2000 r--p 00002000 08:01 658827                     /lib/x86_64-linux-gnu/libdl-2.23.so
7f0f296d2000-7f0f296d3000 rw-p 00003000 08:01 658827                     /lib/x86_64-linux-gnu/libdl-2.23.so
7f0f296d3000-7f0f296ea000 r-xp 00000000 08:01 656155                     /usr/lib/jdk/jdk1.8.0_201/lib/amd64/jli/libjli.so
7f0f296ea000-7f0f298e9000 ---p 00017000 08:01 656155                     /usr/lib/jdk/jdk1.8.0_201/lib/amd64/jli/libjli.so
7f0f298e9000-7f0f298ea000 r--p 00016000 08:01 656155                     /usr/lib/jdk/jdk1.8.0_201/lib/amd64/jli/libjli.so
7f0f298ea000-7f0f298eb000 rw-p 00017000 08:01 656155                     /usr/lib/jdk/jdk1.8.0_201/lib/amd64/jli/libjli.so
7f0f298eb000-7f0f29903000 r-xp 00000000 08:01 658949                     /lib/x86_64-linux-gnu/libpthread-2.23.so
7f0f29903000-7f0f29b02000 ---p 00018000 08:01 658949                     /lib/x86_64-linux-gnu/libpthread-2.23.so
7f0f29b02000-7f0f29b03000 r--p 00017000 08:01 658949                     /lib/x86_64-linux-gnu/libpthread-2.23.so
7f0f29b03000-7f0f29b04000 rw-p 00018000 08:01 658949                     /lib/x86_64-linux-gnu/libpthread-2.23.so
7f0f29b04000-7f0f29b08000 rw-p 00000000 00:00 0 
7f0f29b08000-7f0f29b2e000 r-xp 00000000 08:01 658775                     /lib/x86_64-linux-gnu/ld-2.23.so
7f0f29b35000-7f0f29b3f000 r--s 00116000 08:01 656361                     /usr/lib/jdk/jdk1.8.0_201/jre/lib/ext/localedata.jar
7f0f29b3f000-7f0f29b52000 r--s 000d7000 08:01 431076                     /home/hewitt/work/DiffTGen-master/output/patch1-Math-57-SequenceR/Math_57_1_sequencer/target/build/classes/all0.jar
7f0f29b52000-7f0f29c10000 rw-p 00000000 00:00 0 
7f0f29c10000-7f0f29c13000 ---p 00000000 00:00 0 
7f0f29c13000-7f0f29d16000 rw-p 00000000 00:00 0 
7f0f29d16000-7f0f29d1a000 r--s 000a1000 08:01 656350                     /usr/lib/jdk/jdk1.8.0_201/jre/lib/jsse.jar
7f0f29d1a000-7f0f29d22000 r--s 0006e000 08:01 398946                     /home/hewitt/work/DiffTGen-master/lib/commons-lang3-3.5.jar
7f0f29d22000-7f0f29d23000 r--s 00000000 08:01 398951                     /home/hewitt/work/DiffTGen-master/lib/myprinter.jar
7f0f29d23000-7f0f29d2b000 rw-s 00000000 08:01 158126                     /tmp/hsperfdata_hewitt/117203
7f0f29d2b000-7f0f29d2c000 rw-p 00000000 00:00 0 
7f0f29d2c000-7f0f29d2d000 r--p 00000000 00:00 0 
7f0f29d2d000-7f0f29d2e000 r--p 00025000 08:01 658775                     /lib/x86_64-linux-gnu/ld-2.23.so
7f0f29d2e000-7f0f29d2f000 rw-p 00026000 08:01 658775                     /lib/x86_64-linux-gnu/ld-2.23.so
7f0f29d2f000-7f0f29d30000 rw-p 00000000 00:00 0 
7ffdf2fb4000-7ffdf2fd6000 rw-p 00000000 00:00 0                          [stack]
7ffdf2fe9000-7ffdf2fec000 r--p 00000000 00:00 0                          [vvar]
7ffdf2fec000-7ffdf2fee000 r-xp 00000000 00:00 0                          [vdso]
ffffffffff600000-ffffffffff601000 r-xp 00000000 00:00 0                  [vsyscall]

VM Arguments:
java_command: /home/hewitt/work/DiffTGen-master/lib/evosuite-1.0.6.jar -base_dir /home/hewitt/work/DiffTGen-master/output/patch1-Math-57-SequenceR/Math_57_1_sequencer/target/0/21 -projectCP /home/hewitt/work/DiffTGen-master/output/patch1-Math-57-SequenceR/Math_57_1_sequencer/target/build/classes/all0.jar:/home/hewitt/work/DiffTGen-master/lib/myprinter.jar:/home/hewitt/work/DiffTGen-master/lib/commons-lang3-3.5.jar -class org.apache.commons.math.stat.clustering.KMeansPlusPlusClusterer -Dassertions=false -Dsearch_budget=60
java_class_path (initial): /home/hewitt/work/DiffTGen-master/lib/evosuite-1.0.6.jar
Launcher Type: SUN_STANDARD

Environment Variables:
JAVA_HOME=/usr/lib/jdk/jdk1.8.0_201
JRE_HOME=/usr/lib/jdk/jdk1.8.0_201/jre
CLASSPATH=.:/usr/lib/jdk/jdk1.8.0_201/lib:/usr/lib/jdk/jdk1.8.0_201/jre/lib
PATH=/usr/lib/jdk/jdk1.8.0_201/bin:/home/hewitt/bin:/home/hewitt/.local/bin:/usr/lib/jdk/jdk1.7.0_80/bin:/usr/local/sbin:/usr/local/bin:/usr/sbin:/usr/bin:/sbin:/bin:/usr/games:/usr/local/games:/snap/bin:/home/hewitt/work/defects4j_v1.4.0/defects4j/framework/bin:/opt/apache-ant-1.9.14/bin:/home/hewitt/work/defects4j_v1.4.0/defects4j/framework/bin
SHELL=/bin/bash
DISPLAY=:0

Signal Handlers:
SIGSEGV: [libjvm.so+0xad3e60], sa_mask[0]=11111111011111111101111111111110, sa_flags=SA_RESTART|SA_SIGINFO
SIGBUS: [libjvm.so+0xad3e60], sa_mask[0]=11111111011111111101111111111110, sa_flags=SA_RESTART|SA_SIGINFO
SIGFPE: [libjvm.so+0x90b880], sa_mask[0]=11111111011111111101111111111110, sa_flags=SA_RESTART|SA_SIGINFO
SIGPIPE: [libjvm.so+0x90b880], sa_mask[0]=11111111011111111101111111111110, sa_flags=SA_RESTART|SA_SIGINFO
SIGXFSZ: [libjvm.so+0x90b880], sa_mask[0]=11111111011111111101111111111110, sa_flags=SA_RESTART|SA_SIGINFO
SIGILL: [libjvm.so+0x90b880], sa_mask[0]=11111111011111111101111111111110, sa_flags=SA_RESTART|SA_SIGINFO
SIGUSR1: SIG_DFL, sa_mask[0]=00000000000000000000000000000000, sa_flags=none
SIGUSR2: [libjvm.so+0x90b750], sa_mask[0]=00100000000000000000000000000000, sa_flags=SA_RESTART|SA_SIGINFO
SIGHUP: [libjvm.so+0x90bd70], sa_mask[0]=11111111011111111101111111111110, sa_flags=SA_RESTART|SA_SIGINFO
SIGINT: [libjvm.so+0x90bd70], sa_mask[0]=11111111011111111101111111111110, sa_flags=SA_RESTART|SA_SIGINFO
SIGTERM: [libjvm.so+0x90bd70], sa_mask[0]=11111111011111111101111111111110, sa_flags=SA_RESTART|SA_SIGINFO
SIGQUIT: [libjvm.so+0x90bd70], sa_mask[0]=11111111011111111101111111111110, sa_flags=SA_RESTART|SA_SIGINFO


---------------  S Y S T E M  ---------------

OS:DISTRIB_ID=Ubuntu
DISTRIB_RELEASE=16.04
DISTRIB_CODENAME=xenial
DISTRIB_DESCRIPTION="Ubuntu 16.04.6 LTS"

uname:Linux 4.15.0-91-generic #92~16.04.1-Ubuntu SMP Fri Feb 28 14:57:22 UTC 2020 x86_64
libc:glibc 2.23 NPTL 2.23 
rlimit: STACK 8192k, CORE 0k, NPROC 15448, NOFILE 1048576, AS infinity
load average:18.56 14.76 14.34

/proc/meminfo:
MemTotal:        4015928 kB
MemFree:          486604 kB
MemAvailable:     406140 kB
Buffers:            2076 kB
Cached:            45444 kB
SwapCached:         1824 kB
Active:          2517992 kB
Inactive:         572864 kB
Active(anon):    2504600 kB
Inactive(anon):   539820 kB
Active(file):      13392 kB
Inactive(file):    33044 kB
Unevictable:          48 kB
Mlocked:              48 kB
SwapTotal:        998396 kB
SwapFree:           9880 kB
Dirty:               744 kB
Writeback:           872 kB
AnonPages:       3041760 kB
Mapped:            34588 kB
Shmem:               724 kB
Slab:              92152 kB
SReclaimable:      33576 kB
SUnreclaim:        58576 kB
KernelStack:       16248 kB
PageTables:        42132 kB
NFS_Unstable:          0 kB
Bounce:                0 kB
WritebackTmp:          0 kB
CommitLimit:     3006360 kB
Committed_AS:    8602468 kB
VmallocTotal:   34359738367 kB
VmallocUsed:           0 kB
VmallocChunk:          0 kB
HardwareCorrupted:     0 kB
AnonHugePages:         0 kB
ShmemHugePages:        0 kB
ShmemPmdMapped:        0 kB
CmaTotal:              0 kB
CmaFree:               0 kB
HugePages_Total:       0
HugePages_Free:        0
HugePages_Rsvd:        0
HugePages_Surp:        0
Hugepagesize:       2048 kB
DirectMap4k:       98112 kB
DirectMap2M:     4096000 kB
DirectMap1G:     2097152 kB

container (cgroup) information:
container_type: cgroupv1
cpu_cpuset_cpus: 0-3
cpu_memory_nodes: 0
active_processor_count: 4
cpu_quota: -1
cpu_period: 100000
cpu_shares: -1
memory_limit_in_bytes: -1
memory_and_swap_limit_in_bytes: -2
memory_soft_limit_in_bytes: -1
memory_usage_in_bytes: 3164999680
memory_max_usage_in_bytes: 69316608


CPU:total 4 (initial active 4) (2 cores per cpu, 1 threads per core) family 6 model 158 stepping 9, cmov, cx8, fxsr, mmx, sse, sse2, sse3, ssse3, sse4.1, sse4.2, popcnt, avx, avx2, aes, clmul, erms, 3dnowpref, lzcnt, tsc, tscinvbit, bmi1, bmi2, adx

/proc/cpuinfo:
processor	: 0
vendor_id	: GenuineIntel
cpu family	: 6
model		: 158
model name	: Intel(R) Core(TM) i7-7700HQ CPU @ 2.80GHz
stepping	: 9
microcode	: 0xb4
cpu MHz		: 2808.002
cache size	: 6144 KB
physical id	: 0
siblings	: 2
core id		: 0
cpu cores	: 2
apicid		: 0
initial apicid	: 0
fpu		: yes
fpu_exception	: yes
cpuid level	: 22
wp		: yes
flags		: fpu vme de pse tsc msr pae mce cx8 apic sep mtrr pge mca cmov pat pse36 clflush mmx fxsr sse sse2 ss ht syscall nx pdpe1gb rdtscp lm constant_tsc arch_perfmon nopl xtopology tsc_reliable nonstop_tsc cpuid pni pclmulqdq ssse3 fma cx16 pcid sse4_1 sse4_2 x2apic movbe popcnt tsc_deadline_timer aes xsave avx f16c rdrand hypervisor lahf_lm abm 3dnowprefetch cpuid_fault invpcid_single pti ssbd ibrs ibpb stibp fsgsbase tsc_adjust bmi1 avx2 smep bmi2 invpcid mpx rdseed adx smap clflushopt xsaveopt xsavec xsaves arat md_clear flush_l1d arch_capabilities
bugs		: cpu_meltdown spectre_v1 spectre_v2 spec_store_bypass l1tf mds swapgs itlb_multihit
bogomips	: 5616.00
clflush size	: 64
cache_alignment	: 64
address sizes	: 43 bits physical, 48 bits virtual
power management:

processor	: 1
vendor_id	: GenuineIntel
cpu family	: 6
model		: 158
model name	: Intel(R) Core(TM) i7-7700HQ CPU @ 2.80GHz
stepping	: 9
microcode	: 0xb4
cpu MHz		: 2808.002
cache size	: 6144 KB
physical id	: 0
siblings	: 2
core id		: 1
cpu cores	: 2
apicid		: 1
initial apicid	: 1
fpu		: yes
fpu_exception	: yes
cpuid level	: 22
wp		: yes
flags		: fpu vme de pse tsc msr pae mce cx8 apic sep mtrr pge mca cmov pat pse36 clflush mmx fxsr sse sse2 ss ht syscall nx pdpe1gb rdtscp lm constant_tsc arch_perfmon nopl xtopology tsc_reliable nonstop_tsc cpuid pni pclmulqdq ssse3 fma cx16 pcid sse4_1 sse4_2 x2apic movbe popcnt tsc_deadline_timer aes xsave avx f16c rdrand hypervisor lahf_lm abm 3dnowprefetch cpuid_fault invpcid_single pti ssbd ibrs ibpb stibp fsgsbase tsc_adjust bmi1 avx2 smep bmi2 invpcid mpx rdseed adx smap clflushopt xsaveopt xsavec xsaves arat md_clear flush_l1d arch_capabilities
bugs		: cpu_meltdown spectre_v1 spectre_v2 spec_store_bypass l1tf mds swapgs itlb_multihit
bogomips	: 5616.00
clflush size	: 64
cache_alignment	: 64
address sizes	: 43 bits physical, 48 bits virtual
power management:

processor	: 2
vendor_id	: GenuineIntel
cpu family	: 6
model		: 158
model name	: Intel(R) Core(TM) i7-7700HQ CPU @ 2.80GHz
stepping	: 9
microcode	: 0xb4
cpu MHz		: 2808.002
cache size	: 6144 KB
physical id	: 1
siblings	: 2
core id		: 0
cpu cores	: 2
apicid		: 2
initial apicid	: 2
fpu		: yes
fpu_exception	: yes
cpuid level	: 22
wp		: yes
flags		: fpu vme de pse tsc msr pae mce cx8 apic sep mtrr pge mca cmov pat pse36 clflush mmx fxsr sse sse2 ss ht syscall nx pdpe1gb rdtscp lm constant_tsc arch_perfmon nopl xtopology tsc_reliable nonstop_tsc cpuid pni pclmulqdq ssse3 fma cx16 pcid sse4_1 sse4_2 x2apic movbe popcnt tsc_deadline_timer aes xsave avx f16c rdrand hypervisor lahf_lm abm 3dnowprefetch cpuid_fault invpcid_single pti ssbd ibrs ibpb stibp fsgsbase tsc_adjust bmi1 avx2 smep bmi2 invpcid mpx rdseed adx smap clflushopt xsaveopt xsavec xsaves arat md_clear flush_l1d arch_capabilities
bugs		: cpu_meltdown spectre_v1 spectre_v2 spec_store_bypass l1tf mds swapgs itlb_multihit
bogomips	: 5616.00
clflush size	: 64
cache_alignment	: 64
address sizes	: 43 bits physical, 48 bits virtual
power management:

processor	: 3
vendor_id	: GenuineIntel
cpu family	: 6
model		: 158
model name	: Intel(R) Core(TM) i7-7700HQ CPU @ 2.80GHz
stepping	: 9
microcode	: 0xb4
cpu MHz		: 2808.002
cache size	: 6144 KB
physical id	: 1
siblings	: 2
core id		: 1
cpu cores	: 2
apicid		: 3
initial apicid	: 3
fpu		: yes
fpu_exception	: yes
cpuid level	: 22
wp		: yes
flags		: fpu vme de pse tsc msr pae mce cx8 apic sep mtrr pge mca cmov pat pse36 clflush mmx fxsr sse sse2 ss ht syscall nx pdpe1gb rdtscp lm constant_tsc arch_perfmon nopl xtopology tsc_reliable nonstop_tsc cpuid pni pclmulqdq ssse3 fma cx16 pcid sse4_1 sse4_2 x2apic movbe popcnt tsc_deadline_timer aes xsave avx f16c rdrand hypervisor lahf_lm abm 3dnowprefetch cpuid_fault invpcid_single pti ssbd ibrs ibpb stibp fsgsbase tsc_adjust bmi1 avx2 smep bmi2 invpcid mpx rdseed adx smap clflushopt xsaveopt xsavec xsaves arat md_clear flush_l1d arch_capabilities
bugs		: cpu_meltdown spectre_v1 spectre_v2 spec_store_bypass l1tf mds swapgs itlb_multihit
bogomips	: 5616.00
clflush size	: 64
cache_alignment	: 64
address sizes	: 43 bits physical, 48 bits virtual
power management:



Memory: 4k page, physical 4015928k(486604k free), swap 998396k(9880k free)

vm_info: Java HotSpot(TM) 64-Bit Server VM (25.201-b09) for linux-amd64 JRE (1.8.0_201-b09), built on Dec 15 2018 11:35:59 by "java_re" with gcc 7.3.0

time: Sun Mar 29 13:56:00 2020
timezone: CST
elapsed time: 61 seconds (0d 0h 1m 1s)

