#
# There is insufficient memory for the Java Runtime Environment to continue.
# Native memory allocation (mmap) failed to map 20447232 bytes for committing reserved memory.
# Possible reasons:
#   The system is out of physical RAM or swap space
#   The process is running with CompressedOops enabled, and the Java Heap may be blocking the growth of the native heap
# Possible solutions:
#   Reduce memory load on the system
#   Increase physical memory or swap space
#   Check if swap backing store is full
#   Decrease Java heap size (-Xmx/-Xms)
#   Decrease number of Java threads
#   Decrease Java thread stack sizes (-Xss)
#   Set larger code cache with -XX:ReservedCodeCacheSize=
#   JVM is running with Unscaled Compressed Oops mode in which the Java heap is
#     placed in the first 4GB address space. The Java Heap base address is the
#     maximum limit for the native heap growth. Please use -XX:HeapBaseMinAddress
#     to set the Java Heap base and to place the Java Heap above 4GB virtual address.
# This output file may be truncated or incomplete.
#
#  Out of Memory Error (os_linux.cpp:2749), pid=66380, tid=0x00007f7890dfd700
#
# JRE version: Java(TM) SE Runtime Environment (8.0_201-b09) (build 1.8.0_201-b09)
# Java VM: Java HotSpot(TM) 64-Bit Server VM (25.201-b09 mixed mode linux-amd64 compressed oops)
# Failed to write core dump. Core dumps have been disabled. To enable core dumping, try "ulimit -c unlimited" before starting Java again
#

---------------  T H R E A D  ---------------

Current thread (0x00007f78a0140000):  VMThread [stack: 0x00007f7890cfd000,0x00007f7890dfe000] [id=66428]

Stack: [0x00007f7890cfd000,0x00007f7890dfe000],  sp=0x00007f7890dfc450,  free space=1021k
Native frames: (J=compiled Java code, j=interpreted, Vv=VM code, C=native code)
V  [libjvm.so+0xad3525]  VMError::report_and_die()+0x2e5
V  [libjvm.so+0x4e0457]  report_vm_out_of_memory(char const*, int, unsigned long, VMErrorType, char const*)+0x67
V  [libjvm.so+0x9102f0]  os::pd_commit_memory(char*, unsigned long, unsigned long, bool)+0x100
V  [libjvm.so+0x90791f]  os::commit_memory(char*, unsigned long, unsigned long, bool)+0x1f
V  [libjvm.so+0x98c806]  PSVirtualSpace::expand_by(unsigned long)+0x56
V  [libjvm.so+0x98da98]  PSYoungGen::resize(unsigned long, unsigned long)+0xd8
V  [libjvm.so+0x98a236]  PSScavenge::invoke_no_policy()+0x1376
V  [libjvm.so+0x98a5cc]  PSScavenge::invoke()+0x4c
V  [libjvm.so+0x93a318]  ParallelScavengeHeap::failed_mem_allocate(unsigned long)+0x68
V  [libjvm.so+0xad5073]  VM_ParallelGCFailedAllocation::doit()+0x93
V  [libjvm.so+0xada296]  VM_Operation::evaluate()+0x46
V  [libjvm.so+0xad85cd]  VMThread::evaluate_operation(VM_Operation*) [clone .constprop.44]+0xcd
V  [libjvm.so+0xad8bb3]  VMThread::loop()+0x3a3
V  [libjvm.so+0xad8f88]  VMThread::run()+0x78
V  [libjvm.so+0x90d922]  java_start(Thread*)+0x102

VM_Operation (0x00007f78885746e0): ParallelGCFailedAllocation, mode: safepoint, requested by thread 0x00007f7844001000


---------------  P R O C E S S  ---------------

Java Threads: ( => current thread )
  0x00007f7844002800 JavaThread "RMI TCP Connection(3)-127.0.0.1" daemon [_thread_blocked, id=66876, stack(0x00007f7888177000,0x00007f7888278000)]
  0x00007f7844001000 JavaThread "RMI TCP Connection(2)-127.0.0.1" daemon [_thread_blocked, id=66840, stack(0x00007f7888478000,0x00007f7888579000)]
  0x00007f781c055800 JavaThread "RMI Scheduler(0)" daemon [_thread_blocked, id=66838, stack(0x00007f7888579000,0x00007f788867a000)]
  0x00007f781c048800 JavaThread "RMI RenewClean-[127.0.0.1:16259]" daemon [_thread_blocked, id=66824, stack(0x00007f788867a000,0x00007f788877b000)]
  0x00007f7840001000 JavaThread "RMI TCP Connection(idle)" daemon [_thread_blocked, id=66813, stack(0x00007f788877b000,0x00007f788887c000)]
  0x00007f7830005000 JavaThread "pool-3-thread-3" [_thread_in_native, id=66760, stack(0x00007f788887c000,0x00007f788897d000)]
  0x00007f7830003000 JavaThread "pool-3-thread-2" [_thread_in_native, id=66758, stack(0x00007f788897d000,0x00007f7888a7e000)]
  0x00007f7830002000 JavaThread "pool-3-thread-1" [_thread_in_native, id=66756, stack(0x00007f7888a7e000,0x00007f7888b7f000)]
  0x00007f78a0219000 JavaThread "Thread-3" [_thread_in_native, id=66667, stack(0x00007f7888b7f000,0x00007f7888c80000)]
  0x00007f78a0217000 JavaThread "Thread-2" [_thread_in_native, id=66655, stack(0x00007f7888c80000,0x00007f7888d81000)]
  0x00007f78a0215800 JavaThread "process reaper" daemon [_thread_in_native, id=66649, stack(0x00007f7890002000,0x00007f789003b000)]
  0x00007f78a03d9800 JavaThread "pool-2-thread-1" [_thread_in_native, id=66600, stack(0x00007f7888d81000,0x00007f7888e82000)]
  0x00007f78a03d7800 JavaThread "GC Daemon" daemon [_thread_blocked, id=66592, stack(0x00007f7888e82000,0x00007f7888f83000)]
  0x00007f78a03d4800 JavaThread "RMI Reaper" [_thread_blocked, id=66590, stack(0x00007f7888f83000,0x00007f7889084000)]
  0x00007f78a03cb800 JavaThread "RMI TCP Accept-21921" daemon [_thread_in_native, id=66578, stack(0x00007f7889084000,0x00007f7889185000)]
  0x00007f78a03c6800 JavaThread "RMI TCP Accept-3257" daemon [_thread_in_native, id=66555, stack(0x00007f7889185000,0x00007f7889286000)]
  0x00007f78a02fb000 JavaThread "logback-3" daemon [_thread_blocked, id=66512, stack(0x00007f78894ff000,0x00007f7889600000)]
  0x00007f78a02f7800 JavaThread "logback-2" daemon [_thread_blocked, id=66508, stack(0x00007f7889600000,0x00007f7889701000)]
  0x00007f78a02f6000 JavaThread "logback-1" daemon [_thread_blocked, id=66504, stack(0x00007f7889701000,0x00007f7889802000)]
  0x00007f78a01a3000 JavaThread "Service Thread" daemon [_thread_blocked, id=66493, stack(0x00007f7889d4c000,0x00007f7889e4d000)]
  0x00007f78a0186000 JavaThread "C1 CompilerThread2" daemon [_thread_blocked, id=66478, stack(0x00007f7889e4d000,0x00007f7889f4e000)]
  0x00007f78a0184800 JavaThread "C2 CompilerThread1" daemon [_thread_blocked, id=66475, stack(0x00007f7889f4e000,0x00007f788a04f000)]
  0x00007f78a0181800 JavaThread "C2 CompilerThread0" daemon [_thread_blocked, id=66467, stack(0x00007f788a04f000,0x00007f788a150000)]
  0x00007f78a0180000 JavaThread "Signal Dispatcher" daemon [_thread_blocked, id=66453, stack(0x00007f789003b000,0x00007f789013c000)]
  0x00007f78a014c000 JavaThread "Finalizer" daemon [_thread_blocked, id=66447, stack(0x00007f7890afb000,0x00007f7890bfc000)]
  0x00007f78a0149800 JavaThread "Reference Handler" daemon [_thread_blocked, id=66437, stack(0x00007f7890bfc000,0x00007f7890cfd000)]
  0x00007f78a000a800 JavaThread "main" [_thread_in_native, id=66386, stack(0x00007f78a930c000,0x00007f78a940d000)]

Other Threads:
=>0x00007f78a0140000 VMThread [stack: 0x00007f7890cfd000,0x00007f7890dfe000] [id=66428]
  0x00007f78a01a6000 WatcherThread [stack: 0x00007f7889c4b000,0x00007f7889d4c000] [id=66495]

VM state:at safepoint (normal execution)

VM Mutex/Monitor currently owned by a thread:  ([mutex/lock_event])
[0x00007f78a0007030] Threads_lock - owner thread: 0x00007f78a0140000
[0x00007f78a0007530] Heap_lock - owner thread: 0x00007f7844001000

heap address: 0x00000000c2a00000, size: 982 MB, Compressed Oops mode: 32-bit
Narrow klass base: 0x0000000000000000, Narrow klass shift: 3
Compressed class space size: 1073741824 Address: 0x0000000100000000

Heap:
 PSYoungGen      total 18432K, used 2550K [0x00000000eb900000, 0x00000000ecd80000, 0x0000000100000000)
  eden space 15872K, 0% used [0x00000000eb900000,0x00000000eb900000,0x00000000ec880000)
  from space 2560K, 99% used [0x00000000ecb00000,0x00000000ecd7d810,0x00000000ecd80000)
  to   space 2560K, 0% used [0x00000000ec880000,0x00000000ec880000,0x00000000ecb00000)
 ParOldGen       total 42496K, used 4751K [0x00000000c2a00000, 0x00000000c5380000, 0x00000000eb900000)
  object space 42496K, 11% used [0x00000000c2a00000,0x00000000c2ea3d78,0x00000000c5380000)
 Metaspace       used 14257K, capacity 14750K, committed 14848K, reserved 1062912K
  class space    used 1625K, capacity 1734K, committed 1792K, reserved 1048576K

Card table byte_map: [0x00007f78a5ec1000,0x00007f78a60ad000] byte_map_base: 0x00007f78a58ac000

Marking Bits: (ParMarkBitMap*) 0x00007f78a87e3d80
 Begin Bits: [0x00007f788a150000, 0x00007f788b0a8000)
 End Bits:   [0x00007f788b0a8000, 0x00007f788c000000)

Polling page: 0x00007f78a9428000

CodeCache: size=245760Kb used=6309Kb max_used=6327Kb free=239450Kb
 bounds [0x00007f7891000000, 0x00007f7891640000, 0x00007f78a0000000]
 total_blobs=2136 nmethods=1788 adapters=261
 compilation: enabled

Compilation events (10 events):
Event: 53.879 Thread 0x00007f78a0184800 nmethod 1824 0x00007f7891169810 code [0x00007f7891169960, 0x00007f7891169a58]
Event: 53.880 Thread 0x00007f78a0181800 1825       4       org.evosuite.shaded.org.objectweb.asm.Type::getDescriptor (214 bytes)
Event: 53.892 Thread 0x00007f78a0186000 1826       3       org.evosuite.statistics.SequenceOutputVariableFactory::update (37 bytes)
Event: 53.892 Thread 0x00007f78a0186000 nmethod 1826 0x00007f78911224d0 code [0x00007f7891122680, 0x00007f7891122a98]
Event: 53.921 Thread 0x00007f78a0186000 1827   !   3       sun.reflect.GeneratedSerializationConstructorAccessor27::newInstance (49 bytes)
Event: 53.921 Thread 0x00007f78a0186000 nmethod 1827 0x00007f78911a0810 code [0x00007f78911a09c0, 0x00007f78911a0de8]
Event: 53.921 Thread 0x00007f78a0184800 1828       4       java.lang.ref.SoftReference::get (29 bytes)
Event: 53.923 Thread 0x00007f78a0184800 nmethod 1828 0x00007f78916248d0 code [0x00007f7891624a20, 0x00007f7891624ab8]
Event: 54.180 Thread 0x00007f78a0181800 nmethod 1825 0x00007f789162bf50 code [0x00007f789162c160, 0x00007f789162d888]
Event: 54.307 Thread 0x00007f78a0184800 1829       4       java.io.ObjectInputStream::readNull (27 bytes)

GC Heap History (10 events):
Event: 3.373 GC heap after
Heap after GC invocations=2 (full 0):
 PSYoungGen      total 18432K, used 2560K [0x00000000eb900000, 0x00000000ecd80000, 0x0000000100000000)
  eden space 15872K, 0% used [0x00000000eb900000,0x00000000eb900000,0x00000000ec880000)
  from space 2560K, 100% used [0x00000000ecb00000,0x00000000ecd80000,0x00000000ecd80000)
  to   space 2560K, 0% used [0x00000000ec880000,0x00000000ec880000,0x00000000ecb00000)
 ParOldGen       total 42496K, used 1652K [0x00000000c2a00000, 0x00000000c5380000, 0x00000000eb900000)
  object space 42496K, 3% used [0x00000000c2a00000,0x00000000c2b9d280,0x00000000c5380000)
 Metaspace       used 10158K, capacity 10316K, committed 10624K, reserved 1058816K
  class space    used 1227K, capacity 1287K, committed 1408K, reserved 1048576K
}
Event: 3.373 GC heap before
{Heap before GC invocations=3 (full 1):
 PSYoungGen      total 18432K, used 2560K [0x00000000eb900000, 0x00000000ecd80000, 0x0000000100000000)
  eden space 15872K, 0% used [0x00000000eb900000,0x00000000eb900000,0x00000000ec880000)
  from space 2560K, 100% used [0x00000000ecb00000,0x00000000ecd80000,0x00000000ecd80000)
  to   space 2560K, 0% used [0x00000000ec880000,0x00000000ec880000,0x00000000ecb00000)
 ParOldGen       total 42496K, used 1652K [0x00000000c2a00000, 0x00000000c5380000, 0x00000000eb900000)
  object space 42496K, 3% used [0x00000000c2a00000,0x00000000c2b9d280,0x00000000c5380000)
 Metaspace       used 10158K, capacity 10316K, committed 10624K, reserved 1058816K
  class space    used 1227K, capacity 1287K, committed 1408K, reserved 1048576K
Event: 3.399 GC heap after
Heap after GC invocations=3 (full 1):
 PSYoungGen      total 18432K, used 0K [0x00000000eb900000, 0x00000000ecd80000, 0x0000000100000000)
  eden space 15872K, 0% used [0x00000000eb900000,0x00000000eb900000,0x00000000ec880000)
  from space 2560K, 0% used [0x00000000ecb00000,0x00000000ecb00000,0x00000000ecd80000)
  to   space 2560K, 0% used [0x00000000ec880000,0x00000000ec880000,0x00000000ecb00000)
 ParOldGen       total 42496K, used 2608K [0x00000000c2a00000, 0x00000000c5380000, 0x00000000eb900000)
  object space 42496K, 6% used [0x00000000c2a00000,0x00000000c2c8c0d8,0x00000000c5380000)
 Metaspace       used 10150K, capacity 10306K, committed 10624K, reserved 1058816K
  class space    used 1225K, capacity 1285K, committed 1408K, reserved 1048576K
}
Event: 31.659 GC heap before
{Heap before GC invocations=4 (full 1):
 PSYoungGen      total 18432K, used 15872K [0x00000000eb900000, 0x00000000ecd80000, 0x0000000100000000)
  eden space 15872K, 100% used [0x00000000eb900000,0x00000000ec880000,0x00000000ec880000)
  from space 2560K, 0% used [0x00000000ecb00000,0x00000000ecb00000,0x00000000ecd80000)
  to   space 2560K, 0% used [0x00000000ec880000,0x00000000ec880000,0x00000000ecb00000)
 ParOldGen       total 42496K, used 2608K [0x00000000c2a00000, 0x00000000c5380000, 0x00000000eb900000)
  object space 42496K, 6% used [0x00000000c2a00000,0x00000000c2c8c0d8,0x00000000c5380000)
 Metaspace       used 13418K, capacity 13748K, committed 14080K, reserved 1060864K
  class space    used 1567K, capacity 1668K, committed 1792K, reserved 1048576K
Event: 31.664 GC heap after
Heap after GC invocations=4 (full 1):
 PSYoungGen      total 18432K, used 2559K [0x00000000eb900000, 0x00000000ecd80000, 0x0000000100000000)
  eden space 15872K, 0% used [0x00000000eb900000,0x00000000eb900000,0x00000000ec880000)
  from space 2560K, 99% used [0x00000000ec880000,0x00000000ecaffed8,0x00000000ecb00000)
  to   space 2560K, 0% used [0x00000000ecb00000,0x00000000ecb00000,0x00000000ecd80000)
 ParOldGen       total 42496K, used 3593K [0x00000000c2a00000, 0x00000000c5380000, 0x00000000eb900000)
  object space 42496K, 8% used [0x00000000c2a00000,0x00000000c2d82628,0x00000000c5380000)
 Metaspace       used 13418K, capacity 13748K, committed 14080K, reserved 1060864K
  class space    used 1567K, capacity 1668K, committed 1792K, reserved 1048576K
}
Event: 33.430 GC heap before
{Heap before GC invocations=5 (full 1):
 PSYoungGen      total 18432K, used 18431K [0x00000000eb900000, 0x00000000ecd80000, 0x0000000100000000)
  eden space 15872K, 100% used [0x00000000eb900000,0x00000000ec880000,0x00000000ec880000)
  from space 2560K, 99% used [0x00000000ec880000,0x00000000ecaffed8,0x00000000ecb00000)
  to   space 2560K, 0% used [0x00000000ecb00000,0x00000000ecb00000,0x00000000ecd80000)
 ParOldGen       total 42496K, used 3593K [0x00000000c2a00000, 0x00000000c5380000, 0x00000000eb900000)
  object space 42496K, 8% used [0x00000000c2a00000,0x00000000c2d82628,0x00000000c5380000)
 Metaspace       used 13612K, capacity 14010K, committed 14336K, reserved 1062912K
  class space    used 1572K, capacity 1669K, committed 1792K, reserved 1048576K
Event: 33.451 GC heap after
Heap after GC invocations=5 (full 1):
 PSYoungGen      total 18432K, used 2400K [0x00000000eb900000, 0x00000000ecd80000, 0x0000000100000000)
  eden space 15872K, 0% used [0x00000000eb900000,0x00000000eb900000,0x00000000ec880000)
  from space 2560K, 93% used [0x00000000ecb00000,0x00000000ecd58020,0x00000000ecd80000)
  to   space 2560K, 0% used [0x00000000ec880000,0x00000000ec880000,0x00000000ecb00000)
 ParOldGen       total 42496K, used 3601K [0x00000000c2a00000, 0x00000000c5380000, 0x00000000eb900000)
  object space 42496K, 8% used [0x00000000c2a00000,0x00000000c2d84628,0x00000000c5380000)
 Metaspace       used 13612K, capacity 14010K, committed 14336K, reserved 1062912K
  class space    used 1572K, capacity 1669K, committed 1792K, reserved 1048576K
}
Event: 35.153 GC heap before
{Heap before GC invocations=6 (full 1):
 PSYoungGen      total 18432K, used 18272K [0x00000000eb900000, 0x00000000ecd80000, 0x0000000100000000)
  eden space 15872K, 100% used [0x00000000eb900000,0x00000000ec880000,0x00000000ec880000)
  from space 2560K, 93% used [0x00000000ecb00000,0x00000000ecd58020,0x00000000ecd80000)
  to   space 2560K, 0% used [0x00000000ec880000,0x00000000ec880000,0x00000000ecb00000)
 ParOldGen       total 42496K, used 3601K [0x00000000c2a00000, 0x00000000c5380000, 0x00000000eb900000)
  object space 42496K, 8% used [0x00000000c2a00000,0x00000000c2d84628,0x00000000c5380000)
 Metaspace       used 14094K, capacity 14556K, committed 14848K, reserved 1062912K
  class space    used 1615K, capacity 1725K, committed 1792K, reserved 1048576K
Event: 35.184 GC heap after
Heap after GC invocations=6 (full 1):
 PSYoungGen      total 18432K, used 2560K [0x00000000eb900000, 0x00000000ecd80000, 0x0000000100000000)
  eden space 15872K, 0% used [0x00000000eb900000,0x00000000eb900000,0x00000000ec880000)
  from space 2560K, 100% used [0x00000000ec880000,0x00000000ecb00000,0x00000000ecb00000)
  to   space 2560K, 0% used [0x00000000ecb00000,0x00000000ecb00000,0x00000000ecd80000)
 ParOldGen       total 42496K, used 4373K [0x00000000c2a00000, 0x00000000c5380000, 0x00000000eb900000)
  object space 42496K, 10% used [0x00000000c2a00000,0x00000000c2e45540,0x00000000c5380000)
 Metaspace       used 14094K, capacity 14556K, committed 14848K, reserved 1062912K
  class space    used 1615K, capacity 1725K, committed 1792K, reserved 1048576K
}
Event: 54.315 GC heap before
{Heap before GC invocations=7 (full 1):
 PSYoungGen      total 18432K, used 18432K [0x00000000eb900000, 0x00000000ecd80000, 0x0000000100000000)
  eden space 15872K, 100% used [0x00000000eb900000,0x00000000ec880000,0x00000000ec880000)
  from space 2560K, 100% used [0x00000000ec880000,0x00000000ecb00000,0x00000000ecb00000)
  to   space 2560K, 0% used [0x00000000ecb00000,0x00000000ecb00000,0x00000000ecd80000)
 ParOldGen       total 42496K, used 4373K [0x00000000c2a00000, 0x00000000c5380000, 0x00000000eb900000)
  object space 42496K, 10% used [0x00000000c2a00000,0x00000000c2e45540,0x00000000c5380000)
 Metaspace       used 14257K, capacity 14750K, committed 14848K, reserved 1062912K
  class space    used 1625K, capacity 1734K, committed 1792K, reserved 1048576K

Deoptimization events (10 events):
Event: 31.391 Thread 0x00007f7844001000 Uncommon trap: reason=unstable_if action=reinterpret pc=0x00007f78911de8ac method=java.lang.AbstractStringBuilder.append(Ljava/lang/String;)Ljava/lang/AbstractStringBuilder; @ 1
Event: 31.934 Thread 0x00007f7844001000 Uncommon trap: reason=class_check action=maybe_recompile pc=0x00007f78913e9d74 method=java.util.HashMap.putVal(ILjava/lang/Object;Ljava/lang/Object;ZZ)Ljava/lang/Object; @ 203
Event: 32.241 Thread 0x00007f7844001000 Uncommon trap: reason=class_check action=maybe_recompile pc=0x00007f78913e9d74 method=java.util.HashMap.putVal(ILjava/lang/Object;Ljava/lang/Object;ZZ)Ljava/lang/Object; @ 203
Event: 32.241 Thread 0x00007f7844001000 Uncommon trap: reason=class_check action=maybe_recompile pc=0x00007f78913e9d74 method=java.util.HashMap.putVal(ILjava/lang/Object;Ljava/lang/Object;ZZ)Ljava/lang/Object; @ 203
Event: 32.241 Thread 0x00007f7844001000 Uncommon trap: reason=class_check action=maybe_recompile pc=0x00007f78913e9d74 method=java.util.HashMap.putVal(ILjava/lang/Object;Ljava/lang/Object;ZZ)Ljava/lang/Object; @ 203
Event: 34.784 Thread 0x00007f7844001000 Uncommon trap: reason=bimorphic action=maybe_recompile pc=0x00007f78914e81b8 method=java.util.AbstractCollection.addAll(Ljava/util/Collection;)Z @ 3
Event: 34.786 Thread 0x00007f7844001000 Uncommon trap: reason=bimorphic action=maybe_recompile pc=0x00007f78914e81b8 method=java.util.AbstractCollection.addAll(Ljava/util/Collection;)Z @ 3
Event: 34.786 Thread 0x00007f7844001000 Uncommon trap: reason=bimorphic action=maybe_recompile pc=0x00007f78914e81b8 method=java.util.AbstractCollection.addAll(Ljava/util/Collection;)Z @ 3
Event: 34.786 Thread 0x00007f7844001000 Uncommon trap: reason=bimorphic action=maybe_recompile pc=0x00007f78914e81b8 method=java.util.AbstractCollection.addAll(Ljava/util/Collection;)Z @ 3
Event: 45.800 Thread 0x00007f7844002800 Uncommon trap: reason=unstable_if action=reinterpret pc=0x00007f7891575f10 method=java.io.ObjectInputStream.defaultReadFields(Ljava/lang/Object;Ljava/io/ObjectStreamClass;)V @ 49

Classes redefined (0 events):
No events

Internal exceptions (10 events):
Event: 31.391 Thread 0x00007f7844001000 Implicit null exception at 0x00007f78911de4b4 to 0x00007f78911de895
Event: 31.818 Thread 0x00007f78a02f6000 Exception <a 'java/net/ConnectException'> (0x00000000ebabb628) thrown at [/HUDSON/workspace/8-2-build-linux-amd64/jdk8u201/12317/hotspot/src/share/vm/prims/jni.cpp, line 709]
Event: 31.820 Thread 0x00007f78a02f7800 Exception <a 'java/net/ConnectException'> (0x00000000ebad5398) thrown at [/HUDSON/workspace/8-2-build-linux-amd64/jdk8u201/12317/hotspot/src/share/vm/prims/jni.cpp, line 709]
Event: 31.899 Thread 0x00007f78a02fb000 Exception <a 'java/net/ConnectException'> (0x00000000ebb33118) thrown at [/HUDSON/workspace/8-2-build-linux-amd64/jdk8u201/12317/hotspot/src/share/vm/prims/jni.cpp, line 709]
Event: 41.819 Thread 0x00007f78a02f6000 Exception <a 'java/net/ConnectException'> (0x00000000ebb8c7c8) thrown at [/HUDSON/workspace/8-2-build-linux-amd64/jdk8u201/12317/hotspot/src/share/vm/prims/jni.cpp, line 709]
Event: 41.821 Thread 0x00007f78a02f7800 Exception <a 'java/net/ConnectException'> (0x00000000ebb9d4f0) thrown at [/HUDSON/workspace/8-2-build-linux-amd64/jdk8u201/12317/hotspot/src/share/vm/prims/jni.cpp, line 709]
Event: 41.900 Thread 0x00007f78a02fb000 Exception <a 'java/net/ConnectException'> (0x00000000ebbae218) thrown at [/HUDSON/workspace/8-2-build-linux-amd64/jdk8u201/12317/hotspot/src/share/vm/prims/jni.cpp, line 709]
Event: 51.925 Thread 0x00007f78a02f7800 Exception <a 'java/net/ConnectException'> (0x00000000ebb9e018) thrown at [/HUDSON/workspace/8-2-build-linux-amd64/jdk8u201/12317/hotspot/src/share/vm/prims/jni.cpp, line 709]
Event: 51.926 Thread 0x00007f78a02f6000 Exception <a 'java/net/ConnectException'> (0x00000000ebb8d428) thrown at [/HUDSON/workspace/8-2-build-linux-amd64/jdk8u201/12317/hotspot/src/share/vm/prims/jni.cpp, line 709]
Event: 51.926 Thread 0x00007f78a02fb000 Exception <a 'java/net/ConnectException'> (0x00000000ebbaed40) thrown at [/HUDSON/workspace/8-2-build-linux-amd64/jdk8u201/12317/hotspot/src/share/vm/prims/jni.cpp, line 709]

Events (10 events):
Event: 53.847 Thread 0x00007f78a0181800 flushing nmethod 0x00007f789112b8d0
Event: 53.848 Thread 0x00007f78a0181800 flushing nmethod 0x00007f7891135850
Event: 53.848 Thread 0x00007f78a0181800 flushing nmethod 0x00007f789113a910
Event: 53.864 Thread 0x00007f78a0186000 flushing nmethod 0x00007f7891150550
Event: 53.865 Thread 0x00007f78a0186000 flushing nmethod 0x00007f7891169810
Event: 53.866 Thread 0x00007f78a0186000 flushing nmethod 0x00007f78911817d0
Event: 53.866 Thread 0x00007f78a0186000 flushing nmethod 0x00007f7891182150
Event: 53.874 Thread 0x00007f78a0186000 flushing nmethod 0x00007f789119a190
Event: 53.874 Thread 0x00007f78a0186000 flushing nmethod 0x00007f78911a0410
Event: 54.308 Executing VM operation: ParallelGCFailedAllocation


Dynamic libraries:
00400000-00401000 r-xp 00000000 08:01 654793                             /usr/lib/jdk/jdk1.8.0_201/bin/java
00600000-00601000 r--p 00000000 08:01 654793                             /usr/lib/jdk/jdk1.8.0_201/bin/java
00601000-00602000 rw-p 00001000 08:01 654793                             /usr/lib/jdk/jdk1.8.0_201/bin/java
006e7000-00b6e000 rw-p 00000000 00:00 0                                  [heap]
c2a00000-c5380000 rw-p 00000000 00:00 0 
c5380000-eb900000 ---p 00000000 00:00 0 
eb900000-ecd80000 rw-p 00000000 00:00 0 
ee100000-100000000 ---p 00000000 00:00 0 
100000000-1001c0000 rw-p 00000000 00:00 0 
1001c0000-140000000 ---p 00000000 00:00 0 
7f7810000000-7f7810021000 rw-p 00000000 00:00 0 
7f7810021000-7f7814000000 ---p 00000000 00:00 0 
7f7814000000-7f7814021000 rw-p 00000000 00:00 0 
7f7814021000-7f7818000000 ---p 00000000 00:00 0 
7f7818000000-7f7818021000 rw-p 00000000 00:00 0 
7f7818021000-7f781c000000 ---p 00000000 00:00 0 
7f781c000000-7f781c058000 rw-p 00000000 00:00 0 
7f781c058000-7f7820000000 ---p 00000000 00:00 0 
7f7820000000-7f7820021000 rw-p 00000000 00:00 0 
7f7820021000-7f7824000000 ---p 00000000 00:00 0 
7f7824000000-7f7824021000 rw-p 00000000 00:00 0 
7f7824021000-7f7828000000 ---p 00000000 00:00 0 
7f7828000000-7f7828021000 rw-p 00000000 00:00 0 
7f7828021000-7f782c000000 ---p 00000000 00:00 0 
7f782c000000-7f782c021000 rw-p 00000000 00:00 0 
7f782c021000-7f7830000000 ---p 00000000 00:00 0 
7f7830000000-7f7830021000 rw-p 00000000 00:00 0 
7f7830021000-7f7834000000 ---p 00000000 00:00 0 
7f7834000000-7f7834021000 rw-p 00000000 00:00 0 
7f7834021000-7f7838000000 ---p 00000000 00:00 0 
7f7838000000-7f7838021000 rw-p 00000000 00:00 0 
7f7838021000-7f783c000000 ---p 00000000 00:00 0 
7f783c000000-7f783c021000 rw-p 00000000 00:00 0 
7f783c021000-7f7840000000 ---p 00000000 00:00 0 
7f7840000000-7f7840021000 rw-p 00000000 00:00 0 
7f7840021000-7f7844000000 ---p 00000000 00:00 0 
7f7844000000-7f7844021000 rw-p 00000000 00:00 0 
7f7844021000-7f7848000000 ---p 00000000 00:00 0 
7f7848000000-7f7848021000 rw-p 00000000 00:00 0 
7f7848021000-7f784c000000 ---p 00000000 00:00 0 
7f784c000000-7f784c021000 rw-p 00000000 00:00 0 
7f784c021000-7f7850000000 ---p 00000000 00:00 0 
7f7850000000-7f7850021000 rw-p 00000000 00:00 0 
7f7850021000-7f7854000000 ---p 00000000 00:00 0 
7f7854dff000-7f7854ebf000 rw-p 00000000 00:00 0 
7f7854ebf000-7f7854fff000 ---p 00000000 00:00 0 
7f7854fff000-7f7858000000 rw-p 00000000 00:00 0 
7f7858000000-7f7858021000 rw-p 00000000 00:00 0 
7f7858021000-7f785c000000 ---p 00000000 00:00 0 
7f785c000000-7f785c021000 rw-p 00000000 00:00 0 
7f785c021000-7f7860000000 ---p 00000000 00:00 0 
7f7860000000-7f786170f000 rw-p 00000000 00:00 0 
7f786170f000-7f7864000000 ---p 00000000 00:00 0 
7f7864000000-7f786498e000 rw-p 00000000 00:00 0 
7f786498e000-7f7868000000 ---p 00000000 00:00 0 
7f7868000000-7f7868021000 rw-p 00000000 00:00 0 
7f7868021000-7f786c000000 ---p 00000000 00:00 0 
7f786c000000-7f786c8e9000 rw-p 00000000 00:00 0 
7f786c8e9000-7f7870000000 ---p 00000000 00:00 0 
7f7870000000-7f7870021000 rw-p 00000000 00:00 0 
7f7870021000-7f7874000000 ---p 00000000 00:00 0 
7f7874000000-7f7874021000 rw-p 00000000 00:00 0 
7f7874021000-7f7878000000 ---p 00000000 00:00 0 
7f7878000000-7f7878021000 rw-p 00000000 00:00 0 
7f7878021000-7f787c000000 ---p 00000000 00:00 0 
7f787c000000-7f787c29b000 rw-p 00000000 00:00 0 
7f787c29b000-7f7880000000 ---p 00000000 00:00 0 
7f7880000000-7f7880021000 rw-p 00000000 00:00 0 
7f7880021000-7f7884000000 ---p 00000000 00:00 0 
7f7884000000-7f7884021000 rw-p 00000000 00:00 0 
7f7884021000-7f7888000000 ---p 00000000 00:00 0 
7f7888164000-7f7888177000 r--s 00345000 08:01 656331                     /usr/lib/jdk/jdk1.8.0_201/jre/lib/resources.jar
7f7888177000-7f788817a000 ---p 00000000 00:00 0 
7f788817a000-7f7888478000 rw-p 00000000 00:00 0 
7f7888478000-7f788847b000 ---p 00000000 00:00 0 
7f788847b000-7f7888579000 rw-p 00000000 00:00 0 
7f7888579000-7f788857c000 ---p 00000000 00:00 0 
7f788857c000-7f788867a000 rw-p 00000000 00:00 0 
7f788867a000-7f788867d000 ---p 00000000 00:00 0 
7f788867d000-7f788877b000 rw-p 00000000 00:00 0 
7f788877b000-7f788877e000 ---p 00000000 00:00 0 
7f788877e000-7f788887c000 rw-p 00000000 00:00 0 
7f788887c000-7f788887f000 ---p 00000000 00:00 0 
7f788887f000-7f788897d000 rw-p 00000000 00:00 0 
7f788897d000-7f7888980000 ---p 00000000 00:00 0 
7f7888980000-7f7888a7e000 rw-p 00000000 00:00 0 
7f7888a7e000-7f7888a81000 ---p 00000000 00:00 0 
7f7888a81000-7f7888b7f000 rw-p 00000000 00:00 0 
7f7888b7f000-7f7888b82000 ---p 00000000 00:00 0 
7f7888b82000-7f7888c80000 rw-p 00000000 00:00 0 
7f7888c80000-7f7888c83000 ---p 00000000 00:00 0 
7f7888c83000-7f7888d81000 rw-p 00000000 00:00 0 
7f7888d81000-7f7888d84000 ---p 00000000 00:00 0 
7f7888d84000-7f7888e82000 rw-p 00000000 00:00 0 
7f7888e82000-7f7888e85000 ---p 00000000 00:00 0 
7f7888e85000-7f7888f83000 rw-p 00000000 00:00 0 
7f7888f83000-7f7888f86000 ---p 00000000 00:00 0 
7f7888f86000-7f7889084000 rw-p 00000000 00:00 0 
7f7889084000-7f7889087000 ---p 00000000 00:00 0 
7f7889087000-7f7889185000 rw-p 00000000 00:00 0 
7f7889185000-7f7889188000 ---p 00000000 00:00 0 
7f7889188000-7f7889486000 rw-p 00000000 00:00 0 
7f7889486000-7f78894ff000 r--s 010fd000 08:01 654900                     /usr/lib/jdk/jdk1.8.0_201/lib/tools.jar
7f78894ff000-7f7889502000 ---p 00000000 00:00 0 
7f7889502000-7f7889600000 rw-p 00000000 00:00 0 
7f7889600000-7f7889603000 ---p 00000000 00:00 0 
7f7889603000-7f7889701000 rw-p 00000000 00:00 0 
7f7889701000-7f7889704000 ---p 00000000 00:00 0 
7f7889704000-7f7889802000 rw-p 00000000 00:00 0 
7f7889802000-7f7889818000 r-xp 00000000 08:01 656512                     /usr/lib/jdk/jdk1.8.0_201/jre/lib/amd64/libnet.so
7f7889818000-7f7889a18000 ---p 00016000 08:01 656512                     /usr/lib/jdk/jdk1.8.0_201/jre/lib/amd64/libnet.so
7f7889a18000-7f7889a19000 r--p 00016000 08:01 656512                     /usr/lib/jdk/jdk1.8.0_201/jre/lib/amd64/libnet.so
7f7889a19000-7f7889a1a000 rw-p 00017000 08:01 656512                     /usr/lib/jdk/jdk1.8.0_201/jre/lib/amd64/libnet.so
7f7889a1a000-7f7889c4b000 r--s 01bb1000 08:01 403225                     /home/hewitt/work/DiffTGen-master/lib/evosuite-1.0.6.jar
7f7889c4b000-7f7889c4c000 ---p 00000000 00:00 0 
7f7889c4c000-7f7889d4c000 rw-p 00000000 00:00 0 
7f7889d4c000-7f7889d4f000 ---p 00000000 00:00 0 
7f7889d4f000-7f7889e4d000 rw-p 00000000 00:00 0 
7f7889e4d000-7f7889e50000 ---p 00000000 00:00 0 
7f7889e50000-7f7889f4e000 rw-p 00000000 00:00 0 
7f7889f4e000-7f7889f51000 ---p 00000000 00:00 0 
7f7889f51000-7f788a04f000 rw-p 00000000 00:00 0 
7f788a04f000-7f788a052000 ---p 00000000 00:00 0 
7f788a052000-7f788c000000 rw-p 00000000 00:00 0 
7f788c000000-7f788c021000 rw-p 00000000 00:00 0 
7f788c021000-7f7890000000 ---p 00000000 00:00 0 
7f7890002000-7f7890005000 ---p 00000000 00:00 0 
7f7890005000-7f789003b000 rw-p 00000000 00:00 0 
7f789003b000-7f789003e000 ---p 00000000 00:00 0 
7f789003e000-7f789013c000 rw-p 00000000 00:00 0 
7f789013c000-7f7890afb000 r--p 00000000 08:01 270368                     /usr/lib/locale/locale-archive
7f7890afb000-7f7890afe000 ---p 00000000 00:00 0 
7f7890afe000-7f7890bfc000 rw-p 00000000 00:00 0 
7f7890bfc000-7f7890bff000 ---p 00000000 00:00 0 
7f7890bff000-7f7890cfd000 rw-p 00000000 00:00 0 
7f7890cfd000-7f7890cfe000 ---p 00000000 00:00 0 
7f7890cfe000-7f7891000000 rw-p 00000000 00:00 0 
7f7891000000-7f7891640000 rwxp 00000000 00:00 0 
7f7891640000-7f78a0000000 ---p 00000000 00:00 0 
7f78a0000000-7f78a04d8000 rw-p 00000000 00:00 0 
7f78a04d8000-7f78a4000000 ---p 00000000 00:00 0 
7f78a4011000-7f78a402d000 r--s 00393000 08:01 656354                     /usr/lib/jdk/jdk1.8.0_201/jre/lib/ext/cldrdata.jar
7f78a402d000-7f78a4d3a000 rw-p 00000000 00:00 0 
7f78a4d3a000-7f78a4f14000 r--s 03d6f000 08:01 656293                     /usr/lib/jdk/jdk1.8.0_201/jre/lib/rt.jar
7f78a4f14000-7f78a5975000 rw-p 00000000 00:00 0 
7f78a5975000-7f78a5976000 ---p 00000000 00:00 0 
7f78a5976000-7f78a5a76000 rw-p 00000000 00:00 0 
7f78a5a76000-7f78a5a77000 ---p 00000000 00:00 0 
7f78a5a77000-7f78a5b77000 rw-p 00000000 00:00 0 
7f78a5b77000-7f78a5b78000 ---p 00000000 00:00 0 
7f78a5b78000-7f78a5c78000 rw-p 00000000 00:00 0 
7f78a5c78000-7f78a5c79000 ---p 00000000 00:00 0 
7f78a5c79000-7f78a5d8e000 rw-p 00000000 00:00 0 
7f78a5d8e000-7f78a5ec1000 ---p 00000000 00:00 0 
7f78a5ec1000-7f78a5ed6000 rw-p 00000000 00:00 0 
7f78a5ed6000-7f78a6008000 ---p 00000000 00:00 0 
7f78a6008000-7f78a6013000 rw-p 00000000 00:00 0 
7f78a6013000-7f78a60ac000 ---p 00000000 00:00 0 
7f78a60ac000-7f78a60c6000 rw-p 00000000 00:00 0 
7f78a60c6000-7f78a646d000 ---p 00000000 00:00 0 
7f78a646d000-7f78a6488000 r-xp 00000000 08:01 656508                     /usr/lib/jdk/jdk1.8.0_201/jre/lib/amd64/libzip.so
7f78a6488000-7f78a6687000 ---p 0001b000 08:01 656508                     /usr/lib/jdk/jdk1.8.0_201/jre/lib/amd64/libzip.so
7f78a6687000-7f78a6688000 r--p 0001a000 08:01 656508                     /usr/lib/jdk/jdk1.8.0_201/jre/lib/amd64/libzip.so
7f78a6688000-7f78a6689000 rw-p 0001b000 08:01 656508                     /usr/lib/jdk/jdk1.8.0_201/jre/lib/amd64/libzip.so
7f78a6689000-7f78a6694000 r-xp 00000000 08:01 658902                     /lib/x86_64-linux-gnu/libnss_files-2.23.so
7f78a6694000-7f78a6893000 ---p 0000b000 08:01 658902                     /lib/x86_64-linux-gnu/libnss_files-2.23.so
7f78a6893000-7f78a6894000 r--p 0000a000 08:01 658902                     /lib/x86_64-linux-gnu/libnss_files-2.23.so
7f78a6894000-7f78a6895000 rw-p 0000b000 08:01 658902                     /lib/x86_64-linux-gnu/libnss_files-2.23.so
7f78a6895000-7f78a689b000 rw-p 00000000 00:00 0 
7f78a689b000-7f78a68a6000 r-xp 00000000 08:01 658912                     /lib/x86_64-linux-gnu/libnss_nis-2.23.so
7f78a68a6000-7f78a6aa5000 ---p 0000b000 08:01 658912                     /lib/x86_64-linux-gnu/libnss_nis-2.23.so
7f78a6aa5000-7f78a6aa6000 r--p 0000a000 08:01 658912                     /lib/x86_64-linux-gnu/libnss_nis-2.23.so
7f78a6aa6000-7f78a6aa7000 rw-p 0000b000 08:01 658912                     /lib/x86_64-linux-gnu/libnss_nis-2.23.so
7f78a6aa7000-7f78a6abd000 r-xp 00000000 08:01 658896                     /lib/x86_64-linux-gnu/libnsl-2.23.so
7f78a6abd000-7f78a6cbc000 ---p 00016000 08:01 658896                     /lib/x86_64-linux-gnu/libnsl-2.23.so
7f78a6cbc000-7f78a6cbd000 r--p 00015000 08:01 658896                     /lib/x86_64-linux-gnu/libnsl-2.23.so
7f78a6cbd000-7f78a6cbe000 rw-p 00016000 08:01 658896                     /lib/x86_64-linux-gnu/libnsl-2.23.so
7f78a6cbe000-7f78a6cc0000 rw-p 00000000 00:00 0 
7f78a6cc0000-7f78a6cc8000 r-xp 00000000 08:01 658898                     /lib/x86_64-linux-gnu/libnss_compat-2.23.so
7f78a6cc8000-7f78a6ec7000 ---p 00008000 08:01 658898                     /lib/x86_64-linux-gnu/libnss_compat-2.23.so
7f78a6ec7000-7f78a6ec8000 r--p 00007000 08:01 658898                     /lib/x86_64-linux-gnu/libnss_compat-2.23.so
7f78a6ec8000-7f78a6ec9000 rw-p 00008000 08:01 658898                     /lib/x86_64-linux-gnu/libnss_compat-2.23.so
7f78a6ec9000-7f78a6ef5000 r-xp 00000000 08:01 656502                     /usr/lib/jdk/jdk1.8.0_201/jre/lib/amd64/libjava.so
7f78a6ef5000-7f78a70f5000 ---p 0002c000 08:01 656502                     /usr/lib/jdk/jdk1.8.0_201/jre/lib/amd64/libjava.so
7f78a70f5000-7f78a70f6000 r--p 0002c000 08:01 656502                     /usr/lib/jdk/jdk1.8.0_201/jre/lib/amd64/libjava.so
7f78a70f6000-7f78a70f8000 rw-p 0002d000 08:01 656502                     /usr/lib/jdk/jdk1.8.0_201/jre/lib/amd64/libjava.so
7f78a70f8000-7f78a7105000 r-xp 00000000 08:01 656507                     /usr/lib/jdk/jdk1.8.0_201/jre/lib/amd64/libverify.so
7f78a7105000-7f78a7304000 ---p 0000d000 08:01 656507                     /usr/lib/jdk/jdk1.8.0_201/jre/lib/amd64/libverify.so
7f78a7304000-7f78a7306000 r--p 0000c000 08:01 656507                     /usr/lib/jdk/jdk1.8.0_201/jre/lib/amd64/libverify.so
7f78a7306000-7f78a7307000 rw-p 0000e000 08:01 656507                     /usr/lib/jdk/jdk1.8.0_201/jre/lib/amd64/libverify.so
7f78a7307000-7f78a730e000 r-xp 00000000 08:01 658957                     /lib/x86_64-linux-gnu/librt-2.23.so
7f78a730e000-7f78a750d000 ---p 00007000 08:01 658957                     /lib/x86_64-linux-gnu/librt-2.23.so
7f78a750d000-7f78a750e000 r--p 00006000 08:01 658957                     /lib/x86_64-linux-gnu/librt-2.23.so
7f78a750e000-7f78a750f000 rw-p 00007000 08:01 658957                     /lib/x86_64-linux-gnu/librt-2.23.so
7f78a750f000-7f78a7617000 r-xp 00000000 08:01 658873                     /lib/x86_64-linux-gnu/libm-2.23.so
7f78a7617000-7f78a7816000 ---p 00108000 08:01 658873                     /lib/x86_64-linux-gnu/libm-2.23.so
7f78a7816000-7f78a7817000 r--p 00107000 08:01 658873                     /lib/x86_64-linux-gnu/libm-2.23.so
7f78a7817000-7f78a7818000 rw-p 00108000 08:01 658873                     /lib/x86_64-linux-gnu/libm-2.23.so
7f78a7818000-7f78a8500000 r-xp 00000000 08:01 656484                     /usr/lib/jdk/jdk1.8.0_201/jre/lib/amd64/server/libjvm.so
7f78a8500000-7f78a86ff000 ---p 00ce8000 08:01 656484                     /usr/lib/jdk/jdk1.8.0_201/jre/lib/amd64/server/libjvm.so
7f78a86ff000-7f78a8795000 r--p 00ce7000 08:01 656484                     /usr/lib/jdk/jdk1.8.0_201/jre/lib/amd64/server/libjvm.so
7f78a8795000-7f78a87c6000 rw-p 00d7d000 08:01 656484                     /usr/lib/jdk/jdk1.8.0_201/jre/lib/amd64/server/libjvm.so
7f78a87c6000-7f78a8801000 rw-p 00000000 00:00 0 
7f78a8801000-7f78a89c1000 r-xp 00000000 08:01 658803                     /lib/x86_64-linux-gnu/libc-2.23.so
7f78a89c1000-7f78a8bc1000 ---p 001c0000 08:01 658803                     /lib/x86_64-linux-gnu/libc-2.23.so
7f78a8bc1000-7f78a8bc5000 r--p 001c0000 08:01 658803                     /lib/x86_64-linux-gnu/libc-2.23.so
7f78a8bc5000-7f78a8bc7000 rw-p 001c4000 08:01 658803                     /lib/x86_64-linux-gnu/libc-2.23.so
7f78a8bc7000-7f78a8bcb000 rw-p 00000000 00:00 0 
7f78a8bcb000-7f78a8bce000 r-xp 00000000 08:01 658827                     /lib/x86_64-linux-gnu/libdl-2.23.so
7f78a8bce000-7f78a8dcd000 ---p 00003000 08:01 658827                     /lib/x86_64-linux-gnu/libdl-2.23.so
7f78a8dcd000-7f78a8dce000 r--p 00002000 08:01 658827                     /lib/x86_64-linux-gnu/libdl-2.23.so
7f78a8dce000-7f78a8dcf000 rw-p 00003000 08:01 658827                     /lib/x86_64-linux-gnu/libdl-2.23.so
7f78a8dcf000-7f78a8de6000 r-xp 00000000 08:01 656155                     /usr/lib/jdk/jdk1.8.0_201/lib/amd64/jli/libjli.so
7f78a8de6000-7f78a8fe5000 ---p 00017000 08:01 656155                     /usr/lib/jdk/jdk1.8.0_201/lib/amd64/jli/libjli.so
7f78a8fe5000-7f78a8fe6000 r--p 00016000 08:01 656155                     /usr/lib/jdk/jdk1.8.0_201/lib/amd64/jli/libjli.so
7f78a8fe6000-7f78a8fe7000 rw-p 00017000 08:01 656155                     /usr/lib/jdk/jdk1.8.0_201/lib/amd64/jli/libjli.so
7f78a8fe7000-7f78a8fff000 r-xp 00000000 08:01 658949                     /lib/x86_64-linux-gnu/libpthread-2.23.so
7f78a8fff000-7f78a91fe000 ---p 00018000 08:01 658949                     /lib/x86_64-linux-gnu/libpthread-2.23.so
7f78a91fe000-7f78a91ff000 r--p 00017000 08:01 658949                     /lib/x86_64-linux-gnu/libpthread-2.23.so
7f78a91ff000-7f78a9200000 rw-p 00018000 08:01 658949                     /lib/x86_64-linux-gnu/libpthread-2.23.so
7f78a9200000-7f78a9204000 rw-p 00000000 00:00 0 
7f78a9204000-7f78a922a000 r-xp 00000000 08:01 658775                     /lib/x86_64-linux-gnu/ld-2.23.so
7f78a9234000-7f78a923e000 r--s 00116000 08:01 656361                     /usr/lib/jdk/jdk1.8.0_201/jre/lib/ext/localedata.jar
7f78a923e000-7f78a924e000 r--s 000b6000 08:01 429111                     /home/hewitt/work/DiffTGen-master/output/patch1-Math-75-CapGen/Math_75_1_capgen/target/build/classes/all0.jar
7f78a924e000-7f78a930c000 rw-p 00000000 00:00 0 
7f78a930c000-7f78a930f000 ---p 00000000 00:00 0 
7f78a930f000-7f78a9412000 rw-p 00000000 00:00 0 
7f78a9412000-7f78a9416000 r--s 000a1000 08:01 656350                     /usr/lib/jdk/jdk1.8.0_201/jre/lib/jsse.jar
7f78a9416000-7f78a941e000 r--s 0006e000 08:01 398946                     /home/hewitt/work/DiffTGen-master/lib/commons-lang3-3.5.jar
7f78a941e000-7f78a941f000 r--s 00000000 08:01 398951                     /home/hewitt/work/DiffTGen-master/lib/myprinter.jar
7f78a941f000-7f78a9427000 rw-s 00000000 08:01 153699                     /tmp/hsperfdata_hewitt/66380
7f78a9427000-7f78a9428000 rw-p 00000000 00:00 0 
7f78a9428000-7f78a9429000 ---p 00000000 00:00 0 
7f78a9429000-7f78a942a000 r--p 00025000 08:01 658775                     /lib/x86_64-linux-gnu/ld-2.23.so
7f78a942a000-7f78a942b000 rw-p 00026000 08:01 658775                     /lib/x86_64-linux-gnu/ld-2.23.so
7f78a942b000-7f78a942c000 rw-p 00000000 00:00 0 
7fff769b4000-7fff769d6000 rw-p 00000000 00:00 0                          [stack]
7fff769e1000-7fff769e4000 r--p 00000000 00:00 0                          [vvar]
7fff769e4000-7fff769e6000 r-xp 00000000 00:00 0                          [vdso]
ffffffffff600000-ffffffffff601000 r-xp 00000000 00:00 0                  [vsyscall]

VM Arguments:
java_command: /home/hewitt/work/DiffTGen-master/lib/evosuite-1.0.6.jar -base_dir /home/hewitt/work/DiffTGen-master/output/patch1-Math-75-CapGen/Math_75_1_capgen/target/0/22 -projectCP /home/hewitt/work/DiffTGen-master/output/patch1-Math-75-CapGen/Math_75_1_capgen/target/build/classes/all0.jar:/home/hewitt/work/DiffTGen-master/lib/myprinter.jar:/home/hewitt/work/DiffTGen-master/lib/commons-lang3-3.5.jar -class org.apache.commons.math.stat.Frequency -Dassertions=false -Dsearch_budget=60
java_class_path (initial): /home/hewitt/work/DiffTGen-master/lib/evosuite-1.0.6.jar
Launcher Type: SUN_STANDARD

Environment Variables:
JAVA_HOME=/usr/lib/jdk/jdk1.8.0_201
JRE_HOME=/usr/lib/jdk/jdk1.8.0_201/jre
CLASSPATH=.:/usr/lib/jdk/jdk1.8.0_201/lib:/usr/lib/jdk/jdk1.8.0_201/jre/lib
PATH=/usr/lib/jdk/jdk1.8.0_201/bin:/home/hewitt/bin:/home/hewitt/.local/bin:/usr/lib/jdk/jdk1.7.0_80/bin:/usr/local/sbin:/usr/local/bin:/usr/sbin:/usr/bin:/sbin:/bin:/usr/games:/usr/local/games:/snap/bin:/home/hewitt/work/defects4j_v1.4.0/defects4j/framework/bin:/opt/apache-ant-1.9.14/bin:/home/hewitt/work/defects4j_v1.4.0/defects4j/framework/bin
SHELL=/bin/bash
DISPLAY=:0

Signal Handlers:
SIGSEGV: [libjvm.so+0xad3e60], sa_mask[0]=11111111011111111101111111111110, sa_flags=SA_RESTART|SA_SIGINFO
SIGBUS: [libjvm.so+0xad3e60], sa_mask[0]=11111111011111111101111111111110, sa_flags=SA_RESTART|SA_SIGINFO
SIGFPE: [libjvm.so+0x90b880], sa_mask[0]=11111111011111111101111111111110, sa_flags=SA_RESTART|SA_SIGINFO
SIGPIPE: [libjvm.so+0x90b880], sa_mask[0]=11111111011111111101111111111110, sa_flags=SA_RESTART|SA_SIGINFO
SIGXFSZ: [libjvm.so+0x90b880], sa_mask[0]=11111111011111111101111111111110, sa_flags=SA_RESTART|SA_SIGINFO
SIGILL: [libjvm.so+0x90b880], sa_mask[0]=11111111011111111101111111111110, sa_flags=SA_RESTART|SA_SIGINFO
SIGUSR1: SIG_DFL, sa_mask[0]=00000000000000000000000000000000, sa_flags=none
SIGUSR2: [libjvm.so+0x90b750], sa_mask[0]=00100000000000000000000000000000, sa_flags=SA_RESTART|SA_SIGINFO
SIGHUP: [libjvm.so+0x90bd70], sa_mask[0]=11111111011111111101111111111110, sa_flags=SA_RESTART|SA_SIGINFO
SIGINT: [libjvm.so+0x90bd70], sa_mask[0]=11111111011111111101111111111110, sa_flags=SA_RESTART|SA_SIGINFO
SIGTERM: [libjvm.so+0x90bd70], sa_mask[0]=11111111011111111101111111111110, sa_flags=SA_RESTART|SA_SIGINFO
SIGQUIT: [libjvm.so+0x90bd70], sa_mask[0]=11111111011111111101111111111110, sa_flags=SA_RESTART|SA_SIGINFO


---------------  S Y S T E M  ---------------

OS:DISTRIB_ID=Ubuntu
DISTRIB_RELEASE=16.04
DISTRIB_CODENAME=xenial
DISTRIB_DESCRIPTION="Ubuntu 16.04.6 LTS"

uname:Linux 4.15.0-91-generic #92~16.04.1-Ubuntu SMP Fri Feb 28 14:57:22 UTC 2020 x86_64
libc:glibc 2.23 NPTL 2.23 
rlimit: STACK 8192k, CORE 0k, NPROC 15448, NOFILE 1048576, AS infinity
load average:22.17 18.79 17.02

/proc/meminfo:
MemTotal:        4015928 kB
MemFree:          461072 kB
MemAvailable:     374588 kB
Buffers:            1364 kB
Cached:            34088 kB
SwapCached:         1332 kB
Active:          2609868 kB
Inactive:         505504 kB
Active(anon):    2595052 kB
Inactive(anon):   486044 kB
Active(file):      14816 kB
Inactive(file):    19460 kB
Unevictable:          48 kB
Mlocked:              48 kB
SwapTotal:        998396 kB
SwapFree:           2144 kB
Dirty:               300 kB
Writeback:           808 kB
AnonPages:       3079224 kB
Mapped:            27240 kB
Shmem:              1016 kB
Slab:              92208 kB
SReclaimable:      33692 kB
SUnreclaim:        58516 kB
KernelStack:       16692 kB
PageTables:        42608 kB
NFS_Unstable:          0 kB
Bounce:                0 kB
WritebackTmp:          0 kB
CommitLimit:     3006360 kB
Committed_AS:    8631536 kB
VmallocTotal:   34359738367 kB
VmallocUsed:           0 kB
VmallocChunk:          0 kB
HardwareCorrupted:     0 kB
AnonHugePages:         0 kB
ShmemHugePages:        0 kB
ShmemPmdMapped:        0 kB
CmaTotal:              0 kB
CmaFree:               0 kB
HugePages_Total:       0
HugePages_Free:        0
HugePages_Rsvd:        0
HugePages_Surp:        0
Hugepagesize:       2048 kB
DirectMap4k:       98112 kB
DirectMap2M:     4096000 kB
DirectMap1G:     2097152 kB

container (cgroup) information:
container_type: cgroupv1
cpu_cpuset_cpus: 0-3
cpu_memory_nodes: 0
active_processor_count: 4
cpu_quota: -1
cpu_period: 100000
cpu_shares: -1
memory_limit_in_bytes: -1
memory_and_swap_limit_in_bytes: -2
memory_soft_limit_in_bytes: -1
memory_usage_in_bytes: 3191349248
memory_max_usage_in_bytes: 69316608


CPU:total 4 (initial active 4) (2 cores per cpu, 1 threads per core) family 6 model 158 stepping 9, cmov, cx8, fxsr, mmx, sse, sse2, sse3, ssse3, sse4.1, sse4.2, popcnt, avx, avx2, aes, clmul, erms, 3dnowpref, lzcnt, tsc, tscinvbit, bmi1, bmi2, adx

/proc/cpuinfo:
processor	: 0
vendor_id	: GenuineIntel
cpu family	: 6
model		: 158
model name	: Intel(R) Core(TM) i7-7700HQ CPU @ 2.80GHz
stepping	: 9
microcode	: 0xb4
cpu MHz		: 2808.002
cache size	: 6144 KB
physical id	: 0
siblings	: 2
core id		: 0
cpu cores	: 2
apicid		: 0
initial apicid	: 0
fpu		: yes
fpu_exception	: yes
cpuid level	: 22
wp		: yes
flags		: fpu vme de pse tsc msr pae mce cx8 apic sep mtrr pge mca cmov pat pse36 clflush mmx fxsr sse sse2 ss ht syscall nx pdpe1gb rdtscp lm constant_tsc arch_perfmon nopl xtopology tsc_reliable nonstop_tsc cpuid pni pclmulqdq ssse3 fma cx16 pcid sse4_1 sse4_2 x2apic movbe popcnt tsc_deadline_timer aes xsave avx f16c rdrand hypervisor lahf_lm abm 3dnowprefetch cpuid_fault invpcid_single pti ssbd ibrs ibpb stibp fsgsbase tsc_adjust bmi1 avx2 smep bmi2 invpcid mpx rdseed adx smap clflushopt xsaveopt xsavec xsaves arat md_clear flush_l1d arch_capabilities
bugs		: cpu_meltdown spectre_v1 spectre_v2 spec_store_bypass l1tf mds swapgs itlb_multihit
bogomips	: 5616.00
clflush size	: 64
cache_alignment	: 64
address sizes	: 43 bits physical, 48 bits virtual
power management:

processor	: 1
vendor_id	: GenuineIntel
cpu family	: 6
model		: 158
model name	: Intel(R) Core(TM) i7-7700HQ CPU @ 2.80GHz
stepping	: 9
microcode	: 0xb4
cpu MHz		: 2808.002
cache size	: 6144 KB
physical id	: 0
siblings	: 2
core id		: 1
cpu cores	: 2
apicid		: 1
initial apicid	: 1
fpu		: yes
fpu_exception	: yes
cpuid level	: 22
wp		: yes
flags		: fpu vme de pse tsc msr pae mce cx8 apic sep mtrr pge mca cmov pat pse36 clflush mmx fxsr sse sse2 ss ht syscall nx pdpe1gb rdtscp lm constant_tsc arch_perfmon nopl xtopology tsc_reliable nonstop_tsc cpuid pni pclmulqdq ssse3 fma cx16 pcid sse4_1 sse4_2 x2apic movbe popcnt tsc_deadline_timer aes xsave avx f16c rdrand hypervisor lahf_lm abm 3dnowprefetch cpuid_fault invpcid_single pti ssbd ibrs ibpb stibp fsgsbase tsc_adjust bmi1 avx2 smep bmi2 invpcid mpx rdseed adx smap clflushopt xsaveopt xsavec xsaves arat md_clear flush_l1d arch_capabilities
bugs		: cpu_meltdown spectre_v1 spectre_v2 spec_store_bypass l1tf mds swapgs itlb_multihit
bogomips	: 5616.00
clflush size	: 64
cache_alignment	: 64
address sizes	: 43 bits physical, 48 bits virtual
power management:

processor	: 2
vendor_id	: GenuineIntel
cpu family	: 6
model		: 158
model name	: Intel(R) Core(TM) i7-7700HQ CPU @ 2.80GHz
stepping	: 9
microcode	: 0xb4
cpu MHz		: 2808.002
cache size	: 6144 KB
physical id	: 1
siblings	: 2
core id		: 0
cpu cores	: 2
apicid		: 2
initial apicid	: 2
fpu		: yes
fpu_exception	: yes
cpuid level	: 22
wp		: yes
flags		: fpu vme de pse tsc msr pae mce cx8 apic sep mtrr pge mca cmov pat pse36 clflush mmx fxsr sse sse2 ss ht syscall nx pdpe1gb rdtscp lm constant_tsc arch_perfmon nopl xtopology tsc_reliable nonstop_tsc cpuid pni pclmulqdq ssse3 fma cx16 pcid sse4_1 sse4_2 x2apic movbe popcnt tsc_deadline_timer aes xsave avx f16c rdrand hypervisor lahf_lm abm 3dnowprefetch cpuid_fault invpcid_single pti ssbd ibrs ibpb stibp fsgsbase tsc_adjust bmi1 avx2 smep bmi2 invpcid mpx rdseed adx smap clflushopt xsaveopt xsavec xsaves arat md_clear flush_l1d arch_capabilities
bugs		: cpu_meltdown spectre_v1 spectre_v2 spec_store_bypass l1tf mds swapgs itlb_multihit
bogomips	: 5616.00
clflush size	: 64
cache_alignment	: 64
address sizes	: 43 bits physical, 48 bits virtual
power management:

processor	: 3
vendor_id	: GenuineIntel
cpu family	: 6
model		: 158
model name	: Intel(R) Core(TM) i7-7700HQ CPU @ 2.80GHz
stepping	: 9
microcode	: 0xb4
cpu MHz		: 2808.002
cache size	: 6144 KB
physical id	: 1
siblings	: 2
core id		: 1
cpu cores	: 2
apicid		: 3
initial apicid	: 3
fpu		: yes
fpu_exception	: yes
cpuid level	: 22
wp		: yes
flags		: fpu vme de pse tsc msr pae mce cx8 apic sep mtrr pge mca cmov pat pse36 clflush mmx fxsr sse sse2 ss ht syscall nx pdpe1gb rdtscp lm constant_tsc arch_perfmon nopl xtopology tsc_reliable nonstop_tsc cpuid pni pclmulqdq ssse3 fma cx16 pcid sse4_1 sse4_2 x2apic movbe popcnt tsc_deadline_timer aes xsave avx f16c rdrand hypervisor lahf_lm abm 3dnowprefetch cpuid_fault invpcid_single pti ssbd ibrs ibpb stibp fsgsbase tsc_adjust bmi1 avx2 smep bmi2 invpcid mpx rdseed adx smap clflushopt xsaveopt xsavec xsaves arat md_clear flush_l1d arch_capabilities
bugs		: cpu_meltdown spectre_v1 spectre_v2 spec_store_bypass l1tf mds swapgs itlb_multihit
bogomips	: 5616.00
clflush size	: 64
cache_alignment	: 64
address sizes	: 43 bits physical, 48 bits virtual
power management:



Memory: 4k page, physical 4015928k(460600k free), swap 998396k(2636k free)

vm_info: Java HotSpot(TM) 64-Bit Server VM (25.201-b09) for linux-amd64 JRE (1.8.0_201-b09), built on Dec 15 2018 11:35:59 by "java_re" with gcc 7.3.0

time: Sun Mar 29 11:48:54 2020
timezone: CST
elapsed time: 56 seconds (0d 0h 0m 56s)

