#
# There is insufficient memory for the Java Runtime Environment to continue.
# Native memory allocation (mmap) failed to map 58720256 bytes for committing reserved memory.
# Possible reasons:
#   The system is out of physical RAM or swap space
#   The process is running with CompressedOops enabled, and the Java Heap may be blocking the growth of the native heap
# Possible solutions:
#   Reduce memory load on the system
#   Increase physical memory or swap space
#   Check if swap backing store is full
#   Decrease Java heap size (-Xmx/-Xms)
#   Decrease number of Java threads
#   Decrease Java thread stack sizes (-Xss)
#   Set larger code cache with -XX:ReservedCodeCacheSize=
#   JVM is running with Unscaled Compressed Oops mode in which the Java heap is
#     placed in the first 4GB address space. The Java Heap base address is the
#     maximum limit for the native heap growth. Please use -XX:HeapBaseMinAddress
#     to set the Java Heap base and to place the Java Heap above 4GB virtual address.
# This output file may be truncated or incomplete.
#
#  Out of Memory Error (os_linux.cpp:2749), pid=39378, tid=0x00007fdd41605700
#
# JRE version: Java(TM) SE Runtime Environment (8.0_201-b09) (build 1.8.0_201-b09)
# Java VM: Java HotSpot(TM) 64-Bit Server VM (25.201-b09 mixed mode linux-amd64 compressed oops)
# Failed to write core dump. Core dumps have been disabled. To enable core dumping, try "ulimit -c unlimited" before starting Java again
#

---------------  T H R E A D  ---------------

Current thread (0x00007fdd54140000):  VMThread [stack: 0x00007fdd41505000,0x00007fdd41606000] [id=39425]

Stack: [0x00007fdd41505000,0x00007fdd41606000],  sp=0x00007fdd41604450,  free space=1021k
Native frames: (J=compiled Java code, j=interpreted, Vv=VM code, C=native code)
V  [libjvm.so+0xad3525]  VMError::report_and_die()+0x2e5
V  [libjvm.so+0x4e0457]  report_vm_out_of_memory(char const*, int, unsigned long, VMErrorType, char const*)+0x67
V  [libjvm.so+0x9102f0]  os::pd_commit_memory(char*, unsigned long, unsigned long, bool)+0x100
V  [libjvm.so+0x90791f]  os::commit_memory(char*, unsigned long, unsigned long, bool)+0x1f
V  [libjvm.so+0x98c806]  PSVirtualSpace::expand_by(unsigned long)+0x56
V  [libjvm.so+0x98da98]  PSYoungGen::resize(unsigned long, unsigned long)+0xd8
V  [libjvm.so+0x98a236]  PSScavenge::invoke_no_policy()+0x1376
V  [libjvm.so+0x98a5cc]  PSScavenge::invoke()+0x4c
V  [libjvm.so+0x93a318]  ParallelScavengeHeap::failed_mem_allocate(unsigned long)+0x68
V  [libjvm.so+0xad5073]  VM_ParallelGCFailedAllocation::doit()+0x93
V  [libjvm.so+0xada296]  VM_Operation::evaluate()+0x46
V  [libjvm.so+0xad85cd]  VMThread::evaluate_operation(VM_Operation*) [clone .constprop.44]+0xcd
V  [libjvm.so+0xad8bb3]  VMThread::loop()+0x3a3
V  [libjvm.so+0xad8f88]  VMThread::run()+0x78
V  [libjvm.so+0x90d922]  java_start(Thread*)+0x102

VM_Operation (0x00007fdcd3bf98d0): ParallelGCFailedAllocation, mode: safepoint, requested by thread 0x00007fdcf8001000


---------------  P R O C E S S  ---------------

Java Threads: ( => current thread )
  0x00007fdcf8002800 JavaThread "RMI TCP Connection(idle)" daemon [_thread_blocked, id=39857, stack(0x00007fdcd39fa000,0x00007fdcd3afb000)]
  0x00007fdcf8001000 JavaThread "RMI TCP Connection(5)-127.0.0.1" daemon [_thread_blocked, id=39852, stack(0x00007fdcd3afb000,0x00007fdcd3bfc000)]
  0x00007fdcc4038000 JavaThread "RMI Scheduler(0)" daemon [_thread_blocked, id=39849, stack(0x00007fdcd3bfc000,0x00007fdcd3cfd000)]
  0x00007fdcc4030800 JavaThread "RMI RenewClean-[127.0.0.1:10530]" daemon [_thread_blocked, id=39843, stack(0x00007fdcd3cfd000,0x00007fdcd3dfe000)]
  0x00007fdcf4001000 JavaThread "RMI TCP Connection(4)-127.0.0.1" daemon [_thread_blocked, id=39825, stack(0x00007fdcd3dfe000,0x00007fdcd3eff000)]
  0x00007fdce4005000 JavaThread "pool-3-thread-3" [_thread_in_native, id=39759, stack(0x00007fdcd3eff000,0x00007fdcd4000000)]
  0x00007fdce4003000 JavaThread "pool-3-thread-2" [_thread_in_native, id=39757, stack(0x00007fdd38063000,0x00007fdd38164000)]
  0x00007fdce4002000 JavaThread "pool-3-thread-1" [_thread_in_native, id=39753, stack(0x00007fdd38164000,0x00007fdd38265000)]
  0x00007fdd54200800 JavaThread "Thread-3" [_thread_in_native, id=39654, stack(0x00007fdd38265000,0x00007fdd38366000)]
  0x00007fdd541fe800 JavaThread "Thread-2" [_thread_in_native, id=39650, stack(0x00007fdd38366000,0x00007fdd38467000)]
  0x00007fdd541fd000 JavaThread "process reaper" daemon [_thread_in_native, id=39642, stack(0x00007fdd58022000,0x00007fdd5805b000)]
  0x00007fdd543c0800 JavaThread "pool-2-thread-1" [_thread_in_native, id=39604, stack(0x00007fdd38467000,0x00007fdd38568000)]
  0x00007fdd543be000 JavaThread "GC Daemon" daemon [_thread_blocked, id=39589, stack(0x00007fdd38568000,0x00007fdd38669000)]
  0x00007fdd543bb800 JavaThread "RMI Reaper" [_thread_blocked, id=39582, stack(0x00007fdd38669000,0x00007fdd3876a000)]
  0x00007fdd543b4800 JavaThread "RMI TCP Accept-13370" daemon [_thread_in_native, id=39575, stack(0x00007fdd3876a000,0x00007fdd3886b000)]
  0x00007fdd543ad000 JavaThread "RMI TCP Accept-16320" daemon [_thread_in_native, id=39570, stack(0x00007fdd3886b000,0x00007fdd3896c000)]
  0x00007fdd542ea800 JavaThread "logback-3" daemon [_thread_blocked, id=39515, stack(0x00007fdd38be5000,0x00007fdd38ce6000)]
  0x00007fdd542e7000 JavaThread "logback-2" daemon [_thread_blocked, id=39514, stack(0x00007fdd38ce6000,0x00007fdd38de7000)]
  0x00007fdd542e5800 JavaThread "logback-1" daemon [_thread_blocked, id=39507, stack(0x00007fdd4000c000,0x00007fdd4010d000)]
  0x00007fdd54189000 JavaThread "Service Thread" daemon [_thread_blocked, id=39478, stack(0x00007fdd4043f000,0x00007fdd40540000)]
  0x00007fdd54186000 JavaThread "C1 CompilerThread2" daemon [_thread_blocked, id=39474, stack(0x00007fdd40540000,0x00007fdd40641000)]
  0x00007fdd54184800 JavaThread "C2 CompilerThread1" daemon [_thread_in_native, id=39472, stack(0x00007fdd40641000,0x00007fdd40742000)]
  0x00007fdd54181800 JavaThread "C2 CompilerThread0" daemon [_thread_blocked, id=39466, stack(0x00007fdd40742000,0x00007fdd40843000)]
  0x00007fdd54180000 JavaThread "Signal Dispatcher" daemon [_thread_blocked, id=39459, stack(0x00007fdd40843000,0x00007fdd40944000)]
  0x00007fdd5414c000 JavaThread "Finalizer" daemon [_thread_blocked, id=39443, stack(0x00007fdd41303000,0x00007fdd41404000)]
  0x00007fdd54149800 JavaThread "Reference Handler" daemon [_thread_blocked, id=39434, stack(0x00007fdd41404000,0x00007fdd41505000)]
  0x00007fdd5400a800 JavaThread "main" [_thread_in_native, id=39386, stack(0x00007fdd5b9f2000,0x00007fdd5baf3000)]

Other Threads:
=>0x00007fdd54140000 VMThread [stack: 0x00007fdd41505000,0x00007fdd41606000] [id=39425]
  0x00007fdd5418b800 WatcherThread [stack: 0x00007fdd4033e000,0x00007fdd4043f000] [id=39482]

VM state:at safepoint (normal execution)

VM Mutex/Monitor currently owned by a thread:  ([mutex/lock_event])
[0x00007fdd54007090] Threads_lock - owner thread: 0x00007fdd54140000
[0x00007fdd54007590] Heap_lock - owner thread: 0x00007fdcf8001000

heap address: 0x00000000c2a00000, size: 982 MB, Compressed Oops mode: 32-bit
Narrow klass base: 0x0000000000000000, Narrow klass shift: 3
Compressed class space size: 1073741824 Address: 0x0000000100000000

Heap:
 PSYoungGen      total 64000K, used 3760K [0x00000000eb900000, 0x00000000efe00000, 0x0000000100000000)
  eden space 58368K, 0% used [0x00000000eb900000,0x00000000eb900000,0x00000000ef200000)
  from space 5632K, 66% used [0x00000000ef200000,0x00000000ef5ac010,0x00000000ef780000)
  to   space 4608K, 0% used [0x00000000ef780000,0x00000000ef780000,0x00000000efc00000)
 ParOldGen       total 42496K, used 8592K [0x00000000c2a00000, 0x00000000c5380000, 0x00000000eb900000)
  object space 42496K, 20% used [0x00000000c2a00000,0x00000000c32640d8,0x00000000c5380000)
 Metaspace       used 14053K, capacity 14506K, committed 14848K, reserved 1062912K
  class space    used 1599K, capacity 1745K, committed 1792K, reserved 1048576K

Card table byte_map: [0x00007fdd585a7000,0x00007fdd58793000] byte_map_base: 0x00007fdd57f92000

Marking Bits: (ParMarkBitMap*) 0x00007fdd5aec9d80
 Begin Bits: [0x00007fdd43150000, 0x00007fdd440a8000)
 End Bits:   [0x00007fdd440a8000, 0x00007fdd45000000)

Polling page: 0x00007fdd5bb0e000

CodeCache: size=245760Kb used=6618Kb max_used=6643Kb free=239141Kb
 bounds [0x00007fdd45000000, 0x00007fdd45690000, 0x00007fdd54000000]
 total_blobs=2168 nmethods=1820 adapters=261
 compilation: enabled

Compilation events (10 events):
Event: 43.849 Thread 0x00007fdd54186000 1849       2       java.util.HashMap::remove (26 bytes)
Event: 43.849 Thread 0x00007fdd54186000 nmethod 1849 0x00007fdd45671a50 code [0x00007fdd45671bc0, 0x00007fdd45671dd8]
Event: 43.889 Thread 0x00007fdd54186000 1850       2       org.evosuite.shaded.org.objectweb.asm.tree.InsnList::insertBefore (86 bytes)
Event: 43.889 Thread 0x00007fdd54186000 nmethod 1850 0x00007fdd45671ed0 code [0x00007fdd45672040, 0x00007fdd45672288]
Event: 43.889 Thread 0x00007fdd54186000 1851       2       java.util.LinkedList$ListItr::<init> (47 bytes)
Event: 43.890 Thread 0x00007fdd54186000 nmethod 1851 0x00007fdd45672410 code [0x00007fdd45672580, 0x00007fdd45672768]
Event: 43.892 Thread 0x00007fdd54186000 1853       2       java.util.HashSet::remove (20 bytes)
Event: 43.893 Thread 0x00007fdd54186000 nmethod 1853 0x00007fdd45672850 code [0x00007fdd456729e0, 0x00007fdd45672c18]
Event: 44.285 Thread 0x00007fdd54181800 nmethod 1793 0x00007fdd45678f50 code [0x00007fdd456794a0, 0x00007fdd4567c7b8]
Event: 44.286 Thread 0x00007fdd54181800 1837 %     4       java.util.AbstractCollection::addAll @ 9 (42 bytes)

GC Heap History (10 events):
Event: 42.625 GC heap after
Heap after GC invocations=5 (full 1):
 PSYoungGen      total 18432K, used 2544K [0x00000000eb900000, 0x00000000ecd80000, 0x0000000100000000)
  eden space 15872K, 0% used [0x00000000eb900000,0x00000000eb900000,0x00000000ec880000)
  from space 2560K, 99% used [0x00000000ecb00000,0x00000000ecd7c148,0x00000000ecd80000)
  to   space 2560K, 0% used [0x00000000ec880000,0x00000000ec880000,0x00000000ecb00000)
 ParOldGen       total 42496K, used 4630K [0x00000000c2a00000, 0x00000000c5380000, 0x00000000eb900000)
  object space 42496K, 10% used [0x00000000c2a00000,0x00000000c2e85a88,0x00000000c5380000)
 Metaspace       used 13862K, capacity 14250K, committed 14592K, reserved 1062912K
  class space    used 1599K, capacity 1745K, committed 1792K, reserved 1048576K
}
Event: 42.748 GC heap before
{Heap before GC invocations=6 (full 1):
 PSYoungGen      total 18432K, used 18416K [0x00000000eb900000, 0x00000000ecd80000, 0x0000000100000000)
  eden space 15872K, 100% used [0x00000000eb900000,0x00000000ec880000,0x00000000ec880000)
  from space 2560K, 99% used [0x00000000ecb00000,0x00000000ecd7c148,0x00000000ecd80000)
  to   space 2560K, 0% used [0x00000000ec880000,0x00000000ec880000,0x00000000ecb00000)
 ParOldGen       total 42496K, used 4630K [0x00000000c2a00000, 0x00000000c5380000, 0x00000000eb900000)
  object space 42496K, 10% used [0x00000000c2a00000,0x00000000c2e85a88,0x00000000c5380000)
 Metaspace       used 13917K, capacity 14314K, committed 14592K, reserved 1062912K
  class space    used 1599K, capacity 1745K, committed 1792K, reserved 1048576K
Event: 42.762 GC heap after
Heap after GC invocations=6 (full 1):
 PSYoungGen      total 18432K, used 2548K [0x00000000eb900000, 0x00000000edd00000, 0x0000000100000000)
  eden space 15872K, 0% used [0x00000000eb900000,0x00000000eb900000,0x00000000ec880000)
  from space 2560K, 99% used [0x00000000ec880000,0x00000000ecafd148,0x00000000ecb00000)
  to   space 2560K, 0% used [0x00000000eda80000,0x00000000eda80000,0x00000000edd00000)
 ParOldGen       total 42496K, used 5386K [0x00000000c2a00000, 0x00000000c5380000, 0x00000000eb900000)
  object space 42496K, 12% used [0x00000000c2a00000,0x00000000c2f42ad8,0x00000000c5380000)
 Metaspace       used 13917K, capacity 14314K, committed 14592K, reserved 1062912K
  class space    used 1599K, capacity 1745K, committed 1792K, reserved 1048576K
}
Event: 42.824 GC heap before
{Heap before GC invocations=7 (full 1):
 PSYoungGen      total 18432K, used 18420K [0x00000000eb900000, 0x00000000edd00000, 0x0000000100000000)
  eden space 15872K, 100% used [0x00000000eb900000,0x00000000ec880000,0x00000000ec880000)
  from space 2560K, 99% used [0x00000000ec880000,0x00000000ecafd148,0x00000000ecb00000)
  to   space 2560K, 0% used [0x00000000eda80000,0x00000000eda80000,0x00000000edd00000)
 ParOldGen       total 42496K, used 5386K [0x00000000c2a00000, 0x00000000c5380000, 0x00000000eb900000)
  object space 42496K, 12% used [0x00000000c2a00000,0x00000000c2f42ad8,0x00000000c5380000)
 Metaspace       used 13954K, capacity 14378K, committed 14592K, reserved 1062912K
  class space    used 1599K, capacity 1745K, committed 1792K, reserved 1048576K
Event: 42.833 GC heap after
Heap after GC invocations=7 (full 1):
 PSYoungGen      total 32256K, used 2560K [0x00000000eb900000, 0x00000000ee100000, 0x0000000100000000)
  eden space 29696K, 0% used [0x00000000eb900000,0x00000000eb900000,0x00000000ed600000)
  from space 2560K, 100% used [0x00000000eda80000,0x00000000edd00000,0x00000000edd00000)
  to   space 4608K, 0% used [0x00000000ed600000,0x00000000ed600000,0x00000000eda80000)
 ParOldGen       total 42496K, used 5918K [0x00000000c2a00000, 0x00000000c5380000, 0x00000000eb900000)
  object space 42496K, 13% used [0x00000000c2a00000,0x00000000c2fc7bb8,0x00000000c5380000)
 Metaspace       used 13954K, capacity 14378K, committed 14592K, reserved 1062912K
  class space    used 1599K, capacity 1745K, committed 1792K, reserved 1048576K
}
Event: 43.191 GC heap before
{Heap before GC invocations=8 (full 1):
 PSYoungGen      total 32256K, used 32256K [0x00000000eb900000, 0x00000000ee100000, 0x0000000100000000)
  eden space 29696K, 100% used [0x00000000eb900000,0x00000000ed600000,0x00000000ed600000)
  from space 2560K, 100% used [0x00000000eda80000,0x00000000edd00000,0x00000000edd00000)
  to   space 4608K, 0% used [0x00000000ed600000,0x00000000ed600000,0x00000000eda80000)
 ParOldGen       total 42496K, used 5918K [0x00000000c2a00000, 0x00000000c5380000, 0x00000000eb900000)
  object space 42496K, 13% used [0x00000000c2a00000,0x00000000c2fc7bb8,0x00000000c5380000)
 Metaspace       used 13995K, capacity 14442K, committed 14592K, reserved 1062912K
  class space    used 1599K, capacity 1745K, committed 1792K, reserved 1048576K
Event: 43.210 GC heap after
Heap after GC invocations=8 (full 1):
 PSYoungGen      total 34304K, used 4100K [0x00000000eb900000, 0x00000000efc00000, 0x0000000100000000)
  eden space 29696K, 0% used [0x00000000eb900000,0x00000000eb900000,0x00000000ed600000)
  from space 4608K, 88% used [0x00000000ed600000,0x00000000eda01178,0x00000000eda80000)
  to   space 4608K, 0% used [0x00000000ef780000,0x00000000ef780000,0x00000000efc00000)
 ParOldGen       total 42496K, used 5918K [0x00000000c2a00000, 0x00000000c5380000, 0x00000000eb900000)
  object space 42496K, 13% used [0x00000000c2a00000,0x00000000c2fc7bb8,0x00000000c5380000)
 Metaspace       used 13995K, capacity 14442K, committed 14592K, reserved 1062912K
  class space    used 1599K, capacity 1745K, committed 1792K, reserved 1048576K
}
Event: 43.505 GC heap before
{Heap before GC invocations=9 (full 1):
 PSYoungGen      total 34304K, used 33796K [0x00000000eb900000, 0x00000000efc00000, 0x0000000100000000)
  eden space 29696K, 100% used [0x00000000eb900000,0x00000000ed600000,0x00000000ed600000)
  from space 4608K, 88% used [0x00000000ed600000,0x00000000eda01178,0x00000000eda80000)
  to   space 4608K, 0% used [0x00000000ef780000,0x00000000ef780000,0x00000000efc00000)
 ParOldGen       total 42496K, used 5918K [0x00000000c2a00000, 0x00000000c5380000, 0x00000000eb900000)
  object space 42496K, 13% used [0x00000000c2a00000,0x00000000c2fc7bb8,0x00000000c5380000)
 Metaspace       used 14022K, capacity 14442K, committed 14592K, reserved 1062912K
  class space    used 1599K, capacity 1745K, committed 1792K, reserved 1048576K
Event: 43.571 GC heap after
Heap after GC invocations=9 (full 1):
 PSYoungGen      total 62976K, used 4576K [0x00000000eb900000, 0x00000000efe00000, 0x0000000100000000)
  eden space 58368K, 0% used [0x00000000eb900000,0x00000000eb900000,0x00000000ef200000)
  from space 4608K, 99% used [0x00000000ef780000,0x00000000efbf8060,0x00000000efc00000)
  to   space 5632K, 0% used [0x00000000ef200000,0x00000000ef200000,0x00000000ef780000)
 ParOldGen       total 42496K, used 7243K [0x00000000c2a00000, 0x00000000c5380000, 0x00000000eb900000)
  object space 42496K, 17% used [0x00000000c2a00000,0x00000000c3112fa0,0x00000000c5380000)
 Metaspace       used 14022K, capacity 14442K, committed 14592K, reserved 1062912K
  class space    used 1599K, capacity 1745K, committed 1792K, reserved 1048576K
}
Event: 44.381 GC heap before
{Heap before GC invocations=10 (full 1):
 PSYoungGen      total 62976K, used 62944K [0x00000000eb900000, 0x00000000efe00000, 0x0000000100000000)
  eden space 58368K, 100% used [0x00000000eb900000,0x00000000ef200000,0x00000000ef200000)
  from space 4608K, 99% used [0x00000000ef780000,0x00000000efbf8060,0x00000000efc00000)
  to   space 5632K, 0% used [0x00000000ef200000,0x00000000ef200000,0x00000000ef780000)
 ParOldGen       total 42496K, used 7243K [0x00000000c2a00000, 0x00000000c5380000, 0x00000000eb900000)
  object space 42496K, 17% used [0x00000000c2a00000,0x00000000c3112fa0,0x00000000c5380000)
 Metaspace       used 14053K, capacity 14506K, committed 14848K, reserved 1062912K
  class space    used 1599K, capacity 1745K, committed 1792K, reserved 1048576K

Deoptimization events (10 events):
Event: 42.438 Thread 0x00007fdcf4001000 Uncommon trap: reason=unstable_if action=reinterpret pc=0x00007fdd451f1578 method=java.lang.AbstractStringBuilder.append(Ljava/lang/String;)Ljava/lang/AbstractStringBuilder; @ 1
Event: 42.589 Thread 0x00007fdcf4001000 Uncommon trap: reason=unstable_if action=reinterpret pc=0x00007fdd45551244 method=java.util.AbstractCollection.addAll(Ljava/util/Collection;)Z @ 32
Event: 42.641 Thread 0x00007fdcf4001000 Uncommon trap: reason=bimorphic action=maybe_recompile pc=0x00007fdd454d2e18 method=java.util.HashMap.putVal(ILjava/lang/Object;Ljava/lang/Object;ZZ)Ljava/lang/Object; @ 203
Event: 42.670 Thread 0x00007fdcf4001000 Uncommon trap: reason=bimorphic action=maybe_recompile pc=0x00007fdd454d2e18 method=java.util.HashMap.putVal(ILjava/lang/Object;Ljava/lang/Object;ZZ)Ljava/lang/Object; @ 203
Event: 42.994 Thread 0x00007fdcf4001000 Uncommon trap: reason=unstable_if action=reinterpret pc=0x00007fdd4554ff44 method=org.evosuite.shaded.org.objectweb.asm.Frame.merge(Lorg/evosuite/shaded/org/objectweb/asm/ClassWriter;I[II)Z @ 61
Event: 43.150 Thread 0x00007fdcf4001000 Uncommon trap: reason=bimorphic action=maybe_recompile pc=0x00007fdd455d8d48 method=java.util.AbstractCollection.addAll(Ljava/util/Collection;)Z @ 3
Event: 43.150 Thread 0x00007fdcf4001000 Uncommon trap: reason=bimorphic action=maybe_recompile pc=0x00007fdd455d8d48 method=java.util.AbstractCollection.addAll(Ljava/util/Collection;)Z @ 3
Event: 43.150 Thread 0x00007fdcf4001000 Uncommon trap: reason=bimorphic action=maybe_recompile pc=0x00007fdd455d8d48 method=java.util.AbstractCollection.addAll(Ljava/util/Collection;)Z @ 3
Event: 43.150 Thread 0x00007fdcf4001000 Uncommon trap: reason=bimorphic action=maybe_recompile pc=0x00007fdd455d8d48 method=java.util.AbstractCollection.addAll(Ljava/util/Collection;)Z @ 3
Event: 43.151 Thread 0x00007fdcf4001000 Uncommon trap: reason=unstable_if action=reinterpret pc=0x00007fdd45614eb4 method=org.evosuite.shaded.org.objectweb.asm.tree.analysis.SourceInterpreter.merge(Lorg/evosuite/shaded/org/objectweb/asm/tree/analysis/SourceValue;Lorg/evosuite/shaded/org/objectw

Classes redefined (0 events):
No events

Internal exceptions (10 events):
Event: 31.357 Thread 0x00007fdd542e7000 Exception <a 'java/net/ConnectException'> (0x00000000ebb69ae8) thrown at [/HUDSON/workspace/8-2-build-linux-amd64/jdk8u201/12317/hotspot/src/share/vm/prims/jni.cpp, line 709]
Event: 31.357 Thread 0x00007fdd542e5800 Exception <a 'java/net/ConnectException'> (0x00000000ebb41f40) thrown at [/HUDSON/workspace/8-2-build-linux-amd64/jdk8u201/12317/hotspot/src/share/vm/prims/jni.cpp, line 709]
Event: 39.454 Thread 0x00007fdcf4001000 Implicit null exception at 0x00007fdd4539d03d to 0x00007fdd4539dca9
Event: 39.454 Thread 0x00007fdcf4001000 Implicit null exception at 0x00007fdd4539c03c to 0x00007fdd4539c31d
Event: 39.930 Thread 0x00007fdcf4001000 Exception <a 'java/lang/NoSuchMethodError': <clinit>> (0x00000000ec206570) thrown at [/HUDSON/workspace/8-2-build-linux-amd64/jdk8u201/12317/hotspot/src/share/vm/prims/jni.cpp, line 1613]
Event: 41.369 Thread 0x00007fdd542e5800 Exception <a 'java/net/ConnectException'> (0x00000000ebb42a68) thrown at [/HUDSON/workspace/8-2-build-linux-amd64/jdk8u201/12317/hotspot/src/share/vm/prims/jni.cpp, line 709]
Event: 41.369 Thread 0x00007fdd542e7000 Exception <a 'java/net/ConnectException'> (0x00000000ebb6a610) thrown at [/HUDSON/workspace/8-2-build-linux-amd64/jdk8u201/12317/hotspot/src/share/vm/prims/jni.cpp, line 709]
Event: 41.369 Thread 0x00007fdd542ea800 Exception <a 'java/net/ConnectException'> (0x00000000ebb921b8) thrown at [/HUDSON/workspace/8-2-build-linux-amd64/jdk8u201/12317/hotspot/src/share/vm/prims/jni.cpp, line 709]
Event: 42.423 Thread 0x00007fdcf4001000 Implicit null exception at 0x00007fdd4520aef5 to 0x00007fdd4520b29d
Event: 42.438 Thread 0x00007fdcf4001000 Implicit null exception at 0x00007fdd451f11b6 to 0x00007fdd451f1561

Events (10 events):
Event: 43.151 Thread 0x00007fdcf4001000 DEOPT UNPACKING pc=0x00007fdd4504573a sp=0x00007fdcd3ef81b8 mode 2
Event: 43.191 Executing VM operation: ParallelGCFailedAllocation
Event: 43.210 Executing VM operation: ParallelGCFailedAllocation done
Event: 43.505 Executing VM operation: ParallelGCFailedAllocation
Event: 43.571 Executing VM operation: ParallelGCFailedAllocation done
Event: 43.649 Thread 0x00007fdcf4001000 DEOPT PACKING pc=0x00007fdd4564b93d sp=0x00007fdcd3ef8170
Event: 43.649 Thread 0x00007fdcf4001000 DEOPT UNPACKING pc=0x00007fdd45047784 sp=0x00007fdcd3ef7eb0 mode 0
Event: 43.756 Thread 0x00007fdcf4001000 DEOPT PACKING pc=0x00007fdd455e9b31 sp=0x00007fdcd3ef8370
Event: 43.756 Thread 0x00007fdcf4001000 DEOPT UNPACKING pc=0x00007fdd45047784 sp=0x00007fdcd3ef81e0 mode 0
Event: 44.369 Executing VM operation: ParallelGCFailedAllocation


Dynamic libraries:
00400000-00401000 r-xp 00000000 08:01 654793                             /usr/lib/jdk/jdk1.8.0_201/bin/java
00600000-00601000 r--p 00000000 08:01 654793                             /usr/lib/jdk/jdk1.8.0_201/bin/java
00601000-00602000 rw-p 00001000 08:01 654793                             /usr/lib/jdk/jdk1.8.0_201/bin/java
0116d000-0118e000 rw-p 00000000 00:00 0                                  [heap]
c2a00000-c5380000 rw-p 00000000 00:00 0 
c5380000-eb900000 ---p 00000000 00:00 0 
eb900000-efe00000 rw-p 00000000 00:00 0 
f3600000-100000000 ---p 00000000 00:00 0 
100000000-1001c0000 rw-p 00000000 00:00 0 
1001c0000-140000000 ---p 00000000 00:00 0 
7fdcbc000000-7fdcbc021000 rw-p 00000000 00:00 0 
7fdcbc021000-7fdcc0000000 ---p 00000000 00:00 0 
7fdcc4000000-7fdcc4259000 rw-p 00000000 00:00 0 
7fdcc4259000-7fdcc8000000 ---p 00000000 00:00 0 
7fdcc8000000-7fdcc8021000 rw-p 00000000 00:00 0 
7fdcc8021000-7fdccc000000 ---p 00000000 00:00 0 
7fdccc000000-7fdccc021000 rw-p 00000000 00:00 0 
7fdccc021000-7fdcd0000000 ---p 00000000 00:00 0 
7fdcd35fa000-7fdcd36ba000 rw-p 00000000 00:00 0 
7fdcd36ba000-7fdcd37fa000 ---p 00000000 00:00 0 
7fdcd37fa000-7fdcd39fa000 rw-p 00000000 00:00 0 
7fdcd39fa000-7fdcd39fd000 ---p 00000000 00:00 0 
7fdcd39fd000-7fdcd3afb000 rw-p 00000000 00:00 0 
7fdcd3afb000-7fdcd3afe000 ---p 00000000 00:00 0 
7fdcd3afe000-7fdcd3bfc000 rw-p 00000000 00:00 0 
7fdcd3bfc000-7fdcd3bff000 ---p 00000000 00:00 0 
7fdcd3bff000-7fdcd3cfd000 rw-p 00000000 00:00 0 
7fdcd3cfd000-7fdcd3d00000 ---p 00000000 00:00 0 
7fdcd3d00000-7fdcd3dfe000 rw-p 00000000 00:00 0 
7fdcd3dfe000-7fdcd3e01000 ---p 00000000 00:00 0 
7fdcd3e01000-7fdcd3eff000 rw-p 00000000 00:00 0 
7fdcd3eff000-7fdcd3f02000 ---p 00000000 00:00 0 
7fdcd3f02000-7fdcd4000000 rw-p 00000000 00:00 0 
7fdcd4000000-7fdcd4021000 rw-p 00000000 00:00 0 
7fdcd4021000-7fdcd8000000 ---p 00000000 00:00 0 
7fdcd8000000-7fdcd8021000 rw-p 00000000 00:00 0 
7fdcd8021000-7fdcdc000000 ---p 00000000 00:00 0 
7fdcdc000000-7fdcdc021000 rw-p 00000000 00:00 0 
7fdcdc021000-7fdce0000000 ---p 00000000 00:00 0 
7fdce0000000-7fdce0021000 rw-p 00000000 00:00 0 
7fdce0021000-7fdce4000000 ---p 00000000 00:00 0 
7fdce4000000-7fdce4021000 rw-p 00000000 00:00 0 
7fdce4021000-7fdce8000000 ---p 00000000 00:00 0 
7fdce8000000-7fdce8021000 rw-p 00000000 00:00 0 
7fdce8021000-7fdcec000000 ---p 00000000 00:00 0 
7fdcec000000-7fdcec021000 rw-p 00000000 00:00 0 
7fdcec021000-7fdcf0000000 ---p 00000000 00:00 0 
7fdcf0000000-7fdcf0021000 rw-p 00000000 00:00 0 
7fdcf0021000-7fdcf4000000 ---p 00000000 00:00 0 
7fdcf4000000-7fdcf4021000 rw-p 00000000 00:00 0 
7fdcf4021000-7fdcf8000000 ---p 00000000 00:00 0 
7fdcf8000000-7fdcf8021000 rw-p 00000000 00:00 0 
7fdcf8021000-7fdcfc000000 ---p 00000000 00:00 0 
7fdcfc000000-7fdcfc021000 rw-p 00000000 00:00 0 
7fdcfc021000-7fdd00000000 ---p 00000000 00:00 0 
7fdd00000000-7fdd00021000 rw-p 00000000 00:00 0 
7fdd00021000-7fdd04000000 ---p 00000000 00:00 0 
7fdd04000000-7fdd04021000 rw-p 00000000 00:00 0 
7fdd04021000-7fdd08000000 ---p 00000000 00:00 0 
7fdd08000000-7fdd08021000 rw-p 00000000 00:00 0 
7fdd08021000-7fdd0c000000 ---p 00000000 00:00 0 
7fdd0c000000-7fdd0c57a000 rw-p 00000000 00:00 0 
7fdd0c57a000-7fdd10000000 ---p 00000000 00:00 0 
7fdd10000000-7fdd10021000 rw-p 00000000 00:00 0 
7fdd10021000-7fdd14000000 ---p 00000000 00:00 0 
7fdd14000000-7fdd14913000 rw-p 00000000 00:00 0 
7fdd14913000-7fdd18000000 ---p 00000000 00:00 0 
7fdd18000000-7fdd18fed000 rw-p 00000000 00:00 0 
7fdd18fed000-7fdd1c000000 ---p 00000000 00:00 0 
7fdd1c000000-7fdd1c021000 rw-p 00000000 00:00 0 
7fdd1c021000-7fdd20000000 ---p 00000000 00:00 0 
7fdd20000000-7fdd20021000 rw-p 00000000 00:00 0 
7fdd20021000-7fdd24000000 ---p 00000000 00:00 0 
7fdd24000000-7fdd2429b000 rw-p 00000000 00:00 0 
7fdd2429b000-7fdd28000000 ---p 00000000 00:00 0 
7fdd28000000-7fdd28021000 rw-p 00000000 00:00 0 
7fdd28021000-7fdd2c000000 ---p 00000000 00:00 0 
7fdd2c000000-7fdd2c021000 rw-p 00000000 00:00 0 
7fdd2c021000-7fdd30000000 ---p 00000000 00:00 0 
7fdd30000000-7fdd30021000 rw-p 00000000 00:00 0 
7fdd30021000-7fdd34000000 ---p 00000000 00:00 0 
7fdd34000000-7fdd34021000 rw-p 00000000 00:00 0 
7fdd34021000-7fdd38000000 ---p 00000000 00:00 0 
7fdd38050000-7fdd38063000 r--s 00345000 08:01 656331                     /usr/lib/jdk/jdk1.8.0_201/jre/lib/resources.jar
7fdd38063000-7fdd38066000 ---p 00000000 00:00 0 
7fdd38066000-7fdd38164000 rw-p 00000000 00:00 0 
7fdd38164000-7fdd38167000 ---p 00000000 00:00 0 
7fdd38167000-7fdd38265000 rw-p 00000000 00:00 0 
7fdd38265000-7fdd38268000 ---p 00000000 00:00 0 
7fdd38268000-7fdd38366000 rw-p 00000000 00:00 0 
7fdd38366000-7fdd38369000 ---p 00000000 00:00 0 
7fdd38369000-7fdd38467000 rw-p 00000000 00:00 0 
7fdd38467000-7fdd3846a000 ---p 00000000 00:00 0 
7fdd3846a000-7fdd38568000 rw-p 00000000 00:00 0 
7fdd38568000-7fdd3856b000 ---p 00000000 00:00 0 
7fdd3856b000-7fdd38669000 rw-p 00000000 00:00 0 
7fdd38669000-7fdd3866c000 ---p 00000000 00:00 0 
7fdd3866c000-7fdd3876a000 rw-p 00000000 00:00 0 
7fdd3876a000-7fdd3876d000 ---p 00000000 00:00 0 
7fdd3876d000-7fdd3886b000 rw-p 00000000 00:00 0 
7fdd3886b000-7fdd3886e000 ---p 00000000 00:00 0 
7fdd3886e000-7fdd38b6c000 rw-p 00000000 00:00 0 
7fdd38b6c000-7fdd38be5000 r--s 010fd000 08:01 654900                     /usr/lib/jdk/jdk1.8.0_201/lib/tools.jar
7fdd38be5000-7fdd38be8000 ---p 00000000 00:00 0 
7fdd38be8000-7fdd38ce6000 rw-p 00000000 00:00 0 
7fdd38ce6000-7fdd38ce9000 ---p 00000000 00:00 0 
7fdd38ce9000-7fdd3bde8000 rw-p 00000000 00:00 0 
7fdd3bde8000-7fdd3bdfe000 r-xp 00000000 08:01 656512                     /usr/lib/jdk/jdk1.8.0_201/jre/lib/amd64/libnet.so
7fdd3bdfe000-7fdd3bffe000 ---p 00016000 08:01 656512                     /usr/lib/jdk/jdk1.8.0_201/jre/lib/amd64/libnet.so
7fdd3bffe000-7fdd3bfff000 r--p 00016000 08:01 656512                     /usr/lib/jdk/jdk1.8.0_201/jre/lib/amd64/libnet.so
7fdd3bfff000-7fdd3c000000 rw-p 00017000 08:01 656512                     /usr/lib/jdk/jdk1.8.0_201/jre/lib/amd64/libnet.so
7fdd3c000000-7fdd3c027000 rw-p 00000000 00:00 0 
7fdd3c027000-7fdd40000000 ---p 00000000 00:00 0 
7fdd4000c000-7fdd4000f000 ---p 00000000 00:00 0 
7fdd4000f000-7fdd4010d000 rw-p 00000000 00:00 0 
7fdd4010d000-7fdd4033e000 r--s 01bb1000 08:01 403225                     /home/hewitt/work/DiffTGen-master/lib/evosuite-1.0.6.jar
7fdd4033e000-7fdd4033f000 ---p 00000000 00:00 0 
7fdd4033f000-7fdd4043f000 rw-p 00000000 00:00 0 
7fdd4043f000-7fdd40442000 ---p 00000000 00:00 0 
7fdd40442000-7fdd40540000 rw-p 00000000 00:00 0 
7fdd40540000-7fdd40543000 ---p 00000000 00:00 0 
7fdd40543000-7fdd40641000 rw-p 00000000 00:00 0 
7fdd40641000-7fdd40644000 ---p 00000000 00:00 0 
7fdd40644000-7fdd40742000 rw-p 00000000 00:00 0 
7fdd40742000-7fdd40745000 ---p 00000000 00:00 0 
7fdd40745000-7fdd40843000 rw-p 00000000 00:00 0 
7fdd40843000-7fdd40846000 ---p 00000000 00:00 0 
7fdd40846000-7fdd40944000 rw-p 00000000 00:00 0 
7fdd40944000-7fdd41303000 r--p 00000000 08:01 270368                     /usr/lib/locale/locale-archive
7fdd41303000-7fdd41306000 ---p 00000000 00:00 0 
7fdd41306000-7fdd41404000 rw-p 00000000 00:00 0 
7fdd41404000-7fdd41407000 ---p 00000000 00:00 0 
7fdd41407000-7fdd41505000 rw-p 00000000 00:00 0 
7fdd41505000-7fdd41506000 ---p 00000000 00:00 0 
7fdd41506000-7fdd42515000 rw-p 00000000 00:00 0 
7fdd42515000-7fdd426ef000 r--s 03d6f000 08:01 656293                     /usr/lib/jdk/jdk1.8.0_201/jre/lib/rt.jar
7fdd426ef000-7fdd45000000 rw-p 00000000 00:00 0 
7fdd45000000-7fdd45690000 rwxp 00000000 00:00 0 
7fdd45690000-7fdd54000000 ---p 00000000 00:00 0 
7fdd54000000-7fdd544c7000 rw-p 00000000 00:00 0 
7fdd544c7000-7fdd58000000 ---p 00000000 00:00 0 
7fdd58006000-7fdd58022000 r--s 00393000 08:01 656354                     /usr/lib/jdk/jdk1.8.0_201/jre/lib/ext/cldrdata.jar
7fdd58022000-7fdd58025000 ---p 00000000 00:00 0 
7fdd58025000-7fdd5805b000 rw-p 00000000 00:00 0 
7fdd5805b000-7fdd5805c000 ---p 00000000 00:00 0 
7fdd5805c000-7fdd5815c000 rw-p 00000000 00:00 0 
7fdd5815c000-7fdd5815d000 ---p 00000000 00:00 0 
7fdd5815d000-7fdd5825d000 rw-p 00000000 00:00 0 
7fdd5825d000-7fdd5825e000 ---p 00000000 00:00 0 
7fdd5825e000-7fdd5835e000 rw-p 00000000 00:00 0 
7fdd5835e000-7fdd5835f000 ---p 00000000 00:00 0 
7fdd5835f000-7fdd58474000 rw-p 00000000 00:00 0 
7fdd58474000-7fdd585a7000 ---p 00000000 00:00 0 
7fdd585a7000-7fdd585bc000 rw-p 00000000 00:00 0 
7fdd585bc000-7fdd586ee000 ---p 00000000 00:00 0 
7fdd586ee000-7fdd58711000 rw-p 00000000 00:00 0 
7fdd58711000-7fdd58792000 ---p 00000000 00:00 0 
7fdd58792000-7fdd587ae000 rw-p 00000000 00:00 0 
7fdd587ae000-7fdd58b53000 ---p 00000000 00:00 0 
7fdd58b53000-7fdd58b6e000 r-xp 00000000 08:01 656508                     /usr/lib/jdk/jdk1.8.0_201/jre/lib/amd64/libzip.so
7fdd58b6e000-7fdd58d6d000 ---p 0001b000 08:01 656508                     /usr/lib/jdk/jdk1.8.0_201/jre/lib/amd64/libzip.so
7fdd58d6d000-7fdd58d6e000 r--p 0001a000 08:01 656508                     /usr/lib/jdk/jdk1.8.0_201/jre/lib/amd64/libzip.so
7fdd58d6e000-7fdd58d6f000 rw-p 0001b000 08:01 656508                     /usr/lib/jdk/jdk1.8.0_201/jre/lib/amd64/libzip.so
7fdd58d6f000-7fdd58d7a000 r-xp 00000000 08:01 658902                     /lib/x86_64-linux-gnu/libnss_files-2.23.so
7fdd58d7a000-7fdd58f79000 ---p 0000b000 08:01 658902                     /lib/x86_64-linux-gnu/libnss_files-2.23.so
7fdd58f79000-7fdd58f7a000 r--p 0000a000 08:01 658902                     /lib/x86_64-linux-gnu/libnss_files-2.23.so
7fdd58f7a000-7fdd58f7b000 rw-p 0000b000 08:01 658902                     /lib/x86_64-linux-gnu/libnss_files-2.23.so
7fdd58f7b000-7fdd58f81000 rw-p 00000000 00:00 0 
7fdd58f81000-7fdd58f8c000 r-xp 00000000 08:01 658912                     /lib/x86_64-linux-gnu/libnss_nis-2.23.so
7fdd58f8c000-7fdd5918b000 ---p 0000b000 08:01 658912                     /lib/x86_64-linux-gnu/libnss_nis-2.23.so
7fdd5918b000-7fdd5918c000 r--p 0000a000 08:01 658912                     /lib/x86_64-linux-gnu/libnss_nis-2.23.so
7fdd5918c000-7fdd5918d000 rw-p 0000b000 08:01 658912                     /lib/x86_64-linux-gnu/libnss_nis-2.23.so
7fdd5918d000-7fdd591a3000 r-xp 00000000 08:01 658896                     /lib/x86_64-linux-gnu/libnsl-2.23.so
7fdd591a3000-7fdd593a2000 ---p 00016000 08:01 658896                     /lib/x86_64-linux-gnu/libnsl-2.23.so
7fdd593a2000-7fdd593a3000 r--p 00015000 08:01 658896                     /lib/x86_64-linux-gnu/libnsl-2.23.so
7fdd593a3000-7fdd593a4000 rw-p 00016000 08:01 658896                     /lib/x86_64-linux-gnu/libnsl-2.23.so
7fdd593a4000-7fdd593a6000 rw-p 00000000 00:00 0 
7fdd593a6000-7fdd593ae000 r-xp 00000000 08:01 658898                     /lib/x86_64-linux-gnu/libnss_compat-2.23.so
7fdd593ae000-7fdd595ad000 ---p 00008000 08:01 658898                     /lib/x86_64-linux-gnu/libnss_compat-2.23.so
7fdd595ad000-7fdd595ae000 r--p 00007000 08:01 658898                     /lib/x86_64-linux-gnu/libnss_compat-2.23.so
7fdd595ae000-7fdd595af000 rw-p 00008000 08:01 658898                     /lib/x86_64-linux-gnu/libnss_compat-2.23.so
7fdd595af000-7fdd595db000 r-xp 00000000 08:01 656502                     /usr/lib/jdk/jdk1.8.0_201/jre/lib/amd64/libjava.so
7fdd595db000-7fdd597db000 ---p 0002c000 08:01 656502                     /usr/lib/jdk/jdk1.8.0_201/jre/lib/amd64/libjava.so
7fdd597db000-7fdd597dc000 r--p 0002c000 08:01 656502                     /usr/lib/jdk/jdk1.8.0_201/jre/lib/amd64/libjava.so
7fdd597dc000-7fdd597de000 rw-p 0002d000 08:01 656502                     /usr/lib/jdk/jdk1.8.0_201/jre/lib/amd64/libjava.so
7fdd597de000-7fdd597eb000 r-xp 00000000 08:01 656507                     /usr/lib/jdk/jdk1.8.0_201/jre/lib/amd64/libverify.so
7fdd597eb000-7fdd599ea000 ---p 0000d000 08:01 656507                     /usr/lib/jdk/jdk1.8.0_201/jre/lib/amd64/libverify.so
7fdd599ea000-7fdd599ec000 r--p 0000c000 08:01 656507                     /usr/lib/jdk/jdk1.8.0_201/jre/lib/amd64/libverify.so
7fdd599ec000-7fdd599ed000 rw-p 0000e000 08:01 656507                     /usr/lib/jdk/jdk1.8.0_201/jre/lib/amd64/libverify.so
7fdd599ed000-7fdd599f4000 r-xp 00000000 08:01 658957                     /lib/x86_64-linux-gnu/librt-2.23.so
7fdd599f4000-7fdd59bf3000 ---p 00007000 08:01 658957                     /lib/x86_64-linux-gnu/librt-2.23.so
7fdd59bf3000-7fdd59bf4000 r--p 00006000 08:01 658957                     /lib/x86_64-linux-gnu/librt-2.23.so
7fdd59bf4000-7fdd59bf5000 rw-p 00007000 08:01 658957                     /lib/x86_64-linux-gnu/librt-2.23.so
7fdd59bf5000-7fdd59cfd000 r-xp 00000000 08:01 658873                     /lib/x86_64-linux-gnu/libm-2.23.so
7fdd59cfd000-7fdd59efc000 ---p 00108000 08:01 658873                     /lib/x86_64-linux-gnu/libm-2.23.so
7fdd59efc000-7fdd59efd000 r--p 00107000 08:01 658873                     /lib/x86_64-linux-gnu/libm-2.23.so
7fdd59efd000-7fdd59efe000 rw-p 00108000 08:01 658873                     /lib/x86_64-linux-gnu/libm-2.23.so
7fdd59efe000-7fdd5abe6000 r-xp 00000000 08:01 656484                     /usr/lib/jdk/jdk1.8.0_201/jre/lib/amd64/server/libjvm.so
7fdd5abe6000-7fdd5ade5000 ---p 00ce8000 08:01 656484                     /usr/lib/jdk/jdk1.8.0_201/jre/lib/amd64/server/libjvm.so
7fdd5ade5000-7fdd5ae7b000 r--p 00ce7000 08:01 656484                     /usr/lib/jdk/jdk1.8.0_201/jre/lib/amd64/server/libjvm.so
7fdd5ae7b000-7fdd5aeac000 rw-p 00d7d000 08:01 656484                     /usr/lib/jdk/jdk1.8.0_201/jre/lib/amd64/server/libjvm.so
7fdd5aeac000-7fdd5aee7000 rw-p 00000000 00:00 0 
7fdd5aee7000-7fdd5b0a7000 r-xp 00000000 08:01 658803                     /lib/x86_64-linux-gnu/libc-2.23.so
7fdd5b0a7000-7fdd5b2a7000 ---p 001c0000 08:01 658803                     /lib/x86_64-linux-gnu/libc-2.23.so
7fdd5b2a7000-7fdd5b2ab000 r--p 001c0000 08:01 658803                     /lib/x86_64-linux-gnu/libc-2.23.so
7fdd5b2ab000-7fdd5b2ad000 rw-p 001c4000 08:01 658803                     /lib/x86_64-linux-gnu/libc-2.23.so
7fdd5b2ad000-7fdd5b2b1000 rw-p 00000000 00:00 0 
7fdd5b2b1000-7fdd5b2b4000 r-xp 00000000 08:01 658827                     /lib/x86_64-linux-gnu/libdl-2.23.so
7fdd5b2b4000-7fdd5b4b3000 ---p 00003000 08:01 658827                     /lib/x86_64-linux-gnu/libdl-2.23.so
7fdd5b4b3000-7fdd5b4b4000 r--p 00002000 08:01 658827                     /lib/x86_64-linux-gnu/libdl-2.23.so
7fdd5b4b4000-7fdd5b4b5000 rw-p 00003000 08:01 658827                     /lib/x86_64-linux-gnu/libdl-2.23.so
7fdd5b4b5000-7fdd5b4cc000 r-xp 00000000 08:01 656155                     /usr/lib/jdk/jdk1.8.0_201/lib/amd64/jli/libjli.so
7fdd5b4cc000-7fdd5b6cb000 ---p 00017000 08:01 656155                     /usr/lib/jdk/jdk1.8.0_201/lib/amd64/jli/libjli.so
7fdd5b6cb000-7fdd5b6cc000 r--p 00016000 08:01 656155                     /usr/lib/jdk/jdk1.8.0_201/lib/amd64/jli/libjli.so
7fdd5b6cc000-7fdd5b6cd000 rw-p 00017000 08:01 656155                     /usr/lib/jdk/jdk1.8.0_201/lib/amd64/jli/libjli.so
7fdd5b6cd000-7fdd5b6e5000 r-xp 00000000 08:01 658949                     /lib/x86_64-linux-gnu/libpthread-2.23.so
7fdd5b6e5000-7fdd5b8e4000 ---p 00018000 08:01 658949                     /lib/x86_64-linux-gnu/libpthread-2.23.so
7fdd5b8e4000-7fdd5b8e5000 r--p 00017000 08:01 658949                     /lib/x86_64-linux-gnu/libpthread-2.23.so
7fdd5b8e5000-7fdd5b8e6000 rw-p 00018000 08:01 658949                     /lib/x86_64-linux-gnu/libpthread-2.23.so
7fdd5b8e6000-7fdd5b8ea000 rw-p 00000000 00:00 0 
7fdd5b8ea000-7fdd5b910000 r-xp 00000000 08:01 658775                     /lib/x86_64-linux-gnu/ld-2.23.so
7fdd5b91b000-7fdd5b925000 r--s 00116000 08:01 656361                     /usr/lib/jdk/jdk1.8.0_201/jre/lib/ext/localedata.jar
7fdd5b925000-7fdd5b934000 r--s 000ad000 08:01 960413                     /home/hewitt/work/DiffTGen-master/output/patch3-Math-80-CapGen-plausible/Math_80_3-plausible_capgen/target/build/classes/all0.jar
7fdd5b934000-7fdd5b9f2000 rw-p 00000000 00:00 0 
7fdd5b9f2000-7fdd5b9f5000 ---p 00000000 00:00 0 
7fdd5b9f5000-7fdd5baf8000 rw-p 00000000 00:00 0 
7fdd5baf8000-7fdd5bafc000 r--s 000a1000 08:01 656350                     /usr/lib/jdk/jdk1.8.0_201/jre/lib/jsse.jar
7fdd5bafc000-7fdd5bb04000 r--s 0006e000 08:01 398946                     /home/hewitt/work/DiffTGen-master/lib/commons-lang3-3.5.jar
7fdd5bb04000-7fdd5bb05000 r--s 00000000 08:01 398951                     /home/hewitt/work/DiffTGen-master/lib/myprinter.jar
7fdd5bb05000-7fdd5bb0d000 rw-s 00000000 08:01 150642                     /tmp/hsperfdata_hewitt/39378
7fdd5bb0d000-7fdd5bb0e000 rw-p 00000000 00:00 0 
7fdd5bb0e000-7fdd5bb0f000 ---p 00000000 00:00 0 
7fdd5bb0f000-7fdd5bb10000 r--p 00025000 08:01 658775                     /lib/x86_64-linux-gnu/ld-2.23.so
7fdd5bb10000-7fdd5bb11000 rw-p 00026000 08:01 658775                     /lib/x86_64-linux-gnu/ld-2.23.so
7fdd5bb11000-7fdd5bb12000 rw-p 00000000 00:00 0 
7ffea3eb9000-7ffea3edb000 rw-p 00000000 00:00 0                          [stack]
7ffea3fae000-7ffea3fb1000 r--p 00000000 00:00 0                          [vvar]
7ffea3fb1000-7ffea3fb3000 r-xp 00000000 00:00 0                          [vdso]
ffffffffff600000-ffffffffff601000 r-xp 00000000 00:00 0                  [vsyscall]

VM Arguments:
java_command: /home/hewitt/work/DiffTGen-master/lib/evosuite-1.0.6.jar -base_dir /home/hewitt/work/DiffTGen-master/output/patch3-Math-80-CapGen-plausible/Math_80_3-plausible_capgen/target/0/21 -projectCP /home/hewitt/work/DiffTGen-master/output/patch3-Math-80-CapGen-plausible/Math_80_3-plausible_capgen/target/build/classes/all0.jar:/home/hewitt/work/DiffTGen-master/lib/myprinter.jar:/home/hewitt/work/DiffTGen-master/lib/commons-lang3-3.5.jar -class org.apache.commons.math.linear.EigenDecompositionImpl -Dassertions=false -Dsearch_budget=60
java_class_path (initial): /home/hewitt/work/DiffTGen-master/lib/evosuite-1.0.6.jar
Launcher Type: SUN_STANDARD

Environment Variables:
JAVA_HOME=/usr/lib/jdk/jdk1.8.0_201
JRE_HOME=/usr/lib/jdk/jdk1.8.0_201/jre
CLASSPATH=.:/usr/lib/jdk/jdk1.8.0_201/lib:/usr/lib/jdk/jdk1.8.0_201/jre/lib
PATH=/usr/lib/jdk/jdk1.8.0_201/bin:/home/hewitt/bin:/home/hewitt/.local/bin:/usr/lib/jdk/jdk1.7.0_80/bin:/usr/local/sbin:/usr/local/bin:/usr/sbin:/usr/bin:/sbin:/bin:/usr/games:/usr/local/games:/snap/bin:/home/hewitt/work/defects4j_v1.4.0/defects4j/framework/bin:/opt/apache-ant-1.9.14/bin:/home/hewitt/work/defects4j_v1.4.0/defects4j/framework/bin
SHELL=/bin/bash
DISPLAY=:0

Signal Handlers:
SIGSEGV: [libjvm.so+0xad3e60], sa_mask[0]=11111111011111111101111111111110, sa_flags=SA_RESTART|SA_SIGINFO
SIGBUS: [libjvm.so+0xad3e60], sa_mask[0]=11111111011111111101111111111110, sa_flags=SA_RESTART|SA_SIGINFO
SIGFPE: [libjvm.so+0x90b880], sa_mask[0]=11111111011111111101111111111110, sa_flags=SA_RESTART|SA_SIGINFO
SIGPIPE: [libjvm.so+0x90b880], sa_mask[0]=11111111011111111101111111111110, sa_flags=SA_RESTART|SA_SIGINFO
SIGXFSZ: [libjvm.so+0x90b880], sa_mask[0]=11111111011111111101111111111110, sa_flags=SA_RESTART|SA_SIGINFO
SIGILL: [libjvm.so+0x90b880], sa_mask[0]=11111111011111111101111111111110, sa_flags=SA_RESTART|SA_SIGINFO
SIGUSR1: SIG_DFL, sa_mask[0]=00000000000000000000000000000000, sa_flags=none
SIGUSR2: [libjvm.so+0x90b750], sa_mask[0]=00100000000000000000000000000000, sa_flags=SA_RESTART|SA_SIGINFO
SIGHUP: [libjvm.so+0x90bd70], sa_mask[0]=11111111011111111101111111111110, sa_flags=SA_RESTART|SA_SIGINFO
SIGINT: [libjvm.so+0x90bd70], sa_mask[0]=11111111011111111101111111111110, sa_flags=SA_RESTART|SA_SIGINFO
SIGTERM: [libjvm.so+0x90bd70], sa_mask[0]=11111111011111111101111111111110, sa_flags=SA_RESTART|SA_SIGINFO
SIGQUIT: [libjvm.so+0x90bd70], sa_mask[0]=11111111011111111101111111111110, sa_flags=SA_RESTART|SA_SIGINFO


---------------  S Y S T E M  ---------------

OS:DISTRIB_ID=Ubuntu
DISTRIB_RELEASE=16.04
DISTRIB_CODENAME=xenial
DISTRIB_DESCRIPTION="Ubuntu 16.04.6 LTS"

uname:Linux 4.15.0-91-generic #92~16.04.1-Ubuntu SMP Fri Feb 28 14:57:22 UTC 2020 x86_64
libc:glibc 2.23 NPTL 2.23 
rlimit: STACK 8192k, CORE 0k, NPROC 15448, NOFILE 1048576, AS infinity
load average:19.32 14.11 12.85

/proc/meminfo:
MemTotal:        4015928 kB
MemFree:          104184 kB
MemAvailable:       4356 kB
Buffers:             224 kB
Cached:             8764 kB
SwapCached:         2544 kB
Active:          2896952 kB
Inactive:         580296 kB
Active(anon):    2891268 kB
Inactive(anon):   578208 kB
Active(file):       5684 kB
Inactive(file):     2088 kB
Unevictable:          48 kB
Mlocked:              48 kB
SwapTotal:        998396 kB
SwapFree:              0 kB
Dirty:               136 kB
Writeback:           684 kB
AnonPages:       3466512 kB
Mapped:             6656 kB
Shmem:               728 kB
Slab:              91852 kB
SReclaimable:      33508 kB
SUnreclaim:        58344 kB
KernelStack:       14960 kB
PageTables:        41456 kB
NFS_Unstable:          0 kB
Bounce:                0 kB
WritebackTmp:          0 kB
CommitLimit:     3006360 kB
Committed_AS:    8608996 kB
VmallocTotal:   34359738367 kB
VmallocUsed:           0 kB
VmallocChunk:          0 kB
HardwareCorrupted:     0 kB
AnonHugePages:         0 kB
ShmemHugePages:        0 kB
ShmemPmdMapped:        0 kB
CmaTotal:              0 kB
CmaFree:               0 kB
HugePages_Total:       0
HugePages_Free:        0
HugePages_Rsvd:        0
HugePages_Surp:        0
Hugepagesize:       2048 kB
DirectMap4k:       98112 kB
DirectMap2M:     4096000 kB
DirectMap1G:     2097152 kB

container (cgroup) information:
container_type: cgroupv1
cpu_cpuset_cpus: 0-3
cpu_memory_nodes: 0
active_processor_count: 4
cpu_quota: -1
cpu_period: 100000
cpu_shares: -1
memory_limit_in_bytes: -1
memory_and_swap_limit_in_bytes: -2
memory_soft_limit_in_bytes: -1
memory_usage_in_bytes: 3567824896
memory_max_usage_in_bytes: 20938752


CPU:total 4 (initial active 4) (2 cores per cpu, 1 threads per core) family 6 model 158 stepping 9, cmov, cx8, fxsr, mmx, sse, sse2, sse3, ssse3, sse4.1, sse4.2, popcnt, avx, avx2, aes, clmul, erms, 3dnowpref, lzcnt, tsc, tscinvbit, bmi1, bmi2, adx

/proc/cpuinfo:
processor	: 0
vendor_id	: GenuineIntel
cpu family	: 6
model		: 158
model name	: Intel(R) Core(TM) i7-7700HQ CPU @ 2.80GHz
stepping	: 9
microcode	: 0xb4
cpu MHz		: 2808.002
cache size	: 6144 KB
physical id	: 0
siblings	: 2
core id		: 0
cpu cores	: 2
apicid		: 0
initial apicid	: 0
fpu		: yes
fpu_exception	: yes
cpuid level	: 22
wp		: yes
flags		: fpu vme de pse tsc msr pae mce cx8 apic sep mtrr pge mca cmov pat pse36 clflush mmx fxsr sse sse2 ss ht syscall nx pdpe1gb rdtscp lm constant_tsc arch_perfmon nopl xtopology tsc_reliable nonstop_tsc cpuid pni pclmulqdq ssse3 fma cx16 pcid sse4_1 sse4_2 x2apic movbe popcnt tsc_deadline_timer aes xsave avx f16c rdrand hypervisor lahf_lm abm 3dnowprefetch cpuid_fault invpcid_single pti ssbd ibrs ibpb stibp fsgsbase tsc_adjust bmi1 avx2 smep bmi2 invpcid mpx rdseed adx smap clflushopt xsaveopt xsavec xsaves arat md_clear flush_l1d arch_capabilities
bugs		: cpu_meltdown spectre_v1 spectre_v2 spec_store_bypass l1tf mds swapgs itlb_multihit
bogomips	: 5616.00
clflush size	: 64
cache_alignment	: 64
address sizes	: 43 bits physical, 48 bits virtual
power management:

processor	: 1
vendor_id	: GenuineIntel
cpu family	: 6
model		: 158
model name	: Intel(R) Core(TM) i7-7700HQ CPU @ 2.80GHz
stepping	: 9
microcode	: 0xb4
cpu MHz		: 2808.002
cache size	: 6144 KB
physical id	: 0
siblings	: 2
core id		: 1
cpu cores	: 2
apicid		: 1
initial apicid	: 1
fpu		: yes
fpu_exception	: yes
cpuid level	: 22
wp		: yes
flags		: fpu vme de pse tsc msr pae mce cx8 apic sep mtrr pge mca cmov pat pse36 clflush mmx fxsr sse sse2 ss ht syscall nx pdpe1gb rdtscp lm constant_tsc arch_perfmon nopl xtopology tsc_reliable nonstop_tsc cpuid pni pclmulqdq ssse3 fma cx16 pcid sse4_1 sse4_2 x2apic movbe popcnt tsc_deadline_timer aes xsave avx f16c rdrand hypervisor lahf_lm abm 3dnowprefetch cpuid_fault invpcid_single pti ssbd ibrs ibpb stibp fsgsbase tsc_adjust bmi1 avx2 smep bmi2 invpcid mpx rdseed adx smap clflushopt xsaveopt xsavec xsaves arat md_clear flush_l1d arch_capabilities
bugs		: cpu_meltdown spectre_v1 spectre_v2 spec_store_bypass l1tf mds swapgs itlb_multihit
bogomips	: 5616.00
clflush size	: 64
cache_alignment	: 64
address sizes	: 43 bits physical, 48 bits virtual
power management:

processor	: 2
vendor_id	: GenuineIntel
cpu family	: 6
model		: 158
model name	: Intel(R) Core(TM) i7-7700HQ CPU @ 2.80GHz
stepping	: 9
microcode	: 0xb4
cpu MHz		: 2808.002
cache size	: 6144 KB
physical id	: 1
siblings	: 2
core id		: 0
cpu cores	: 2
apicid		: 2
initial apicid	: 2
fpu		: yes
fpu_exception	: yes
cpuid level	: 22
wp		: yes
flags		: fpu vme de pse tsc msr pae mce cx8 apic sep mtrr pge mca cmov pat pse36 clflush mmx fxsr sse sse2 ss ht syscall nx pdpe1gb rdtscp lm constant_tsc arch_perfmon nopl xtopology tsc_reliable nonstop_tsc cpuid pni pclmulqdq ssse3 fma cx16 pcid sse4_1 sse4_2 x2apic movbe popcnt tsc_deadline_timer aes xsave avx f16c rdrand hypervisor lahf_lm abm 3dnowprefetch cpuid_fault invpcid_single pti ssbd ibrs ibpb stibp fsgsbase tsc_adjust bmi1 avx2 smep bmi2 invpcid mpx rdseed adx smap clflushopt xsaveopt xsavec xsaves arat md_clear flush_l1d arch_capabilities
bugs		: cpu_meltdown spectre_v1 spectre_v2 spec_store_bypass l1tf mds swapgs itlb_multihit
bogomips	: 5616.00
clflush size	: 64
cache_alignment	: 64
address sizes	: 43 bits physical, 48 bits virtual
power management:

processor	: 3
vendor_id	: GenuineIntel
cpu family	: 6
model		: 158
model name	: Intel(R) Core(TM) i7-7700HQ CPU @ 2.80GHz
stepping	: 9
microcode	: 0xb4
cpu MHz		: 2808.002
cache size	: 6144 KB
physical id	: 1
siblings	: 2
core id		: 1
cpu cores	: 2
apicid		: 3
initial apicid	: 3
fpu		: yes
fpu_exception	: yes
cpuid level	: 22
wp		: yes
flags		: fpu vme de pse tsc msr pae mce cx8 apic sep mtrr pge mca cmov pat pse36 clflush mmx fxsr sse sse2 ss ht syscall nx pdpe1gb rdtscp lm constant_tsc arch_perfmon nopl xtopology tsc_reliable nonstop_tsc cpuid pni pclmulqdq ssse3 fma cx16 pcid sse4_1 sse4_2 x2apic movbe popcnt tsc_deadline_timer aes xsave avx f16c rdrand hypervisor lahf_lm abm 3dnowprefetch cpuid_fault invpcid_single pti ssbd ibrs ibpb stibp fsgsbase tsc_adjust bmi1 avx2 smep bmi2 invpcid mpx rdseed adx smap clflushopt xsaveopt xsavec xsaves arat md_clear flush_l1d arch_capabilities
bugs		: cpu_meltdown spectre_v1 spectre_v2 spec_store_bypass l1tf mds swapgs itlb_multihit
bogomips	: 5616.00
clflush size	: 64
cache_alignment	: 64
address sizes	: 43 bits physical, 48 bits virtual
power management:



Memory: 4k page, physical 4015928k(96512k free), swap 998396k(356k free)

vm_info: Java HotSpot(TM) 64-Bit Server VM (25.201-b09) for linux-amd64 JRE (1.8.0_201-b09), built on Dec 15 2018 11:35:59 by "java_re" with gcc 7.3.0

time: Sun Mar 29 00:14:36 2020
timezone: CST
elapsed time: 45 seconds (0d 0h 0m 45s)

