#
# There is insufficient memory for the Java Runtime Environment to continue.
# Native memory allocation (mmap) failed to map 65536 bytes for committing reserved memory.
# Possible reasons:
#   The system is out of physical RAM or swap space
#   The process is running with CompressedOops enabled, and the Java Heap may be blocking the growth of the native heap
# Possible solutions:
#   Reduce memory load on the system
#   Increase physical memory or swap space
#   Check if swap backing store is full
#   Decrease Java heap size (-Xmx/-Xms)
#   Decrease number of Java threads
#   Decrease Java thread stack sizes (-Xss)
#   Set larger code cache with -XX:ReservedCodeCacheSize=
#   JVM is running with Unscaled Compressed Oops mode in which the Java heap is
#     placed in the first 4GB address space. The Java Heap base address is the
#     maximum limit for the native heap growth. Please use -XX:HeapBaseMinAddress
#     to set the Java Heap base and to place the Java Heap above 4GB virtual address.
# This output file may be truncated or incomplete.
#
#  Out of Memory Error (os_linux.cpp:2749), pid=32331, tid=0x00007f349d58e700
#
# JRE version: Java(TM) SE Runtime Environment (8.0_201-b09) (build 1.8.0_201-b09)
# Java VM: Java HotSpot(TM) 64-Bit Server VM (25.201-b09 mixed mode linux-amd64 compressed oops)
# Failed to write core dump. Core dumps have been disabled. To enable core dumping, try "ulimit -c unlimited" before starting Java again
#

---------------  T H R E A D  ---------------

Current thread (0x00007f34b4184800):  JavaThread "C2 CompilerThread1" daemon [_thread_in_vm, id=32429, stack(0x00007f349d48e000,0x00007f349d58f000)]

Stack: [0x00007f349d48e000,0x00007f349d58f000],  sp=0x00007f349d58bdd0,  free space=1015k
Native frames: (J=compiled Java code, j=interpreted, Vv=VM code, C=native code)
V  [libjvm.so+0xad3525]  VMError::report_and_die()+0x2e5
V  [libjvm.so+0x4e0457]  report_vm_out_of_memory(char const*, int, unsigned long, VMErrorType, char const*)+0x67
V  [libjvm.so+0x9102f0]  os::pd_commit_memory(char*, unsigned long, unsigned long, bool)+0x100
V  [libjvm.so+0x90791f]  os::commit_memory(char*, unsigned long, unsigned long, bool)+0x1f
V  [libjvm.so+0xacfda0]  VirtualSpace::expand_by(unsigned long, bool)+0x140
V  [libjvm.so+0x60b99d]  CodeHeap::expand_by(unsigned long)+0x6d
V  [libjvm.so+0x45a266]  CodeCache::allocate(int, bool)+0x46
V  [libjvm.so+0x8dca9a]  nmethod::new_nmethod(methodHandle, int, int, CodeOffsets*, int, DebugInformationRecorder*, Dependencies*, CodeBuffer*, int, OopMapSet*, ExceptionHandlerTable*, ImplicitExceptionTable*, AbstractCompiler*, int)+0x1ca
V  [libjvm.so+0x3ec691]  ciEnv::register_method(ciMethod*, int, CodeOffsets*, int, CodeBuffer*, int, OopMapSet*, ExceptionHandlerTable*, ImplicitExceptionTable*, AbstractCompiler*, int, bool, bool, RTMState)+0x1b1
V  [libjvm.so+0x480318]  Compile::Compile(ciEnv*, C2Compiler*, ciMethod*, int, bool, bool, bool)+0xe58
V  [libjvm.so+0x3c4c4a]  C2Compiler::compile_method(ciEnv*, ciMethod*, int)+0xaa
V  [libjvm.so+0x48b84c]  CompileBroker::invoke_compiler_on_method(CompileTask*)+0x73c
V  [libjvm.so+0x48d488]  CompileBroker::compiler_thread_loop()+0x6d8
V  [libjvm.so+0xa7bb6b]  JavaThread::thread_main_inner()+0xdb
V  [libjvm.so+0xa7be71]  JavaThread::run()+0x2d1
V  [libjvm.so+0x90d922]  java_start(Thread*)+0x102
C  [libpthread.so.0+0x76ba]  start_thread+0xca


Current CompileTask:
C2:  94378 1018   !   4       java.io.ObjectInputStream::readObject0 (566 bytes)


---------------  P R O C E S S  ---------------

Java Threads: ( => current thread )
  0x00007f3458001000 JavaThread "RMI TCP Connection(4)-127.0.0.1" daemon [_thread_blocked, id=32741, stack(0x00007f346c9f9000,0x00007f346cafa000)]
  0x00007f3430034000 JavaThread "RMI Scheduler(0)" daemon [_thread_blocked, id=32739, stack(0x00007f346cafa000,0x00007f346cbfb000)]
  0x00007f343002c800 JavaThread "RMI RenewClean-[127.0.0.1:11084]" daemon [_thread_blocked, id=32728, stack(0x00007f346cbfb000,0x00007f346ccfc000)]
  0x00007f3454003000 JavaThread "RMI TCP Connection(5)-127.0.0.1" daemon [_thread_blocked, id=32716, stack(0x00007f346ccfc000,0x00007f346cdfd000)]
  0x00007f3444005000 JavaThread "pool-3-thread-3" [_thread_blocked, id=32655, stack(0x00007f346cdfd000,0x00007f346cefe000)]
  0x00007f3444003000 JavaThread "pool-3-thread-2" [_thread_blocked, id=32653, stack(0x00007f346cefe000,0x00007f346cfff000)]
  0x00007f3444002000 JavaThread "pool-3-thread-1" [_thread_blocked, id=32652, stack(0x00007f349c09f000,0x00007f349c1a0000)]
  0x00007f34b43a5800 JavaThread "Thread-3" [_thread_blocked, id=32523, stack(0x00007f349c1a0000,0x00007f349c2a1000)]
  0x00007f34b43a3800 JavaThread "Thread-2" [_thread_blocked, id=32519, stack(0x00007f349c2a1000,0x00007f349c3a2000)]
  0x00007f34b43a2000 JavaThread "process reaper" daemon [_thread_blocked, id=32515, stack(0x00007f34b8023000,0x00007f34b805c000)]
  0x00007f34b439c800 JavaThread "pool-2-thread-1" [_thread_in_native, id=32483, stack(0x00007f349c3a2000,0x00007f349c4a3000)]
  0x00007f34b439a000 JavaThread "GC Daemon" daemon [_thread_blocked, id=32478, stack(0x00007f349c4a3000,0x00007f349c5a4000)]
  0x00007f34b4390000 JavaThread "RMI Reaper" [_thread_blocked, id=32474, stack(0x00007f349c5a4000,0x00007f349c6a5000)]
  0x00007f34b438e800 JavaThread "RMI TCP Accept-3090" daemon [_thread_in_native, id=32465, stack(0x00007f349c6a5000,0x00007f349c7a6000)]
  0x00007f34b4389800 JavaThread "RMI TCP Accept-6328" daemon [_thread_in_native, id=32462, stack(0x00007f349c7a6000,0x00007f349c8a7000)]
  0x00007f34b42d3000 JavaThread "logback-3" daemon [_thread_blocked, id=32459, stack(0x00007f349caa7000,0x00007f349cba8000)]
  0x00007f34b42d1800 JavaThread "logback-2" daemon [_thread_blocked, id=32458, stack(0x00007f349cba8000,0x00007f349cca9000)]
  0x00007f34b42cd800 JavaThread "logback-1" daemon [_thread_blocked, id=32457, stack(0x00007f349cca9000,0x00007f349cdaa000)]
  0x00007f34b4189000 JavaThread "Service Thread" daemon [_thread_blocked, id=32433, stack(0x00007f349d28c000,0x00007f349d38d000)]
  0x00007f34b4186000 JavaThread "C1 CompilerThread2" daemon [_thread_blocked, id=32432, stack(0x00007f349d38d000,0x00007f349d48e000)]
=>0x00007f34b4184800 JavaThread "C2 CompilerThread1" daemon [_thread_in_vm, id=32429, stack(0x00007f349d48e000,0x00007f349d58f000)]
  0x00007f34b4181800 JavaThread "C2 CompilerThread0" daemon [_thread_blocked, id=32426, stack(0x00007f349d58f000,0x00007f349d690000)]
  0x00007f34b4180000 JavaThread "Signal Dispatcher" daemon [_thread_blocked, id=32419, stack(0x00007f349d690000,0x00007f349d791000)]
  0x00007f34b414c000 JavaThread "Finalizer" daemon [_thread_blocked, id=32388, stack(0x00007f34a40f1000,0x00007f34a41f2000)]
  0x00007f34b4149800 JavaThread "Reference Handler" daemon [_thread_blocked, id=32385, stack(0x00007f34a41f2000,0x00007f34a42f3000)]
  0x00007f34b400a800 JavaThread "main" [_thread_blocked, id=32344, stack(0x00007f34bc931000,0x00007f34bca32000)]

Other Threads:
  0x00007f34b4140000 VMThread [stack: 0x00007f34a42f3000,0x00007f34a43f4000] [id=32378]
  0x00007f34b418b800 WatcherThread [stack: 0x00007f349d18b000,0x00007f349d28c000] [id=32435]

VM state:synchronizing (normal execution)

VM Mutex/Monitor currently owned by a thread:  ([mutex/lock_event])
[0x00007f34b4006350] CodeCache_lock - owner thread: 0x00007f34b4184800
[0x00007f34b4006fd0] Threads_lock - owner thread: 0x00007f34b4140000
[0x00007f34b40079d0] Compile_lock - owner thread: 0x00007f34b4184800
[0x00007f34b4007ad0] MethodCompileQueue_lock - owner thread: 0x00007f34b4184800

heap address: 0x00000000c2a00000, size: 982 MB, Compressed Oops mode: 32-bit
Narrow klass base: 0x0000000000000000, Narrow klass shift: 3
Compressed class space size: 1073741824 Address: 0x0000000100000000

Heap:
 PSYoungGen      total 18432K, used 5116K [0x00000000eb900000, 0x00000000ecd80000, 0x0000000100000000)
  eden space 15872K, 16% used [0x00000000eb900000,0x00000000ebb81270,0x00000000ec880000)
  from space 2560K, 99% used [0x00000000ec880000,0x00000000ecafe040,0x00000000ecb00000)
  to   space 2560K, 0% used [0x00000000ecb00000,0x00000000ecb00000,0x00000000ecd80000)
 ParOldGen       total 42496K, used 5143K [0x00000000c2a00000, 0x00000000c5380000, 0x00000000eb900000)
  object space 42496K, 12% used [0x00000000c2a00000,0x00000000c2f05f30,0x00000000c5380000)
 Metaspace       used 13492K, capacity 13846K, committed 14080K, reserved 1060864K
  class space    used 1575K, capacity 1669K, committed 1792K, reserved 1048576K

Card table byte_map: [0x00007f34b94e6000,0x00007f34b96d2000] byte_map_base: 0x00007f34b8ed1000

Marking Bits: (ParMarkBitMap*) 0x00007f34bbe08d80
 Begin Bits: [0x00007f349e150000, 0x00007f349f0a8000)
 End Bits:   [0x00007f349f0a8000, 0x00007f34a0000000)

Polling page: 0x00007f34bca4d000

CodeCache: size=245760Kb used=5038Kb max_used=5056Kb free=240721Kb
 bounds [0x00007f34a5000000, 0x00007f34a5500000, 0x00007f34b4000000]
 total_blobs=1810 nmethods=1458 adapters=262
 compilation: enabled

Compilation events (10 events):
Event: 90.121 Thread 0x00007f34b4186000 nmethod 1472 0x00007f34a54eba10 code [0x00007f34a54ebb80, 0x00007f34a54ebd30]
Event: 90.122 Thread 0x00007f34b4186000 1473       3       org.evosuite.shaded.org.objectweb.asm.commons.AdviceAdapter::visitLabel (57 bytes)
Event: 90.123 Thread 0x00007f34b4186000 nmethod 1473 0x00007f34a54ebdd0 code [0x00007f34a54ebf80, 0x00007f34a54ec528]
Event: 90.129 Thread 0x00007f34b4186000 1474       3       org.evosuite.instrumentation.ExplicitExceptionHandler::visitLabel (44 bytes)
Event: 90.130 Thread 0x00007f34b4186000 nmethod 1474 0x00007f34a54ec690 code [0x00007f34a54ec840, 0x00007f34a54ed168]
Event: 90.131 Thread 0x00007f34b4186000 1475       3       org.evosuite.shaded.org.objectweb.asm.commons.LocalVariablesSorter::remap (129 bytes)
Event: 90.229 Thread 0x00007f34b4186000 nmethod 1475 0x00007f34a54ed390 code [0x00007f34a54ed560, 0x00007f34a54ede98]
Event: 90.266 Thread 0x00007f34b4181800 nmethod 1358 0x00007f34a54ee210 code [0x00007f34a54ee580, 0x00007f34a54f01d0]
Event: 90.297 Thread 0x00007f34b4181800 1449       4       java.lang.AbstractStringBuilder::append (50 bytes)
Event: 90.313 Thread 0x00007f34b4186000 1476       3       org.evosuite.shaded.org.objectweb.asm.commons.LocalVariablesSorter::visitVarInsn (123 bytes)

GC Heap History (8 events):
Event: 1.797 GC heap before
{Heap before GC invocations=1 (full 0):
 PSYoungGen      total 18432K, used 15872K [0x00000000eb900000, 0x00000000ecd80000, 0x0000000100000000)
  eden space 15872K, 100% used [0x00000000eb900000,0x00000000ec880000,0x00000000ec880000)
  from space 2560K, 0% used [0x00000000ecb00000,0x00000000ecb00000,0x00000000ecd80000)
  to   space 2560K, 0% used [0x00000000ec880000,0x00000000ec880000,0x00000000ecb00000)
 ParOldGen       total 42496K, used 0K [0x00000000c2a00000, 0x00000000c5380000, 0x00000000eb900000)
  object space 42496K, 0% used [0x00000000c2a00000,0x00000000c2a00000,0x00000000c5380000)
 Metaspace       used 10045K, capacity 10222K, committed 10368K, reserved 1058816K
  class space    used 1222K, capacity 1316K, committed 1408K, reserved 1048576K
Event: 1.812 GC heap after
Heap after GC invocations=1 (full 0):
 PSYoungGen      total 18432K, used 2544K [0x00000000eb900000, 0x00000000ecd80000, 0x0000000100000000)
  eden space 15872K, 0% used [0x00000000eb900000,0x00000000eb900000,0x00000000ec880000)
  from space 2560K, 99% used [0x00000000ec880000,0x00000000ecafc010,0x00000000ecb00000)
  to   space 2560K, 0% used [0x00000000ecb00000,0x00000000ecb00000,0x00000000ecd80000)
 ParOldGen       total 42496K, used 1529K [0x00000000c2a00000, 0x00000000c5380000, 0x00000000eb900000)
  object space 42496K, 3% used [0x00000000c2a00000,0x00000000c2b7e790,0x00000000c5380000)
 Metaspace       used 10045K, capacity 10222K, committed 10368K, reserved 1058816K
  class space    used 1222K, capacity 1316K, committed 1408K, reserved 1048576K
}
Event: 1.812 GC heap before
{Heap before GC invocations=2 (full 1):
 PSYoungGen      total 18432K, used 2544K [0x00000000eb900000, 0x00000000ecd80000, 0x0000000100000000)
  eden space 15872K, 0% used [0x00000000eb900000,0x00000000eb900000,0x00000000ec880000)
  from space 2560K, 99% used [0x00000000ec880000,0x00000000ecafc010,0x00000000ecb00000)
  to   space 2560K, 0% used [0x00000000ecb00000,0x00000000ecb00000,0x00000000ecd80000)
 ParOldGen       total 42496K, used 1529K [0x00000000c2a00000, 0x00000000c5380000, 0x00000000eb900000)
  object space 42496K, 3% used [0x00000000c2a00000,0x00000000c2b7e790,0x00000000c5380000)
 Metaspace       used 10045K, capacity 10222K, committed 10368K, reserved 1058816K
  class space    used 1222K, capacity 1316K, committed 1408K, reserved 1048576K
Event: 1.861 GC heap after
Heap after GC invocations=2 (full 1):
 PSYoungGen      total 18432K, used 0K [0x00000000eb900000, 0x00000000ecd80000, 0x0000000100000000)
  eden space 15872K, 0% used [0x00000000eb900000,0x00000000eb900000,0x00000000ec880000)
  from space 2560K, 0% used [0x00000000ec880000,0x00000000ec880000,0x00000000ecb00000)
  to   space 2560K, 0% used [0x00000000ecb00000,0x00000000ecb00000,0x00000000ecd80000)
 ParOldGen       total 42496K, used 3902K [0x00000000c2a00000, 0x00000000c5380000, 0x00000000eb900000)
  object space 42496K, 9% used [0x00000000c2a00000,0x00000000c2dcf858,0x00000000c5380000)
 Metaspace       used 10037K, capacity 10212K, committed 10368K, reserved 1058816K
  class space    used 1221K, capacity 1314K, committed 1408K, reserved 1048576K
}
Event: 88.192 GC heap before
{Heap before GC invocations=3 (full 1):
 PSYoungGen      total 18432K, used 15872K [0x00000000eb900000, 0x00000000ecd80000, 0x0000000100000000)
  eden space 15872K, 100% used [0x00000000eb900000,0x00000000ec880000,0x00000000ec880000)
  from space 2560K, 0% used [0x00000000ec880000,0x00000000ec880000,0x00000000ecb00000)
  to   space 2560K, 0% used [0x00000000ecb00000,0x00000000ecb00000,0x00000000ecd80000)
 ParOldGen       total 42496K, used 3902K [0x00000000c2a00000, 0x00000000c5380000, 0x00000000eb900000)
  object space 42496K, 9% used [0x00000000c2a00000,0x00000000c2dcf858,0x00000000c5380000)
 Metaspace       used 13292K, capacity 13648K, committed 13824K, reserved 1060864K
  class space    used 1572K, capacity 1668K, committed 1792K, reserved 1048576K
Event: 88.293 GC heap after
Heap after GC invocations=3 (full 1):
 PSYoungGen      total 18432K, used 2546K [0x00000000eb900000, 0x00000000ecd80000, 0x0000000100000000)
  eden space 15872K, 0% used [0x00000000eb900000,0x00000000eb900000,0x00000000ec880000)
  from space 2560K, 99% used [0x00000000ecb00000,0x00000000ecd7caf8,0x00000000ecd80000)
  to   space 2560K, 0% used [0x00000000ec880000,0x00000000ec880000,0x00000000ecb00000)
 ParOldGen       total 42496K, used 5135K [0x00000000c2a00000, 0x00000000c5380000, 0x00000000eb900000)
  object space 42496K, 12% used [0x00000000c2a00000,0x00000000c2f03f30,0x00000000c5380000)
 Metaspace       used 13292K, capacity 13648K, committed 13824K, reserved 1060864K
  class space    used 1572K, capacity 1668K, committed 1792K, reserved 1048576K
}
Event: 89.774 GC heap before
{Heap before GC invocations=4 (full 1):
 PSYoungGen      total 18432K, used 18418K [0x00000000eb900000, 0x00000000ecd80000, 0x0000000100000000)
  eden space 15872K, 100% used [0x00000000eb900000,0x00000000ec880000,0x00000000ec880000)
  from space 2560K, 99% used [0x00000000ecb00000,0x00000000ecd7caf8,0x00000000ecd80000)
  to   space 2560K, 0% used [0x00000000ec880000,0x00000000ec880000,0x00000000ecb00000)
 ParOldGen       total 42496K, used 5135K [0x00000000c2a00000, 0x00000000c5380000, 0x00000000eb900000)
  object space 42496K, 12% used [0x00000000c2a00000,0x00000000c2f03f30,0x00000000c5380000)
 Metaspace       used 13482K, capacity 13846K, committed 14080K, reserved 1060864K
  class space    used 1574K, capacity 1669K, committed 1792K, reserved 1048576K
Event: 89.801 GC heap after
Heap after GC invocations=4 (full 1):
 PSYoungGen      total 18432K, used 2552K [0x00000000eb900000, 0x00000000ecd80000, 0x0000000100000000)
  eden space 15872K, 0% used [0x00000000eb900000,0x00000000eb900000,0x00000000ec880000)
  from space 2560K, 99% used [0x00000000ec880000,0x00000000ecafe040,0x00000000ecb00000)
  to   space 2560K, 0% used [0x00000000ecb00000,0x00000000ecb00000,0x00000000ecd80000)
 ParOldGen       total 42496K, used 5143K [0x00000000c2a00000, 0x00000000c5380000, 0x00000000eb900000)
  object space 42496K, 12% used [0x00000000c2a00000,0x00000000c2f05f30,0x00000000c5380000)
 Metaspace       used 13482K, capacity 13846K, committed 14080K, reserved 1060864K
  class space    used 1574K, capacity 1669K, committed 1792K, reserved 1048576K
}

Deoptimization events (10 events):
Event: 4.221 Thread 0x00007f3454003000 Uncommon trap: reason=unstable_if action=reinterpret pc=0x00007f34a51e8a4c method=sun.misc.MetaIndex.mayContain(Ljava/lang/String;)Z @ 38
Event: 86.404 Thread 0x00007f3458001000 Uncommon trap: reason=bimorphic action=maybe_recompile pc=0x00007f34a5238b14 method=java.util.HashMap.putVal(ILjava/lang/Object;Ljava/lang/Object;ZZ)Ljava/lang/Object; @ 91
Event: 86.405 Thread 0x00007f3458001000 Uncommon trap: reason=bimorphic action=maybe_recompile pc=0x00007f34a5238b14 method=java.util.HashMap.putVal(ILjava/lang/Object;Ljava/lang/Object;ZZ)Ljava/lang/Object; @ 91
Event: 86.405 Thread 0x00007f3458001000 Uncommon trap: reason=bimorphic action=maybe_recompile pc=0x00007f34a5238b14 method=java.util.HashMap.putVal(ILjava/lang/Object;Ljava/lang/Object;ZZ)Ljava/lang/Object; @ 91
Event: 86.405 Thread 0x00007f3458001000 Uncommon trap: reason=bimorphic action=maybe_recompile pc=0x00007f34a5238b14 method=java.util.HashMap.putVal(ILjava/lang/Object;Ljava/lang/Object;ZZ)Ljava/lang/Object; @ 91
Event: 88.864 Thread 0x00007f3458001000 Uncommon trap: reason=class_check action=maybe_recompile pc=0x00007f34a53c93a8 method=java.util.HashMap.putVal(ILjava/lang/Object;Ljava/lang/Object;ZZ)Ljava/lang/Object; @ 203
Event: 89.001 Thread 0x00007f3458001000 Uncommon trap: reason=class_check action=maybe_recompile pc=0x00007f34a53c93a8 method=java.util.HashMap.putVal(ILjava/lang/Object;Ljava/lang/Object;ZZ)Ljava/lang/Object; @ 203
Event: 89.002 Thread 0x00007f3458001000 Uncommon trap: reason=class_check action=maybe_recompile pc=0x00007f34a53c93a8 method=java.util.HashMap.putVal(ILjava/lang/Object;Ljava/lang/Object;ZZ)Ljava/lang/Object; @ 203
Event: 89.002 Thread 0x00007f3458001000 Uncommon trap: reason=class_check action=maybe_recompile pc=0x00007f34a53c93a8 method=java.util.HashMap.putVal(ILjava/lang/Object;Ljava/lang/Object;ZZ)Ljava/lang/Object; @ 203
Event: 89.677 Thread 0x00007f3458001000 Uncommon trap: reason=unstable_if action=reinterpret pc=0x00007f34a51f98f8 method=java.lang.AbstractStringBuilder.append(Ljava/lang/String;)Ljava/lang/AbstractStringBuilder; @ 1

Classes redefined (0 events):
No events

Internal exceptions (10 events):
Event: 61.048 Thread 0x00007f34b42cd800 Exception <a 'java/net/ConnectException'> (0x00000000ebb45888) thrown at [/HUDSON/workspace/8-2-build-linux-amd64/jdk8u201/12317/hotspot/src/share/vm/prims/jni.cpp, line 709]
Event: 61.071 Thread 0x00007f34b42d1800 Exception <a 'java/net/ConnectException'> (0x00000000ebb6d2f8) thrown at [/HUDSON/workspace/8-2-build-linux-amd64/jdk8u201/12317/hotspot/src/share/vm/prims/jni.cpp, line 709]
Event: 61.081 Thread 0x00007f34b42d3000 Exception <a 'java/net/ConnectException'> (0x00000000ebb94ea0) thrown at [/HUDSON/workspace/8-2-build-linux-amd64/jdk8u201/12317/hotspot/src/share/vm/prims/jni.cpp, line 709]
Event: 71.049 Thread 0x00007f34b42cd800 Exception <a 'java/net/ConnectException'> (0x00000000ebb463b0) thrown at [/HUDSON/workspace/8-2-build-linux-amd64/jdk8u201/12317/hotspot/src/share/vm/prims/jni.cpp, line 709]
Event: 71.072 Thread 0x00007f34b42d1800 Exception <a 'java/net/ConnectException'> (0x00000000ebb6de20) thrown at [/HUDSON/workspace/8-2-build-linux-amd64/jdk8u201/12317/hotspot/src/share/vm/prims/jni.cpp, line 709]
Event: 71.082 Thread 0x00007f34b42d3000 Exception <a 'java/net/ConnectException'> (0x00000000ebb959c8) thrown at [/HUDSON/workspace/8-2-build-linux-amd64/jdk8u201/12317/hotspot/src/share/vm/prims/jni.cpp, line 709]
Event: 81.049 Thread 0x00007f34b42cd800 Exception <a 'java/net/ConnectException'> (0x00000000ebb46ed8) thrown at [/HUDSON/workspace/8-2-build-linux-amd64/jdk8u201/12317/hotspot/src/share/vm/prims/jni.cpp, line 709]
Event: 81.072 Thread 0x00007f34b42d1800 Exception <a 'java/net/ConnectException'> (0x00000000ebb6e948) thrown at [/HUDSON/workspace/8-2-build-linux-amd64/jdk8u201/12317/hotspot/src/share/vm/prims/jni.cpp, line 709]
Event: 81.082 Thread 0x00007f34b42d3000 Exception <a 'java/net/ConnectException'> (0x00000000ebb964f0) thrown at [/HUDSON/workspace/8-2-build-linux-amd64/jdk8u201/12317/hotspot/src/share/vm/prims/jni.cpp, line 709]
Event: 89.631 Thread 0x00007f3458001000 Implicit null exception at 0x00007f34a51f9536 to 0x00007f34a51f98e1

Events (10 events):
Event: 89.002 Thread 0x00007f3458001000 DEOPT UNPACKING pc=0x00007f34a504573a sp=0x00007f346caf2b68 mode 2
Event: 89.601 loading class org/evosuite/instrumentation/testability/DescriptorMapping$1
Event: 89.601 loading class org/evosuite/instrumentation/testability/DescriptorMapping$1 done
Event: 89.677 Thread 0x00007f3458001000 Uncommon trap: trap_request=0xffffff65 fr.pc=0x00007f34a51f98f8
Event: 89.677 Thread 0x00007f3458001000 DEOPT PACKING pc=0x00007f34a51f98f8 sp=0x00007f346caf2900
Event: 89.677 Thread 0x00007f3458001000 DEOPT UNPACKING pc=0x00007f34a504573a sp=0x00007f346caf28e0 mode 2
Event: 89.748 Executing VM operation: ParallelGCFailedAllocation
Event: 89.802 Executing VM operation: ParallelGCFailedAllocation done
Event: 89.939 loading class org/evosuite/testcase/execution/TestCaseExecutor$TimeoutExceeded
Event: 89.939 loading class org/evosuite/testcase/execution/TestCaseExecutor$TimeoutExceeded done


Dynamic libraries:
00400000-00401000 r-xp 00000000 08:01 654793                             /usr/lib/jdk/jdk1.8.0_201/bin/java
00600000-00601000 r--p 00000000 08:01 654793                             /usr/lib/jdk/jdk1.8.0_201/bin/java
00601000-00602000 rw-p 00001000 08:01 654793                             /usr/lib/jdk/jdk1.8.0_201/bin/java
01a08000-01a29000 rw-p 00000000 00:00 0                                  [heap]
c2a00000-c5380000 rw-p 00000000 00:00 0 
c5380000-eb900000 ---p 00000000 00:00 0 
eb900000-ecd80000 rw-p 00000000 00:00 0 
ecd80000-100000000 ---p 00000000 00:00 0 
100000000-1001c0000 rw-p 00000000 00:00 0 
1001c0000-140000000 ---p 00000000 00:00 0 
7f3424000000-7f3424021000 rw-p 00000000 00:00 0 
7f3424021000-7f3428000000 ---p 00000000 00:00 0 
7f3428000000-7f342820e000 rw-p 00000000 00:00 0 
7f342820e000-7f342c000000 ---p 00000000 00:00 0 
7f342c000000-7f342c021000 rw-p 00000000 00:00 0 
7f342c021000-7f3430000000 ---p 00000000 00:00 0 
7f3430000000-7f3430037000 rw-p 00000000 00:00 0 
7f3430037000-7f3434000000 ---p 00000000 00:00 0 
7f3434000000-7f3434021000 rw-p 00000000 00:00 0 
7f3434021000-7f3438000000 ---p 00000000 00:00 0 
7f3438000000-7f3438021000 rw-p 00000000 00:00 0 
7f3438021000-7f343c000000 ---p 00000000 00:00 0 
7f343c000000-7f343c021000 rw-p 00000000 00:00 0 
7f343c021000-7f3440000000 ---p 00000000 00:00 0 
7f3440000000-7f3440021000 rw-p 00000000 00:00 0 
7f3440021000-7f3444000000 ---p 00000000 00:00 0 
7f3444000000-7f3444021000 rw-p 00000000 00:00 0 
7f3444021000-7f3448000000 ---p 00000000 00:00 0 
7f3448000000-7f3448021000 rw-p 00000000 00:00 0 
7f3448021000-7f344c000000 ---p 00000000 00:00 0 
7f344c000000-7f344c021000 rw-p 00000000 00:00 0 
7f344c021000-7f3450000000 ---p 00000000 00:00 0 
7f3450000000-7f3450021000 rw-p 00000000 00:00 0 
7f3450021000-7f3454000000 ---p 00000000 00:00 0 
7f3454000000-7f3454021000 rw-p 00000000 00:00 0 
7f3454021000-7f3458000000 ---p 00000000 00:00 0 
7f3458000000-7f3458021000 rw-p 00000000 00:00 0 
7f3458021000-7f345c000000 ---p 00000000 00:00 0 
7f345c000000-7f345c021000 rw-p 00000000 00:00 0 
7f345c021000-7f3460000000 ---p 00000000 00:00 0 
7f3460000000-7f3460021000 rw-p 00000000 00:00 0 
7f3460021000-7f3464000000 ---p 00000000 00:00 0 
7f3464000000-7f3464021000 rw-p 00000000 00:00 0 
7f3464021000-7f3468000000 ---p 00000000 00:00 0 
7f3468000000-7f3468021000 rw-p 00000000 00:00 0 
7f3468021000-7f346c000000 ---p 00000000 00:00 0 
7f346c7f9000-7f346c9f9000 rw-p 00000000 00:00 0 
7f346c9f9000-7f346c9fc000 ---p 00000000 00:00 0 
7f346c9fc000-7f346cafa000 rw-p 00000000 00:00 0 
7f346cafa000-7f346cafd000 ---p 00000000 00:00 0 
7f346cafd000-7f346cbfb000 rw-p 00000000 00:00 0 
7f346cbfb000-7f346cbfe000 ---p 00000000 00:00 0 
7f346cbfe000-7f346ccfc000 rw-p 00000000 00:00 0 
7f346ccfc000-7f346ccff000 ---p 00000000 00:00 0 
7f346ccff000-7f346cdfd000 rw-p 00000000 00:00 0 
7f346cdfd000-7f346ce00000 ---p 00000000 00:00 0 
7f346ce00000-7f346cefe000 rw-p 00000000 00:00 0 
7f346cefe000-7f346cf01000 ---p 00000000 00:00 0 
7f346cf01000-7f3470000000 rw-p 00000000 00:00 0 
7f3470000000-7f3470830000 rw-p 00000000 00:00 0 
7f3470830000-7f3474000000 ---p 00000000 00:00 0 
7f3474000000-7f3474021000 rw-p 00000000 00:00 0 
7f3474021000-7f3478000000 ---p 00000000 00:00 0 
7f3478000000-7f3478a98000 rw-p 00000000 00:00 0 
7f3478a98000-7f347c000000 ---p 00000000 00:00 0 
7f347c000000-7f347d350000 rw-p 00000000 00:00 0 
7f347d350000-7f3480000000 ---p 00000000 00:00 0 
7f3480000000-7f3480021000 rw-p 00000000 00:00 0 
7f3480021000-7f3484000000 ---p 00000000 00:00 0 
7f3484000000-7f3484021000 rw-p 00000000 00:00 0 
7f3484021000-7f3488000000 ---p 00000000 00:00 0 
7f3488000000-7f3488021000 rw-p 00000000 00:00 0 
7f3488021000-7f348c000000 ---p 00000000 00:00 0 
7f348c000000-7f348c021000 rw-p 00000000 00:00 0 
7f348c021000-7f3490000000 ---p 00000000 00:00 0 
7f3490000000-7f3490021000 rw-p 00000000 00:00 0 
7f3490021000-7f3494000000 ---p 00000000 00:00 0 
7f3494000000-7f3494021000 rw-p 00000000 00:00 0 
7f3494021000-7f3498000000 ---p 00000000 00:00 0 
7f3498000000-7f3498021000 rw-p 00000000 00:00 0 
7f3498021000-7f349c000000 ---p 00000000 00:00 0 
7f349c09f000-7f349c0a2000 ---p 00000000 00:00 0 
7f349c0a2000-7f349c1a0000 rw-p 00000000 00:00 0 
7f349c1a0000-7f349c1a3000 ---p 00000000 00:00 0 
7f349c1a3000-7f349c2a1000 rw-p 00000000 00:00 0 
7f349c2a1000-7f349c2a4000 ---p 00000000 00:00 0 
7f349c2a4000-7f349c3a2000 rw-p 00000000 00:00 0 
7f349c3a2000-7f349c3a5000 ---p 00000000 00:00 0 
7f349c3a5000-7f349c4a3000 rw-p 00000000 00:00 0 
7f349c4a3000-7f349c4a6000 ---p 00000000 00:00 0 
7f349c4a6000-7f349c5a4000 rw-p 00000000 00:00 0 
7f349c5a4000-7f349c5a7000 ---p 00000000 00:00 0 
7f349c5a7000-7f349c6a5000 rw-p 00000000 00:00 0 
7f349c6a5000-7f349c6a8000 ---p 00000000 00:00 0 
7f349c6a8000-7f349c7a6000 rw-p 00000000 00:00 0 
7f349c7a6000-7f349c7a9000 ---p 00000000 00:00 0 
7f349c7a9000-7f349caa7000 rw-p 00000000 00:00 0 
7f349caa7000-7f349caaa000 ---p 00000000 00:00 0 
7f349caaa000-7f349cba8000 rw-p 00000000 00:00 0 
7f349cba8000-7f349cbab000 ---p 00000000 00:00 0 
7f349cbab000-7f349cca9000 rw-p 00000000 00:00 0 
7f349cca9000-7f349ccac000 ---p 00000000 00:00 0 
7f349ccac000-7f349cdaa000 rw-p 00000000 00:00 0 
7f349cdaa000-7f349cdc0000 r-xp 00000000 08:01 656512                     /usr/lib/jdk/jdk1.8.0_201/jre/lib/amd64/libnet.so
7f349cdc0000-7f349cfc0000 ---p 00016000 08:01 656512                     /usr/lib/jdk/jdk1.8.0_201/jre/lib/amd64/libnet.so
7f349cfc0000-7f349cfc1000 r--p 00016000 08:01 656512                     /usr/lib/jdk/jdk1.8.0_201/jre/lib/amd64/libnet.so
7f349cfc1000-7f349cfc2000 rw-p 00017000 08:01 656512                     /usr/lib/jdk/jdk1.8.0_201/jre/lib/amd64/libnet.so
7f349cfc2000-7f349d18b000 r--s 01695000 08:01 398947                     /home/hewitt/work/DiffTGen-master/lib/evosuite-1.0.2.jar
7f349d18b000-7f349d18c000 ---p 00000000 00:00 0 
7f349d18c000-7f349d28c000 rw-p 00000000 00:00 0 
7f349d28c000-7f349d28f000 ---p 00000000 00:00 0 
7f349d28f000-7f349d38d000 rw-p 00000000 00:00 0 
7f349d38d000-7f349d390000 ---p 00000000 00:00 0 
7f349d390000-7f349d48e000 rw-p 00000000 00:00 0 
7f349d48e000-7f349d491000 ---p 00000000 00:00 0 
7f349d491000-7f349d58f000 rw-p 00000000 00:00 0 
7f349d58f000-7f349d592000 ---p 00000000 00:00 0 
7f349d592000-7f349d690000 rw-p 00000000 00:00 0 
7f349d690000-7f349d693000 ---p 00000000 00:00 0 
7f349d693000-7f349d791000 rw-p 00000000 00:00 0 
7f349d791000-7f349e150000 r--p 00000000 08:01 270368                     /usr/lib/locale/locale-archive
7f349e150000-7f34a0000000 rw-p 00000000 00:00 0 
7f34a0000000-7f34a0021000 rw-p 00000000 00:00 0 
7f34a0021000-7f34a4000000 ---p 00000000 00:00 0 
7f34a4078000-7f34a40f1000 r--s 010fd000 08:01 654900                     /usr/lib/jdk/jdk1.8.0_201/lib/tools.jar
7f34a40f1000-7f34a40f4000 ---p 00000000 00:00 0 
7f34a40f4000-7f34a41f2000 rw-p 00000000 00:00 0 
7f34a41f2000-7f34a41f5000 ---p 00000000 00:00 0 
7f34a41f5000-7f34a42f3000 rw-p 00000000 00:00 0 
7f34a42f3000-7f34a42f4000 ---p 00000000 00:00 0 
7f34a42f4000-7f34a5000000 rw-p 00000000 00:00 0 
7f34a5000000-7f34a5500000 rwxp 00000000 00:00 0 
7f34a5510000-7f34b4000000 ---p 00000000 00:00 0 
7f34b4000000-7f34b44b4000 rw-p 00000000 00:00 0 
7f34b44b4000-7f34b8000000 ---p 00000000 00:00 0 
7f34b8007000-7f34b8023000 r--s 00393000 08:01 656354                     /usr/lib/jdk/jdk1.8.0_201/jre/lib/ext/cldrdata.jar
7f34b8023000-7f34b8026000 ---p 00000000 00:00 0 
7f34b8026000-7f34b835f000 rw-p 00000000 00:00 0 
7f34b835f000-7f34b8539000 r--s 03d6f000 08:01 656293                     /usr/lib/jdk/jdk1.8.0_201/jre/lib/rt.jar
7f34b8539000-7f34b8f9a000 rw-p 00000000 00:00 0 
7f34b8f9a000-7f34b8f9b000 ---p 00000000 00:00 0 
7f34b8f9b000-7f34b909b000 rw-p 00000000 00:00 0 
7f34b909b000-7f34b909c000 ---p 00000000 00:00 0 
7f34b909c000-7f34b919c000 rw-p 00000000 00:00 0 
7f34b919c000-7f34b919d000 ---p 00000000 00:00 0 
7f34b919d000-7f34b929d000 rw-p 00000000 00:00 0 
7f34b929d000-7f34b929e000 ---p 00000000 00:00 0 
7f34b929e000-7f34b93b3000 rw-p 00000000 00:00 0 
7f34b93b3000-7f34b94e6000 ---p 00000000 00:00 0 
7f34b94e6000-7f34b94fb000 rw-p 00000000 00:00 0 
7f34b94fb000-7f34b962d000 ---p 00000000 00:00 0 
7f34b962d000-7f34b9638000 rw-p 00000000 00:00 0 
7f34b9638000-7f34b96d1000 ---p 00000000 00:00 0 
7f34b96d1000-7f34b96e6000 rw-p 00000000 00:00 0 
7f34b96e6000-7f34b9a92000 ---p 00000000 00:00 0 
7f34b9a92000-7f34b9aad000 r-xp 00000000 08:01 656508                     /usr/lib/jdk/jdk1.8.0_201/jre/lib/amd64/libzip.so
7f34b9aad000-7f34b9cac000 ---p 0001b000 08:01 656508                     /usr/lib/jdk/jdk1.8.0_201/jre/lib/amd64/libzip.so
7f34b9cac000-7f34b9cad000 r--p 0001a000 08:01 656508                     /usr/lib/jdk/jdk1.8.0_201/jre/lib/amd64/libzip.so
7f34b9cad000-7f34b9cae000 rw-p 0001b000 08:01 656508                     /usr/lib/jdk/jdk1.8.0_201/jre/lib/amd64/libzip.so
7f34b9cae000-7f34b9cb9000 r-xp 00000000 08:01 658902                     /lib/x86_64-linux-gnu/libnss_files-2.23.so
7f34b9cb9000-7f34b9eb8000 ---p 0000b000 08:01 658902                     /lib/x86_64-linux-gnu/libnss_files-2.23.so
7f34b9eb8000-7f34b9eb9000 r--p 0000a000 08:01 658902                     /lib/x86_64-linux-gnu/libnss_files-2.23.so
7f34b9eb9000-7f34b9eba000 rw-p 0000b000 08:01 658902                     /lib/x86_64-linux-gnu/libnss_files-2.23.so
7f34b9eba000-7f34b9ec0000 rw-p 00000000 00:00 0 
7f34b9ec0000-7f34b9ecb000 r-xp 00000000 08:01 658912                     /lib/x86_64-linux-gnu/libnss_nis-2.23.so
7f34b9ecb000-7f34ba0ca000 ---p 0000b000 08:01 658912                     /lib/x86_64-linux-gnu/libnss_nis-2.23.so
7f34ba0ca000-7f34ba0cb000 r--p 0000a000 08:01 658912                     /lib/x86_64-linux-gnu/libnss_nis-2.23.so
7f34ba0cb000-7f34ba0cc000 rw-p 0000b000 08:01 658912                     /lib/x86_64-linux-gnu/libnss_nis-2.23.so
7f34ba0cc000-7f34ba0e2000 r-xp 00000000 08:01 658896                     /lib/x86_64-linux-gnu/libnsl-2.23.so
7f34ba0e2000-7f34ba2e1000 ---p 00016000 08:01 658896                     /lib/x86_64-linux-gnu/libnsl-2.23.so
7f34ba2e1000-7f34ba2e2000 r--p 00015000 08:01 658896                     /lib/x86_64-linux-gnu/libnsl-2.23.so
7f34ba2e2000-7f34ba2e3000 rw-p 00016000 08:01 658896                     /lib/x86_64-linux-gnu/libnsl-2.23.so
7f34ba2e3000-7f34ba2e5000 rw-p 00000000 00:00 0 
7f34ba2e5000-7f34ba2ed000 r-xp 00000000 08:01 658898                     /lib/x86_64-linux-gnu/libnss_compat-2.23.so
7f34ba2ed000-7f34ba4ec000 ---p 00008000 08:01 658898                     /lib/x86_64-linux-gnu/libnss_compat-2.23.so
7f34ba4ec000-7f34ba4ed000 r--p 00007000 08:01 658898                     /lib/x86_64-linux-gnu/libnss_compat-2.23.so
7f34ba4ed000-7f34ba4ee000 rw-p 00008000 08:01 658898                     /lib/x86_64-linux-gnu/libnss_compat-2.23.so
7f34ba4ee000-7f34ba51a000 r-xp 00000000 08:01 656502                     /usr/lib/jdk/jdk1.8.0_201/jre/lib/amd64/libjava.so
7f34ba51a000-7f34ba71a000 ---p 0002c000 08:01 656502                     /usr/lib/jdk/jdk1.8.0_201/jre/lib/amd64/libjava.so
7f34ba71a000-7f34ba71b000 r--p 0002c000 08:01 656502                     /usr/lib/jdk/jdk1.8.0_201/jre/lib/amd64/libjava.so
7f34ba71b000-7f34ba71d000 rw-p 0002d000 08:01 656502                     /usr/lib/jdk/jdk1.8.0_201/jre/lib/amd64/libjava.so
7f34ba71d000-7f34ba72a000 r-xp 00000000 08:01 656507                     /usr/lib/jdk/jdk1.8.0_201/jre/lib/amd64/libverify.so
7f34ba72a000-7f34ba929000 ---p 0000d000 08:01 656507                     /usr/lib/jdk/jdk1.8.0_201/jre/lib/amd64/libverify.so
7f34ba929000-7f34ba92b000 r--p 0000c000 08:01 656507                     /usr/lib/jdk/jdk1.8.0_201/jre/lib/amd64/libverify.so
7f34ba92b000-7f34ba92c000 rw-p 0000e000 08:01 656507                     /usr/lib/jdk/jdk1.8.0_201/jre/lib/amd64/libverify.so
7f34ba92c000-7f34ba933000 r-xp 00000000 08:01 658957                     /lib/x86_64-linux-gnu/librt-2.23.so
7f34ba933000-7f34bab32000 ---p 00007000 08:01 658957                     /lib/x86_64-linux-gnu/librt-2.23.so
7f34bab32000-7f34bab33000 r--p 00006000 08:01 658957                     /lib/x86_64-linux-gnu/librt-2.23.so
7f34bab33000-7f34bab34000 rw-p 00007000 08:01 658957                     /lib/x86_64-linux-gnu/librt-2.23.so
7f34bab34000-7f34bac3c000 r-xp 00000000 08:01 658873                     /lib/x86_64-linux-gnu/libm-2.23.so
7f34bac3c000-7f34bae3b000 ---p 00108000 08:01 658873                     /lib/x86_64-linux-gnu/libm-2.23.so
7f34bae3b000-7f34bae3c000 r--p 00107000 08:01 658873                     /lib/x86_64-linux-gnu/libm-2.23.so
7f34bae3c000-7f34bae3d000 rw-p 00108000 08:01 658873                     /lib/x86_64-linux-gnu/libm-2.23.so
7f34bae3d000-7f34bbb25000 r-xp 00000000 08:01 656484                     /usr/lib/jdk/jdk1.8.0_201/jre/lib/amd64/server/libjvm.so
7f34bbb25000-7f34bbd24000 ---p 00ce8000 08:01 656484                     /usr/lib/jdk/jdk1.8.0_201/jre/lib/amd64/server/libjvm.so
7f34bbd24000-7f34bbdba000 r--p 00ce7000 08:01 656484                     /usr/lib/jdk/jdk1.8.0_201/jre/lib/amd64/server/libjvm.so
7f34bbdba000-7f34bbdeb000 rw-p 00d7d000 08:01 656484                     /usr/lib/jdk/jdk1.8.0_201/jre/lib/amd64/server/libjvm.so
7f34bbdeb000-7f34bbe26000 rw-p 00000000 00:00 0 
7f34bbe26000-7f34bbfe6000 r-xp 00000000 08:01 658803                     /lib/x86_64-linux-gnu/libc-2.23.so
7f34bbfe6000-7f34bc1e6000 ---p 001c0000 08:01 658803                     /lib/x86_64-linux-gnu/libc-2.23.so
7f34bc1e6000-7f34bc1ea000 r--p 001c0000 08:01 658803                     /lib/x86_64-linux-gnu/libc-2.23.so
7f34bc1ea000-7f34bc1ec000 rw-p 001c4000 08:01 658803                     /lib/x86_64-linux-gnu/libc-2.23.so
7f34bc1ec000-7f34bc1f0000 rw-p 00000000 00:00 0 
7f34bc1f0000-7f34bc1f3000 r-xp 00000000 08:01 658827                     /lib/x86_64-linux-gnu/libdl-2.23.so
7f34bc1f3000-7f34bc3f2000 ---p 00003000 08:01 658827                     /lib/x86_64-linux-gnu/libdl-2.23.so
7f34bc3f2000-7f34bc3f3000 r--p 00002000 08:01 658827                     /lib/x86_64-linux-gnu/libdl-2.23.so
7f34bc3f3000-7f34bc3f4000 rw-p 00003000 08:01 658827                     /lib/x86_64-linux-gnu/libdl-2.23.so
7f34bc3f4000-7f34bc40b000 r-xp 00000000 08:01 656155                     /usr/lib/jdk/jdk1.8.0_201/lib/amd64/jli/libjli.so
7f34bc40b000-7f34bc60a000 ---p 00017000 08:01 656155                     /usr/lib/jdk/jdk1.8.0_201/lib/amd64/jli/libjli.so
7f34bc60a000-7f34bc60b000 r--p 00016000 08:01 656155                     /usr/lib/jdk/jdk1.8.0_201/lib/amd64/jli/libjli.so
7f34bc60b000-7f34bc60c000 rw-p 00017000 08:01 656155                     /usr/lib/jdk/jdk1.8.0_201/lib/amd64/jli/libjli.so
7f34bc60c000-7f34bc624000 r-xp 00000000 08:01 658949                     /lib/x86_64-linux-gnu/libpthread-2.23.so
7f34bc624000-7f34bc823000 ---p 00018000 08:01 658949                     /lib/x86_64-linux-gnu/libpthread-2.23.so
7f34bc823000-7f34bc824000 r--p 00017000 08:01 658949                     /lib/x86_64-linux-gnu/libpthread-2.23.so
7f34bc824000-7f34bc825000 rw-p 00018000 08:01 658949                     /lib/x86_64-linux-gnu/libpthread-2.23.so
7f34bc825000-7f34bc829000 rw-p 00000000 00:00 0 
7f34bc829000-7f34bc84f000 r-xp 00000000 08:01 658775                     /lib/x86_64-linux-gnu/ld-2.23.so
7f34bc859000-7f34bc863000 r--s 00116000 08:01 656361                     /usr/lib/jdk/jdk1.8.0_201/jre/lib/ext/localedata.jar
7f34bc863000-7f34bc873000 r--s 00140000 08:01 641975                     /home/hewitt/work/DiffTGen-master/output/Chart_11_fixminer/target/build/classes/all0.jar
7f34bc873000-7f34bc931000 rw-p 00000000 00:00 0 
7f34bc931000-7f34bc934000 ---p 00000000 00:00 0 
7f34bc934000-7f34bca37000 rw-p 00000000 00:00 0 
7f34bca37000-7f34bca3b000 r--s 000a1000 08:01 656350                     /usr/lib/jdk/jdk1.8.0_201/jre/lib/jsse.jar
7f34bca3b000-7f34bca43000 r--s 0006e000 08:01 398946                     /home/hewitt/work/DiffTGen-master/lib/commons-lang3-3.5.jar
7f34bca43000-7f34bca44000 r--s 00000000 08:01 398951                     /home/hewitt/work/DiffTGen-master/lib/myprinter.jar
7f34bca44000-7f34bca4c000 rw-s 00000000 08:01 150235                     /tmp/hsperfdata_hewitt/32331
7f34bca4c000-7f34bca4d000 rw-p 00000000 00:00 0 
7f34bca4d000-7f34bca4e000 ---p 00000000 00:00 0 
7f34bca4e000-7f34bca4f000 r--p 00025000 08:01 658775                     /lib/x86_64-linux-gnu/ld-2.23.so
7f34bca4f000-7f34bca50000 rw-p 00026000 08:01 658775                     /lib/x86_64-linux-gnu/ld-2.23.so
7f34bca50000-7f34bca51000 rw-p 00000000 00:00 0 
7ffc3ba35000-7ffc3ba57000 rw-p 00000000 00:00 0                          [stack]
7ffc3bbc9000-7ffc3bbcc000 r--p 00000000 00:00 0                          [vvar]
7ffc3bbcc000-7ffc3bbce000 r-xp 00000000 00:00 0                          [vdso]
ffffffffff600000-ffffffffff601000 r-xp 00000000 00:00 0                  [vsyscall]

VM Arguments:
java_command: /home/hewitt/work/DiffTGen-master/lib/evosuite-1.0.2.jar -base_dir /home/hewitt/work/DiffTGen-master/output/Chart_11_fixminer/target/0/7 -projectCP /home/hewitt/work/DiffTGen-master/output/Chart_11_fixminer/target/build/classes/all0.jar:/home/hewitt/work/DiffTGen-master/lib/myprinter.jar:/home/hewitt/work/DiffTGen-master/lib/commons-lang3-3.5.jar -class org.jfree.chart.util.ShapeUtilities -Dassertions=false -Dsearch_budget=60
java_class_path (initial): /home/hewitt/work/DiffTGen-master/lib/evosuite-1.0.2.jar
Launcher Type: SUN_STANDARD

Environment Variables:
JAVA_HOME=/usr/lib/jdk/jdk1.8.0_201
JRE_HOME=/usr/lib/jdk/jdk1.8.0_201/jre
CLASSPATH=.:/usr/lib/jdk/jdk1.8.0_201/lib:/usr/lib/jdk/jdk1.8.0_201/jre/lib
PATH=/usr/lib/jdk/jdk1.8.0_201/bin:/home/hewitt/bin:/home/hewitt/.local/bin:/usr/lib/jdk/jdk1.7.0_80/bin:/usr/local/sbin:/usr/local/bin:/usr/sbin:/usr/bin:/sbin:/bin:/usr/games:/usr/local/games:/snap/bin:/home/hewitt/work/defects4j_v1.4.0/defects4j/framework/bin:/opt/apache-ant-1.9.14/bin:/home/hewitt/work/defects4j_v1.4.0/defects4j/framework/bin
SHELL=/bin/bash
DISPLAY=:0

Signal Handlers:
SIGSEGV: [libjvm.so+0xad3e60], sa_mask[0]=11111111011111111101111111111110, sa_flags=SA_RESTART|SA_SIGINFO
SIGBUS: [libjvm.so+0xad3e60], sa_mask[0]=11111111011111111101111111111110, sa_flags=SA_RESTART|SA_SIGINFO
SIGFPE: [libjvm.so+0x90b880], sa_mask[0]=11111111011111111101111111111110, sa_flags=SA_RESTART|SA_SIGINFO
SIGPIPE: [libjvm.so+0x90b880], sa_mask[0]=11111111011111111101111111111110, sa_flags=SA_RESTART|SA_SIGINFO
SIGXFSZ: [libjvm.so+0x90b880], sa_mask[0]=11111111011111111101111111111110, sa_flags=SA_RESTART|SA_SIGINFO
SIGILL: [libjvm.so+0x90b880], sa_mask[0]=11111111011111111101111111111110, sa_flags=SA_RESTART|SA_SIGINFO
SIGUSR1: SIG_DFL, sa_mask[0]=00000000000000000000000000000000, sa_flags=none
SIGUSR2: [libjvm.so+0x90b750], sa_mask[0]=00100000000000000000000000000000, sa_flags=SA_RESTART|SA_SIGINFO
SIGHUP: [libjvm.so+0x90bd70], sa_mask[0]=11111111011111111101111111111110, sa_flags=SA_RESTART|SA_SIGINFO
SIGINT: [libjvm.so+0x90bd70], sa_mask[0]=11111111011111111101111111111110, sa_flags=SA_RESTART|SA_SIGINFO
SIGTERM: [libjvm.so+0x90bd70], sa_mask[0]=11111111011111111101111111111110, sa_flags=SA_RESTART|SA_SIGINFO
SIGQUIT: [libjvm.so+0x90bd70], sa_mask[0]=11111111011111111101111111111110, sa_flags=SA_RESTART|SA_SIGINFO


---------------  S Y S T E M  ---------------

OS:DISTRIB_ID=Ubuntu
DISTRIB_RELEASE=16.04
DISTRIB_CODENAME=xenial
DISTRIB_DESCRIPTION="Ubuntu 16.04.6 LTS"

uname:Linux 4.15.0-91-generic #92~16.04.1-Ubuntu SMP Fri Feb 28 14:57:22 UTC 2020 x86_64
libc:glibc 2.23 NPTL 2.23 
rlimit: STACK 8192k, CORE 0k, NPROC 15448, NOFILE 1048576, AS infinity
load average:17.24 16.38 11.39

/proc/meminfo:
MemTotal:        4015928 kB
MemFree:         1015984 kB
MemAvailable:     949784 kB
Buffers:            5032 kB
Cached:            70440 kB
SwapCached:         3096 kB
Active:          2154616 kB
Inactive:         373120 kB
Active(anon):    2127016 kB
Inactive(anon):   327076 kB
Active(file):      27600 kB
Inactive(file):    46044 kB
Unevictable:          48 kB
Mlocked:              48 kB
SwapTotal:        998396 kB
SwapFree:          20040 kB
Dirty:               216 kB
Writeback:           688 kB
AnonPages:       2449596 kB
Mapped:            41116 kB
Shmem:              1728 kB
Slab:              97032 kB
SReclaimable:      34884 kB
SUnreclaim:        62148 kB
KernelStack:       14752 kB
PageTables:        40036 kB
NFS_Unstable:          0 kB
Bounce:                0 kB
WritebackTmp:          0 kB
CommitLimit:     3006360 kB
Committed_AS:    7553772 kB
VmallocTotal:   34359738367 kB
VmallocUsed:           0 kB
VmallocChunk:          0 kB
HardwareCorrupted:     0 kB
AnonHugePages:         0 kB
ShmemHugePages:        0 kB
ShmemPmdMapped:        0 kB
CmaTotal:              0 kB
CmaFree:               0 kB
HugePages_Total:       0
HugePages_Free:        0
HugePages_Rsvd:        0
HugePages_Surp:        0
Hugepagesize:       2048 kB
DirectMap4k:      104256 kB
DirectMap2M:     3041280 kB
DirectMap1G:     3145728 kB

container (cgroup) information:
container_type: cgroupv1
cpu_cpuset_cpus: 0-3
cpu_memory_nodes: 0
active_processor_count: 4
cpu_quota: -1
cpu_period: 100000
cpu_shares: -1
memory_limit_in_bytes: -1
memory_and_swap_limit_in_bytes: -2
memory_soft_limit_in_bytes: -1
memory_usage_in_bytes: 2586935296
memory_max_usage_in_bytes: 68804608


CPU:total 4 (initial active 4) (2 cores per cpu, 1 threads per core) family 6 model 158 stepping 9, cmov, cx8, fxsr, mmx, sse, sse2, sse3, ssse3, sse4.1, sse4.2, popcnt, avx, avx2, aes, clmul, erms, 3dnowpref, lzcnt, tsc, tscinvbit, bmi1, bmi2, adx

/proc/cpuinfo:
processor	: 0
vendor_id	: GenuineIntel
cpu family	: 6
model		: 158
model name	: Intel(R) Core(TM) i7-7700HQ CPU @ 2.80GHz
stepping	: 9
microcode	: 0xb4
cpu MHz		: 2808.002
cache size	: 6144 KB
physical id	: 0
siblings	: 2
core id		: 0
cpu cores	: 2
apicid		: 0
initial apicid	: 0
fpu		: yes
fpu_exception	: yes
cpuid level	: 22
wp		: yes
flags		: fpu vme de pse tsc msr pae mce cx8 apic sep mtrr pge mca cmov pat pse36 clflush mmx fxsr sse sse2 ss ht syscall nx pdpe1gb rdtscp lm constant_tsc arch_perfmon nopl xtopology tsc_reliable nonstop_tsc cpuid pni pclmulqdq ssse3 fma cx16 pcid sse4_1 sse4_2 x2apic movbe popcnt tsc_deadline_timer aes xsave avx f16c rdrand hypervisor lahf_lm abm 3dnowprefetch cpuid_fault invpcid_single pti ssbd ibrs ibpb stibp fsgsbase tsc_adjust bmi1 avx2 smep bmi2 invpcid mpx rdseed adx smap clflushopt xsaveopt xsavec xsaves arat md_clear flush_l1d arch_capabilities
bugs		: cpu_meltdown spectre_v1 spectre_v2 spec_store_bypass l1tf mds swapgs itlb_multihit
bogomips	: 5616.00
clflush size	: 64
cache_alignment	: 64
address sizes	: 43 bits physical, 48 bits virtual
power management:

processor	: 1
vendor_id	: GenuineIntel
cpu family	: 6
model		: 158
model name	: Intel(R) Core(TM) i7-7700HQ CPU @ 2.80GHz
stepping	: 9
microcode	: 0xb4
cpu MHz		: 2808.002
cache size	: 6144 KB
physical id	: 0
siblings	: 2
core id		: 1
cpu cores	: 2
apicid		: 1
initial apicid	: 1
fpu		: yes
fpu_exception	: yes
cpuid level	: 22
wp		: yes
flags		: fpu vme de pse tsc msr pae mce cx8 apic sep mtrr pge mca cmov pat pse36 clflush mmx fxsr sse sse2 ss ht syscall nx pdpe1gb rdtscp lm constant_tsc arch_perfmon nopl xtopology tsc_reliable nonstop_tsc cpuid pni pclmulqdq ssse3 fma cx16 pcid sse4_1 sse4_2 x2apic movbe popcnt tsc_deadline_timer aes xsave avx f16c rdrand hypervisor lahf_lm abm 3dnowprefetch cpuid_fault invpcid_single pti ssbd ibrs ibpb stibp fsgsbase tsc_adjust bmi1 avx2 smep bmi2 invpcid mpx rdseed adx smap clflushopt xsaveopt xsavec xsaves arat md_clear flush_l1d arch_capabilities
bugs		: cpu_meltdown spectre_v1 spectre_v2 spec_store_bypass l1tf mds swapgs itlb_multihit
bogomips	: 5616.00
clflush size	: 64
cache_alignment	: 64
address sizes	: 43 bits physical, 48 bits virtual
power management:

processor	: 2
vendor_id	: GenuineIntel
cpu family	: 6
model		: 158
model name	: Intel(R) Core(TM) i7-7700HQ CPU @ 2.80GHz
stepping	: 9
microcode	: 0xb4
cpu MHz		: 2808.002
cache size	: 6144 KB
physical id	: 1
siblings	: 2
core id		: 0
cpu cores	: 2
apicid		: 2
initial apicid	: 2
fpu		: yes
fpu_exception	: yes
cpuid level	: 22
wp		: yes
flags		: fpu vme de pse tsc msr pae mce cx8 apic sep mtrr pge mca cmov pat pse36 clflush mmx fxsr sse sse2 ss ht syscall nx pdpe1gb rdtscp lm constant_tsc arch_perfmon nopl xtopology tsc_reliable nonstop_tsc cpuid pni pclmulqdq ssse3 fma cx16 pcid sse4_1 sse4_2 x2apic movbe popcnt tsc_deadline_timer aes xsave avx f16c rdrand hypervisor lahf_lm abm 3dnowprefetch cpuid_fault invpcid_single pti ssbd ibrs ibpb stibp fsgsbase tsc_adjust bmi1 avx2 smep bmi2 invpcid mpx rdseed adx smap clflushopt xsaveopt xsavec xsaves arat md_clear flush_l1d arch_capabilities
bugs		: cpu_meltdown spectre_v1 spectre_v2 spec_store_bypass l1tf mds swapgs itlb_multihit
bogomips	: 5616.00
clflush size	: 64
cache_alignment	: 64
address sizes	: 43 bits physical, 48 bits virtual
power management:

processor	: 3
vendor_id	: GenuineIntel
cpu family	: 6
model		: 158
model name	: Intel(R) Core(TM) i7-7700HQ CPU @ 2.80GHz
stepping	: 9
microcode	: 0xb4
cpu MHz		: 2808.002
cache size	: 6144 KB
physical id	: 1
siblings	: 2
core id		: 1
cpu cores	: 2
apicid		: 3
initial apicid	: 3
fpu		: yes
fpu_exception	: yes
cpuid level	: 22
wp		: yes
flags		: fpu vme de pse tsc msr pae mce cx8 apic sep mtrr pge mca cmov pat pse36 clflush mmx fxsr sse sse2 ss ht syscall nx pdpe1gb rdtscp lm constant_tsc arch_perfmon nopl xtopology tsc_reliable nonstop_tsc cpuid pni pclmulqdq ssse3 fma cx16 pcid sse4_1 sse4_2 x2apic movbe popcnt tsc_deadline_timer aes xsave avx f16c rdrand hypervisor lahf_lm abm 3dnowprefetch cpuid_fault invpcid_single pti ssbd ibrs ibpb stibp fsgsbase tsc_adjust bmi1 avx2 smep bmi2 invpcid mpx rdseed adx smap clflushopt xsaveopt xsavec xsaves arat md_clear flush_l1d arch_capabilities
bugs		: cpu_meltdown spectre_v1 spectre_v2 spec_store_bypass l1tf mds swapgs itlb_multihit
bogomips	: 5616.00
clflush size	: 64
cache_alignment	: 64
address sizes	: 43 bits physical, 48 bits virtual
power management:



Memory: 4k page, physical 4015928k(1015984k free), swap 998396k(20040k free)

vm_info: Java HotSpot(TM) 64-Bit Server VM (25.201-b09) for linux-amd64 JRE (1.8.0_201-b09), built on Dec 15 2018 11:35:59 by "java_re" with gcc 7.3.0

time: Mon Mar 23 14:44:21 2020
timezone: CST
elapsed time: 94 seconds (0d 0h 1m 34s)

