#
# There is insufficient memory for the Java Runtime Environment to continue.
# Native memory allocation (mmap) failed to map 57671680 bytes for committing reserved memory.
# Possible reasons:
#   The system is out of physical RAM or swap space
#   The process is running with CompressedOops enabled, and the Java Heap may be blocking the growth of the native heap
# Possible solutions:
#   Reduce memory load on the system
#   Increase physical memory or swap space
#   Check if swap backing store is full
#   Decrease Java heap size (-Xmx/-Xms)
#   Decrease number of Java threads
#   Decrease Java thread stack sizes (-Xss)
#   Set larger code cache with -XX:ReservedCodeCacheSize=
#   JVM is running with Unscaled Compressed Oops mode in which the Java heap is
#     placed in the first 4GB address space. The Java Heap base address is the
#     maximum limit for the native heap growth. Please use -XX:HeapBaseMinAddress
#     to set the Java Heap base and to place the Java Heap above 4GB virtual address.
# This output file may be truncated or incomplete.
#
#  Out of Memory Error (os_linux.cpp:2749), pid=126590, tid=0x00007f2fd9866700
#
# JRE version: Java(TM) SE Runtime Environment (8.0_201-b09) (build 1.8.0_201-b09)
# Java VM: Java HotSpot(TM) 64-Bit Server VM (25.201-b09 mixed mode linux-amd64 compressed oops)
# Failed to write core dump. Core dumps have been disabled. To enable core dumping, try "ulimit -c unlimited" before starting Java again
#

---------------  T H R E A D  ---------------

Current thread (0x00007f2fec140000):  VMThread [stack: 0x00007f2fd9766000,0x00007f2fd9867000] [id=126626]

Stack: [0x00007f2fd9766000,0x00007f2fd9867000],  sp=0x00007f2fd9865450,  free space=1021k
Native frames: (J=compiled Java code, j=interpreted, Vv=VM code, C=native code)
V  [libjvm.so+0xad3525]  VMError::report_and_die()+0x2e5
V  [libjvm.so+0x4e0457]  report_vm_out_of_memory(char const*, int, unsigned long, VMErrorType, char const*)+0x67
V  [libjvm.so+0x9102f0]  os::pd_commit_memory(char*, unsigned long, unsigned long, bool)+0x100
V  [libjvm.so+0x90791f]  os::commit_memory(char*, unsigned long, unsigned long, bool)+0x1f
V  [libjvm.so+0x98c806]  PSVirtualSpace::expand_by(unsigned long)+0x56
V  [libjvm.so+0x98da98]  PSYoungGen::resize(unsigned long, unsigned long)+0xd8
V  [libjvm.so+0x98a236]  PSScavenge::invoke_no_policy()+0x1376
V  [libjvm.so+0x98a5cc]  PSScavenge::invoke()+0x4c
V  [libjvm.so+0x93a318]  ParallelScavengeHeap::failed_mem_allocate(unsigned long)+0x68
V  [libjvm.so+0xad5073]  VM_ParallelGCFailedAllocation::doit()+0x93
V  [libjvm.so+0xada296]  VM_Operation::evaluate()+0x46
V  [libjvm.so+0xad85cd]  VMThread::evaluate_operation(VM_Operation*) [clone .constprop.44]+0xcd
V  [libjvm.so+0xad8bb3]  VMThread::loop()+0x3a3
V  [libjvm.so+0xad8f88]  VMThread::run()+0x78
V  [libjvm.so+0x90d922]  java_start(Thread*)+0x102

VM_Operation (0x00007f2fcbdf6ea0): ParallelGCFailedAllocation, mode: safepoint, requested by thread 0x00007f2f84001000


---------------  P R O C E S S  ---------------

Java Threads: ( => current thread )
  0x00007f2f84002800 JavaThread "RMI TCP Connection(3)-127.0.0.1" daemon [_thread_blocked, id=126961, stack(0x00007f2fcb9fc000,0x00007f2fcbafd000)]
  0x00007f2f84001000 JavaThread "RMI TCP Connection(2)-127.0.0.1" daemon [_thread_blocked, id=126936, stack(0x00007f2fcbcfd000,0x00007f2fcbdfe000)]
  0x00007f2f5c038000 JavaThread "RMI Scheduler(0)" daemon [_thread_blocked, id=126928, stack(0x00007f2fcbdfe000,0x00007f2fcbeff000)]
  0x00007f2f5c030800 JavaThread "RMI RenewClean-[127.0.0.1:7720]" daemon [_thread_blocked, id=126917, stack(0x00007f2fcbeff000,0x00007f2fcc000000)]
  0x00007f2f90001000 JavaThread "RMI TCP Connection(1)-127.0.0.1" daemon [_thread_in_native, id=126907, stack(0x00007f2fd00f2000,0x00007f2fd01f3000)]
  0x00007f2f80005000 JavaThread "pool-3-thread-3" [_thread_in_native, id=126866, stack(0x00007f2fd01f3000,0x00007f2fd02f4000)]
  0x00007f2f80003000 JavaThread "pool-3-thread-2" [_thread_in_native, id=126863, stack(0x00007f2fd02f4000,0x00007f2fd03f5000)]
  0x00007f2f80002000 JavaThread "pool-3-thread-1" [_thread_in_native, id=126860, stack(0x00007f2fd03f5000,0x00007f2fd04f6000)]
  0x00007f2fec210000 JavaThread "Thread-3" [_thread_in_native, id=126735, stack(0x00007f2fd04f6000,0x00007f2fd05f7000)]
  0x00007f2fec20e800 JavaThread "Thread-2" [_thread_in_native, id=126730, stack(0x00007f2fd05f7000,0x00007f2fd06f8000)]
  0x00007f2fec20d000 JavaThread "process reaper" daemon [_thread_in_native, id=126727, stack(0x00007f2ff0036000,0x00007f2ff006f000)]
  0x00007f2fec3c0800 JavaThread "pool-2-thread-1" [_thread_in_native, id=126709, stack(0x00007f2fd06f8000,0x00007f2fd07f9000)]
  0x00007f2fec3be800 JavaThread "GC Daemon" daemon [_thread_blocked, id=126704, stack(0x00007f2fd07f9000,0x00007f2fd08fa000)]
  0x00007f2fec3bb800 JavaThread "RMI Reaper" [_thread_blocked, id=126699, stack(0x00007f2fd08fa000,0x00007f2fd09fb000)]
  0x00007f2fec3b4800 JavaThread "RMI TCP Accept-8571" daemon [_thread_in_native, id=126698, stack(0x00007f2fd09fb000,0x00007f2fd0afc000)]
  0x00007f2fec3ad800 JavaThread "RMI TCP Accept-16542" daemon [_thread_in_native, id=126695, stack(0x00007f2fd0afc000,0x00007f2fd0bfd000)]
  0x00007f2fec2f1800 JavaThread "logback-3" daemon [_thread_blocked, id=126685, stack(0x00007f2fd0dfd000,0x00007f2fd0efe000)]
  0x00007f2fec2ed800 JavaThread "logback-2" daemon [_thread_blocked, id=126682, stack(0x00007f2fd0efe000,0x00007f2fd0fff000)]
  0x00007f2fec2ec000 JavaThread "logback-1" daemon [_thread_blocked, id=126680, stack(0x00007f2fd8055000,0x00007f2fd8156000)]
  0x00007f2fec191000 JavaThread "Service Thread" daemon [_thread_blocked, id=126669, stack(0x00007f2fd86a0000,0x00007f2fd87a1000)]
  0x00007f2fec186000 JavaThread "C1 CompilerThread2" daemon [_thread_blocked, id=126662, stack(0x00007f2fd87a1000,0x00007f2fd88a2000)]
  0x00007f2fec184800 JavaThread "C2 CompilerThread1" daemon [_thread_blocked, id=126657, stack(0x00007f2fd88a2000,0x00007f2fd89a3000)]
  0x00007f2fec181800 JavaThread "C2 CompilerThread0" daemon [_thread_blocked, id=126655, stack(0x00007f2fd89a3000,0x00007f2fd8aa4000)]
  0x00007f2fec180000 JavaThread "Signal Dispatcher" daemon [_thread_blocked, id=126647, stack(0x00007f2fd8aa4000,0x00007f2fd8ba5000)]
  0x00007f2fec14c000 JavaThread "Finalizer" daemon [_thread_blocked, id=126636, stack(0x00007f2fd9564000,0x00007f2fd9665000)]
  0x00007f2fec149800 JavaThread "Reference Handler" daemon [_thread_blocked, id=126634, stack(0x00007f2fd9665000,0x00007f2fd9766000)]
  0x00007f2fec00a800 JavaThread "main" [_thread_in_native, id=126593, stack(0x00007f2ff3ce0000,0x00007f2ff3de1000)]

Other Threads:
=>0x00007f2fec140000 VMThread [stack: 0x00007f2fd9766000,0x00007f2fd9867000] [id=126626]
  0x00007f2fec194000 WatcherThread [stack: 0x00007f2fd859f000,0x00007f2fd86a0000] [id=126673]

VM state:at safepoint (normal execution)

VM Mutex/Monitor currently owned by a thread:  ([mutex/lock_event])
[0x00007f2fec007090] Threads_lock - owner thread: 0x00007f2fec140000
[0x00007f2fec007590] Heap_lock - owner thread: 0x00007f2f84001000

heap address: 0x00000000c2a00000, size: 982 MB, Compressed Oops mode: 32-bit
Narrow klass base: 0x0000000000000000, Narrow klass shift: 3
Compressed class space size: 1073741824 Address: 0x0000000100000000

Heap:
 PSYoungGen      total 63488K, used 4096K [0x00000000eb900000, 0x00000000efe00000, 0x0000000100000000)
  eden space 57344K, 0% used [0x00000000eb900000,0x00000000eb900000,0x00000000ef100000)
  from space 6144K, 66% used [0x00000000ef100000,0x00000000ef500060,0x00000000ef700000)
  to   space 5120K, 0% used [0x00000000ef700000,0x00000000ef700000,0x00000000efc00000)
 ParOldGen       total 42496K, used 8605K [0x00000000c2a00000, 0x00000000c5380000, 0x00000000eb900000)
  object space 42496K, 20% used [0x00000000c2a00000,0x00000000c32677a8,0x00000000c5380000)
 Metaspace       used 13922K, capacity 14340K, committed 14592K, reserved 1062912K
  class space    used 1594K, capacity 1708K, committed 1792K, reserved 1048576K

Card table byte_map: [0x00007f2ff0895000,0x00007f2ff0a81000] byte_map_base: 0x00007f2ff0280000

Marking Bits: (ParMarkBitMap*) 0x00007f2ff31b7d80
 Begin Bits: [0x00007f2fdb150000, 0x00007f2fdc0a8000)
 End Bits:   [0x00007f2fdc0a8000, 0x00007f2fdd000000)

Polling page: 0x00007f2ff3dfc000

CodeCache: size=245760Kb used=6177Kb max_used=6177Kb free=239582Kb
 bounds [0x00007f2fdd000000, 0x00007f2fdd610000, 0x00007f2fec000000]
 total_blobs=2112 nmethods=1764 adapters=261
 compilation: enabled

Compilation events (10 events):
Event: 25.579 Thread 0x00007f2fec186000 nmethod 1801 0x00007f2fdd6095d0 code [0x00007f2fdd6097c0, 0x00007f2fdd60a1d8]
Event: 25.622 Thread 0x00007f2fec186000 1802       2       java.util.HashMap::remove (26 bytes)
Event: 25.622 Thread 0x00007f2fec186000 nmethod 1802 0x00007f2fdd60a550 code [0x00007f2fdd60a6c0, 0x00007f2fdd60a8d8]
Event: 25.628 Thread 0x00007f2fec186000 1803       2       sun.misc.FloatingDecimal$BinaryToASCIIBuffer::developLongDigits (304 bytes)
Event: 25.628 Thread 0x00007f2fec186000 nmethod 1803 0x00007f2fdd60a9d0 code [0x00007f2fdd60ab80, 0x00007f2fdd60b2b0]
Event: 25.693 Thread 0x00007f2fec186000 1804       2       java.util.HashSet::remove (20 bytes)
Event: 25.694 Thread 0x00007f2fec186000 nmethod 1804 0x00007f2fdd60b890 code [0x00007f2fdd60ba20, 0x00007f2fdd60bc58]
Event: 25.949 Thread 0x00007f2fec186000 1805       2       org.evosuite.instrumentation.LineNumberMethodAdapter::addLineNumberInstrumentation (57 bytes)
Event: 25.987 Thread 0x00007f2fec186000 nmethod 1805 0x00007f2fdd60bd90 code [0x00007f2fdd60bf60, 0x00007f2fdd60c348]
Event: 25.987 Thread 0x00007f2fec186000 1808   !   2       org.evosuite.setup.DependencyAnalysis::isTargetClassName (128 bytes)

GC Heap History (10 events):
Event: 23.255 GC heap after
Heap after GC invocations=5 (full 1):
 PSYoungGen      total 18432K, used 2544K [0x00000000eb900000, 0x00000000edd00000, 0x0000000100000000)
  eden space 15872K, 0% used [0x00000000eb900000,0x00000000eb900000,0x00000000ec880000)
  from space 2560K, 99% used [0x00000000ecb00000,0x00000000ecd7c010,0x00000000ecd80000)
  to   space 2560K, 0% used [0x00000000ec880000,0x00000000ec880000,0x00000000ecb00000)
 ParOldGen       total 42496K, used 5005K [0x00000000c2a00000, 0x00000000c5380000, 0x00000000eb900000)
  object space 42496K, 11% used [0x00000000c2a00000,0x00000000c2ee36d8,0x00000000c5380000)
 Metaspace       used 13738K, capacity 14148K, committed 14336K, reserved 1062912K
  class space    used 1594K, capacity 1708K, committed 1792K, reserved 1048576K
}
Event: 23.565 GC heap before
{Heap before GC invocations=6 (full 1):
 PSYoungGen      total 18432K, used 18416K [0x00000000eb900000, 0x00000000edd00000, 0x0000000100000000)
  eden space 15872K, 100% used [0x00000000eb900000,0x00000000ec880000,0x00000000ec880000)
  from space 2560K, 99% used [0x00000000ecb00000,0x00000000ecd7c010,0x00000000ecd80000)
  to   space 2560K, 0% used [0x00000000ec880000,0x00000000ec880000,0x00000000ecb00000)
 ParOldGen       total 42496K, used 5005K [0x00000000c2a00000, 0x00000000c5380000, 0x00000000eb900000)
  object space 42496K, 11% used [0x00000000c2a00000,0x00000000c2ee36d8,0x00000000c5380000)
 Metaspace       used 13799K, capacity 14148K, committed 14336K, reserved 1062912K
  class space    used 1594K, capacity 1708K, committed 1792K, reserved 1048576K
Event: 23.585 GC heap after
Heap after GC invocations=6 (full 1):
 PSYoungGen      total 18432K, used 2532K [0x00000000eb900000, 0x00000000edd00000, 0x0000000100000000)
  eden space 15872K, 0% used [0x00000000eb900000,0x00000000eb900000,0x00000000ec880000)
  from space 2560K, 98% used [0x00000000ec880000,0x00000000ecaf9150,0x00000000ecb00000)
  to   space 2560K, 0% used [0x00000000eda80000,0x00000000eda80000,0x00000000edd00000)
 ParOldGen       total 42496K, used 5922K [0x00000000c2a00000, 0x00000000c5380000, 0x00000000eb900000)
  object space 42496K, 13% used [0x00000000c2a00000,0x00000000c2fc88b8,0x00000000c5380000)
 Metaspace       used 13799K, capacity 14148K, committed 14336K, reserved 1062912K
  class space    used 1594K, capacity 1708K, committed 1792K, reserved 1048576K
}
Event: 24.063 GC heap before
{Heap before GC invocations=7 (full 1):
 PSYoungGen      total 18432K, used 18404K [0x00000000eb900000, 0x00000000edd00000, 0x0000000100000000)
  eden space 15872K, 100% used [0x00000000eb900000,0x00000000ec880000,0x00000000ec880000)
  from space 2560K, 98% used [0x00000000ec880000,0x00000000ecaf9150,0x00000000ecb00000)
  to   space 2560K, 0% used [0x00000000eda80000,0x00000000eda80000,0x00000000edd00000)
 ParOldGen       total 42496K, used 5922K [0x00000000c2a00000, 0x00000000c5380000, 0x00000000eb900000)
  object space 42496K, 13% used [0x00000000c2a00000,0x00000000c2fc88b8,0x00000000c5380000)
 Metaspace       used 13811K, capacity 14212K, committed 14336K, reserved 1062912K
  class space    used 1594K, capacity 1708K, committed 1792K, reserved 1048576K
Event: 24.080 GC heap after
Heap after GC invocations=7 (full 1):
 PSYoungGen      total 31744K, used 2544K [0x00000000eb900000, 0x00000000ee200000, 0x0000000100000000)
  eden space 29184K, 0% used [0x00000000eb900000,0x00000000eb900000,0x00000000ed580000)
  from space 2560K, 99% used [0x00000000eda80000,0x00000000edcfc010,0x00000000edd00000)
  to   space 5120K, 0% used [0x00000000ed580000,0x00000000ed580000,0x00000000eda80000)
 ParOldGen       total 42496K, used 6054K [0x00000000c2a00000, 0x00000000c5380000, 0x00000000eb900000)
  object space 42496K, 14% used [0x00000000c2a00000,0x00000000c2fe9a28,0x00000000c5380000)
 Metaspace       used 13811K, capacity 14212K, committed 14336K, reserved 1062912K
  class space    used 1594K, capacity 1708K, committed 1792K, reserved 1048576K
}
Event: 24.623 GC heap before
{Heap before GC invocations=8 (full 1):
 PSYoungGen      total 31744K, used 31728K [0x00000000eb900000, 0x00000000ee200000, 0x0000000100000000)
  eden space 29184K, 100% used [0x00000000eb900000,0x00000000ed580000,0x00000000ed580000)
  from space 2560K, 99% used [0x00000000eda80000,0x00000000edcfc010,0x00000000edd00000)
  to   space 5120K, 0% used [0x00000000ed580000,0x00000000ed580000,0x00000000eda80000)
 ParOldGen       total 42496K, used 6054K [0x00000000c2a00000, 0x00000000c5380000, 0x00000000eb900000)
  object space 42496K, 14% used [0x00000000c2a00000,0x00000000c2fe9a28,0x00000000c5380000)
 Metaspace       used 13874K, capacity 14212K, committed 14336K, reserved 1062912K
  class space    used 1594K, capacity 1708K, committed 1792K, reserved 1048576K
Event: 24.639 GC heap after
Heap after GC invocations=8 (full 1):
 PSYoungGen      total 34304K, used 4176K [0x00000000eb900000, 0x00000000efc00000, 0x0000000100000000)
  eden space 29184K, 0% used [0x00000000eb900000,0x00000000eb900000,0x00000000ed580000)
  from space 5120K, 81% used [0x00000000ed580000,0x00000000ed994050,0x00000000eda80000)
  to   space 5120K, 0% used [0x00000000ef700000,0x00000000ef700000,0x00000000efc00000)
 ParOldGen       total 42496K, used 6062K [0x00000000c2a00000, 0x00000000c5380000, 0x00000000eb900000)
  object space 42496K, 14% used [0x00000000c2a00000,0x00000000c2feba28,0x00000000c5380000)
 Metaspace       used 13874K, capacity 14212K, committed 14336K, reserved 1062912K
  class space    used 1594K, capacity 1708K, committed 1792K, reserved 1048576K
}
Event: 25.128 GC heap before
{Heap before GC invocations=9 (full 1):
 PSYoungGen      total 34304K, used 33360K [0x00000000eb900000, 0x00000000efc00000, 0x0000000100000000)
  eden space 29184K, 100% used [0x00000000eb900000,0x00000000ed580000,0x00000000ed580000)
  from space 5120K, 81% used [0x00000000ed580000,0x00000000ed994050,0x00000000eda80000)
  to   space 5120K, 0% used [0x00000000ef700000,0x00000000ef700000,0x00000000efc00000)
 ParOldGen       total 42496K, used 6062K [0x00000000c2a00000, 0x00000000c5380000, 0x00000000eb900000)
  object space 42496K, 14% used [0x00000000c2a00000,0x00000000c2feba28,0x00000000c5380000)
 Metaspace       used 13892K, capacity 14276K, committed 14592K, reserved 1062912K
  class space    used 1594K, capacity 1708K, committed 1792K, reserved 1048576K
Event: 25.145 GC heap after
Heap after GC invocations=9 (full 1):
 PSYoungGen      total 62464K, used 5104K [0x00000000eb900000, 0x00000000efe00000, 0x0000000100000000)
  eden space 57344K, 0% used [0x00000000eb900000,0x00000000eb900000,0x00000000ef100000)
  from space 5120K, 99% used [0x00000000ef700000,0x00000000efbfc070,0x00000000efc00000)
  to   space 6144K, 0% used [0x00000000ef100000,0x00000000ef100000,0x00000000ef700000)
 ParOldGen       total 42496K, used 6853K [0x00000000c2a00000, 0x00000000c5380000, 0x00000000eb900000)
  object space 42496K, 16% used [0x00000000c2a00000,0x00000000c30b1788,0x00000000c5380000)
 Metaspace       used 13892K, capacity 14276K, committed 14592K, reserved 1062912K
  class space    used 1594K, capacity 1708K, committed 1792K, reserved 1048576K
}
Event: 26.126 GC heap before
{Heap before GC invocations=10 (full 1):
 PSYoungGen      total 62464K, used 62448K [0x00000000eb900000, 0x00000000efe00000, 0x0000000100000000)
  eden space 57344K, 100% used [0x00000000eb900000,0x00000000ef100000,0x00000000ef100000)
  from space 5120K, 99% used [0x00000000ef700000,0x00000000efbfc070,0x00000000efc00000)
  to   space 6144K, 0% used [0x00000000ef100000,0x00000000ef100000,0x00000000ef700000)
 ParOldGen       total 42496K, used 6853K [0x00000000c2a00000, 0x00000000c5380000, 0x00000000eb900000)
  object space 42496K, 16% used [0x00000000c2a00000,0x00000000c30b1788,0x00000000c5380000)
 Metaspace       used 13922K, capacity 14340K, committed 14592K, reserved 1062912K
  class space    used 1594K, capacity 1708K, committed 1792K, reserved 1048576K

Deoptimization events (10 events):
Event: 23.283 Thread 0x00007f2f84001000 Uncommon trap: reason=bimorphic action=maybe_recompile pc=0x00007f2fdd41ad58 method=java.util.HashMap.putVal(ILjava/lang/Object;Ljava/lang/Object;ZZ)Ljava/lang/Object; @ 203
Event: 23.702 Thread 0x00007f2f84001000 Uncommon trap: reason=bimorphic action=maybe_recompile pc=0x00007f2fdd56b850 method=java.util.AbstractCollection.addAll(Ljava/util/Collection;)Z @ 3
Event: 23.702 Thread 0x00007f2f84001000 Uncommon trap: reason=bimorphic action=maybe_recompile pc=0x00007f2fdd56b850 method=java.util.AbstractCollection.addAll(Ljava/util/Collection;)Z @ 3
Event: 23.703 Thread 0x00007f2f84001000 Uncommon trap: reason=bimorphic action=maybe_recompile pc=0x00007f2fdd56b850 method=java.util.AbstractCollection.addAll(Ljava/util/Collection;)Z @ 3
Event: 23.703 Thread 0x00007f2f84001000 Uncommon trap: reason=bimorphic action=maybe_recompile pc=0x00007f2fdd56b850 method=java.util.AbstractCollection.addAll(Ljava/util/Collection;)Z @ 3
Event: 24.461 Thread 0x00007f2f84001000 Uncommon trap: reason=unstable_if action=reinterpret pc=0x00007f2fdd585000 method=org.evosuite.shaded.org.objectweb.asm.tree.analysis.SourceInterpreter.merge(Lorg/evosuite/shaded/org/objectweb/asm/tree/analysis/SourceValue;Lorg/evosuite/shaded/org/objectw
Event: 24.461 Thread 0x00007f2f84001000 Uncommon trap: reason=unstable_if action=reinterpret pc=0x00007f2fdd577a50 method=java.util.AbstractSet.equals(Ljava/lang/Object;)Z @ 31
Event: 24.885 Thread 0x00007f2f84001000 Uncommon trap: reason=unstable_if action=reinterpret pc=0x00007f2fdd57b1a0 method=org.evosuite.shaded.org.objectweb.asm.tree.analysis.SourceInterpreter.merge(Lorg/evosuite/shaded/org/objectweb/asm/tree/analysis/SourceValue;Lorg/evosuite/shaded/org/objectw
Event: 25.060 Thread 0x00007f2f84001000 Uncommon trap: reason=unstable_if action=reinterpret pc=0x00007f2fdd5c9ec4 method=java.util.AbstractSet.equals(Ljava/lang/Object;)Z @ 31
Event: 25.569 Thread 0x00007f2f84001000 Uncommon trap: reason=unstable_if action=reinterpret pc=0x00007f2fdd5d116c method=org.evosuite.instrumentation.coverage.BranchInstrumentation.analyze(Ljava/lang/ClassLoader;Lorg/evosuite/shaded/org/objectweb/asm/tree/MethodNode;Ljava/lang/String;Ljava/lan

Classes redefined (0 events):
No events

Internal exceptions (10 events):
Event: 10.958 Thread 0x00007f2fec2ed800 Exception <a 'java/net/ConnectException'> (0x00000000ebb64090) thrown at [/HUDSON/workspace/8-2-build-linux-amd64/jdk8u201/12317/hotspot/src/share/vm/prims/jni.cpp, line 709]
Event: 10.984 Thread 0x00007f2fec2f1800 Exception <a 'java/net/ConnectException'> (0x00000000ebb8bc38) thrown at [/HUDSON/workspace/8-2-build-linux-amd64/jdk8u201/12317/hotspot/src/share/vm/prims/jni.cpp, line 709]
Event: 20.951 Thread 0x00007f2fec2ec000 Exception <a 'java/net/ConnectException'> (0x00000000ebb3d010) thrown at [/HUDSON/workspace/8-2-build-linux-amd64/jdk8u201/12317/hotspot/src/share/vm/prims/jni.cpp, line 709]
Event: 20.959 Thread 0x00007f2fec2ed800 Exception <a 'java/net/ConnectException'> (0x00000000ebb64bb8) thrown at [/HUDSON/workspace/8-2-build-linux-amd64/jdk8u201/12317/hotspot/src/share/vm/prims/jni.cpp, line 709]
Event: 20.984 Thread 0x00007f2fec2f1800 Exception <a 'java/net/ConnectException'> (0x00000000ebb8c760) thrown at [/HUDSON/workspace/8-2-build-linux-amd64/jdk8u201/12317/hotspot/src/share/vm/prims/jni.cpp, line 709]
Event: 21.453 Thread 0x00007f2f84001000 Implicit null exception at 0x00007f2fdd3b678d to 0x00007f2fdd3b7169
Event: 21.492 Thread 0x00007f2f84001000 Exception <a 'java/lang/NoSuchMethodError': <clinit>> (0x00000000ec1cc0f8) thrown at [/HUDSON/workspace/8-2-build-linux-amd64/jdk8u201/12317/hotspot/src/share/vm/prims/jni.cpp, line 1613]
Event: 22.487 Thread 0x00007f2f84001000 Implicit null exception at 0x00007f2fdd210af5 to 0x00007f2fdd210e9d
Event: 22.525 Thread 0x00007f2f84001000 Implicit null exception at 0x00007f2fdd1f7b36 to 0x00007f2fdd1f7ee1
Event: 25.569 Thread 0x00007f2f84001000 Implicit null exception at 0x00007f2fdd5cf4db to 0x00007f2fdd5d1131

Events (10 events):
Event: 25.128 Executing VM operation: ParallelGCFailedAllocation
Event: 25.145 Executing VM operation: ParallelGCFailedAllocation done
Event: 25.234 Thread 0x00007f2f84001000 DEOPT PACKING pc=0x00007f2fdd5ed9f6 sp=0x00007f2fcbdf7330
Event: 25.234 Thread 0x00007f2f84001000 DEOPT UNPACKING pc=0x00007f2fdd047784 sp=0x00007f2fcbdf7080 mode 0
Event: 25.438 Thread 0x00007f2f84001000 DEOPT PACKING pc=0x00007f2fdd5816f1 sp=0x00007f2fcbdf73e0
Event: 25.438 Thread 0x00007f2f84001000 DEOPT UNPACKING pc=0x00007f2fdd047784 sp=0x00007f2fcbdf7250 mode 0
Event: 25.569 Thread 0x00007f2f84001000 Uncommon trap: trap_request=0xffffff65 fr.pc=0x00007f2fdd5d116c
Event: 25.569 Thread 0x00007f2f84001000 DEOPT PACKING pc=0x00007f2fdd5d116c sp=0x00007f2fcbdf74b0
Event: 25.569 Thread 0x00007f2f84001000 DEOPT UNPACKING pc=0x00007f2fdd04573a sp=0x00007f2fcbdf74d8 mode 2
Event: 25.987 Executing VM operation: ParallelGCFailedAllocation


Dynamic libraries:
00400000-00401000 r-xp 00000000 08:01 654793                             /usr/lib/jdk/jdk1.8.0_201/bin/java
00600000-00601000 r--p 00000000 08:01 654793                             /usr/lib/jdk/jdk1.8.0_201/bin/java
00601000-00602000 rw-p 00001000 08:01 654793                             /usr/lib/jdk/jdk1.8.0_201/bin/java
01b07000-01cef000 rw-p 00000000 00:00 0                                  [heap]
c2a00000-c5380000 rw-p 00000000 00:00 0 
c5380000-eb900000 ---p 00000000 00:00 0 
eb900000-efe00000 rw-p 00000000 00:00 0 
f3500000-100000000 ---p 00000000 00:00 0 
100000000-1001c0000 rw-p 00000000 00:00 0 
1001c0000-140000000 ---p 00000000 00:00 0 
7f2f54000000-7f2f54021000 rw-p 00000000 00:00 0 
7f2f54021000-7f2f58000000 ---p 00000000 00:00 0 
7f2f5c000000-7f2f5c03b000 rw-p 00000000 00:00 0 
7f2f5c03b000-7f2f60000000 ---p 00000000 00:00 0 
7f2f60000000-7f2f60021000 rw-p 00000000 00:00 0 
7f2f60021000-7f2f64000000 ---p 00000000 00:00 0 
7f2f64000000-7f2f64021000 rw-p 00000000 00:00 0 
7f2f64021000-7f2f68000000 ---p 00000000 00:00 0 
7f2f68000000-7f2f68021000 rw-p 00000000 00:00 0 
7f2f68021000-7f2f6c000000 ---p 00000000 00:00 0 
7f2f6c000000-7f2f6c021000 rw-p 00000000 00:00 0 
7f2f6c021000-7f2f70000000 ---p 00000000 00:00 0 
7f2f70000000-7f2f70021000 rw-p 00000000 00:00 0 
7f2f70021000-7f2f74000000 ---p 00000000 00:00 0 
7f2f74000000-7f2f74021000 rw-p 00000000 00:00 0 
7f2f74021000-7f2f78000000 ---p 00000000 00:00 0 
7f2f78000000-7f2f78021000 rw-p 00000000 00:00 0 
7f2f78021000-7f2f7c000000 ---p 00000000 00:00 0 
7f2f7c000000-7f2f7c021000 rw-p 00000000 00:00 0 
7f2f7c021000-7f2f80000000 ---p 00000000 00:00 0 
7f2f80000000-7f2f80021000 rw-p 00000000 00:00 0 
7f2f80021000-7f2f84000000 ---p 00000000 00:00 0 
7f2f84000000-7f2f84021000 rw-p 00000000 00:00 0 
7f2f84021000-7f2f88000000 ---p 00000000 00:00 0 
7f2f88000000-7f2f88021000 rw-p 00000000 00:00 0 
7f2f88021000-7f2f8c000000 ---p 00000000 00:00 0 
7f2f8c000000-7f2f8c021000 rw-p 00000000 00:00 0 
7f2f8c021000-7f2f90000000 ---p 00000000 00:00 0 
7f2f90000000-7f2f90021000 rw-p 00000000 00:00 0 
7f2f90021000-7f2f94000000 ---p 00000000 00:00 0 
7f2f94000000-7f2f94021000 rw-p 00000000 00:00 0 
7f2f94021000-7f2f98000000 ---p 00000000 00:00 0 
7f2f98000000-7f2f98021000 rw-p 00000000 00:00 0 
7f2f98021000-7f2f9c000000 ---p 00000000 00:00 0 
7f2f9c000000-7f2f9c021000 rw-p 00000000 00:00 0 
7f2f9c021000-7f2fa0000000 ---p 00000000 00:00 0 
7f2fa0000000-7f2fa0021000 rw-p 00000000 00:00 0 
7f2fa0021000-7f2fa4000000 ---p 00000000 00:00 0 
7f2fa4000000-7f2fa4a13000 rw-p 00000000 00:00 0 
7f2fa4a13000-7f2fa8000000 ---p 00000000 00:00 0 
7f2fa8000000-7f2fa869a000 rw-p 00000000 00:00 0 
7f2fa869a000-7f2fac000000 ---p 00000000 00:00 0 
7f2fac000000-7f2fac021000 rw-p 00000000 00:00 0 
7f2fac021000-7f2fb0000000 ---p 00000000 00:00 0 
7f2fb0000000-7f2fb0e7f000 rw-p 00000000 00:00 0 
7f2fb0e7f000-7f2fb4000000 ---p 00000000 00:00 0 
7f2fb4000000-7f2fb4021000 rw-p 00000000 00:00 0 
7f2fb4021000-7f2fb8000000 ---p 00000000 00:00 0 
7f2fb8000000-7f2fb8021000 rw-p 00000000 00:00 0 
7f2fb8021000-7f2fbc000000 ---p 00000000 00:00 0 
7f2fbc000000-7f2fbc021000 rw-p 00000000 00:00 0 
7f2fbc021000-7f2fc0000000 ---p 00000000 00:00 0 
7f2fc0000000-7f2fc029b000 rw-p 00000000 00:00 0 
7f2fc029b000-7f2fc4000000 ---p 00000000 00:00 0 
7f2fc4000000-7f2fc4021000 rw-p 00000000 00:00 0 
7f2fc4021000-7f2fc8000000 ---p 00000000 00:00 0 
7f2fcb7fc000-7f2fcb87c000 rw-p 00000000 00:00 0 
7f2fcb87c000-7f2fcb9fc000 ---p 00000000 00:00 0 
7f2fcb9fc000-7f2fcb9ff000 ---p 00000000 00:00 0 
7f2fcb9ff000-7f2fcbcfd000 rw-p 00000000 00:00 0 
7f2fcbcfd000-7f2fcbd00000 ---p 00000000 00:00 0 
7f2fcbd00000-7f2fcbdfe000 rw-p 00000000 00:00 0 
7f2fcbdfe000-7f2fcbe01000 ---p 00000000 00:00 0 
7f2fcbe01000-7f2fcbeff000 rw-p 00000000 00:00 0 
7f2fcbeff000-7f2fcbf02000 ---p 00000000 00:00 0 
7f2fcbf02000-7f2fcc000000 rw-p 00000000 00:00 0 
7f2fcc000000-7f2fcc021000 rw-p 00000000 00:00 0 
7f2fcc021000-7f2fd0000000 ---p 00000000 00:00 0 
7f2fd00f2000-7f2fd00f5000 ---p 00000000 00:00 0 
7f2fd00f5000-7f2fd01f3000 rw-p 00000000 00:00 0 
7f2fd01f3000-7f2fd01f6000 ---p 00000000 00:00 0 
7f2fd01f6000-7f2fd02f4000 rw-p 00000000 00:00 0 
7f2fd02f4000-7f2fd02f7000 ---p 00000000 00:00 0 
7f2fd02f7000-7f2fd03f5000 rw-p 00000000 00:00 0 
7f2fd03f5000-7f2fd03f8000 ---p 00000000 00:00 0 
7f2fd03f8000-7f2fd04f6000 rw-p 00000000 00:00 0 
7f2fd04f6000-7f2fd04f9000 ---p 00000000 00:00 0 
7f2fd04f9000-7f2fd05f7000 rw-p 00000000 00:00 0 
7f2fd05f7000-7f2fd05fa000 ---p 00000000 00:00 0 
7f2fd05fa000-7f2fd06f8000 rw-p 00000000 00:00 0 
7f2fd06f8000-7f2fd06fb000 ---p 00000000 00:00 0 
7f2fd06fb000-7f2fd07f9000 rw-p 00000000 00:00 0 
7f2fd07f9000-7f2fd07fc000 ---p 00000000 00:00 0 
7f2fd07fc000-7f2fd08fa000 rw-p 00000000 00:00 0 
7f2fd08fa000-7f2fd08fd000 ---p 00000000 00:00 0 
7f2fd08fd000-7f2fd09fb000 rw-p 00000000 00:00 0 
7f2fd09fb000-7f2fd09fe000 ---p 00000000 00:00 0 
7f2fd09fe000-7f2fd0afc000 rw-p 00000000 00:00 0 
7f2fd0afc000-7f2fd0aff000 ---p 00000000 00:00 0 
7f2fd0aff000-7f2fd0dfd000 rw-p 00000000 00:00 0 
7f2fd0dfd000-7f2fd0e00000 ---p 00000000 00:00 0 
7f2fd0e00000-7f2fd0efe000 rw-p 00000000 00:00 0 
7f2fd0efe000-7f2fd0f01000 ---p 00000000 00:00 0 
7f2fd0f01000-7f2fd4000000 rw-p 00000000 00:00 0 
7f2fd4000000-7f2fd4021000 rw-p 00000000 00:00 0 
7f2fd4021000-7f2fd8000000 ---p 00000000 00:00 0 
7f2fd8055000-7f2fd8058000 ---p 00000000 00:00 0 
7f2fd8058000-7f2fd8156000 rw-p 00000000 00:00 0 
7f2fd8156000-7f2fd816c000 r-xp 00000000 08:01 656512                     /usr/lib/jdk/jdk1.8.0_201/jre/lib/amd64/libnet.so
7f2fd816c000-7f2fd836c000 ---p 00016000 08:01 656512                     /usr/lib/jdk/jdk1.8.0_201/jre/lib/amd64/libnet.so
7f2fd836c000-7f2fd836d000 r--p 00016000 08:01 656512                     /usr/lib/jdk/jdk1.8.0_201/jre/lib/amd64/libnet.so
7f2fd836d000-7f2fd836e000 rw-p 00017000 08:01 656512                     /usr/lib/jdk/jdk1.8.0_201/jre/lib/amd64/libnet.so
7f2fd836e000-7f2fd859f000 r--s 01bb1000 08:01 403225                     /home/hewitt/work/DiffTGen-master/lib/evosuite-1.0.6.jar
7f2fd859f000-7f2fd85a0000 ---p 00000000 00:00 0 
7f2fd85a0000-7f2fd86a0000 rw-p 00000000 00:00 0 
7f2fd86a0000-7f2fd86a3000 ---p 00000000 00:00 0 
7f2fd86a3000-7f2fd87a1000 rw-p 00000000 00:00 0 
7f2fd87a1000-7f2fd87a4000 ---p 00000000 00:00 0 
7f2fd87a4000-7f2fd88a2000 rw-p 00000000 00:00 0 
7f2fd88a2000-7f2fd88a5000 ---p 00000000 00:00 0 
7f2fd88a5000-7f2fd89a3000 rw-p 00000000 00:00 0 
7f2fd89a3000-7f2fd89a6000 ---p 00000000 00:00 0 
7f2fd89a6000-7f2fd8aa4000 rw-p 00000000 00:00 0 
7f2fd8aa4000-7f2fd8aa7000 ---p 00000000 00:00 0 
7f2fd8aa7000-7f2fd8ba5000 rw-p 00000000 00:00 0 
7f2fd8ba5000-7f2fd9564000 r--p 00000000 08:01 270368                     /usr/lib/locale/locale-archive
7f2fd9564000-7f2fd9567000 ---p 00000000 00:00 0 
7f2fd9567000-7f2fd9665000 rw-p 00000000 00:00 0 
7f2fd9665000-7f2fd9668000 ---p 00000000 00:00 0 
7f2fd9668000-7f2fd9766000 rw-p 00000000 00:00 0 
7f2fd9766000-7f2fd9767000 ---p 00000000 00:00 0 
7f2fd9767000-7f2fda776000 rw-p 00000000 00:00 0 
7f2fda776000-7f2fda950000 r--s 03d6f000 08:01 656293                     /usr/lib/jdk/jdk1.8.0_201/jre/lib/rt.jar
7f2fda950000-7f2fdd000000 rw-p 00000000 00:00 0 
7f2fdd000000-7f2fdd610000 rwxp 00000000 00:00 0 
7f2fdd610000-7f2fec000000 ---p 00000000 00:00 0 
7f2fec000000-7f2fec4cf000 rw-p 00000000 00:00 0 
7f2fec4cf000-7f2ff0000000 ---p 00000000 00:00 0 
7f2ff001a000-7f2ff0036000 r--s 00393000 08:01 656354                     /usr/lib/jdk/jdk1.8.0_201/jre/lib/ext/cldrdata.jar
7f2ff0036000-7f2ff0039000 ---p 00000000 00:00 0 
7f2ff0039000-7f2ff006f000 rw-p 00000000 00:00 0 
7f2ff006f000-7f2ff00e8000 r--s 010fd000 08:01 654900                     /usr/lib/jdk/jdk1.8.0_201/lib/tools.jar
7f2ff00e8000-7f2ff0349000 rw-p 00000000 00:00 0 
7f2ff0349000-7f2ff034a000 ---p 00000000 00:00 0 
7f2ff034a000-7f2ff044a000 rw-p 00000000 00:00 0 
7f2ff044a000-7f2ff044b000 ---p 00000000 00:00 0 
7f2ff044b000-7f2ff054b000 rw-p 00000000 00:00 0 
7f2ff054b000-7f2ff054c000 ---p 00000000 00:00 0 
7f2ff054c000-7f2ff064c000 rw-p 00000000 00:00 0 
7f2ff064c000-7f2ff064d000 ---p 00000000 00:00 0 
7f2ff064d000-7f2ff0762000 rw-p 00000000 00:00 0 
7f2ff0762000-7f2ff0895000 ---p 00000000 00:00 0 
7f2ff0895000-7f2ff08aa000 rw-p 00000000 00:00 0 
7f2ff08aa000-7f2ff09dc000 ---p 00000000 00:00 0 
7f2ff09dc000-7f2ff09ff000 rw-p 00000000 00:00 0 
7f2ff09ff000-7f2ff0a80000 ---p 00000000 00:00 0 
7f2ff0a80000-7f2ff0a9a000 rw-p 00000000 00:00 0 
7f2ff0a9a000-7f2ff0e41000 ---p 00000000 00:00 0 
7f2ff0e41000-7f2ff0e5c000 r-xp 00000000 08:01 656508                     /usr/lib/jdk/jdk1.8.0_201/jre/lib/amd64/libzip.so
7f2ff0e5c000-7f2ff105b000 ---p 0001b000 08:01 656508                     /usr/lib/jdk/jdk1.8.0_201/jre/lib/amd64/libzip.so
7f2ff105b000-7f2ff105c000 r--p 0001a000 08:01 656508                     /usr/lib/jdk/jdk1.8.0_201/jre/lib/amd64/libzip.so
7f2ff105c000-7f2ff105d000 rw-p 0001b000 08:01 656508                     /usr/lib/jdk/jdk1.8.0_201/jre/lib/amd64/libzip.so
7f2ff105d000-7f2ff1068000 r-xp 00000000 08:01 658902                     /lib/x86_64-linux-gnu/libnss_files-2.23.so
7f2ff1068000-7f2ff1267000 ---p 0000b000 08:01 658902                     /lib/x86_64-linux-gnu/libnss_files-2.23.so
7f2ff1267000-7f2ff1268000 r--p 0000a000 08:01 658902                     /lib/x86_64-linux-gnu/libnss_files-2.23.so
7f2ff1268000-7f2ff1269000 rw-p 0000b000 08:01 658902                     /lib/x86_64-linux-gnu/libnss_files-2.23.so
7f2ff1269000-7f2ff126f000 rw-p 00000000 00:00 0 
7f2ff126f000-7f2ff127a000 r-xp 00000000 08:01 658912                     /lib/x86_64-linux-gnu/libnss_nis-2.23.so
7f2ff127a000-7f2ff1479000 ---p 0000b000 08:01 658912                     /lib/x86_64-linux-gnu/libnss_nis-2.23.so
7f2ff1479000-7f2ff147a000 r--p 0000a000 08:01 658912                     /lib/x86_64-linux-gnu/libnss_nis-2.23.so
7f2ff147a000-7f2ff147b000 rw-p 0000b000 08:01 658912                     /lib/x86_64-linux-gnu/libnss_nis-2.23.so
7f2ff147b000-7f2ff1491000 r-xp 00000000 08:01 658896                     /lib/x86_64-linux-gnu/libnsl-2.23.so
7f2ff1491000-7f2ff1690000 ---p 00016000 08:01 658896                     /lib/x86_64-linux-gnu/libnsl-2.23.so
7f2ff1690000-7f2ff1691000 r--p 00015000 08:01 658896                     /lib/x86_64-linux-gnu/libnsl-2.23.so
7f2ff1691000-7f2ff1692000 rw-p 00016000 08:01 658896                     /lib/x86_64-linux-gnu/libnsl-2.23.so
7f2ff1692000-7f2ff1694000 rw-p 00000000 00:00 0 
7f2ff1694000-7f2ff169c000 r-xp 00000000 08:01 658898                     /lib/x86_64-linux-gnu/libnss_compat-2.23.so
7f2ff169c000-7f2ff189b000 ---p 00008000 08:01 658898                     /lib/x86_64-linux-gnu/libnss_compat-2.23.so
7f2ff189b000-7f2ff189c000 r--p 00007000 08:01 658898                     /lib/x86_64-linux-gnu/libnss_compat-2.23.so
7f2ff189c000-7f2ff189d000 rw-p 00008000 08:01 658898                     /lib/x86_64-linux-gnu/libnss_compat-2.23.so
7f2ff189d000-7f2ff18c9000 r-xp 00000000 08:01 656502                     /usr/lib/jdk/jdk1.8.0_201/jre/lib/amd64/libjava.so
7f2ff18c9000-7f2ff1ac9000 ---p 0002c000 08:01 656502                     /usr/lib/jdk/jdk1.8.0_201/jre/lib/amd64/libjava.so
7f2ff1ac9000-7f2ff1aca000 r--p 0002c000 08:01 656502                     /usr/lib/jdk/jdk1.8.0_201/jre/lib/amd64/libjava.so
7f2ff1aca000-7f2ff1acc000 rw-p 0002d000 08:01 656502                     /usr/lib/jdk/jdk1.8.0_201/jre/lib/amd64/libjava.so
7f2ff1acc000-7f2ff1ad9000 r-xp 00000000 08:01 656507                     /usr/lib/jdk/jdk1.8.0_201/jre/lib/amd64/libverify.so
7f2ff1ad9000-7f2ff1cd8000 ---p 0000d000 08:01 656507                     /usr/lib/jdk/jdk1.8.0_201/jre/lib/amd64/libverify.so
7f2ff1cd8000-7f2ff1cda000 r--p 0000c000 08:01 656507                     /usr/lib/jdk/jdk1.8.0_201/jre/lib/amd64/libverify.so
7f2ff1cda000-7f2ff1cdb000 rw-p 0000e000 08:01 656507                     /usr/lib/jdk/jdk1.8.0_201/jre/lib/amd64/libverify.so
7f2ff1cdb000-7f2ff1ce2000 r-xp 00000000 08:01 658957                     /lib/x86_64-linux-gnu/librt-2.23.so
7f2ff1ce2000-7f2ff1ee1000 ---p 00007000 08:01 658957                     /lib/x86_64-linux-gnu/librt-2.23.so
7f2ff1ee1000-7f2ff1ee2000 r--p 00006000 08:01 658957                     /lib/x86_64-linux-gnu/librt-2.23.so
7f2ff1ee2000-7f2ff1ee3000 rw-p 00007000 08:01 658957                     /lib/x86_64-linux-gnu/librt-2.23.so
7f2ff1ee3000-7f2ff1feb000 r-xp 00000000 08:01 658873                     /lib/x86_64-linux-gnu/libm-2.23.so
7f2ff1feb000-7f2ff21ea000 ---p 00108000 08:01 658873                     /lib/x86_64-linux-gnu/libm-2.23.so
7f2ff21ea000-7f2ff21eb000 r--p 00107000 08:01 658873                     /lib/x86_64-linux-gnu/libm-2.23.so
7f2ff21eb000-7f2ff21ec000 rw-p 00108000 08:01 658873                     /lib/x86_64-linux-gnu/libm-2.23.so
7f2ff21ec000-7f2ff2ed4000 r-xp 00000000 08:01 656484                     /usr/lib/jdk/jdk1.8.0_201/jre/lib/amd64/server/libjvm.so
7f2ff2ed4000-7f2ff30d3000 ---p 00ce8000 08:01 656484                     /usr/lib/jdk/jdk1.8.0_201/jre/lib/amd64/server/libjvm.so
7f2ff30d3000-7f2ff3169000 r--p 00ce7000 08:01 656484                     /usr/lib/jdk/jdk1.8.0_201/jre/lib/amd64/server/libjvm.so
7f2ff3169000-7f2ff319a000 rw-p 00d7d000 08:01 656484                     /usr/lib/jdk/jdk1.8.0_201/jre/lib/amd64/server/libjvm.so
7f2ff319a000-7f2ff31d5000 rw-p 00000000 00:00 0 
7f2ff31d5000-7f2ff3395000 r-xp 00000000 08:01 658803                     /lib/x86_64-linux-gnu/libc-2.23.so
7f2ff3395000-7f2ff3595000 ---p 001c0000 08:01 658803                     /lib/x86_64-linux-gnu/libc-2.23.so
7f2ff3595000-7f2ff3599000 r--p 001c0000 08:01 658803                     /lib/x86_64-linux-gnu/libc-2.23.so
7f2ff3599000-7f2ff359b000 rw-p 001c4000 08:01 658803                     /lib/x86_64-linux-gnu/libc-2.23.so
7f2ff359b000-7f2ff359f000 rw-p 00000000 00:00 0 
7f2ff359f000-7f2ff35a2000 r-xp 00000000 08:01 658827                     /lib/x86_64-linux-gnu/libdl-2.23.so
7f2ff35a2000-7f2ff37a1000 ---p 00003000 08:01 658827                     /lib/x86_64-linux-gnu/libdl-2.23.so
7f2ff37a1000-7f2ff37a2000 r--p 00002000 08:01 658827                     /lib/x86_64-linux-gnu/libdl-2.23.so
7f2ff37a2000-7f2ff37a3000 rw-p 00003000 08:01 658827                     /lib/x86_64-linux-gnu/libdl-2.23.so
7f2ff37a3000-7f2ff37ba000 r-xp 00000000 08:01 656155                     /usr/lib/jdk/jdk1.8.0_201/lib/amd64/jli/libjli.so
7f2ff37ba000-7f2ff39b9000 ---p 00017000 08:01 656155                     /usr/lib/jdk/jdk1.8.0_201/lib/amd64/jli/libjli.so
7f2ff39b9000-7f2ff39ba000 r--p 00016000 08:01 656155                     /usr/lib/jdk/jdk1.8.0_201/lib/amd64/jli/libjli.so
7f2ff39ba000-7f2ff39bb000 rw-p 00017000 08:01 656155                     /usr/lib/jdk/jdk1.8.0_201/lib/amd64/jli/libjli.so
7f2ff39bb000-7f2ff39d3000 r-xp 00000000 08:01 658949                     /lib/x86_64-linux-gnu/libpthread-2.23.so
7f2ff39d3000-7f2ff3bd2000 ---p 00018000 08:01 658949                     /lib/x86_64-linux-gnu/libpthread-2.23.so
7f2ff3bd2000-7f2ff3bd3000 r--p 00017000 08:01 658949                     /lib/x86_64-linux-gnu/libpthread-2.23.so
7f2ff3bd3000-7f2ff3bd4000 rw-p 00018000 08:01 658949                     /lib/x86_64-linux-gnu/libpthread-2.23.so
7f2ff3bd4000-7f2ff3bd8000 rw-p 00000000 00:00 0 
7f2ff3bd8000-7f2ff3bfe000 r-xp 00000000 08:01 658775                     /lib/x86_64-linux-gnu/ld-2.23.so
7f2ff3c09000-7f2ff3c13000 r--s 00116000 08:01 656361                     /usr/lib/jdk/jdk1.8.0_201/jre/lib/ext/localedata.jar
7f2ff3c13000-7f2ff3c22000 r--s 000ad000 08:01 420845                     /home/hewitt/work/DiffTGen-master/output/patch1-Math-80-Jaid-plausible/Math_80_1-plausible_jaid/target/build/classes/all0.jar
7f2ff3c22000-7f2ff3ce0000 rw-p 00000000 00:00 0 
7f2ff3ce0000-7f2ff3ce3000 ---p 00000000 00:00 0 
7f2ff3ce3000-7f2ff3de6000 rw-p 00000000 00:00 0 
7f2ff3de6000-7f2ff3dea000 r--s 000a1000 08:01 656350                     /usr/lib/jdk/jdk1.8.0_201/jre/lib/jsse.jar
7f2ff3dea000-7f2ff3df2000 r--s 0006e000 08:01 398946                     /home/hewitt/work/DiffTGen-master/lib/commons-lang3-3.5.jar
7f2ff3df2000-7f2ff3df3000 r--s 00000000 08:01 398951                     /home/hewitt/work/DiffTGen-master/lib/myprinter.jar
7f2ff3df3000-7f2ff3dfb000 rw-s 00000000 08:01 152999                     /tmp/hsperfdata_hewitt/126590
7f2ff3dfb000-7f2ff3dfc000 rw-p 00000000 00:00 0 
7f2ff3dfc000-7f2ff3dfd000 ---p 00000000 00:00 0 
7f2ff3dfd000-7f2ff3dfe000 r--p 00025000 08:01 658775                     /lib/x86_64-linux-gnu/ld-2.23.so
7f2ff3dfe000-7f2ff3dff000 rw-p 00026000 08:01 658775                     /lib/x86_64-linux-gnu/ld-2.23.so
7f2ff3dff000-7f2ff3e00000 rw-p 00000000 00:00 0 
7fffa67ed000-7fffa680f000 rw-p 00000000 00:00 0                          [stack]
7fffa6943000-7fffa6946000 r--p 00000000 00:00 0                          [vvar]
7fffa6946000-7fffa6948000 r-xp 00000000 00:00 0                          [vdso]
ffffffffff600000-ffffffffff601000 r-xp 00000000 00:00 0                  [vsyscall]

VM Arguments:
java_command: /home/hewitt/work/DiffTGen-master/lib/evosuite-1.0.6.jar -base_dir /home/hewitt/work/DiffTGen-master/output/patch1-Math-80-Jaid-plausible/Math_80_1-plausible_jaid/target/0/24 -projectCP /home/hewitt/work/DiffTGen-master/output/patch1-Math-80-Jaid-plausible/Math_80_1-plausible_jaid/target/build/classes/all0.jar:/home/hewitt/work/DiffTGen-master/lib/myprinter.jar:/home/hewitt/work/DiffTGen-master/lib/commons-lang3-3.5.jar -class org.apache.commons.math.linear.EigenDecompositionImpl -Dassertions=false -Dsearch_budget=60
java_class_path (initial): /home/hewitt/work/DiffTGen-master/lib/evosuite-1.0.6.jar
Launcher Type: SUN_STANDARD

Environment Variables:
JAVA_HOME=/usr/lib/jdk/jdk1.8.0_201
JRE_HOME=/usr/lib/jdk/jdk1.8.0_201/jre
CLASSPATH=.:/usr/lib/jdk/jdk1.8.0_201/lib:/usr/lib/jdk/jdk1.8.0_201/jre/lib
PATH=/usr/lib/jdk/jdk1.8.0_201/bin:/home/hewitt/bin:/home/hewitt/.local/bin:/usr/lib/jdk/jdk1.7.0_80/bin:/usr/local/sbin:/usr/local/bin:/usr/sbin:/usr/bin:/sbin:/bin:/usr/games:/usr/local/games:/snap/bin:/home/hewitt/work/defects4j_v1.4.0/defects4j/framework/bin:/opt/apache-ant-1.9.14/bin:/home/hewitt/work/defects4j_v1.4.0/defects4j/framework/bin
SHELL=/bin/bash
DISPLAY=:0

Signal Handlers:
SIGSEGV: [libjvm.so+0xad3e60], sa_mask[0]=11111111011111111101111111111110, sa_flags=SA_RESTART|SA_SIGINFO
SIGBUS: [libjvm.so+0xad3e60], sa_mask[0]=11111111011111111101111111111110, sa_flags=SA_RESTART|SA_SIGINFO
SIGFPE: [libjvm.so+0x90b880], sa_mask[0]=11111111011111111101111111111110, sa_flags=SA_RESTART|SA_SIGINFO
SIGPIPE: [libjvm.so+0x90b880], sa_mask[0]=11111111011111111101111111111110, sa_flags=SA_RESTART|SA_SIGINFO
SIGXFSZ: [libjvm.so+0x90b880], sa_mask[0]=11111111011111111101111111111110, sa_flags=SA_RESTART|SA_SIGINFO
SIGILL: [libjvm.so+0x90b880], sa_mask[0]=11111111011111111101111111111110, sa_flags=SA_RESTART|SA_SIGINFO
SIGUSR1: SIG_DFL, sa_mask[0]=00000000000000000000000000000000, sa_flags=none
SIGUSR2: [libjvm.so+0x90b750], sa_mask[0]=00100000000000000000000000000000, sa_flags=SA_RESTART|SA_SIGINFO
SIGHUP: [libjvm.so+0x90bd70], sa_mask[0]=11111111011111111101111111111110, sa_flags=SA_RESTART|SA_SIGINFO
SIGINT: [libjvm.so+0x90bd70], sa_mask[0]=11111111011111111101111111111110, sa_flags=SA_RESTART|SA_SIGINFO
SIGTERM: [libjvm.so+0x90bd70], sa_mask[0]=11111111011111111101111111111110, sa_flags=SA_RESTART|SA_SIGINFO
SIGQUIT: [libjvm.so+0x90bd70], sa_mask[0]=11111111011111111101111111111110, sa_flags=SA_RESTART|SA_SIGINFO


---------------  S Y S T E M  ---------------

OS:DISTRIB_ID=Ubuntu
DISTRIB_RELEASE=16.04
DISTRIB_CODENAME=xenial
DISTRIB_DESCRIPTION="Ubuntu 16.04.6 LTS"

uname:Linux 4.15.0-91-generic #92~16.04.1-Ubuntu SMP Fri Feb 28 14:57:22 UTC 2020 x86_64
libc:glibc 2.23 NPTL 2.23 
rlimit: STACK 8192k, CORE 0k, NPROC 15448, NOFILE 1048576, AS infinity
load average:11.28 11.75 13.55

/proc/meminfo:
MemTotal:        4015928 kB
MemFree:           86872 kB
MemAvailable:          0 kB
Buffers:             192 kB
Cached:            10704 kB
SwapCached:          984 kB
Active:          2908848 kB
Inactive:         584844 kB
Active(anon):    2902612 kB
Inactive(anon):   580552 kB
Active(file):       6236 kB
Inactive(file):     4292 kB
Unevictable:          48 kB
Mlocked:              48 kB
SwapTotal:        998396 kB
SwapFree:              0 kB
Dirty:                 0 kB
Writeback:           368 kB
AnonPages:       3482384 kB
Mapped:             8120 kB
Shmem:                76 kB
Slab:              91100 kB
SReclaimable:      33816 kB
SUnreclaim:        57284 kB
KernelStack:       16048 kB
PageTables:        42420 kB
NFS_Unstable:          0 kB
Bounce:                0 kB
WritebackTmp:          0 kB
CommitLimit:     3006360 kB
Committed_AS:    8919304 kB
VmallocTotal:   34359738367 kB
VmallocUsed:           0 kB
VmallocChunk:          0 kB
HardwareCorrupted:     0 kB
AnonHugePages:         0 kB
ShmemHugePages:        0 kB
ShmemPmdMapped:        0 kB
CmaTotal:              0 kB
CmaFree:               0 kB
HugePages_Total:       0
HugePages_Free:        0
HugePages_Rsvd:        0
HugePages_Surp:        0
Hugepagesize:       2048 kB
DirectMap4k:       98112 kB
DirectMap2M:     4096000 kB
DirectMap1G:     2097152 kB

container (cgroup) information:
container_type: cgroupv1
cpu_cpuset_cpus: 0-3
cpu_memory_nodes: 0
active_processor_count: 4
cpu_quota: -1
cpu_period: 100000
cpu_shares: -1
memory_limit_in_bytes: -1
memory_and_swap_limit_in_bytes: -2
memory_soft_limit_in_bytes: -1
memory_usage_in_bytes: 3578224640
memory_max_usage_in_bytes: 69316608


CPU:total 4 (initial active 4) (2 cores per cpu, 1 threads per core) family 6 model 158 stepping 9, cmov, cx8, fxsr, mmx, sse, sse2, sse3, ssse3, sse4.1, sse4.2, popcnt, avx, avx2, aes, clmul, erms, 3dnowpref, lzcnt, tsc, tscinvbit, bmi1, bmi2, adx

/proc/cpuinfo:
processor	: 0
vendor_id	: GenuineIntel
cpu family	: 6
model		: 158
model name	: Intel(R) Core(TM) i7-7700HQ CPU @ 2.80GHz
stepping	: 9
microcode	: 0xb4
cpu MHz		: 2808.002
cache size	: 6144 KB
physical id	: 0
siblings	: 2
core id		: 0
cpu cores	: 2
apicid		: 0
initial apicid	: 0
fpu		: yes
fpu_exception	: yes
cpuid level	: 22
wp		: yes
flags		: fpu vme de pse tsc msr pae mce cx8 apic sep mtrr pge mca cmov pat pse36 clflush mmx fxsr sse sse2 ss ht syscall nx pdpe1gb rdtscp lm constant_tsc arch_perfmon nopl xtopology tsc_reliable nonstop_tsc cpuid pni pclmulqdq ssse3 fma cx16 pcid sse4_1 sse4_2 x2apic movbe popcnt tsc_deadline_timer aes xsave avx f16c rdrand hypervisor lahf_lm abm 3dnowprefetch cpuid_fault invpcid_single pti ssbd ibrs ibpb stibp fsgsbase tsc_adjust bmi1 avx2 smep bmi2 invpcid mpx rdseed adx smap clflushopt xsaveopt xsavec xsaves arat md_clear flush_l1d arch_capabilities
bugs		: cpu_meltdown spectre_v1 spectre_v2 spec_store_bypass l1tf mds swapgs itlb_multihit
bogomips	: 5616.00
clflush size	: 64
cache_alignment	: 64
address sizes	: 43 bits physical, 48 bits virtual
power management:

processor	: 1
vendor_id	: GenuineIntel
cpu family	: 6
model		: 158
model name	: Intel(R) Core(TM) i7-7700HQ CPU @ 2.80GHz
stepping	: 9
microcode	: 0xb4
cpu MHz		: 2808.002
cache size	: 6144 KB
physical id	: 0
siblings	: 2
core id		: 1
cpu cores	: 2
apicid		: 1
initial apicid	: 1
fpu		: yes
fpu_exception	: yes
cpuid level	: 22
wp		: yes
flags		: fpu vme de pse tsc msr pae mce cx8 apic sep mtrr pge mca cmov pat pse36 clflush mmx fxsr sse sse2 ss ht syscall nx pdpe1gb rdtscp lm constant_tsc arch_perfmon nopl xtopology tsc_reliable nonstop_tsc cpuid pni pclmulqdq ssse3 fma cx16 pcid sse4_1 sse4_2 x2apic movbe popcnt tsc_deadline_timer aes xsave avx f16c rdrand hypervisor lahf_lm abm 3dnowprefetch cpuid_fault invpcid_single pti ssbd ibrs ibpb stibp fsgsbase tsc_adjust bmi1 avx2 smep bmi2 invpcid mpx rdseed adx smap clflushopt xsaveopt xsavec xsaves arat md_clear flush_l1d arch_capabilities
bugs		: cpu_meltdown spectre_v1 spectre_v2 spec_store_bypass l1tf mds swapgs itlb_multihit
bogomips	: 5616.00
clflush size	: 64
cache_alignment	: 64
address sizes	: 43 bits physical, 48 bits virtual
power management:

processor	: 2
vendor_id	: GenuineIntel
cpu family	: 6
model		: 158
model name	: Intel(R) Core(TM) i7-7700HQ CPU @ 2.80GHz
stepping	: 9
microcode	: 0xb4
cpu MHz		: 2808.002
cache size	: 6144 KB
physical id	: 1
siblings	: 2
core id		: 0
cpu cores	: 2
apicid		: 2
initial apicid	: 2
fpu		: yes
fpu_exception	: yes
cpuid level	: 22
wp		: yes
flags		: fpu vme de pse tsc msr pae mce cx8 apic sep mtrr pge mca cmov pat pse36 clflush mmx fxsr sse sse2 ss ht syscall nx pdpe1gb rdtscp lm constant_tsc arch_perfmon nopl xtopology tsc_reliable nonstop_tsc cpuid pni pclmulqdq ssse3 fma cx16 pcid sse4_1 sse4_2 x2apic movbe popcnt tsc_deadline_timer aes xsave avx f16c rdrand hypervisor lahf_lm abm 3dnowprefetch cpuid_fault invpcid_single pti ssbd ibrs ibpb stibp fsgsbase tsc_adjust bmi1 avx2 smep bmi2 invpcid mpx rdseed adx smap clflushopt xsaveopt xsavec xsaves arat md_clear flush_l1d arch_capabilities
bugs		: cpu_meltdown spectre_v1 spectre_v2 spec_store_bypass l1tf mds swapgs itlb_multihit
bogomips	: 5616.00
clflush size	: 64
cache_alignment	: 64
address sizes	: 43 bits physical, 48 bits virtual
power management:

processor	: 3
vendor_id	: GenuineIntel
cpu family	: 6
model		: 158
model name	: Intel(R) Core(TM) i7-7700HQ CPU @ 2.80GHz
stepping	: 9
microcode	: 0xb4
cpu MHz		: 2808.002
cache size	: 6144 KB
physical id	: 1
siblings	: 2
core id		: 1
cpu cores	: 2
apicid		: 3
initial apicid	: 3
fpu		: yes
fpu_exception	: yes
cpuid level	: 22
wp		: yes
flags		: fpu vme de pse tsc msr pae mce cx8 apic sep mtrr pge mca cmov pat pse36 clflush mmx fxsr sse sse2 ss ht syscall nx pdpe1gb rdtscp lm constant_tsc arch_perfmon nopl xtopology tsc_reliable nonstop_tsc cpuid pni pclmulqdq ssse3 fma cx16 pcid sse4_1 sse4_2 x2apic movbe popcnt tsc_deadline_timer aes xsave avx f16c rdrand hypervisor lahf_lm abm 3dnowprefetch cpuid_fault invpcid_single pti ssbd ibrs ibpb stibp fsgsbase tsc_adjust bmi1 avx2 smep bmi2 invpcid mpx rdseed adx smap clflushopt xsaveopt xsavec xsaves arat md_clear flush_l1d arch_capabilities
bugs		: cpu_meltdown spectre_v1 spectre_v2 spec_store_bypass l1tf mds swapgs itlb_multihit
bogomips	: 5616.00
clflush size	: 64
cache_alignment	: 64
address sizes	: 43 bits physical, 48 bits virtual
power management:



Memory: 4k page, physical 4015928k(86744k free), swap 998396k(0k free)

vm_info: Java HotSpot(TM) 64-Bit Server VM (25.201-b09) for linux-amd64 JRE (1.8.0_201-b09), built on Dec 15 2018 11:35:59 by "java_re" with gcc 7.3.0

time: Sun Mar 29 08:43:51 2020
timezone: CST
elapsed time: 28 seconds (0d 0h 0m 28s)

