#
# There is insufficient memory for the Java Runtime Environment to continue.
# Native memory allocation (mmap) failed to map 57147392 bytes for committing reserved memory.
# Possible reasons:
#   The system is out of physical RAM or swap space
#   The process is running with CompressedOops enabled, and the Java Heap may be blocking the growth of the native heap
# Possible solutions:
#   Reduce memory load on the system
#   Increase physical memory or swap space
#   Check if swap backing store is full
#   Decrease Java heap size (-Xmx/-Xms)
#   Decrease number of Java threads
#   Decrease Java thread stack sizes (-Xss)
#   Set larger code cache with -XX:ReservedCodeCacheSize=
#   JVM is running with Unscaled Compressed Oops mode in which the Java heap is
#     placed in the first 4GB address space. The Java Heap base address is the
#     maximum limit for the native heap growth. Please use -XX:HeapBaseMinAddress
#     to set the Java Heap base and to place the Java Heap above 4GB virtual address.
# This output file may be truncated or incomplete.
#
#  Out of Memory Error (os_linux.cpp:2749), pid=50217, tid=0x00007fa534c42700
#
# JRE version: Java(TM) SE Runtime Environment (8.0_201-b09) (build 1.8.0_201-b09)
# Java VM: Java HotSpot(TM) 64-Bit Server VM (25.201-b09 mixed mode linux-amd64 compressed oops)
# Failed to write core dump. Core dumps have been disabled. To enable core dumping, try "ulimit -c unlimited" before starting Java again
#

---------------  T H R E A D  ---------------

Current thread (0x00007fa54c140000):  VMThread [stack: 0x00007fa534b42000,0x00007fa534c43000] [id=50268]

Stack: [0x00007fa534b42000,0x00007fa534c43000],  sp=0x00007fa534c41450,  free space=1021k
Native frames: (J=compiled Java code, j=interpreted, Vv=VM code, C=native code)
V  [libjvm.so+0xad3525]  VMError::report_and_die()+0x2e5
V  [libjvm.so+0x4e0457]  report_vm_out_of_memory(char const*, int, unsigned long, VMErrorType, char const*)+0x67
V  [libjvm.so+0x9102f0]  os::pd_commit_memory(char*, unsigned long, unsigned long, bool)+0x100
V  [libjvm.so+0x90791f]  os::commit_memory(char*, unsigned long, unsigned long, bool)+0x1f
V  [libjvm.so+0x98c806]  PSVirtualSpace::expand_by(unsigned long)+0x56
V  [libjvm.so+0x98da98]  PSYoungGen::resize(unsigned long, unsigned long)+0xd8
V  [libjvm.so+0x98a236]  PSScavenge::invoke_no_policy()+0x1376
V  [libjvm.so+0x98a5cc]  PSScavenge::invoke()+0x4c
V  [libjvm.so+0x93a318]  ParallelScavengeHeap::failed_mem_allocate(unsigned long)+0x68
V  [libjvm.so+0xad5073]  VM_ParallelGCFailedAllocation::doit()+0x93
V  [libjvm.so+0xada296]  VM_Operation::evaluate()+0x46
V  [libjvm.so+0xad85cd]  VMThread::evaluate_operation(VM_Operation*) [clone .constprop.44]+0xcd
V  [libjvm.so+0xad8bb3]  VMThread::loop()+0x3a3
V  [libjvm.so+0xad8f88]  VMThread::run()+0x78
V  [libjvm.so+0x90d922]  java_start(Thread*)+0x102

VM_Operation (0x00007fa4f72ec2f0): ParallelGCFailedAllocation, mode: safepoint, requested by thread 0x00007fa4e4001000


---------------  P R O C E S S  ---------------

Java Threads: ( => current thread )
  0x00007fa4e4001000 JavaThread "RMI TCP Connection(2)-127.0.0.1" daemon [_thread_blocked, id=50634, stack(0x00007fa4f71f2000,0x00007fa4f72f3000)]
  0x00007fa4bc038000 JavaThread "RMI Scheduler(0)" daemon [_thread_blocked, id=50631, stack(0x00007fa4f72f3000,0x00007fa4f73f4000)]
  0x00007fa4bc030800 JavaThread "RMI RenewClean-[127.0.0.1:15525]" daemon [_thread_blocked, id=50619, stack(0x00007fa4f73f4000,0x00007fa4f74f5000)]
  0x00007fa4ec001000 JavaThread "RMI TCP Connection(3)-127.0.0.1" daemon [_thread_in_native, id=50613, stack(0x00007fa4f74f5000,0x00007fa4f75f6000)]
  0x00007fa4e0005000 JavaThread "pool-3-thread-3" [_thread_in_native, id=50588, stack(0x00007fa4f75f6000,0x00007fa4f76f7000)]
  0x00007fa4e0003000 JavaThread "pool-3-thread-2" [_thread_in_native, id=50582, stack(0x00007fa4f76f7000,0x00007fa4f77f8000)]
  0x00007fa4e0002000 JavaThread "pool-3-thread-1" [_thread_in_native, id=50575, stack(0x00007fa4f77f8000,0x00007fa4f78f9000)]
  0x00007fa54c200000 JavaThread "Thread-3" [_thread_in_native, id=50422, stack(0x00007fa4f78f9000,0x00007fa4f79fa000)]
  0x00007fa54c1fe800 JavaThread "Thread-2" [_thread_in_native, id=50414, stack(0x00007fa4f79fa000,0x00007fa4f7afb000)]
  0x00007fa54c1fd000 JavaThread "process reaper" daemon [_thread_in_native, id=50408, stack(0x00007fa53c005000,0x00007fa53c03e000)]
  0x00007fa54c3c0800 JavaThread "pool-2-thread-1" [_thread_in_native, id=50374, stack(0x00007fa4f7afb000,0x00007fa4f7bfc000)]
  0x00007fa54c3be000 JavaThread "GC Daemon" daemon [_thread_blocked, id=50371, stack(0x00007fa4f7bfc000,0x00007fa4f7cfd000)]
  0x00007fa54c3bb800 JavaThread "RMI Reaper" [_thread_blocked, id=50368, stack(0x00007fa4f7cfd000,0x00007fa4f7dfe000)]
  0x00007fa54c3b4000 JavaThread "RMI TCP Accept-6435" daemon [_thread_in_native, id=50366, stack(0x00007fa4f7dfe000,0x00007fa4f7eff000)]
  0x00007fa54c3ad000 JavaThread "RMI TCP Accept-11970" daemon [_thread_in_native, id=50364, stack(0x00007fa4f7eff000,0x00007fa4f8000000)]
  0x00007fa54c2f2000 JavaThread "logback-3" daemon [_thread_blocked, id=50358, stack(0x00007fa520226000,0x00007fa520327000)]
  0x00007fa54c2ee800 JavaThread "logback-2" daemon [_thread_blocked, id=50355, stack(0x00007fa520327000,0x00007fa520428000)]
  0x00007fa54c2ed000 JavaThread "logback-1" daemon [_thread_blocked, id=50353, stack(0x00007fa534008000,0x00007fa534109000)]
  0x00007fa54c189000 JavaThread "Service Thread" daemon [_thread_blocked, id=50326, stack(0x00007fa53443b000,0x00007fa53453c000)]
  0x00007fa54c186000 JavaThread "C1 CompilerThread2" daemon [_thread_blocked, id=50323, stack(0x00007fa53453c000,0x00007fa53463d000)]
  0x00007fa54c184800 JavaThread "C2 CompilerThread1" daemon [_thread_in_native, id=50317, stack(0x00007fa53463d000,0x00007fa53473e000)]
  0x00007fa54c181800 JavaThread "C2 CompilerThread0" daemon [_thread_blocked, id=50306, stack(0x00007fa53473e000,0x00007fa53483f000)]
  0x00007fa54c180000 JavaThread "Signal Dispatcher" daemon [_thread_blocked, id=50292, stack(0x00007fa53483f000,0x00007fa534940000)]
  0x00007fa54c14c000 JavaThread "Finalizer" daemon [_thread_blocked, id=50285, stack(0x00007fa534940000,0x00007fa534a41000)]
  0x00007fa54c149800 JavaThread "Reference Handler" daemon [_thread_blocked, id=50277, stack(0x00007fa534a41000,0x00007fa534b42000)]
  0x00007fa54c00a800 JavaThread "main" [_thread_in_native, id=50227, stack(0x00007fa5530ae000,0x00007fa5531af000)]

Other Threads:
=>0x00007fa54c140000 VMThread [stack: 0x00007fa534b42000,0x00007fa534c43000] [id=50268]
  0x00007fa54c18b800 WatcherThread [stack: 0x00007fa53433a000,0x00007fa53443b000] [id=50336]

VM state:at safepoint (normal execution)

VM Mutex/Monitor currently owned by a thread:  ([mutex/lock_event])
[0x00007fa54c007030] Threads_lock - owner thread: 0x00007fa54c140000
[0x00007fa54c007530] Heap_lock - owner thread: 0x00007fa4e4001000

heap address: 0x00000000c2a00000, size: 982 MB, Compressed Oops mode: 32-bit
Narrow klass base: 0x0000000000000000, Narrow klass shift: 3
Compressed class space size: 1073741824 Address: 0x0000000100000000

Heap:
 PSYoungGen      total 155648K, used 2432K [0x00000000eb900000, 0x00000000f7800000, 0x0000000100000000)
  eden space 150016K, 0% used [0x00000000eb900000,0x00000000eb900000,0x00000000f4b80000)
  from space 5632K, 43% used [0x00000000f4b80000,0x00000000f4de0000,0x00000000f5100000)
  to   space 5632K, 0% used [0x00000000f5100000,0x00000000f5100000,0x00000000f5680000)
 ParOldGen       total 42496K, used 19252K [0x00000000c2a00000, 0x00000000c5380000, 0x00000000eb900000)
  object space 42496K, 45% used [0x00000000c2a00000,0x00000000c3ccd3d0,0x00000000c5380000)
 Metaspace       used 14227K, capacity 14670K, committed 14848K, reserved 1062912K
  class space    used 1610K, capacity 1748K, committed 1792K, reserved 1048576K

Card table byte_map: [0x00007fa550023000,0x00007fa55020f000] byte_map_base: 0x00007fa54fa0e000

Marking Bits: (ParMarkBitMap*) 0x00007fa552585d80
 Begin Bits: [0x00007fa536150000, 0x00007fa5370a8000)
 End Bits:   [0x00007fa5370a8000, 0x00007fa538000000)

Polling page: 0x00007fa5531ca000

CodeCache: size=245760Kb used=6882Kb max_used=6916Kb free=238877Kb
 bounds [0x00007fa53d000000, 0x00007fa53d6d0000, 0x00007fa54c000000]
 total_blobs=2232 nmethods=1884 adapters=261
 compilation: enabled

Compilation events (10 events):
Event: 34.270 Thread 0x00007fa54c186000 1960       2       org.evosuite.graphs.cfg.ActualControlFlowGraph::belongsToMethod (48 bytes)
Event: 34.271 Thread 0x00007fa54c186000 nmethod 1960 0x00007fa53d6afd10 code [0x00007fa53d6afea0, 0x00007fa53d6b0148]
Event: 34.711 Thread 0x00007fa54c186000 1962       2       org.evosuite.shaded.org.objectweb.asm.tree.MethodNode::visitIntInsn (17 bytes)
Event: 34.711 Thread 0x00007fa54c186000 nmethod 1962 0x00007fa53d6b02d0 code [0x00007fa53d6b0440, 0x00007fa53d6b0628]
Event: 34.713 Thread 0x00007fa54c186000 1963       2       org.evosuite.setup.DependencyAnalysis::shouldInstrument (86 bytes)
Event: 34.713 Thread 0x00007fa54c186000 nmethod 1963 0x00007fa53d6b0710 code [0x00007fa53d6b08e0, 0x00007fa53d6b0c78]
Event: 34.845 Thread 0x00007fa54c181800 nmethod 1902 0x00007fa53d6b98d0 code [0x00007fa53d6b9fe0, 0x00007fa53d6bfbf8]
Event: 34.846 Thread 0x00007fa54c181800 1924       4       org.evosuite.shaded.org.objectweb.asm.tree.analysis.Frame::merge (95 bytes)
Event: 34.967 Thread 0x00007fa54c186000 1964       2       org.evosuite.shaded.org.objectweb.asm.tree.analysis.SourceValue::equals (47 bytes)
Event: 34.967 Thread 0x00007fa54c186000 nmethod 1964 0x00007fa53d6b9410 code [0x00007fa53d6b9580, 0x00007fa53d6b97c8]

GC Heap History (10 events):
Event: 31.960 GC heap after
Heap after GC invocations=9 (full 1):
 PSYoungGen      total 62976K, used 4596K [0x00000000eb900000, 0x00000000efe00000, 0x0000000100000000)
  eden space 58368K, 0% used [0x00000000eb900000,0x00000000eb900000,0x00000000ef200000)
  from space 4608K, 99% used [0x00000000ef780000,0x00000000efbfd180,0x00000000efc00000)
  to   space 5632K, 0% used [0x00000000ef200000,0x00000000ef200000,0x00000000ef780000)
 ParOldGen       total 42496K, used 7542K [0x00000000c2a00000, 0x00000000c5380000, 0x00000000eb900000)
  object space 42496K, 17% used [0x00000000c2a00000,0x00000000c315db68,0x00000000c5380000)
 Metaspace       used 14137K, capacity 14606K, committed 14848K, reserved 1062912K
  class space    used 1610K, capacity 1748K, committed 1792K, reserved 1048576K
}
Event: 32.305 GC heap before
{Heap before GC invocations=10 (full 1):
 PSYoungGen      total 62976K, used 62964K [0x00000000eb900000, 0x00000000efe00000, 0x0000000100000000)
  eden space 58368K, 100% used [0x00000000eb900000,0x00000000ef200000,0x00000000ef200000)
  from space 4608K, 99% used [0x00000000ef780000,0x00000000efbfd180,0x00000000efc00000)
  to   space 5632K, 0% used [0x00000000ef200000,0x00000000ef200000,0x00000000ef780000)
 ParOldGen       total 42496K, used 7542K [0x00000000c2a00000, 0x00000000c5380000, 0x00000000eb900000)
  object space 42496K, 17% used [0x00000000c2a00000,0x00000000c315db68,0x00000000c5380000)
 Metaspace       used 14166K, capacity 14670K, committed 14848K, reserved 1062912K
  class space    used 1610K, capacity 1748K, committed 1792K, reserved 1048576K
Event: 32.330 GC heap after
Heap after GC invocations=10 (full 1):
 PSYoungGen      total 64000K, used 4032K [0x00000000eb900000, 0x00000000f3600000, 0x0000000100000000)
  eden space 58368K, 0% used [0x00000000eb900000,0x00000000eb900000,0x00000000ef200000)
  from space 5632K, 71% used [0x00000000ef200000,0x00000000ef5f0060,0x00000000ef780000)
  to   space 5632K, 0% used [0x00000000f3080000,0x00000000f3080000,0x00000000f3600000)
 ParOldGen       total 42496K, used 8595K [0x00000000c2a00000, 0x00000000c5380000, 0x00000000eb900000)
  object space 42496K, 20% used [0x00000000c2a00000,0x00000000c3264ca8,0x00000000c5380000)
 Metaspace       used 14166K, capacity 14670K, committed 14848K, reserved 1062912K
  class space    used 1610K, capacity 1748K, committed 1792K, reserved 1048576K
}
Event: 32.697 GC heap before
{Heap before GC invocations=11 (full 1):
 PSYoungGen      total 64000K, used 62400K [0x00000000eb900000, 0x00000000f3600000, 0x0000000100000000)
  eden space 58368K, 100% used [0x00000000eb900000,0x00000000ef200000,0x00000000ef200000)
  from space 5632K, 71% used [0x00000000ef200000,0x00000000ef5f0060,0x00000000ef780000)
  to   space 5632K, 0% used [0x00000000f3080000,0x00000000f3080000,0x00000000f3600000)
 ParOldGen       total 42496K, used 8595K [0x00000000c2a00000, 0x00000000c5380000, 0x00000000eb900000)
  object space 42496K, 20% used [0x00000000c2a00000,0x00000000c3264ca8,0x00000000c5380000)
 Metaspace       used 14179K, capacity 14670K, committed 14848K, reserved 1062912K
  class space    used 1610K, capacity 1748K, committed 1792K, reserved 1048576K
Event: 32.719 GC heap after
Heap after GC invocations=11 (full 1):
 PSYoungGen      total 97792K, used 3888K [0x00000000eb900000, 0x00000000f3480000, 0x0000000100000000)
  eden space 93696K, 0% used [0x00000000eb900000,0x00000000eb900000,0x00000000f1480000)
  from space 4096K, 94% used [0x00000000f3080000,0x00000000f344c020,0x00000000f3480000)
  to   space 5632K, 0% used [0x00000000f2980000,0x00000000f2980000,0x00000000f2f00000)
 ParOldGen       total 42496K, used 10553K [0x00000000c2a00000, 0x00000000c5380000, 0x00000000eb900000)
  object space 42496K, 24% used [0x00000000c2a00000,0x00000000c344e700,0x00000000c5380000)
 Metaspace       used 14179K, capacity 14670K, committed 14848K, reserved 1062912K
  class space    used 1610K, capacity 1748K, committed 1792K, reserved 1048576K
}
Event: 33.330 GC heap before
{Heap before GC invocations=12 (full 1):
 PSYoungGen      total 97792K, used 97584K [0x00000000eb900000, 0x00000000f3480000, 0x0000000100000000)
  eden space 93696K, 100% used [0x00000000eb900000,0x00000000f1480000,0x00000000f1480000)
  from space 4096K, 94% used [0x00000000f3080000,0x00000000f344c020,0x00000000f3480000)
  to   space 5632K, 0% used [0x00000000f2980000,0x00000000f2980000,0x00000000f2f00000)
 ParOldGen       total 42496K, used 10553K [0x00000000c2a00000, 0x00000000c5380000, 0x00000000eb900000)
  object space 42496K, 24% used [0x00000000c2a00000,0x00000000c344e700,0x00000000c5380000)
 Metaspace       used 14202K, capacity 14670K, committed 14848K, reserved 1062912K
  class space    used 1610K, capacity 1748K, committed 1792K, reserved 1048576K
Event: 33.398 GC heap after
Heap after GC invocations=12 (full 1):
 PSYoungGen      total 120832K, used 2608K [0x00000000eb900000, 0x00000000f5680000, 0x0000000100000000)
  eden space 115200K, 0% used [0x00000000eb900000,0x00000000eb900000,0x00000000f2980000)
  from space 5632K, 46% used [0x00000000f2980000,0x00000000f2c0c020,0x00000000f2f00000)
  to   space 5632K, 0% used [0x00000000f5100000,0x00000000f5100000,0x00000000f5680000)
 ParOldGen       total 42496K, used 12480K [0x00000000c2a00000, 0x00000000c5380000, 0x00000000eb900000)
  object space 42496K, 29% used [0x00000000c2a00000,0x00000000c3630120,0x00000000c5380000)
 Metaspace       used 14202K, capacity 14670K, committed 14848K, reserved 1062912K
  class space    used 1610K, capacity 1748K, committed 1792K, reserved 1048576K
}
Event: 33.984 GC heap before
{Heap before GC invocations=13 (full 1):
 PSYoungGen      total 120832K, used 117808K [0x00000000eb900000, 0x00000000f5680000, 0x0000000100000000)
  eden space 115200K, 100% used [0x00000000eb900000,0x00000000f2980000,0x00000000f2980000)
  from space 5632K, 46% used [0x00000000f2980000,0x00000000f2c0c020,0x00000000f2f00000)
  to   space 5632K, 0% used [0x00000000f5100000,0x00000000f5100000,0x00000000f5680000)
 ParOldGen       total 42496K, used 12480K [0x00000000c2a00000, 0x00000000c5380000, 0x00000000eb900000)
  object space 42496K, 29% used [0x00000000c2a00000,0x00000000c3630120,0x00000000c5380000)
 Metaspace       used 14222K, capacity 14670K, committed 14848K, reserved 1062912K
  class space    used 1610K, capacity 1748K, committed 1792K, reserved 1048576K
Event: 34.011 GC heap after
Heap after GC invocations=13 (full 1):
 PSYoungGen      total 155648K, used 4632K [0x00000000eb900000, 0x00000000f7800000, 0x0000000100000000)
  eden space 150016K, 0% used [0x00000000eb900000,0x00000000eb900000,0x00000000f4b80000)
  from space 5632K, 82% used [0x00000000f5100000,0x00000000f5586258,0x00000000f5680000)
  to   space 5632K, 0% used [0x00000000f4b80000,0x00000000f4b80000,0x00000000f5100000)
 ParOldGen       total 42496K, used 14816K [0x00000000c2a00000, 0x00000000c5380000, 0x00000000eb900000)
  object space 42496K, 34% used [0x00000000c2a00000,0x00000000c3878070,0x00000000c5380000)
 Metaspace       used 14222K, capacity 14670K, committed 14848K, reserved 1062912K
  class space    used 1610K, capacity 1748K, committed 1792K, reserved 1048576K
}
Event: 34.982 GC heap before
{Heap before GC invocations=14 (full 1):
 PSYoungGen      total 155648K, used 154648K [0x00000000eb900000, 0x00000000f7800000, 0x0000000100000000)
  eden space 150016K, 100% used [0x00000000eb900000,0x00000000f4b80000,0x00000000f4b80000)
  from space 5632K, 82% used [0x00000000f5100000,0x00000000f5586258,0x00000000f5680000)
  to   space 5632K, 0% used [0x00000000f4b80000,0x00000000f4b80000,0x00000000f5100000)
 ParOldGen       total 42496K, used 14816K [0x00000000c2a00000, 0x00000000c5380000, 0x00000000eb900000)
  object space 42496K, 34% used [0x00000000c2a00000,0x00000000c3878070,0x00000000c5380000)
 Metaspace       used 14227K, capacity 14670K, committed 14848K, reserved 1062912K
  class space    used 1610K, capacity 1748K, committed 1792K, reserved 1048576K

Deoptimization events (10 events):
Event: 31.001 Thread 0x00007fa4e4001000 Uncommon trap: reason=bimorphic action=maybe_recompile pc=0x00007fa53d4eb158 method=java.util.HashMap.putVal(ILjava/lang/Object;Ljava/lang/Object;ZZ)Ljava/lang/Object; @ 203
Event: 31.439 Thread 0x00007fa4e4001000 Uncommon trap: reason=unstable_if action=reinterpret pc=0x00007fa53d548084 method=org.evosuite.shaded.org.objectweb.asm.Frame.merge(Lorg/evosuite/shaded/org/objectweb/asm/ClassWriter;I[II)Z @ 61
Event: 31.572 Thread 0x00007fa4e4001000 Uncommon trap: reason=bimorphic action=maybe_recompile pc=0x00007fa53d5f37ec method=java.util.AbstractCollection.addAll(Ljava/util/Collection;)Z @ 3
Event: 31.572 Thread 0x00007fa4e4001000 Uncommon trap: reason=bimorphic action=maybe_recompile pc=0x00007fa53d5f37ec method=java.util.AbstractCollection.addAll(Ljava/util/Collection;)Z @ 3
Event: 31.572 Thread 0x00007fa4e4001000 Uncommon trap: reason=bimorphic action=maybe_recompile pc=0x00007fa53d5f37ec method=java.util.AbstractCollection.addAll(Ljava/util/Collection;)Z @ 3
Event: 31.572 Thread 0x00007fa4e4001000 Uncommon trap: reason=bimorphic action=maybe_recompile pc=0x00007fa53d5f37ec method=java.util.AbstractCollection.addAll(Ljava/util/Collection;)Z @ 3
Event: 31.591 Thread 0x00007fa4e4001000 Uncommon trap: reason=unstable_if action=reinterpret pc=0x00007fa53d627b0c method=org.evosuite.shaded.org.objectweb.asm.tree.analysis.SourceInterpreter.merge(Lorg/evosuite/shaded/org/objectweb/asm/tree/analysis/SourceValue;Lorg/evosuite/shaded/org/objectw
Event: 31.961 Thread 0x00007fa4e4001000 Uncommon trap: reason=unstable_if action=reinterpret pc=0x00007fa53d64d01c method=org.evosuite.shaded.org.objectweb.asm.tree.analysis.SourceInterpreter.merge(Lorg/evosuite/shaded/org/objectweb/asm/tree/analysis/SourceValue;Lorg/evosuite/shaded/org/objectw
Event: 32.388 Thread 0x00007fa4e4001000 Uncommon trap: reason=unstable_if action=reinterpret pc=0x00007fa53d5e8d68 method=org.evosuite.shaded.org.objectweb.asm.Frame.push(I)V @ 26
Event: 34.950 Thread 0x00007fa4e4001000 Uncommon trap: reason=unstable_if action=reinterpret pc=0x00007fa53d6941b4 method=org.evosuite.shaded.org.objectweb.asm.tree.analysis.SourceValue.equals(Ljava/lang/Object;)Z @ 22

Classes redefined (0 events):
No events

Internal exceptions (10 events):
Event: 11.768 Thread 0x00007fa54c2f2000 Exception <a 'java/net/ConnectException'> (0x00000000ebb902d8) thrown at [/HUDSON/workspace/8-2-build-linux-amd64/jdk8u201/12317/hotspot/src/share/vm/prims/jni.cpp, line 709]
Event: 21.747 Thread 0x00007fa54c2ed000 Exception <a 'java/net/ConnectException'> (0x00000000ebb416b0) thrown at [/HUDSON/workspace/8-2-build-linux-amd64/jdk8u201/12317/hotspot/src/share/vm/prims/jni.cpp, line 709]
Event: 21.751 Thread 0x00007fa54c2ee800 Exception <a 'java/net/ConnectException'> (0x00000000ebb69258) thrown at [/HUDSON/workspace/8-2-build-linux-amd64/jdk8u201/12317/hotspot/src/share/vm/prims/jni.cpp, line 709]
Event: 21.769 Thread 0x00007fa54c2f2000 Exception <a 'java/net/ConnectException'> (0x00000000ebb90e00) thrown at [/HUDSON/workspace/8-2-build-linux-amd64/jdk8u201/12317/hotspot/src/share/vm/prims/jni.cpp, line 709]
Event: 29.120 Thread 0x00007fa4e4001000 Implicit null exception at 0x00007fa53d399c7c to 0x00007fa53d399f5d
Event: 29.387 Thread 0x00007fa4e4001000 Exception <a 'java/lang/NoSuchMethodError': <clinit>> (0x00000000ec1e0b28) thrown at [/HUDSON/workspace/8-2-build-linux-amd64/jdk8u201/12317/hotspot/src/share/vm/prims/jni.cpp, line 1613]
Event: 30.487 Thread 0x00007fa4e4001000 Implicit null exception at 0x00007fa53d1f4eb6 to 0x00007fa53d1f5261
Event: 31.748 Thread 0x00007fa54c2ed000 Exception <a 'java/net/ConnectException'> (0x00000000ebf611f8) thrown at [/HUDSON/workspace/8-2-build-linux-amd64/jdk8u201/12317/hotspot/src/share/vm/prims/jni.cpp, line 709]
Event: 31.752 Thread 0x00007fa54c2ee800 Exception <a 'java/net/ConnectException'> (0x00000000ebf916d8) thrown at [/HUDSON/workspace/8-2-build-linux-amd64/jdk8u201/12317/hotspot/src/share/vm/prims/jni.cpp, line 709]
Event: 31.769 Thread 0x00007fa54c2f2000 Exception <a 'java/net/ConnectException'> (0x00000000ec2fa330) thrown at [/HUDSON/workspace/8-2-build-linux-amd64/jdk8u201/12317/hotspot/src/share/vm/prims/jni.cpp, line 709]

Events (10 events):
Event: 34.490 Thread 0x00007fa4e4001000 DEOPT PACKING pc=0x00007fa53d5be0a6 sp=0x00007fa4f72ec2b0
Event: 34.490 Thread 0x00007fa4e4001000 DEOPT UNPACKING pc=0x00007fa53d047784 sp=0x00007fa4f72ebfe0 mode 0
Event: 34.492 Thread 0x00007fa4e4001000 DEOPT PACKING pc=0x00007fa53d5be0a6 sp=0x00007fa4f72ec2b0
Event: 34.492 Thread 0x00007fa4e4001000 DEOPT UNPACKING pc=0x00007fa53d047784 sp=0x00007fa4f72ebfe0 mode 0
Event: 34.511 Thread 0x00007fa4e4001000 DEOPT PACKING pc=0x00007fa53d5be0a6 sp=0x00007fa4f72ec2b0
Event: 34.511 Thread 0x00007fa4e4001000 DEOPT UNPACKING pc=0x00007fa53d047784 sp=0x00007fa4f72ebfe0 mode 0
Event: 34.950 Thread 0x00007fa4e4001000 Uncommon trap: trap_request=0xffffff65 fr.pc=0x00007fa53d6941b4
Event: 34.950 Thread 0x00007fa4e4001000 DEOPT PACKING pc=0x00007fa53d6941b4 sp=0x00007fa4f72ec540
Event: 34.950 Thread 0x00007fa4e4001000 DEOPT UNPACKING pc=0x00007fa53d04573a sp=0x00007fa4f72ec4f8 mode 2
Event: 34.981 Executing VM operation: ParallelGCFailedAllocation


Dynamic libraries:
00400000-00401000 r-xp 00000000 08:01 654793                             /usr/lib/jdk/jdk1.8.0_201/bin/java
00600000-00601000 r--p 00000000 08:01 654793                             /usr/lib/jdk/jdk1.8.0_201/bin/java
00601000-00602000 rw-p 00001000 08:01 654793                             /usr/lib/jdk/jdk1.8.0_201/bin/java
01ad2000-01cb0000 rw-p 00000000 00:00 0                                  [heap]
c2a00000-c5380000 rw-p 00000000 00:00 0 
c5380000-eb900000 ---p 00000000 00:00 0 
eb900000-f7800000 rw-p 00000000 00:00 0 
fae80000-100000000 ---p 00000000 00:00 0 
100000000-1001c0000 rw-p 00000000 00:00 0 
1001c0000-140000000 ---p 00000000 00:00 0 
7fa4b4000000-7fa4b4021000 rw-p 00000000 00:00 0 
7fa4b4021000-7fa4b8000000 ---p 00000000 00:00 0 
7fa4bc000000-7fa4bc03b000 rw-p 00000000 00:00 0 
7fa4bc03b000-7fa4c0000000 ---p 00000000 00:00 0 
7fa4c0000000-7fa4c0021000 rw-p 00000000 00:00 0 
7fa4c0021000-7fa4c4000000 ---p 00000000 00:00 0 
7fa4c4000000-7fa4c4021000 rw-p 00000000 00:00 0 
7fa4c4021000-7fa4c8000000 ---p 00000000 00:00 0 
7fa4c8000000-7fa4c8021000 rw-p 00000000 00:00 0 
7fa4c8021000-7fa4cc000000 ---p 00000000 00:00 0 
7fa4cc000000-7fa4cc021000 rw-p 00000000 00:00 0 
7fa4cc021000-7fa4d0000000 ---p 00000000 00:00 0 
7fa4d0000000-7fa4d0021000 rw-p 00000000 00:00 0 
7fa4d0021000-7fa4d4000000 ---p 00000000 00:00 0 
7fa4d4000000-7fa4d4021000 rw-p 00000000 00:00 0 
7fa4d4021000-7fa4d8000000 ---p 00000000 00:00 0 
7fa4d8000000-7fa4d8021000 rw-p 00000000 00:00 0 
7fa4d8021000-7fa4dc000000 ---p 00000000 00:00 0 
7fa4dc000000-7fa4dc021000 rw-p 00000000 00:00 0 
7fa4dc021000-7fa4e0000000 ---p 00000000 00:00 0 
7fa4e0000000-7fa4e0021000 rw-p 00000000 00:00 0 
7fa4e0021000-7fa4e4000000 ---p 00000000 00:00 0 
7fa4e4000000-7fa4e4021000 rw-p 00000000 00:00 0 
7fa4e4021000-7fa4e8000000 ---p 00000000 00:00 0 
7fa4e8000000-7fa4e8021000 rw-p 00000000 00:00 0 
7fa4e8021000-7fa4ec000000 ---p 00000000 00:00 0 
7fa4ec000000-7fa4ec021000 rw-p 00000000 00:00 0 
7fa4ec021000-7fa4f0000000 ---p 00000000 00:00 0 
7fa4f0000000-7fa4f0021000 rw-p 00000000 00:00 0 
7fa4f0021000-7fa4f4000000 ---p 00000000 00:00 0 
7fa4f6df2000-7fa4f6eb2000 rw-p 00000000 00:00 0 
7fa4f6eb2000-7fa4f6ff2000 ---p 00000000 00:00 0 
7fa4f6ff2000-7fa4f71f2000 rw-p 00000000 00:00 0 
7fa4f71f2000-7fa4f71f5000 ---p 00000000 00:00 0 
7fa4f71f5000-7fa4f72f3000 rw-p 00000000 00:00 0 
7fa4f72f3000-7fa4f72f6000 ---p 00000000 00:00 0 
7fa4f72f6000-7fa4f73f4000 rw-p 00000000 00:00 0 
7fa4f73f4000-7fa4f73f7000 ---p 00000000 00:00 0 
7fa4f73f7000-7fa4f74f5000 rw-p 00000000 00:00 0 
7fa4f74f5000-7fa4f74f8000 ---p 00000000 00:00 0 
7fa4f74f8000-7fa4f75f6000 rw-p 00000000 00:00 0 
7fa4f75f6000-7fa4f75f9000 ---p 00000000 00:00 0 
7fa4f75f9000-7fa4f76f7000 rw-p 00000000 00:00 0 
7fa4f76f7000-7fa4f76fa000 ---p 00000000 00:00 0 
7fa4f76fa000-7fa4f77f8000 rw-p 00000000 00:00 0 
7fa4f77f8000-7fa4f77fb000 ---p 00000000 00:00 0 
7fa4f77fb000-7fa4f78f9000 rw-p 00000000 00:00 0 
7fa4f78f9000-7fa4f78fc000 ---p 00000000 00:00 0 
7fa4f78fc000-7fa4f79fa000 rw-p 00000000 00:00 0 
7fa4f79fa000-7fa4f79fd000 ---p 00000000 00:00 0 
7fa4f79fd000-7fa4f7afb000 rw-p 00000000 00:00 0 
7fa4f7afb000-7fa4f7afe000 ---p 00000000 00:00 0 
7fa4f7afe000-7fa4f7bfc000 rw-p 00000000 00:00 0 
7fa4f7bfc000-7fa4f7bff000 ---p 00000000 00:00 0 
7fa4f7bff000-7fa4f7cfd000 rw-p 00000000 00:00 0 
7fa4f7cfd000-7fa4f7d00000 ---p 00000000 00:00 0 
7fa4f7d00000-7fa4f7dfe000 rw-p 00000000 00:00 0 
7fa4f7dfe000-7fa4f7e01000 ---p 00000000 00:00 0 
7fa4f7e01000-7fa4f7eff000 rw-p 00000000 00:00 0 
7fa4f7eff000-7fa4f7f02000 ---p 00000000 00:00 0 
7fa4f7f02000-7fa4f8000000 rw-p 00000000 00:00 0 
7fa4f8000000-7fa4f8021000 rw-p 00000000 00:00 0 
7fa4f8021000-7fa4fc000000 ---p 00000000 00:00 0 
7fa4fc000000-7fa4fc021000 rw-p 00000000 00:00 0 
7fa4fc021000-7fa500000000 ---p 00000000 00:00 0 
7fa500000000-7fa500021000 rw-p 00000000 00:00 0 
7fa500021000-7fa504000000 ---p 00000000 00:00 0 
7fa504000000-7fa504021000 rw-p 00000000 00:00 0 
7fa504021000-7fa508000000 ---p 00000000 00:00 0 
7fa508000000-7fa508f8f000 rw-p 00000000 00:00 0 
7fa508f8f000-7fa50c000000 ---p 00000000 00:00 0 
7fa50c000000-7fa50ca25000 rw-p 00000000 00:00 0 
7fa50ca25000-7fa510000000 ---p 00000000 00:00 0 
7fa510000000-7fa510021000 rw-p 00000000 00:00 0 
7fa510021000-7fa514000000 ---p 00000000 00:00 0 
7fa514000000-7fa514d4b000 rw-p 00000000 00:00 0 
7fa514d4b000-7fa518000000 ---p 00000000 00:00 0 
7fa518000000-7fa518021000 rw-p 00000000 00:00 0 
7fa518021000-7fa51c000000 ---p 00000000 00:00 0 
7fa51c000000-7fa51c021000 rw-p 00000000 00:00 0 
7fa51c021000-7fa520000000 ---p 00000000 00:00 0 
7fa520013000-7fa520026000 r--s 00345000 08:01 656331                     /usr/lib/jdk/jdk1.8.0_201/jre/lib/resources.jar
7fa520026000-7fa520226000 rw-p 00000000 00:00 0 
7fa520226000-7fa520229000 ---p 00000000 00:00 0 
7fa520229000-7fa520327000 rw-p 00000000 00:00 0 
7fa520327000-7fa52032a000 ---p 00000000 00:00 0 
7fa52032a000-7fa523429000 rw-p 00000000 00:00 0 
7fa523429000-7fa52343f000 r-xp 00000000 08:01 656512                     /usr/lib/jdk/jdk1.8.0_201/jre/lib/amd64/libnet.so
7fa52343f000-7fa52363f000 ---p 00016000 08:01 656512                     /usr/lib/jdk/jdk1.8.0_201/jre/lib/amd64/libnet.so
7fa52363f000-7fa523640000 r--p 00016000 08:01 656512                     /usr/lib/jdk/jdk1.8.0_201/jre/lib/amd64/libnet.so
7fa523640000-7fa523641000 rw-p 00017000 08:01 656512                     /usr/lib/jdk/jdk1.8.0_201/jre/lib/amd64/libnet.so
7fa523641000-7fa524000000 r--p 00000000 08:01 270368                     /usr/lib/locale/locale-archive
7fa524000000-7fa524021000 rw-p 00000000 00:00 0 
7fa524021000-7fa528000000 ---p 00000000 00:00 0 
7fa528000000-7fa5282a3000 rw-p 00000000 00:00 0 
7fa5282a3000-7fa52c000000 ---p 00000000 00:00 0 
7fa52c000000-7fa52c021000 rw-p 00000000 00:00 0 
7fa52c021000-7fa530000000 ---p 00000000 00:00 0 
7fa530000000-7fa530021000 rw-p 00000000 00:00 0 
7fa530021000-7fa534000000 ---p 00000000 00:00 0 
7fa534008000-7fa53400b000 ---p 00000000 00:00 0 
7fa53400b000-7fa534109000 rw-p 00000000 00:00 0 
7fa534109000-7fa53433a000 r--s 01bb1000 08:01 403225                     /home/hewitt/work/DiffTGen-master/lib/evosuite-1.0.6.jar
7fa53433a000-7fa53433b000 ---p 00000000 00:00 0 
7fa53433b000-7fa53443b000 rw-p 00000000 00:00 0 
7fa53443b000-7fa53443e000 ---p 00000000 00:00 0 
7fa53443e000-7fa53453c000 rw-p 00000000 00:00 0 
7fa53453c000-7fa53453f000 ---p 00000000 00:00 0 
7fa53453f000-7fa53463d000 rw-p 00000000 00:00 0 
7fa53463d000-7fa534640000 ---p 00000000 00:00 0 
7fa534640000-7fa53473e000 rw-p 00000000 00:00 0 
7fa53473e000-7fa534741000 ---p 00000000 00:00 0 
7fa534741000-7fa53483f000 rw-p 00000000 00:00 0 
7fa53483f000-7fa534842000 ---p 00000000 00:00 0 
7fa534842000-7fa534940000 rw-p 00000000 00:00 0 
7fa534940000-7fa534943000 ---p 00000000 00:00 0 
7fa534943000-7fa534a41000 rw-p 00000000 00:00 0 
7fa534a41000-7fa534a44000 ---p 00000000 00:00 0 
7fa534a44000-7fa534b42000 rw-p 00000000 00:00 0 
7fa534b42000-7fa534b43000 ---p 00000000 00:00 0 
7fa534b43000-7fa538000000 rw-p 00000000 00:00 0 
7fa538000000-7fa538021000 rw-p 00000000 00:00 0 
7fa538021000-7fa53c000000 ---p 00000000 00:00 0 
7fa53c005000-7fa53c008000 ---p 00000000 00:00 0 
7fa53c008000-7fa53c03e000 rw-p 00000000 00:00 0 
7fa53c03e000-7fa53c0b7000 r--s 010fd000 08:01 654900                     /usr/lib/jdk/jdk1.8.0_201/lib/tools.jar
7fa53c0b7000-7fa53c2b9000 rw-p 00000000 00:00 0 
7fa53c2b9000-7fa53c493000 r--s 03d6f000 08:01 656293                     /usr/lib/jdk/jdk1.8.0_201/jre/lib/rt.jar
7fa53c493000-7fa53c6f4000 rw-p 00000000 00:00 0 
7fa53c6f4000-7fa53c6f5000 ---p 00000000 00:00 0 
7fa53c6f5000-7fa53c7f5000 rw-p 00000000 00:00 0 
7fa53c7f5000-7fa53c7f6000 ---p 00000000 00:00 0 
7fa53c7f6000-7fa53c8f6000 rw-p 00000000 00:00 0 
7fa53c8f6000-7fa53c8f7000 ---p 00000000 00:00 0 
7fa53c8f7000-7fa53c9f7000 rw-p 00000000 00:00 0 
7fa53c9f7000-7fa53c9f8000 ---p 00000000 00:00 0 
7fa53c9f8000-7fa53cb0d000 rw-p 00000000 00:00 0 
7fa53cb0d000-7fa53cc40000 ---p 00000000 00:00 0 
7fa53cc40000-7fa53cc5c000 rw-p 00000000 00:00 0 
7fa53cc5c000-7fa53d000000 ---p 00000000 00:00 0 
7fa53d000000-7fa53d6d0000 rwxp 00000000 00:00 0 
7fa53d6d0000-7fa54c000000 ---p 00000000 00:00 0 
7fa54c000000-7fa54c4cf000 rw-p 00000000 00:00 0 
7fa54c4cf000-7fa550000000 ---p 00000000 00:00 0 
7fa550007000-7fa550023000 r--s 00393000 08:01 656354                     /usr/lib/jdk/jdk1.8.0_201/jre/lib/ext/cldrdata.jar
7fa550023000-7fa550038000 rw-p 00000000 00:00 0 
7fa550038000-7fa55016a000 ---p 00000000 00:00 0 
7fa55016a000-7fa5501ca000 rw-p 00000000 00:00 0 
7fa5501ca000-7fa55020e000 ---p 00000000 00:00 0 
7fa55020e000-7fa55020f000 rw-p 00000000 00:00 0 
7fa55020f000-7fa55022a000 r-xp 00000000 08:01 656508                     /usr/lib/jdk/jdk1.8.0_201/jre/lib/amd64/libzip.so
7fa55022a000-7fa550429000 ---p 0001b000 08:01 656508                     /usr/lib/jdk/jdk1.8.0_201/jre/lib/amd64/libzip.so
7fa550429000-7fa55042a000 r--p 0001a000 08:01 656508                     /usr/lib/jdk/jdk1.8.0_201/jre/lib/amd64/libzip.so
7fa55042a000-7fa55042b000 rw-p 0001b000 08:01 656508                     /usr/lib/jdk/jdk1.8.0_201/jre/lib/amd64/libzip.so
7fa55042b000-7fa550436000 r-xp 00000000 08:01 658902                     /lib/x86_64-linux-gnu/libnss_files-2.23.so
7fa550436000-7fa550635000 ---p 0000b000 08:01 658902                     /lib/x86_64-linux-gnu/libnss_files-2.23.so
7fa550635000-7fa550636000 r--p 0000a000 08:01 658902                     /lib/x86_64-linux-gnu/libnss_files-2.23.so
7fa550636000-7fa550637000 rw-p 0000b000 08:01 658902                     /lib/x86_64-linux-gnu/libnss_files-2.23.so
7fa550637000-7fa55063d000 rw-p 00000000 00:00 0 
7fa55063d000-7fa550648000 r-xp 00000000 08:01 658912                     /lib/x86_64-linux-gnu/libnss_nis-2.23.so
7fa550648000-7fa550847000 ---p 0000b000 08:01 658912                     /lib/x86_64-linux-gnu/libnss_nis-2.23.so
7fa550847000-7fa550848000 r--p 0000a000 08:01 658912                     /lib/x86_64-linux-gnu/libnss_nis-2.23.so
7fa550848000-7fa550849000 rw-p 0000b000 08:01 658912                     /lib/x86_64-linux-gnu/libnss_nis-2.23.so
7fa550849000-7fa55085f000 r-xp 00000000 08:01 658896                     /lib/x86_64-linux-gnu/libnsl-2.23.so
7fa55085f000-7fa550a5e000 ---p 00016000 08:01 658896                     /lib/x86_64-linux-gnu/libnsl-2.23.so
7fa550a5e000-7fa550a5f000 r--p 00015000 08:01 658896                     /lib/x86_64-linux-gnu/libnsl-2.23.so
7fa550a5f000-7fa550a60000 rw-p 00016000 08:01 658896                     /lib/x86_64-linux-gnu/libnsl-2.23.so
7fa550a60000-7fa550a62000 rw-p 00000000 00:00 0 
7fa550a62000-7fa550a6a000 r-xp 00000000 08:01 658898                     /lib/x86_64-linux-gnu/libnss_compat-2.23.so
7fa550a6a000-7fa550c69000 ---p 00008000 08:01 658898                     /lib/x86_64-linux-gnu/libnss_compat-2.23.so
7fa550c69000-7fa550c6a000 r--p 00007000 08:01 658898                     /lib/x86_64-linux-gnu/libnss_compat-2.23.so
7fa550c6a000-7fa550c6b000 rw-p 00008000 08:01 658898                     /lib/x86_64-linux-gnu/libnss_compat-2.23.so
7fa550c6b000-7fa550c97000 r-xp 00000000 08:01 656502                     /usr/lib/jdk/jdk1.8.0_201/jre/lib/amd64/libjava.so
7fa550c97000-7fa550e97000 ---p 0002c000 08:01 656502                     /usr/lib/jdk/jdk1.8.0_201/jre/lib/amd64/libjava.so
7fa550e97000-7fa550e98000 r--p 0002c000 08:01 656502                     /usr/lib/jdk/jdk1.8.0_201/jre/lib/amd64/libjava.so
7fa550e98000-7fa550e9a000 rw-p 0002d000 08:01 656502                     /usr/lib/jdk/jdk1.8.0_201/jre/lib/amd64/libjava.so
7fa550e9a000-7fa550ea7000 r-xp 00000000 08:01 656507                     /usr/lib/jdk/jdk1.8.0_201/jre/lib/amd64/libverify.so
7fa550ea7000-7fa5510a6000 ---p 0000d000 08:01 656507                     /usr/lib/jdk/jdk1.8.0_201/jre/lib/amd64/libverify.so
7fa5510a6000-7fa5510a8000 r--p 0000c000 08:01 656507                     /usr/lib/jdk/jdk1.8.0_201/jre/lib/amd64/libverify.so
7fa5510a8000-7fa5510a9000 rw-p 0000e000 08:01 656507                     /usr/lib/jdk/jdk1.8.0_201/jre/lib/amd64/libverify.so
7fa5510a9000-7fa5510b0000 r-xp 00000000 08:01 658957                     /lib/x86_64-linux-gnu/librt-2.23.so
7fa5510b0000-7fa5512af000 ---p 00007000 08:01 658957                     /lib/x86_64-linux-gnu/librt-2.23.so
7fa5512af000-7fa5512b0000 r--p 00006000 08:01 658957                     /lib/x86_64-linux-gnu/librt-2.23.so
7fa5512b0000-7fa5512b1000 rw-p 00007000 08:01 658957                     /lib/x86_64-linux-gnu/librt-2.23.so
7fa5512b1000-7fa5513b9000 r-xp 00000000 08:01 658873                     /lib/x86_64-linux-gnu/libm-2.23.so
7fa5513b9000-7fa5515b8000 ---p 00108000 08:01 658873                     /lib/x86_64-linux-gnu/libm-2.23.so
7fa5515b8000-7fa5515b9000 r--p 00107000 08:01 658873                     /lib/x86_64-linux-gnu/libm-2.23.so
7fa5515b9000-7fa5515ba000 rw-p 00108000 08:01 658873                     /lib/x86_64-linux-gnu/libm-2.23.so
7fa5515ba000-7fa5522a2000 r-xp 00000000 08:01 656484                     /usr/lib/jdk/jdk1.8.0_201/jre/lib/amd64/server/libjvm.so
7fa5522a2000-7fa5524a1000 ---p 00ce8000 08:01 656484                     /usr/lib/jdk/jdk1.8.0_201/jre/lib/amd64/server/libjvm.so
7fa5524a1000-7fa552537000 r--p 00ce7000 08:01 656484                     /usr/lib/jdk/jdk1.8.0_201/jre/lib/amd64/server/libjvm.so
7fa552537000-7fa552568000 rw-p 00d7d000 08:01 656484                     /usr/lib/jdk/jdk1.8.0_201/jre/lib/amd64/server/libjvm.so
7fa552568000-7fa5525a3000 rw-p 00000000 00:00 0 
7fa5525a3000-7fa552763000 r-xp 00000000 08:01 658803                     /lib/x86_64-linux-gnu/libc-2.23.so
7fa552763000-7fa552963000 ---p 001c0000 08:01 658803                     /lib/x86_64-linux-gnu/libc-2.23.so
7fa552963000-7fa552967000 r--p 001c0000 08:01 658803                     /lib/x86_64-linux-gnu/libc-2.23.so
7fa552967000-7fa552969000 rw-p 001c4000 08:01 658803                     /lib/x86_64-linux-gnu/libc-2.23.so
7fa552969000-7fa55296d000 rw-p 00000000 00:00 0 
7fa55296d000-7fa552970000 r-xp 00000000 08:01 658827                     /lib/x86_64-linux-gnu/libdl-2.23.so
7fa552970000-7fa552b6f000 ---p 00003000 08:01 658827                     /lib/x86_64-linux-gnu/libdl-2.23.so
7fa552b6f000-7fa552b70000 r--p 00002000 08:01 658827                     /lib/x86_64-linux-gnu/libdl-2.23.so
7fa552b70000-7fa552b71000 rw-p 00003000 08:01 658827                     /lib/x86_64-linux-gnu/libdl-2.23.so
7fa552b71000-7fa552b88000 r-xp 00000000 08:01 656155                     /usr/lib/jdk/jdk1.8.0_201/lib/amd64/jli/libjli.so
7fa552b88000-7fa552d87000 ---p 00017000 08:01 656155                     /usr/lib/jdk/jdk1.8.0_201/lib/amd64/jli/libjli.so
7fa552d87000-7fa552d88000 r--p 00016000 08:01 656155                     /usr/lib/jdk/jdk1.8.0_201/lib/amd64/jli/libjli.so
7fa552d88000-7fa552d89000 rw-p 00017000 08:01 656155                     /usr/lib/jdk/jdk1.8.0_201/lib/amd64/jli/libjli.so
7fa552d89000-7fa552da1000 r-xp 00000000 08:01 658949                     /lib/x86_64-linux-gnu/libpthread-2.23.so
7fa552da1000-7fa552fa0000 ---p 00018000 08:01 658949                     /lib/x86_64-linux-gnu/libpthread-2.23.so
7fa552fa0000-7fa552fa1000 r--p 00017000 08:01 658949                     /lib/x86_64-linux-gnu/libpthread-2.23.so
7fa552fa1000-7fa552fa2000 rw-p 00018000 08:01 658949                     /lib/x86_64-linux-gnu/libpthread-2.23.so
7fa552fa2000-7fa552fa6000 rw-p 00000000 00:00 0 
7fa552fa6000-7fa552fcc000 r-xp 00000000 08:01 658775                     /lib/x86_64-linux-gnu/ld-2.23.so
7fa552fd7000-7fa552fe1000 r--s 00116000 08:01 656361                     /usr/lib/jdk/jdk1.8.0_201/jre/lib/ext/localedata.jar
7fa552fe1000-7fa552ff0000 r--s 000ad000 08:01 436839                     /home/hewitt/work/DiffTGen-master/output/patch1-Math-80-SOFix/Math_80_1_sofix/target/build/classes/all0.jar
7fa552ff0000-7fa5530ae000 rw-p 00000000 00:00 0 
7fa5530ae000-7fa5530b1000 ---p 00000000 00:00 0 
7fa5530b1000-7fa5531b4000 rw-p 00000000 00:00 0 
7fa5531b4000-7fa5531b8000 r--s 000a1000 08:01 656350                     /usr/lib/jdk/jdk1.8.0_201/jre/lib/jsse.jar
7fa5531b8000-7fa5531c0000 r--s 0006e000 08:01 398946                     /home/hewitt/work/DiffTGen-master/lib/commons-lang3-3.5.jar
7fa5531c0000-7fa5531c1000 r--s 00000000 08:01 398951                     /home/hewitt/work/DiffTGen-master/lib/myprinter.jar
7fa5531c1000-7fa5531c9000 rw-s 00000000 08:01 158812                     /tmp/hsperfdata_hewitt/50217
7fa5531c9000-7fa5531ca000 rw-p 00000000 00:00 0 
7fa5531ca000-7fa5531cb000 ---p 00000000 00:00 0 
7fa5531cb000-7fa5531cc000 r--p 00025000 08:01 658775                     /lib/x86_64-linux-gnu/ld-2.23.so
7fa5531cc000-7fa5531cd000 rw-p 00026000 08:01 658775                     /lib/x86_64-linux-gnu/ld-2.23.so
7fa5531cd000-7fa5531ce000 rw-p 00000000 00:00 0 
7ffcd52e3000-7ffcd5305000 rw-p 00000000 00:00 0                          [stack]
7ffcd5397000-7ffcd539a000 r--p 00000000 00:00 0                          [vvar]
7ffcd539a000-7ffcd539c000 r-xp 00000000 00:00 0                          [vdso]
ffffffffff600000-ffffffffff601000 r-xp 00000000 00:00 0                  [vsyscall]

VM Arguments:
java_command: /home/hewitt/work/DiffTGen-master/lib/evosuite-1.0.6.jar -base_dir /home/hewitt/work/DiffTGen-master/output/patch1-Math-80-SOFix/Math_80_1_sofix/target/0/19 -projectCP /home/hewitt/work/DiffTGen-master/output/patch1-Math-80-SOFix/Math_80_1_sofix/target/build/classes/all0.jar:/home/hewitt/work/DiffTGen-master/lib/myprinter.jar:/home/hewitt/work/DiffTGen-master/lib/commons-lang3-3.5.jar -class org.apache.commons.math.linear.EigenDecompositionImpl -Dassertions=false -Dsearch_budget=60
java_class_path (initial): /home/hewitt/work/DiffTGen-master/lib/evosuite-1.0.6.jar
Launcher Type: SUN_STANDARD

Environment Variables:
JAVA_HOME=/usr/lib/jdk/jdk1.8.0_201
JRE_HOME=/usr/lib/jdk/jdk1.8.0_201/jre
CLASSPATH=.:/usr/lib/jdk/jdk1.8.0_201/lib:/usr/lib/jdk/jdk1.8.0_201/jre/lib
PATH=/usr/lib/jdk/jdk1.8.0_201/bin:/home/hewitt/bin:/home/hewitt/.local/bin:/usr/lib/jdk/jdk1.7.0_80/bin:/usr/local/sbin:/usr/local/bin:/usr/sbin:/usr/bin:/sbin:/bin:/usr/games:/usr/local/games:/snap/bin:/home/hewitt/work/defects4j_v1.4.0/defects4j/framework/bin:/opt/apache-ant-1.9.14/bin:/home/hewitt/work/defects4j_v1.4.0/defects4j/framework/bin
SHELL=/bin/bash
DISPLAY=:0

Signal Handlers:
SIGSEGV: [libjvm.so+0xad3e60], sa_mask[0]=11111111011111111101111111111110, sa_flags=SA_RESTART|SA_SIGINFO
SIGBUS: [libjvm.so+0xad3e60], sa_mask[0]=11111111011111111101111111111110, sa_flags=SA_RESTART|SA_SIGINFO
SIGFPE: [libjvm.so+0x90b880], sa_mask[0]=11111111011111111101111111111110, sa_flags=SA_RESTART|SA_SIGINFO
SIGPIPE: [libjvm.so+0x90b880], sa_mask[0]=11111111011111111101111111111110, sa_flags=SA_RESTART|SA_SIGINFO
SIGXFSZ: [libjvm.so+0x90b880], sa_mask[0]=11111111011111111101111111111110, sa_flags=SA_RESTART|SA_SIGINFO
SIGILL: [libjvm.so+0x90b880], sa_mask[0]=11111111011111111101111111111110, sa_flags=SA_RESTART|SA_SIGINFO
SIGUSR1: SIG_DFL, sa_mask[0]=00000000000000000000000000000000, sa_flags=none
SIGUSR2: [libjvm.so+0x90b750], sa_mask[0]=00100000000000000000000000000000, sa_flags=SA_RESTART|SA_SIGINFO
SIGHUP: [libjvm.so+0x90bd70], sa_mask[0]=11111111011111111101111111111110, sa_flags=SA_RESTART|SA_SIGINFO
SIGINT: [libjvm.so+0x90bd70], sa_mask[0]=11111111011111111101111111111110, sa_flags=SA_RESTART|SA_SIGINFO
SIGTERM: [libjvm.so+0x90bd70], sa_mask[0]=11111111011111111101111111111110, sa_flags=SA_RESTART|SA_SIGINFO
SIGQUIT: [libjvm.so+0x90bd70], sa_mask[0]=11111111011111111101111111111110, sa_flags=SA_RESTART|SA_SIGINFO


---------------  S Y S T E M  ---------------

OS:DISTRIB_ID=Ubuntu
DISTRIB_RELEASE=16.04
DISTRIB_CODENAME=xenial
DISTRIB_DESCRIPTION="Ubuntu 16.04.6 LTS"

uname:Linux 4.15.0-91-generic #92~16.04.1-Ubuntu SMP Fri Feb 28 14:57:22 UTC 2020 x86_64
libc:glibc 2.23 NPTL 2.23 
rlimit: STACK 8192k, CORE 0k, NPROC 15448, NOFILE 1048576, AS infinity
load average:17.76 13.60 12.53

/proc/meminfo:
MemTotal:        4015928 kB
MemFree:          101532 kB
MemAvailable:      10888 kB
Buffers:             304 kB
Cached:            27432 kB
SwapCached:         5516 kB
Active:          2938424 kB
Inactive:         543884 kB
Active(anon):    2921892 kB
Inactive(anon):   534416 kB
Active(file):      16532 kB
Inactive(file):     9468 kB
Unevictable:          48 kB
Mlocked:              48 kB
SwapTotal:        998396 kB
SwapFree:          10372 kB
Dirty:               164 kB
Writeback:          2188 kB
AnonPages:       3450176 kB
Mapped:            20972 kB
Shmem:               908 kB
Slab:              92820 kB
SReclaimable:      33656 kB
SUnreclaim:        59164 kB
KernelStack:       13840 kB
PageTables:        40532 kB
NFS_Unstable:          0 kB
Bounce:                0 kB
WritebackTmp:          0 kB
CommitLimit:     3006360 kB
Committed_AS:    8228248 kB
VmallocTotal:   34359738367 kB
VmallocUsed:           0 kB
VmallocChunk:          0 kB
HardwareCorrupted:     0 kB
AnonHugePages:         0 kB
ShmemHugePages:        0 kB
ShmemPmdMapped:        0 kB
CmaTotal:              0 kB
CmaFree:               0 kB
HugePages_Total:       0
HugePages_Free:        0
HugePages_Rsvd:        0
HugePages_Surp:        0
Hugepagesize:       2048 kB
DirectMap4k:       98112 kB
DirectMap2M:     4096000 kB
DirectMap1G:     2097152 kB

container (cgroup) information:
container_type: cgroupv1
cpu_cpuset_cpus: 0-3
cpu_memory_nodes: 0
active_processor_count: 4
cpu_quota: -1
cpu_period: 100000
cpu_shares: -1
memory_limit_in_bytes: -1
memory_and_swap_limit_in_bytes: -2
memory_soft_limit_in_bytes: -1
memory_usage_in_bytes: 3566370816
memory_max_usage_in_bytes: 80244736


CPU:total 4 (initial active 4) (2 cores per cpu, 1 threads per core) family 6 model 158 stepping 9, cmov, cx8, fxsr, mmx, sse, sse2, sse3, ssse3, sse4.1, sse4.2, popcnt, avx, avx2, aes, clmul, erms, 3dnowpref, lzcnt, tsc, tscinvbit, bmi1, bmi2, adx

/proc/cpuinfo:
processor	: 0
vendor_id	: GenuineIntel
cpu family	: 6
model		: 158
model name	: Intel(R) Core(TM) i7-7700HQ CPU @ 2.80GHz
stepping	: 9
microcode	: 0xb4
cpu MHz		: 2808.002
cache size	: 6144 KB
physical id	: 0
siblings	: 2
core id		: 0
cpu cores	: 2
apicid		: 0
initial apicid	: 0
fpu		: yes
fpu_exception	: yes
cpuid level	: 22
wp		: yes
flags		: fpu vme de pse tsc msr pae mce cx8 apic sep mtrr pge mca cmov pat pse36 clflush mmx fxsr sse sse2 ss ht syscall nx pdpe1gb rdtscp lm constant_tsc arch_perfmon nopl xtopology tsc_reliable nonstop_tsc cpuid pni pclmulqdq ssse3 fma cx16 pcid sse4_1 sse4_2 x2apic movbe popcnt tsc_deadline_timer aes xsave avx f16c rdrand hypervisor lahf_lm abm 3dnowprefetch cpuid_fault invpcid_single pti ssbd ibrs ibpb stibp fsgsbase tsc_adjust bmi1 avx2 smep bmi2 invpcid mpx rdseed adx smap clflushopt xsaveopt xsavec xsaves arat md_clear flush_l1d arch_capabilities
bugs		: cpu_meltdown spectre_v1 spectre_v2 spec_store_bypass l1tf mds swapgs itlb_multihit
bogomips	: 5616.00
clflush size	: 64
cache_alignment	: 64
address sizes	: 43 bits physical, 48 bits virtual
power management:

processor	: 1
vendor_id	: GenuineIntel
cpu family	: 6
model		: 158
model name	: Intel(R) Core(TM) i7-7700HQ CPU @ 2.80GHz
stepping	: 9
microcode	: 0xb4
cpu MHz		: 2808.002
cache size	: 6144 KB
physical id	: 0
siblings	: 2
core id		: 1
cpu cores	: 2
apicid		: 1
initial apicid	: 1
fpu		: yes
fpu_exception	: yes
cpuid level	: 22
wp		: yes
flags		: fpu vme de pse tsc msr pae mce cx8 apic sep mtrr pge mca cmov pat pse36 clflush mmx fxsr sse sse2 ss ht syscall nx pdpe1gb rdtscp lm constant_tsc arch_perfmon nopl xtopology tsc_reliable nonstop_tsc cpuid pni pclmulqdq ssse3 fma cx16 pcid sse4_1 sse4_2 x2apic movbe popcnt tsc_deadline_timer aes xsave avx f16c rdrand hypervisor lahf_lm abm 3dnowprefetch cpuid_fault invpcid_single pti ssbd ibrs ibpb stibp fsgsbase tsc_adjust bmi1 avx2 smep bmi2 invpcid mpx rdseed adx smap clflushopt xsaveopt xsavec xsaves arat md_clear flush_l1d arch_capabilities
bugs		: cpu_meltdown spectre_v1 spectre_v2 spec_store_bypass l1tf mds swapgs itlb_multihit
bogomips	: 5616.00
clflush size	: 64
cache_alignment	: 64
address sizes	: 43 bits physical, 48 bits virtual
power management:

processor	: 2
vendor_id	: GenuineIntel
cpu family	: 6
model		: 158
model name	: Intel(R) Core(TM) i7-7700HQ CPU @ 2.80GHz
stepping	: 9
microcode	: 0xb4
cpu MHz		: 2808.002
cache size	: 6144 KB
physical id	: 1
siblings	: 2
core id		: 0
cpu cores	: 2
apicid		: 2
initial apicid	: 2
fpu		: yes
fpu_exception	: yes
cpuid level	: 22
wp		: yes
flags		: fpu vme de pse tsc msr pae mce cx8 apic sep mtrr pge mca cmov pat pse36 clflush mmx fxsr sse sse2 ss ht syscall nx pdpe1gb rdtscp lm constant_tsc arch_perfmon nopl xtopology tsc_reliable nonstop_tsc cpuid pni pclmulqdq ssse3 fma cx16 pcid sse4_1 sse4_2 x2apic movbe popcnt tsc_deadline_timer aes xsave avx f16c rdrand hypervisor lahf_lm abm 3dnowprefetch cpuid_fault invpcid_single pti ssbd ibrs ibpb stibp fsgsbase tsc_adjust bmi1 avx2 smep bmi2 invpcid mpx rdseed adx smap clflushopt xsaveopt xsavec xsaves arat md_clear flush_l1d arch_capabilities
bugs		: cpu_meltdown spectre_v1 spectre_v2 spec_store_bypass l1tf mds swapgs itlb_multihit
bogomips	: 5616.00
clflush size	: 64
cache_alignment	: 64
address sizes	: 43 bits physical, 48 bits virtual
power management:

processor	: 3
vendor_id	: GenuineIntel
cpu family	: 6
model		: 158
model name	: Intel(R) Core(TM) i7-7700HQ CPU @ 2.80GHz
stepping	: 9
microcode	: 0xb4
cpu MHz		: 2808.002
cache size	: 6144 KB
physical id	: 1
siblings	: 2
core id		: 1
cpu cores	: 2
apicid		: 3
initial apicid	: 3
fpu		: yes
fpu_exception	: yes
cpuid level	: 22
wp		: yes
flags		: fpu vme de pse tsc msr pae mce cx8 apic sep mtrr pge mca cmov pat pse36 clflush mmx fxsr sse sse2 ss ht syscall nx pdpe1gb rdtscp lm constant_tsc arch_perfmon nopl xtopology tsc_reliable nonstop_tsc cpuid pni pclmulqdq ssse3 fma cx16 pcid sse4_1 sse4_2 x2apic movbe popcnt tsc_deadline_timer aes xsave avx f16c rdrand hypervisor lahf_lm abm 3dnowprefetch cpuid_fault invpcid_single pti ssbd ibrs ibpb stibp fsgsbase tsc_adjust bmi1 avx2 smep bmi2 invpcid mpx rdseed adx smap clflushopt xsaveopt xsavec xsaves arat md_clear flush_l1d arch_capabilities
bugs		: cpu_meltdown spectre_v1 spectre_v2 spec_store_bypass l1tf mds swapgs itlb_multihit
bogomips	: 5616.00
clflush size	: 64
cache_alignment	: 64
address sizes	: 43 bits physical, 48 bits virtual
power management:



Memory: 4k page, physical 4015928k(100912k free), swap 998396k(10372k free)

vm_info: Java HotSpot(TM) 64-Bit Server VM (25.201-b09) for linux-amd64 JRE (1.8.0_201-b09), built on Dec 15 2018 11:35:59 by "java_re" with gcc 7.3.0

time: Sun Mar 29 16:36:08 2020
timezone: CST
elapsed time: 35 seconds (0d 0h 0m 35s)

