#
# There is insufficient memory for the Java Runtime Environment to continue.
# Native memory allocation (mmap) failed to map 15204352 bytes for committing reserved memory.
# Possible reasons:
#   The system is out of physical RAM or swap space
#   The process is running with CompressedOops enabled, and the Java Heap may be blocking the growth of the native heap
# Possible solutions:
#   Reduce memory load on the system
#   Increase physical memory or swap space
#   Check if swap backing store is full
#   Decrease Java heap size (-Xmx/-Xms)
#   Decrease number of Java threads
#   Decrease Java thread stack sizes (-Xss)
#   Set larger code cache with -XX:ReservedCodeCacheSize=
#   JVM is running with Unscaled Compressed Oops mode in which the Java heap is
#     placed in the first 4GB address space. The Java Heap base address is the
#     maximum limit for the native heap growth. Please use -XX:HeapBaseMinAddress
#     to set the Java Heap base and to place the Java Heap above 4GB virtual address.
# This output file may be truncated or incomplete.
#
#  Out of Memory Error (os_linux.cpp:2749), pid=42512, tid=0x00007feaec67b700
#
# JRE version: Java(TM) SE Runtime Environment (8.0_201-b09) (build 1.8.0_201-b09)
# Java VM: Java HotSpot(TM) 64-Bit Server VM (25.201-b09 mixed mode linux-amd64 compressed oops)
# Failed to write core dump. Core dumps have been disabled. To enable core dumping, try "ulimit -c unlimited" before starting Java again
#

---------------  T H R E A D  ---------------

Current thread (0x00007feb04140000):  VMThread [stack: 0x00007feaec57b000,0x00007feaec67c000] [id=42559]

Stack: [0x00007feaec57b000,0x00007feaec67c000],  sp=0x00007feaec67a450,  free space=1021k
Native frames: (J=compiled Java code, j=interpreted, Vv=VM code, C=native code)
V  [libjvm.so+0xad3525]  VMError::report_and_die()+0x2e5
V  [libjvm.so+0x4e0457]  report_vm_out_of_memory(char const*, int, unsigned long, VMErrorType, char const*)+0x67
V  [libjvm.so+0x9102f0]  os::pd_commit_memory(char*, unsigned long, unsigned long, bool)+0x100
V  [libjvm.so+0x90791f]  os::commit_memory(char*, unsigned long, unsigned long, bool)+0x1f
V  [libjvm.so+0x98c806]  PSVirtualSpace::expand_by(unsigned long)+0x56
V  [libjvm.so+0x98da98]  PSYoungGen::resize(unsigned long, unsigned long)+0xd8
V  [libjvm.so+0x98a236]  PSScavenge::invoke_no_policy()+0x1376
V  [libjvm.so+0x98a5cc]  PSScavenge::invoke()+0x4c
V  [libjvm.so+0x93a318]  ParallelScavengeHeap::failed_mem_allocate(unsigned long)+0x68
V  [libjvm.so+0xad5073]  VM_ParallelGCFailedAllocation::doit()+0x93
V  [libjvm.so+0xada296]  VM_Operation::evaluate()+0x46
V  [libjvm.so+0xad85cd]  VMThread::evaluate_operation(VM_Operation*) [clone .constprop.44]+0xcd
V  [libjvm.so+0xad8bb3]  VMThread::loop()+0x3a3
V  [libjvm.so+0xad8f88]  VMThread::run()+0x78
V  [libjvm.so+0x90d922]  java_start(Thread*)+0x102

VM_Operation (0x00007feae5ce1870): ParallelGCFailedAllocation, mode: safepoint, requested by thread 0x00007feaa4001000


---------------  P R O C E S S  ---------------

Java Threads: ( => current thread )
  0x00007feaa4002800 JavaThread "RMI TCP Connection(3)-127.0.0.1" daemon [_thread_blocked, id=42928, stack(0x00007feae5ae3000,0x00007feae5be4000)]
  0x00007feaa4001000 JavaThread "RMI TCP Connection(4)-127.0.0.1" daemon [_thread_blocked, id=42924, stack(0x00007feae5be4000,0x00007feae5ce5000)]
  0x00007fea7c050000 JavaThread "RMI Scheduler(0)" daemon [_thread_blocked, id=42911, stack(0x00007feae5ce5000,0x00007feae5de6000)]
  0x00007fea7c048800 JavaThread "RMI RenewClean-[127.0.0.1:21508]" daemon [_thread_blocked, id=42904, stack(0x00007feae5de6000,0x00007feae5ee7000)]
  0x00007feaa0001000 JavaThread "RMI TCP Connection(idle)" daemon [_thread_blocked, id=42900, stack(0x00007feae5ee7000,0x00007feae5fe8000)]
  0x00007fea90005000 JavaThread "pool-3-thread-3" [_thread_in_native, id=42854, stack(0x00007feae5fe8000,0x00007feae60e9000)]
  0x00007fea90003000 JavaThread "pool-3-thread-2" [_thread_in_native, id=42853, stack(0x00007feae60e9000,0x00007feae61ea000)]
  0x00007fea90002000 JavaThread "pool-3-thread-1" [_thread_in_native, id=42851, stack(0x00007feae61ea000,0x00007feae62eb000)]
  0x00007feb04200000 JavaThread "Thread-3" [_thread_in_native, id=42683, stack(0x00007feae62eb000,0x00007feae63ec000)]
  0x00007feb041fe000 JavaThread "Thread-2" [_thread_in_native, id=42675, stack(0x00007feae63ec000,0x00007feae64ed000)]
  0x00007feb041fc800 JavaThread "process reaper" daemon [_thread_in_native, id=42672, stack(0x00007feb08038000,0x00007feb08071000)]
  0x00007feb043b8800 JavaThread "pool-2-thread-1" [_thread_in_native, id=42660, stack(0x00007feae64ed000,0x00007feae65ee000)]
  0x00007feb043b6800 JavaThread "GC Daemon" daemon [_thread_blocked, id=42659, stack(0x00007feae65ee000,0x00007feae66ef000)]
  0x00007feb043b3800 JavaThread "RMI Reaper" [_thread_blocked, id=42658, stack(0x00007feae66ef000,0x00007feae67f0000)]
  0x00007feb043aa800 JavaThread "RMI TCP Accept-9048" daemon [_thread_in_native, id=42657, stack(0x00007feae67f0000,0x00007feae68f1000)]
  0x00007feb043a5800 JavaThread "RMI TCP Accept-12866" daemon [_thread_in_native, id=42652, stack(0x00007feae68f1000,0x00007feae69f2000)]
  0x00007feb042e2000 JavaThread "logback-3" daemon [_thread_blocked, id=42637, stack(0x00007feae6bf2000,0x00007feae6cf3000)]
  0x00007feb042de800 JavaThread "logback-2" daemon [_thread_blocked, id=42635, stack(0x00007feae6cf3000,0x00007feae6df4000)]
  0x00007feb042dc800 JavaThread "logback-1" daemon [_thread_blocked, id=42632, stack(0x00007feae6df4000,0x00007feae6ef5000)]
  0x00007feb04188800 JavaThread "Service Thread" daemon [_thread_blocked, id=42614, stack(0x00007feae743f000,0x00007feae7540000)]
  0x00007feb04186000 JavaThread "C1 CompilerThread2" daemon [_thread_blocked, id=42607, stack(0x00007feae7540000,0x00007feae7641000)]
  0x00007feb04184800 JavaThread "C2 CompilerThread1" daemon [_thread_in_native, id=42602, stack(0x00007feaec076000,0x00007feaec177000)]
  0x00007feb04181800 JavaThread "C2 CompilerThread0" daemon [_thread_in_native, id=42587, stack(0x00007feaec177000,0x00007feaec278000)]
  0x00007feb04180000 JavaThread "Signal Dispatcher" daemon [_thread_blocked, id=42580, stack(0x00007feaec278000,0x00007feaec379000)]
  0x00007feb0414c000 JavaThread "Finalizer" daemon [_thread_blocked, id=42571, stack(0x00007feaec379000,0x00007feaec47a000)]
  0x00007feb04149800 JavaThread "Reference Handler" daemon [_thread_blocked, id=42562, stack(0x00007feaec47a000,0x00007feaec57b000)]
  0x00007feb0400a800 JavaThread "main" [_thread_in_native, id=42521, stack(0x00007feb0ab58000,0x00007feb0ac59000)]

Other Threads:
=>0x00007feb04140000 VMThread [stack: 0x00007feaec57b000,0x00007feaec67c000] [id=42559]
  0x00007feb0418b800 WatcherThread [stack: 0x00007feae733e000,0x00007feae743f000] [id=42620]

VM state:at safepoint (normal execution)

VM Mutex/Monitor currently owned by a thread:  ([mutex/lock_event])
[0x00007feb04007070] Threads_lock - owner thread: 0x00007feb04140000
[0x00007feb04007570] Heap_lock - owner thread: 0x00007feaa4001000

heap address: 0x00000000c2a00000, size: 982 MB, Compressed Oops mode: 32-bit
Narrow klass base: 0x0000000000000000, Narrow klass shift: 3
Compressed class space size: 1073741824 Address: 0x0000000100000000

Heap:
 PSYoungGen      total 57344K, used 4788K [0x00000000eb900000, 0x00000000f0680000, 0x0000000100000000)
  eden space 52224K, 0% used [0x00000000eb900000,0x00000000eb900000,0x00000000eec00000)
  from space 5120K, 93% used [0x00000000f0180000,0x00000000f062d350,0x00000000f0680000)
  to   space 5120K, 0% used [0x00000000eec00000,0x00000000eec00000,0x00000000ef100000)
 ParOldGen       total 42496K, used 17773K [0x00000000c2a00000, 0x00000000c5380000, 0x00000000eb900000)
  object space 42496K, 41% used [0x00000000c2a00000,0x00000000c3b5b5a0,0x00000000c5380000)
 Metaspace       used 14731K, capacity 15252K, committed 15360K, reserved 1062912K
  class space    used 1632K, capacity 1737K, committed 1792K, reserved 1048576K

Card table byte_map: [0x00007feaf4626000,0x00007feaf4812000] byte_map_base: 0x00007feaf4011000

Marking Bits: (ParMarkBitMap*) 0x00007feb0a02fd80
 Begin Bits: [0x00007feaee150000, 0x00007feaef0a8000)
 End Bits:   [0x00007feaef0a8000, 0x00007feaf0000000)

Polling page: 0x00007feb0ac74000

CodeCache: size=245760Kb used=7072Kb max_used=7072Kb free=238687Kb
 bounds [0x00007feaf4bd2000, 0x00007feaf52c2000, 0x00007feb03bd2000]
 total_blobs=2314 nmethods=1956 adapters=271
 compilation: enabled

Compilation events (10 events):
Event: 62.841 Thread 0x00007feb04186000 2040       3       java.io.ObjectInputStream::defaultReadFields (199 bytes)
Event: 62.842 Thread 0x00007feb04186000 nmethod 2040 0x00007feaf52b72d0 code [0x00007feaf52b7500, 0x00007feaf52b80a8]
Event: 62.843 Thread 0x00007feb04186000 2041       2       java.io.BufferedInputStream::fill (233 bytes)
Event: 62.850 Thread 0x00007feb04186000 nmethod 2041 0x00007feaf52b8790 code [0x00007feaf52b8980, 0x00007feaf52b9178]
Event: 63.022 Thread 0x00007feb04186000 2044       2       java.net.SocketInputStream::read (15 bytes)
Event: 63.038 Thread 0x00007feb04186000 nmethod 2044 0x00007feaf52b9510 code [0x00007feaf52b9680, 0x00007feaf52b9808]
Event: 63.038 Thread 0x00007feb04186000 2045   !   2       java.net.SocketInputStream::read (328 bytes)
Event: 63.041 Thread 0x00007feb04186000 nmethod 2045 0x00007feaf52b98d0 code [0x00007feaf52b9be0, 0x00007feaf52bb2b8]
Event: 63.041 Thread 0x00007feb04186000 2046       2       java.net.SocketInputStream::socketRead (12 bytes)
Event: 63.041 Thread 0x00007feb04186000 nmethod 2046 0x00007feaf52bc350 code [0x00007feaf52bc4c0, 0x00007feaf52bc628]

GC Heap History (10 events):
Event: 57.508 GC heap after
Heap after GC invocations=8 (full 1):
 PSYoungGen      total 18432K, used 3576K [0x00000000eb900000, 0x00000000edd00000, 0x0000000100000000)
  eden space 13312K, 0% used [0x00000000eb900000,0x00000000eb900000,0x00000000ec600000)
  from space 5120K, 69% used [0x00000000ec600000,0x00000000ec97e010,0x00000000ecb00000)
  to   space 5120K, 0% used [0x00000000ed800000,0x00000000ed800000,0x00000000edd00000)
 ParOldGen       total 42496K, used 7926K [0x00000000c2a00000, 0x00000000c5380000, 0x00000000eb900000)
  object space 42496K, 18% used [0x00000000c2a00000,0x00000000c31bd928,0x00000000c5380000)
 Metaspace       used 13828K, capacity 14194K, committed 14336K, reserved 1062912K
  class space    used 1587K, capacity 1705K, committed 1792K, reserved 1048576K
}
Event: 57.923 GC heap before
{Heap before GC invocations=9 (full 1):
 PSYoungGen      total 18432K, used 16888K [0x00000000eb900000, 0x00000000edd00000, 0x0000000100000000)
  eden space 13312K, 100% used [0x00000000eb900000,0x00000000ec600000,0x00000000ec600000)
  from space 5120K, 69% used [0x00000000ec600000,0x00000000ec97e010,0x00000000ecb00000)
  to   space 5120K, 0% used [0x00000000ed800000,0x00000000ed800000,0x00000000edd00000)
 ParOldGen       total 42496K, used 7926K [0x00000000c2a00000, 0x00000000c5380000, 0x00000000eb900000)
  object space 42496K, 18% used [0x00000000c2a00000,0x00000000c31bd928,0x00000000c5380000)
 Metaspace       used 13848K, capacity 14194K, committed 14336K, reserved 1062912K
  class space    used 1587K, capacity 1705K, committed 1792K, reserved 1048576K
Event: 57.943 GC heap after
Heap after GC invocations=9 (full 1):
 PSYoungGen      total 31744K, used 3072K [0x00000000eb900000, 0x00000000edd00000, 0x0000000100000000)
  eden space 26624K, 0% used [0x00000000eb900000,0x00000000eb900000,0x00000000ed300000)
  from space 5120K, 60% used [0x00000000ed800000,0x00000000edb00010,0x00000000edd00000)
  to   space 5120K, 0% used [0x00000000ed300000,0x00000000ed300000,0x00000000ed800000)
 ParOldGen       total 42496K, used 8988K [0x00000000c2a00000, 0x00000000c5380000, 0x00000000eb900000)
  object space 42496K, 21% used [0x00000000c2a00000,0x00000000c32c7178,0x00000000c5380000)
 Metaspace       used 13848K, capacity 14194K, committed 14336K, reserved 1062912K
  class space    used 1587K, capacity 1705K, committed 1792K, reserved 1048576K
}
Event: 58.712 GC heap before
{Heap before GC invocations=10 (full 1):
 PSYoungGen      total 31744K, used 29696K [0x00000000eb900000, 0x00000000edd00000, 0x0000000100000000)
  eden space 26624K, 100% used [0x00000000eb900000,0x00000000ed300000,0x00000000ed300000)
  from space 5120K, 60% used [0x00000000ed800000,0x00000000edb00010,0x00000000edd00000)
  to   space 5120K, 0% used [0x00000000ed300000,0x00000000ed300000,0x00000000ed800000)
 ParOldGen       total 42496K, used 8988K [0x00000000c2a00000, 0x00000000c5380000, 0x00000000eb900000)
  object space 42496K, 21% used [0x00000000c2a00000,0x00000000c32c7178,0x00000000c5380000)
 Metaspace       used 13905K, capacity 14258K, committed 14592K, reserved 1062912K
  class space    used 1587K, capacity 1705K, committed 1792K, reserved 1048576K
Event: 58.732 GC heap after
Heap after GC invocations=10 (full 1):
 PSYoungGen      total 31744K, used 3808K [0x00000000eb900000, 0x00000000ef700000, 0x0000000100000000)
  eden space 26624K, 0% used [0x00000000eb900000,0x00000000eb900000,0x00000000ed300000)
  from space 5120K, 74% used [0x00000000ed300000,0x00000000ed6b80a0,0x00000000ed800000)
  to   space 5120K, 0% used [0x00000000ef200000,0x00000000ef200000,0x00000000ef700000)
 ParOldGen       total 42496K, used 9868K [0x00000000c2a00000, 0x00000000c5380000, 0x00000000eb900000)
  object space 42496K, 23% used [0x00000000c2a00000,0x00000000c33a3178,0x00000000c5380000)
 Metaspace       used 13905K, capacity 14258K, committed 14592K, reserved 1062912K
  class space    used 1587K, capacity 1705K, committed 1792K, reserved 1048576K
}
Event: 59.418 GC heap before
{Heap before GC invocations=11 (full 1):
 PSYoungGen      total 31744K, used 30432K [0x00000000eb900000, 0x00000000ef700000, 0x0000000100000000)
  eden space 26624K, 100% used [0x00000000eb900000,0x00000000ed300000,0x00000000ed300000)
  from space 5120K, 74% used [0x00000000ed300000,0x00000000ed6b80a0,0x00000000ed800000)
  to   space 5120K, 0% used [0x00000000ef200000,0x00000000ef200000,0x00000000ef700000)
 ParOldGen       total 42496K, used 9868K [0x00000000c2a00000, 0x00000000c5380000, 0x00000000eb900000)
  object space 42496K, 23% used [0x00000000c2a00000,0x00000000c33a3178,0x00000000c5380000)
 Metaspace       used 13941K, capacity 14322K, committed 14592K, reserved 1062912K
  class space    used 1588K, capacity 1705K, committed 1792K, reserved 1048576K
Event: 59.443 GC heap after
Heap after GC invocations=11 (full 1):
 PSYoungGen      total 47104K, used 4048K [0x00000000eb900000, 0x00000000ef600000, 0x0000000100000000)
  eden space 43008K, 0% used [0x00000000eb900000,0x00000000eb900000,0x00000000ee300000)
  from space 4096K, 98% used [0x00000000ef200000,0x00000000ef5f41c0,0x00000000ef600000)
  to   space 5120K, 0% used [0x00000000eec00000,0x00000000eec00000,0x00000000ef100000)
 ParOldGen       total 42496K, used 11448K [0x00000000c2a00000, 0x00000000c5380000, 0x00000000eb900000)
  object space 42496K, 26% used [0x00000000c2a00000,0x00000000c352e188,0x00000000c5380000)
 Metaspace       used 13941K, capacity 14322K, committed 14592K, reserved 1062912K
  class space    used 1588K, capacity 1705K, committed 1792K, reserved 1048576K
}
Event: 60.459 GC heap before
{Heap before GC invocations=12 (full 1):
 PSYoungGen      total 47104K, used 47056K [0x00000000eb900000, 0x00000000ef600000, 0x0000000100000000)
  eden space 43008K, 100% used [0x00000000eb900000,0x00000000ee300000,0x00000000ee300000)
  from space 4096K, 98% used [0x00000000ef200000,0x00000000ef5f41c0,0x00000000ef600000)
  to   space 5120K, 0% used [0x00000000eec00000,0x00000000eec00000,0x00000000ef100000)
 ParOldGen       total 42496K, used 11448K [0x00000000c2a00000, 0x00000000c5380000, 0x00000000eb900000)
  object space 42496K, 26% used [0x00000000c2a00000,0x00000000c352e188,0x00000000c5380000)
 Metaspace       used 13969K, capacity 14386K, committed 14592K, reserved 1062912K
  class space    used 1588K, capacity 1705K, committed 1792K, reserved 1048576K
Event: 60.479 GC heap after
Heap after GC invocations=12 (full 1):
 PSYoungGen      total 57344K, used 4216K [0x00000000eb900000, 0x00000000f0680000, 0x0000000100000000)
  eden space 52224K, 0% used [0x00000000eb900000,0x00000000eb900000,0x00000000eec00000)
  from space 5120K, 82% used [0x00000000eec00000,0x00000000ef01e1b8,0x00000000ef100000)
  to   space 5120K, 0% used [0x00000000f0180000,0x00000000f0180000,0x00000000f0680000)
 ParOldGen       total 42496K, used 13591K [0x00000000c2a00000, 0x00000000c5380000, 0x00000000eb900000)
  object space 42496K, 31% used [0x00000000c2a00000,0x00000000c3745ee8,0x00000000c5380000)
 Metaspace       used 13969K, capacity 14386K, committed 14592K, reserved 1062912K
  class space    used 1588K, capacity 1705K, committed 1792K, reserved 1048576K
}
Event: 63.242 GC heap before
{Heap before GC invocations=13 (full 1):
 PSYoungGen      total 57344K, used 56440K [0x00000000eb900000, 0x00000000f0680000, 0x0000000100000000)
  eden space 52224K, 100% used [0x00000000eb900000,0x00000000eec00000,0x00000000eec00000)
  from space 5120K, 82% used [0x00000000eec00000,0x00000000ef01e1b8,0x00000000ef100000)
  to   space 5120K, 0% used [0x00000000f0180000,0x00000000f0180000,0x00000000f0680000)
 ParOldGen       total 42496K, used 13591K [0x00000000c2a00000, 0x00000000c5380000, 0x00000000eb900000)
  object space 42496K, 31% used [0x00000000c2a00000,0x00000000c3745ee8,0x00000000c5380000)
 Metaspace       used 14731K, capacity 15252K, committed 15360K, reserved 1062912K
  class space    used 1632K, capacity 1737K, committed 1792K, reserved 1048576K

Deoptimization events (10 events):
Event: 59.322 Thread 0x00007feaa4002800 Uncommon trap: reason=unstable_if action=reinterpret pc=0x00007feaf514a4e4 method=org.evosuite.shaded.org.objectweb.asm.Frame.merge(Lorg/evosuite/shaded/org/objectweb/asm/ClassWriter;Lorg/evosuite/shaded/org/objectweb/asm/Frame;I)Z @ 237
Event: 59.357 Thread 0x00007feaa4002800 Uncommon trap: reason=unstable_if action=reinterpret pc=0x00007feaf50a7094 method=java.util.HashMap.putVal(ILjava/lang/Object;Ljava/lang/Object;ZZ)Ljava/lang/Object; @ 162
Event: 60.772 Thread 0x00007feaa4002800 Uncommon trap: reason=unstable_if action=reinterpret pc=0x00007feaf5210914 method=org.evosuite.graphs.cfg.BytecodeInstruction.getASMNodeString()Ljava/lang/String; @ 671
Event: 61.366 Thread 0x00007feaa4002800 Uncommon trap: reason=predicate action=maybe_recompile pc=0x00007feaf5221864 method=java.util.ArrayList.indexOf(Ljava/lang/Object;)I @ 44
Event: 61.368 Thread 0x00007feaa4002800 Uncommon trap: reason=unstable_if action=reinterpret pc=0x00007feaf4fd2294 method=java.io.ObjectInputStream$HandleTable.finish(I)V @ 4
Event: 61.642 Thread 0x00007feaa4002800 Uncommon trap: reason=uninitialized action=reinterpret pc=0x00007feaf4fb6ee0 method=java.io.ObjectInputStream$HandleTable.markDependency(II)V @ 110
Event: 62.084 Thread 0x00007feaa4002800 Uncommon trap: reason=bimorphic action=maybe_recompile pc=0x00007feaf502aab0 method=java.util.Collections$UnmodifiableCollection$1.next()Ljava/lang/Object; @ 4
Event: 62.084 Thread 0x00007feaa4002800 Uncommon trap: reason=bimorphic action=maybe_recompile pc=0x00007feaf502aab0 method=java.util.Collections$UnmodifiableCollection$1.next()Ljava/lang/Object; @ 4
Event: 62.084 Thread 0x00007feaa4002800 Uncommon trap: reason=bimorphic action=maybe_recompile pc=0x00007feaf502aab0 method=java.util.Collections$UnmodifiableCollection$1.next()Ljava/lang/Object; @ 4
Event: 62.119 Thread 0x00007feaa4002800 Uncommon trap: reason=bimorphic action=maybe_recompile pc=0x00007feaf502aab0 method=java.util.Collections$UnmodifiableCollection$1.next()Ljava/lang/Object; @ 4

Classes redefined (0 events):
No events

Internal exceptions (10 events):
Event: 47.789 Thread 0x00007feaa4002800 Implicit null exception at 0x00007feaf4f5637c to 0x00007feaf4f5665d
Event: 48.308 Thread 0x00007feaa4002800 Implicit null exception at 0x00007feaf4f77d7d to 0x00007feaf4f789f9
Event: 48.606 Thread 0x00007feaa4002800 Exception <a 'java/lang/NoSuchMethodError': <clinit>> (0x00000000ec2d6c48) thrown at [/HUDSON/workspace/8-2-build-linux-amd64/jdk8u201/12317/hotspot/src/share/vm/prims/jni.cpp, line 1613]
Event: 51.876 Thread 0x00007feb042de800 Exception <a 'java/net/ConnectException'> (0x00000000ebb69b20) thrown at [/HUDSON/workspace/8-2-build-linux-amd64/jdk8u201/12317/hotspot/src/share/vm/prims/jni.cpp, line 709]
Event: 51.880 Thread 0x00007feb042e2000 Exception <a 'java/net/ConnectException'> (0x00000000ebb916c8) thrown at [/HUDSON/workspace/8-2-build-linux-amd64/jdk8u201/12317/hotspot/src/share/vm/prims/jni.cpp, line 709]
Event: 51.876 Thread 0x00007feb042dc800 Exception <a 'java/net/ConnectException'> (0x00000000ebb420b0) thrown at [/HUDSON/workspace/8-2-build-linux-amd64/jdk8u201/12317/hotspot/src/share/vm/prims/jni.cpp, line 709]
Event: 53.820 Thread 0x00007feaa4002800 Implicit null exception at 0x00007feaf4dbbb76 to 0x00007feaf4dbbf21
Event: 61.885 Thread 0x00007feb042de800 Exception <a 'java/net/ConnectException'> (0x00000000ee4bb058) thrown at [/HUDSON/workspace/8-2-build-linux-amd64/jdk8u201/12317/hotspot/src/share/vm/prims/jni.cpp, line 709]
Event: 61.885 Thread 0x00007feb042e2000 Exception <a 'java/net/ConnectException'> (0x00000000ee50fef8) thrown at [/HUDSON/workspace/8-2-build-linux-amd64/jdk8u201/12317/hotspot/src/share/vm/prims/jni.cpp, line 709]
Event: 61.885 Thread 0x00007feb042dc800 Exception <a 'java/net/ConnectException'> (0x00000000ee564d98) thrown at [/HUDSON/workspace/8-2-build-linux-amd64/jdk8u201/12317/hotspot/src/share/vm/prims/jni.cpp, line 709]

Events (10 events):
Event: 62.542 loading class org/evosuite/testcase/execution/ExecutionTrace done
Event: 62.577 loading class org/evosuite/testcase/execution/ExecutionTraceProxy
Event: 62.577 loading class org/evosuite/testcase/execution/ExecutionTraceProxy done
Event: 62.580 loading class org/evosuite/testcase/execution/ExecutionTraceImpl
Event: 62.580 loading class org/evosuite/testcase/execution/ExecutionTraceImpl done
Event: 62.614 loading class org/evosuite/testcase/execution/MethodCall
Event: 62.614 loading class org/evosuite/testcase/execution/MethodCall done
Event: 62.665 loading class org/evosuite/runtime/System$SystemExitException
Event: 62.665 loading class org/evosuite/runtime/System$SystemExitException done
Event: 63.234 Executing VM operation: ParallelGCFailedAllocation


Dynamic libraries:
00400000-00401000 r-xp 00000000 08:01 654793                             /usr/lib/jdk/jdk1.8.0_201/bin/java
00600000-00601000 r--p 00000000 08:01 654793                             /usr/lib/jdk/jdk1.8.0_201/bin/java
00601000-00602000 rw-p 00001000 08:01 654793                             /usr/lib/jdk/jdk1.8.0_201/bin/java
017cc000-017ed000 rw-p 00000000 00:00 0                                  [heap]
c2a00000-c5380000 rw-p 00000000 00:00 0 
c5380000-eb900000 ---p 00000000 00:00 0 
eb900000-f0680000 rw-p 00000000 00:00 0 
f1500000-100000000 ---p 00000000 00:00 0 
100000000-1001c0000 rw-p 00000000 00:00 0 
1001c0000-140000000 ---p 00000000 00:00 0 
7fea70000000-7fea70021000 rw-p 00000000 00:00 0 
7fea70021000-7fea74000000 ---p 00000000 00:00 0 
7fea74000000-7fea7431c000 rw-p 00000000 00:00 0 
7fea7431c000-7fea78000000 ---p 00000000 00:00 0 
7fea78000000-7fea78027000 rw-p 00000000 00:00 0 
7fea78027000-7fea7c000000 ---p 00000000 00:00 0 
7fea7c000000-7fea7c053000 rw-p 00000000 00:00 0 
7fea7c053000-7fea80000000 ---p 00000000 00:00 0 
7fea80000000-7fea80021000 rw-p 00000000 00:00 0 
7fea80021000-7fea84000000 ---p 00000000 00:00 0 
7fea84000000-7fea84021000 rw-p 00000000 00:00 0 
7fea84021000-7fea88000000 ---p 00000000 00:00 0 
7fea88000000-7fea88021000 rw-p 00000000 00:00 0 
7fea88021000-7fea8c000000 ---p 00000000 00:00 0 
7fea8c000000-7fea8c021000 rw-p 00000000 00:00 0 
7fea8c021000-7fea90000000 ---p 00000000 00:00 0 
7fea90000000-7fea90021000 rw-p 00000000 00:00 0 
7fea90021000-7fea94000000 ---p 00000000 00:00 0 
7fea94000000-7fea94021000 rw-p 00000000 00:00 0 
7fea94021000-7fea98000000 ---p 00000000 00:00 0 
7fea98000000-7fea98021000 rw-p 00000000 00:00 0 
7fea98021000-7fea9c000000 ---p 00000000 00:00 0 
7fea9c000000-7fea9c021000 rw-p 00000000 00:00 0 
7fea9c021000-7feaa0000000 ---p 00000000 00:00 0 
7feaa0000000-7feaa0021000 rw-p 00000000 00:00 0 
7feaa0021000-7feaa4000000 ---p 00000000 00:00 0 
7feaa4000000-7feaa4021000 rw-p 00000000 00:00 0 
7feaa4021000-7feaa8000000 ---p 00000000 00:00 0 
7feaa8000000-7feaa8021000 rw-p 00000000 00:00 0 
7feaa8021000-7feaac000000 ---p 00000000 00:00 0 
7feaac000000-7feaac021000 rw-p 00000000 00:00 0 
7feaac021000-7feab0000000 ---p 00000000 00:00 0 
7feab0000000-7feab0021000 rw-p 00000000 00:00 0 
7feab0021000-7feab4000000 ---p 00000000 00:00 0 
7feab4fff000-7feab8000000 rw-p 00000000 00:00 0 
7feab8000000-7feab8021000 rw-p 00000000 00:00 0 
7feab8021000-7feabc000000 ---p 00000000 00:00 0 
7feabc000000-7feabc021000 rw-p 00000000 00:00 0 
7feabc021000-7feac0000000 ---p 00000000 00:00 0 
7feac0000000-7feac0b6a000 rw-p 00000000 00:00 0 
7feac0b6a000-7feac4000000 ---p 00000000 00:00 0 
7feac4000000-7feac4bf4000 rw-p 00000000 00:00 0 
7feac4bf4000-7feac8000000 ---p 00000000 00:00 0 
7feac8000000-7feac8021000 rw-p 00000000 00:00 0 
7feac8021000-7feacc000000 ---p 00000000 00:00 0 
7feacc000000-7feacc9f9000 rw-p 00000000 00:00 0 
7feacc9f9000-7fead0000000 ---p 00000000 00:00 0 
7fead0000000-7fead0021000 rw-p 00000000 00:00 0 
7fead0021000-7fead4000000 ---p 00000000 00:00 0 
7fead4000000-7fead4021000 rw-p 00000000 00:00 0 
7fead4021000-7fead8000000 ---p 00000000 00:00 0 
7fead8000000-7fead8021000 rw-p 00000000 00:00 0 
7fead8021000-7feadc000000 ---p 00000000 00:00 0 
7feadc000000-7feadc31d000 rw-p 00000000 00:00 0 
7feadc31d000-7feae0000000 ---p 00000000 00:00 0 
7feae0000000-7feae0021000 rw-p 00000000 00:00 0 
7feae0021000-7feae4000000 ---p 00000000 00:00 0 
7feae56e3000-7feae5823000 rw-p 00000000 00:00 0 
7feae5823000-7feae58e3000 ---p 00000000 00:00 0 
7feae58e3000-7feae5ae3000 rw-p 00000000 00:00 0 
7feae5ae3000-7feae5ae6000 ---p 00000000 00:00 0 
7feae5ae6000-7feae5be4000 rw-p 00000000 00:00 0 
7feae5be4000-7feae5be7000 ---p 00000000 00:00 0 
7feae5be7000-7feae5ce5000 rw-p 00000000 00:00 0 
7feae5ce5000-7feae5ce8000 ---p 00000000 00:00 0 
7feae5ce8000-7feae5de6000 rw-p 00000000 00:00 0 
7feae5de6000-7feae5de9000 ---p 00000000 00:00 0 
7feae5de9000-7feae5ee7000 rw-p 00000000 00:00 0 
7feae5ee7000-7feae5eea000 ---p 00000000 00:00 0 
7feae5eea000-7feae5fe8000 rw-p 00000000 00:00 0 
7feae5fe8000-7feae5feb000 ---p 00000000 00:00 0 
7feae5feb000-7feae60e9000 rw-p 00000000 00:00 0 
7feae60e9000-7feae60ec000 ---p 00000000 00:00 0 
7feae60ec000-7feae61ea000 rw-p 00000000 00:00 0 
7feae61ea000-7feae61ed000 ---p 00000000 00:00 0 
7feae61ed000-7feae62eb000 rw-p 00000000 00:00 0 
7feae62eb000-7feae62ee000 ---p 00000000 00:00 0 
7feae62ee000-7feae63ec000 rw-p 00000000 00:00 0 
7feae63ec000-7feae63ef000 ---p 00000000 00:00 0 
7feae63ef000-7feae64ed000 rw-p 00000000 00:00 0 
7feae64ed000-7feae64f0000 ---p 00000000 00:00 0 
7feae64f0000-7feae65ee000 rw-p 00000000 00:00 0 
7feae65ee000-7feae65f1000 ---p 00000000 00:00 0 
7feae65f1000-7feae66ef000 rw-p 00000000 00:00 0 
7feae66ef000-7feae66f2000 ---p 00000000 00:00 0 
7feae66f2000-7feae67f0000 rw-p 00000000 00:00 0 
7feae67f0000-7feae67f3000 ---p 00000000 00:00 0 
7feae67f3000-7feae68f1000 rw-p 00000000 00:00 0 
7feae68f1000-7feae68f4000 ---p 00000000 00:00 0 
7feae68f4000-7feae6bf2000 rw-p 00000000 00:00 0 
7feae6bf2000-7feae6bf5000 ---p 00000000 00:00 0 
7feae6bf5000-7feae6cf3000 rw-p 00000000 00:00 0 
7feae6cf3000-7feae6cf6000 ---p 00000000 00:00 0 
7feae6cf6000-7feae6df4000 rw-p 00000000 00:00 0 
7feae6df4000-7feae6df7000 ---p 00000000 00:00 0 
7feae6df7000-7feae6ef5000 rw-p 00000000 00:00 0 
7feae6ef5000-7feae6f0b000 r-xp 00000000 08:01 656512                     /usr/lib/jdk/jdk1.8.0_201/jre/lib/amd64/libnet.so
7feae6f0b000-7feae710b000 ---p 00016000 08:01 656512                     /usr/lib/jdk/jdk1.8.0_201/jre/lib/amd64/libnet.so
7feae710b000-7feae710c000 r--p 00016000 08:01 656512                     /usr/lib/jdk/jdk1.8.0_201/jre/lib/amd64/libnet.so
7feae710c000-7feae710d000 rw-p 00017000 08:01 656512                     /usr/lib/jdk/jdk1.8.0_201/jre/lib/amd64/libnet.so
7feae710d000-7feae733e000 r--s 01bb1000 08:01 403225                     /home/hewitt/work/DiffTGen-master/lib/evosuite-1.0.6.jar
7feae733e000-7feae733f000 ---p 00000000 00:00 0 
7feae733f000-7feae743f000 rw-p 00000000 00:00 0 
7feae743f000-7feae7442000 ---p 00000000 00:00 0 
7feae7442000-7feae7540000 rw-p 00000000 00:00 0 
7feae7540000-7feae7543000 ---p 00000000 00:00 0 
7feae7543000-7feae7641000 rw-p 00000000 00:00 0 
7feae7641000-7feae8000000 r--p 00000000 08:01 270368                     /usr/lib/locale/locale-archive
7feae8000000-7feae8021000 rw-p 00000000 00:00 0 
7feae8021000-7feaec000000 ---p 00000000 00:00 0 
7feaec076000-7feaec079000 ---p 00000000 00:00 0 
7feaec079000-7feaec177000 rw-p 00000000 00:00 0 
7feaec177000-7feaec17a000 ---p 00000000 00:00 0 
7feaec17a000-7feaec278000 rw-p 00000000 00:00 0 
7feaec278000-7feaec27b000 ---p 00000000 00:00 0 
7feaec27b000-7feaec379000 rw-p 00000000 00:00 0 
7feaec379000-7feaec37c000 ---p 00000000 00:00 0 
7feaec37c000-7feaec47a000 rw-p 00000000 00:00 0 
7feaec47a000-7feaec47d000 ---p 00000000 00:00 0 
7feaec47d000-7feaec57b000 rw-p 00000000 00:00 0 
7feaec57b000-7feaec57c000 ---p 00000000 00:00 0 
7feaec57c000-7feaed58b000 rw-p 00000000 00:00 0 
7feaed58b000-7feaed765000 r--s 03d6f000 08:01 656293                     /usr/lib/jdk/jdk1.8.0_201/jre/lib/rt.jar
7feaed765000-7feaf0000000 rw-p 00000000 00:00 0 
7feaf0000000-7feaf0021000 rw-p 00000000 00:00 0 
7feaf0021000-7feaf4000000 ---p 00000000 00:00 0 
7feaf4061000-7feaf40da000 r--s 010fd000 08:01 654900                     /usr/lib/jdk/jdk1.8.0_201/lib/tools.jar
7feaf40da000-7feaf40db000 ---p 00000000 00:00 0 
7feaf40db000-7feaf41db000 rw-p 00000000 00:00 0 
7feaf41db000-7feaf41dc000 ---p 00000000 00:00 0 
7feaf41dc000-7feaf42dc000 rw-p 00000000 00:00 0 
7feaf42dc000-7feaf42dd000 ---p 00000000 00:00 0 
7feaf42dd000-7feaf43dd000 rw-p 00000000 00:00 0 
7feaf43dd000-7feaf43de000 ---p 00000000 00:00 0 
7feaf43de000-7feaf44f3000 rw-p 00000000 00:00 0 
7feaf44f3000-7feaf4626000 ---p 00000000 00:00 0 
7feaf4626000-7feaf463b000 rw-p 00000000 00:00 0 
7feaf463b000-7feaf476d000 ---p 00000000 00:00 0 
7feaf476d000-7feaf4795000 rw-p 00000000 00:00 0 
7feaf4795000-7feaf4811000 ---p 00000000 00:00 0 
7feaf4811000-7feaf482e000 rw-p 00000000 00:00 0 
7feaf482e000-7feaf4bd2000 ---p 00000000 00:00 0 
7feaf4bd2000-7feaf52c2000 rwxp 00000000 00:00 0 
7feaf52c2000-7feb03bd2000 ---p 00000000 00:00 0 
7feb03bd2000-7feb03bed000 r-xp 00000000 08:01 656508                     /usr/lib/jdk/jdk1.8.0_201/jre/lib/amd64/libzip.so
7feb03bed000-7feb03dec000 ---p 0001b000 08:01 656508                     /usr/lib/jdk/jdk1.8.0_201/jre/lib/amd64/libzip.so
7feb03dec000-7feb03ded000 r--p 0001a000 08:01 656508                     /usr/lib/jdk/jdk1.8.0_201/jre/lib/amd64/libzip.so
7feb03ded000-7feb03dee000 rw-p 0001b000 08:01 656508                     /usr/lib/jdk/jdk1.8.0_201/jre/lib/amd64/libzip.so
7feb03dee000-7feb03df9000 r-xp 00000000 08:01 658902                     /lib/x86_64-linux-gnu/libnss_files-2.23.so
7feb03df9000-7feb03ff8000 ---p 0000b000 08:01 658902                     /lib/x86_64-linux-gnu/libnss_files-2.23.so
7feb03ff8000-7feb03ff9000 r--p 0000a000 08:01 658902                     /lib/x86_64-linux-gnu/libnss_files-2.23.so
7feb03ff9000-7feb03ffa000 rw-p 0000b000 08:01 658902                     /lib/x86_64-linux-gnu/libnss_files-2.23.so
7feb03ffa000-7feb04000000 rw-p 00000000 00:00 0 
7feb04000000-7feb044be000 rw-p 00000000 00:00 0 
7feb044be000-7feb08000000 ---p 00000000 00:00 0 
7feb0801c000-7feb08038000 r--s 00393000 08:01 656354                     /usr/lib/jdk/jdk1.8.0_201/jre/lib/ext/cldrdata.jar
7feb08038000-7feb0803b000 ---p 00000000 00:00 0 
7feb0803b000-7feb080e7000 rw-p 00000000 00:00 0 
7feb080e7000-7feb080f2000 r-xp 00000000 08:01 658912                     /lib/x86_64-linux-gnu/libnss_nis-2.23.so
7feb080f2000-7feb082f1000 ---p 0000b000 08:01 658912                     /lib/x86_64-linux-gnu/libnss_nis-2.23.so
7feb082f1000-7feb082f2000 r--p 0000a000 08:01 658912                     /lib/x86_64-linux-gnu/libnss_nis-2.23.so
7feb082f2000-7feb082f3000 rw-p 0000b000 08:01 658912                     /lib/x86_64-linux-gnu/libnss_nis-2.23.so
7feb082f3000-7feb08309000 r-xp 00000000 08:01 658896                     /lib/x86_64-linux-gnu/libnsl-2.23.so
7feb08309000-7feb08508000 ---p 00016000 08:01 658896                     /lib/x86_64-linux-gnu/libnsl-2.23.so
7feb08508000-7feb08509000 r--p 00015000 08:01 658896                     /lib/x86_64-linux-gnu/libnsl-2.23.so
7feb08509000-7feb0850a000 rw-p 00016000 08:01 658896                     /lib/x86_64-linux-gnu/libnsl-2.23.so
7feb0850a000-7feb0850c000 rw-p 00000000 00:00 0 
7feb0850c000-7feb08514000 r-xp 00000000 08:01 658898                     /lib/x86_64-linux-gnu/libnss_compat-2.23.so
7feb08514000-7feb08713000 ---p 00008000 08:01 658898                     /lib/x86_64-linux-gnu/libnss_compat-2.23.so
7feb08713000-7feb08714000 r--p 00007000 08:01 658898                     /lib/x86_64-linux-gnu/libnss_compat-2.23.so
7feb08714000-7feb08715000 rw-p 00008000 08:01 658898                     /lib/x86_64-linux-gnu/libnss_compat-2.23.so
7feb08715000-7feb08741000 r-xp 00000000 08:01 656502                     /usr/lib/jdk/jdk1.8.0_201/jre/lib/amd64/libjava.so
7feb08741000-7feb08941000 ---p 0002c000 08:01 656502                     /usr/lib/jdk/jdk1.8.0_201/jre/lib/amd64/libjava.so
7feb08941000-7feb08942000 r--p 0002c000 08:01 656502                     /usr/lib/jdk/jdk1.8.0_201/jre/lib/amd64/libjava.so
7feb08942000-7feb08944000 rw-p 0002d000 08:01 656502                     /usr/lib/jdk/jdk1.8.0_201/jre/lib/amd64/libjava.so
7feb08944000-7feb08951000 r-xp 00000000 08:01 656507                     /usr/lib/jdk/jdk1.8.0_201/jre/lib/amd64/libverify.so
7feb08951000-7feb08b50000 ---p 0000d000 08:01 656507                     /usr/lib/jdk/jdk1.8.0_201/jre/lib/amd64/libverify.so
7feb08b50000-7feb08b52000 r--p 0000c000 08:01 656507                     /usr/lib/jdk/jdk1.8.0_201/jre/lib/amd64/libverify.so
7feb08b52000-7feb08b53000 rw-p 0000e000 08:01 656507                     /usr/lib/jdk/jdk1.8.0_201/jre/lib/amd64/libverify.so
7feb08b53000-7feb08b5a000 r-xp 00000000 08:01 658957                     /lib/x86_64-linux-gnu/librt-2.23.so
7feb08b5a000-7feb08d59000 ---p 00007000 08:01 658957                     /lib/x86_64-linux-gnu/librt-2.23.so
7feb08d59000-7feb08d5a000 r--p 00006000 08:01 658957                     /lib/x86_64-linux-gnu/librt-2.23.so
7feb08d5a000-7feb08d5b000 rw-p 00007000 08:01 658957                     /lib/x86_64-linux-gnu/librt-2.23.so
7feb08d5b000-7feb08e63000 r-xp 00000000 08:01 658873                     /lib/x86_64-linux-gnu/libm-2.23.so
7feb08e63000-7feb09062000 ---p 00108000 08:01 658873                     /lib/x86_64-linux-gnu/libm-2.23.so
7feb09062000-7feb09063000 r--p 00107000 08:01 658873                     /lib/x86_64-linux-gnu/libm-2.23.so
7feb09063000-7feb09064000 rw-p 00108000 08:01 658873                     /lib/x86_64-linux-gnu/libm-2.23.so
7feb09064000-7feb09d4c000 r-xp 00000000 08:01 656484                     /usr/lib/jdk/jdk1.8.0_201/jre/lib/amd64/server/libjvm.so
7feb09d4c000-7feb09f4b000 ---p 00ce8000 08:01 656484                     /usr/lib/jdk/jdk1.8.0_201/jre/lib/amd64/server/libjvm.so
7feb09f4b000-7feb09fe1000 r--p 00ce7000 08:01 656484                     /usr/lib/jdk/jdk1.8.0_201/jre/lib/amd64/server/libjvm.so
7feb09fe1000-7feb0a012000 rw-p 00d7d000 08:01 656484                     /usr/lib/jdk/jdk1.8.0_201/jre/lib/amd64/server/libjvm.so
7feb0a012000-7feb0a04d000 rw-p 00000000 00:00 0 
7feb0a04d000-7feb0a20d000 r-xp 00000000 08:01 658803                     /lib/x86_64-linux-gnu/libc-2.23.so
7feb0a20d000-7feb0a40d000 ---p 001c0000 08:01 658803                     /lib/x86_64-linux-gnu/libc-2.23.so
7feb0a40d000-7feb0a411000 r--p 001c0000 08:01 658803                     /lib/x86_64-linux-gnu/libc-2.23.so
7feb0a411000-7feb0a413000 rw-p 001c4000 08:01 658803                     /lib/x86_64-linux-gnu/libc-2.23.so
7feb0a413000-7feb0a417000 rw-p 00000000 00:00 0 
7feb0a417000-7feb0a41a000 r-xp 00000000 08:01 658827                     /lib/x86_64-linux-gnu/libdl-2.23.so
7feb0a41a000-7feb0a619000 ---p 00003000 08:01 658827                     /lib/x86_64-linux-gnu/libdl-2.23.so
7feb0a619000-7feb0a61a000 r--p 00002000 08:01 658827                     /lib/x86_64-linux-gnu/libdl-2.23.so
7feb0a61a000-7feb0a61b000 rw-p 00003000 08:01 658827                     /lib/x86_64-linux-gnu/libdl-2.23.so
7feb0a61b000-7feb0a632000 r-xp 00000000 08:01 656155                     /usr/lib/jdk/jdk1.8.0_201/lib/amd64/jli/libjli.so
7feb0a632000-7feb0a831000 ---p 00017000 08:01 656155                     /usr/lib/jdk/jdk1.8.0_201/lib/amd64/jli/libjli.so
7feb0a831000-7feb0a832000 r--p 00016000 08:01 656155                     /usr/lib/jdk/jdk1.8.0_201/lib/amd64/jli/libjli.so
7feb0a832000-7feb0a833000 rw-p 00017000 08:01 656155                     /usr/lib/jdk/jdk1.8.0_201/lib/amd64/jli/libjli.so
7feb0a833000-7feb0a84b000 r-xp 00000000 08:01 658949                     /lib/x86_64-linux-gnu/libpthread-2.23.so
7feb0a84b000-7feb0aa4a000 ---p 00018000 08:01 658949                     /lib/x86_64-linux-gnu/libpthread-2.23.so
7feb0aa4a000-7feb0aa4b000 r--p 00017000 08:01 658949                     /lib/x86_64-linux-gnu/libpthread-2.23.so
7feb0aa4b000-7feb0aa4c000 rw-p 00018000 08:01 658949                     /lib/x86_64-linux-gnu/libpthread-2.23.so
7feb0aa4c000-7feb0aa50000 rw-p 00000000 00:00 0 
7feb0aa50000-7feb0aa76000 r-xp 00000000 08:01 658775                     /lib/x86_64-linux-gnu/ld-2.23.so
7feb0aa7d000-7feb0aa87000 r--s 00116000 08:01 656361                     /usr/lib/jdk/jdk1.8.0_201/jre/lib/ext/localedata.jar
7feb0aa87000-7feb0aa9a000 r--s 000d2000 08:01 397300                     /home/hewitt/work/DiffTGen-master/output/patch6-Math-63-CapGen-plausible/Math_63_6-plausible_capgen/target/build/classes/all0.jar
7feb0aa9a000-7feb0ab58000 rw-p 00000000 00:00 0 
7feb0ab58000-7feb0ab5b000 ---p 00000000 00:00 0 
7feb0ab5b000-7feb0ac5e000 rw-p 00000000 00:00 0 
7feb0ac5e000-7feb0ac62000 r--s 000a1000 08:01 656350                     /usr/lib/jdk/jdk1.8.0_201/jre/lib/jsse.jar
7feb0ac62000-7feb0ac6a000 r--s 0006e000 08:01 398946                     /home/hewitt/work/DiffTGen-master/lib/commons-lang3-3.5.jar
7feb0ac6a000-7feb0ac6b000 r--s 00000000 08:01 398951                     /home/hewitt/work/DiffTGen-master/lib/myprinter.jar
7feb0ac6b000-7feb0ac73000 rw-s 00000000 08:01 161187                     /tmp/hsperfdata_hewitt/42512
7feb0ac73000-7feb0ac74000 rw-p 00000000 00:00 0 
7feb0ac74000-7feb0ac75000 ---p 00000000 00:00 0 
7feb0ac75000-7feb0ac76000 r--p 00025000 08:01 658775                     /lib/x86_64-linux-gnu/ld-2.23.so
7feb0ac76000-7feb0ac77000 rw-p 00026000 08:01 658775                     /lib/x86_64-linux-gnu/ld-2.23.so
7feb0ac77000-7feb0ac78000 rw-p 00000000 00:00 0 
7ffe8e4a3000-7ffe8e4c5000 rw-p 00000000 00:00 0                          [stack]
7ffe8e54c000-7ffe8e54f000 r--p 00000000 00:00 0                          [vvar]
7ffe8e54f000-7ffe8e551000 r-xp 00000000 00:00 0                          [vdso]
ffffffffff600000-ffffffffff601000 r-xp 00000000 00:00 0                  [vsyscall]

VM Arguments:
java_command: /home/hewitt/work/DiffTGen-master/lib/evosuite-1.0.6.jar -base_dir /home/hewitt/work/DiffTGen-master/output/patch6-Math-63-CapGen-plausible/Math_63_6-plausible_capgen/target/0/20 -projectCP /home/hewitt/work/DiffTGen-master/output/patch6-Math-63-CapGen-plausible/Math_63_6-plausible_capgen/target/build/classes/all0.jar:/home/hewitt/work/DiffTGen-master/lib/myprinter.jar:/home/hewitt/work/DiffTGen-master/lib/commons-lang3-3.5.jar -class org.apache.commons.math.util.MathUtils -Dassertions=false -Dsearch_budget=60
java_class_path (initial): /home/hewitt/work/DiffTGen-master/lib/evosuite-1.0.6.jar
Launcher Type: SUN_STANDARD

Environment Variables:
JAVA_HOME=/usr/lib/jdk/jdk1.8.0_201
JRE_HOME=/usr/lib/jdk/jdk1.8.0_201/jre
CLASSPATH=.:/usr/lib/jdk/jdk1.8.0_201/lib:/usr/lib/jdk/jdk1.8.0_201/jre/lib
PATH=/usr/lib/jdk/jdk1.8.0_201/bin:/home/hewitt/bin:/home/hewitt/.local/bin:/usr/lib/jdk/jdk1.7.0_80/bin:/usr/local/sbin:/usr/local/bin:/usr/sbin:/usr/bin:/sbin:/bin:/usr/games:/usr/local/games:/snap/bin:/home/hewitt/work/defects4j_v1.4.0/defects4j/framework/bin:/opt/apache-ant-1.9.14/bin:/home/hewitt/work/defects4j_v1.4.0/defects4j/framework/bin
SHELL=/bin/bash
DISPLAY=:0

Signal Handlers:
SIGSEGV: [libjvm.so+0xad3e60], sa_mask[0]=11111111011111111101111111111110, sa_flags=SA_RESTART|SA_SIGINFO
SIGBUS: [libjvm.so+0xad3e60], sa_mask[0]=11111111011111111101111111111110, sa_flags=SA_RESTART|SA_SIGINFO
SIGFPE: [libjvm.so+0x90b880], sa_mask[0]=11111111011111111101111111111110, sa_flags=SA_RESTART|SA_SIGINFO
SIGPIPE: [libjvm.so+0x90b880], sa_mask[0]=11111111011111111101111111111110, sa_flags=SA_RESTART|SA_SIGINFO
SIGXFSZ: [libjvm.so+0x90b880], sa_mask[0]=11111111011111111101111111111110, sa_flags=SA_RESTART|SA_SIGINFO
SIGILL: [libjvm.so+0x90b880], sa_mask[0]=11111111011111111101111111111110, sa_flags=SA_RESTART|SA_SIGINFO
SIGUSR1: SIG_DFL, sa_mask[0]=00000000000000000000000000000000, sa_flags=none
SIGUSR2: [libjvm.so+0x90b750], sa_mask[0]=00100000000000000000000000000000, sa_flags=SA_RESTART|SA_SIGINFO
SIGHUP: [libjvm.so+0x90bd70], sa_mask[0]=11111111011111111101111111111110, sa_flags=SA_RESTART|SA_SIGINFO
SIGINT: [libjvm.so+0x90bd70], sa_mask[0]=11111111011111111101111111111110, sa_flags=SA_RESTART|SA_SIGINFO
SIGTERM: [libjvm.so+0x90bd70], sa_mask[0]=11111111011111111101111111111110, sa_flags=SA_RESTART|SA_SIGINFO
SIGQUIT: [libjvm.so+0x90bd70], sa_mask[0]=11111111011111111101111111111110, sa_flags=SA_RESTART|SA_SIGINFO


---------------  S Y S T E M  ---------------

OS:DISTRIB_ID=Ubuntu
DISTRIB_RELEASE=16.04
DISTRIB_CODENAME=xenial
DISTRIB_DESCRIPTION="Ubuntu 16.04.6 LTS"

uname:Linux 4.15.0-91-generic #92~16.04.1-Ubuntu SMP Fri Feb 28 14:57:22 UTC 2020 x86_64
libc:glibc 2.23 NPTL 2.23 
rlimit: STACK 8192k, CORE 0k, NPROC 15448, NOFILE 1048576, AS infinity
load average:21.44 12.78 6.53

/proc/meminfo:
MemTotal:        4015936 kB
MemFree:           86792 kB
MemAvailable:          0 kB
Buffers:             216 kB
Cached:             7660 kB
SwapCached:         1532 kB
Active:          2876284 kB
Inactive:         577928 kB
Active(anon):    2873252 kB
Inactive(anon):   574644 kB
Active(file):       3032 kB
Inactive(file):     3284 kB
Unevictable:          48 kB
Mlocked:              48 kB
SwapTotal:        998396 kB
SwapFree:              0 kB
Dirty:                12 kB
Writeback:           176 kB
AnonPages:       3445584 kB
Mapped:             6276 kB
Shmem:              1016 kB
Slab:              96636 kB
SReclaimable:      35104 kB
SUnreclaim:        61532 kB
KernelStack:       16032 kB
PageTables:        42244 kB
NFS_Unstable:          0 kB
Bounce:                0 kB
WritebackTmp:          0 kB
CommitLimit:     3006364 kB
Committed_AS:    9034640 kB
VmallocTotal:   34359738367 kB
VmallocUsed:           0 kB
VmallocChunk:          0 kB
HardwareCorrupted:     0 kB
AnonHugePages:         0 kB
ShmemHugePages:        0 kB
ShmemPmdMapped:        0 kB
CmaTotal:              0 kB
CmaFree:               0 kB
HugePages_Total:       0
HugePages_Free:        0
HugePages_Rsvd:        0
HugePages_Surp:        0
Hugepagesize:       2048 kB
DirectMap4k:       94016 kB
DirectMap2M:     4100096 kB
DirectMap1G:     2097152 kB

container (cgroup) information:
container_type: cgroupv1
cpu_cpuset_cpus: 0-3
cpu_memory_nodes: 0
active_processor_count: 4
cpu_quota: -1
cpu_period: 100000
cpu_shares: -1
memory_limit_in_bytes: -1
memory_and_swap_limit_in_bytes: -2
memory_soft_limit_in_bytes: -1
memory_usage_in_bytes: 3536609280
memory_max_usage_in_bytes: 351727616


CPU:total 4 (initial active 4) (2 cores per cpu, 1 threads per core) family 6 model 158 stepping 9, cmov, cx8, fxsr, mmx, sse, sse2, sse3, ssse3, sse4.1, sse4.2, popcnt, avx, avx2, aes, clmul, erms, 3dnowpref, lzcnt, tsc, tscinvbit, bmi1, bmi2, adx

/proc/cpuinfo:
processor	: 0
vendor_id	: GenuineIntel
cpu family	: 6
model		: 158
model name	: Intel(R) Core(TM) i7-7700HQ CPU @ 2.80GHz
stepping	: 9
microcode	: 0xb4
cpu MHz		: 2808.002
cache size	: 6144 KB
physical id	: 0
siblings	: 2
core id		: 0
cpu cores	: 2
apicid		: 0
initial apicid	: 0
fpu		: yes
fpu_exception	: yes
cpuid level	: 22
wp		: yes
flags		: fpu vme de pse tsc msr pae mce cx8 apic sep mtrr pge mca cmov pat pse36 clflush mmx fxsr sse sse2 ss ht syscall nx pdpe1gb rdtscp lm constant_tsc arch_perfmon nopl xtopology tsc_reliable nonstop_tsc cpuid pni pclmulqdq ssse3 fma cx16 pcid sse4_1 sse4_2 x2apic movbe popcnt tsc_deadline_timer aes xsave avx f16c rdrand hypervisor lahf_lm abm 3dnowprefetch cpuid_fault invpcid_single pti ssbd ibrs ibpb stibp fsgsbase tsc_adjust bmi1 avx2 smep bmi2 invpcid mpx rdseed adx smap clflushopt xsaveopt xsavec xsaves arat md_clear flush_l1d arch_capabilities
bugs		: cpu_meltdown spectre_v1 spectre_v2 spec_store_bypass l1tf mds swapgs itlb_multihit
bogomips	: 5616.00
clflush size	: 64
cache_alignment	: 64
address sizes	: 43 bits physical, 48 bits virtual
power management:

processor	: 1
vendor_id	: GenuineIntel
cpu family	: 6
model		: 158
model name	: Intel(R) Core(TM) i7-7700HQ CPU @ 2.80GHz
stepping	: 9
microcode	: 0xb4
cpu MHz		: 2808.002
cache size	: 6144 KB
physical id	: 0
siblings	: 2
core id		: 1
cpu cores	: 2
apicid		: 1
initial apicid	: 1
fpu		: yes
fpu_exception	: yes
cpuid level	: 22
wp		: yes
flags		: fpu vme de pse tsc msr pae mce cx8 apic sep mtrr pge mca cmov pat pse36 clflush mmx fxsr sse sse2 ss ht syscall nx pdpe1gb rdtscp lm constant_tsc arch_perfmon nopl xtopology tsc_reliable nonstop_tsc cpuid pni pclmulqdq ssse3 fma cx16 pcid sse4_1 sse4_2 x2apic movbe popcnt tsc_deadline_timer aes xsave avx f16c rdrand hypervisor lahf_lm abm 3dnowprefetch cpuid_fault invpcid_single pti ssbd ibrs ibpb stibp fsgsbase tsc_adjust bmi1 avx2 smep bmi2 invpcid mpx rdseed adx smap clflushopt xsaveopt xsavec xsaves arat md_clear flush_l1d arch_capabilities
bugs		: cpu_meltdown spectre_v1 spectre_v2 spec_store_bypass l1tf mds swapgs itlb_multihit
bogomips	: 5616.00
clflush size	: 64
cache_alignment	: 64
address sizes	: 43 bits physical, 48 bits virtual
power management:

processor	: 2
vendor_id	: GenuineIntel
cpu family	: 6
model		: 158
model name	: Intel(R) Core(TM) i7-7700HQ CPU @ 2.80GHz
stepping	: 9
microcode	: 0xb4
cpu MHz		: 2808.002
cache size	: 6144 KB
physical id	: 1
siblings	: 2
core id		: 0
cpu cores	: 2
apicid		: 2
initial apicid	: 2
fpu		: yes
fpu_exception	: yes
cpuid level	: 22
wp		: yes
flags		: fpu vme de pse tsc msr pae mce cx8 apic sep mtrr pge mca cmov pat pse36 clflush mmx fxsr sse sse2 ss ht syscall nx pdpe1gb rdtscp lm constant_tsc arch_perfmon nopl xtopology tsc_reliable nonstop_tsc cpuid pni pclmulqdq ssse3 fma cx16 pcid sse4_1 sse4_2 x2apic movbe popcnt tsc_deadline_timer aes xsave avx f16c rdrand hypervisor lahf_lm abm 3dnowprefetch cpuid_fault invpcid_single pti ssbd ibrs ibpb stibp fsgsbase tsc_adjust bmi1 avx2 smep bmi2 invpcid mpx rdseed adx smap clflushopt xsaveopt xsavec xsaves arat md_clear flush_l1d arch_capabilities
bugs		: cpu_meltdown spectre_v1 spectre_v2 spec_store_bypass l1tf mds swapgs itlb_multihit
bogomips	: 5616.00
clflush size	: 64
cache_alignment	: 64
address sizes	: 43 bits physical, 48 bits virtual
power management:

processor	: 3
vendor_id	: GenuineIntel
cpu family	: 6
model		: 158
model name	: Intel(R) Core(TM) i7-7700HQ CPU @ 2.80GHz
stepping	: 9
microcode	: 0xb4
cpu MHz		: 2808.002
cache size	: 6144 KB
physical id	: 1
siblings	: 2
core id		: 1
cpu cores	: 2
apicid		: 3
initial apicid	: 3
fpu		: yes
fpu_exception	: yes
cpuid level	: 22
wp		: yes
flags		: fpu vme de pse tsc msr pae mce cx8 apic sep mtrr pge mca cmov pat pse36 clflush mmx fxsr sse sse2 ss ht syscall nx pdpe1gb rdtscp lm constant_tsc arch_perfmon nopl xtopology tsc_reliable nonstop_tsc cpuid pni pclmulqdq ssse3 fma cx16 pcid sse4_1 sse4_2 x2apic movbe popcnt tsc_deadline_timer aes xsave avx f16c rdrand hypervisor lahf_lm abm 3dnowprefetch cpuid_fault invpcid_single pti ssbd ibrs ibpb stibp fsgsbase tsc_adjust bmi1 avx2 smep bmi2 invpcid mpx rdseed adx smap clflushopt xsaveopt xsavec xsaves arat md_clear flush_l1d arch_capabilities
bugs		: cpu_meltdown spectre_v1 spectre_v2 spec_store_bypass l1tf mds swapgs itlb_multihit
bogomips	: 5616.00
clflush size	: 64
cache_alignment	: 64
address sizes	: 43 bits physical, 48 bits virtual
power management:



Memory: 4k page, physical 4015936k(86476k free), swap 998396k(0k free)

vm_info: Java HotSpot(TM) 64-Bit Server VM (25.201-b09) for linux-amd64 JRE (1.8.0_201-b09), built on Dec 15 2018 11:35:59 by "java_re" with gcc 7.3.0

time: Sat Mar 28 19:24:35 2020
timezone: CST
elapsed time: 64 seconds (0d 0h 1m 4s)

