#
# There is insufficient memory for the Java Runtime Environment to continue.
# Native memory allocation (mmap) failed to map 65536 bytes for committing reserved memory.
# Possible reasons:
#   The system is out of physical RAM or swap space
#   The process is running with CompressedOops enabled, and the Java Heap may be blocking the growth of the native heap
# Possible solutions:
#   Reduce memory load on the system
#   Increase physical memory or swap space
#   Check if swap backing store is full
#   Decrease Java heap size (-Xmx/-Xms)
#   Decrease number of Java threads
#   Decrease Java thread stack sizes (-Xss)
#   Set larger code cache with -XX:ReservedCodeCacheSize=
#   JVM is running with Unscaled Compressed Oops mode in which the Java heap is
#     placed in the first 4GB address space. The Java Heap base address is the
#     maximum limit for the native heap growth. Please use -XX:HeapBaseMinAddress
#     to set the Java Heap base and to place the Java Heap above 4GB virtual address.
# This output file may be truncated or incomplete.
#
#  Out of Memory Error (os_linux.cpp:2749), pid=121399, tid=0x00007f8845d86700
#
# JRE version: Java(TM) SE Runtime Environment (8.0_201-b09) (build 1.8.0_201-b09)
# Java VM: Java HotSpot(TM) 64-Bit Server VM (25.201-b09 mixed mode linux-amd64 compressed oops)
# Failed to write core dump. Core dumps have been disabled. To enable core dumping, try "ulimit -c unlimited" before starting Java again
#

---------------  T H R E A D  ---------------

Current thread (0x00007f8858181800):  JavaThread "C2 CompilerThread0" daemon [_thread_in_vm, id=121482, stack(0x00007f8845c86000,0x00007f8845d87000)]

Stack: [0x00007f8845c86000,0x00007f8845d87000],  sp=0x00007f8845d82610,  free space=1009k
Native frames: (J=compiled Java code, j=interpreted, Vv=VM code, C=native code)
V  [libjvm.so+0xad3525]  VMError::report_and_die()+0x2e5
V  [libjvm.so+0x4e0457]  report_vm_out_of_memory(char const*, int, unsigned long, VMErrorType, char const*)+0x67
V  [libjvm.so+0x9102f0]  os::pd_commit_memory(char*, unsigned long, unsigned long, bool)+0x100
V  [libjvm.so+0x90791f]  os::commit_memory(char*, unsigned long, unsigned long, bool)+0x1f
V  [libjvm.so+0xacfda0]  VirtualSpace::expand_by(unsigned long, bool)+0x140
V  [libjvm.so+0x60b99d]  CodeHeap::expand_by(unsigned long)+0x6d
V  [libjvm.so+0x45a266]  CodeCache::allocate(int, bool)+0x46
V  [libjvm.so+0x453f7a]  BufferBlob::create(char const*, int)+0x8a
V  [libjvm.so+0x47d957]  Compile::init_scratch_buffer_blob(int)+0xa7
V  [libjvm.so+0x928c5d]  Compile::init_buffer(unsigned int*)+0x14d
V  [libjvm.so+0x92ddd2]  Compile::Output()+0x312
V  [libjvm.so+0x47ec60]  Compile::Code_Gen()+0x2d0
V  [libjvm.so+0x480251]  Compile::Compile(ciEnv*, C2Compiler*, ciMethod*, int, bool, bool, bool)+0xd91
V  [libjvm.so+0x3c4c4a]  C2Compiler::compile_method(ciEnv*, ciMethod*, int)+0xaa
V  [libjvm.so+0x48b84c]  CompileBroker::invoke_compiler_on_method(CompileTask*)+0x73c
V  [libjvm.so+0x48d488]  CompileBroker::compiler_thread_loop()+0x6d8
V  [libjvm.so+0xa7bb6b]  JavaThread::thread_main_inner()+0xdb
V  [libjvm.so+0xa7be71]  JavaThread::run()+0x2d1
V  [libjvm.so+0x90d922]  java_start(Thread*)+0x102
C  [libpthread.so.0+0x76ba]  start_thread+0xca


Current CompileTask:
C2:  34076 1064       4       java.io.ObjectInputStream$BlockDataInputStream::setBlockDataMode (74 bytes)


---------------  P R O C E S S  ---------------

Java Threads: ( => current thread )
  0x00007f87fc003000 JavaThread "RMI TCP Connection(3)-127.0.0.1" daemon [_thread_blocked, id=121901, stack(0x00007f880cefe000,0x00007f880cfff000)]
  0x00007f87fc001000 JavaThread "RMI TCP Connection(2)-127.0.0.1" daemon [_thread_in_native, id=121821, stack(0x00007f8844093000,0x00007f8844194000)]
  0x00007f87d4038000 JavaThread "RMI Scheduler(0)" daemon [_thread_blocked, id=121812, stack(0x00007f8844194000,0x00007f8844295000)]
  0x00007f87d4030800 JavaThread "RMI RenewClean-[127.0.0.1:8339]" daemon [_thread_blocked, id=121801, stack(0x00007f8844295000,0x00007f8844396000)]
  0x00007f87f8001000 JavaThread "RMI TCP Connection(1)-127.0.0.1" daemon [_thread_in_native, id=121790, stack(0x00007f88443b2000,0x00007f88444b3000)]
  0x00007f87e8005000 JavaThread "pool-3-thread-3" [_thread_in_native, id=121740, stack(0x00007f88444b3000,0x00007f88445b4000)]
  0x00007f87e8003000 JavaThread "pool-3-thread-2" [_thread_in_native, id=121738, stack(0x00007f88445b4000,0x00007f88446b5000)]
  0x00007f87e8002000 JavaThread "pool-3-thread-1" [_thread_in_native, id=121735, stack(0x00007f88446b5000,0x00007f88447b6000)]
  0x00007f8858200000 JavaThread "Thread-3" [_thread_in_native, id=121596, stack(0x00007f88447b6000,0x00007f88448b7000)]
  0x00007f88581fe000 JavaThread "Thread-2" [_thread_in_native, id=121587, stack(0x00007f88448b7000,0x00007f88449b8000)]
  0x00007f88581fd000 JavaThread "process reaper" daemon [_thread_in_native, id=121576, stack(0x00007f885c019000,0x00007f885c052000)]
  0x00007f88583b1000 JavaThread "pool-2-thread-1" [_thread_in_native, id=121552, stack(0x00007f88449b8000,0x00007f8844ab9000)]
  0x00007f88583af000 JavaThread "GC Daemon" daemon [_thread_blocked, id=121551, stack(0x00007f8844ab9000,0x00007f8844bba000)]
  0x00007f88583ac000 JavaThread "RMI Reaper" [_thread_blocked, id=121547, stack(0x00007f8844bba000,0x00007f8844cbb000)]
  0x00007f88583a5000 JavaThread "RMI TCP Accept-3147" daemon [_thread_in_native, id=121544, stack(0x00007f8844cbb000,0x00007f8844dbc000)]
  0x00007f885839e000 JavaThread "RMI TCP Accept-6783" daemon [_thread_in_native, id=121541, stack(0x00007f8844dbc000,0x00007f8844ebd000)]
  0x00007f88582e2800 JavaThread "logback-3" daemon [_thread_blocked, id=121528, stack(0x00007f8845136000,0x00007f8845237000)]
  0x00007f88582de800 JavaThread "logback-2" daemon [_thread_blocked, id=121526, stack(0x00007f8845237000,0x00007f8845338000)]
  0x00007f88582dd000 JavaThread "logback-1" daemon [_thread_blocked, id=121517, stack(0x00007f8845338000,0x00007f8845439000)]
  0x00007f8858189000 JavaThread "Service Thread" daemon [_thread_blocked, id=121502, stack(0x00007f8845983000,0x00007f8845a84000)]
  0x00007f8858186000 JavaThread "C1 CompilerThread2" daemon [_thread_blocked, id=121494, stack(0x00007f8845a84000,0x00007f8845b85000)]
  0x00007f8858184800 JavaThread "C2 CompilerThread1" daemon [_thread_blocked, id=121486, stack(0x00007f8845b85000,0x00007f8845c86000)]
=>0x00007f8858181800 JavaThread "C2 CompilerThread0" daemon [_thread_in_vm, id=121482, stack(0x00007f8845c86000,0x00007f8845d87000)]
  0x00007f8858180000 JavaThread "Signal Dispatcher" daemon [_thread_blocked, id=121476, stack(0x00007f8845d87000,0x00007f8845e88000)]
  0x00007f885814c000 JavaThread "Finalizer" daemon [_thread_blocked, id=121462, stack(0x00007f8846847000,0x00007f8846948000)]
  0x00007f8858149800 JavaThread "Reference Handler" daemon [_thread_blocked, id=121457, stack(0x00007f8846948000,0x00007f8846a49000)]
  0x00007f885800a800 JavaThread "main" [_thread_in_native, id=121412, stack(0x00007f8860f2d000,0x00007f886102e000)]

Other Threads:
  0x00007f8858140000 VMThread [stack: 0x00007f8846a49000,0x00007f8846b4a000] [id=121447]
  0x00007f885818b800 WatcherThread [stack: 0x00007f8845882000,0x00007f8845983000] [id=121510]

VM state:synchronizing (normal execution)

VM Mutex/Monitor currently owned by a thread:  ([mutex/lock_event])
[0x00007f8858006390] CodeCache_lock - owner thread: 0x00007f8858181800
[0x00007f8858007010] Threads_lock - owner thread: 0x00007f8858140000

heap address: 0x00000000c2a00000, size: 982 MB, Compressed Oops mode: 32-bit
Narrow klass base: 0x0000000000000000, Narrow klass shift: 3
Compressed class space size: 1073741824 Address: 0x0000000100000000

Heap:
 PSYoungGen      total 18432K, used 5189K [0x00000000eb900000, 0x00000000ecd80000, 0x0000000100000000)
  eden space 15872K, 32% used [0x00000000eb900000,0x00000000ebe114e0,0x00000000ec880000)
  from space 2560K, 0% used [0x00000000ecb00000,0x00000000ecb00000,0x00000000ecd80000)
  to   space 2560K, 0% used [0x00000000ec880000,0x00000000ec880000,0x00000000ecb00000)
 ParOldGen       total 42496K, used 2684K [0x00000000c2a00000, 0x00000000c5380000, 0x00000000eb900000)
  object space 42496K, 6% used [0x00000000c2a00000,0x00000000c2c9f180,0x00000000c5380000)
 Metaspace       used 11416K, capacity 11698K, committed 11776K, reserved 1058816K
  class space    used 1383K, capacity 1497K, committed 1536K, reserved 1048576K

Card table byte_map: [0x00007f885dae2000,0x00007f885dcce000] byte_map_base: 0x00007f885d4cd000

Marking Bits: (ParMarkBitMap*) 0x00007f8860404d80
 Begin Bits: [0x00007f8847150000, 0x00007f88480a8000)
 End Bits:   [0x00007f88480a8000, 0x00007f8849000000)

Polling page: 0x00007f8861049000

CodeCache: size=245760Kb used=3640Kb max_used=3640Kb free=242119Kb
 bounds [0x00007f8849000000, 0x00007f8849390000, 0x00007f8858000000]
 total_blobs=1398 nmethods=1064 adapters=247
 compilation: enabled

Compilation events (10 events):
Event: 32.444 Thread 0x00007f8858186000 1063       3       java.io.SerialCallbackContext::check (59 bytes)
Event: 32.445 Thread 0x00007f8858186000 nmethod 1063 0x00007f884938b350 code [0x00007f884938b5c0, 0x00007f884938c4d8]
Event: 32.445 Thread 0x00007f8858186000 1062       3       java.io.ObjectInputStream::defaultReadObject (87 bytes)
Event: 32.445 Thread 0x00007f8858186000 nmethod 1062 0x00007f884938cb50 code [0x00007f884938cd80, 0x00007f884938d7d8]
Event: 32.445 Thread 0x00007f8858186000 1065       3       java.lang.reflect.Method::invoke (62 bytes)
Event: 32.446 Thread 0x00007f8858186000 nmethod 1065 0x00007f884938de50 code [0x00007f884938e020, 0x00007f884938e588]
Event: 32.446 Thread 0x00007f8858186000 1066       3       sun.reflect.DelegatingMethodAccessorImpl::invoke (10 bytes)
Event: 32.446 Thread 0x00007f8858186000 nmethod 1066 0x00007f884937e510 code [0x00007f884937e680, 0x00007f884937e8a8]
Event: 32.446 Thread 0x00007f8858186000 1067       3       java.io.ObjectInputStream::skipCustomData (103 bytes)
Event: 32.447 Thread 0x00007f8858186000 nmethod 1067 0x00007f884938e750 code [0x00007f884938e9a0, 0x00007f884938f2a8]

GC Heap History (6 events):
Event: 1.913 GC heap before
{Heap before GC invocations=1 (full 0):
 PSYoungGen      total 18432K, used 15872K [0x00000000eb900000, 0x00000000ecd80000, 0x0000000100000000)
  eden space 15872K, 100% used [0x00000000eb900000,0x00000000ec880000,0x00000000ec880000)
  from space 2560K, 0% used [0x00000000ecb00000,0x00000000ecb00000,0x00000000ecd80000)
  to   space 2560K, 0% used [0x00000000ec880000,0x00000000ec880000,0x00000000ecb00000)
 ParOldGen       total 42496K, used 0K [0x00000000c2a00000, 0x00000000c5380000, 0x00000000eb900000)
  object space 42496K, 0% used [0x00000000c2a00000,0x00000000c2a00000,0x00000000c5380000)
 Metaspace       used 9845K, capacity 10022K, committed 10240K, reserved 1058816K
  class space    used 1184K, capacity 1252K, committed 1280K, reserved 1048576K
Event: 1.920 GC heap after
Heap after GC invocations=1 (full 0):
 PSYoungGen      total 18432K, used 2528K [0x00000000eb900000, 0x00000000ecd80000, 0x0000000100000000)
  eden space 15872K, 0% used [0x00000000eb900000,0x00000000eb900000,0x00000000ec880000)
  from space 2560K, 98% used [0x00000000ec880000,0x00000000ecaf8020,0x00000000ecb00000)
  to   space 2560K, 0% used [0x00000000ecb00000,0x00000000ecb00000,0x00000000ecd80000)
 ParOldGen       total 42496K, used 1624K [0x00000000c2a00000, 0x00000000c5380000, 0x00000000eb900000)
  object space 42496K, 3% used [0x00000000c2a00000,0x00000000c2b96058,0x00000000c5380000)
 Metaspace       used 9845K, capacity 10022K, committed 10240K, reserved 1058816K
  class space    used 1184K, capacity 1252K, committed 1280K, reserved 1048576K
}
Event: 1.995 GC heap before
{Heap before GC invocations=2 (full 0):
 PSYoungGen      total 18432K, used 3460K [0x00000000eb900000, 0x00000000ecd80000, 0x0000000100000000)
  eden space 15872K, 5% used [0x00000000eb900000,0x00000000eb9e9380,0x00000000ec880000)
  from space 2560K, 98% used [0x00000000ec880000,0x00000000ecaf8020,0x00000000ecb00000)
  to   space 2560K, 0% used [0x00000000ecb00000,0x00000000ecb00000,0x00000000ecd80000)
 ParOldGen       total 42496K, used 1624K [0x00000000c2a00000, 0x00000000c5380000, 0x00000000eb900000)
  object space 42496K, 3% used [0x00000000c2a00000,0x00000000c2b96058,0x00000000c5380000)
 Metaspace       used 10227K, capacity 10412K, committed 10624K, reserved 1058816K
  class space    used 1234K, capacity 1319K, committed 1408K, reserved 1048576K
Event: 2.023 GC heap after
Heap after GC invocations=2 (full 0):
 PSYoungGen      total 18432K, used 2544K [0x00000000eb900000, 0x00000000ecd80000, 0x0000000100000000)
  eden space 15872K, 0% used [0x00000000eb900000,0x00000000eb900000,0x00000000ec880000)
  from space 2560K, 99% used [0x00000000ecb00000,0x00000000ecd7c010,0x00000000ecd80000)
  to   space 2560K, 0% used [0x00000000ec880000,0x00000000ec880000,0x00000000ecb00000)
 ParOldGen       total 42496K, used 1692K [0x00000000c2a00000, 0x00000000c5380000, 0x00000000eb900000)
  object space 42496K, 3% used [0x00000000c2a00000,0x00000000c2ba7220,0x00000000c5380000)
 Metaspace       used 10227K, capacity 10412K, committed 10624K, reserved 1058816K
  class space    used 1234K, capacity 1319K, committed 1408K, reserved 1048576K
}
Event: 2.023 GC heap before
{Heap before GC invocations=3 (full 1):
 PSYoungGen      total 18432K, used 2544K [0x00000000eb900000, 0x00000000ecd80000, 0x0000000100000000)
  eden space 15872K, 0% used [0x00000000eb900000,0x00000000eb900000,0x00000000ec880000)
  from space 2560K, 99% used [0x00000000ecb00000,0x00000000ecd7c010,0x00000000ecd80000)
  to   space 2560K, 0% used [0x00000000ec880000,0x00000000ec880000,0x00000000ecb00000)
 ParOldGen       total 42496K, used 1692K [0x00000000c2a00000, 0x00000000c5380000, 0x00000000eb900000)
  object space 42496K, 3% used [0x00000000c2a00000,0x00000000c2ba7220,0x00000000c5380000)
 Metaspace       used 10227K, capacity 10412K, committed 10624K, reserved 1058816K
  class space    used 1234K, capacity 1319K, committed 1408K, reserved 1048576K
Event: 2.078 GC heap after
Heap after GC invocations=3 (full 1):
 PSYoungGen      total 18432K, used 0K [0x00000000eb900000, 0x00000000ecd80000, 0x0000000100000000)
  eden space 15872K, 0% used [0x00000000eb900000,0x00000000eb900000,0x00000000ec880000)
  from space 2560K, 0% used [0x00000000ecb00000,0x00000000ecb00000,0x00000000ecd80000)
  to   space 2560K, 0% used [0x00000000ec880000,0x00000000ec880000,0x00000000ecb00000)
 ParOldGen       total 42496K, used 2684K [0x00000000c2a00000, 0x00000000c5380000, 0x00000000eb900000)
  object space 42496K, 6% used [0x00000000c2a00000,0x00000000c2c9f180,0x00000000c5380000)
 Metaspace       used 10219K, capacity 10402K, committed 10624K, reserved 1058816K
  class space    used 1233K, capacity 1317K, committed 1408K, reserved 1048576K
}

Deoptimization events (4 events):
Event: 1.528 Thread 0x00007f885800a800 Uncommon trap: reason=unstable_if action=reinterpret pc=0x00007f8849152af4 method=java.lang.String.startsWith(Ljava/lang/String;I)Z @ 25
Event: 1.846 Thread 0x00007f885800a800 Uncommon trap: reason=unstable_if action=reinterpret pc=0x00007f884920558c method=java.lang.String.indexOf([CII[CIII)I @ 3
Event: 3.843 Thread 0x00007f87f8001000 Uncommon trap: reason=unstable_if action=reinterpret pc=0x00007f8849322c30 method=sun.misc.MetaIndex.mayContain(Ljava/lang/String;)Z @ 38
Event: 3.843 Thread 0x00007f87f8001000 Uncommon trap: reason=unstable_if action=reinterpret pc=0x00007f88491ee70c method=sun.misc.MetaIndex.mayContain(Ljava/lang/String;)Z @ 38

Classes redefined (0 events):
No events

Internal exceptions (10 events):
Event: 3.917 Thread 0x00007f87d4030800 Exception <a 'java/lang/InterruptedException'> (0x00000000ebaa2e10) thrown at [/HUDSON/workspace/8-2-build-linux-amd64/jdk8u201/12317/hotspot/src/share/vm/runtime/objectMonitor.cpp, line 1684]
Event: 11.076 Thread 0x00007f88582dd000 Exception <a 'java/net/ConnectException'> (0x00000000ebb06b00) thrown at [/HUDSON/workspace/8-2-build-linux-amd64/jdk8u201/12317/hotspot/src/share/vm/prims/jni.cpp, line 709]
Event: 11.085 Thread 0x00007f88582de800 Exception <a 'java/net/ConnectException'> (0x00000000ebb2e6a8) thrown at [/HUDSON/workspace/8-2-build-linux-amd64/jdk8u201/12317/hotspot/src/share/vm/prims/jni.cpp, line 709]
Event: 11.123 Thread 0x00007f88582e2800 Exception <a 'java/net/ConnectException'> (0x00000000ebb56250) thrown at [/HUDSON/workspace/8-2-build-linux-amd64/jdk8u201/12317/hotspot/src/share/vm/prims/jni.cpp, line 709]
Event: 21.077 Thread 0x00007f88582dd000 Exception <a 'java/net/ConnectException'> (0x00000000ebb07628) thrown at [/HUDSON/workspace/8-2-build-linux-amd64/jdk8u201/12317/hotspot/src/share/vm/prims/jni.cpp, line 709]
Event: 21.086 Thread 0x00007f88582de800 Exception <a 'java/net/ConnectException'> (0x00000000ebb2f1d0) thrown at [/HUDSON/workspace/8-2-build-linux-amd64/jdk8u201/12317/hotspot/src/share/vm/prims/jni.cpp, line 709]
Event: 21.124 Thread 0x00007f88582e2800 Exception <a 'java/net/ConnectException'> (0x00000000ebb56d78) thrown at [/HUDSON/workspace/8-2-build-linux-amd64/jdk8u201/12317/hotspot/src/share/vm/prims/jni.cpp, line 709]
Event: 31.201 Thread 0x00007f88582de800 Exception <a 'java/net/ConnectException'> (0x00000000ebb2fcf8) thrown at [/HUDSON/workspace/8-2-build-linux-amd64/jdk8u201/12317/hotspot/src/share/vm/prims/jni.cpp, line 709]
Event: 31.201 Thread 0x00007f88582e2800 Exception <a 'java/net/ConnectException'> (0x00000000ebb578a0) thrown at [/HUDSON/workspace/8-2-build-linux-amd64/jdk8u201/12317/hotspot/src/share/vm/prims/jni.cpp, line 709]
Event: 31.344 Thread 0x00007f88582dd000 Exception <a 'java/net/ConnectException'> (0x00000000ebb08150) thrown at [/HUDSON/workspace/8-2-build-linux-amd64/jdk8u201/12317/hotspot/src/share/vm/prims/jni.cpp, line 709]

Events (10 events):
Event: 32.296 loading class org/evosuite/coverage/branch/BranchCoverageGoal
Event: 32.296 loading class org/evosuite/coverage/branch/BranchCoverageGoal done
Event: 32.317 loading class org/evosuite/coverage/branch/Branch
Event: 32.317 loading class org/evosuite/coverage/branch/Branch done
Event: 32.328 loading class org/evosuite/coverage/ControlFlowDistance
Event: 32.328 loading class org/evosuite/coverage/ControlFlowDistance done
Event: 32.330 loading class org/evosuite/coverage/branch/BranchPool
Event: 32.330 loading class org/evosuite/coverage/branch/BranchPool done
Event: 32.489 loading class org/evosuite/coverage/exception/ExceptionCoverageSuiteFitness
Event: 32.489 loading class org/evosuite/coverage/exception/ExceptionCoverageSuiteFitness done


Dynamic libraries:
00400000-00401000 r-xp 00000000 08:01 654793                             /usr/lib/jdk/jdk1.8.0_201/bin/java
00600000-00601000 r--p 00000000 08:01 654793                             /usr/lib/jdk/jdk1.8.0_201/bin/java
00601000-00602000 rw-p 00001000 08:01 654793                             /usr/lib/jdk/jdk1.8.0_201/bin/java
01b63000-01ba5000 rw-p 00000000 00:00 0                                  [heap]
c2a00000-c5380000 rw-p 00000000 00:00 0 
c5380000-eb900000 ---p 00000000 00:00 0 
eb900000-ecd80000 rw-p 00000000 00:00 0 
ecd80000-100000000 ---p 00000000 00:00 0 
100000000-100180000 rw-p 00000000 00:00 0 
100180000-140000000 ---p 00000000 00:00 0 
7f87c8000000-7f87c8021000 rw-p 00000000 00:00 0 
7f87c8021000-7f87cc000000 ---p 00000000 00:00 0 
7f87cc000000-7f87cc052000 rw-p 00000000 00:00 0 
7f87cc052000-7f87d0000000 ---p 00000000 00:00 0 
7f87d0000000-7f87d0021000 rw-p 00000000 00:00 0 
7f87d0021000-7f87d4000000 ---p 00000000 00:00 0 
7f87d4000000-7f87d403b000 rw-p 00000000 00:00 0 
7f87d403b000-7f87d8000000 ---p 00000000 00:00 0 
7f87d8000000-7f87d8021000 rw-p 00000000 00:00 0 
7f87d8021000-7f87dc000000 ---p 00000000 00:00 0 
7f87dc000000-7f87dc021000 rw-p 00000000 00:00 0 
7f87dc021000-7f87e0000000 ---p 00000000 00:00 0 
7f87e0000000-7f87e0021000 rw-p 00000000 00:00 0 
7f87e0021000-7f87e4000000 ---p 00000000 00:00 0 
7f87e4000000-7f87e4021000 rw-p 00000000 00:00 0 
7f87e4021000-7f87e8000000 ---p 00000000 00:00 0 
7f87e8000000-7f87e8021000 rw-p 00000000 00:00 0 
7f87e8021000-7f87ec000000 ---p 00000000 00:00 0 
7f87ec000000-7f87ec021000 rw-p 00000000 00:00 0 
7f87ec021000-7f87f0000000 ---p 00000000 00:00 0 
7f87f0000000-7f87f0021000 rw-p 00000000 00:00 0 
7f87f0021000-7f87f4000000 ---p 00000000 00:00 0 
7f87f4000000-7f87f4021000 rw-p 00000000 00:00 0 
7f87f4021000-7f87f8000000 ---p 00000000 00:00 0 
7f87f8000000-7f87f8021000 rw-p 00000000 00:00 0 
7f87f8021000-7f87fc000000 ---p 00000000 00:00 0 
7f87fc000000-7f87fc021000 rw-p 00000000 00:00 0 
7f87fc021000-7f8800000000 ---p 00000000 00:00 0 
7f8800000000-7f8800021000 rw-p 00000000 00:00 0 
7f8800021000-7f8804000000 ---p 00000000 00:00 0 
7f8804000000-7f8804021000 rw-p 00000000 00:00 0 
7f8804021000-7f8808000000 ---p 00000000 00:00 0 
7f8808000000-7f8808021000 rw-p 00000000 00:00 0 
7f8808021000-7f880c000000 ---p 00000000 00:00 0 
7f880cefe000-7f880cf01000 ---p 00000000 00:00 0 
7f880cf01000-7f8810000000 rw-p 00000000 00:00 0 
7f8810000000-7f8810021000 rw-p 00000000 00:00 0 
7f8810021000-7f8814000000 ---p 00000000 00:00 0 
7f8814000000-7f8814021000 rw-p 00000000 00:00 0 
7f8814021000-7f8818000000 ---p 00000000 00:00 0 
7f8818000000-7f88181b5000 rw-p 00000000 00:00 0 
7f88181b5000-7f881c000000 ---p 00000000 00:00 0 
7f881c000000-7f881c38f000 rw-p 00000000 00:00 0 
7f881c38f000-7f8820000000 ---p 00000000 00:00 0 
7f8820000000-7f8820418000 rw-p 00000000 00:00 0 
7f8820418000-7f8824000000 ---p 00000000 00:00 0 
7f8824000000-7f8824021000 rw-p 00000000 00:00 0 
7f8824021000-7f8828000000 ---p 00000000 00:00 0 
7f8828000000-7f8828021000 rw-p 00000000 00:00 0 
7f8828021000-7f882c000000 ---p 00000000 00:00 0 
7f882c000000-7f882c021000 rw-p 00000000 00:00 0 
7f882c021000-7f8830000000 ---p 00000000 00:00 0 
7f8830000000-7f8830021000 rw-p 00000000 00:00 0 
7f8830021000-7f8834000000 ---p 00000000 00:00 0 
7f8834000000-7f8834021000 rw-p 00000000 00:00 0 
7f8834021000-7f8838000000 ---p 00000000 00:00 0 
7f8838000000-7f8838021000 rw-p 00000000 00:00 0 
7f8838021000-7f883c000000 ---p 00000000 00:00 0 
7f883c000000-7f883c021000 rw-p 00000000 00:00 0 
7f883c021000-7f8840000000 ---p 00000000 00:00 0 
7f8840000000-7f8840021000 rw-p 00000000 00:00 0 
7f8840021000-7f8844000000 ---p 00000000 00:00 0 
7f8844093000-7f8844096000 ---p 00000000 00:00 0 
7f8844096000-7f8844194000 rw-p 00000000 00:00 0 
7f8844194000-7f8844197000 ---p 00000000 00:00 0 
7f8844197000-7f8844295000 rw-p 00000000 00:00 0 
7f8844295000-7f8844298000 ---p 00000000 00:00 0 
7f8844298000-7f8844396000 rw-p 00000000 00:00 0 
7f8844396000-7f88443b2000 r--s 00393000 08:01 656354                     /usr/lib/jdk/jdk1.8.0_201/jre/lib/ext/cldrdata.jar
7f88443b2000-7f88443b5000 ---p 00000000 00:00 0 
7f88443b5000-7f88444b3000 rw-p 00000000 00:00 0 
7f88444b3000-7f88444b6000 ---p 00000000 00:00 0 
7f88444b6000-7f88445b4000 rw-p 00000000 00:00 0 
7f88445b4000-7f88445b7000 ---p 00000000 00:00 0 
7f88445b7000-7f88446b5000 rw-p 00000000 00:00 0 
7f88446b5000-7f88446b8000 ---p 00000000 00:00 0 
7f88446b8000-7f88447b6000 rw-p 00000000 00:00 0 
7f88447b6000-7f88447b9000 ---p 00000000 00:00 0 
7f88447b9000-7f88448b7000 rw-p 00000000 00:00 0 
7f88448b7000-7f88448ba000 ---p 00000000 00:00 0 
7f88448ba000-7f88449b8000 rw-p 00000000 00:00 0 
7f88449b8000-7f88449bb000 ---p 00000000 00:00 0 
7f88449bb000-7f8844ab9000 rw-p 00000000 00:00 0 
7f8844ab9000-7f8844abc000 ---p 00000000 00:00 0 
7f8844abc000-7f8844bba000 rw-p 00000000 00:00 0 
7f8844bba000-7f8844bbd000 ---p 00000000 00:00 0 
7f8844bbd000-7f8844cbb000 rw-p 00000000 00:00 0 
7f8844cbb000-7f8844cbe000 ---p 00000000 00:00 0 
7f8844cbe000-7f8844dbc000 rw-p 00000000 00:00 0 
7f8844dbc000-7f8844dbf000 ---p 00000000 00:00 0 
7f8844dbf000-7f88450bd000 rw-p 00000000 00:00 0 
7f88450bd000-7f8845136000 r--s 010fd000 08:01 654900                     /usr/lib/jdk/jdk1.8.0_201/lib/tools.jar
7f8845136000-7f8845139000 ---p 00000000 00:00 0 
7f8845139000-7f8845237000 rw-p 00000000 00:00 0 
7f8845237000-7f884523a000 ---p 00000000 00:00 0 
7f884523a000-7f8845338000 rw-p 00000000 00:00 0 
7f8845338000-7f884533b000 ---p 00000000 00:00 0 
7f884533b000-7f8845439000 rw-p 00000000 00:00 0 
7f8845439000-7f884544f000 r-xp 00000000 08:01 656512                     /usr/lib/jdk/jdk1.8.0_201/jre/lib/amd64/libnet.so
7f884544f000-7f884564f000 ---p 00016000 08:01 656512                     /usr/lib/jdk/jdk1.8.0_201/jre/lib/amd64/libnet.so
7f884564f000-7f8845650000 r--p 00016000 08:01 656512                     /usr/lib/jdk/jdk1.8.0_201/jre/lib/amd64/libnet.so
7f8845650000-7f8845651000 rw-p 00017000 08:01 656512                     /usr/lib/jdk/jdk1.8.0_201/jre/lib/amd64/libnet.so
7f8845651000-7f8845882000 r--s 01bb1000 08:01 403225                     /home/hewitt/work/DiffTGen-master/lib/evosuite-1.0.6.jar
7f8845882000-7f8845883000 ---p 00000000 00:00 0 
7f8845883000-7f8845983000 rw-p 00000000 00:00 0 
7f8845983000-7f8845986000 ---p 00000000 00:00 0 
7f8845986000-7f8845a84000 rw-p 00000000 00:00 0 
7f8845a84000-7f8845a87000 ---p 00000000 00:00 0 
7f8845a87000-7f8845b85000 rw-p 00000000 00:00 0 
7f8845b85000-7f8845b88000 ---p 00000000 00:00 0 
7f8845b88000-7f8845c86000 rw-p 00000000 00:00 0 
7f8845c86000-7f8845c89000 ---p 00000000 00:00 0 
7f8845c89000-7f8845d87000 rw-p 00000000 00:00 0 
7f8845d87000-7f8845d8a000 ---p 00000000 00:00 0 
7f8845d8a000-7f8845e88000 rw-p 00000000 00:00 0 
7f8845e88000-7f8846847000 r--p 00000000 08:01 270368                     /usr/lib/locale/locale-archive
7f8846847000-7f884684a000 ---p 00000000 00:00 0 
7f884684a000-7f8846948000 rw-p 00000000 00:00 0 
7f8846948000-7f884694b000 ---p 00000000 00:00 0 
7f884694b000-7f8846a49000 rw-p 00000000 00:00 0 
7f8846a49000-7f8846a4a000 ---p 00000000 00:00 0 
7f8846a4a000-7f8849000000 rw-p 00000000 00:00 0 
7f8849000000-7f8849390000 rwxp 00000000 00:00 0 
7f88493a0000-7f8858000000 ---p 00000000 00:00 0 
7f8858000000-7f88584bf000 rw-p 00000000 00:00 0 
7f88584bf000-7f885c000000 ---p 00000000 00:00 0 
7f885c019000-7f885c01c000 ---p 00000000 00:00 0 
7f885c01c000-7f885c95b000 rw-p 00000000 00:00 0 
7f885c95b000-7f885cb35000 r--s 03d6f000 08:01 656293                     /usr/lib/jdk/jdk1.8.0_201/jre/lib/rt.jar
7f885cb35000-7f885d596000 rw-p 00000000 00:00 0 
7f885d596000-7f885d597000 ---p 00000000 00:00 0 
7f885d597000-7f885d697000 rw-p 00000000 00:00 0 
7f885d697000-7f885d698000 ---p 00000000 00:00 0 
7f885d698000-7f885d798000 rw-p 00000000 00:00 0 
7f885d798000-7f885d799000 ---p 00000000 00:00 0 
7f885d799000-7f885d899000 rw-p 00000000 00:00 0 
7f885d899000-7f885d89a000 ---p 00000000 00:00 0 
7f885d89a000-7f885d9af000 rw-p 00000000 00:00 0 
7f885d9af000-7f885dae2000 ---p 00000000 00:00 0 
7f885dae2000-7f885daf7000 rw-p 00000000 00:00 0 
7f885daf7000-7f885dc29000 ---p 00000000 00:00 0 
7f885dc29000-7f885dc34000 rw-p 00000000 00:00 0 
7f885dc34000-7f885dccd000 ---p 00000000 00:00 0 
7f885dccd000-7f885dcdd000 rw-p 00000000 00:00 0 
7f885dcdd000-7f885e08e000 ---p 00000000 00:00 0 
7f885e08e000-7f885e0a9000 r-xp 00000000 08:01 656508                     /usr/lib/jdk/jdk1.8.0_201/jre/lib/amd64/libzip.so
7f885e0a9000-7f885e2a8000 ---p 0001b000 08:01 656508                     /usr/lib/jdk/jdk1.8.0_201/jre/lib/amd64/libzip.so
7f885e2a8000-7f885e2a9000 r--p 0001a000 08:01 656508                     /usr/lib/jdk/jdk1.8.0_201/jre/lib/amd64/libzip.so
7f885e2a9000-7f885e2aa000 rw-p 0001b000 08:01 656508                     /usr/lib/jdk/jdk1.8.0_201/jre/lib/amd64/libzip.so
7f885e2aa000-7f885e2b5000 r-xp 00000000 08:01 658902                     /lib/x86_64-linux-gnu/libnss_files-2.23.so
7f885e2b5000-7f885e4b4000 ---p 0000b000 08:01 658902                     /lib/x86_64-linux-gnu/libnss_files-2.23.so
7f885e4b4000-7f885e4b5000 r--p 0000a000 08:01 658902                     /lib/x86_64-linux-gnu/libnss_files-2.23.so
7f885e4b5000-7f885e4b6000 rw-p 0000b000 08:01 658902                     /lib/x86_64-linux-gnu/libnss_files-2.23.so
7f885e4b6000-7f885e4bc000 rw-p 00000000 00:00 0 
7f885e4bc000-7f885e4c7000 r-xp 00000000 08:01 658912                     /lib/x86_64-linux-gnu/libnss_nis-2.23.so
7f885e4c7000-7f885e6c6000 ---p 0000b000 08:01 658912                     /lib/x86_64-linux-gnu/libnss_nis-2.23.so
7f885e6c6000-7f885e6c7000 r--p 0000a000 08:01 658912                     /lib/x86_64-linux-gnu/libnss_nis-2.23.so
7f885e6c7000-7f885e6c8000 rw-p 0000b000 08:01 658912                     /lib/x86_64-linux-gnu/libnss_nis-2.23.so
7f885e6c8000-7f885e6de000 r-xp 00000000 08:01 658896                     /lib/x86_64-linux-gnu/libnsl-2.23.so
7f885e6de000-7f885e8dd000 ---p 00016000 08:01 658896                     /lib/x86_64-linux-gnu/libnsl-2.23.so
7f885e8dd000-7f885e8de000 r--p 00015000 08:01 658896                     /lib/x86_64-linux-gnu/libnsl-2.23.so
7f885e8de000-7f885e8df000 rw-p 00016000 08:01 658896                     /lib/x86_64-linux-gnu/libnsl-2.23.so
7f885e8df000-7f885e8e1000 rw-p 00000000 00:00 0 
7f885e8e1000-7f885e8e9000 r-xp 00000000 08:01 658898                     /lib/x86_64-linux-gnu/libnss_compat-2.23.so
7f885e8e9000-7f885eae8000 ---p 00008000 08:01 658898                     /lib/x86_64-linux-gnu/libnss_compat-2.23.so
7f885eae8000-7f885eae9000 r--p 00007000 08:01 658898                     /lib/x86_64-linux-gnu/libnss_compat-2.23.so
7f885eae9000-7f885eaea000 rw-p 00008000 08:01 658898                     /lib/x86_64-linux-gnu/libnss_compat-2.23.so
7f885eaea000-7f885eb16000 r-xp 00000000 08:01 656502                     /usr/lib/jdk/jdk1.8.0_201/jre/lib/amd64/libjava.so
7f885eb16000-7f885ed16000 ---p 0002c000 08:01 656502                     /usr/lib/jdk/jdk1.8.0_201/jre/lib/amd64/libjava.so
7f885ed16000-7f885ed17000 r--p 0002c000 08:01 656502                     /usr/lib/jdk/jdk1.8.0_201/jre/lib/amd64/libjava.so
7f885ed17000-7f885ed19000 rw-p 0002d000 08:01 656502                     /usr/lib/jdk/jdk1.8.0_201/jre/lib/amd64/libjava.so
7f885ed19000-7f885ed26000 r-xp 00000000 08:01 656507                     /usr/lib/jdk/jdk1.8.0_201/jre/lib/amd64/libverify.so
7f885ed26000-7f885ef25000 ---p 0000d000 08:01 656507                     /usr/lib/jdk/jdk1.8.0_201/jre/lib/amd64/libverify.so
7f885ef25000-7f885ef27000 r--p 0000c000 08:01 656507                     /usr/lib/jdk/jdk1.8.0_201/jre/lib/amd64/libverify.so
7f885ef27000-7f885ef28000 rw-p 0000e000 08:01 656507                     /usr/lib/jdk/jdk1.8.0_201/jre/lib/amd64/libverify.so
7f885ef28000-7f885ef2f000 r-xp 00000000 08:01 658957                     /lib/x86_64-linux-gnu/librt-2.23.so
7f885ef2f000-7f885f12e000 ---p 00007000 08:01 658957                     /lib/x86_64-linux-gnu/librt-2.23.so
7f885f12e000-7f885f12f000 r--p 00006000 08:01 658957                     /lib/x86_64-linux-gnu/librt-2.23.so
7f885f12f000-7f885f130000 rw-p 00007000 08:01 658957                     /lib/x86_64-linux-gnu/librt-2.23.so
7f885f130000-7f885f238000 r-xp 00000000 08:01 658873                     /lib/x86_64-linux-gnu/libm-2.23.so
7f885f238000-7f885f437000 ---p 00108000 08:01 658873                     /lib/x86_64-linux-gnu/libm-2.23.so
7f885f437000-7f885f438000 r--p 00107000 08:01 658873                     /lib/x86_64-linux-gnu/libm-2.23.so
7f885f438000-7f885f439000 rw-p 00108000 08:01 658873                     /lib/x86_64-linux-gnu/libm-2.23.so
7f885f439000-7f8860121000 r-xp 00000000 08:01 656484                     /usr/lib/jdk/jdk1.8.0_201/jre/lib/amd64/server/libjvm.so
7f8860121000-7f8860320000 ---p 00ce8000 08:01 656484                     /usr/lib/jdk/jdk1.8.0_201/jre/lib/amd64/server/libjvm.so
7f8860320000-7f88603b6000 r--p 00ce7000 08:01 656484                     /usr/lib/jdk/jdk1.8.0_201/jre/lib/amd64/server/libjvm.so
7f88603b6000-7f88603e7000 rw-p 00d7d000 08:01 656484                     /usr/lib/jdk/jdk1.8.0_201/jre/lib/amd64/server/libjvm.so
7f88603e7000-7f8860422000 rw-p 00000000 00:00 0 
7f8860422000-7f88605e2000 r-xp 00000000 08:01 658803                     /lib/x86_64-linux-gnu/libc-2.23.so
7f88605e2000-7f88607e2000 ---p 001c0000 08:01 658803                     /lib/x86_64-linux-gnu/libc-2.23.so
7f88607e2000-7f88607e6000 r--p 001c0000 08:01 658803                     /lib/x86_64-linux-gnu/libc-2.23.so
7f88607e6000-7f88607e8000 rw-p 001c4000 08:01 658803                     /lib/x86_64-linux-gnu/libc-2.23.so
7f88607e8000-7f88607ec000 rw-p 00000000 00:00 0 
7f88607ec000-7f88607ef000 r-xp 00000000 08:01 658827                     /lib/x86_64-linux-gnu/libdl-2.23.so
7f88607ef000-7f88609ee000 ---p 00003000 08:01 658827                     /lib/x86_64-linux-gnu/libdl-2.23.so
7f88609ee000-7f88609ef000 r--p 00002000 08:01 658827                     /lib/x86_64-linux-gnu/libdl-2.23.so
7f88609ef000-7f88609f0000 rw-p 00003000 08:01 658827                     /lib/x86_64-linux-gnu/libdl-2.23.so
7f88609f0000-7f8860a07000 r-xp 00000000 08:01 656155                     /usr/lib/jdk/jdk1.8.0_201/lib/amd64/jli/libjli.so
7f8860a07000-7f8860c06000 ---p 00017000 08:01 656155                     /usr/lib/jdk/jdk1.8.0_201/lib/amd64/jli/libjli.so
7f8860c06000-7f8860c07000 r--p 00016000 08:01 656155                     /usr/lib/jdk/jdk1.8.0_201/lib/amd64/jli/libjli.so
7f8860c07000-7f8860c08000 rw-p 00017000 08:01 656155                     /usr/lib/jdk/jdk1.8.0_201/lib/amd64/jli/libjli.so
7f8860c08000-7f8860c20000 r-xp 00000000 08:01 658949                     /lib/x86_64-linux-gnu/libpthread-2.23.so
7f8860c20000-7f8860e1f000 ---p 00018000 08:01 658949                     /lib/x86_64-linux-gnu/libpthread-2.23.so
7f8860e1f000-7f8860e20000 r--p 00017000 08:01 658949                     /lib/x86_64-linux-gnu/libpthread-2.23.so
7f8860e20000-7f8860e21000 rw-p 00018000 08:01 658949                     /lib/x86_64-linux-gnu/libpthread-2.23.so
7f8860e21000-7f8860e25000 rw-p 00000000 00:00 0 
7f8860e25000-7f8860e4b000 r-xp 00000000 08:01 658775                     /lib/x86_64-linux-gnu/ld-2.23.so
7f8860e50000-7f8860e5a000 r--s 00116000 08:01 656361                     /usr/lib/jdk/jdk1.8.0_201/jre/lib/ext/localedata.jar
7f8860e5a000-7f8860e6f000 r--s 000f6000 08:01 439524                     /home/hewitt/work/DiffTGen-master/output/patch1-Math-53-Jaid/Math_53_1_jaid/target/build/classes/all0.jar
7f8860e6f000-7f8860f2d000 rw-p 00000000 00:00 0 
7f8860f2d000-7f8860f30000 ---p 00000000 00:00 0 
7f8860f30000-7f8861033000 rw-p 00000000 00:00 0 
7f8861033000-7f8861037000 r--s 000a1000 08:01 656350                     /usr/lib/jdk/jdk1.8.0_201/jre/lib/jsse.jar
7f8861037000-7f886103f000 r--s 0006e000 08:01 398946                     /home/hewitt/work/DiffTGen-master/lib/commons-lang3-3.5.jar
7f886103f000-7f8861040000 r--s 00000000 08:01 398951                     /home/hewitt/work/DiffTGen-master/lib/myprinter.jar
7f8861040000-7f8861048000 rw-s 00000000 08:01 159406                     /tmp/hsperfdata_hewitt/121399
7f8861048000-7f8861049000 rw-p 00000000 00:00 0 
7f8861049000-7f886104a000 ---p 00000000 00:00 0 
7f886104a000-7f886104b000 r--p 00025000 08:01 658775                     /lib/x86_64-linux-gnu/ld-2.23.so
7f886104b000-7f886104c000 rw-p 00026000 08:01 658775                     /lib/x86_64-linux-gnu/ld-2.23.so
7f886104c000-7f886104d000 rw-p 00000000 00:00 0 
7ffd8ee40000-7ffd8ee62000 rw-p 00000000 00:00 0                          [stack]
7ffd8eefb000-7ffd8eefe000 r--p 00000000 00:00 0                          [vvar]
7ffd8eefe000-7ffd8ef00000 r-xp 00000000 00:00 0                          [vdso]
ffffffffff600000-ffffffffff601000 r-xp 00000000 00:00 0                  [vsyscall]

VM Arguments:
java_command: /home/hewitt/work/DiffTGen-master/lib/evosuite-1.0.6.jar -base_dir /home/hewitt/work/DiffTGen-master/output/patch1-Math-53-Jaid/Math_53_1_jaid/target/0/20 -projectCP /home/hewitt/work/DiffTGen-master/output/patch1-Math-53-Jaid/Math_53_1_jaid/target/build/classes/all0.jar:/home/hewitt/work/DiffTGen-master/lib/myprinter.jar:/home/hewitt/work/DiffTGen-master/lib/commons-lang3-3.5.jar -class org.apache.commons.math.complex.Complex -Dassertions=false -Dsearch_budget=60
java_class_path (initial): /home/hewitt/work/DiffTGen-master/lib/evosuite-1.0.6.jar
Launcher Type: SUN_STANDARD

Environment Variables:
JAVA_HOME=/usr/lib/jdk/jdk1.8.0_201
JRE_HOME=/usr/lib/jdk/jdk1.8.0_201/jre
CLASSPATH=.:/usr/lib/jdk/jdk1.8.0_201/lib:/usr/lib/jdk/jdk1.8.0_201/jre/lib
PATH=/usr/lib/jdk/jdk1.8.0_201/bin:/home/hewitt/bin:/home/hewitt/.local/bin:/usr/lib/jdk/jdk1.7.0_80/bin:/usr/local/sbin:/usr/local/bin:/usr/sbin:/usr/bin:/sbin:/bin:/usr/games:/usr/local/games:/snap/bin:/home/hewitt/work/defects4j_v1.4.0/defects4j/framework/bin:/opt/apache-ant-1.9.14/bin:/home/hewitt/work/defects4j_v1.4.0/defects4j/framework/bin
SHELL=/bin/bash
DISPLAY=:0

Signal Handlers:
SIGSEGV: [libjvm.so+0xad3e60], sa_mask[0]=11111111011111111101111111111110, sa_flags=SA_RESTART|SA_SIGINFO
SIGBUS: [libjvm.so+0xad3e60], sa_mask[0]=11111111011111111101111111111110, sa_flags=SA_RESTART|SA_SIGINFO
SIGFPE: [libjvm.so+0x90b880], sa_mask[0]=11111111011111111101111111111110, sa_flags=SA_RESTART|SA_SIGINFO
SIGPIPE: [libjvm.so+0x90b880], sa_mask[0]=11111111011111111101111111111110, sa_flags=SA_RESTART|SA_SIGINFO
SIGXFSZ: [libjvm.so+0x90b880], sa_mask[0]=11111111011111111101111111111110, sa_flags=SA_RESTART|SA_SIGINFO
SIGILL: [libjvm.so+0x90b880], sa_mask[0]=11111111011111111101111111111110, sa_flags=SA_RESTART|SA_SIGINFO
SIGUSR1: SIG_DFL, sa_mask[0]=00000000000000000000000000000000, sa_flags=none
SIGUSR2: [libjvm.so+0x90b750], sa_mask[0]=00100000000000000000000000000000, sa_flags=SA_RESTART|SA_SIGINFO
SIGHUP: [libjvm.so+0x90bd70], sa_mask[0]=11111111011111111101111111111110, sa_flags=SA_RESTART|SA_SIGINFO
SIGINT: [libjvm.so+0x90bd70], sa_mask[0]=11111111011111111101111111111110, sa_flags=SA_RESTART|SA_SIGINFO
SIGTERM: [libjvm.so+0x90bd70], sa_mask[0]=11111111011111111101111111111110, sa_flags=SA_RESTART|SA_SIGINFO
SIGQUIT: [libjvm.so+0x90bd70], sa_mask[0]=11111111011111111101111111111110, sa_flags=SA_RESTART|SA_SIGINFO


---------------  S Y S T E M  ---------------

OS:DISTRIB_ID=Ubuntu
DISTRIB_RELEASE=16.04
DISTRIB_CODENAME=xenial
DISTRIB_DESCRIPTION="Ubuntu 16.04.6 LTS"

uname:Linux 4.15.0-91-generic #92~16.04.1-Ubuntu SMP Fri Feb 28 14:57:22 UTC 2020 x86_64
libc:glibc 2.23 NPTL 2.23 
rlimit: STACK 8192k, CORE 0k, NPROC 15448, NOFILE 1048576, AS infinity
load average:18.67 14.73 14.42

/proc/meminfo:
MemTotal:        4015928 kB
MemFree:          409592 kB
MemAvailable:     323928 kB
Buffers:             632 kB
Cached:            36432 kB
SwapCached:         2000 kB
Active:          2619788 kB
Inactive:         545208 kB
Active(anon):    2605852 kB
Inactive(anon):   522812 kB
Active(file):      13936 kB
Inactive(file):    22396 kB
Unevictable:          48 kB
Mlocked:              48 kB
SwapTotal:        998396 kB
SwapFree:            344 kB
Dirty:                12 kB
Writeback:           944 kB
AnonPages:       3126944 kB
Mapped:            28020 kB
Shmem:               596 kB
Slab:              92344 kB
SReclaimable:      33280 kB
SUnreclaim:        59064 kB
KernelStack:       17792 kB
PageTables:        43140 kB
NFS_Unstable:          0 kB
Bounce:                0 kB
WritebackTmp:          0 kB
CommitLimit:     3006360 kB
Committed_AS:    9183664 kB
VmallocTotal:   34359738367 kB
VmallocUsed:           0 kB
VmallocChunk:          0 kB
HardwareCorrupted:     0 kB
AnonHugePages:         0 kB
ShmemHugePages:        0 kB
ShmemPmdMapped:        0 kB
CmaTotal:              0 kB
CmaFree:               0 kB
HugePages_Total:       0
HugePages_Free:        0
HugePages_Rsvd:        0
HugePages_Surp:        0
Hugepagesize:       2048 kB
DirectMap4k:       98112 kB
DirectMap2M:     4096000 kB
DirectMap1G:     2097152 kB

container (cgroup) information:
container_type: cgroupv1
cpu_cpuset_cpus: 0-3
cpu_memory_nodes: 0
active_processor_count: 4
cpu_quota: -1
cpu_period: 100000
cpu_shares: -1
memory_limit_in_bytes: -1
memory_and_swap_limit_in_bytes: -2
memory_soft_limit_in_bytes: -1
memory_usage_in_bytes: 3242041344
memory_max_usage_in_bytes: 84226048


CPU:total 4 (initial active 4) (2 cores per cpu, 1 threads per core) family 6 model 158 stepping 9, cmov, cx8, fxsr, mmx, sse, sse2, sse3, ssse3, sse4.1, sse4.2, popcnt, avx, avx2, aes, clmul, erms, 3dnowpref, lzcnt, tsc, tscinvbit, bmi1, bmi2, adx

/proc/cpuinfo:
processor	: 0
vendor_id	: GenuineIntel
cpu family	: 6
model		: 158
model name	: Intel(R) Core(TM) i7-7700HQ CPU @ 2.80GHz
stepping	: 9
microcode	: 0xb4
cpu MHz		: 2808.002
cache size	: 6144 KB
physical id	: 0
siblings	: 2
core id		: 0
cpu cores	: 2
apicid		: 0
initial apicid	: 0
fpu		: yes
fpu_exception	: yes
cpuid level	: 22
wp		: yes
flags		: fpu vme de pse tsc msr pae mce cx8 apic sep mtrr pge mca cmov pat pse36 clflush mmx fxsr sse sse2 ss ht syscall nx pdpe1gb rdtscp lm constant_tsc arch_perfmon nopl xtopology tsc_reliable nonstop_tsc cpuid pni pclmulqdq ssse3 fma cx16 pcid sse4_1 sse4_2 x2apic movbe popcnt tsc_deadline_timer aes xsave avx f16c rdrand hypervisor lahf_lm abm 3dnowprefetch cpuid_fault invpcid_single pti ssbd ibrs ibpb stibp fsgsbase tsc_adjust bmi1 avx2 smep bmi2 invpcid mpx rdseed adx smap clflushopt xsaveopt xsavec xsaves arat md_clear flush_l1d arch_capabilities
bugs		: cpu_meltdown spectre_v1 spectre_v2 spec_store_bypass l1tf mds swapgs itlb_multihit
bogomips	: 5616.00
clflush size	: 64
cache_alignment	: 64
address sizes	: 43 bits physical, 48 bits virtual
power management:

processor	: 1
vendor_id	: GenuineIntel
cpu family	: 6
model		: 158
model name	: Intel(R) Core(TM) i7-7700HQ CPU @ 2.80GHz
stepping	: 9
microcode	: 0xb4
cpu MHz		: 2808.002
cache size	: 6144 KB
physical id	: 0
siblings	: 2
core id		: 1
cpu cores	: 2
apicid		: 1
initial apicid	: 1
fpu		: yes
fpu_exception	: yes
cpuid level	: 22
wp		: yes
flags		: fpu vme de pse tsc msr pae mce cx8 apic sep mtrr pge mca cmov pat pse36 clflush mmx fxsr sse sse2 ss ht syscall nx pdpe1gb rdtscp lm constant_tsc arch_perfmon nopl xtopology tsc_reliable nonstop_tsc cpuid pni pclmulqdq ssse3 fma cx16 pcid sse4_1 sse4_2 x2apic movbe popcnt tsc_deadline_timer aes xsave avx f16c rdrand hypervisor lahf_lm abm 3dnowprefetch cpuid_fault invpcid_single pti ssbd ibrs ibpb stibp fsgsbase tsc_adjust bmi1 avx2 smep bmi2 invpcid mpx rdseed adx smap clflushopt xsaveopt xsavec xsaves arat md_clear flush_l1d arch_capabilities
bugs		: cpu_meltdown spectre_v1 spectre_v2 spec_store_bypass l1tf mds swapgs itlb_multihit
bogomips	: 5616.00
clflush size	: 64
cache_alignment	: 64
address sizes	: 43 bits physical, 48 bits virtual
power management:

processor	: 2
vendor_id	: GenuineIntel
cpu family	: 6
model		: 158
model name	: Intel(R) Core(TM) i7-7700HQ CPU @ 2.80GHz
stepping	: 9
microcode	: 0xb4
cpu MHz		: 2808.002
cache size	: 6144 KB
physical id	: 1
siblings	: 2
core id		: 0
cpu cores	: 2
apicid		: 2
initial apicid	: 2
fpu		: yes
fpu_exception	: yes
cpuid level	: 22
wp		: yes
flags		: fpu vme de pse tsc msr pae mce cx8 apic sep mtrr pge mca cmov pat pse36 clflush mmx fxsr sse sse2 ss ht syscall nx pdpe1gb rdtscp lm constant_tsc arch_perfmon nopl xtopology tsc_reliable nonstop_tsc cpuid pni pclmulqdq ssse3 fma cx16 pcid sse4_1 sse4_2 x2apic movbe popcnt tsc_deadline_timer aes xsave avx f16c rdrand hypervisor lahf_lm abm 3dnowprefetch cpuid_fault invpcid_single pti ssbd ibrs ibpb stibp fsgsbase tsc_adjust bmi1 avx2 smep bmi2 invpcid mpx rdseed adx smap clflushopt xsaveopt xsavec xsaves arat md_clear flush_l1d arch_capabilities
bugs		: cpu_meltdown spectre_v1 spectre_v2 spec_store_bypass l1tf mds swapgs itlb_multihit
bogomips	: 5616.00
clflush size	: 64
cache_alignment	: 64
address sizes	: 43 bits physical, 48 bits virtual
power management:

processor	: 3
vendor_id	: GenuineIntel
cpu family	: 6
model		: 158
model name	: Intel(R) Core(TM) i7-7700HQ CPU @ 2.80GHz
stepping	: 9
microcode	: 0xb4
cpu MHz		: 2808.002
cache size	: 6144 KB
physical id	: 1
siblings	: 2
core id		: 1
cpu cores	: 2
apicid		: 3
initial apicid	: 3
fpu		: yes
fpu_exception	: yes
cpuid level	: 22
wp		: yes
flags		: fpu vme de pse tsc msr pae mce cx8 apic sep mtrr pge mca cmov pat pse36 clflush mmx fxsr sse sse2 ss ht syscall nx pdpe1gb rdtscp lm constant_tsc arch_perfmon nopl xtopology tsc_reliable nonstop_tsc cpuid pni pclmulqdq ssse3 fma cx16 pcid sse4_1 sse4_2 x2apic movbe popcnt tsc_deadline_timer aes xsave avx f16c rdrand hypervisor lahf_lm abm 3dnowprefetch cpuid_fault invpcid_single pti ssbd ibrs ibpb stibp fsgsbase tsc_adjust bmi1 avx2 smep bmi2 invpcid mpx rdseed adx smap clflushopt xsaveopt xsavec xsaves arat md_clear flush_l1d arch_capabilities
bugs		: cpu_meltdown spectre_v1 spectre_v2 spec_store_bypass l1tf mds swapgs itlb_multihit
bogomips	: 5616.00
clflush size	: 64
cache_alignment	: 64
address sizes	: 43 bits physical, 48 bits virtual
power management:



Memory: 4k page, physical 4015928k(409592k free), swap 998396k(392k free)

vm_info: Java HotSpot(TM) 64-Bit Server VM (25.201-b09) for linux-amd64 JRE (1.8.0_201-b09), built on Dec 15 2018 11:35:59 by "java_re" with gcc 7.3.0

time: Sun Mar 29 20:12:21 2020
timezone: CST
elapsed time: 34 seconds (0d 0h 0m 34s)

