#
# There is insufficient memory for the Java Runtime Environment to continue.
# Native memory allocation (mmap) failed to map 65536 bytes for committing reserved memory.
# Possible reasons:
#   The system is out of physical RAM or swap space
#   The process is running with CompressedOops enabled, and the Java Heap may be blocking the growth of the native heap
# Possible solutions:
#   Reduce memory load on the system
#   Increase physical memory or swap space
#   Check if swap backing store is full
#   Decrease Java heap size (-Xmx/-Xms)
#   Decrease number of Java threads
#   Decrease Java thread stack sizes (-Xss)
#   Set larger code cache with -XX:ReservedCodeCacheSize=
#   JVM is running with Unscaled Compressed Oops mode in which the Java heap is
#     placed in the first 4GB address space. The Java Heap base address is the
#     maximum limit for the native heap growth. Please use -XX:HeapBaseMinAddress
#     to set the Java Heap base and to place the Java Heap above 4GB virtual address.
# This output file may be truncated or incomplete.
#
#  Out of Memory Error (os_linux.cpp:2749), pid=323, tid=0x00007f5f72a34700
#
# JRE version: Java(TM) SE Runtime Environment (8.0_201-b09) (build 1.8.0_201-b09)
# Java VM: Java HotSpot(TM) 64-Bit Server VM (25.201-b09 mixed mode linux-amd64 compressed oops)
# Failed to write core dump. Core dumps have been disabled. To enable core dumping, try "ulimit -c unlimited" before starting Java again
#

---------------  T H R E A D  ---------------

Current thread (0x00007f5f90181800):  JavaThread "C2 CompilerThread0" daemon [_thread_in_vm, id=409, stack(0x00007f5f72934000,0x00007f5f72a35000)]

Stack: [0x00007f5f72934000,0x00007f5f72a35000],  sp=0x00007f5f72a31dd0,  free space=1015k
Native frames: (J=compiled Java code, j=interpreted, Vv=VM code, C=native code)
V  [libjvm.so+0xad3525]  VMError::report_and_die()+0x2e5
V  [libjvm.so+0x4e0457]  report_vm_out_of_memory(char const*, int, unsigned long, VMErrorType, char const*)+0x67
V  [libjvm.so+0x9102f0]  os::pd_commit_memory(char*, unsigned long, unsigned long, bool)+0x100
V  [libjvm.so+0x90791f]  os::commit_memory(char*, unsigned long, unsigned long, bool)+0x1f
V  [libjvm.so+0xacfda0]  VirtualSpace::expand_by(unsigned long, bool)+0x140
V  [libjvm.so+0x60b99d]  CodeHeap::expand_by(unsigned long)+0x6d
V  [libjvm.so+0x45a266]  CodeCache::allocate(int, bool)+0x46
V  [libjvm.so+0x8dca9a]  nmethod::new_nmethod(methodHandle, int, int, CodeOffsets*, int, DebugInformationRecorder*, Dependencies*, CodeBuffer*, int, OopMapSet*, ExceptionHandlerTable*, ImplicitExceptionTable*, AbstractCompiler*, int)+0x1ca
V  [libjvm.so+0x3ec691]  ciEnv::register_method(ciMethod*, int, CodeOffsets*, int, CodeBuffer*, int, OopMapSet*, ExceptionHandlerTable*, ImplicitExceptionTable*, AbstractCompiler*, int, bool, bool, RTMState)+0x1b1
V  [libjvm.so+0x480318]  Compile::Compile(ciEnv*, C2Compiler*, ciMethod*, int, bool, bool, bool)+0xe58
V  [libjvm.so+0x3c4c4a]  C2Compiler::compile_method(ciEnv*, ciMethod*, int)+0xaa
V  [libjvm.so+0x48b84c]  CompileBroker::invoke_compiler_on_method(CompileTask*)+0x73c
V  [libjvm.so+0x48d488]  CompileBroker::compiler_thread_loop()+0x6d8
V  [libjvm.so+0xa7bb6b]  JavaThread::thread_main_inner()+0xdb
V  [libjvm.so+0xa7be71]  JavaThread::run()+0x2d1
V  [libjvm.so+0x90d922]  java_start(Thread*)+0x102
C  [libpthread.so.0+0x76ba]  start_thread+0xca


Current CompileTask:
C2:  38128 1889       4       org.evosuite.shaded.org.objectweb.asm.tree.analysis.SourceInterpreter::merge (13 bytes)


---------------  P R O C E S S  ---------------

Java Threads: ( => current thread )
  0x00007f5f34002800 JavaThread "RMI TCP Connection(3)-127.0.0.1" daemon [_thread_blocked, id=810, stack(0x00007f5f70c23000,0x00007f5f70d24000)]
  0x00007f5f34001000 JavaThread "RMI TCP Connection(2)-127.0.0.1" daemon [_thread_in_native, id=758, stack(0x00007f5f70d24000,0x00007f5f70e25000)]
  0x00007f5f0c038000 JavaThread "RMI Scheduler(0)" daemon [_thread_blocked, id=747, stack(0x00007f5f70e25000,0x00007f5f70f26000)]
  0x00007f5f0c030800 JavaThread "RMI RenewClean-[127.0.0.1:11975]" daemon [_thread_blocked, id=735, stack(0x00007f5f70f26000,0x00007f5f71027000)]
  0x00007f5f30001000 JavaThread "RMI TCP Connection(idle)" daemon [_thread_blocked, id=710, stack(0x00007f5f71027000,0x00007f5f71128000)]
  0x00007f5f2c005000 JavaThread "pool-3-thread-3" [_thread_in_native, id=660, stack(0x00007f5f71128000,0x00007f5f71229000)]
  0x00007f5f2c003000 JavaThread "pool-3-thread-2" [_thread_in_native, id=659, stack(0x00007f5f71229000,0x00007f5f7132a000)]
  0x00007f5f2c002000 JavaThread "pool-3-thread-1" [_thread_in_native, id=657, stack(0x00007f5f7132a000,0x00007f5f7142b000)]
  0x00007f5f901fe000 JavaThread "Thread-3" [_thread_in_native, id=509, stack(0x00007f5f7142b000,0x00007f5f7152c000)]
  0x00007f5f901fc800 JavaThread "Thread-2" [_thread_in_native, id=501, stack(0x00007f5f7152c000,0x00007f5f7162d000)]
  0x00007f5f901a4000 JavaThread "process reaper" daemon [_thread_in_native, id=498, stack(0x00007f5f7162d000,0x00007f5f71666000)]
  0x00007f5f903c9800 JavaThread "pool-2-thread-1" [_thread_in_native, id=467, stack(0x00007f5f71666000,0x00007f5f71767000)]
  0x00007f5f903c7000 JavaThread "GC Daemon" daemon [_thread_blocked, id=463, stack(0x00007f5f71767000,0x00007f5f71868000)]
  0x00007f5f903c4000 JavaThread "RMI Reaper" [_thread_blocked, id=462, stack(0x00007f5f71868000,0x00007f5f71969000)]
  0x00007f5f903bb000 JavaThread "RMI TCP Accept-20931" daemon [_thread_in_native, id=461, stack(0x00007f5f71969000,0x00007f5f71a6a000)]
  0x00007f5f903b6000 JavaThread "RMI TCP Accept-2858" daemon [_thread_in_native, id=454, stack(0x00007f5f71a6a000,0x00007f5f71b6b000)]
  0x00007f5f902e2000 JavaThread "logback-3" daemon [_thread_blocked, id=440, stack(0x00007f5f71de4000,0x00007f5f71ee5000)]
  0x00007f5f902de800 JavaThread "logback-2" daemon [_thread_blocked, id=435, stack(0x00007f5f71ee5000,0x00007f5f71fe6000)]
  0x00007f5f902dd000 JavaThread "logback-1" daemon [_thread_blocked, id=432, stack(0x00007f5f71fe6000,0x00007f5f720e7000)]
  0x00007f5f90189000 JavaThread "Service Thread" daemon [_thread_blocked, id=416, stack(0x00007f5f72631000,0x00007f5f72732000)]
  0x00007f5f90186000 JavaThread "C1 CompilerThread2" daemon [_thread_blocked, id=411, stack(0x00007f5f72732000,0x00007f5f72833000)]
  0x00007f5f90184800 JavaThread "C2 CompilerThread1" daemon [_thread_in_native, id=410, stack(0x00007f5f72833000,0x00007f5f72934000)]
=>0x00007f5f90181800 JavaThread "C2 CompilerThread0" daemon [_thread_in_vm, id=409, stack(0x00007f5f72934000,0x00007f5f72a35000)]
  0x00007f5f90180000 JavaThread "Signal Dispatcher" daemon [_thread_blocked, id=407, stack(0x00007f5f72a35000,0x00007f5f72b36000)]
  0x00007f5f9014c000 JavaThread "Finalizer" daemon [_thread_blocked, id=396, stack(0x00007f5f734f5000,0x00007f5f735f6000)]
  0x00007f5f90149800 JavaThread "Reference Handler" daemon [_thread_blocked, id=393, stack(0x00007f5f735f6000,0x00007f5f736f7000)]
  0x00007f5f9000a800 JavaThread "main" [_thread_in_native, id=335, stack(0x00007f5f99bcb000,0x00007f5f99ccc000)]

Other Threads:
  0x00007f5f90140000 VMThread [stack: 0x00007f5f736f7000,0x00007f5f737f8000] [id=392]
  0x00007f5f9018b800 WatcherThread [stack: 0x00007f5f72530000,0x00007f5f72631000] [id=417]

VM state:not at safepoint (normal execution)

VM Mutex/Monitor currently owned by a thread:  ([mutex/lock_event])
[0x00007f5f900063b0] CodeCache_lock - owner thread: 0x00007f5f90181800
[0x00007f5f90007a30] Compile_lock - owner thread: 0x00007f5f90181800
[0x00007f5f90007b30] MethodCompileQueue_lock - owner thread: 0x00007f5f90181800

heap address: 0x00000000c2a00000, size: 982 MB, Compressed Oops mode: 32-bit
Narrow klass base: 0x0000000000000000, Narrow klass shift: 3
Compressed class space size: 1073741824 Address: 0x0000000100000000

Heap:
 PSYoungGen      total 123904K, used 51519K [0x00000000eb900000, 0x00000000f4500000, 0x0000000100000000)
  eden space 121344K, 40% used [0x00000000eb900000,0x00000000ee8cfc80,0x00000000f2f80000)
  from space 2560K, 100% used [0x00000000f3780000,0x00000000f3a00000,0x00000000f3a00000)
  to   space 8192K, 0% used [0x00000000f2f80000,0x00000000f2f80000,0x00000000f3780000)
 ParOldGen       total 42496K, used 15322K [0x00000000c2a00000, 0x00000000c5380000, 0x00000000eb900000)
  object space 42496K, 36% used [0x00000000c2a00000,0x00000000c38f6b10,0x00000000c5380000)
 Metaspace       used 14660K, capacity 15116K, committed 15360K, reserved 1062912K
  class space    used 1629K, capacity 1735K, committed 1792K, reserved 1048576K

Card table byte_map: [0x00007f5f96780000,0x00007f5f9696c000] byte_map_base: 0x00007f5f9616b000

Marking Bits: (ParMarkBitMap*) 0x00007f5f990a2d80
 Begin Bits: [0x00007f5f94384000, 0x00007f5f952dc000)
 End Bits:   [0x00007f5f952dc000, 0x00007f5f96234000)

Polling page: 0x00007f5f99ce7000

CodeCache: size=245760Kb used=6784Kb max_used=6784Kb free=238975Kb
 bounds [0x00007f5f81000000, 0x00007f5f816b0000, 0x00007f5f90000000]
 total_blobs=2265 nmethods=1904 adapters=271
 compilation: enabled

Compilation events (10 events):
Event: 35.449 Thread 0x00007f5f90186000 1960   !   3       java.io.ObjectInputStream$ValidationList::doCallbacks (58 bytes)
Event: 35.450 Thread 0x00007f5f90186000 nmethod 1960 0x00007f5f8167b090 code [0x00007f5f8167b240, 0x00007f5f8167b6d8]
Event: 35.459 Thread 0x00007f5f90186000 1961       3       java.util.HashMap::<init> (8 bytes)
Event: 35.459 Thread 0x00007f5f90186000 nmethod 1961 0x00007f5f8167acd0 code [0x00007f5f8167ae60, 0x00007f5f8167afe8]
Event: 35.459 Thread 0x00007f5f90186000 1962       3       java.lang.invoke.DirectMethodHandle::internalMemberName (8 bytes)
Event: 35.467 Thread 0x00007f5f90186000 nmethod 1962 0x00007f5f8167a890 code [0x00007f5f8167aa00, 0x00007f5f8167ac30]
Event: 35.488 Thread 0x00007f5f90186000 1963       3       java.io.ObjectStreamClass::getVariantFor (51 bytes)
Event: 35.488 Thread 0x00007f5f90186000 nmethod 1963 0x00007f5f8167db90 code [0x00007f5f8167dd20, 0x00007f5f8167e0f8]
Event: 35.488 Thread 0x00007f5f90186000 1964       3       java.io.ObjectStreamClass$ClassDataSlot::<init> (15 bytes)
Event: 35.488 Thread 0x00007f5f90186000 nmethod 1964 0x00007f5f81678f90 code [0x00007f5f81679100, 0x00007f5f816792d0]

GC Heap History (10 events):
Event: 1.732 GC heap before
{Heap before GC invocations=3 (full 1):
 PSYoungGen      total 34304K, used 2544K [0x00000000eb900000, 0x00000000edd00000, 0x0000000100000000)
  eden space 31744K, 0% used [0x00000000eb900000,0x00000000eb900000,0x00000000ed800000)
  from space 2560K, 99% used [0x00000000eda80000,0x00000000edcfc010,0x00000000edd00000)
  to   space 2560K, 0% used [0x00000000ed800000,0x00000000ed800000,0x00000000eda80000)
 ParOldGen       total 42496K, used 1654K [0x00000000c2a00000, 0x00000000c5380000, 0x00000000eb900000)
  object space 42496K, 3% used [0x00000000c2a00000,0x00000000c2b9da80,0x00000000c5380000)
 Metaspace       used 10235K, capacity 10438K, committed 10624K, reserved 1058816K
  class space    used 1240K, capacity 1326K, committed 1408K, reserved 1048576K
Event: 1.805 GC heap after
Heap after GC invocations=3 (full 1):
 PSYoungGen      total 34304K, used 0K [0x00000000eb900000, 0x00000000edd00000, 0x0000000100000000)
  eden space 31744K, 0% used [0x00000000eb900000,0x00000000eb900000,0x00000000ed800000)
  from space 2560K, 0% used [0x00000000eda80000,0x00000000eda80000,0x00000000edd00000)
  to   space 2560K, 0% used [0x00000000ed800000,0x00000000ed800000,0x00000000eda80000)
 ParOldGen       total 42496K, used 2652K [0x00000000c2a00000, 0x00000000c5380000, 0x00000000eb900000)
  object space 42496K, 6% used [0x00000000c2a00000,0x00000000c2c973d0,0x00000000c5380000)
 Metaspace       used 10227K, capacity 10428K, committed 10624K, reserved 1058816K
  class space    used 1238K, capacity 1324K, committed 1408K, reserved 1048576K
}
Event: 27.520 GC heap before
{Heap before GC invocations=4 (full 1):
 PSYoungGen      total 34304K, used 31744K [0x00000000eb900000, 0x00000000edd00000, 0x0000000100000000)
  eden space 31744K, 100% used [0x00000000eb900000,0x00000000ed800000,0x00000000ed800000)
  from space 2560K, 0% used [0x00000000eda80000,0x00000000eda80000,0x00000000edd00000)
  to   space 2560K, 0% used [0x00000000ed800000,0x00000000ed800000,0x00000000eda80000)
 ParOldGen       total 42496K, used 2652K [0x00000000c2a00000, 0x00000000c5380000, 0x00000000eb900000)
  object space 42496K, 6% used [0x00000000c2a00000,0x00000000c2c973d0,0x00000000c5380000)
 Metaspace       used 13654K, capacity 14072K, committed 14336K, reserved 1062912K
  class space    used 1587K, capacity 1706K, committed 1792K, reserved 1048576K
Event: 27.535 GC heap after
Heap after GC invocations=4 (full 1):
 PSYoungGen      total 34304K, used 2534K [0x00000000eb900000, 0x00000000efc00000, 0x0000000100000000)
  eden space 31744K, 0% used [0x00000000eb900000,0x00000000eb900000,0x00000000ed800000)
  from space 2560K, 98% used [0x00000000ed800000,0x00000000eda79830,0x00000000eda80000)
  to   space 2560K, 0% used [0x00000000ef980000,0x00000000ef980000,0x00000000efc00000)
 ParOldGen       total 42496K, used 5340K [0x00000000c2a00000, 0x00000000c5380000, 0x00000000eb900000)
  object space 42496K, 12% used [0x00000000c2a00000,0x00000000c2f37280,0x00000000c5380000)
 Metaspace       used 13654K, capacity 14072K, committed 14336K, reserved 1062912K
  class space    used 1587K, capacity 1706K, committed 1792K, reserved 1048576K
}
Event: 29.685 GC heap before
{Heap before GC invocations=5 (full 1):
 PSYoungGen      total 34304K, used 34278K [0x00000000eb900000, 0x00000000efc00000, 0x0000000100000000)
  eden space 31744K, 100% used [0x00000000eb900000,0x00000000ed800000,0x00000000ed800000)
  from space 2560K, 98% used [0x00000000ed800000,0x00000000eda79830,0x00000000eda80000)
  to   space 2560K, 0% used [0x00000000ef980000,0x00000000ef980000,0x00000000efc00000)
 ParOldGen       total 42496K, used 5340K [0x00000000c2a00000, 0x00000000c5380000, 0x00000000eb900000)
  object space 42496K, 12% used [0x00000000c2a00000,0x00000000c2f37280,0x00000000c5380000)
 Metaspace       used 13758K, capacity 14136K, committed 14336K, reserved 1062912K
  class space    used 1587K, capacity 1706K, committed 1792K, reserved 1048576K
Event: 29.723 GC heap after
Heap after GC invocations=5 (full 1):
 PSYoungGen      total 66048K, used 2560K [0x00000000eb900000, 0x00000000efc00000, 0x0000000100000000)
  eden space 63488K, 0% used [0x00000000eb900000,0x00000000eb900000,0x00000000ef700000)
  from space 2560K, 100% used [0x00000000ef980000,0x00000000efc00000,0x00000000efc00000)
  to   space 2560K, 0% used [0x00000000ef700000,0x00000000ef700000,0x00000000ef980000)
 ParOldGen       total 42496K, used 7946K [0x00000000c2a00000, 0x00000000c5380000, 0x00000000eb900000)
  object space 42496K, 18% used [0x00000000c2a00000,0x00000000c31c2870,0x00000000c5380000)
 Metaspace       used 13758K, capacity 14136K, committed 14336K, reserved 1062912K
  class space    used 1587K, capacity 1706K, committed 1792K, reserved 1048576K
}
Event: 30.195 GC heap before
{Heap before GC invocations=6 (full 1):
 PSYoungGen      total 66048K, used 66048K [0x00000000eb900000, 0x00000000efc00000, 0x0000000100000000)
  eden space 63488K, 100% used [0x00000000eb900000,0x00000000ef700000,0x00000000ef700000)
  from space 2560K, 100% used [0x00000000ef980000,0x00000000efc00000,0x00000000efc00000)
  to   space 2560K, 0% used [0x00000000ef700000,0x00000000ef700000,0x00000000ef980000)
 ParOldGen       total 42496K, used 7946K [0x00000000c2a00000, 0x00000000c5380000, 0x00000000eb900000)
  object space 42496K, 18% used [0x00000000c2a00000,0x00000000c31c2870,0x00000000c5380000)
 Metaspace       used 13826K, capacity 14200K, committed 14336K, reserved 1062912K
  class space    used 1587K, capacity 1706K, committed 1792K, reserved 1048576K
Event: 30.231 GC heap after
Heap after GC invocations=6 (full 1):
 PSYoungGen      total 66048K, used 2560K [0x00000000eb900000, 0x00000000f3a00000, 0x0000000100000000)
  eden space 63488K, 0% used [0x00000000eb900000,0x00000000eb900000,0x00000000ef700000)
  from space 2560K, 100% used [0x00000000ef700000,0x00000000ef980000,0x00000000ef980000)
  to   space 2560K, 0% used [0x00000000f3780000,0x00000000f3780000,0x00000000f3a00000)
 ParOldGen       total 42496K, used 11873K [0x00000000c2a00000, 0x00000000c5380000, 0x00000000eb900000)
  object space 42496K, 27% used [0x00000000c2a00000,0x00000000c35984d8,0x00000000c5380000)
 Metaspace       used 13826K, capacity 14200K, committed 14336K, reserved 1062912K
  class space    used 1587K, capacity 1706K, committed 1792K, reserved 1048576K
}
Event: 31.110 GC heap before
{Heap before GC invocations=7 (full 1):
 PSYoungGen      total 66048K, used 66048K [0x00000000eb900000, 0x00000000f3a00000, 0x0000000100000000)
  eden space 63488K, 100% used [0x00000000eb900000,0x00000000ef700000,0x00000000ef700000)
  from space 2560K, 100% used [0x00000000ef700000,0x00000000ef980000,0x00000000ef980000)
  to   space 2560K, 0% used [0x00000000f3780000,0x00000000f3780000,0x00000000f3a00000)
 ParOldGen       total 42496K, used 11873K [0x00000000c2a00000, 0x00000000c5380000, 0x00000000eb900000)
  object space 42496K, 27% used [0x00000000c2a00000,0x00000000c35984d8,0x00000000c5380000)
 Metaspace       used 13940K, capacity 14328K, committed 14592K, reserved 1062912K
  class space    used 1588K, capacity 1706K, committed 1792K, reserved 1048576K
Event: 31.129 GC heap after
Heap after GC invocations=7 (full 1):
 PSYoungGen      total 123904K, used 2560K [0x00000000eb900000, 0x00000000f4500000, 0x0000000100000000)
  eden space 121344K, 0% used [0x00000000eb900000,0x00000000eb900000,0x00000000f2f80000)
  from space 2560K, 100% used [0x00000000f3780000,0x00000000f3a00000,0x00000000f3a00000)
  to   space 8192K, 0% used [0x00000000f2f80000,0x00000000f2f80000,0x00000000f3780000)
 ParOldGen       total 42496K, used 15322K [0x00000000c2a00000, 0x00000000c5380000, 0x00000000eb900000)
  object space 42496K, 36% used [0x00000000c2a00000,0x00000000c38f6b10,0x00000000c5380000)
 Metaspace       used 13940K, capacity 14328K, committed 14592K, reserved 1062912K
  class space    used 1588K, capacity 1706K, committed 1792K, reserved 1048576K
}

Deoptimization events (10 events):
Event: 27.098 Thread 0x00007f5f34002800 Uncommon trap: reason=unstable_if action=reinterpret pc=0x00007f5f811f73ec method=java.lang.AbstractStringBuilder.append(Ljava/lang/String;)Ljava/lang/AbstractStringBuilder; @ 1
Event: 27.295 Thread 0x00007f5f34002800 Uncommon trap: reason=class_check action=maybe_recompile pc=0x00007f5f813bc814 method=java.util.HashMap.putVal(ILjava/lang/Object;Ljava/lang/Object;ZZ)Ljava/lang/Object; @ 203
Event: 30.417 Thread 0x00007f5f34002800 Uncommon trap: reason=unstable_if action=reinterpret pc=0x00007f5f8150a4ac method=org.evosuite.shaded.org.objectweb.asm.Frame.merge(Lorg/evosuite/shaded/org/objectweb/asm/ClassWriter;Lorg/evosuite/shaded/org/objectweb/asm/Frame;I)Z @ 237
Event: 30.451 Thread 0x00007f5f34002800 Uncommon trap: reason=unstable_if action=reinterpret pc=0x00007f5f814d18d0 method=java.util.HashMap.putVal(ILjava/lang/Object;Ljava/lang/Object;ZZ)Ljava/lang/Object; @ 162
Event: 30.452 Thread 0x00007f5f34002800 Uncommon trap: reason=unstable_if action=reinterpret pc=0x00007f5f815a21f4 method=org.evosuite.graphs.cfg.BytecodeInstruction.getASMNodeString()Ljava/lang/String; @ 785
Event: 30.455 Thread 0x00007f5f34002800 Uncommon trap: reason=unstable_if action=reinterpret pc=0x00007f5f811f5150 method=java.lang.AbstractStringBuilder.append(Ljava/lang/String;)Ljava/lang/AbstractStringBuilder; @ 1
Event: 30.692 Thread 0x00007f5f34002800 Uncommon trap: reason=unstable_if action=reinterpret pc=0x00007f5f8157d214 method=org.evosuite.shaded.org.objectweb.asm.Frame.execute(IILorg/evosuite/shaded/org/objectweb/asm/ClassWriter;Lorg/evosuite/shaded/org/objectweb/asm/Item;)V @ 1284
Event: 31.655 Thread 0x00007f5f34002800 Uncommon trap: reason=unstable_if action=reinterpret pc=0x00007f5f813f7958 method=java.io.ObjectInputStream$HandleTable.finish(I)V @ 4
Event: 31.685 Thread 0x00007f5f34002800 Uncommon trap: reason=unstable_if action=reinterpret pc=0x00007f5f815952dc method=org.evosuite.shaded.org.objectweb.asm.Item.isEqualTo(Lorg/evosuite/shaded/org/objectweb/asm/Item;)Z @ 317
Event: 31.837 Thread 0x00007f5f34002800 Uncommon trap: reason=unstable_if action=reinterpret pc=0x00007f5f813e0dbc method=java.io.ObjectInputStream$HandleTable.finish(I)V @ 19

Classes redefined (0 events):
No events

Internal exceptions (10 events):
Event: 20.894 Thread 0x00007f5f902e2000 Exception <a 'java/net/ConnectException'> (0x00000000ebd51520) thrown at [/HUDSON/workspace/8-2-build-linux-amd64/jdk8u201/12317/hotspot/src/share/vm/prims/jni.cpp, line 709]
Event: 23.911 Thread 0x00007f5f34002800 Implicit null exception at 0x00007f5f81388bbc to 0x00007f5f81388e9d
Event: 24.123 Thread 0x00007f5f34002800 Implicit null exception at 0x00007f5f813a5fbd to 0x00007f5f813a6bc9
Event: 24.347 Thread 0x00007f5f34002800 Exception <a 'java/lang/NoSuchMethodError': <clinit>> (0x00000000ec48a318) thrown at [/HUDSON/workspace/8-2-build-linux-amd64/jdk8u201/12317/hotspot/src/share/vm/prims/jni.cpp, line 1613]
Event: 25.338 Thread 0x00007f5f34001000 Implicit null exception at 0x00007f5f813e8f74 to 0x00007f5f813eb83d
Event: 27.098 Thread 0x00007f5f34002800 Implicit null exception at 0x00007f5f811f6ff4 to 0x00007f5f811f73d5
Event: 30.455 Thread 0x00007f5f34002800 Implicit null exception at 0x00007f5f811f4d73 to 0x00007f5f811f513d
Event: 30.883 Thread 0x00007f5f902dd000 Exception <a 'java/net/ConnectException'> (0x00000000ee5fcbb8) thrown at [/HUDSON/workspace/8-2-build-linux-amd64/jdk8u201/12317/hotspot/src/share/vm/prims/jni.cpp, line 709]
Event: 30.897 Thread 0x00007f5f902de800 Exception <a 'java/net/ConnectException'> (0x00000000ee860578) thrown at [/HUDSON/workspace/8-2-build-linux-amd64/jdk8u201/12317/hotspot/src/share/vm/prims/jni.cpp, line 709]
Event: 30.898 Thread 0x00007f5f902e2000 Exception <a 'java/net/ConnectException'> (0x00000000ee8c78f0) thrown at [/HUDSON/workspace/8-2-build-linux-amd64/jdk8u201/12317/hotspot/src/share/vm/prims/jni.cpp, line 709]

Events (10 events):
Event: 32.115 loading class org/evosuite/coverage/method/MethodTraceCoverageSuiteFitness
Event: 32.115 loading class org/evosuite/coverage/method/MethodTraceCoverageSuiteFitness done
Event: 32.116 loading class org/evosuite/coverage/branch/OnlyBranchCoverageSuiteFitness
Event: 32.116 loading class org/evosuite/coverage/branch/OnlyBranchCoverageSuiteFitness done
Event: 32.116 loading class org/evosuite/coverage/mutation/OnlyMutationSuiteFitness
Event: 32.116 loading class org/evosuite/coverage/mutation/OnlyMutationSuiteFitness done
Event: 32.116 loading class org/evosuite/coverage/rho/RhoCoverageSuiteFitness
Event: 32.116 loading class org/evosuite/coverage/rho/RhoCoverageSuiteFitness done
Event: 33.777 loading class sun/net/ResourceManager
Event: 33.777 loading class sun/net/ResourceManager done


Dynamic libraries:
00400000-00401000 r-xp 00000000 08:01 654793                             /usr/lib/jdk/jdk1.8.0_201/bin/java
00600000-00601000 r--p 00000000 08:01 654793                             /usr/lib/jdk/jdk1.8.0_201/bin/java
00601000-00602000 rw-p 00001000 08:01 654793                             /usr/lib/jdk/jdk1.8.0_201/bin/java
02386000-023f0000 rw-p 00000000 00:00 0                                  [heap]
c2a00000-c5380000 rw-p 00000000 00:00 0 
c5380000-eb900000 ---p 00000000 00:00 0 
eb900000-f4500000 rw-p 00000000 00:00 0 
f4500000-100000000 ---p 00000000 00:00 0 
100000000-1001c0000 rw-p 00000000 00:00 0 
1001c0000-140000000 ---p 00000000 00:00 0 
7f5f00000000-7f5f00021000 rw-p 00000000 00:00 0 
7f5f00021000-7f5f04000000 ---p 00000000 00:00 0 
7f5f04000000-7f5f043ca000 rw-p 00000000 00:00 0 
7f5f043ca000-7f5f08000000 ---p 00000000 00:00 0 
7f5f08000000-7f5f08021000 rw-p 00000000 00:00 0 
7f5f08021000-7f5f0c000000 ---p 00000000 00:00 0 
7f5f0c000000-7f5f0c03b000 rw-p 00000000 00:00 0 
7f5f0c03b000-7f5f10000000 ---p 00000000 00:00 0 
7f5f10000000-7f5f10021000 rw-p 00000000 00:00 0 
7f5f10021000-7f5f14000000 ---p 00000000 00:00 0 
7f5f14000000-7f5f14021000 rw-p 00000000 00:00 0 
7f5f14021000-7f5f18000000 ---p 00000000 00:00 0 
7f5f18000000-7f5f18021000 rw-p 00000000 00:00 0 
7f5f18021000-7f5f1c000000 ---p 00000000 00:00 0 
7f5f1c000000-7f5f1c021000 rw-p 00000000 00:00 0 
7f5f1c021000-7f5f20000000 ---p 00000000 00:00 0 
7f5f20000000-7f5f20021000 rw-p 00000000 00:00 0 
7f5f20021000-7f5f24000000 ---p 00000000 00:00 0 
7f5f24000000-7f5f24021000 rw-p 00000000 00:00 0 
7f5f24021000-7f5f28000000 ---p 00000000 00:00 0 
7f5f28000000-7f5f28021000 rw-p 00000000 00:00 0 
7f5f28021000-7f5f2c000000 ---p 00000000 00:00 0 
7f5f2c000000-7f5f2c021000 rw-p 00000000 00:00 0 
7f5f2c021000-7f5f30000000 ---p 00000000 00:00 0 
7f5f30000000-7f5f30021000 rw-p 00000000 00:00 0 
7f5f30021000-7f5f34000000 ---p 00000000 00:00 0 
7f5f34000000-7f5f34021000 rw-p 00000000 00:00 0 
7f5f34021000-7f5f38000000 ---p 00000000 00:00 0 
7f5f38000000-7f5f38021000 rw-p 00000000 00:00 0 
7f5f38021000-7f5f3c000000 ---p 00000000 00:00 0 
7f5f3c000000-7f5f3c021000 rw-p 00000000 00:00 0 
7f5f3c021000-7f5f40000000 ---p 00000000 00:00 0 
7f5f40000000-7f5f40021000 rw-p 00000000 00:00 0 
7f5f40021000-7f5f44000000 ---p 00000000 00:00 0 
7f5f44fff000-7f5f48000000 rw-p 00000000 00:00 0 
7f5f48000000-7f5f48021000 rw-p 00000000 00:00 0 
7f5f48021000-7f5f4c000000 ---p 00000000 00:00 0 
7f5f4c000000-7f5f4c021000 rw-p 00000000 00:00 0 
7f5f4c021000-7f5f50000000 ---p 00000000 00:00 0 
7f5f50000000-7f5f50ad1000 rw-p 00000000 00:00 0 
7f5f50ad1000-7f5f54000000 ---p 00000000 00:00 0 
7f5f54000000-7f5f55345000 rw-p 00000000 00:00 0 
7f5f55345000-7f5f58000000 ---p 00000000 00:00 0 
7f5f58000000-7f5f58021000 rw-p 00000000 00:00 0 
7f5f58021000-7f5f5c000000 ---p 00000000 00:00 0 
7f5f5c000000-7f5f5cda2000 rw-p 00000000 00:00 0 
7f5f5cda2000-7f5f60000000 ---p 00000000 00:00 0 
7f5f60000000-7f5f60021000 rw-p 00000000 00:00 0 
7f5f60021000-7f5f64000000 ---p 00000000 00:00 0 
7f5f64000000-7f5f64021000 rw-p 00000000 00:00 0 
7f5f64021000-7f5f68000000 ---p 00000000 00:00 0 
7f5f68000000-7f5f68021000 rw-p 00000000 00:00 0 
7f5f68021000-7f5f6c000000 ---p 00000000 00:00 0 
7f5f6c000000-7f5f6c021000 rw-p 00000000 00:00 0 
7f5f6c021000-7f5f70000000 ---p 00000000 00:00 0 
7f5f70823000-7f5f70963000 rw-p 00000000 00:00 0 
7f5f70963000-7f5f70a23000 ---p 00000000 00:00 0 
7f5f70a23000-7f5f70c23000 rw-p 00000000 00:00 0 
7f5f70c23000-7f5f70c26000 ---p 00000000 00:00 0 
7f5f70c26000-7f5f70d24000 rw-p 00000000 00:00 0 
7f5f70d24000-7f5f70d27000 ---p 00000000 00:00 0 
7f5f70d27000-7f5f70e25000 rw-p 00000000 00:00 0 
7f5f70e25000-7f5f70e28000 ---p 00000000 00:00 0 
7f5f70e28000-7f5f70f26000 rw-p 00000000 00:00 0 
7f5f70f26000-7f5f70f29000 ---p 00000000 00:00 0 
7f5f70f29000-7f5f71027000 rw-p 00000000 00:00 0 
7f5f71027000-7f5f7102a000 ---p 00000000 00:00 0 
7f5f7102a000-7f5f71128000 rw-p 00000000 00:00 0 
7f5f71128000-7f5f7112b000 ---p 00000000 00:00 0 
7f5f7112b000-7f5f71229000 rw-p 00000000 00:00 0 
7f5f71229000-7f5f7122c000 ---p 00000000 00:00 0 
7f5f7122c000-7f5f7132a000 rw-p 00000000 00:00 0 
7f5f7132a000-7f5f7132d000 ---p 00000000 00:00 0 
7f5f7132d000-7f5f7142b000 rw-p 00000000 00:00 0 
7f5f7142b000-7f5f7142e000 ---p 00000000 00:00 0 
7f5f7142e000-7f5f7152c000 rw-p 00000000 00:00 0 
7f5f7152c000-7f5f7152f000 ---p 00000000 00:00 0 
7f5f7152f000-7f5f7162d000 rw-p 00000000 00:00 0 
7f5f7162d000-7f5f71630000 ---p 00000000 00:00 0 
7f5f71630000-7f5f71666000 rw-p 00000000 00:00 0 
7f5f71666000-7f5f71669000 ---p 00000000 00:00 0 
7f5f71669000-7f5f71767000 rw-p 00000000 00:00 0 
7f5f71767000-7f5f7176a000 ---p 00000000 00:00 0 
7f5f7176a000-7f5f71868000 rw-p 00000000 00:00 0 
7f5f71868000-7f5f7186b000 ---p 00000000 00:00 0 
7f5f7186b000-7f5f71969000 rw-p 00000000 00:00 0 
7f5f71969000-7f5f7196c000 ---p 00000000 00:00 0 
7f5f7196c000-7f5f71a6a000 rw-p 00000000 00:00 0 
7f5f71a6a000-7f5f71a6d000 ---p 00000000 00:00 0 
7f5f71a6d000-7f5f71d6b000 rw-p 00000000 00:00 0 
7f5f71d6b000-7f5f71de4000 r--s 010fd000 08:01 654900                     /usr/lib/jdk/jdk1.8.0_201/lib/tools.jar
7f5f71de4000-7f5f71de7000 ---p 00000000 00:00 0 
7f5f71de7000-7f5f71ee5000 rw-p 00000000 00:00 0 
7f5f71ee5000-7f5f71ee8000 ---p 00000000 00:00 0 
7f5f71ee8000-7f5f71fe6000 rw-p 00000000 00:00 0 
7f5f71fe6000-7f5f71fe9000 ---p 00000000 00:00 0 
7f5f71fe9000-7f5f720e7000 rw-p 00000000 00:00 0 
7f5f720e7000-7f5f720fd000 r-xp 00000000 08:01 656512                     /usr/lib/jdk/jdk1.8.0_201/jre/lib/amd64/libnet.so
7f5f720fd000-7f5f722fd000 ---p 00016000 08:01 656512                     /usr/lib/jdk/jdk1.8.0_201/jre/lib/amd64/libnet.so
7f5f722fd000-7f5f722fe000 r--p 00016000 08:01 656512                     /usr/lib/jdk/jdk1.8.0_201/jre/lib/amd64/libnet.so
7f5f722fe000-7f5f722ff000 rw-p 00017000 08:01 656512                     /usr/lib/jdk/jdk1.8.0_201/jre/lib/amd64/libnet.so
7f5f722ff000-7f5f72530000 r--s 01bb1000 08:01 403225                     /home/hewitt/work/DiffTGen-master/lib/evosuite-1.0.6.jar
7f5f72530000-7f5f72531000 ---p 00000000 00:00 0 
7f5f72531000-7f5f72631000 rw-p 00000000 00:00 0 
7f5f72631000-7f5f72634000 ---p 00000000 00:00 0 
7f5f72634000-7f5f72732000 rw-p 00000000 00:00 0 
7f5f72732000-7f5f72735000 ---p 00000000 00:00 0 
7f5f72735000-7f5f72833000 rw-p 00000000 00:00 0 
7f5f72833000-7f5f72836000 ---p 00000000 00:00 0 
7f5f72836000-7f5f72934000 rw-p 00000000 00:00 0 
7f5f72934000-7f5f72937000 ---p 00000000 00:00 0 
7f5f72937000-7f5f72a35000 rw-p 00000000 00:00 0 
7f5f72a35000-7f5f72a38000 ---p 00000000 00:00 0 
7f5f72a38000-7f5f72b36000 rw-p 00000000 00:00 0 
7f5f72b36000-7f5f734f5000 r--p 00000000 08:01 270368                     /usr/lib/locale/locale-archive
7f5f734f5000-7f5f734f8000 ---p 00000000 00:00 0 
7f5f734f8000-7f5f735f6000 rw-p 00000000 00:00 0 
7f5f735f6000-7f5f735f9000 ---p 00000000 00:00 0 
7f5f735f9000-7f5f736f7000 rw-p 00000000 00:00 0 
7f5f736f7000-7f5f736f8000 ---p 00000000 00:00 0 
7f5f736f8000-7f5f74000000 rw-p 00000000 00:00 0 
7f5f74000000-7f5f74021000 rw-p 00000000 00:00 0 
7f5f74021000-7f5f78000000 ---p 00000000 00:00 0 
7f5f78000000-7f5f78021000 rw-p 00000000 00:00 0 
7f5f78021000-7f5f7c000000 ---p 00000000 00:00 0 
7f5f7c000000-7f5f7c021000 rw-p 00000000 00:00 0 
7f5f7c021000-7f5f80000000 ---p 00000000 00:00 0 
7f5f80020000-7f5f80626000 rw-p 00000000 00:00 0 
7f5f80626000-7f5f80800000 r--s 03d6f000 08:01 656293                     /usr/lib/jdk/jdk1.8.0_201/jre/lib/rt.jar
7f5f80800000-7f5f81000000 rw-p 00000000 00:00 0 
7f5f81000000-7f5f816b0000 rwxp 00000000 00:00 0 
7f5f816c0000-7f5f90000000 ---p 00000000 00:00 0 
7f5f90000000-7f5f904bf000 rw-p 00000000 00:00 0 
7f5f904bf000-7f5f94000000 ---p 00000000 00:00 0 
7f5f94006000-7f5f94022000 r--s 00393000 08:01 656354                     /usr/lib/jdk/jdk1.8.0_201/jre/lib/ext/cldrdata.jar
7f5f94022000-7f5f96234000 rw-p 00000000 00:00 0 
7f5f96234000-7f5f96235000 ---p 00000000 00:00 0 
7f5f96235000-7f5f96335000 rw-p 00000000 00:00 0 
7f5f96335000-7f5f96336000 ---p 00000000 00:00 0 
7f5f96336000-7f5f96436000 rw-p 00000000 00:00 0 
7f5f96436000-7f5f96437000 ---p 00000000 00:00 0 
7f5f96437000-7f5f96537000 rw-p 00000000 00:00 0 
7f5f96537000-7f5f96538000 ---p 00000000 00:00 0 
7f5f96538000-7f5f9664d000 rw-p 00000000 00:00 0 
7f5f9664d000-7f5f96780000 ---p 00000000 00:00 0 
7f5f96780000-7f5f96795000 rw-p 00000000 00:00 0 
7f5f96795000-7f5f968c7000 ---p 00000000 00:00 0 
7f5f968c7000-7f5f9690e000 rw-p 00000000 00:00 0 
7f5f9690e000-7f5f9696b000 ---p 00000000 00:00 0 
7f5f9696b000-7f5f96987000 rw-p 00000000 00:00 0 
7f5f96987000-7f5f96d2c000 ---p 00000000 00:00 0 
7f5f96d2c000-7f5f96d47000 r-xp 00000000 08:01 656508                     /usr/lib/jdk/jdk1.8.0_201/jre/lib/amd64/libzip.so
7f5f96d47000-7f5f96f46000 ---p 0001b000 08:01 656508                     /usr/lib/jdk/jdk1.8.0_201/jre/lib/amd64/libzip.so
7f5f96f46000-7f5f96f47000 r--p 0001a000 08:01 656508                     /usr/lib/jdk/jdk1.8.0_201/jre/lib/amd64/libzip.so
7f5f96f47000-7f5f96f48000 rw-p 0001b000 08:01 656508                     /usr/lib/jdk/jdk1.8.0_201/jre/lib/amd64/libzip.so
7f5f96f48000-7f5f96f53000 r-xp 00000000 08:01 658902                     /lib/x86_64-linux-gnu/libnss_files-2.23.so
7f5f96f53000-7f5f97152000 ---p 0000b000 08:01 658902                     /lib/x86_64-linux-gnu/libnss_files-2.23.so
7f5f97152000-7f5f97153000 r--p 0000a000 08:01 658902                     /lib/x86_64-linux-gnu/libnss_files-2.23.so
7f5f97153000-7f5f97154000 rw-p 0000b000 08:01 658902                     /lib/x86_64-linux-gnu/libnss_files-2.23.so
7f5f97154000-7f5f9715a000 rw-p 00000000 00:00 0 
7f5f9715a000-7f5f97165000 r-xp 00000000 08:01 658912                     /lib/x86_64-linux-gnu/libnss_nis-2.23.so
7f5f97165000-7f5f97364000 ---p 0000b000 08:01 658912                     /lib/x86_64-linux-gnu/libnss_nis-2.23.so
7f5f97364000-7f5f97365000 r--p 0000a000 08:01 658912                     /lib/x86_64-linux-gnu/libnss_nis-2.23.so
7f5f97365000-7f5f97366000 rw-p 0000b000 08:01 658912                     /lib/x86_64-linux-gnu/libnss_nis-2.23.so
7f5f97366000-7f5f9737c000 r-xp 00000000 08:01 658896                     /lib/x86_64-linux-gnu/libnsl-2.23.so
7f5f9737c000-7f5f9757b000 ---p 00016000 08:01 658896                     /lib/x86_64-linux-gnu/libnsl-2.23.so
7f5f9757b000-7f5f9757c000 r--p 00015000 08:01 658896                     /lib/x86_64-linux-gnu/libnsl-2.23.so
7f5f9757c000-7f5f9757d000 rw-p 00016000 08:01 658896                     /lib/x86_64-linux-gnu/libnsl-2.23.so
7f5f9757d000-7f5f9757f000 rw-p 00000000 00:00 0 
7f5f9757f000-7f5f97587000 r-xp 00000000 08:01 658898                     /lib/x86_64-linux-gnu/libnss_compat-2.23.so
7f5f97587000-7f5f97786000 ---p 00008000 08:01 658898                     /lib/x86_64-linux-gnu/libnss_compat-2.23.so
7f5f97786000-7f5f97787000 r--p 00007000 08:01 658898                     /lib/x86_64-linux-gnu/libnss_compat-2.23.so
7f5f97787000-7f5f97788000 rw-p 00008000 08:01 658898                     /lib/x86_64-linux-gnu/libnss_compat-2.23.so
7f5f97788000-7f5f977b4000 r-xp 00000000 08:01 656502                     /usr/lib/jdk/jdk1.8.0_201/jre/lib/amd64/libjava.so
7f5f977b4000-7f5f979b4000 ---p 0002c000 08:01 656502                     /usr/lib/jdk/jdk1.8.0_201/jre/lib/amd64/libjava.so
7f5f979b4000-7f5f979b5000 r--p 0002c000 08:01 656502                     /usr/lib/jdk/jdk1.8.0_201/jre/lib/amd64/libjava.so
7f5f979b5000-7f5f979b7000 rw-p 0002d000 08:01 656502                     /usr/lib/jdk/jdk1.8.0_201/jre/lib/amd64/libjava.so
7f5f979b7000-7f5f979c4000 r-xp 00000000 08:01 656507                     /usr/lib/jdk/jdk1.8.0_201/jre/lib/amd64/libverify.so
7f5f979c4000-7f5f97bc3000 ---p 0000d000 08:01 656507                     /usr/lib/jdk/jdk1.8.0_201/jre/lib/amd64/libverify.so
7f5f97bc3000-7f5f97bc5000 r--p 0000c000 08:01 656507                     /usr/lib/jdk/jdk1.8.0_201/jre/lib/amd64/libverify.so
7f5f97bc5000-7f5f97bc6000 rw-p 0000e000 08:01 656507                     /usr/lib/jdk/jdk1.8.0_201/jre/lib/amd64/libverify.so
7f5f97bc6000-7f5f97bcd000 r-xp 00000000 08:01 658957                     /lib/x86_64-linux-gnu/librt-2.23.so
7f5f97bcd000-7f5f97dcc000 ---p 00007000 08:01 658957                     /lib/x86_64-linux-gnu/librt-2.23.so
7f5f97dcc000-7f5f97dcd000 r--p 00006000 08:01 658957                     /lib/x86_64-linux-gnu/librt-2.23.so
7f5f97dcd000-7f5f97dce000 rw-p 00007000 08:01 658957                     /lib/x86_64-linux-gnu/librt-2.23.so
7f5f97dce000-7f5f97ed6000 r-xp 00000000 08:01 658873                     /lib/x86_64-linux-gnu/libm-2.23.so
7f5f97ed6000-7f5f980d5000 ---p 00108000 08:01 658873                     /lib/x86_64-linux-gnu/libm-2.23.so
7f5f980d5000-7f5f980d6000 r--p 00107000 08:01 658873                     /lib/x86_64-linux-gnu/libm-2.23.so
7f5f980d6000-7f5f980d7000 rw-p 00108000 08:01 658873                     /lib/x86_64-linux-gnu/libm-2.23.so
7f5f980d7000-7f5f98dbf000 r-xp 00000000 08:01 656484                     /usr/lib/jdk/jdk1.8.0_201/jre/lib/amd64/server/libjvm.so
7f5f98dbf000-7f5f98fbe000 ---p 00ce8000 08:01 656484                     /usr/lib/jdk/jdk1.8.0_201/jre/lib/amd64/server/libjvm.so
7f5f98fbe000-7f5f99054000 r--p 00ce7000 08:01 656484                     /usr/lib/jdk/jdk1.8.0_201/jre/lib/amd64/server/libjvm.so
7f5f99054000-7f5f99085000 rw-p 00d7d000 08:01 656484                     /usr/lib/jdk/jdk1.8.0_201/jre/lib/amd64/server/libjvm.so
7f5f99085000-7f5f990c0000 rw-p 00000000 00:00 0 
7f5f990c0000-7f5f99280000 r-xp 00000000 08:01 658803                     /lib/x86_64-linux-gnu/libc-2.23.so
7f5f99280000-7f5f99480000 ---p 001c0000 08:01 658803                     /lib/x86_64-linux-gnu/libc-2.23.so
7f5f99480000-7f5f99484000 r--p 001c0000 08:01 658803                     /lib/x86_64-linux-gnu/libc-2.23.so
7f5f99484000-7f5f99486000 rw-p 001c4000 08:01 658803                     /lib/x86_64-linux-gnu/libc-2.23.so
7f5f99486000-7f5f9948a000 rw-p 00000000 00:00 0 
7f5f9948a000-7f5f9948d000 r-xp 00000000 08:01 658827                     /lib/x86_64-linux-gnu/libdl-2.23.so
7f5f9948d000-7f5f9968c000 ---p 00003000 08:01 658827                     /lib/x86_64-linux-gnu/libdl-2.23.so
7f5f9968c000-7f5f9968d000 r--p 00002000 08:01 658827                     /lib/x86_64-linux-gnu/libdl-2.23.so
7f5f9968d000-7f5f9968e000 rw-p 00003000 08:01 658827                     /lib/x86_64-linux-gnu/libdl-2.23.so
7f5f9968e000-7f5f996a5000 r-xp 00000000 08:01 656155                     /usr/lib/jdk/jdk1.8.0_201/lib/amd64/jli/libjli.so
7f5f996a5000-7f5f998a4000 ---p 00017000 08:01 656155                     /usr/lib/jdk/jdk1.8.0_201/lib/amd64/jli/libjli.so
7f5f998a4000-7f5f998a5000 r--p 00016000 08:01 656155                     /usr/lib/jdk/jdk1.8.0_201/lib/amd64/jli/libjli.so
7f5f998a5000-7f5f998a6000 rw-p 00017000 08:01 656155                     /usr/lib/jdk/jdk1.8.0_201/lib/amd64/jli/libjli.so
7f5f998a6000-7f5f998be000 r-xp 00000000 08:01 658949                     /lib/x86_64-linux-gnu/libpthread-2.23.so
7f5f998be000-7f5f99abd000 ---p 00018000 08:01 658949                     /lib/x86_64-linux-gnu/libpthread-2.23.so
7f5f99abd000-7f5f99abe000 r--p 00017000 08:01 658949                     /lib/x86_64-linux-gnu/libpthread-2.23.so
7f5f99abe000-7f5f99abf000 rw-p 00018000 08:01 658949                     /lib/x86_64-linux-gnu/libpthread-2.23.so
7f5f99abf000-7f5f99ac3000 rw-p 00000000 00:00 0 
7f5f99ac3000-7f5f99ae9000 r-xp 00000000 08:01 658775                     /lib/x86_64-linux-gnu/ld-2.23.so
7f5f99af0000-7f5f99afa000 r--s 00116000 08:01 656361                     /usr/lib/jdk/jdk1.8.0_201/jre/lib/ext/localedata.jar
7f5f99afa000-7f5f99b0d000 r--s 000d2000 08:01 406610                     /home/hewitt/work/DiffTGen-master/output/patch1-Math-63-SequenceR/Math_63_1_sequencer/target/build/classes/all0.jar
7f5f99b0d000-7f5f99bcb000 rw-p 00000000 00:00 0 
7f5f99bcb000-7f5f99bce000 ---p 00000000 00:00 0 
7f5f99bce000-7f5f99cd1000 rw-p 00000000 00:00 0 
7f5f99cd1000-7f5f99cd5000 r--s 000a1000 08:01 656350                     /usr/lib/jdk/jdk1.8.0_201/jre/lib/jsse.jar
7f5f99cd5000-7f5f99cdd000 r--s 0006e000 08:01 398946                     /home/hewitt/work/DiffTGen-master/lib/commons-lang3-3.5.jar
7f5f99cdd000-7f5f99cde000 r--s 00000000 08:01 398951                     /home/hewitt/work/DiffTGen-master/lib/myprinter.jar
7f5f99cde000-7f5f99ce6000 rw-s 00000000 08:01 151870                     /tmp/hsperfdata_hewitt/323
7f5f99ce6000-7f5f99ce7000 rw-p 00000000 00:00 0 
7f5f99ce7000-7f5f99ce8000 r--p 00000000 00:00 0 
7f5f99ce8000-7f5f99ce9000 r--p 00025000 08:01 658775                     /lib/x86_64-linux-gnu/ld-2.23.so
7f5f99ce9000-7f5f99cea000 rw-p 00026000 08:01 658775                     /lib/x86_64-linux-gnu/ld-2.23.so
7f5f99cea000-7f5f99ceb000 rw-p 00000000 00:00 0 
7ffe199b4000-7ffe199d6000 rw-p 00000000 00:00 0                          [stack]
7ffe199e2000-7ffe199e5000 r--p 00000000 00:00 0                          [vvar]
7ffe199e5000-7ffe199e7000 r-xp 00000000 00:00 0                          [vdso]
ffffffffff600000-ffffffffff601000 r-xp 00000000 00:00 0                  [vsyscall]

VM Arguments:
java_command: /home/hewitt/work/DiffTGen-master/lib/evosuite-1.0.6.jar -base_dir /home/hewitt/work/DiffTGen-master/output/patch1-Math-63-SequenceR/Math_63_1_sequencer/target/0/3 -projectCP /home/hewitt/work/DiffTGen-master/output/patch1-Math-63-SequenceR/Math_63_1_sequencer/target/build/classes/all0.jar:/home/hewitt/work/DiffTGen-master/lib/myprinter.jar:/home/hewitt/work/DiffTGen-master/lib/commons-lang3-3.5.jar -class org.apache.commons.math.util.MathUtils -Dassertions=false -Dsearch_budget=60
java_class_path (initial): /home/hewitt/work/DiffTGen-master/lib/evosuite-1.0.6.jar
Launcher Type: SUN_STANDARD

Environment Variables:
JAVA_HOME=/usr/lib/jdk/jdk1.8.0_201
JRE_HOME=/usr/lib/jdk/jdk1.8.0_201/jre
CLASSPATH=.:/usr/lib/jdk/jdk1.8.0_201/lib:/usr/lib/jdk/jdk1.8.0_201/jre/lib
PATH=/usr/lib/jdk/jdk1.8.0_201/bin:/home/hewitt/bin:/home/hewitt/.local/bin:/usr/lib/jdk/jdk1.7.0_80/bin:/usr/local/sbin:/usr/local/bin:/usr/sbin:/usr/bin:/sbin:/bin:/usr/games:/usr/local/games:/snap/bin:/home/hewitt/work/defects4j_v1.4.0/defects4j/framework/bin:/opt/apache-ant-1.9.14/bin:/home/hewitt/work/defects4j_v1.4.0/defects4j/framework/bin
SHELL=/bin/bash
DISPLAY=:0

Signal Handlers:
SIGSEGV: [libjvm.so+0xad3e60], sa_mask[0]=11111111011111111101111111111110, sa_flags=SA_RESTART|SA_SIGINFO
SIGBUS: [libjvm.so+0xad3e60], sa_mask[0]=11111111011111111101111111111110, sa_flags=SA_RESTART|SA_SIGINFO
SIGFPE: [libjvm.so+0x90b880], sa_mask[0]=11111111011111111101111111111110, sa_flags=SA_RESTART|SA_SIGINFO
SIGPIPE: [libjvm.so+0x90b880], sa_mask[0]=11111111011111111101111111111110, sa_flags=SA_RESTART|SA_SIGINFO
SIGXFSZ: [libjvm.so+0x90b880], sa_mask[0]=11111111011111111101111111111110, sa_flags=SA_RESTART|SA_SIGINFO
SIGILL: [libjvm.so+0x90b880], sa_mask[0]=11111111011111111101111111111110, sa_flags=SA_RESTART|SA_SIGINFO
SIGUSR1: SIG_DFL, sa_mask[0]=00000000000000000000000000000000, sa_flags=none
SIGUSR2: [libjvm.so+0x90b750], sa_mask[0]=00100000000000000000000000000000, sa_flags=SA_RESTART|SA_SIGINFO
SIGHUP: [libjvm.so+0x90bd70], sa_mask[0]=11111111011111111101111111111110, sa_flags=SA_RESTART|SA_SIGINFO
SIGINT: [libjvm.so+0x90bd70], sa_mask[0]=11111111011111111101111111111110, sa_flags=SA_RESTART|SA_SIGINFO
SIGTERM: [libjvm.so+0x90bd70], sa_mask[0]=11111111011111111101111111111110, sa_flags=SA_RESTART|SA_SIGINFO
SIGQUIT: [libjvm.so+0x90bd70], sa_mask[0]=11111111011111111101111111111110, sa_flags=SA_RESTART|SA_SIGINFO


---------------  S Y S T E M  ---------------

OS:DISTRIB_ID=Ubuntu
DISTRIB_RELEASE=16.04
DISTRIB_CODENAME=xenial
DISTRIB_DESCRIPTION="Ubuntu 16.04.6 LTS"

uname:Linux 4.15.0-91-generic #92~16.04.1-Ubuntu SMP Fri Feb 28 14:57:22 UTC 2020 x86_64
libc:glibc 2.23 NPTL 2.23 
rlimit: STACK 8192k, CORE 0k, NPROC 15448, NOFILE 1048576, AS infinity
load average:22.06 17.33 15.48

/proc/meminfo:
MemTotal:        4015928 kB
MemFree:          616864 kB
MemAvailable:     535636 kB
Buffers:            1424 kB
Cached:            45120 kB
SwapCached:         4624 kB
Active:          2482468 kB
Inactive:         479476 kB
Active(anon):    2467268 kB
Inactive(anon):   449632 kB
Active(file):      15200 kB
Inactive(file):    29844 kB
Unevictable:          48 kB
Mlocked:              48 kB
SwapTotal:        998396 kB
SwapFree:          33496 kB
Dirty:               300 kB
Writeback:          1292 kB
AnonPages:       2911116 kB
Mapped:            34356 kB
Shmem:              1524 kB
Slab:              91328 kB
SReclaimable:      33436 kB
SUnreclaim:        57892 kB
KernelStack:       15488 kB
PageTables:        40908 kB
NFS_Unstable:          0 kB
Bounce:                0 kB
WritebackTmp:          0 kB
CommitLimit:     3006360 kB
Committed_AS:    8506184 kB
VmallocTotal:   34359738367 kB
VmallocUsed:           0 kB
VmallocChunk:          0 kB
HardwareCorrupted:     0 kB
AnonHugePages:         0 kB
ShmemHugePages:        0 kB
ShmemPmdMapped:        0 kB
CmaTotal:              0 kB
CmaFree:               0 kB
HugePages_Total:       0
HugePages_Free:        0
HugePages_Rsvd:        0
HugePages_Surp:        0
Hugepagesize:       2048 kB
DirectMap4k:       98112 kB
DirectMap2M:     4096000 kB
DirectMap1G:     2097152 kB

container (cgroup) information:
container_type: cgroupv1
cpu_cpuset_cpus: 0-3
cpu_memory_nodes: 0
active_processor_count: 4
cpu_quota: -1
cpu_period: 100000
cpu_shares: -1
memory_limit_in_bytes: -1
memory_and_swap_limit_in_bytes: -2
memory_soft_limit_in_bytes: -1
memory_usage_in_bytes: 3030552576
memory_max_usage_in_bytes: 20938752


CPU:total 4 (initial active 4) (2 cores per cpu, 1 threads per core) family 6 model 158 stepping 9, cmov, cx8, fxsr, mmx, sse, sse2, sse3, ssse3, sse4.1, sse4.2, popcnt, avx, avx2, aes, clmul, erms, 3dnowpref, lzcnt, tsc, tscinvbit, bmi1, bmi2, adx

/proc/cpuinfo:
processor	: 0
vendor_id	: GenuineIntel
cpu family	: 6
model		: 158
model name	: Intel(R) Core(TM) i7-7700HQ CPU @ 2.80GHz
stepping	: 9
microcode	: 0xb4
cpu MHz		: 2808.002
cache size	: 6144 KB
physical id	: 0
siblings	: 2
core id		: 0
cpu cores	: 2
apicid		: 0
initial apicid	: 0
fpu		: yes
fpu_exception	: yes
cpuid level	: 22
wp		: yes
flags		: fpu vme de pse tsc msr pae mce cx8 apic sep mtrr pge mca cmov pat pse36 clflush mmx fxsr sse sse2 ss ht syscall nx pdpe1gb rdtscp lm constant_tsc arch_perfmon nopl xtopology tsc_reliable nonstop_tsc cpuid pni pclmulqdq ssse3 fma cx16 pcid sse4_1 sse4_2 x2apic movbe popcnt tsc_deadline_timer aes xsave avx f16c rdrand hypervisor lahf_lm abm 3dnowprefetch cpuid_fault invpcid_single pti ssbd ibrs ibpb stibp fsgsbase tsc_adjust bmi1 avx2 smep bmi2 invpcid mpx rdseed adx smap clflushopt xsaveopt xsavec xsaves arat md_clear flush_l1d arch_capabilities
bugs		: cpu_meltdown spectre_v1 spectre_v2 spec_store_bypass l1tf mds swapgs itlb_multihit
bogomips	: 5616.00
clflush size	: 64
cache_alignment	: 64
address sizes	: 43 bits physical, 48 bits virtual
power management:

processor	: 1
vendor_id	: GenuineIntel
cpu family	: 6
model		: 158
model name	: Intel(R) Core(TM) i7-7700HQ CPU @ 2.80GHz
stepping	: 9
microcode	: 0xb4
cpu MHz		: 2808.002
cache size	: 6144 KB
physical id	: 0
siblings	: 2
core id		: 1
cpu cores	: 2
apicid		: 1
initial apicid	: 1
fpu		: yes
fpu_exception	: yes
cpuid level	: 22
wp		: yes
flags		: fpu vme de pse tsc msr pae mce cx8 apic sep mtrr pge mca cmov pat pse36 clflush mmx fxsr sse sse2 ss ht syscall nx pdpe1gb rdtscp lm constant_tsc arch_perfmon nopl xtopology tsc_reliable nonstop_tsc cpuid pni pclmulqdq ssse3 fma cx16 pcid sse4_1 sse4_2 x2apic movbe popcnt tsc_deadline_timer aes xsave avx f16c rdrand hypervisor lahf_lm abm 3dnowprefetch cpuid_fault invpcid_single pti ssbd ibrs ibpb stibp fsgsbase tsc_adjust bmi1 avx2 smep bmi2 invpcid mpx rdseed adx smap clflushopt xsaveopt xsavec xsaves arat md_clear flush_l1d arch_capabilities
bugs		: cpu_meltdown spectre_v1 spectre_v2 spec_store_bypass l1tf mds swapgs itlb_multihit
bogomips	: 5616.00
clflush size	: 64
cache_alignment	: 64
address sizes	: 43 bits physical, 48 bits virtual
power management:

processor	: 2
vendor_id	: GenuineIntel
cpu family	: 6
model		: 158
model name	: Intel(R) Core(TM) i7-7700HQ CPU @ 2.80GHz
stepping	: 9
microcode	: 0xb4
cpu MHz		: 2808.002
cache size	: 6144 KB
physical id	: 1
siblings	: 2
core id		: 0
cpu cores	: 2
apicid		: 2
initial apicid	: 2
fpu		: yes
fpu_exception	: yes
cpuid level	: 22
wp		: yes
flags		: fpu vme de pse tsc msr pae mce cx8 apic sep mtrr pge mca cmov pat pse36 clflush mmx fxsr sse sse2 ss ht syscall nx pdpe1gb rdtscp lm constant_tsc arch_perfmon nopl xtopology tsc_reliable nonstop_tsc cpuid pni pclmulqdq ssse3 fma cx16 pcid sse4_1 sse4_2 x2apic movbe popcnt tsc_deadline_timer aes xsave avx f16c rdrand hypervisor lahf_lm abm 3dnowprefetch cpuid_fault invpcid_single pti ssbd ibrs ibpb stibp fsgsbase tsc_adjust bmi1 avx2 smep bmi2 invpcid mpx rdseed adx smap clflushopt xsaveopt xsavec xsaves arat md_clear flush_l1d arch_capabilities
bugs		: cpu_meltdown spectre_v1 spectre_v2 spec_store_bypass l1tf mds swapgs itlb_multihit
bogomips	: 5616.00
clflush size	: 64
cache_alignment	: 64
address sizes	: 43 bits physical, 48 bits virtual
power management:

processor	: 3
vendor_id	: GenuineIntel
cpu family	: 6
model		: 158
model name	: Intel(R) Core(TM) i7-7700HQ CPU @ 2.80GHz
stepping	: 9
microcode	: 0xb4
cpu MHz		: 2808.002
cache size	: 6144 KB
physical id	: 1
siblings	: 2
core id		: 1
cpu cores	: 2
apicid		: 3
initial apicid	: 3
fpu		: yes
fpu_exception	: yes
cpuid level	: 22
wp		: yes
flags		: fpu vme de pse tsc msr pae mce cx8 apic sep mtrr pge mca cmov pat pse36 clflush mmx fxsr sse sse2 ss ht syscall nx pdpe1gb rdtscp lm constant_tsc arch_perfmon nopl xtopology tsc_reliable nonstop_tsc cpuid pni pclmulqdq ssse3 fma cx16 pcid sse4_1 sse4_2 x2apic movbe popcnt tsc_deadline_timer aes xsave avx f16c rdrand hypervisor lahf_lm abm 3dnowprefetch cpuid_fault invpcid_single pti ssbd ibrs ibpb stibp fsgsbase tsc_adjust bmi1 avx2 smep bmi2 invpcid mpx rdseed adx smap clflushopt xsaveopt xsavec xsaves arat md_clear flush_l1d arch_capabilities
bugs		: cpu_meltdown spectre_v1 spectre_v2 spec_store_bypass l1tf mds swapgs itlb_multihit
bogomips	: 5616.00
clflush size	: 64
cache_alignment	: 64
address sizes	: 43 bits physical, 48 bits virtual
power management:



Memory: 4k page, physical 4015928k(616864k free), swap 998396k(33496k free)

vm_info: Java HotSpot(TM) 64-Bit Server VM (25.201-b09) for linux-amd64 JRE (1.8.0_201-b09), built on Dec 15 2018 11:35:59 by "java_re" with gcc 7.3.0

time: Sun Mar 29 03:30:41 2020
timezone: CST
elapsed time: 38 seconds (0d 0h 0m 38s)

