#
# There is insufficient memory for the Java Runtime Environment to continue.
# Native memory allocation (mmap) failed to map 8388608 bytes for committing reserved memory.
# Possible reasons:
#   The system is out of physical RAM or swap space
#   The process is running with CompressedOops enabled, and the Java Heap may be blocking the growth of the native heap
# Possible solutions:
#   Reduce memory load on the system
#   Increase physical memory or swap space
#   Check if swap backing store is full
#   Decrease Java heap size (-Xmx/-Xms)
#   Decrease number of Java threads
#   Decrease Java thread stack sizes (-Xss)
#   Set larger code cache with -XX:ReservedCodeCacheSize=
#   JVM is running with Unscaled Compressed Oops mode in which the Java heap is
#     placed in the first 4GB address space. The Java Heap base address is the
#     maximum limit for the native heap growth. Please use -XX:HeapBaseMinAddress
#     to set the Java Heap base and to place the Java Heap above 4GB virtual address.
# This output file may be truncated or incomplete.
#
#  Out of Memory Error (os_linux.cpp:2749), pid=24411, tid=0x00007f61e4d43700
#
# JRE version: Java(TM) SE Runtime Environment (8.0_201-b09) (build 1.8.0_201-b09)
# Java VM: Java HotSpot(TM) 64-Bit Server VM (25.201-b09 mixed mode linux-amd64 compressed oops)
# Failed to write core dump. Core dumps have been disabled. To enable core dumping, try "ulimit -c unlimited" before starting Java again
#

---------------  T H R E A D  ---------------

Current thread (0x00007f61fc140000):  VMThread [stack: 0x00007f61e4c43000,0x00007f61e4d44000] [id=24459]

Stack: [0x00007f61e4c43000,0x00007f61e4d44000],  sp=0x00007f61e4d42450,  free space=1021k
Native frames: (J=compiled Java code, j=interpreted, Vv=VM code, C=native code)
V  [libjvm.so+0xad3525]  VMError::report_and_die()+0x2e5
V  [libjvm.so+0x4e0457]  report_vm_out_of_memory(char const*, int, unsigned long, VMErrorType, char const*)+0x67
V  [libjvm.so+0x9102f0]  os::pd_commit_memory(char*, unsigned long, unsigned long, bool)+0x100
V  [libjvm.so+0x90791f]  os::commit_memory(char*, unsigned long, unsigned long, bool)+0x1f
V  [libjvm.so+0x98c806]  PSVirtualSpace::expand_by(unsigned long)+0x56
V  [libjvm.so+0x98da98]  PSYoungGen::resize(unsigned long, unsigned long)+0xd8
V  [libjvm.so+0x98a236]  PSScavenge::invoke_no_policy()+0x1376
V  [libjvm.so+0x98a5cc]  PSScavenge::invoke()+0x4c
V  [libjvm.so+0x93a318]  ParallelScavengeHeap::failed_mem_allocate(unsigned long)+0x68
V  [libjvm.so+0xad5073]  VM_ParallelGCFailedAllocation::doit()+0x93
V  [libjvm.so+0xada296]  VM_Operation::evaluate()+0x46
V  [libjvm.so+0xad85cd]  VMThread::evaluate_operation(VM_Operation*) [clone .constprop.44]+0xcd
V  [libjvm.so+0xad8bb3]  VMThread::loop()+0x3a3
V  [libjvm.so+0xad8f88]  VMThread::run()+0x78
V  [libjvm.so+0x90d922]  java_start(Thread*)+0x102

VM_Operation (0x00007f61a71ed340): ParallelGCFailedAllocation, mode: safepoint, requested by thread 0x00007f6194002800


---------------  P R O C E S S  ---------------

Java Threads: ( => current thread )
  0x00007f6194002800 JavaThread "RMI TCP Connection(3)-127.0.0.1" daemon [_thread_blocked, id=24981, stack(0x00007f61a70f1000,0x00007f61a71f2000)]
  0x00007f6194001000 JavaThread "RMI TCP Connection(2)-127.0.0.1" daemon [_thread_blocked, id=24883, stack(0x00007f61a71f2000,0x00007f61a72f3000)]
  0x00007f616c038000 JavaThread "RMI Scheduler(0)" daemon [_thread_blocked, id=24877, stack(0x00007f61a72f3000,0x00007f61a73f4000)]
  0x00007f616c030800 JavaThread "RMI RenewClean-[127.0.0.1:14300]" daemon [_thread_blocked, id=24862, stack(0x00007f61a73f4000,0x00007f61a74f5000)]
  0x00007f619c001000 JavaThread "RMI TCP Connection(idle)" daemon [_thread_blocked, id=24851, stack(0x00007f61a74f5000,0x00007f61a75f6000)]
  0x00007f6190005000 JavaThread "pool-3-thread-3" [_thread_blocked, id=24775, stack(0x00007f61a75f6000,0x00007f61a76f7000)]
  0x00007f6190003000 JavaThread "pool-3-thread-2" [_thread_in_native, id=24770, stack(0x00007f61a76f7000,0x00007f61a77f8000)]
  0x00007f6190002000 JavaThread "pool-3-thread-1" [_thread_in_native, id=24768, stack(0x00007f61a77f8000,0x00007f61a78f9000)]
  0x00007f61fc3e7000 JavaThread "Thread-3" [_thread_in_native, id=24657, stack(0x00007f61a78f9000,0x00007f61a79fa000)]
  0x00007f61fc3e5800 JavaThread "Thread-2" [_thread_in_native, id=24652, stack(0x00007f61a79fa000,0x00007f61a7afb000)]
  0x00007f61fc3e4000 JavaThread "process reaper" daemon [_thread_in_native, id=24645, stack(0x00007f61ec005000,0x00007f61ec03e000)]
  0x00007f61fc3de000 JavaThread "pool-2-thread-1" [_thread_in_native, id=24595, stack(0x00007f61a7afb000,0x00007f61a7bfc000)]
  0x00007f61fc3dc000 JavaThread "GC Daemon" daemon [_thread_blocked, id=24593, stack(0x00007f61a7bfc000,0x00007f61a7cfd000)]
  0x00007f61fc3d9000 JavaThread "RMI Reaper" [_thread_blocked, id=24590, stack(0x00007f61a7cfd000,0x00007f61a7dfe000)]
  0x00007f61fc3d0000 JavaThread "RMI TCP Accept-18038" daemon [_thread_in_native, id=24584, stack(0x00007f61a7dfe000,0x00007f61a7eff000)]
  0x00007f61fc3cb000 JavaThread "RMI TCP Accept-8527" daemon [_thread_in_native, id=24575, stack(0x00007f61a7eff000,0x00007f61a8000000)]
  0x00007f61fc312800 JavaThread "logback-3" daemon [_thread_blocked, id=24538, stack(0x00007f61dc2ad000,0x00007f61dc3ae000)]
  0x00007f61fc30e800 JavaThread "logback-2" daemon [_thread_blocked, id=24535, stack(0x00007f61dc3ae000,0x00007f61dc4af000)]
  0x00007f61fc30d000 JavaThread "logback-1" daemon [_thread_blocked, id=24531, stack(0x00007f61dc4af000,0x00007f61dc5b0000)]
  0x00007f61fc189000 JavaThread "Service Thread" daemon [_thread_blocked, id=24516, stack(0x00007f61dfafb000,0x00007f61dfbfc000)]
  0x00007f61fc186000 JavaThread "C1 CompilerThread2" daemon [_thread_blocked, id=24510, stack(0x00007f61dfbfc000,0x00007f61dfcfd000)]
  0x00007f61fc184800 JavaThread "C2 CompilerThread1" daemon [_thread_blocked, id=24506, stack(0x00007f61dfcfd000,0x00007f61dfdfe000)]
  0x00007f61fc181800 JavaThread "C2 CompilerThread0" daemon [_thread_blocked, id=24496, stack(0x00007f61dfdfe000,0x00007f61dfeff000)]
  0x00007f61fc180000 JavaThread "Signal Dispatcher" daemon [_thread_blocked, id=24489, stack(0x00007f61dfeff000,0x00007f61e0000000)]
  0x00007f61fc14c000 JavaThread "Finalizer" daemon [_thread_blocked, id=24475, stack(0x00007f61e4a41000,0x00007f61e4b42000)]
  0x00007f61fc149800 JavaThread "Reference Handler" daemon [_thread_blocked, id=24469, stack(0x00007f61e4b42000,0x00007f61e4c43000)]
  0x00007f61fc00a800 JavaThread "main" [_thread_in_native, id=24425, stack(0x00007f6203191000,0x00007f6203292000)]

Other Threads:
=>0x00007f61fc140000 VMThread [stack: 0x00007f61e4c43000,0x00007f61e4d44000] [id=24459]
  0x00007f61fc18b800 WatcherThread [stack: 0x00007f61df9fa000,0x00007f61dfafb000] [id=24522]

VM state:at safepoint (normal execution)

VM Mutex/Monitor currently owned by a thread:  ([mutex/lock_event])
[0x00007f61fc007010] Threads_lock - owner thread: 0x00007f61fc140000
[0x00007f61fc007510] Heap_lock - owner thread: 0x00007f6194002800

heap address: 0x00000000c2a00000, size: 982 MB, Compressed Oops mode: 32-bit
Narrow klass base: 0x0000000000000000, Narrow klass shift: 3
Compressed class space size: 1073741824 Address: 0x0000000100000000

Heap:
 PSYoungGen      total 18432K, used 3896K [0x00000000eb900000, 0x00000000ed000000, 0x0000000100000000)
  eden space 13312K, 0% used [0x00000000eb900000,0x00000000eb900000,0x00000000ec600000)
  from space 5120K, 76% used [0x00000000ecb00000,0x00000000ecece020,0x00000000ed000000)
  to   space 5120K, 0% used [0x00000000ec600000,0x00000000ec600000,0x00000000ecb00000)
 ParOldGen       total 42496K, used 10739K [0x00000000c2a00000, 0x00000000c5380000, 0x00000000eb900000)
  object space 42496K, 25% used [0x00000000c2a00000,0x00000000c347cc38,0x00000000c5380000)
 Metaspace       used 14304K, capacity 14756K, committed 14848K, reserved 1062912K
  class space    used 1622K, capacity 1735K, committed 1792K, reserved 1048576K

Card table byte_map: [0x00007f6200106000,0x00007f62002f2000] byte_map_base: 0x00007f61ffaf1000

Marking Bits: (ParMarkBitMap*) 0x00007f6202668d80
 Begin Bits: [0x00007f61e6150000, 0x00007f61e70a8000)
 End Bits:   [0x00007f61e70a8000, 0x00007f61e8000000)

Polling page: 0x00007f62032ad000

CodeCache: size=245760Kb used=7003Kb max_used=7115Kb free=238756Kb
 bounds [0x00007f61ed000000, 0x00007f61ed700000, 0x00007f61fc000000]
 total_blobs=2216 nmethods=1868 adapters=261
 compilation: enabled

Compilation events (10 events):
Event: 91.620 Thread 0x00007f61fc186000 nmethod 1990 0x00007f61ed6f1750 code [0x00007f61ed6f1bc0, 0x00007f61ed6f43a8]
Event: 91.645 Thread 0x00007f61fc184800 1981   !   4       sun.reflect.GeneratedSerializationConstructorAccessor27::newInstance (49 bytes)
Event: 91.647 Thread 0x00007f61fc184800 nmethod 1981 0x00007f61ed116290 code [0x00007f61ed116400, 0x00007f61ed116548]
Event: 91.689 Thread 0x00007f61fc186000 1992       3       org.evosuite.shaded.org.objectweb.asm.Type::getDescriptor (214 bytes)
Event: 91.691 Thread 0x00007f61fc186000 nmethod 1992 0x00007f61ed12fc50 code [0x00007f61ed130040, 0x00007f61ed1325e8]
Event: 91.752 Thread 0x00007f61fc186000 1994       3       java.util.HashMap::clear (50 bytes)
Event: 91.884 Thread 0x00007f61fc186000 nmethod 1994 0x00007f61ed162250 code [0x00007f61ed1623e0, 0x00007f61ed1627b0]
Event: 91.884 Thread 0x00007f61fc186000 1993       3       java.io.DataInputStream::<init> (30 bytes)
Event: 91.885 Thread 0x00007f61fc186000 nmethod 1993 0x00007f61ed2c51d0 code [0x00007f61ed2c5360, 0x00007f61ed2c57b0]
Event: 91.891 Thread 0x00007f61fc186000 1996   !   3       sun.reflect.GeneratedSerializationConstructorAccessor80::newInstance (49 bytes)

GC Heap History (10 events):
Event: 44.236 GC heap after
Heap after GC invocations=6 (full 1):
 PSYoungGen      total 18432K, used 2544K [0x00000000eb900000, 0x00000000ecd80000, 0x0000000100000000)
  eden space 15872K, 0% used [0x00000000eb900000,0x00000000eb900000,0x00000000ec880000)
  from space 2560K, 99% used [0x00000000ec880000,0x00000000ecafc010,0x00000000ecb00000)
  to   space 2560K, 0% used [0x00000000ecb00000,0x00000000ecb00000,0x00000000ecd80000)
 ParOldGen       total 42496K, used 6910K [0x00000000c2a00000, 0x00000000c5380000, 0x00000000eb900000)
  object space 42496K, 16% used [0x00000000c2a00000,0x00000000c30bfb10,0x00000000c5380000)
 Metaspace       used 13683K, capacity 14092K, committed 14336K, reserved 1062912K
  class space    used 1569K, capacity 1672K, committed 1792K, reserved 1048576K
}
Event: 70.455 GC heap before
{Heap before GC invocations=7 (full 1):
 PSYoungGen      total 18432K, used 18416K [0x00000000eb900000, 0x00000000ecd80000, 0x0000000100000000)
  eden space 15872K, 100% used [0x00000000eb900000,0x00000000ec880000,0x00000000ec880000)
  from space 2560K, 99% used [0x00000000ec880000,0x00000000ecafc010,0x00000000ecb00000)
  to   space 2560K, 0% used [0x00000000ecb00000,0x00000000ecb00000,0x00000000ecd80000)
 ParOldGen       total 42496K, used 6910K [0x00000000c2a00000, 0x00000000c5380000, 0x00000000eb900000)
  object space 42496K, 16% used [0x00000000c2a00000,0x00000000c30bfb10,0x00000000c5380000)
 Metaspace       used 14187K, capacity 14600K, committed 14848K, reserved 1062912K
  class space    used 1616K, capacity 1731K, committed 1792K, reserved 1048576K
Event: 70.530 GC heap after
Heap after GC invocations=7 (full 1):
 PSYoungGen      total 16384K, used 2544K [0x00000000eb900000, 0x00000000ed180000, 0x0000000100000000)
  eden space 13824K, 0% used [0x00000000eb900000,0x00000000eb900000,0x00000000ec680000)
  from space 2560K, 99% used [0x00000000ecb00000,0x00000000ecd7c010,0x00000000ecd80000)
  to   space 4608K, 0% used [0x00000000ec680000,0x00000000ec680000,0x00000000ecb00000)
 ParOldGen       total 42496K, used 8458K [0x00000000c2a00000, 0x00000000c5380000, 0x00000000eb900000)
  object space 42496K, 19% used [0x00000000c2a00000,0x00000000c3242870,0x00000000c5380000)
 Metaspace       used 14187K, capacity 14600K, committed 14848K, reserved 1062912K
  class space    used 1616K, capacity 1731K, committed 1792K, reserved 1048576K
}
Event: 77.045 GC heap before
{Heap before GC invocations=8 (full 1):
 PSYoungGen      total 16384K, used 16368K [0x00000000eb900000, 0x00000000ed180000, 0x0000000100000000)
  eden space 13824K, 100% used [0x00000000eb900000,0x00000000ec680000,0x00000000ec680000)
  from space 2560K, 99% used [0x00000000ecb00000,0x00000000ecd7c010,0x00000000ecd80000)
  to   space 4608K, 0% used [0x00000000ec680000,0x00000000ec680000,0x00000000ecb00000)
 ParOldGen       total 42496K, used 8458K [0x00000000c2a00000, 0x00000000c5380000, 0x00000000eb900000)
  object space 42496K, 19% used [0x00000000c2a00000,0x00000000c3242870,0x00000000c5380000)
 Metaspace       used 14213K, capacity 14616K, committed 14848K, reserved 1062912K
  class space    used 1620K, capacity 1733K, committed 1792K, reserved 1048576K
Event: 77.052 GC heap after
Heap after GC invocations=8 (full 1):
 PSYoungGen      total 18432K, used 3132K [0x00000000eb900000, 0x00000000ecf80000, 0x0000000100000000)
  eden space 13824K, 0% used [0x00000000eb900000,0x00000000eb900000,0x00000000ec680000)
  from space 4608K, 67% used [0x00000000ec680000,0x00000000ec98f020,0x00000000ecb00000)
  to   space 4608K, 0% used [0x00000000ecb00000,0x00000000ecb00000,0x00000000ecf80000)
 ParOldGen       total 42496K, used 8458K [0x00000000c2a00000, 0x00000000c5380000, 0x00000000eb900000)
  object space 42496K, 19% used [0x00000000c2a00000,0x00000000c3242870,0x00000000c5380000)
 Metaspace       used 14213K, capacity 14616K, committed 14848K, reserved 1062912K
  class space    used 1620K, capacity 1733K, committed 1792K, reserved 1048576K
}
Event: 79.424 GC heap before
{Heap before GC invocations=9 (full 1):
 PSYoungGen      total 18432K, used 16956K [0x00000000eb900000, 0x00000000ecf80000, 0x0000000100000000)
  eden space 13824K, 100% used [0x00000000eb900000,0x00000000ec680000,0x00000000ec680000)
  from space 4608K, 67% used [0x00000000ec680000,0x00000000ec98f020,0x00000000ecb00000)
  to   space 4608K, 0% used [0x00000000ecb00000,0x00000000ecb00000,0x00000000ecf80000)
 ParOldGen       total 42496K, used 8458K [0x00000000c2a00000, 0x00000000c5380000, 0x00000000eb900000)
  object space 42496K, 19% used [0x00000000c2a00000,0x00000000c3242870,0x00000000c5380000)
 Metaspace       used 14228K, capacity 14622K, committed 14848K, reserved 1062912K
  class space    used 1620K, capacity 1734K, committed 1792K, reserved 1048576K
Event: 79.447 GC heap after
Heap after GC invocations=9 (full 1):
 PSYoungGen      total 17920K, used 1692K [0x00000000eb900000, 0x00000000ed080000, 0x0000000100000000)
  eden space 13312K, 0% used [0x00000000eb900000,0x00000000eb900000,0x00000000ec600000)
  from space 4608K, 36% used [0x00000000ecb00000,0x00000000ecca7020,0x00000000ecf80000)
  to   space 5120K, 0% used [0x00000000ec600000,0x00000000ec600000,0x00000000ecb00000)
 ParOldGen       total 42496K, used 9482K [0x00000000c2a00000, 0x00000000c5380000, 0x00000000eb900000)
  object space 42496K, 22% used [0x00000000c2a00000,0x00000000c3342890,0x00000000c5380000)
 Metaspace       used 14228K, capacity 14622K, committed 14848K, reserved 1062912K
  class space    used 1620K, capacity 1734K, committed 1792K, reserved 1048576K
}
Event: 88.406 GC heap before
{Heap before GC invocations=10 (full 1):
 PSYoungGen      total 17920K, used 15004K [0x00000000eb900000, 0x00000000ed080000, 0x0000000100000000)
  eden space 13312K, 100% used [0x00000000eb900000,0x00000000ec600000,0x00000000ec600000)
  from space 4608K, 36% used [0x00000000ecb00000,0x00000000ecca7020,0x00000000ecf80000)
  to   space 5120K, 0% used [0x00000000ec600000,0x00000000ec600000,0x00000000ecb00000)
 ParOldGen       total 42496K, used 9482K [0x00000000c2a00000, 0x00000000c5380000, 0x00000000eb900000)
  object space 42496K, 22% used [0x00000000c2a00000,0x00000000c3342890,0x00000000c5380000)
 Metaspace       used 14239K, capacity 14686K, committed 14848K, reserved 1062912K
  class space    used 1620K, capacity 1734K, committed 1792K, reserved 1048576K
Event: 88.421 GC heap after
Heap after GC invocations=10 (full 1):
 PSYoungGen      total 18432K, used 1282K [0x00000000eb900000, 0x00000000ed000000, 0x0000000100000000)
  eden space 13312K, 0% used [0x00000000eb900000,0x00000000eb900000,0x00000000ec600000)
  from space 5120K, 25% used [0x00000000ec600000,0x00000000ec740820,0x00000000ecb00000)
  to   space 5120K, 0% used [0x00000000ecb00000,0x00000000ecb00000,0x00000000ed000000)
 ParOldGen       total 42496K, used 10415K [0x00000000c2a00000, 0x00000000c5380000, 0x00000000eb900000)
  object space 42496K, 24% used [0x00000000c2a00000,0x00000000c342bc28,0x00000000c5380000)
 Metaspace       used 14239K, capacity 14686K, committed 14848K, reserved 1062912K
  class space    used 1620K, capacity 1734K, committed 1792K, reserved 1048576K
}
Event: 92.822 GC heap before
{Heap before GC invocations=11 (full 1):
 PSYoungGen      total 18432K, used 14594K [0x00000000eb900000, 0x00000000ed000000, 0x0000000100000000)
  eden space 13312K, 100% used [0x00000000eb900000,0x00000000ec600000,0x00000000ec600000)
  from space 5120K, 25% used [0x00000000ec600000,0x00000000ec740820,0x00000000ecb00000)
  to   space 5120K, 0% used [0x00000000ecb00000,0x00000000ecb00000,0x00000000ed000000)
 ParOldGen       total 42496K, used 10415K [0x00000000c2a00000, 0x00000000c5380000, 0x00000000eb900000)
  object space 42496K, 24% used [0x00000000c2a00000,0x00000000c342bc28,0x00000000c5380000)
 Metaspace       used 14304K, capacity 14756K, committed 14848K, reserved 1062912K
  class space    used 1622K, capacity 1735K, committed 1792K, reserved 1048576K

Deoptimization events (10 events):
Event: 77.042 Thread 0x00007f6194001000 Uncommon trap: reason=array_check action=maybe_recompile pc=0x00007f61ed69f490 method=java.io.ObjectInputStream.readArray(Z)Ljava/lang/Object; @ 415
Event: 77.089 Thread 0x00007f6194001000 Uncommon trap: reason=class_check action=maybe_recompile pc=0x00007f61ed69cb1c method=java.lang.reflect.Array.newInstance(Ljava/lang/Class;I)Ljava/lang/Object; @ 2
Event: 77.089 Thread 0x00007f6194001000 Uncommon trap: reason=class_check action=maybe_recompile pc=0x00007f61ed69cb1c method=java.lang.reflect.Array.newInstance(Ljava/lang/Class;I)Ljava/lang/Object; @ 2
Event: 77.091 Thread 0x00007f6194001000 Uncommon trap: reason=class_check action=maybe_recompile pc=0x00007f61ed69cb1c method=java.lang.reflect.Array.newInstance(Ljava/lang/Class;I)Ljava/lang/Object; @ 2
Event: 77.091 Thread 0x00007f6194001000 Uncommon trap: reason=class_check action=maybe_recompile pc=0x00007f61ed69cb1c method=java.lang.reflect.Array.newInstance(Ljava/lang/Class;I)Ljava/lang/Object; @ 2
Event: 77.288 Thread 0x00007f6194001000 Uncommon trap: reason=class_check action=maybe_recompile pc=0x00007f61ed6b0f5c method=java.lang.reflect.Array.newInstance(Ljava/lang/Class;I)Ljava/lang/Object; @ 2
Event: 91.059 Thread 0x00007f6194002800 Uncommon trap: reason=unstable_if action=reinterpret pc=0x00007f61ed64c190 method=java.io.ObjectInputStream.defaultReadFields(Ljava/lang/Object;Ljava/io/ObjectStreamClass;)V @ 49
Event: 91.062 Thread 0x00007f6194002800 Uncommon trap: reason=unstable_if action=reinterpret pc=0x00007f61ed63978c method=java.io.ObjectInputStream.defaultReadFields(Ljava/lang/Object;Ljava/io/ObjectStreamClass;)V @ 49
Event: 91.617 Thread 0x00007f6194001000 Uncommon trap: reason=unstable_if action=reinterpret pc=0x00007f61ed6ee230 method=org.evosuite.utils.generic.GenericClass.getClass(Ljava/lang/String;Ljava/lang/ClassLoader;)Ljava/lang/Class; @ 63
Event: 91.617 Thread 0x00007f6194001000 Uncommon trap: reason=unstable_if action=reinterpret pc=0x00007f61ed6611c4 method=org.evosuite.shaded.org.objectweb.asm.Type.getDescriptor(Ljava/lang/StringBuilder;Ljava/lang/Class;)V @ 39

Classes redefined (0 events):
No events

Internal exceptions (10 events):
Event: 52.206 Thread 0x00007f61fc312800 Exception <a 'java/net/ConnectException'> (0x00000000ec0ba440) thrown at [/HUDSON/workspace/8-2-build-linux-amd64/jdk8u201/12317/hotspot/src/share/vm/prims/jni.cpp, line 709]
Event: 62.206 Thread 0x00007f61fc312800 Exception <a 'java/net/ConnectException'> (0x00000000ec0baf68) thrown at [/HUDSON/workspace/8-2-build-linux-amd64/jdk8u201/12317/hotspot/src/share/vm/prims/jni.cpp, line 709]
Event: 62.217 Thread 0x00007f61fc30e800 Exception <a 'java/net/ConnectException'> (0x00000000ec099568) thrown at [/HUDSON/workspace/8-2-build-linux-amd64/jdk8u201/12317/hotspot/src/share/vm/prims/jni.cpp, line 709]
Event: 62.235 Thread 0x00007f61fc30d000 Exception <a 'java/net/ConnectException'> (0x00000000ec0aa268) thrown at [/HUDSON/workspace/8-2-build-linux-amd64/jdk8u201/12317/hotspot/src/share/vm/prims/jni.cpp, line 709]
Event: 72.207 Thread 0x00007f61fc312800 Exception <a 'java/net/ConnectException'> (0x00000000eba41668) thrown at [/HUDSON/workspace/8-2-build-linux-amd64/jdk8u201/12317/hotspot/src/share/vm/prims/jni.cpp, line 709]
Event: 72.219 Thread 0x00007f61fc30e800 Exception <a 'java/net/ConnectException'> (0x00000000eba4af08) thrown at [/HUDSON/workspace/8-2-build-linux-amd64/jdk8u201/12317/hotspot/src/share/vm/prims/jni.cpp, line 709]
Event: 72.235 Thread 0x00007f61fc30d000 Exception <a 'java/net/ConnectException'> (0x00000000eba547a8) thrown at [/HUDSON/workspace/8-2-build-linux-amd64/jdk8u201/12317/hotspot/src/share/vm/prims/jni.cpp, line 709]
Event: 82.208 Thread 0x00007f61fc312800 Exception <a 'java/net/ConnectException'> (0x00000000ebe9db60) thrown at [/HUDSON/workspace/8-2-build-linux-amd64/jdk8u201/12317/hotspot/src/share/vm/prims/jni.cpp, line 709]
Event: 82.220 Thread 0x00007f61fc30e800 Exception <a 'java/net/ConnectException'> (0x00000000ebea3b58) thrown at [/HUDSON/workspace/8-2-build-linux-amd64/jdk8u201/12317/hotspot/src/share/vm/prims/jni.cpp, line 709]
Event: 82.236 Thread 0x00007f61fc30d000 Exception <a 'java/net/ConnectException'> (0x00000000ebea9b50) thrown at [/HUDSON/workspace/8-2-build-linux-amd64/jdk8u201/12317/hotspot/src/share/vm/prims/jni.cpp, line 709]

Events (10 events):
Event: 91.062 Thread 0x00007f6194002800 DEOPT UNPACKING pc=0x00007f61ed04573a sp=0x00007f61a71eec90 mode 2
Event: 91.078 Thread 0x00007f61fc181800 flushing nmethod 0x00007f61ed2dbf10
Event: 91.078 Thread 0x00007f61fc181800 flushing nmethod 0x00007f61ed2e31d0
Event: 91.617 Thread 0x00007f6194001000 Uncommon trap: trap_request=0xffffff65 fr.pc=0x00007f61ed6ee230
Event: 91.617 Thread 0x00007f6194001000 DEOPT PACKING pc=0x00007f61ed6ee230 sp=0x00007f61a72ee400
Event: 91.617 Thread 0x00007f6194001000 DEOPT UNPACKING pc=0x00007f61ed04573a sp=0x00007f61a72ee4f8 mode 2
Event: 91.617 Thread 0x00007f6194001000 Uncommon trap: trap_request=0xffffff65 fr.pc=0x00007f61ed6611c4
Event: 91.617 Thread 0x00007f6194001000 DEOPT PACKING pc=0x00007f61ed6611c4 sp=0x00007f61a72ee530
Event: 91.617 Thread 0x00007f6194001000 DEOPT UNPACKING pc=0x00007f61ed04573a sp=0x00007f61a72ee508 mode 2
Event: 91.889 Executing VM operation: ParallelGCFailedAllocation


Dynamic libraries:
00400000-00401000 r-xp 00000000 08:01 654793                             /usr/lib/jdk/jdk1.8.0_201/bin/java
00600000-00601000 r--p 00000000 08:01 654793                             /usr/lib/jdk/jdk1.8.0_201/bin/java
00601000-00602000 rw-p 00001000 08:01 654793                             /usr/lib/jdk/jdk1.8.0_201/bin/java
00cf4000-01250000 rw-p 00000000 00:00 0                                  [heap]
c2a00000-c5380000 rw-p 00000000 00:00 0 
c5380000-eb900000 ---p 00000000 00:00 0 
eb900000-ed000000 rw-p 00000000 00:00 0 
ed800000-100000000 ---p 00000000 00:00 0 
100000000-1001c0000 rw-p 00000000 00:00 0 
1001c0000-140000000 ---p 00000000 00:00 0 
7f6164000000-7f6164021000 rw-p 00000000 00:00 0 
7f6164021000-7f6168000000 ---p 00000000 00:00 0 
7f616c000000-7f616c03a000 rw-p 00000000 00:00 0 
7f616c03a000-7f6170000000 ---p 00000000 00:00 0 
7f6170000000-7f6170021000 rw-p 00000000 00:00 0 
7f6170021000-7f6174000000 ---p 00000000 00:00 0 
7f6174000000-7f6174021000 rw-p 00000000 00:00 0 
7f6174021000-7f6178000000 ---p 00000000 00:00 0 
7f6178000000-7f6178021000 rw-p 00000000 00:00 0 
7f6178021000-7f617c000000 ---p 00000000 00:00 0 
7f617c000000-7f617c021000 rw-p 00000000 00:00 0 
7f617c021000-7f6180000000 ---p 00000000 00:00 0 
7f6180000000-7f6180021000 rw-p 00000000 00:00 0 
7f6180021000-7f6184000000 ---p 00000000 00:00 0 
7f6184000000-7f6184021000 rw-p 00000000 00:00 0 
7f6184021000-7f6188000000 ---p 00000000 00:00 0 
7f6188000000-7f6188021000 rw-p 00000000 00:00 0 
7f6188021000-7f618c000000 ---p 00000000 00:00 0 
7f618c000000-7f618c021000 rw-p 00000000 00:00 0 
7f618c021000-7f6190000000 ---p 00000000 00:00 0 
7f6190000000-7f6190021000 rw-p 00000000 00:00 0 
7f6190021000-7f6194000000 ---p 00000000 00:00 0 
7f6194000000-7f6194021000 rw-p 00000000 00:00 0 
7f6194021000-7f6198000000 ---p 00000000 00:00 0 
7f6198000000-7f6198021000 rw-p 00000000 00:00 0 
7f6198021000-7f619c000000 ---p 00000000 00:00 0 
7f619c000000-7f619c021000 rw-p 00000000 00:00 0 
7f619c021000-7f61a0000000 ---p 00000000 00:00 0 
7f61a0000000-7f61a0021000 rw-p 00000000 00:00 0 
7f61a0021000-7f61a4000000 ---p 00000000 00:00 0 
7f61a6cf1000-7f61a6db1000 rw-p 00000000 00:00 0 
7f61a6db1000-7f61a6ef1000 ---p 00000000 00:00 0 
7f61a6ef1000-7f61a70f1000 rw-p 00000000 00:00 0 
7f61a70f1000-7f61a70f4000 ---p 00000000 00:00 0 
7f61a70f4000-7f61a71f2000 rw-p 00000000 00:00 0 
7f61a71f2000-7f61a71f5000 ---p 00000000 00:00 0 
7f61a71f5000-7f61a72f3000 rw-p 00000000 00:00 0 
7f61a72f3000-7f61a72f6000 ---p 00000000 00:00 0 
7f61a72f6000-7f61a73f4000 rw-p 00000000 00:00 0 
7f61a73f4000-7f61a73f7000 ---p 00000000 00:00 0 
7f61a73f7000-7f61a74f5000 rw-p 00000000 00:00 0 
7f61a74f5000-7f61a74f8000 ---p 00000000 00:00 0 
7f61a74f8000-7f61a75f6000 rw-p 00000000 00:00 0 
7f61a75f6000-7f61a75f9000 ---p 00000000 00:00 0 
7f61a75f9000-7f61a76f7000 rw-p 00000000 00:00 0 
7f61a76f7000-7f61a76fa000 ---p 00000000 00:00 0 
7f61a76fa000-7f61a77f8000 rw-p 00000000 00:00 0 
7f61a77f8000-7f61a77fb000 ---p 00000000 00:00 0 
7f61a77fb000-7f61a78f9000 rw-p 00000000 00:00 0 
7f61a78f9000-7f61a78fc000 ---p 00000000 00:00 0 
7f61a78fc000-7f61a79fa000 rw-p 00000000 00:00 0 
7f61a79fa000-7f61a79fd000 ---p 00000000 00:00 0 
7f61a79fd000-7f61a7afb000 rw-p 00000000 00:00 0 
7f61a7afb000-7f61a7afe000 ---p 00000000 00:00 0 
7f61a7afe000-7f61a7bfc000 rw-p 00000000 00:00 0 
7f61a7bfc000-7f61a7bff000 ---p 00000000 00:00 0 
7f61a7bff000-7f61a7cfd000 rw-p 00000000 00:00 0 
7f61a7cfd000-7f61a7d00000 ---p 00000000 00:00 0 
7f61a7d00000-7f61a7dfe000 rw-p 00000000 00:00 0 
7f61a7dfe000-7f61a7e01000 ---p 00000000 00:00 0 
7f61a7e01000-7f61a7eff000 rw-p 00000000 00:00 0 
7f61a7eff000-7f61a7f02000 ---p 00000000 00:00 0 
7f61a7f02000-7f61a8000000 rw-p 00000000 00:00 0 
7f61a8000000-7f61a8021000 rw-p 00000000 00:00 0 
7f61a8021000-7f61ac000000 ---p 00000000 00:00 0 
7f61ac000000-7f61ac021000 rw-p 00000000 00:00 0 
7f61ac021000-7f61b0000000 ---p 00000000 00:00 0 
7f61b0000000-7f61b0021000 rw-p 00000000 00:00 0 
7f61b0021000-7f61b4000000 ---p 00000000 00:00 0 
7f61b4000000-7f61b4021000 rw-p 00000000 00:00 0 
7f61b4021000-7f61b8000000 ---p 00000000 00:00 0 
7f61b8000000-7f61b881a000 rw-p 00000000 00:00 0 
7f61b881a000-7f61bc000000 ---p 00000000 00:00 0 
7f61bc000000-7f61bc978000 rw-p 00000000 00:00 0 
7f61bc978000-7f61c0000000 ---p 00000000 00:00 0 
7f61c0000000-7f61c0021000 rw-p 00000000 00:00 0 
7f61c0021000-7f61c4000000 ---p 00000000 00:00 0 
7f61c4000000-7f61c4a10000 rw-p 00000000 00:00 0 
7f61c4a10000-7f61c8000000 ---p 00000000 00:00 0 
7f61c8000000-7f61c8021000 rw-p 00000000 00:00 0 
7f61c8021000-7f61cc000000 ---p 00000000 00:00 0 
7f61cc000000-7f61cc021000 rw-p 00000000 00:00 0 
7f61cc021000-7f61d0000000 ---p 00000000 00:00 0 
7f61d0000000-7f61d0021000 rw-p 00000000 00:00 0 
7f61d0021000-7f61d4000000 ---p 00000000 00:00 0 
7f61d4000000-7f61d42fb000 rw-p 00000000 00:00 0 
7f61d42fb000-7f61d8000000 ---p 00000000 00:00 0 
7f61d8000000-7f61d8021000 rw-p 00000000 00:00 0 
7f61d8021000-7f61dc000000 ---p 00000000 00:00 0 
7f61dc0ad000-7f61dc2ad000 rw-p 00000000 00:00 0 
7f61dc2ad000-7f61dc2b0000 ---p 00000000 00:00 0 
7f61dc2b0000-7f61dc3ae000 rw-p 00000000 00:00 0 
7f61dc3ae000-7f61dc3b1000 ---p 00000000 00:00 0 
7f61dc3b1000-7f61dc4af000 rw-p 00000000 00:00 0 
7f61dc4af000-7f61dc4b2000 ---p 00000000 00:00 0 
7f61dc4b2000-7f61df5b1000 rw-p 00000000 00:00 0 
7f61df5b1000-7f61df5c7000 r-xp 00000000 08:01 656512                     /usr/lib/jdk/jdk1.8.0_201/jre/lib/amd64/libnet.so
7f61df5c7000-7f61df7c7000 ---p 00016000 08:01 656512                     /usr/lib/jdk/jdk1.8.0_201/jre/lib/amd64/libnet.so
7f61df7c7000-7f61df7c8000 r--p 00016000 08:01 656512                     /usr/lib/jdk/jdk1.8.0_201/jre/lib/amd64/libnet.so
7f61df7c8000-7f61df7c9000 rw-p 00017000 08:01 656512                     /usr/lib/jdk/jdk1.8.0_201/jre/lib/amd64/libnet.so
7f61df7c9000-7f61df9fa000 r--s 01bb1000 08:01 403225                     /home/hewitt/work/DiffTGen-master/lib/evosuite-1.0.6.jar
7f61df9fa000-7f61df9fb000 ---p 00000000 00:00 0 
7f61df9fb000-7f61dfafb000 rw-p 00000000 00:00 0 
7f61dfafb000-7f61dfafe000 ---p 00000000 00:00 0 
7f61dfafe000-7f61dfbfc000 rw-p 00000000 00:00 0 
7f61dfbfc000-7f61dfbff000 ---p 00000000 00:00 0 
7f61dfbff000-7f61dfcfd000 rw-p 00000000 00:00 0 
7f61dfcfd000-7f61dfd00000 ---p 00000000 00:00 0 
7f61dfd00000-7f61dfdfe000 rw-p 00000000 00:00 0 
7f61dfdfe000-7f61dfe01000 ---p 00000000 00:00 0 
7f61dfe01000-7f61dfeff000 rw-p 00000000 00:00 0 
7f61dfeff000-7f61dff02000 ---p 00000000 00:00 0 
7f61dff02000-7f61e0000000 rw-p 00000000 00:00 0 
7f61e0000000-7f61e0021000 rw-p 00000000 00:00 0 
7f61e0021000-7f61e4000000 ---p 00000000 00:00 0 
7f61e4078000-7f61e4082000 r--s 00116000 08:01 656361                     /usr/lib/jdk/jdk1.8.0_201/jre/lib/ext/localedata.jar
7f61e4082000-7f61e4a41000 r--p 00000000 08:01 270368                     /usr/lib/locale/locale-archive
7f61e4a41000-7f61e4a44000 ---p 00000000 00:00 0 
7f61e4a44000-7f61e4b42000 rw-p 00000000 00:00 0 
7f61e4b42000-7f61e4b45000 ---p 00000000 00:00 0 
7f61e4b45000-7f61e4c43000 rw-p 00000000 00:00 0 
7f61e4c43000-7f61e4c44000 ---p 00000000 00:00 0 
7f61e4c44000-7f61e8000000 rw-p 00000000 00:00 0 
7f61e8000000-7f61e8021000 rw-p 00000000 00:00 0 
7f61e8021000-7f61ec000000 ---p 00000000 00:00 0 
7f61ec005000-7f61ec008000 ---p 00000000 00:00 0 
7f61ec008000-7f61ec03e000 rw-p 00000000 00:00 0 
7f61ec03e000-7f61ec0b7000 r--s 010fd000 08:01 654900                     /usr/lib/jdk/jdk1.8.0_201/lib/tools.jar
7f61ec0b7000-7f61ec3ba000 rw-p 00000000 00:00 0 
7f61ec3ba000-7f61ec594000 r--s 03d6f000 08:01 656293                     /usr/lib/jdk/jdk1.8.0_201/jre/lib/rt.jar
7f61ec594000-7f61ec7f5000 rw-p 00000000 00:00 0 
7f61ec7f5000-7f61ec7f6000 ---p 00000000 00:00 0 
7f61ec7f6000-7f61ec8f6000 rw-p 00000000 00:00 0 
7f61ec8f6000-7f61ec8f7000 ---p 00000000 00:00 0 
7f61ec8f7000-7f61ec9f7000 rw-p 00000000 00:00 0 
7f61ec9f7000-7f61ec9f8000 ---p 00000000 00:00 0 
7f61ec9f8000-7f61ecb0d000 rw-p 00000000 00:00 0 
7f61ecb0d000-7f61ecc40000 ---p 00000000 00:00 0 
7f61ecc40000-7f61ecc5c000 rw-p 00000000 00:00 0 
7f61ecc5c000-7f61ed000000 ---p 00000000 00:00 0 
7f61ed000000-7f61ed700000 rwxp 00000000 00:00 0 
7f61ed700000-7f61fc000000 ---p 00000000 00:00 0 
7f61fc000000-7f61fc4df000 rw-p 00000000 00:00 0 
7f61fc4df000-7f6200000000 ---p 00000000 00:00 0 
7f6200005000-7f6200006000 ---p 00000000 00:00 0 
7f6200006000-7f620011b000 rw-p 00000000 00:00 0 
7f620011b000-7f620024d000 ---p 00000000 00:00 0 
7f620024d000-7f6200259000 rw-p 00000000 00:00 0 
7f6200259000-7f62002f1000 ---p 00000000 00:00 0 
7f62002f1000-7f62002f2000 rw-p 00000000 00:00 0 
7f62002f2000-7f620030d000 r-xp 00000000 08:01 656508                     /usr/lib/jdk/jdk1.8.0_201/jre/lib/amd64/libzip.so
7f620030d000-7f620050c000 ---p 0001b000 08:01 656508                     /usr/lib/jdk/jdk1.8.0_201/jre/lib/amd64/libzip.so
7f620050c000-7f620050d000 r--p 0001a000 08:01 656508                     /usr/lib/jdk/jdk1.8.0_201/jre/lib/amd64/libzip.so
7f620050d000-7f620050e000 rw-p 0001b000 08:01 656508                     /usr/lib/jdk/jdk1.8.0_201/jre/lib/amd64/libzip.so
7f620050e000-7f6200519000 r-xp 00000000 08:01 658902                     /lib/x86_64-linux-gnu/libnss_files-2.23.so
7f6200519000-7f6200718000 ---p 0000b000 08:01 658902                     /lib/x86_64-linux-gnu/libnss_files-2.23.so
7f6200718000-7f6200719000 r--p 0000a000 08:01 658902                     /lib/x86_64-linux-gnu/libnss_files-2.23.so
7f6200719000-7f620071a000 rw-p 0000b000 08:01 658902                     /lib/x86_64-linux-gnu/libnss_files-2.23.so
7f620071a000-7f6200720000 rw-p 00000000 00:00 0 
7f6200720000-7f620072b000 r-xp 00000000 08:01 658912                     /lib/x86_64-linux-gnu/libnss_nis-2.23.so
7f620072b000-7f620092a000 ---p 0000b000 08:01 658912                     /lib/x86_64-linux-gnu/libnss_nis-2.23.so
7f620092a000-7f620092b000 r--p 0000a000 08:01 658912                     /lib/x86_64-linux-gnu/libnss_nis-2.23.so
7f620092b000-7f620092c000 rw-p 0000b000 08:01 658912                     /lib/x86_64-linux-gnu/libnss_nis-2.23.so
7f620092c000-7f6200942000 r-xp 00000000 08:01 658896                     /lib/x86_64-linux-gnu/libnsl-2.23.so
7f6200942000-7f6200b41000 ---p 00016000 08:01 658896                     /lib/x86_64-linux-gnu/libnsl-2.23.so
7f6200b41000-7f6200b42000 r--p 00015000 08:01 658896                     /lib/x86_64-linux-gnu/libnsl-2.23.so
7f6200b42000-7f6200b43000 rw-p 00016000 08:01 658896                     /lib/x86_64-linux-gnu/libnsl-2.23.so
7f6200b43000-7f6200b45000 rw-p 00000000 00:00 0 
7f6200b45000-7f6200b4d000 r-xp 00000000 08:01 658898                     /lib/x86_64-linux-gnu/libnss_compat-2.23.so
7f6200b4d000-7f6200d4c000 ---p 00008000 08:01 658898                     /lib/x86_64-linux-gnu/libnss_compat-2.23.so
7f6200d4c000-7f6200d4d000 r--p 00007000 08:01 658898                     /lib/x86_64-linux-gnu/libnss_compat-2.23.so
7f6200d4d000-7f6200d4e000 rw-p 00008000 08:01 658898                     /lib/x86_64-linux-gnu/libnss_compat-2.23.so
7f6200d4e000-7f6200d7a000 r-xp 00000000 08:01 656502                     /usr/lib/jdk/jdk1.8.0_201/jre/lib/amd64/libjava.so
7f6200d7a000-7f6200f7a000 ---p 0002c000 08:01 656502                     /usr/lib/jdk/jdk1.8.0_201/jre/lib/amd64/libjava.so
7f6200f7a000-7f6200f7b000 r--p 0002c000 08:01 656502                     /usr/lib/jdk/jdk1.8.0_201/jre/lib/amd64/libjava.so
7f6200f7b000-7f6200f7d000 rw-p 0002d000 08:01 656502                     /usr/lib/jdk/jdk1.8.0_201/jre/lib/amd64/libjava.so
7f6200f7d000-7f6200f8a000 r-xp 00000000 08:01 656507                     /usr/lib/jdk/jdk1.8.0_201/jre/lib/amd64/libverify.so
7f6200f8a000-7f6201189000 ---p 0000d000 08:01 656507                     /usr/lib/jdk/jdk1.8.0_201/jre/lib/amd64/libverify.so
7f6201189000-7f620118b000 r--p 0000c000 08:01 656507                     /usr/lib/jdk/jdk1.8.0_201/jre/lib/amd64/libverify.so
7f620118b000-7f620118c000 rw-p 0000e000 08:01 656507                     /usr/lib/jdk/jdk1.8.0_201/jre/lib/amd64/libverify.so
7f620118c000-7f6201193000 r-xp 00000000 08:01 658957                     /lib/x86_64-linux-gnu/librt-2.23.so
7f6201193000-7f6201392000 ---p 00007000 08:01 658957                     /lib/x86_64-linux-gnu/librt-2.23.so
7f6201392000-7f6201393000 r--p 00006000 08:01 658957                     /lib/x86_64-linux-gnu/librt-2.23.so
7f6201393000-7f6201394000 rw-p 00007000 08:01 658957                     /lib/x86_64-linux-gnu/librt-2.23.so
7f6201394000-7f620149c000 r-xp 00000000 08:01 658873                     /lib/x86_64-linux-gnu/libm-2.23.so
7f620149c000-7f620169b000 ---p 00108000 08:01 658873                     /lib/x86_64-linux-gnu/libm-2.23.so
7f620169b000-7f620169c000 r--p 00107000 08:01 658873                     /lib/x86_64-linux-gnu/libm-2.23.so
7f620169c000-7f620169d000 rw-p 00108000 08:01 658873                     /lib/x86_64-linux-gnu/libm-2.23.so
7f620169d000-7f6202385000 r-xp 00000000 08:01 656484                     /usr/lib/jdk/jdk1.8.0_201/jre/lib/amd64/server/libjvm.so
7f6202385000-7f6202584000 ---p 00ce8000 08:01 656484                     /usr/lib/jdk/jdk1.8.0_201/jre/lib/amd64/server/libjvm.so
7f6202584000-7f620261a000 r--p 00ce7000 08:01 656484                     /usr/lib/jdk/jdk1.8.0_201/jre/lib/amd64/server/libjvm.so
7f620261a000-7f620264b000 rw-p 00d7d000 08:01 656484                     /usr/lib/jdk/jdk1.8.0_201/jre/lib/amd64/server/libjvm.so
7f620264b000-7f6202686000 rw-p 00000000 00:00 0 
7f6202686000-7f6202846000 r-xp 00000000 08:01 658803                     /lib/x86_64-linux-gnu/libc-2.23.so
7f6202846000-7f6202a46000 ---p 001c0000 08:01 658803                     /lib/x86_64-linux-gnu/libc-2.23.so
7f6202a46000-7f6202a4a000 r--p 001c0000 08:01 658803                     /lib/x86_64-linux-gnu/libc-2.23.so
7f6202a4a000-7f6202a4c000 rw-p 001c4000 08:01 658803                     /lib/x86_64-linux-gnu/libc-2.23.so
7f6202a4c000-7f6202a50000 rw-p 00000000 00:00 0 
7f6202a50000-7f6202a53000 r-xp 00000000 08:01 658827                     /lib/x86_64-linux-gnu/libdl-2.23.so
7f6202a53000-7f6202c52000 ---p 00003000 08:01 658827                     /lib/x86_64-linux-gnu/libdl-2.23.so
7f6202c52000-7f6202c53000 r--p 00002000 08:01 658827                     /lib/x86_64-linux-gnu/libdl-2.23.so
7f6202c53000-7f6202c54000 rw-p 00003000 08:01 658827                     /lib/x86_64-linux-gnu/libdl-2.23.so
7f6202c54000-7f6202c6b000 r-xp 00000000 08:01 656155                     /usr/lib/jdk/jdk1.8.0_201/lib/amd64/jli/libjli.so
7f6202c6b000-7f6202e6a000 ---p 00017000 08:01 656155                     /usr/lib/jdk/jdk1.8.0_201/lib/amd64/jli/libjli.so
7f6202e6a000-7f6202e6b000 r--p 00016000 08:01 656155                     /usr/lib/jdk/jdk1.8.0_201/lib/amd64/jli/libjli.so
7f6202e6b000-7f6202e6c000 rw-p 00017000 08:01 656155                     /usr/lib/jdk/jdk1.8.0_201/lib/amd64/jli/libjli.so
7f6202e6c000-7f6202e84000 r-xp 00000000 08:01 658949                     /lib/x86_64-linux-gnu/libpthread-2.23.so
7f6202e84000-7f6203083000 ---p 00018000 08:01 658949                     /lib/x86_64-linux-gnu/libpthread-2.23.so
7f6203083000-7f6203084000 r--p 00017000 08:01 658949                     /lib/x86_64-linux-gnu/libpthread-2.23.so
7f6203084000-7f6203085000 rw-p 00018000 08:01 658949                     /lib/x86_64-linux-gnu/libpthread-2.23.so
7f6203085000-7f6203089000 rw-p 00000000 00:00 0 
7f6203089000-7f62030af000 r-xp 00000000 08:01 658775                     /lib/x86_64-linux-gnu/ld-2.23.so
7f62030b3000-7f62030cf000 r--s 00393000 08:01 656354                     /usr/lib/jdk/jdk1.8.0_201/jre/lib/ext/cldrdata.jar
7f62030cf000-7f62030d3000 r--s 000a1000 08:01 656350                     /usr/lib/jdk/jdk1.8.0_201/jre/lib/jsse.jar
7f62030d3000-7f6203191000 rw-p 00000000 00:00 0 
7f6203191000-7f6203194000 ---p 00000000 00:00 0 
7f6203194000-7f6203297000 rw-p 00000000 00:00 0 
7f6203297000-7f620329f000 r--s 0006e000 08:01 398946                     /home/hewitt/work/DiffTGen-master/lib/commons-lang3-3.5.jar
7f620329f000-7f62032a0000 r--s 00000000 08:01 398951                     /home/hewitt/work/DiffTGen-master/lib/myprinter.jar
7f62032a0000-7f62032a4000 r--s 0003a000 08:01 440311                     /home/hewitt/work/DiffTGen-master/output/patch4-Lang-51-Jaid/Lang_51_4_jaid/target/build/classes/all0.jar
7f62032a4000-7f62032ac000 rw-s 00000000 08:01 159370                     /tmp/hsperfdata_hewitt/24411
7f62032ac000-7f62032ad000 rw-p 00000000 00:00 0 
7f62032ad000-7f62032ae000 ---p 00000000 00:00 0 
7f62032ae000-7f62032af000 r--p 00025000 08:01 658775                     /lib/x86_64-linux-gnu/ld-2.23.so
7f62032af000-7f62032b0000 rw-p 00026000 08:01 658775                     /lib/x86_64-linux-gnu/ld-2.23.so
7f62032b0000-7f62032b1000 rw-p 00000000 00:00 0 
7ffe6f8ac000-7ffe6f8ce000 rw-p 00000000 00:00 0                          [stack]
7ffe6f976000-7ffe6f979000 r--p 00000000 00:00 0                          [vvar]
7ffe6f979000-7ffe6f97b000 r-xp 00000000 00:00 0                          [vdso]
ffffffffff600000-ffffffffff601000 r-xp 00000000 00:00 0                  [vsyscall]

VM Arguments:
java_command: /home/hewitt/work/DiffTGen-master/lib/evosuite-1.0.6.jar -base_dir /home/hewitt/work/DiffTGen-master/output/patch4-Lang-51-Jaid/Lang_51_4_jaid/target/0/22 -projectCP /home/hewitt/work/DiffTGen-master/output/patch4-Lang-51-Jaid/Lang_51_4_jaid/target/build/classes/all0.jar:/home/hewitt/work/DiffTGen-master/lib/myprinter.jar:/home/hewitt/work/DiffTGen-master/lib/commons-lang3-3.5.jar -class org.apache.commons.lang.BooleanUtils -Dassertions=false -Dsearch_budget=60
java_class_path (initial): /home/hewitt/work/DiffTGen-master/lib/evosuite-1.0.6.jar
Launcher Type: SUN_STANDARD

Environment Variables:
JAVA_HOME=/usr/lib/jdk/jdk1.8.0_201
JRE_HOME=/usr/lib/jdk/jdk1.8.0_201/jre
CLASSPATH=.:/usr/lib/jdk/jdk1.8.0_201/lib:/usr/lib/jdk/jdk1.8.0_201/jre/lib
PATH=/usr/lib/jdk/jdk1.8.0_201/bin:/home/hewitt/bin:/home/hewitt/.local/bin:/usr/lib/jdk/jdk1.7.0_80/bin:/usr/local/sbin:/usr/local/bin:/usr/sbin:/usr/bin:/sbin:/bin:/usr/games:/usr/local/games:/snap/bin:/home/hewitt/work/defects4j_v1.4.0/defects4j/framework/bin:/opt/apache-ant-1.9.14/bin:/home/hewitt/work/defects4j_v1.4.0/defects4j/framework/bin
SHELL=/bin/bash
DISPLAY=:0

Signal Handlers:
SIGSEGV: [libjvm.so+0xad3e60], sa_mask[0]=11111111011111111101111111111110, sa_flags=SA_RESTART|SA_SIGINFO
SIGBUS: [libjvm.so+0xad3e60], sa_mask[0]=11111111011111111101111111111110, sa_flags=SA_RESTART|SA_SIGINFO
SIGFPE: [libjvm.so+0x90b880], sa_mask[0]=11111111011111111101111111111110, sa_flags=SA_RESTART|SA_SIGINFO
SIGPIPE: [libjvm.so+0x90b880], sa_mask[0]=11111111011111111101111111111110, sa_flags=SA_RESTART|SA_SIGINFO
SIGXFSZ: [libjvm.so+0x90b880], sa_mask[0]=11111111011111111101111111111110, sa_flags=SA_RESTART|SA_SIGINFO
SIGILL: [libjvm.so+0x90b880], sa_mask[0]=11111111011111111101111111111110, sa_flags=SA_RESTART|SA_SIGINFO
SIGUSR1: SIG_DFL, sa_mask[0]=00000000000000000000000000000000, sa_flags=none
SIGUSR2: [libjvm.so+0x90b750], sa_mask[0]=00100000000000000000000000000000, sa_flags=SA_RESTART|SA_SIGINFO
SIGHUP: [libjvm.so+0x90bd70], sa_mask[0]=11111111011111111101111111111110, sa_flags=SA_RESTART|SA_SIGINFO
SIGINT: [libjvm.so+0x90bd70], sa_mask[0]=11111111011111111101111111111110, sa_flags=SA_RESTART|SA_SIGINFO
SIGTERM: [libjvm.so+0x90bd70], sa_mask[0]=11111111011111111101111111111110, sa_flags=SA_RESTART|SA_SIGINFO
SIGQUIT: [libjvm.so+0x90bd70], sa_mask[0]=11111111011111111101111111111110, sa_flags=SA_RESTART|SA_SIGINFO


---------------  S Y S T E M  ---------------

OS:DISTRIB_ID=Ubuntu
DISTRIB_RELEASE=16.04
DISTRIB_CODENAME=xenial
DISTRIB_DESCRIPTION="Ubuntu 16.04.6 LTS"

uname:Linux 4.15.0-91-generic #92~16.04.1-Ubuntu SMP Fri Feb 28 14:57:22 UTC 2020 x86_64
libc:glibc 2.23 NPTL 2.23 
rlimit: STACK 8192k, CORE 0k, NPROC 15448, NOFILE 1048576, AS infinity
load average:29.68 22.86 19.77

/proc/meminfo:
MemTotal:        4015928 kB
MemFree:          641476 kB
MemAvailable:     551264 kB
Buffers:            1288 kB
Cached:            27584 kB
SwapCached:         1272 kB
Active:          2440544 kB
Inactive:         493736 kB
Active(anon):    2433756 kB
Inactive(anon):   473484 kB
Active(file):       6788 kB
Inactive(file):    20252 kB
Unevictable:          48 kB
Mlocked:              48 kB
SwapTotal:        998396 kB
SwapFree:          27692 kB
Dirty:               168 kB
Writeback:          1132 kB
AnonPages:       2905020 kB
Mapped:            22700 kB
Shmem:              1724 kB
Slab:              93156 kB
SReclaimable:      33480 kB
SUnreclaim:        59676 kB
KernelStack:       15040 kB
PageTables:        41852 kB
NFS_Unstable:          0 kB
Bounce:                0 kB
WritebackTmp:          0 kB
CommitLimit:     3006360 kB
Committed_AS:    8564060 kB
VmallocTotal:   34359738367 kB
VmallocUsed:           0 kB
VmallocChunk:          0 kB
HardwareCorrupted:     0 kB
AnonHugePages:         0 kB
ShmemHugePages:        0 kB
ShmemPmdMapped:        0 kB
CmaTotal:              0 kB
CmaFree:               0 kB
HugePages_Total:       0
HugePages_Free:        0
HugePages_Rsvd:        0
HugePages_Surp:        0
Hugepagesize:       2048 kB
DirectMap4k:       98112 kB
DirectMap2M:     4096000 kB
DirectMap1G:     2097152 kB

container (cgroup) information:
container_type: cgroupv1
cpu_cpuset_cpus: 0-3
cpu_memory_nodes: 0
active_processor_count: 4
cpu_quota: -1
cpu_period: 100000
cpu_shares: -1
memory_limit_in_bytes: -1
memory_and_swap_limit_in_bytes: -2
memory_soft_limit_in_bytes: -1
memory_usage_in_bytes: 3005497344
memory_max_usage_in_bytes: 84226048


CPU:total 4 (initial active 4) (2 cores per cpu, 1 threads per core) family 6 model 158 stepping 9, cmov, cx8, fxsr, mmx, sse, sse2, sse3, ssse3, sse4.1, sse4.2, popcnt, avx, avx2, aes, clmul, erms, 3dnowpref, lzcnt, tsc, tscinvbit, bmi1, bmi2, adx

/proc/cpuinfo:
processor	: 0
vendor_id	: GenuineIntel
cpu family	: 6
model		: 158
model name	: Intel(R) Core(TM) i7-7700HQ CPU @ 2.80GHz
stepping	: 9
microcode	: 0xb4
cpu MHz		: 2808.002
cache size	: 6144 KB
physical id	: 0
siblings	: 2
core id		: 0
cpu cores	: 2
apicid		: 0
initial apicid	: 0
fpu		: yes
fpu_exception	: yes
cpuid level	: 22
wp		: yes
flags		: fpu vme de pse tsc msr pae mce cx8 apic sep mtrr pge mca cmov pat pse36 clflush mmx fxsr sse sse2 ss ht syscall nx pdpe1gb rdtscp lm constant_tsc arch_perfmon nopl xtopology tsc_reliable nonstop_tsc cpuid pni pclmulqdq ssse3 fma cx16 pcid sse4_1 sse4_2 x2apic movbe popcnt tsc_deadline_timer aes xsave avx f16c rdrand hypervisor lahf_lm abm 3dnowprefetch cpuid_fault invpcid_single pti ssbd ibrs ibpb stibp fsgsbase tsc_adjust bmi1 avx2 smep bmi2 invpcid mpx rdseed adx smap clflushopt xsaveopt xsavec xsaves arat md_clear flush_l1d arch_capabilities
bugs		: cpu_meltdown spectre_v1 spectre_v2 spec_store_bypass l1tf mds swapgs itlb_multihit
bogomips	: 5616.00
clflush size	: 64
cache_alignment	: 64
address sizes	: 43 bits physical, 48 bits virtual
power management:

processor	: 1
vendor_id	: GenuineIntel
cpu family	: 6
model		: 158
model name	: Intel(R) Core(TM) i7-7700HQ CPU @ 2.80GHz
stepping	: 9
microcode	: 0xb4
cpu MHz		: 2808.002
cache size	: 6144 KB
physical id	: 0
siblings	: 2
core id		: 1
cpu cores	: 2
apicid		: 1
initial apicid	: 1
fpu		: yes
fpu_exception	: yes
cpuid level	: 22
wp		: yes
flags		: fpu vme de pse tsc msr pae mce cx8 apic sep mtrr pge mca cmov pat pse36 clflush mmx fxsr sse sse2 ss ht syscall nx pdpe1gb rdtscp lm constant_tsc arch_perfmon nopl xtopology tsc_reliable nonstop_tsc cpuid pni pclmulqdq ssse3 fma cx16 pcid sse4_1 sse4_2 x2apic movbe popcnt tsc_deadline_timer aes xsave avx f16c rdrand hypervisor lahf_lm abm 3dnowprefetch cpuid_fault invpcid_single pti ssbd ibrs ibpb stibp fsgsbase tsc_adjust bmi1 avx2 smep bmi2 invpcid mpx rdseed adx smap clflushopt xsaveopt xsavec xsaves arat md_clear flush_l1d arch_capabilities
bugs		: cpu_meltdown spectre_v1 spectre_v2 spec_store_bypass l1tf mds swapgs itlb_multihit
bogomips	: 5616.00
clflush size	: 64
cache_alignment	: 64
address sizes	: 43 bits physical, 48 bits virtual
power management:

processor	: 2
vendor_id	: GenuineIntel
cpu family	: 6
model		: 158
model name	: Intel(R) Core(TM) i7-7700HQ CPU @ 2.80GHz
stepping	: 9
microcode	: 0xb4
cpu MHz		: 2808.002
cache size	: 6144 KB
physical id	: 1
siblings	: 2
core id		: 0
cpu cores	: 2
apicid		: 2
initial apicid	: 2
fpu		: yes
fpu_exception	: yes
cpuid level	: 22
wp		: yes
flags		: fpu vme de pse tsc msr pae mce cx8 apic sep mtrr pge mca cmov pat pse36 clflush mmx fxsr sse sse2 ss ht syscall nx pdpe1gb rdtscp lm constant_tsc arch_perfmon nopl xtopology tsc_reliable nonstop_tsc cpuid pni pclmulqdq ssse3 fma cx16 pcid sse4_1 sse4_2 x2apic movbe popcnt tsc_deadline_timer aes xsave avx f16c rdrand hypervisor lahf_lm abm 3dnowprefetch cpuid_fault invpcid_single pti ssbd ibrs ibpb stibp fsgsbase tsc_adjust bmi1 avx2 smep bmi2 invpcid mpx rdseed adx smap clflushopt xsaveopt xsavec xsaves arat md_clear flush_l1d arch_capabilities
bugs		: cpu_meltdown spectre_v1 spectre_v2 spec_store_bypass l1tf mds swapgs itlb_multihit
bogomips	: 5616.00
clflush size	: 64
cache_alignment	: 64
address sizes	: 43 bits physical, 48 bits virtual
power management:

processor	: 3
vendor_id	: GenuineIntel
cpu family	: 6
model		: 158
model name	: Intel(R) Core(TM) i7-7700HQ CPU @ 2.80GHz
stepping	: 9
microcode	: 0xb4
cpu MHz		: 2808.002
cache size	: 6144 KB
physical id	: 1
siblings	: 2
core id		: 1
cpu cores	: 2
apicid		: 3
initial apicid	: 3
fpu		: yes
fpu_exception	: yes
cpuid level	: 22
wp		: yes
flags		: fpu vme de pse tsc msr pae mce cx8 apic sep mtrr pge mca cmov pat pse36 clflush mmx fxsr sse sse2 ss ht syscall nx pdpe1gb rdtscp lm constant_tsc arch_perfmon nopl xtopology tsc_reliable nonstop_tsc cpuid pni pclmulqdq ssse3 fma cx16 pcid sse4_1 sse4_2 x2apic movbe popcnt tsc_deadline_timer aes xsave avx f16c rdrand hypervisor lahf_lm abm 3dnowprefetch cpuid_fault invpcid_single pti ssbd ibrs ibpb stibp fsgsbase tsc_adjust bmi1 avx2 smep bmi2 invpcid mpx rdseed adx smap clflushopt xsaveopt xsavec xsaves arat md_clear flush_l1d arch_capabilities
bugs		: cpu_meltdown spectre_v1 spectre_v2 spec_store_bypass l1tf mds swapgs itlb_multihit
bogomips	: 5616.00
clflush size	: 64
cache_alignment	: 64
address sizes	: 43 bits physical, 48 bits virtual
power management:



Memory: 4k page, physical 4015928k(641476k free), swap 998396k(27692k free)

vm_info: Java HotSpot(TM) 64-Bit Server VM (25.201-b09) for linux-amd64 JRE (1.8.0_201-b09), built on Dec 15 2018 11:35:59 by "java_re" with gcc 7.3.0

time: Sun Mar 29 21:12:08 2020
timezone: CST
elapsed time: 96 seconds (0d 0h 1m 36s)

