#
# There is insufficient memory for the Java Runtime Environment to continue.
# Native memory allocation (mmap) failed to map 65536 bytes for committing reserved memory.
# Possible reasons:
#   The system is out of physical RAM or swap space
#   The process is running with CompressedOops enabled, and the Java Heap may be blocking the growth of the native heap
# Possible solutions:
#   Reduce memory load on the system
#   Increase physical memory or swap space
#   Check if swap backing store is full
#   Decrease Java heap size (-Xmx/-Xms)
#   Decrease number of Java threads
#   Decrease Java thread stack sizes (-Xss)
#   Set larger code cache with -XX:ReservedCodeCacheSize=
#   JVM is running with Unscaled Compressed Oops mode in which the Java heap is
#     placed in the first 4GB address space. The Java Heap base address is the
#     maximum limit for the native heap growth. Please use -XX:HeapBaseMinAddress
#     to set the Java Heap base and to place the Java Heap above 4GB virtual address.
# This output file may be truncated or incomplete.
#
#  Out of Memory Error (os_linux.cpp:2749), pid=17398, tid=0x00007f792353f700
#
# JRE version: Java(TM) SE Runtime Environment (8.0_201-b09) (build 1.8.0_201-b09)
# Java VM: Java HotSpot(TM) 64-Bit Server VM (25.201-b09 mixed mode linux-amd64 compressed oops)
# Failed to write core dump. Core dumps have been disabled. To enable core dumping, try "ulimit -c unlimited" before starting Java again
#

---------------  T H R E A D  ---------------

Current thread (0x00007f793c181800):  JavaThread "C2 CompilerThread0" daemon [_thread_in_vm, id=17473, stack(0x00007f792343f000,0x00007f7923540000)]

Stack: [0x00007f792343f000,0x00007f7923540000],  sp=0x00007f792353b650,  free space=1009k
Native frames: (J=compiled Java code, j=interpreted, Vv=VM code, C=native code)
V  [libjvm.so+0xad3525]  VMError::report_and_die()+0x2e5
V  [libjvm.so+0x4e0457]  report_vm_out_of_memory(char const*, int, unsigned long, VMErrorType, char const*)+0x67
V  [libjvm.so+0x9102f0]  os::pd_commit_memory(char*, unsigned long, unsigned long, bool)+0x100
V  [libjvm.so+0x90791f]  os::commit_memory(char*, unsigned long, unsigned long, bool)+0x1f
V  [libjvm.so+0xacfda0]  VirtualSpace::expand_by(unsigned long, bool)+0x140
V  [libjvm.so+0x60b99d]  CodeHeap::expand_by(unsigned long)+0x6d
V  [libjvm.so+0x45a266]  CodeCache::allocate(int, bool)+0x46
V  [libjvm.so+0x453f7a]  BufferBlob::create(char const*, int)+0x8a
V  [libjvm.so+0x45894b]  CodeBuffer::initialize(int, int)+0x1b
V  [libjvm.so+0x928cd7]  Compile::init_buffer(unsigned int*)+0x1c7
V  [libjvm.so+0x92ddd2]  Compile::Output()+0x312
V  [libjvm.so+0x47ec60]  Compile::Code_Gen()+0x2d0
V  [libjvm.so+0x480251]  Compile::Compile(ciEnv*, C2Compiler*, ciMethod*, int, bool, bool, bool)+0xd91
V  [libjvm.so+0x3c4c4a]  C2Compiler::compile_method(ciEnv*, ciMethod*, int)+0xaa
V  [libjvm.so+0x48b84c]  CompileBroker::invoke_compiler_on_method(CompileTask*)+0x73c
V  [libjvm.so+0x48d488]  CompileBroker::compiler_thread_loop()+0x6d8
V  [libjvm.so+0xa7bb6b]  JavaThread::thread_main_inner()+0xdb
V  [libjvm.so+0xa7be71]  JavaThread::run()+0x2d1
V  [libjvm.so+0x90d922]  java_start(Thread*)+0x102
C  [libpthread.so.0+0x76ba]  start_thread+0xca


Current CompileTask:
C2:  32009 1532       4       org.evosuite.graphs.cfg.BytecodeInstruction::getASMNodeString (1122 bytes)


---------------  P R O C E S S  ---------------

Java Threads: ( => current thread )
  0x00007f78dc002800 JavaThread "RMI TCP Connection(3)-127.0.0.1" daemon [_thread_blocked, id=17892, stack(0x00007f79217e0000,0x00007f79218e1000)]
  0x00007f78dc001000 JavaThread "RMI TCP Connection(2)-127.0.0.1" daemon [_thread_in_native, id=17869, stack(0x00007f79218e1000,0x00007f79219e2000)]
  0x00007f78b4038000 JavaThread "RMI Scheduler(0)" daemon [_thread_blocked, id=17865, stack(0x00007f79219e2000,0x00007f7921ae3000)]
  0x00007f78b4030800 JavaThread "RMI RenewClean-[127.0.0.1:14680]" daemon [_thread_blocked, id=17841, stack(0x00007f7921ae3000,0x00007f7921be4000)]
  0x00007f78d8001000 JavaThread "RMI TCP Connection(1)-127.0.0.1" daemon [_thread_in_native, id=17824, stack(0x00007f7921be4000,0x00007f7921ce5000)]
  0x00007f78c8005000 JavaThread "pool-3-thread-3" [_thread_in_native, id=17775, stack(0x00007f7921ce5000,0x00007f7921de6000)]
  0x00007f78c8003000 JavaThread "pool-3-thread-2" [_thread_in_native, id=17773, stack(0x00007f7921de6000,0x00007f7921ee7000)]
  0x00007f78c8002000 JavaThread "pool-3-thread-1" [_thread_in_native, id=17769, stack(0x00007f7921ee7000,0x00007f7921fe8000)]
  0x00007f793c3d0000 JavaThread "Thread-3" [_thread_in_native, id=17618, stack(0x00007f7921fe8000,0x00007f79220e9000)]
  0x00007f793c3ce000 JavaThread "Thread-2" [_thread_in_native, id=17607, stack(0x00007f79220e9000,0x00007f79221ea000)]
  0x00007f793c3cc800 JavaThread "process reaper" daemon [_thread_in_native, id=17603, stack(0x00007f792804e000,0x00007f7928087000)]
  0x00007f793c3c7000 JavaThread "pool-2-thread-1" [_thread_in_native, id=17567, stack(0x00007f79221ea000,0x00007f79222eb000)]
  0x00007f793c3c4800 JavaThread "GC Daemon" daemon [_thread_blocked, id=17565, stack(0x00007f79222eb000,0x00007f79223ec000)]
  0x00007f793c3c2000 JavaThread "RMI Reaper" [_thread_blocked, id=17550, stack(0x00007f79223ec000,0x00007f79224ed000)]
  0x00007f793c3ba800 JavaThread "RMI TCP Accept-5418" daemon [_thread_in_native, id=17546, stack(0x00007f79224ed000,0x00007f79225ee000)]
  0x00007f793c3b3800 JavaThread "RMI TCP Accept-5621" daemon [_thread_in_native, id=17539, stack(0x00007f79225ee000,0x00007f79226ef000)]
  0x00007f793c2fa800 JavaThread "logback-3" daemon [_thread_blocked, id=17524, stack(0x00007f79228ef000,0x00007f79229f0000)]
  0x00007f793c2f6800 JavaThread "logback-2" daemon [_thread_blocked, id=17520, stack(0x00007f79229f0000,0x00007f7922af1000)]
  0x00007f793c2f5000 JavaThread "logback-1" daemon [_thread_blocked, id=17517, stack(0x00007f7922af1000,0x00007f7922bf2000)]
  0x00007f793c189000 JavaThread "Service Thread" daemon [_thread_blocked, id=17506, stack(0x00007f792313c000,0x00007f792323d000)]
  0x00007f793c186000 JavaThread "C1 CompilerThread2" daemon [_thread_blocked, id=17489, stack(0x00007f792323d000,0x00007f792333e000)]
  0x00007f793c184800 JavaThread "C2 CompilerThread1" daemon [_thread_blocked, id=17477, stack(0x00007f792333e000,0x00007f792343f000)]
=>0x00007f793c181800 JavaThread "C2 CompilerThread0" daemon [_thread_in_vm, id=17473, stack(0x00007f792343f000,0x00007f7923540000)]
  0x00007f793c180000 JavaThread "Signal Dispatcher" daemon [_thread_blocked, id=17468, stack(0x00007f7923540000,0x00007f7923641000)]
  0x00007f793c14c000 JavaThread "Finalizer" daemon [_thread_blocked, id=17462, stack(0x00007f7928100000,0x00007f7928201000)]
  0x00007f793c149800 JavaThread "Reference Handler" daemon [_thread_blocked, id=17456, stack(0x00007f7928201000,0x00007f7928302000)]
  0x00007f793c00a800 JavaThread "main" [_thread_in_native, id=17409, stack(0x00007f7942797000,0x00007f7942898000)]

Other Threads:
  0x00007f793c140000 VMThread [stack: 0x00007f7928302000,0x00007f7928403000] [id=17450]
  0x00007f793c18b800 WatcherThread [stack: 0x00007f792303b000,0x00007f792313c000] [id=17510]

VM state:synchronizing (normal execution)

VM Mutex/Monitor currently owned by a thread:  ([mutex/lock_event])
[0x00007f793c0063b0] CodeCache_lock - owner thread: 0x00007f793c181800
[0x00007f793c007030] Threads_lock - owner thread: 0x00007f793c140000

heap address: 0x00000000c2a00000, size: 982 MB, Compressed Oops mode: 32-bit
Narrow klass base: 0x0000000000000000, Narrow klass shift: 3
Compressed class space size: 1073741824 Address: 0x0000000100000000

Heap:
 PSYoungGen      total 62976K, used 22400K [0x00000000eb900000, 0x00000000f0200000, 0x0000000100000000)
  eden space 60416K, 32% used [0x00000000eb900000,0x00000000ecc680b0,0x00000000ef400000)
  from space 2560K, 98% used [0x00000000ef980000,0x00000000efbf8090,0x00000000efc00000)
  to   space 5632K, 0% used [0x00000000ef400000,0x00000000ef400000,0x00000000ef980000)
 ParOldGen       total 42496K, used 12524K [0x00000000c2a00000, 0x00000000c5380000, 0x00000000eb900000)
  object space 42496K, 29% used [0x00000000c2a00000,0x00000000c363b0f0,0x00000000c5380000)
 Metaspace       used 13845K, capacity 14240K, committed 14336K, reserved 1062912K
  class space    used 1584K, capacity 1702K, committed 1792K, reserved 1048576K

Card table byte_map: [0x00007f792c201000,0x00007f792c3ed000] byte_map_base: 0x00007f792bbec000

Marking Bits: (ParMarkBitMap*) 0x00007f7941c6ed80
 Begin Bits: [0x00007f7929f4d000, 0x00007f792aea5000)
 End Bits:   [0x00007f792aea5000, 0x00007f792bdfd000)

Polling page: 0x00007f79428b3000

CodeCache: size=245760Kb used=6300Kb max_used=6300Kb free=239459Kb
 bounds [0x00007f792c7ad000, 0x00007f792cddd000, 0x00007f793b7ad000]
 total_blobs=2124 nmethods=1774 adapters=261
 compilation: enabled

Compilation events (10 events):
Event: 30.589 Thread 0x00007f793c186000 1808       3       org.evosuite.shaded.org.objectweb.asm.Type::equals (110 bytes)
Event: 30.590 Thread 0x00007f793c186000 nmethod 1808 0x00007f792cdc8110 code [0x00007f792cdc82c0, 0x00007f792cdc88b0]
Event: 30.590 Thread 0x00007f793c186000 1804   !   3       org.evosuite.setup.DependencyAnalysis::isTargetClassName (128 bytes)
Event: 30.594 Thread 0x00007f793c186000 nmethod 1804 0x00007f792cdd3190 code [0x00007f792cdd34a0, 0x00007f792cdd4cf8]
Event: 30.594 Thread 0x00007f793c186000 1812   !   2       java.io.ObjectStreamClass::readNonProxy (407 bytes)
Event: 30.606 Thread 0x00007f793c184800 nmethod 1795 0x00007f792cdd7350 code [0x00007f792cdd7500, 0x00007f792cdd7ad8]
Event: 30.607 Thread 0x00007f793c184800 1802 %     4       org.evosuite.instrumentation.coverage.MutationInstrumentation::analyze @ 657 (720 bytes)
Event: 30.608 Thread 0x00007f793c186000 nmethod 1812 0x00007f792cdd7f10 code [0x00007f792cdd8280, 0x00007f792cdd9738]
Event: 30.609 Thread 0x00007f793c186000 1811       2       java.io.ObjectInputStream::readClassDescriptor (15 bytes)
Event: 30.609 Thread 0x00007f793c186000 nmethod 1811 0x00007f792cdc7d10 code [0x00007f792cdc7e80, 0x00007f792cdc8068]

GC Heap History (10 events):
Event: 26.053 GC heap before
{Heap before GC invocations=3 (full 1):
 PSYoungGen      total 18432K, used 15872K [0x00000000eb900000, 0x00000000ecd80000, 0x0000000100000000)
  eden space 15872K, 100% used [0x00000000eb900000,0x00000000ec880000,0x00000000ec880000)
  from space 2560K, 0% used [0x00000000ec880000,0x00000000ec880000,0x00000000ecb00000)
  to   space 2560K, 0% used [0x00000000ecb00000,0x00000000ecb00000,0x00000000ecd80000)
 ParOldGen       total 42496K, used 3948K [0x00000000c2a00000, 0x00000000c5380000, 0x00000000eb900000)
  object space 42496K, 9% used [0x00000000c2a00000,0x00000000c2ddb2c8,0x00000000c5380000)
 Metaspace       used 13244K, capacity 13620K, committed 13824K, reserved 1060864K
  class space    used 1567K, capacity 1668K, committed 1792K, reserved 1048576K
Event: 26.070 GC heap after
Heap after GC invocations=3 (full 1):
 PSYoungGen      total 18432K, used 2534K [0x00000000eb900000, 0x00000000ecd80000, 0x0000000100000000)
  eden space 15872K, 0% used [0x00000000eb900000,0x00000000eb900000,0x00000000ec880000)
  from space 2560K, 98% used [0x00000000ecb00000,0x00000000ecd79830,0x00000000ecd80000)
  to   space 2560K, 0% used [0x00000000ec880000,0x00000000ec880000,0x00000000ecb00000)
 ParOldGen       total 42496K, used 6032K [0x00000000c2a00000, 0x00000000c5380000, 0x00000000eb900000)
  object space 42496K, 14% used [0x00000000c2a00000,0x00000000c2fe4338,0x00000000c5380000)
 Metaspace       used 13244K, capacity 13620K, committed 13824K, reserved 1060864K
  class space    used 1567K, capacity 1668K, committed 1792K, reserved 1048576K
}
Event: 27.367 GC heap before
{Heap before GC invocations=4 (full 1):
 PSYoungGen      total 18432K, used 18406K [0x00000000eb900000, 0x00000000ecd80000, 0x0000000100000000)
  eden space 15872K, 100% used [0x00000000eb900000,0x00000000ec880000,0x00000000ec880000)
  from space 2560K, 98% used [0x00000000ecb00000,0x00000000ecd79830,0x00000000ecd80000)
  to   space 2560K, 0% used [0x00000000ec880000,0x00000000ec880000,0x00000000ecb00000)
 ParOldGen       total 42496K, used 6032K [0x00000000c2a00000, 0x00000000c5380000, 0x00000000eb900000)
  object space 42496K, 14% used [0x00000000c2a00000,0x00000000c2fe4338,0x00000000c5380000)
 Metaspace       used 13616K, capacity 13984K, committed 14080K, reserved 1060864K
  class space    used 1584K, capacity 1702K, committed 1792K, reserved 1048576K
Event: 27.397 GC heap after
Heap after GC invocations=4 (full 1):
 PSYoungGen      total 18432K, used 2560K [0x00000000eb900000, 0x00000000edd00000, 0x0000000100000000)
  eden space 15872K, 0% used [0x00000000eb900000,0x00000000eb900000,0x00000000ec880000)
  from space 2560K, 100% used [0x00000000ec880000,0x00000000ecb00000,0x00000000ecb00000)
  to   space 2560K, 0% used [0x00000000eda80000,0x00000000eda80000,0x00000000edd00000)
 ParOldGen       total 42496K, used 7195K [0x00000000c2a00000, 0x00000000c5380000, 0x00000000eb900000)
  object space 42496K, 16% used [0x00000000c2a00000,0x00000000c3106d40,0x00000000c5380000)
 Metaspace       used 13616K, capacity 13984K, committed 14080K, reserved 1060864K
  class space    used 1584K, capacity 1702K, committed 1792K, reserved 1048576K
}
Event: 27.993 GC heap before
{Heap before GC invocations=5 (full 1):
 PSYoungGen      total 18432K, used 18432K [0x00000000eb900000, 0x00000000edd00000, 0x0000000100000000)
  eden space 15872K, 100% used [0x00000000eb900000,0x00000000ec880000,0x00000000ec880000)
  from space 2560K, 100% used [0x00000000ec880000,0x00000000ecb00000,0x00000000ecb00000)
  to   space 2560K, 0% used [0x00000000eda80000,0x00000000eda80000,0x00000000edd00000)
 ParOldGen       total 42496K, used 7195K [0x00000000c2a00000, 0x00000000c5380000, 0x00000000eb900000)
  object space 42496K, 16% used [0x00000000c2a00000,0x00000000c3106d40,0x00000000c5380000)
 Metaspace       used 13677K, capacity 14112K, committed 14336K, reserved 1062912K
  class space    used 1584K, capacity 1702K, committed 1792K, reserved 1048576K
Event: 28.016 GC heap after
Heap after GC invocations=5 (full 1):
 PSYoungGen      total 34304K, used 2560K [0x00000000eb900000, 0x00000000edd00000, 0x0000000100000000)
  eden space 31744K, 0% used [0x00000000eb900000,0x00000000eb900000,0x00000000ed800000)
  from space 2560K, 100% used [0x00000000eda80000,0x00000000edd00000,0x00000000edd00000)
  to   space 2560K, 0% used [0x00000000ed800000,0x00000000ed800000,0x00000000eda80000)
 ParOldGen       total 42496K, used 8352K [0x00000000c2a00000, 0x00000000c5380000, 0x00000000eb900000)
  object space 42496K, 19% used [0x00000000c2a00000,0x00000000c32280e8,0x00000000c5380000)
 Metaspace       used 13677K, capacity 14112K, committed 14336K, reserved 1062912K
  class space    used 1584K, capacity 1702K, committed 1792K, reserved 1048576K
}
Event: 29.197 GC heap before
{Heap before GC invocations=6 (full 1):
 PSYoungGen      total 34304K, used 34304K [0x00000000eb900000, 0x00000000edd00000, 0x0000000100000000)
  eden space 31744K, 100% used [0x00000000eb900000,0x00000000ed800000,0x00000000ed800000)
  from space 2560K, 100% used [0x00000000eda80000,0x00000000edd00000,0x00000000edd00000)
  to   space 2560K, 0% used [0x00000000ed800000,0x00000000ed800000,0x00000000eda80000)
 ParOldGen       total 42496K, used 8352K [0x00000000c2a00000, 0x00000000c5380000, 0x00000000eb900000)
  object space 42496K, 19% used [0x00000000c2a00000,0x00000000c32280e8,0x00000000c5380000)
 Metaspace       used 13781K, capacity 14176K, committed 14336K, reserved 1062912K
  class space    used 1584K, capacity 1702K, committed 1792K, reserved 1048576K
Event: 29.216 GC heap after
Heap after GC invocations=6 (full 1):
 PSYoungGen      total 34304K, used 2560K [0x00000000eb900000, 0x00000000efc00000, 0x0000000100000000)
  eden space 31744K, 0% used [0x00000000eb900000,0x00000000eb900000,0x00000000ed800000)
  from space 2560K, 100% used [0x00000000ed800000,0x00000000eda80000,0x00000000eda80000)
  to   space 2560K, 0% used [0x00000000ef980000,0x00000000ef980000,0x00000000efc00000)
 ParOldGen       total 42496K, used 10461K [0x00000000c2a00000, 0x00000000c5380000, 0x00000000eb900000)
  object space 42496K, 24% used [0x00000000c2a00000,0x00000000c3437668,0x00000000c5380000)
 Metaspace       used 13781K, capacity 14176K, committed 14336K, reserved 1062912K
  class space    used 1584K, capacity 1702K, committed 1792K, reserved 1048576K
}
Event: 30.104 GC heap before
{Heap before GC invocations=7 (full 1):
 PSYoungGen      total 34304K, used 34304K [0x00000000eb900000, 0x00000000efc00000, 0x0000000100000000)
  eden space 31744K, 100% used [0x00000000eb900000,0x00000000ed800000,0x00000000ed800000)
  from space 2560K, 100% used [0x00000000ed800000,0x00000000eda80000,0x00000000eda80000)
  to   space 2560K, 0% used [0x00000000ef980000,0x00000000ef980000,0x00000000efc00000)
 ParOldGen       total 42496K, used 10461K [0x00000000c2a00000, 0x00000000c5380000, 0x00000000eb900000)
  object space 42496K, 24% used [0x00000000c2a00000,0x00000000c3437668,0x00000000c5380000)
 Metaspace       used 13837K, capacity 14240K, committed 14336K, reserved 1062912K
  class space    used 1584K, capacity 1702K, committed 1792K, reserved 1048576K
Event: 30.126 GC heap after
Heap after GC invocations=7 (full 1):
 PSYoungGen      total 62976K, used 2528K [0x00000000eb900000, 0x00000000f0200000, 0x0000000100000000)
  eden space 60416K, 0% used [0x00000000eb900000,0x00000000eb900000,0x00000000ef400000)
  from space 2560K, 98% used [0x00000000ef980000,0x00000000efbf8090,0x00000000efc00000)
  to   space 5632K, 0% used [0x00000000ef400000,0x00000000ef400000,0x00000000ef980000)
 ParOldGen       total 42496K, used 12524K [0x00000000c2a00000, 0x00000000c5380000, 0x00000000eb900000)
  object space 42496K, 29% used [0x00000000c2a00000,0x00000000c363b0f0,0x00000000c5380000)
 Metaspace       used 13837K, capacity 14240K, committed 14336K, reserved 1062912K
  class space    used 1584K, capacity 1702K, committed 1792K, reserved 1048576K
}

Deoptimization events (10 events):
Event: 26.335 Thread 0x00007f78dc002800 Uncommon trap: reason=class_check action=maybe_recompile pc=0x00007f792cbaadfc method=java.util.HashMap.putVal(ILjava/lang/Object;Ljava/lang/Object;ZZ)Ljava/lang/Object; @ 203
Event: 26.335 Thread 0x00007f78dc002800 Uncommon trap: reason=class_check action=maybe_recompile pc=0x00007f792cbaadfc method=java.util.HashMap.putVal(ILjava/lang/Object;Ljava/lang/Object;ZZ)Ljava/lang/Object; @ 203
Event: 27.540 Thread 0x00007f78dc002800 Uncommon trap: reason=bimorphic action=maybe_recompile pc=0x00007f792cc1905c method=java.util.HashMap.putVal(ILjava/lang/Object;Ljava/lang/Object;ZZ)Ljava/lang/Object; @ 203
Event: 27.621 Thread 0x00007f78dc002800 Uncommon trap: reason=bimorphic action=maybe_recompile pc=0x00007f792cc1905c method=java.util.HashMap.putVal(ILjava/lang/Object;Ljava/lang/Object;ZZ)Ljava/lang/Object; @ 203
Event: 28.795 Thread 0x00007f78dc002800 Uncommon trap: reason=bimorphic action=maybe_recompile pc=0x00007f792cbf9adc method=java.util.HashMap.putVal(ILjava/lang/Object;Ljava/lang/Object;ZZ)Ljava/lang/Object; @ 203
Event: 30.292 Thread 0x00007f78dc002800 Uncommon trap: reason=unstable_if action=reinterpret pc=0x00007f792cdc0768 method=org.evosuite.shaded.org.objectweb.asm.Type.getArgumentsAndReturnSizes(Ljava/lang/String;)I @ 136
Event: 30.576 Thread 0x00007f78dc002800 Uncommon trap: reason=bimorphic action=maybe_recompile pc=0x00007f792cc97500 method=java.util.AbstractCollection.addAll(Ljava/util/Collection;)Z @ 3
Event: 30.576 Thread 0x00007f78dc002800 Uncommon trap: reason=bimorphic action=maybe_recompile pc=0x00007f792cc97500 method=java.util.AbstractCollection.addAll(Ljava/util/Collection;)Z @ 3
Event: 30.576 Thread 0x00007f78dc002800 Uncommon trap: reason=bimorphic action=maybe_recompile pc=0x00007f792cc97500 method=java.util.AbstractCollection.addAll(Ljava/util/Collection;)Z @ 3
Event: 30.576 Thread 0x00007f78dc002800 Uncommon trap: reason=bimorphic action=maybe_recompile pc=0x00007f792cc97500 method=java.util.AbstractCollection.addAll(Ljava/util/Collection;)Z @ 3

Classes redefined (0 events):
No events

Internal exceptions (10 events):
Event: 11.085 Thread 0x00007f793c2f5000 Exception <a 'java/net/ConnectException'> (0x00000000ebb6c950) thrown at [/HUDSON/workspace/8-2-build-linux-amd64/jdk8u201/12317/hotspot/src/share/vm/prims/jni.cpp, line 709]
Event: 11.095 Thread 0x00007f793c2fa800 Exception <a 'java/net/ConnectException'> (0x00000000ebb944f8) thrown at [/HUDSON/workspace/8-2-build-linux-amd64/jdk8u201/12317/hotspot/src/share/vm/prims/jni.cpp, line 709]
Event: 21.078 Thread 0x00007f793c2f6800 Exception <a 'java/net/ConnectException'> (0x00000000ebb458d0) thrown at [/HUDSON/workspace/8-2-build-linux-amd64/jdk8u201/12317/hotspot/src/share/vm/prims/jni.cpp, line 709]
Event: 21.086 Thread 0x00007f793c2f5000 Exception <a 'java/net/ConnectException'> (0x00000000ebb6d478) thrown at [/HUDSON/workspace/8-2-build-linux-amd64/jdk8u201/12317/hotspot/src/share/vm/prims/jni.cpp, line 709]
Event: 21.095 Thread 0x00007f793c2fa800 Exception <a 'java/net/ConnectException'> (0x00000000ebb95020) thrown at [/HUDSON/workspace/8-2-build-linux-amd64/jdk8u201/12317/hotspot/src/share/vm/prims/jni.cpp, line 709]
Event: 24.145 Thread 0x00007f78dc002800 Implicit null exception at 0x00007f792cb313fd to 0x00007f792cb32009
Event: 24.753 Thread 0x00007f78dc002800 Exception <a 'java/lang/NoSuchMethodError': <clinit>> (0x00000000ec390790) thrown at [/HUDSON/workspace/8-2-build-linux-amd64/jdk8u201/12317/hotspot/src/share/vm/prims/jni.cpp, line 1613]
Event: 25.482 Thread 0x00007f78dc001000 Implicit null exception at 0x00007f792cba132f to 0x00007f792cba40e5
Event: 25.959 Thread 0x00007f78dc002800 Implicit null exception at 0x00007f792c995275 to 0x00007f792c99561d
Event: 26.071 Thread 0x00007f78dc002800 Implicit null exception at 0x00007f792c996ef6 to 0x00007f792c9972a1

Events (10 events):
Event: 30.576 Thread 0x00007f78dc002800 DEOPT UNPACKING pc=0x00007f792c7f273a sp=0x00007f79218d9a90 mode 2
Event: 30.576 Thread 0x00007f78dc002800 Uncommon trap: trap_request=0xffffffc6 fr.pc=0x00007f792cc97500
Event: 30.576 Thread 0x00007f78dc002800 DEOPT PACKING pc=0x00007f792cc97500 sp=0x00007f79218d9ad0
Event: 30.576 Thread 0x00007f78dc002800 DEOPT UNPACKING pc=0x00007f792c7f273a sp=0x00007f79218d9a90 mode 2
Event: 30.576 Thread 0x00007f78dc002800 Uncommon trap: trap_request=0xffffffc6 fr.pc=0x00007f792cc97500
Event: 30.576 Thread 0x00007f78dc002800 DEOPT PACKING pc=0x00007f792cc97500 sp=0x00007f79218d9ad0
Event: 30.576 Thread 0x00007f78dc002800 DEOPT UNPACKING pc=0x00007f792c7f273a sp=0x00007f79218d9a90 mode 2
Event: 30.576 Thread 0x00007f78dc002800 Uncommon trap: trap_request=0xffffffc6 fr.pc=0x00007f792cc97500
Event: 30.576 Thread 0x00007f78dc002800 DEOPT PACKING pc=0x00007f792cc97500 sp=0x00007f79218d9ad0
Event: 30.576 Thread 0x00007f78dc002800 DEOPT UNPACKING pc=0x00007f792c7f273a sp=0x00007f79218d9a90 mode 2


Dynamic libraries:
00400000-00401000 r-xp 00000000 08:01 654793                             /usr/lib/jdk/jdk1.8.0_201/bin/java
00600000-00601000 r--p 00000000 08:01 654793                             /usr/lib/jdk/jdk1.8.0_201/bin/java
00601000-00602000 rw-p 00001000 08:01 654793                             /usr/lib/jdk/jdk1.8.0_201/bin/java
00fea000-01054000 rw-p 00000000 00:00 0                                  [heap]
c2a00000-c5380000 rw-p 00000000 00:00 0 
c5380000-eb900000 ---p 00000000 00:00 0 
eb900000-f0200000 rw-p 00000000 00:00 0 
f0200000-100000000 ---p 00000000 00:00 0 
100000000-1001c0000 rw-p 00000000 00:00 0 
1001c0000-140000000 ---p 00000000 00:00 0 
7f78a8000000-7f78a8021000 rw-p 00000000 00:00 0 
7f78a8021000-7f78ac000000 ---p 00000000 00:00 0 
7f78ac000000-7f78ac1bb000 rw-p 00000000 00:00 0 
7f78ac1bb000-7f78b0000000 ---p 00000000 00:00 0 
7f78b0000000-7f78b0021000 rw-p 00000000 00:00 0 
7f78b0021000-7f78b4000000 ---p 00000000 00:00 0 
7f78b4000000-7f78b403b000 rw-p 00000000 00:00 0 
7f78b403b000-7f78b8000000 ---p 00000000 00:00 0 
7f78b8000000-7f78b8021000 rw-p 00000000 00:00 0 
7f78b8021000-7f78bc000000 ---p 00000000 00:00 0 
7f78bc000000-7f78bc021000 rw-p 00000000 00:00 0 
7f78bc021000-7f78c0000000 ---p 00000000 00:00 0 
7f78c0000000-7f78c0021000 rw-p 00000000 00:00 0 
7f78c0021000-7f78c4000000 ---p 00000000 00:00 0 
7f78c4000000-7f78c4021000 rw-p 00000000 00:00 0 
7f78c4021000-7f78c8000000 ---p 00000000 00:00 0 
7f78c8000000-7f78c8021000 rw-p 00000000 00:00 0 
7f78c8021000-7f78cc000000 ---p 00000000 00:00 0 
7f78cc000000-7f78cc021000 rw-p 00000000 00:00 0 
7f78cc021000-7f78d0000000 ---p 00000000 00:00 0 
7f78d0000000-7f78d0021000 rw-p 00000000 00:00 0 
7f78d0021000-7f78d4000000 ---p 00000000 00:00 0 
7f78d4000000-7f78d4021000 rw-p 00000000 00:00 0 
7f78d4021000-7f78d8000000 ---p 00000000 00:00 0 
7f78d8000000-7f78d8021000 rw-p 00000000 00:00 0 
7f78d8021000-7f78dc000000 ---p 00000000 00:00 0 
7f78dc000000-7f78dc021000 rw-p 00000000 00:00 0 
7f78dc021000-7f78e0000000 ---p 00000000 00:00 0 
7f78e0000000-7f78e0021000 rw-p 00000000 00:00 0 
7f78e0021000-7f78e4000000 ---p 00000000 00:00 0 
7f78e4000000-7f78e4021000 rw-p 00000000 00:00 0 
7f78e4021000-7f78e8000000 ---p 00000000 00:00 0 
7f78e8000000-7f78e8021000 rw-p 00000000 00:00 0 
7f78e8021000-7f78ec000000 ---p 00000000 00:00 0 
7f78ecfff000-7f78f0000000 rw-p 00000000 00:00 0 
7f78f0000000-7f78f0021000 rw-p 00000000 00:00 0 
7f78f0021000-7f78f4000000 ---p 00000000 00:00 0 
7f78f4000000-7f78f4021000 rw-p 00000000 00:00 0 
7f78f4021000-7f78f8000000 ---p 00000000 00:00 0 
7f78f8000000-7f78f8754000 rw-p 00000000 00:00 0 
7f78f8754000-7f78fc000000 ---p 00000000 00:00 0 
7f78fc000000-7f78fc740000 rw-p 00000000 00:00 0 
7f78fc740000-7f7900000000 ---p 00000000 00:00 0 
7f7900000000-7f7900021000 rw-p 00000000 00:00 0 
7f7900021000-7f7904000000 ---p 00000000 00:00 0 
7f7904000000-7f7904ad3000 rw-p 00000000 00:00 0 
7f7904ad3000-7f7908000000 ---p 00000000 00:00 0 
7f7908000000-7f7908021000 rw-p 00000000 00:00 0 
7f7908021000-7f790c000000 ---p 00000000 00:00 0 
7f790c000000-7f790c021000 rw-p 00000000 00:00 0 
7f790c021000-7f7910000000 ---p 00000000 00:00 0 
7f7910000000-7f7910021000 rw-p 00000000 00:00 0 
7f7910021000-7f7914000000 ---p 00000000 00:00 0 
7f7914000000-7f791403a000 rw-p 00000000 00:00 0 
7f791403a000-7f7918000000 ---p 00000000 00:00 0 
7f7918000000-7f7918021000 rw-p 00000000 00:00 0 
7f7918021000-7f791c000000 ---p 00000000 00:00 0 
7f791c000000-7f791c021000 rw-p 00000000 00:00 0 
7f791c021000-7f7920000000 ---p 00000000 00:00 0 
7f79213e0000-7f7921420000 rw-p 00000000 00:00 0 
7f7921420000-7f79215e0000 ---p 00000000 00:00 0 
7f79215e0000-7f79217e0000 rw-p 00000000 00:00 0 
7f79217e0000-7f79217e3000 ---p 00000000 00:00 0 
7f79217e3000-7f79218e1000 rw-p 00000000 00:00 0 
7f79218e1000-7f79218e4000 ---p 00000000 00:00 0 
7f79218e4000-7f79219e2000 rw-p 00000000 00:00 0 
7f79219e2000-7f79219e5000 ---p 00000000 00:00 0 
7f79219e5000-7f7921ae3000 rw-p 00000000 00:00 0 
7f7921ae3000-7f7921ae6000 ---p 00000000 00:00 0 
7f7921ae6000-7f7921be4000 rw-p 00000000 00:00 0 
7f7921be4000-7f7921be7000 ---p 00000000 00:00 0 
7f7921be7000-7f7921ce5000 rw-p 00000000 00:00 0 
7f7921ce5000-7f7921ce8000 ---p 00000000 00:00 0 
7f7921ce8000-7f7921de6000 rw-p 00000000 00:00 0 
7f7921de6000-7f7921de9000 ---p 00000000 00:00 0 
7f7921de9000-7f7921ee7000 rw-p 00000000 00:00 0 
7f7921ee7000-7f7921eea000 ---p 00000000 00:00 0 
7f7921eea000-7f7921fe8000 rw-p 00000000 00:00 0 
7f7921fe8000-7f7921feb000 ---p 00000000 00:00 0 
7f7921feb000-7f79220e9000 rw-p 00000000 00:00 0 
7f79220e9000-7f79220ec000 ---p 00000000 00:00 0 
7f79220ec000-7f79221ea000 rw-p 00000000 00:00 0 
7f79221ea000-7f79221ed000 ---p 00000000 00:00 0 
7f79221ed000-7f79222eb000 rw-p 00000000 00:00 0 
7f79222eb000-7f79222ee000 ---p 00000000 00:00 0 
7f79222ee000-7f79223ec000 rw-p 00000000 00:00 0 
7f79223ec000-7f79223ef000 ---p 00000000 00:00 0 
7f79223ef000-7f79224ed000 rw-p 00000000 00:00 0 
7f79224ed000-7f79224f0000 ---p 00000000 00:00 0 
7f79224f0000-7f79225ee000 rw-p 00000000 00:00 0 
7f79225ee000-7f79225f1000 ---p 00000000 00:00 0 
7f79225f1000-7f79228ef000 rw-p 00000000 00:00 0 
7f79228ef000-7f79228f2000 ---p 00000000 00:00 0 
7f79228f2000-7f79229f0000 rw-p 00000000 00:00 0 
7f79229f0000-7f79229f3000 ---p 00000000 00:00 0 
7f79229f3000-7f7922af1000 rw-p 00000000 00:00 0 
7f7922af1000-7f7922af4000 ---p 00000000 00:00 0 
7f7922af4000-7f7922bf2000 rw-p 00000000 00:00 0 
7f7922bf2000-7f7922c08000 r-xp 00000000 08:01 656512                     /usr/lib/jdk/jdk1.8.0_201/jre/lib/amd64/libnet.so
7f7922c08000-7f7922e08000 ---p 00016000 08:01 656512                     /usr/lib/jdk/jdk1.8.0_201/jre/lib/amd64/libnet.so
7f7922e08000-7f7922e09000 r--p 00016000 08:01 656512                     /usr/lib/jdk/jdk1.8.0_201/jre/lib/amd64/libnet.so
7f7922e09000-7f7922e0a000 rw-p 00017000 08:01 656512                     /usr/lib/jdk/jdk1.8.0_201/jre/lib/amd64/libnet.so
7f7922e0a000-7f792303b000 r--s 01bb1000 08:01 403225                     /home/hewitt/work/DiffTGen-master/lib/evosuite-1.0.6.jar
7f792303b000-7f792303c000 ---p 00000000 00:00 0 
7f792303c000-7f792313c000 rw-p 00000000 00:00 0 
7f792313c000-7f792313f000 ---p 00000000 00:00 0 
7f792313f000-7f792323d000 rw-p 00000000 00:00 0 
7f792323d000-7f7923240000 ---p 00000000 00:00 0 
7f7923240000-7f792333e000 rw-p 00000000 00:00 0 
7f792333e000-7f7923341000 ---p 00000000 00:00 0 
7f7923341000-7f792343f000 rw-p 00000000 00:00 0 
7f792343f000-7f7923442000 ---p 00000000 00:00 0 
7f7923442000-7f7923540000 rw-p 00000000 00:00 0 
7f7923540000-7f7923543000 ---p 00000000 00:00 0 
7f7923543000-7f7923641000 rw-p 00000000 00:00 0 
7f7923641000-7f7924000000 r--p 00000000 08:01 270368                     /usr/lib/locale/locale-archive
7f7924000000-7f7924021000 rw-p 00000000 00:00 0 
7f7924021000-7f7928000000 ---p 00000000 00:00 0 
7f7928044000-7f792804e000 r--s 00116000 08:01 656361                     /usr/lib/jdk/jdk1.8.0_201/jre/lib/ext/localedata.jar
7f792804e000-7f7928051000 ---p 00000000 00:00 0 
7f7928051000-7f7928087000 rw-p 00000000 00:00 0 
7f7928087000-7f7928100000 r--s 010fd000 08:01 654900                     /usr/lib/jdk/jdk1.8.0_201/lib/tools.jar
7f7928100000-7f7928103000 ---p 00000000 00:00 0 
7f7928103000-7f7928201000 rw-p 00000000 00:00 0 
7f7928201000-7f7928204000 ---p 00000000 00:00 0 
7f7928204000-7f7928302000 rw-p 00000000 00:00 0 
7f7928302000-7f7928303000 ---p 00000000 00:00 0 
7f7928303000-7f7929312000 rw-p 00000000 00:00 0 
7f7929312000-7f79294ec000 r--s 03d6f000 08:01 656293                     /usr/lib/jdk/jdk1.8.0_201/jre/lib/rt.jar
7f79294ec000-7f792bdfd000 rw-p 00000000 00:00 0 
7f792bdfd000-7f792bdfe000 ---p 00000000 00:00 0 
7f792bdfe000-7f792befe000 rw-p 00000000 00:00 0 
7f792befe000-7f792beff000 ---p 00000000 00:00 0 
7f792beff000-7f792bfff000 rw-p 00000000 00:00 0 
7f792bfff000-7f792c000000 ---p 00000000 00:00 0 
7f792c000000-7f792c100000 rw-p 00000000 00:00 0 
7f792c100000-7f792c101000 ---p 00000000 00:00 0 
7f792c101000-7f792c216000 rw-p 00000000 00:00 0 
7f792c216000-7f792c348000 ---p 00000000 00:00 0 
7f792c348000-7f792c36d000 rw-p 00000000 00:00 0 
7f792c36d000-7f792c3ec000 ---p 00000000 00:00 0 
7f792c3ec000-7f792c406000 rw-p 00000000 00:00 0 
7f792c406000-7f792c7ad000 ---p 00000000 00:00 0 
7f792c7ad000-7f792cddd000 rwxp 00000000 00:00 0 
7f792cded000-7f793b7ad000 ---p 00000000 00:00 0 
7f793b7ad000-7f793b7c8000 r-xp 00000000 08:01 656508                     /usr/lib/jdk/jdk1.8.0_201/jre/lib/amd64/libzip.so
7f793b7c8000-7f793b9c7000 ---p 0001b000 08:01 656508                     /usr/lib/jdk/jdk1.8.0_201/jre/lib/amd64/libzip.so
7f793b9c7000-7f793b9c8000 r--p 0001a000 08:01 656508                     /usr/lib/jdk/jdk1.8.0_201/jre/lib/amd64/libzip.so
7f793b9c8000-7f793b9c9000 rw-p 0001b000 08:01 656508                     /usr/lib/jdk/jdk1.8.0_201/jre/lib/amd64/libzip.so
7f793b9c9000-7f793b9d4000 r-xp 00000000 08:01 658902                     /lib/x86_64-linux-gnu/libnss_files-2.23.so
7f793b9d4000-7f793bbd3000 ---p 0000b000 08:01 658902                     /lib/x86_64-linux-gnu/libnss_files-2.23.so
7f793bbd3000-7f793bbd4000 r--p 0000a000 08:01 658902                     /lib/x86_64-linux-gnu/libnss_files-2.23.so
7f793bbd4000-7f793bbd5000 rw-p 0000b000 08:01 658902                     /lib/x86_64-linux-gnu/libnss_files-2.23.so
7f793bbd5000-7f793bbdb000 rw-p 00000000 00:00 0 
7f793bbdb000-7f793bbe6000 r-xp 00000000 08:01 658912                     /lib/x86_64-linux-gnu/libnss_nis-2.23.so
7f793bbe6000-7f793bde5000 ---p 0000b000 08:01 658912                     /lib/x86_64-linux-gnu/libnss_nis-2.23.so
7f793bde5000-7f793bde6000 r--p 0000a000 08:01 658912                     /lib/x86_64-linux-gnu/libnss_nis-2.23.so
7f793bde6000-7f793bde7000 rw-p 0000b000 08:01 658912                     /lib/x86_64-linux-gnu/libnss_nis-2.23.so
7f793bde7000-7f793bdfd000 r-xp 00000000 08:01 658896                     /lib/x86_64-linux-gnu/libnsl-2.23.so
7f793bdfd000-7f793bffc000 ---p 00016000 08:01 658896                     /lib/x86_64-linux-gnu/libnsl-2.23.so
7f793bffc000-7f793bffd000 r--p 00015000 08:01 658896                     /lib/x86_64-linux-gnu/libnsl-2.23.so
7f793bffd000-7f793bffe000 rw-p 00016000 08:01 658896                     /lib/x86_64-linux-gnu/libnsl-2.23.so
7f793bffe000-7f793c000000 rw-p 00000000 00:00 0 
7f793c000000-7f793c4c7000 rw-p 00000000 00:00 0 
7f793c4c7000-7f7940000000 ---p 00000000 00:00 0 
7f7940003000-7f7940018000 rw-p 00000000 00:00 0 
7f7940018000-7f794014b000 ---p 00000000 00:00 0 
7f794014b000-7f7940153000 r-xp 00000000 08:01 658898                     /lib/x86_64-linux-gnu/libnss_compat-2.23.so
7f7940153000-7f7940352000 ---p 00008000 08:01 658898                     /lib/x86_64-linux-gnu/libnss_compat-2.23.so
7f7940352000-7f7940353000 r--p 00007000 08:01 658898                     /lib/x86_64-linux-gnu/libnss_compat-2.23.so
7f7940353000-7f7940354000 rw-p 00008000 08:01 658898                     /lib/x86_64-linux-gnu/libnss_compat-2.23.so
7f7940354000-7f7940380000 r-xp 00000000 08:01 656502                     /usr/lib/jdk/jdk1.8.0_201/jre/lib/amd64/libjava.so
7f7940380000-7f7940580000 ---p 0002c000 08:01 656502                     /usr/lib/jdk/jdk1.8.0_201/jre/lib/amd64/libjava.so
7f7940580000-7f7940581000 r--p 0002c000 08:01 656502                     /usr/lib/jdk/jdk1.8.0_201/jre/lib/amd64/libjava.so
7f7940581000-7f7940583000 rw-p 0002d000 08:01 656502                     /usr/lib/jdk/jdk1.8.0_201/jre/lib/amd64/libjava.so
7f7940583000-7f7940590000 r-xp 00000000 08:01 656507                     /usr/lib/jdk/jdk1.8.0_201/jre/lib/amd64/libverify.so
7f7940590000-7f794078f000 ---p 0000d000 08:01 656507                     /usr/lib/jdk/jdk1.8.0_201/jre/lib/amd64/libverify.so
7f794078f000-7f7940791000 r--p 0000c000 08:01 656507                     /usr/lib/jdk/jdk1.8.0_201/jre/lib/amd64/libverify.so
7f7940791000-7f7940792000 rw-p 0000e000 08:01 656507                     /usr/lib/jdk/jdk1.8.0_201/jre/lib/amd64/libverify.so
7f7940792000-7f7940799000 r-xp 00000000 08:01 658957                     /lib/x86_64-linux-gnu/librt-2.23.so
7f7940799000-7f7940998000 ---p 00007000 08:01 658957                     /lib/x86_64-linux-gnu/librt-2.23.so
7f7940998000-7f7940999000 r--p 00006000 08:01 658957                     /lib/x86_64-linux-gnu/librt-2.23.so
7f7940999000-7f794099a000 rw-p 00007000 08:01 658957                     /lib/x86_64-linux-gnu/librt-2.23.so
7f794099a000-7f7940aa2000 r-xp 00000000 08:01 658873                     /lib/x86_64-linux-gnu/libm-2.23.so
7f7940aa2000-7f7940ca1000 ---p 00108000 08:01 658873                     /lib/x86_64-linux-gnu/libm-2.23.so
7f7940ca1000-7f7940ca2000 r--p 00107000 08:01 658873                     /lib/x86_64-linux-gnu/libm-2.23.so
7f7940ca2000-7f7940ca3000 rw-p 00108000 08:01 658873                     /lib/x86_64-linux-gnu/libm-2.23.so
7f7940ca3000-7f794198b000 r-xp 00000000 08:01 656484                     /usr/lib/jdk/jdk1.8.0_201/jre/lib/amd64/server/libjvm.so
7f794198b000-7f7941b8a000 ---p 00ce8000 08:01 656484                     /usr/lib/jdk/jdk1.8.0_201/jre/lib/amd64/server/libjvm.so
7f7941b8a000-7f7941c20000 r--p 00ce7000 08:01 656484                     /usr/lib/jdk/jdk1.8.0_201/jre/lib/amd64/server/libjvm.so
7f7941c20000-7f7941c51000 rw-p 00d7d000 08:01 656484                     /usr/lib/jdk/jdk1.8.0_201/jre/lib/amd64/server/libjvm.so
7f7941c51000-7f7941c8c000 rw-p 00000000 00:00 0 
7f7941c8c000-7f7941e4c000 r-xp 00000000 08:01 658803                     /lib/x86_64-linux-gnu/libc-2.23.so
7f7941e4c000-7f794204c000 ---p 001c0000 08:01 658803                     /lib/x86_64-linux-gnu/libc-2.23.so
7f794204c000-7f7942050000 r--p 001c0000 08:01 658803                     /lib/x86_64-linux-gnu/libc-2.23.so
7f7942050000-7f7942052000 rw-p 001c4000 08:01 658803                     /lib/x86_64-linux-gnu/libc-2.23.so
7f7942052000-7f7942056000 rw-p 00000000 00:00 0 
7f7942056000-7f7942059000 r-xp 00000000 08:01 658827                     /lib/x86_64-linux-gnu/libdl-2.23.so
7f7942059000-7f7942258000 ---p 00003000 08:01 658827                     /lib/x86_64-linux-gnu/libdl-2.23.so
7f7942258000-7f7942259000 r--p 00002000 08:01 658827                     /lib/x86_64-linux-gnu/libdl-2.23.so
7f7942259000-7f794225a000 rw-p 00003000 08:01 658827                     /lib/x86_64-linux-gnu/libdl-2.23.so
7f794225a000-7f7942271000 r-xp 00000000 08:01 656155                     /usr/lib/jdk/jdk1.8.0_201/lib/amd64/jli/libjli.so
7f7942271000-7f7942470000 ---p 00017000 08:01 656155                     /usr/lib/jdk/jdk1.8.0_201/lib/amd64/jli/libjli.so
7f7942470000-7f7942471000 r--p 00016000 08:01 656155                     /usr/lib/jdk/jdk1.8.0_201/lib/amd64/jli/libjli.so
7f7942471000-7f7942472000 rw-p 00017000 08:01 656155                     /usr/lib/jdk/jdk1.8.0_201/lib/amd64/jli/libjli.so
7f7942472000-7f794248a000 r-xp 00000000 08:01 658949                     /lib/x86_64-linux-gnu/libpthread-2.23.so
7f794248a000-7f7942689000 ---p 00018000 08:01 658949                     /lib/x86_64-linux-gnu/libpthread-2.23.so
7f7942689000-7f794268a000 r--p 00017000 08:01 658949                     /lib/x86_64-linux-gnu/libpthread-2.23.so
7f794268a000-7f794268b000 rw-p 00018000 08:01 658949                     /lib/x86_64-linux-gnu/libpthread-2.23.so
7f794268b000-7f794268f000 rw-p 00000000 00:00 0 
7f794268f000-7f79426b5000 r-xp 00000000 08:01 658775                     /lib/x86_64-linux-gnu/ld-2.23.so
7f79426b9000-7f79426d5000 r--s 00393000 08:01 656354                     /usr/lib/jdk/jdk1.8.0_201/jre/lib/ext/cldrdata.jar
7f79426d5000-7f79426d9000 r--s 000a1000 08:01 656350                     /usr/lib/jdk/jdk1.8.0_201/jre/lib/jsse.jar
7f79426d9000-7f7942797000 rw-p 00000000 00:00 0 
7f7942797000-7f794279a000 ---p 00000000 00:00 0 
7f794279a000-7f794289d000 rw-p 00000000 00:00 0 
7f794289d000-7f79428a5000 r--s 0006e000 08:01 398946                     /home/hewitt/work/DiffTGen-master/lib/commons-lang3-3.5.jar
7f79428a5000-7f79428a6000 r--s 00000000 08:01 398951                     /home/hewitt/work/DiffTGen-master/lib/myprinter.jar
7f79428a6000-7f79428aa000 r--s 00039000 08:01 432358                     /home/hewitt/work/DiffTGen-master/output/patch1-Lang-59-SequenceR/Lang_59_1_sequencer/target/build/classes/all0.jar
7f79428aa000-7f79428b2000 rw-s 00000000 08:01 158398                     /tmp/hsperfdata_hewitt/17398
7f79428b2000-7f79428b3000 rw-p 00000000 00:00 0 
7f79428b3000-7f79428b4000 ---p 00000000 00:00 0 
7f79428b4000-7f79428b5000 r--p 00025000 08:01 658775                     /lib/x86_64-linux-gnu/ld-2.23.so
7f79428b5000-7f79428b6000 rw-p 00026000 08:01 658775                     /lib/x86_64-linux-gnu/ld-2.23.so
7f79428b6000-7f79428b7000 rw-p 00000000 00:00 0 
7ffcf05ba000-7ffcf05dc000 rw-p 00000000 00:00 0                          [stack]
7ffcf05ef000-7ffcf05f2000 r--p 00000000 00:00 0                          [vvar]
7ffcf05f2000-7ffcf05f4000 r-xp 00000000 00:00 0                          [vdso]
ffffffffff600000-ffffffffff601000 r-xp 00000000 00:00 0                  [vsyscall]

VM Arguments:
java_command: /home/hewitt/work/DiffTGen-master/lib/evosuite-1.0.6.jar -base_dir /home/hewitt/work/DiffTGen-master/output/patch1-Lang-59-SequenceR/Lang_59_1_sequencer/target/0/9 -projectCP /home/hewitt/work/DiffTGen-master/output/patch1-Lang-59-SequenceR/Lang_59_1_sequencer/target/build/classes/all0.jar:/home/hewitt/work/DiffTGen-master/lib/myprinter.jar:/home/hewitt/work/DiffTGen-master/lib/commons-lang3-3.5.jar -class org.apache.commons.lang.text.StrBuilder -Dassertions=false -Dsearch_budget=60
java_class_path (initial): /home/hewitt/work/DiffTGen-master/lib/evosuite-1.0.6.jar
Launcher Type: SUN_STANDARD

Environment Variables:
JAVA_HOME=/usr/lib/jdk/jdk1.8.0_201
JRE_HOME=/usr/lib/jdk/jdk1.8.0_201/jre
CLASSPATH=.:/usr/lib/jdk/jdk1.8.0_201/lib:/usr/lib/jdk/jdk1.8.0_201/jre/lib
PATH=/usr/lib/jdk/jdk1.8.0_201/bin:/home/hewitt/bin:/home/hewitt/.local/bin:/usr/lib/jdk/jdk1.7.0_80/bin:/usr/local/sbin:/usr/local/bin:/usr/sbin:/usr/bin:/sbin:/bin:/usr/games:/usr/local/games:/snap/bin:/home/hewitt/work/defects4j_v1.4.0/defects4j/framework/bin:/opt/apache-ant-1.9.14/bin:/home/hewitt/work/defects4j_v1.4.0/defects4j/framework/bin
SHELL=/bin/bash
DISPLAY=:0

Signal Handlers:
SIGSEGV: [libjvm.so+0xad3e60], sa_mask[0]=11111111011111111101111111111110, sa_flags=SA_RESTART|SA_SIGINFO
SIGBUS: [libjvm.so+0xad3e60], sa_mask[0]=11111111011111111101111111111110, sa_flags=SA_RESTART|SA_SIGINFO
SIGFPE: [libjvm.so+0x90b880], sa_mask[0]=11111111011111111101111111111110, sa_flags=SA_RESTART|SA_SIGINFO
SIGPIPE: [libjvm.so+0x90b880], sa_mask[0]=11111111011111111101111111111110, sa_flags=SA_RESTART|SA_SIGINFO
SIGXFSZ: [libjvm.so+0x90b880], sa_mask[0]=11111111011111111101111111111110, sa_flags=SA_RESTART|SA_SIGINFO
SIGILL: [libjvm.so+0x90b880], sa_mask[0]=11111111011111111101111111111110, sa_flags=SA_RESTART|SA_SIGINFO
SIGUSR1: SIG_DFL, sa_mask[0]=00000000000000000000000000000000, sa_flags=none
SIGUSR2: [libjvm.so+0x90b750], sa_mask[0]=00100000000000000000000000000000, sa_flags=SA_RESTART|SA_SIGINFO
SIGHUP: [libjvm.so+0x90bd70], sa_mask[0]=11111111011111111101111111111110, sa_flags=SA_RESTART|SA_SIGINFO
SIGINT: [libjvm.so+0x90bd70], sa_mask[0]=11111111011111111101111111111110, sa_flags=SA_RESTART|SA_SIGINFO
SIGTERM: [libjvm.so+0x90bd70], sa_mask[0]=11111111011111111101111111111110, sa_flags=SA_RESTART|SA_SIGINFO
SIGQUIT: [libjvm.so+0x90bd70], sa_mask[0]=11111111011111111101111111111110, sa_flags=SA_RESTART|SA_SIGINFO


---------------  S Y S T E M  ---------------

OS:DISTRIB_ID=Ubuntu
DISTRIB_RELEASE=16.04
DISTRIB_CODENAME=xenial
DISTRIB_DESCRIPTION="Ubuntu 16.04.6 LTS"

uname:Linux 4.15.0-91-generic #92~16.04.1-Ubuntu SMP Fri Feb 28 14:57:22 UTC 2020 x86_64
libc:glibc 2.23 NPTL 2.23 
rlimit: STACK 8192k, CORE 0k, NPROC 15448, NOFILE 1048576, AS infinity
load average:16.93 15.27 15.40

/proc/meminfo:
MemTotal:        4015928 kB
MemFree:          386968 kB
MemAvailable:     299540 kB
Buffers:             496 kB
Cached:            33528 kB
SwapCached:          320 kB
Active:          2649860 kB
Inactive:         538052 kB
Active(anon):    2631560 kB
Inactive(anon):   523712 kB
Active(file):      18300 kB
Inactive(file):    14340 kB
Unevictable:          48 kB
Mlocked:              48 kB
SwapTotal:        998396 kB
SwapFree:           1360 kB
Dirty:               228 kB
Writeback:            12 kB
AnonPages:       3154340 kB
Mapped:            26408 kB
Shmem:               916 kB
Slab:              92372 kB
SReclaimable:      33448 kB
SUnreclaim:        58924 kB
KernelStack:       17684 kB
PageTables:        43084 kB
NFS_Unstable:          0 kB
Bounce:                0 kB
WritebackTmp:          0 kB
CommitLimit:     3006360 kB
Committed_AS:    9154100 kB
VmallocTotal:   34359738367 kB
VmallocUsed:           0 kB
VmallocChunk:          0 kB
HardwareCorrupted:     0 kB
AnonHugePages:         0 kB
ShmemHugePages:        0 kB
ShmemPmdMapped:        0 kB
CmaTotal:              0 kB
CmaFree:               0 kB
HugePages_Total:       0
HugePages_Free:        0
HugePages_Rsvd:        0
HugePages_Surp:        0
Hugepagesize:       2048 kB
DirectMap4k:       98112 kB
DirectMap2M:     4096000 kB
DirectMap1G:     2097152 kB

container (cgroup) information:
container_type: cgroupv1
cpu_cpuset_cpus: 0-3
cpu_memory_nodes: 0
active_processor_count: 4
cpu_quota: -1
cpu_period: 100000
cpu_shares: -1
memory_limit_in_bytes: -1
memory_and_swap_limit_in_bytes: -2
memory_soft_limit_in_bytes: -1
memory_usage_in_bytes: 3265196032
memory_max_usage_in_bytes: 80244736


CPU:total 4 (initial active 4) (2 cores per cpu, 1 threads per core) family 6 model 158 stepping 9, cmov, cx8, fxsr, mmx, sse, sse2, sse3, ssse3, sse4.1, sse4.2, popcnt, avx, avx2, aes, clmul, erms, 3dnowpref, lzcnt, tsc, tscinvbit, bmi1, bmi2, adx

/proc/cpuinfo:
processor	: 0
vendor_id	: GenuineIntel
cpu family	: 6
model		: 158
model name	: Intel(R) Core(TM) i7-7700HQ CPU @ 2.80GHz
stepping	: 9
microcode	: 0xb4
cpu MHz		: 2808.002
cache size	: 6144 KB
physical id	: 0
siblings	: 2
core id		: 0
cpu cores	: 2
apicid		: 0
initial apicid	: 0
fpu		: yes
fpu_exception	: yes
cpuid level	: 22
wp		: yes
flags		: fpu vme de pse tsc msr pae mce cx8 apic sep mtrr pge mca cmov pat pse36 clflush mmx fxsr sse sse2 ss ht syscall nx pdpe1gb rdtscp lm constant_tsc arch_perfmon nopl xtopology tsc_reliable nonstop_tsc cpuid pni pclmulqdq ssse3 fma cx16 pcid sse4_1 sse4_2 x2apic movbe popcnt tsc_deadline_timer aes xsave avx f16c rdrand hypervisor lahf_lm abm 3dnowprefetch cpuid_fault invpcid_single pti ssbd ibrs ibpb stibp fsgsbase tsc_adjust bmi1 avx2 smep bmi2 invpcid mpx rdseed adx smap clflushopt xsaveopt xsavec xsaves arat md_clear flush_l1d arch_capabilities
bugs		: cpu_meltdown spectre_v1 spectre_v2 spec_store_bypass l1tf mds swapgs itlb_multihit
bogomips	: 5616.00
clflush size	: 64
cache_alignment	: 64
address sizes	: 43 bits physical, 48 bits virtual
power management:

processor	: 1
vendor_id	: GenuineIntel
cpu family	: 6
model		: 158
model name	: Intel(R) Core(TM) i7-7700HQ CPU @ 2.80GHz
stepping	: 9
microcode	: 0xb4
cpu MHz		: 2808.002
cache size	: 6144 KB
physical id	: 0
siblings	: 2
core id		: 1
cpu cores	: 2
apicid		: 1
initial apicid	: 1
fpu		: yes
fpu_exception	: yes
cpuid level	: 22
wp		: yes
flags		: fpu vme de pse tsc msr pae mce cx8 apic sep mtrr pge mca cmov pat pse36 clflush mmx fxsr sse sse2 ss ht syscall nx pdpe1gb rdtscp lm constant_tsc arch_perfmon nopl xtopology tsc_reliable nonstop_tsc cpuid pni pclmulqdq ssse3 fma cx16 pcid sse4_1 sse4_2 x2apic movbe popcnt tsc_deadline_timer aes xsave avx f16c rdrand hypervisor lahf_lm abm 3dnowprefetch cpuid_fault invpcid_single pti ssbd ibrs ibpb stibp fsgsbase tsc_adjust bmi1 avx2 smep bmi2 invpcid mpx rdseed adx smap clflushopt xsaveopt xsavec xsaves arat md_clear flush_l1d arch_capabilities
bugs		: cpu_meltdown spectre_v1 spectre_v2 spec_store_bypass l1tf mds swapgs itlb_multihit
bogomips	: 5616.00
clflush size	: 64
cache_alignment	: 64
address sizes	: 43 bits physical, 48 bits virtual
power management:

processor	: 2
vendor_id	: GenuineIntel
cpu family	: 6
model		: 158
model name	: Intel(R) Core(TM) i7-7700HQ CPU @ 2.80GHz
stepping	: 9
microcode	: 0xb4
cpu MHz		: 2808.002
cache size	: 6144 KB
physical id	: 1
siblings	: 2
core id		: 0
cpu cores	: 2
apicid		: 2
initial apicid	: 2
fpu		: yes
fpu_exception	: yes
cpuid level	: 22
wp		: yes
flags		: fpu vme de pse tsc msr pae mce cx8 apic sep mtrr pge mca cmov pat pse36 clflush mmx fxsr sse sse2 ss ht syscall nx pdpe1gb rdtscp lm constant_tsc arch_perfmon nopl xtopology tsc_reliable nonstop_tsc cpuid pni pclmulqdq ssse3 fma cx16 pcid sse4_1 sse4_2 x2apic movbe popcnt tsc_deadline_timer aes xsave avx f16c rdrand hypervisor lahf_lm abm 3dnowprefetch cpuid_fault invpcid_single pti ssbd ibrs ibpb stibp fsgsbase tsc_adjust bmi1 avx2 smep bmi2 invpcid mpx rdseed adx smap clflushopt xsaveopt xsavec xsaves arat md_clear flush_l1d arch_capabilities
bugs		: cpu_meltdown spectre_v1 spectre_v2 spec_store_bypass l1tf mds swapgs itlb_multihit
bogomips	: 5616.00
clflush size	: 64
cache_alignment	: 64
address sizes	: 43 bits physical, 48 bits virtual
power management:

processor	: 3
vendor_id	: GenuineIntel
cpu family	: 6
model		: 158
model name	: Intel(R) Core(TM) i7-7700HQ CPU @ 2.80GHz
stepping	: 9
microcode	: 0xb4
cpu MHz		: 2808.002
cache size	: 6144 KB
physical id	: 1
siblings	: 2
core id		: 1
cpu cores	: 2
apicid		: 3
initial apicid	: 3
fpu		: yes
fpu_exception	: yes
cpuid level	: 22
wp		: yes
flags		: fpu vme de pse tsc msr pae mce cx8 apic sep mtrr pge mca cmov pat pse36 clflush mmx fxsr sse sse2 ss ht syscall nx pdpe1gb rdtscp lm constant_tsc arch_perfmon nopl xtopology tsc_reliable nonstop_tsc cpuid pni pclmulqdq ssse3 fma cx16 pcid sse4_1 sse4_2 x2apic movbe popcnt tsc_deadline_timer aes xsave avx f16c rdrand hypervisor lahf_lm abm 3dnowprefetch cpuid_fault invpcid_single pti ssbd ibrs ibpb stibp fsgsbase tsc_adjust bmi1 avx2 smep bmi2 invpcid mpx rdseed adx smap clflushopt xsaveopt xsavec xsaves arat md_clear flush_l1d arch_capabilities
bugs		: cpu_meltdown spectre_v1 spectre_v2 spec_store_bypass l1tf mds swapgs itlb_multihit
bogomips	: 5616.00
clflush size	: 64
cache_alignment	: 64
address sizes	: 43 bits physical, 48 bits virtual
power management:



Memory: 4k page, physical 4015928k(386720k free), swap 998396k(1360k free)

vm_info: Java HotSpot(TM) 64-Bit Server VM (25.201-b09) for linux-amd64 JRE (1.8.0_201-b09), built on Dec 15 2018 11:35:59 by "java_re" with gcc 7.3.0

time: Sun Mar 29 15:11:24 2020
timezone: CST
elapsed time: 32 seconds (0d 0h 0m 32s)

