#
# There is insufficient memory for the Java Runtime Environment to continue.
# Native memory allocation (mmap) failed to map 65536 bytes for committing reserved memory.
# Possible reasons:
#   The system is out of physical RAM or swap space
#   The process is running with CompressedOops enabled, and the Java Heap may be blocking the growth of the native heap
# Possible solutions:
#   Reduce memory load on the system
#   Increase physical memory or swap space
#   Check if swap backing store is full
#   Decrease Java heap size (-Xmx/-Xms)
#   Decrease number of Java threads
#   Decrease Java thread stack sizes (-Xss)
#   Set larger code cache with -XX:ReservedCodeCacheSize=
#   JVM is running with Unscaled Compressed Oops mode in which the Java heap is
#     placed in the first 4GB address space. The Java Heap base address is the
#     maximum limit for the native heap growth. Please use -XX:HeapBaseMinAddress
#     to set the Java Heap base and to place the Java Heap above 4GB virtual address.
# This output file may be truncated or incomplete.
#
#  Out of Memory Error (os_linux.cpp:2749), pid=67494, tid=0x00007f4b1c23c700
#
# JRE version: Java(TM) SE Runtime Environment (8.0_201-b09) (build 1.8.0_201-b09)
# Java VM: Java HotSpot(TM) 64-Bit Server VM (25.201-b09 mixed mode linux-amd64 compressed oops)
# Failed to write core dump. Core dumps have been disabled. To enable core dumping, try "ulimit -c unlimited" before starting Java again
#

---------------  T H R E A D  ---------------

Current thread (0x00007f4b2c184800):  JavaThread "C2 CompilerThread1" daemon [_thread_in_vm, id=67584, stack(0x00007f4b1c13c000,0x00007f4b1c23d000)]

Stack: [0x00007f4b1c13c000,0x00007f4b1c23d000],  sp=0x00007f4b1c239dd0,  free space=1015k
Native frames: (J=compiled Java code, j=interpreted, Vv=VM code, C=native code)
V  [libjvm.so+0xad3525]  VMError::report_and_die()+0x2e5
V  [libjvm.so+0x4e0457]  report_vm_out_of_memory(char const*, int, unsigned long, VMErrorType, char const*)+0x67
V  [libjvm.so+0x9102f0]  os::pd_commit_memory(char*, unsigned long, unsigned long, bool)+0x100
V  [libjvm.so+0x90791f]  os::commit_memory(char*, unsigned long, unsigned long, bool)+0x1f
V  [libjvm.so+0xacfda0]  VirtualSpace::expand_by(unsigned long, bool)+0x140
V  [libjvm.so+0x60b99d]  CodeHeap::expand_by(unsigned long)+0x6d
V  [libjvm.so+0x45a266]  CodeCache::allocate(int, bool)+0x46
V  [libjvm.so+0x8dca9a]  nmethod::new_nmethod(methodHandle, int, int, CodeOffsets*, int, DebugInformationRecorder*, Dependencies*, CodeBuffer*, int, OopMapSet*, ExceptionHandlerTable*, ImplicitExceptionTable*, AbstractCompiler*, int)+0x1ca
V  [libjvm.so+0x3ec691]  ciEnv::register_method(ciMethod*, int, CodeOffsets*, int, CodeBuffer*, int, OopMapSet*, ExceptionHandlerTable*, ImplicitExceptionTable*, AbstractCompiler*, int, bool, bool, RTMState)+0x1b1
V  [libjvm.so+0x480318]  Compile::Compile(ciEnv*, C2Compiler*, ciMethod*, int, bool, bool, bool)+0xe58
V  [libjvm.so+0x3c4c4a]  C2Compiler::compile_method(ciEnv*, ciMethod*, int)+0xaa
V  [libjvm.so+0x48b84c]  CompileBroker::invoke_compiler_on_method(CompileTask*)+0x73c
V  [libjvm.so+0x48d488]  CompileBroker::compiler_thread_loop()+0x6d8
V  [libjvm.so+0xa7bb6b]  JavaThread::thread_main_inner()+0xdb
V  [libjvm.so+0xa7be71]  JavaThread::run()+0x2d1
V  [libjvm.so+0x90d922]  java_start(Thread*)+0x102
C  [libpthread.so.0+0x76ba]  start_thread+0xca


Current CompileTask:
C2:  54987 1547       4       org.evosuite.graphs.cfg.BytecodeInstruction::explain (149 bytes)


---------------  P R O C E S S  ---------------

Java Threads: ( => current thread )
  0x00007f4ad0001000 JavaThread "RMI TCP Connection(2)-127.0.0.1" daemon [_thread_blocked, id=67970, stack(0x00007f4b1477b000,0x00007f4b1487c000)]
  0x00007f4aa8048800 JavaThread "RMI Scheduler(0)" daemon [_thread_blocked, id=67965, stack(0x00007f4b1487c000,0x00007f4b1497d000)]
  0x00007f4aa8040800 JavaThread "RMI RenewClean-[127.0.0.1:21359]" daemon [_thread_blocked, id=67950, stack(0x00007f4b1497d000,0x00007f4b14a7e000)]
  0x00007f4acc001000 JavaThread "RMI TCP Connection(3)-127.0.0.1" daemon [_thread_blocked, id=67941, stack(0x00007f4b14a7e000,0x00007f4b14b7f000)]
  0x00007f4abc005000 JavaThread "pool-3-thread-3" [_thread_in_native, id=67874, stack(0x00007f4b14b7f000,0x00007f4b14c80000)]
  0x00007f4abc003000 JavaThread "pool-3-thread-2" [_thread_in_native, id=67873, stack(0x00007f4b14c80000,0x00007f4b14d81000)]
  0x00007f4abc002000 JavaThread "pool-3-thread-1" [_thread_in_native, id=67871, stack(0x00007f4b14d81000,0x00007f4b14e82000)]
  0x00007f4b2c208000 JavaThread "Thread-3" [_thread_in_native, id=67794, stack(0x00007f4b14e82000,0x00007f4b14f83000)]
  0x00007f4b2c206800 JavaThread "Thread-2" [_thread_in_native, id=67791, stack(0x00007f4b14f83000,0x00007f4b15084000)]
  0x00007f4b2c205000 JavaThread "process reaper" daemon [_thread_in_native, id=67786, stack(0x00007f4b1c002000,0x00007f4b1c03b000)]
  0x00007f4b2c3c1000 JavaThread "pool-2-thread-1" [_thread_in_native, id=67758, stack(0x00007f4b15084000,0x00007f4b15185000)]
  0x00007f4b2c3be800 JavaThread "GC Daemon" daemon [_thread_blocked, id=67744, stack(0x00007f4b15185000,0x00007f4b15286000)]
  0x00007f4b2c3bc000 JavaThread "RMI Reaper" [_thread_blocked, id=67739, stack(0x00007f4b15286000,0x00007f4b15387000)]
  0x00007f4b2c3b3000 JavaThread "RMI TCP Accept-13533" daemon [_thread_in_native, id=67732, stack(0x00007f4b15387000,0x00007f4b15488000)]
  0x00007f4b2c3ae000 JavaThread "RMI TCP Accept-10015" daemon [_thread_in_native, id=67721, stack(0x00007f4b15488000,0x00007f4b15589000)]
  0x00007f4b2c2ea800 JavaThread "logback-3" daemon [_thread_blocked, id=67629, stack(0x00007f4b15802000,0x00007f4b15903000)]
  0x00007f4b2c2e7000 JavaThread "logback-2" daemon [_thread_blocked, id=67628, stack(0x00007f4b15903000,0x00007f4b15a04000)]
  0x00007f4b2c2e5800 JavaThread "logback-1" daemon [_thread_blocked, id=67627, stack(0x00007f4b15a04000,0x00007f4b15b05000)]
  0x00007f4b2c193800 JavaThread "Service Thread" daemon [_thread_blocked, id=67593, stack(0x00007f4b1604f000,0x00007f4b16150000)]
  0x00007f4b2c186000 JavaThread "C1 CompilerThread2" daemon [_thread_blocked, id=67589, stack(0x00007f4b1c03b000,0x00007f4b1c13c000)]
=>0x00007f4b2c184800 JavaThread "C2 CompilerThread1" daemon [_thread_in_vm, id=67584, stack(0x00007f4b1c13c000,0x00007f4b1c23d000)]
  0x00007f4b2c181800 JavaThread "C2 CompilerThread0" daemon [_thread_in_vm, id=67575, stack(0x00007f4b1c23d000,0x00007f4b1c33e000)]
  0x00007f4b2c180000 JavaThread "Signal Dispatcher" daemon [_thread_blocked, id=67570, stack(0x00007f4b1c33e000,0x00007f4b1c43f000)]
  0x00007f4b2c14c000 JavaThread "Finalizer" daemon [_thread_blocked, id=67554, stack(0x00007f4b1cdfe000,0x00007f4b1ceff000)]
  0x00007f4b2c149800 JavaThread "Reference Handler" daemon [_thread_blocked, id=67545, stack(0x00007f4b1ceff000,0x00007f4b1d000000)]
  0x00007f4b2c00a800 JavaThread "main" [_thread_in_native, id=67502, stack(0x00007f4b35617000,0x00007f4b35718000)]

Other Threads:
  0x00007f4b2c140000 VMThread [stack: 0x00007f4b30035000,0x00007f4b30136000] [id=67543]
  0x00007f4b2c196000 WatcherThread [stack: 0x00007f4b15f4e000,0x00007f4b1604f000] [id=67602]

VM state:not at safepoint (normal execution)

VM Mutex/Monitor currently owned by a thread:  ([mutex/lock_event])
[0x00007f4b2c0063f0] CodeCache_lock - owner thread: 0x00007f4b2c184800
[0x00007f4b2c007a70] Compile_lock - owner thread: 0x00007f4b2c184800
[0x00007f4b2c007b70] MethodCompileQueue_lock - owner thread: 0x00007f4b2c184800

heap address: 0x00000000c2a00000, size: 982 MB, Compressed Oops mode: 32-bit
Narrow klass base: 0x0000000000000000, Narrow klass shift: 3
Compressed class space size: 1073741824 Address: 0x0000000100000000

Heap:
 PSYoungGen      total 18432K, used 14140K [0x00000000eb900000, 0x00000000ecd80000, 0x0000000100000000)
  eden space 15872K, 72% used [0x00000000eb900000,0x00000000ec44f2f0,0x00000000ec880000)
  from space 2560K, 100% used [0x00000000ec880000,0x00000000ecb00000,0x00000000ecb00000)
  to   space 2560K, 0% used [0x00000000ecb00000,0x00000000ecb00000,0x00000000ecd80000)
 ParOldGen       total 42496K, used 6537K [0x00000000c2a00000, 0x00000000c5380000, 0x00000000eb900000)
  object space 42496K, 15% used [0x00000000c2a00000,0x00000000c3062438,0x00000000c5380000)
 Metaspace       used 13864K, capacity 14270K, committed 14592K, reserved 1062912K
  class space    used 1590K, capacity 1707K, committed 1792K, reserved 1048576K

Card table byte_map: [0x00007f4b321cc000,0x00007f4b323b8000] byte_map_base: 0x00007f4b31bb7000

Marking Bits: (ParMarkBitMap*) 0x00007f4b34aeed80
 Begin Bits: [0x00007f4b16150000, 0x00007f4b170a8000)
 End Bits:   [0x00007f4b170a8000, 0x00007f4b18000000)

Polling page: 0x00007f4b35733000

CodeCache: size=245760Kb used=5730Kb max_used=5730Kb free=240029Kb
 bounds [0x00007f4b1d000000, 0x00007f4b1d5a0000, 0x00007f4b2c000000]
 total_blobs=1974 nmethods=1623 adapters=261
 compilation: enabled

Compilation events (10 events):
Event: 52.655 Thread 0x00007f4b2c186000 1689       3       org.evosuite.graphs.cfg.BasicBlock::getFirstLine (46 bytes)
Event: 52.655 Thread 0x00007f4b2c186000 nmethod 1689 0x00007f4b1d58ac10 code [0x00007f4b1d58ae00, 0x00007f4b1d58b848]
Event: 52.655 Thread 0x00007f4b2c186000 1686       3       org.evosuite.graphs.cfg.RawControlFlowGraph::addEdge (106 bytes)
Event: 52.659 Thread 0x00007f4b2c186000 nmethod 1686 0x00007f4b1d58bb10 code [0x00007f4b1d58be80, 0x00007f4b1d58e058]
Event: 52.659 Thread 0x00007f4b2c186000 1691       3       org.evosuite.graphs.cfg.BytecodeInstructionPool::registerInstruction (304 bytes)
Event: 52.706 Thread 0x00007f4b2c186000 nmethod 1691 0x00007f4b1d58edd0 code [0x00007f4b1d58f340, 0x00007f4b1d593408]
Event: 52.711 Thread 0x00007f4b2c186000 1679       3       org.evosuite.shaded.org.objectweb.asm.ClassWriter::newFieldItem (77 bytes)
Event: 52.720 Thread 0x00007f4b2c186000 nmethod 1679 0x00007f4b1d594d50 code [0x00007f4b1d594f40, 0x00007f4b1d595718]
Event: 52.857 Thread 0x00007f4b2c186000 1696       3       org.evosuite.shaded.org.objectweb.asm.ClassReader::readUTF (194 bytes)
Event: 52.860 Thread 0x00007f4b2c186000 nmethod 1696 0x00007f4b1d595b50 code [0x00007f4b1d595ce0, 0x00007f4b1d596188]

GC Heap History (10 events):
Event: 3.782 GC heap before
{Heap before GC invocations=2 (full 0):
 PSYoungGen      total 18432K, used 3391K [0x00000000eb900000, 0x00000000ecd80000, 0x0000000100000000)
  eden space 15872K, 5% used [0x00000000eb900000,0x00000000eb9d7c48,0x00000000ec880000)
  from space 2560K, 98% used [0x00000000ec880000,0x00000000ecaf8010,0x00000000ecb00000)
  to   space 2560K, 0% used [0x00000000ecb00000,0x00000000ecb00000,0x00000000ecd80000)
 ParOldGen       total 42496K, used 1688K [0x00000000c2a00000, 0x00000000c5380000, 0x00000000eb900000)
  object space 42496K, 3% used [0x00000000c2a00000,0x00000000c2ba6000,0x00000000c5380000)
 Metaspace       used 10158K, capacity 10316K, committed 10624K, reserved 1058816K
  class space    used 1227K, capacity 1287K, committed 1408K, reserved 1048576K
Event: 3.792 GC heap after
Heap after GC invocations=2 (full 0):
 PSYoungGen      total 18432K, used 2464K [0x00000000eb900000, 0x00000000ecd80000, 0x0000000100000000)
  eden space 15872K, 0% used [0x00000000eb900000,0x00000000eb900000,0x00000000ec880000)
  from space 2560K, 96% used [0x00000000ecb00000,0x00000000ecd68020,0x00000000ecd80000)
  to   space 2560K, 0% used [0x00000000ec880000,0x00000000ec880000,0x00000000ecb00000)
 ParOldGen       total 42496K, used 1760K [0x00000000c2a00000, 0x00000000c5380000, 0x00000000eb900000)
  object space 42496K, 4% used [0x00000000c2a00000,0x00000000c2bb8010,0x00000000c5380000)
 Metaspace       used 10158K, capacity 10316K, committed 10624K, reserved 1058816K
  class space    used 1227K, capacity 1287K, committed 1408K, reserved 1048576K
}
Event: 3.792 GC heap before
{Heap before GC invocations=3 (full 1):
 PSYoungGen      total 18432K, used 2464K [0x00000000eb900000, 0x00000000ecd80000, 0x0000000100000000)
  eden space 15872K, 0% used [0x00000000eb900000,0x00000000eb900000,0x00000000ec880000)
  from space 2560K, 96% used [0x00000000ecb00000,0x00000000ecd68020,0x00000000ecd80000)
  to   space 2560K, 0% used [0x00000000ec880000,0x00000000ec880000,0x00000000ecb00000)
 ParOldGen       total 42496K, used 1760K [0x00000000c2a00000, 0x00000000c5380000, 0x00000000eb900000)
  object space 42496K, 4% used [0x00000000c2a00000,0x00000000c2bb8010,0x00000000c5380000)
 Metaspace       used 10158K, capacity 10316K, committed 10624K, reserved 1058816K
  class space    used 1227K, capacity 1287K, committed 1408K, reserved 1048576K
Event: 3.866 GC heap after
Heap after GC invocations=3 (full 1):
 PSYoungGen      total 18432K, used 0K [0x00000000eb900000, 0x00000000ecd80000, 0x0000000100000000)
  eden space 15872K, 0% used [0x00000000eb900000,0x00000000eb900000,0x00000000ec880000)
  from space 2560K, 0% used [0x00000000ecb00000,0x00000000ecb00000,0x00000000ecd80000)
  to   space 2560K, 0% used [0x00000000ec880000,0x00000000ec880000,0x00000000ecb00000)
 ParOldGen       total 42496K, used 2630K [0x00000000c2a00000, 0x00000000c5380000, 0x00000000eb900000)
  object space 42496K, 6% used [0x00000000c2a00000,0x00000000c2c918d8,0x00000000c5380000)
 Metaspace       used 10150K, capacity 10306K, committed 10624K, reserved 1058816K
  class space    used 1225K, capacity 1285K, committed 1408K, reserved 1048576K
}
Event: 49.066 GC heap before
{Heap before GC invocations=4 (full 1):
 PSYoungGen      total 18432K, used 15872K [0x00000000eb900000, 0x00000000ecd80000, 0x0000000100000000)
  eden space 15872K, 100% used [0x00000000eb900000,0x00000000ec880000,0x00000000ec880000)
  from space 2560K, 0% used [0x00000000ecb00000,0x00000000ecb00000,0x00000000ecd80000)
  to   space 2560K, 0% used [0x00000000ec880000,0x00000000ec880000,0x00000000ecb00000)
 ParOldGen       total 42496K, used 2630K [0x00000000c2a00000, 0x00000000c5380000, 0x00000000eb900000)
  object space 42496K, 6% used [0x00000000c2a00000,0x00000000c2c918d8,0x00000000c5380000)
 Metaspace       used 13479K, capacity 13874K, committed 14080K, reserved 1060864K
  class space    used 1582K, capacity 1705K, committed 1792K, reserved 1048576K
Event: 49.086 GC heap after
Heap after GC invocations=4 (full 1):
 PSYoungGen      total 18432K, used 2534K [0x00000000eb900000, 0x00000000ecd80000, 0x0000000100000000)
  eden space 15872K, 0% used [0x00000000eb900000,0x00000000eb900000,0x00000000ec880000)
  from space 2560K, 98% used [0x00000000ec880000,0x00000000ecaf9850,0x00000000ecb00000)
  to   space 2560K, 0% used [0x00000000ecb00000,0x00000000ecb00000,0x00000000ecd80000)
 ParOldGen       total 42496K, used 4426K [0x00000000c2a00000, 0x00000000c5380000, 0x00000000eb900000)
  object space 42496K, 10% used [0x00000000c2a00000,0x00000000c2e52a50,0x00000000c5380000)
 Metaspace       used 13479K, capacity 13874K, committed 14080K, reserved 1060864K
  class space    used 1582K, capacity 1705K, committed 1792K, reserved 1048576K
}
Event: 50.922 GC heap before
{Heap before GC invocations=5 (full 1):
 PSYoungGen      total 18432K, used 18406K [0x00000000eb900000, 0x00000000ecd80000, 0x0000000100000000)
  eden space 15872K, 100% used [0x00000000eb900000,0x00000000ec880000,0x00000000ec880000)
  from space 2560K, 98% used [0x00000000ec880000,0x00000000ecaf9850,0x00000000ecb00000)
  to   space 2560K, 0% used [0x00000000ecb00000,0x00000000ecb00000,0x00000000ecd80000)
 ParOldGen       total 42496K, used 4426K [0x00000000c2a00000, 0x00000000c5380000, 0x00000000eb900000)
  object space 42496K, 10% used [0x00000000c2a00000,0x00000000c2e52a50,0x00000000c5380000)
 Metaspace       used 13763K, capacity 14142K, committed 14336K, reserved 1062912K
  class space    used 1590K, capacity 1707K, committed 1792K, reserved 1048576K
Event: 50.946 GC heap after
Heap after GC invocations=5 (full 1):
 PSYoungGen      total 18432K, used 2550K [0x00000000eb900000, 0x00000000ecd80000, 0x0000000100000000)
  eden space 15872K, 0% used [0x00000000eb900000,0x00000000eb900000,0x00000000ec880000)
  from space 2560K, 99% used [0x00000000ecb00000,0x00000000ecd7d830,0x00000000ecd80000)
  to   space 2560K, 0% used [0x00000000ec880000,0x00000000ec880000,0x00000000ecb00000)
 ParOldGen       total 42496K, used 5279K [0x00000000c2a00000, 0x00000000c5380000, 0x00000000eb900000)
  object space 42496K, 12% used [0x00000000c2a00000,0x00000000c2f27cd8,0x00000000c5380000)
 Metaspace       used 13763K, capacity 14142K, committed 14336K, reserved 1062912K
  class space    used 1590K, capacity 1707K, committed 1792K, reserved 1048576K
}
Event: 51.938 GC heap before
{Heap before GC invocations=6 (full 1):
 PSYoungGen      total 18432K, used 18422K [0x00000000eb900000, 0x00000000ecd80000, 0x0000000100000000)
  eden space 15872K, 100% used [0x00000000eb900000,0x00000000ec880000,0x00000000ec880000)
  from space 2560K, 99% used [0x00000000ecb00000,0x00000000ecd7d830,0x00000000ecd80000)
  to   space 2560K, 0% used [0x00000000ec880000,0x00000000ec880000,0x00000000ecb00000)
 ParOldGen       total 42496K, used 5279K [0x00000000c2a00000, 0x00000000c5380000, 0x00000000eb900000)
  object space 42496K, 12% used [0x00000000c2a00000,0x00000000c2f27cd8,0x00000000c5380000)
 Metaspace       used 13833K, capacity 14206K, committed 14336K, reserved 1062912K
  class space    used 1590K, capacity 1707K, committed 1792K, reserved 1048576K
Event: 51.959 GC heap after
Heap after GC invocations=6 (full 1):
 PSYoungGen      total 18432K, used 2560K [0x00000000eb900000, 0x00000000ecd80000, 0x0000000100000000)
  eden space 15872K, 0% used [0x00000000eb900000,0x00000000eb900000,0x00000000ec880000)
  from space 2560K, 100% used [0x00000000ec880000,0x00000000ecb00000,0x00000000ecb00000)
  to   space 2560K, 0% used [0x00000000ecb00000,0x00000000ecb00000,0x00000000ecd80000)
 ParOldGen       total 42496K, used 6537K [0x00000000c2a00000, 0x00000000c5380000, 0x00000000eb900000)
  object space 42496K, 15% used [0x00000000c2a00000,0x00000000c3062438,0x00000000c5380000)
 Metaspace       used 13833K, capacity 14206K, committed 14336K, reserved 1062912K
  class space    used 1590K, capacity 1707K, committed 1792K, reserved 1048576K
}

Deoptimization events (10 events):
Event: 42.379 Thread 0x00007f4ad0001000 Uncommon trap: reason=bimorphic action=maybe_recompile pc=0x00007f4b1d26c914 method=java.util.HashMap.putVal(ILjava/lang/Object;Ljava/lang/Object;ZZ)Ljava/lang/Object; @ 91
Event: 42.388 Thread 0x00007f4ad0001000 Uncommon trap: reason=bimorphic action=maybe_recompile pc=0x00007f4b1d26c914 method=java.util.HashMap.putVal(ILjava/lang/Object;Ljava/lang/Object;ZZ)Ljava/lang/Object; @ 91
Event: 46.900 Thread 0x00007f4ad0001000 Uncommon trap: reason=uninitialized action=reinterpret pc=0x00007f4b1d3c9600 method=java.io.ObjectInputStream$HandleTable.markDependency(II)V @ 110
Event: 46.961 Thread 0x00007f4ad0001000 Uncommon trap: reason=unstable_if action=reinterpret pc=0x00007f4b1d3b47c4 method=java.io.ObjectStreamClass$FieldReflector.setObjFieldValues(Ljava/lang/Object;[Ljava/lang/Object;)V @ 92
Event: 46.961 Thread 0x00007f4ad0001000 Uncommon trap: reason=uninitialized action=reinterpret pc=0x00007f4b1d3c9600 method=java.io.ObjectInputStream$HandleTable.markDependency(II)V @ 110
Event: 49.152 Thread 0x00007f4ad0001000 Uncommon trap: reason=class_check action=maybe_recompile pc=0x00007f4b1d3cf368 method=java.util.HashMap.putVal(ILjava/lang/Object;Ljava/lang/Object;ZZ)Ljava/lang/Object; @ 203
Event: 49.523 Thread 0x00007f4ad0001000 Uncommon trap: reason=class_check action=maybe_recompile pc=0x00007f4b1d3cf368 method=java.util.HashMap.putVal(ILjava/lang/Object;Ljava/lang/Object;ZZ)Ljava/lang/Object; @ 203
Event: 49.523 Thread 0x00007f4ad0001000 Uncommon trap: reason=class_check action=maybe_recompile pc=0x00007f4b1d3cf368 method=java.util.HashMap.putVal(ILjava/lang/Object;Ljava/lang/Object;ZZ)Ljava/lang/Object; @ 203
Event: 50.177 Thread 0x00007f4ad0001000 Uncommon trap: reason=unstable_if action=reinterpret pc=0x00007f4b1d1ede78 method=java.lang.AbstractStringBuilder.append(Ljava/lang/String;)Ljava/lang/AbstractStringBuilder; @ 1
Event: 50.462 Thread 0x00007f4ad0001000 Uncommon trap: reason=class_check action=maybe_recompile pc=0x00007f4b1d3cf368 method=java.util.HashMap.putVal(ILjava/lang/Object;Ljava/lang/Object;ZZ)Ljava/lang/Object; @ 203

Classes redefined (0 events):
No events

Internal exceptions (10 events):
Event: 31.971 Thread 0x00007f4b2c2ea800 Exception <a 'java/net/ConnectException'> (0x00000000ebb92378) thrown at [/HUDSON/workspace/8-2-build-linux-amd64/jdk8u201/12317/hotspot/src/share/vm/prims/jni.cpp, line 709]
Event: 41.962 Thread 0x00007f4b2c2e7000 Exception <a 'java/net/ConnectException'> (0x00000000ebb43750) thrown at [/HUDSON/workspace/8-2-build-linux-amd64/jdk8u201/12317/hotspot/src/share/vm/prims/jni.cpp, line 709]
Event: 41.962 Thread 0x00007f4b2c2e5800 Exception <a 'java/net/ConnectException'> (0x00000000ebb6b2f8) thrown at [/HUDSON/workspace/8-2-build-linux-amd64/jdk8u201/12317/hotspot/src/share/vm/prims/jni.cpp, line 709]
Event: 41.973 Thread 0x00007f4b2c2ea800 Exception <a 'java/net/ConnectException'> (0x00000000ebb92ea0) thrown at [/HUDSON/workspace/8-2-build-linux-amd64/jdk8u201/12317/hotspot/src/share/vm/prims/jni.cpp, line 709]
Event: 46.482 Thread 0x00007f4ad0001000 Exception <a 'java/lang/NoSuchMethodError': <clinit>> (0x00000000ec2d75a8) thrown at [/HUDSON/workspace/8-2-build-linux-amd64/jdk8u201/12317/hotspot/src/share/vm/prims/jni.cpp, line 1613]
Event: 46.961 Thread 0x00007f4ad0001000 Implicit null exception at 0x00007f4b1d3b44bc to 0x00007f4b1d3b479d
Event: 50.177 Thread 0x00007f4ad0001000 Implicit null exception at 0x00007f4b1d1edab6 to 0x00007f4b1d1ede61
Event: 51.963 Thread 0x00007f4b2c2e7000 Exception <a 'java/net/ConnectException'> (0x00000000eb900768) thrown at [/HUDSON/workspace/8-2-build-linux-amd64/jdk8u201/12317/hotspot/src/share/vm/prims/jni.cpp, line 709]
Event: 51.964 Thread 0x00007f4b2c2e5800 Exception <a 'java/net/ConnectException'> (0x00000000eb91a4d8) thrown at [/HUDSON/workspace/8-2-build-linux-amd64/jdk8u201/12317/hotspot/src/share/vm/prims/jni.cpp, line 709]
Event: 51.987 Thread 0x00007f4b2c2ea800 Exception <a 'java/net/ConnectException'> (0x00000000eb934248) thrown at [/HUDSON/workspace/8-2-build-linux-amd64/jdk8u201/12317/hotspot/src/share/vm/prims/jni.cpp, line 709]

Events (10 events):
Event: 51.937 Executing VM operation: ParallelGCFailedAllocation
Event: 51.959 Executing VM operation: ParallelGCFailedAllocation done
Event: 52.279 Thread 0x00007f4ad0001000 DEOPT PACKING pc=0x00007f4b1d47ebed sp=0x00007f4b14874c90
Event: 52.279 Thread 0x00007f4ad0001000 DEOPT UNPACKING pc=0x00007f4b1d047784 sp=0x00007f4b14874a80 mode 0
Event: 52.557 Thread 0x00007f4ad0001000 DEOPT PACKING pc=0x00007f4b1d47ebed sp=0x00007f4b14874c90
Event: 52.557 Thread 0x00007f4ad0001000 DEOPT UNPACKING pc=0x00007f4b1d047784 sp=0x00007f4b14874a80 mode 0
Event: 52.558 Thread 0x00007f4ad0001000 DEOPT PACKING pc=0x00007f4b1d47ebed sp=0x00007f4b14874c90
Event: 52.558 Thread 0x00007f4ad0001000 DEOPT UNPACKING pc=0x00007f4b1d047784 sp=0x00007f4b14874a80 mode 0
Event: 52.773 Executing VM operation: RevokeBias
Event: 52.809 Executing VM operation: RevokeBias done


Dynamic libraries:
00400000-00401000 r-xp 00000000 08:01 654793                             /usr/lib/jdk/jdk1.8.0_201/bin/java
00600000-00601000 r--p 00000000 08:01 654793                             /usr/lib/jdk/jdk1.8.0_201/bin/java
00601000-00602000 rw-p 00001000 08:01 654793                             /usr/lib/jdk/jdk1.8.0_201/bin/java
01095000-0126a000 rw-p 00000000 00:00 0                                  [heap]
c2a00000-c5380000 rw-p 00000000 00:00 0 
c5380000-eb900000 ---p 00000000 00:00 0 
eb900000-ecd80000 rw-p 00000000 00:00 0 
ecd80000-100000000 ---p 00000000 00:00 0 
100000000-1001c0000 rw-p 00000000 00:00 0 
1001c0000-140000000 ---p 00000000 00:00 0 
7f4a9c000000-7f4a9c021000 rw-p 00000000 00:00 0 
7f4a9c021000-7f4aa0000000 ---p 00000000 00:00 0 
7f4aa0000000-7f4aa0021000 rw-p 00000000 00:00 0 
7f4aa0021000-7f4aa4000000 ---p 00000000 00:00 0 
7f4aa4000000-7f4aa4021000 rw-p 00000000 00:00 0 
7f4aa4021000-7f4aa8000000 ---p 00000000 00:00 0 
7f4aa8000000-7f4aa804b000 rw-p 00000000 00:00 0 
7f4aa804b000-7f4aac000000 ---p 00000000 00:00 0 
7f4aac000000-7f4aac021000 rw-p 00000000 00:00 0 
7f4aac021000-7f4ab0000000 ---p 00000000 00:00 0 
7f4ab0000000-7f4ab0036000 rw-p 00000000 00:00 0 
7f4ab0036000-7f4ab4000000 ---p 00000000 00:00 0 
7f4ab4000000-7f4ab4021000 rw-p 00000000 00:00 0 
7f4ab4021000-7f4ab8000000 ---p 00000000 00:00 0 
7f4ab8000000-7f4ab8021000 rw-p 00000000 00:00 0 
7f4ab8021000-7f4abc000000 ---p 00000000 00:00 0 
7f4abc000000-7f4abc021000 rw-p 00000000 00:00 0 
7f4abc021000-7f4ac0000000 ---p 00000000 00:00 0 
7f4ac0000000-7f4ac0021000 rw-p 00000000 00:00 0 
7f4ac0021000-7f4ac4000000 ---p 00000000 00:00 0 
7f4ac4000000-7f4ac4021000 rw-p 00000000 00:00 0 
7f4ac4021000-7f4ac8000000 ---p 00000000 00:00 0 
7f4ac8000000-7f4ac8021000 rw-p 00000000 00:00 0 
7f4ac8021000-7f4acc000000 ---p 00000000 00:00 0 
7f4acc000000-7f4acc021000 rw-p 00000000 00:00 0 
7f4acc021000-7f4ad0000000 ---p 00000000 00:00 0 
7f4ad0000000-7f4ad0021000 rw-p 00000000 00:00 0 
7f4ad0021000-7f4ad4000000 ---p 00000000 00:00 0 
7f4ad4000000-7f4ad4021000 rw-p 00000000 00:00 0 
7f4ad4021000-7f4ad8000000 ---p 00000000 00:00 0 
7f4ad8000000-7f4ad8021000 rw-p 00000000 00:00 0 
7f4ad8021000-7f4adc000000 ---p 00000000 00:00 0 
7f4adc000000-7f4adc021000 rw-p 00000000 00:00 0 
7f4adc021000-7f4ae0000000 ---p 00000000 00:00 0 
7f4ae0000000-7f4ae0021000 rw-p 00000000 00:00 0 
7f4ae0021000-7f4ae4000000 ---p 00000000 00:00 0 
7f4ae4fff000-7f4ae8000000 rw-p 00000000 00:00 0 
7f4ae8000000-7f4ae84d4000 rw-p 00000000 00:00 0 
7f4ae84d4000-7f4aec000000 ---p 00000000 00:00 0 
7f4aec000000-7f4aec021000 rw-p 00000000 00:00 0 
7f4aec021000-7f4af0000000 ---p 00000000 00:00 0 
7f4af0000000-7f4af0e6a000 rw-p 00000000 00:00 0 
7f4af0e6a000-7f4af4000000 ---p 00000000 00:00 0 
7f4af4000000-7f4af4734000 rw-p 00000000 00:00 0 
7f4af4734000-7f4af8000000 ---p 00000000 00:00 0 
7f4af8000000-7f4af8021000 rw-p 00000000 00:00 0 
7f4af8021000-7f4afc000000 ---p 00000000 00:00 0 
7f4afc000000-7f4afc021000 rw-p 00000000 00:00 0 
7f4afc021000-7f4b00000000 ---p 00000000 00:00 0 
7f4b00000000-7f4b00021000 rw-p 00000000 00:00 0 
7f4b00021000-7f4b04000000 ---p 00000000 00:00 0 
7f4b04000000-7f4b04021000 rw-p 00000000 00:00 0 
7f4b04021000-7f4b08000000 ---p 00000000 00:00 0 
7f4b08000000-7f4b08021000 rw-p 00000000 00:00 0 
7f4b08021000-7f4b0c000000 ---p 00000000 00:00 0 
7f4b0c000000-7f4b0c021000 rw-p 00000000 00:00 0 
7f4b0c021000-7f4b10000000 ---p 00000000 00:00 0 
7f4b10000000-7f4b10021000 rw-p 00000000 00:00 0 
7f4b10021000-7f4b14000000 ---p 00000000 00:00 0 
7f4b1437b000-7f4b143fb000 rw-p 00000000 00:00 0 
7f4b143fb000-7f4b1457b000 ---p 00000000 00:00 0 
7f4b1457b000-7f4b1477b000 rw-p 00000000 00:00 0 
7f4b1477b000-7f4b1477e000 ---p 00000000 00:00 0 
7f4b1477e000-7f4b1487c000 rw-p 00000000 00:00 0 
7f4b1487c000-7f4b1487f000 ---p 00000000 00:00 0 
7f4b1487f000-7f4b1497d000 rw-p 00000000 00:00 0 
7f4b1497d000-7f4b14980000 ---p 00000000 00:00 0 
7f4b14980000-7f4b14a7e000 rw-p 00000000 00:00 0 
7f4b14a7e000-7f4b14a81000 ---p 00000000 00:00 0 
7f4b14a81000-7f4b14b7f000 rw-p 00000000 00:00 0 
7f4b14b7f000-7f4b14b82000 ---p 00000000 00:00 0 
7f4b14b82000-7f4b14c80000 rw-p 00000000 00:00 0 
7f4b14c80000-7f4b14c83000 ---p 00000000 00:00 0 
7f4b14c83000-7f4b14d81000 rw-p 00000000 00:00 0 
7f4b14d81000-7f4b14d84000 ---p 00000000 00:00 0 
7f4b14d84000-7f4b14e82000 rw-p 00000000 00:00 0 
7f4b14e82000-7f4b14e85000 ---p 00000000 00:00 0 
7f4b14e85000-7f4b14f83000 rw-p 00000000 00:00 0 
7f4b14f83000-7f4b14f86000 ---p 00000000 00:00 0 
7f4b14f86000-7f4b15084000 rw-p 00000000 00:00 0 
7f4b15084000-7f4b15087000 ---p 00000000 00:00 0 
7f4b15087000-7f4b15185000 rw-p 00000000 00:00 0 
7f4b15185000-7f4b15188000 ---p 00000000 00:00 0 
7f4b15188000-7f4b15286000 rw-p 00000000 00:00 0 
7f4b15286000-7f4b15289000 ---p 00000000 00:00 0 
7f4b15289000-7f4b15387000 rw-p 00000000 00:00 0 
7f4b15387000-7f4b1538a000 ---p 00000000 00:00 0 
7f4b1538a000-7f4b15488000 rw-p 00000000 00:00 0 
7f4b15488000-7f4b1548b000 ---p 00000000 00:00 0 
7f4b1548b000-7f4b15789000 rw-p 00000000 00:00 0 
7f4b15789000-7f4b15802000 r--s 010fd000 08:01 654900                     /usr/lib/jdk/jdk1.8.0_201/lib/tools.jar
7f4b15802000-7f4b15805000 ---p 00000000 00:00 0 
7f4b15805000-7f4b15903000 rw-p 00000000 00:00 0 
7f4b15903000-7f4b15906000 ---p 00000000 00:00 0 
7f4b15906000-7f4b15a04000 rw-p 00000000 00:00 0 
7f4b15a04000-7f4b15a07000 ---p 00000000 00:00 0 
7f4b15a07000-7f4b15b05000 rw-p 00000000 00:00 0 
7f4b15b05000-7f4b15b1b000 r-xp 00000000 08:01 656512                     /usr/lib/jdk/jdk1.8.0_201/jre/lib/amd64/libnet.so
7f4b15b1b000-7f4b15d1b000 ---p 00016000 08:01 656512                     /usr/lib/jdk/jdk1.8.0_201/jre/lib/amd64/libnet.so
7f4b15d1b000-7f4b15d1c000 r--p 00016000 08:01 656512                     /usr/lib/jdk/jdk1.8.0_201/jre/lib/amd64/libnet.so
7f4b15d1c000-7f4b15d1d000 rw-p 00017000 08:01 656512                     /usr/lib/jdk/jdk1.8.0_201/jre/lib/amd64/libnet.so
7f4b15d1d000-7f4b15f4e000 r--s 01bb1000 08:01 403225                     /home/hewitt/work/DiffTGen-master/lib/evosuite-1.0.6.jar
7f4b15f4e000-7f4b15f4f000 ---p 00000000 00:00 0 
7f4b15f4f000-7f4b1604f000 rw-p 00000000 00:00 0 
7f4b1604f000-7f4b16052000 ---p 00000000 00:00 0 
7f4b16052000-7f4b18000000 rw-p 00000000 00:00 0 
7f4b18000000-7f4b18021000 rw-p 00000000 00:00 0 
7f4b18021000-7f4b1c000000 ---p 00000000 00:00 0 
7f4b1c002000-7f4b1c005000 ---p 00000000 00:00 0 
7f4b1c005000-7f4b1c03b000 rw-p 00000000 00:00 0 
7f4b1c03b000-7f4b1c03e000 ---p 00000000 00:00 0 
7f4b1c03e000-7f4b1c13c000 rw-p 00000000 00:00 0 
7f4b1c13c000-7f4b1c13f000 ---p 00000000 00:00 0 
7f4b1c13f000-7f4b1c23d000 rw-p 00000000 00:00 0 
7f4b1c23d000-7f4b1c240000 ---p 00000000 00:00 0 
7f4b1c240000-7f4b1c33e000 rw-p 00000000 00:00 0 
7f4b1c33e000-7f4b1c341000 ---p 00000000 00:00 0 
7f4b1c341000-7f4b1c43f000 rw-p 00000000 00:00 0 
7f4b1c43f000-7f4b1cdfe000 r--p 00000000 08:01 270368                     /usr/lib/locale/locale-archive
7f4b1cdfe000-7f4b1ce01000 ---p 00000000 00:00 0 
7f4b1ce01000-7f4b1ceff000 rw-p 00000000 00:00 0 
7f4b1ceff000-7f4b1cf02000 ---p 00000000 00:00 0 
7f4b1cf02000-7f4b1d000000 rw-p 00000000 00:00 0 
7f4b1d000000-7f4b1d5a0000 rwxp 00000000 00:00 0 
7f4b1d5b0000-7f4b2c000000 ---p 00000000 00:00 0 
7f4b2c000000-7f4b2c4c6000 rw-p 00000000 00:00 0 
7f4b2c4c6000-7f4b30000000 ---p 00000000 00:00 0 
7f4b30019000-7f4b30035000 r--s 00393000 08:01 656354                     /usr/lib/jdk/jdk1.8.0_201/jre/lib/ext/cldrdata.jar
7f4b30035000-7f4b30036000 ---p 00000000 00:00 0 
7f4b30036000-7f4b31045000 rw-p 00000000 00:00 0 
7f4b31045000-7f4b3121f000 r--s 03d6f000 08:01 656293                     /usr/lib/jdk/jdk1.8.0_201/jre/lib/rt.jar
7f4b3121f000-7f4b31c80000 rw-p 00000000 00:00 0 
7f4b31c80000-7f4b31c81000 ---p 00000000 00:00 0 
7f4b31c81000-7f4b31d81000 rw-p 00000000 00:00 0 
7f4b31d81000-7f4b31d82000 ---p 00000000 00:00 0 
7f4b31d82000-7f4b31e82000 rw-p 00000000 00:00 0 
7f4b31e82000-7f4b31e83000 ---p 00000000 00:00 0 
7f4b31e83000-7f4b31f83000 rw-p 00000000 00:00 0 
7f4b31f83000-7f4b31f84000 ---p 00000000 00:00 0 
7f4b31f84000-7f4b32099000 rw-p 00000000 00:00 0 
7f4b32099000-7f4b321cc000 ---p 00000000 00:00 0 
7f4b321cc000-7f4b321e1000 rw-p 00000000 00:00 0 
7f4b321e1000-7f4b32313000 ---p 00000000 00:00 0 
7f4b32313000-7f4b3231e000 rw-p 00000000 00:00 0 
7f4b3231e000-7f4b323b7000 ---p 00000000 00:00 0 
7f4b323b7000-7f4b323cf000 rw-p 00000000 00:00 0 
7f4b323cf000-7f4b32778000 ---p 00000000 00:00 0 
7f4b32778000-7f4b32793000 r-xp 00000000 08:01 656508                     /usr/lib/jdk/jdk1.8.0_201/jre/lib/amd64/libzip.so
7f4b32793000-7f4b32992000 ---p 0001b000 08:01 656508                     /usr/lib/jdk/jdk1.8.0_201/jre/lib/amd64/libzip.so
7f4b32992000-7f4b32993000 r--p 0001a000 08:01 656508                     /usr/lib/jdk/jdk1.8.0_201/jre/lib/amd64/libzip.so
7f4b32993000-7f4b32994000 rw-p 0001b000 08:01 656508                     /usr/lib/jdk/jdk1.8.0_201/jre/lib/amd64/libzip.so
7f4b32994000-7f4b3299f000 r-xp 00000000 08:01 658902                     /lib/x86_64-linux-gnu/libnss_files-2.23.so
7f4b3299f000-7f4b32b9e000 ---p 0000b000 08:01 658902                     /lib/x86_64-linux-gnu/libnss_files-2.23.so
7f4b32b9e000-7f4b32b9f000 r--p 0000a000 08:01 658902                     /lib/x86_64-linux-gnu/libnss_files-2.23.so
7f4b32b9f000-7f4b32ba0000 rw-p 0000b000 08:01 658902                     /lib/x86_64-linux-gnu/libnss_files-2.23.so
7f4b32ba0000-7f4b32ba6000 rw-p 00000000 00:00 0 
7f4b32ba6000-7f4b32bb1000 r-xp 00000000 08:01 658912                     /lib/x86_64-linux-gnu/libnss_nis-2.23.so
7f4b32bb1000-7f4b32db0000 ---p 0000b000 08:01 658912                     /lib/x86_64-linux-gnu/libnss_nis-2.23.so
7f4b32db0000-7f4b32db1000 r--p 0000a000 08:01 658912                     /lib/x86_64-linux-gnu/libnss_nis-2.23.so
7f4b32db1000-7f4b32db2000 rw-p 0000b000 08:01 658912                     /lib/x86_64-linux-gnu/libnss_nis-2.23.so
7f4b32db2000-7f4b32dc8000 r-xp 00000000 08:01 658896                     /lib/x86_64-linux-gnu/libnsl-2.23.so
7f4b32dc8000-7f4b32fc7000 ---p 00016000 08:01 658896                     /lib/x86_64-linux-gnu/libnsl-2.23.so
7f4b32fc7000-7f4b32fc8000 r--p 00015000 08:01 658896                     /lib/x86_64-linux-gnu/libnsl-2.23.so
7f4b32fc8000-7f4b32fc9000 rw-p 00016000 08:01 658896                     /lib/x86_64-linux-gnu/libnsl-2.23.so
7f4b32fc9000-7f4b32fcb000 rw-p 00000000 00:00 0 
7f4b32fcb000-7f4b32fd3000 r-xp 00000000 08:01 658898                     /lib/x86_64-linux-gnu/libnss_compat-2.23.so
7f4b32fd3000-7f4b331d2000 ---p 00008000 08:01 658898                     /lib/x86_64-linux-gnu/libnss_compat-2.23.so
7f4b331d2000-7f4b331d3000 r--p 00007000 08:01 658898                     /lib/x86_64-linux-gnu/libnss_compat-2.23.so
7f4b331d3000-7f4b331d4000 rw-p 00008000 08:01 658898                     /lib/x86_64-linux-gnu/libnss_compat-2.23.so
7f4b331d4000-7f4b33200000 r-xp 00000000 08:01 656502                     /usr/lib/jdk/jdk1.8.0_201/jre/lib/amd64/libjava.so
7f4b33200000-7f4b33400000 ---p 0002c000 08:01 656502                     /usr/lib/jdk/jdk1.8.0_201/jre/lib/amd64/libjava.so
7f4b33400000-7f4b33401000 r--p 0002c000 08:01 656502                     /usr/lib/jdk/jdk1.8.0_201/jre/lib/amd64/libjava.so
7f4b33401000-7f4b33403000 rw-p 0002d000 08:01 656502                     /usr/lib/jdk/jdk1.8.0_201/jre/lib/amd64/libjava.so
7f4b33403000-7f4b33410000 r-xp 00000000 08:01 656507                     /usr/lib/jdk/jdk1.8.0_201/jre/lib/amd64/libverify.so
7f4b33410000-7f4b3360f000 ---p 0000d000 08:01 656507                     /usr/lib/jdk/jdk1.8.0_201/jre/lib/amd64/libverify.so
7f4b3360f000-7f4b33611000 r--p 0000c000 08:01 656507                     /usr/lib/jdk/jdk1.8.0_201/jre/lib/amd64/libverify.so
7f4b33611000-7f4b33612000 rw-p 0000e000 08:01 656507                     /usr/lib/jdk/jdk1.8.0_201/jre/lib/amd64/libverify.so
7f4b33612000-7f4b33619000 r-xp 00000000 08:01 658957                     /lib/x86_64-linux-gnu/librt-2.23.so
7f4b33619000-7f4b33818000 ---p 00007000 08:01 658957                     /lib/x86_64-linux-gnu/librt-2.23.so
7f4b33818000-7f4b33819000 r--p 00006000 08:01 658957                     /lib/x86_64-linux-gnu/librt-2.23.so
7f4b33819000-7f4b3381a000 rw-p 00007000 08:01 658957                     /lib/x86_64-linux-gnu/librt-2.23.so
7f4b3381a000-7f4b33922000 r-xp 00000000 08:01 658873                     /lib/x86_64-linux-gnu/libm-2.23.so
7f4b33922000-7f4b33b21000 ---p 00108000 08:01 658873                     /lib/x86_64-linux-gnu/libm-2.23.so
7f4b33b21000-7f4b33b22000 r--p 00107000 08:01 658873                     /lib/x86_64-linux-gnu/libm-2.23.so
7f4b33b22000-7f4b33b23000 rw-p 00108000 08:01 658873                     /lib/x86_64-linux-gnu/libm-2.23.so
7f4b33b23000-7f4b3480b000 r-xp 00000000 08:01 656484                     /usr/lib/jdk/jdk1.8.0_201/jre/lib/amd64/server/libjvm.so
7f4b3480b000-7f4b34a0a000 ---p 00ce8000 08:01 656484                     /usr/lib/jdk/jdk1.8.0_201/jre/lib/amd64/server/libjvm.so
7f4b34a0a000-7f4b34aa0000 r--p 00ce7000 08:01 656484                     /usr/lib/jdk/jdk1.8.0_201/jre/lib/amd64/server/libjvm.so
7f4b34aa0000-7f4b34ad1000 rw-p 00d7d000 08:01 656484                     /usr/lib/jdk/jdk1.8.0_201/jre/lib/amd64/server/libjvm.so
7f4b34ad1000-7f4b34b0c000 rw-p 00000000 00:00 0 
7f4b34b0c000-7f4b34ccc000 r-xp 00000000 08:01 658803                     /lib/x86_64-linux-gnu/libc-2.23.so
7f4b34ccc000-7f4b34ecc000 ---p 001c0000 08:01 658803                     /lib/x86_64-linux-gnu/libc-2.23.so
7f4b34ecc000-7f4b34ed0000 r--p 001c0000 08:01 658803                     /lib/x86_64-linux-gnu/libc-2.23.so
7f4b34ed0000-7f4b34ed2000 rw-p 001c4000 08:01 658803                     /lib/x86_64-linux-gnu/libc-2.23.so
7f4b34ed2000-7f4b34ed6000 rw-p 00000000 00:00 0 
7f4b34ed6000-7f4b34ed9000 r-xp 00000000 08:01 658827                     /lib/x86_64-linux-gnu/libdl-2.23.so
7f4b34ed9000-7f4b350d8000 ---p 00003000 08:01 658827                     /lib/x86_64-linux-gnu/libdl-2.23.so
7f4b350d8000-7f4b350d9000 r--p 00002000 08:01 658827                     /lib/x86_64-linux-gnu/libdl-2.23.so
7f4b350d9000-7f4b350da000 rw-p 00003000 08:01 658827                     /lib/x86_64-linux-gnu/libdl-2.23.so
7f4b350da000-7f4b350f1000 r-xp 00000000 08:01 656155                     /usr/lib/jdk/jdk1.8.0_201/lib/amd64/jli/libjli.so
7f4b350f1000-7f4b352f0000 ---p 00017000 08:01 656155                     /usr/lib/jdk/jdk1.8.0_201/lib/amd64/jli/libjli.so
7f4b352f0000-7f4b352f1000 r--p 00016000 08:01 656155                     /usr/lib/jdk/jdk1.8.0_201/lib/amd64/jli/libjli.so
7f4b352f1000-7f4b352f2000 rw-p 00017000 08:01 656155                     /usr/lib/jdk/jdk1.8.0_201/lib/amd64/jli/libjli.so
7f4b352f2000-7f4b3530a000 r-xp 00000000 08:01 658949                     /lib/x86_64-linux-gnu/libpthread-2.23.so
7f4b3530a000-7f4b35509000 ---p 00018000 08:01 658949                     /lib/x86_64-linux-gnu/libpthread-2.23.so
7f4b35509000-7f4b3550a000 r--p 00017000 08:01 658949                     /lib/x86_64-linux-gnu/libpthread-2.23.so
7f4b3550a000-7f4b3550b000 rw-p 00018000 08:01 658949                     /lib/x86_64-linux-gnu/libpthread-2.23.so
7f4b3550b000-7f4b3550f000 rw-p 00000000 00:00 0 
7f4b3550f000-7f4b35535000 r-xp 00000000 08:01 658775                     /lib/x86_64-linux-gnu/ld-2.23.so
7f4b3553c000-7f4b35546000 r--s 00116000 08:01 656361                     /usr/lib/jdk/jdk1.8.0_201/jre/lib/ext/localedata.jar
7f4b35546000-7f4b35559000 r--s 000d2000 08:01 401901                     /home/hewitt/work/DiffTGen-master/output/patch8-Math-63-CapGen-plausible/Math_63_8-plausible_capgen/target/build/classes/all0.jar
7f4b35559000-7f4b35617000 rw-p 00000000 00:00 0 
7f4b35617000-7f4b3561a000 ---p 00000000 00:00 0 
7f4b3561a000-7f4b3571d000 rw-p 00000000 00:00 0 
7f4b3571d000-7f4b35721000 r--s 000a1000 08:01 656350                     /usr/lib/jdk/jdk1.8.0_201/jre/lib/jsse.jar
7f4b35721000-7f4b35729000 r--s 0006e000 08:01 398946                     /home/hewitt/work/DiffTGen-master/lib/commons-lang3-3.5.jar
7f4b35729000-7f4b3572a000 r--s 00000000 08:01 398951                     /home/hewitt/work/DiffTGen-master/lib/myprinter.jar
7f4b3572a000-7f4b35732000 rw-s 00000000 08:01 161444                     /tmp/hsperfdata_hewitt/67494
7f4b35732000-7f4b35733000 rw-p 00000000 00:00 0 
7f4b35733000-7f4b35734000 r--p 00000000 00:00 0 
7f4b35734000-7f4b35735000 r--p 00025000 08:01 658775                     /lib/x86_64-linux-gnu/ld-2.23.so
7f4b35735000-7f4b35736000 rw-p 00026000 08:01 658775                     /lib/x86_64-linux-gnu/ld-2.23.so
7f4b35736000-7f4b35737000 rw-p 00000000 00:00 0 
7fff84845000-7fff84867000 rw-p 00000000 00:00 0                          [stack]
7fff848ec000-7fff848ef000 r--p 00000000 00:00 0                          [vvar]
7fff848ef000-7fff848f1000 r-xp 00000000 00:00 0                          [vdso]
ffffffffff600000-ffffffffff601000 r-xp 00000000 00:00 0                  [vsyscall]

VM Arguments:
java_command: /home/hewitt/work/DiffTGen-master/lib/evosuite-1.0.6.jar -base_dir /home/hewitt/work/DiffTGen-master/output/patch8-Math-63-CapGen-plausible/Math_63_8-plausible_capgen/target/0/20 -projectCP /home/hewitt/work/DiffTGen-master/output/patch8-Math-63-CapGen-plausible/Math_63_8-plausible_capgen/target/build/classes/all0.jar:/home/hewitt/work/DiffTGen-master/lib/myprinter.jar:/home/hewitt/work/DiffTGen-master/lib/commons-lang3-3.5.jar -class org.apache.commons.math.util.MathUtils -Dassertions=false -Dsearch_budget=60
java_class_path (initial): /home/hewitt/work/DiffTGen-master/lib/evosuite-1.0.6.jar
Launcher Type: SUN_STANDARD

Environment Variables:
JAVA_HOME=/usr/lib/jdk/jdk1.8.0_201
JRE_HOME=/usr/lib/jdk/jdk1.8.0_201/jre
CLASSPATH=.:/usr/lib/jdk/jdk1.8.0_201/lib:/usr/lib/jdk/jdk1.8.0_201/jre/lib
PATH=/usr/lib/jdk/jdk1.8.0_201/bin:/home/hewitt/bin:/home/hewitt/.local/bin:/usr/lib/jdk/jdk1.7.0_80/bin:/usr/local/sbin:/usr/local/bin:/usr/sbin:/usr/bin:/sbin:/bin:/usr/games:/usr/local/games:/snap/bin:/home/hewitt/work/defects4j_v1.4.0/defects4j/framework/bin:/opt/apache-ant-1.9.14/bin:/home/hewitt/work/defects4j_v1.4.0/defects4j/framework/bin
SHELL=/bin/bash
DISPLAY=:0

Signal Handlers:
SIGSEGV: [libjvm.so+0xad3e60], sa_mask[0]=11111111011111111101111111111110, sa_flags=SA_RESTART|SA_SIGINFO
SIGBUS: [libjvm.so+0xad3e60], sa_mask[0]=11111111011111111101111111111110, sa_flags=SA_RESTART|SA_SIGINFO
SIGFPE: [libjvm.so+0x90b880], sa_mask[0]=11111111011111111101111111111110, sa_flags=SA_RESTART|SA_SIGINFO
SIGPIPE: [libjvm.so+0x90b880], sa_mask[0]=11111111011111111101111111111110, sa_flags=SA_RESTART|SA_SIGINFO
SIGXFSZ: [libjvm.so+0x90b880], sa_mask[0]=11111111011111111101111111111110, sa_flags=SA_RESTART|SA_SIGINFO
SIGILL: [libjvm.so+0x90b880], sa_mask[0]=11111111011111111101111111111110, sa_flags=SA_RESTART|SA_SIGINFO
SIGUSR1: SIG_DFL, sa_mask[0]=00000000000000000000000000000000, sa_flags=none
SIGUSR2: [libjvm.so+0x90b750], sa_mask[0]=00100000000000000000000000000000, sa_flags=SA_RESTART|SA_SIGINFO
SIGHUP: [libjvm.so+0x90bd70], sa_mask[0]=11111111011111111101111111111110, sa_flags=SA_RESTART|SA_SIGINFO
SIGINT: [libjvm.so+0x90bd70], sa_mask[0]=11111111011111111101111111111110, sa_flags=SA_RESTART|SA_SIGINFO
SIGTERM: [libjvm.so+0x90bd70], sa_mask[0]=11111111011111111101111111111110, sa_flags=SA_RESTART|SA_SIGINFO
SIGQUIT: [libjvm.so+0x90bd70], sa_mask[0]=11111111011111111101111111111110, sa_flags=SA_RESTART|SA_SIGINFO


---------------  S Y S T E M  ---------------

OS:DISTRIB_ID=Ubuntu
DISTRIB_RELEASE=16.04
DISTRIB_CODENAME=xenial
DISTRIB_DESCRIPTION="Ubuntu 16.04.6 LTS"

uname:Linux 4.15.0-91-generic #92~16.04.1-Ubuntu SMP Fri Feb 28 14:57:22 UTC 2020 x86_64
libc:glibc 2.23 NPTL 2.23 
rlimit: STACK 8192k, CORE 0k, NPROC 15448, NOFILE 1048576, AS infinity
load average:21.22 14.54 13.93

/proc/meminfo:
MemTotal:        4015936 kB
MemFree:          465604 kB
MemAvailable:     379836 kB
Buffers:            1220 kB
Cached:            35340 kB
SwapCached:          168 kB
Active:          2528716 kB
Inactive:         535336 kB
Active(anon):    2509712 kB
Inactive(anon):   519736 kB
Active(file):      19004 kB
Inactive(file):    15600 kB
Unevictable:          48 kB
Mlocked:              48 kB
SwapTotal:        998396 kB
SwapFree:              0 kB
Dirty:                60 kB
Writeback:            32 kB
AnonPages:       3027652 kB
Mapped:            28468 kB
Shmem:              1472 kB
Slab:              96108 kB
SReclaimable:      34572 kB
SUnreclaim:        61536 kB
KernelStack:       16384 kB
PageTables:        41932 kB
NFS_Unstable:          0 kB
Bounce:                0 kB
WritebackTmp:          0 kB
CommitLimit:     3006364 kB
Committed_AS:    8570248 kB
VmallocTotal:   34359738367 kB
VmallocUsed:           0 kB
VmallocChunk:          0 kB
HardwareCorrupted:     0 kB
AnonHugePages:         0 kB
ShmemHugePages:        0 kB
ShmemPmdMapped:        0 kB
CmaTotal:              0 kB
CmaFree:               0 kB
HugePages_Total:       0
HugePages_Free:        0
HugePages_Rsvd:        0
HugePages_Surp:        0
Hugepagesize:       2048 kB
DirectMap4k:       94016 kB
DirectMap2M:     4100096 kB
DirectMap1G:     2097152 kB

container (cgroup) information:
container_type: cgroupv1
cpu_cpuset_cpus: 0-3
cpu_memory_nodes: 0
active_processor_count: 4
cpu_quota: -1
cpu_period: 100000
cpu_shares: -1
memory_limit_in_bytes: -1
memory_and_swap_limit_in_bytes: -2
memory_soft_limit_in_bytes: -1
memory_usage_in_bytes: 3138433024
memory_max_usage_in_bytes: 390221824


CPU:total 4 (initial active 4) (2 cores per cpu, 1 threads per core) family 6 model 158 stepping 9, cmov, cx8, fxsr, mmx, sse, sse2, sse3, ssse3, sse4.1, sse4.2, popcnt, avx, avx2, aes, clmul, erms, 3dnowpref, lzcnt, tsc, tscinvbit, bmi1, bmi2, adx

/proc/cpuinfo:
processor	: 0
vendor_id	: GenuineIntel
cpu family	: 6
model		: 158
model name	: Intel(R) Core(TM) i7-7700HQ CPU @ 2.80GHz
stepping	: 9
microcode	: 0xb4
cpu MHz		: 2808.002
cache size	: 6144 KB
physical id	: 0
siblings	: 2
core id		: 0
cpu cores	: 2
apicid		: 0
initial apicid	: 0
fpu		: yes
fpu_exception	: yes
cpuid level	: 22
wp		: yes
flags		: fpu vme de pse tsc msr pae mce cx8 apic sep mtrr pge mca cmov pat pse36 clflush mmx fxsr sse sse2 ss ht syscall nx pdpe1gb rdtscp lm constant_tsc arch_perfmon nopl xtopology tsc_reliable nonstop_tsc cpuid pni pclmulqdq ssse3 fma cx16 pcid sse4_1 sse4_2 x2apic movbe popcnt tsc_deadline_timer aes xsave avx f16c rdrand hypervisor lahf_lm abm 3dnowprefetch cpuid_fault invpcid_single pti ssbd ibrs ibpb stibp fsgsbase tsc_adjust bmi1 avx2 smep bmi2 invpcid mpx rdseed adx smap clflushopt xsaveopt xsavec xsaves arat md_clear flush_l1d arch_capabilities
bugs		: cpu_meltdown spectre_v1 spectre_v2 spec_store_bypass l1tf mds swapgs itlb_multihit
bogomips	: 5616.00
clflush size	: 64
cache_alignment	: 64
address sizes	: 43 bits physical, 48 bits virtual
power management:

processor	: 1
vendor_id	: GenuineIntel
cpu family	: 6
model		: 158
model name	: Intel(R) Core(TM) i7-7700HQ CPU @ 2.80GHz
stepping	: 9
microcode	: 0xb4
cpu MHz		: 2808.002
cache size	: 6144 KB
physical id	: 0
siblings	: 2
core id		: 1
cpu cores	: 2
apicid		: 1
initial apicid	: 1
fpu		: yes
fpu_exception	: yes
cpuid level	: 22
wp		: yes
flags		: fpu vme de pse tsc msr pae mce cx8 apic sep mtrr pge mca cmov pat pse36 clflush mmx fxsr sse sse2 ss ht syscall nx pdpe1gb rdtscp lm constant_tsc arch_perfmon nopl xtopology tsc_reliable nonstop_tsc cpuid pni pclmulqdq ssse3 fma cx16 pcid sse4_1 sse4_2 x2apic movbe popcnt tsc_deadline_timer aes xsave avx f16c rdrand hypervisor lahf_lm abm 3dnowprefetch cpuid_fault invpcid_single pti ssbd ibrs ibpb stibp fsgsbase tsc_adjust bmi1 avx2 smep bmi2 invpcid mpx rdseed adx smap clflushopt xsaveopt xsavec xsaves arat md_clear flush_l1d arch_capabilities
bugs		: cpu_meltdown spectre_v1 spectre_v2 spec_store_bypass l1tf mds swapgs itlb_multihit
bogomips	: 5616.00
clflush size	: 64
cache_alignment	: 64
address sizes	: 43 bits physical, 48 bits virtual
power management:

processor	: 2
vendor_id	: GenuineIntel
cpu family	: 6
model		: 158
model name	: Intel(R) Core(TM) i7-7700HQ CPU @ 2.80GHz
stepping	: 9
microcode	: 0xb4
cpu MHz		: 2808.002
cache size	: 6144 KB
physical id	: 1
siblings	: 2
core id		: 0
cpu cores	: 2
apicid		: 2
initial apicid	: 2
fpu		: yes
fpu_exception	: yes
cpuid level	: 22
wp		: yes
flags		: fpu vme de pse tsc msr pae mce cx8 apic sep mtrr pge mca cmov pat pse36 clflush mmx fxsr sse sse2 ss ht syscall nx pdpe1gb rdtscp lm constant_tsc arch_perfmon nopl xtopology tsc_reliable nonstop_tsc cpuid pni pclmulqdq ssse3 fma cx16 pcid sse4_1 sse4_2 x2apic movbe popcnt tsc_deadline_timer aes xsave avx f16c rdrand hypervisor lahf_lm abm 3dnowprefetch cpuid_fault invpcid_single pti ssbd ibrs ibpb stibp fsgsbase tsc_adjust bmi1 avx2 smep bmi2 invpcid mpx rdseed adx smap clflushopt xsaveopt xsavec xsaves arat md_clear flush_l1d arch_capabilities
bugs		: cpu_meltdown spectre_v1 spectre_v2 spec_store_bypass l1tf mds swapgs itlb_multihit
bogomips	: 5616.00
clflush size	: 64
cache_alignment	: 64
address sizes	: 43 bits physical, 48 bits virtual
power management:

processor	: 3
vendor_id	: GenuineIntel
cpu family	: 6
model		: 158
model name	: Intel(R) Core(TM) i7-7700HQ CPU @ 2.80GHz
stepping	: 9
microcode	: 0xb4
cpu MHz		: 2808.002
cache size	: 6144 KB
physical id	: 1
siblings	: 2
core id		: 1
cpu cores	: 2
apicid		: 3
initial apicid	: 3
fpu		: yes
fpu_exception	: yes
cpuid level	: 22
wp		: yes
flags		: fpu vme de pse tsc msr pae mce cx8 apic sep mtrr pge mca cmov pat pse36 clflush mmx fxsr sse sse2 ss ht syscall nx pdpe1gb rdtscp lm constant_tsc arch_perfmon nopl xtopology tsc_reliable nonstop_tsc cpuid pni pclmulqdq ssse3 fma cx16 pcid sse4_1 sse4_2 x2apic movbe popcnt tsc_deadline_timer aes xsave avx f16c rdrand hypervisor lahf_lm abm 3dnowprefetch cpuid_fault invpcid_single pti ssbd ibrs ibpb stibp fsgsbase tsc_adjust bmi1 avx2 smep bmi2 invpcid mpx rdseed adx smap clflushopt xsaveopt xsavec xsaves arat md_clear flush_l1d arch_capabilities
bugs		: cpu_meltdown spectre_v1 spectre_v2 spec_store_bypass l1tf mds swapgs itlb_multihit
bogomips	: 5616.00
clflush size	: 64
cache_alignment	: 64
address sizes	: 43 bits physical, 48 bits virtual
power management:



Memory: 4k page, physical 4015936k(465604k free), swap 998396k(0k free)

vm_info: Java HotSpot(TM) 64-Bit Server VM (25.201-b09) for linux-amd64 JRE (1.8.0_201-b09), built on Dec 15 2018 11:35:59 by "java_re" with gcc 7.3.0

time: Sat Mar 28 21:35:45 2020
timezone: CST
elapsed time: 55 seconds (0d 0h 0m 55s)

