#
# There is insufficient memory for the Java Runtime Environment to continue.
# Native memory allocation (mmap) failed to map 61865984 bytes for committing reserved memory.
# Possible reasons:
#   The system is out of physical RAM or swap space
#   The process is running with CompressedOops enabled, and the Java Heap may be blocking the growth of the native heap
# Possible solutions:
#   Reduce memory load on the system
#   Increase physical memory or swap space
#   Check if swap backing store is full
#   Decrease Java heap size (-Xmx/-Xms)
#   Decrease number of Java threads
#   Decrease Java thread stack sizes (-Xss)
#   Set larger code cache with -XX:ReservedCodeCacheSize=
#   JVM is running with Unscaled Compressed Oops mode in which the Java heap is
#     placed in the first 4GB address space. The Java Heap base address is the
#     maximum limit for the native heap growth. Please use -XX:HeapBaseMinAddress
#     to set the Java Heap base and to place the Java Heap above 4GB virtual address.
# This output file may be truncated or incomplete.
#
#  Out of Memory Error (os_linux.cpp:2749), pid=69809, tid=0x00007fa98e167700
#
# JRE version: Java(TM) SE Runtime Environment (8.0_201-b09) (build 1.8.0_201-b09)
# Java VM: Java HotSpot(TM) 64-Bit Server VM (25.201-b09 mixed mode linux-amd64 compressed oops)
# Failed to write core dump. Core dumps have been disabled. To enable core dumping, try "ulimit -c unlimited" before starting Java again
#

---------------  T H R E A D  ---------------

Current thread (0x00007fa9a0140000):  VMThread [stack: 0x00007fa98e067000,0x00007fa98e168000] [id=69854]

Stack: [0x00007fa98e067000,0x00007fa98e168000],  sp=0x00007fa98e166450,  free space=1021k
Native frames: (J=compiled Java code, j=interpreted, Vv=VM code, C=native code)
V  [libjvm.so+0xad3525]  VMError::report_and_die()+0x2e5
V  [libjvm.so+0x4e0457]  report_vm_out_of_memory(char const*, int, unsigned long, VMErrorType, char const*)+0x67
V  [libjvm.so+0x9102f0]  os::pd_commit_memory(char*, unsigned long, unsigned long, bool)+0x100
V  [libjvm.so+0x90791f]  os::commit_memory(char*, unsigned long, unsigned long, bool)+0x1f
V  [libjvm.so+0x98c806]  PSVirtualSpace::expand_by(unsigned long)+0x56
V  [libjvm.so+0x98da98]  PSYoungGen::resize(unsigned long, unsigned long)+0xd8
V  [libjvm.so+0x98a236]  PSScavenge::invoke_no_policy()+0x1376
V  [libjvm.so+0x98a5cc]  PSScavenge::invoke()+0x4c
V  [libjvm.so+0x93a318]  ParallelScavengeHeap::failed_mem_allocate(unsigned long)+0x68
V  [libjvm.so+0xad5073]  VM_ParallelGCFailedAllocation::doit()+0x93
V  [libjvm.so+0xada296]  VM_Operation::evaluate()+0x46
V  [libjvm.so+0xad85cd]  VMThread::evaluate_operation(VM_Operation*) [clone .constprop.44]+0xcd
V  [libjvm.so+0xad8bb3]  VMThread::loop()+0x3a3
V  [libjvm.so+0xad8f88]  VMThread::run()+0x78
V  [libjvm.so+0x90d922]  java_start(Thread*)+0x102

VM_Operation (0x00007fa9586eeb80): ParallelGCFailedAllocation, mode: safepoint, requested by thread 0x00007fa944001000


---------------  P R O C E S S  ---------------

Java Threads: ( => current thread )
  0x00007fa944002800 JavaThread "RMI TCP Connection(3)-127.0.0.1" daemon [_thread_blocked, id=70308, stack(0x00007fa9582f4000,0x00007fa9583f5000)]
  0x00007fa944001000 JavaThread "RMI TCP Connection(2)-127.0.0.1" daemon [_thread_blocked, id=70247, stack(0x00007fa9585f5000,0x00007fa9586f6000)]
  0x00007fa91c038000 JavaThread "RMI Scheduler(0)" daemon [_thread_blocked, id=70240, stack(0x00007fa9586f6000,0x00007fa9587f7000)]
  0x00007fa91c030800 JavaThread "RMI RenewClean-[127.0.0.1:19428]" daemon [_thread_blocked, id=70231, stack(0x00007fa9587f7000,0x00007fa9588f8000)]
  0x00007fa940001000 JavaThread "RMI TCP Connection(idle)" daemon [_thread_blocked, id=70219, stack(0x00007fa9588f8000,0x00007fa9589f9000)]
  0x00007fa930005000 JavaThread "pool-3-thread-3" [_thread_in_native, id=70160, stack(0x00007fa9589f9000,0x00007fa958afa000)]
  0x00007fa930003000 JavaThread "pool-3-thread-2" [_thread_in_native, id=70154, stack(0x00007fa958afa000,0x00007fa958bfb000)]
  0x00007fa930002000 JavaThread "pool-3-thread-1" [_thread_in_native, id=70151, stack(0x00007fa958bfb000,0x00007fa958cfc000)]
  0x00007fa9a0427800 JavaThread "Thread-3" [_thread_in_native, id=70013, stack(0x00007fa958cfc000,0x00007fa958dfd000)]
  0x00007fa9a0425800 JavaThread "Thread-2" [_thread_in_native, id=69998, stack(0x00007fa958dfd000,0x00007fa958efe000)]
  0x00007fa9a0424000 JavaThread "process reaper" daemon [_thread_in_native, id=69986, stack(0x00007fa9a4004000,0x00007fa9a403d000)]
  0x00007fa9a041e000 JavaThread "pool-2-thread-1" [_thread_in_native, id=69979, stack(0x00007fa958efe000,0x00007fa958fff000)]
  0x00007fa9a041c000 JavaThread "GC Daemon" daemon [_thread_blocked, id=69963, stack(0x00007fa98c0d7000,0x00007fa98c1d8000)]
  0x00007fa9a0419800 JavaThread "RMI Reaper" [_thread_blocked, id=69957, stack(0x00007fa98c1d8000,0x00007fa98c2d9000)]
  0x00007fa9a0412800 JavaThread "RMI TCP Accept-4301" daemon [_thread_in_native, id=69953, stack(0x00007fa98c2d9000,0x00007fa98c3da000)]
  0x00007fa9a040b000 JavaThread "RMI TCP Accept-10992" daemon [_thread_in_native, id=69950, stack(0x00007fa98c3da000,0x00007fa98c4db000)]
  0x00007fa9a0352800 JavaThread "logback-3" daemon [_thread_blocked, id=69939, stack(0x00007fa98c754000,0x00007fa98c855000)]
  0x00007fa9a034f000 JavaThread "logback-2" daemon [_thread_blocked, id=69936, stack(0x00007fa98c855000,0x00007fa98c956000)]
  0x00007fa9a034d000 JavaThread "logback-1" daemon [_thread_blocked, id=69934, stack(0x00007fa98c956000,0x00007fa98ca57000)]
  0x00007fa9a0189000 JavaThread "Service Thread" daemon [_thread_blocked, id=69897, stack(0x00007fa98cfa1000,0x00007fa98d0a2000)]
  0x00007fa9a0186000 JavaThread "C1 CompilerThread2" daemon [_thread_blocked, id=69891, stack(0x00007fa98d0a2000,0x00007fa98d1a3000)]
  0x00007fa9a0184800 JavaThread "C2 CompilerThread1" daemon [_thread_blocked, id=69885, stack(0x00007fa98d1a3000,0x00007fa98d2a4000)]
  0x00007fa9a0181800 JavaThread "C2 CompilerThread0" daemon [_thread_in_native, id=69884, stack(0x00007fa98d2a4000,0x00007fa98d3a5000)]
  0x00007fa9a0180000 JavaThread "Signal Dispatcher" daemon [_thread_blocked, id=69876, stack(0x00007fa98d3a5000,0x00007fa98d4a6000)]
  0x00007fa9a014c000 JavaThread "Finalizer" daemon [_thread_blocked, id=69860, stack(0x00007fa98de65000,0x00007fa98df66000)]
  0x00007fa9a0149800 JavaThread "Reference Handler" daemon [_thread_blocked, id=69856, stack(0x00007fa98df66000,0x00007fa98e067000)]
  0x00007fa9a000a800 JavaThread "main" [_thread_in_native, id=69817, stack(0x00007fa9a8536000,0x00007fa9a8637000)]

Other Threads:
=>0x00007fa9a0140000 VMThread [stack: 0x00007fa98e067000,0x00007fa98e168000] [id=69854]
  0x00007fa9a018b800 WatcherThread [stack: 0x00007fa98cea0000,0x00007fa98cfa1000] [id=69900]

VM state:at safepoint (normal execution)

VM Mutex/Monitor currently owned by a thread:  ([mutex/lock_event])
[0x00007fa9a0007070] Threads_lock - owner thread: 0x00007fa9a0140000
[0x00007fa9a0007570] Heap_lock - owner thread: 0x00007fa944001000

heap address: 0x00000000c2a00000, size: 982 MB, Compressed Oops mode: 32-bit
Narrow klass base: 0x0000000000000000, Narrow klass shift: 3
Compressed class space size: 1073741824 Address: 0x0000000100000000

Heap:
 PSYoungGen      total 63488K, used 6128K [0x00000000eb900000, 0x00000000efe00000, 0x0000000100000000)
  eden space 57344K, 0% used [0x00000000eb900000,0x00000000eb900000,0x00000000ef100000)
  from space 6144K, 99% used [0x00000000ef100000,0x00000000ef6fc020,0x00000000ef700000)
  to   space 5120K, 0% used [0x00000000ef700000,0x00000000ef700000,0x00000000efc00000)
 ParOldGen       total 42496K, used 12794K [0x00000000c2a00000, 0x00000000c5380000, 0x00000000eb900000)
  object space 42496K, 30% used [0x00000000c2a00000,0x00000000c367ea58,0x00000000c5380000)
 Metaspace       used 13911K, capacity 14304K, committed 14592K, reserved 1062912K
  class space    used 1584K, capacity 1702K, committed 1792K, reserved 1048576K

Card table byte_map: [0x00007fa9a50eb000,0x00007fa9a52d7000] byte_map_base: 0x00007fa9a4ad6000

Marking Bits: (ParMarkBitMap*) 0x00007fa9a7a0dd80
 Begin Bits: [0x00007fa98f150000, 0x00007fa9900a8000)
 End Bits:   [0x00007fa9900a8000, 0x00007fa991000000)

Polling page: 0x00007fa9a8652000

CodeCache: size=245760Kb used=6798Kb max_used=6810Kb free=238961Kb
 bounds [0x00007fa991000000, 0x00007fa9916b0000, 0x00007fa9a0000000]
 total_blobs=2186 nmethods=1838 adapters=261
 compilation: enabled

Compilation events (10 events):
Event: 38.651 Thread 0x00007fa9a0186000 1881       2       org.evosuite.shaded.org.objectweb.asm.tree.MethodNode::accept (916 bytes)
Event: 38.653 Thread 0x00007fa9a0186000 nmethod 1881 0x00007fa991682410 code [0x00007fa991682940, 0x00007fa9916842e8]
Event: 38.668 Thread 0x00007fa9a0184800 nmethod 1739 0x00007fa991667dd0 code [0x00007fa991667f20, 0x00007fa991667fd8]
Event: 38.668 Thread 0x00007fa9a0184800 1845       4       ch.qos.logback.classic.Logger::debug (15 bytes)
Event: 38.670 Thread 0x00007fa9a0184800 nmethod 1845 0x00007fa9916a8290 code [0x00007fa9916a83e0, 0x00007fa9916a84d8]
Event: 38.670 Thread 0x00007fa9a0184800 1846       4       java.util.Collections$UnmodifiableCollection::size (10 bytes)
Event: 38.671 Thread 0x00007fa9a0184800 nmethod 1846 0x00007fa991682110 code [0x00007fa991682260, 0x00007fa991682318]
Event: 38.671 Thread 0x00007fa9a0184800 1835       4       org.evosuite.shaded.org.objectweb.asm.tree.InsnList::get (42 bytes)
Event: 38.688 Thread 0x00007fa9a0184800 nmethod 1835 0x00007fa9916a7c50 code [0x00007fa9916a7da0, 0x00007fa9916a8118]
Event: 38.688 Thread 0x00007fa9a0184800 1884 %     4       org.evosuite.instrumentation.coverage.BranchInstrumentation::analyze @ 60 (274 bytes)

GC Heap History (10 events):
Event: 33.429 GC heap after
Heap after GC invocations=5 (full 1):
 PSYoungGen      total 18432K, used 2545K [0x00000000eb900000, 0x00000000edd00000, 0x0000000100000000)
  eden space 15872K, 0% used [0x00000000eb900000,0x00000000eb900000,0x00000000ec880000)
  from space 2560K, 99% used [0x00000000ecb00000,0x00000000ecd7c740,0x00000000ecd80000)
  to   space 2560K, 0% used [0x00000000ec880000,0x00000000ec880000,0x00000000ecb00000)
 ParOldGen       total 42496K, used 5630K [0x00000000c2a00000, 0x00000000c5380000, 0x00000000eb900000)
  object space 42496K, 13% used [0x00000000c2a00000,0x00000000c2f7fa58,0x00000000c5380000)
 Metaspace       used 13647K, capacity 14048K, committed 14336K, reserved 1062912K
  class space    used 1584K, capacity 1702K, committed 1792K, reserved 1048576K
}
Event: 34.181 GC heap before
{Heap before GC invocations=6 (full 1):
 PSYoungGen      total 18432K, used 18417K [0x00000000eb900000, 0x00000000edd00000, 0x0000000100000000)
  eden space 15872K, 100% used [0x00000000eb900000,0x00000000ec880000,0x00000000ec880000)
  from space 2560K, 99% used [0x00000000ecb00000,0x00000000ecd7c740,0x00000000ecd80000)
  to   space 2560K, 0% used [0x00000000ec880000,0x00000000ec880000,0x00000000ecb00000)
 ParOldGen       total 42496K, used 5630K [0x00000000c2a00000, 0x00000000c5380000, 0x00000000eb900000)
  object space 42496K, 13% used [0x00000000c2a00000,0x00000000c2f7fa58,0x00000000c5380000)
 Metaspace       used 13726K, capacity 14112K, committed 14336K, reserved 1062912K
  class space    used 1584K, capacity 1702K, committed 1792K, reserved 1048576K
Event: 34.204 GC heap after
Heap after GC invocations=6 (full 1):
 PSYoungGen      total 18432K, used 2560K [0x00000000eb900000, 0x00000000edd00000, 0x0000000100000000)
  eden space 15872K, 0% used [0x00000000eb900000,0x00000000eb900000,0x00000000ec880000)
  from space 2560K, 100% used [0x00000000ec880000,0x00000000ecb00000,0x00000000ecb00000)
  to   space 2560K, 0% used [0x00000000eda80000,0x00000000eda80000,0x00000000edd00000)
 ParOldGen       total 42496K, used 6775K [0x00000000c2a00000, 0x00000000c5380000, 0x00000000eb900000)
  object space 42496K, 15% used [0x00000000c2a00000,0x00000000c309dce8,0x00000000c5380000)
 Metaspace       used 13726K, capacity 14112K, committed 14336K, reserved 1062912K
  class space    used 1584K, capacity 1702K, committed 1792K, reserved 1048576K
}
Event: 34.683 GC heap before
{Heap before GC invocations=7 (full 1):
 PSYoungGen      total 18432K, used 18432K [0x00000000eb900000, 0x00000000edd00000, 0x0000000100000000)
  eden space 15872K, 100% used [0x00000000eb900000,0x00000000ec880000,0x00000000ec880000)
  from space 2560K, 100% used [0x00000000ec880000,0x00000000ecb00000,0x00000000ecb00000)
  to   space 2560K, 0% used [0x00000000eda80000,0x00000000eda80000,0x00000000edd00000)
 ParOldGen       total 42496K, used 6775K [0x00000000c2a00000, 0x00000000c5380000, 0x00000000eb900000)
  object space 42496K, 15% used [0x00000000c2a00000,0x00000000c309dce8,0x00000000c5380000)
 Metaspace       used 13763K, capacity 14112K, committed 14336K, reserved 1062912K
  class space    used 1584K, capacity 1702K, committed 1792K, reserved 1048576K
Event: 34.753 GC heap after
Heap after GC invocations=7 (full 1):
 PSYoungGen      total 31744K, used 2560K [0x00000000eb900000, 0x00000000ee200000, 0x0000000100000000)
  eden space 29184K, 0% used [0x00000000eb900000,0x00000000eb900000,0x00000000ed580000)
  from space 2560K, 100% used [0x00000000eda80000,0x00000000edd00000,0x00000000edd00000)
  to   space 5120K, 0% used [0x00000000ed580000,0x00000000ed580000,0x00000000eda80000)
 ParOldGen       total 42496K, used 8066K [0x00000000c2a00000, 0x00000000c5380000, 0x00000000eb900000)
  object space 42496K, 18% used [0x00000000c2a00000,0x00000000c31e0a48,0x00000000c5380000)
 Metaspace       used 13763K, capacity 14112K, committed 14336K, reserved 1062912K
  class space    used 1584K, capacity 1702K, committed 1792K, reserved 1048576K
}
Event: 35.721 GC heap before
{Heap before GC invocations=8 (full 1):
 PSYoungGen      total 31744K, used 31744K [0x00000000eb900000, 0x00000000ee200000, 0x0000000100000000)
  eden space 29184K, 100% used [0x00000000eb900000,0x00000000ed580000,0x00000000ed580000)
  from space 2560K, 100% used [0x00000000eda80000,0x00000000edd00000,0x00000000edd00000)
  to   space 5120K, 0% used [0x00000000ed580000,0x00000000ed580000,0x00000000eda80000)
 ParOldGen       total 42496K, used 8066K [0x00000000c2a00000, 0x00000000c5380000, 0x00000000eb900000)
  object space 42496K, 18% used [0x00000000c2a00000,0x00000000c31e0a48,0x00000000c5380000)
 Metaspace       used 13839K, capacity 14240K, committed 14336K, reserved 1062912K
  class space    used 1584K, capacity 1702K, committed 1792K, reserved 1048576K
Event: 35.737 GC heap after
Heap after GC invocations=8 (full 1):
 PSYoungGen      total 34304K, used 4384K [0x00000000eb900000, 0x00000000efc00000, 0x0000000100000000)
  eden space 29184K, 0% used [0x00000000eb900000,0x00000000eb900000,0x00000000ed580000)
  from space 5120K, 85% used [0x00000000ed580000,0x00000000ed9c8010,0x00000000eda80000)
  to   space 5120K, 0% used [0x00000000ef700000,0x00000000ef700000,0x00000000efc00000)
 ParOldGen       total 42496K, used 8074K [0x00000000c2a00000, 0x00000000c5380000, 0x00000000eb900000)
  object space 42496K, 19% used [0x00000000c2a00000,0x00000000c31e2a48,0x00000000c5380000)
 Metaspace       used 13839K, capacity 14240K, committed 14336K, reserved 1062912K
  class space    used 1584K, capacity 1702K, committed 1792K, reserved 1048576K
}
Event: 36.249 GC heap before
{Heap before GC invocations=9 (full 1):
 PSYoungGen      total 34304K, used 33568K [0x00000000eb900000, 0x00000000efc00000, 0x0000000100000000)
  eden space 29184K, 100% used [0x00000000eb900000,0x00000000ed580000,0x00000000ed580000)
  from space 5120K, 85% used [0x00000000ed580000,0x00000000ed9c8010,0x00000000eda80000)
  to   space 5120K, 0% used [0x00000000ef700000,0x00000000ef700000,0x00000000efc00000)
 ParOldGen       total 42496K, used 8074K [0x00000000c2a00000, 0x00000000c5380000, 0x00000000eb900000)
  object space 42496K, 19% used [0x00000000c2a00000,0x00000000c31e2a48,0x00000000c5380000)
 Metaspace       used 13876K, capacity 14304K, committed 14592K, reserved 1062912K
  class space    used 1584K, capacity 1702K, committed 1792K, reserved 1048576K
Event: 37.225 GC heap after
Heap after GC invocations=9 (full 1):
 PSYoungGen      total 62464K, used 5088K [0x00000000eb900000, 0x00000000efe00000, 0x0000000100000000)
  eden space 57344K, 0% used [0x00000000eb900000,0x00000000eb900000,0x00000000ef100000)
  from space 5120K, 99% used [0x00000000ef700000,0x00000000efbf80a0,0x00000000efc00000)
  to   space 6144K, 0% used [0x00000000ef100000,0x00000000ef100000,0x00000000ef700000)
 ParOldGen       total 42496K, used 9410K [0x00000000c2a00000, 0x00000000c5380000, 0x00000000eb900000)
  object space 42496K, 22% used [0x00000000c2a00000,0x00000000c3330a68,0x00000000c5380000)
 Metaspace       used 13876K, capacity 14304K, committed 14592K, reserved 1062912K
  class space    used 1584K, capacity 1702K, committed 1792K, reserved 1048576K
}
Event: 38.807 GC heap before
{Heap before GC invocations=10 (full 1):
 PSYoungGen      total 62464K, used 62432K [0x00000000eb900000, 0x00000000efe00000, 0x0000000100000000)
  eden space 57344K, 100% used [0x00000000eb900000,0x00000000ef100000,0x00000000ef100000)
  from space 5120K, 99% used [0x00000000ef700000,0x00000000efbf80a0,0x00000000efc00000)
  to   space 6144K, 0% used [0x00000000ef100000,0x00000000ef100000,0x00000000ef700000)
 ParOldGen       total 42496K, used 9410K [0x00000000c2a00000, 0x00000000c5380000, 0x00000000eb900000)
  object space 42496K, 22% used [0x00000000c2a00000,0x00000000c3330a68,0x00000000c5380000)
 Metaspace       used 13911K, capacity 14304K, committed 14592K, reserved 1062912K
  class space    used 1584K, capacity 1702K, committed 1792K, reserved 1048576K

Deoptimization events (10 events):
Event: 30.560 Thread 0x00007fa944001000 Uncommon trap: reason=class_check action=maybe_recompile pc=0x00007fa9913df928 method=java.util.HashMap.putVal(ILjava/lang/Object;Ljava/lang/Object;ZZ)Ljava/lang/Object; @ 203
Event: 30.560 Thread 0x00007fa944001000 Uncommon trap: reason=class_check action=maybe_recompile pc=0x00007fa9913df928 method=java.util.HashMap.putVal(ILjava/lang/Object;Ljava/lang/Object;ZZ)Ljava/lang/Object; @ 203
Event: 30.806 Thread 0x00007fa944001000 Uncommon trap: reason=bimorphic action=maybe_recompile pc=0x00007fa99142de98 method=java.util.HashMap.putVal(ILjava/lang/Object;Ljava/lang/Object;ZZ)Ljava/lang/Object; @ 203
Event: 30.818 Thread 0x00007fa944001000 Uncommon trap: reason=bimorphic action=maybe_recompile pc=0x00007fa99142de98 method=java.util.HashMap.putVal(ILjava/lang/Object;Ljava/lang/Object;ZZ)Ljava/lang/Object; @ 203
Event: 30.833 Thread 0x00007fa944002800 Uncommon trap: reason=unstable_if action=reinterpret pc=0x00007fa99140f7c4 method=java.io.ObjectInputStream.defaultReadFields(Ljava/lang/Object;Ljava/io/ObjectStreamClass;)V @ 39
Event: 37.227 Thread 0x00007fa944001000 Uncommon trap: reason=bimorphic action=maybe_recompile pc=0x00007fa99154b6b0 method=java.util.AbstractCollection.addAll(Ljava/util/Collection;)Z @ 3
Event: 37.227 Thread 0x00007fa944001000 Uncommon trap: reason=bimorphic action=maybe_recompile pc=0x00007fa99154b6b0 method=java.util.AbstractCollection.addAll(Ljava/util/Collection;)Z @ 3
Event: 37.227 Thread 0x00007fa944001000 Uncommon trap: reason=bimorphic action=maybe_recompile pc=0x00007fa99154b6b0 method=java.util.AbstractCollection.addAll(Ljava/util/Collection;)Z @ 3
Event: 37.227 Thread 0x00007fa944001000 Uncommon trap: reason=bimorphic action=maybe_recompile pc=0x00007fa99154b6b0 method=java.util.AbstractCollection.addAll(Ljava/util/Collection;)Z @ 3
Event: 37.543 Thread 0x00007fa944001000 Uncommon trap: reason=unstable_if action=reinterpret pc=0x00007fa9915d2744 method=org.evosuite.shaded.org.objectweb.asm.Frame.merge(Lorg/evosuite/shaded/org/objectweb/asm/ClassWriter;I[II)Z @ 20

Classes redefined (0 events):
No events

Internal exceptions (10 events):
Event: 20.959 Thread 0x00007fa9a034d000 Exception <a 'java/net/ConnectException'> (0x00000000ebbaf3f8) thrown at [/HUDSON/workspace/8-2-build-linux-amd64/jdk8u201/12317/hotspot/src/share/vm/prims/jni.cpp, line 709]
Event: 20.968 Thread 0x00007fa9a034f000 Exception <a 'java/net/ConnectException'> (0x00000000ebbd6fa0) thrown at [/HUDSON/workspace/8-2-build-linux-amd64/jdk8u201/12317/hotspot/src/share/vm/prims/jni.cpp, line 709]
Event: 21.005 Thread 0x00007fa9a0352800 Exception <a 'java/net/ConnectException'> (0x00000000ebbfeb48) thrown at [/HUDSON/workspace/8-2-build-linux-amd64/jdk8u201/12317/hotspot/src/share/vm/prims/jni.cpp, line 709]
Event: 26.893 Thread 0x00007fa944001000 Exception <a 'java/lang/NoSuchMethodError': <clinit>> (0x00000000ec3ee358) thrown at [/HUDSON/workspace/8-2-build-linux-amd64/jdk8u201/12317/hotspot/src/share/vm/prims/jni.cpp, line 1613]
Event: 29.279 Thread 0x00007fa944001000 Implicit null exception at 0x00007fa99120eeb5 to 0x00007fa99120f275
Event: 29.709 Thread 0x00007fa944001000 Implicit null exception at 0x00007fa9911fda36 to 0x00007fa9911fde11
Event: 30.833 Thread 0x00007fa944002800 Implicit null exception at 0x00007fa99140b9b4 to 0x00007fa99140f791
Event: 30.990 Thread 0x00007fa9a034d000 Exception <a 'java/net/ConnectException'> (0x00000000ebd64470) thrown at [/HUDSON/workspace/8-2-build-linux-amd64/jdk8u201/12317/hotspot/src/share/vm/prims/jni.cpp, line 709]
Event: 30.990 Thread 0x00007fa9a034f000 Exception <a 'java/net/ConnectException'> (0x00000000ebd4a7c8) thrown at [/HUDSON/workspace/8-2-build-linux-amd64/jdk8u201/12317/hotspot/src/share/vm/prims/jni.cpp, line 709]
Event: 31.064 Thread 0x00007fa9a0352800 Exception <a 'java/net/ConnectException'> (0x00000000ebf2b350) thrown at [/HUDSON/workspace/8-2-build-linux-amd64/jdk8u201/12317/hotspot/src/share/vm/prims/jni.cpp, line 709]

Events (10 events):
Event: 37.227 Thread 0x00007fa944001000 Uncommon trap: trap_request=0xffffffc6 fr.pc=0x00007fa99154b6b0
Event: 37.227 Thread 0x00007fa944001000 DEOPT PACKING pc=0x00007fa99154b6b0 sp=0x00007fa9586eeb20
Event: 37.227 Thread 0x00007fa944001000 DEOPT UNPACKING pc=0x00007fa99104573a sp=0x00007fa9586eeb10 mode 2
Event: 37.227 Thread 0x00007fa944001000 Uncommon trap: trap_request=0xffffffc6 fr.pc=0x00007fa99154b6b0
Event: 37.227 Thread 0x00007fa944001000 DEOPT PACKING pc=0x00007fa99154b6b0 sp=0x00007fa9586eeb20
Event: 37.227 Thread 0x00007fa944001000 DEOPT UNPACKING pc=0x00007fa99104573a sp=0x00007fa9586eeb10 mode 2
Event: 37.543 Thread 0x00007fa944001000 Uncommon trap: trap_request=0xffffff65 fr.pc=0x00007fa9915d2744
Event: 37.543 Thread 0x00007fa944001000 DEOPT PACKING pc=0x00007fa9915d2744 sp=0x00007fa9586ee9f0
Event: 37.543 Thread 0x00007fa944001000 DEOPT UNPACKING pc=0x00007fa99104573a sp=0x00007fa9586ee980 mode 2
Event: 38.807 Executing VM operation: ParallelGCFailedAllocation


Dynamic libraries:
00400000-00401000 r-xp 00000000 08:01 654793                             /usr/lib/jdk/jdk1.8.0_201/bin/java
00600000-00601000 r--p 00000000 08:01 654793                             /usr/lib/jdk/jdk1.8.0_201/bin/java
00601000-00602000 rw-p 00001000 08:01 654793                             /usr/lib/jdk/jdk1.8.0_201/bin/java
02276000-02545000 rw-p 00000000 00:00 0                                  [heap]
c2a00000-c5380000 rw-p 00000000 00:00 0 
c5380000-eb900000 ---p 00000000 00:00 0 
eb900000-efe00000 rw-p 00000000 00:00 0 
f3900000-100000000 ---p 00000000 00:00 0 
100000000-1001c0000 rw-p 00000000 00:00 0 
1001c0000-140000000 ---p 00000000 00:00 0 
7fa910000000-7fa910021000 rw-p 00000000 00:00 0 
7fa910021000-7fa914000000 ---p 00000000 00:00 0 
7fa914000000-7fa914021000 rw-p 00000000 00:00 0 
7fa914021000-7fa918000000 ---p 00000000 00:00 0 
7fa918000000-7fa918021000 rw-p 00000000 00:00 0 
7fa918021000-7fa91c000000 ---p 00000000 00:00 0 
7fa91c000000-7fa91c03b000 rw-p 00000000 00:00 0 
7fa91c03b000-7fa920000000 ---p 00000000 00:00 0 
7fa920000000-7fa920021000 rw-p 00000000 00:00 0 
7fa920021000-7fa924000000 ---p 00000000 00:00 0 
7fa924000000-7fa924021000 rw-p 00000000 00:00 0 
7fa924021000-7fa928000000 ---p 00000000 00:00 0 
7fa928000000-7fa928021000 rw-p 00000000 00:00 0 
7fa928021000-7fa92c000000 ---p 00000000 00:00 0 
7fa92c000000-7fa92c021000 rw-p 00000000 00:00 0 
7fa92c021000-7fa930000000 ---p 00000000 00:00 0 
7fa930000000-7fa930021000 rw-p 00000000 00:00 0 
7fa930021000-7fa934000000 ---p 00000000 00:00 0 
7fa934000000-7fa934021000 rw-p 00000000 00:00 0 
7fa934021000-7fa938000000 ---p 00000000 00:00 0 
7fa938000000-7fa938021000 rw-p 00000000 00:00 0 
7fa938021000-7fa93c000000 ---p 00000000 00:00 0 
7fa93c000000-7fa93c021000 rw-p 00000000 00:00 0 
7fa93c021000-7fa940000000 ---p 00000000 00:00 0 
7fa940000000-7fa940021000 rw-p 00000000 00:00 0 
7fa940021000-7fa944000000 ---p 00000000 00:00 0 
7fa944000000-7fa944021000 rw-p 00000000 00:00 0 
7fa944021000-7fa948000000 ---p 00000000 00:00 0 
7fa948000000-7fa948021000 rw-p 00000000 00:00 0 
7fa948021000-7fa94c000000 ---p 00000000 00:00 0 
7fa94c000000-7fa94c021000 rw-p 00000000 00:00 0 
7fa94c021000-7fa950000000 ---p 00000000 00:00 0 
7fa950000000-7fa950021000 rw-p 00000000 00:00 0 
7fa950021000-7fa954000000 ---p 00000000 00:00 0 
7fa954000000-7fa954021000 rw-p 00000000 00:00 0 
7fa954021000-7fa958000000 ---p 00000000 00:00 0 
7fa9580f4000-7fa958174000 rw-p 00000000 00:00 0 
7fa958174000-7fa9582f4000 ---p 00000000 00:00 0 
7fa9582f4000-7fa9582f7000 ---p 00000000 00:00 0 
7fa9582f7000-7fa9585f5000 rw-p 00000000 00:00 0 
7fa9585f5000-7fa9585f8000 ---p 00000000 00:00 0 
7fa9585f8000-7fa9586f6000 rw-p 00000000 00:00 0 
7fa9586f6000-7fa9586f9000 ---p 00000000 00:00 0 
7fa9586f9000-7fa9587f7000 rw-p 00000000 00:00 0 
7fa9587f7000-7fa9587fa000 ---p 00000000 00:00 0 
7fa9587fa000-7fa9588f8000 rw-p 00000000 00:00 0 
7fa9588f8000-7fa9588fb000 ---p 00000000 00:00 0 
7fa9588fb000-7fa9589f9000 rw-p 00000000 00:00 0 
7fa9589f9000-7fa9589fc000 ---p 00000000 00:00 0 
7fa9589fc000-7fa958afa000 rw-p 00000000 00:00 0 
7fa958afa000-7fa958afd000 ---p 00000000 00:00 0 
7fa958afd000-7fa958bfb000 rw-p 00000000 00:00 0 
7fa958bfb000-7fa958bfe000 ---p 00000000 00:00 0 
7fa958bfe000-7fa958cfc000 rw-p 00000000 00:00 0 
7fa958cfc000-7fa958cff000 ---p 00000000 00:00 0 
7fa958cff000-7fa958dfd000 rw-p 00000000 00:00 0 
7fa958dfd000-7fa958e00000 ---p 00000000 00:00 0 
7fa958e00000-7fa958efe000 rw-p 00000000 00:00 0 
7fa958efe000-7fa958f01000 ---p 00000000 00:00 0 
7fa958f01000-7fa95c000000 rw-p 00000000 00:00 0 
7fa95c000000-7fa95cb56000 rw-p 00000000 00:00 0 
7fa95cb56000-7fa960000000 ---p 00000000 00:00 0 
7fa960000000-7fa960021000 rw-p 00000000 00:00 0 
7fa960021000-7fa964000000 ---p 00000000 00:00 0 
7fa964000000-7fa964bc2000 rw-p 00000000 00:00 0 
7fa964bc2000-7fa968000000 ---p 00000000 00:00 0 
7fa968000000-7fa968cdf000 rw-p 00000000 00:00 0 
7fa968cdf000-7fa96c000000 ---p 00000000 00:00 0 
7fa96c000000-7fa96c021000 rw-p 00000000 00:00 0 
7fa96c021000-7fa970000000 ---p 00000000 00:00 0 
7fa970000000-7fa970021000 rw-p 00000000 00:00 0 
7fa970021000-7fa974000000 ---p 00000000 00:00 0 
7fa974000000-7fa9742ab000 rw-p 00000000 00:00 0 
7fa9742ab000-7fa978000000 ---p 00000000 00:00 0 
7fa978000000-7fa978021000 rw-p 00000000 00:00 0 
7fa978021000-7fa97c000000 ---p 00000000 00:00 0 
7fa97c000000-7fa97c021000 rw-p 00000000 00:00 0 
7fa97c021000-7fa980000000 ---p 00000000 00:00 0 
7fa980000000-7fa980021000 rw-p 00000000 00:00 0 
7fa980021000-7fa984000000 ---p 00000000 00:00 0 
7fa984000000-7fa984021000 rw-p 00000000 00:00 0 
7fa984021000-7fa988000000 ---p 00000000 00:00 0 
7fa988000000-7fa988021000 rw-p 00000000 00:00 0 
7fa988021000-7fa98c000000 ---p 00000000 00:00 0 
7fa98c0cd000-7fa98c0d7000 r--s 00116000 08:01 656361                     /usr/lib/jdk/jdk1.8.0_201/jre/lib/ext/localedata.jar
7fa98c0d7000-7fa98c0da000 ---p 00000000 00:00 0 
7fa98c0da000-7fa98c1d8000 rw-p 00000000 00:00 0 
7fa98c1d8000-7fa98c1db000 ---p 00000000 00:00 0 
7fa98c1db000-7fa98c2d9000 rw-p 00000000 00:00 0 
7fa98c2d9000-7fa98c2dc000 ---p 00000000 00:00 0 
7fa98c2dc000-7fa98c3da000 rw-p 00000000 00:00 0 
7fa98c3da000-7fa98c3dd000 ---p 00000000 00:00 0 
7fa98c3dd000-7fa98c6db000 rw-p 00000000 00:00 0 
7fa98c6db000-7fa98c754000 r--s 010fd000 08:01 654900                     /usr/lib/jdk/jdk1.8.0_201/lib/tools.jar
7fa98c754000-7fa98c757000 ---p 00000000 00:00 0 
7fa98c757000-7fa98c855000 rw-p 00000000 00:00 0 
7fa98c855000-7fa98c858000 ---p 00000000 00:00 0 
7fa98c858000-7fa98c956000 rw-p 00000000 00:00 0 
7fa98c956000-7fa98c959000 ---p 00000000 00:00 0 
7fa98c959000-7fa98ca57000 rw-p 00000000 00:00 0 
7fa98ca57000-7fa98ca6d000 r-xp 00000000 08:01 656512                     /usr/lib/jdk/jdk1.8.0_201/jre/lib/amd64/libnet.so
7fa98ca6d000-7fa98cc6d000 ---p 00016000 08:01 656512                     /usr/lib/jdk/jdk1.8.0_201/jre/lib/amd64/libnet.so
7fa98cc6d000-7fa98cc6e000 r--p 00016000 08:01 656512                     /usr/lib/jdk/jdk1.8.0_201/jre/lib/amd64/libnet.so
7fa98cc6e000-7fa98cc6f000 rw-p 00017000 08:01 656512                     /usr/lib/jdk/jdk1.8.0_201/jre/lib/amd64/libnet.so
7fa98cc6f000-7fa98cea0000 r--s 01bb1000 08:01 403225                     /home/hewitt/work/DiffTGen-master/lib/evosuite-1.0.6.jar
7fa98cea0000-7fa98cea1000 ---p 00000000 00:00 0 
7fa98cea1000-7fa98cfa1000 rw-p 00000000 00:00 0 
7fa98cfa1000-7fa98cfa4000 ---p 00000000 00:00 0 
7fa98cfa4000-7fa98d0a2000 rw-p 00000000 00:00 0 
7fa98d0a2000-7fa98d0a5000 ---p 00000000 00:00 0 
7fa98d0a5000-7fa98d1a3000 rw-p 00000000 00:00 0 
7fa98d1a3000-7fa98d1a6000 ---p 00000000 00:00 0 
7fa98d1a6000-7fa98d2a4000 rw-p 00000000 00:00 0 
7fa98d2a4000-7fa98d2a7000 ---p 00000000 00:00 0 
7fa98d2a7000-7fa98d3a5000 rw-p 00000000 00:00 0 
7fa98d3a5000-7fa98d3a8000 ---p 00000000 00:00 0 
7fa98d3a8000-7fa98d4a6000 rw-p 00000000 00:00 0 
7fa98d4a6000-7fa98de65000 r--p 00000000 08:01 270368                     /usr/lib/locale/locale-archive
7fa98de65000-7fa98de68000 ---p 00000000 00:00 0 
7fa98de68000-7fa98df66000 rw-p 00000000 00:00 0 
7fa98df66000-7fa98df69000 ---p 00000000 00:00 0 
7fa98df69000-7fa98e067000 rw-p 00000000 00:00 0 
7fa98e067000-7fa98e068000 ---p 00000000 00:00 0 
7fa98e068000-7fa98ef76000 rw-p 00000000 00:00 0 
7fa98ef76000-7fa98f150000 r--s 03d6f000 08:01 656293                     /usr/lib/jdk/jdk1.8.0_201/jre/lib/rt.jar
7fa98f150000-7fa991000000 rw-p 00000000 00:00 0 
7fa991000000-7fa9916b0000 rwxp 00000000 00:00 0 
7fa9916b0000-7fa9a0000000 ---p 00000000 00:00 0 
7fa9a0000000-7fa9a052f000 rw-p 00000000 00:00 0 
7fa9a052f000-7fa9a4000000 ---p 00000000 00:00 0 
7fa9a4004000-7fa9a4007000 ---p 00000000 00:00 0 
7fa9a4007000-7fa9a4b9f000 rw-p 00000000 00:00 0 
7fa9a4b9f000-7fa9a4ba0000 ---p 00000000 00:00 0 
7fa9a4ba0000-7fa9a4ca0000 rw-p 00000000 00:00 0 
7fa9a4ca0000-7fa9a4ca1000 ---p 00000000 00:00 0 
7fa9a4ca1000-7fa9a4da1000 rw-p 00000000 00:00 0 
7fa9a4da1000-7fa9a4da2000 ---p 00000000 00:00 0 
7fa9a4da2000-7fa9a4ea2000 rw-p 00000000 00:00 0 
7fa9a4ea2000-7fa9a4ea3000 ---p 00000000 00:00 0 
7fa9a4ea3000-7fa9a4fb8000 rw-p 00000000 00:00 0 
7fa9a4fb8000-7fa9a50eb000 ---p 00000000 00:00 0 
7fa9a50eb000-7fa9a5100000 rw-p 00000000 00:00 0 
7fa9a5100000-7fa9a5232000 ---p 00000000 00:00 0 
7fa9a5232000-7fa9a5255000 rw-p 00000000 00:00 0 
7fa9a5255000-7fa9a52d6000 ---p 00000000 00:00 0 
7fa9a52d6000-7fa9a52f2000 rw-p 00000000 00:00 0 
7fa9a52f2000-7fa9a5697000 ---p 00000000 00:00 0 
7fa9a5697000-7fa9a56b2000 r-xp 00000000 08:01 656508                     /usr/lib/jdk/jdk1.8.0_201/jre/lib/amd64/libzip.so
7fa9a56b2000-7fa9a58b1000 ---p 0001b000 08:01 656508                     /usr/lib/jdk/jdk1.8.0_201/jre/lib/amd64/libzip.so
7fa9a58b1000-7fa9a58b2000 r--p 0001a000 08:01 656508                     /usr/lib/jdk/jdk1.8.0_201/jre/lib/amd64/libzip.so
7fa9a58b2000-7fa9a58b3000 rw-p 0001b000 08:01 656508                     /usr/lib/jdk/jdk1.8.0_201/jre/lib/amd64/libzip.so
7fa9a58b3000-7fa9a58be000 r-xp 00000000 08:01 658902                     /lib/x86_64-linux-gnu/libnss_files-2.23.so
7fa9a58be000-7fa9a5abd000 ---p 0000b000 08:01 658902                     /lib/x86_64-linux-gnu/libnss_files-2.23.so
7fa9a5abd000-7fa9a5abe000 r--p 0000a000 08:01 658902                     /lib/x86_64-linux-gnu/libnss_files-2.23.so
7fa9a5abe000-7fa9a5abf000 rw-p 0000b000 08:01 658902                     /lib/x86_64-linux-gnu/libnss_files-2.23.so
7fa9a5abf000-7fa9a5ac5000 rw-p 00000000 00:00 0 
7fa9a5ac5000-7fa9a5ad0000 r-xp 00000000 08:01 658912                     /lib/x86_64-linux-gnu/libnss_nis-2.23.so
7fa9a5ad0000-7fa9a5ccf000 ---p 0000b000 08:01 658912                     /lib/x86_64-linux-gnu/libnss_nis-2.23.so
7fa9a5ccf000-7fa9a5cd0000 r--p 0000a000 08:01 658912                     /lib/x86_64-linux-gnu/libnss_nis-2.23.so
7fa9a5cd0000-7fa9a5cd1000 rw-p 0000b000 08:01 658912                     /lib/x86_64-linux-gnu/libnss_nis-2.23.so
7fa9a5cd1000-7fa9a5ce7000 r-xp 00000000 08:01 658896                     /lib/x86_64-linux-gnu/libnsl-2.23.so
7fa9a5ce7000-7fa9a5ee6000 ---p 00016000 08:01 658896                     /lib/x86_64-linux-gnu/libnsl-2.23.so
7fa9a5ee6000-7fa9a5ee7000 r--p 00015000 08:01 658896                     /lib/x86_64-linux-gnu/libnsl-2.23.so
7fa9a5ee7000-7fa9a5ee8000 rw-p 00016000 08:01 658896                     /lib/x86_64-linux-gnu/libnsl-2.23.so
7fa9a5ee8000-7fa9a5eea000 rw-p 00000000 00:00 0 
7fa9a5eea000-7fa9a5ef2000 r-xp 00000000 08:01 658898                     /lib/x86_64-linux-gnu/libnss_compat-2.23.so
7fa9a5ef2000-7fa9a60f1000 ---p 00008000 08:01 658898                     /lib/x86_64-linux-gnu/libnss_compat-2.23.so
7fa9a60f1000-7fa9a60f2000 r--p 00007000 08:01 658898                     /lib/x86_64-linux-gnu/libnss_compat-2.23.so
7fa9a60f2000-7fa9a60f3000 rw-p 00008000 08:01 658898                     /lib/x86_64-linux-gnu/libnss_compat-2.23.so
7fa9a60f3000-7fa9a611f000 r-xp 00000000 08:01 656502                     /usr/lib/jdk/jdk1.8.0_201/jre/lib/amd64/libjava.so
7fa9a611f000-7fa9a631f000 ---p 0002c000 08:01 656502                     /usr/lib/jdk/jdk1.8.0_201/jre/lib/amd64/libjava.so
7fa9a631f000-7fa9a6320000 r--p 0002c000 08:01 656502                     /usr/lib/jdk/jdk1.8.0_201/jre/lib/amd64/libjava.so
7fa9a6320000-7fa9a6322000 rw-p 0002d000 08:01 656502                     /usr/lib/jdk/jdk1.8.0_201/jre/lib/amd64/libjava.so
7fa9a6322000-7fa9a632f000 r-xp 00000000 08:01 656507                     /usr/lib/jdk/jdk1.8.0_201/jre/lib/amd64/libverify.so
7fa9a632f000-7fa9a652e000 ---p 0000d000 08:01 656507                     /usr/lib/jdk/jdk1.8.0_201/jre/lib/amd64/libverify.so
7fa9a652e000-7fa9a6530000 r--p 0000c000 08:01 656507                     /usr/lib/jdk/jdk1.8.0_201/jre/lib/amd64/libverify.so
7fa9a6530000-7fa9a6531000 rw-p 0000e000 08:01 656507                     /usr/lib/jdk/jdk1.8.0_201/jre/lib/amd64/libverify.so
7fa9a6531000-7fa9a6538000 r-xp 00000000 08:01 658957                     /lib/x86_64-linux-gnu/librt-2.23.so
7fa9a6538000-7fa9a6737000 ---p 00007000 08:01 658957                     /lib/x86_64-linux-gnu/librt-2.23.so
7fa9a6737000-7fa9a6738000 r--p 00006000 08:01 658957                     /lib/x86_64-linux-gnu/librt-2.23.so
7fa9a6738000-7fa9a6739000 rw-p 00007000 08:01 658957                     /lib/x86_64-linux-gnu/librt-2.23.so
7fa9a6739000-7fa9a6841000 r-xp 00000000 08:01 658873                     /lib/x86_64-linux-gnu/libm-2.23.so
7fa9a6841000-7fa9a6a40000 ---p 00108000 08:01 658873                     /lib/x86_64-linux-gnu/libm-2.23.so
7fa9a6a40000-7fa9a6a41000 r--p 00107000 08:01 658873                     /lib/x86_64-linux-gnu/libm-2.23.so
7fa9a6a41000-7fa9a6a42000 rw-p 00108000 08:01 658873                     /lib/x86_64-linux-gnu/libm-2.23.so
7fa9a6a42000-7fa9a772a000 r-xp 00000000 08:01 656484                     /usr/lib/jdk/jdk1.8.0_201/jre/lib/amd64/server/libjvm.so
7fa9a772a000-7fa9a7929000 ---p 00ce8000 08:01 656484                     /usr/lib/jdk/jdk1.8.0_201/jre/lib/amd64/server/libjvm.so
7fa9a7929000-7fa9a79bf000 r--p 00ce7000 08:01 656484                     /usr/lib/jdk/jdk1.8.0_201/jre/lib/amd64/server/libjvm.so
7fa9a79bf000-7fa9a79f0000 rw-p 00d7d000 08:01 656484                     /usr/lib/jdk/jdk1.8.0_201/jre/lib/amd64/server/libjvm.so
7fa9a79f0000-7fa9a7a2b000 rw-p 00000000 00:00 0 
7fa9a7a2b000-7fa9a7beb000 r-xp 00000000 08:01 658803                     /lib/x86_64-linux-gnu/libc-2.23.so
7fa9a7beb000-7fa9a7deb000 ---p 001c0000 08:01 658803                     /lib/x86_64-linux-gnu/libc-2.23.so
7fa9a7deb000-7fa9a7def000 r--p 001c0000 08:01 658803                     /lib/x86_64-linux-gnu/libc-2.23.so
7fa9a7def000-7fa9a7df1000 rw-p 001c4000 08:01 658803                     /lib/x86_64-linux-gnu/libc-2.23.so
7fa9a7df1000-7fa9a7df5000 rw-p 00000000 00:00 0 
7fa9a7df5000-7fa9a7df8000 r-xp 00000000 08:01 658827                     /lib/x86_64-linux-gnu/libdl-2.23.so
7fa9a7df8000-7fa9a7ff7000 ---p 00003000 08:01 658827                     /lib/x86_64-linux-gnu/libdl-2.23.so
7fa9a7ff7000-7fa9a7ff8000 r--p 00002000 08:01 658827                     /lib/x86_64-linux-gnu/libdl-2.23.so
7fa9a7ff8000-7fa9a7ff9000 rw-p 00003000 08:01 658827                     /lib/x86_64-linux-gnu/libdl-2.23.so
7fa9a7ff9000-7fa9a8010000 r-xp 00000000 08:01 656155                     /usr/lib/jdk/jdk1.8.0_201/lib/amd64/jli/libjli.so
7fa9a8010000-7fa9a820f000 ---p 00017000 08:01 656155                     /usr/lib/jdk/jdk1.8.0_201/lib/amd64/jli/libjli.so
7fa9a820f000-7fa9a8210000 r--p 00016000 08:01 656155                     /usr/lib/jdk/jdk1.8.0_201/lib/amd64/jli/libjli.so
7fa9a8210000-7fa9a8211000 rw-p 00017000 08:01 656155                     /usr/lib/jdk/jdk1.8.0_201/lib/amd64/jli/libjli.so
7fa9a8211000-7fa9a8229000 r-xp 00000000 08:01 658949                     /lib/x86_64-linux-gnu/libpthread-2.23.so
7fa9a8229000-7fa9a8428000 ---p 00018000 08:01 658949                     /lib/x86_64-linux-gnu/libpthread-2.23.so
7fa9a8428000-7fa9a8429000 r--p 00017000 08:01 658949                     /lib/x86_64-linux-gnu/libpthread-2.23.so
7fa9a8429000-7fa9a842a000 rw-p 00018000 08:01 658949                     /lib/x86_64-linux-gnu/libpthread-2.23.so
7fa9a842a000-7fa9a842e000 rw-p 00000000 00:00 0 
7fa9a842e000-7fa9a8454000 r-xp 00000000 08:01 658775                     /lib/x86_64-linux-gnu/ld-2.23.so
7fa9a8458000-7fa9a8474000 r--s 00393000 08:01 656354                     /usr/lib/jdk/jdk1.8.0_201/jre/lib/ext/cldrdata.jar
7fa9a8474000-7fa9a8478000 r--s 000a1000 08:01 656350                     /usr/lib/jdk/jdk1.8.0_201/jre/lib/jsse.jar
7fa9a8478000-7fa9a8536000 rw-p 00000000 00:00 0 
7fa9a8536000-7fa9a8539000 ---p 00000000 00:00 0 
7fa9a8539000-7fa9a863c000 rw-p 00000000 00:00 0 
7fa9a863c000-7fa9a8644000 r--s 0006e000 08:01 398946                     /home/hewitt/work/DiffTGen-master/lib/commons-lang3-3.5.jar
7fa9a8644000-7fa9a8645000 r--s 00000000 08:01 398951                     /home/hewitt/work/DiffTGen-master/lib/myprinter.jar
7fa9a8645000-7fa9a8649000 r--s 00039000 08:01 961874                     /home/hewitt/work/DiffTGen-master/output/patch9-Lang-59-CapGen-plausible/Lang_59_9-plausible_capgen/target/build/classes/all0.jar
7fa9a8649000-7fa9a8651000 rw-s 00000000 08:01 151180                     /tmp/hsperfdata_hewitt/69809
7fa9a8651000-7fa9a8652000 rw-p 00000000 00:00 0 
7fa9a8652000-7fa9a8653000 ---p 00000000 00:00 0 
7fa9a8653000-7fa9a8654000 r--p 00025000 08:01 658775                     /lib/x86_64-linux-gnu/ld-2.23.so
7fa9a8654000-7fa9a8655000 rw-p 00026000 08:01 658775                     /lib/x86_64-linux-gnu/ld-2.23.so
7fa9a8655000-7fa9a8656000 rw-p 00000000 00:00 0 
7fff594e4000-7fff59506000 rw-p 00000000 00:00 0                          [stack]
7fff59506000-7fff59509000 r--p 00000000 00:00 0                          [vvar]
7fff59509000-7fff5950b000 r-xp 00000000 00:00 0                          [vdso]
ffffffffff600000-ffffffffff601000 r-xp 00000000 00:00 0                  [vsyscall]

VM Arguments:
java_command: /home/hewitt/work/DiffTGen-master/lib/evosuite-1.0.6.jar -base_dir /home/hewitt/work/DiffTGen-master/output/patch9-Lang-59-CapGen-plausible/Lang_59_9-plausible_capgen/target/0/5 -projectCP /home/hewitt/work/DiffTGen-master/output/patch9-Lang-59-CapGen-plausible/Lang_59_9-plausible_capgen/target/build/classes/all0.jar:/home/hewitt/work/DiffTGen-master/lib/myprinter.jar:/home/hewitt/work/DiffTGen-master/lib/commons-lang3-3.5.jar -class org.apache.commons.lang.text.StrBuilder -Dassertions=false -Dsearch_budget=60
java_class_path (initial): /home/hewitt/work/DiffTGen-master/lib/evosuite-1.0.6.jar
Launcher Type: SUN_STANDARD

Environment Variables:
JAVA_HOME=/usr/lib/jdk/jdk1.8.0_201
JRE_HOME=/usr/lib/jdk/jdk1.8.0_201/jre
CLASSPATH=.:/usr/lib/jdk/jdk1.8.0_201/lib:/usr/lib/jdk/jdk1.8.0_201/jre/lib
PATH=/usr/lib/jdk/jdk1.8.0_201/bin:/home/hewitt/bin:/home/hewitt/.local/bin:/usr/lib/jdk/jdk1.7.0_80/bin:/usr/local/sbin:/usr/local/bin:/usr/sbin:/usr/bin:/sbin:/bin:/usr/games:/usr/local/games:/snap/bin:/home/hewitt/work/defects4j_v1.4.0/defects4j/framework/bin:/opt/apache-ant-1.9.14/bin:/home/hewitt/work/defects4j_v1.4.0/defects4j/framework/bin
SHELL=/bin/bash
DISPLAY=:0

Signal Handlers:
SIGSEGV: [libjvm.so+0xad3e60], sa_mask[0]=11111111011111111101111111111110, sa_flags=SA_RESTART|SA_SIGINFO
SIGBUS: [libjvm.so+0xad3e60], sa_mask[0]=11111111011111111101111111111110, sa_flags=SA_RESTART|SA_SIGINFO
SIGFPE: [libjvm.so+0x90b880], sa_mask[0]=11111111011111111101111111111110, sa_flags=SA_RESTART|SA_SIGINFO
SIGPIPE: [libjvm.so+0x90b880], sa_mask[0]=11111111011111111101111111111110, sa_flags=SA_RESTART|SA_SIGINFO
SIGXFSZ: [libjvm.so+0x90b880], sa_mask[0]=11111111011111111101111111111110, sa_flags=SA_RESTART|SA_SIGINFO
SIGILL: [libjvm.so+0x90b880], sa_mask[0]=11111111011111111101111111111110, sa_flags=SA_RESTART|SA_SIGINFO
SIGUSR1: SIG_DFL, sa_mask[0]=00000000000000000000000000000000, sa_flags=none
SIGUSR2: [libjvm.so+0x90b750], sa_mask[0]=00100000000000000000000000000000, sa_flags=SA_RESTART|SA_SIGINFO
SIGHUP: [libjvm.so+0x90bd70], sa_mask[0]=11111111011111111101111111111110, sa_flags=SA_RESTART|SA_SIGINFO
SIGINT: [libjvm.so+0x90bd70], sa_mask[0]=11111111011111111101111111111110, sa_flags=SA_RESTART|SA_SIGINFO
SIGTERM: [libjvm.so+0x90bd70], sa_mask[0]=11111111011111111101111111111110, sa_flags=SA_RESTART|SA_SIGINFO
SIGQUIT: [libjvm.so+0x90bd70], sa_mask[0]=11111111011111111101111111111110, sa_flags=SA_RESTART|SA_SIGINFO


---------------  S Y S T E M  ---------------

OS:DISTRIB_ID=Ubuntu
DISTRIB_RELEASE=16.04
DISTRIB_CODENAME=xenial
DISTRIB_DESCRIPTION="Ubuntu 16.04.6 LTS"

uname:Linux 4.15.0-91-generic #92~16.04.1-Ubuntu SMP Fri Feb 28 14:57:22 UTC 2020 x86_64
libc:glibc 2.23 NPTL 2.23 
rlimit: STACK 8192k, CORE 0k, NPROC 15448, NOFILE 1048576, AS infinity
load average:21.27 15.11 13.83

/proc/meminfo:
MemTotal:        4015928 kB
MemFree:           87096 kB
MemAvailable:          0 kB
Buffers:             180 kB
Cached:             6052 kB
SwapCached:          168 kB
Active:          2905436 kB
Inactive:         583372 kB
Active(anon):    2902692 kB
Inactive(anon):   580560 kB
Active(file):       2744 kB
Inactive(file):     2812 kB
Unevictable:          48 kB
Mlocked:              48 kB
SwapTotal:        998396 kB
SwapFree:              0 kB
Dirty:                 0 kB
Writeback:           272 kB
AnonPages:       3482396 kB
Mapped:             4600 kB
Shmem:               476 kB
Slab:              91648 kB
SReclaimable:      33428 kB
SUnreclaim:        58220 kB
KernelStack:       17152 kB
PageTables:        43412 kB
NFS_Unstable:          0 kB
Bounce:                0 kB
WritebackTmp:          0 kB
CommitLimit:     3006360 kB
Committed_AS:    9596784 kB
VmallocTotal:   34359738367 kB
VmallocUsed:           0 kB
VmallocChunk:          0 kB
HardwareCorrupted:     0 kB
AnonHugePages:         0 kB
ShmemHugePages:        0 kB
ShmemPmdMapped:        0 kB
CmaTotal:              0 kB
CmaFree:               0 kB
HugePages_Total:       0
HugePages_Free:        0
HugePages_Rsvd:        0
HugePages_Surp:        0
Hugepagesize:       2048 kB
DirectMap4k:       98112 kB
DirectMap2M:     4096000 kB
DirectMap1G:     2097152 kB

container (cgroup) information:
container_type: cgroupv1
cpu_cpuset_cpus: 0-3
cpu_memory_nodes: 0
active_processor_count: 4
cpu_quota: -1
cpu_period: 100000
cpu_shares: -1
memory_limit_in_bytes: -1
memory_and_swap_limit_in_bytes: -2
memory_soft_limit_in_bytes: -1
memory_usage_in_bytes: 3129892864
memory_max_usage_in_bytes: 20938752


CPU:total 4 (initial active 4) (2 cores per cpu, 1 threads per core) family 6 model 158 stepping 9, cmov, cx8, fxsr, mmx, sse, sse2, sse3, ssse3, sse4.1, sse4.2, popcnt, avx, avx2, aes, clmul, erms, 3dnowpref, lzcnt, tsc, tscinvbit, bmi1, bmi2, adx

/proc/cpuinfo:
processor	: 0
vendor_id	: GenuineIntel
cpu family	: 6
model		: 158
model name	: Intel(R) Core(TM) i7-7700HQ CPU @ 2.80GHz
stepping	: 9
microcode	: 0xb4
cpu MHz		: 2808.002
cache size	: 6144 KB
physical id	: 0
siblings	: 2
core id		: 0
cpu cores	: 2
apicid		: 0
initial apicid	: 0
fpu		: yes
fpu_exception	: yes
cpuid level	: 22
wp		: yes
flags		: fpu vme de pse tsc msr pae mce cx8 apic sep mtrr pge mca cmov pat pse36 clflush mmx fxsr sse sse2 ss ht syscall nx pdpe1gb rdtscp lm constant_tsc arch_perfmon nopl xtopology tsc_reliable nonstop_tsc cpuid pni pclmulqdq ssse3 fma cx16 pcid sse4_1 sse4_2 x2apic movbe popcnt tsc_deadline_timer aes xsave avx f16c rdrand hypervisor lahf_lm abm 3dnowprefetch cpuid_fault invpcid_single pti ssbd ibrs ibpb stibp fsgsbase tsc_adjust bmi1 avx2 smep bmi2 invpcid mpx rdseed adx smap clflushopt xsaveopt xsavec xsaves arat md_clear flush_l1d arch_capabilities
bugs		: cpu_meltdown spectre_v1 spectre_v2 spec_store_bypass l1tf mds swapgs itlb_multihit
bogomips	: 5616.00
clflush size	: 64
cache_alignment	: 64
address sizes	: 43 bits physical, 48 bits virtual
power management:

processor	: 1
vendor_id	: GenuineIntel
cpu family	: 6
model		: 158
model name	: Intel(R) Core(TM) i7-7700HQ CPU @ 2.80GHz
stepping	: 9
microcode	: 0xb4
cpu MHz		: 2808.002
cache size	: 6144 KB
physical id	: 0
siblings	: 2
core id		: 1
cpu cores	: 2
apicid		: 1
initial apicid	: 1
fpu		: yes
fpu_exception	: yes
cpuid level	: 22
wp		: yes
flags		: fpu vme de pse tsc msr pae mce cx8 apic sep mtrr pge mca cmov pat pse36 clflush mmx fxsr sse sse2 ss ht syscall nx pdpe1gb rdtscp lm constant_tsc arch_perfmon nopl xtopology tsc_reliable nonstop_tsc cpuid pni pclmulqdq ssse3 fma cx16 pcid sse4_1 sse4_2 x2apic movbe popcnt tsc_deadline_timer aes xsave avx f16c rdrand hypervisor lahf_lm abm 3dnowprefetch cpuid_fault invpcid_single pti ssbd ibrs ibpb stibp fsgsbase tsc_adjust bmi1 avx2 smep bmi2 invpcid mpx rdseed adx smap clflushopt xsaveopt xsavec xsaves arat md_clear flush_l1d arch_capabilities
bugs		: cpu_meltdown spectre_v1 spectre_v2 spec_store_bypass l1tf mds swapgs itlb_multihit
bogomips	: 5616.00
clflush size	: 64
cache_alignment	: 64
address sizes	: 43 bits physical, 48 bits virtual
power management:

processor	: 2
vendor_id	: GenuineIntel
cpu family	: 6
model		: 158
model name	: Intel(R) Core(TM) i7-7700HQ CPU @ 2.80GHz
stepping	: 9
microcode	: 0xb4
cpu MHz		: 2808.002
cache size	: 6144 KB
physical id	: 1
siblings	: 2
core id		: 0
cpu cores	: 2
apicid		: 2
initial apicid	: 2
fpu		: yes
fpu_exception	: yes
cpuid level	: 22
wp		: yes
flags		: fpu vme de pse tsc msr pae mce cx8 apic sep mtrr pge mca cmov pat pse36 clflush mmx fxsr sse sse2 ss ht syscall nx pdpe1gb rdtscp lm constant_tsc arch_perfmon nopl xtopology tsc_reliable nonstop_tsc cpuid pni pclmulqdq ssse3 fma cx16 pcid sse4_1 sse4_2 x2apic movbe popcnt tsc_deadline_timer aes xsave avx f16c rdrand hypervisor lahf_lm abm 3dnowprefetch cpuid_fault invpcid_single pti ssbd ibrs ibpb stibp fsgsbase tsc_adjust bmi1 avx2 smep bmi2 invpcid mpx rdseed adx smap clflushopt xsaveopt xsavec xsaves arat md_clear flush_l1d arch_capabilities
bugs		: cpu_meltdown spectre_v1 spectre_v2 spec_store_bypass l1tf mds swapgs itlb_multihit
bogomips	: 5616.00
clflush size	: 64
cache_alignment	: 64
address sizes	: 43 bits physical, 48 bits virtual
power management:

processor	: 3
vendor_id	: GenuineIntel
cpu family	: 6
model		: 158
model name	: Intel(R) Core(TM) i7-7700HQ CPU @ 2.80GHz
stepping	: 9
microcode	: 0xb4
cpu MHz		: 2808.002
cache size	: 6144 KB
physical id	: 1
siblings	: 2
core id		: 1
cpu cores	: 2
apicid		: 3
initial apicid	: 3
fpu		: yes
fpu_exception	: yes
cpuid level	: 22
wp		: yes
flags		: fpu vme de pse tsc msr pae mce cx8 apic sep mtrr pge mca cmov pat pse36 clflush mmx fxsr sse sse2 ss ht syscall nx pdpe1gb rdtscp lm constant_tsc arch_perfmon nopl xtopology tsc_reliable nonstop_tsc cpuid pni pclmulqdq ssse3 fma cx16 pcid sse4_1 sse4_2 x2apic movbe popcnt tsc_deadline_timer aes xsave avx f16c rdrand hypervisor lahf_lm abm 3dnowprefetch cpuid_fault invpcid_single pti ssbd ibrs ibpb stibp fsgsbase tsc_adjust bmi1 avx2 smep bmi2 invpcid mpx rdseed adx smap clflushopt xsaveopt xsavec xsaves arat md_clear flush_l1d arch_capabilities
bugs		: cpu_meltdown spectre_v1 spectre_v2 spec_store_bypass l1tf mds swapgs itlb_multihit
bogomips	: 5616.00
clflush size	: 64
cache_alignment	: 64
address sizes	: 43 bits physical, 48 bits virtual
power management:



Memory: 4k page, physical 4015928k(520128k free), swap 998396k(24836k free)

vm_info: Java HotSpot(TM) 64-Bit Server VM (25.201-b09) for linux-amd64 JRE (1.8.0_201-b09), built on Dec 15 2018 11:35:59 by "java_re" with gcc 7.3.0

time: Sun Mar 29 01:24:49 2020
timezone: CST
elapsed time: 41 seconds (0d 0h 0m 41s)

