#
# There is insufficient memory for the Java Runtime Environment to continue.
# Native memory allocation (mmap) failed to map 32505856 bytes for committing reserved memory.
# Possible reasons:
#   The system is out of physical RAM or swap space
#   The process is running with CompressedOops enabled, and the Java Heap may be blocking the growth of the native heap
# Possible solutions:
#   Reduce memory load on the system
#   Increase physical memory or swap space
#   Check if swap backing store is full
#   Decrease Java heap size (-Xmx/-Xms)
#   Decrease number of Java threads
#   Decrease Java thread stack sizes (-Xss)
#   Set larger code cache with -XX:ReservedCodeCacheSize=
#   JVM is running with Unscaled Compressed Oops mode in which the Java heap is
#     placed in the first 4GB address space. The Java Heap base address is the
#     maximum limit for the native heap growth. Please use -XX:HeapBaseMinAddress
#     to set the Java Heap base and to place the Java Heap above 4GB virtual address.
# This output file may be truncated or incomplete.
#
#  Out of Memory Error (os_linux.cpp:2749), pid=22003, tid=0x00007f3f885d4700
#
# JRE version: Java(TM) SE Runtime Environment (8.0_201-b09) (build 1.8.0_201-b09)
# Java VM: Java HotSpot(TM) 64-Bit Server VM (25.201-b09 mixed mode linux-amd64 compressed oops)
# Failed to write core dump. Core dumps have been disabled. To enable core dumping, try "ulimit -c unlimited" before starting Java again
#

---------------  T H R E A D  ---------------

Current thread (0x00007f3f9c140000):  VMThread [stack: 0x00007f3f884d4000,0x00007f3f885d5000] [id=22055]

Stack: [0x00007f3f884d4000,0x00007f3f885d5000],  sp=0x00007f3f885d3450,  free space=1021k
Native frames: (J=compiled Java code, j=interpreted, Vv=VM code, C=native code)
V  [libjvm.so+0xad3525]  VMError::report_and_die()+0x2e5
V  [libjvm.so+0x4e0457]  report_vm_out_of_memory(char const*, int, unsigned long, VMErrorType, char const*)+0x67
V  [libjvm.so+0x9102f0]  os::pd_commit_memory(char*, unsigned long, unsigned long, bool)+0x100
V  [libjvm.so+0x90791f]  os::commit_memory(char*, unsigned long, unsigned long, bool)+0x1f
V  [libjvm.so+0x98c806]  PSVirtualSpace::expand_by(unsigned long)+0x56
V  [libjvm.so+0x98da98]  PSYoungGen::resize(unsigned long, unsigned long)+0xd8
V  [libjvm.so+0x98a236]  PSScavenge::invoke_no_policy()+0x1376
V  [libjvm.so+0x98a5cc]  PSScavenge::invoke()+0x4c
V  [libjvm.so+0x93a318]  ParallelScavengeHeap::failed_mem_allocate(unsigned long)+0x68
V  [libjvm.so+0xad5073]  VM_ParallelGCFailedAllocation::doit()+0x93
V  [libjvm.so+0xada296]  VM_Operation::evaluate()+0x46
V  [libjvm.so+0xad85cd]  VMThread::evaluate_operation(VM_Operation*) [clone .constprop.44]+0xcd
V  [libjvm.so+0xad8bb3]  VMThread::loop()+0x3a3
V  [libjvm.so+0xad8f88]  VMThread::run()+0x78
V  [libjvm.so+0x90d922]  java_start(Thread*)+0x102

VM_Operation (0x00007f3f71bdc770): ParallelGCFailedAllocation, mode: safepoint, requested by thread 0x00007f3f3c001000


---------------  P R O C E S S  ---------------

Java Threads: ( => current thread )
  0x00007f3f3c002800 JavaThread "RMI TCP Connection(3)-127.0.0.1" daemon [_thread_blocked, id=22508, stack(0x00007f3f719e2000,0x00007f3f71ae3000)]
  0x00007f3f3c001000 JavaThread "RMI TCP Connection(2)-127.0.0.1" daemon [_thread_blocked, id=22488, stack(0x00007f3f71ae3000,0x00007f3f71be4000)]
  0x00007f3f14038000 JavaThread "RMI Scheduler(0)" daemon [_thread_blocked, id=22484, stack(0x00007f3f71be4000,0x00007f3f71ce5000)]
  0x00007f3f14030800 JavaThread "RMI RenewClean-[127.0.0.1:6991]" daemon [_thread_blocked, id=22469, stack(0x00007f3f71ce5000,0x00007f3f71de6000)]
  0x00007f3f38001000 JavaThread "RMI TCP Connection(idle)" daemon [_thread_blocked, id=22457, stack(0x00007f3f71de6000,0x00007f3f71ee7000)]
  0x00007f3f28005000 JavaThread "pool-3-thread-3" [_thread_in_native, id=22383, stack(0x00007f3f71ee7000,0x00007f3f71fe8000)]
  0x00007f3f28003000 JavaThread "pool-3-thread-2" [_thread_in_native, id=22382, stack(0x00007f3f71fe8000,0x00007f3f720e9000)]
  0x00007f3f28002000 JavaThread "pool-3-thread-1" [_thread_in_native, id=22380, stack(0x00007f3f720e9000,0x00007f3f721ea000)]
  0x00007f3f9c201000 JavaThread "Thread-3" [_thread_in_native, id=22268, stack(0x00007f3f721ea000,0x00007f3f722eb000)]
  0x00007f3f9c1ff800 JavaThread "Thread-2" [_thread_in_native, id=22256, stack(0x00007f3f722eb000,0x00007f3f723ec000)]
  0x00007f3f9c1fe000 JavaThread "process reaper" daemon [_thread_in_native, id=22250, stack(0x00007f3f8801e000,0x00007f3f88057000)]
  0x00007f3f9c3c6800 JavaThread "pool-2-thread-1" [_thread_in_native, id=22184, stack(0x00007f3f723ec000,0x00007f3f724ed000)]
  0x00007f3f9c3c4800 JavaThread "GC Daemon" daemon [_thread_blocked, id=22182, stack(0x00007f3f724ed000,0x00007f3f725ee000)]
  0x00007f3f9c3c1800 JavaThread "RMI Reaper" [_thread_blocked, id=22164, stack(0x00007f3f725ee000,0x00007f3f726ef000)]
  0x00007f3f9c3ba800 JavaThread "RMI TCP Accept-21662" daemon [_thread_in_native, id=22162, stack(0x00007f3f726ef000,0x00007f3f727f0000)]
  0x00007f3f9c3b3800 JavaThread "RMI TCP Accept-18791" daemon [_thread_in_native, id=22154, stack(0x00007f3f727f0000,0x00007f3f728f1000)]
  0x00007f3f9c2fa800 JavaThread "logback-3" daemon [_thread_blocked, id=22134, stack(0x00007f3f72af1000,0x00007f3f72bf2000)]
  0x00007f3f9c2f6800 JavaThread "logback-2" daemon [_thread_blocked, id=22132, stack(0x00007f3f72bf2000,0x00007f3f72cf3000)]
  0x00007f3f9c2f5000 JavaThread "logback-1" daemon [_thread_blocked, id=22130, stack(0x00007f3f72cf3000,0x00007f3f72df4000)]
  0x00007f3f9c189000 JavaThread "Service Thread" daemon [_thread_blocked, id=22120, stack(0x00007f3f7333e000,0x00007f3f7343f000)]
  0x00007f3f9c186000 JavaThread "C1 CompilerThread2" daemon [_thread_blocked, id=22116, stack(0x00007f3f7343f000,0x00007f3f73540000)]
  0x00007f3f9c184800 JavaThread "C2 CompilerThread1" daemon [_thread_blocked, id=22107, stack(0x00007f3f73540000,0x00007f3f73641000)]
  0x00007f3f9c181800 JavaThread "C2 CompilerThread0" daemon [_thread_blocked, id=22100, stack(0x00007f3f880d0000,0x00007f3f881d1000)]
  0x00007f3f9c180000 JavaThread "Signal Dispatcher" daemon [_thread_blocked, id=22092, stack(0x00007f3f881d1000,0x00007f3f882d2000)]
  0x00007f3f9c14c000 JavaThread "Finalizer" daemon [_thread_blocked, id=22074, stack(0x00007f3f882d2000,0x00007f3f883d3000)]
  0x00007f3f9c149800 JavaThread "Reference Handler" daemon [_thread_blocked, id=22065, stack(0x00007f3f883d3000,0x00007f3f884d4000)]
  0x00007f3f9c00a800 JavaThread "main" [_thread_in_native, id=22009, stack(0x00007f3fa2993000,0x00007f3fa2a94000)]

Other Threads:
=>0x00007f3f9c140000 VMThread [stack: 0x00007f3f884d4000,0x00007f3f885d5000] [id=22055]
  0x00007f3f9c18b800 WatcherThread [stack: 0x00007f3f7323d000,0x00007f3f7333e000] [id=22121]

VM state:at safepoint (normal execution)

VM Mutex/Monitor currently owned by a thread:  ([mutex/lock_event])
[0x00007f3f9c007070] Threads_lock - owner thread: 0x00007f3f9c140000
[0x00007f3f9c007570] Heap_lock - owner thread: 0x00007f3f3c001000

heap address: 0x00000000c2a00000, size: 982 MB, Compressed Oops mode: 32-bit
Narrow klass base: 0x0000000000000000, Narrow klass shift: 3
Compressed class space size: 1073741824 Address: 0x0000000100000000

Heap:
 PSYoungGen      total 34304K, used 2544K [0x00000000eb900000, 0x00000000edd00000, 0x0000000100000000)
  eden space 31744K, 0% used [0x00000000eb900000,0x00000000eb900000,0x00000000ed800000)
  from space 2560K, 99% used [0x00000000eda80000,0x00000000edcfc050,0x00000000edd00000)
  to   space 2560K, 0% used [0x00000000ed800000,0x00000000ed800000,0x00000000eda80000)
 ParOldGen       total 42496K, used 7748K [0x00000000c2a00000, 0x00000000c5380000, 0x00000000eb900000)
  object space 42496K, 18% used [0x00000000c2a00000,0x00000000c31912d0,0x00000000c5380000)
 Metaspace       used 13675K, capacity 13998K, committed 14336K, reserved 1062912K
  class space    used 1565K, capacity 1667K, committed 1792K, reserved 1048576K

Card table byte_map: [0x00007f3f8c41a000,0x00007f3f8c606000] byte_map_base: 0x00007f3f8be05000

Marking Bits: (ParMarkBitMap*) 0x00007f3fa1e6ad80
 Begin Bits: [0x00007f3f8a11f000, 0x00007f3f8b077000)
 End Bits:   [0x00007f3f8b077000, 0x00007f3f8bfcf000)

Polling page: 0x00007f3fa2aaf000

CodeCache: size=245760Kb used=5794Kb max_used=5794Kb free=239965Kb
 bounds [0x00007f3f8c9c6000, 0x00007f3f8cf76000, 0x00007f3f9b9c6000]
 total_blobs=1980 nmethods=1632 adapters=261
 compilation: enabled

Compilation events (10 events):
Event: 38.556 Thread 0x00007f3f9c186000 nmethod 1663 0x00007f3f8cf6ed10 code [0x00007f3f8cf6ef00, 0x00007f3f8cf6f6d8]
Event: 38.556 Thread 0x00007f3f9c186000 1657       3       java.util.LinkedList::get (14 bytes)
Event: 38.576 Thread 0x00007f3f9c186000 nmethod 1657 0x00007f3f8cf6fb10 code [0x00007f3f8cf6fcc0, 0x00007f3f8cf700e8]
Event: 38.576 Thread 0x00007f3f9c186000 1658       3       java.util.LinkedList::checkElementIndex (22 bytes)
Event: 38.576 Thread 0x00007f3f9c186000 nmethod 1658 0x00007f3f8cf702d0 code [0x00007f3f8cf70500, 0x00007f3f8cf710b8]
Event: 38.576 Thread 0x00007f3f9c186000 1659       3       java.util.LinkedList::isElementIndex (18 bytes)
Event: 38.576 Thread 0x00007f3f9c186000 nmethod 1659 0x00007f3f8cf71690 code [0x00007f3f8cf71800, 0x00007f3f8cf719f0]
Event: 38.576 Thread 0x00007f3f9c186000 1655       3       org.evosuite.shaded.org.objectweb.asm.tree.analysis.BasicInterpreter::copyOperation (2 bytes)
Event: 38.576 Thread 0x00007f3f9c186000 nmethod 1655 0x00007f3f8cf71a50 code [0x00007f3f8cf71ba0, 0x00007f3f8cf71cf0]
Event: 38.623 Thread 0x00007f3f9c186000 1665       3       org.evosuite.graphs.cfg.RawControlFlowGraph::determineBasicBlockFor (519 bytes)

GC Heap History (9 events):
Event: 2.239 GC heap before
{Heap before GC invocations=1 (full 0):
 PSYoungGen      total 18432K, used 15872K [0x00000000eb900000, 0x00000000ecd80000, 0x0000000100000000)
  eden space 15872K, 100% used [0x00000000eb900000,0x00000000ec880000,0x00000000ec880000)
  from space 2560K, 0% used [0x00000000ecb00000,0x00000000ecb00000,0x00000000ecd80000)
  to   space 2560K, 0% used [0x00000000ec880000,0x00000000ec880000,0x00000000ecb00000)
 ParOldGen       total 42496K, used 0K [0x00000000c2a00000, 0x00000000c5380000, 0x00000000eb900000)
  object space 42496K, 0% used [0x00000000c2a00000,0x00000000c2a00000,0x00000000c5380000)
 Metaspace       used 10131K, capacity 10252K, committed 10624K, reserved 1058816K
  class space    used 1222K, capacity 1287K, committed 1408K, reserved 1048576K
Event: 2.265 GC heap after
Heap after GC invocations=1 (full 0):
 PSYoungGen      total 18432K, used 2544K [0x00000000eb900000, 0x00000000edd00000, 0x0000000100000000)
  eden space 15872K, 0% used [0x00000000eb900000,0x00000000eb900000,0x00000000ec880000)
  from space 2560K, 99% used [0x00000000ec880000,0x00000000ecafc020,0x00000000ecb00000)
  to   space 2560K, 0% used [0x00000000eda80000,0x00000000eda80000,0x00000000edd00000)
 ParOldGen       total 42496K, used 1530K [0x00000000c2a00000, 0x00000000c5380000, 0x00000000eb900000)
  object space 42496K, 3% used [0x00000000c2a00000,0x00000000c2b7e9f8,0x00000000c5380000)
 Metaspace       used 10131K, capacity 10252K, committed 10624K, reserved 1058816K
  class space    used 1222K, capacity 1287K, committed 1408K, reserved 1048576K
}
Event: 2.352 GC heap before
{Heap before GC invocations=2 (full 0):
 PSYoungGen      total 18432K, used 3315K [0x00000000eb900000, 0x00000000edd00000, 0x0000000100000000)
  eden space 15872K, 4% used [0x00000000eb900000,0x00000000eb9c0e80,0x00000000ec880000)
  from space 2560K, 99% used [0x00000000ec880000,0x00000000ecafc020,0x00000000ecb00000)
  to   space 2560K, 0% used [0x00000000eda80000,0x00000000eda80000,0x00000000edd00000)
 ParOldGen       total 42496K, used 1530K [0x00000000c2a00000, 0x00000000c5380000, 0x00000000eb900000)
  object space 42496K, 3% used [0x00000000c2a00000,0x00000000c2b7e9f8,0x00000000c5380000)
 Metaspace       used 10229K, capacity 10420K, committed 10624K, reserved 1058816K
  class space    used 1236K, capacity 1321K, committed 1408K, reserved 1048576K
Event: 2.368 GC heap after
Heap after GC invocations=2 (full 0):
 PSYoungGen      total 34304K, used 2496K [0x00000000eb900000, 0x00000000edd00000, 0x0000000100000000)
  eden space 31744K, 0% used [0x00000000eb900000,0x00000000eb900000,0x00000000ed800000)
  from space 2560K, 97% used [0x00000000eda80000,0x00000000edcf0000,0x00000000edd00000)
  to   space 2560K, 0% used [0x00000000ed800000,0x00000000ed800000,0x00000000eda80000)
 ParOldGen       total 42496K, used 1602K [0x00000000c2a00000, 0x00000000c5380000, 0x00000000eb900000)
  object space 42496K, 3% used [0x00000000c2a00000,0x00000000c2b90a08,0x00000000c5380000)
 Metaspace       used 10229K, capacity 10420K, committed 10624K, reserved 1058816K
  class space    used 1236K, capacity 1321K, committed 1408K, reserved 1048576K
}
Event: 2.368 GC heap before
{Heap before GC invocations=3 (full 1):
 PSYoungGen      total 34304K, used 2496K [0x00000000eb900000, 0x00000000edd00000, 0x0000000100000000)
  eden space 31744K, 0% used [0x00000000eb900000,0x00000000eb900000,0x00000000ed800000)
  from space 2560K, 97% used [0x00000000eda80000,0x00000000edcf0000,0x00000000edd00000)
  to   space 2560K, 0% used [0x00000000ed800000,0x00000000ed800000,0x00000000eda80000)
 ParOldGen       total 42496K, used 1602K [0x00000000c2a00000, 0x00000000c5380000, 0x00000000eb900000)
  object space 42496K, 3% used [0x00000000c2a00000,0x00000000c2b90a08,0x00000000c5380000)
 Metaspace       used 10229K, capacity 10420K, committed 10624K, reserved 1058816K
  class space    used 1236K, capacity 1321K, committed 1408K, reserved 1048576K
Event: 2.436 GC heap after
Heap after GC invocations=3 (full 1):
 PSYoungGen      total 34304K, used 0K [0x00000000eb900000, 0x00000000edd00000, 0x0000000100000000)
  eden space 31744K, 0% used [0x00000000eb900000,0x00000000eb900000,0x00000000ed800000)
  from space 2560K, 0% used [0x00000000eda80000,0x00000000eda80000,0x00000000edd00000)
  to   space 2560K, 0% used [0x00000000ed800000,0x00000000ed800000,0x00000000eda80000)
 ParOldGen       total 42496K, used 2469K [0x00000000c2a00000, 0x00000000c5380000, 0x00000000eb900000)
  object space 42496K, 5% used [0x00000000c2a00000,0x00000000c2c69670,0x00000000c5380000)
 Metaspace       used 10221K, capacity 10410K, committed 10624K, reserved 1058816K
  class space    used 1235K, capacity 1319K, committed 1408K, reserved 1048576K
}
Event: 37.434 GC heap before
{Heap before GC invocations=4 (full 1):
 PSYoungGen      total 34304K, used 31744K [0x00000000eb900000, 0x00000000edd00000, 0x0000000100000000)
  eden space 31744K, 100% used [0x00000000eb900000,0x00000000ed800000,0x00000000ed800000)
  from space 2560K, 0% used [0x00000000eda80000,0x00000000eda80000,0x00000000edd00000)
  to   space 2560K, 0% used [0x00000000ed800000,0x00000000ed800000,0x00000000eda80000)
 ParOldGen       total 42496K, used 2469K [0x00000000c2a00000, 0x00000000c5380000, 0x00000000eb900000)
  object space 42496K, 5% used [0x00000000c2a00000,0x00000000c2c69670,0x00000000c5380000)
 Metaspace       used 13562K, capacity 13934K, committed 14080K, reserved 1060864K
  class space    used 1565K, capacity 1667K, committed 1792K, reserved 1048576K
Event: 37.451 GC heap after
Heap after GC invocations=4 (full 1):
 PSYoungGen      total 34304K, used 2534K [0x00000000eb900000, 0x00000000edd00000, 0x0000000100000000)
  eden space 31744K, 0% used [0x00000000eb900000,0x00000000eb900000,0x00000000ed800000)
  from space 2560K, 98% used [0x00000000ed800000,0x00000000eda79830,0x00000000eda80000)
  to   space 2560K, 0% used [0x00000000eda80000,0x00000000eda80000,0x00000000edd00000)
 ParOldGen       total 42496K, used 5532K [0x00000000c2a00000, 0x00000000c5380000, 0x00000000eb900000)
  object space 42496K, 13% used [0x00000000c2a00000,0x00000000c2f671b0,0x00000000c5380000)
 Metaspace       used 13562K, capacity 13934K, committed 14080K, reserved 1060864K
  class space    used 1565K, capacity 1667K, committed 1792K, reserved 1048576K
}
Event: 38.624 GC heap before
{Heap before GC invocations=5 (full 1):
 PSYoungGen      total 34304K, used 34278K [0x00000000eb900000, 0x00000000edd00000, 0x0000000100000000)
  eden space 31744K, 100% used [0x00000000eb900000,0x00000000ed800000,0x00000000ed800000)
  from space 2560K, 98% used [0x00000000ed800000,0x00000000eda79830,0x00000000eda80000)
  to   space 2560K, 0% used [0x00000000eda80000,0x00000000eda80000,0x00000000edd00000)
 ParOldGen       total 42496K, used 5532K [0x00000000c2a00000, 0x00000000c5380000, 0x00000000eb900000)
  object space 42496K, 13% used [0x00000000c2a00000,0x00000000c2f671b0,0x00000000c5380000)
 Metaspace       used 13675K, capacity 13998K, committed 14336K, reserved 1062912K
  class space    used 1565K, capacity 1667K, committed 1792K, reserved 1048576K

Deoptimization events (10 events):
Event: 33.825 Thread 0x00007f3f3c001000 Uncommon trap: reason=bimorphic action=maybe_recompile pc=0x00007f3f8cc3a090 method=java.util.HashMap.putVal(ILjava/lang/Object;Ljava/lang/Object;ZZ)Ljava/lang/Object; @ 91
Event: 33.826 Thread 0x00007f3f3c001000 Uncommon trap: reason=bimorphic action=maybe_recompile pc=0x00007f3f8cc3a090 method=java.util.HashMap.putVal(ILjava/lang/Object;Ljava/lang/Object;ZZ)Ljava/lang/Object; @ 91
Event: 34.961 Thread 0x00007f3f3c001000 Uncommon trap: reason=uninitialized action=reinterpret pc=0x00007f3f8cd9950c method=java.io.ObjectInputStream$HandleTable.markDependency(II)V @ 110
Event: 34.962 Thread 0x00007f3f3c001000 Uncommon trap: reason=unstable_if action=reinterpret pc=0x00007f3f8cd85a6c method=java.io.ObjectInputStream$HandleTable.finish(I)V @ 4
Event: 35.569 Thread 0x00007f3f3c001000 Uncommon trap: reason=class_check action=maybe_recompile pc=0x00007f3f8cda2434 method=java.util.HashMap.putVal(ILjava/lang/Object;Ljava/lang/Object;ZZ)Ljava/lang/Object; @ 203
Event: 36.016 Thread 0x00007f3f3c001000 Uncommon trap: reason=unstable_if action=reinterpret pc=0x00007f3f8cbcf690 method=java.lang.AbstractStringBuilder.append(Ljava/lang/String;)Ljava/lang/AbstractStringBuilder; @ 1
Event: 36.113 Thread 0x00007f3f3c001000 Uncommon trap: reason=unstable_if action=reinterpret pc=0x00007f3f8cbb6dec method=java.lang.AbstractStringBuilder.append(Ljava/lang/String;)Ljava/lang/AbstractStringBuilder; @ 1
Event: 36.309 Thread 0x00007f3f3c001000 Uncommon trap: reason=class_check action=maybe_recompile pc=0x00007f3f8cda2434 method=java.util.HashMap.putVal(ILjava/lang/Object;Ljava/lang/Object;ZZ)Ljava/lang/Object; @ 203
Event: 36.310 Thread 0x00007f3f3c001000 Uncommon trap: reason=class_check action=maybe_recompile pc=0x00007f3f8cda2434 method=java.util.HashMap.putVal(ILjava/lang/Object;Ljava/lang/Object;ZZ)Ljava/lang/Object; @ 203
Event: 36.310 Thread 0x00007f3f3c001000 Uncommon trap: reason=class_check action=maybe_recompile pc=0x00007f3f8cda2434 method=java.util.HashMap.putVal(ILjava/lang/Object;Ljava/lang/Object;ZZ)Ljava/lang/Object; @ 203

Classes redefined (0 events):
No events

Internal exceptions (10 events):
Event: 11.316 Thread 0x00007f3f9c2fa800 Exception <a 'java/net/ConnectException'> (0x00000000ebd76c20) thrown at [/HUDSON/workspace/8-2-build-linux-amd64/jdk8u201/12317/hotspot/src/share/vm/prims/jni.cpp, line 709]
Event: 21.281 Thread 0x00007f3f9c2f5000 Exception <a 'java/net/ConnectException'> (0x00000000ebcd8a38) thrown at [/HUDSON/workspace/8-2-build-linux-amd64/jdk8u201/12317/hotspot/src/share/vm/prims/jni.cpp, line 709]
Event: 21.296 Thread 0x00007f3f9c2f6800 Exception <a 'java/net/ConnectException'> (0x00000000ebd280c0) thrown at [/HUDSON/workspace/8-2-build-linux-amd64/jdk8u201/12317/hotspot/src/share/vm/prims/jni.cpp, line 709]
Event: 21.317 Thread 0x00007f3f9c2fa800 Exception <a 'java/net/ConnectException'> (0x00000000ebd77748) thrown at [/HUDSON/workspace/8-2-build-linux-amd64/jdk8u201/12317/hotspot/src/share/vm/prims/jni.cpp, line 709]
Event: 32.531 Thread 0x00007f3f9c2f5000 Exception <a 'java/net/ConnectException'> (0x00000000ebcd9560) thrown at [/HUDSON/workspace/8-2-build-linux-amd64/jdk8u201/12317/hotspot/src/share/vm/prims/jni.cpp, line 709]
Event: 33.162 Thread 0x00007f3f9c2fa800 Exception <a 'java/net/ConnectException'> (0x00000000ebd78270) thrown at [/HUDSON/workspace/8-2-build-linux-amd64/jdk8u201/12317/hotspot/src/share/vm/prims/jni.cpp, line 709]
Event: 33.525 Thread 0x00007f3f9c2f6800 Exception <a 'java/net/ConnectException'> (0x00000000ebd28be8) thrown at [/HUDSON/workspace/8-2-build-linux-amd64/jdk8u201/12317/hotspot/src/share/vm/prims/jni.cpp, line 709]
Event: 34.807 Thread 0x00007f3f3c001000 Exception <a 'java/lang/NoSuchMethodError': <clinit>> (0x00000000ec5a2a50) thrown at [/HUDSON/workspace/8-2-build-linux-amd64/jdk8u201/12317/hotspot/src/share/vm/prims/jni.cpp, line 1613]
Event: 36.016 Thread 0x00007f3f3c001000 Implicit null exception at 0x00007f3f8cbcf2b3 to 0x00007f3f8cbcf67d
Event: 36.113 Thread 0x00007f3f3c001000 Implicit null exception at 0x00007f3f8cbb69f4 to 0x00007f3f8cbb6dd5

Events (10 events):
Event: 37.481 Thread 0x00007f3f9c186000 flushing nmethod 0x00007f3f8cad2bd0
Event: 37.481 Thread 0x00007f3f9c186000 flushing nmethod 0x00007f3f8cad36d0
Event: 37.481 Thread 0x00007f3f9c186000 flushing nmethod 0x00007f3f8cad4f90
Event: 37.481 Thread 0x00007f3f9c186000 flushing nmethod 0x00007f3f8cad5610
Event: 37.481 Thread 0x00007f3f9c186000 flushing nmethod 0x00007f3f8cad5a90
Event: 37.481 Thread 0x00007f3f9c186000 flushing nmethod 0x00007f3f8cad6810
Event: 37.481 Thread 0x00007f3f9c186000 flushing nmethod 0x00007f3f8cadb590
Event: 37.481 Thread 0x00007f3f9c186000 flushing nmethod 0x00007f3f8caef510
Event: 37.481 Thread 0x00007f3f9c186000 flushing nmethod 0x00007f3f8cb35550
Event: 38.623 Executing VM operation: ParallelGCFailedAllocation


Dynamic libraries:
00400000-00401000 r-xp 00000000 08:01 654793                             /usr/lib/jdk/jdk1.8.0_201/bin/java
00600000-00601000 r--p 00000000 08:01 654793                             /usr/lib/jdk/jdk1.8.0_201/bin/java
00601000-00602000 rw-p 00001000 08:01 654793                             /usr/lib/jdk/jdk1.8.0_201/bin/java
01577000-0171f000 rw-p 00000000 00:00 0                                  [heap]
c2a00000-c5380000 rw-p 00000000 00:00 0 
c5380000-eb900000 ---p 00000000 00:00 0 
eb900000-edd00000 rw-p 00000000 00:00 0 
efc00000-100000000 ---p 00000000 00:00 0 
100000000-1001c0000 rw-p 00000000 00:00 0 
1001c0000-140000000 ---p 00000000 00:00 0 
7f3f08000000-7f3f08021000 rw-p 00000000 00:00 0 
7f3f08021000-7f3f0c000000 ---p 00000000 00:00 0 
7f3f0c000000-7f3f0c021000 rw-p 00000000 00:00 0 
7f3f0c021000-7f3f10000000 ---p 00000000 00:00 0 
7f3f10000000-7f3f10021000 rw-p 00000000 00:00 0 
7f3f10021000-7f3f14000000 ---p 00000000 00:00 0 
7f3f14000000-7f3f1403a000 rw-p 00000000 00:00 0 
7f3f1403a000-7f3f18000000 ---p 00000000 00:00 0 
7f3f18000000-7f3f18021000 rw-p 00000000 00:00 0 
7f3f18021000-7f3f1c000000 ---p 00000000 00:00 0 
7f3f1c000000-7f3f1c021000 rw-p 00000000 00:00 0 
7f3f1c021000-7f3f20000000 ---p 00000000 00:00 0 
7f3f20000000-7f3f20021000 rw-p 00000000 00:00 0 
7f3f20021000-7f3f24000000 ---p 00000000 00:00 0 
7f3f24000000-7f3f24021000 rw-p 00000000 00:00 0 
7f3f24021000-7f3f28000000 ---p 00000000 00:00 0 
7f3f28000000-7f3f28021000 rw-p 00000000 00:00 0 
7f3f28021000-7f3f2c000000 ---p 00000000 00:00 0 
7f3f2c000000-7f3f2c021000 rw-p 00000000 00:00 0 
7f3f2c021000-7f3f30000000 ---p 00000000 00:00 0 
7f3f30000000-7f3f30021000 rw-p 00000000 00:00 0 
7f3f30021000-7f3f34000000 ---p 00000000 00:00 0 
7f3f34000000-7f3f34021000 rw-p 00000000 00:00 0 
7f3f34021000-7f3f38000000 ---p 00000000 00:00 0 
7f3f38000000-7f3f38021000 rw-p 00000000 00:00 0 
7f3f38021000-7f3f3c000000 ---p 00000000 00:00 0 
7f3f3c000000-7f3f3c021000 rw-p 00000000 00:00 0 
7f3f3c021000-7f3f40000000 ---p 00000000 00:00 0 
7f3f40000000-7f3f40021000 rw-p 00000000 00:00 0 
7f3f40021000-7f3f44000000 ---p 00000000 00:00 0 
7f3f44000000-7f3f44021000 rw-p 00000000 00:00 0 
7f3f44021000-7f3f48000000 ---p 00000000 00:00 0 
7f3f48000000-7f3f48021000 rw-p 00000000 00:00 0 
7f3f48021000-7f3f4c000000 ---p 00000000 00:00 0 
7f3f4cfff000-7f3f50000000 rw-p 00000000 00:00 0 
7f3f50000000-7f3f50021000 rw-p 00000000 00:00 0 
7f3f50021000-7f3f54000000 ---p 00000000 00:00 0 
7f3f54000000-7f3f54021000 rw-p 00000000 00:00 0 
7f3f54021000-7f3f58000000 ---p 00000000 00:00 0 
7f3f58000000-7f3f58630000 rw-p 00000000 00:00 0 
7f3f58630000-7f3f5c000000 ---p 00000000 00:00 0 
7f3f5c000000-7f3f5c7ac000 rw-p 00000000 00:00 0 
7f3f5c7ac000-7f3f60000000 ---p 00000000 00:00 0 
7f3f60000000-7f3f60021000 rw-p 00000000 00:00 0 
7f3f60021000-7f3f64000000 ---p 00000000 00:00 0 
7f3f64000000-7f3f64c75000 rw-p 00000000 00:00 0 
7f3f64c75000-7f3f68000000 ---p 00000000 00:00 0 
7f3f68000000-7f3f68021000 rw-p 00000000 00:00 0 
7f3f68021000-7f3f6c000000 ---p 00000000 00:00 0 
7f3f6c000000-7f3f6c021000 rw-p 00000000 00:00 0 
7f3f6c021000-7f3f70000000 ---p 00000000 00:00 0 
7f3f715e2000-7f3f71622000 rw-p 00000000 00:00 0 
7f3f71622000-7f3f717e2000 ---p 00000000 00:00 0 
7f3f717e2000-7f3f719e2000 rw-p 00000000 00:00 0 
7f3f719e2000-7f3f719e5000 ---p 00000000 00:00 0 
7f3f719e5000-7f3f71ae3000 rw-p 00000000 00:00 0 
7f3f71ae3000-7f3f71ae6000 ---p 00000000 00:00 0 
7f3f71ae6000-7f3f71be4000 rw-p 00000000 00:00 0 
7f3f71be4000-7f3f71be7000 ---p 00000000 00:00 0 
7f3f71be7000-7f3f71ce5000 rw-p 00000000 00:00 0 
7f3f71ce5000-7f3f71ce8000 ---p 00000000 00:00 0 
7f3f71ce8000-7f3f71de6000 rw-p 00000000 00:00 0 
7f3f71de6000-7f3f71de9000 ---p 00000000 00:00 0 
7f3f71de9000-7f3f71ee7000 rw-p 00000000 00:00 0 
7f3f71ee7000-7f3f71eea000 ---p 00000000 00:00 0 
7f3f71eea000-7f3f71fe8000 rw-p 00000000 00:00 0 
7f3f71fe8000-7f3f71feb000 ---p 00000000 00:00 0 
7f3f71feb000-7f3f720e9000 rw-p 00000000 00:00 0 
7f3f720e9000-7f3f720ec000 ---p 00000000 00:00 0 
7f3f720ec000-7f3f721ea000 rw-p 00000000 00:00 0 
7f3f721ea000-7f3f721ed000 ---p 00000000 00:00 0 
7f3f721ed000-7f3f722eb000 rw-p 00000000 00:00 0 
7f3f722eb000-7f3f722ee000 ---p 00000000 00:00 0 
7f3f722ee000-7f3f723ec000 rw-p 00000000 00:00 0 
7f3f723ec000-7f3f723ef000 ---p 00000000 00:00 0 
7f3f723ef000-7f3f724ed000 rw-p 00000000 00:00 0 
7f3f724ed000-7f3f724f0000 ---p 00000000 00:00 0 
7f3f724f0000-7f3f725ee000 rw-p 00000000 00:00 0 
7f3f725ee000-7f3f725f1000 ---p 00000000 00:00 0 
7f3f725f1000-7f3f726ef000 rw-p 00000000 00:00 0 
7f3f726ef000-7f3f726f2000 ---p 00000000 00:00 0 
7f3f726f2000-7f3f727f0000 rw-p 00000000 00:00 0 
7f3f727f0000-7f3f727f3000 ---p 00000000 00:00 0 
7f3f727f3000-7f3f72af1000 rw-p 00000000 00:00 0 
7f3f72af1000-7f3f72af4000 ---p 00000000 00:00 0 
7f3f72af4000-7f3f72bf2000 rw-p 00000000 00:00 0 
7f3f72bf2000-7f3f72bf5000 ---p 00000000 00:00 0 
7f3f72bf5000-7f3f72cf3000 rw-p 00000000 00:00 0 
7f3f72cf3000-7f3f72cf6000 ---p 00000000 00:00 0 
7f3f72cf6000-7f3f72df4000 rw-p 00000000 00:00 0 
7f3f72df4000-7f3f72e0a000 r-xp 00000000 08:01 656512                     /usr/lib/jdk/jdk1.8.0_201/jre/lib/amd64/libnet.so
7f3f72e0a000-7f3f7300a000 ---p 00016000 08:01 656512                     /usr/lib/jdk/jdk1.8.0_201/jre/lib/amd64/libnet.so
7f3f7300a000-7f3f7300b000 r--p 00016000 08:01 656512                     /usr/lib/jdk/jdk1.8.0_201/jre/lib/amd64/libnet.so
7f3f7300b000-7f3f7300c000 rw-p 00017000 08:01 656512                     /usr/lib/jdk/jdk1.8.0_201/jre/lib/amd64/libnet.so
7f3f7300c000-7f3f7323d000 r--s 01bb1000 08:01 403225                     /home/hewitt/work/DiffTGen-master/lib/evosuite-1.0.6.jar
7f3f7323d000-7f3f7323e000 ---p 00000000 00:00 0 
7f3f7323e000-7f3f7333e000 rw-p 00000000 00:00 0 
7f3f7333e000-7f3f73341000 ---p 00000000 00:00 0 
7f3f73341000-7f3f7343f000 rw-p 00000000 00:00 0 
7f3f7343f000-7f3f73442000 ---p 00000000 00:00 0 
7f3f73442000-7f3f73540000 rw-p 00000000 00:00 0 
7f3f73540000-7f3f73543000 ---p 00000000 00:00 0 
7f3f73543000-7f3f73641000 rw-p 00000000 00:00 0 
7f3f73641000-7f3f74000000 r--p 00000000 08:01 270368                     /usr/lib/locale/locale-archive
7f3f74000000-7f3f74021000 rw-p 00000000 00:00 0 
7f3f74021000-7f3f78000000 ---p 00000000 00:00 0 
7f3f78000000-7f3f7829b000 rw-p 00000000 00:00 0 
7f3f7829b000-7f3f7c000000 ---p 00000000 00:00 0 
7f3f7c000000-7f3f7c021000 rw-p 00000000 00:00 0 
7f3f7c021000-7f3f80000000 ---p 00000000 00:00 0 
7f3f80000000-7f3f80021000 rw-p 00000000 00:00 0 
7f3f80021000-7f3f84000000 ---p 00000000 00:00 0 
7f3f84000000-7f3f84021000 rw-p 00000000 00:00 0 
7f3f84021000-7f3f88000000 ---p 00000000 00:00 0 
7f3f8801e000-7f3f88021000 ---p 00000000 00:00 0 
7f3f88021000-7f3f88057000 rw-p 00000000 00:00 0 
7f3f88057000-7f3f880d0000 r--s 010fd000 08:01 654900                     /usr/lib/jdk/jdk1.8.0_201/lib/tools.jar
7f3f880d0000-7f3f880d3000 ---p 00000000 00:00 0 
7f3f880d3000-7f3f881d1000 rw-p 00000000 00:00 0 
7f3f881d1000-7f3f881d4000 ---p 00000000 00:00 0 
7f3f881d4000-7f3f882d2000 rw-p 00000000 00:00 0 
7f3f882d2000-7f3f882d5000 ---p 00000000 00:00 0 
7f3f882d5000-7f3f883d3000 rw-p 00000000 00:00 0 
7f3f883d3000-7f3f883d6000 ---p 00000000 00:00 0 
7f3f883d6000-7f3f884d4000 rw-p 00000000 00:00 0 
7f3f884d4000-7f3f884d5000 ---p 00000000 00:00 0 
7f3f884d5000-7f3f894e4000 rw-p 00000000 00:00 0 
7f3f894e4000-7f3f896be000 r--s 03d6f000 08:01 656293                     /usr/lib/jdk/jdk1.8.0_201/jre/lib/rt.jar
7f3f896be000-7f3f8bfcf000 rw-p 00000000 00:00 0 
7f3f8bfcf000-7f3f8bfd0000 ---p 00000000 00:00 0 
7f3f8bfd0000-7f3f8c0d0000 rw-p 00000000 00:00 0 
7f3f8c0d0000-7f3f8c0d1000 ---p 00000000 00:00 0 
7f3f8c0d1000-7f3f8c1d1000 rw-p 00000000 00:00 0 
7f3f8c1d1000-7f3f8c1d2000 ---p 00000000 00:00 0 
7f3f8c1d2000-7f3f8c2e7000 rw-p 00000000 00:00 0 
7f3f8c2e7000-7f3f8c41a000 ---p 00000000 00:00 0 
7f3f8c41a000-7f3f8c42f000 rw-p 00000000 00:00 0 
7f3f8c42f000-7f3f8c561000 ---p 00000000 00:00 0 
7f3f8c561000-7f3f8c574000 rw-p 00000000 00:00 0 
7f3f8c574000-7f3f8c605000 ---p 00000000 00:00 0 
7f3f8c605000-7f3f8c61d000 rw-p 00000000 00:00 0 
7f3f8c61d000-7f3f8c9c6000 ---p 00000000 00:00 0 
7f3f8c9c6000-7f3f8cf76000 rwxp 00000000 00:00 0 
7f3f8cf76000-7f3f9b9c6000 ---p 00000000 00:00 0 
7f3f9b9c6000-7f3f9b9e1000 r-xp 00000000 08:01 656508                     /usr/lib/jdk/jdk1.8.0_201/jre/lib/amd64/libzip.so
7f3f9b9e1000-7f3f9bbe0000 ---p 0001b000 08:01 656508                     /usr/lib/jdk/jdk1.8.0_201/jre/lib/amd64/libzip.so
7f3f9bbe0000-7f3f9bbe1000 r--p 0001a000 08:01 656508                     /usr/lib/jdk/jdk1.8.0_201/jre/lib/amd64/libzip.so
7f3f9bbe1000-7f3f9bbe2000 rw-p 0001b000 08:01 656508                     /usr/lib/jdk/jdk1.8.0_201/jre/lib/amd64/libzip.so
7f3f9bbe2000-7f3f9bbed000 r-xp 00000000 08:01 658902                     /lib/x86_64-linux-gnu/libnss_files-2.23.so
7f3f9bbed000-7f3f9bdec000 ---p 0000b000 08:01 658902                     /lib/x86_64-linux-gnu/libnss_files-2.23.so
7f3f9bdec000-7f3f9bded000 r--p 0000a000 08:01 658902                     /lib/x86_64-linux-gnu/libnss_files-2.23.so
7f3f9bded000-7f3f9bdee000 rw-p 0000b000 08:01 658902                     /lib/x86_64-linux-gnu/libnss_files-2.23.so
7f3f9bdee000-7f3f9bdf4000 rw-p 00000000 00:00 0 
7f3f9bdf4000-7f3f9bdff000 r-xp 00000000 08:01 658912                     /lib/x86_64-linux-gnu/libnss_nis-2.23.so
7f3f9bdff000-7f3f9bffe000 ---p 0000b000 08:01 658912                     /lib/x86_64-linux-gnu/libnss_nis-2.23.so
7f3f9bffe000-7f3f9bfff000 r--p 0000a000 08:01 658912                     /lib/x86_64-linux-gnu/libnss_nis-2.23.so
7f3f9bfff000-7f3f9c000000 rw-p 0000b000 08:01 658912                     /lib/x86_64-linux-gnu/libnss_nis-2.23.so
7f3f9c000000-7f3f9c4d7000 rw-p 00000000 00:00 0 
7f3f9c4d7000-7f3fa0000000 ---p 00000000 00:00 0 
7f3fa0023000-7f3fa002d000 r--s 00116000 08:01 656361                     /usr/lib/jdk/jdk1.8.0_201/jre/lib/ext/localedata.jar
7f3fa002d000-7f3fa002e000 ---p 00000000 00:00 0 
7f3fa002e000-7f3fa012e000 rw-p 00000000 00:00 0 
7f3fa012e000-7f3fa0144000 r-xp 00000000 08:01 658896                     /lib/x86_64-linux-gnu/libnsl-2.23.so
7f3fa0144000-7f3fa0343000 ---p 00016000 08:01 658896                     /lib/x86_64-linux-gnu/libnsl-2.23.so
7f3fa0343000-7f3fa0344000 r--p 00015000 08:01 658896                     /lib/x86_64-linux-gnu/libnsl-2.23.so
7f3fa0344000-7f3fa0345000 rw-p 00016000 08:01 658896                     /lib/x86_64-linux-gnu/libnsl-2.23.so
7f3fa0345000-7f3fa0347000 rw-p 00000000 00:00 0 
7f3fa0347000-7f3fa034f000 r-xp 00000000 08:01 658898                     /lib/x86_64-linux-gnu/libnss_compat-2.23.so
7f3fa034f000-7f3fa054e000 ---p 00008000 08:01 658898                     /lib/x86_64-linux-gnu/libnss_compat-2.23.so
7f3fa054e000-7f3fa054f000 r--p 00007000 08:01 658898                     /lib/x86_64-linux-gnu/libnss_compat-2.23.so
7f3fa054f000-7f3fa0550000 rw-p 00008000 08:01 658898                     /lib/x86_64-linux-gnu/libnss_compat-2.23.so
7f3fa0550000-7f3fa057c000 r-xp 00000000 08:01 656502                     /usr/lib/jdk/jdk1.8.0_201/jre/lib/amd64/libjava.so
7f3fa057c000-7f3fa077c000 ---p 0002c000 08:01 656502                     /usr/lib/jdk/jdk1.8.0_201/jre/lib/amd64/libjava.so
7f3fa077c000-7f3fa077d000 r--p 0002c000 08:01 656502                     /usr/lib/jdk/jdk1.8.0_201/jre/lib/amd64/libjava.so
7f3fa077d000-7f3fa077f000 rw-p 0002d000 08:01 656502                     /usr/lib/jdk/jdk1.8.0_201/jre/lib/amd64/libjava.so
7f3fa077f000-7f3fa078c000 r-xp 00000000 08:01 656507                     /usr/lib/jdk/jdk1.8.0_201/jre/lib/amd64/libverify.so
7f3fa078c000-7f3fa098b000 ---p 0000d000 08:01 656507                     /usr/lib/jdk/jdk1.8.0_201/jre/lib/amd64/libverify.so
7f3fa098b000-7f3fa098d000 r--p 0000c000 08:01 656507                     /usr/lib/jdk/jdk1.8.0_201/jre/lib/amd64/libverify.so
7f3fa098d000-7f3fa098e000 rw-p 0000e000 08:01 656507                     /usr/lib/jdk/jdk1.8.0_201/jre/lib/amd64/libverify.so
7f3fa098e000-7f3fa0995000 r-xp 00000000 08:01 658957                     /lib/x86_64-linux-gnu/librt-2.23.so
7f3fa0995000-7f3fa0b94000 ---p 00007000 08:01 658957                     /lib/x86_64-linux-gnu/librt-2.23.so
7f3fa0b94000-7f3fa0b95000 r--p 00006000 08:01 658957                     /lib/x86_64-linux-gnu/librt-2.23.so
7f3fa0b95000-7f3fa0b96000 rw-p 00007000 08:01 658957                     /lib/x86_64-linux-gnu/librt-2.23.so
7f3fa0b96000-7f3fa0c9e000 r-xp 00000000 08:01 658873                     /lib/x86_64-linux-gnu/libm-2.23.so
7f3fa0c9e000-7f3fa0e9d000 ---p 00108000 08:01 658873                     /lib/x86_64-linux-gnu/libm-2.23.so
7f3fa0e9d000-7f3fa0e9e000 r--p 00107000 08:01 658873                     /lib/x86_64-linux-gnu/libm-2.23.so
7f3fa0e9e000-7f3fa0e9f000 rw-p 00108000 08:01 658873                     /lib/x86_64-linux-gnu/libm-2.23.so
7f3fa0e9f000-7f3fa1b87000 r-xp 00000000 08:01 656484                     /usr/lib/jdk/jdk1.8.0_201/jre/lib/amd64/server/libjvm.so
7f3fa1b87000-7f3fa1d86000 ---p 00ce8000 08:01 656484                     /usr/lib/jdk/jdk1.8.0_201/jre/lib/amd64/server/libjvm.so
7f3fa1d86000-7f3fa1e1c000 r--p 00ce7000 08:01 656484                     /usr/lib/jdk/jdk1.8.0_201/jre/lib/amd64/server/libjvm.so
7f3fa1e1c000-7f3fa1e4d000 rw-p 00d7d000 08:01 656484                     /usr/lib/jdk/jdk1.8.0_201/jre/lib/amd64/server/libjvm.so
7f3fa1e4d000-7f3fa1e88000 rw-p 00000000 00:00 0 
7f3fa1e88000-7f3fa2048000 r-xp 00000000 08:01 658803                     /lib/x86_64-linux-gnu/libc-2.23.so
7f3fa2048000-7f3fa2248000 ---p 001c0000 08:01 658803                     /lib/x86_64-linux-gnu/libc-2.23.so
7f3fa2248000-7f3fa224c000 r--p 001c0000 08:01 658803                     /lib/x86_64-linux-gnu/libc-2.23.so
7f3fa224c000-7f3fa224e000 rw-p 001c4000 08:01 658803                     /lib/x86_64-linux-gnu/libc-2.23.so
7f3fa224e000-7f3fa2252000 rw-p 00000000 00:00 0 
7f3fa2252000-7f3fa2255000 r-xp 00000000 08:01 658827                     /lib/x86_64-linux-gnu/libdl-2.23.so
7f3fa2255000-7f3fa2454000 ---p 00003000 08:01 658827                     /lib/x86_64-linux-gnu/libdl-2.23.so
7f3fa2454000-7f3fa2455000 r--p 00002000 08:01 658827                     /lib/x86_64-linux-gnu/libdl-2.23.so
7f3fa2455000-7f3fa2456000 rw-p 00003000 08:01 658827                     /lib/x86_64-linux-gnu/libdl-2.23.so
7f3fa2456000-7f3fa246d000 r-xp 00000000 08:01 656155                     /usr/lib/jdk/jdk1.8.0_201/lib/amd64/jli/libjli.so
7f3fa246d000-7f3fa266c000 ---p 00017000 08:01 656155                     /usr/lib/jdk/jdk1.8.0_201/lib/amd64/jli/libjli.so
7f3fa266c000-7f3fa266d000 r--p 00016000 08:01 656155                     /usr/lib/jdk/jdk1.8.0_201/lib/amd64/jli/libjli.so
7f3fa266d000-7f3fa266e000 rw-p 00017000 08:01 656155                     /usr/lib/jdk/jdk1.8.0_201/lib/amd64/jli/libjli.so
7f3fa266e000-7f3fa2686000 r-xp 00000000 08:01 658949                     /lib/x86_64-linux-gnu/libpthread-2.23.so
7f3fa2686000-7f3fa2885000 ---p 00018000 08:01 658949                     /lib/x86_64-linux-gnu/libpthread-2.23.so
7f3fa2885000-7f3fa2886000 r--p 00017000 08:01 658949                     /lib/x86_64-linux-gnu/libpthread-2.23.so
7f3fa2886000-7f3fa2887000 rw-p 00018000 08:01 658949                     /lib/x86_64-linux-gnu/libpthread-2.23.so
7f3fa2887000-7f3fa288b000 rw-p 00000000 00:00 0 
7f3fa288b000-7f3fa28b1000 r-xp 00000000 08:01 658775                     /lib/x86_64-linux-gnu/ld-2.23.so
7f3fa28b5000-7f3fa28d1000 r--s 00393000 08:01 656354                     /usr/lib/jdk/jdk1.8.0_201/jre/lib/ext/cldrdata.jar
7f3fa28d1000-7f3fa28d5000 r--s 000a1000 08:01 656350                     /usr/lib/jdk/jdk1.8.0_201/jre/lib/jsse.jar
7f3fa28d5000-7f3fa2993000 rw-p 00000000 00:00 0 
7f3fa2993000-7f3fa2996000 ---p 00000000 00:00 0 
7f3fa2996000-7f3fa2a99000 rw-p 00000000 00:00 0 
7f3fa2a99000-7f3fa2aa1000 r--s 0006e000 08:01 398946                     /home/hewitt/work/DiffTGen-master/lib/commons-lang3-3.5.jar
7f3fa2aa1000-7f3fa2aa2000 r--s 00000000 08:01 398951                     /home/hewitt/work/DiffTGen-master/lib/myprinter.jar
7f3fa2aa2000-7f3fa2aa6000 r--s 00039000 08:01 421670                     /home/hewitt/work/DiffTGen-master/output/patch2-Lang-61-Jaid-plausible/Lang_61_2-plausible_jaid/target/build/classes/all0.jar
7f3fa2aa6000-7f3fa2aae000 rw-s 00000000 08:01 150629                     /tmp/hsperfdata_hewitt/22003
7f3fa2aae000-7f3fa2aaf000 rw-p 00000000 00:00 0 
7f3fa2aaf000-7f3fa2ab0000 ---p 00000000 00:00 0 
7f3fa2ab0000-7f3fa2ab1000 r--p 00025000 08:01 658775                     /lib/x86_64-linux-gnu/ld-2.23.so
7f3fa2ab1000-7f3fa2ab2000 rw-p 00026000 08:01 658775                     /lib/x86_64-linux-gnu/ld-2.23.so
7f3fa2ab2000-7f3fa2ab3000 rw-p 00000000 00:00 0 
7ffc2e607000-7ffc2e629000 rw-p 00000000 00:00 0                          [stack]
7ffc2e748000-7ffc2e74b000 r--p 00000000 00:00 0                          [vvar]
7ffc2e74b000-7ffc2e74d000 r-xp 00000000 00:00 0                          [vdso]
ffffffffff600000-ffffffffff601000 r-xp 00000000 00:00 0                  [vsyscall]

VM Arguments:
java_command: /home/hewitt/work/DiffTGen-master/lib/evosuite-1.0.6.jar -base_dir /home/hewitt/work/DiffTGen-master/output/patch2-Lang-61-Jaid-plausible/Lang_61_2-plausible_jaid/target/0/17 -projectCP /home/hewitt/work/DiffTGen-master/output/patch2-Lang-61-Jaid-plausible/Lang_61_2-plausible_jaid/target/build/classes/all0.jar:/home/hewitt/work/DiffTGen-master/lib/myprinter.jar:/home/hewitt/work/DiffTGen-master/lib/commons-lang3-3.5.jar -class org.apache.commons.lang.text.StrBuilder -Dassertions=false -Dsearch_budget=60
java_class_path (initial): /home/hewitt/work/DiffTGen-master/lib/evosuite-1.0.6.jar
Launcher Type: SUN_STANDARD

Environment Variables:
JAVA_HOME=/usr/lib/jdk/jdk1.8.0_201
JRE_HOME=/usr/lib/jdk/jdk1.8.0_201/jre
CLASSPATH=.:/usr/lib/jdk/jdk1.8.0_201/lib:/usr/lib/jdk/jdk1.8.0_201/jre/lib
PATH=/usr/lib/jdk/jdk1.8.0_201/bin:/home/hewitt/bin:/home/hewitt/.local/bin:/usr/lib/jdk/jdk1.7.0_80/bin:/usr/local/sbin:/usr/local/bin:/usr/sbin:/usr/bin:/sbin:/bin:/usr/games:/usr/local/games:/snap/bin:/home/hewitt/work/defects4j_v1.4.0/defects4j/framework/bin:/opt/apache-ant-1.9.14/bin:/home/hewitt/work/defects4j_v1.4.0/defects4j/framework/bin
SHELL=/bin/bash
DISPLAY=:0

Signal Handlers:
SIGSEGV: [libjvm.so+0xad3e60], sa_mask[0]=11111111011111111101111111111110, sa_flags=SA_RESTART|SA_SIGINFO
SIGBUS: [libjvm.so+0xad3e60], sa_mask[0]=11111111011111111101111111111110, sa_flags=SA_RESTART|SA_SIGINFO
SIGFPE: [libjvm.so+0x90b880], sa_mask[0]=11111111011111111101111111111110, sa_flags=SA_RESTART|SA_SIGINFO
SIGPIPE: [libjvm.so+0x90b880], sa_mask[0]=11111111011111111101111111111110, sa_flags=SA_RESTART|SA_SIGINFO
SIGXFSZ: [libjvm.so+0x90b880], sa_mask[0]=11111111011111111101111111111110, sa_flags=SA_RESTART|SA_SIGINFO
SIGILL: [libjvm.so+0x90b880], sa_mask[0]=11111111011111111101111111111110, sa_flags=SA_RESTART|SA_SIGINFO
SIGUSR1: SIG_DFL, sa_mask[0]=00000000000000000000000000000000, sa_flags=none
SIGUSR2: [libjvm.so+0x90b750], sa_mask[0]=00100000000000000000000000000000, sa_flags=SA_RESTART|SA_SIGINFO
SIGHUP: [libjvm.so+0x90bd70], sa_mask[0]=11111111011111111101111111111110, sa_flags=SA_RESTART|SA_SIGINFO
SIGINT: [libjvm.so+0x90bd70], sa_mask[0]=11111111011111111101111111111110, sa_flags=SA_RESTART|SA_SIGINFO
SIGTERM: [libjvm.so+0x90bd70], sa_mask[0]=11111111011111111101111111111110, sa_flags=SA_RESTART|SA_SIGINFO
SIGQUIT: [libjvm.so+0x90bd70], sa_mask[0]=11111111011111111101111111111110, sa_flags=SA_RESTART|SA_SIGINFO


---------------  S Y S T E M  ---------------

OS:DISTRIB_ID=Ubuntu
DISTRIB_RELEASE=16.04
DISTRIB_CODENAME=xenial
DISTRIB_DESCRIPTION="Ubuntu 16.04.6 LTS"

uname:Linux 4.15.0-91-generic #92~16.04.1-Ubuntu SMP Fri Feb 28 14:57:22 UTC 2020 x86_64
libc:glibc 2.23 NPTL 2.23 
rlimit: STACK 8192k, CORE 0k, NPROC 15448, NOFILE 1048576, AS infinity
load average:23.27 17.24 16.49

/proc/meminfo:
MemTotal:        4015928 kB
MemFree:           86700 kB
MemAvailable:          0 kB
Buffers:            1052 kB
Cached:            16072 kB
SwapCached:         7296 kB
Active:          2908128 kB
Inactive:         583428 kB
Active(anon):    2896204 kB
Inactive(anon):   579032 kB
Active(file):      11924 kB
Inactive(file):     4396 kB
Unevictable:          48 kB
Mlocked:              48 kB
SwapTotal:        998396 kB
SwapFree:              4 kB
Dirty:               172 kB
Writeback:             0 kB
AnonPages:       3467808 kB
Mapped:            12488 kB
Shmem:               508 kB
Slab:              92012 kB
SReclaimable:      33652 kB
SUnreclaim:        58360 kB
KernelStack:       16512 kB
PageTables:        42752 kB
NFS_Unstable:          0 kB
Bounce:                0 kB
WritebackTmp:          0 kB
CommitLimit:     3006360 kB
Committed_AS:    9377180 kB
VmallocTotal:   34359738367 kB
VmallocUsed:           0 kB
VmallocChunk:          0 kB
HardwareCorrupted:     0 kB
AnonHugePages:         0 kB
ShmemHugePages:        0 kB
ShmemPmdMapped:        0 kB
CmaTotal:              0 kB
CmaFree:               0 kB
HugePages_Total:       0
HugePages_Free:        0
HugePages_Rsvd:        0
HugePages_Surp:        0
Hugepagesize:       2048 kB
DirectMap4k:       98112 kB
DirectMap2M:     4096000 kB
DirectMap1G:     2097152 kB

container (cgroup) information:
container_type: cgroupv1
cpu_cpuset_cpus: 0-3
cpu_memory_nodes: 0
active_processor_count: 4
cpu_quota: -1
cpu_period: 100000
cpu_shares: -1
memory_limit_in_bytes: -1
memory_and_swap_limit_in_bytes: -2
memory_soft_limit_in_bytes: -1
memory_usage_in_bytes: 3571363840
memory_max_usage_in_bytes: 69316608


CPU:total 4 (initial active 4) (2 cores per cpu, 1 threads per core) family 6 model 158 stepping 9, cmov, cx8, fxsr, mmx, sse, sse2, sse3, ssse3, sse4.1, sse4.2, popcnt, avx, avx2, aes, clmul, erms, 3dnowpref, lzcnt, tsc, tscinvbit, bmi1, bmi2, adx

/proc/cpuinfo:
processor	: 0
vendor_id	: GenuineIntel
cpu family	: 6
model		: 158
model name	: Intel(R) Core(TM) i7-7700HQ CPU @ 2.80GHz
stepping	: 9
microcode	: 0xb4
cpu MHz		: 2808.002
cache size	: 6144 KB
physical id	: 0
siblings	: 2
core id		: 0
cpu cores	: 2
apicid		: 0
initial apicid	: 0
fpu		: yes
fpu_exception	: yes
cpuid level	: 22
wp		: yes
flags		: fpu vme de pse tsc msr pae mce cx8 apic sep mtrr pge mca cmov pat pse36 clflush mmx fxsr sse sse2 ss ht syscall nx pdpe1gb rdtscp lm constant_tsc arch_perfmon nopl xtopology tsc_reliable nonstop_tsc cpuid pni pclmulqdq ssse3 fma cx16 pcid sse4_1 sse4_2 x2apic movbe popcnt tsc_deadline_timer aes xsave avx f16c rdrand hypervisor lahf_lm abm 3dnowprefetch cpuid_fault invpcid_single pti ssbd ibrs ibpb stibp fsgsbase tsc_adjust bmi1 avx2 smep bmi2 invpcid mpx rdseed adx smap clflushopt xsaveopt xsavec xsaves arat md_clear flush_l1d arch_capabilities
bugs		: cpu_meltdown spectre_v1 spectre_v2 spec_store_bypass l1tf mds swapgs itlb_multihit
bogomips	: 5616.00
clflush size	: 64
cache_alignment	: 64
address sizes	: 43 bits physical, 48 bits virtual
power management:

processor	: 1
vendor_id	: GenuineIntel
cpu family	: 6
model		: 158
model name	: Intel(R) Core(TM) i7-7700HQ CPU @ 2.80GHz
stepping	: 9
microcode	: 0xb4
cpu MHz		: 2808.002
cache size	: 6144 KB
physical id	: 0
siblings	: 2
core id		: 1
cpu cores	: 2
apicid		: 1
initial apicid	: 1
fpu		: yes
fpu_exception	: yes
cpuid level	: 22
wp		: yes
flags		: fpu vme de pse tsc msr pae mce cx8 apic sep mtrr pge mca cmov pat pse36 clflush mmx fxsr sse sse2 ss ht syscall nx pdpe1gb rdtscp lm constant_tsc arch_perfmon nopl xtopology tsc_reliable nonstop_tsc cpuid pni pclmulqdq ssse3 fma cx16 pcid sse4_1 sse4_2 x2apic movbe popcnt tsc_deadline_timer aes xsave avx f16c rdrand hypervisor lahf_lm abm 3dnowprefetch cpuid_fault invpcid_single pti ssbd ibrs ibpb stibp fsgsbase tsc_adjust bmi1 avx2 smep bmi2 invpcid mpx rdseed adx smap clflushopt xsaveopt xsavec xsaves arat md_clear flush_l1d arch_capabilities
bugs		: cpu_meltdown spectre_v1 spectre_v2 spec_store_bypass l1tf mds swapgs itlb_multihit
bogomips	: 5616.00
clflush size	: 64
cache_alignment	: 64
address sizes	: 43 bits physical, 48 bits virtual
power management:

processor	: 2
vendor_id	: GenuineIntel
cpu family	: 6
model		: 158
model name	: Intel(R) Core(TM) i7-7700HQ CPU @ 2.80GHz
stepping	: 9
microcode	: 0xb4
cpu MHz		: 2808.002
cache size	: 6144 KB
physical id	: 1
siblings	: 2
core id		: 0
cpu cores	: 2
apicid		: 2
initial apicid	: 2
fpu		: yes
fpu_exception	: yes
cpuid level	: 22
wp		: yes
flags		: fpu vme de pse tsc msr pae mce cx8 apic sep mtrr pge mca cmov pat pse36 clflush mmx fxsr sse sse2 ss ht syscall nx pdpe1gb rdtscp lm constant_tsc arch_perfmon nopl xtopology tsc_reliable nonstop_tsc cpuid pni pclmulqdq ssse3 fma cx16 pcid sse4_1 sse4_2 x2apic movbe popcnt tsc_deadline_timer aes xsave avx f16c rdrand hypervisor lahf_lm abm 3dnowprefetch cpuid_fault invpcid_single pti ssbd ibrs ibpb stibp fsgsbase tsc_adjust bmi1 avx2 smep bmi2 invpcid mpx rdseed adx smap clflushopt xsaveopt xsavec xsaves arat md_clear flush_l1d arch_capabilities
bugs		: cpu_meltdown spectre_v1 spectre_v2 spec_store_bypass l1tf mds swapgs itlb_multihit
bogomips	: 5616.00
clflush size	: 64
cache_alignment	: 64
address sizes	: 43 bits physical, 48 bits virtual
power management:

processor	: 3
vendor_id	: GenuineIntel
cpu family	: 6
model		: 158
model name	: Intel(R) Core(TM) i7-7700HQ CPU @ 2.80GHz
stepping	: 9
microcode	: 0xb4
cpu MHz		: 2808.002
cache size	: 6144 KB
physical id	: 1
siblings	: 2
core id		: 1
cpu cores	: 2
apicid		: 3
initial apicid	: 3
fpu		: yes
fpu_exception	: yes
cpuid level	: 22
wp		: yes
flags		: fpu vme de pse tsc msr pae mce cx8 apic sep mtrr pge mca cmov pat pse36 clflush mmx fxsr sse sse2 ss ht syscall nx pdpe1gb rdtscp lm constant_tsc arch_perfmon nopl xtopology tsc_reliable nonstop_tsc cpuid pni pclmulqdq ssse3 fma cx16 pcid sse4_1 sse4_2 x2apic movbe popcnt tsc_deadline_timer aes xsave avx f16c rdrand hypervisor lahf_lm abm 3dnowprefetch cpuid_fault invpcid_single pti ssbd ibrs ibpb stibp fsgsbase tsc_adjust bmi1 avx2 smep bmi2 invpcid mpx rdseed adx smap clflushopt xsaveopt xsavec xsaves arat md_clear flush_l1d arch_capabilities
bugs		: cpu_meltdown spectre_v1 spectre_v2 spec_store_bypass l1tf mds swapgs itlb_multihit
bogomips	: 5616.00
clflush size	: 64
cache_alignment	: 64
address sizes	: 43 bits physical, 48 bits virtual
power management:



Memory: 4k page, physical 4015928k(86540k free), swap 998396k(0k free)

vm_info: Java HotSpot(TM) 64-Bit Server VM (25.201-b09) for linux-amd64 JRE (1.8.0_201-b09), built on Dec 15 2018 11:35:59 by "java_re" with gcc 7.3.0

time: Sun Mar 29 09:46:22 2020
timezone: CST
elapsed time: 39 seconds (0d 0h 0m 39s)

