#
# There is insufficient memory for the Java Runtime Environment to continue.
# Native memory allocation (mmap) failed to map 62914560 bytes for committing reserved memory.
# Possible reasons:
#   The system is out of physical RAM or swap space
#   The process is running with CompressedOops enabled, and the Java Heap may be blocking the growth of the native heap
# Possible solutions:
#   Reduce memory load on the system
#   Increase physical memory or swap space
#   Check if swap backing store is full
#   Decrease Java heap size (-Xmx/-Xms)
#   Decrease number of Java threads
#   Decrease Java thread stack sizes (-Xss)
#   Set larger code cache with -XX:ReservedCodeCacheSize=
#   JVM is running with Unscaled Compressed Oops mode in which the Java heap is
#     placed in the first 4GB address space. The Java Heap base address is the
#     maximum limit for the native heap growth. Please use -XX:HeapBaseMinAddress
#     to set the Java Heap base and to place the Java Heap above 4GB virtual address.
# This output file may be truncated or incomplete.
#
#  Out of Memory Error (os_linux.cpp:2749), pid=89646, tid=0x00007f78743bb700
#
# JRE version: Java(TM) SE Runtime Environment (8.0_201-b09) (build 1.8.0_201-b09)
# Java VM: Java HotSpot(TM) 64-Bit Server VM (25.201-b09 mixed mode linux-amd64 compressed oops)
# Failed to write core dump. Core dumps have been disabled. To enable core dumping, try "ulimit -c unlimited" before starting Java again
#

---------------  T H R E A D  ---------------

Current thread (0x00007f7888140000):  VMThread [stack: 0x00007f78742bb000,0x00007f78743bc000] [id=89700]

Stack: [0x00007f78742bb000,0x00007f78743bc000],  sp=0x00007f78743ba450,  free space=1021k
Native frames: (J=compiled Java code, j=interpreted, Vv=VM code, C=native code)
V  [libjvm.so+0xad3525]  VMError::report_and_die()+0x2e5
V  [libjvm.so+0x4e0457]  report_vm_out_of_memory(char const*, int, unsigned long, VMErrorType, char const*)+0x67
V  [libjvm.so+0x9102f0]  os::pd_commit_memory(char*, unsigned long, unsigned long, bool)+0x100
V  [libjvm.so+0x90791f]  os::commit_memory(char*, unsigned long, unsigned long, bool)+0x1f
V  [libjvm.so+0x98c806]  PSVirtualSpace::expand_by(unsigned long)+0x56
V  [libjvm.so+0x98da98]  PSYoungGen::resize(unsigned long, unsigned long)+0xd8
V  [libjvm.so+0x98a236]  PSScavenge::invoke_no_policy()+0x1376
V  [libjvm.so+0x98a5cc]  PSScavenge::invoke()+0x4c
V  [libjvm.so+0x93a318]  ParallelScavengeHeap::failed_mem_allocate(unsigned long)+0x68
V  [libjvm.so+0xad5073]  VM_ParallelGCFailedAllocation::doit()+0x93
V  [libjvm.so+0xada296]  VM_Operation::evaluate()+0x46
V  [libjvm.so+0xad85cd]  VMThread::evaluate_operation(VM_Operation*) [clone .constprop.44]+0xcd
V  [libjvm.so+0xad8bb3]  VMThread::loop()+0x3a3
V  [libjvm.so+0xad8f88]  VMThread::run()+0x78
V  [libjvm.so+0x90d922]  java_start(Thread*)+0x102

VM_Operation (0x00007f785d8d9b20): ParallelGCFailedAllocation, mode: safepoint, requested by thread 0x00007f7828003000


---------------  P R O C E S S  ---------------

Java Threads: ( => current thread )
  0x00007f7828003000 JavaThread "RMI TCP Connection(3)-127.0.0.1" daemon [_thread_blocked, id=90144, stack(0x00007f785d7e0000,0x00007f785d8e1000)]
  0x00007f7828001000 JavaThread "RMI TCP Connection(2)-127.0.0.1" daemon [_thread_in_native, id=90115, stack(0x00007f785d8e1000,0x00007f785d9e2000)]
  0x00007f7800038000 JavaThread "RMI Scheduler(0)" daemon [_thread_blocked, id=90104, stack(0x00007f785d9e2000,0x00007f785dae3000)]
  0x00007f7800030800 JavaThread "RMI RenewClean-[127.0.0.1:18638]" daemon [_thread_blocked, id=90082, stack(0x00007f785dae3000,0x00007f785dbe4000)]
  0x00007f7824001000 JavaThread "RMI TCP Connection(1)-127.0.0.1" daemon [_thread_in_native, id=90065, stack(0x00007f785dbe4000,0x00007f785dce5000)]
  0x00007f7814005000 JavaThread "pool-3-thread-3" [_thread_in_native, id=90024, stack(0x00007f785dce5000,0x00007f785dde6000)]
  0x00007f7814003000 JavaThread "pool-3-thread-2" [_thread_in_native, id=90022, stack(0x00007f785dde6000,0x00007f785dee7000)]
  0x00007f7814002000 JavaThread "pool-3-thread-1" [_thread_in_native, id=90020, stack(0x00007f785dee7000,0x00007f785dfe8000)]
  0x00007f78883bf800 JavaThread "Thread-3" [_thread_in_native, id=89901, stack(0x00007f785dfe8000,0x00007f785e0e9000)]
  0x00007f78883bd800 JavaThread "Thread-2" [_thread_in_native, id=89892, stack(0x00007f785e0e9000,0x00007f785e1ea000)]
  0x00007f78883bc000 JavaThread "process reaper" daemon [_thread_in_native, id=89879, stack(0x00007f788c003000,0x00007f788c03c000)]
  0x00007f78883b6000 JavaThread "pool-2-thread-1" [_thread_in_native, id=89869, stack(0x00007f785e1ea000,0x00007f785e2eb000)]
  0x00007f78883b4000 JavaThread "GC Daemon" daemon [_thread_blocked, id=89825, stack(0x00007f785e2eb000,0x00007f785e3ec000)]
  0x00007f78883b1800 JavaThread "RMI Reaper" [_thread_blocked, id=89820, stack(0x00007f785e3ec000,0x00007f785e4ed000)]
  0x00007f78883aa800 JavaThread "RMI TCP Accept-9281" daemon [_thread_in_native, id=89815, stack(0x00007f785e4ed000,0x00007f785e5ee000)]
  0x00007f78883a3800 JavaThread "RMI TCP Accept-7333" daemon [_thread_in_native, id=89814, stack(0x00007f785e5ee000,0x00007f785e6ef000)]
  0x00007f78882e1800 JavaThread "logback-3" daemon [_thread_blocked, id=89778, stack(0x00007f785e8ef000,0x00007f785e9f0000)]
  0x00007f78882e0800 JavaThread "logback-2" daemon [_thread_blocked, id=89775, stack(0x00007f785e9f0000,0x00007f785eaf1000)]
  0x00007f78882dc000 JavaThread "logback-1" daemon [_thread_blocked, id=89768, stack(0x00007f785eaf1000,0x00007f785ebf2000)]
  0x00007f7888189000 JavaThread "Service Thread" daemon [_thread_blocked, id=89742, stack(0x00007f785f13c000,0x00007f785f23d000)]
  0x00007f7888186000 JavaThread "C1 CompilerThread2" daemon [_thread_blocked, id=89734, stack(0x00007f785f23d000,0x00007f785f33e000)]
  0x00007f7888184800 JavaThread "C2 CompilerThread1" daemon [_thread_blocked, id=89731, stack(0x00007f785f33e000,0x00007f785f43f000)]
  0x00007f7888181800 JavaThread "C2 CompilerThread0" daemon [_thread_blocked, id=89730, stack(0x00007f785f43f000,0x00007f785f540000)]
  0x00007f7888180000 JavaThread "Signal Dispatcher" daemon [_thread_blocked, id=89728, stack(0x00007f785f540000,0x00007f785f641000)]
  0x00007f788814c000 JavaThread "Finalizer" daemon [_thread_blocked, id=89714, stack(0x00007f78740b9000,0x00007f78741ba000)]
  0x00007f7888149800 JavaThread "Reference Handler" daemon [_thread_blocked, id=89707, stack(0x00007f78741ba000,0x00007f78742bb000)]
  0x00007f788800a800 JavaThread "main" [_thread_in_native, id=89654, stack(0x00007f788e789000,0x00007f788e88a000)]

Other Threads:
=>0x00007f7888140000 VMThread [stack: 0x00007f78742bb000,0x00007f78743bc000] [id=89700]
  0x00007f788818b800 WatcherThread [stack: 0x00007f785f03b000,0x00007f785f13c000] [id=89749]

VM state:at safepoint (normal execution)

VM Mutex/Monitor currently owned by a thread:  ([mutex/lock_event])
[0x00007f7888007070] Threads_lock - owner thread: 0x00007f7888140000
[0x00007f7888007570] Heap_lock - owner thread: 0x00007f7828003000

heap address: 0x00000000c2a00000, size: 982 MB, Compressed Oops mode: 32-bit
Narrow klass base: 0x0000000000000000, Narrow klass shift: 3
Compressed class space size: 1073741824 Address: 0x0000000100000000

Heap:
 PSYoungGen      total 66048K, used 5096K [0x00000000eb900000, 0x00000000f0100000, 0x0000000100000000)
  eden space 60928K, 0% used [0x00000000eb900000,0x00000000eb900000,0x00000000ef480000)
  from space 5120K, 99% used [0x00000000ef480000,0x00000000ef97a258,0x00000000ef980000)
  to   space 2560K, 0% used [0x00000000ef980000,0x00000000ef980000,0x00000000efc00000)
 ParOldGen       total 42496K, used 14297K [0x00000000c2a00000, 0x00000000c5380000, 0x00000000eb900000)
  object space 42496K, 33% used [0x00000000c2a00000,0x00000000c37f64b8,0x00000000c5380000)
 Metaspace       used 13776K, capacity 14126K, committed 14336K, reserved 1062912K
  class space    used 1564K, capacity 1667K, committed 1792K, reserved 1048576K

Card table byte_map: [0x00007f7878201000,0x00007f78783ed000] byte_map_base: 0x00007f7877bec000

Marking Bits: (ParMarkBitMap*) 0x00007f788dc60d80
 Begin Bits: [0x00007f7875f06000, 0x00007f7876e5e000)
 End Bits:   [0x00007f7876e5e000, 0x00007f7877db6000)

Polling page: 0x00007f788e8a5000

CodeCache: size=245760Kb used=6432Kb max_used=6455Kb free=239327Kb
 bounds [0x00007f78787ad000, 0x00007f7878e0d000, 0x00007f78877ad000]
 total_blobs=2166 nmethods=1818 adapters=261
 compilation: enabled

Compilation events (10 events):
Event: 33.560 Thread 0x00007f7888186000 1857       2       org.evosuite.shaded.org.objectweb.asm.tree.analysis.BasicInterpreter::binaryOperation (600 bytes)
Event: 33.561 Thread 0x00007f7888186000 nmethod 1857 0x00007f7878df18d0 code [0x00007f7878df1a60, 0x00007f7878df1ea8]
Event: 33.589 Thread 0x00007f7888184800 nmethod 1667 0x00007f7878df1fd0 code [0x00007f7878df27a0, 0x00007f7878df9578]
Event: 33.589 Thread 0x00007f7888184800 1845       4       java.util.AbstractCollection::addAll (42 bytes)
Event: 33.745 Thread 0x00007f7888184800 nmethod 1845 0x00007f7878dea550 code [0x00007f7878dea820, 0x00007f7878deb950]
Event: 33.745 Thread 0x00007f7888184800 1582       4       org.evosuite.shaded.org.objectweb.asm.Item::isEqualTo (354 bytes)
Event: 33.749 Thread 0x00007f7888184800 nmethod 1582 0x00007f7878de7910 code [0x00007f7878de7c00, 0x00007f7878de86f8]
Event: 33.749 Thread 0x00007f7888184800 1657       4       java.lang.Integer::valueOf (32 bytes)
Event: 33.749 Thread 0x00007f7888184800 nmethod 1657 0x00007f7878de8d90 code [0x00007f7878de8ee0, 0x00007f7878de8fb8]
Event: 33.749 Thread 0x00007f7888184800 1605       4       org.evosuite.graphs.cfg.BytecodeInstruction::explain (149 bytes)

GC Heap History (10 events):
Event: 26.885 GC heap after
Heap after GC invocations=3 (full 1):
 PSYoungGen      total 18432K, used 2535K [0x00000000eb900000, 0x00000000ecd80000, 0x0000000100000000)
  eden space 15872K, 0% used [0x00000000eb900000,0x00000000eb900000,0x00000000ec880000)
  from space 2560K, 99% used [0x00000000ecb00000,0x00000000ecd79c30,0x00000000ecd80000)
  to   space 2560K, 0% used [0x00000000ec880000,0x00000000ec880000,0x00000000ecb00000)
 ParOldGen       total 42496K, used 5936K [0x00000000c2a00000, 0x00000000c5380000, 0x00000000eb900000)
  object space 42496K, 13% used [0x00000000c2a00000,0x00000000c2fcc0e0,0x00000000c5380000)
 Metaspace       used 13144K, capacity 13532K, committed 13824K, reserved 1060864K
  class space    used 1548K, capacity 1664K, committed 1792K, reserved 1048576K
}
Event: 30.523 GC heap before
{Heap before GC invocations=4 (full 1):
 PSYoungGen      total 18432K, used 18407K [0x00000000eb900000, 0x00000000ecd80000, 0x0000000100000000)
  eden space 15872K, 100% used [0x00000000eb900000,0x00000000ec880000,0x00000000ec880000)
  from space 2560K, 99% used [0x00000000ecb00000,0x00000000ecd79c30,0x00000000ecd80000)
  to   space 2560K, 0% used [0x00000000ec880000,0x00000000ec880000,0x00000000ecb00000)
 ParOldGen       total 42496K, used 5936K [0x00000000c2a00000, 0x00000000c5380000, 0x00000000eb900000)
  object space 42496K, 13% used [0x00000000c2a00000,0x00000000c2fcc0e0,0x00000000c5380000)
 Metaspace       used 13523K, capacity 13870K, committed 14080K, reserved 1060864K
  class space    used 1564K, capacity 1667K, committed 1792K, reserved 1048576K
Event: 30.660 GC heap after
Heap after GC invocations=4 (full 1):
 PSYoungGen      total 18432K, used 2528K [0x00000000eb900000, 0x00000000edd00000, 0x0000000100000000)
  eden space 15872K, 0% used [0x00000000eb900000,0x00000000eb900000,0x00000000ec880000)
  from space 2560K, 98% used [0x00000000ec880000,0x00000000ecaf8020,0x00000000ecb00000)
  to   space 2560K, 0% used [0x00000000eda80000,0x00000000eda80000,0x00000000edd00000)
 ParOldGen       total 42496K, used 7125K [0x00000000c2a00000, 0x00000000c5380000, 0x00000000eb900000)
  object space 42496K, 16% used [0x00000000c2a00000,0x00000000c30f54d0,0x00000000c5380000)
 Metaspace       used 13523K, capacity 13870K, committed 14080K, reserved 1060864K
  class space    used 1564K, capacity 1667K, committed 1792K, reserved 1048576K
}
Event: 30.937 GC heap before
{Heap before GC invocations=5 (full 1):
 PSYoungGen      total 18432K, used 18400K [0x00000000eb900000, 0x00000000edd00000, 0x0000000100000000)
  eden space 15872K, 100% used [0x00000000eb900000,0x00000000ec880000,0x00000000ec880000)
  from space 2560K, 98% used [0x00000000ec880000,0x00000000ecaf8020,0x00000000ecb00000)
  to   space 2560K, 0% used [0x00000000eda80000,0x00000000eda80000,0x00000000edd00000)
 ParOldGen       total 42496K, used 7125K [0x00000000c2a00000, 0x00000000c5380000, 0x00000000eb900000)
  object space 42496K, 16% used [0x00000000c2a00000,0x00000000c30f54d0,0x00000000c5380000)
 Metaspace       used 13598K, capacity 13998K, committed 14336K, reserved 1062912K
  class space    used 1564K, capacity 1667K, committed 1792K, reserved 1048576K
Event: 30.981 GC heap after
Heap after GC invocations=5 (full 1):
 PSYoungGen      total 34304K, used 2544K [0x00000000eb900000, 0x00000000edd00000, 0x0000000100000000)
  eden space 31744K, 0% used [0x00000000eb900000,0x00000000eb900000,0x00000000ed800000)
  from space 2560K, 99% used [0x00000000eda80000,0x00000000edcfc010,0x00000000edd00000)
  to   space 2560K, 0% used [0x00000000ed800000,0x00000000ed800000,0x00000000eda80000)
 ParOldGen       total 42496K, used 8283K [0x00000000c2a00000, 0x00000000c5380000, 0x00000000eb900000)
  object space 42496K, 19% used [0x00000000c2a00000,0x00000000c3216d20,0x00000000c5380000)
 Metaspace       used 13598K, capacity 13998K, committed 14336K, reserved 1062912K
  class space    used 1564K, capacity 1667K, committed 1792K, reserved 1048576K
}
Event: 31.421 GC heap before
{Heap before GC invocations=6 (full 1):
 PSYoungGen      total 34304K, used 34288K [0x00000000eb900000, 0x00000000edd00000, 0x0000000100000000)
  eden space 31744K, 100% used [0x00000000eb900000,0x00000000ed800000,0x00000000ed800000)
  from space 2560K, 99% used [0x00000000eda80000,0x00000000edcfc010,0x00000000edd00000)
  to   space 2560K, 0% used [0x00000000ed800000,0x00000000ed800000,0x00000000eda80000)
 ParOldGen       total 42496K, used 8283K [0x00000000c2a00000, 0x00000000c5380000, 0x00000000eb900000)
  object space 42496K, 19% used [0x00000000c2a00000,0x00000000c3216d20,0x00000000c5380000)
 Metaspace       used 13687K, capacity 14062K, committed 14336K, reserved 1062912K
  class space    used 1564K, capacity 1667K, committed 1792K, reserved 1048576K
Event: 31.432 GC heap after
Heap after GC invocations=6 (full 1):
 PSYoungGen      total 34304K, used 2544K [0x00000000eb900000, 0x00000000efc00000, 0x0000000100000000)
  eden space 31744K, 0% used [0x00000000eb900000,0x00000000eb900000,0x00000000ed800000)
  from space 2560K, 99% used [0x00000000ed800000,0x00000000eda7c060,0x00000000eda80000)
  to   space 2560K, 0% used [0x00000000ef980000,0x00000000ef980000,0x00000000efc00000)
 ParOldGen       total 42496K, used 10311K [0x00000000c2a00000, 0x00000000c5380000, 0x00000000eb900000)
  object space 42496K, 24% used [0x00000000c2a00000,0x00000000c3411d40,0x00000000c5380000)
 Metaspace       used 13687K, capacity 14062K, committed 14336K, reserved 1062912K
  class space    used 1564K, capacity 1667K, committed 1792K, reserved 1048576K
}
Event: 32.211 GC heap before
{Heap before GC invocations=7 (full 1):
 PSYoungGen      total 34304K, used 34288K [0x00000000eb900000, 0x00000000efc00000, 0x0000000100000000)
  eden space 31744K, 100% used [0x00000000eb900000,0x00000000ed800000,0x00000000ed800000)
  from space 2560K, 99% used [0x00000000ed800000,0x00000000eda7c060,0x00000000eda80000)
  to   space 2560K, 0% used [0x00000000ef980000,0x00000000ef980000,0x00000000efc00000)
 ParOldGen       total 42496K, used 10311K [0x00000000c2a00000, 0x00000000c5380000, 0x00000000eb900000)
  object space 42496K, 24% used [0x00000000c2a00000,0x00000000c3411d40,0x00000000c5380000)
 Metaspace       used 13744K, capacity 14126K, committed 14336K, reserved 1062912K
  class space    used 1564K, capacity 1667K, committed 1792K, reserved 1048576K
Event: 32.350 GC heap after
Heap after GC invocations=7 (full 1):
 PSYoungGen      total 63488K, used 2528K [0x00000000eb900000, 0x00000000f0100000, 0x0000000100000000)
  eden space 60928K, 0% used [0x00000000eb900000,0x00000000eb900000,0x00000000ef480000)
  from space 2560K, 98% used [0x00000000ef980000,0x00000000efbf80a0,0x00000000efc00000)
  to   space 5120K, 0% used [0x00000000ef480000,0x00000000ef480000,0x00000000ef980000)
 ParOldGen       total 42496K, used 12400K [0x00000000c2a00000, 0x00000000c5380000, 0x00000000eb900000)
  object space 42496K, 29% used [0x00000000c2a00000,0x00000000c361c140,0x00000000c5380000)
 Metaspace       used 13744K, capacity 14126K, committed 14336K, reserved 1062912K
  class space    used 1564K, capacity 1667K, committed 1792K, reserved 1048576K
}
Event: 33.863 GC heap before
{Heap before GC invocations=8 (full 1):
 PSYoungGen      total 63488K, used 63456K [0x00000000eb900000, 0x00000000f0100000, 0x0000000100000000)
  eden space 60928K, 100% used [0x00000000eb900000,0x00000000ef480000,0x00000000ef480000)
  from space 2560K, 98% used [0x00000000ef980000,0x00000000efbf80a0,0x00000000efc00000)
  to   space 5120K, 0% used [0x00000000ef480000,0x00000000ef480000,0x00000000ef980000)
 ParOldGen       total 42496K, used 12400K [0x00000000c2a00000, 0x00000000c5380000, 0x00000000eb900000)
  object space 42496K, 29% used [0x00000000c2a00000,0x00000000c361c140,0x00000000c5380000)
 Metaspace       used 13776K, capacity 14126K, committed 14336K, reserved 1062912K
  class space    used 1564K, capacity 1667K, committed 1792K, reserved 1048576K

Deoptimization events (10 events):
Event: 25.534 Thread 0x00007f7828003000 Uncommon trap: reason=class_check action=maybe_recompile pc=0x00007f7878b68b38 method=java.util.HashMap.putVal(ILjava/lang/Object;Ljava/lang/Object;ZZ)Ljava/lang/Object; @ 203
Event: 25.768 Thread 0x00007f7828003000 Uncommon trap: reason=uninitialized action=reinterpret pc=0x00007f7878b5caa0 method=java.io.ObjectInputStream$HandleTable.markDependency(II)V @ 110
Event: 26.780 Thread 0x00007f7828003000 Uncommon trap: reason=unstable_if action=reinterpret pc=0x00007f787899a9b0 method=java.lang.AbstractStringBuilder.append(Ljava/lang/String;)Ljava/lang/AbstractStringBuilder; @ 1
Event: 26.864 Thread 0x00007f7828003000 Uncommon trap: reason=unstable_if action=reinterpret pc=0x00007f7878990fac method=java.lang.AbstractStringBuilder.append(Ljava/lang/String;)Ljava/lang/AbstractStringBuilder; @ 1
Event: 27.265 Thread 0x00007f7828003000 Uncommon trap: reason=bimorphic action=maybe_recompile pc=0x00007f7878bb99d8 method=java.util.HashMap.putVal(ILjava/lang/Object;Ljava/lang/Object;ZZ)Ljava/lang/Object; @ 203
Event: 27.265 Thread 0x00007f7828003000 Uncommon trap: reason=bimorphic action=maybe_recompile pc=0x00007f7878bb99d8 method=java.util.HashMap.putVal(ILjava/lang/Object;Ljava/lang/Object;ZZ)Ljava/lang/Object; @ 203
Event: 32.496 Thread 0x00007f7828003000 Uncommon trap: reason=bimorphic action=maybe_recompile pc=0x00007f7878c84c7c method=java.util.AbstractCollection.addAll(Ljava/util/Collection;)Z @ 3
Event: 32.497 Thread 0x00007f7828003000 Uncommon trap: reason=bimorphic action=maybe_recompile pc=0x00007f7878c84c7c method=java.util.AbstractCollection.addAll(Ljava/util/Collection;)Z @ 3
Event: 32.497 Thread 0x00007f7828003000 Uncommon trap: reason=bimorphic action=maybe_recompile pc=0x00007f7878c84c7c method=java.util.AbstractCollection.addAll(Ljava/util/Collection;)Z @ 3
Event: 32.497 Thread 0x00007f7828003000 Uncommon trap: reason=bimorphic action=maybe_recompile pc=0x00007f7878c84c7c method=java.util.AbstractCollection.addAll(Ljava/util/Collection;)Z @ 3

Classes redefined (0 events):
No events

Internal exceptions (10 events):
Event: 11.370 Thread 0x00007f78882e1800 Exception <a 'java/net/ConnectException'> (0x00000000ebbedd10) thrown at [/HUDSON/workspace/8-2-build-linux-amd64/jdk8u201/12317/hotspot/src/share/vm/prims/jni.cpp, line 709]
Event: 21.341 Thread 0x00007f78882dc000 Exception <a 'java/net/ConnectException'> (0x00000000ebb9f0e8) thrown at [/HUDSON/workspace/8-2-build-linux-amd64/jdk8u201/12317/hotspot/src/share/vm/prims/jni.cpp, line 709]
Event: 21.346 Thread 0x00007f78882e0800 Exception <a 'java/net/ConnectException'> (0x00000000ebbc6c90) thrown at [/HUDSON/workspace/8-2-build-linux-amd64/jdk8u201/12317/hotspot/src/share/vm/prims/jni.cpp, line 709]
Event: 21.371 Thread 0x00007f78882e1800 Exception <a 'java/net/ConnectException'> (0x00000000ebbee838) thrown at [/HUDSON/workspace/8-2-build-linux-amd64/jdk8u201/12317/hotspot/src/share/vm/prims/jni.cpp, line 709]
Event: 25.599 Thread 0x00007f7828003000 Exception <a 'java/lang/NoSuchMethodError': <clinit>> (0x00000000ec3ee038) thrown at [/HUDSON/workspace/8-2-build-linux-amd64/jdk8u201/12317/hotspot/src/share/vm/prims/jni.cpp, line 1613]
Event: 26.780 Thread 0x00007f7828003000 Implicit null exception at 0x00007f787899a5f5 to 0x00007f787899a99d
Event: 26.864 Thread 0x00007f7828003000 Implicit null exception at 0x00007f7878990bb4 to 0x00007f7878990f95
Event: 31.546 Thread 0x00007f78882dc000 Exception <a 'java/net/ConnectException'> (0x00000000ebccde68) thrown at [/HUDSON/workspace/8-2-build-linux-amd64/jdk8u201/12317/hotspot/src/share/vm/prims/jni.cpp, line 709]
Event: 31.546 Thread 0x00007f78882e1800 Exception <a 'java/net/ConnectException'> (0x00000000ebcef708) thrown at [/HUDSON/workspace/8-2-build-linux-amd64/jdk8u201/12317/hotspot/src/share/vm/prims/jni.cpp, line 709]
Event: 31.546 Thread 0x00007f78882e0800 Exception <a 'java/net/ConnectException'> (0x00000000ebd10fa8) thrown at [/HUDSON/workspace/8-2-build-linux-amd64/jdk8u201/12317/hotspot/src/share/vm/prims/jni.cpp, line 709]

Events (10 events):
Event: 33.124 Thread 0x00007f7828003000 DEOPT UNPACKING pc=0x00007f78787f4784 sp=0x00007f785d8d9ca8 mode 0
Event: 33.171 Thread 0x00007f7828003000 DEOPT PACKING pc=0x00007f7878dc4c84 sp=0x00007f785d8d9ea0
Event: 33.171 Thread 0x00007f7828003000 DEOPT UNPACKING pc=0x00007f78787f4784 sp=0x00007f785d8d9bd8 mode 0
Event: 33.375 Thread 0x00007f7828003000 DEOPT PACKING pc=0x00007f7878dc4c84 sp=0x00007f785d8d9f70
Event: 33.375 Thread 0x00007f7828003000 DEOPT UNPACKING pc=0x00007f78787f4784 sp=0x00007f785d8d9ca8 mode 0
Event: 33.455 Thread 0x00007f7828003000 DEOPT PACKING pc=0x00007f7878dc4c84 sp=0x00007f785d8d9f70
Event: 33.455 Thread 0x00007f7828003000 DEOPT UNPACKING pc=0x00007f78787f4784 sp=0x00007f785d8d9ca8 mode 0
Event: 33.563 Thread 0x00007f7828003000 DEOPT PACKING pc=0x00007f7878dc4c84 sp=0x00007f785d8d9ea0
Event: 33.563 Thread 0x00007f7828003000 DEOPT UNPACKING pc=0x00007f78787f4784 sp=0x00007f785d8d9bd8 mode 0
Event: 33.863 Executing VM operation: ParallelGCFailedAllocation


Dynamic libraries:
00400000-00401000 r-xp 00000000 08:01 654793                             /usr/lib/jdk/jdk1.8.0_201/bin/java
00600000-00601000 r--p 00000000 08:01 654793                             /usr/lib/jdk/jdk1.8.0_201/bin/java
00601000-00602000 rw-p 00001000 08:01 654793                             /usr/lib/jdk/jdk1.8.0_201/bin/java
01042000-01084000 rw-p 00000000 00:00 0                                  [heap]
c2a00000-c5380000 rw-p 00000000 00:00 0 
c5380000-eb900000 ---p 00000000 00:00 0 
eb900000-f0100000 rw-p 00000000 00:00 0 
f3d00000-100000000 ---p 00000000 00:00 0 
100000000-1001c0000 rw-p 00000000 00:00 0 
1001c0000-140000000 ---p 00000000 00:00 0 
7f77f4000000-7f77f4021000 rw-p 00000000 00:00 0 
7f77f4021000-7f77f8000000 ---p 00000000 00:00 0 
7f77f8000000-7f77f827a000 rw-p 00000000 00:00 0 
7f77f827a000-7f77fc000000 ---p 00000000 00:00 0 
7f77fc000000-7f77fc021000 rw-p 00000000 00:00 0 
7f77fc021000-7f7800000000 ---p 00000000 00:00 0 
7f7800000000-7f780003b000 rw-p 00000000 00:00 0 
7f780003b000-7f7804000000 ---p 00000000 00:00 0 
7f7804000000-7f7804021000 rw-p 00000000 00:00 0 
7f7804021000-7f7808000000 ---p 00000000 00:00 0 
7f7808000000-7f7808021000 rw-p 00000000 00:00 0 
7f7808021000-7f780c000000 ---p 00000000 00:00 0 
7f780c000000-7f780c021000 rw-p 00000000 00:00 0 
7f780c021000-7f7810000000 ---p 00000000 00:00 0 
7f7810000000-7f7810021000 rw-p 00000000 00:00 0 
7f7810021000-7f7814000000 ---p 00000000 00:00 0 
7f7814000000-7f7814021000 rw-p 00000000 00:00 0 
7f7814021000-7f7818000000 ---p 00000000 00:00 0 
7f7818000000-7f7818021000 rw-p 00000000 00:00 0 
7f7818021000-7f781c000000 ---p 00000000 00:00 0 
7f781c000000-7f781c021000 rw-p 00000000 00:00 0 
7f781c021000-7f7820000000 ---p 00000000 00:00 0 
7f7820000000-7f7820021000 rw-p 00000000 00:00 0 
7f7820021000-7f7824000000 ---p 00000000 00:00 0 
7f7824000000-7f7824021000 rw-p 00000000 00:00 0 
7f7824021000-7f7828000000 ---p 00000000 00:00 0 
7f7828000000-7f7828021000 rw-p 00000000 00:00 0 
7f7828021000-7f782c000000 ---p 00000000 00:00 0 
7f782c000000-7f782c021000 rw-p 00000000 00:00 0 
7f782c021000-7f7830000000 ---p 00000000 00:00 0 
7f7830000000-7f7830021000 rw-p 00000000 00:00 0 
7f7830021000-7f7834000000 ---p 00000000 00:00 0 
7f7834000000-7f7834021000 rw-p 00000000 00:00 0 
7f7834021000-7f7838000000 ---p 00000000 00:00 0 
7f7838fff000-7f783c000000 rw-p 00000000 00:00 0 
7f783c000000-7f783c021000 rw-p 00000000 00:00 0 
7f783c021000-7f7840000000 ---p 00000000 00:00 0 
7f7840000000-7f7840021000 rw-p 00000000 00:00 0 
7f7840021000-7f7844000000 ---p 00000000 00:00 0 
7f7844000000-7f784510e000 rw-p 00000000 00:00 0 
7f784510e000-7f7848000000 ---p 00000000 00:00 0 
7f7848000000-7f7848ea1000 rw-p 00000000 00:00 0 
7f7848ea1000-7f784c000000 ---p 00000000 00:00 0 
7f784c000000-7f784c021000 rw-p 00000000 00:00 0 
7f784c021000-7f7850000000 ---p 00000000 00:00 0 
7f7850000000-7f7850a1a000 rw-p 00000000 00:00 0 
7f7850a1a000-7f7854000000 ---p 00000000 00:00 0 
7f7854000000-7f7854021000 rw-p 00000000 00:00 0 
7f7854021000-7f7858000000 ---p 00000000 00:00 0 
7f7858000000-7f7858021000 rw-p 00000000 00:00 0 
7f7858021000-7f785c000000 ---p 00000000 00:00 0 
7f785d125000-7f785d165000 rw-p 00000000 00:00 0 
7f785d165000-7f785d325000 ---p 00000000 00:00 0 
7f785d5e0000-7f785d7e0000 rw-p 00000000 00:00 0 
7f785d7e0000-7f785d7e3000 ---p 00000000 00:00 0 
7f785d7e3000-7f785d8e1000 rw-p 00000000 00:00 0 
7f785d8e1000-7f785d8e4000 ---p 00000000 00:00 0 
7f785d8e4000-7f785d9e2000 rw-p 00000000 00:00 0 
7f785d9e2000-7f785d9e5000 ---p 00000000 00:00 0 
7f785d9e5000-7f785dae3000 rw-p 00000000 00:00 0 
7f785dae3000-7f785dae6000 ---p 00000000 00:00 0 
7f785dae6000-7f785dbe4000 rw-p 00000000 00:00 0 
7f785dbe4000-7f785dbe7000 ---p 00000000 00:00 0 
7f785dbe7000-7f785dce5000 rw-p 00000000 00:00 0 
7f785dce5000-7f785dce8000 ---p 00000000 00:00 0 
7f785dce8000-7f785dde6000 rw-p 00000000 00:00 0 
7f785dde6000-7f785dde9000 ---p 00000000 00:00 0 
7f785dde9000-7f785dee7000 rw-p 00000000 00:00 0 
7f785dee7000-7f785deea000 ---p 00000000 00:00 0 
7f785deea000-7f785dfe8000 rw-p 00000000 00:00 0 
7f785dfe8000-7f785dfeb000 ---p 00000000 00:00 0 
7f785dfeb000-7f785e0e9000 rw-p 00000000 00:00 0 
7f785e0e9000-7f785e0ec000 ---p 00000000 00:00 0 
7f785e0ec000-7f785e1ea000 rw-p 00000000 00:00 0 
7f785e1ea000-7f785e1ed000 ---p 00000000 00:00 0 
7f785e1ed000-7f785e2eb000 rw-p 00000000 00:00 0 
7f785e2eb000-7f785e2ee000 ---p 00000000 00:00 0 
7f785e2ee000-7f785e3ec000 rw-p 00000000 00:00 0 
7f785e3ec000-7f785e3ef000 ---p 00000000 00:00 0 
7f785e3ef000-7f785e4ed000 rw-p 00000000 00:00 0 
7f785e4ed000-7f785e4f0000 ---p 00000000 00:00 0 
7f785e4f0000-7f785e5ee000 rw-p 00000000 00:00 0 
7f785e5ee000-7f785e5f1000 ---p 00000000 00:00 0 
7f785e5f1000-7f785e8ef000 rw-p 00000000 00:00 0 
7f785e8ef000-7f785e8f2000 ---p 00000000 00:00 0 
7f785e8f2000-7f785e9f0000 rw-p 00000000 00:00 0 
7f785e9f0000-7f785e9f3000 ---p 00000000 00:00 0 
7f785e9f3000-7f785eaf1000 rw-p 00000000 00:00 0 
7f785eaf1000-7f785eaf4000 ---p 00000000 00:00 0 
7f785eaf4000-7f785ebf2000 rw-p 00000000 00:00 0 
7f785ebf2000-7f785ec08000 r-xp 00000000 08:01 656512                     /usr/lib/jdk/jdk1.8.0_201/jre/lib/amd64/libnet.so
7f785ec08000-7f785ee08000 ---p 00016000 08:01 656512                     /usr/lib/jdk/jdk1.8.0_201/jre/lib/amd64/libnet.so
7f785ee08000-7f785ee09000 r--p 00016000 08:01 656512                     /usr/lib/jdk/jdk1.8.0_201/jre/lib/amd64/libnet.so
7f785ee09000-7f785ee0a000 rw-p 00017000 08:01 656512                     /usr/lib/jdk/jdk1.8.0_201/jre/lib/amd64/libnet.so
7f785ee0a000-7f785f03b000 r--s 01bb1000 08:01 403225                     /home/hewitt/work/DiffTGen-master/lib/evosuite-1.0.6.jar
7f785f03b000-7f785f03c000 ---p 00000000 00:00 0 
7f785f03c000-7f785f13c000 rw-p 00000000 00:00 0 
7f785f13c000-7f785f13f000 ---p 00000000 00:00 0 
7f785f13f000-7f785f23d000 rw-p 00000000 00:00 0 
7f785f23d000-7f785f240000 ---p 00000000 00:00 0 
7f785f240000-7f785f33e000 rw-p 00000000 00:00 0 
7f785f33e000-7f785f341000 ---p 00000000 00:00 0 
7f785f341000-7f785f43f000 rw-p 00000000 00:00 0 
7f785f43f000-7f785f442000 ---p 00000000 00:00 0 
7f785f442000-7f785f540000 rw-p 00000000 00:00 0 
7f785f540000-7f785f543000 ---p 00000000 00:00 0 
7f785f543000-7f785f641000 rw-p 00000000 00:00 0 
7f785f641000-7f7860000000 r--p 00000000 08:01 270368                     /usr/lib/locale/locale-archive
7f7860000000-7f7860021000 rw-p 00000000 00:00 0 
7f7860021000-7f7864000000 ---p 00000000 00:00 0 
7f7864000000-7f786429b000 rw-p 00000000 00:00 0 
7f786429b000-7f7868000000 ---p 00000000 00:00 0 
7f7868000000-7f7868021000 rw-p 00000000 00:00 0 
7f7868021000-7f786c000000 ---p 00000000 00:00 0 
7f786c000000-7f786c021000 rw-p 00000000 00:00 0 
7f786c021000-7f7870000000 ---p 00000000 00:00 0 
7f7870000000-7f7870021000 rw-p 00000000 00:00 0 
7f7870021000-7f7874000000 ---p 00000000 00:00 0 
7f7874036000-7f7874040000 r--s 00116000 08:01 656361                     /usr/lib/jdk/jdk1.8.0_201/jre/lib/ext/localedata.jar
7f7874040000-7f78740b9000 r--s 010fd000 08:01 654900                     /usr/lib/jdk/jdk1.8.0_201/lib/tools.jar
7f78740b9000-7f78740bc000 ---p 00000000 00:00 0 
7f78740bc000-7f78741ba000 rw-p 00000000 00:00 0 
7f78741ba000-7f78741bd000 ---p 00000000 00:00 0 
7f78741bd000-7f78742bb000 rw-p 00000000 00:00 0 
7f78742bb000-7f78742bc000 ---p 00000000 00:00 0 
7f78742bc000-7f78752cb000 rw-p 00000000 00:00 0 
7f78752cb000-7f78754a5000 r--s 03d6f000 08:01 656293                     /usr/lib/jdk/jdk1.8.0_201/jre/lib/rt.jar
7f78754a5000-7f7877db6000 rw-p 00000000 00:00 0 
7f7877db6000-7f7877db7000 ---p 00000000 00:00 0 
7f7877db7000-7f7877eb7000 rw-p 00000000 00:00 0 
7f7877eb7000-7f7877eb8000 ---p 00000000 00:00 0 
7f7877eb8000-7f7877fb8000 rw-p 00000000 00:00 0 
7f7877fb8000-7f7877fb9000 ---p 00000000 00:00 0 
7f7877fb9000-7f78780ce000 rw-p 00000000 00:00 0 
7f78780ce000-7f7878201000 ---p 00000000 00:00 0 
7f7878201000-7f7878216000 rw-p 00000000 00:00 0 
7f7878216000-7f7878348000 ---p 00000000 00:00 0 
7f7878348000-7f787836d000 rw-p 00000000 00:00 0 
7f787836d000-7f78783ec000 ---p 00000000 00:00 0 
7f78783ec000-7f7878407000 rw-p 00000000 00:00 0 
7f7878407000-7f78787ad000 ---p 00000000 00:00 0 
7f78787ad000-7f7878e0d000 rwxp 00000000 00:00 0 
7f7878e0d000-7f78877ad000 ---p 00000000 00:00 0 
7f78877ad000-7f78877c8000 r-xp 00000000 08:01 656508                     /usr/lib/jdk/jdk1.8.0_201/jre/lib/amd64/libzip.so
7f78877c8000-7f78879c7000 ---p 0001b000 08:01 656508                     /usr/lib/jdk/jdk1.8.0_201/jre/lib/amd64/libzip.so
7f78879c7000-7f78879c8000 r--p 0001a000 08:01 656508                     /usr/lib/jdk/jdk1.8.0_201/jre/lib/amd64/libzip.so
7f78879c8000-7f78879c9000 rw-p 0001b000 08:01 656508                     /usr/lib/jdk/jdk1.8.0_201/jre/lib/amd64/libzip.so
7f78879c9000-7f78879d4000 r-xp 00000000 08:01 658902                     /lib/x86_64-linux-gnu/libnss_files-2.23.so
7f78879d4000-7f7887bd3000 ---p 0000b000 08:01 658902                     /lib/x86_64-linux-gnu/libnss_files-2.23.so
7f7887bd3000-7f7887bd4000 r--p 0000a000 08:01 658902                     /lib/x86_64-linux-gnu/libnss_files-2.23.so
7f7887bd4000-7f7887bd5000 rw-p 0000b000 08:01 658902                     /lib/x86_64-linux-gnu/libnss_files-2.23.so
7f7887bd5000-7f7887bdb000 rw-p 00000000 00:00 0 
7f7887bdb000-7f7887be6000 r-xp 00000000 08:01 658912                     /lib/x86_64-linux-gnu/libnss_nis-2.23.so
7f7887be6000-7f7887de5000 ---p 0000b000 08:01 658912                     /lib/x86_64-linux-gnu/libnss_nis-2.23.so
7f7887de5000-7f7887de6000 r--p 0000a000 08:01 658912                     /lib/x86_64-linux-gnu/libnss_nis-2.23.so
7f7887de6000-7f7887de7000 rw-p 0000b000 08:01 658912                     /lib/x86_64-linux-gnu/libnss_nis-2.23.so
7f7887de7000-7f7887dfd000 r-xp 00000000 08:01 658896                     /lib/x86_64-linux-gnu/libnsl-2.23.so
7f7887dfd000-7f7887ffc000 ---p 00016000 08:01 658896                     /lib/x86_64-linux-gnu/libnsl-2.23.so
7f7887ffc000-7f7887ffd000 r--p 00015000 08:01 658896                     /lib/x86_64-linux-gnu/libnsl-2.23.so
7f7887ffd000-7f7887ffe000 rw-p 00016000 08:01 658896                     /lib/x86_64-linux-gnu/libnsl-2.23.so
7f7887ffe000-7f7888000000 rw-p 00000000 00:00 0 
7f7888000000-7f78884bf000 rw-p 00000000 00:00 0 
7f78884bf000-7f788c000000 ---p 00000000 00:00 0 
7f788c003000-7f788c006000 ---p 00000000 00:00 0 
7f788c006000-7f788c03c000 rw-p 00000000 00:00 0 
7f788c03c000-7f788c03d000 ---p 00000000 00:00 0 
7f788c03d000-7f788c13d000 rw-p 00000000 00:00 0 
7f788c13d000-7f788c145000 r-xp 00000000 08:01 658898                     /lib/x86_64-linux-gnu/libnss_compat-2.23.so
7f788c145000-7f788c344000 ---p 00008000 08:01 658898                     /lib/x86_64-linux-gnu/libnss_compat-2.23.so
7f788c344000-7f788c345000 r--p 00007000 08:01 658898                     /lib/x86_64-linux-gnu/libnss_compat-2.23.so
7f788c345000-7f788c346000 rw-p 00008000 08:01 658898                     /lib/x86_64-linux-gnu/libnss_compat-2.23.so
7f788c346000-7f788c372000 r-xp 00000000 08:01 656502                     /usr/lib/jdk/jdk1.8.0_201/jre/lib/amd64/libjava.so
7f788c372000-7f788c572000 ---p 0002c000 08:01 656502                     /usr/lib/jdk/jdk1.8.0_201/jre/lib/amd64/libjava.so
7f788c572000-7f788c573000 r--p 0002c000 08:01 656502                     /usr/lib/jdk/jdk1.8.0_201/jre/lib/amd64/libjava.so
7f788c573000-7f788c575000 rw-p 0002d000 08:01 656502                     /usr/lib/jdk/jdk1.8.0_201/jre/lib/amd64/libjava.so
7f788c575000-7f788c582000 r-xp 00000000 08:01 656507                     /usr/lib/jdk/jdk1.8.0_201/jre/lib/amd64/libverify.so
7f788c582000-7f788c781000 ---p 0000d000 08:01 656507                     /usr/lib/jdk/jdk1.8.0_201/jre/lib/amd64/libverify.so
7f788c781000-7f788c783000 r--p 0000c000 08:01 656507                     /usr/lib/jdk/jdk1.8.0_201/jre/lib/amd64/libverify.so
7f788c783000-7f788c784000 rw-p 0000e000 08:01 656507                     /usr/lib/jdk/jdk1.8.0_201/jre/lib/amd64/libverify.so
7f788c784000-7f788c78b000 r-xp 00000000 08:01 658957                     /lib/x86_64-linux-gnu/librt-2.23.so
7f788c78b000-7f788c98a000 ---p 00007000 08:01 658957                     /lib/x86_64-linux-gnu/librt-2.23.so
7f788c98a000-7f788c98b000 r--p 00006000 08:01 658957                     /lib/x86_64-linux-gnu/librt-2.23.so
7f788c98b000-7f788c98c000 rw-p 00007000 08:01 658957                     /lib/x86_64-linux-gnu/librt-2.23.so
7f788c98c000-7f788ca94000 r-xp 00000000 08:01 658873                     /lib/x86_64-linux-gnu/libm-2.23.so
7f788ca94000-7f788cc93000 ---p 00108000 08:01 658873                     /lib/x86_64-linux-gnu/libm-2.23.so
7f788cc93000-7f788cc94000 r--p 00107000 08:01 658873                     /lib/x86_64-linux-gnu/libm-2.23.so
7f788cc94000-7f788cc95000 rw-p 00108000 08:01 658873                     /lib/x86_64-linux-gnu/libm-2.23.so
7f788cc95000-7f788d97d000 r-xp 00000000 08:01 656484                     /usr/lib/jdk/jdk1.8.0_201/jre/lib/amd64/server/libjvm.so
7f788d97d000-7f788db7c000 ---p 00ce8000 08:01 656484                     /usr/lib/jdk/jdk1.8.0_201/jre/lib/amd64/server/libjvm.so
7f788db7c000-7f788dc12000 r--p 00ce7000 08:01 656484                     /usr/lib/jdk/jdk1.8.0_201/jre/lib/amd64/server/libjvm.so
7f788dc12000-7f788dc43000 rw-p 00d7d000 08:01 656484                     /usr/lib/jdk/jdk1.8.0_201/jre/lib/amd64/server/libjvm.so
7f788dc43000-7f788dc7e000 rw-p 00000000 00:00 0 
7f788dc7e000-7f788de3e000 r-xp 00000000 08:01 658803                     /lib/x86_64-linux-gnu/libc-2.23.so
7f788de3e000-7f788e03e000 ---p 001c0000 08:01 658803                     /lib/x86_64-linux-gnu/libc-2.23.so
7f788e03e000-7f788e042000 r--p 001c0000 08:01 658803                     /lib/x86_64-linux-gnu/libc-2.23.so
7f788e042000-7f788e044000 rw-p 001c4000 08:01 658803                     /lib/x86_64-linux-gnu/libc-2.23.so
7f788e044000-7f788e048000 rw-p 00000000 00:00 0 
7f788e048000-7f788e04b000 r-xp 00000000 08:01 658827                     /lib/x86_64-linux-gnu/libdl-2.23.so
7f788e04b000-7f788e24a000 ---p 00003000 08:01 658827                     /lib/x86_64-linux-gnu/libdl-2.23.so
7f788e24a000-7f788e24b000 r--p 00002000 08:01 658827                     /lib/x86_64-linux-gnu/libdl-2.23.so
7f788e24b000-7f788e24c000 rw-p 00003000 08:01 658827                     /lib/x86_64-linux-gnu/libdl-2.23.so
7f788e24c000-7f788e263000 r-xp 00000000 08:01 656155                     /usr/lib/jdk/jdk1.8.0_201/lib/amd64/jli/libjli.so
7f788e263000-7f788e462000 ---p 00017000 08:01 656155                     /usr/lib/jdk/jdk1.8.0_201/lib/amd64/jli/libjli.so
7f788e462000-7f788e463000 r--p 00016000 08:01 656155                     /usr/lib/jdk/jdk1.8.0_201/lib/amd64/jli/libjli.so
7f788e463000-7f788e464000 rw-p 00017000 08:01 656155                     /usr/lib/jdk/jdk1.8.0_201/lib/amd64/jli/libjli.so
7f788e464000-7f788e47c000 r-xp 00000000 08:01 658949                     /lib/x86_64-linux-gnu/libpthread-2.23.so
7f788e47c000-7f788e67b000 ---p 00018000 08:01 658949                     /lib/x86_64-linux-gnu/libpthread-2.23.so
7f788e67b000-7f788e67c000 r--p 00017000 08:01 658949                     /lib/x86_64-linux-gnu/libpthread-2.23.so
7f788e67c000-7f788e67d000 rw-p 00018000 08:01 658949                     /lib/x86_64-linux-gnu/libpthread-2.23.so
7f788e67d000-7f788e681000 rw-p 00000000 00:00 0 
7f788e681000-7f788e6a7000 r-xp 00000000 08:01 658775                     /lib/x86_64-linux-gnu/ld-2.23.so
7f788e6ab000-7f788e6c7000 r--s 00393000 08:01 656354                     /usr/lib/jdk/jdk1.8.0_201/jre/lib/ext/cldrdata.jar
7f788e6c7000-7f788e6cb000 r--s 000a1000 08:01 656350                     /usr/lib/jdk/jdk1.8.0_201/jre/lib/jsse.jar
7f788e6cb000-7f788e789000 rw-p 00000000 00:00 0 
7f788e789000-7f788e78c000 ---p 00000000 00:00 0 
7f788e78c000-7f788e88f000 rw-p 00000000 00:00 0 
7f788e88f000-7f788e897000 r--s 0006e000 08:01 398946                     /home/hewitt/work/DiffTGen-master/lib/commons-lang3-3.5.jar
7f788e897000-7f788e898000 r--s 00000000 08:01 398951                     /home/hewitt/work/DiffTGen-master/lib/myprinter.jar
7f788e898000-7f788e89c000 r--s 00039000 08:01 962627                     /home/hewitt/work/DiffTGen-master/output/patch6-Lang-59-CapGen-plausible/Lang_59_6-plausible_capgen/target/build/classes/all0.jar
7f788e89c000-7f788e8a4000 rw-s 00000000 08:01 151321                     /tmp/hsperfdata_hewitt/89646
7f788e8a4000-7f788e8a5000 rw-p 00000000 00:00 0 
7f788e8a5000-7f788e8a6000 ---p 00000000 00:00 0 
7f788e8a6000-7f788e8a7000 r--p 00025000 08:01 658775                     /lib/x86_64-linux-gnu/ld-2.23.so
7f788e8a7000-7f788e8a8000 rw-p 00026000 08:01 658775                     /lib/x86_64-linux-gnu/ld-2.23.so
7f788e8a8000-7f788e8a9000 rw-p 00000000 00:00 0 
7ffe82aa2000-7ffe82ac4000 rw-p 00000000 00:00 0                          [stack]
7ffe82b7c000-7ffe82b7f000 r--p 00000000 00:00 0                          [vvar]
7ffe82b7f000-7ffe82b81000 r-xp 00000000 00:00 0                          [vdso]
ffffffffff600000-ffffffffff601000 r-xp 00000000 00:00 0                  [vsyscall]

VM Arguments:
java_command: /home/hewitt/work/DiffTGen-master/lib/evosuite-1.0.6.jar -base_dir /home/hewitt/work/DiffTGen-master/output/patch6-Lang-59-CapGen-plausible/Lang_59_6-plausible_capgen/target/0/17 -projectCP /home/hewitt/work/DiffTGen-master/output/patch6-Lang-59-CapGen-plausible/Lang_59_6-plausible_capgen/target/build/classes/all0.jar:/home/hewitt/work/DiffTGen-master/lib/myprinter.jar:/home/hewitt/work/DiffTGen-master/lib/commons-lang3-3.5.jar -class org.apache.commons.lang.text.StrBuilder -Dassertions=false -Dsearch_budget=60
java_class_path (initial): /home/hewitt/work/DiffTGen-master/lib/evosuite-1.0.6.jar
Launcher Type: SUN_STANDARD

Environment Variables:
JAVA_HOME=/usr/lib/jdk/jdk1.8.0_201
JRE_HOME=/usr/lib/jdk/jdk1.8.0_201/jre
CLASSPATH=.:/usr/lib/jdk/jdk1.8.0_201/lib:/usr/lib/jdk/jdk1.8.0_201/jre/lib
PATH=/usr/lib/jdk/jdk1.8.0_201/bin:/home/hewitt/bin:/home/hewitt/.local/bin:/usr/lib/jdk/jdk1.7.0_80/bin:/usr/local/sbin:/usr/local/bin:/usr/sbin:/usr/bin:/sbin:/bin:/usr/games:/usr/local/games:/snap/bin:/home/hewitt/work/defects4j_v1.4.0/defects4j/framework/bin:/opt/apache-ant-1.9.14/bin:/home/hewitt/work/defects4j_v1.4.0/defects4j/framework/bin
SHELL=/bin/bash
DISPLAY=:0

Signal Handlers:
SIGSEGV: [libjvm.so+0xad3e60], sa_mask[0]=11111111011111111101111111111110, sa_flags=SA_RESTART|SA_SIGINFO
SIGBUS: [libjvm.so+0xad3e60], sa_mask[0]=11111111011111111101111111111110, sa_flags=SA_RESTART|SA_SIGINFO
SIGFPE: [libjvm.so+0x90b880], sa_mask[0]=11111111011111111101111111111110, sa_flags=SA_RESTART|SA_SIGINFO
SIGPIPE: [libjvm.so+0x90b880], sa_mask[0]=11111111011111111101111111111110, sa_flags=SA_RESTART|SA_SIGINFO
SIGXFSZ: [libjvm.so+0x90b880], sa_mask[0]=11111111011111111101111111111110, sa_flags=SA_RESTART|SA_SIGINFO
SIGILL: [libjvm.so+0x90b880], sa_mask[0]=11111111011111111101111111111110, sa_flags=SA_RESTART|SA_SIGINFO
SIGUSR1: SIG_DFL, sa_mask[0]=00000000000000000000000000000000, sa_flags=none
SIGUSR2: [libjvm.so+0x90b750], sa_mask[0]=00100000000000000000000000000000, sa_flags=SA_RESTART|SA_SIGINFO
SIGHUP: [libjvm.so+0x90bd70], sa_mask[0]=11111111011111111101111111111110, sa_flags=SA_RESTART|SA_SIGINFO
SIGINT: [libjvm.so+0x90bd70], sa_mask[0]=11111111011111111101111111111110, sa_flags=SA_RESTART|SA_SIGINFO
SIGTERM: [libjvm.so+0x90bd70], sa_mask[0]=11111111011111111101111111111110, sa_flags=SA_RESTART|SA_SIGINFO
SIGQUIT: [libjvm.so+0x90bd70], sa_mask[0]=11111111011111111101111111111110, sa_flags=SA_RESTART|SA_SIGINFO


---------------  S Y S T E M  ---------------

OS:DISTRIB_ID=Ubuntu
DISTRIB_RELEASE=16.04
DISTRIB_CODENAME=xenial
DISTRIB_DESCRIPTION="Ubuntu 16.04.6 LTS"

uname:Linux 4.15.0-91-generic #92~16.04.1-Ubuntu SMP Fri Feb 28 14:57:22 UTC 2020 x86_64
libc:glibc 2.23 NPTL 2.23 
rlimit: STACK 8192k, CORE 0k, NPROC 15448, NOFILE 1048576, AS infinity
load average:19.58 13.92 13.93

/proc/meminfo:
MemTotal:        4015928 kB
MemFree:           87392 kB
MemAvailable:          0 kB
Buffers:             264 kB
Cached:            11844 kB
SwapCached:          540 kB
Active:          2904552 kB
Inactive:         585080 kB
Active(anon):    2899264 kB
Inactive(anon):   579632 kB
Active(file):       5288 kB
Inactive(file):     5448 kB
Unevictable:          48 kB
Mlocked:              48 kB
SwapTotal:        998396 kB
SwapFree:              0 kB
Dirty:                84 kB
Writeback:            36 kB
AnonPages:       3478040 kB
Mapped:             9752 kB
Shmem:               664 kB
Slab:              91324 kB
SReclaimable:      33304 kB
SUnreclaim:        58020 kB
KernelStack:       17168 kB
PageTables:        43236 kB
NFS_Unstable:          0 kB
Bounce:                0 kB
WritebackTmp:          0 kB
CommitLimit:     3006360 kB
Committed_AS:    9328660 kB
VmallocTotal:   34359738367 kB
VmallocUsed:           0 kB
VmallocChunk:          0 kB
HardwareCorrupted:     0 kB
AnonHugePages:         0 kB
ShmemHugePages:        0 kB
ShmemPmdMapped:        0 kB
CmaTotal:              0 kB
CmaFree:               0 kB
HugePages_Total:       0
HugePages_Free:        0
HugePages_Rsvd:        0
HugePages_Surp:        0
Hugepagesize:       2048 kB
DirectMap4k:       98112 kB
DirectMap2M:     4096000 kB
DirectMap1G:     2097152 kB

container (cgroup) information:
container_type: cgroupv1
cpu_cpuset_cpus: 0-3
cpu_memory_nodes: 0
active_processor_count: 4
cpu_quota: -1
cpu_period: 100000
cpu_shares: -1
memory_limit_in_bytes: -1
memory_and_swap_limit_in_bytes: -2
memory_soft_limit_in_bytes: -1
memory_usage_in_bytes: 3574587392
memory_max_usage_in_bytes: 20938752


CPU:total 4 (initial active 4) (2 cores per cpu, 1 threads per core) family 6 model 158 stepping 9, cmov, cx8, fxsr, mmx, sse, sse2, sse3, ssse3, sse4.1, sse4.2, popcnt, avx, avx2, aes, clmul, erms, 3dnowpref, lzcnt, tsc, tscinvbit, bmi1, bmi2, adx

/proc/cpuinfo:
processor	: 0
vendor_id	: GenuineIntel
cpu family	: 6
model		: 158
model name	: Intel(R) Core(TM) i7-7700HQ CPU @ 2.80GHz
stepping	: 9
microcode	: 0xb4
cpu MHz		: 2808.002
cache size	: 6144 KB
physical id	: 0
siblings	: 2
core id		: 0
cpu cores	: 2
apicid		: 0
initial apicid	: 0
fpu		: yes
fpu_exception	: yes
cpuid level	: 22
wp		: yes
flags		: fpu vme de pse tsc msr pae mce cx8 apic sep mtrr pge mca cmov pat pse36 clflush mmx fxsr sse sse2 ss ht syscall nx pdpe1gb rdtscp lm constant_tsc arch_perfmon nopl xtopology tsc_reliable nonstop_tsc cpuid pni pclmulqdq ssse3 fma cx16 pcid sse4_1 sse4_2 x2apic movbe popcnt tsc_deadline_timer aes xsave avx f16c rdrand hypervisor lahf_lm abm 3dnowprefetch cpuid_fault invpcid_single pti ssbd ibrs ibpb stibp fsgsbase tsc_adjust bmi1 avx2 smep bmi2 invpcid mpx rdseed adx smap clflushopt xsaveopt xsavec xsaves arat md_clear flush_l1d arch_capabilities
bugs		: cpu_meltdown spectre_v1 spectre_v2 spec_store_bypass l1tf mds swapgs itlb_multihit
bogomips	: 5616.00
clflush size	: 64
cache_alignment	: 64
address sizes	: 43 bits physical, 48 bits virtual
power management:

processor	: 1
vendor_id	: GenuineIntel
cpu family	: 6
model		: 158
model name	: Intel(R) Core(TM) i7-7700HQ CPU @ 2.80GHz
stepping	: 9
microcode	: 0xb4
cpu MHz		: 2808.002
cache size	: 6144 KB
physical id	: 0
siblings	: 2
core id		: 1
cpu cores	: 2
apicid		: 1
initial apicid	: 1
fpu		: yes
fpu_exception	: yes
cpuid level	: 22
wp		: yes
flags		: fpu vme de pse tsc msr pae mce cx8 apic sep mtrr pge mca cmov pat pse36 clflush mmx fxsr sse sse2 ss ht syscall nx pdpe1gb rdtscp lm constant_tsc arch_perfmon nopl xtopology tsc_reliable nonstop_tsc cpuid pni pclmulqdq ssse3 fma cx16 pcid sse4_1 sse4_2 x2apic movbe popcnt tsc_deadline_timer aes xsave avx f16c rdrand hypervisor lahf_lm abm 3dnowprefetch cpuid_fault invpcid_single pti ssbd ibrs ibpb stibp fsgsbase tsc_adjust bmi1 avx2 smep bmi2 invpcid mpx rdseed adx smap clflushopt xsaveopt xsavec xsaves arat md_clear flush_l1d arch_capabilities
bugs		: cpu_meltdown spectre_v1 spectre_v2 spec_store_bypass l1tf mds swapgs itlb_multihit
bogomips	: 5616.00
clflush size	: 64
cache_alignment	: 64
address sizes	: 43 bits physical, 48 bits virtual
power management:

processor	: 2
vendor_id	: GenuineIntel
cpu family	: 6
model		: 158
model name	: Intel(R) Core(TM) i7-7700HQ CPU @ 2.80GHz
stepping	: 9
microcode	: 0xb4
cpu MHz		: 2808.002
cache size	: 6144 KB
physical id	: 1
siblings	: 2
core id		: 0
cpu cores	: 2
apicid		: 2
initial apicid	: 2
fpu		: yes
fpu_exception	: yes
cpuid level	: 22
wp		: yes
flags		: fpu vme de pse tsc msr pae mce cx8 apic sep mtrr pge mca cmov pat pse36 clflush mmx fxsr sse sse2 ss ht syscall nx pdpe1gb rdtscp lm constant_tsc arch_perfmon nopl xtopology tsc_reliable nonstop_tsc cpuid pni pclmulqdq ssse3 fma cx16 pcid sse4_1 sse4_2 x2apic movbe popcnt tsc_deadline_timer aes xsave avx f16c rdrand hypervisor lahf_lm abm 3dnowprefetch cpuid_fault invpcid_single pti ssbd ibrs ibpb stibp fsgsbase tsc_adjust bmi1 avx2 smep bmi2 invpcid mpx rdseed adx smap clflushopt xsaveopt xsavec xsaves arat md_clear flush_l1d arch_capabilities
bugs		: cpu_meltdown spectre_v1 spectre_v2 spec_store_bypass l1tf mds swapgs itlb_multihit
bogomips	: 5616.00
clflush size	: 64
cache_alignment	: 64
address sizes	: 43 bits physical, 48 bits virtual
power management:

processor	: 3
vendor_id	: GenuineIntel
cpu family	: 6
model		: 158
model name	: Intel(R) Core(TM) i7-7700HQ CPU @ 2.80GHz
stepping	: 9
microcode	: 0xb4
cpu MHz		: 2808.002
cache size	: 6144 KB
physical id	: 1
siblings	: 2
core id		: 1
cpu cores	: 2
apicid		: 3
initial apicid	: 3
fpu		: yes
fpu_exception	: yes
cpuid level	: 22
wp		: yes
flags		: fpu vme de pse tsc msr pae mce cx8 apic sep mtrr pge mca cmov pat pse36 clflush mmx fxsr sse sse2 ss ht syscall nx pdpe1gb rdtscp lm constant_tsc arch_perfmon nopl xtopology tsc_reliable nonstop_tsc cpuid pni pclmulqdq ssse3 fma cx16 pcid sse4_1 sse4_2 x2apic movbe popcnt tsc_deadline_timer aes xsave avx f16c rdrand hypervisor lahf_lm abm 3dnowprefetch cpuid_fault invpcid_single pti ssbd ibrs ibpb stibp fsgsbase tsc_adjust bmi1 avx2 smep bmi2 invpcid mpx rdseed adx smap clflushopt xsaveopt xsavec xsaves arat md_clear flush_l1d arch_capabilities
bugs		: cpu_meltdown spectre_v1 spectre_v2 spec_store_bypass l1tf mds swapgs itlb_multihit
bogomips	: 5616.00
clflush size	: 64
cache_alignment	: 64
address sizes	: 43 bits physical, 48 bits virtual
power management:



Memory: 4k page, physical 4015928k(87592k free), swap 998396k(0k free)

vm_info: Java HotSpot(TM) 64-Bit Server VM (25.201-b09) for linux-amd64 JRE (1.8.0_201-b09), built on Dec 15 2018 11:35:59 by "java_re" with gcc 7.3.0

time: Sun Mar 29 02:03:02 2020
timezone: CST
elapsed time: 34 seconds (0d 0h 0m 34s)

