#
# There is insufficient memory for the Java Runtime Environment to continue.
# Native memory allocation (mmap) failed to map 62914560 bytes for committing reserved memory.
# Possible reasons:
#   The system is out of physical RAM or swap space
#   The process is running with CompressedOops enabled, and the Java Heap may be blocking the growth of the native heap
# Possible solutions:
#   Reduce memory load on the system
#   Increase physical memory or swap space
#   Check if swap backing store is full
#   Decrease Java heap size (-Xmx/-Xms)
#   Decrease number of Java threads
#   Decrease Java thread stack sizes (-Xss)
#   Set larger code cache with -XX:ReservedCodeCacheSize=
#   JVM is running with Unscaled Compressed Oops mode in which the Java heap is
#     placed in the first 4GB address space. The Java Heap base address is the
#     maximum limit for the native heap growth. Please use -XX:HeapBaseMinAddress
#     to set the Java Heap base and to place the Java Heap above 4GB virtual address.
# This output file may be truncated or incomplete.
#
#  Out of Memory Error (os_linux.cpp:2749), pid=13248, tid=0x00007f188f04e700
#
# JRE version: Java(TM) SE Runtime Environment (8.0_201-b09) (build 1.8.0_201-b09)
# Java VM: Java HotSpot(TM) 64-Bit Server VM (25.201-b09 mixed mode linux-amd64 compressed oops)
# Failed to write core dump. Core dumps have been disabled. To enable core dumping, try "ulimit -c unlimited" before starting Java again
#

---------------  T H R E A D  ---------------

Current thread (0x00007f18a0140000):  VMThread [stack: 0x00007f188ef4e000,0x00007f188f04f000] [id=13288]

Stack: [0x00007f188ef4e000,0x00007f188f04f000],  sp=0x00007f188f04d450,  free space=1021k
Native frames: (J=compiled Java code, j=interpreted, Vv=VM code, C=native code)
V  [libjvm.so+0xad3525]  VMError::report_and_die()+0x2e5
V  [libjvm.so+0x4e0457]  report_vm_out_of_memory(char const*, int, unsigned long, VMErrorType, char const*)+0x67
V  [libjvm.so+0x9102f0]  os::pd_commit_memory(char*, unsigned long, unsigned long, bool)+0x100
V  [libjvm.so+0x90791f]  os::commit_memory(char*, unsigned long, unsigned long, bool)+0x1f
V  [libjvm.so+0x98c806]  PSVirtualSpace::expand_by(unsigned long)+0x56
V  [libjvm.so+0x98da98]  PSYoungGen::resize(unsigned long, unsigned long)+0xd8
V  [libjvm.so+0x98a236]  PSScavenge::invoke_no_policy()+0x1376
V  [libjvm.so+0x98a5cc]  PSScavenge::invoke()+0x4c
V  [libjvm.so+0x93a318]  ParallelScavengeHeap::failed_mem_allocate(unsigned long)+0x68
V  [libjvm.so+0xad5073]  VM_ParallelGCFailedAllocation::doit()+0x93
V  [libjvm.so+0xada296]  VM_Operation::evaluate()+0x46
V  [libjvm.so+0xad85cd]  VMThread::evaluate_operation(VM_Operation*) [clone .constprop.44]+0xcd
V  [libjvm.so+0xad8bb3]  VMThread::loop()+0x3a3
V  [libjvm.so+0xad8f88]  VMThread::run()+0x78
V  [libjvm.so+0x90d922]  java_start(Thread*)+0x102

VM_Operation (0x00007f188c6ee610): ParallelGCFailedAllocation, mode: safepoint, requested by thread 0x00007f1844001000


---------------  P R O C E S S  ---------------

Java Threads: ( => current thread )
  0x00007f1844001000 JavaThread "RMI TCP Connection(2)-127.0.0.1" daemon [_thread_blocked, id=13584, stack(0x00007f188c5f4000,0x00007f188c6f5000)]
  0x00007f181c038000 JavaThread "RMI Scheduler(0)" daemon [_thread_blocked, id=13580, stack(0x00007f188c6f5000,0x00007f188c7f6000)]
  0x00007f181c032800 JavaThread "RMI RenewClean-[127.0.0.1:9401]" daemon [_thread_blocked, id=13571, stack(0x00007f188c7f6000,0x00007f188c8f7000)]
  0x00007f1840001000 JavaThread "RMI TCP Connection(3)-127.0.0.1" daemon [_thread_in_native, id=13559, stack(0x00007f188c8f7000,0x00007f188c9f8000)]
  0x00007f1830005000 JavaThread "pool-3-thread-3" [_thread_in_native, id=13506, stack(0x00007f188c9f8000,0x00007f188caf9000)]
  0x00007f1830003000 JavaThread "pool-3-thread-2" [_thread_in_native, id=13504, stack(0x00007f188caf9000,0x00007f188cbfa000)]
  0x00007f1830002000 JavaThread "pool-3-thread-1" [_thread_in_native, id=13502, stack(0x00007f188cbfa000,0x00007f188ccfb000)]
  0x00007f18a0403000 JavaThread "Thread-3" [_thread_in_native, id=13437, stack(0x00007f188ccfb000,0x00007f188cdfc000)]
  0x00007f18a0401000 JavaThread "Thread-2" [_thread_in_native, id=13433, stack(0x00007f188cdfc000,0x00007f188cefd000)]
  0x00007f18a03ff800 JavaThread "process reaper" daemon [_thread_in_native, id=13424, stack(0x00007f188cefd000,0x00007f188cf36000)]
  0x00007f18a03f8800 JavaThread "pool-2-thread-1" [_thread_in_native, id=13411, stack(0x00007f188cf36000,0x00007f188d037000)]
  0x00007f18a03f6800 JavaThread "GC Daemon" daemon [_thread_blocked, id=13407, stack(0x00007f188d037000,0x00007f188d138000)]
  0x00007f18a03f3800 JavaThread "RMI Reaper" [_thread_blocked, id=13397, stack(0x00007f188d138000,0x00007f188d239000)]
  0x00007f18a03ec800 JavaThread "RMI TCP Accept-21009" daemon [_thread_in_native, id=13390, stack(0x00007f188d239000,0x00007f188d33a000)]
  0x00007f18a03e5800 JavaThread "RMI TCP Accept-15808" daemon [_thread_in_native, id=13365, stack(0x00007f188d33a000,0x00007f188d43b000)]
  0x00007f18a032b000 JavaThread "logback-3" daemon [_thread_blocked, id=13350, stack(0x00007f188d63b000,0x00007f188d73c000)]
  0x00007f18a0327000 JavaThread "logback-2" daemon [_thread_blocked, id=13347, stack(0x00007f188d73c000,0x00007f188d83d000)]
  0x00007f18a0325800 JavaThread "logback-1" daemon [_thread_blocked, id=13343, stack(0x00007f188d83d000,0x00007f188d93e000)]
  0x00007f18a01a3800 JavaThread "Service Thread" daemon [_thread_blocked, id=13327, stack(0x00007f188de88000,0x00007f188df89000)]
  0x00007f18a0186000 JavaThread "C1 CompilerThread2" daemon [_thread_blocked, id=13321, stack(0x00007f188df89000,0x00007f188e08a000)]
  0x00007f18a0184800 JavaThread "C2 CompilerThread1" daemon [_thread_blocked, id=13320, stack(0x00007f188e08a000,0x00007f188e18b000)]
  0x00007f18a0181800 JavaThread "C2 CompilerThread0" daemon [_thread_in_native, id=13319, stack(0x00007f188e18b000,0x00007f188e28c000)]
  0x00007f18a0180000 JavaThread "Signal Dispatcher" daemon [_thread_blocked, id=13316, stack(0x00007f188e28c000,0x00007f188e38d000)]
  0x00007f18a014c000 JavaThread "Finalizer" daemon [_thread_blocked, id=13297, stack(0x00007f188ed4c000,0x00007f188ee4d000)]
  0x00007f18a0149800 JavaThread "Reference Handler" daemon [_thread_blocked, id=13295, stack(0x00007f188ee4d000,0x00007f188ef4e000)]
  0x00007f18a000a800 JavaThread "main" [_thread_in_native, id=13256, stack(0x00007f18a9489000,0x00007f18a958a000)]

Other Threads:
=>0x00007f18a0140000 VMThread [stack: 0x00007f188ef4e000,0x00007f188f04f000] [id=13288]
  0x00007f18a01b6000 WatcherThread [stack: 0x00007f188dd87000,0x00007f188de88000] [id=13330]

VM state:at safepoint (normal execution)

VM Mutex/Monitor currently owned by a thread:  ([mutex/lock_event])
[0x00007f18a0007090] Threads_lock - owner thread: 0x00007f18a0140000
[0x00007f18a0007590] Heap_lock - owner thread: 0x00007f1844001000

heap address: 0x00000000c2a00000, size: 982 MB, Compressed Oops mode: 32-bit
Narrow klass base: 0x0000000000000000, Narrow klass shift: 3
Compressed class space size: 1073741824 Address: 0x0000000100000000

Heap:
 PSYoungGen      total 69632K, used 4772K [0x00000000eb900000, 0x00000000f0400000, 0x0000000100000000)
  eden space 62976K, 0% used [0x00000000eb900000,0x00000000eb900000,0x00000000ef680000)
  from space 6656K, 71% used [0x00000000ef680000,0x00000000efb29130,0x00000000efd00000)
  to   space 6144K, 0% used [0x00000000efd00000,0x00000000efd00000,0x00000000f0300000)
 ParOldGen       total 42496K, used 9875K [0x00000000c2a00000, 0x00000000c5380000, 0x00000000eb900000)
  object space 42496K, 23% used [0x00000000c2a00000,0x00000000c33a4d28,0x00000000c5380000)
 Metaspace       used 14194K, capacity 14692K, committed 14848K, reserved 1062912K
  class space    used 1614K, capacity 1755K, committed 1792K, reserved 1048576K

Card table byte_map: [0x00007f18a603e000,0x00007f18a622a000] byte_map_base: 0x00007f18a5a29000

Marking Bits: (ParMarkBitMap*) 0x00007f18a8960d80
 Begin Bits: [0x00007f188f150000, 0x00007f18900a8000)
 End Bits:   [0x00007f18900a8000, 0x00007f1891000000)

Polling page: 0x00007f18a95a5000

CodeCache: size=245760Kb used=6514Kb max_used=6514Kb free=239245Kb
 bounds [0x00007f1891000000, 0x00007f1891660000, 0x00007f18a0000000]
 total_blobs=2184 nmethods=1836 adapters=261
 compilation: enabled

Compilation events (10 events):
Event: 38.110 Thread 0x00007f18a0186000 1869       2       java.lang.Long::hashCode (8 bytes)
Event: 38.110 Thread 0x00007f18a0186000 nmethod 1869 0x00007f189165e110 code [0x00007f189165e260, 0x00007f189165e3d0]
Event: 38.110 Thread 0x00007f18a0186000 1870       2       java.lang.Long::hashCode (8 bytes)
Event: 38.110 Thread 0x00007f18a0186000 nmethod 1870 0x00007f189165e450 code [0x00007f189165e5a0, 0x00007f189165e6d0]
Event: 38.111 Thread 0x00007f18a0186000 1871       2       sun.rmi.server.MarshalInputStream::readClassDescriptor (12 bytes)
Event: 38.115 Thread 0x00007f18a0186000 nmethod 1871 0x00007f189165e750 code [0x00007f189165e8e0, 0x00007f189165ec98]
Event: 38.115 Thread 0x00007f18a0186000 1872   !   2       sun.rmi.server.MarshalInputStream::validateDesc (33 bytes)
Event: 38.115 Thread 0x00007f18a0186000 nmethod 1872 0x00007f189165ee10 code [0x00007f189165ef80, 0x00007f189165f288]
Event: 38.115 Thread 0x00007f18a0186000 1873       2       java.io.BufferedOutputStream::flushBuffer (29 bytes)
Event: 38.116 Thread 0x00007f18a0186000 nmethod 1873 0x00007f189165f390 code [0x00007f189165f500, 0x00007f189165f6a8]

GC Heap History (10 events):
Event: 34.113 GC heap after
Heap after GC invocations=2 (full 0):
 PSYoungGen      total 18432K, used 2536K [0x00000000eb900000, 0x00000000ecd80000, 0x0000000100000000)
  eden space 15872K, 0% used [0x00000000eb900000,0x00000000eb900000,0x00000000ec880000)
  from space 2560K, 99% used [0x00000000ecb00000,0x00000000ecd7a030,0x00000000ecd80000)
  to   space 2560K, 0% used [0x00000000ec880000,0x00000000ec880000,0x00000000ecb00000)
 ParOldGen       total 42496K, used 4968K [0x00000000c2a00000, 0x00000000c5380000, 0x00000000eb900000)
  object space 42496K, 11% used [0x00000000c2a00000,0x00000000c2eda2e0,0x00000000c5380000)
 Metaspace       used 13139K, capacity 13528K, committed 13696K, reserved 1060864K
  class space    used 1540K, capacity 1650K, committed 1664K, reserved 1048576K
}
Event: 35.360 GC heap before
{Heap before GC invocations=3 (full 0):
 PSYoungGen      total 18432K, used 18408K [0x00000000eb900000, 0x00000000ecd80000, 0x0000000100000000)
  eden space 15872K, 100% used [0x00000000eb900000,0x00000000ec880000,0x00000000ec880000)
  from space 2560K, 99% used [0x00000000ecb00000,0x00000000ecd7a030,0x00000000ecd80000)
  to   space 2560K, 0% used [0x00000000ec880000,0x00000000ec880000,0x00000000ecb00000)
 ParOldGen       total 42496K, used 4968K [0x00000000c2a00000, 0x00000000c5380000, 0x00000000eb900000)
  object space 42496K, 11% used [0x00000000c2a00000,0x00000000c2eda2e0,0x00000000c5380000)
 Metaspace       used 14025K, capacity 14500K, committed 14592K, reserved 1062912K
  class space    used 1614K, capacity 1755K, committed 1792K, reserved 1048576K
Event: 35.430 GC heap after
Heap after GC invocations=3 (full 0):
 PSYoungGen      total 18432K, used 2544K [0x00000000eb900000, 0x00000000edd00000, 0x0000000100000000)
  eden space 15872K, 0% used [0x00000000eb900000,0x00000000eb900000,0x00000000ec880000)
  from space 2560K, 99% used [0x00000000ec880000,0x00000000ecafc160,0x00000000ecb00000)
  to   space 2560K, 0% used [0x00000000eda80000,0x00000000eda80000,0x00000000edd00000)
 ParOldGen       total 42496K, used 6958K [0x00000000c2a00000, 0x00000000c5380000, 0x00000000eb900000)
  object space 42496K, 16% used [0x00000000c2a00000,0x00000000c30cba20,0x00000000c5380000)
 Metaspace       used 14025K, capacity 14500K, committed 14592K, reserved 1062912K
  class space    used 1614K, capacity 1755K, committed 1792K, reserved 1048576K
}
Event: 35.702 GC heap before
{Heap before GC invocations=4 (full 0):
 PSYoungGen      total 18432K, used 18416K [0x00000000eb900000, 0x00000000edd00000, 0x0000000100000000)
  eden space 15872K, 100% used [0x00000000eb900000,0x00000000ec880000,0x00000000ec880000)
  from space 2560K, 99% used [0x00000000ec880000,0x00000000ecafc160,0x00000000ecb00000)
  to   space 2560K, 0% used [0x00000000eda80000,0x00000000eda80000,0x00000000edd00000)
 ParOldGen       total 42496K, used 6958K [0x00000000c2a00000, 0x00000000c5380000, 0x00000000eb900000)
  object space 42496K, 16% used [0x00000000c2a00000,0x00000000c30cba20,0x00000000c5380000)
 Metaspace       used 14080K, capacity 14564K, committed 14848K, reserved 1062912K
  class space    used 1614K, capacity 1755K, committed 1792K, reserved 1048576K
Event: 35.711 GC heap after
Heap after GC invocations=4 (full 0):
 PSYoungGen      total 34304K, used 2528K [0x00000000eb900000, 0x00000000edd00000, 0x0000000100000000)
  eden space 31744K, 0% used [0x00000000eb900000,0x00000000eb900000,0x00000000ed800000)
  from space 2560K, 98% used [0x00000000eda80000,0x00000000edcf8170,0x00000000edd00000)
  to   space 2560K, 0% used [0x00000000ed800000,0x00000000ed800000,0x00000000eda80000)
 ParOldGen       total 42496K, used 7831K [0x00000000c2a00000, 0x00000000c5380000, 0x00000000eb900000)
  object space 42496K, 18% used [0x00000000c2a00000,0x00000000c31a5f08,0x00000000c5380000)
 Metaspace       used 14080K, capacity 14564K, committed 14848K, reserved 1062912K
  class space    used 1614K, capacity 1755K, committed 1792K, reserved 1048576K
}
Event: 36.134 GC heap before
{Heap before GC invocations=5 (full 0):
 PSYoungGen      total 34304K, used 34272K [0x00000000eb900000, 0x00000000edd00000, 0x0000000100000000)
  eden space 31744K, 100% used [0x00000000eb900000,0x00000000ed800000,0x00000000ed800000)
  from space 2560K, 98% used [0x00000000eda80000,0x00000000edcf8170,0x00000000edd00000)
  to   space 2560K, 0% used [0x00000000ed800000,0x00000000ed800000,0x00000000eda80000)
 ParOldGen       total 42496K, used 7831K [0x00000000c2a00000, 0x00000000c5380000, 0x00000000eb900000)
  object space 42496K, 18% used [0x00000000c2a00000,0x00000000c31a5f08,0x00000000c5380000)
 Metaspace       used 14143K, capacity 14628K, committed 14848K, reserved 1062912K
  class space    used 1614K, capacity 1755K, committed 1792K, reserved 1048576K
Event: 36.272 GC heap after
Heap after GC invocations=5 (full 0):
 PSYoungGen      total 34304K, used 2560K [0x00000000eb900000, 0x00000000f0300000, 0x0000000100000000)
  eden space 31744K, 0% used [0x00000000eb900000,0x00000000eb900000,0x00000000ed800000)
  from space 2560K, 100% used [0x00000000ed800000,0x00000000eda80000,0x00000000eda80000)
  to   space 6144K, 0% used [0x00000000efd00000,0x00000000efd00000,0x00000000f0300000)
 ParOldGen       total 42496K, used 8831K [0x00000000c2a00000, 0x00000000c5380000, 0x00000000eb900000)
  object space 42496K, 20% used [0x00000000c2a00000,0x00000000c329fc78,0x00000000c5380000)
 Metaspace       used 14143K, capacity 14628K, committed 14848K, reserved 1062912K
  class space    used 1614K, capacity 1755K, committed 1792K, reserved 1048576K
}
Event: 36.551 GC heap before
{Heap before GC invocations=6 (full 0):
 PSYoungGen      total 34304K, used 34304K [0x00000000eb900000, 0x00000000f0300000, 0x0000000100000000)
  eden space 31744K, 100% used [0x00000000eb900000,0x00000000ed800000,0x00000000ed800000)
  from space 2560K, 100% used [0x00000000ed800000,0x00000000eda80000,0x00000000eda80000)
  to   space 6144K, 0% used [0x00000000efd00000,0x00000000efd00000,0x00000000f0300000)
 ParOldGen       total 42496K, used 8831K [0x00000000c2a00000, 0x00000000c5380000, 0x00000000eb900000)
  object space 42496K, 20% used [0x00000000c2a00000,0x00000000c329fc78,0x00000000c5380000)
 Metaspace       used 14169K, capacity 14628K, committed 14848K, reserved 1062912K
  class space    used 1614K, capacity 1755K, committed 1792K, reserved 1048576K
Event: 37.698 GC heap after
Heap after GC invocations=6 (full 0):
 PSYoungGen      total 69120K, used 4868K [0x00000000eb900000, 0x00000000f0400000, 0x0000000100000000)
  eden space 62976K, 0% used [0x00000000eb900000,0x00000000eb900000,0x00000000ef680000)
  from space 6144K, 79% used [0x00000000efd00000,0x00000000f01c1130,0x00000000f0300000)
  to   space 6656K, 0% used [0x00000000ef680000,0x00000000ef680000,0x00000000efd00000)
 ParOldGen       total 42496K, used 8839K [0x00000000c2a00000, 0x00000000c5380000, 0x00000000eb900000)
  object space 42496K, 20% used [0x00000000c2a00000,0x00000000c32a1c78,0x00000000c5380000)
 Metaspace       used 14169K, capacity 14628K, committed 14848K, reserved 1062912K
  class space    used 1614K, capacity 1755K, committed 1792K, reserved 1048576K
}
Event: 38.201 GC heap before
{Heap before GC invocations=7 (full 0):
 PSYoungGen      total 69120K, used 67844K [0x00000000eb900000, 0x00000000f0400000, 0x0000000100000000)
  eden space 62976K, 100% used [0x00000000eb900000,0x00000000ef680000,0x00000000ef680000)
  from space 6144K, 79% used [0x00000000efd00000,0x00000000f01c1130,0x00000000f0300000)
  to   space 6656K, 0% used [0x00000000ef680000,0x00000000ef680000,0x00000000efd00000)
 ParOldGen       total 42496K, used 8839K [0x00000000c2a00000, 0x00000000c5380000, 0x00000000eb900000)
  object space 42496K, 20% used [0x00000000c2a00000,0x00000000c32a1c78,0x00000000c5380000)
 Metaspace       used 14194K, capacity 14692K, committed 14848K, reserved 1062912K
  class space    used 1614K, capacity 1755K, committed 1792K, reserved 1048576K

Deoptimization events (10 events):
Event: 34.612 Thread 0x00007f1844001000 Uncommon trap: reason=class_check action=maybe_recompile pc=0x00007f189146c8f4 method=java.util.HashMap.putVal(ILjava/lang/Object;Ljava/lang/Object;ZZ)Ljava/lang/Object; @ 203
Event: 34.613 Thread 0x00007f1844001000 Uncommon trap: reason=class_check action=maybe_recompile pc=0x00007f189146c8f4 method=java.util.HashMap.putVal(ILjava/lang/Object;Ljava/lang/Object;ZZ)Ljava/lang/Object; @ 203
Event: 34.614 Thread 0x00007f1844001000 Uncommon trap: reason=class_check action=maybe_recompile pc=0x00007f189146c8f4 method=java.util.HashMap.putVal(ILjava/lang/Object;Ljava/lang/Object;ZZ)Ljava/lang/Object; @ 203
Event: 34.614 Thread 0x00007f1844001000 Uncommon trap: reason=class_check action=maybe_recompile pc=0x00007f189146c8f4 method=java.util.HashMap.putVal(ILjava/lang/Object;Ljava/lang/Object;ZZ)Ljava/lang/Object; @ 203
Event: 34.734 Thread 0x00007f1844001000 Uncommon trap: reason=unstable_if action=reinterpret pc=0x00007f18911d4b78 method=java.lang.AbstractStringBuilder.append(Ljava/lang/String;)Ljava/lang/AbstractStringBuilder; @ 1
Event: 35.161 Thread 0x00007f1844001000 Uncommon trap: reason=unstable_if action=reinterpret pc=0x00007f189155e41c method=java.util.AbstractCollection.addAll(Ljava/util/Collection;)Z @ 32
Event: 35.438 Thread 0x00007f1844001000 Uncommon trap: reason=unstable_if action=reinterpret pc=0x00007f18914983e4 method=org.evosuite.shaded.org.objectweb.asm.Item.isEqualTo(Lorg/evosuite/shaded/org/objectweb/asm/Item;)Z @ 331
Event: 35.450 Thread 0x00007f1844001000 Uncommon trap: reason=bimorphic action=maybe_recompile pc=0x00007f18914efe58 method=java.util.HashMap.putVal(ILjava/lang/Object;Ljava/lang/Object;ZZ)Ljava/lang/Object; @ 203
Event: 35.542 Thread 0x00007f1844001000 Uncommon trap: reason=bimorphic action=maybe_recompile pc=0x00007f18914efe58 method=java.util.HashMap.putVal(ILjava/lang/Object;Ljava/lang/Object;ZZ)Ljava/lang/Object; @ 203
Event: 36.125 Thread 0x00007f1844001000 Uncommon trap: reason=unstable_if action=reinterpret pc=0x00007f1891554284 method=org.evosuite.shaded.org.objectweb.asm.Frame.merge(Lorg/evosuite/shaded/org/objectweb/asm/ClassWriter;I[II)Z @ 61

Classes redefined (0 events):
No events

Internal exceptions (10 events):
Event: 20.974 Thread 0x00007f18a0327000 Exception <a 'java/net/ConnectException'> (0x00000000ebb64c10) thrown at [/HUDSON/workspace/8-2-build-linux-amd64/jdk8u201/12317/hotspot/src/share/vm/prims/jni.cpp, line 709]
Event: 20.974 Thread 0x00007f18a032b000 Exception <a 'java/net/ConnectException'> (0x00000000ebb8c7b8) thrown at [/HUDSON/workspace/8-2-build-linux-amd64/jdk8u201/12317/hotspot/src/share/vm/prims/jni.cpp, line 709]
Event: 20.998 Thread 0x00007f18a0325800 Exception <a 'java/net/ConnectException'> (0x00000000ebbb4360) thrown at [/HUDSON/workspace/8-2-build-linux-amd64/jdk8u201/12317/hotspot/src/share/vm/prims/jni.cpp, line 709]
Event: 30.229 Thread 0x00007f1844001000 Implicit null exception at 0x00007f18913b566d to 0x00007f18913b6379
Event: 30.234 Thread 0x00007f1844001000 Implicit null exception at 0x00007f18913a337c to 0x00007f18913a365d
Event: 30.992 Thread 0x00007f18a0327000 Exception <a 'java/net/ConnectException'> (0x00000000ebb65738) thrown at [/HUDSON/workspace/8-2-build-linux-amd64/jdk8u201/12317/hotspot/src/share/vm/prims/jni.cpp, line 709]
Event: 30.993 Thread 0x00007f18a032b000 Exception <a 'java/net/ConnectException'> (0x00000000ebb8d2e0) thrown at [/HUDSON/workspace/8-2-build-linux-amd64/jdk8u201/12317/hotspot/src/share/vm/prims/jni.cpp, line 709]
Event: 31.110 Thread 0x00007f18a0325800 Exception <a 'java/net/ConnectException'> (0x00000000ebbb4e88) thrown at [/HUDSON/workspace/8-2-build-linux-amd64/jdk8u201/12317/hotspot/src/share/vm/prims/jni.cpp, line 709]
Event: 31.198 Thread 0x00007f1844001000 Exception <a 'java/lang/NoSuchMethodError': <clinit>> (0x00000000ec2280f0) thrown at [/HUDSON/workspace/8-2-build-linux-amd64/jdk8u201/12317/hotspot/src/share/vm/prims/jni.cpp, line 1613]
Event: 34.734 Thread 0x00007f1844001000 Implicit null exception at 0x00007f18911d47b6 to 0x00007f18911d4b61

Events (10 events):
Event: 36.125 Thread 0x00007f1844001000 Uncommon trap: trap_request=0xffffff65 fr.pc=0x00007f1891554284
Event: 36.125 Thread 0x00007f1844001000 DEOPT PACKING pc=0x00007f1891554284 sp=0x00007f188c6ee150
Event: 36.125 Thread 0x00007f1844001000 DEOPT UNPACKING pc=0x00007f189104573a sp=0x00007f188c6ee0e8 mode 2
Event: 36.134 Executing VM operation: ParallelGCFailedAllocation
Event: 36.273 Executing VM operation: ParallelGCFailedAllocation done
Event: 36.551 Executing VM operation: ParallelGCFailedAllocation
Event: 37.698 Executing VM operation: ParallelGCFailedAllocation done
Event: 37.774 Thread 0x00007f1844001000 DEOPT PACKING pc=0x00007f18915e923d sp=0x00007f188c6ee6f0
Event: 37.774 Thread 0x00007f1844001000 DEOPT UNPACKING pc=0x00007f1891047784 sp=0x00007f188c6ee430 mode 0
Event: 38.194 Executing VM operation: ParallelGCFailedAllocation


Dynamic libraries:
00400000-00401000 r-xp 00000000 08:01 654793                             /usr/lib/jdk/jdk1.8.0_201/bin/java
00600000-00601000 r--p 00000000 08:01 654793                             /usr/lib/jdk/jdk1.8.0_201/bin/java
00601000-00602000 rw-p 00001000 08:01 654793                             /usr/lib/jdk/jdk1.8.0_201/bin/java
00bb6000-00d60000 rw-p 00000000 00:00 0                                  [heap]
c2a00000-c5380000 rw-p 00000000 00:00 0 
c5380000-eb900000 ---p 00000000 00:00 0 
eb900000-f0400000 rw-p 00000000 00:00 0 
f4000000-100000000 ---p 00000000 00:00 0 
100000000-1001c0000 rw-p 00000000 00:00 0 
1001c0000-140000000 ---p 00000000 00:00 0 
7f1810000000-7f1810021000 rw-p 00000000 00:00 0 
7f1810021000-7f1814000000 ---p 00000000 00:00 0 
7f1814000000-7f1814021000 rw-p 00000000 00:00 0 
7f1814021000-7f1818000000 ---p 00000000 00:00 0 
7f1818000000-7f1818021000 rw-p 00000000 00:00 0 
7f1818021000-7f181c000000 ---p 00000000 00:00 0 
7f181c000000-7f181c03b000 rw-p 00000000 00:00 0 
7f181c03b000-7f1820000000 ---p 00000000 00:00 0 
7f1820000000-7f1820021000 rw-p 00000000 00:00 0 
7f1820021000-7f1824000000 ---p 00000000 00:00 0 
7f1824000000-7f1824021000 rw-p 00000000 00:00 0 
7f1824021000-7f1828000000 ---p 00000000 00:00 0 
7f1828000000-7f1828021000 rw-p 00000000 00:00 0 
7f1828021000-7f182c000000 ---p 00000000 00:00 0 
7f182c000000-7f182c021000 rw-p 00000000 00:00 0 
7f182c021000-7f1830000000 ---p 00000000 00:00 0 
7f1830000000-7f1830021000 rw-p 00000000 00:00 0 
7f1830021000-7f1834000000 ---p 00000000 00:00 0 
7f1834000000-7f1834021000 rw-p 00000000 00:00 0 
7f1834021000-7f1838000000 ---p 00000000 00:00 0 
7f1838000000-7f1838021000 rw-p 00000000 00:00 0 
7f1838021000-7f183c000000 ---p 00000000 00:00 0 
7f183c000000-7f183c021000 rw-p 00000000 00:00 0 
7f183c021000-7f1840000000 ---p 00000000 00:00 0 
7f1840000000-7f1840021000 rw-p 00000000 00:00 0 
7f1840021000-7f1844000000 ---p 00000000 00:00 0 
7f1844000000-7f1844021000 rw-p 00000000 00:00 0 
7f1844021000-7f1848000000 ---p 00000000 00:00 0 
7f1848000000-7f1848021000 rw-p 00000000 00:00 0 
7f1848021000-7f184c000000 ---p 00000000 00:00 0 
7f184c000000-7f184c021000 rw-p 00000000 00:00 0 
7f184c021000-7f1850000000 ---p 00000000 00:00 0 
7f1850000000-7f1850021000 rw-p 00000000 00:00 0 
7f1850021000-7f1854000000 ---p 00000000 00:00 0 
7f1854fff000-7f1858000000 rw-p 00000000 00:00 0 
7f1858000000-7f1858021000 rw-p 00000000 00:00 0 
7f1858021000-7f185c000000 ---p 00000000 00:00 0 
7f185c000000-7f185c021000 rw-p 00000000 00:00 0 
7f185c021000-7f1860000000 ---p 00000000 00:00 0 
7f1860000000-7f1860c36000 rw-p 00000000 00:00 0 
7f1860c36000-7f1864000000 ---p 00000000 00:00 0 
7f1864000000-7f18648f4000 rw-p 00000000 00:00 0 
7f18648f4000-7f1868000000 ---p 00000000 00:00 0 
7f1868000000-7f1868021000 rw-p 00000000 00:00 0 
7f1868021000-7f186c000000 ---p 00000000 00:00 0 
7f186c000000-7f186cbf4000 rw-p 00000000 00:00 0 
7f186cbf4000-7f1870000000 ---p 00000000 00:00 0 
7f1870000000-7f1870021000 rw-p 00000000 00:00 0 
7f1870021000-7f1874000000 ---p 00000000 00:00 0 
7f1874000000-7f1874021000 rw-p 00000000 00:00 0 
7f1874021000-7f1878000000 ---p 00000000 00:00 0 
7f1878000000-7f1878021000 rw-p 00000000 00:00 0 
7f1878021000-7f187c000000 ---p 00000000 00:00 0 
7f187c000000-7f187c29b000 rw-p 00000000 00:00 0 
7f187c29b000-7f1880000000 ---p 00000000 00:00 0 
7f1880000000-7f1880021000 rw-p 00000000 00:00 0 
7f1880021000-7f1884000000 ---p 00000000 00:00 0 
7f1884000000-7f1884021000 rw-p 00000000 00:00 0 
7f1884021000-7f1888000000 ---p 00000000 00:00 0 
7f1888000000-7f1888021000 rw-p 00000000 00:00 0 
7f1888021000-7f188c000000 ---p 00000000 00:00 0 
7f188c1f4000-7f188c2b4000 rw-p 00000000 00:00 0 
7f188c2b4000-7f188c3f4000 ---p 00000000 00:00 0 
7f188c3f4000-7f188c5f4000 rw-p 00000000 00:00 0 
7f188c5f4000-7f188c5f7000 ---p 00000000 00:00 0 
7f188c5f7000-7f188c6f5000 rw-p 00000000 00:00 0 
7f188c6f5000-7f188c6f8000 ---p 00000000 00:00 0 
7f188c6f8000-7f188c7f6000 rw-p 00000000 00:00 0 
7f188c7f6000-7f188c7f9000 ---p 00000000 00:00 0 
7f188c7f9000-7f188c8f7000 rw-p 00000000 00:00 0 
7f188c8f7000-7f188c8fa000 ---p 00000000 00:00 0 
7f188c8fa000-7f188c9f8000 rw-p 00000000 00:00 0 
7f188c9f8000-7f188c9fb000 ---p 00000000 00:00 0 
7f188c9fb000-7f188caf9000 rw-p 00000000 00:00 0 
7f188caf9000-7f188cafc000 ---p 00000000 00:00 0 
7f188cafc000-7f188cbfa000 rw-p 00000000 00:00 0 
7f188cbfa000-7f188cbfd000 ---p 00000000 00:00 0 
7f188cbfd000-7f188ccfb000 rw-p 00000000 00:00 0 
7f188ccfb000-7f188ccfe000 ---p 00000000 00:00 0 
7f188ccfe000-7f188cdfc000 rw-p 00000000 00:00 0 
7f188cdfc000-7f188cdff000 ---p 00000000 00:00 0 
7f188cdff000-7f188cefd000 rw-p 00000000 00:00 0 
7f188cefd000-7f188cf00000 ---p 00000000 00:00 0 
7f188cf00000-7f188cf36000 rw-p 00000000 00:00 0 
7f188cf36000-7f188cf39000 ---p 00000000 00:00 0 
7f188cf39000-7f188d037000 rw-p 00000000 00:00 0 
7f188d037000-7f188d03a000 ---p 00000000 00:00 0 
7f188d03a000-7f188d138000 rw-p 00000000 00:00 0 
7f188d138000-7f188d13b000 ---p 00000000 00:00 0 
7f188d13b000-7f188d239000 rw-p 00000000 00:00 0 
7f188d239000-7f188d23c000 ---p 00000000 00:00 0 
7f188d23c000-7f188d33a000 rw-p 00000000 00:00 0 
7f188d33a000-7f188d33d000 ---p 00000000 00:00 0 
7f188d33d000-7f188d63b000 rw-p 00000000 00:00 0 
7f188d63b000-7f188d63e000 ---p 00000000 00:00 0 
7f188d63e000-7f188d73c000 rw-p 00000000 00:00 0 
7f188d73c000-7f188d73f000 ---p 00000000 00:00 0 
7f188d73f000-7f188d83d000 rw-p 00000000 00:00 0 
7f188d83d000-7f188d840000 ---p 00000000 00:00 0 
7f188d840000-7f188d93e000 rw-p 00000000 00:00 0 
7f188d93e000-7f188d954000 r-xp 00000000 08:01 656512                     /usr/lib/jdk/jdk1.8.0_201/jre/lib/amd64/libnet.so
7f188d954000-7f188db54000 ---p 00016000 08:01 656512                     /usr/lib/jdk/jdk1.8.0_201/jre/lib/amd64/libnet.so
7f188db54000-7f188db55000 r--p 00016000 08:01 656512                     /usr/lib/jdk/jdk1.8.0_201/jre/lib/amd64/libnet.so
7f188db55000-7f188db56000 rw-p 00017000 08:01 656512                     /usr/lib/jdk/jdk1.8.0_201/jre/lib/amd64/libnet.so
7f188db56000-7f188dd87000 r--s 01bb1000 08:01 403225                     /home/hewitt/work/DiffTGen-master/lib/evosuite-1.0.6.jar
7f188dd87000-7f188dd88000 ---p 00000000 00:00 0 
7f188dd88000-7f188de88000 rw-p 00000000 00:00 0 
7f188de88000-7f188de8b000 ---p 00000000 00:00 0 
7f188de8b000-7f188df89000 rw-p 00000000 00:00 0 
7f188df89000-7f188df8c000 ---p 00000000 00:00 0 
7f188df8c000-7f188e08a000 rw-p 00000000 00:00 0 
7f188e08a000-7f188e08d000 ---p 00000000 00:00 0 
7f188e08d000-7f188e18b000 rw-p 00000000 00:00 0 
7f188e18b000-7f188e18e000 ---p 00000000 00:00 0 
7f188e18e000-7f188e28c000 rw-p 00000000 00:00 0 
7f188e28c000-7f188e28f000 ---p 00000000 00:00 0 
7f188e28f000-7f188e38d000 rw-p 00000000 00:00 0 
7f188e38d000-7f188ed4c000 r--p 00000000 08:01 270368                     /usr/lib/locale/locale-archive
7f188ed4c000-7f188ed4f000 ---p 00000000 00:00 0 
7f188ed4f000-7f188ee4d000 rw-p 00000000 00:00 0 
7f188ee4d000-7f188ee50000 ---p 00000000 00:00 0 
7f188ee50000-7f188ef4e000 rw-p 00000000 00:00 0 
7f188ef4e000-7f188ef4f000 ---p 00000000 00:00 0 
7f188ef4f000-7f1891000000 rw-p 00000000 00:00 0 
7f1891000000-7f1891660000 rwxp 00000000 00:00 0 
7f1891660000-7f18a0000000 ---p 00000000 00:00 0 
7f18a0000000-7f18a0508000 rw-p 00000000 00:00 0 
7f18a0508000-7f18a4000000 ---p 00000000 00:00 0 
7f18a4001000-7f18a4014000 r--s 00345000 08:01 656331                     /usr/lib/jdk/jdk1.8.0_201/jre/lib/resources.jar
7f18a4014000-7f18a4030000 r--s 00393000 08:01 656354                     /usr/lib/jdk/jdk1.8.0_201/jre/lib/ext/cldrdata.jar
7f18a4030000-7f18a40a9000 r--s 010fd000 08:01 654900                     /usr/lib/jdk/jdk1.8.0_201/lib/tools.jar
7f18a40a9000-7f18a4eb7000 rw-p 00000000 00:00 0 
7f18a4eb7000-7f18a5091000 r--s 03d6f000 08:01 656293                     /usr/lib/jdk/jdk1.8.0_201/jre/lib/rt.jar
7f18a5091000-7f18a5af2000 rw-p 00000000 00:00 0 
7f18a5af2000-7f18a5af3000 ---p 00000000 00:00 0 
7f18a5af3000-7f18a5bf3000 rw-p 00000000 00:00 0 
7f18a5bf3000-7f18a5bf4000 ---p 00000000 00:00 0 
7f18a5bf4000-7f18a5cf4000 rw-p 00000000 00:00 0 
7f18a5cf4000-7f18a5cf5000 ---p 00000000 00:00 0 
7f18a5cf5000-7f18a5df5000 rw-p 00000000 00:00 0 
7f18a5df5000-7f18a5df6000 ---p 00000000 00:00 0 
7f18a5df6000-7f18a5f0b000 rw-p 00000000 00:00 0 
7f18a5f0b000-7f18a603e000 ---p 00000000 00:00 0 
7f18a603e000-7f18a6053000 rw-p 00000000 00:00 0 
7f18a6053000-7f18a6185000 ---p 00000000 00:00 0 
7f18a6185000-7f18a61ab000 rw-p 00000000 00:00 0 
7f18a61ab000-7f18a6229000 ---p 00000000 00:00 0 
7f18a6229000-7f18a6244000 rw-p 00000000 00:00 0 
7f18a6244000-7f18a65ea000 ---p 00000000 00:00 0 
7f18a65ea000-7f18a6605000 r-xp 00000000 08:01 656508                     /usr/lib/jdk/jdk1.8.0_201/jre/lib/amd64/libzip.so
7f18a6605000-7f18a6804000 ---p 0001b000 08:01 656508                     /usr/lib/jdk/jdk1.8.0_201/jre/lib/amd64/libzip.so
7f18a6804000-7f18a6805000 r--p 0001a000 08:01 656508                     /usr/lib/jdk/jdk1.8.0_201/jre/lib/amd64/libzip.so
7f18a6805000-7f18a6806000 rw-p 0001b000 08:01 656508                     /usr/lib/jdk/jdk1.8.0_201/jre/lib/amd64/libzip.so
7f18a6806000-7f18a6811000 r-xp 00000000 08:01 658902                     /lib/x86_64-linux-gnu/libnss_files-2.23.so
7f18a6811000-7f18a6a10000 ---p 0000b000 08:01 658902                     /lib/x86_64-linux-gnu/libnss_files-2.23.so
7f18a6a10000-7f18a6a11000 r--p 0000a000 08:01 658902                     /lib/x86_64-linux-gnu/libnss_files-2.23.so
7f18a6a11000-7f18a6a12000 rw-p 0000b000 08:01 658902                     /lib/x86_64-linux-gnu/libnss_files-2.23.so
7f18a6a12000-7f18a6a18000 rw-p 00000000 00:00 0 
7f18a6a18000-7f18a6a23000 r-xp 00000000 08:01 658912                     /lib/x86_64-linux-gnu/libnss_nis-2.23.so
7f18a6a23000-7f18a6c22000 ---p 0000b000 08:01 658912                     /lib/x86_64-linux-gnu/libnss_nis-2.23.so
7f18a6c22000-7f18a6c23000 r--p 0000a000 08:01 658912                     /lib/x86_64-linux-gnu/libnss_nis-2.23.so
7f18a6c23000-7f18a6c24000 rw-p 0000b000 08:01 658912                     /lib/x86_64-linux-gnu/libnss_nis-2.23.so
7f18a6c24000-7f18a6c3a000 r-xp 00000000 08:01 658896                     /lib/x86_64-linux-gnu/libnsl-2.23.so
7f18a6c3a000-7f18a6e39000 ---p 00016000 08:01 658896                     /lib/x86_64-linux-gnu/libnsl-2.23.so
7f18a6e39000-7f18a6e3a000 r--p 00015000 08:01 658896                     /lib/x86_64-linux-gnu/libnsl-2.23.so
7f18a6e3a000-7f18a6e3b000 rw-p 00016000 08:01 658896                     /lib/x86_64-linux-gnu/libnsl-2.23.so
7f18a6e3b000-7f18a6e3d000 rw-p 00000000 00:00 0 
7f18a6e3d000-7f18a6e45000 r-xp 00000000 08:01 658898                     /lib/x86_64-linux-gnu/libnss_compat-2.23.so
7f18a6e45000-7f18a7044000 ---p 00008000 08:01 658898                     /lib/x86_64-linux-gnu/libnss_compat-2.23.so
7f18a7044000-7f18a7045000 r--p 00007000 08:01 658898                     /lib/x86_64-linux-gnu/libnss_compat-2.23.so
7f18a7045000-7f18a7046000 rw-p 00008000 08:01 658898                     /lib/x86_64-linux-gnu/libnss_compat-2.23.so
7f18a7046000-7f18a7072000 r-xp 00000000 08:01 656502                     /usr/lib/jdk/jdk1.8.0_201/jre/lib/amd64/libjava.so
7f18a7072000-7f18a7272000 ---p 0002c000 08:01 656502                     /usr/lib/jdk/jdk1.8.0_201/jre/lib/amd64/libjava.so
7f18a7272000-7f18a7273000 r--p 0002c000 08:01 656502                     /usr/lib/jdk/jdk1.8.0_201/jre/lib/amd64/libjava.so
7f18a7273000-7f18a7275000 rw-p 0002d000 08:01 656502                     /usr/lib/jdk/jdk1.8.0_201/jre/lib/amd64/libjava.so
7f18a7275000-7f18a7282000 r-xp 00000000 08:01 656507                     /usr/lib/jdk/jdk1.8.0_201/jre/lib/amd64/libverify.so
7f18a7282000-7f18a7481000 ---p 0000d000 08:01 656507                     /usr/lib/jdk/jdk1.8.0_201/jre/lib/amd64/libverify.so
7f18a7481000-7f18a7483000 r--p 0000c000 08:01 656507                     /usr/lib/jdk/jdk1.8.0_201/jre/lib/amd64/libverify.so
7f18a7483000-7f18a7484000 rw-p 0000e000 08:01 656507                     /usr/lib/jdk/jdk1.8.0_201/jre/lib/amd64/libverify.so
7f18a7484000-7f18a748b000 r-xp 00000000 08:01 658957                     /lib/x86_64-linux-gnu/librt-2.23.so
7f18a748b000-7f18a768a000 ---p 00007000 08:01 658957                     /lib/x86_64-linux-gnu/librt-2.23.so
7f18a768a000-7f18a768b000 r--p 00006000 08:01 658957                     /lib/x86_64-linux-gnu/librt-2.23.so
7f18a768b000-7f18a768c000 rw-p 00007000 08:01 658957                     /lib/x86_64-linux-gnu/librt-2.23.so
7f18a768c000-7f18a7794000 r-xp 00000000 08:01 658873                     /lib/x86_64-linux-gnu/libm-2.23.so
7f18a7794000-7f18a7993000 ---p 00108000 08:01 658873                     /lib/x86_64-linux-gnu/libm-2.23.so
7f18a7993000-7f18a7994000 r--p 00107000 08:01 658873                     /lib/x86_64-linux-gnu/libm-2.23.so
7f18a7994000-7f18a7995000 rw-p 00108000 08:01 658873                     /lib/x86_64-linux-gnu/libm-2.23.so
7f18a7995000-7f18a867d000 r-xp 00000000 08:01 656484                     /usr/lib/jdk/jdk1.8.0_201/jre/lib/amd64/server/libjvm.so
7f18a867d000-7f18a887c000 ---p 00ce8000 08:01 656484                     /usr/lib/jdk/jdk1.8.0_201/jre/lib/amd64/server/libjvm.so
7f18a887c000-7f18a8912000 r--p 00ce7000 08:01 656484                     /usr/lib/jdk/jdk1.8.0_201/jre/lib/amd64/server/libjvm.so
7f18a8912000-7f18a8943000 rw-p 00d7d000 08:01 656484                     /usr/lib/jdk/jdk1.8.0_201/jre/lib/amd64/server/libjvm.so
7f18a8943000-7f18a897e000 rw-p 00000000 00:00 0 
7f18a897e000-7f18a8b3e000 r-xp 00000000 08:01 658803                     /lib/x86_64-linux-gnu/libc-2.23.so
7f18a8b3e000-7f18a8d3e000 ---p 001c0000 08:01 658803                     /lib/x86_64-linux-gnu/libc-2.23.so
7f18a8d3e000-7f18a8d42000 r--p 001c0000 08:01 658803                     /lib/x86_64-linux-gnu/libc-2.23.so
7f18a8d42000-7f18a8d44000 rw-p 001c4000 08:01 658803                     /lib/x86_64-linux-gnu/libc-2.23.so
7f18a8d44000-7f18a8d48000 rw-p 00000000 00:00 0 
7f18a8d48000-7f18a8d4b000 r-xp 00000000 08:01 658827                     /lib/x86_64-linux-gnu/libdl-2.23.so
7f18a8d4b000-7f18a8f4a000 ---p 00003000 08:01 658827                     /lib/x86_64-linux-gnu/libdl-2.23.so
7f18a8f4a000-7f18a8f4b000 r--p 00002000 08:01 658827                     /lib/x86_64-linux-gnu/libdl-2.23.so
7f18a8f4b000-7f18a8f4c000 rw-p 00003000 08:01 658827                     /lib/x86_64-linux-gnu/libdl-2.23.so
7f18a8f4c000-7f18a8f63000 r-xp 00000000 08:01 656155                     /usr/lib/jdk/jdk1.8.0_201/lib/amd64/jli/libjli.so
7f18a8f63000-7f18a9162000 ---p 00017000 08:01 656155                     /usr/lib/jdk/jdk1.8.0_201/lib/amd64/jli/libjli.so
7f18a9162000-7f18a9163000 r--p 00016000 08:01 656155                     /usr/lib/jdk/jdk1.8.0_201/lib/amd64/jli/libjli.so
7f18a9163000-7f18a9164000 rw-p 00017000 08:01 656155                     /usr/lib/jdk/jdk1.8.0_201/lib/amd64/jli/libjli.so
7f18a9164000-7f18a917c000 r-xp 00000000 08:01 658949                     /lib/x86_64-linux-gnu/libpthread-2.23.so
7f18a917c000-7f18a937b000 ---p 00018000 08:01 658949                     /lib/x86_64-linux-gnu/libpthread-2.23.so
7f18a937b000-7f18a937c000 r--p 00017000 08:01 658949                     /lib/x86_64-linux-gnu/libpthread-2.23.so
7f18a937c000-7f18a937d000 rw-p 00018000 08:01 658949                     /lib/x86_64-linux-gnu/libpthread-2.23.so
7f18a937d000-7f18a9381000 rw-p 00000000 00:00 0 
7f18a9381000-7f18a93a7000 r-xp 00000000 08:01 658775                     /lib/x86_64-linux-gnu/ld-2.23.so
7f18a93b2000-7f18a93bc000 r--s 00116000 08:01 656361                     /usr/lib/jdk/jdk1.8.0_201/jre/lib/ext/localedata.jar
7f18a93bc000-7f18a93cb000 r--s 000ad000 08:01 403805                     /home/hewitt/work/DiffTGen-master/output/patch5-Math-80-CapGen-plausible/Math_80_5-plausible_capgen/target/build/classes/all0.jar
7f18a93cb000-7f18a9489000 rw-p 00000000 00:00 0 
7f18a9489000-7f18a948c000 ---p 00000000 00:00 0 
7f18a948c000-7f18a958f000 rw-p 00000000 00:00 0 
7f18a958f000-7f18a9593000 r--s 000a1000 08:01 656350                     /usr/lib/jdk/jdk1.8.0_201/jre/lib/jsse.jar
7f18a9593000-7f18a959b000 r--s 0006e000 08:01 398946                     /home/hewitt/work/DiffTGen-master/lib/commons-lang3-3.5.jar
7f18a959b000-7f18a959c000 r--s 00000000 08:01 398951                     /home/hewitt/work/DiffTGen-master/lib/myprinter.jar
7f18a959c000-7f18a95a4000 rw-s 00000000 08:01 130685                     /tmp/hsperfdata_hewitt/13248
7f18a95a4000-7f18a95a5000 rw-p 00000000 00:00 0 
7f18a95a5000-7f18a95a6000 ---p 00000000 00:00 0 
7f18a95a6000-7f18a95a7000 r--p 00025000 08:01 658775                     /lib/x86_64-linux-gnu/ld-2.23.so
7f18a95a7000-7f18a95a8000 rw-p 00026000 08:01 658775                     /lib/x86_64-linux-gnu/ld-2.23.so
7f18a95a8000-7f18a95a9000 rw-p 00000000 00:00 0 
7ffd24876000-7ffd24898000 rw-p 00000000 00:00 0                          [stack]
7ffd248fe000-7ffd24901000 r--p 00000000 00:00 0                          [vvar]
7ffd24901000-7ffd24903000 r-xp 00000000 00:00 0                          [vdso]
ffffffffff600000-ffffffffff601000 r-xp 00000000 00:00 0                  [vsyscall]

VM Arguments:
java_command: /home/hewitt/work/DiffTGen-master/lib/evosuite-1.0.6.jar -base_dir /home/hewitt/work/DiffTGen-master/output/patch5-Math-80-CapGen-plausible/Math_80_5-plausible_capgen/target/0/24 -projectCP /home/hewitt/work/DiffTGen-master/output/patch5-Math-80-CapGen-plausible/Math_80_5-plausible_capgen/target/build/classes/all0.jar:/home/hewitt/work/DiffTGen-master/lib/myprinter.jar:/home/hewitt/work/DiffTGen-master/lib/commons-lang3-3.5.jar -class org.apache.commons.math.linear.EigenDecompositionImpl -Dassertions=false -Dsearch_budget=60
java_class_path (initial): /home/hewitt/work/DiffTGen-master/lib/evosuite-1.0.6.jar
Launcher Type: SUN_STANDARD

Environment Variables:
JAVA_HOME=/usr/lib/jdk/jdk1.8.0_201
JRE_HOME=/usr/lib/jdk/jdk1.8.0_201/jre
CLASSPATH=.:/usr/lib/jdk/jdk1.8.0_201/lib:/usr/lib/jdk/jdk1.8.0_201/jre/lib
PATH=/usr/lib/jdk/jdk1.8.0_201/bin:/home/hewitt/bin:/home/hewitt/.local/bin:/usr/lib/jdk/jdk1.7.0_80/bin:/usr/local/sbin:/usr/local/bin:/usr/sbin:/usr/bin:/sbin:/bin:/usr/games:/usr/local/games:/snap/bin:/home/hewitt/work/defects4j_v1.4.0/defects4j/framework/bin:/opt/apache-ant-1.9.14/bin:/home/hewitt/work/defects4j_v1.4.0/defects4j/framework/bin
SHELL=/bin/bash
DISPLAY=:0

Signal Handlers:
SIGSEGV: [libjvm.so+0xad3e60], sa_mask[0]=11111111011111111101111111111110, sa_flags=SA_RESTART|SA_SIGINFO
SIGBUS: [libjvm.so+0xad3e60], sa_mask[0]=11111111011111111101111111111110, sa_flags=SA_RESTART|SA_SIGINFO
SIGFPE: [libjvm.so+0x90b880], sa_mask[0]=11111111011111111101111111111110, sa_flags=SA_RESTART|SA_SIGINFO
SIGPIPE: [libjvm.so+0x90b880], sa_mask[0]=11111111011111111101111111111110, sa_flags=SA_RESTART|SA_SIGINFO
SIGXFSZ: [libjvm.so+0x90b880], sa_mask[0]=11111111011111111101111111111110, sa_flags=SA_RESTART|SA_SIGINFO
SIGILL: [libjvm.so+0x90b880], sa_mask[0]=11111111011111111101111111111110, sa_flags=SA_RESTART|SA_SIGINFO
SIGUSR1: SIG_DFL, sa_mask[0]=00000000000000000000000000000000, sa_flags=none
SIGUSR2: [libjvm.so+0x90b750], sa_mask[0]=00100000000000000000000000000000, sa_flags=SA_RESTART|SA_SIGINFO
SIGHUP: [libjvm.so+0x90bd70], sa_mask[0]=11111111011111111101111111111110, sa_flags=SA_RESTART|SA_SIGINFO
SIGINT: [libjvm.so+0x90bd70], sa_mask[0]=11111111011111111101111111111110, sa_flags=SA_RESTART|SA_SIGINFO
SIGTERM: [libjvm.so+0x90bd70], sa_mask[0]=11111111011111111101111111111110, sa_flags=SA_RESTART|SA_SIGINFO
SIGQUIT: [libjvm.so+0x90bd70], sa_mask[0]=11111111011111111101111111111110, sa_flags=SA_RESTART|SA_SIGINFO


---------------  S Y S T E M  ---------------

OS:DISTRIB_ID=Ubuntu
DISTRIB_RELEASE=16.04
DISTRIB_CODENAME=xenial
DISTRIB_DESCRIPTION="Ubuntu 16.04.6 LTS"

uname:Linux 4.15.0-91-generic #92~16.04.1-Ubuntu SMP Fri Feb 28 14:57:22 UTC 2020 x86_64
libc:glibc 2.23 NPTL 2.23 
rlimit: STACK 8192k, CORE 0k, NPROC 15448, NOFILE 1048576, AS infinity
load average:13.23 10.62 10.26

/proc/meminfo:
MemTotal:        4015928 kB
MemFree:           98356 kB
MemAvailable:       3132 kB
Buffers:             340 kB
Cached:            17628 kB
SwapCached:         4336 kB
Active:          2894512 kB
Inactive:         594408 kB
Active(anon):    2892332 kB
Inactive(anon):   579280 kB
Active(file):       2180 kB
Inactive(file):    15128 kB
Unevictable:          48 kB
Mlocked:              48 kB
SwapTotal:        998396 kB
SwapFree:           2144 kB
Dirty:                76 kB
Writeback:          1740 kB
AnonPages:       3467140 kB
Mapped:            13124 kB
Shmem:               480 kB
Slab:              89744 kB
SReclaimable:      33180 kB
SUnreclaim:        56564 kB
KernelStack:       14432 kB
PageTables:        41060 kB
NFS_Unstable:          0 kB
Bounce:                0 kB
WritebackTmp:          0 kB
CommitLimit:     3006360 kB
Committed_AS:    8562888 kB
VmallocTotal:   34359738367 kB
VmallocUsed:           0 kB
VmallocChunk:          0 kB
HardwareCorrupted:     0 kB
AnonHugePages:         0 kB
ShmemHugePages:        0 kB
ShmemPmdMapped:        0 kB
CmaTotal:              0 kB
CmaFree:               0 kB
HugePages_Total:       0
HugePages_Free:        0
HugePages_Rsvd:        0
HugePages_Surp:        0
Hugepagesize:       2048 kB
DirectMap4k:       98112 kB
DirectMap2M:     4096000 kB
DirectMap1G:     2097152 kB

container (cgroup) information:
container_type: cgroupv1
cpu_cpuset_cpus: 0-3
cpu_memory_nodes: 0
active_processor_count: 4
cpu_quota: -1
cpu_period: 100000
cpu_shares: -1
memory_limit_in_bytes: -1
memory_and_swap_limit_in_bytes: -2
memory_soft_limit_in_bytes: -1
memory_usage_in_bytes: 3570819072
memory_max_usage_in_bytes: 20938752


CPU:total 4 (initial active 4) (2 cores per cpu, 1 threads per core) family 6 model 158 stepping 9, cmov, cx8, fxsr, mmx, sse, sse2, sse3, ssse3, sse4.1, sse4.2, popcnt, avx, avx2, aes, clmul, erms, 3dnowpref, lzcnt, tsc, tscinvbit, bmi1, bmi2, adx

/proc/cpuinfo:
processor	: 0
vendor_id	: GenuineIntel
cpu family	: 6
model		: 158
model name	: Intel(R) Core(TM) i7-7700HQ CPU @ 2.80GHz
stepping	: 9
microcode	: 0xb4
cpu MHz		: 2808.002
cache size	: 6144 KB
physical id	: 0
siblings	: 2
core id		: 0
cpu cores	: 2
apicid		: 0
initial apicid	: 0
fpu		: yes
fpu_exception	: yes
cpuid level	: 22
wp		: yes
flags		: fpu vme de pse tsc msr pae mce cx8 apic sep mtrr pge mca cmov pat pse36 clflush mmx fxsr sse sse2 ss ht syscall nx pdpe1gb rdtscp lm constant_tsc arch_perfmon nopl xtopology tsc_reliable nonstop_tsc cpuid pni pclmulqdq ssse3 fma cx16 pcid sse4_1 sse4_2 x2apic movbe popcnt tsc_deadline_timer aes xsave avx f16c rdrand hypervisor lahf_lm abm 3dnowprefetch cpuid_fault invpcid_single pti ssbd ibrs ibpb stibp fsgsbase tsc_adjust bmi1 avx2 smep bmi2 invpcid mpx rdseed adx smap clflushopt xsaveopt xsavec xsaves arat md_clear flush_l1d arch_capabilities
bugs		: cpu_meltdown spectre_v1 spectre_v2 spec_store_bypass l1tf mds swapgs itlb_multihit
bogomips	: 5616.00
clflush size	: 64
cache_alignment	: 64
address sizes	: 43 bits physical, 48 bits virtual
power management:

processor	: 1
vendor_id	: GenuineIntel
cpu family	: 6
model		: 158
model name	: Intel(R) Core(TM) i7-7700HQ CPU @ 2.80GHz
stepping	: 9
microcode	: 0xb4
cpu MHz		: 2808.002
cache size	: 6144 KB
physical id	: 0
siblings	: 2
core id		: 1
cpu cores	: 2
apicid		: 1
initial apicid	: 1
fpu		: yes
fpu_exception	: yes
cpuid level	: 22
wp		: yes
flags		: fpu vme de pse tsc msr pae mce cx8 apic sep mtrr pge mca cmov pat pse36 clflush mmx fxsr sse sse2 ss ht syscall nx pdpe1gb rdtscp lm constant_tsc arch_perfmon nopl xtopology tsc_reliable nonstop_tsc cpuid pni pclmulqdq ssse3 fma cx16 pcid sse4_1 sse4_2 x2apic movbe popcnt tsc_deadline_timer aes xsave avx f16c rdrand hypervisor lahf_lm abm 3dnowprefetch cpuid_fault invpcid_single pti ssbd ibrs ibpb stibp fsgsbase tsc_adjust bmi1 avx2 smep bmi2 invpcid mpx rdseed adx smap clflushopt xsaveopt xsavec xsaves arat md_clear flush_l1d arch_capabilities
bugs		: cpu_meltdown spectre_v1 spectre_v2 spec_store_bypass l1tf mds swapgs itlb_multihit
bogomips	: 5616.00
clflush size	: 64
cache_alignment	: 64
address sizes	: 43 bits physical, 48 bits virtual
power management:

processor	: 2
vendor_id	: GenuineIntel
cpu family	: 6
model		: 158
model name	: Intel(R) Core(TM) i7-7700HQ CPU @ 2.80GHz
stepping	: 9
microcode	: 0xb4
cpu MHz		: 2808.002
cache size	: 6144 KB
physical id	: 1
siblings	: 2
core id		: 0
cpu cores	: 2
apicid		: 2
initial apicid	: 2
fpu		: yes
fpu_exception	: yes
cpuid level	: 22
wp		: yes
flags		: fpu vme de pse tsc msr pae mce cx8 apic sep mtrr pge mca cmov pat pse36 clflush mmx fxsr sse sse2 ss ht syscall nx pdpe1gb rdtscp lm constant_tsc arch_perfmon nopl xtopology tsc_reliable nonstop_tsc cpuid pni pclmulqdq ssse3 fma cx16 pcid sse4_1 sse4_2 x2apic movbe popcnt tsc_deadline_timer aes xsave avx f16c rdrand hypervisor lahf_lm abm 3dnowprefetch cpuid_fault invpcid_single pti ssbd ibrs ibpb stibp fsgsbase tsc_adjust bmi1 avx2 smep bmi2 invpcid mpx rdseed adx smap clflushopt xsaveopt xsavec xsaves arat md_clear flush_l1d arch_capabilities
bugs		: cpu_meltdown spectre_v1 spectre_v2 spec_store_bypass l1tf mds swapgs itlb_multihit
bogomips	: 5616.00
clflush size	: 64
cache_alignment	: 64
address sizes	: 43 bits physical, 48 bits virtual
power management:

processor	: 3
vendor_id	: GenuineIntel
cpu family	: 6
model		: 158
model name	: Intel(R) Core(TM) i7-7700HQ CPU @ 2.80GHz
stepping	: 9
microcode	: 0xb4
cpu MHz		: 2808.002
cache size	: 6144 KB
physical id	: 1
siblings	: 2
core id		: 1
cpu cores	: 2
apicid		: 3
initial apicid	: 3
fpu		: yes
fpu_exception	: yes
cpuid level	: 22
wp		: yes
flags		: fpu vme de pse tsc msr pae mce cx8 apic sep mtrr pge mca cmov pat pse36 clflush mmx fxsr sse sse2 ss ht syscall nx pdpe1gb rdtscp lm constant_tsc arch_perfmon nopl xtopology tsc_reliable nonstop_tsc cpuid pni pclmulqdq ssse3 fma cx16 pcid sse4_1 sse4_2 x2apic movbe popcnt tsc_deadline_timer aes xsave avx f16c rdrand hypervisor lahf_lm abm 3dnowprefetch cpuid_fault invpcid_single pti ssbd ibrs ibpb stibp fsgsbase tsc_adjust bmi1 avx2 smep bmi2 invpcid mpx rdseed adx smap clflushopt xsaveopt xsavec xsaves arat md_clear flush_l1d arch_capabilities
bugs		: cpu_meltdown spectre_v1 spectre_v2 spec_store_bypass l1tf mds swapgs itlb_multihit
bogomips	: 5616.00
clflush size	: 64
cache_alignment	: 64
address sizes	: 43 bits physical, 48 bits virtual
power management:



Memory: 4k page, physical 4015928k(98356k free), swap 998396k(2144k free)

vm_info: Java HotSpot(TM) 64-Bit Server VM (25.201-b09) for linux-amd64 JRE (1.8.0_201-b09), built on Dec 15 2018 11:35:59 by "java_re" with gcc 7.3.0

time: Sat Mar 28 22:47:05 2020
timezone: CST
elapsed time: 38 seconds (0d 0h 0m 38s)

