#
# There is insufficient memory for the Java Runtime Environment to continue.
# Native memory allocation (mmap) failed to map 65536 bytes for committing reserved memory.
# Possible reasons:
#   The system is out of physical RAM or swap space
#   The process is running with CompressedOops enabled, and the Java Heap may be blocking the growth of the native heap
# Possible solutions:
#   Reduce memory load on the system
#   Increase physical memory or swap space
#   Check if swap backing store is full
#   Decrease Java heap size (-Xmx/-Xms)
#   Decrease number of Java threads
#   Decrease Java thread stack sizes (-Xss)
#   Set larger code cache with -XX:ReservedCodeCacheSize=
#   JVM is running with Unscaled Compressed Oops mode in which the Java heap is
#     placed in the first 4GB address space. The Java Heap base address is the
#     maximum limit for the native heap growth. Please use -XX:HeapBaseMinAddress
#     to set the Java Heap base and to place the Java Heap above 4GB virtual address.
# This output file may be truncated or incomplete.
#
#  Out of Memory Error (os_linux.cpp:2749), pid=125070, tid=0x00007f189ac36700
#
# JRE version: Java(TM) SE Runtime Environment (8.0_201-b09) (build 1.8.0_201-b09)
# Java VM: Java HotSpot(TM) 64-Bit Server VM (25.201-b09 mixed mode linux-amd64 compressed oops)
# Failed to write core dump. Core dumps have been disabled. To enable core dumping, try "ulimit -c unlimited" before starting Java again
#

---------------  T H R E A D  ---------------

Current thread (0x00007f18bc181800):  JavaThread "C2 CompilerThread0" daemon [_thread_in_vm, id=125150, stack(0x00007f189ab36000,0x00007f189ac37000)]

Stack: [0x00007f189ab36000,0x00007f189ac37000],  sp=0x00007f189ac33dd0,  free space=1015k
Native frames: (J=compiled Java code, j=interpreted, Vv=VM code, C=native code)
V  [libjvm.so+0xad3525]  VMError::report_and_die()+0x2e5
V  [libjvm.so+0x4e0457]  report_vm_out_of_memory(char const*, int, unsigned long, VMErrorType, char const*)+0x67
V  [libjvm.so+0x9102f0]  os::pd_commit_memory(char*, unsigned long, unsigned long, bool)+0x100
V  [libjvm.so+0x90791f]  os::commit_memory(char*, unsigned long, unsigned long, bool)+0x1f
V  [libjvm.so+0xacfda0]  VirtualSpace::expand_by(unsigned long, bool)+0x140
V  [libjvm.so+0x60b99d]  CodeHeap::expand_by(unsigned long)+0x6d
V  [libjvm.so+0x45a266]  CodeCache::allocate(int, bool)+0x46
V  [libjvm.so+0x8dca9a]  nmethod::new_nmethod(methodHandle, int, int, CodeOffsets*, int, DebugInformationRecorder*, Dependencies*, CodeBuffer*, int, OopMapSet*, ExceptionHandlerTable*, ImplicitExceptionTable*, AbstractCompiler*, int)+0x1ca
V  [libjvm.so+0x3ec691]  ciEnv::register_method(ciMethod*, int, CodeOffsets*, int, CodeBuffer*, int, OopMapSet*, ExceptionHandlerTable*, ImplicitExceptionTable*, AbstractCompiler*, int, bool, bool, RTMState)+0x1b1
V  [libjvm.so+0x480318]  Compile::Compile(ciEnv*, C2Compiler*, ciMethod*, int, bool, bool, bool)+0xe58
V  [libjvm.so+0x3c4c4a]  C2Compiler::compile_method(ciEnv*, ciMethod*, int)+0xaa
V  [libjvm.so+0x48b84c]  CompileBroker::invoke_compiler_on_method(CompileTask*)+0x73c
V  [libjvm.so+0x48d488]  CompileBroker::compiler_thread_loop()+0x6d8
V  [libjvm.so+0xa7bb6b]  JavaThread::thread_main_inner()+0xdb
V  [libjvm.so+0xa7be71]  JavaThread::run()+0x2d1
V  [libjvm.so+0x90d922]  java_start(Thread*)+0x102
C  [libpthread.so.0+0x76ba]  start_thread+0xca


Current CompileTask:
C2:  28466 1096   !   4       java.io.ObjectInputStream::readObject0 (566 bytes)


---------------  P R O C E S S  ---------------

Java Threads: ( => current thread )
  0x00007f185c002800 JavaThread "RMI TCP Connection(3)-127.0.0.1" daemon [_thread_blocked, id=125509, stack(0x00007f1898e5e000,0x00007f1898f5f000)]
  0x00007f185c001000 JavaThread "RMI TCP Connection(2)-127.0.0.1" daemon [_thread_blocked, id=125503, stack(0x00007f1898f5f000,0x00007f1899060000)]
  0x00007f1834038000 JavaThread "RMI Scheduler(0)" daemon [_thread_blocked, id=125496, stack(0x00007f1899060000,0x00007f1899161000)]
  0x00007f1834030800 JavaThread "RMI RenewClean-[127.0.0.1:15110]" daemon [_thread_blocked, id=125481, stack(0x00007f1899161000,0x00007f1899262000)]
  0x00007f1858001000 JavaThread "RMI TCP Connection(1)-127.0.0.1" daemon [_thread_in_native, id=125475, stack(0x00007f1899262000,0x00007f1899363000)]
  0x00007f1848005000 JavaThread "pool-3-thread-3" [_thread_in_native, id=125429, stack(0x00007f1899363000,0x00007f1899464000)]
  0x00007f1848003000 JavaThread "pool-3-thread-2" [_thread_in_native, id=125428, stack(0x00007f1899464000,0x00007f1899565000)]
  0x00007f1848002000 JavaThread "pool-3-thread-1" [_thread_in_native, id=125426, stack(0x00007f1899565000,0x00007f1899666000)]
  0x00007f18bc200000 JavaThread "Thread-3" [_thread_in_native, id=125285, stack(0x00007f1899666000,0x00007f1899767000)]
  0x00007f18bc1fe800 JavaThread "Thread-2" [_thread_in_native, id=125281, stack(0x00007f1899767000,0x00007f1899868000)]
  0x00007f18bc1fd000 JavaThread "process reaper" daemon [_thread_in_native, id=125275, stack(0x00007f18c003b000,0x00007f18c0074000)]
  0x00007f18bc3b8000 JavaThread "pool-2-thread-1" [_thread_in_native, id=125239, stack(0x00007f1899868000,0x00007f1899969000)]
  0x00007f18bc3b6000 JavaThread "GC Daemon" daemon [_thread_blocked, id=125229, stack(0x00007f1899969000,0x00007f1899a6a000)]
  0x00007f18bc3b3000 JavaThread "RMI Reaper" [_thread_blocked, id=125228, stack(0x00007f1899a6a000,0x00007f1899b6b000)]
  0x00007f18bc3aa000 JavaThread "RMI TCP Accept-10159" daemon [_thread_in_native, id=125219, stack(0x00007f1899b6b000,0x00007f1899c6c000)]
  0x00007f18bc3a5000 JavaThread "RMI TCP Accept-11160" daemon [_thread_in_native, id=125215, stack(0x00007f1899c6c000,0x00007f1899d6d000)]
  0x00007f18bc2ea800 JavaThread "logback-3" daemon [_thread_blocked, id=125195, stack(0x00007f1899fe6000,0x00007f189a0e7000)]
  0x00007f18bc2e7000 JavaThread "logback-2" daemon [_thread_blocked, id=125193, stack(0x00007f189a0e7000,0x00007f189a1e8000)]
  0x00007f18bc2e5000 JavaThread "logback-1" daemon [_thread_blocked, id=125190, stack(0x00007f189a1e8000,0x00007f189a2e9000)]
  0x00007f18bc189000 JavaThread "Service Thread" daemon [_thread_blocked, id=125181, stack(0x00007f189a833000,0x00007f189a934000)]
  0x00007f18bc186000 JavaThread "C1 CompilerThread2" daemon [_thread_blocked, id=125168, stack(0x00007f189a934000,0x00007f189aa35000)]
  0x00007f18bc184800 JavaThread "C2 CompilerThread1" daemon [_thread_blocked, id=125159, stack(0x00007f189aa35000,0x00007f189ab36000)]
=>0x00007f18bc181800 JavaThread "C2 CompilerThread0" daemon [_thread_in_vm, id=125150, stack(0x00007f189ab36000,0x00007f189ac37000)]
  0x00007f18bc180000 JavaThread "Signal Dispatcher" daemon [_thread_blocked, id=125147, stack(0x00007f189ac37000,0x00007f189ad38000)]
  0x00007f18bc14c000 JavaThread "Finalizer" daemon [_thread_blocked, id=125141, stack(0x00007f189b6f7000,0x00007f189b7f8000)]
  0x00007f18bc149800 JavaThread "Reference Handler" daemon [_thread_blocked, id=125129, stack(0x00007f189b7f8000,0x00007f189b8f9000)]
  0x00007f18bc00a800 JavaThread "main" [_thread_in_native, id=125080, stack(0x00007f18c1e71000,0x00007f18c1f72000)]

Other Threads:
  0x00007f18bc140000 VMThread [stack: 0x00007f189b8f9000,0x00007f189b9fa000] [id=125119]
  0x00007f18bc18b800 WatcherThread [stack: 0x00007f189a732000,0x00007f189a833000] [id=125182]

VM state:synchronizing (normal execution)

VM Mutex/Monitor currently owned by a thread:  ([mutex/lock_event])
[0x00007f18bc006410] CodeCache_lock - owner thread: 0x00007f18bc181800
[0x00007f18bc007090] Threads_lock - owner thread: 0x00007f18bc140000
[0x00007f18bc007a90] Compile_lock - owner thread: 0x00007f18bc181800
[0x00007f18bc007b90] MethodCompileQueue_lock - owner thread: 0x00007f18bc181800

heap address: 0x00000000c2a00000, size: 982 MB, Compressed Oops mode: 32-bit
Narrow klass base: 0x0000000000000000, Narrow klass shift: 3
Compressed class space size: 1073741824 Address: 0x0000000100000000

Heap:
 PSYoungGen      total 34304K, used 11369K [0x00000000eb900000, 0x00000000edd00000, 0x0000000100000000)
  eden space 31744K, 35% used [0x00000000eb900000,0x00000000ec41a4b0,0x00000000ed800000)
  from space 2560K, 0% used [0x00000000eda80000,0x00000000eda80000,0x00000000edd00000)
  to   space 2560K, 0% used [0x00000000ed800000,0x00000000ed800000,0x00000000eda80000)
 ParOldGen       total 42496K, used 2602K [0x00000000c2a00000, 0x00000000c5380000, 0x00000000eb900000)
  object space 42496K, 6% used [0x00000000c2a00000,0x00000000c2c8ab40,0x00000000c5380000)
 Metaspace       used 12160K, capacity 12528K, committed 12672K, reserved 1060864K
  class space    used 1449K, capacity 1566K, committed 1664K, reserved 1048576K

Card table byte_map: [0x00007f18ab9b2000,0x00007f18abb9e000] byte_map_base: 0x00007f18ab39d000

Marking Bits: (ParMarkBitMap*) 0x00007f18c1348d80
 Begin Bits: [0x00007f18a95b6000, 0x00007f18aa50e000)
 End Bits:   [0x00007f18aa50e000, 0x00007f18ab466000)

Polling page: 0x00007f18c1f8d000

CodeCache: size=245760Kb used=3932Kb max_used=3932Kb free=241827Kb
 bounds [0x00007f18abf5e000, 0x00007f18ac33e000, 0x00007f18baf5e000]
 total_blobs=1485 nmethods=1149 adapters=247
 compilation: enabled

Compilation events (10 events):
Event: 26.151 Thread 0x00007f18bc186000 1146       3       sun.reflect.ByteVectorImpl::<init> (7 bytes)
Event: 26.151 Thread 0x00007f18bc186000 nmethod 1146 0x00007f18ac32e950 code [0x00007f18ac32eac0, 0x00007f18ac32ed70]
Event: 26.151 Thread 0x00007f18bc186000 1149       1       java.lang.reflect.Constructor::getConstructorAccessor (5 bytes)
Event: 26.151 Thread 0x00007f18bc186000 nmethod 1149 0x00007f18ac32e690 code [0x00007f18ac32e7e0, 0x00007f18ac32e8f0]
Event: 26.152 Thread 0x00007f18bc184800 1147       4       sun.reflect.ClassFileAssembler::cpi (22 bytes)
Event: 26.152 Thread 0x00007f18bc184800 nmethod 1147 0x00007f18ac2e3ad0 code [0x00007f18ac2e3c20, 0x00007f18ac2e3c98]
Event: 26.152 Thread 0x00007f18bc184800 1150       4       java.io.ObjectInputStream::checkResolve (86 bytes)
Event: 26.152 Thread 0x00007f18bc184800 nmethod 1150 0x00007f18ac335490 code [0x00007f18ac3355e0, 0x00007f18ac335678]
Event: 26.237 Thread 0x00007f18bc184800 1151   !   4       java.io.ObjectInputStream$BlockDataInputStream::readUTFSpan (502 bytes)
Event: 26.243 Thread 0x00007f18bc184800 nmethod 1151 0x00007f18ac335f50 code [0x00007f18ac336180, 0x00007f18ac336768]

GC Heap History (6 events):
Event: 2.076 GC heap before
{Heap before GC invocations=1 (full 0):
 PSYoungGen      total 18432K, used 15872K [0x00000000eb900000, 0x00000000ecd80000, 0x0000000100000000)
  eden space 15872K, 100% used [0x00000000eb900000,0x00000000ec880000,0x00000000ec880000)
  from space 2560K, 0% used [0x00000000ecb00000,0x00000000ecb00000,0x00000000ecd80000)
  to   space 2560K, 0% used [0x00000000ec880000,0x00000000ec880000,0x00000000ecb00000)
 ParOldGen       total 42496K, used 0K [0x00000000c2a00000, 0x00000000c5380000, 0x00000000eb900000)
  object space 42496K, 0% used [0x00000000c2a00000,0x00000000c2a00000,0x00000000c5380000)
 Metaspace       used 9999K, capacity 10188K, committed 10368K, reserved 1058816K
  class space    used 1208K, capacity 1287K, committed 1408K, reserved 1048576K
Event: 2.127 GC heap after
Heap after GC invocations=1 (full 0):
 PSYoungGen      total 18432K, used 2528K [0x00000000eb900000, 0x00000000edd00000, 0x0000000100000000)
  eden space 15872K, 0% used [0x00000000eb900000,0x00000000eb900000,0x00000000ec880000)
  from space 2560K, 98% used [0x00000000ec880000,0x00000000ecaf8020,0x00000000ecb00000)
  to   space 2560K, 0% used [0x00000000eda80000,0x00000000eda80000,0x00000000edd00000)
 ParOldGen       total 42496K, used 1601K [0x00000000c2a00000, 0x00000000c5380000, 0x00000000eb900000)
  object space 42496K, 3% used [0x00000000c2a00000,0x00000000c2b905b0,0x00000000c5380000)
 Metaspace       used 9999K, capacity 10188K, committed 10368K, reserved 1058816K
  class space    used 1208K, capacity 1287K, committed 1408K, reserved 1048576K
}
Event: 2.217 GC heap before
{Heap before GC invocations=2 (full 0):
 PSYoungGen      total 18432K, used 3369K [0x00000000eb900000, 0x00000000edd00000, 0x0000000100000000)
  eden space 15872K, 5% used [0x00000000eb900000,0x00000000eb9d2720,0x00000000ec880000)
  from space 2560K, 98% used [0x00000000ec880000,0x00000000ecaf8020,0x00000000ecb00000)
  to   space 2560K, 0% used [0x00000000eda80000,0x00000000eda80000,0x00000000edd00000)
 ParOldGen       total 42496K, used 1601K [0x00000000c2a00000, 0x00000000c5380000, 0x00000000eb900000)
  object space 42496K, 3% used [0x00000000c2a00000,0x00000000c2b905b0,0x00000000c5380000)
 Metaspace       used 10162K, capacity 10316K, committed 10624K, reserved 1058816K
  class space    used 1227K, capacity 1287K, committed 1408K, reserved 1048576K
Event: 2.227 GC heap after
Heap after GC invocations=2 (full 0):
 PSYoungGen      total 34304K, used 2544K [0x00000000eb900000, 0x00000000edd00000, 0x0000000100000000)
  eden space 31744K, 0% used [0x00000000eb900000,0x00000000eb900000,0x00000000ed800000)
  from space 2560K, 99% used [0x00000000eda80000,0x00000000edcfc010,0x00000000edd00000)
  to   space 2560K, 0% used [0x00000000ed800000,0x00000000ed800000,0x00000000eda80000)
 ParOldGen       total 42496K, used 1642K [0x00000000c2a00000, 0x00000000c5380000, 0x00000000eb900000)
  object space 42496K, 3% used [0x00000000c2a00000,0x00000000c2b9aa08,0x00000000c5380000)
 Metaspace       used 10162K, capacity 10316K, committed 10624K, reserved 1058816K
  class space    used 1227K, capacity 1287K, committed 1408K, reserved 1048576K
}
Event: 2.227 GC heap before
{Heap before GC invocations=3 (full 1):
 PSYoungGen      total 34304K, used 2544K [0x00000000eb900000, 0x00000000edd00000, 0x0000000100000000)
  eden space 31744K, 0% used [0x00000000eb900000,0x00000000eb900000,0x00000000ed800000)
  from space 2560K, 99% used [0x00000000eda80000,0x00000000edcfc010,0x00000000edd00000)
  to   space 2560K, 0% used [0x00000000ed800000,0x00000000ed800000,0x00000000eda80000)
 ParOldGen       total 42496K, used 1642K [0x00000000c2a00000, 0x00000000c5380000, 0x00000000eb900000)
  object space 42496K, 3% used [0x00000000c2a00000,0x00000000c2b9aa08,0x00000000c5380000)
 Metaspace       used 10162K, capacity 10316K, committed 10624K, reserved 1058816K
  class space    used 1227K, capacity 1287K, committed 1408K, reserved 1048576K
Event: 2.288 GC heap after
Heap after GC invocations=3 (full 1):
 PSYoungGen      total 34304K, used 0K [0x00000000eb900000, 0x00000000edd00000, 0x0000000100000000)
  eden space 31744K, 0% used [0x00000000eb900000,0x00000000eb900000,0x00000000ed800000)
  from space 2560K, 0% used [0x00000000eda80000,0x00000000eda80000,0x00000000edd00000)
  to   space 2560K, 0% used [0x00000000ed800000,0x00000000ed800000,0x00000000eda80000)
 ParOldGen       total 42496K, used 2602K [0x00000000c2a00000, 0x00000000c5380000, 0x00000000eb900000)
  object space 42496K, 6% used [0x00000000c2a00000,0x00000000c2c8ab40,0x00000000c5380000)
 Metaspace       used 10154K, capacity 10306K, committed 10624K, reserved 1058816K
  class space    used 1225K, capacity 1285K, committed 1408K, reserved 1048576K
}

Deoptimization events (9 events):
Event: 1.734 Thread 0x00007f18bc00a800 Uncommon trap: reason=unstable_if action=reinterpret pc=0x00007f18ac0acbb4 method=java.lang.String.startsWith(Ljava/lang/String;I)Z @ 25
Event: 1.998 Thread 0x00007f18bc00a800 Uncommon trap: reason=unstable_if action=reinterpret pc=0x00007f18ac16a0cc method=java.lang.String.indexOf([CII[CIII)I @ 3
Event: 4.225 Thread 0x00007f1858001000 Uncommon trap: reason=unstable_if action=reinterpret pc=0x00007f18ac27b0b8 method=sun.misc.MetaIndex.mayContain(Ljava/lang/String;)Z @ 38
Event: 4.225 Thread 0x00007f1858001000 Uncommon trap: reason=unstable_if action=reinterpret pc=0x00007f18ac14360c method=sun.misc.MetaIndex.mayContain(Ljava/lang/String;)Z @ 38
Event: 25.528 Thread 0x00007f185c002800 Uncommon trap: reason=bimorphic action=maybe_recompile pc=0x00007f18ac1d05d4 method=java.util.HashMap.putVal(ILjava/lang/Object;Ljava/lang/Object;ZZ)Ljava/lang/Object; @ 91
Event: 25.528 Thread 0x00007f185c002800 Uncommon trap: reason=bimorphic action=maybe_recompile pc=0x00007f18ac1d05d4 method=java.util.HashMap.putVal(ILjava/lang/Object;Ljava/lang/Object;ZZ)Ljava/lang/Object; @ 91
Event: 25.528 Thread 0x00007f185c002800 Uncommon trap: reason=bimorphic action=maybe_recompile pc=0x00007f18ac1d05d4 method=java.util.HashMap.putVal(ILjava/lang/Object;Ljava/lang/Object;ZZ)Ljava/lang/Object; @ 91
Event: 25.558 Thread 0x00007f185c002800 Uncommon trap: reason=bimorphic action=maybe_recompile pc=0x00007f18ac1d05d4 method=java.util.HashMap.putVal(ILjava/lang/Object;Ljava/lang/Object;ZZ)Ljava/lang/Object; @ 91
Event: 25.983 Thread 0x00007f185c001000 Uncommon trap: reason=unstable_if action=reinterpret pc=0x00007f18ac326f20 method=java.io.ObjectInputStream.defaultReadFields(Ljava/lang/Object;Ljava/io/ObjectStreamClass;)V @ 39

Classes redefined (0 events):
No events

Internal exceptions (10 events):
Event: 4.265 Thread 0x00007f1858001000 Exception <a 'java/lang/NoSuchMethodError': <clinit>> (0x00000000ebbb41a8) thrown at [/HUDSON/workspace/8-2-build-linux-amd64/jdk8u201/12317/hotspot/src/share/vm/prims/jni.cpp, line 1613]
Event: 4.306 Thread 0x00007f1834030800 Exception <a 'java/lang/InterruptedException'> (0x00000000ebbc4e80) thrown at [/HUDSON/workspace/8-2-build-linux-amd64/jdk8u201/12317/hotspot/src/share/vm/runtime/objectMonitor.cpp, line 1684]
Event: 11.116 Thread 0x00007f18bc2e5000 Exception <a 'java/net/ConnectException'> (0x00000000ebc8bcd8) thrown at [/HUDSON/workspace/8-2-build-linux-amd64/jdk8u201/12317/hotspot/src/share/vm/prims/jni.cpp, line 709]
Event: 11.138 Thread 0x00007f18bc2e7000 Exception <a 'java/net/ConnectException'> (0x00000000ebcdb360) thrown at [/HUDSON/workspace/8-2-build-linux-amd64/jdk8u201/12317/hotspot/src/share/vm/prims/jni.cpp, line 709]
Event: 11.154 Thread 0x00007f18bc2ea800 Exception <a 'java/net/ConnectException'> (0x00000000ebd2a9e8) thrown at [/HUDSON/workspace/8-2-build-linux-amd64/jdk8u201/12317/hotspot/src/share/vm/prims/jni.cpp, line 709]
Event: 21.117 Thread 0x00007f18bc2e5000 Exception <a 'java/net/ConnectException'> (0x00000000ebc8c800) thrown at [/HUDSON/workspace/8-2-build-linux-amd64/jdk8u201/12317/hotspot/src/share/vm/prims/jni.cpp, line 709]
Event: 21.138 Thread 0x00007f18bc2e7000 Exception <a 'java/net/ConnectException'> (0x00000000ebcdbe88) thrown at [/HUDSON/workspace/8-2-build-linux-amd64/jdk8u201/12317/hotspot/src/share/vm/prims/jni.cpp, line 709]
Event: 21.154 Thread 0x00007f18bc2ea800 Exception <a 'java/net/ConnectException'> (0x00000000ebd2b510) thrown at [/HUDSON/workspace/8-2-build-linux-amd64/jdk8u201/12317/hotspot/src/share/vm/prims/jni.cpp, line 709]
Event: 25.982 Thread 0x00007f185c001000 Implicit null exception at 0x00007f18ac325e16 to 0x00007f18ac326efd
Event: 26.147 Thread 0x00007f185c002800 Exception <a 'java/lang/NoSuchMethodError': <clinit>> (0x00000000ec36a0a8) thrown at [/HUDSON/workspace/8-2-build-linux-amd64/jdk8u201/12317/hotspot/src/share/vm/prims/jni.cpp, line 1613]

Events (10 events):
Event: 26.244 loading class org/evosuite/testcase/execution/EvosuiteError
Event: 26.244 loading class org/evosuite/testcase/execution/EvosuiteError done
Event: 26.245 loading class org/evosuite/testcase/statements/AbstractStatement$Executer
Event: 26.245 loading class org/evosuite/testcase/statements/AbstractStatement$Executer done
Event: 26.246 loading class org/evosuite/utils/generic/GenericAccessibleObject
Event: 26.246 loading class org/evosuite/utils/generic/GenericAccessibleObject done
Event: 26.258 loading class org/evosuite/testcase/variable/ArrayReference
Event: 26.258 loading class org/evosuite/testcase/variable/ArrayReference done
Event: 26.270 loading class org/evosuite/utils/generic/GenericClass
Event: 26.270 loading class org/evosuite/utils/generic/GenericClass done


Dynamic libraries:
00400000-00401000 r-xp 00000000 08:01 654793                             /usr/lib/jdk/jdk1.8.0_201/bin/java
00600000-00601000 r--p 00000000 08:01 654793                             /usr/lib/jdk/jdk1.8.0_201/bin/java
00601000-00602000 rw-p 00001000 08:01 654793                             /usr/lib/jdk/jdk1.8.0_201/bin/java
00cc8000-00ce9000 rw-p 00000000 00:00 0                                  [heap]
c2a00000-c5380000 rw-p 00000000 00:00 0 
c5380000-eb900000 ---p 00000000 00:00 0 
eb900000-edd00000 rw-p 00000000 00:00 0 
edd00000-100000000 ---p 00000000 00:00 0 
100000000-1001a0000 rw-p 00000000 00:00 0 
1001a0000-140000000 ---p 00000000 00:00 0 
7f1828000000-7f1828021000 rw-p 00000000 00:00 0 
7f1828021000-7f182c000000 ---p 00000000 00:00 0 
7f182c000000-7f182c06b000 rw-p 00000000 00:00 0 
7f182c06b000-7f1830000000 ---p 00000000 00:00 0 
7f1830000000-7f1830021000 rw-p 00000000 00:00 0 
7f1830021000-7f1834000000 ---p 00000000 00:00 0 
7f1834000000-7f183403b000 rw-p 00000000 00:00 0 
7f183403b000-7f1838000000 ---p 00000000 00:00 0 
7f1838000000-7f1838021000 rw-p 00000000 00:00 0 
7f1838021000-7f183c000000 ---p 00000000 00:00 0 
7f183c000000-7f183c021000 rw-p 00000000 00:00 0 
7f183c021000-7f1840000000 ---p 00000000 00:00 0 
7f1840000000-7f1840021000 rw-p 00000000 00:00 0 
7f1840021000-7f1844000000 ---p 00000000 00:00 0 
7f1844000000-7f1844021000 rw-p 00000000 00:00 0 
7f1844021000-7f1848000000 ---p 00000000 00:00 0 
7f1848000000-7f1848021000 rw-p 00000000 00:00 0 
7f1848021000-7f184c000000 ---p 00000000 00:00 0 
7f184c000000-7f184c021000 rw-p 00000000 00:00 0 
7f184c021000-7f1850000000 ---p 00000000 00:00 0 
7f1850000000-7f1850021000 rw-p 00000000 00:00 0 
7f1850021000-7f1854000000 ---p 00000000 00:00 0 
7f1854000000-7f1854021000 rw-p 00000000 00:00 0 
7f1854021000-7f1858000000 ---p 00000000 00:00 0 
7f1858000000-7f1858021000 rw-p 00000000 00:00 0 
7f1858021000-7f185c000000 ---p 00000000 00:00 0 
7f185c000000-7f185c021000 rw-p 00000000 00:00 0 
7f185c021000-7f1860000000 ---p 00000000 00:00 0 
7f1860000000-7f1860021000 rw-p 00000000 00:00 0 
7f1860021000-7f1864000000 ---p 00000000 00:00 0 
7f1864000000-7f1864021000 rw-p 00000000 00:00 0 
7f1864021000-7f1868000000 ---p 00000000 00:00 0 
7f1868000000-7f1868021000 rw-p 00000000 00:00 0 
7f1868021000-7f186c000000 ---p 00000000 00:00 0 
7f186c000000-7f186c021000 rw-p 00000000 00:00 0 
7f186c021000-7f1870000000 ---p 00000000 00:00 0 
7f1870fff000-7f1874000000 rw-p 00000000 00:00 0 
7f1874000000-7f18743a6000 rw-p 00000000 00:00 0 
7f18743a6000-7f1878000000 ---p 00000000 00:00 0 
7f1878000000-7f1878021000 rw-p 00000000 00:00 0 
7f1878021000-7f187c000000 ---p 00000000 00:00 0 
7f187c000000-7f187c60c000 rw-p 00000000 00:00 0 
7f187c60c000-7f1880000000 ---p 00000000 00:00 0 
7f1880000000-7f188023c000 rw-p 00000000 00:00 0 
7f188023c000-7f1884000000 ---p 00000000 00:00 0 
7f1884000000-7f1884021000 rw-p 00000000 00:00 0 
7f1884021000-7f1888000000 ---p 00000000 00:00 0 
7f1888000000-7f1888021000 rw-p 00000000 00:00 0 
7f1888021000-7f188c000000 ---p 00000000 00:00 0 
7f188c000000-7f188c021000 rw-p 00000000 00:00 0 
7f188c021000-7f1890000000 ---p 00000000 00:00 0 
7f1890000000-7f1890021000 rw-p 00000000 00:00 0 
7f1890021000-7f1894000000 ---p 00000000 00:00 0 
7f1894000000-7f1894021000 rw-p 00000000 00:00 0 
7f1894021000-7f1898000000 ---p 00000000 00:00 0 
7f1898c5e000-7f1898d1e000 rw-p 00000000 00:00 0 
7f1898d1e000-7f1898e5e000 ---p 00000000 00:00 0 
7f1898e5e000-7f1898e61000 ---p 00000000 00:00 0 
7f1898e61000-7f1898f5f000 rw-p 00000000 00:00 0 
7f1898f5f000-7f1898f62000 ---p 00000000 00:00 0 
7f1898f62000-7f1899060000 rw-p 00000000 00:00 0 
7f1899060000-7f1899063000 ---p 00000000 00:00 0 
7f1899063000-7f1899161000 rw-p 00000000 00:00 0 
7f1899161000-7f1899164000 ---p 00000000 00:00 0 
7f1899164000-7f1899262000 rw-p 00000000 00:00 0 
7f1899262000-7f1899265000 ---p 00000000 00:00 0 
7f1899265000-7f1899363000 rw-p 00000000 00:00 0 
7f1899363000-7f1899366000 ---p 00000000 00:00 0 
7f1899366000-7f1899464000 rw-p 00000000 00:00 0 
7f1899464000-7f1899467000 ---p 00000000 00:00 0 
7f1899467000-7f1899565000 rw-p 00000000 00:00 0 
7f1899565000-7f1899568000 ---p 00000000 00:00 0 
7f1899568000-7f1899666000 rw-p 00000000 00:00 0 
7f1899666000-7f1899669000 ---p 00000000 00:00 0 
7f1899669000-7f1899767000 rw-p 00000000 00:00 0 
7f1899767000-7f189976a000 ---p 00000000 00:00 0 
7f189976a000-7f1899868000 rw-p 00000000 00:00 0 
7f1899868000-7f189986b000 ---p 00000000 00:00 0 
7f189986b000-7f1899969000 rw-p 00000000 00:00 0 
7f1899969000-7f189996c000 ---p 00000000 00:00 0 
7f189996c000-7f1899a6a000 rw-p 00000000 00:00 0 
7f1899a6a000-7f1899a6d000 ---p 00000000 00:00 0 
7f1899a6d000-7f1899b6b000 rw-p 00000000 00:00 0 
7f1899b6b000-7f1899b6e000 ---p 00000000 00:00 0 
7f1899b6e000-7f1899c6c000 rw-p 00000000 00:00 0 
7f1899c6c000-7f1899c6f000 ---p 00000000 00:00 0 
7f1899c6f000-7f1899f6d000 rw-p 00000000 00:00 0 
7f1899f6d000-7f1899fe6000 r--s 010fd000 08:01 654900                     /usr/lib/jdk/jdk1.8.0_201/lib/tools.jar
7f1899fe6000-7f1899fe9000 ---p 00000000 00:00 0 
7f1899fe9000-7f189a0e7000 rw-p 00000000 00:00 0 
7f189a0e7000-7f189a0ea000 ---p 00000000 00:00 0 
7f189a0ea000-7f189a1e8000 rw-p 00000000 00:00 0 
7f189a1e8000-7f189a1eb000 ---p 00000000 00:00 0 
7f189a1eb000-7f189a2e9000 rw-p 00000000 00:00 0 
7f189a2e9000-7f189a2ff000 r-xp 00000000 08:01 656512                     /usr/lib/jdk/jdk1.8.0_201/jre/lib/amd64/libnet.so
7f189a2ff000-7f189a4ff000 ---p 00016000 08:01 656512                     /usr/lib/jdk/jdk1.8.0_201/jre/lib/amd64/libnet.so
7f189a4ff000-7f189a500000 r--p 00016000 08:01 656512                     /usr/lib/jdk/jdk1.8.0_201/jre/lib/amd64/libnet.so
7f189a500000-7f189a501000 rw-p 00017000 08:01 656512                     /usr/lib/jdk/jdk1.8.0_201/jre/lib/amd64/libnet.so
7f189a501000-7f189a732000 r--s 01bb1000 08:01 403225                     /home/hewitt/work/DiffTGen-master/lib/evosuite-1.0.6.jar
7f189a732000-7f189a733000 ---p 00000000 00:00 0 
7f189a733000-7f189a833000 rw-p 00000000 00:00 0 
7f189a833000-7f189a836000 ---p 00000000 00:00 0 
7f189a836000-7f189a934000 rw-p 00000000 00:00 0 
7f189a934000-7f189a937000 ---p 00000000 00:00 0 
7f189a937000-7f189aa35000 rw-p 00000000 00:00 0 
7f189aa35000-7f189aa38000 ---p 00000000 00:00 0 
7f189aa38000-7f189ab36000 rw-p 00000000 00:00 0 
7f189ab36000-7f189ab39000 ---p 00000000 00:00 0 
7f189ab39000-7f189ac37000 rw-p 00000000 00:00 0 
7f189ac37000-7f189ac3a000 ---p 00000000 00:00 0 
7f189ac3a000-7f189ad38000 rw-p 00000000 00:00 0 
7f189ad38000-7f189b6f7000 r--p 00000000 08:01 270368                     /usr/lib/locale/locale-archive
7f189b6f7000-7f189b6fa000 ---p 00000000 00:00 0 
7f189b6fa000-7f189b7f8000 rw-p 00000000 00:00 0 
7f189b7f8000-7f189b7fb000 ---p 00000000 00:00 0 
7f189b7fb000-7f189b8f9000 rw-p 00000000 00:00 0 
7f189b8f9000-7f189b8fa000 ---p 00000000 00:00 0 
7f189b8fa000-7f189c000000 rw-p 00000000 00:00 0 
7f189c000000-7f189c021000 rw-p 00000000 00:00 0 
7f189c021000-7f18a0000000 ---p 00000000 00:00 0 
7f18a0000000-7f18a0021000 rw-p 00000000 00:00 0 
7f18a0021000-7f18a4000000 ---p 00000000 00:00 0 
7f18a4000000-7f18a4021000 rw-p 00000000 00:00 0 
7f18a4021000-7f18a8000000 ---p 00000000 00:00 0 
7f18a8072000-7f18a897b000 rw-p 00000000 00:00 0 
7f18a897b000-7f18a8b55000 r--s 03d6f000 08:01 656293                     /usr/lib/jdk/jdk1.8.0_201/jre/lib/rt.jar
7f18a8b55000-7f18ab466000 rw-p 00000000 00:00 0 
7f18ab466000-7f18ab467000 ---p 00000000 00:00 0 
7f18ab467000-7f18ab567000 rw-p 00000000 00:00 0 
7f18ab567000-7f18ab568000 ---p 00000000 00:00 0 
7f18ab568000-7f18ab668000 rw-p 00000000 00:00 0 
7f18ab668000-7f18ab669000 ---p 00000000 00:00 0 
7f18ab669000-7f18ab769000 rw-p 00000000 00:00 0 
7f18ab769000-7f18ab76a000 ---p 00000000 00:00 0 
7f18ab76a000-7f18ab87f000 rw-p 00000000 00:00 0 
7f18ab87f000-7f18ab9b2000 ---p 00000000 00:00 0 
7f18ab9b2000-7f18ab9c7000 rw-p 00000000 00:00 0 
7f18ab9c7000-7f18abaf9000 ---p 00000000 00:00 0 
7f18abaf9000-7f18abb0c000 rw-p 00000000 00:00 0 
7f18abb0c000-7f18abb9d000 ---p 00000000 00:00 0 
7f18abb9d000-7f18abbae000 rw-p 00000000 00:00 0 
7f18abbae000-7f18abf5e000 ---p 00000000 00:00 0 
7f18abf5e000-7f18ac33e000 rwxp 00000000 00:00 0 
7f18ac34e000-7f18baf5e000 ---p 00000000 00:00 0 
7f18baf5e000-7f18baf79000 r-xp 00000000 08:01 656508                     /usr/lib/jdk/jdk1.8.0_201/jre/lib/amd64/libzip.so
7f18baf79000-7f18bb178000 ---p 0001b000 08:01 656508                     /usr/lib/jdk/jdk1.8.0_201/jre/lib/amd64/libzip.so
7f18bb178000-7f18bb179000 r--p 0001a000 08:01 656508                     /usr/lib/jdk/jdk1.8.0_201/jre/lib/amd64/libzip.so
7f18bb179000-7f18bb17a000 rw-p 0001b000 08:01 656508                     /usr/lib/jdk/jdk1.8.0_201/jre/lib/amd64/libzip.so
7f18bb17a000-7f18bb185000 r-xp 00000000 08:01 658902                     /lib/x86_64-linux-gnu/libnss_files-2.23.so
7f18bb185000-7f18bb384000 ---p 0000b000 08:01 658902                     /lib/x86_64-linux-gnu/libnss_files-2.23.so
7f18bb384000-7f18bb385000 r--p 0000a000 08:01 658902                     /lib/x86_64-linux-gnu/libnss_files-2.23.so
7f18bb385000-7f18bb386000 rw-p 0000b000 08:01 658902                     /lib/x86_64-linux-gnu/libnss_files-2.23.so
7f18bb386000-7f18bb38c000 rw-p 00000000 00:00 0 
7f18bb38c000-7f18bb397000 r-xp 00000000 08:01 658912                     /lib/x86_64-linux-gnu/libnss_nis-2.23.so
7f18bb397000-7f18bb596000 ---p 0000b000 08:01 658912                     /lib/x86_64-linux-gnu/libnss_nis-2.23.so
7f18bb596000-7f18bb597000 r--p 0000a000 08:01 658912                     /lib/x86_64-linux-gnu/libnss_nis-2.23.so
7f18bb597000-7f18bb598000 rw-p 0000b000 08:01 658912                     /lib/x86_64-linux-gnu/libnss_nis-2.23.so
7f18bb598000-7f18bb5ae000 r-xp 00000000 08:01 658896                     /lib/x86_64-linux-gnu/libnsl-2.23.so
7f18bb5ae000-7f18bb7ad000 ---p 00016000 08:01 658896                     /lib/x86_64-linux-gnu/libnsl-2.23.so
7f18bb7ad000-7f18bb7ae000 r--p 00015000 08:01 658896                     /lib/x86_64-linux-gnu/libnsl-2.23.so
7f18bb7ae000-7f18bb7af000 rw-p 00016000 08:01 658896                     /lib/x86_64-linux-gnu/libnsl-2.23.so
7f18bb7af000-7f18bb7b1000 rw-p 00000000 00:00 0 
7f18bb7b1000-7f18bb7b9000 r-xp 00000000 08:01 658898                     /lib/x86_64-linux-gnu/libnss_compat-2.23.so
7f18bb7b9000-7f18bb9b8000 ---p 00008000 08:01 658898                     /lib/x86_64-linux-gnu/libnss_compat-2.23.so
7f18bb9b8000-7f18bb9b9000 r--p 00007000 08:01 658898                     /lib/x86_64-linux-gnu/libnss_compat-2.23.so
7f18bb9b9000-7f18bb9ba000 rw-p 00008000 08:01 658898                     /lib/x86_64-linux-gnu/libnss_compat-2.23.so
7f18bb9ba000-7f18bb9e6000 r-xp 00000000 08:01 656502                     /usr/lib/jdk/jdk1.8.0_201/jre/lib/amd64/libjava.so
7f18bb9e6000-7f18bbbe6000 ---p 0002c000 08:01 656502                     /usr/lib/jdk/jdk1.8.0_201/jre/lib/amd64/libjava.so
7f18bbbe6000-7f18bbbe7000 r--p 0002c000 08:01 656502                     /usr/lib/jdk/jdk1.8.0_201/jre/lib/amd64/libjava.so
7f18bbbe7000-7f18bbbe9000 rw-p 0002d000 08:01 656502                     /usr/lib/jdk/jdk1.8.0_201/jre/lib/amd64/libjava.so
7f18bbbe9000-7f18bbbf6000 r-xp 00000000 08:01 656507                     /usr/lib/jdk/jdk1.8.0_201/jre/lib/amd64/libverify.so
7f18bbbf6000-7f18bbdf5000 ---p 0000d000 08:01 656507                     /usr/lib/jdk/jdk1.8.0_201/jre/lib/amd64/libverify.so
7f18bbdf5000-7f18bbdf7000 r--p 0000c000 08:01 656507                     /usr/lib/jdk/jdk1.8.0_201/jre/lib/amd64/libverify.so
7f18bbdf7000-7f18bbdf8000 rw-p 0000e000 08:01 656507                     /usr/lib/jdk/jdk1.8.0_201/jre/lib/amd64/libverify.so
7f18bbdf8000-7f18bbdff000 r-xp 00000000 08:01 658957                     /lib/x86_64-linux-gnu/librt-2.23.so
7f18bbdff000-7f18bbffe000 ---p 00007000 08:01 658957                     /lib/x86_64-linux-gnu/librt-2.23.so
7f18bbffe000-7f18bbfff000 r--p 00006000 08:01 658957                     /lib/x86_64-linux-gnu/librt-2.23.so
7f18bbfff000-7f18bc000000 rw-p 00007000 08:01 658957                     /lib/x86_64-linux-gnu/librt-2.23.so
7f18bc000000-7f18bc4c7000 rw-p 00000000 00:00 0 
7f18bc4c7000-7f18c0000000 ---p 00000000 00:00 0 
7f18c001f000-7f18c003b000 r--s 00393000 08:01 656354                     /usr/lib/jdk/jdk1.8.0_201/jre/lib/ext/cldrdata.jar
7f18c003b000-7f18c003e000 ---p 00000000 00:00 0 
7f18c003e000-7f18c0074000 rw-p 00000000 00:00 0 
7f18c0074000-7f18c017c000 r-xp 00000000 08:01 658873                     /lib/x86_64-linux-gnu/libm-2.23.so
7f18c017c000-7f18c037b000 ---p 00108000 08:01 658873                     /lib/x86_64-linux-gnu/libm-2.23.so
7f18c037b000-7f18c037c000 r--p 00107000 08:01 658873                     /lib/x86_64-linux-gnu/libm-2.23.so
7f18c037c000-7f18c037d000 rw-p 00108000 08:01 658873                     /lib/x86_64-linux-gnu/libm-2.23.so
7f18c037d000-7f18c1065000 r-xp 00000000 08:01 656484                     /usr/lib/jdk/jdk1.8.0_201/jre/lib/amd64/server/libjvm.so
7f18c1065000-7f18c1264000 ---p 00ce8000 08:01 656484                     /usr/lib/jdk/jdk1.8.0_201/jre/lib/amd64/server/libjvm.so
7f18c1264000-7f18c12fa000 r--p 00ce7000 08:01 656484                     /usr/lib/jdk/jdk1.8.0_201/jre/lib/amd64/server/libjvm.so
7f18c12fa000-7f18c132b000 rw-p 00d7d000 08:01 656484                     /usr/lib/jdk/jdk1.8.0_201/jre/lib/amd64/server/libjvm.so
7f18c132b000-7f18c1366000 rw-p 00000000 00:00 0 
7f18c1366000-7f18c1526000 r-xp 00000000 08:01 658803                     /lib/x86_64-linux-gnu/libc-2.23.so
7f18c1526000-7f18c1726000 ---p 001c0000 08:01 658803                     /lib/x86_64-linux-gnu/libc-2.23.so
7f18c1726000-7f18c172a000 r--p 001c0000 08:01 658803                     /lib/x86_64-linux-gnu/libc-2.23.so
7f18c172a000-7f18c172c000 rw-p 001c4000 08:01 658803                     /lib/x86_64-linux-gnu/libc-2.23.so
7f18c172c000-7f18c1730000 rw-p 00000000 00:00 0 
7f18c1730000-7f18c1733000 r-xp 00000000 08:01 658827                     /lib/x86_64-linux-gnu/libdl-2.23.so
7f18c1733000-7f18c1932000 ---p 00003000 08:01 658827                     /lib/x86_64-linux-gnu/libdl-2.23.so
7f18c1932000-7f18c1933000 r--p 00002000 08:01 658827                     /lib/x86_64-linux-gnu/libdl-2.23.so
7f18c1933000-7f18c1934000 rw-p 00003000 08:01 658827                     /lib/x86_64-linux-gnu/libdl-2.23.so
7f18c1934000-7f18c194b000 r-xp 00000000 08:01 656155                     /usr/lib/jdk/jdk1.8.0_201/lib/amd64/jli/libjli.so
7f18c194b000-7f18c1b4a000 ---p 00017000 08:01 656155                     /usr/lib/jdk/jdk1.8.0_201/lib/amd64/jli/libjli.so
7f18c1b4a000-7f18c1b4b000 r--p 00016000 08:01 656155                     /usr/lib/jdk/jdk1.8.0_201/lib/amd64/jli/libjli.so
7f18c1b4b000-7f18c1b4c000 rw-p 00017000 08:01 656155                     /usr/lib/jdk/jdk1.8.0_201/lib/amd64/jli/libjli.so
7f18c1b4c000-7f18c1b64000 r-xp 00000000 08:01 658949                     /lib/x86_64-linux-gnu/libpthread-2.23.so
7f18c1b64000-7f18c1d63000 ---p 00018000 08:01 658949                     /lib/x86_64-linux-gnu/libpthread-2.23.so
7f18c1d63000-7f18c1d64000 r--p 00017000 08:01 658949                     /lib/x86_64-linux-gnu/libpthread-2.23.so
7f18c1d64000-7f18c1d65000 rw-p 00018000 08:01 658949                     /lib/x86_64-linux-gnu/libpthread-2.23.so
7f18c1d65000-7f18c1d69000 rw-p 00000000 00:00 0 
7f18c1d69000-7f18c1d8f000 r-xp 00000000 08:01 658775                     /lib/x86_64-linux-gnu/ld-2.23.so
7f18c1d9a000-7f18c1da4000 r--s 00116000 08:01 656361                     /usr/lib/jdk/jdk1.8.0_201/jre/lib/ext/localedata.jar
7f18c1da4000-7f18c1db3000 r--s 000ad000 08:01 420845                     /home/hewitt/work/DiffTGen-master/output/patch1-Math-80-Jaid-plausible/Math_80_1-plausible_jaid/target/build/classes/all0.jar
7f18c1db3000-7f18c1e71000 rw-p 00000000 00:00 0 
7f18c1e71000-7f18c1e74000 ---p 00000000 00:00 0 
7f18c1e74000-7f18c1f77000 rw-p 00000000 00:00 0 
7f18c1f77000-7f18c1f7b000 r--s 000a1000 08:01 656350                     /usr/lib/jdk/jdk1.8.0_201/jre/lib/jsse.jar
7f18c1f7b000-7f18c1f83000 r--s 0006e000 08:01 398946                     /home/hewitt/work/DiffTGen-master/lib/commons-lang3-3.5.jar
7f18c1f83000-7f18c1f84000 r--s 00000000 08:01 398951                     /home/hewitt/work/DiffTGen-master/lib/myprinter.jar
7f18c1f84000-7f18c1f8c000 rw-s 00000000 08:01 152989                     /tmp/hsperfdata_hewitt/125070
7f18c1f8c000-7f18c1f8d000 rw-p 00000000 00:00 0 
7f18c1f8d000-7f18c1f8e000 ---p 00000000 00:00 0 
7f18c1f8e000-7f18c1f8f000 r--p 00025000 08:01 658775                     /lib/x86_64-linux-gnu/ld-2.23.so
7f18c1f8f000-7f18c1f90000 rw-p 00026000 08:01 658775                     /lib/x86_64-linux-gnu/ld-2.23.so
7f18c1f90000-7f18c1f91000 rw-p 00000000 00:00 0 
7fff3e2f3000-7fff3e315000 rw-p 00000000 00:00 0                          [stack]
7fff3e388000-7fff3e38b000 r--p 00000000 00:00 0                          [vvar]
7fff3e38b000-7fff3e38d000 r-xp 00000000 00:00 0                          [vdso]
ffffffffff600000-ffffffffff601000 r-xp 00000000 00:00 0                  [vsyscall]

VM Arguments:
java_command: /home/hewitt/work/DiffTGen-master/lib/evosuite-1.0.6.jar -base_dir /home/hewitt/work/DiffTGen-master/output/patch1-Math-80-Jaid-plausible/Math_80_1-plausible_jaid/target/0/8 -projectCP /home/hewitt/work/DiffTGen-master/output/patch1-Math-80-Jaid-plausible/Math_80_1-plausible_jaid/target/build/classes/all0.jar:/home/hewitt/work/DiffTGen-master/lib/myprinter.jar:/home/hewitt/work/DiffTGen-master/lib/commons-lang3-3.5.jar -class org.apache.commons.math.linear.EigenDecompositionImpl -Dassertions=false -Dsearch_budget=60
java_class_path (initial): /home/hewitt/work/DiffTGen-master/lib/evosuite-1.0.6.jar
Launcher Type: SUN_STANDARD

Environment Variables:
JAVA_HOME=/usr/lib/jdk/jdk1.8.0_201
JRE_HOME=/usr/lib/jdk/jdk1.8.0_201/jre
CLASSPATH=.:/usr/lib/jdk/jdk1.8.0_201/lib:/usr/lib/jdk/jdk1.8.0_201/jre/lib
PATH=/usr/lib/jdk/jdk1.8.0_201/bin:/home/hewitt/bin:/home/hewitt/.local/bin:/usr/lib/jdk/jdk1.7.0_80/bin:/usr/local/sbin:/usr/local/bin:/usr/sbin:/usr/bin:/sbin:/bin:/usr/games:/usr/local/games:/snap/bin:/home/hewitt/work/defects4j_v1.4.0/defects4j/framework/bin:/opt/apache-ant-1.9.14/bin:/home/hewitt/work/defects4j_v1.4.0/defects4j/framework/bin
SHELL=/bin/bash
DISPLAY=:0

Signal Handlers:
SIGSEGV: [libjvm.so+0xad3e60], sa_mask[0]=11111111011111111101111111111110, sa_flags=SA_RESTART|SA_SIGINFO
SIGBUS: [libjvm.so+0xad3e60], sa_mask[0]=11111111011111111101111111111110, sa_flags=SA_RESTART|SA_SIGINFO
SIGFPE: [libjvm.so+0x90b880], sa_mask[0]=11111111011111111101111111111110, sa_flags=SA_RESTART|SA_SIGINFO
SIGPIPE: [libjvm.so+0x90b880], sa_mask[0]=11111111011111111101111111111110, sa_flags=SA_RESTART|SA_SIGINFO
SIGXFSZ: [libjvm.so+0x90b880], sa_mask[0]=11111111011111111101111111111110, sa_flags=SA_RESTART|SA_SIGINFO
SIGILL: [libjvm.so+0x90b880], sa_mask[0]=11111111011111111101111111111110, sa_flags=SA_RESTART|SA_SIGINFO
SIGUSR1: SIG_DFL, sa_mask[0]=00000000000000000000000000000000, sa_flags=none
SIGUSR2: [libjvm.so+0x90b750], sa_mask[0]=00100000000000000000000000000000, sa_flags=SA_RESTART|SA_SIGINFO
SIGHUP: [libjvm.so+0x90bd70], sa_mask[0]=11111111011111111101111111111110, sa_flags=SA_RESTART|SA_SIGINFO
SIGINT: [libjvm.so+0x90bd70], sa_mask[0]=11111111011111111101111111111110, sa_flags=SA_RESTART|SA_SIGINFO
SIGTERM: [libjvm.so+0x90bd70], sa_mask[0]=11111111011111111101111111111110, sa_flags=SA_RESTART|SA_SIGINFO
SIGQUIT: [libjvm.so+0x90bd70], sa_mask[0]=11111111011111111101111111111110, sa_flags=SA_RESTART|SA_SIGINFO


---------------  S Y S T E M  ---------------

OS:DISTRIB_ID=Ubuntu
DISTRIB_RELEASE=16.04
DISTRIB_CODENAME=xenial
DISTRIB_DESCRIPTION="Ubuntu 16.04.6 LTS"

uname:Linux 4.15.0-91-generic #92~16.04.1-Ubuntu SMP Fri Feb 28 14:57:22 UTC 2020 x86_64
libc:glibc 2.23 NPTL 2.23 
rlimit: STACK 8192k, CORE 0k, NPROC 15448, NOFILE 1048576, AS infinity
load average:12.50 12.35 14.20

/proc/meminfo:
MemTotal:        4015928 kB
MemFree:          541556 kB
MemAvailable:     457612 kB
Buffers:             584 kB
Cached:            41040 kB
SwapCached:         2104 kB
Active:          2411880 kB
Inactive:         623404 kB
Active(anon):    2406040 kB
Inactive(anon):   589912 kB
Active(file):       5840 kB
Inactive(file):    33492 kB
Unevictable:          48 kB
Mlocked:              48 kB
SwapTotal:        998396 kB
SwapFree:         149412 kB
Dirty:                24 kB
Writeback:          1136 kB
AnonPages:       2992316 kB
Mapped:            30448 kB
Shmem:              2140 kB
Slab:              92512 kB
SReclaimable:      33716 kB
SUnreclaim:        58796 kB
KernelStack:       16212 kB
PageTables:        40956 kB
NFS_Unstable:          0 kB
Bounce:                0 kB
WritebackTmp:          0 kB
CommitLimit:     3006360 kB
Committed_AS:    8586828 kB
VmallocTotal:   34359738367 kB
VmallocUsed:           0 kB
VmallocChunk:          0 kB
HardwareCorrupted:     0 kB
AnonHugePages:         0 kB
ShmemHugePages:        0 kB
ShmemPmdMapped:        0 kB
CmaTotal:              0 kB
CmaFree:               0 kB
HugePages_Total:       0
HugePages_Free:        0
HugePages_Rsvd:        0
HugePages_Surp:        0
Hugepagesize:       2048 kB
DirectMap4k:       98112 kB
DirectMap2M:     4096000 kB
DirectMap1G:     2097152 kB

container (cgroup) information:
container_type: cgroupv1
cpu_cpuset_cpus: 0-3
cpu_memory_nodes: 0
active_processor_count: 4
cpu_quota: -1
cpu_period: 100000
cpu_shares: -1
memory_limit_in_bytes: -1
memory_and_swap_limit_in_bytes: -2
memory_soft_limit_in_bytes: -1
memory_usage_in_bytes: 3108556800
memory_max_usage_in_bytes: 69316608


CPU:total 4 (initial active 4) (2 cores per cpu, 1 threads per core) family 6 model 158 stepping 9, cmov, cx8, fxsr, mmx, sse, sse2, sse3, ssse3, sse4.1, sse4.2, popcnt, avx, avx2, aes, clmul, erms, 3dnowpref, lzcnt, tsc, tscinvbit, bmi1, bmi2, adx

/proc/cpuinfo:
processor	: 0
vendor_id	: GenuineIntel
cpu family	: 6
model		: 158
model name	: Intel(R) Core(TM) i7-7700HQ CPU @ 2.80GHz
stepping	: 9
microcode	: 0xb4
cpu MHz		: 2808.002
cache size	: 6144 KB
physical id	: 0
siblings	: 2
core id		: 0
cpu cores	: 2
apicid		: 0
initial apicid	: 0
fpu		: yes
fpu_exception	: yes
cpuid level	: 22
wp		: yes
flags		: fpu vme de pse tsc msr pae mce cx8 apic sep mtrr pge mca cmov pat pse36 clflush mmx fxsr sse sse2 ss ht syscall nx pdpe1gb rdtscp lm constant_tsc arch_perfmon nopl xtopology tsc_reliable nonstop_tsc cpuid pni pclmulqdq ssse3 fma cx16 pcid sse4_1 sse4_2 x2apic movbe popcnt tsc_deadline_timer aes xsave avx f16c rdrand hypervisor lahf_lm abm 3dnowprefetch cpuid_fault invpcid_single pti ssbd ibrs ibpb stibp fsgsbase tsc_adjust bmi1 avx2 smep bmi2 invpcid mpx rdseed adx smap clflushopt xsaveopt xsavec xsaves arat md_clear flush_l1d arch_capabilities
bugs		: cpu_meltdown spectre_v1 spectre_v2 spec_store_bypass l1tf mds swapgs itlb_multihit
bogomips	: 5616.00
clflush size	: 64
cache_alignment	: 64
address sizes	: 43 bits physical, 48 bits virtual
power management:

processor	: 1
vendor_id	: GenuineIntel
cpu family	: 6
model		: 158
model name	: Intel(R) Core(TM) i7-7700HQ CPU @ 2.80GHz
stepping	: 9
microcode	: 0xb4
cpu MHz		: 2808.002
cache size	: 6144 KB
physical id	: 0
siblings	: 2
core id		: 1
cpu cores	: 2
apicid		: 1
initial apicid	: 1
fpu		: yes
fpu_exception	: yes
cpuid level	: 22
wp		: yes
flags		: fpu vme de pse tsc msr pae mce cx8 apic sep mtrr pge mca cmov pat pse36 clflush mmx fxsr sse sse2 ss ht syscall nx pdpe1gb rdtscp lm constant_tsc arch_perfmon nopl xtopology tsc_reliable nonstop_tsc cpuid pni pclmulqdq ssse3 fma cx16 pcid sse4_1 sse4_2 x2apic movbe popcnt tsc_deadline_timer aes xsave avx f16c rdrand hypervisor lahf_lm abm 3dnowprefetch cpuid_fault invpcid_single pti ssbd ibrs ibpb stibp fsgsbase tsc_adjust bmi1 avx2 smep bmi2 invpcid mpx rdseed adx smap clflushopt xsaveopt xsavec xsaves arat md_clear flush_l1d arch_capabilities
bugs		: cpu_meltdown spectre_v1 spectre_v2 spec_store_bypass l1tf mds swapgs itlb_multihit
bogomips	: 5616.00
clflush size	: 64
cache_alignment	: 64
address sizes	: 43 bits physical, 48 bits virtual
power management:

processor	: 2
vendor_id	: GenuineIntel
cpu family	: 6
model		: 158
model name	: Intel(R) Core(TM) i7-7700HQ CPU @ 2.80GHz
stepping	: 9
microcode	: 0xb4
cpu MHz		: 2808.002
cache size	: 6144 KB
physical id	: 1
siblings	: 2
core id		: 0
cpu cores	: 2
apicid		: 2
initial apicid	: 2
fpu		: yes
fpu_exception	: yes
cpuid level	: 22
wp		: yes
flags		: fpu vme de pse tsc msr pae mce cx8 apic sep mtrr pge mca cmov pat pse36 clflush mmx fxsr sse sse2 ss ht syscall nx pdpe1gb rdtscp lm constant_tsc arch_perfmon nopl xtopology tsc_reliable nonstop_tsc cpuid pni pclmulqdq ssse3 fma cx16 pcid sse4_1 sse4_2 x2apic movbe popcnt tsc_deadline_timer aes xsave avx f16c rdrand hypervisor lahf_lm abm 3dnowprefetch cpuid_fault invpcid_single pti ssbd ibrs ibpb stibp fsgsbase tsc_adjust bmi1 avx2 smep bmi2 invpcid mpx rdseed adx smap clflushopt xsaveopt xsavec xsaves arat md_clear flush_l1d arch_capabilities
bugs		: cpu_meltdown spectre_v1 spectre_v2 spec_store_bypass l1tf mds swapgs itlb_multihit
bogomips	: 5616.00
clflush size	: 64
cache_alignment	: 64
address sizes	: 43 bits physical, 48 bits virtual
power management:

processor	: 3
vendor_id	: GenuineIntel
cpu family	: 6
model		: 158
model name	: Intel(R) Core(TM) i7-7700HQ CPU @ 2.80GHz
stepping	: 9
microcode	: 0xb4
cpu MHz		: 2808.002
cache size	: 6144 KB
physical id	: 1
siblings	: 2
core id		: 1
cpu cores	: 2
apicid		: 3
initial apicid	: 3
fpu		: yes
fpu_exception	: yes
cpuid level	: 22
wp		: yes
flags		: fpu vme de pse tsc msr pae mce cx8 apic sep mtrr pge mca cmov pat pse36 clflush mmx fxsr sse sse2 ss ht syscall nx pdpe1gb rdtscp lm constant_tsc arch_perfmon nopl xtopology tsc_reliable nonstop_tsc cpuid pni pclmulqdq ssse3 fma cx16 pcid sse4_1 sse4_2 x2apic movbe popcnt tsc_deadline_timer aes xsave avx f16c rdrand hypervisor lahf_lm abm 3dnowprefetch cpuid_fault invpcid_single pti ssbd ibrs ibpb stibp fsgsbase tsc_adjust bmi1 avx2 smep bmi2 invpcid mpx rdseed adx smap clflushopt xsaveopt xsavec xsaves arat md_clear flush_l1d arch_capabilities
bugs		: cpu_meltdown spectre_v1 spectre_v2 spec_store_bypass l1tf mds swapgs itlb_multihit
bogomips	: 5616.00
clflush size	: 64
cache_alignment	: 64
address sizes	: 43 bits physical, 48 bits virtual
power management:



Memory: 4k page, physical 4015928k(541556k free), swap 998396k(149412k free)

vm_info: Java HotSpot(TM) 64-Bit Server VM (25.201-b09) for linux-amd64 JRE (1.8.0_201-b09), built on Dec 15 2018 11:35:59 by "java_re" with gcc 7.3.0

time: Sun Mar 29 08:38:51 2020
timezone: CST
elapsed time: 28 seconds (0d 0h 0m 28s)

