#
# There is insufficient memory for the Java Runtime Environment to continue.
# Native memory allocation (mmap) failed to map 29360128 bytes for committing reserved memory.
# Possible reasons:
#   The system is out of physical RAM or swap space
#   The process is running with CompressedOops enabled, and the Java Heap may be blocking the growth of the native heap
# Possible solutions:
#   Reduce memory load on the system
#   Increase physical memory or swap space
#   Check if swap backing store is full
#   Decrease Java heap size (-Xmx/-Xms)
#   Decrease number of Java threads
#   Decrease Java thread stack sizes (-Xss)
#   Set larger code cache with -XX:ReservedCodeCacheSize=
#   JVM is running with Unscaled Compressed Oops mode in which the Java heap is
#     placed in the first 4GB address space. The Java Heap base address is the
#     maximum limit for the native heap growth. Please use -XX:HeapBaseMinAddress
#     to set the Java Heap base and to place the Java Heap above 4GB virtual address.
# This output file may be truncated or incomplete.
#
#  Out of Memory Error (os_linux.cpp:2749), pid=62516, tid=0x00007fd66e745700
#
# JRE version: Java(TM) SE Runtime Environment (8.0_201-b09) (build 1.8.0_201-b09)
# Java VM: Java HotSpot(TM) 64-Bit Server VM (25.201-b09 mixed mode linux-amd64 compressed oops)
# Failed to write core dump. Core dumps have been disabled. To enable core dumping, try "ulimit -c unlimited" before starting Java again
#

---------------  T H R E A D  ---------------

Current thread (0x00007fd680140000):  VMThread [stack: 0x00007fd66e645000,0x00007fd66e746000] [id=62576]

Stack: [0x00007fd66e645000,0x00007fd66e746000],  sp=0x00007fd66e744450,  free space=1021k
Native frames: (J=compiled Java code, j=interpreted, Vv=VM code, C=native code)
V  [libjvm.so+0xad3525]  VMError::report_and_die()+0x2e5
V  [libjvm.so+0x4e0457]  report_vm_out_of_memory(char const*, int, unsigned long, VMErrorType, char const*)+0x67
V  [libjvm.so+0x9102f0]  os::pd_commit_memory(char*, unsigned long, unsigned long, bool)+0x100
V  [libjvm.so+0x90791f]  os::commit_memory(char*, unsigned long, unsigned long, bool)+0x1f
V  [libjvm.so+0x98c806]  PSVirtualSpace::expand_by(unsigned long)+0x56
V  [libjvm.so+0x98da98]  PSYoungGen::resize(unsigned long, unsigned long)+0xd8
V  [libjvm.so+0x98a236]  PSScavenge::invoke_no_policy()+0x1376
V  [libjvm.so+0x98a5cc]  PSScavenge::invoke()+0x4c
V  [libjvm.so+0x93a318]  ParallelScavengeHeap::failed_mem_allocate(unsigned long)+0x68
V  [libjvm.so+0xad5073]  VM_ParallelGCFailedAllocation::doit()+0x93
V  [libjvm.so+0xada296]  VM_Operation::evaluate()+0x46
V  [libjvm.so+0xad85cd]  VMThread::evaluate_operation(VM_Operation*) [clone .constprop.44]+0xcd
V  [libjvm.so+0xad8bb3]  VMThread::loop()+0x3a3
V  [libjvm.so+0xad8f88]  VMThread::run()+0x78
V  [libjvm.so+0x90d922]  java_start(Thread*)+0x102

VM_Operation (0x00007fd664df5ce0): ParallelGCFailedAllocation, mode: safepoint, requested by thread 0x00007fd618001000


---------------  P R O C E S S  ---------------

Java Threads: ( => current thread )
  0x00007fd618003000 JavaThread "RMI TCP Connection(3)-127.0.0.1" daemon [_thread_in_native, id=63035, stack(0x00007fd664bfb000,0x00007fd664cfc000)]
  0x00007fd618001000 JavaThread "RMI TCP Connection(2)-127.0.0.1" daemon [_thread_blocked, id=62938, stack(0x00007fd664cfc000,0x00007fd664dfd000)]
  0x00007fd5f0038000 JavaThread "RMI Scheduler(0)" daemon [_thread_blocked, id=62931, stack(0x00007fd664dfd000,0x00007fd664efe000)]
  0x00007fd5f0030800 JavaThread "RMI RenewClean-[127.0.0.1:14289]" daemon [_thread_blocked, id=62929, stack(0x00007fd664efe000,0x00007fd664fff000)]
  0x00007fd624001000 JavaThread "RMI TCP Connection(idle)" daemon [_thread_blocked, id=62921, stack(0x00007fd66c027000,0x00007fd66c128000)]
  0x00007fd610005000 JavaThread "pool-3-thread-3" [_thread_in_native, id=62874, stack(0x00007fd66c128000,0x00007fd66c229000)]
  0x00007fd610003000 JavaThread "pool-3-thread-2" [_thread_in_native, id=62872, stack(0x00007fd66c229000,0x00007fd66c32a000)]
  0x00007fd610002000 JavaThread "pool-3-thread-1" [_thread_in_native, id=62871, stack(0x00007fd66c32a000,0x00007fd66c42b000)]
  0x00007fd6803b8000 JavaThread "Thread-3" [_thread_in_native, id=62798, stack(0x00007fd66c42b000,0x00007fd66c52c000)]
  0x00007fd6803b6800 JavaThread "Thread-2" [_thread_in_native, id=62796, stack(0x00007fd66c52c000,0x00007fd66c62d000)]
  0x00007fd6803b5000 JavaThread "process reaper" daemon [_thread_in_native, id=62791, stack(0x00007fd684025000,0x00007fd68405e000)]
  0x00007fd6803af000 JavaThread "pool-2-thread-1" [_thread_in_native, id=62704, stack(0x00007fd66c62d000,0x00007fd66c72e000)]
  0x00007fd6803ac800 JavaThread "GC Daemon" daemon [_thread_blocked, id=62699, stack(0x00007fd66c72e000,0x00007fd66c82f000)]
  0x00007fd6803aa000 JavaThread "RMI Reaper" [_thread_blocked, id=62698, stack(0x00007fd66c82f000,0x00007fd66c930000)]
  0x00007fd6803a3000 JavaThread "RMI TCP Accept-9623" daemon [_thread_in_native, id=62696, stack(0x00007fd66c930000,0x00007fd66ca31000)]
  0x00007fd68039b800 JavaThread "RMI TCP Accept-2011" daemon [_thread_in_native, id=62685, stack(0x00007fd66ca31000,0x00007fd66cb32000)]
  0x00007fd6802e3800 JavaThread "logback-3" daemon [_thread_blocked, id=62656, stack(0x00007fd66cd32000,0x00007fd66ce33000)]
  0x00007fd6802df800 JavaThread "logback-2" daemon [_thread_blocked, id=62654, stack(0x00007fd66ce33000,0x00007fd66cf34000)]
  0x00007fd6802de000 JavaThread "logback-1" daemon [_thread_blocked, id=62651, stack(0x00007fd66cf34000,0x00007fd66d035000)]
  0x00007fd680189000 JavaThread "Service Thread" daemon [_thread_blocked, id=62622, stack(0x00007fd66d57f000,0x00007fd66d680000)]
  0x00007fd680186000 JavaThread "C1 CompilerThread2" daemon [_thread_blocked, id=62610, stack(0x00007fd66d680000,0x00007fd66d781000)]
  0x00007fd680184800 JavaThread "C2 CompilerThread1" daemon [_thread_blocked, id=62607, stack(0x00007fd66d781000,0x00007fd66d882000)]
  0x00007fd680181800 JavaThread "C2 CompilerThread0" daemon [_thread_in_native, id=62605, stack(0x00007fd66d882000,0x00007fd66d983000)]
  0x00007fd680180000 JavaThread "Signal Dispatcher" daemon [_thread_blocked, id=62597, stack(0x00007fd66d983000,0x00007fd66da84000)]
  0x00007fd68014c000 JavaThread "Finalizer" daemon [_thread_blocked, id=62591, stack(0x00007fd66e443000,0x00007fd66e544000)]
  0x00007fd680149800 JavaThread "Reference Handler" daemon [_thread_blocked, id=62585, stack(0x00007fd66e544000,0x00007fd66e645000)]
  0x00007fd68000a800 JavaThread "main" [_thread_in_native, id=62536, stack(0x00007fd688bae000,0x00007fd688caf000)]

Other Threads:
=>0x00007fd680140000 VMThread [stack: 0x00007fd66e645000,0x00007fd66e746000] [id=62576]
  0x00007fd68018c000 WatcherThread [stack: 0x00007fd66d47e000,0x00007fd66d57f000] [id=62629]

VM state:at safepoint (normal execution)

VM Mutex/Monitor currently owned by a thread:  ([mutex/lock_event])
[0x00007fd680007070] Threads_lock - owner thread: 0x00007fd680140000
[0x00007fd680007570] Heap_lock - owner thread: 0x00007fd618001000

heap address: 0x00000000c2a00000, size: 982 MB, Compressed Oops mode: 32-bit
Narrow klass base: 0x0000000000000000, Narrow klass shift: 3
Compressed class space size: 1073741824 Address: 0x0000000100000000

Heap:
 PSYoungGen      total 34304K, used 4480K [0x00000000eb900000, 0x00000000ee100000, 0x0000000100000000)
  eden space 29696K, 0% used [0x00000000eb900000,0x00000000eb900000,0x00000000ed600000)
  from space 4608K, 97% used [0x00000000ed600000,0x00000000eda60010,0x00000000eda80000)
  to   space 2560K, 0% used [0x00000000eda80000,0x00000000eda80000,0x00000000edd00000)
 ParOldGen       total 42496K, used 9554K [0x00000000c2a00000, 0x00000000c5380000, 0x00000000eb900000)
  object space 42496K, 22% used [0x00000000c2a00000,0x00000000c3354bf0,0x00000000c5380000)
 Metaspace       used 13839K, capacity 14176K, committed 14336K, reserved 1062912K
  class space    used 1584K, capacity 1702K, committed 1792K, reserved 1048576K

Card table byte_map: [0x00007fd685763000,0x00007fd68594f000] byte_map_base: 0x00007fd68514e000

Marking Bits: (ParMarkBitMap*) 0x00007fd688085d80
 Begin Bits: [0x00007fd66f150000, 0x00007fd6700a8000)
 End Bits:   [0x00007fd6700a8000, 0x00007fd671000000)

Polling page: 0x00007fd688cca000

CodeCache: size=245760Kb used=6185Kb max_used=6185Kb free=239574Kb
 bounds [0x00007fd671000000, 0x00007fd671610000, 0x00007fd680000000]
 total_blobs=2095 nmethods=1747 adapters=261
 compilation: enabled

Compilation events (10 events):
Event: 36.591 Thread 0x00007fd680186000 1766       2       org.evosuite.graphs.cdg.DominatorNode::link (6 bytes)
Event: 36.591 Thread 0x00007fd680186000 nmethod 1766 0x00007fd67160c5d0 code [0x00007fd67160c720, 0x00007fd67160c890]
Event: 36.591 Thread 0x00007fd680186000 1767       2       org.evosuite.graphs.cdg.DominatorNode::getFromBucket (33 bytes)
Event: 36.591 Thread 0x00007fd680186000 nmethod 1767 0x00007fd67160c910 code [0x00007fd67160caa0, 0x00007fd67160ccc8]
Event: 36.591 Thread 0x00007fd680186000 1768       2       org.evosuite.graphs.cdg.DominatorTree::getDominatingFrontiers (28 bytes)
Event: 36.592 Thread 0x00007fd680186000 nmethod 1768 0x00007fd67160cdd0 code [0x00007fd67160cf60, 0x00007fd67160d1d8]
Event: 36.593 Thread 0x00007fd680186000 1769       2       org.evosuite.shaded.org.objectweb.asm.MethodVisitor::visitMaxs (17 bytes)
Event: 36.593 Thread 0x00007fd680186000 nmethod 1769 0x00007fd67160d310 code [0x00007fd67160d480, 0x00007fd67160d608]
Event: 36.593 Thread 0x00007fd680186000 1770       2       org.evosuite.shaded.org.objectweb.asm.MethodVisitor::<init> (7 bytes)
Event: 36.593 Thread 0x00007fd680186000 nmethod 1770 0x00007fd67160d690 code [0x00007fd67160d800, 0x00007fd67160da28]

GC Heap History (10 events):
Event: 2.212 GC heap after
Heap after GC invocations=3 (full 1):
 PSYoungGen      total 18432K, used 0K [0x00000000eb900000, 0x00000000ecd80000, 0x0000000100000000)
  eden space 15872K, 0% used [0x00000000eb900000,0x00000000eb900000,0x00000000ec880000)
  from space 2560K, 0% used [0x00000000ecb00000,0x00000000ecb00000,0x00000000ecd80000)
  to   space 2560K, 0% used [0x00000000ec880000,0x00000000ec880000,0x00000000ecb00000)
 ParOldGen       total 42496K, used 3956K [0x00000000c2a00000, 0x00000000c5380000, 0x00000000eb900000)
  object space 42496K, 9% used [0x00000000c2a00000,0x00000000c2ddd170,0x00000000c5380000)
 Metaspace       used 10227K, capacity 10428K, committed 10624K, reserved 1058816K
  class space    used 1238K, capacity 1324K, committed 1408K, reserved 1048576K
}
Event: 33.200 GC heap before
{Heap before GC invocations=4 (full 1):
 PSYoungGen      total 18432K, used 15872K [0x00000000eb900000, 0x00000000ecd80000, 0x0000000100000000)
  eden space 15872K, 100% used [0x00000000eb900000,0x00000000ec880000,0x00000000ec880000)
  from space 2560K, 0% used [0x00000000ecb00000,0x00000000ecb00000,0x00000000ecd80000)
  to   space 2560K, 0% used [0x00000000ec880000,0x00000000ec880000,0x00000000ecb00000)
 ParOldGen       total 42496K, used 3956K [0x00000000c2a00000, 0x00000000c5380000, 0x00000000eb900000)
  object space 42496K, 9% used [0x00000000c2a00000,0x00000000c2ddd170,0x00000000c5380000)
 Metaspace       used 13202K, capacity 13556K, committed 13824K, reserved 1060864K
  class space    used 1554K, capacity 1668K, committed 1792K, reserved 1048576K
Event: 33.216 GC heap after
Heap after GC invocations=4 (full 1):
 PSYoungGen      total 18432K, used 2534K [0x00000000eb900000, 0x00000000ecd80000, 0x0000000100000000)
  eden space 15872K, 0% used [0x00000000eb900000,0x00000000eb900000,0x00000000ec880000)
  from space 2560K, 98% used [0x00000000ec880000,0x00000000ecaf9850,0x00000000ecb00000)
  to   space 2560K, 0% used [0x00000000ecb00000,0x00000000ecb00000,0x00000000ecd80000)
 ParOldGen       total 42496K, used 5881K [0x00000000c2a00000, 0x00000000c5380000, 0x00000000eb900000)
  object space 42496K, 13% used [0x00000000c2a00000,0x00000000c2fbe748,0x00000000c5380000)
 Metaspace       used 13202K, capacity 13556K, committed 13824K, reserved 1060864K
  class space    used 1554K, capacity 1668K, committed 1792K, reserved 1048576K
}
Event: 34.880 GC heap before
{Heap before GC invocations=5 (full 1):
 PSYoungGen      total 18432K, used 18406K [0x00000000eb900000, 0x00000000ecd80000, 0x0000000100000000)
  eden space 15872K, 100% used [0x00000000eb900000,0x00000000ec880000,0x00000000ec880000)
  from space 2560K, 98% used [0x00000000ec880000,0x00000000ecaf9850,0x00000000ecb00000)
  to   space 2560K, 0% used [0x00000000ecb00000,0x00000000ecb00000,0x00000000ecd80000)
 ParOldGen       total 42496K, used 5881K [0x00000000c2a00000, 0x00000000c5380000, 0x00000000eb900000)
  object space 42496K, 13% used [0x00000000c2a00000,0x00000000c2fbe748,0x00000000c5380000)
 Metaspace       used 13657K, capacity 14048K, committed 14336K, reserved 1062912K
  class space    used 1584K, capacity 1702K, committed 1792K, reserved 1048576K
Event: 34.896 GC heap after
Heap after GC invocations=5 (full 1):
 PSYoungGen      total 18432K, used 2545K [0x00000000eb900000, 0x00000000ecd80000, 0x0000000100000000)
  eden space 15872K, 0% used [0x00000000eb900000,0x00000000eb900000,0x00000000ec880000)
  from space 2560K, 99% used [0x00000000ecb00000,0x00000000ecd7c740,0x00000000ecd80000)
  to   space 2560K, 0% used [0x00000000ec880000,0x00000000ec880000,0x00000000ecb00000)
 ParOldGen       total 42496K, used 7121K [0x00000000c2a00000, 0x00000000c5380000, 0x00000000eb900000)
  object space 42496K, 16% used [0x00000000c2a00000,0x00000000c30f4690,0x00000000c5380000)
 Metaspace       used 13657K, capacity 14048K, committed 14336K, reserved 1062912K
  class space    used 1584K, capacity 1702K, committed 1792K, reserved 1048576K
}
Event: 35.394 GC heap before
{Heap before GC invocations=6 (full 1):
 PSYoungGen      total 18432K, used 18417K [0x00000000eb900000, 0x00000000ecd80000, 0x0000000100000000)
  eden space 15872K, 100% used [0x00000000eb900000,0x00000000ec880000,0x00000000ec880000)
  from space 2560K, 99% used [0x00000000ecb00000,0x00000000ecd7c740,0x00000000ecd80000)
  to   space 2560K, 0% used [0x00000000ec880000,0x00000000ec880000,0x00000000ecb00000)
 ParOldGen       total 42496K, used 7121K [0x00000000c2a00000, 0x00000000c5380000, 0x00000000eb900000)
  object space 42496K, 16% used [0x00000000c2a00000,0x00000000c30f4690,0x00000000c5380000)
 Metaspace       used 13717K, capacity 14112K, committed 14336K, reserved 1062912K
  class space    used 1584K, capacity 1702K, committed 1792K, reserved 1048576K
Event: 35.407 GC heap after
Heap after GC invocations=6 (full 1):
 PSYoungGen      total 18432K, used 2560K [0x00000000eb900000, 0x00000000edd00000, 0x0000000100000000)
  eden space 15872K, 0% used [0x00000000eb900000,0x00000000eb900000,0x00000000ec880000)
  from space 2560K, 100% used [0x00000000ec880000,0x00000000ecb00000,0x00000000ecb00000)
  to   space 2560K, 0% used [0x00000000eda80000,0x00000000eda80000,0x00000000edd00000)
 ParOldGen       total 42496K, used 8295K [0x00000000c2a00000, 0x00000000c5380000, 0x00000000eb900000)
  object space 42496K, 19% used [0x00000000c2a00000,0x00000000c3219e80,0x00000000c5380000)
 Metaspace       used 13717K, capacity 14112K, committed 14336K, reserved 1062912K
  class space    used 1584K, capacity 1702K, committed 1792K, reserved 1048576K
}
Event: 35.850 GC heap before
{Heap before GC invocations=7 (full 1):
 PSYoungGen      total 18432K, used 18432K [0x00000000eb900000, 0x00000000edd00000, 0x0000000100000000)
  eden space 15872K, 100% used [0x00000000eb900000,0x00000000ec880000,0x00000000ec880000)
  from space 2560K, 100% used [0x00000000ec880000,0x00000000ecb00000,0x00000000ecb00000)
  to   space 2560K, 0% used [0x00000000eda80000,0x00000000eda80000,0x00000000edd00000)
 ParOldGen       total 42496K, used 8295K [0x00000000c2a00000, 0x00000000c5380000, 0x00000000eb900000)
  object space 42496K, 19% used [0x00000000c2a00000,0x00000000c3219e80,0x00000000c5380000)
 Metaspace       used 13769K, capacity 14112K, committed 14336K, reserved 1062912K
  class space    used 1584K, capacity 1702K, committed 1792K, reserved 1048576K
Event: 35.864 GC heap after
Heap after GC invocations=7 (full 1):
 PSYoungGen      total 32256K, used 2560K [0x00000000eb900000, 0x00000000ee100000, 0x0000000100000000)
  eden space 29696K, 0% used [0x00000000eb900000,0x00000000eb900000,0x00000000ed600000)
  from space 2560K, 100% used [0x00000000eda80000,0x00000000edd00000,0x00000000edd00000)
  to   space 4608K, 0% used [0x00000000ed600000,0x00000000ed600000,0x00000000eda80000)
 ParOldGen       total 42496K, used 9554K [0x00000000c2a00000, 0x00000000c5380000, 0x00000000eb900000)
  object space 42496K, 22% used [0x00000000c2a00000,0x00000000c3354bf0,0x00000000c5380000)
 Metaspace       used 13769K, capacity 14112K, committed 14336K, reserved 1062912K
  class space    used 1584K, capacity 1702K, committed 1792K, reserved 1048576K
}
Event: 36.671 GC heap before
{Heap before GC invocations=8 (full 1):
 PSYoungGen      total 32256K, used 32256K [0x00000000eb900000, 0x00000000ee100000, 0x0000000100000000)
  eden space 29696K, 100% used [0x00000000eb900000,0x00000000ed600000,0x00000000ed600000)
  from space 2560K, 100% used [0x00000000eda80000,0x00000000edd00000,0x00000000edd00000)
  to   space 4608K, 0% used [0x00000000ed600000,0x00000000ed600000,0x00000000eda80000)
 ParOldGen       total 42496K, used 9554K [0x00000000c2a00000, 0x00000000c5380000, 0x00000000eb900000)
  object space 42496K, 22% used [0x00000000c2a00000,0x00000000c3354bf0,0x00000000c5380000)
 Metaspace       used 13839K, capacity 14176K, committed 14336K, reserved 1062912K
  class space    used 1584K, capacity 1702K, committed 1792K, reserved 1048576K

Deoptimization events (10 events):
Event: 31.212 Thread 0x00007fd618001000 Uncommon trap: reason=bimorphic action=maybe_recompile pc=0x00007fd671277a94 method=java.util.HashMap.putVal(ILjava/lang/Object;Ljava/lang/Object;ZZ)Ljava/lang/Object; @ 91
Event: 32.082 Thread 0x00007fd618001000 Uncommon trap: reason=class_check action=maybe_recompile pc=0x00007fd6713d2b34 method=java.util.HashMap.putVal(ILjava/lang/Object;Ljava/lang/Object;ZZ)Ljava/lang/Object; @ 203
Event: 32.378 Thread 0x00007fd618001000 Uncommon trap: reason=uninitialized action=reinterpret pc=0x00007fd6713c96d0 method=java.io.ObjectInputStream$HandleTable.markDependency(II)V @ 110
Event: 32.382 Thread 0x00007fd618001000 Uncommon trap: reason=unstable_if action=reinterpret pc=0x00007fd6713cf2ec method=java.io.ObjectInputStream$HandleTable.finish(I)V @ 4
Event: 32.422 Thread 0x00007fd618001000 Uncommon trap: reason=uninitialized action=reinterpret pc=0x00007fd6713c96d0 method=java.io.ObjectInputStream$HandleTable.markDependency(II)V @ 110
Event: 32.784 Thread 0x00007fd618001000 Uncommon trap: reason=class_check action=maybe_recompile pc=0x00007fd6713d2b34 method=java.util.HashMap.putVal(ILjava/lang/Object;Ljava/lang/Object;ZZ)Ljava/lang/Object; @ 203
Event: 33.266 Thread 0x00007fd618001000 Uncommon trap: reason=unstable_if action=reinterpret pc=0x00007fd671209070 method=java.lang.AbstractStringBuilder.append(Ljava/lang/String;)Ljava/lang/AbstractStringBuilder; @ 1
Event: 33.288 Thread 0x00007fd618001000 Uncommon trap: reason=unstable_if action=reinterpret pc=0x00007fd6711efd38 method=java.lang.AbstractStringBuilder.append(Ljava/lang/String;)Ljava/lang/AbstractStringBuilder; @ 1
Event: 33.543 Thread 0x00007fd618001000 Uncommon trap: reason=class_check action=maybe_recompile pc=0x00007fd6713d2b34 method=java.util.HashMap.putVal(ILjava/lang/Object;Ljava/lang/Object;ZZ)Ljava/lang/Object; @ 203
Event: 33.543 Thread 0x00007fd618001000 Uncommon trap: reason=class_check action=maybe_recompile pc=0x00007fd6713d2b34 method=java.util.HashMap.putVal(ILjava/lang/Object;Ljava/lang/Object;ZZ)Ljava/lang/Object; @ 203

Classes redefined (0 events):
No events

Internal exceptions (10 events):
Event: 11.100 Thread 0x00007fd6802df800 Exception <a 'java/net/ConnectException'> (0x00000000ebbdbd50) thrown at [/HUDSON/workspace/8-2-build-linux-amd64/jdk8u201/12317/hotspot/src/share/vm/prims/jni.cpp, line 709]
Event: 21.050 Thread 0x00007fd6802de000 Exception <a 'java/net/ConnectException'> (0x00000000ebb8d128) thrown at [/HUDSON/workspace/8-2-build-linux-amd64/jdk8u201/12317/hotspot/src/share/vm/prims/jni.cpp, line 709]
Event: 21.085 Thread 0x00007fd6802e3800 Exception <a 'java/net/ConnectException'> (0x00000000ebbb4cd0) thrown at [/HUDSON/workspace/8-2-build-linux-amd64/jdk8u201/12317/hotspot/src/share/vm/prims/jni.cpp, line 709]
Event: 21.101 Thread 0x00007fd6802df800 Exception <a 'java/net/ConnectException'> (0x00000000ebbdc878) thrown at [/HUDSON/workspace/8-2-build-linux-amd64/jdk8u201/12317/hotspot/src/share/vm/prims/jni.cpp, line 709]
Event: 31.051 Thread 0x00007fd6802de000 Exception <a 'java/net/ConnectException'> (0x00000000ebb8dc50) thrown at [/HUDSON/workspace/8-2-build-linux-amd64/jdk8u201/12317/hotspot/src/share/vm/prims/jni.cpp, line 709]
Event: 31.086 Thread 0x00007fd6802e3800 Exception <a 'java/net/ConnectException'> (0x00000000ebbb57f8) thrown at [/HUDSON/workspace/8-2-build-linux-amd64/jdk8u201/12317/hotspot/src/share/vm/prims/jni.cpp, line 709]
Event: 31.102 Thread 0x00007fd6802df800 Exception <a 'java/net/ConnectException'> (0x00000000ebbdd3a0) thrown at [/HUDSON/workspace/8-2-build-linux-amd64/jdk8u201/12317/hotspot/src/share/vm/prims/jni.cpp, line 709]
Event: 32.207 Thread 0x00007fd618001000 Exception <a 'java/lang/NoSuchMethodError': <clinit>> (0x00000000ec3d7070) thrown at [/HUDSON/workspace/8-2-build-linux-amd64/jdk8u201/12317/hotspot/src/share/vm/prims/jni.cpp, line 1613]
Event: 33.266 Thread 0x00007fd618001000 Implicit null exception at 0x00007fd671208cb5 to 0x00007fd67120905d
Event: 33.288 Thread 0x00007fd618001000 Implicit null exception at 0x00007fd6711ef976 to 0x00007fd6711efd21

Events (10 events):
Event: 33.911 loading class org/evosuite/instrumentation/ReturnValueAdapter$PDType done
Event: 33.999 loading class sun/net/ResourceManager
Event: 33.999 loading class sun/net/ResourceManager done
Event: 34.811 Executing VM operation: ParallelGCFailedAllocation
Event: 34.896 Executing VM operation: ParallelGCFailedAllocation done
Event: 35.394 Executing VM operation: ParallelGCFailedAllocation
Event: 35.407 Executing VM operation: ParallelGCFailedAllocation done
Event: 35.850 Executing VM operation: ParallelGCFailedAllocation
Event: 35.864 Executing VM operation: ParallelGCFailedAllocation done
Event: 36.624 Executing VM operation: ParallelGCFailedAllocation


Dynamic libraries:
00400000-00401000 r-xp 00000000 08:01 654793                             /usr/lib/jdk/jdk1.8.0_201/bin/java
00600000-00601000 r--p 00000000 08:01 654793                             /usr/lib/jdk/jdk1.8.0_201/bin/java
00601000-00602000 rw-p 00001000 08:01 654793                             /usr/lib/jdk/jdk1.8.0_201/bin/java
0197f000-01b2d000 rw-p 00000000 00:00 0                                  [heap]
c2a00000-c5380000 rw-p 00000000 00:00 0 
c5380000-eb900000 ---p 00000000 00:00 0 
eb900000-ee100000 rw-p 00000000 00:00 0 
efd00000-100000000 ---p 00000000 00:00 0 
100000000-1001c0000 rw-p 00000000 00:00 0 
1001c0000-140000000 ---p 00000000 00:00 0 
7fd5e8000000-7fd5e8021000 rw-p 00000000 00:00 0 
7fd5e8021000-7fd5ec000000 ---p 00000000 00:00 0 
7fd5f0000000-7fd5f003b000 rw-p 00000000 00:00 0 
7fd5f003b000-7fd5f4000000 ---p 00000000 00:00 0 
7fd5f4000000-7fd5f4021000 rw-p 00000000 00:00 0 
7fd5f4021000-7fd5f8000000 ---p 00000000 00:00 0 
7fd5f8000000-7fd5f8021000 rw-p 00000000 00:00 0 
7fd5f8021000-7fd5fc000000 ---p 00000000 00:00 0 
7fd5fc000000-7fd5fc021000 rw-p 00000000 00:00 0 
7fd5fc021000-7fd600000000 ---p 00000000 00:00 0 
7fd600000000-7fd600021000 rw-p 00000000 00:00 0 
7fd600021000-7fd604000000 ---p 00000000 00:00 0 
7fd604000000-7fd604021000 rw-p 00000000 00:00 0 
7fd604021000-7fd608000000 ---p 00000000 00:00 0 
7fd608000000-7fd608021000 rw-p 00000000 00:00 0 
7fd608021000-7fd60c000000 ---p 00000000 00:00 0 
7fd60c000000-7fd60c021000 rw-p 00000000 00:00 0 
7fd60c021000-7fd610000000 ---p 00000000 00:00 0 
7fd610000000-7fd610021000 rw-p 00000000 00:00 0 
7fd610021000-7fd614000000 ---p 00000000 00:00 0 
7fd614000000-7fd614021000 rw-p 00000000 00:00 0 
7fd614021000-7fd618000000 ---p 00000000 00:00 0 
7fd618000000-7fd618021000 rw-p 00000000 00:00 0 
7fd618021000-7fd61c000000 ---p 00000000 00:00 0 
7fd61c000000-7fd61c021000 rw-p 00000000 00:00 0 
7fd61c021000-7fd620000000 ---p 00000000 00:00 0 
7fd620000000-7fd620021000 rw-p 00000000 00:00 0 
7fd620021000-7fd624000000 ---p 00000000 00:00 0 
7fd624000000-7fd624021000 rw-p 00000000 00:00 0 
7fd624021000-7fd628000000 ---p 00000000 00:00 0 
7fd628000000-7fd628021000 rw-p 00000000 00:00 0 
7fd628021000-7fd62c000000 ---p 00000000 00:00 0 
7fd62c000000-7fd62c021000 rw-p 00000000 00:00 0 
7fd62c021000-7fd630000000 ---p 00000000 00:00 0 
7fd630000000-7fd630021000 rw-p 00000000 00:00 0 
7fd630021000-7fd634000000 ---p 00000000 00:00 0 
7fd634000000-7fd634021000 rw-p 00000000 00:00 0 
7fd634021000-7fd638000000 ---p 00000000 00:00 0 
7fd638000000-7fd638882000 rw-p 00000000 00:00 0 
7fd638882000-7fd63c000000 ---p 00000000 00:00 0 
7fd63c000000-7fd63c744000 rw-p 00000000 00:00 0 
7fd63c744000-7fd640000000 ---p 00000000 00:00 0 
7fd640000000-7fd640021000 rw-p 00000000 00:00 0 
7fd640021000-7fd644000000 ---p 00000000 00:00 0 
7fd644000000-7fd644987000 rw-p 00000000 00:00 0 
7fd644987000-7fd648000000 ---p 00000000 00:00 0 
7fd648000000-7fd648021000 rw-p 00000000 00:00 0 
7fd648021000-7fd64c000000 ---p 00000000 00:00 0 
7fd64c000000-7fd64c021000 rw-p 00000000 00:00 0 
7fd64c021000-7fd650000000 ---p 00000000 00:00 0 
7fd650000000-7fd650021000 rw-p 00000000 00:00 0 
7fd650021000-7fd654000000 ---p 00000000 00:00 0 
7fd654000000-7fd65429b000 rw-p 00000000 00:00 0 
7fd65429b000-7fd658000000 ---p 00000000 00:00 0 
7fd658000000-7fd658021000 rw-p 00000000 00:00 0 
7fd658021000-7fd65c000000 ---p 00000000 00:00 0 
7fd660000000-7fd660021000 rw-p 00000000 00:00 0 
7fd660021000-7fd664000000 ---p 00000000 00:00 0 
7fd6647fb000-7fd66483b000 rw-p 00000000 00:00 0 
7fd66483b000-7fd6649fb000 ---p 00000000 00:00 0 
7fd6649fb000-7fd664bfb000 rw-p 00000000 00:00 0 
7fd664bfb000-7fd664bfe000 ---p 00000000 00:00 0 
7fd664bfe000-7fd664cfc000 rw-p 00000000 00:00 0 
7fd664cfc000-7fd664cff000 ---p 00000000 00:00 0 
7fd664cff000-7fd664dfd000 rw-p 00000000 00:00 0 
7fd664dfd000-7fd664e00000 ---p 00000000 00:00 0 
7fd664e00000-7fd664efe000 rw-p 00000000 00:00 0 
7fd664efe000-7fd664f01000 ---p 00000000 00:00 0 
7fd664f01000-7fd668000000 rw-p 00000000 00:00 0 
7fd668000000-7fd668021000 rw-p 00000000 00:00 0 
7fd668021000-7fd66c000000 ---p 00000000 00:00 0 
7fd66c027000-7fd66c02a000 ---p 00000000 00:00 0 
7fd66c02a000-7fd66c128000 rw-p 00000000 00:00 0 
7fd66c128000-7fd66c12b000 ---p 00000000 00:00 0 
7fd66c12b000-7fd66c229000 rw-p 00000000 00:00 0 
7fd66c229000-7fd66c22c000 ---p 00000000 00:00 0 
7fd66c22c000-7fd66c32a000 rw-p 00000000 00:00 0 
7fd66c32a000-7fd66c32d000 ---p 00000000 00:00 0 
7fd66c32d000-7fd66c42b000 rw-p 00000000 00:00 0 
7fd66c42b000-7fd66c42e000 ---p 00000000 00:00 0 
7fd66c42e000-7fd66c52c000 rw-p 00000000 00:00 0 
7fd66c52c000-7fd66c52f000 ---p 00000000 00:00 0 
7fd66c52f000-7fd66c62d000 rw-p 00000000 00:00 0 
7fd66c62d000-7fd66c630000 ---p 00000000 00:00 0 
7fd66c630000-7fd66c72e000 rw-p 00000000 00:00 0 
7fd66c72e000-7fd66c731000 ---p 00000000 00:00 0 
7fd66c731000-7fd66c82f000 rw-p 00000000 00:00 0 
7fd66c82f000-7fd66c832000 ---p 00000000 00:00 0 
7fd66c832000-7fd66c930000 rw-p 00000000 00:00 0 
7fd66c930000-7fd66c933000 ---p 00000000 00:00 0 
7fd66c933000-7fd66ca31000 rw-p 00000000 00:00 0 
7fd66ca31000-7fd66ca34000 ---p 00000000 00:00 0 
7fd66ca34000-7fd66cd32000 rw-p 00000000 00:00 0 
7fd66cd32000-7fd66cd35000 ---p 00000000 00:00 0 
7fd66cd35000-7fd66ce33000 rw-p 00000000 00:00 0 
7fd66ce33000-7fd66ce36000 ---p 00000000 00:00 0 
7fd66ce36000-7fd66cf34000 rw-p 00000000 00:00 0 
7fd66cf34000-7fd66cf37000 ---p 00000000 00:00 0 
7fd66cf37000-7fd66d035000 rw-p 00000000 00:00 0 
7fd66d035000-7fd66d04b000 r-xp 00000000 08:01 656512                     /usr/lib/jdk/jdk1.8.0_201/jre/lib/amd64/libnet.so
7fd66d04b000-7fd66d24b000 ---p 00016000 08:01 656512                     /usr/lib/jdk/jdk1.8.0_201/jre/lib/amd64/libnet.so
7fd66d24b000-7fd66d24c000 r--p 00016000 08:01 656512                     /usr/lib/jdk/jdk1.8.0_201/jre/lib/amd64/libnet.so
7fd66d24c000-7fd66d24d000 rw-p 00017000 08:01 656512                     /usr/lib/jdk/jdk1.8.0_201/jre/lib/amd64/libnet.so
7fd66d24d000-7fd66d47e000 r--s 01bb1000 08:01 403225                     /home/hewitt/work/DiffTGen-master/lib/evosuite-1.0.6.jar
7fd66d47e000-7fd66d47f000 ---p 00000000 00:00 0 
7fd66d47f000-7fd66d57f000 rw-p 00000000 00:00 0 
7fd66d57f000-7fd66d582000 ---p 00000000 00:00 0 
7fd66d582000-7fd66d680000 rw-p 00000000 00:00 0 
7fd66d680000-7fd66d683000 ---p 00000000 00:00 0 
7fd66d683000-7fd66d781000 rw-p 00000000 00:00 0 
7fd66d781000-7fd66d784000 ---p 00000000 00:00 0 
7fd66d784000-7fd66d882000 rw-p 00000000 00:00 0 
7fd66d882000-7fd66d885000 ---p 00000000 00:00 0 
7fd66d885000-7fd66d983000 rw-p 00000000 00:00 0 
7fd66d983000-7fd66d986000 ---p 00000000 00:00 0 
7fd66d986000-7fd66da84000 rw-p 00000000 00:00 0 
7fd66da84000-7fd66e443000 r--p 00000000 08:01 270368                     /usr/lib/locale/locale-archive
7fd66e443000-7fd66e446000 ---p 00000000 00:00 0 
7fd66e446000-7fd66e544000 rw-p 00000000 00:00 0 
7fd66e544000-7fd66e547000 ---p 00000000 00:00 0 
7fd66e547000-7fd66e645000 rw-p 00000000 00:00 0 
7fd66e645000-7fd66e646000 ---p 00000000 00:00 0 
7fd66e646000-7fd671000000 rw-p 00000000 00:00 0 
7fd671000000-7fd671610000 rwxp 00000000 00:00 0 
7fd671610000-7fd680000000 ---p 00000000 00:00 0 
7fd680000000-7fd6804c1000 rw-p 00000000 00:00 0 
7fd6804c1000-7fd684000000 ---p 00000000 00:00 0 
7fd68401b000-7fd684025000 r--s 00116000 08:01 656361                     /usr/lib/jdk/jdk1.8.0_201/jre/lib/ext/localedata.jar
7fd684025000-7fd684028000 ---p 00000000 00:00 0 
7fd684028000-7fd68405e000 rw-p 00000000 00:00 0 
7fd68405e000-7fd6840d7000 r--s 010fd000 08:01 654900                     /usr/lib/jdk/jdk1.8.0_201/lib/tools.jar
7fd6840d7000-7fd6845dc000 rw-p 00000000 00:00 0 
7fd6845dc000-7fd6847b6000 r--s 03d6f000 08:01 656293                     /usr/lib/jdk/jdk1.8.0_201/jre/lib/rt.jar
7fd6847b6000-7fd685217000 rw-p 00000000 00:00 0 
7fd685217000-7fd685218000 ---p 00000000 00:00 0 
7fd685218000-7fd685318000 rw-p 00000000 00:00 0 
7fd685318000-7fd685319000 ---p 00000000 00:00 0 
7fd685319000-7fd685419000 rw-p 00000000 00:00 0 
7fd685419000-7fd68541a000 ---p 00000000 00:00 0 
7fd68541a000-7fd68551a000 rw-p 00000000 00:00 0 
7fd68551a000-7fd68551b000 ---p 00000000 00:00 0 
7fd68551b000-7fd685630000 rw-p 00000000 00:00 0 
7fd685630000-7fd685763000 ---p 00000000 00:00 0 
7fd685763000-7fd685778000 rw-p 00000000 00:00 0 
7fd685778000-7fd6858aa000 ---p 00000000 00:00 0 
7fd6858aa000-7fd6858bf000 rw-p 00000000 00:00 0 
7fd6858bf000-7fd68594e000 ---p 00000000 00:00 0 
7fd68594e000-7fd685968000 rw-p 00000000 00:00 0 
7fd685968000-7fd685d0f000 ---p 00000000 00:00 0 
7fd685d0f000-7fd685d2a000 r-xp 00000000 08:01 656508                     /usr/lib/jdk/jdk1.8.0_201/jre/lib/amd64/libzip.so
7fd685d2a000-7fd685f29000 ---p 0001b000 08:01 656508                     /usr/lib/jdk/jdk1.8.0_201/jre/lib/amd64/libzip.so
7fd685f29000-7fd685f2a000 r--p 0001a000 08:01 656508                     /usr/lib/jdk/jdk1.8.0_201/jre/lib/amd64/libzip.so
7fd685f2a000-7fd685f2b000 rw-p 0001b000 08:01 656508                     /usr/lib/jdk/jdk1.8.0_201/jre/lib/amd64/libzip.so
7fd685f2b000-7fd685f36000 r-xp 00000000 08:01 658902                     /lib/x86_64-linux-gnu/libnss_files-2.23.so
7fd685f36000-7fd686135000 ---p 0000b000 08:01 658902                     /lib/x86_64-linux-gnu/libnss_files-2.23.so
7fd686135000-7fd686136000 r--p 0000a000 08:01 658902                     /lib/x86_64-linux-gnu/libnss_files-2.23.so
7fd686136000-7fd686137000 rw-p 0000b000 08:01 658902                     /lib/x86_64-linux-gnu/libnss_files-2.23.so
7fd686137000-7fd68613d000 rw-p 00000000 00:00 0 
7fd68613d000-7fd686148000 r-xp 00000000 08:01 658912                     /lib/x86_64-linux-gnu/libnss_nis-2.23.so
7fd686148000-7fd686347000 ---p 0000b000 08:01 658912                     /lib/x86_64-linux-gnu/libnss_nis-2.23.so
7fd686347000-7fd686348000 r--p 0000a000 08:01 658912                     /lib/x86_64-linux-gnu/libnss_nis-2.23.so
7fd686348000-7fd686349000 rw-p 0000b000 08:01 658912                     /lib/x86_64-linux-gnu/libnss_nis-2.23.so
7fd686349000-7fd68635f000 r-xp 00000000 08:01 658896                     /lib/x86_64-linux-gnu/libnsl-2.23.so
7fd68635f000-7fd68655e000 ---p 00016000 08:01 658896                     /lib/x86_64-linux-gnu/libnsl-2.23.so
7fd68655e000-7fd68655f000 r--p 00015000 08:01 658896                     /lib/x86_64-linux-gnu/libnsl-2.23.so
7fd68655f000-7fd686560000 rw-p 00016000 08:01 658896                     /lib/x86_64-linux-gnu/libnsl-2.23.so
7fd686560000-7fd686562000 rw-p 00000000 00:00 0 
7fd686562000-7fd68656a000 r-xp 00000000 08:01 658898                     /lib/x86_64-linux-gnu/libnss_compat-2.23.so
7fd68656a000-7fd686769000 ---p 00008000 08:01 658898                     /lib/x86_64-linux-gnu/libnss_compat-2.23.so
7fd686769000-7fd68676a000 r--p 00007000 08:01 658898                     /lib/x86_64-linux-gnu/libnss_compat-2.23.so
7fd68676a000-7fd68676b000 rw-p 00008000 08:01 658898                     /lib/x86_64-linux-gnu/libnss_compat-2.23.so
7fd68676b000-7fd686797000 r-xp 00000000 08:01 656502                     /usr/lib/jdk/jdk1.8.0_201/jre/lib/amd64/libjava.so
7fd686797000-7fd686997000 ---p 0002c000 08:01 656502                     /usr/lib/jdk/jdk1.8.0_201/jre/lib/amd64/libjava.so
7fd686997000-7fd686998000 r--p 0002c000 08:01 656502                     /usr/lib/jdk/jdk1.8.0_201/jre/lib/amd64/libjava.so
7fd686998000-7fd68699a000 rw-p 0002d000 08:01 656502                     /usr/lib/jdk/jdk1.8.0_201/jre/lib/amd64/libjava.so
7fd68699a000-7fd6869a7000 r-xp 00000000 08:01 656507                     /usr/lib/jdk/jdk1.8.0_201/jre/lib/amd64/libverify.so
7fd6869a7000-7fd686ba6000 ---p 0000d000 08:01 656507                     /usr/lib/jdk/jdk1.8.0_201/jre/lib/amd64/libverify.so
7fd686ba6000-7fd686ba8000 r--p 0000c000 08:01 656507                     /usr/lib/jdk/jdk1.8.0_201/jre/lib/amd64/libverify.so
7fd686ba8000-7fd686ba9000 rw-p 0000e000 08:01 656507                     /usr/lib/jdk/jdk1.8.0_201/jre/lib/amd64/libverify.so
7fd686ba9000-7fd686bb0000 r-xp 00000000 08:01 658957                     /lib/x86_64-linux-gnu/librt-2.23.so
7fd686bb0000-7fd686daf000 ---p 00007000 08:01 658957                     /lib/x86_64-linux-gnu/librt-2.23.so
7fd686daf000-7fd686db0000 r--p 00006000 08:01 658957                     /lib/x86_64-linux-gnu/librt-2.23.so
7fd686db0000-7fd686db1000 rw-p 00007000 08:01 658957                     /lib/x86_64-linux-gnu/librt-2.23.so
7fd686db1000-7fd686eb9000 r-xp 00000000 08:01 658873                     /lib/x86_64-linux-gnu/libm-2.23.so
7fd686eb9000-7fd6870b8000 ---p 00108000 08:01 658873                     /lib/x86_64-linux-gnu/libm-2.23.so
7fd6870b8000-7fd6870b9000 r--p 00107000 08:01 658873                     /lib/x86_64-linux-gnu/libm-2.23.so
7fd6870b9000-7fd6870ba000 rw-p 00108000 08:01 658873                     /lib/x86_64-linux-gnu/libm-2.23.so
7fd6870ba000-7fd687da2000 r-xp 00000000 08:01 656484                     /usr/lib/jdk/jdk1.8.0_201/jre/lib/amd64/server/libjvm.so
7fd687da2000-7fd687fa1000 ---p 00ce8000 08:01 656484                     /usr/lib/jdk/jdk1.8.0_201/jre/lib/amd64/server/libjvm.so
7fd687fa1000-7fd688037000 r--p 00ce7000 08:01 656484                     /usr/lib/jdk/jdk1.8.0_201/jre/lib/amd64/server/libjvm.so
7fd688037000-7fd688068000 rw-p 00d7d000 08:01 656484                     /usr/lib/jdk/jdk1.8.0_201/jre/lib/amd64/server/libjvm.so
7fd688068000-7fd6880a3000 rw-p 00000000 00:00 0 
7fd6880a3000-7fd688263000 r-xp 00000000 08:01 658803                     /lib/x86_64-linux-gnu/libc-2.23.so
7fd688263000-7fd688463000 ---p 001c0000 08:01 658803                     /lib/x86_64-linux-gnu/libc-2.23.so
7fd688463000-7fd688467000 r--p 001c0000 08:01 658803                     /lib/x86_64-linux-gnu/libc-2.23.so
7fd688467000-7fd688469000 rw-p 001c4000 08:01 658803                     /lib/x86_64-linux-gnu/libc-2.23.so
7fd688469000-7fd68846d000 rw-p 00000000 00:00 0 
7fd68846d000-7fd688470000 r-xp 00000000 08:01 658827                     /lib/x86_64-linux-gnu/libdl-2.23.so
7fd688470000-7fd68866f000 ---p 00003000 08:01 658827                     /lib/x86_64-linux-gnu/libdl-2.23.so
7fd68866f000-7fd688670000 r--p 00002000 08:01 658827                     /lib/x86_64-linux-gnu/libdl-2.23.so
7fd688670000-7fd688671000 rw-p 00003000 08:01 658827                     /lib/x86_64-linux-gnu/libdl-2.23.so
7fd688671000-7fd688688000 r-xp 00000000 08:01 656155                     /usr/lib/jdk/jdk1.8.0_201/lib/amd64/jli/libjli.so
7fd688688000-7fd688887000 ---p 00017000 08:01 656155                     /usr/lib/jdk/jdk1.8.0_201/lib/amd64/jli/libjli.so
7fd688887000-7fd688888000 r--p 00016000 08:01 656155                     /usr/lib/jdk/jdk1.8.0_201/lib/amd64/jli/libjli.so
7fd688888000-7fd688889000 rw-p 00017000 08:01 656155                     /usr/lib/jdk/jdk1.8.0_201/lib/amd64/jli/libjli.so
7fd688889000-7fd6888a1000 r-xp 00000000 08:01 658949                     /lib/x86_64-linux-gnu/libpthread-2.23.so
7fd6888a1000-7fd688aa0000 ---p 00018000 08:01 658949                     /lib/x86_64-linux-gnu/libpthread-2.23.so
7fd688aa0000-7fd688aa1000 r--p 00017000 08:01 658949                     /lib/x86_64-linux-gnu/libpthread-2.23.so
7fd688aa1000-7fd688aa2000 rw-p 00018000 08:01 658949                     /lib/x86_64-linux-gnu/libpthread-2.23.so
7fd688aa2000-7fd688aa6000 rw-p 00000000 00:00 0 
7fd688aa6000-7fd688acc000 r-xp 00000000 08:01 658775                     /lib/x86_64-linux-gnu/ld-2.23.so
7fd688ad0000-7fd688aec000 r--s 00393000 08:01 656354                     /usr/lib/jdk/jdk1.8.0_201/jre/lib/ext/cldrdata.jar
7fd688aec000-7fd688af0000 r--s 000a1000 08:01 656350                     /usr/lib/jdk/jdk1.8.0_201/jre/lib/jsse.jar
7fd688af0000-7fd688bae000 rw-p 00000000 00:00 0 
7fd688bae000-7fd688bb1000 ---p 00000000 00:00 0 
7fd688bb1000-7fd688cb4000 rw-p 00000000 00:00 0 
7fd688cb4000-7fd688cbc000 r--s 0006e000 08:01 398946                     /home/hewitt/work/DiffTGen-master/lib/commons-lang3-3.5.jar
7fd688cbc000-7fd688cbd000 r--s 00000000 08:01 398951                     /home/hewitt/work/DiffTGen-master/lib/myprinter.jar
7fd688cbd000-7fd688cc1000 r--s 00039000 08:01 409214                     /home/hewitt/work/DiffTGen-master/output/patch2-Lang-59-CapGen-plausible/Lang_59_2-plausible_capgen/target/build/classes/all0.jar
7fd688cc1000-7fd688cc9000 rw-s 00000000 08:01 159793                     /tmp/hsperfdata_hewitt/62516
7fd688cc9000-7fd688cca000 rw-p 00000000 00:00 0 
7fd688cca000-7fd688ccb000 ---p 00000000 00:00 0 
7fd688ccb000-7fd688ccc000 r--p 00025000 08:01 658775                     /lib/x86_64-linux-gnu/ld-2.23.so
7fd688ccc000-7fd688ccd000 rw-p 00026000 08:01 658775                     /lib/x86_64-linux-gnu/ld-2.23.so
7fd688ccd000-7fd688cce000 rw-p 00000000 00:00 0 
7ffd7ade9000-7ffd7ae0b000 rw-p 00000000 00:00 0                          [stack]
7ffd7afd5000-7ffd7afd8000 r--p 00000000 00:00 0                          [vvar]
7ffd7afd8000-7ffd7afda000 r-xp 00000000 00:00 0                          [vdso]
ffffffffff600000-ffffffffff601000 r-xp 00000000 00:00 0                  [vsyscall]

VM Arguments:
java_command: /home/hewitt/work/DiffTGen-master/lib/evosuite-1.0.6.jar -base_dir /home/hewitt/work/DiffTGen-master/output/patch2-Lang-59-CapGen-plausible/Lang_59_2-plausible_capgen/target/0/21 -projectCP /home/hewitt/work/DiffTGen-master/output/patch2-Lang-59-CapGen-plausible/Lang_59_2-plausible_capgen/target/build/classes/all0.jar:/home/hewitt/work/DiffTGen-master/lib/myprinter.jar:/home/hewitt/work/DiffTGen-master/lib/commons-lang3-3.5.jar -class org.apache.commons.lang.text.StrBuilder -Dassertions=false -Dsearch_budget=60
java_class_path (initial): /home/hewitt/work/DiffTGen-master/lib/evosuite-1.0.6.jar
Launcher Type: SUN_STANDARD

Environment Variables:
JAVA_HOME=/usr/lib/jdk/jdk1.8.0_201
JRE_HOME=/usr/lib/jdk/jdk1.8.0_201/jre
CLASSPATH=.:/usr/lib/jdk/jdk1.8.0_201/lib:/usr/lib/jdk/jdk1.8.0_201/jre/lib
PATH=/usr/lib/jdk/jdk1.8.0_201/bin:/home/hewitt/bin:/home/hewitt/.local/bin:/usr/lib/jdk/jdk1.7.0_80/bin:/usr/local/sbin:/usr/local/bin:/usr/sbin:/usr/bin:/sbin:/bin:/usr/games:/usr/local/games:/snap/bin:/home/hewitt/work/defects4j_v1.4.0/defects4j/framework/bin:/opt/apache-ant-1.9.14/bin:/home/hewitt/work/defects4j_v1.4.0/defects4j/framework/bin
SHELL=/bin/bash
DISPLAY=:0

Signal Handlers:
SIGSEGV: [libjvm.so+0xad3e60], sa_mask[0]=11111111011111111101111111111110, sa_flags=SA_RESTART|SA_SIGINFO
SIGBUS: [libjvm.so+0xad3e60], sa_mask[0]=11111111011111111101111111111110, sa_flags=SA_RESTART|SA_SIGINFO
SIGFPE: [libjvm.so+0x90b880], sa_mask[0]=11111111011111111101111111111110, sa_flags=SA_RESTART|SA_SIGINFO
SIGPIPE: [libjvm.so+0x90b880], sa_mask[0]=11111111011111111101111111111110, sa_flags=SA_RESTART|SA_SIGINFO
SIGXFSZ: [libjvm.so+0x90b880], sa_mask[0]=11111111011111111101111111111110, sa_flags=SA_RESTART|SA_SIGINFO
SIGILL: [libjvm.so+0x90b880], sa_mask[0]=11111111011111111101111111111110, sa_flags=SA_RESTART|SA_SIGINFO
SIGUSR1: SIG_DFL, sa_mask[0]=00000000000000000000000000000000, sa_flags=none
SIGUSR2: [libjvm.so+0x90b750], sa_mask[0]=00100000000000000000000000000000, sa_flags=SA_RESTART|SA_SIGINFO
SIGHUP: [libjvm.so+0x90bd70], sa_mask[0]=11111111011111111101111111111110, sa_flags=SA_RESTART|SA_SIGINFO
SIGINT: [libjvm.so+0x90bd70], sa_mask[0]=11111111011111111101111111111110, sa_flags=SA_RESTART|SA_SIGINFO
SIGTERM: [libjvm.so+0x90bd70], sa_mask[0]=11111111011111111101111111111110, sa_flags=SA_RESTART|SA_SIGINFO
SIGQUIT: [libjvm.so+0x90bd70], sa_mask[0]=11111111011111111101111111111110, sa_flags=SA_RESTART|SA_SIGINFO


---------------  S Y S T E M  ---------------

OS:DISTRIB_ID=Ubuntu
DISTRIB_RELEASE=16.04
DISTRIB_CODENAME=xenial
DISTRIB_DESCRIPTION="Ubuntu 16.04.6 LTS"

uname:Linux 4.15.0-91-generic #92~16.04.1-Ubuntu SMP Fri Feb 28 14:57:22 UTC 2020 x86_64
libc:glibc 2.23 NPTL 2.23 
rlimit: STACK 8192k, CORE 0k, NPROC 15448, NOFILE 1048576, AS infinity
load average:17.50 14.55 15.81

/proc/meminfo:
MemTotal:        4015928 kB
MemFree:           86588 kB
MemAvailable:          0 kB
Buffers:             356 kB
Cached:             5924 kB
SwapCached:         4560 kB
Active:          2892900 kB
Inactive:         580972 kB
Active(anon):    2890204 kB
Inactive(anon):   577996 kB
Active(file):       2696 kB
Inactive(file):     2976 kB
Unevictable:          48 kB
Mlocked:              48 kB
SwapTotal:        998396 kB
SwapFree:              0 kB
Dirty:                84 kB
Writeback:           100 kB
AnonPages:       3463116 kB
Mapped:             4912 kB
Shmem:               572 kB
Slab:              96612 kB
SReclaimable:      35836 kB
SUnreclaim:        60776 kB
KernelStack:       16000 kB
PageTables:        42092 kB
NFS_Unstable:          0 kB
Bounce:                0 kB
WritebackTmp:          0 kB
CommitLimit:     3006360 kB
Committed_AS:    9243312 kB
VmallocTotal:   34359738367 kB
VmallocUsed:           0 kB
VmallocChunk:          0 kB
HardwareCorrupted:     0 kB
AnonHugePages:         0 kB
ShmemHugePages:        0 kB
ShmemPmdMapped:        0 kB
CmaTotal:              0 kB
CmaFree:               0 kB
HugePages_Total:       0
HugePages_Free:        0
HugePages_Rsvd:        0
HugePages_Surp:        0
Hugepagesize:       2048 kB
DirectMap4k:      114496 kB
DirectMap2M:     4079616 kB
DirectMap1G:     2097152 kB

container (cgroup) information:
container_type: cgroupv1
cpu_cpuset_cpus: 0-3
cpu_memory_nodes: 0
active_processor_count: 4
cpu_quota: -1
cpu_period: 100000
cpu_shares: -1
memory_limit_in_bytes: -1
memory_and_swap_limit_in_bytes: -2
memory_soft_limit_in_bytes: -1
memory_usage_in_bytes: 3553701888
memory_max_usage_in_bytes: 218951680


CPU:total 4 (initial active 4) (2 cores per cpu, 1 threads per core) family 6 model 158 stepping 9, cmov, cx8, fxsr, mmx, sse, sse2, sse3, ssse3, sse4.1, sse4.2, popcnt, avx, avx2, aes, clmul, erms, 3dnowpref, lzcnt, tsc, tscinvbit, bmi1, bmi2, adx

/proc/cpuinfo:
processor	: 0
vendor_id	: GenuineIntel
cpu family	: 6
model		: 158
model name	: Intel(R) Core(TM) i7-7700HQ CPU @ 2.80GHz
stepping	: 9
microcode	: 0xb4
cpu MHz		: 2807.997
cache size	: 6144 KB
physical id	: 0
siblings	: 2
core id		: 0
cpu cores	: 2
apicid		: 0
initial apicid	: 0
fpu		: yes
fpu_exception	: yes
cpuid level	: 22
wp		: yes
flags		: fpu vme de pse tsc msr pae mce cx8 apic sep mtrr pge mca cmov pat pse36 clflush mmx fxsr sse sse2 ss ht syscall nx pdpe1gb rdtscp lm constant_tsc arch_perfmon nopl xtopology tsc_reliable nonstop_tsc cpuid pni pclmulqdq ssse3 fma cx16 pcid sse4_1 sse4_2 x2apic movbe popcnt tsc_deadline_timer aes xsave avx f16c rdrand hypervisor lahf_lm abm 3dnowprefetch cpuid_fault invpcid_single pti ssbd ibrs ibpb stibp fsgsbase tsc_adjust bmi1 avx2 smep bmi2 invpcid mpx rdseed adx smap clflushopt xsaveopt xsavec xsaves arat md_clear flush_l1d arch_capabilities
bugs		: cpu_meltdown spectre_v1 spectre_v2 spec_store_bypass l1tf mds swapgs itlb_multihit
bogomips	: 5615.99
clflush size	: 64
cache_alignment	: 64
address sizes	: 43 bits physical, 48 bits virtual
power management:

processor	: 1
vendor_id	: GenuineIntel
cpu family	: 6
model		: 158
model name	: Intel(R) Core(TM) i7-7700HQ CPU @ 2.80GHz
stepping	: 9
microcode	: 0xb4
cpu MHz		: 2807.997
cache size	: 6144 KB
physical id	: 0
siblings	: 2
core id		: 1
cpu cores	: 2
apicid		: 1
initial apicid	: 1
fpu		: yes
fpu_exception	: yes
cpuid level	: 22
wp		: yes
flags		: fpu vme de pse tsc msr pae mce cx8 apic sep mtrr pge mca cmov pat pse36 clflush mmx fxsr sse sse2 ss ht syscall nx pdpe1gb rdtscp lm constant_tsc arch_perfmon nopl xtopology tsc_reliable nonstop_tsc cpuid pni pclmulqdq ssse3 fma cx16 pcid sse4_1 sse4_2 x2apic movbe popcnt tsc_deadline_timer aes xsave avx f16c rdrand hypervisor lahf_lm abm 3dnowprefetch cpuid_fault invpcid_single pti ssbd ibrs ibpb stibp fsgsbase tsc_adjust bmi1 avx2 smep bmi2 invpcid mpx rdseed adx smap clflushopt xsaveopt xsavec xsaves arat md_clear flush_l1d arch_capabilities
bugs		: cpu_meltdown spectre_v1 spectre_v2 spec_store_bypass l1tf mds swapgs itlb_multihit
bogomips	: 5615.99
clflush size	: 64
cache_alignment	: 64
address sizes	: 43 bits physical, 48 bits virtual
power management:

processor	: 2
vendor_id	: GenuineIntel
cpu family	: 6
model		: 158
model name	: Intel(R) Core(TM) i7-7700HQ CPU @ 2.80GHz
stepping	: 9
microcode	: 0xb4
cpu MHz		: 2807.997
cache size	: 6144 KB
physical id	: 1
siblings	: 2
core id		: 0
cpu cores	: 2
apicid		: 2
initial apicid	: 2
fpu		: yes
fpu_exception	: yes
cpuid level	: 22
wp		: yes
flags		: fpu vme de pse tsc msr pae mce cx8 apic sep mtrr pge mca cmov pat pse36 clflush mmx fxsr sse sse2 ss ht syscall nx pdpe1gb rdtscp lm constant_tsc arch_perfmon nopl xtopology tsc_reliable nonstop_tsc cpuid pni pclmulqdq ssse3 fma cx16 pcid sse4_1 sse4_2 x2apic movbe popcnt tsc_deadline_timer aes xsave avx f16c rdrand hypervisor lahf_lm abm 3dnowprefetch cpuid_fault invpcid_single pti ssbd ibrs ibpb stibp fsgsbase tsc_adjust bmi1 avx2 smep bmi2 invpcid mpx rdseed adx smap clflushopt xsaveopt xsavec xsaves arat md_clear flush_l1d arch_capabilities
bugs		: cpu_meltdown spectre_v1 spectre_v2 spec_store_bypass l1tf mds swapgs itlb_multihit
bogomips	: 5615.99
clflush size	: 64
cache_alignment	: 64
address sizes	: 43 bits physical, 48 bits virtual
power management:

processor	: 3
vendor_id	: GenuineIntel
cpu family	: 6
model		: 158
model name	: Intel(R) Core(TM) i7-7700HQ CPU @ 2.80GHz
stepping	: 9
microcode	: 0xb4
cpu MHz		: 2807.997
cache size	: 6144 KB
physical id	: 1
siblings	: 2
core id		: 1
cpu cores	: 2
apicid		: 3
initial apicid	: 3
fpu		: yes
fpu_exception	: yes
cpuid level	: 22
wp		: yes
flags		: fpu vme de pse tsc msr pae mce cx8 apic sep mtrr pge mca cmov pat pse36 clflush mmx fxsr sse sse2 ss ht syscall nx pdpe1gb rdtscp lm constant_tsc arch_perfmon nopl xtopology tsc_reliable nonstop_tsc cpuid pni pclmulqdq ssse3 fma cx16 pcid sse4_1 sse4_2 x2apic movbe popcnt tsc_deadline_timer aes xsave avx f16c rdrand hypervisor lahf_lm abm 3dnowprefetch cpuid_fault invpcid_single pti ssbd ibrs ibpb stibp fsgsbase tsc_adjust bmi1 avx2 smep bmi2 invpcid mpx rdseed adx smap clflushopt xsaveopt xsavec xsaves arat md_clear flush_l1d arch_capabilities
bugs		: cpu_meltdown spectre_v1 spectre_v2 spec_store_bypass l1tf mds swapgs itlb_multihit
bogomips	: 5615.99
clflush size	: 64
cache_alignment	: 64
address sizes	: 43 bits physical, 48 bits virtual
power management:



Memory: 4k page, physical 4015928k(86780k free), swap 998396k(0k free)

vm_info: Java HotSpot(TM) 64-Bit Server VM (25.201-b09) for linux-amd64 JRE (1.8.0_201-b09), built on Dec 15 2018 11:35:59 by "java_re" with gcc 7.3.0

time: Wed Apr  1 00:09:53 2020
timezone: CST
elapsed time: 38 seconds (0d 0h 0m 38s)

