#
# There is insufficient memory for the Java Runtime Environment to continue.
# Native memory allocation (mmap) failed to map 4194304 bytes for committing reserved memory.
# Possible reasons:
#   The system is out of physical RAM or swap space
#   The process is running with CompressedOops enabled, and the Java Heap may be blocking the growth of the native heap
# Possible solutions:
#   Reduce memory load on the system
#   Increase physical memory or swap space
#   Check if swap backing store is full
#   Decrease Java heap size (-Xmx/-Xms)
#   Decrease number of Java threads
#   Decrease Java thread stack sizes (-Xss)
#   Set larger code cache with -XX:ReservedCodeCacheSize=
#   JVM is running with Unscaled Compressed Oops mode in which the Java heap is
#     placed in the first 4GB address space. The Java Heap base address is the
#     maximum limit for the native heap growth. Please use -XX:HeapBaseMinAddress
#     to set the Java Heap base and to place the Java Heap above 4GB virtual address.
# This output file may be truncated or incomplete.
#
#  Out of Memory Error (os_linux.cpp:2749), pid=52738, tid=0x00007eff6f5f5700
#
# JRE version: Java(TM) SE Runtime Environment (8.0_201-b09) (build 1.8.0_201-b09)
# Java VM: Java HotSpot(TM) 64-Bit Server VM (25.201-b09 mixed mode linux-amd64 compressed oops)
# Failed to write core dump. Core dumps have been disabled. To enable core dumping, try "ulimit -c unlimited" before starting Java again
#

---------------  T H R E A D  ---------------

Current thread (0x00007eff8c140000):  VMThread [stack: 0x00007eff6f4f5000,0x00007eff6f5f6000] [id=52770]

Stack: [0x00007eff6f4f5000,0x00007eff6f5f6000],  sp=0x00007eff6f5f4450,  free space=1021k
Native frames: (J=compiled Java code, j=interpreted, Vv=VM code, C=native code)
V  [libjvm.so+0xad3525]  VMError::report_and_die()+0x2e5
V  [libjvm.so+0x4e0457]  report_vm_out_of_memory(char const*, int, unsigned long, VMErrorType, char const*)+0x67
V  [libjvm.so+0x9102f0]  os::pd_commit_memory(char*, unsigned long, unsigned long, bool)+0x100
V  [libjvm.so+0x90791f]  os::commit_memory(char*, unsigned long, unsigned long, bool)+0x1f
V  [libjvm.so+0x98c806]  PSVirtualSpace::expand_by(unsigned long)+0x56
V  [libjvm.so+0x98da98]  PSYoungGen::resize(unsigned long, unsigned long)+0xd8
V  [libjvm.so+0x98a236]  PSScavenge::invoke_no_policy()+0x1376
V  [libjvm.so+0x98a5cc]  PSScavenge::invoke()+0x4c
V  [libjvm.so+0x93a318]  ParallelScavengeHeap::failed_mem_allocate(unsigned long)+0x68
V  [libjvm.so+0xad5073]  VM_ParallelGCFailedAllocation::doit()+0x93
V  [libjvm.so+0xada296]  VM_Operation::evaluate()+0x46
V  [libjvm.so+0xad85cd]  VMThread::evaluate_operation(VM_Operation*) [clone .constprop.44]+0xcd
V  [libjvm.so+0xad8bb3]  VMThread::loop()+0x3a3
V  [libjvm.so+0xad8f88]  VMThread::run()+0x78
V  [libjvm.so+0x90d922]  java_start(Thread*)+0x102

VM_Operation (0x00007eff6ccd1500): ParallelGCFailedAllocation, mode: safepoint, requested by thread 0x00007eff30001000


---------------  P R O C E S S  ---------------

Java Threads: ( => current thread )
  0x00007eff30002800 JavaThread "RMI TCP Connection(3)-127.0.0.1" daemon [_thread_blocked, id=53248, stack(0x00007eff6cad3000,0x00007eff6cbd4000)]
  0x00007eff30001000 JavaThread "RMI TCP Connection(2)-127.0.0.1" daemon [_thread_blocked, id=53195, stack(0x00007eff6cbd4000,0x00007eff6ccd5000)]
  0x00007eff08038000 JavaThread "RMI Scheduler(0)" daemon [_thread_blocked, id=53182, stack(0x00007eff6ccd5000,0x00007eff6cdd6000)]
  0x00007eff08030800 JavaThread "RMI RenewClean-[127.0.0.1:19272]" daemon [_thread_blocked, id=53176, stack(0x00007eff6cdd6000,0x00007eff6ced7000)]
  0x00007eff2c001000 JavaThread "RMI TCP Connection(idle)" daemon [_thread_blocked, id=53163, stack(0x00007eff6ced7000,0x00007eff6cfd8000)]
  0x00007eff1c005000 JavaThread "pool-3-thread-3" [_thread_in_native, id=53111, stack(0x00007eff6cfd8000,0x00007eff6d0d9000)]
  0x00007eff1c003000 JavaThread "pool-3-thread-2" [_thread_in_native, id=53110, stack(0x00007eff6d0d9000,0x00007eff6d1da000)]
  0x00007eff1c002000 JavaThread "pool-3-thread-1" [_thread_in_native, id=53108, stack(0x00007eff6d1da000,0x00007eff6d2db000)]
  0x00007eff8c1ff000 JavaThread "Thread-3" [_thread_in_native, id=52944, stack(0x00007eff6d2db000,0x00007eff6d3dc000)]
  0x00007eff8c1fd800 JavaThread "Thread-2" [_thread_in_native, id=52936, stack(0x00007eff6d3dc000,0x00007eff6d4dd000)]
  0x00007eff8c1a4800 JavaThread "process reaper" daemon [_thread_in_native, id=52933, stack(0x00007eff90026000,0x00007eff9005f000)]
  0x00007eff8c3b8800 JavaThread "pool-2-thread-1" [_thread_in_native, id=52906, stack(0x00007eff6d4dd000,0x00007eff6d5de000)]
  0x00007eff8c3b6000 JavaThread "GC Daemon" daemon [_thread_blocked, id=52905, stack(0x00007eff6d5de000,0x00007eff6d6df000)]
  0x00007eff8c3b3800 JavaThread "RMI Reaper" [_thread_blocked, id=52904, stack(0x00007eff6d6df000,0x00007eff6d7e0000)]
  0x00007eff8c3aa800 JavaThread "RMI TCP Accept-13841" daemon [_thread_in_native, id=52903, stack(0x00007eff6d7e0000,0x00007eff6d8e1000)]
  0x00007eff8c3a5000 JavaThread "RMI TCP Accept-17170" daemon [_thread_in_native, id=52899, stack(0x00007eff6d8e1000,0x00007eff6d9e2000)]
  0x00007eff8c2e3000 JavaThread "logback-3" daemon [_thread_blocked, id=52876, stack(0x00007eff6dbe2000,0x00007eff6dce3000)]
  0x00007eff8c2df000 JavaThread "logback-2" daemon [_thread_blocked, id=52875, stack(0x00007eff6dce3000,0x00007eff6dde4000)]
  0x00007eff8c2dd800 JavaThread "logback-1" daemon [_thread_blocked, id=52873, stack(0x00007eff6dde4000,0x00007eff6dee5000)]
  0x00007eff8c189000 JavaThread "Service Thread" daemon [_thread_blocked, id=52826, stack(0x00007eff6e42f000,0x00007eff6e530000)]
  0x00007eff8c186000 JavaThread "C1 CompilerThread2" daemon [_thread_blocked, id=52818, stack(0x00007eff6e530000,0x00007eff6e631000)]
  0x00007eff8c184800 JavaThread "C2 CompilerThread1" daemon [_thread_blocked, id=52813, stack(0x00007eff6e631000,0x00007eff6e732000)]
  0x00007eff8c181800 JavaThread "C2 CompilerThread0" daemon [_thread_blocked, id=52811, stack(0x00007eff6e732000,0x00007eff6e833000)]
  0x00007eff8c180000 JavaThread "Signal Dispatcher" daemon [_thread_blocked, id=52810, stack(0x00007eff6e833000,0x00007eff6e934000)]
  0x00007eff8c14c000 JavaThread "Finalizer" daemon [_thread_blocked, id=52790, stack(0x00007eff6f2f3000,0x00007eff6f3f4000)]
  0x00007eff8c149800 JavaThread "Reference Handler" daemon [_thread_blocked, id=52783, stack(0x00007eff6f3f4000,0x00007eff6f4f5000)]
  0x00007eff8c00a800 JavaThread "main" [_thread_in_native, id=52744, stack(0x00007eff95a91000,0x00007eff95b92000)]

Other Threads:
=>0x00007eff8c140000 VMThread [stack: 0x00007eff6f4f5000,0x00007eff6f5f6000] [id=52770]
  0x00007eff8c18c000 WatcherThread [stack: 0x00007eff6e32e000,0x00007eff6e42f000] [id=52828]

VM state:at safepoint (normal execution)

VM Mutex/Monitor currently owned by a thread:  ([mutex/lock_event])
[0x00007eff8c007070] Threads_lock - owner thread: 0x00007eff8c140000
[0x00007eff8c007570] Heap_lock - owner thread: 0x00007eff30001000

heap address: 0x00000000c2a00000, size: 982 MB, Compressed Oops mode: 32-bit
Narrow klass base: 0x0000000000000000, Narrow klass shift: 3
Compressed class space size: 1073741824 Address: 0x0000000100000000

Heap:
 PSYoungGen      total 18432K, used 2224K [0x00000000eb900000, 0x00000000edd00000, 0x0000000100000000)
  eden space 15872K, 0% used [0x00000000eb900000,0x00000000eb900000,0x00000000ec880000)
  from space 2560K, 86% used [0x00000000eda80000,0x00000000edcac010,0x00000000edd00000)
  to   space 2560K, 0% used [0x00000000ec880000,0x00000000ec880000,0x00000000ecb00000)
 ParOldGen       total 42496K, used 3543K [0x00000000c2a00000, 0x00000000c5380000, 0x00000000eb900000)
  object space 42496K, 8% used [0x00000000c2a00000,0x00000000c2d75eb8,0x00000000c5380000)
 Metaspace       used 14182K, capacity 14634K, committed 14848K, reserved 1062912K
  class space    used 1627K, capacity 1767K, committed 1792K, reserved 1048576K

Card table byte_map: [0x00007eff92646000,0x00007eff92832000] byte_map_base: 0x00007eff92031000

Marking Bits: (ParMarkBitMap*) 0x00007eff94f68d80
 Begin Bits: [0x00007eff9024a000, 0x00007eff911a2000)
 End Bits:   [0x00007eff911a2000, 0x00007eff920fa000)

Polling page: 0x00007eff95bad000

CodeCache: size=245760Kb used=6272Kb max_used=6282Kb free=239487Kb
 bounds [0x00007eff7d000000, 0x00007eff7d630000, 0x00007eff8c000000]
 total_blobs=2130 nmethods=1780 adapters=263
 compilation: enabled

Compilation events (10 events):
Event: 41.463 Thread 0x00007eff8c186000 1789       3       org.evosuite.ConsoleProgressBar::receiveEvent (257 bytes)
Event: 41.465 Thread 0x00007eff8c186000 nmethod 1789 0x00007eff7d614b90 code [0x00007eff7d614fe0, 0x00007eff7d6176d8]
Event: 41.672 Thread 0x00007eff8c181800 1790       4       java.util.concurrent.ConcurrentHashMap::get (162 bytes)
Event: 41.675 Thread 0x00007eff8c181800 nmethod 1790 0x00007eff7d612f90 code [0x00007eff7d613100, 0x00007eff7d6133d8]
Event: 41.676 Thread 0x00007eff8c184800 1791       4       java.lang.Class::getEnclosingClass (60 bytes)
Event: 41.677 Thread 0x00007eff8c184800 nmethod 1791 0x00007eff7d60e590 code [0x00007eff7d60e720, 0x00007eff7d60e880]
Event: 41.677 Thread 0x00007eff8c184800 1792       4       java.lang.Class::getGenericInfo (52 bytes)
Event: 41.678 Thread 0x00007eff8c184800 nmethod 1792 0x00007eff7d6033d0 code [0x00007eff7d603540, 0x00007eff7d603668]
Event: 46.125 Thread 0x00007eff8c186000 1793       3       java.io.ObjectOutputStream$BlockDataOutputStream::setBlockDataMode (35 bytes)
Event: 46.126 Thread 0x00007eff8c186000 nmethod 1793 0x00007eff7d614710 code [0x00007eff7d614880, 0x00007eff7d614ae8]

GC Heap History (10 events):
Event: 1.783 GC heap after
Heap after GC invocations=2 (full 0):
 PSYoungGen      total 18432K, used 2544K [0x00000000eb900000, 0x00000000ecd80000, 0x0000000100000000)
  eden space 15872K, 0% used [0x00000000eb900000,0x00000000eb900000,0x00000000ec880000)
  from space 2560K, 99% used [0x00000000ecb00000,0x00000000ecd7c010,0x00000000ecd80000)
  to   space 2560K, 0% used [0x00000000ec880000,0x00000000ec880000,0x00000000ecb00000)
 ParOldGen       total 42496K, used 1647K [0x00000000c2a00000, 0x00000000c5380000, 0x00000000eb900000)
  object space 42496K, 3% used [0x00000000c2a00000,0x00000000c2b9bd40,0x00000000c5380000)
 Metaspace       used 10223K, capacity 10412K, committed 10624K, reserved 1058816K
  class space    used 1233K, capacity 1319K, committed 1408K, reserved 1048576K
}
Event: 1.783 GC heap before
{Heap before GC invocations=3 (full 1):
 PSYoungGen      total 18432K, used 2544K [0x00000000eb900000, 0x00000000ecd80000, 0x0000000100000000)
  eden space 15872K, 0% used [0x00000000eb900000,0x00000000eb900000,0x00000000ec880000)
  from space 2560K, 99% used [0x00000000ecb00000,0x00000000ecd7c010,0x00000000ecd80000)
  to   space 2560K, 0% used [0x00000000ec880000,0x00000000ec880000,0x00000000ecb00000)
 ParOldGen       total 42496K, used 1647K [0x00000000c2a00000, 0x00000000c5380000, 0x00000000eb900000)
  object space 42496K, 3% used [0x00000000c2a00000,0x00000000c2b9bd40,0x00000000c5380000)
 Metaspace       used 10223K, capacity 10412K, committed 10624K, reserved 1058816K
  class space    used 1233K, capacity 1319K, committed 1408K, reserved 1048576K
Event: 1.839 GC heap after
Heap after GC invocations=3 (full 1):
 PSYoungGen      total 18432K, used 0K [0x00000000eb900000, 0x00000000ecd80000, 0x0000000100000000)
  eden space 15872K, 0% used [0x00000000eb900000,0x00000000eb900000,0x00000000ec880000)
  from space 2560K, 0% used [0x00000000ecb00000,0x00000000ecb00000,0x00000000ecd80000)
  to   space 2560K, 0% used [0x00000000ec880000,0x00000000ec880000,0x00000000ecb00000)
 ParOldGen       total 42496K, used 2562K [0x00000000c2a00000, 0x00000000c5380000, 0x00000000eb900000)
  object space 42496K, 6% used [0x00000000c2a00000,0x00000000c2c80a00,0x00000000c5380000)
 Metaspace       used 10215K, capacity 10402K, committed 10624K, reserved 1058816K
  class space    used 1232K, capacity 1317K, committed 1408K, reserved 1048576K
}
Event: 17.708 GC heap before
{Heap before GC invocations=4 (full 1):
 PSYoungGen      total 18432K, used 15872K [0x00000000eb900000, 0x00000000ecd80000, 0x0000000100000000)
  eden space 15872K, 100% used [0x00000000eb900000,0x00000000ec880000,0x00000000ec880000)
  from space 2560K, 0% used [0x00000000ecb00000,0x00000000ecb00000,0x00000000ecd80000)
  to   space 2560K, 0% used [0x00000000ec880000,0x00000000ec880000,0x00000000ecb00000)
 ParOldGen       total 42496K, used 2562K [0x00000000c2a00000, 0x00000000c5380000, 0x00000000eb900000)
  object space 42496K, 6% used [0x00000000c2a00000,0x00000000c2c80a00,0x00000000c5380000)
 Metaspace       used 13509K, capacity 13932K, committed 14080K, reserved 1060864K
  class space    used 1584K, capacity 1704K, committed 1792K, reserved 1048576K
Event: 17.720 GC heap after
Heap after GC invocations=4 (full 1):
 PSYoungGen      total 18432K, used 2540K [0x00000000eb900000, 0x00000000ecd80000, 0x0000000100000000)
  eden space 15872K, 0% used [0x00000000eb900000,0x00000000eb900000,0x00000000ec880000)
  from space 2560K, 99% used [0x00000000ec880000,0x00000000ecafb0b8,0x00000000ecb00000)
  to   space 2560K, 0% used [0x00000000ecb00000,0x00000000ecb00000,0x00000000ecd80000)
 ParOldGen       total 42496K, used 3535K [0x00000000c2a00000, 0x00000000c5380000, 0x00000000eb900000)
  object space 42496K, 8% used [0x00000000c2a00000,0x00000000c2d73eb8,0x00000000c5380000)
 Metaspace       used 13509K, capacity 13932K, committed 14080K, reserved 1060864K
  class space    used 1584K, capacity 1704K, committed 1792K, reserved 1048576K
}
Event: 18.430 GC heap before
{Heap before GC invocations=5 (full 1):
 PSYoungGen      total 18432K, used 18412K [0x00000000eb900000, 0x00000000ecd80000, 0x0000000100000000)
  eden space 15872K, 100% used [0x00000000eb900000,0x00000000ec880000,0x00000000ec880000)
  from space 2560K, 99% used [0x00000000ec880000,0x00000000ecafb0b8,0x00000000ecb00000)
  to   space 2560K, 0% used [0x00000000ecb00000,0x00000000ecb00000,0x00000000ecd80000)
 ParOldGen       total 42496K, used 3535K [0x00000000c2a00000, 0x00000000c5380000, 0x00000000eb900000)
  object space 42496K, 8% used [0x00000000c2a00000,0x00000000c2d73eb8,0x00000000c5380000)
 Metaspace       used 13593K, capacity 14002K, committed 14336K, reserved 1062912K
  class space    used 1584K, capacity 1705K, committed 1792K, reserved 1048576K
Event: 18.458 GC heap after
Heap after GC invocations=5 (full 1):
 PSYoungGen      total 18432K, used 1760K [0x00000000eb900000, 0x00000000edd00000, 0x0000000100000000)
  eden space 15872K, 0% used [0x00000000eb900000,0x00000000eb900000,0x00000000ec880000)
  from space 2560K, 68% used [0x00000000ecb00000,0x00000000eccb8000,0x00000000ecd80000)
  to   space 2560K, 0% used [0x00000000ec880000,0x00000000ec880000,0x00000000ecb00000)
 ParOldGen       total 42496K, used 3535K [0x00000000c2a00000, 0x00000000c5380000, 0x00000000eb900000)
  object space 42496K, 8% used [0x00000000c2a00000,0x00000000c2d73eb8,0x00000000c5380000)
 Metaspace       used 13593K, capacity 14002K, committed 14336K, reserved 1062912K
  class space    used 1584K, capacity 1705K, committed 1792K, reserved 1048576K
}
Event: 24.932 GC heap before
{Heap before GC invocations=6 (full 1):
 PSYoungGen      total 18432K, used 17632K [0x00000000eb900000, 0x00000000edd00000, 0x0000000100000000)
  eden space 15872K, 100% used [0x00000000eb900000,0x00000000ec880000,0x00000000ec880000)
  from space 2560K, 68% used [0x00000000ecb00000,0x00000000eccb8000,0x00000000ecd80000)
  to   space 2560K, 0% used [0x00000000ec880000,0x00000000ec880000,0x00000000ecb00000)
 ParOldGen       total 42496K, used 3535K [0x00000000c2a00000, 0x00000000c5380000, 0x00000000eb900000)
  object space 42496K, 8% used [0x00000000c2a00000,0x00000000c2d73eb8,0x00000000c5380000)
 Metaspace       used 14117K, capacity 14556K, committed 14592K, reserved 1062912K
  class space    used 1626K, capacity 1766K, committed 1792K, reserved 1048576K
Event: 24.942 GC heap after
Heap after GC invocations=6 (full 1):
 PSYoungGen      total 18432K, used 2432K [0x00000000eb900000, 0x00000000edd00000, 0x0000000100000000)
  eden space 15872K, 0% used [0x00000000eb900000,0x00000000eb900000,0x00000000ec880000)
  from space 2560K, 95% used [0x00000000ec880000,0x00000000ecae0020,0x00000000ecb00000)
  to   space 2560K, 0% used [0x00000000eda80000,0x00000000eda80000,0x00000000edd00000)
 ParOldGen       total 42496K, used 3535K [0x00000000c2a00000, 0x00000000c5380000, 0x00000000eb900000)
  object space 42496K, 8% used [0x00000000c2a00000,0x00000000c2d73eb8,0x00000000c5380000)
 Metaspace       used 14117K, capacity 14556K, committed 14592K, reserved 1062912K
  class space    used 1626K, capacity 1766K, committed 1792K, reserved 1048576K
}
Event: 46.733 GC heap before
{Heap before GC invocations=7 (full 1):
 PSYoungGen      total 18432K, used 18304K [0x00000000eb900000, 0x00000000edd00000, 0x0000000100000000)
  eden space 15872K, 100% used [0x00000000eb900000,0x00000000ec880000,0x00000000ec880000)
  from space 2560K, 95% used [0x00000000ec880000,0x00000000ecae0020,0x00000000ecb00000)
  to   space 2560K, 0% used [0x00000000eda80000,0x00000000eda80000,0x00000000edd00000)
 ParOldGen       total 42496K, used 3535K [0x00000000c2a00000, 0x00000000c5380000, 0x00000000eb900000)
  object space 42496K, 8% used [0x00000000c2a00000,0x00000000c2d73eb8,0x00000000c5380000)
 Metaspace       used 14182K, capacity 14634K, committed 14848K, reserved 1062912K
  class space    used 1627K, capacity 1767K, committed 1792K, reserved 1048576K

Deoptimization events (10 events):
Event: 34.532 Thread 0x00007eff30001000 Uncommon trap: reason=predicate action=maybe_recompile pc=0x00007eff7d5f8fec method=java.io.ObjectInputStream.readArray(Z)Ljava/lang/Object; @ 406
Event: 34.532 Thread 0x00007eff30001000 Uncommon trap: reason=class_check action=maybe_recompile pc=0x00007eff7d5fe69c method=java.lang.reflect.Array.newInstance(Ljava/lang/Class;I)Ljava/lang/Object; @ 2
Event: 34.532 Thread 0x00007eff30001000 Uncommon trap: reason=class_check action=maybe_recompile pc=0x00007eff7d5fe69c method=java.lang.reflect.Array.newInstance(Ljava/lang/Class;I)Ljava/lang/Object; @ 2
Event: 34.533 Thread 0x00007eff30001000 Uncommon trap: reason=class_check action=maybe_recompile pc=0x00007eff7d5fe69c method=java.lang.reflect.Array.newInstance(Ljava/lang/Class;I)Ljava/lang/Object; @ 2
Event: 34.533 Thread 0x00007eff30001000 Uncommon trap: reason=class_check action=maybe_recompile pc=0x00007eff7d5fe69c method=java.lang.reflect.Array.newInstance(Ljava/lang/Class;I)Ljava/lang/Object; @ 2
Event: 36.147 Thread 0x00007eff30001000 Uncommon trap: reason=array_check action=maybe_recompile pc=0x00007eff7d60156c method=java.io.ObjectInputStream.readArray(Z)Ljava/lang/Object; @ 415
Event: 36.147 Thread 0x00007eff30001000 Uncommon trap: reason=array_check action=maybe_recompile pc=0x00007eff7d60156c method=java.io.ObjectInputStream.readArray(Z)Ljava/lang/Object; @ 415
Event: 36.147 Thread 0x00007eff30001000 Uncommon trap: reason=array_check action=maybe_recompile pc=0x00007eff7d60156c method=java.io.ObjectInputStream.readArray(Z)Ljava/lang/Object; @ 415
Event: 36.147 Thread 0x00007eff30001000 Uncommon trap: reason=array_check action=maybe_recompile pc=0x00007eff7d60156c method=java.io.ObjectInputStream.readArray(Z)Ljava/lang/Object; @ 415
Event: 36.148 Thread 0x00007eff30001000 Uncommon trap: reason=class_check action=maybe_recompile pc=0x00007eff7d609b64 method=java.lang.reflect.Array.newInstance(Ljava/lang/Class;I)Ljava/lang/Object; @ 2

Classes redefined (0 events):
No events

Internal exceptions (10 events):
Event: 17.560 Thread 0x00007eff30001000 Implicit null exception at 0x00007eff7d1e2936 to 0x00007eff7d1e2ce1
Event: 20.814 Thread 0x00007eff8c2dd800 Exception <a 'java/net/ConnectException'> (0x00000000ec25bd98) thrown at [/HUDSON/workspace/8-2-build-linux-amd64/jdk8u201/12317/hotspot/src/share/vm/prims/jni.cpp, line 709]
Event: 20.815 Thread 0x00007eff8c2df000 Exception <a 'java/net/ConnectException'> (0x00000000ec275b08) thrown at [/HUDSON/workspace/8-2-build-linux-amd64/jdk8u201/12317/hotspot/src/share/vm/prims/jni.cpp, line 709]
Event: 20.851 Thread 0x00007eff8c2e3000 Exception <a 'java/net/ConnectException'> (0x00000000ec28f878) thrown at [/HUDSON/workspace/8-2-build-linux-amd64/jdk8u201/12317/hotspot/src/share/vm/prims/jni.cpp, line 709]
Event: 30.815 Thread 0x00007eff8c2dd800 Exception <a 'java/net/ConnectException'> (0x00000000ebf67b30) thrown at [/HUDSON/workspace/8-2-build-linux-amd64/jdk8u201/12317/hotspot/src/share/vm/prims/jni.cpp, line 709]
Event: 30.816 Thread 0x00007eff8c2df000 Exception <a 'java/net/ConnectException'> (0x00000000ebf78830) thrown at [/HUDSON/workspace/8-2-build-linux-amd64/jdk8u201/12317/hotspot/src/share/vm/prims/jni.cpp, line 709]
Event: 30.852 Thread 0x00007eff8c2e3000 Exception <a 'java/net/ConnectException'> (0x00000000ebf89530) thrown at [/HUDSON/workspace/8-2-build-linux-amd64/jdk8u201/12317/hotspot/src/share/vm/prims/jni.cpp, line 709]
Event: 40.844 Thread 0x00007eff8c2df000 Exception <a 'java/net/ConnectException'> (0x00000000ebf79358) thrown at [/HUDSON/workspace/8-2-build-linux-amd64/jdk8u201/12317/hotspot/src/share/vm/prims/jni.cpp, line 709]
Event: 40.847 Thread 0x00007eff8c2dd800 Exception <a 'java/net/ConnectException'> (0x00000000ebf68658) thrown at [/HUDSON/workspace/8-2-build-linux-amd64/jdk8u201/12317/hotspot/src/share/vm/prims/jni.cpp, line 709]
Event: 40.852 Thread 0x00007eff8c2e3000 Exception <a 'java/net/ConnectException'> (0x00000000ebf8a058) thrown at [/HUDSON/workspace/8-2-build-linux-amd64/jdk8u201/12317/hotspot/src/share/vm/prims/jni.cpp, line 709]

Events (10 events):
Event: 36.147 Thread 0x00007eff30001000 Uncommon trap: trap_request=0xffffffd6 fr.pc=0x00007eff7d60156c
Event: 36.147 Thread 0x00007eff30001000 DEOPT PACKING pc=0x00007eff7d60156c sp=0x00007eff6ccd0ff0
Event: 36.147 Thread 0x00007eff30001000 DEOPT UNPACKING pc=0x00007eff7d04573a sp=0x00007eff6ccd0fc0 mode 2
Event: 36.147 Thread 0x00007eff30001000 Uncommon trap: trap_request=0xffffffd6 fr.pc=0x00007eff7d60156c
Event: 36.147 Thread 0x00007eff30001000 DEOPT PACKING pc=0x00007eff7d60156c sp=0x00007eff6ccd0ff0
Event: 36.147 Thread 0x00007eff30001000 DEOPT UNPACKING pc=0x00007eff7d04573a sp=0x00007eff6ccd0fc0 mode 2
Event: 36.148 Thread 0x00007eff30001000 Uncommon trap: trap_request=0xffffffde fr.pc=0x00007eff7d609b64
Event: 36.148 Thread 0x00007eff30001000 DEOPT PACKING pc=0x00007eff7d609b64 sp=0x00007eff6ccd08e0
Event: 36.148 Thread 0x00007eff30001000 DEOPT UNPACKING pc=0x00007eff7d04573a sp=0x00007eff6ccd0970 mode 2
Event: 46.669 Executing VM operation: ParallelGCFailedAllocation


Dynamic libraries:
00400000-00401000 r-xp 00000000 08:01 654793                             /usr/lib/jdk/jdk1.8.0_201/bin/java
00600000-00601000 r--p 00000000 08:01 654793                             /usr/lib/jdk/jdk1.8.0_201/bin/java
00601000-00602000 rw-p 00001000 08:01 654793                             /usr/lib/jdk/jdk1.8.0_201/bin/java
00f5f000-01334000 rw-p 00000000 00:00 0                                  [heap]
c2a00000-c5380000 rw-p 00000000 00:00 0 
c5380000-eb900000 ---p 00000000 00:00 0 
eb900000-edd00000 rw-p 00000000 00:00 0 
ee100000-100000000 ---p 00000000 00:00 0 
100000000-1001c0000 rw-p 00000000 00:00 0 
1001c0000-140000000 ---p 00000000 00:00 0 
7efefc000000-7efefc021000 rw-p 00000000 00:00 0 
7efefc021000-7eff00000000 ---p 00000000 00:00 0 
7eff00000000-7eff00021000 rw-p 00000000 00:00 0 
7eff00021000-7eff04000000 ---p 00000000 00:00 0 
7eff04000000-7eff04021000 rw-p 00000000 00:00 0 
7eff04021000-7eff08000000 ---p 00000000 00:00 0 
7eff08000000-7eff0803d000 rw-p 00000000 00:00 0 
7eff0803d000-7eff0c000000 ---p 00000000 00:00 0 
7eff0c000000-7eff0c021000 rw-p 00000000 00:00 0 
7eff0c021000-7eff10000000 ---p 00000000 00:00 0 
7eff10000000-7eff10021000 rw-p 00000000 00:00 0 
7eff10021000-7eff14000000 ---p 00000000 00:00 0 
7eff14000000-7eff14021000 rw-p 00000000 00:00 0 
7eff14021000-7eff18000000 ---p 00000000 00:00 0 
7eff18000000-7eff18021000 rw-p 00000000 00:00 0 
7eff18021000-7eff1c000000 ---p 00000000 00:00 0 
7eff1c000000-7eff1c021000 rw-p 00000000 00:00 0 
7eff1c021000-7eff20000000 ---p 00000000 00:00 0 
7eff20000000-7eff20021000 rw-p 00000000 00:00 0 
7eff20021000-7eff24000000 ---p 00000000 00:00 0 
7eff24000000-7eff24021000 rw-p 00000000 00:00 0 
7eff24021000-7eff28000000 ---p 00000000 00:00 0 
7eff28000000-7eff28021000 rw-p 00000000 00:00 0 
7eff28021000-7eff2c000000 ---p 00000000 00:00 0 
7eff2c000000-7eff2c021000 rw-p 00000000 00:00 0 
7eff2c021000-7eff30000000 ---p 00000000 00:00 0 
7eff30000000-7eff30021000 rw-p 00000000 00:00 0 
7eff30021000-7eff34000000 ---p 00000000 00:00 0 
7eff34000000-7eff34021000 rw-p 00000000 00:00 0 
7eff34021000-7eff38000000 ---p 00000000 00:00 0 
7eff38000000-7eff38021000 rw-p 00000000 00:00 0 
7eff38021000-7eff3c000000 ---p 00000000 00:00 0 
7eff3c000000-7eff3c021000 rw-p 00000000 00:00 0 
7eff3c021000-7eff40000000 ---p 00000000 00:00 0 
7eff40000000-7eff40021000 rw-p 00000000 00:00 0 
7eff40021000-7eff44000000 ---p 00000000 00:00 0 
7eff44fff000-7eff48000000 rw-p 00000000 00:00 0 
7eff48000000-7eff48516000 rw-p 00000000 00:00 0 
7eff48516000-7eff4c000000 ---p 00000000 00:00 0 
7eff4c000000-7eff4c021000 rw-p 00000000 00:00 0 
7eff4c021000-7eff50000000 ---p 00000000 00:00 0 
7eff50000000-7eff50760000 rw-p 00000000 00:00 0 
7eff50760000-7eff54000000 ---p 00000000 00:00 0 
7eff54000000-7eff544d0000 rw-p 00000000 00:00 0 
7eff544d0000-7eff58000000 ---p 00000000 00:00 0 
7eff58000000-7eff58021000 rw-p 00000000 00:00 0 
7eff58021000-7eff5c000000 ---p 00000000 00:00 0 
7eff5c000000-7eff5c021000 rw-p 00000000 00:00 0 
7eff5c021000-7eff60000000 ---p 00000000 00:00 0 
7eff60000000-7eff6029b000 rw-p 00000000 00:00 0 
7eff6029b000-7eff64000000 ---p 00000000 00:00 0 
7eff64000000-7eff64021000 rw-p 00000000 00:00 0 
7eff64021000-7eff68000000 ---p 00000000 00:00 0 
7eff68000000-7eff68021000 rw-p 00000000 00:00 0 
7eff68021000-7eff6c000000 ---p 00000000 00:00 0 
7eff6c6d3000-7eff6c793000 rw-p 00000000 00:00 0 
7eff6c793000-7eff6c8d3000 ---p 00000000 00:00 0 
7eff6c8d3000-7eff6cad3000 rw-p 00000000 00:00 0 
7eff6cad3000-7eff6cad6000 ---p 00000000 00:00 0 
7eff6cad6000-7eff6cbd4000 rw-p 00000000 00:00 0 
7eff6cbd4000-7eff6cbd7000 ---p 00000000 00:00 0 
7eff6cbd7000-7eff6ccd5000 rw-p 00000000 00:00 0 
7eff6ccd5000-7eff6ccd8000 ---p 00000000 00:00 0 
7eff6ccd8000-7eff6cdd6000 rw-p 00000000 00:00 0 
7eff6cdd6000-7eff6cdd9000 ---p 00000000 00:00 0 
7eff6cdd9000-7eff6ced7000 rw-p 00000000 00:00 0 
7eff6ced7000-7eff6ceda000 ---p 00000000 00:00 0 
7eff6ceda000-7eff6cfd8000 rw-p 00000000 00:00 0 
7eff6cfd8000-7eff6cfdb000 ---p 00000000 00:00 0 
7eff6cfdb000-7eff6d0d9000 rw-p 00000000 00:00 0 
7eff6d0d9000-7eff6d0dc000 ---p 00000000 00:00 0 
7eff6d0dc000-7eff6d1da000 rw-p 00000000 00:00 0 
7eff6d1da000-7eff6d1dd000 ---p 00000000 00:00 0 
7eff6d1dd000-7eff6d2db000 rw-p 00000000 00:00 0 
7eff6d2db000-7eff6d2de000 ---p 00000000 00:00 0 
7eff6d2de000-7eff6d3dc000 rw-p 00000000 00:00 0 
7eff6d3dc000-7eff6d3df000 ---p 00000000 00:00 0 
7eff6d3df000-7eff6d4dd000 rw-p 00000000 00:00 0 
7eff6d4dd000-7eff6d4e0000 ---p 00000000 00:00 0 
7eff6d4e0000-7eff6d5de000 rw-p 00000000 00:00 0 
7eff6d5de000-7eff6d5e1000 ---p 00000000 00:00 0 
7eff6d5e1000-7eff6d6df000 rw-p 00000000 00:00 0 
7eff6d6df000-7eff6d6e2000 ---p 00000000 00:00 0 
7eff6d6e2000-7eff6d7e0000 rw-p 00000000 00:00 0 
7eff6d7e0000-7eff6d7e3000 ---p 00000000 00:00 0 
7eff6d7e3000-7eff6d8e1000 rw-p 00000000 00:00 0 
7eff6d8e1000-7eff6d8e4000 ---p 00000000 00:00 0 
7eff6d8e4000-7eff6dbe2000 rw-p 00000000 00:00 0 
7eff6dbe2000-7eff6dbe5000 ---p 00000000 00:00 0 
7eff6dbe5000-7eff6dce3000 rw-p 00000000 00:00 0 
7eff6dce3000-7eff6dce6000 ---p 00000000 00:00 0 
7eff6dce6000-7eff6dde4000 rw-p 00000000 00:00 0 
7eff6dde4000-7eff6dde7000 ---p 00000000 00:00 0 
7eff6dde7000-7eff6dee5000 rw-p 00000000 00:00 0 
7eff6dee5000-7eff6defb000 r-xp 00000000 08:01 656512                     /usr/lib/jdk/jdk1.8.0_201/jre/lib/amd64/libnet.so
7eff6defb000-7eff6e0fb000 ---p 00016000 08:01 656512                     /usr/lib/jdk/jdk1.8.0_201/jre/lib/amd64/libnet.so
7eff6e0fb000-7eff6e0fc000 r--p 00016000 08:01 656512                     /usr/lib/jdk/jdk1.8.0_201/jre/lib/amd64/libnet.so
7eff6e0fc000-7eff6e0fd000 rw-p 00017000 08:01 656512                     /usr/lib/jdk/jdk1.8.0_201/jre/lib/amd64/libnet.so
7eff6e0fd000-7eff6e32e000 r--s 01bb1000 08:01 403225                     /home/hewitt/work/DiffTGen-master/lib/evosuite-1.0.6.jar
7eff6e32e000-7eff6e32f000 ---p 00000000 00:00 0 
7eff6e32f000-7eff6e42f000 rw-p 00000000 00:00 0 
7eff6e42f000-7eff6e432000 ---p 00000000 00:00 0 
7eff6e432000-7eff6e530000 rw-p 00000000 00:00 0 
7eff6e530000-7eff6e533000 ---p 00000000 00:00 0 
7eff6e533000-7eff6e631000 rw-p 00000000 00:00 0 
7eff6e631000-7eff6e634000 ---p 00000000 00:00 0 
7eff6e634000-7eff6e732000 rw-p 00000000 00:00 0 
7eff6e732000-7eff6e735000 ---p 00000000 00:00 0 
7eff6e735000-7eff6e833000 rw-p 00000000 00:00 0 
7eff6e833000-7eff6e836000 ---p 00000000 00:00 0 
7eff6e836000-7eff6e934000 rw-p 00000000 00:00 0 
7eff6e934000-7eff6f2f3000 r--p 00000000 08:01 270368                     /usr/lib/locale/locale-archive
7eff6f2f3000-7eff6f2f6000 ---p 00000000 00:00 0 
7eff6f2f6000-7eff6f3f4000 rw-p 00000000 00:00 0 
7eff6f3f4000-7eff6f3f7000 ---p 00000000 00:00 0 
7eff6f3f7000-7eff6f4f5000 rw-p 00000000 00:00 0 
7eff6f4f5000-7eff6f4f6000 ---p 00000000 00:00 0 
7eff6f4f6000-7eff70000000 rw-p 00000000 00:00 0 
7eff70000000-7eff70021000 rw-p 00000000 00:00 0 
7eff70021000-7eff74000000 ---p 00000000 00:00 0 
7eff74000000-7eff74021000 rw-p 00000000 00:00 0 
7eff74021000-7eff78000000 ---p 00000000 00:00 0 
7eff78000000-7eff78021000 rw-p 00000000 00:00 0 
7eff78021000-7eff7c000000 ---p 00000000 00:00 0 
7eff7c01f000-7eff7c032000 r--s 00345000 08:01 656331                     /usr/lib/jdk/jdk1.8.0_201/jre/lib/resources.jar
7eff7c032000-7eff7c0ab000 r--s 010fd000 08:01 654900                     /usr/lib/jdk/jdk1.8.0_201/lib/tools.jar
7eff7c0ab000-7eff7c5b0000 rw-p 00000000 00:00 0 
7eff7c5b0000-7eff7c78a000 r--s 03d6f000 08:01 656293                     /usr/lib/jdk/jdk1.8.0_201/jre/lib/rt.jar
7eff7c78a000-7eff7d000000 rw-p 00000000 00:00 0 
7eff7d000000-7eff7d630000 rwxp 00000000 00:00 0 
7eff7d630000-7eff8c000000 ---p 00000000 00:00 0 
7eff8c000000-7eff8c4bf000 rw-p 00000000 00:00 0 
7eff8c4bf000-7eff90000000 ---p 00000000 00:00 0 
7eff9000a000-7eff90026000 r--s 00393000 08:01 656354                     /usr/lib/jdk/jdk1.8.0_201/jre/lib/ext/cldrdata.jar
7eff90026000-7eff90029000 ---p 00000000 00:00 0 
7eff90029000-7eff920fa000 rw-p 00000000 00:00 0 
7eff920fa000-7eff920fb000 ---p 00000000 00:00 0 
7eff920fb000-7eff921fb000 rw-p 00000000 00:00 0 
7eff921fb000-7eff921fc000 ---p 00000000 00:00 0 
7eff921fc000-7eff922fc000 rw-p 00000000 00:00 0 
7eff922fc000-7eff922fd000 ---p 00000000 00:00 0 
7eff922fd000-7eff923fd000 rw-p 00000000 00:00 0 
7eff923fd000-7eff923fe000 ---p 00000000 00:00 0 
7eff923fe000-7eff92513000 rw-p 00000000 00:00 0 
7eff92513000-7eff92646000 ---p 00000000 00:00 0 
7eff92646000-7eff9265b000 rw-p 00000000 00:00 0 
7eff9265b000-7eff9278d000 ---p 00000000 00:00 0 
7eff9278d000-7eff927a0000 rw-p 00000000 00:00 0 
7eff927a0000-7eff92831000 ---p 00000000 00:00 0 
7eff92831000-7eff9284b000 rw-p 00000000 00:00 0 
7eff9284b000-7eff92bf2000 ---p 00000000 00:00 0 
7eff92bf2000-7eff92c0d000 r-xp 00000000 08:01 656508                     /usr/lib/jdk/jdk1.8.0_201/jre/lib/amd64/libzip.so
7eff92c0d000-7eff92e0c000 ---p 0001b000 08:01 656508                     /usr/lib/jdk/jdk1.8.0_201/jre/lib/amd64/libzip.so
7eff92e0c000-7eff92e0d000 r--p 0001a000 08:01 656508                     /usr/lib/jdk/jdk1.8.0_201/jre/lib/amd64/libzip.so
7eff92e0d000-7eff92e0e000 rw-p 0001b000 08:01 656508                     /usr/lib/jdk/jdk1.8.0_201/jre/lib/amd64/libzip.so
7eff92e0e000-7eff92e19000 r-xp 00000000 08:01 658902                     /lib/x86_64-linux-gnu/libnss_files-2.23.so
7eff92e19000-7eff93018000 ---p 0000b000 08:01 658902                     /lib/x86_64-linux-gnu/libnss_files-2.23.so
7eff93018000-7eff93019000 r--p 0000a000 08:01 658902                     /lib/x86_64-linux-gnu/libnss_files-2.23.so
7eff93019000-7eff9301a000 rw-p 0000b000 08:01 658902                     /lib/x86_64-linux-gnu/libnss_files-2.23.so
7eff9301a000-7eff93020000 rw-p 00000000 00:00 0 
7eff93020000-7eff9302b000 r-xp 00000000 08:01 658912                     /lib/x86_64-linux-gnu/libnss_nis-2.23.so
7eff9302b000-7eff9322a000 ---p 0000b000 08:01 658912                     /lib/x86_64-linux-gnu/libnss_nis-2.23.so
7eff9322a000-7eff9322b000 r--p 0000a000 08:01 658912                     /lib/x86_64-linux-gnu/libnss_nis-2.23.so
7eff9322b000-7eff9322c000 rw-p 0000b000 08:01 658912                     /lib/x86_64-linux-gnu/libnss_nis-2.23.so
7eff9322c000-7eff93242000 r-xp 00000000 08:01 658896                     /lib/x86_64-linux-gnu/libnsl-2.23.so
7eff93242000-7eff93441000 ---p 00016000 08:01 658896                     /lib/x86_64-linux-gnu/libnsl-2.23.so
7eff93441000-7eff93442000 r--p 00015000 08:01 658896                     /lib/x86_64-linux-gnu/libnsl-2.23.so
7eff93442000-7eff93443000 rw-p 00016000 08:01 658896                     /lib/x86_64-linux-gnu/libnsl-2.23.so
7eff93443000-7eff93445000 rw-p 00000000 00:00 0 
7eff93445000-7eff9344d000 r-xp 00000000 08:01 658898                     /lib/x86_64-linux-gnu/libnss_compat-2.23.so
7eff9344d000-7eff9364c000 ---p 00008000 08:01 658898                     /lib/x86_64-linux-gnu/libnss_compat-2.23.so
7eff9364c000-7eff9364d000 r--p 00007000 08:01 658898                     /lib/x86_64-linux-gnu/libnss_compat-2.23.so
7eff9364d000-7eff9364e000 rw-p 00008000 08:01 658898                     /lib/x86_64-linux-gnu/libnss_compat-2.23.so
7eff9364e000-7eff9367a000 r-xp 00000000 08:01 656502                     /usr/lib/jdk/jdk1.8.0_201/jre/lib/amd64/libjava.so
7eff9367a000-7eff9387a000 ---p 0002c000 08:01 656502                     /usr/lib/jdk/jdk1.8.0_201/jre/lib/amd64/libjava.so
7eff9387a000-7eff9387b000 r--p 0002c000 08:01 656502                     /usr/lib/jdk/jdk1.8.0_201/jre/lib/amd64/libjava.so
7eff9387b000-7eff9387d000 rw-p 0002d000 08:01 656502                     /usr/lib/jdk/jdk1.8.0_201/jre/lib/amd64/libjava.so
7eff9387d000-7eff9388a000 r-xp 00000000 08:01 656507                     /usr/lib/jdk/jdk1.8.0_201/jre/lib/amd64/libverify.so
7eff9388a000-7eff93a89000 ---p 0000d000 08:01 656507                     /usr/lib/jdk/jdk1.8.0_201/jre/lib/amd64/libverify.so
7eff93a89000-7eff93a8b000 r--p 0000c000 08:01 656507                     /usr/lib/jdk/jdk1.8.0_201/jre/lib/amd64/libverify.so
7eff93a8b000-7eff93a8c000 rw-p 0000e000 08:01 656507                     /usr/lib/jdk/jdk1.8.0_201/jre/lib/amd64/libverify.so
7eff93a8c000-7eff93a93000 r-xp 00000000 08:01 658957                     /lib/x86_64-linux-gnu/librt-2.23.so
7eff93a93000-7eff93c92000 ---p 00007000 08:01 658957                     /lib/x86_64-linux-gnu/librt-2.23.so
7eff93c92000-7eff93c93000 r--p 00006000 08:01 658957                     /lib/x86_64-linux-gnu/librt-2.23.so
7eff93c93000-7eff93c94000 rw-p 00007000 08:01 658957                     /lib/x86_64-linux-gnu/librt-2.23.so
7eff93c94000-7eff93d9c000 r-xp 00000000 08:01 658873                     /lib/x86_64-linux-gnu/libm-2.23.so
7eff93d9c000-7eff93f9b000 ---p 00108000 08:01 658873                     /lib/x86_64-linux-gnu/libm-2.23.so
7eff93f9b000-7eff93f9c000 r--p 00107000 08:01 658873                     /lib/x86_64-linux-gnu/libm-2.23.so
7eff93f9c000-7eff93f9d000 rw-p 00108000 08:01 658873                     /lib/x86_64-linux-gnu/libm-2.23.so
7eff93f9d000-7eff94c85000 r-xp 00000000 08:01 656484                     /usr/lib/jdk/jdk1.8.0_201/jre/lib/amd64/server/libjvm.so
7eff94c85000-7eff94e84000 ---p 00ce8000 08:01 656484                     /usr/lib/jdk/jdk1.8.0_201/jre/lib/amd64/server/libjvm.so
7eff94e84000-7eff94f1a000 r--p 00ce7000 08:01 656484                     /usr/lib/jdk/jdk1.8.0_201/jre/lib/amd64/server/libjvm.so
7eff94f1a000-7eff94f4b000 rw-p 00d7d000 08:01 656484                     /usr/lib/jdk/jdk1.8.0_201/jre/lib/amd64/server/libjvm.so
7eff94f4b000-7eff94f86000 rw-p 00000000 00:00 0 
7eff94f86000-7eff95146000 r-xp 00000000 08:01 658803                     /lib/x86_64-linux-gnu/libc-2.23.so
7eff95146000-7eff95346000 ---p 001c0000 08:01 658803                     /lib/x86_64-linux-gnu/libc-2.23.so
7eff95346000-7eff9534a000 r--p 001c0000 08:01 658803                     /lib/x86_64-linux-gnu/libc-2.23.so
7eff9534a000-7eff9534c000 rw-p 001c4000 08:01 658803                     /lib/x86_64-linux-gnu/libc-2.23.so
7eff9534c000-7eff95350000 rw-p 00000000 00:00 0 
7eff95350000-7eff95353000 r-xp 00000000 08:01 658827                     /lib/x86_64-linux-gnu/libdl-2.23.so
7eff95353000-7eff95552000 ---p 00003000 08:01 658827                     /lib/x86_64-linux-gnu/libdl-2.23.so
7eff95552000-7eff95553000 r--p 00002000 08:01 658827                     /lib/x86_64-linux-gnu/libdl-2.23.so
7eff95553000-7eff95554000 rw-p 00003000 08:01 658827                     /lib/x86_64-linux-gnu/libdl-2.23.so
7eff95554000-7eff9556b000 r-xp 00000000 08:01 656155                     /usr/lib/jdk/jdk1.8.0_201/lib/amd64/jli/libjli.so
7eff9556b000-7eff9576a000 ---p 00017000 08:01 656155                     /usr/lib/jdk/jdk1.8.0_201/lib/amd64/jli/libjli.so
7eff9576a000-7eff9576b000 r--p 00016000 08:01 656155                     /usr/lib/jdk/jdk1.8.0_201/lib/amd64/jli/libjli.so
7eff9576b000-7eff9576c000 rw-p 00017000 08:01 656155                     /usr/lib/jdk/jdk1.8.0_201/lib/amd64/jli/libjli.so
7eff9576c000-7eff95784000 r-xp 00000000 08:01 658949                     /lib/x86_64-linux-gnu/libpthread-2.23.so
7eff95784000-7eff95983000 ---p 00018000 08:01 658949                     /lib/x86_64-linux-gnu/libpthread-2.23.so
7eff95983000-7eff95984000 r--p 00017000 08:01 658949                     /lib/x86_64-linux-gnu/libpthread-2.23.so
7eff95984000-7eff95985000 rw-p 00018000 08:01 658949                     /lib/x86_64-linux-gnu/libpthread-2.23.so
7eff95985000-7eff95989000 rw-p 00000000 00:00 0 
7eff95989000-7eff959af000 r-xp 00000000 08:01 658775                     /lib/x86_64-linux-gnu/ld-2.23.so
7eff959ba000-7eff959c4000 r--s 00116000 08:01 656361                     /usr/lib/jdk/jdk1.8.0_201/jre/lib/ext/localedata.jar
7eff959c4000-7eff959d3000 r--s 000a9000 08:01 408605                     /home/hewitt/work/DiffTGen-master/output/patch10-Math-85-SequenceR/Math_85_0_sequencer/target/build/classes/all0.jar
7eff959d3000-7eff95a91000 rw-p 00000000 00:00 0 
7eff95a91000-7eff95a94000 ---p 00000000 00:00 0 
7eff95a94000-7eff95b97000 rw-p 00000000 00:00 0 
7eff95b97000-7eff95b9b000 r--s 000a1000 08:01 656350                     /usr/lib/jdk/jdk1.8.0_201/jre/lib/jsse.jar
7eff95b9b000-7eff95ba3000 r--s 0006e000 08:01 398946                     /home/hewitt/work/DiffTGen-master/lib/commons-lang3-3.5.jar
7eff95ba3000-7eff95ba4000 r--s 00000000 08:01 398951                     /home/hewitt/work/DiffTGen-master/lib/myprinter.jar
7eff95ba4000-7eff95bac000 rw-s 00000000 08:01 150722                     /tmp/hsperfdata_hewitt/52738
7eff95bac000-7eff95bad000 rw-p 00000000 00:00 0 
7eff95bad000-7eff95bae000 ---p 00000000 00:00 0 
7eff95bae000-7eff95baf000 r--p 00025000 08:01 658775                     /lib/x86_64-linux-gnu/ld-2.23.so
7eff95baf000-7eff95bb0000 rw-p 00026000 08:01 658775                     /lib/x86_64-linux-gnu/ld-2.23.so
7eff95bb0000-7eff95bb1000 rw-p 00000000 00:00 0 
7ffc10f0c000-7ffc10f2e000 rw-p 00000000 00:00 0                          [stack]
7ffc10f3c000-7ffc10f3f000 r--p 00000000 00:00 0                          [vvar]
7ffc10f3f000-7ffc10f41000 r-xp 00000000 00:00 0                          [vdso]
ffffffffff600000-ffffffffff601000 r-xp 00000000 00:00 0                  [vsyscall]

VM Arguments:
java_command: /home/hewitt/work/DiffTGen-master/lib/evosuite-1.0.6.jar -base_dir /home/hewitt/work/DiffTGen-master/output/patch10-Math-85-SequenceR/Math_85_0_sequencer/target/0/0 -projectCP /home/hewitt/work/DiffTGen-master/output/patch10-Math-85-SequenceR/Math_85_0_sequencer/target/build/classes/all0.jar:/home/hewitt/work/DiffTGen-master/lib/myprinter.jar:/home/hewitt/work/DiffTGen-master/lib/commons-lang3-3.5.jar -class org.apache.commons.math.analysis.solvers.UnivariateRealSolverUtils -Dassertions=false -Dsearch_budget=60
java_class_path (initial): /home/hewitt/work/DiffTGen-master/lib/evosuite-1.0.6.jar
Launcher Type: SUN_STANDARD

Environment Variables:
JAVA_HOME=/usr/lib/jdk/jdk1.8.0_201
JRE_HOME=/usr/lib/jdk/jdk1.8.0_201/jre
CLASSPATH=.:/usr/lib/jdk/jdk1.8.0_201/lib:/usr/lib/jdk/jdk1.8.0_201/jre/lib
PATH=/usr/lib/jdk/jdk1.8.0_201/bin:/home/hewitt/bin:/home/hewitt/.local/bin:/usr/lib/jdk/jdk1.7.0_80/bin:/usr/local/sbin:/usr/local/bin:/usr/sbin:/usr/bin:/sbin:/bin:/usr/games:/usr/local/games:/snap/bin:/home/hewitt/work/defects4j_v1.4.0/defects4j/framework/bin:/opt/apache-ant-1.9.14/bin:/home/hewitt/work/defects4j_v1.4.0/defects4j/framework/bin
SHELL=/bin/bash
DISPLAY=:0

Signal Handlers:
SIGSEGV: [libjvm.so+0xad3e60], sa_mask[0]=11111111011111111101111111111110, sa_flags=SA_RESTART|SA_SIGINFO
SIGBUS: [libjvm.so+0xad3e60], sa_mask[0]=11111111011111111101111111111110, sa_flags=SA_RESTART|SA_SIGINFO
SIGFPE: [libjvm.so+0x90b880], sa_mask[0]=11111111011111111101111111111110, sa_flags=SA_RESTART|SA_SIGINFO
SIGPIPE: [libjvm.so+0x90b880], sa_mask[0]=11111111011111111101111111111110, sa_flags=SA_RESTART|SA_SIGINFO
SIGXFSZ: [libjvm.so+0x90b880], sa_mask[0]=11111111011111111101111111111110, sa_flags=SA_RESTART|SA_SIGINFO
SIGILL: [libjvm.so+0x90b880], sa_mask[0]=11111111011111111101111111111110, sa_flags=SA_RESTART|SA_SIGINFO
SIGUSR1: SIG_DFL, sa_mask[0]=00000000000000000000000000000000, sa_flags=none
SIGUSR2: [libjvm.so+0x90b750], sa_mask[0]=00100000000000000000000000000000, sa_flags=SA_RESTART|SA_SIGINFO
SIGHUP: [libjvm.so+0x90bd70], sa_mask[0]=11111111011111111101111111111110, sa_flags=SA_RESTART|SA_SIGINFO
SIGINT: [libjvm.so+0x90bd70], sa_mask[0]=11111111011111111101111111111110, sa_flags=SA_RESTART|SA_SIGINFO
SIGTERM: [libjvm.so+0x90bd70], sa_mask[0]=11111111011111111101111111111110, sa_flags=SA_RESTART|SA_SIGINFO
SIGQUIT: [libjvm.so+0x90bd70], sa_mask[0]=11111111011111111101111111111110, sa_flags=SA_RESTART|SA_SIGINFO


---------------  S Y S T E M  ---------------

OS:DISTRIB_ID=Ubuntu
DISTRIB_RELEASE=16.04
DISTRIB_CODENAME=xenial
DISTRIB_DESCRIPTION="Ubuntu 16.04.6 LTS"

uname:Linux 4.15.0-91-generic #92~16.04.1-Ubuntu SMP Fri Feb 28 14:57:22 UTC 2020 x86_64
libc:glibc 2.23 NPTL 2.23 
rlimit: STACK 8192k, CORE 0k, NPROC 15448, NOFILE 1048576, AS infinity
load average:18.35 16.54 16.78

/proc/meminfo:
MemTotal:        4015928 kB
MemFree:          446636 kB
MemAvailable:     359012 kB
Buffers:             728 kB
Cached:            33092 kB
SwapCached:         1448 kB
Active:          2586740 kB
Inactive:         540812 kB
Active(anon):    2566476 kB
Inactive(anon):   528764 kB
Active(file):      20264 kB
Inactive(file):    12048 kB
Unevictable:          48 kB
Mlocked:              48 kB
SwapTotal:        998396 kB
SwapFree:            956 kB
Dirty:               144 kB
Writeback:           536 kB
AnonPages:       3092892 kB
Mapped:            26748 kB
Shmem:              1296 kB
Slab:              91592 kB
SReclaimable:      33384 kB
SUnreclaim:        58208 kB
KernelStack:       17760 kB
PageTables:        43020 kB
NFS_Unstable:          0 kB
Bounce:                0 kB
WritebackTmp:          0 kB
CommitLimit:     3006360 kB
Committed_AS:    8918328 kB
VmallocTotal:   34359738367 kB
VmallocUsed:           0 kB
VmallocChunk:          0 kB
HardwareCorrupted:     0 kB
AnonHugePages:         0 kB
ShmemHugePages:        0 kB
ShmemPmdMapped:        0 kB
CmaTotal:              0 kB
CmaFree:               0 kB
HugePages_Total:       0
HugePages_Free:        0
HugePages_Rsvd:        0
HugePages_Surp:        0
Hugepagesize:       2048 kB
DirectMap4k:       98112 kB
DirectMap2M:     4096000 kB
DirectMap1G:     2097152 kB

container (cgroup) information:
container_type: cgroupv1
cpu_cpuset_cpus: 0-3
cpu_memory_nodes: 0
active_processor_count: 4
cpu_quota: -1
cpu_period: 100000
cpu_shares: -1
memory_limit_in_bytes: -1
memory_and_swap_limit_in_bytes: -2
memory_soft_limit_in_bytes: -1
memory_usage_in_bytes: 3203035136
memory_max_usage_in_bytes: 20938752


CPU:total 4 (initial active 4) (2 cores per cpu, 1 threads per core) family 6 model 158 stepping 9, cmov, cx8, fxsr, mmx, sse, sse2, sse3, ssse3, sse4.1, sse4.2, popcnt, avx, avx2, aes, clmul, erms, 3dnowpref, lzcnt, tsc, tscinvbit, bmi1, bmi2, adx

/proc/cpuinfo:
processor	: 0
vendor_id	: GenuineIntel
cpu family	: 6
model		: 158
model name	: Intel(R) Core(TM) i7-7700HQ CPU @ 2.80GHz
stepping	: 9
microcode	: 0xb4
cpu MHz		: 2808.002
cache size	: 6144 KB
physical id	: 0
siblings	: 2
core id		: 0
cpu cores	: 2
apicid		: 0
initial apicid	: 0
fpu		: yes
fpu_exception	: yes
cpuid level	: 22
wp		: yes
flags		: fpu vme de pse tsc msr pae mce cx8 apic sep mtrr pge mca cmov pat pse36 clflush mmx fxsr sse sse2 ss ht syscall nx pdpe1gb rdtscp lm constant_tsc arch_perfmon nopl xtopology tsc_reliable nonstop_tsc cpuid pni pclmulqdq ssse3 fma cx16 pcid sse4_1 sse4_2 x2apic movbe popcnt tsc_deadline_timer aes xsave avx f16c rdrand hypervisor lahf_lm abm 3dnowprefetch cpuid_fault invpcid_single pti ssbd ibrs ibpb stibp fsgsbase tsc_adjust bmi1 avx2 smep bmi2 invpcid mpx rdseed adx smap clflushopt xsaveopt xsavec xsaves arat md_clear flush_l1d arch_capabilities
bugs		: cpu_meltdown spectre_v1 spectre_v2 spec_store_bypass l1tf mds swapgs itlb_multihit
bogomips	: 5616.00
clflush size	: 64
cache_alignment	: 64
address sizes	: 43 bits physical, 48 bits virtual
power management:

processor	: 1
vendor_id	: GenuineIntel
cpu family	: 6
model		: 158
model name	: Intel(R) Core(TM) i7-7700HQ CPU @ 2.80GHz
stepping	: 9
microcode	: 0xb4
cpu MHz		: 2808.002
cache size	: 6144 KB
physical id	: 0
siblings	: 2
core id		: 1
cpu cores	: 2
apicid		: 1
initial apicid	: 1
fpu		: yes
fpu_exception	: yes
cpuid level	: 22
wp		: yes
flags		: fpu vme de pse tsc msr pae mce cx8 apic sep mtrr pge mca cmov pat pse36 clflush mmx fxsr sse sse2 ss ht syscall nx pdpe1gb rdtscp lm constant_tsc arch_perfmon nopl xtopology tsc_reliable nonstop_tsc cpuid pni pclmulqdq ssse3 fma cx16 pcid sse4_1 sse4_2 x2apic movbe popcnt tsc_deadline_timer aes xsave avx f16c rdrand hypervisor lahf_lm abm 3dnowprefetch cpuid_fault invpcid_single pti ssbd ibrs ibpb stibp fsgsbase tsc_adjust bmi1 avx2 smep bmi2 invpcid mpx rdseed adx smap clflushopt xsaveopt xsavec xsaves arat md_clear flush_l1d arch_capabilities
bugs		: cpu_meltdown spectre_v1 spectre_v2 spec_store_bypass l1tf mds swapgs itlb_multihit
bogomips	: 5616.00
clflush size	: 64
cache_alignment	: 64
address sizes	: 43 bits physical, 48 bits virtual
power management:

processor	: 2
vendor_id	: GenuineIntel
cpu family	: 6
model		: 158
model name	: Intel(R) Core(TM) i7-7700HQ CPU @ 2.80GHz
stepping	: 9
microcode	: 0xb4
cpu MHz		: 2808.002
cache size	: 6144 KB
physical id	: 1
siblings	: 2
core id		: 0
cpu cores	: 2
apicid		: 2
initial apicid	: 2
fpu		: yes
fpu_exception	: yes
cpuid level	: 22
wp		: yes
flags		: fpu vme de pse tsc msr pae mce cx8 apic sep mtrr pge mca cmov pat pse36 clflush mmx fxsr sse sse2 ss ht syscall nx pdpe1gb rdtscp lm constant_tsc arch_perfmon nopl xtopology tsc_reliable nonstop_tsc cpuid pni pclmulqdq ssse3 fma cx16 pcid sse4_1 sse4_2 x2apic movbe popcnt tsc_deadline_timer aes xsave avx f16c rdrand hypervisor lahf_lm abm 3dnowprefetch cpuid_fault invpcid_single pti ssbd ibrs ibpb stibp fsgsbase tsc_adjust bmi1 avx2 smep bmi2 invpcid mpx rdseed adx smap clflushopt xsaveopt xsavec xsaves arat md_clear flush_l1d arch_capabilities
bugs		: cpu_meltdown spectre_v1 spectre_v2 spec_store_bypass l1tf mds swapgs itlb_multihit
bogomips	: 5616.00
clflush size	: 64
cache_alignment	: 64
address sizes	: 43 bits physical, 48 bits virtual
power management:

processor	: 3
vendor_id	: GenuineIntel
cpu family	: 6
model		: 158
model name	: Intel(R) Core(TM) i7-7700HQ CPU @ 2.80GHz
stepping	: 9
microcode	: 0xb4
cpu MHz		: 2808.002
cache size	: 6144 KB
physical id	: 1
siblings	: 2
core id		: 1
cpu cores	: 2
apicid		: 3
initial apicid	: 3
fpu		: yes
fpu_exception	: yes
cpuid level	: 22
wp		: yes
flags		: fpu vme de pse tsc msr pae mce cx8 apic sep mtrr pge mca cmov pat pse36 clflush mmx fxsr sse sse2 ss ht syscall nx pdpe1gb rdtscp lm constant_tsc arch_perfmon nopl xtopology tsc_reliable nonstop_tsc cpuid pni pclmulqdq ssse3 fma cx16 pcid sse4_1 sse4_2 x2apic movbe popcnt tsc_deadline_timer aes xsave avx f16c rdrand hypervisor lahf_lm abm 3dnowprefetch cpuid_fault invpcid_single pti ssbd ibrs ibpb stibp fsgsbase tsc_adjust bmi1 avx2 smep bmi2 invpcid mpx rdseed adx smap clflushopt xsaveopt xsavec xsaves arat md_clear flush_l1d arch_capabilities
bugs		: cpu_meltdown spectre_v1 spectre_v2 spec_store_bypass l1tf mds swapgs itlb_multihit
bogomips	: 5616.00
clflush size	: 64
cache_alignment	: 64
address sizes	: 43 bits physical, 48 bits virtual
power management:



Memory: 4k page, physical 4015928k(446636k free), swap 998396k(1156k free)

vm_info: Java HotSpot(TM) 64-Bit Server VM (25.201-b09) for linux-amd64 JRE (1.8.0_201-b09), built on Dec 15 2018 11:35:59 by "java_re" with gcc 7.3.0

time: Sun Mar 29 05:35:38 2020
timezone: CST
elapsed time: 49 seconds (0d 0h 0m 49s)

