#
# There is insufficient memory for the Java Runtime Environment to continue.
# Native memory allocation (mmap) failed to map 262144 bytes for committing reserved memory.
# Possible reasons:
#   The system is out of physical RAM or swap space
#   The process is running with CompressedOops enabled, and the Java Heap may be blocking the growth of the native heap
# Possible solutions:
#   Reduce memory load on the system
#   Increase physical memory or swap space
#   Check if swap backing store is full
#   Decrease Java heap size (-Xmx/-Xms)
#   Decrease number of Java threads
#   Decrease Java thread stack sizes (-Xss)
#   Set larger code cache with -XX:ReservedCodeCacheSize=
#   JVM is running with Unscaled Compressed Oops mode in which the Java heap is
#     placed in the first 4GB address space. The Java Heap base address is the
#     maximum limit for the native heap growth. Please use -XX:HeapBaseMinAddress
#     to set the Java Heap base and to place the Java Heap above 4GB virtual address.
# This output file may be truncated or incomplete.
#
#  Out of Memory Error (os_linux.cpp:2749), pid=54130, tid=0x00007f52ef8f8700
#
# JRE version: Java(TM) SE Runtime Environment (8.0_201-b09) (build 1.8.0_201-b09)
# Java VM: Java HotSpot(TM) 64-Bit Server VM (25.201-b09 mixed mode linux-amd64 compressed oops)
# Failed to write core dump. Core dumps have been disabled. To enable core dumping, try "ulimit -c unlimited" before starting Java again
#

---------------  T H R E A D  ---------------

Current thread (0x00007f52f8001000):  JavaThread "RMI TCP Connection(2)-127.0.0.1" daemon [_thread_in_vm, id=54482, stack(0x00007f52ef7f8000,0x00007f52ef8f9000)]

Stack: [0x00007f52ef7f8000,0x00007f52ef8f9000],  sp=0x00007f52ef8f1300,  free space=996k
Native frames: (J=compiled Java code, j=interpreted, Vv=VM code, C=native code)
V  [libjvm.so+0xad3525]  VMError::report_and_die()+0x2e5
V  [libjvm.so+0x4e0457]  report_vm_out_of_memory(char const*, int, unsigned long, VMErrorType, char const*)+0x67
V  [libjvm.so+0x9102f0]  os::pd_commit_memory(char*, unsigned long, unsigned long, bool)+0x100
V  [libjvm.so+0x90791f]  os::commit_memory(char*, unsigned long, unsigned long, bool)+0x1f
V  [libjvm.so+0xacfda0]  VirtualSpace::expand_by(unsigned long, bool)+0x140
V  [libjvm.so+0x8839a4]  VirtualSpaceList::expand_node_by(VirtualSpaceNode*, unsigned long, unsigned long)+0x74
V  [libjvm.so+0x888fa9]  VirtualSpaceList::get_new_chunk(unsigned long, unsigned long)+0x329
V  [libjvm.so+0x88ab5f]  SpaceManager::grow_and_allocate(unsigned long)+0x1ef
V  [libjvm.so+0x88b45b]  SpaceManager::allocate(unsigned long)+0x1db
V  [libjvm.so+0x88beb5]  Metaspace::allocate(ClassLoaderData*, unsigned long, bool, MetaspaceObj::Type, Thread*)+0x55
V  [libjvm.so+0x8b0aa2]  MethodData::allocate(ClassLoaderData*, methodHandle, Thread*)+0x1f2
V  [libjvm.so+0x895193]  Method::build_interpreter_method_data(methodHandle, Thread*)+0xd3
V  [libjvm.so+0x2bdaa3]  AdvancedThresholdPolicy::create_mdo(methodHandle, JavaThread*) [clone .part.40]+0x63
V  [libjvm.so+0x2c1365]  AdvancedThresholdPolicy::method_back_branch_event(methodHandle, methodHandle, int, CompLevel, nmethod*, JavaThread*)+0xd45
V  [libjvm.so+0x9e7081]  SimpleThresholdPolicy::event(methodHandle, methodHandle, int, int, CompLevel, nmethod*, JavaThread*)+0x221
V  [libjvm.so+0x67e286]  InterpreterRuntime::frequency_counter_overflow_inner(JavaThread*, unsigned char*)+0x186
V  [libjvm.so+0x67ed46]  InterpreterRuntime::frequency_counter_overflow(JavaThread*, unsigned char*)+0x16
j  org.evosuite.shaded.org.objectweb.asm.Type.getType([CI)Lorg/evosuite/shaded/org/objectweb/asm/Type;+220
j  org.evosuite.shaded.org.objectweb.asm.Type.getType(Ljava/lang/String;)Lorg/evosuite/shaded/org/objectweb/asm/Type;+5
j  org.evosuite.shaded.org.objectweb.asm.tree.analysis.SourceInterpreter.unaryOperation(Lorg/evosuite/shaded/org/objectweb/asm/tree/AbstractInsnNode;Lorg/evosuite/shaded/org/objectweb/asm/tree/analysis/SourceValue;)Lorg/evosuite/shaded/org/objectweb/asm/tree/analysis/SourceValue;+100
j  org.evosuite.shaded.org.objectweb.asm.tree.analysis.SourceInterpreter.unaryOperation(Lorg/evosuite/shaded/org/objectweb/asm/tree/AbstractInsnNode;Lorg/evosuite/shaded/org/objectweb/asm/tree/analysis/Value;)Lorg/evosuite/shaded/org/objectweb/asm/tree/analysis/Value;+6
J 1283 C1 org.evosuite.shaded.org.objectweb.asm.tree.analysis.Frame.execute(Lorg/evosuite/shaded/org/objectweb/asm/tree/AbstractInsnNode;Lorg/evosuite/shaded/org/objectweb/asm/tree/analysis/Interpreter;)V (2529 bytes) @ 0x00007f534d435064 [0x00007f534d42a8e0+0xa784]
j  org.evosuite.shaded.org.objectweb.asm.tree.analysis.Analyzer.analyze(Ljava/lang/String;Lorg/evosuite/shaded/org/objectweb/asm/tree/MethodNode;)[Lorg/evosuite/shaded/org/objectweb/asm/tree/analysis/Frame;+786
j  org.evosuite.graphs.cfg.BytecodeAnalyzer.analyze(Ljava/lang/ClassLoader;Ljava/lang/String;Ljava/lang/String;Lorg/evosuite/shaded/org/objectweb/asm/tree/MethodNode;)Lorg/evosuite/graphs/cfg/CFGFrame;+20
j  org.evosuite.graphs.cfg.CFGMethodAdapter.visitEnd()V+524
j  org.evosuite.shaded.org.objectweb.asm.MethodVisitor.visitEnd()V+11
j  org.evosuite.shaded.org.objectweb.asm.MethodVisitor.visitEnd()V+11
j  org.evosuite.shaded.org.objectweb.asm.tree.MethodNode.accept(Lorg/evosuite/shaded/org/objectweb/asm/MethodVisitor;)V+912
j  org.evosuite.shaded.org.objectweb.asm.tree.MethodNode.accept(Lorg/evosuite/shaded/org/objectweb/asm/ClassVisitor;)V+52
j  org.evosuite.shaded.org.objectweb.asm.tree.ClassNode.accept(Lorg/evosuite/shaded/org/objectweb/asm/ClassVisitor;)V+555
j  org.evosuite.instrumentation.BytecodeInstrumentation.transformBytes(Ljava/lang/ClassLoader;Ljava/lang/String;Lorg/evosuite/shaded/org/objectweb/asm/ClassReader;)[B+727
j  org.evosuite.instrumentation.InstrumentingClassLoader.getTransformedBytes(Ljava/lang/String;Ljava/io/InputStream;)[B+14
j  org.evosuite.instrumentation.InstrumentingClassLoader.instrumentClass(Ljava/lang/String;)Ljava/lang/Class;+89
j  org.evosuite.instrumentation.InstrumentingClassLoader.loadClass(Ljava/lang/String;)Ljava/lang/Class;+136
j  org.evosuite.utils.generic.GenericClass.getClass(Ljava/lang/String;Ljava/lang/ClassLoader;)Ljava/lang/Class;+306
j  org.evosuite.utils.generic.GenericClass.getClass(Ljava/lang/String;)Ljava/lang/Class;+7
j  org.evosuite.utils.generic.GenericClass.readObject(Ljava/io/ObjectInputStream;)V+25
v  ~StubRoutines::call_stub
V  [libjvm.so+0x68825b]  JavaCalls::call_helper(JavaValue*, methodHandle*, JavaCallArguments*, Thread*)+0xddb
V  [libjvm.so+0x999f25]  Reflection::invoke(instanceKlassHandle, methodHandle, Handle, bool, objArrayHandle, BasicType, objArrayHandle, bool, Thread*)+0xb65
V  [libjvm.so+0x99b866]  Reflection::invoke_method(oopDesc*, Handle, objArrayHandle, Thread*)+0x126
V  [libjvm.so+0x6fd2b2]  JVM_InvokeMethod+0x102
j  sun.reflect.NativeMethodAccessorImpl.invoke0(Ljava/lang/reflect/Method;Ljava/lang/Object;[Ljava/lang/Object;)Ljava/lang/Object;+0
j  sun.reflect.NativeMethodAccessorImpl.invoke(Ljava/lang/Object;[Ljava/lang/Object;)Ljava/lang/Object;+100
J 973 C1 sun.reflect.DelegatingMethodAccessorImpl.invoke(Ljava/lang/Object;[Ljava/lang/Object;)Ljava/lang/Object; (10 bytes) @ 0x00007f534d33ddc4 [0x00007f534d33dcc0+0x104]
J 968 C1 java.lang.reflect.Method.invoke(Ljava/lang/Object;[Ljava/lang/Object;)Ljava/lang/Object; (62 bytes) @ 0x00007f534d340e0c [0x00007f534d340a20+0x3ec]
J 980 C1 java.io.ObjectStreamClass.invokeReadObject(Ljava/lang/Object;Ljava/io/ObjectInputStream;)V (93 bytes) @ 0x00007f534d349b2c [0x00007f534d3497c0+0x36c]
J 965 C1 java.io.ObjectInputStream.readSerialData(Ljava/lang/Object;Ljava/io/ObjectStreamClass;)V (367 bytes) @ 0x00007f534d337eac [0x00007f534d337600+0x8ac]
J 949 C1 java.io.ObjectInputStream.readOrdinaryObject(Z)Ljava/lang/Object; (322 bytes) @ 0x00007f534d331814 [0x00007f534d330f40+0x8d4]
J 905 C1 java.io.ObjectInputStream.readObject0(Z)Ljava/lang/Object; (566 bytes) @ 0x00007f534d307a54 [0x00007f534d306e20+0xc34]
J 1104 C1 java.io.ObjectInputStream.defaultReadFields(Ljava/lang/Object;Ljava/io/ObjectStreamClass;)V (199 bytes) @ 0x00007f534d3a682c [0x00007f534d3a6280+0x5ac]
J 965 C1 java.io.ObjectInputStream.readSerialData(Ljava/lang/Object;Ljava/io/ObjectStreamClass;)V (367 bytes) @ 0x00007f534d338204 [0x00007f534d337600+0xc04]
J 949 C1 java.io.ObjectInputStream.readOrdinaryObject(Z)Ljava/lang/Object; (322 bytes) @ 0x00007f534d331814 [0x00007f534d330f40+0x8d4]
J 905 C1 java.io.ObjectInputStream.readObject0(Z)Ljava/lang/Object; (566 bytes) @ 0x00007f534d307a54 [0x00007f534d306e20+0xc34]
J 1104 C1 java.io.ObjectInputStream.defaultReadFields(Ljava/lang/Object;Ljava/io/ObjectStreamClass;)V (199 bytes) @ 0x00007f534d3a682c [0x00007f534d3a6280+0x5ac]
J 965 C1 java.io.ObjectInputStream.readSerialData(Ljava/lang/Object;Ljava/io/ObjectStreamClass;)V (367 bytes) @ 0x00007f534d338204 [0x00007f534d337600+0xc04]
J 949 C1 java.io.ObjectInputStream.readOrdinaryObject(Z)Ljava/lang/Object; (322 bytes) @ 0x00007f534d331814 [0x00007f534d330f40+0x8d4]
J 905 C1 java.io.ObjectInputStream.readObject0(Z)Ljava/lang/Object; (566 bytes) @ 0x00007f534d307a54 [0x00007f534d306e20+0xc34]
J 938 C1 java.io.ObjectInputStream.readObject()Ljava/lang/Object; (130 bytes) @ 0x00007f534d323694 [0x00007f534d3235c0+0xd4]
J 1068 C1 java.util.ArrayList.readObject(Ljava/io/ObjectInputStream;)V (87 bytes) @ 0x00007f534d38649c [0x00007f534d385be0+0x8bc]
J 1072 C1 sun.reflect.GeneratedMethodAccessor6.invoke(Ljava/lang/Object;[Ljava/lang/Object;)Ljava/lang/Object; (66 bytes) @ 0x00007f534d38e984 [0x00007f534d38e640+0x344]
J 973 C1 sun.reflect.DelegatingMethodAccessorImpl.invoke(Ljava/lang/Object;[Ljava/lang/Object;)Ljava/lang/Object; (10 bytes) @ 0x00007f534d33ddc4 [0x00007f534d33dcc0+0x104]
J 968 C1 java.lang.reflect.Method.invoke(Ljava/lang/Object;[Ljava/lang/Object;)Ljava/lang/Object; (62 bytes) @ 0x00007f534d340e0c [0x00007f534d340a20+0x3ec]
J 980 C1 java.io.ObjectStreamClass.invokeReadObject(Ljava/lang/Object;Ljava/io/ObjectInputStream;)V (93 bytes) @ 0x00007f534d349b2c [0x00007f534d3497c0+0x36c]
J 965 C1 java.io.ObjectInputStream.readSerialData(Ljava/lang/Object;Ljava/io/ObjectStreamClass;)V (367 bytes) @ 0x00007f534d337eac [0x00007f534d337600+0x8ac]
J 949 C1 java.io.ObjectInputStream.readOrdinaryObject(Z)Ljava/lang/Object; (322 bytes) @ 0x00007f534d331814 [0x00007f534d330f40+0x8d4]
J 905 C1 java.io.ObjectInputStream.readObject0(Z)Ljava/lang/Object; (566 bytes) @ 0x00007f534d307a54 [0x00007f534d306e20+0xc34]
J 1025 C2 java.io.ObjectInputStream.defaultReadFields(Ljava/lang/Object;Ljava/io/ObjectStreamClass;)V (199 bytes) @ 0x00007f534d388b88 [0x00007f534d3888a0+0x2e8]
J 965 C1 java.io.ObjectInputStream.readSerialData(Ljava/lang/Object;Ljava/io/ObjectStreamClass;)V (367 bytes) @ 0x00007f534d338204 [0x00007f534d337600+0xc04]
J 949 C1 java.io.ObjectInputStream.readOrdinaryObject(Z)Ljava/lang/Object; (322 bytes) @ 0x00007f534d331814 [0x00007f534d330f40+0x8d4]
J 905 C1 java.io.ObjectInputStream.readObject0(Z)Ljava/lang/Object; (566 bytes) @ 0x00007f534d307a54 [0x00007f534d306e20+0xc34]
J 1025 C2 java.io.ObjectInputStream.defaultReadFields(Ljava/lang/Object;Ljava/io/ObjectStreamClass;)V (199 bytes) @ 0x00007f534d388b88 [0x00007f534d3888a0+0x2e8]
J 977 C1 java.io.ObjectInputStream.defaultReadObject()V (87 bytes) @ 0x00007f534d34375c [0x00007f534d343440+0x31c]
j  org.evosuite.testcase.DefaultTestCase.readObject(Ljava/io/ObjectInputStream;)V+1
v  ~StubRoutines::call_stub
V  [libjvm.so+0x68825b]  JavaCalls::call_helper(JavaValue*, methodHandle*, JavaCallArguments*, Thread*)+0xddb
V  [libjvm.so+0x999f25]  Reflection::invoke(instanceKlassHandle, methodHandle, Handle, bool, objArrayHandle, BasicType, objArrayHandle, bool, Thread*)+0xb65
V  [libjvm.so+0x99b866]  Reflection::invoke_method(oopDesc*, Handle, objArrayHandle, Thread*)+0x126
V  [libjvm.so+0x6fd2b2]  JVM_InvokeMethod+0x102
j  sun.reflect.NativeMethodAccessorImpl.invoke0(Ljava/lang/reflect/Method;Ljava/lang/Object;[Ljava/lang/Object;)Ljava/lang/Object;+0
j  sun.reflect.NativeMethodAccessorImpl.invoke(Ljava/lang/Object;[Ljava/lang/Object;)Ljava/lang/Object;+100
J 973 C1 sun.reflect.DelegatingMethodAccessorImpl.invoke(Ljava/lang/Object;[Ljava/lang/Object;)Ljava/lang/Object; (10 bytes) @ 0x00007f534d33ddc4 [0x00007f534d33dcc0+0x104]
J 968 C1 java.lang.reflect.Method.invoke(Ljava/lang/Object;[Ljava/lang/Object;)Ljava/lang/Object; (62 bytes) @ 0x00007f534d340e0c [0x00007f534d340a20+0x3ec]
J 980 C1 java.io.ObjectStreamClass.invokeReadObject(Ljava/lang/Object;Ljava/io/ObjectInputStream;)V (93 bytes) @ 0x00007f534d349b2c [0x00007f534d3497c0+0x36c]
J 965 C1 java.io.ObjectInputStream.readSerialData(Ljava/lang/Object;Ljava/io/ObjectStreamClass;)V (367 bytes) @ 0x00007f534d337eac [0x00007f534d337600+0x8ac]
J 949 C1 java.io.ObjectInputStream.readOrdinaryObject(Z)Ljava/lang/Object; (322 bytes) @ 0x00007f534d331814 [0x00007f534d330f40+0x8d4]
J 905 C1 java.io.ObjectInputStream.readObject0(Z)Ljava/lang/Object; (566 bytes) @ 0x00007f534d307a54 [0x00007f534d306e20+0xc34]
J 1025 C2 java.io.ObjectInputStream.defaultReadFields(Ljava/lang/Object;Ljava/io/ObjectStreamClass;)V (199 bytes) @ 0x00007f534d388b88 [0x00007f534d3888a0+0x2e8]
J 965 C1 java.io.ObjectInputStream.readSerialData(Ljava/lang/Object;Ljava/io/ObjectStreamClass;)V (367 bytes) @ 0x00007f534d338204 [0x00007f534d337600+0xc04]
J 949 C1 java.io.ObjectInputStream.readOrdinaryObject(Z)Ljava/lang/Object; (322 bytes) @ 0x00007f534d331814 [0x00007f534d330f40+0x8d4]
J 905 C1 java.io.ObjectInputStream.readObject0(Z)Ljava/lang/Object; (566 bytes) @ 0x00007f534d307a54 [0x00007f534d306e20+0xc34]
J 938 C1 java.io.ObjectInputStream.readObject()Ljava/lang/Object; (130 bytes) @ 0x00007f534d323694 [0x00007f534d3235c0+0xd4]
J 1068 C1 java.util.ArrayList.readObject(Ljava/io/ObjectInputStream;)V (87 bytes) @ 0x00007f534d38649c [0x00007f534d385be0+0x8bc]
J 1072 C1 sun.reflect.GeneratedMethodAccessor6.invoke(Ljava/lang/Object;[Ljava/lang/Object;)Ljava/lang/Object; (66 bytes) @ 0x00007f534d38e984 [0x00007f534d38e640+0x344]
J 973 C1 sun.reflect.DelegatingMethodAccessorImpl.invoke(Ljava/lang/Object;[Ljava/lang/Object;)Ljava/lang/Object; (10 bytes) @ 0x00007f534d33ddc4 [0x00007f534d33dcc0+0x104]
J 968 C1 java.lang.reflect.Method.invoke(Ljava/lang/Object;[Ljava/lang/Object;)Ljava/lang/Object; (62 bytes) @ 0x00007f534d340e0c [0x00007f534d340a20+0x3ec]
J 980 C1 java.io.ObjectStreamClass.invokeReadObject(Ljava/lang/Object;Ljava/io/ObjectInputStream;)V (93 bytes) @ 0x00007f534d349b2c [0x00007f534d3497c0+0x36c]
J 965 C1 java.io.ObjectInputStream.readSerialData(Ljava/lang/Object;Ljava/io/ObjectStreamClass;)V (367 bytes) @ 0x00007f534d337eac [0x00007f534d337600+0x8ac]
J 949 C1 java.io.ObjectInputStream.readOrdinaryObject(Z)Ljava/lang/Object; (322 bytes) @ 0x00007f534d331814 [0x00007f534d330f40+0x8d4]
J 905 C1 java.io.ObjectInputStream.readObject0(Z)Ljava/lang/Object; (566 bytes) @ 0x00007f534d307a54 [0x00007f534d306e20+0xc34]
...<more frames>...

Java frames: (J=compiled Java code, j=interpreted, Vv=VM code)
j  org.evosuite.shaded.org.objectweb.asm.Type.getType([CI)Lorg/evosuite/shaded/org/objectweb/asm/Type;+220
j  org.evosuite.shaded.org.objectweb.asm.Type.getType(Ljava/lang/String;)Lorg/evosuite/shaded/org/objectweb/asm/Type;+5
j  org.evosuite.shaded.org.objectweb.asm.tree.analysis.SourceInterpreter.unaryOperation(Lorg/evosuite/shaded/org/objectweb/asm/tree/AbstractInsnNode;Lorg/evosuite/shaded/org/objectweb/asm/tree/analysis/SourceValue;)Lorg/evosuite/shaded/org/objectweb/asm/tree/analysis/SourceValue;+100
j  org.evosuite.shaded.org.objectweb.asm.tree.analysis.SourceInterpreter.unaryOperation(Lorg/evosuite/shaded/org/objectweb/asm/tree/AbstractInsnNode;Lorg/evosuite/shaded/org/objectweb/asm/tree/analysis/Value;)Lorg/evosuite/shaded/org/objectweb/asm/tree/analysis/Value;+6
J 1283 C1 org.evosuite.shaded.org.objectweb.asm.tree.analysis.Frame.execute(Lorg/evosuite/shaded/org/objectweb/asm/tree/AbstractInsnNode;Lorg/evosuite/shaded/org/objectweb/asm/tree/analysis/Interpreter;)V (2529 bytes) @ 0x00007f534d435064 [0x00007f534d42a8e0+0xa784]
j  org.evosuite.shaded.org.objectweb.asm.tree.analysis.Analyzer.analyze(Ljava/lang/String;Lorg/evosuite/shaded/org/objectweb/asm/tree/MethodNode;)[Lorg/evosuite/shaded/org/objectweb/asm/tree/analysis/Frame;+786
j  org.evosuite.graphs.cfg.BytecodeAnalyzer.analyze(Ljava/lang/ClassLoader;Ljava/lang/String;Ljava/lang/String;Lorg/evosuite/shaded/org/objectweb/asm/tree/MethodNode;)Lorg/evosuite/graphs/cfg/CFGFrame;+20
j  org.evosuite.graphs.cfg.CFGMethodAdapter.visitEnd()V+524
j  org.evosuite.shaded.org.objectweb.asm.MethodVisitor.visitEnd()V+11
j  org.evosuite.shaded.org.objectweb.asm.MethodVisitor.visitEnd()V+11
j  org.evosuite.shaded.org.objectweb.asm.tree.MethodNode.accept(Lorg/evosuite/shaded/org/objectweb/asm/MethodVisitor;)V+912
j  org.evosuite.shaded.org.objectweb.asm.tree.MethodNode.accept(Lorg/evosuite/shaded/org/objectweb/asm/ClassVisitor;)V+52
j  org.evosuite.shaded.org.objectweb.asm.tree.ClassNode.accept(Lorg/evosuite/shaded/org/objectweb/asm/ClassVisitor;)V+555
j  org.evosuite.instrumentation.BytecodeInstrumentation.transformBytes(Ljava/lang/ClassLoader;Ljava/lang/String;Lorg/evosuite/shaded/org/objectweb/asm/ClassReader;)[B+727
j  org.evosuite.instrumentation.InstrumentingClassLoader.getTransformedBytes(Ljava/lang/String;Ljava/io/InputStream;)[B+14
j  org.evosuite.instrumentation.InstrumentingClassLoader.instrumentClass(Ljava/lang/String;)Ljava/lang/Class;+89
j  org.evosuite.instrumentation.InstrumentingClassLoader.loadClass(Ljava/lang/String;)Ljava/lang/Class;+136
j  org.evosuite.utils.generic.GenericClass.getClass(Ljava/lang/String;Ljava/lang/ClassLoader;)Ljava/lang/Class;+306
j  org.evosuite.utils.generic.GenericClass.getClass(Ljava/lang/String;)Ljava/lang/Class;+7
j  org.evosuite.utils.generic.GenericClass.readObject(Ljava/io/ObjectInputStream;)V+25
v  ~StubRoutines::call_stub
j  sun.reflect.NativeMethodAccessorImpl.invoke0(Ljava/lang/reflect/Method;Ljava/lang/Object;[Ljava/lang/Object;)Ljava/lang/Object;+0
j  sun.reflect.NativeMethodAccessorImpl.invoke(Ljava/lang/Object;[Ljava/lang/Object;)Ljava/lang/Object;+100
J 973 C1 sun.reflect.DelegatingMethodAccessorImpl.invoke(Ljava/lang/Object;[Ljava/lang/Object;)Ljava/lang/Object; (10 bytes) @ 0x00007f534d33ddc4 [0x00007f534d33dcc0+0x104]
J 968 C1 java.lang.reflect.Method.invoke(Ljava/lang/Object;[Ljava/lang/Object;)Ljava/lang/Object; (62 bytes) @ 0x00007f534d340e0c [0x00007f534d340a20+0x3ec]
J 980 C1 java.io.ObjectStreamClass.invokeReadObject(Ljava/lang/Object;Ljava/io/ObjectInputStream;)V (93 bytes) @ 0x00007f534d349b2c [0x00007f534d3497c0+0x36c]
J 965 C1 java.io.ObjectInputStream.readSerialData(Ljava/lang/Object;Ljava/io/ObjectStreamClass;)V (367 bytes) @ 0x00007f534d337eac [0x00007f534d337600+0x8ac]
J 949 C1 java.io.ObjectInputStream.readOrdinaryObject(Z)Ljava/lang/Object; (322 bytes) @ 0x00007f534d331814 [0x00007f534d330f40+0x8d4]
J 905 C1 java.io.ObjectInputStream.readObject0(Z)Ljava/lang/Object; (566 bytes) @ 0x00007f534d307a54 [0x00007f534d306e20+0xc34]
J 1104 C1 java.io.ObjectInputStream.defaultReadFields(Ljava/lang/Object;Ljava/io/ObjectStreamClass;)V (199 bytes) @ 0x00007f534d3a682c [0x00007f534d3a6280+0x5ac]
J 965 C1 java.io.ObjectInputStream.readSerialData(Ljava/lang/Object;Ljava/io/ObjectStreamClass;)V (367 bytes) @ 0x00007f534d338204 [0x00007f534d337600+0xc04]
J 949 C1 java.io.ObjectInputStream.readOrdinaryObject(Z)Ljava/lang/Object; (322 bytes) @ 0x00007f534d331814 [0x00007f534d330f40+0x8d4]
J 905 C1 java.io.ObjectInputStream.readObject0(Z)Ljava/lang/Object; (566 bytes) @ 0x00007f534d307a54 [0x00007f534d306e20+0xc34]
J 1104 C1 java.io.ObjectInputStream.defaultReadFields(Ljava/lang/Object;Ljava/io/ObjectStreamClass;)V (199 bytes) @ 0x00007f534d3a682c [0x00007f534d3a6280+0x5ac]
J 965 C1 java.io.ObjectInputStream.readSerialData(Ljava/lang/Object;Ljava/io/ObjectStreamClass;)V (367 bytes) @ 0x00007f534d338204 [0x00007f534d337600+0xc04]
J 949 C1 java.io.ObjectInputStream.readOrdinaryObject(Z)Ljava/lang/Object; (322 bytes) @ 0x00007f534d331814 [0x00007f534d330f40+0x8d4]
J 905 C1 java.io.ObjectInputStream.readObject0(Z)Ljava/lang/Object; (566 bytes) @ 0x00007f534d307a54 [0x00007f534d306e20+0xc34]
J 938 C1 java.io.ObjectInputStream.readObject()Ljava/lang/Object; (130 bytes) @ 0x00007f534d323694 [0x00007f534d3235c0+0xd4]
J 1068 C1 java.util.ArrayList.readObject(Ljava/io/ObjectInputStream;)V (87 bytes) @ 0x00007f534d38649c [0x00007f534d385be0+0x8bc]
J 1072 C1 sun.reflect.GeneratedMethodAccessor6.invoke(Ljava/lang/Object;[Ljava/lang/Object;)Ljava/lang/Object; (66 bytes) @ 0x00007f534d38e984 [0x00007f534d38e640+0x344]
J 973 C1 sun.reflect.DelegatingMethodAccessorImpl.invoke(Ljava/lang/Object;[Ljava/lang/Object;)Ljava/lang/Object; (10 bytes) @ 0x00007f534d33ddc4 [0x00007f534d33dcc0+0x104]
J 968 C1 java.lang.reflect.Method.invoke(Ljava/lang/Object;[Ljava/lang/Object;)Ljava/lang/Object; (62 bytes) @ 0x00007f534d340e0c [0x00007f534d340a20+0x3ec]
J 980 C1 java.io.ObjectStreamClass.invokeReadObject(Ljava/lang/Object;Ljava/io/ObjectInputStream;)V (93 bytes) @ 0x00007f534d349b2c [0x00007f534d3497c0+0x36c]
J 965 C1 java.io.ObjectInputStream.readSerialData(Ljava/lang/Object;Ljava/io/ObjectStreamClass;)V (367 bytes) @ 0x00007f534d337eac [0x00007f534d337600+0x8ac]
J 949 C1 java.io.ObjectInputStream.readOrdinaryObject(Z)Ljava/lang/Object; (322 bytes) @ 0x00007f534d331814 [0x00007f534d330f40+0x8d4]
J 905 C1 java.io.ObjectInputStream.readObject0(Z)Ljava/lang/Object; (566 bytes) @ 0x00007f534d307a54 [0x00007f534d306e20+0xc34]
J 1025 C2 java.io.ObjectInputStream.defaultReadFields(Ljava/lang/Object;Ljava/io/ObjectStreamClass;)V (199 bytes) @ 0x00007f534d388b88 [0x00007f534d3888a0+0x2e8]
J 965 C1 java.io.ObjectInputStream.readSerialData(Ljava/lang/Object;Ljava/io/ObjectStreamClass;)V (367 bytes) @ 0x00007f534d338204 [0x00007f534d337600+0xc04]
J 949 C1 java.io.ObjectInputStream.readOrdinaryObject(Z)Ljava/lang/Object; (322 bytes) @ 0x00007f534d331814 [0x00007f534d330f40+0x8d4]
J 905 C1 java.io.ObjectInputStream.readObject0(Z)Ljava/lang/Object; (566 bytes) @ 0x00007f534d307a54 [0x00007f534d306e20+0xc34]
J 1025 C2 java.io.ObjectInputStream.defaultReadFields(Ljava/lang/Object;Ljava/io/ObjectStreamClass;)V (199 bytes) @ 0x00007f534d388b88 [0x00007f534d3888a0+0x2e8]
J 977 C1 java.io.ObjectInputStream.defaultReadObject()V (87 bytes) @ 0x00007f534d34375c [0x00007f534d343440+0x31c]
j  org.evosuite.testcase.DefaultTestCase.readObject(Ljava/io/ObjectInputStream;)V+1
v  ~StubRoutines::call_stub
j  sun.reflect.NativeMethodAccessorImpl.invoke0(Ljava/lang/reflect/Method;Ljava/lang/Object;[Ljava/lang/Object;)Ljava/lang/Object;+0
j  sun.reflect.NativeMethodAccessorImpl.invoke(Ljava/lang/Object;[Ljava/lang/Object;)Ljava/lang/Object;+100
J 973 C1 sun.reflect.DelegatingMethodAccessorImpl.invoke(Ljava/lang/Object;[Ljava/lang/Object;)Ljava/lang/Object; (10 bytes) @ 0x00007f534d33ddc4 [0x00007f534d33dcc0+0x104]
J 968 C1 java.lang.reflect.Method.invoke(Ljava/lang/Object;[Ljava/lang/Object;)Ljava/lang/Object; (62 bytes) @ 0x00007f534d340e0c [0x00007f534d340a20+0x3ec]
J 980 C1 java.io.ObjectStreamClass.invokeReadObject(Ljava/lang/Object;Ljava/io/ObjectInputStream;)V (93 bytes) @ 0x00007f534d349b2c [0x00007f534d3497c0+0x36c]
J 965 C1 java.io.ObjectInputStream.readSerialData(Ljava/lang/Object;Ljava/io/ObjectStreamClass;)V (367 bytes) @ 0x00007f534d337eac [0x00007f534d337600+0x8ac]
J 949 C1 java.io.ObjectInputStream.readOrdinaryObject(Z)Ljava/lang/Object; (322 bytes) @ 0x00007f534d331814 [0x00007f534d330f40+0x8d4]
J 905 C1 java.io.ObjectInputStream.readObject0(Z)Ljava/lang/Object; (566 bytes) @ 0x00007f534d307a54 [0x00007f534d306e20+0xc34]
J 1025 C2 java.io.ObjectInputStream.defaultReadFields(Ljava/lang/Object;Ljava/io/ObjectStreamClass;)V (199 bytes) @ 0x00007f534d388b88 [0x00007f534d3888a0+0x2e8]
J 965 C1 java.io.ObjectInputStream.readSerialData(Ljava/lang/Object;Ljava/io/ObjectStreamClass;)V (367 bytes) @ 0x00007f534d338204 [0x00007f534d337600+0xc04]
J 949 C1 java.io.ObjectInputStream.readOrdinaryObject(Z)Ljava/lang/Object; (322 bytes) @ 0x00007f534d331814 [0x00007f534d330f40+0x8d4]
J 905 C1 java.io.ObjectInputStream.readObject0(Z)Ljava/lang/Object; (566 bytes) @ 0x00007f534d307a54 [0x00007f534d306e20+0xc34]
J 938 C1 java.io.ObjectInputStream.readObject()Ljava/lang/Object; (130 bytes) @ 0x00007f534d323694 [0x00007f534d3235c0+0xd4]
J 1068 C1 java.util.ArrayList.readObject(Ljava/io/ObjectInputStream;)V (87 bytes) @ 0x00007f534d38649c [0x00007f534d385be0+0x8bc]
J 1072 C1 sun.reflect.GeneratedMethodAccessor6.invoke(Ljava/lang/Object;[Ljava/lang/Object;)Ljava/lang/Object; (66 bytes) @ 0x00007f534d38e984 [0x00007f534d38e640+0x344]
J 973 C1 sun.reflect.DelegatingMethodAccessorImpl.invoke(Ljava/lang/Object;[Ljava/lang/Object;)Ljava/lang/Object; (10 bytes) @ 0x00007f534d33ddc4 [0x00007f534d33dcc0+0x104]
J 968 C1 java.lang.reflect.Method.invoke(Ljava/lang/Object;[Ljava/lang/Object;)Ljava/lang/Object; (62 bytes) @ 0x00007f534d340e0c [0x00007f534d340a20+0x3ec]
J 980 C1 java.io.ObjectStreamClass.invokeReadObject(Ljava/lang/Object;Ljava/io/ObjectInputStream;)V (93 bytes) @ 0x00007f534d349b2c [0x00007f534d3497c0+0x36c]
J 965 C1 java.io.ObjectInputStream.readSerialData(Ljava/lang/Object;Ljava/io/ObjectStreamClass;)V (367 bytes) @ 0x00007f534d337eac [0x00007f534d337600+0x8ac]
J 949 C1 java.io.ObjectInputStream.readOrdinaryObject(Z)Ljava/lang/Object; (322 bytes) @ 0x00007f534d331814 [0x00007f534d330f40+0x8d4]
J 905 C1 java.io.ObjectInputStream.readObject0(Z)Ljava/lang/Object; (566 bytes) @ 0x00007f534d307a54 [0x00007f534d306e20+0xc34]
J 1025 C2 java.io.ObjectInputStream.defaultReadFields(Ljava/lang/Object;Ljava/io/ObjectStreamClass;)V (199 bytes) @ 0x00007f534d388b88 [0x00007f534d3888a0+0x2e8]
j  java.io.ObjectInputStream.readSerialData(Ljava/lang/Object;Ljava/io/ObjectStreamClass;)V+298
j  java.io.ObjectInputStream.readOrdinaryObject(Z)Ljava/lang/Object;+183
J 905 C1 java.io.ObjectInputStream.readObject0(Z)Ljava/lang/Object; (566 bytes) @ 0x00007f534d307a54 [0x00007f534d306e20+0xc34]
j  java.io.ObjectInputStream.readObject()Ljava/lang/Object;+19
j  sun.rmi.server.UnicastRef.unmarshalValue(Ljava/lang/Class;Ljava/io/ObjectInput;)Ljava/lang/Object;+171
j  sun.rmi.server.UnicastServerRef.unmarshalParametersUnchecked(Ljava/lang/reflect/Method;Ljava/io/ObjectInput;)[Ljava/lang/Object;+31
j  sun.rmi.server.UnicastServerRef.unmarshalParameters(Ljava/lang/Object;Ljava/lang/reflect/Method;Lsun/rmi/server/MarshalInputStream;)[Ljava/lang/Object;+23
j  sun.rmi.server.UnicastServerRef.dispatch(Ljava/rmi/Remote;Ljava/rmi/server/RemoteCall;)V+168
j  sun.rmi.transport.Transport$1.run()Ljava/lang/Void;+23
j  sun.rmi.transport.Transport$1.run()Ljava/lang/Object;+1
v  ~StubRoutines::call_stub
J 141  java.security.AccessController.doPrivileged(Ljava/security/PrivilegedExceptionAction;Ljava/security/AccessControlContext;)Ljava/lang/Object; (0 bytes) @ 0x00007f534d159ce3 [0x00007f534d159c80+0x63]
j  sun.rmi.transport.Transport.serviceCall(Ljava/rmi/server/RemoteCall;)Z+157
j  sun.rmi.transport.tcp.TCPTransport.handleMessages(Lsun/rmi/transport/Connection;Z)V+185
j  sun.rmi.transport.tcp.TCPTransport$ConnectionHandler.run0()V+696
j  sun.rmi.transport.tcp.TCPTransport$ConnectionHandler.lambda$run$0()Ljava/lang/Void;+1
j  sun.rmi.transport.tcp.TCPTransport$ConnectionHandler$$Lambda$19.run()Ljava/lang/Object;+4
v  ~StubRoutines::call_stub
j  java.security.AccessController.doPrivileged(Ljava/security/PrivilegedAction;Ljava/security/AccessControlContext;)Ljava/lang/Object;+0
j  sun.rmi.transport.tcp.TCPTransport$ConnectionHandler.run()V+58
j  java.util.concurrent.ThreadPoolExecutor.runWorker(Ljava/util/concurrent/ThreadPoolExecutor$Worker;)V+95
j  java.util.concurrent.ThreadPoolExecutor$Worker.run()V+5
j  java.lang.Thread.run()V+11
v  ~StubRoutines::call_stub

---------------  P R O C E S S  ---------------

Java Threads: ( => current thread )
=>0x00007f52f8001000 JavaThread "RMI TCP Connection(2)-127.0.0.1" daemon [_thread_in_vm, id=54482, stack(0x00007f52ef7f8000,0x00007f52ef8f9000)]
  0x00007f52cc070000 JavaThread "RMI Scheduler(0)" daemon [_thread_blocked, id=54478, stack(0x00007f52ef8f9000,0x00007f52ef9fa000)]
  0x00007f52cc068800 JavaThread "RMI RenewClean-[127.0.0.1:18316]" daemon [_thread_blocked, id=54475, stack(0x00007f52ef9fa000,0x00007f52efafb000)]
  0x00007f5304001000 JavaThread "RMI TCP Connection(3)-127.0.0.1" daemon [_thread_in_native, id=54470, stack(0x00007f52efafb000,0x00007f52efbfc000)]
  0x00007f52f4005000 JavaThread "pool-3-thread-3" [_thread_in_native, id=54410, stack(0x00007f52efbfc000,0x00007f52efcfd000)]
  0x00007f52f4003000 JavaThread "pool-3-thread-2" [_thread_in_native, id=54408, stack(0x00007f52efcfd000,0x00007f52efdfe000)]
  0x00007f52f4002000 JavaThread "pool-3-thread-1" [_thread_in_native, id=54403, stack(0x00007f52efdfe000,0x00007f52efeff000)]
  0x00007f535c200800 JavaThread "Thread-3" [_thread_in_native, id=54310, stack(0x00007f52efeff000,0x00007f52f0000000)]
  0x00007f535c1fe800 JavaThread "Thread-2" [_thread_in_native, id=54309, stack(0x00007f53140ad000,0x00007f53141ae000)]
  0x00007f535c1fd000 JavaThread "process reaper" daemon [_thread_in_native, id=54308, stack(0x00007f5348078000,0x00007f53480b1000)]
  0x00007f535c3c8000 JavaThread "pool-2-thread-1" [_thread_in_native, id=54271, stack(0x00007f53141ae000,0x00007f53142af000)]
  0x00007f535c3c5800 JavaThread "GC Daemon" daemon [_thread_blocked, id=54261, stack(0x00007f53142af000,0x00007f53143b0000)]
  0x00007f535c3c3000 JavaThread "RMI Reaper" [_thread_blocked, id=54260, stack(0x00007f53143b0000,0x00007f53144b1000)]
  0x00007f535c3bc000 JavaThread "RMI TCP Accept-12639" daemon [_thread_in_native, id=54258, stack(0x00007f53144b1000,0x00007f53145b2000)]
  0x00007f535c3b4800 JavaThread "RMI TCP Accept-19579" daemon [_thread_in_native, id=54250, stack(0x00007f53145b2000,0x00007f53146b3000)]
  0x00007f535c2e9800 JavaThread "logback-3" daemon [_thread_blocked, id=54233, stack(0x00007f53148b3000,0x00007f53149b4000)]
  0x00007f535c2e6000 JavaThread "logback-2" daemon [_thread_blocked, id=54230, stack(0x00007f53149b4000,0x00007f5314ab5000)]
  0x00007f535c2e4000 JavaThread "logback-1" daemon [_thread_blocked, id=54227, stack(0x00007f5314ab5000,0x00007f5314bb6000)]
  0x00007f535c189000 JavaThread "Service Thread" daemon [_thread_blocked, id=54209, stack(0x00007f53481b2000,0x00007f53482b3000)]
  0x00007f535c186000 JavaThread "C1 CompilerThread2" daemon [_thread_blocked, id=54201, stack(0x00007f53482b3000,0x00007f53483b4000)]
  0x00007f535c184800 JavaThread "C2 CompilerThread1" daemon [_thread_blocked, id=54198, stack(0x00007f53483b4000,0x00007f53484b5000)]
  0x00007f535c181800 JavaThread "C2 CompilerThread0" daemon [_thread_blocked, id=54197, stack(0x00007f53484b5000,0x00007f53485b6000)]
  0x00007f535c180000 JavaThread "Signal Dispatcher" daemon [_thread_blocked, id=54193, stack(0x00007f53485b6000,0x00007f53486b7000)]
  0x00007f535c14c000 JavaThread "Finalizer" daemon [_thread_blocked, id=54180, stack(0x00007f5349076000,0x00007f5349177000)]
  0x00007f535c149800 JavaThread "Reference Handler" daemon [_thread_blocked, id=54173, stack(0x00007f5349177000,0x00007f5349278000)]
  0x00007f535c00a800 JavaThread "main" [_thread_in_native, id=54136, stack(0x00007f5363791000,0x00007f5363892000)]

Other Threads:
  0x00007f535c140000 VMThread [stack: 0x00007f5349278000,0x00007f5349379000] [id=54167]
  0x00007f535c18b800 WatcherThread [stack: 0x00007f53480b1000,0x00007f53481b2000] [id=54215]

VM state:synchronizing (normal execution)

VM Mutex/Monitor currently owned by a thread:  ([mutex/lock_event])
[0x00007f535c007090] Threads_lock - owner thread: 0x00007f535c140000
[0x00007f535c007b10] MethodData_lock - owner thread: 0x00007f52f8001000

heap address: 0x00000000c2a00000, size: 982 MB, Compressed Oops mode: 32-bit
Narrow klass base: 0x0000000000000000, Narrow klass shift: 3
Compressed class space size: 1073741824 Address: 0x0000000100000000

Heap:
 PSYoungGen      total 18432K, used 10802K [0x00000000eb900000, 0x00000000ecd80000, 0x0000000100000000)
  eden space 15872K, 51% used [0x00000000eb900000,0x00000000ec10f040,0x00000000ec880000)
  from space 2560K, 99% used [0x00000000ec880000,0x00000000ecafda80,0x00000000ecb00000)
  to   space 2560K, 0% used [0x00000000ecb00000,0x00000000ecb00000,0x00000000ecd80000)
 ParOldGen       total 42496K, used 4216K [0x00000000c2a00000, 0x00000000c5380000, 0x00000000eb900000)
  object space 42496K, 9% used [0x00000000c2a00000,0x00000000c2e1e128,0x00000000c5380000)
 Metaspace       used 13606K, capacity 13938K, committed 14080K, reserved 1062912K
  class space    used 1589K, capacity 1705K, committed 1792K, reserved 1048576K

Card table byte_map: [0x00007f5360346000,0x00007f5360532000] byte_map_base: 0x00007f535fd31000

Marking Bits: (ParMarkBitMap*) 0x00007f5362c68d80
 Begin Bits: [0x00007f534ae4d000, 0x00007f534bda5000)
 End Bits:   [0x00007f534bda5000, 0x00007f534ccfd000)

Polling page: 0x00007f53638ad000

CodeCache: size=245760Kb used=4637Kb max_used=4637Kb free=241123Kb
 bounds [0x00007f534d000000, 0x00007f534d490000, 0x00007f535c000000]
 total_blobs=1719 nmethods=1369 adapters=261
 compilation: enabled

Compilation events (10 events):
Event: 46.339 Thread 0x00007f535c186000 nmethod 1391 0x00007f534d487210 code [0x00007f534d487380, 0x00007f534d4875c8]
Event: 46.339 Thread 0x00007f535c186000 1392       3       org.jgrapht.util.ArrayUnenforcedSet::<init> (6 bytes)
Event: 46.339 Thread 0x00007f535c186000 nmethod 1392 0x00007f534d4876d0 code [0x00007f534d487840, 0x00007f534d4879c8]
Event: 46.339 Thread 0x00007f535c186000 1389       3       org.evosuite.coverage.branch.BranchPool::isKnownAsNormalBranchInstruction (11 bytes)
Event: 46.340 Thread 0x00007f535c186000 nmethod 1389 0x00007f534d487a50 code [0x00007f534d487bc0, 0x00007f534d487de8]
Event: 46.340 Thread 0x00007f535c186000 1393       3       org.evosuite.graphs.EvoSuiteGraph::vertexCount (15 bytes)
Event: 46.340 Thread 0x00007f535c186000 nmethod 1393 0x00007f534d487ed0 code [0x00007f534d488060, 0x00007f534d488338]
Event: 46.340 Thread 0x00007f535c186000 1394       3       org.evosuite.graphs.EvoSuiteGraph::addEdge (13 bytes)
Event: 46.340 Thread 0x00007f535c186000 nmethod 1394 0x00007f534d488450 code [0x00007f534d4885c0, 0x00007f534d4887e8]
Event: 46.358 Thread 0x00007f535c186000 1411       3       org.evosuite.shaded.org.objectweb.asm.Type::getArgumentsAndReturnSizes (151 bytes)

GC Heap History (8 events):
Event: 2.635 GC heap before
{Heap before GC invocations=1 (full 0):
 PSYoungGen      total 18432K, used 15872K [0x00000000eb900000, 0x00000000ecd80000, 0x0000000100000000)
  eden space 15872K, 100% used [0x00000000eb900000,0x00000000ec880000,0x00000000ec880000)
  from space 2560K, 0% used [0x00000000ecb00000,0x00000000ecb00000,0x00000000ecd80000)
  to   space 2560K, 0% used [0x00000000ec880000,0x00000000ec880000,0x00000000ecb00000)
 ParOldGen       total 42496K, used 0K [0x00000000c2a00000, 0x00000000c5380000, 0x00000000eb900000)
  object space 42496K, 0% used [0x00000000c2a00000,0x00000000c2a00000,0x00000000c5380000)
 Metaspace       used 10004K, capacity 10188K, committed 10368K, reserved 1058816K
  class space    used 1216K, capacity 1287K, committed 1408K, reserved 1048576K
Event: 2.662 GC heap after
Heap after GC invocations=1 (full 0):
 PSYoungGen      total 18432K, used 2528K [0x00000000eb900000, 0x00000000ecd80000, 0x0000000100000000)
  eden space 15872K, 0% used [0x00000000eb900000,0x00000000eb900000,0x00000000ec880000)
  from space 2560K, 98% used [0x00000000ec880000,0x00000000ecaf8020,0x00000000ecb00000)
  to   space 2560K, 0% used [0x00000000ecb00000,0x00000000ecb00000,0x00000000ecd80000)
 ParOldGen       total 42496K, used 1637K [0x00000000c2a00000, 0x00000000c5380000, 0x00000000eb900000)
  object space 42496K, 3% used [0x00000000c2a00000,0x00000000c2b99528,0x00000000c5380000)
 Metaspace       used 10004K, capacity 10188K, committed 10368K, reserved 1058816K
  class space    used 1216K, capacity 1287K, committed 1408K, reserved 1048576K
}
Event: 2.762 GC heap before
{Heap before GC invocations=2 (full 0):
 PSYoungGen      total 18432K, used 3463K [0x00000000eb900000, 0x00000000ecd80000, 0x0000000100000000)
  eden space 15872K, 5% used [0x00000000eb900000,0x00000000eb9e9e68,0x00000000ec880000)
  from space 2560K, 98% used [0x00000000ec880000,0x00000000ecaf8020,0x00000000ecb00000)
  to   space 2560K, 0% used [0x00000000ecb00000,0x00000000ecb00000,0x00000000ecd80000)
 ParOldGen       total 42496K, used 1637K [0x00000000c2a00000, 0x00000000c5380000, 0x00000000eb900000)
  object space 42496K, 3% used [0x00000000c2a00000,0x00000000c2b99528,0x00000000c5380000)
 Metaspace       used 10169K, capacity 10366K, committed 10624K, reserved 1058816K
  class space    used 1239K, capacity 1324K, committed 1408K, reserved 1048576K
Event: 2.784 GC heap after
Heap after GC invocations=2 (full 0):
 PSYoungGen      total 18432K, used 2528K [0x00000000eb900000, 0x00000000ecd80000, 0x0000000100000000)
  eden space 15872K, 0% used [0x00000000eb900000,0x00000000eb900000,0x00000000ec880000)
  from space 2560K, 98% used [0x00000000ecb00000,0x00000000ecd78020,0x00000000ecd80000)
  to   space 2560K, 0% used [0x00000000ec880000,0x00000000ec880000,0x00000000ecb00000)
 ParOldGen       total 42496K, used 1659K [0x00000000c2a00000, 0x00000000c5380000, 0x00000000eb900000)
  object space 42496K, 3% used [0x00000000c2a00000,0x00000000c2b9ee30,0x00000000c5380000)
 Metaspace       used 10169K, capacity 10366K, committed 10624K, reserved 1058816K
  class space    used 1239K, capacity 1324K, committed 1408K, reserved 1048576K
}
Event: 2.784 GC heap before
{Heap before GC invocations=3 (full 1):
 PSYoungGen      total 18432K, used 2528K [0x00000000eb900000, 0x00000000ecd80000, 0x0000000100000000)
  eden space 15872K, 0% used [0x00000000eb900000,0x00000000eb900000,0x00000000ec880000)
  from space 2560K, 98% used [0x00000000ecb00000,0x00000000ecd78020,0x00000000ecd80000)
  to   space 2560K, 0% used [0x00000000ec880000,0x00000000ec880000,0x00000000ecb00000)
 ParOldGen       total 42496K, used 1659K [0x00000000c2a00000, 0x00000000c5380000, 0x00000000eb900000)
  object space 42496K, 3% used [0x00000000c2a00000,0x00000000c2b9ee30,0x00000000c5380000)
 Metaspace       used 10169K, capacity 10366K, committed 10624K, reserved 1058816K
  class space    used 1239K, capacity 1324K, committed 1408K, reserved 1048576K
Event: 2.814 GC heap after
Heap after GC invocations=3 (full 1):
 PSYoungGen      total 18432K, used 0K [0x00000000eb900000, 0x00000000ecd80000, 0x0000000100000000)
  eden space 15872K, 0% used [0x00000000eb900000,0x00000000eb900000,0x00000000ec880000)
  from space 2560K, 0% used [0x00000000ecb00000,0x00000000ecb00000,0x00000000ecd80000)
  to   space 2560K, 0% used [0x00000000ec880000,0x00000000ec880000,0x00000000ecb00000)
 ParOldGen       total 42496K, used 2567K [0x00000000c2a00000, 0x00000000c5380000, 0x00000000eb900000)
  object space 42496K, 6% used [0x00000000c2a00000,0x00000000c2c81e38,0x00000000c5380000)
 Metaspace       used 10161K, capacity 10356K, committed 10624K, reserved 1058816K
  class space    used 1237K, capacity 1322K, committed 1408K, reserved 1048576K
}
Event: 44.365 GC heap before
{Heap before GC invocations=4 (full 1):
 PSYoungGen      total 18432K, used 15872K [0x00000000eb900000, 0x00000000ecd80000, 0x0000000100000000)
  eden space 15872K, 100% used [0x00000000eb900000,0x00000000ec880000,0x00000000ec880000)
  from space 2560K, 0% used [0x00000000ecb00000,0x00000000ecb00000,0x00000000ecd80000)
  to   space 2560K, 0% used [0x00000000ec880000,0x00000000ec880000,0x00000000ecb00000)
 ParOldGen       total 42496K, used 2567K [0x00000000c2a00000, 0x00000000c5380000, 0x00000000eb900000)
  object space 42496K, 6% used [0x00000000c2a00000,0x00000000c2c81e38,0x00000000c5380000)
 Metaspace       used 13444K, capacity 13798K, committed 14080K, reserved 1060864K
  class space    used 1584K, capacity 1703K, committed 1792K, reserved 1048576K
Event: 44.382 GC heap after
Heap after GC invocations=4 (full 1):
 PSYoungGen      total 18432K, used 2550K [0x00000000eb900000, 0x00000000ecd80000, 0x0000000100000000)
  eden space 15872K, 0% used [0x00000000eb900000,0x00000000eb900000,0x00000000ec880000)
  from space 2560K, 99% used [0x00000000ec880000,0x00000000ecafda80,0x00000000ecb00000)
  to   space 2560K, 0% used [0x00000000ecb00000,0x00000000ecb00000,0x00000000ecd80000)
 ParOldGen       total 42496K, used 4216K [0x00000000c2a00000, 0x00000000c5380000, 0x00000000eb900000)
  object space 42496K, 9% used [0x00000000c2a00000,0x00000000c2e1e128,0x00000000c5380000)
 Metaspace       used 13444K, capacity 13798K, committed 14080K, reserved 1060864K
  class space    used 1584K, capacity 1703K, committed 1792K, reserved 1048576K
}

Deoptimization events (10 events):
Event: 40.965 Thread 0x00007f52f8001000 Uncommon trap: reason=bimorphic action=maybe_recompile pc=0x00007f534d21c514 method=java.util.HashMap.putVal(ILjava/lang/Object;Ljava/lang/Object;ZZ)Ljava/lang/Object; @ 91
Event: 40.965 Thread 0x00007f52f8001000 Uncommon trap: reason=bimorphic action=maybe_recompile pc=0x00007f534d21c514 method=java.util.HashMap.putVal(ILjava/lang/Object;Ljava/lang/Object;ZZ)Ljava/lang/Object; @ 91
Event: 40.969 Thread 0x00007f52f8001000 Uncommon trap: reason=bimorphic action=maybe_recompile pc=0x00007f534d21c514 method=java.util.HashMap.putVal(ILjava/lang/Object;Ljava/lang/Object;ZZ)Ljava/lang/Object; @ 91
Event: 42.116 Thread 0x00007f5304001000 Uncommon trap: reason=unstable_if action=reinterpret pc=0x00007f534d389834 method=java.io.ObjectInputStream.defaultReadFields(Ljava/lang/Object;Ljava/io/ObjectStreamClass;)V @ 39
Event: 44.166 Thread 0x00007f52f8001000 Uncommon trap: reason=class_check action=maybe_recompile pc=0x00007f534d3ead34 method=java.util.HashMap.putVal(ILjava/lang/Object;Ljava/lang/Object;ZZ)Ljava/lang/Object; @ 203
Event: 44.580 Thread 0x00007f52f8001000 Uncommon trap: reason=unstable_if action=reinterpret pc=0x00007f534d1c16b0 method=java.lang.AbstractStringBuilder.append(Ljava/lang/String;)Ljava/lang/AbstractStringBuilder; @ 1
Event: 44.674 Thread 0x00007f52f8001000 Uncommon trap: reason=unstable_if action=reinterpret pc=0x00007f534d1c40a8 method=java.lang.AbstractStringBuilder.append(Ljava/lang/String;)Ljava/lang/AbstractStringBuilder; @ 1
Event: 45.113 Thread 0x00007f52f8001000 Uncommon trap: reason=class_check action=maybe_recompile pc=0x00007f534d3ead34 method=java.util.HashMap.putVal(ILjava/lang/Object;Ljava/lang/Object;ZZ)Ljava/lang/Object; @ 203
Event: 45.113 Thread 0x00007f52f8001000 Uncommon trap: reason=class_check action=maybe_recompile pc=0x00007f534d3ead34 method=java.util.HashMap.putVal(ILjava/lang/Object;Ljava/lang/Object;ZZ)Ljava/lang/Object; @ 203
Event: 45.113 Thread 0x00007f52f8001000 Uncommon trap: reason=class_check action=maybe_recompile pc=0x00007f534d3ead34 method=java.util.HashMap.putVal(ILjava/lang/Object;Ljava/lang/Object;ZZ)Ljava/lang/Object; @ 203

Classes redefined (0 events):
No events

Internal exceptions (10 events):
Event: 31.519 Thread 0x00007f535c2e4000 Exception <a 'java/net/ConnectException'> (0x00000000ebb3fa08) thrown at [/HUDSON/workspace/8-2-build-linux-amd64/jdk8u201/12317/hotspot/src/share/vm/prims/jni.cpp, line 709]
Event: 31.542 Thread 0x00007f535c2e6000 Exception <a 'java/net/ConnectException'> (0x00000000ebb675b0) thrown at [/HUDSON/workspace/8-2-build-linux-amd64/jdk8u201/12317/hotspot/src/share/vm/prims/jni.cpp, line 709]
Event: 31.548 Thread 0x00007f535c2e9800 Exception <a 'java/net/ConnectException'> (0x00000000ebb8f158) thrown at [/HUDSON/workspace/8-2-build-linux-amd64/jdk8u201/12317/hotspot/src/share/vm/prims/jni.cpp, line 709]
Event: 41.520 Thread 0x00007f535c2e4000 Exception <a 'java/net/ConnectException'> (0x00000000ebb40530) thrown at [/HUDSON/workspace/8-2-build-linux-amd64/jdk8u201/12317/hotspot/src/share/vm/prims/jni.cpp, line 709]
Event: 41.543 Thread 0x00007f535c2e6000 Exception <a 'java/net/ConnectException'> (0x00000000ebb680d8) thrown at [/HUDSON/workspace/8-2-build-linux-amd64/jdk8u201/12317/hotspot/src/share/vm/prims/jni.cpp, line 709]
Event: 41.549 Thread 0x00007f535c2e9800 Exception <a 'java/net/ConnectException'> (0x00000000ebb8fc80) thrown at [/HUDSON/workspace/8-2-build-linux-amd64/jdk8u201/12317/hotspot/src/share/vm/prims/jni.cpp, line 709]
Event: 42.037 Thread 0x00007f52f8001000 Exception <a 'java/lang/NoSuchMethodError': <clinit>> (0x00000000ec1d7dc0) thrown at [/HUDSON/workspace/8-2-build-linux-amd64/jdk8u201/12317/hotspot/src/share/vm/prims/jni.cpp, line 1613]
Event: 42.116 Thread 0x00007f5304001000 Implicit null exception at 0x00007f534d388956 to 0x00007f534d389811
Event: 44.580 Thread 0x00007f52f8001000 Implicit null exception at 0x00007f534d1c12f5 to 0x00007f534d1c169d
Event: 44.674 Thread 0x00007f52f8001000 Implicit null exception at 0x00007f534d1c3cb6 to 0x00007f534d1c4091

Events (10 events):
Event: 45.113 Thread 0x00007f52f8001000 DEOPT PACKING pc=0x00007f534d3ead34 sp=0x00007f52ef8f1d10
Event: 45.113 Thread 0x00007f52f8001000 DEOPT UNPACKING pc=0x00007f534d04573a sp=0x00007f52ef8f1ca8 mode 2
Event: 45.113 Thread 0x00007f52f8001000 Uncommon trap: trap_request=0xffffffde fr.pc=0x00007f534d3ead34
Event: 45.113 Thread 0x00007f52f8001000 DEOPT PACKING pc=0x00007f534d3ead34 sp=0x00007f52ef8f1cc0
Event: 45.113 Thread 0x00007f52f8001000 DEOPT UNPACKING pc=0x00007f534d04573a sp=0x00007f52ef8f1c58 mode 2
Event: 45.113 Thread 0x00007f52f8001000 Uncommon trap: trap_request=0xffffffde fr.pc=0x00007f534d3ead34
Event: 45.113 Thread 0x00007f52f8001000 DEOPT PACKING pc=0x00007f534d3ead34 sp=0x00007f52ef8f1c20
Event: 45.113 Thread 0x00007f52f8001000 DEOPT UNPACKING pc=0x00007f534d04573a sp=0x00007f52ef8f1bb8 mode 2
Event: 46.167 loading class org/evosuite/instrumentation/ReturnValueAdapter$PDType
Event: 46.167 loading class org/evosuite/instrumentation/ReturnValueAdapter$PDType done


Dynamic libraries:
00400000-00401000 r-xp 00000000 08:01 654793                             /usr/lib/jdk/jdk1.8.0_201/bin/java
00600000-00601000 r--p 00000000 08:01 654793                             /usr/lib/jdk/jdk1.8.0_201/bin/java
00601000-00602000 rw-p 00001000 08:01 654793                             /usr/lib/jdk/jdk1.8.0_201/bin/java
0120a000-016ac000 rw-p 00000000 00:00 0                                  [heap]
c2a00000-c5380000 rw-p 00000000 00:00 0 
c5380000-eb900000 ---p 00000000 00:00 0 
eb900000-ecd80000 rw-p 00000000 00:00 0 
ecd80000-100000000 ---p 00000000 00:00 0 
100000000-1001c0000 rw-p 00000000 00:00 0 
1001c0000-140000000 ---p 00000000 00:00 0 
7f52c4000000-7f52c4021000 rw-p 00000000 00:00 0 
7f52c4021000-7f52c8000000 ---p 00000000 00:00 0 
7f52cc000000-7f52cc072000 rw-p 00000000 00:00 0 
7f52cc072000-7f52d0000000 ---p 00000000 00:00 0 
7f52d0000000-7f52d0021000 rw-p 00000000 00:00 0 
7f52d0021000-7f52d4000000 ---p 00000000 00:00 0 
7f52d4000000-7f52d4021000 rw-p 00000000 00:00 0 
7f52d4021000-7f52d8000000 ---p 00000000 00:00 0 
7f52d8000000-7f52d8021000 rw-p 00000000 00:00 0 
7f52d8021000-7f52dc000000 ---p 00000000 00:00 0 
7f52dc000000-7f52dc021000 rw-p 00000000 00:00 0 
7f52dc021000-7f52e0000000 ---p 00000000 00:00 0 
7f52e0000000-7f52e0021000 rw-p 00000000 00:00 0 
7f52e0021000-7f52e4000000 ---p 00000000 00:00 0 
7f52e4000000-7f52e4021000 rw-p 00000000 00:00 0 
7f52e4021000-7f52e8000000 ---p 00000000 00:00 0 
7f52e8000000-7f52e8021000 rw-p 00000000 00:00 0 
7f52e8021000-7f52ec000000 ---p 00000000 00:00 0 
7f52ef438000-7f52ef5f8000 ---p 00000000 00:00 0 
7f52ef5f8000-7f52ef7f8000 rw-p 00000000 00:00 0 
7f52ef7f8000-7f52ef7fb000 ---p 00000000 00:00 0 
7f52ef7fb000-7f52ef8f9000 rw-p 00000000 00:00 0 
7f52ef8f9000-7f52ef8fc000 ---p 00000000 00:00 0 
7f52ef8fc000-7f52ef9fa000 rw-p 00000000 00:00 0 
7f52ef9fa000-7f52ef9fd000 ---p 00000000 00:00 0 
7f52ef9fd000-7f52efafb000 rw-p 00000000 00:00 0 
7f52efafb000-7f52efafe000 ---p 00000000 00:00 0 
7f52efafe000-7f52efbfc000 rw-p 00000000 00:00 0 
7f52efbfc000-7f52efbff000 ---p 00000000 00:00 0 
7f52efbff000-7f52efcfd000 rw-p 00000000 00:00 0 
7f52efcfd000-7f52efd00000 ---p 00000000 00:00 0 
7f52efd00000-7f52efdfe000 rw-p 00000000 00:00 0 
7f52efdfe000-7f52efe01000 ---p 00000000 00:00 0 
7f52efe01000-7f52efeff000 rw-p 00000000 00:00 0 
7f52efeff000-7f52eff02000 ---p 00000000 00:00 0 
7f52eff02000-7f52f0000000 rw-p 00000000 00:00 0 
7f52f0000000-7f52f0021000 rw-p 00000000 00:00 0 
7f52f0021000-7f52f4000000 ---p 00000000 00:00 0 
7f52f4000000-7f52f4021000 rw-p 00000000 00:00 0 
7f52f4021000-7f52f8000000 ---p 00000000 00:00 0 
7f52f8000000-7f52f8021000 rw-p 00000000 00:00 0 
7f52f8021000-7f52fc000000 ---p 00000000 00:00 0 
7f52fc000000-7f52fc021000 rw-p 00000000 00:00 0 
7f52fc021000-7f5300000000 ---p 00000000 00:00 0 
7f5300000000-7f5300021000 rw-p 00000000 00:00 0 
7f5300021000-7f5304000000 ---p 00000000 00:00 0 
7f5304000000-7f5304021000 rw-p 00000000 00:00 0 
7f5304021000-7f5308000000 ---p 00000000 00:00 0 
7f5308000000-7f5308021000 rw-p 00000000 00:00 0 
7f5308021000-7f530c000000 ---p 00000000 00:00 0 
7f530c000000-7f530c021000 rw-p 00000000 00:00 0 
7f530c021000-7f5310000000 ---p 00000000 00:00 0 
7f5310000000-7f5310021000 rw-p 00000000 00:00 0 
7f5310021000-7f5314000000 ---p 00000000 00:00 0 
7f53140ad000-7f53140b0000 ---p 00000000 00:00 0 
7f53140b0000-7f53141ae000 rw-p 00000000 00:00 0 
7f53141ae000-7f53141b1000 ---p 00000000 00:00 0 
7f53141b1000-7f53142af000 rw-p 00000000 00:00 0 
7f53142af000-7f53142b2000 ---p 00000000 00:00 0 
7f53142b2000-7f53143b0000 rw-p 00000000 00:00 0 
7f53143b0000-7f53143b3000 ---p 00000000 00:00 0 
7f53143b3000-7f53144b1000 rw-p 00000000 00:00 0 
7f53144b1000-7f53144b4000 ---p 00000000 00:00 0 
7f53144b4000-7f53145b2000 rw-p 00000000 00:00 0 
7f53145b2000-7f53145b5000 ---p 00000000 00:00 0 
7f53145b5000-7f53148b3000 rw-p 00000000 00:00 0 
7f53148b3000-7f53148b6000 ---p 00000000 00:00 0 
7f53148b6000-7f53149b4000 rw-p 00000000 00:00 0 
7f53149b4000-7f53149b7000 ---p 00000000 00:00 0 
7f53149b7000-7f5314ab5000 rw-p 00000000 00:00 0 
7f5314ab5000-7f5314ab8000 ---p 00000000 00:00 0 
7f5314ab8000-7f5317bb7000 rw-p 00000000 00:00 0 
7f5317bb7000-7f5317bcd000 r-xp 00000000 08:01 656512                     /usr/lib/jdk/jdk1.8.0_201/jre/lib/amd64/libnet.so
7f5317bcd000-7f5317dcd000 ---p 00016000 08:01 656512                     /usr/lib/jdk/jdk1.8.0_201/jre/lib/amd64/libnet.so
7f5317dcd000-7f5317dce000 r--p 00016000 08:01 656512                     /usr/lib/jdk/jdk1.8.0_201/jre/lib/amd64/libnet.so
7f5317dce000-7f5317dcf000 rw-p 00017000 08:01 656512                     /usr/lib/jdk/jdk1.8.0_201/jre/lib/amd64/libnet.so
7f5317dcf000-7f5318000000 r--s 01bb1000 08:01 403225                     /home/hewitt/work/DiffTGen-master/lib/evosuite-1.0.6.jar
7f5318000000-7f531861e000 rw-p 00000000 00:00 0 
7f531861e000-7f531c000000 ---p 00000000 00:00 0 
7f531c000000-7f531c021000 rw-p 00000000 00:00 0 
7f531c021000-7f5320000000 ---p 00000000 00:00 0 
7f5320000000-7f5320522000 rw-p 00000000 00:00 0 
7f5320522000-7f5324000000 ---p 00000000 00:00 0 
7f5324000000-7f5324dbd000 rw-p 00000000 00:00 0 
7f5324dbd000-7f5328000000 ---p 00000000 00:00 0 
7f5328000000-7f5328021000 rw-p 00000000 00:00 0 
7f5328021000-7f532c000000 ---p 00000000 00:00 0 
7f532c000000-7f532c021000 rw-p 00000000 00:00 0 
7f532c021000-7f5330000000 ---p 00000000 00:00 0 
7f5330000000-7f533005a000 rw-p 00000000 00:00 0 
7f533005a000-7f5334000000 ---p 00000000 00:00 0 
7f5334000000-7f5334021000 rw-p 00000000 00:00 0 
7f5334021000-7f5338000000 ---p 00000000 00:00 0 
7f5338000000-7f5338021000 rw-p 00000000 00:00 0 
7f5338021000-7f533c000000 ---p 00000000 00:00 0 
7f533c000000-7f533c021000 rw-p 00000000 00:00 0 
7f533c021000-7f5340000000 ---p 00000000 00:00 0 
7f5340000000-7f5340021000 rw-p 00000000 00:00 0 
7f5340021000-7f5344000000 ---p 00000000 00:00 0 
7f5344000000-7f5344021000 rw-p 00000000 00:00 0 
7f5344021000-7f5348000000 ---p 00000000 00:00 0 
7f534805c000-7f5348078000 r--s 00393000 08:01 656354                     /usr/lib/jdk/jdk1.8.0_201/jre/lib/ext/cldrdata.jar
7f5348078000-7f534807b000 ---p 00000000 00:00 0 
7f534807b000-7f53480b1000 rw-p 00000000 00:00 0 
7f53480b1000-7f53480b2000 ---p 00000000 00:00 0 
7f53480b2000-7f53481b2000 rw-p 00000000 00:00 0 
7f53481b2000-7f53481b5000 ---p 00000000 00:00 0 
7f53481b5000-7f53482b3000 rw-p 00000000 00:00 0 
7f53482b3000-7f53482b6000 ---p 00000000 00:00 0 
7f53482b6000-7f53483b4000 rw-p 00000000 00:00 0 
7f53483b4000-7f53483b7000 ---p 00000000 00:00 0 
7f53483b7000-7f53484b5000 rw-p 00000000 00:00 0 
7f53484b5000-7f53484b8000 ---p 00000000 00:00 0 
7f53484b8000-7f53485b6000 rw-p 00000000 00:00 0 
7f53485b6000-7f53485b9000 ---p 00000000 00:00 0 
7f53485b9000-7f53486b7000 rw-p 00000000 00:00 0 
7f53486b7000-7f5349076000 r--p 00000000 08:01 270368                     /usr/lib/locale/locale-archive
7f5349076000-7f5349079000 ---p 00000000 00:00 0 
7f5349079000-7f5349177000 rw-p 00000000 00:00 0 
7f5349177000-7f534917a000 ---p 00000000 00:00 0 
7f534917a000-7f5349278000 rw-p 00000000 00:00 0 
7f5349278000-7f5349279000 ---p 00000000 00:00 0 
7f5349279000-7f534a288000 rw-p 00000000 00:00 0 
7f534a288000-7f534a462000 r--s 03d6f000 08:01 656293                     /usr/lib/jdk/jdk1.8.0_201/jre/lib/rt.jar
7f534a462000-7f534ccfd000 rw-p 00000000 00:00 0 
7f534ccfd000-7f534ccfe000 ---p 00000000 00:00 0 
7f534ccfe000-7f534cdfe000 rw-p 00000000 00:00 0 
7f534cdfe000-7f534cdff000 ---p 00000000 00:00 0 
7f534cdff000-7f534ceff000 rw-p 00000000 00:00 0 
7f534ceff000-7f534cf00000 ---p 00000000 00:00 0 
7f534cf00000-7f534d000000 rw-p 00000000 00:00 0 
7f534d000000-7f534d490000 rwxp 00000000 00:00 0 
7f534d490000-7f535c000000 ---p 00000000 00:00 0 
7f535c000000-7f535c4c7000 rw-p 00000000 00:00 0 
7f535c4c7000-7f5360000000 ---p 00000000 00:00 0 
7f536000e000-7f5360087000 r--s 010fd000 08:01 654900                     /usr/lib/jdk/jdk1.8.0_201/lib/tools.jar
7f5360087000-7f53600fd000 rw-p 00000000 00:00 0 
7f53600fd000-7f53600fe000 ---p 00000000 00:00 0 
7f53600fe000-7f5360213000 rw-p 00000000 00:00 0 
7f5360213000-7f5360346000 ---p 00000000 00:00 0 
7f5360346000-7f536035b000 rw-p 00000000 00:00 0 
7f536035b000-7f536048d000 ---p 00000000 00:00 0 
7f536048d000-7f5360498000 rw-p 00000000 00:00 0 
7f5360498000-7f5360531000 ---p 00000000 00:00 0 
7f5360531000-7f5360545000 rw-p 00000000 00:00 0 
7f5360545000-7f53608f2000 ---p 00000000 00:00 0 
7f53608f2000-7f536090d000 r-xp 00000000 08:01 656508                     /usr/lib/jdk/jdk1.8.0_201/jre/lib/amd64/libzip.so
7f536090d000-7f5360b0c000 ---p 0001b000 08:01 656508                     /usr/lib/jdk/jdk1.8.0_201/jre/lib/amd64/libzip.so
7f5360b0c000-7f5360b0d000 r--p 0001a000 08:01 656508                     /usr/lib/jdk/jdk1.8.0_201/jre/lib/amd64/libzip.so
7f5360b0d000-7f5360b0e000 rw-p 0001b000 08:01 656508                     /usr/lib/jdk/jdk1.8.0_201/jre/lib/amd64/libzip.so
7f5360b0e000-7f5360b19000 r-xp 00000000 08:01 658902                     /lib/x86_64-linux-gnu/libnss_files-2.23.so
7f5360b19000-7f5360d18000 ---p 0000b000 08:01 658902                     /lib/x86_64-linux-gnu/libnss_files-2.23.so
7f5360d18000-7f5360d19000 r--p 0000a000 08:01 658902                     /lib/x86_64-linux-gnu/libnss_files-2.23.so
7f5360d19000-7f5360d1a000 rw-p 0000b000 08:01 658902                     /lib/x86_64-linux-gnu/libnss_files-2.23.so
7f5360d1a000-7f5360d20000 rw-p 00000000 00:00 0 
7f5360d20000-7f5360d2b000 r-xp 00000000 08:01 658912                     /lib/x86_64-linux-gnu/libnss_nis-2.23.so
7f5360d2b000-7f5360f2a000 ---p 0000b000 08:01 658912                     /lib/x86_64-linux-gnu/libnss_nis-2.23.so
7f5360f2a000-7f5360f2b000 r--p 0000a000 08:01 658912                     /lib/x86_64-linux-gnu/libnss_nis-2.23.so
7f5360f2b000-7f5360f2c000 rw-p 0000b000 08:01 658912                     /lib/x86_64-linux-gnu/libnss_nis-2.23.so
7f5360f2c000-7f5360f42000 r-xp 00000000 08:01 658896                     /lib/x86_64-linux-gnu/libnsl-2.23.so
7f5360f42000-7f5361141000 ---p 00016000 08:01 658896                     /lib/x86_64-linux-gnu/libnsl-2.23.so
7f5361141000-7f5361142000 r--p 00015000 08:01 658896                     /lib/x86_64-linux-gnu/libnsl-2.23.so
7f5361142000-7f5361143000 rw-p 00016000 08:01 658896                     /lib/x86_64-linux-gnu/libnsl-2.23.so
7f5361143000-7f5361145000 rw-p 00000000 00:00 0 
7f5361145000-7f536114d000 r-xp 00000000 08:01 658898                     /lib/x86_64-linux-gnu/libnss_compat-2.23.so
7f536114d000-7f536134c000 ---p 00008000 08:01 658898                     /lib/x86_64-linux-gnu/libnss_compat-2.23.so
7f536134c000-7f536134d000 r--p 00007000 08:01 658898                     /lib/x86_64-linux-gnu/libnss_compat-2.23.so
7f536134d000-7f536134e000 rw-p 00008000 08:01 658898                     /lib/x86_64-linux-gnu/libnss_compat-2.23.so
7f536134e000-7f536137a000 r-xp 00000000 08:01 656502                     /usr/lib/jdk/jdk1.8.0_201/jre/lib/amd64/libjava.so
7f536137a000-7f536157a000 ---p 0002c000 08:01 656502                     /usr/lib/jdk/jdk1.8.0_201/jre/lib/amd64/libjava.so
7f536157a000-7f536157b000 r--p 0002c000 08:01 656502                     /usr/lib/jdk/jdk1.8.0_201/jre/lib/amd64/libjava.so
7f536157b000-7f536157d000 rw-p 0002d000 08:01 656502                     /usr/lib/jdk/jdk1.8.0_201/jre/lib/amd64/libjava.so
7f536157d000-7f536158a000 r-xp 00000000 08:01 656507                     /usr/lib/jdk/jdk1.8.0_201/jre/lib/amd64/libverify.so
7f536158a000-7f5361789000 ---p 0000d000 08:01 656507                     /usr/lib/jdk/jdk1.8.0_201/jre/lib/amd64/libverify.so
7f5361789000-7f536178b000 r--p 0000c000 08:01 656507                     /usr/lib/jdk/jdk1.8.0_201/jre/lib/amd64/libverify.so
7f536178b000-7f536178c000 rw-p 0000e000 08:01 656507                     /usr/lib/jdk/jdk1.8.0_201/jre/lib/amd64/libverify.so
7f536178c000-7f5361793000 r-xp 00000000 08:01 658957                     /lib/x86_64-linux-gnu/librt-2.23.so
7f5361793000-7f5361992000 ---p 00007000 08:01 658957                     /lib/x86_64-linux-gnu/librt-2.23.so
7f5361992000-7f5361993000 r--p 00006000 08:01 658957                     /lib/x86_64-linux-gnu/librt-2.23.so
7f5361993000-7f5361994000 rw-p 00007000 08:01 658957                     /lib/x86_64-linux-gnu/librt-2.23.so
7f5361994000-7f5361a9c000 r-xp 00000000 08:01 658873                     /lib/x86_64-linux-gnu/libm-2.23.so
7f5361a9c000-7f5361c9b000 ---p 00108000 08:01 658873                     /lib/x86_64-linux-gnu/libm-2.23.so
7f5361c9b000-7f5361c9c000 r--p 00107000 08:01 658873                     /lib/x86_64-linux-gnu/libm-2.23.so
7f5361c9c000-7f5361c9d000 rw-p 00108000 08:01 658873                     /lib/x86_64-linux-gnu/libm-2.23.so
7f5361c9d000-7f5362985000 r-xp 00000000 08:01 656484                     /usr/lib/jdk/jdk1.8.0_201/jre/lib/amd64/server/libjvm.so
7f5362985000-7f5362b84000 ---p 00ce8000 08:01 656484                     /usr/lib/jdk/jdk1.8.0_201/jre/lib/amd64/server/libjvm.so
7f5362b84000-7f5362c1a000 r--p 00ce7000 08:01 656484                     /usr/lib/jdk/jdk1.8.0_201/jre/lib/amd64/server/libjvm.so
7f5362c1a000-7f5362c4b000 rw-p 00d7d000 08:01 656484                     /usr/lib/jdk/jdk1.8.0_201/jre/lib/amd64/server/libjvm.so
7f5362c4b000-7f5362c86000 rw-p 00000000 00:00 0 
7f5362c86000-7f5362e46000 r-xp 00000000 08:01 658803                     /lib/x86_64-linux-gnu/libc-2.23.so
7f5362e46000-7f5363046000 ---p 001c0000 08:01 658803                     /lib/x86_64-linux-gnu/libc-2.23.so
7f5363046000-7f536304a000 r--p 001c0000 08:01 658803                     /lib/x86_64-linux-gnu/libc-2.23.so
7f536304a000-7f536304c000 rw-p 001c4000 08:01 658803                     /lib/x86_64-linux-gnu/libc-2.23.so
7f536304c000-7f5363050000 rw-p 00000000 00:00 0 
7f5363050000-7f5363053000 r-xp 00000000 08:01 658827                     /lib/x86_64-linux-gnu/libdl-2.23.so
7f5363053000-7f5363252000 ---p 00003000 08:01 658827                     /lib/x86_64-linux-gnu/libdl-2.23.so
7f5363252000-7f5363253000 r--p 00002000 08:01 658827                     /lib/x86_64-linux-gnu/libdl-2.23.so
7f5363253000-7f5363254000 rw-p 00003000 08:01 658827                     /lib/x86_64-linux-gnu/libdl-2.23.so
7f5363254000-7f536326b000 r-xp 00000000 08:01 656155                     /usr/lib/jdk/jdk1.8.0_201/lib/amd64/jli/libjli.so
7f536326b000-7f536346a000 ---p 00017000 08:01 656155                     /usr/lib/jdk/jdk1.8.0_201/lib/amd64/jli/libjli.so
7f536346a000-7f536346b000 r--p 00016000 08:01 656155                     /usr/lib/jdk/jdk1.8.0_201/lib/amd64/jli/libjli.so
7f536346b000-7f536346c000 rw-p 00017000 08:01 656155                     /usr/lib/jdk/jdk1.8.0_201/lib/amd64/jli/libjli.so
7f536346c000-7f5363484000 r-xp 00000000 08:01 658949                     /lib/x86_64-linux-gnu/libpthread-2.23.so
7f5363484000-7f5363683000 ---p 00018000 08:01 658949                     /lib/x86_64-linux-gnu/libpthread-2.23.so
7f5363683000-7f5363684000 r--p 00017000 08:01 658949                     /lib/x86_64-linux-gnu/libpthread-2.23.so
7f5363684000-7f5363685000 rw-p 00018000 08:01 658949                     /lib/x86_64-linux-gnu/libpthread-2.23.so
7f5363685000-7f5363689000 rw-p 00000000 00:00 0 
7f5363689000-7f53636af000 r-xp 00000000 08:01 658775                     /lib/x86_64-linux-gnu/ld-2.23.so
7f53636ba000-7f53636c4000 r--s 00116000 08:01 656361                     /usr/lib/jdk/jdk1.8.0_201/jre/lib/ext/localedata.jar
7f53636c4000-7f53636d3000 r--s 000ad000 08:01 400365                     /home/hewitt/work/DiffTGen-master/output/patch4-Math-80-CapGen-plausible/Math_80_4-plausible_capgen/target/build/classes/all0.jar
7f53636d3000-7f5363791000 rw-p 00000000 00:00 0 
7f5363791000-7f5363794000 ---p 00000000 00:00 0 
7f5363794000-7f5363897000 rw-p 00000000 00:00 0 
7f5363897000-7f536389b000 r--s 000a1000 08:01 656350                     /usr/lib/jdk/jdk1.8.0_201/jre/lib/jsse.jar
7f536389b000-7f53638a3000 r--s 0006e000 08:01 398946                     /home/hewitt/work/DiffTGen-master/lib/commons-lang3-3.5.jar
7f53638a3000-7f53638a4000 r--s 00000000 08:01 398951                     /home/hewitt/work/DiffTGen-master/lib/myprinter.jar
7f53638a4000-7f53638ac000 rw-s 00000000 08:01 161390                     /tmp/hsperfdata_hewitt/54130
7f53638ac000-7f53638ad000 rw-p 00000000 00:00 0 
7f53638ad000-7f53638ae000 ---p 00000000 00:00 0 
7f53638ae000-7f53638af000 r--p 00025000 08:01 658775                     /lib/x86_64-linux-gnu/ld-2.23.so
7f53638af000-7f53638b0000 rw-p 00026000 08:01 658775                     /lib/x86_64-linux-gnu/ld-2.23.so
7f53638b0000-7f53638b1000 rw-p 00000000 00:00 0 
7fff4d6ce000-7fff4d6f0000 rw-p 00000000 00:00 0                          [stack]
7fff4d6fd000-7fff4d700000 r--p 00000000 00:00 0                          [vvar]
7fff4d700000-7fff4d702000 r-xp 00000000 00:00 0                          [vdso]
ffffffffff600000-ffffffffff601000 r-xp 00000000 00:00 0                  [vsyscall]

VM Arguments:
java_command: /home/hewitt/work/DiffTGen-master/lib/evosuite-1.0.6.jar -base_dir /home/hewitt/work/DiffTGen-master/output/patch4-Math-80-CapGen-plausible/Math_80_4-plausible_capgen/target/0/26 -projectCP /home/hewitt/work/DiffTGen-master/output/patch4-Math-80-CapGen-plausible/Math_80_4-plausible_capgen/target/build/classes/all0.jar:/home/hewitt/work/DiffTGen-master/lib/myprinter.jar:/home/hewitt/work/DiffTGen-master/lib/commons-lang3-3.5.jar -class org.apache.commons.math.linear.EigenDecompositionImpl -Dassertions=false -Dsearch_budget=60
java_class_path (initial): /home/hewitt/work/DiffTGen-master/lib/evosuite-1.0.6.jar
Launcher Type: SUN_STANDARD

Environment Variables:
JAVA_HOME=/usr/lib/jdk/jdk1.8.0_201
JRE_HOME=/usr/lib/jdk/jdk1.8.0_201/jre
CLASSPATH=.:/usr/lib/jdk/jdk1.8.0_201/lib:/usr/lib/jdk/jdk1.8.0_201/jre/lib
PATH=/usr/lib/jdk/jdk1.8.0_201/bin:/home/hewitt/bin:/home/hewitt/.local/bin:/usr/lib/jdk/jdk1.7.0_80/bin:/usr/local/sbin:/usr/local/bin:/usr/sbin:/usr/bin:/sbin:/bin:/usr/games:/usr/local/games:/snap/bin:/home/hewitt/work/defects4j_v1.4.0/defects4j/framework/bin:/opt/apache-ant-1.9.14/bin:/home/hewitt/work/defects4j_v1.4.0/defects4j/framework/bin
SHELL=/bin/bash
DISPLAY=:0

Signal Handlers:
SIGSEGV: [libjvm.so+0xad3e60], sa_mask[0]=11111111011111111101111111111110, sa_flags=SA_RESTART|SA_SIGINFO
SIGBUS: [libjvm.so+0xad3e60], sa_mask[0]=11111111011111111101111111111110, sa_flags=SA_RESTART|SA_SIGINFO
SIGFPE: [libjvm.so+0x90b880], sa_mask[0]=11111111011111111101111111111110, sa_flags=SA_RESTART|SA_SIGINFO
SIGPIPE: [libjvm.so+0x90b880], sa_mask[0]=11111111011111111101111111111110, sa_flags=SA_RESTART|SA_SIGINFO
SIGXFSZ: [libjvm.so+0x90b880], sa_mask[0]=11111111011111111101111111111110, sa_flags=SA_RESTART|SA_SIGINFO
SIGILL: [libjvm.so+0x90b880], sa_mask[0]=11111111011111111101111111111110, sa_flags=SA_RESTART|SA_SIGINFO
SIGUSR1: SIG_DFL, sa_mask[0]=00000000000000000000000000000000, sa_flags=none
SIGUSR2: [libjvm.so+0x90b750], sa_mask[0]=00100000000000000000000000000000, sa_flags=SA_RESTART|SA_SIGINFO
SIGHUP: [libjvm.so+0x90bd70], sa_mask[0]=11111111011111111101111111111110, sa_flags=SA_RESTART|SA_SIGINFO
SIGINT: [libjvm.so+0x90bd70], sa_mask[0]=11111111011111111101111111111110, sa_flags=SA_RESTART|SA_SIGINFO
SIGTERM: [libjvm.so+0x90bd70], sa_mask[0]=11111111011111111101111111111110, sa_flags=SA_RESTART|SA_SIGINFO
SIGQUIT: [libjvm.so+0x90bd70], sa_mask[0]=11111111011111111101111111111110, sa_flags=SA_RESTART|SA_SIGINFO


---------------  S Y S T E M  ---------------

OS:DISTRIB_ID=Ubuntu
DISTRIB_RELEASE=16.04
DISTRIB_CODENAME=xenial
DISTRIB_DESCRIPTION="Ubuntu 16.04.6 LTS"

uname:Linux 4.15.0-91-generic #92~16.04.1-Ubuntu SMP Fri Feb 28 14:57:22 UTC 2020 x86_64
libc:glibc 2.23 NPTL 2.23 
rlimit: STACK 8192k, CORE 0k, NPROC 15448, NOFILE 1048576, AS infinity
load average:14.50 13.13 13.50

/proc/meminfo:
MemTotal:        4015936 kB
MemFree:          528144 kB
MemAvailable:     442036 kB
Buffers:             452 kB
Cached:            35688 kB
SwapCached:          824 kB
Active:          2428760 kB
Inactive:         575528 kB
Active(anon):    2418976 kB
Inactive(anon):   551368 kB
Active(file):       9784 kB
Inactive(file):    24160 kB
Unevictable:          48 kB
Mlocked:              48 kB
SwapTotal:        998396 kB
SwapFree:            600 kB
Dirty:               216 kB
Writeback:           188 kB
AnonPages:       2968148 kB
Mapped:            27980 kB
Shmem:              1684 kB
Slab:              94792 kB
SReclaimable:      34560 kB
SUnreclaim:        60232 kB
KernelStack:       15748 kB
PageTables:        41136 kB
NFS_Unstable:          0 kB
Bounce:                0 kB
WritebackTmp:          0 kB
CommitLimit:     3006364 kB
Committed_AS:    8228112 kB
VmallocTotal:   34359738367 kB
VmallocUsed:           0 kB
VmallocChunk:          0 kB
HardwareCorrupted:     0 kB
AnonHugePages:         0 kB
ShmemHugePages:        0 kB
ShmemPmdMapped:        0 kB
CmaTotal:              0 kB
CmaFree:               0 kB
HugePages_Total:       0
HugePages_Free:        0
HugePages_Rsvd:        0
HugePages_Surp:        0
Hugepagesize:       2048 kB
DirectMap4k:       94016 kB
DirectMap2M:     4100096 kB
DirectMap1G:     2097152 kB

container (cgroup) information:
container_type: cgroupv1
cpu_cpuset_cpus: 0-3
cpu_memory_nodes: 0
active_processor_count: 4
cpu_quota: -1
cpu_period: 100000
cpu_shares: -1
memory_limit_in_bytes: -1
memory_and_swap_limit_in_bytes: -2
memory_soft_limit_in_bytes: -1
memory_usage_in_bytes: 3077353472
memory_max_usage_in_bytes: 390221824


CPU:total 4 (initial active 4) (2 cores per cpu, 1 threads per core) family 6 model 158 stepping 9, cmov, cx8, fxsr, mmx, sse, sse2, sse3, ssse3, sse4.1, sse4.2, popcnt, avx, avx2, aes, clmul, erms, 3dnowpref, lzcnt, tsc, tscinvbit, bmi1, bmi2, adx

/proc/cpuinfo:
processor	: 0
vendor_id	: GenuineIntel
cpu family	: 6
model		: 158
model name	: Intel(R) Core(TM) i7-7700HQ CPU @ 2.80GHz
stepping	: 9
microcode	: 0xb4
cpu MHz		: 2808.002
cache size	: 6144 KB
physical id	: 0
siblings	: 2
core id		: 0
cpu cores	: 2
apicid		: 0
initial apicid	: 0
fpu		: yes
fpu_exception	: yes
cpuid level	: 22
wp		: yes
flags		: fpu vme de pse tsc msr pae mce cx8 apic sep mtrr pge mca cmov pat pse36 clflush mmx fxsr sse sse2 ss ht syscall nx pdpe1gb rdtscp lm constant_tsc arch_perfmon nopl xtopology tsc_reliable nonstop_tsc cpuid pni pclmulqdq ssse3 fma cx16 pcid sse4_1 sse4_2 x2apic movbe popcnt tsc_deadline_timer aes xsave avx f16c rdrand hypervisor lahf_lm abm 3dnowprefetch cpuid_fault invpcid_single pti ssbd ibrs ibpb stibp fsgsbase tsc_adjust bmi1 avx2 smep bmi2 invpcid mpx rdseed adx smap clflushopt xsaveopt xsavec xsaves arat md_clear flush_l1d arch_capabilities
bugs		: cpu_meltdown spectre_v1 spectre_v2 spec_store_bypass l1tf mds swapgs itlb_multihit
bogomips	: 5616.00
clflush size	: 64
cache_alignment	: 64
address sizes	: 43 bits physical, 48 bits virtual
power management:

processor	: 1
vendor_id	: GenuineIntel
cpu family	: 6
model		: 158
model name	: Intel(R) Core(TM) i7-7700HQ CPU @ 2.80GHz
stepping	: 9
microcode	: 0xb4
cpu MHz		: 2808.002
cache size	: 6144 KB
physical id	: 0
siblings	: 2
core id		: 1
cpu cores	: 2
apicid		: 1
initial apicid	: 1
fpu		: yes
fpu_exception	: yes
cpuid level	: 22
wp		: yes
flags		: fpu vme de pse tsc msr pae mce cx8 apic sep mtrr pge mca cmov pat pse36 clflush mmx fxsr sse sse2 ss ht syscall nx pdpe1gb rdtscp lm constant_tsc arch_perfmon nopl xtopology tsc_reliable nonstop_tsc cpuid pni pclmulqdq ssse3 fma cx16 pcid sse4_1 sse4_2 x2apic movbe popcnt tsc_deadline_timer aes xsave avx f16c rdrand hypervisor lahf_lm abm 3dnowprefetch cpuid_fault invpcid_single pti ssbd ibrs ibpb stibp fsgsbase tsc_adjust bmi1 avx2 smep bmi2 invpcid mpx rdseed adx smap clflushopt xsaveopt xsavec xsaves arat md_clear flush_l1d arch_capabilities
bugs		: cpu_meltdown spectre_v1 spectre_v2 spec_store_bypass l1tf mds swapgs itlb_multihit
bogomips	: 5616.00
clflush size	: 64
cache_alignment	: 64
address sizes	: 43 bits physical, 48 bits virtual
power management:

processor	: 2
vendor_id	: GenuineIntel
cpu family	: 6
model		: 158
model name	: Intel(R) Core(TM) i7-7700HQ CPU @ 2.80GHz
stepping	: 9
microcode	: 0xb4
cpu MHz		: 2808.002
cache size	: 6144 KB
physical id	: 1
siblings	: 2
core id		: 0
cpu cores	: 2
apicid		: 2
initial apicid	: 2
fpu		: yes
fpu_exception	: yes
cpuid level	: 22
wp		: yes
flags		: fpu vme de pse tsc msr pae mce cx8 apic sep mtrr pge mca cmov pat pse36 clflush mmx fxsr sse sse2 ss ht syscall nx pdpe1gb rdtscp lm constant_tsc arch_perfmon nopl xtopology tsc_reliable nonstop_tsc cpuid pni pclmulqdq ssse3 fma cx16 pcid sse4_1 sse4_2 x2apic movbe popcnt tsc_deadline_timer aes xsave avx f16c rdrand hypervisor lahf_lm abm 3dnowprefetch cpuid_fault invpcid_single pti ssbd ibrs ibpb stibp fsgsbase tsc_adjust bmi1 avx2 smep bmi2 invpcid mpx rdseed adx smap clflushopt xsaveopt xsavec xsaves arat md_clear flush_l1d arch_capabilities
bugs		: cpu_meltdown spectre_v1 spectre_v2 spec_store_bypass l1tf mds swapgs itlb_multihit
bogomips	: 5616.00
clflush size	: 64
cache_alignment	: 64
address sizes	: 43 bits physical, 48 bits virtual
power management:

processor	: 3
vendor_id	: GenuineIntel
cpu family	: 6
model		: 158
model name	: Intel(R) Core(TM) i7-7700HQ CPU @ 2.80GHz
stepping	: 9
microcode	: 0xb4
cpu MHz		: 2808.002
cache size	: 6144 KB
physical id	: 1
siblings	: 2
core id		: 1
cpu cores	: 2
apicid		: 3
initial apicid	: 3
fpu		: yes
fpu_exception	: yes
cpuid level	: 22
wp		: yes
flags		: fpu vme de pse tsc msr pae mce cx8 apic sep mtrr pge mca cmov pat pse36 clflush mmx fxsr sse sse2 ss ht syscall nx pdpe1gb rdtscp lm constant_tsc arch_perfmon nopl xtopology tsc_reliable nonstop_tsc cpuid pni pclmulqdq ssse3 fma cx16 pcid sse4_1 sse4_2 x2apic movbe popcnt tsc_deadline_timer aes xsave avx f16c rdrand hypervisor lahf_lm abm 3dnowprefetch cpuid_fault invpcid_single pti ssbd ibrs ibpb stibp fsgsbase tsc_adjust bmi1 avx2 smep bmi2 invpcid mpx rdseed adx smap clflushopt xsaveopt xsavec xsaves arat md_clear flush_l1d arch_capabilities
bugs		: cpu_meltdown spectre_v1 spectre_v2 spec_store_bypass l1tf mds swapgs itlb_multihit
bogomips	: 5616.00
clflush size	: 64
cache_alignment	: 64
address sizes	: 43 bits physical, 48 bits virtual
power management:



Memory: 4k page, physical 4015936k(528144k free), swap 998396k(600k free)

vm_info: Java HotSpot(TM) 64-Bit Server VM (25.201-b09) for linux-amd64 JRE (1.8.0_201-b09), built on Dec 15 2018 11:35:59 by "java_re" with gcc 7.3.0

time: Sat Mar 28 20:28:04 2020
timezone: CST
elapsed time: 48 seconds (0d 0h 0m 48s)

