#
# There is insufficient memory for the Java Runtime Environment to continue.
# Native memory allocation (mmap) failed to map 65536 bytes for committing reserved memory.
# Possible reasons:
#   The system is out of physical RAM or swap space
#   The process is running with CompressedOops enabled, and the Java Heap may be blocking the growth of the native heap
# Possible solutions:
#   Reduce memory load on the system
#   Increase physical memory or swap space
#   Check if swap backing store is full
#   Decrease Java heap size (-Xmx/-Xms)
#   Decrease number of Java threads
#   Decrease Java thread stack sizes (-Xss)
#   Set larger code cache with -XX:ReservedCodeCacheSize=
#   JVM is running with Unscaled Compressed Oops mode in which the Java heap is
#     placed in the first 4GB address space. The Java Heap base address is the
#     maximum limit for the native heap growth. Please use -XX:HeapBaseMinAddress
#     to set the Java Heap base and to place the Java Heap above 4GB virtual address.
# This output file may be truncated or incomplete.
#
#  Out of Memory Error (os_linux.cpp:2749), pid=2163, tid=0x00007f44ad790700
#
# JRE version: Java(TM) SE Runtime Environment (8.0_201-b09) (build 1.8.0_201-b09)
# Java VM: Java HotSpot(TM) 64-Bit Server VM (25.201-b09 mixed mode linux-amd64 compressed oops)
# Failed to write core dump. Core dumps have been disabled. To enable core dumping, try "ulimit -c unlimited" before starting Java again
#

---------------  T H R E A D  ---------------

Current thread (0x00007f44cc181800):  JavaThread "C2 CompilerThread0" daemon [_thread_in_vm, id=2249, stack(0x00007f44ad690000,0x00007f44ad791000)]

Stack: [0x00007f44ad690000,0x00007f44ad791000],  sp=0x00007f44ad78ddd0,  free space=1015k
Native frames: (J=compiled Java code, j=interpreted, Vv=VM code, C=native code)
V  [libjvm.so+0xad3525]  VMError::report_and_die()+0x2e5
V  [libjvm.so+0x4e0457]  report_vm_out_of_memory(char const*, int, unsigned long, VMErrorType, char const*)+0x67
V  [libjvm.so+0x9102f0]  os::pd_commit_memory(char*, unsigned long, unsigned long, bool)+0x100
V  [libjvm.so+0x90791f]  os::commit_memory(char*, unsigned long, unsigned long, bool)+0x1f
V  [libjvm.so+0xacfda0]  VirtualSpace::expand_by(unsigned long, bool)+0x140
V  [libjvm.so+0x60b99d]  CodeHeap::expand_by(unsigned long)+0x6d
V  [libjvm.so+0x45a266]  CodeCache::allocate(int, bool)+0x46
V  [libjvm.so+0x8dca9a]  nmethod::new_nmethod(methodHandle, int, int, CodeOffsets*, int, DebugInformationRecorder*, Dependencies*, CodeBuffer*, int, OopMapSet*, ExceptionHandlerTable*, ImplicitExceptionTable*, AbstractCompiler*, int)+0x1ca
V  [libjvm.so+0x3ec691]  ciEnv::register_method(ciMethod*, int, CodeOffsets*, int, CodeBuffer*, int, OopMapSet*, ExceptionHandlerTable*, ImplicitExceptionTable*, AbstractCompiler*, int, bool, bool, RTMState)+0x1b1
V  [libjvm.so+0x480318]  Compile::Compile(ciEnv*, C2Compiler*, ciMethod*, int, bool, bool, bool)+0xe58
V  [libjvm.so+0x3c4c4a]  C2Compiler::compile_method(ciEnv*, ciMethod*, int)+0xaa
V  [libjvm.so+0x48b84c]  CompileBroker::invoke_compiler_on_method(CompileTask*)+0x73c
V  [libjvm.so+0x48d488]  CompileBroker::compiler_thread_loop()+0x6d8
V  [libjvm.so+0xa7bb6b]  JavaThread::thread_main_inner()+0xdb
V  [libjvm.so+0xa7be71]  JavaThread::run()+0x2d1
V  [libjvm.so+0x90d922]  java_start(Thread*)+0x102
C  [libpthread.so.0+0x76ba]  start_thread+0xca


Current CompileTask:
C2:  35450 1622       4       org.evosuite.graphs.cfg.BytecodeInstruction::getASMNodeString (1122 bytes)


---------------  P R O C E S S  ---------------

Java Threads: ( => current thread )
  0x00007f4470002800 JavaThread "RMI TCP Connection(3)-127.0.0.1" daemon [_thread_in_native, id=2674, stack(0x00007f44847f9000,0x00007f44848fa000)]
  0x00007f4470001000 JavaThread "RMI TCP Connection(2)-127.0.0.1" daemon [_thread_in_vm, id=2592, stack(0x00007f4484afa000,0x00007f4484bfb000)]
  0x00007f4448038000 JavaThread "RMI Scheduler(0)" daemon [_thread_blocked, id=2589, stack(0x00007f4484bfb000,0x00007f4484cfc000)]
  0x00007f4448030800 JavaThread "RMI RenewClean-[127.0.0.1:7492]" daemon [_thread_blocked, id=2579, stack(0x00007f4484cfc000,0x00007f4484dfd000)]
  0x00007f446c001000 JavaThread "RMI TCP Connection(1)-127.0.0.1" daemon [_thread_in_vm, id=2568, stack(0x00007f4484dfd000,0x00007f4484efe000)]
  0x00007f445c005000 JavaThread "pool-3-thread-3" [_thread_in_native, id=2531, stack(0x00007f4484efe000,0x00007f4484fff000)]
  0x00007f445c003000 JavaThread "pool-3-thread-2" [_thread_in_native, id=2529, stack(0x00007f44ac037000,0x00007f44ac138000)]
  0x00007f445c002000 JavaThread "pool-3-thread-1" [_thread_in_native, id=2525, stack(0x00007f44ac138000,0x00007f44ac239000)]
  0x00007f44cc1ff000 JavaThread "Thread-3" [_thread_in_native, id=2347, stack(0x00007f44ac239000,0x00007f44ac33a000)]
  0x00007f44cc1fd800 JavaThread "Thread-2" [_thread_in_native, id=2346, stack(0x00007f44ac33a000,0x00007f44ac43b000)]
  0x00007f44cc1a4800 JavaThread "process reaper" daemon [_thread_in_native, id=2341, stack(0x00007f44d000e000,0x00007f44d0047000)]
  0x00007f44cc3b2000 JavaThread "pool-2-thread-1" [_thread_in_native, id=2319, stack(0x00007f44ac43b000,0x00007f44ac53c000)]
  0x00007f44cc3af000 JavaThread "GC Daemon" daemon [_thread_blocked, id=2318, stack(0x00007f44ac53c000,0x00007f44ac63d000)]
  0x00007f44cc3ac000 JavaThread "RMI Reaper" [_thread_blocked, id=2315, stack(0x00007f44ac63d000,0x00007f44ac73e000)]
  0x00007f44cc3a3000 JavaThread "RMI TCP Accept-9305" daemon [_thread_in_native, id=2314, stack(0x00007f44ac73e000,0x00007f44ac83f000)]
  0x00007f44cc39e000 JavaThread "RMI TCP Accept-19046" daemon [_thread_in_native, id=2308, stack(0x00007f44ac83f000,0x00007f44ac940000)]
  0x00007f44cc2e2800 JavaThread "logback-3" daemon [_thread_in_Java, id=2289, stack(0x00007f44acb40000,0x00007f44acc41000)]
  0x00007f44cc2df000 JavaThread "logback-2" daemon [_thread_in_Java, id=2287, stack(0x00007f44acc41000,0x00007f44acd42000)]
  0x00007f44cc2dd000 JavaThread "logback-1" daemon [_thread_in_vm, id=2285, stack(0x00007f44acd42000,0x00007f44ace43000)]
  0x00007f44cc189000 JavaThread "Service Thread" daemon [_thread_blocked, id=2264, stack(0x00007f44ad38d000,0x00007f44ad48e000)]
  0x00007f44cc186000 JavaThread "C1 CompilerThread2" daemon [_thread_blocked, id=2255, stack(0x00007f44ad48e000,0x00007f44ad58f000)]
  0x00007f44cc184800 JavaThread "C2 CompilerThread1" daemon [_thread_blocked, id=2252, stack(0x00007f44ad58f000,0x00007f44ad690000)]
=>0x00007f44cc181800 JavaThread "C2 CompilerThread0" daemon [_thread_in_vm, id=2249, stack(0x00007f44ad690000,0x00007f44ad791000)]
  0x00007f44cc180000 JavaThread "Signal Dispatcher" daemon [_thread_blocked, id=2232, stack(0x00007f44bc0f1000,0x00007f44bc1f2000)]
  0x00007f44cc14c000 JavaThread "Finalizer" daemon [_thread_blocked, id=2221, stack(0x00007f44bc1f2000,0x00007f44bc2f3000)]
  0x00007f44cc149800 JavaThread "Reference Handler" daemon [_thread_blocked, id=2215, stack(0x00007f44bc2f3000,0x00007f44bc3f4000)]
  0x00007f44cc00a800 JavaThread "main" [_thread_in_native, id=2171, stack(0x00007f44d4a96000,0x00007f44d4b97000)]

Other Threads:
  0x00007f44cc140000 VMThread [stack: 0x00007f44bc3f4000,0x00007f44bc4f5000] [id=2211]
  0x00007f44cc18c000 WatcherThread [stack: 0x00007f44ad28c000,0x00007f44ad38d000] [id=2268]

VM state:not at safepoint (normal execution)

VM Mutex/Monitor currently owned by a thread:  ([mutex/lock_event])
[0x00007f44cc0063b0] CodeCache_lock - owner thread: 0x00007f44cc181800
[0x00007f44cc007a30] Compile_lock - owner thread: 0x00007f44cc181800
[0x00007f44cc007b30] MethodCompileQueue_lock - owner thread: 0x00007f44cc181800

heap address: 0x00000000c2a00000, size: 982 MB, Compressed Oops mode: 32-bit
Narrow klass base: 0x0000000000000000, Narrow klass shift: 3
Compressed class space size: 1073741824 Address: 0x0000000100000000

Heap:
 PSYoungGen      total 31232K, used 24582K [0x00000000eb900000, 0x00000000ef600000, 0x0000000100000000)
  eden space 26624K, 77% used [0x00000000eb900000,0x00000000ecd118c0,0x00000000ed300000)
  from space 4608K, 87% used [0x00000000ed300000,0x00000000ed6f00a0,0x00000000ed780000)
  to   space 4608K, 0% used [0x00000000ef180000,0x00000000ef180000,0x00000000ef600000)
 ParOldGen       total 42496K, used 9763K [0x00000000c2a00000, 0x00000000c5380000, 0x00000000eb900000)
  object space 42496K, 22% used [0x00000000c2a00000,0x00000000c3388f60,0x00000000c5380000)
 Metaspace       used 13948K, capacity 14334K, committed 14592K, reserved 1062912K
  class space    used 1589K, capacity 1707K, committed 1792K, reserved 1048576K

Card table byte_map: [0x00007f44d164b000,0x00007f44d1837000] byte_map_base: 0x00007f44d1036000

Marking Bits: (ParMarkBitMap*) 0x00007f44d3f6dd80
 Begin Bits: [0x00007f44ae150000, 0x00007f44af0a8000)
 End Bits:   [0x00007f44af0a8000, 0x00007f44b0000000)

Polling page: 0x00007f44d4bb2000

CodeCache: size=245760Kb used=6122Kb max_used=6122Kb free=239637Kb
 bounds [0x00007f44bd000000, 0x00007f44bd600000, 0x00007f44cc000000]
 total_blobs=2105 nmethods=1754 adapters=261
 compilation: enabled

Compilation events (10 events):
Event: 31.151 Thread 0x00007f44cc186000 1798       2       org.evosuite.shaded.org.objectweb.asm.tree.MethodNode::visitIincInsn (17 bytes)
Event: 31.151 Thread 0x00007f44cc186000 nmethod 1798 0x00007f44bd5e3c90 code [0x00007f44bd5e3e00, 0x00007f44bd5e3fe8]
Event: 31.151 Thread 0x00007f44cc186000 1789       2       org.evosuite.graphs.cfg.EntryBlock::getName (23 bytes)
Event: 31.152 Thread 0x00007f44cc186000 nmethod 1789 0x00007f44bd5e3650 code [0x00007f44bd5e37e0, 0x00007f44bd5e3b08]
Event: 31.152 Thread 0x00007f44cc186000 1788       2       org.evosuite.setup.DependencyAnalysis::shouldInstrument (86 bytes)
Event: 31.153 Thread 0x00007f44cc186000 nmethod 1788 0x00007f44bd5e2f10 code [0x00007f44bd5e30e0, 0x00007f44bd5e3478]
Event: 31.153 Thread 0x00007f44cc186000 1793       1       org.evosuite.coverage.branch.Branch::isInstrumented (5 bytes)
Event: 31.153 Thread 0x00007f44cc186000 nmethod 1793 0x00007f44bd5e2c50 code [0x00007f44bd5e2da0, 0x00007f44bd5e2eb0]
Event: 31.247 Thread 0x00007f44cc186000 1799   !   2       java.io.ObjectInputStream$ValidationList::doCallbacks (58 bytes)
Event: 32.063 Thread 0x00007f44cc186000 nmethod 1799 0x00007f44bd5e5f50 code [0x00007f44bd5e60e0, 0x00007f44bd5e6418]

GC Heap History (10 events):
Event: 28.053 GC heap before
{Heap before GC invocations=6 (full 1):
 PSYoungGen      total 18432K, used 18414K [0x00000000eb900000, 0x00000000ecd80000, 0x0000000100000000)
  eden space 15872K, 100% used [0x00000000eb900000,0x00000000ec880000,0x00000000ec880000)
  from space 2560K, 99% used [0x00000000ecb00000,0x00000000ecd7b840,0x00000000ecd80000)
  to   space 2560K, 0% used [0x00000000ec880000,0x00000000ec880000,0x00000000ecb00000)
 ParOldGen       total 42496K, used 5299K [0x00000000c2a00000, 0x00000000c5380000, 0x00000000eb900000)
  object space 42496K, 12% used [0x00000000c2a00000,0x00000000c2f2cdb8,0x00000000c5380000)
 Metaspace       used 13795K, capacity 14206K, committed 14336K, reserved 1062912K
  class space    used 1589K, capacity 1707K, committed 1792K, reserved 1048576K
Event: 28.065 GC heap after
Heap after GC invocations=6 (full 1):
 PSYoungGen      total 18432K, used 2560K [0x00000000eb900000, 0x00000000ecd80000, 0x0000000100000000)
  eden space 15872K, 0% used [0x00000000eb900000,0x00000000eb900000,0x00000000ec880000)
  from space 2560K, 100% used [0x00000000ec880000,0x00000000ecb00000,0x00000000ecb00000)
  to   space 2560K, 0% used [0x00000000ecb00000,0x00000000ecb00000,0x00000000ecd80000)
 ParOldGen       total 42496K, used 6572K [0x00000000c2a00000, 0x00000000c5380000, 0x00000000eb900000)
  object space 42496K, 15% used [0x00000000c2a00000,0x00000000c306b260,0x00000000c5380000)
 Metaspace       used 13795K, capacity 14206K, committed 14336K, reserved 1062912K
  class space    used 1589K, capacity 1707K, committed 1792K, reserved 1048576K
}
Event: 28.758 GC heap before
{Heap before GC invocations=7 (full 1):
 PSYoungGen      total 18432K, used 18432K [0x00000000eb900000, 0x00000000ecd80000, 0x0000000100000000)
  eden space 15872K, 100% used [0x00000000eb900000,0x00000000ec880000,0x00000000ec880000)
  from space 2560K, 100% used [0x00000000ec880000,0x00000000ecb00000,0x00000000ecb00000)
  to   space 2560K, 0% used [0x00000000ecb00000,0x00000000ecb00000,0x00000000ecd80000)
 ParOldGen       total 42496K, used 6572K [0x00000000c2a00000, 0x00000000c5380000, 0x00000000eb900000)
  object space 42496K, 15% used [0x00000000c2a00000,0x00000000c306b260,0x00000000c5380000)
 Metaspace       used 13854K, capacity 14270K, committed 14592K, reserved 1062912K
  class space    used 1589K, capacity 1707K, committed 1792K, reserved 1048576K
Event: 28.776 GC heap after
Heap after GC invocations=7 (full 1):
 PSYoungGen      total 15872K, used 2544K [0x00000000eb900000, 0x00000000ee200000, 0x0000000100000000)
  eden space 13312K, 0% used [0x00000000eb900000,0x00000000eb900000,0x00000000ec600000)
  from space 2560K, 99% used [0x00000000ecb00000,0x00000000ecd7c010,0x00000000ecd80000)
  to   space 5120K, 0% used [0x00000000ec600000,0x00000000ec600000,0x00000000ecb00000)
 ParOldGen       total 42496K, used 7963K [0x00000000c2a00000, 0x00000000c5380000, 0x00000000eb900000)
  object space 42496K, 18% used [0x00000000c2a00000,0x00000000c31c6d38,0x00000000c5380000)
 Metaspace       used 13854K, capacity 14270K, committed 14592K, reserved 1062912K
  class space    used 1589K, capacity 1707K, committed 1792K, reserved 1048576K
}
Event: 29.394 GC heap before
{Heap before GC invocations=8 (full 1):
 PSYoungGen      total 15872K, used 15856K [0x00000000eb900000, 0x00000000ee200000, 0x0000000100000000)
  eden space 13312K, 100% used [0x00000000eb900000,0x00000000ec600000,0x00000000ec600000)
  from space 2560K, 99% used [0x00000000ecb00000,0x00000000ecd7c010,0x00000000ecd80000)
  to   space 5120K, 0% used [0x00000000ec600000,0x00000000ec600000,0x00000000ecb00000)
 ParOldGen       total 42496K, used 7963K [0x00000000c2a00000, 0x00000000c5380000, 0x00000000eb900000)
  object space 42496K, 18% used [0x00000000c2a00000,0x00000000c31c6d38,0x00000000c5380000)
 Metaspace       used 13882K, capacity 14270K, committed 14592K, reserved 1062912K
  class space    used 1589K, capacity 1707K, committed 1792K, reserved 1048576K
Event: 29.541 GC heap after
Heap after GC invocations=8 (full 1):
 PSYoungGen      total 18432K, used 3584K [0x00000000eb900000, 0x00000000edd00000, 0x0000000100000000)
  eden space 13312K, 0% used [0x00000000eb900000,0x00000000eb900000,0x00000000ec600000)
  from space 5120K, 70% used [0x00000000ec600000,0x00000000ec980000,0x00000000ecb00000)
  to   space 5120K, 0% used [0x00000000ed800000,0x00000000ed800000,0x00000000edd00000)
 ParOldGen       total 42496K, used 7963K [0x00000000c2a00000, 0x00000000c5380000, 0x00000000eb900000)
  object space 42496K, 18% used [0x00000000c2a00000,0x00000000c31c6d38,0x00000000c5380000)
 Metaspace       used 13882K, capacity 14270K, committed 14592K, reserved 1062912K
  class space    used 1589K, capacity 1707K, committed 1792K, reserved 1048576K
}
Event: 29.744 GC heap before
{Heap before GC invocations=9 (full 1):
 PSYoungGen      total 18432K, used 16896K [0x00000000eb900000, 0x00000000edd00000, 0x0000000100000000)
  eden space 13312K, 100% used [0x00000000eb900000,0x00000000ec600000,0x00000000ec600000)
  from space 5120K, 70% used [0x00000000ec600000,0x00000000ec980000,0x00000000ecb00000)
  to   space 5120K, 0% used [0x00000000ed800000,0x00000000ed800000,0x00000000edd00000)
 ParOldGen       total 42496K, used 7963K [0x00000000c2a00000, 0x00000000c5380000, 0x00000000eb900000)
  object space 42496K, 18% used [0x00000000c2a00000,0x00000000c31c6d38,0x00000000c5380000)
 Metaspace       used 13891K, capacity 14270K, committed 14592K, reserved 1062912K
  class space    used 1589K, capacity 1707K, committed 1792K, reserved 1048576K
Event: 29.752 GC heap after
Heap after GC invocations=9 (full 1):
 PSYoungGen      total 30720K, used 3584K [0x00000000eb900000, 0x00000000edc00000, 0x0000000100000000)
  eden space 26624K, 0% used [0x00000000eb900000,0x00000000eb900000,0x00000000ed300000)
  from space 4096K, 87% used [0x00000000ed800000,0x00000000edb80070,0x00000000edc00000)
  to   space 4608K, 0% used [0x00000000ed300000,0x00000000ed300000,0x00000000ed780000)
 ParOldGen       total 42496K, used 8635K [0x00000000c2a00000, 0x00000000c5380000, 0x00000000eb900000)
  object space 42496K, 20% used [0x00000000c2a00000,0x00000000c326ed88,0x00000000c5380000)
 Metaspace       used 13891K, capacity 14270K, committed 14592K, reserved 1062912K
  class space    used 1589K, capacity 1707K, committed 1792K, reserved 1048576K
}
Event: 30.673 GC heap before
{Heap before GC invocations=10 (full 1):
 PSYoungGen      total 30720K, used 30208K [0x00000000eb900000, 0x00000000edc00000, 0x0000000100000000)
  eden space 26624K, 100% used [0x00000000eb900000,0x00000000ed300000,0x00000000ed300000)
  from space 4096K, 87% used [0x00000000ed800000,0x00000000edb80070,0x00000000edc00000)
  to   space 4608K, 0% used [0x00000000ed300000,0x00000000ed300000,0x00000000ed780000)
 ParOldGen       total 42496K, used 8635K [0x00000000c2a00000, 0x00000000c5380000, 0x00000000eb900000)
  object space 42496K, 20% used [0x00000000c2a00000,0x00000000c326ed88,0x00000000c5380000)
 Metaspace       used 13944K, capacity 14334K, committed 14592K, reserved 1062912K
  class space    used 1589K, capacity 1707K, committed 1792K, reserved 1048576K
Event: 30.701 GC heap after
Heap after GC invocations=10 (full 1):
 PSYoungGen      total 31232K, used 4032K [0x00000000eb900000, 0x00000000ef600000, 0x0000000100000000)
  eden space 26624K, 0% used [0x00000000eb900000,0x00000000eb900000,0x00000000ed300000)
  from space 4608K, 87% used [0x00000000ed300000,0x00000000ed6f00a0,0x00000000ed780000)
  to   space 4608K, 0% used [0x00000000ef180000,0x00000000ef180000,0x00000000ef600000)
 ParOldGen       total 42496K, used 9763K [0x00000000c2a00000, 0x00000000c5380000, 0x00000000eb900000)
  object space 42496K, 22% used [0x00000000c2a00000,0x00000000c3388f60,0x00000000c5380000)
 Metaspace       used 13944K, capacity 14334K, committed 14592K, reserved 1062912K
  class space    used 1589K, capacity 1707K, committed 1792K, reserved 1048576K
}

Deoptimization events (10 events):
Event: 24.116 Thread 0x00007f4470001000 Uncommon trap: reason=bimorphic action=maybe_recompile pc=0x00007f44bd268494 method=java.util.HashMap.putVal(ILjava/lang/Object;Ljava/lang/Object;ZZ)Ljava/lang/Object; @ 91
Event: 24.116 Thread 0x00007f4470001000 Uncommon trap: reason=bimorphic action=maybe_recompile pc=0x00007f44bd268494 method=java.util.HashMap.putVal(ILjava/lang/Object;Ljava/lang/Object;ZZ)Ljava/lang/Object; @ 91
Event: 24.903 Thread 0x00007f4470001000 Uncommon trap: reason=uninitialized action=reinterpret pc=0x00007f44bd3c422c method=java.io.ObjectInputStream$HandleTable.markDependency(II)V @ 110
Event: 24.951 Thread 0x00007f4470001000 Uncommon trap: reason=uninitialized action=reinterpret pc=0x00007f44bd3bfe94 method=java.io.ObjectInputStream$HandleTable.markDependency(II)V @ 110
Event: 24.951 Thread 0x00007f4470001000 Uncommon trap: reason=uninitialized action=reinterpret pc=0x00007f44bd3c422c method=java.io.ObjectInputStream$HandleTable.markDependency(II)V @ 110
Event: 26.041 Thread 0x00007f4470001000 Uncommon trap: reason=class_check action=maybe_recompile pc=0x00007f44bd3bbfd0 method=java.util.HashMap.putVal(ILjava/lang/Object;Ljava/lang/Object;ZZ)Ljava/lang/Object; @ 203
Event: 26.332 Thread 0x00007f4470001000 Uncommon trap: reason=class_check action=maybe_recompile pc=0x00007f44bd3bbfd0 method=java.util.HashMap.putVal(ILjava/lang/Object;Ljava/lang/Object;ZZ)Ljava/lang/Object; @ 203
Event: 26.332 Thread 0x00007f4470001000 Uncommon trap: reason=class_check action=maybe_recompile pc=0x00007f44bd3bbfd0 method=java.util.HashMap.putVal(ILjava/lang/Object;Ljava/lang/Object;ZZ)Ljava/lang/Object; @ 203
Event: 26.747 Thread 0x00007f4470001000 Uncommon trap: reason=unstable_if action=reinterpret pc=0x00007f44bd1f18b8 method=java.lang.AbstractStringBuilder.append(Ljava/lang/String;)Ljava/lang/AbstractStringBuilder; @ 1
Event: 26.977 Thread 0x00007f4470001000 Uncommon trap: reason=class_check action=maybe_recompile pc=0x00007f44bd3bbfd0 method=java.util.HashMap.putVal(ILjava/lang/Object;Ljava/lang/Object;ZZ)Ljava/lang/Object; @ 203

Classes redefined (0 events):
No events

Internal exceptions (10 events):
Event: 4.501 Thread 0x00007f446c001000 Exception <a 'java/lang/NoSuchMethodError': <clinit>> (0x00000000ebaccd30) thrown at [/HUDSON/workspace/8-2-build-linux-amd64/jdk8u201/12317/hotspot/src/share/vm/prims/jni.cpp, line 1613]
Event: 4.610 Thread 0x00007f4448030800 Exception <a 'java/lang/InterruptedException'> (0x00000000ebadd9e0) thrown at [/HUDSON/workspace/8-2-build-linux-amd64/jdk8u201/12317/hotspot/src/share/vm/runtime/objectMonitor.cpp, line 1684]
Event: 11.469 Thread 0x00007f44cc2df000 Exception <a 'java/net/ConnectException'> (0x00000000ebb416d0) thrown at [/HUDSON/workspace/8-2-build-linux-amd64/jdk8u201/12317/hotspot/src/share/vm/prims/jni.cpp, line 709]
Event: 11.493 Thread 0x00007f44cc2dd000 Exception <a 'java/net/ConnectException'> (0x00000000ebb69278) thrown at [/HUDSON/workspace/8-2-build-linux-amd64/jdk8u201/12317/hotspot/src/share/vm/prims/jni.cpp, line 709]
Event: 11.502 Thread 0x00007f44cc2e2800 Exception <a 'java/net/ConnectException'> (0x00000000ebb90e20) thrown at [/HUDSON/workspace/8-2-build-linux-amd64/jdk8u201/12317/hotspot/src/share/vm/prims/jni.cpp, line 709]
Event: 21.470 Thread 0x00007f44cc2df000 Exception <a 'java/net/ConnectException'> (0x00000000ebb421f8) thrown at [/HUDSON/workspace/8-2-build-linux-amd64/jdk8u201/12317/hotspot/src/share/vm/prims/jni.cpp, line 709]
Event: 21.493 Thread 0x00007f44cc2dd000 Exception <a 'java/net/ConnectException'> (0x00000000ebb69da0) thrown at [/HUDSON/workspace/8-2-build-linux-amd64/jdk8u201/12317/hotspot/src/share/vm/prims/jni.cpp, line 709]
Event: 21.502 Thread 0x00007f44cc2e2800 Exception <a 'java/net/ConnectException'> (0x00000000ebb91948) thrown at [/HUDSON/workspace/8-2-build-linux-amd64/jdk8u201/12317/hotspot/src/share/vm/prims/jni.cpp, line 709]
Event: 24.699 Thread 0x00007f4470001000 Exception <a 'java/lang/NoSuchMethodError': <clinit>> (0x00000000ec2abef0) thrown at [/HUDSON/workspace/8-2-build-linux-amd64/jdk8u201/12317/hotspot/src/share/vm/prims/jni.cpp, line 1613]
Event: 26.747 Thread 0x00007f4470001000 Implicit null exception at 0x00007f44bd1f14f6 to 0x00007f44bd1f18a1

Events (10 events):
Event: 28.758 Executing VM operation: ParallelGCFailedAllocation
Event: 28.776 Executing VM operation: ParallelGCFailedAllocation done
Event: 29.379 Executing VM operation: ParallelGCFailedAllocation
Event: 29.541 Executing VM operation: ParallelGCFailedAllocation done
Event: 29.744 Executing VM operation: ParallelGCFailedAllocation
Event: 29.753 Executing VM operation: ParallelGCFailedAllocation done
Event: 30.523 Executing VM operation: ParallelGCFailedAllocation
Event: 30.701 Executing VM operation: ParallelGCFailedAllocation done
Event: 31.683 loading class org/evosuite/shaded/org/objectweb/asm/Handler
Event: 31.683 loading class org/evosuite/shaded/org/objectweb/asm/Handler done


Dynamic libraries:
00400000-00401000 r-xp 00000000 08:01 654793                             /usr/lib/jdk/jdk1.8.0_201/bin/java
00600000-00601000 r--p 00000000 08:01 654793                             /usr/lib/jdk/jdk1.8.0_201/bin/java
00601000-00602000 rw-p 00001000 08:01 654793                             /usr/lib/jdk/jdk1.8.0_201/bin/java
01e6a000-0201c000 rw-p 00000000 00:00 0                                  [heap]
c2a00000-c5380000 rw-p 00000000 00:00 0 
c5380000-eb900000 ---p 00000000 00:00 0 
eb900000-ef600000 rw-p 00000000 00:00 0 
ef600000-100000000 ---p 00000000 00:00 0 
100000000-1001c0000 rw-p 00000000 00:00 0 
1001c0000-140000000 ---p 00000000 00:00 0 
7f443c000000-7f443c021000 rw-p 00000000 00:00 0 
7f443c021000-7f4440000000 ---p 00000000 00:00 0 
7f4440000000-7f4440021000 rw-p 00000000 00:00 0 
7f4440021000-7f4444000000 ---p 00000000 00:00 0 
7f4444000000-7f4444021000 rw-p 00000000 00:00 0 
7f4444021000-7f4448000000 ---p 00000000 00:00 0 
7f4448000000-7f444803a000 rw-p 00000000 00:00 0 
7f444803a000-7f444c000000 ---p 00000000 00:00 0 
7f444c000000-7f444c021000 rw-p 00000000 00:00 0 
7f444c021000-7f4450000000 ---p 00000000 00:00 0 
7f4450000000-7f4450021000 rw-p 00000000 00:00 0 
7f4450021000-7f4454000000 ---p 00000000 00:00 0 
7f4454000000-7f4454021000 rw-p 00000000 00:00 0 
7f4454021000-7f4458000000 ---p 00000000 00:00 0 
7f4458000000-7f4458021000 rw-p 00000000 00:00 0 
7f4458021000-7f445c000000 ---p 00000000 00:00 0 
7f445c000000-7f445c021000 rw-p 00000000 00:00 0 
7f445c021000-7f4460000000 ---p 00000000 00:00 0 
7f4460000000-7f4460021000 rw-p 00000000 00:00 0 
7f4460021000-7f4464000000 ---p 00000000 00:00 0 
7f4464000000-7f4464021000 rw-p 00000000 00:00 0 
7f4464021000-7f4468000000 ---p 00000000 00:00 0 
7f4468000000-7f4468021000 rw-p 00000000 00:00 0 
7f4468021000-7f446c000000 ---p 00000000 00:00 0 
7f446c000000-7f446c021000 rw-p 00000000 00:00 0 
7f446c021000-7f4470000000 ---p 00000000 00:00 0 
7f4470000000-7f4470021000 rw-p 00000000 00:00 0 
7f4470021000-7f4474000000 ---p 00000000 00:00 0 
7f4474000000-7f4474021000 rw-p 00000000 00:00 0 
7f4474021000-7f4478000000 ---p 00000000 00:00 0 
7f4478000000-7f4478021000 rw-p 00000000 00:00 0 
7f4478021000-7f447c000000 ---p 00000000 00:00 0 
7f447c000000-7f447c021000 rw-p 00000000 00:00 0 
7f447c021000-7f4480000000 ---p 00000000 00:00 0 
7f4480000000-7f4480021000 rw-p 00000000 00:00 0 
7f4480021000-7f4484000000 ---p 00000000 00:00 0 
7f44845f9000-7f4484679000 rw-p 00000000 00:00 0 
7f4484679000-7f44847f9000 ---p 00000000 00:00 0 
7f44847f9000-7f44847fc000 ---p 00000000 00:00 0 
7f44847fc000-7f4484afa000 rw-p 00000000 00:00 0 
7f4484afa000-7f4484afd000 ---p 00000000 00:00 0 
7f4484afd000-7f4484bfb000 rw-p 00000000 00:00 0 
7f4484bfb000-7f4484bfe000 ---p 00000000 00:00 0 
7f4484bfe000-7f4484cfc000 rw-p 00000000 00:00 0 
7f4484cfc000-7f4484cff000 ---p 00000000 00:00 0 
7f4484cff000-7f4484dfd000 rw-p 00000000 00:00 0 
7f4484dfd000-7f4484e00000 ---p 00000000 00:00 0 
7f4484e00000-7f4484efe000 rw-p 00000000 00:00 0 
7f4484efe000-7f4484f01000 ---p 00000000 00:00 0 
7f4484f01000-7f4488000000 rw-p 00000000 00:00 0 
7f4488000000-7f4488876000 rw-p 00000000 00:00 0 
7f4488876000-7f448c000000 ---p 00000000 00:00 0 
7f448c000000-7f448c021000 rw-p 00000000 00:00 0 
7f448c021000-7f4490000000 ---p 00000000 00:00 0 
7f4490000000-7f4490a0f000 rw-p 00000000 00:00 0 
7f4490a0f000-7f4494000000 ---p 00000000 00:00 0 
7f4494000000-7f4494cc0000 rw-p 00000000 00:00 0 
7f4494cc0000-7f4498000000 ---p 00000000 00:00 0 
7f4498000000-7f4498021000 rw-p 00000000 00:00 0 
7f4498021000-7f449c000000 ---p 00000000 00:00 0 
7f449c000000-7f449c021000 rw-p 00000000 00:00 0 
7f449c021000-7f44a0000000 ---p 00000000 00:00 0 
7f44a0000000-7f44a008a000 rw-p 00000000 00:00 0 
7f44a008a000-7f44a4000000 ---p 00000000 00:00 0 
7f44a4000000-7f44a4021000 rw-p 00000000 00:00 0 
7f44a4021000-7f44a8000000 ---p 00000000 00:00 0 
7f44a8000000-7f44a8021000 rw-p 00000000 00:00 0 
7f44a8021000-7f44ac000000 ---p 00000000 00:00 0 
7f44ac037000-7f44ac03a000 ---p 00000000 00:00 0 
7f44ac03a000-7f44ac138000 rw-p 00000000 00:00 0 
7f44ac138000-7f44ac13b000 ---p 00000000 00:00 0 
7f44ac13b000-7f44ac239000 rw-p 00000000 00:00 0 
7f44ac239000-7f44ac23c000 ---p 00000000 00:00 0 
7f44ac23c000-7f44ac33a000 rw-p 00000000 00:00 0 
7f44ac33a000-7f44ac33d000 ---p 00000000 00:00 0 
7f44ac33d000-7f44ac43b000 rw-p 00000000 00:00 0 
7f44ac43b000-7f44ac43e000 ---p 00000000 00:00 0 
7f44ac43e000-7f44ac53c000 rw-p 00000000 00:00 0 
7f44ac53c000-7f44ac53f000 ---p 00000000 00:00 0 
7f44ac53f000-7f44ac63d000 rw-p 00000000 00:00 0 
7f44ac63d000-7f44ac640000 ---p 00000000 00:00 0 
7f44ac640000-7f44ac73e000 rw-p 00000000 00:00 0 
7f44ac73e000-7f44ac741000 ---p 00000000 00:00 0 
7f44ac741000-7f44ac83f000 rw-p 00000000 00:00 0 
7f44ac83f000-7f44ac842000 ---p 00000000 00:00 0 
7f44ac842000-7f44acb40000 rw-p 00000000 00:00 0 
7f44acb40000-7f44acb43000 ---p 00000000 00:00 0 
7f44acb43000-7f44acc41000 rw-p 00000000 00:00 0 
7f44acc41000-7f44acc44000 ---p 00000000 00:00 0 
7f44acc44000-7f44acd42000 rw-p 00000000 00:00 0 
7f44acd42000-7f44acd45000 ---p 00000000 00:00 0 
7f44acd45000-7f44ace43000 rw-p 00000000 00:00 0 
7f44ace43000-7f44ace59000 r-xp 00000000 08:01 656512                     /usr/lib/jdk/jdk1.8.0_201/jre/lib/amd64/libnet.so
7f44ace59000-7f44ad059000 ---p 00016000 08:01 656512                     /usr/lib/jdk/jdk1.8.0_201/jre/lib/amd64/libnet.so
7f44ad059000-7f44ad05a000 r--p 00016000 08:01 656512                     /usr/lib/jdk/jdk1.8.0_201/jre/lib/amd64/libnet.so
7f44ad05a000-7f44ad05b000 rw-p 00017000 08:01 656512                     /usr/lib/jdk/jdk1.8.0_201/jre/lib/amd64/libnet.so
7f44ad05b000-7f44ad28c000 r--s 01bb1000 08:01 403225                     /home/hewitt/work/DiffTGen-master/lib/evosuite-1.0.6.jar
7f44ad28c000-7f44ad28d000 ---p 00000000 00:00 0 
7f44ad28d000-7f44ad38d000 rw-p 00000000 00:00 0 
7f44ad38d000-7f44ad390000 ---p 00000000 00:00 0 
7f44ad390000-7f44ad48e000 rw-p 00000000 00:00 0 
7f44ad48e000-7f44ad491000 ---p 00000000 00:00 0 
7f44ad491000-7f44ad58f000 rw-p 00000000 00:00 0 
7f44ad58f000-7f44ad592000 ---p 00000000 00:00 0 
7f44ad592000-7f44ad690000 rw-p 00000000 00:00 0 
7f44ad690000-7f44ad693000 ---p 00000000 00:00 0 
7f44ad693000-7f44ad791000 rw-p 00000000 00:00 0 
7f44ad791000-7f44ae150000 r--p 00000000 08:01 270368                     /usr/lib/locale/locale-archive
7f44ae150000-7f44b0000000 rw-p 00000000 00:00 0 
7f44b0000000-7f44b0021000 rw-p 00000000 00:00 0 
7f44b0021000-7f44b4000000 ---p 00000000 00:00 0 
7f44b4000000-7f44b4021000 rw-p 00000000 00:00 0 
7f44b4021000-7f44b8000000 ---p 00000000 00:00 0 
7f44b8000000-7f44b8021000 rw-p 00000000 00:00 0 
7f44b8021000-7f44bc000000 ---p 00000000 00:00 0 
7f44bc0d5000-7f44bc0f1000 r--s 00393000 08:01 656354                     /usr/lib/jdk/jdk1.8.0_201/jre/lib/ext/cldrdata.jar
7f44bc0f1000-7f44bc0f4000 ---p 00000000 00:00 0 
7f44bc0f4000-7f44bc1f2000 rw-p 00000000 00:00 0 
7f44bc1f2000-7f44bc1f5000 ---p 00000000 00:00 0 
7f44bc1f5000-7f44bc2f3000 rw-p 00000000 00:00 0 
7f44bc2f3000-7f44bc2f6000 ---p 00000000 00:00 0 
7f44bc2f6000-7f44bc3f4000 rw-p 00000000 00:00 0 
7f44bc3f4000-7f44bc3f5000 ---p 00000000 00:00 0 
7f44bc3f5000-7f44bd000000 rw-p 00000000 00:00 0 
7f44bd000000-7f44bd600000 rwxp 00000000 00:00 0 
7f44bd610000-7f44cc000000 ---p 00000000 00:00 0 
7f44cc000000-7f44cc4bf000 rw-p 00000000 00:00 0 
7f44cc4bf000-7f44d0000000 ---p 00000000 00:00 0 
7f44d000e000-7f44d0011000 ---p 00000000 00:00 0 
7f44d0011000-7f44d0047000 rw-p 00000000 00:00 0 
7f44d0047000-7f44d00c0000 r--s 010fd000 08:01 654900                     /usr/lib/jdk/jdk1.8.0_201/lib/tools.jar
7f44d00c0000-7f44d04c4000 rw-p 00000000 00:00 0 
7f44d04c4000-7f44d069e000 r--s 03d6f000 08:01 656293                     /usr/lib/jdk/jdk1.8.0_201/jre/lib/rt.jar
7f44d069e000-7f44d10ff000 rw-p 00000000 00:00 0 
7f44d10ff000-7f44d1100000 ---p 00000000 00:00 0 
7f44d1100000-7f44d1200000 rw-p 00000000 00:00 0 
7f44d1200000-7f44d1201000 ---p 00000000 00:00 0 
7f44d1201000-7f44d1301000 rw-p 00000000 00:00 0 
7f44d1301000-7f44d1302000 ---p 00000000 00:00 0 
7f44d1302000-7f44d1402000 rw-p 00000000 00:00 0 
7f44d1402000-7f44d1403000 ---p 00000000 00:00 0 
7f44d1403000-7f44d1518000 rw-p 00000000 00:00 0 
7f44d1518000-7f44d164b000 ---p 00000000 00:00 0 
7f44d164b000-7f44d1660000 rw-p 00000000 00:00 0 
7f44d1660000-7f44d1792000 ---p 00000000 00:00 0 
7f44d1792000-7f44d17b1000 rw-p 00000000 00:00 0 
7f44d17b1000-7f44d1836000 ---p 00000000 00:00 0 
7f44d1836000-7f44d184f000 rw-p 00000000 00:00 0 
7f44d184f000-7f44d1bf7000 ---p 00000000 00:00 0 
7f44d1bf7000-7f44d1c12000 r-xp 00000000 08:01 656508                     /usr/lib/jdk/jdk1.8.0_201/jre/lib/amd64/libzip.so
7f44d1c12000-7f44d1e11000 ---p 0001b000 08:01 656508                     /usr/lib/jdk/jdk1.8.0_201/jre/lib/amd64/libzip.so
7f44d1e11000-7f44d1e12000 r--p 0001a000 08:01 656508                     /usr/lib/jdk/jdk1.8.0_201/jre/lib/amd64/libzip.so
7f44d1e12000-7f44d1e13000 rw-p 0001b000 08:01 656508                     /usr/lib/jdk/jdk1.8.0_201/jre/lib/amd64/libzip.so
7f44d1e13000-7f44d1e1e000 r-xp 00000000 08:01 658902                     /lib/x86_64-linux-gnu/libnss_files-2.23.so
7f44d1e1e000-7f44d201d000 ---p 0000b000 08:01 658902                     /lib/x86_64-linux-gnu/libnss_files-2.23.so
7f44d201d000-7f44d201e000 r--p 0000a000 08:01 658902                     /lib/x86_64-linux-gnu/libnss_files-2.23.so
7f44d201e000-7f44d201f000 rw-p 0000b000 08:01 658902                     /lib/x86_64-linux-gnu/libnss_files-2.23.so
7f44d201f000-7f44d2025000 rw-p 00000000 00:00 0 
7f44d2025000-7f44d2030000 r-xp 00000000 08:01 658912                     /lib/x86_64-linux-gnu/libnss_nis-2.23.so
7f44d2030000-7f44d222f000 ---p 0000b000 08:01 658912                     /lib/x86_64-linux-gnu/libnss_nis-2.23.so
7f44d222f000-7f44d2230000 r--p 0000a000 08:01 658912                     /lib/x86_64-linux-gnu/libnss_nis-2.23.so
7f44d2230000-7f44d2231000 rw-p 0000b000 08:01 658912                     /lib/x86_64-linux-gnu/libnss_nis-2.23.so
7f44d2231000-7f44d2247000 r-xp 00000000 08:01 658896                     /lib/x86_64-linux-gnu/libnsl-2.23.so
7f44d2247000-7f44d2446000 ---p 00016000 08:01 658896                     /lib/x86_64-linux-gnu/libnsl-2.23.so
7f44d2446000-7f44d2447000 r--p 00015000 08:01 658896                     /lib/x86_64-linux-gnu/libnsl-2.23.so
7f44d2447000-7f44d2448000 rw-p 00016000 08:01 658896                     /lib/x86_64-linux-gnu/libnsl-2.23.so
7f44d2448000-7f44d244a000 rw-p 00000000 00:00 0 
7f44d244a000-7f44d2452000 r-xp 00000000 08:01 658898                     /lib/x86_64-linux-gnu/libnss_compat-2.23.so
7f44d2452000-7f44d2651000 ---p 00008000 08:01 658898                     /lib/x86_64-linux-gnu/libnss_compat-2.23.so
7f44d2651000-7f44d2652000 r--p 00007000 08:01 658898                     /lib/x86_64-linux-gnu/libnss_compat-2.23.so
7f44d2652000-7f44d2653000 rw-p 00008000 08:01 658898                     /lib/x86_64-linux-gnu/libnss_compat-2.23.so
7f44d2653000-7f44d267f000 r-xp 00000000 08:01 656502                     /usr/lib/jdk/jdk1.8.0_201/jre/lib/amd64/libjava.so
7f44d267f000-7f44d287f000 ---p 0002c000 08:01 656502                     /usr/lib/jdk/jdk1.8.0_201/jre/lib/amd64/libjava.so
7f44d287f000-7f44d2880000 r--p 0002c000 08:01 656502                     /usr/lib/jdk/jdk1.8.0_201/jre/lib/amd64/libjava.so
7f44d2880000-7f44d2882000 rw-p 0002d000 08:01 656502                     /usr/lib/jdk/jdk1.8.0_201/jre/lib/amd64/libjava.so
7f44d2882000-7f44d288f000 r-xp 00000000 08:01 656507                     /usr/lib/jdk/jdk1.8.0_201/jre/lib/amd64/libverify.so
7f44d288f000-7f44d2a8e000 ---p 0000d000 08:01 656507                     /usr/lib/jdk/jdk1.8.0_201/jre/lib/amd64/libverify.so
7f44d2a8e000-7f44d2a90000 r--p 0000c000 08:01 656507                     /usr/lib/jdk/jdk1.8.0_201/jre/lib/amd64/libverify.so
7f44d2a90000-7f44d2a91000 rw-p 0000e000 08:01 656507                     /usr/lib/jdk/jdk1.8.0_201/jre/lib/amd64/libverify.so
7f44d2a91000-7f44d2a98000 r-xp 00000000 08:01 658957                     /lib/x86_64-linux-gnu/librt-2.23.so
7f44d2a98000-7f44d2c97000 ---p 00007000 08:01 658957                     /lib/x86_64-linux-gnu/librt-2.23.so
7f44d2c97000-7f44d2c98000 r--p 00006000 08:01 658957                     /lib/x86_64-linux-gnu/librt-2.23.so
7f44d2c98000-7f44d2c99000 rw-p 00007000 08:01 658957                     /lib/x86_64-linux-gnu/librt-2.23.so
7f44d2c99000-7f44d2da1000 r-xp 00000000 08:01 658873                     /lib/x86_64-linux-gnu/libm-2.23.so
7f44d2da1000-7f44d2fa0000 ---p 00108000 08:01 658873                     /lib/x86_64-linux-gnu/libm-2.23.so
7f44d2fa0000-7f44d2fa1000 r--p 00107000 08:01 658873                     /lib/x86_64-linux-gnu/libm-2.23.so
7f44d2fa1000-7f44d2fa2000 rw-p 00108000 08:01 658873                     /lib/x86_64-linux-gnu/libm-2.23.so
7f44d2fa2000-7f44d3c8a000 r-xp 00000000 08:01 656484                     /usr/lib/jdk/jdk1.8.0_201/jre/lib/amd64/server/libjvm.so
7f44d3c8a000-7f44d3e89000 ---p 00ce8000 08:01 656484                     /usr/lib/jdk/jdk1.8.0_201/jre/lib/amd64/server/libjvm.so
7f44d3e89000-7f44d3f1f000 r--p 00ce7000 08:01 656484                     /usr/lib/jdk/jdk1.8.0_201/jre/lib/amd64/server/libjvm.so
7f44d3f1f000-7f44d3f50000 rw-p 00d7d000 08:01 656484                     /usr/lib/jdk/jdk1.8.0_201/jre/lib/amd64/server/libjvm.so
7f44d3f50000-7f44d3f8b000 rw-p 00000000 00:00 0 
7f44d3f8b000-7f44d414b000 r-xp 00000000 08:01 658803                     /lib/x86_64-linux-gnu/libc-2.23.so
7f44d414b000-7f44d434b000 ---p 001c0000 08:01 658803                     /lib/x86_64-linux-gnu/libc-2.23.so
7f44d434b000-7f44d434f000 r--p 001c0000 08:01 658803                     /lib/x86_64-linux-gnu/libc-2.23.so
7f44d434f000-7f44d4351000 rw-p 001c4000 08:01 658803                     /lib/x86_64-linux-gnu/libc-2.23.so
7f44d4351000-7f44d4355000 rw-p 00000000 00:00 0 
7f44d4355000-7f44d4358000 r-xp 00000000 08:01 658827                     /lib/x86_64-linux-gnu/libdl-2.23.so
7f44d4358000-7f44d4557000 ---p 00003000 08:01 658827                     /lib/x86_64-linux-gnu/libdl-2.23.so
7f44d4557000-7f44d4558000 r--p 00002000 08:01 658827                     /lib/x86_64-linux-gnu/libdl-2.23.so
7f44d4558000-7f44d4559000 rw-p 00003000 08:01 658827                     /lib/x86_64-linux-gnu/libdl-2.23.so
7f44d4559000-7f44d4570000 r-xp 00000000 08:01 656155                     /usr/lib/jdk/jdk1.8.0_201/lib/amd64/jli/libjli.so
7f44d4570000-7f44d476f000 ---p 00017000 08:01 656155                     /usr/lib/jdk/jdk1.8.0_201/lib/amd64/jli/libjli.so
7f44d476f000-7f44d4770000 r--p 00016000 08:01 656155                     /usr/lib/jdk/jdk1.8.0_201/lib/amd64/jli/libjli.so
7f44d4770000-7f44d4771000 rw-p 00017000 08:01 656155                     /usr/lib/jdk/jdk1.8.0_201/lib/amd64/jli/libjli.so
7f44d4771000-7f44d4789000 r-xp 00000000 08:01 658949                     /lib/x86_64-linux-gnu/libpthread-2.23.so
7f44d4789000-7f44d4988000 ---p 00018000 08:01 658949                     /lib/x86_64-linux-gnu/libpthread-2.23.so
7f44d4988000-7f44d4989000 r--p 00017000 08:01 658949                     /lib/x86_64-linux-gnu/libpthread-2.23.so
7f44d4989000-7f44d498a000 rw-p 00018000 08:01 658949                     /lib/x86_64-linux-gnu/libpthread-2.23.so
7f44d498a000-7f44d498e000 rw-p 00000000 00:00 0 
7f44d498e000-7f44d49b4000 r-xp 00000000 08:01 658775                     /lib/x86_64-linux-gnu/ld-2.23.so
7f44d49bb000-7f44d49c5000 r--s 00116000 08:01 656361                     /usr/lib/jdk/jdk1.8.0_201/jre/lib/ext/localedata.jar
7f44d49c5000-7f44d49d8000 r--s 000d2000 08:01 406610                     /home/hewitt/work/DiffTGen-master/output/patch1-Math-63-SequenceR/Math_63_1_sequencer/target/build/classes/all0.jar
7f44d49d8000-7f44d4a96000 rw-p 00000000 00:00 0 
7f44d4a96000-7f44d4a99000 ---p 00000000 00:00 0 
7f44d4a99000-7f44d4b9c000 rw-p 00000000 00:00 0 
7f44d4b9c000-7f44d4ba0000 r--s 000a1000 08:01 656350                     /usr/lib/jdk/jdk1.8.0_201/jre/lib/jsse.jar
7f44d4ba0000-7f44d4ba8000 r--s 0006e000 08:01 398946                     /home/hewitt/work/DiffTGen-master/lib/commons-lang3-3.5.jar
7f44d4ba8000-7f44d4ba9000 r--s 00000000 08:01 398951                     /home/hewitt/work/DiffTGen-master/lib/myprinter.jar
7f44d4ba9000-7f44d4bb1000 rw-s 00000000 08:01 152000                     /tmp/hsperfdata_hewitt/2163
7f44d4bb1000-7f44d4bb2000 rw-p 00000000 00:00 0 
7f44d4bb2000-7f44d4bb3000 r--p 00000000 00:00 0 
7f44d4bb3000-7f44d4bb4000 r--p 00025000 08:01 658775                     /lib/x86_64-linux-gnu/ld-2.23.so
7f44d4bb4000-7f44d4bb5000 rw-p 00026000 08:01 658775                     /lib/x86_64-linux-gnu/ld-2.23.so
7f44d4bb5000-7f44d4bb6000 rw-p 00000000 00:00 0 
7ffd54380000-7ffd543a2000 rw-p 00000000 00:00 0                          [stack]
7ffd543a4000-7ffd543a7000 r--p 00000000 00:00 0                          [vvar]
7ffd543a7000-7ffd543a9000 r-xp 00000000 00:00 0                          [vdso]
ffffffffff600000-ffffffffff601000 r-xp 00000000 00:00 0                  [vsyscall]

VM Arguments:
java_command: /home/hewitt/work/DiffTGen-master/lib/evosuite-1.0.6.jar -base_dir /home/hewitt/work/DiffTGen-master/output/patch1-Math-63-SequenceR/Math_63_1_sequencer/target/0/23 -projectCP /home/hewitt/work/DiffTGen-master/output/patch1-Math-63-SequenceR/Math_63_1_sequencer/target/build/classes/all0.jar:/home/hewitt/work/DiffTGen-master/lib/myprinter.jar:/home/hewitt/work/DiffTGen-master/lib/commons-lang3-3.5.jar -class org.apache.commons.math.util.MathUtils -Dassertions=false -Dsearch_budget=60
java_class_path (initial): /home/hewitt/work/DiffTGen-master/lib/evosuite-1.0.6.jar
Launcher Type: SUN_STANDARD

Environment Variables:
JAVA_HOME=/usr/lib/jdk/jdk1.8.0_201
JRE_HOME=/usr/lib/jdk/jdk1.8.0_201/jre
CLASSPATH=.:/usr/lib/jdk/jdk1.8.0_201/lib:/usr/lib/jdk/jdk1.8.0_201/jre/lib
PATH=/usr/lib/jdk/jdk1.8.0_201/bin:/home/hewitt/bin:/home/hewitt/.local/bin:/usr/lib/jdk/jdk1.7.0_80/bin:/usr/local/sbin:/usr/local/bin:/usr/sbin:/usr/bin:/sbin:/bin:/usr/games:/usr/local/games:/snap/bin:/home/hewitt/work/defects4j_v1.4.0/defects4j/framework/bin:/opt/apache-ant-1.9.14/bin:/home/hewitt/work/defects4j_v1.4.0/defects4j/framework/bin
SHELL=/bin/bash
DISPLAY=:0

Signal Handlers:
SIGSEGV: [libjvm.so+0xad3e60], sa_mask[0]=11111111011111111101111111111110, sa_flags=SA_RESTART|SA_SIGINFO
SIGBUS: [libjvm.so+0xad3e60], sa_mask[0]=11111111011111111101111111111110, sa_flags=SA_RESTART|SA_SIGINFO
SIGFPE: [libjvm.so+0x90b880], sa_mask[0]=11111111011111111101111111111110, sa_flags=SA_RESTART|SA_SIGINFO
SIGPIPE: [libjvm.so+0x90b880], sa_mask[0]=11111111011111111101111111111110, sa_flags=SA_RESTART|SA_SIGINFO
SIGXFSZ: [libjvm.so+0x90b880], sa_mask[0]=11111111011111111101111111111110, sa_flags=SA_RESTART|SA_SIGINFO
SIGILL: [libjvm.so+0x90b880], sa_mask[0]=11111111011111111101111111111110, sa_flags=SA_RESTART|SA_SIGINFO
SIGUSR1: SIG_DFL, sa_mask[0]=00000000000000000000000000000000, sa_flags=none
SIGUSR2: [libjvm.so+0x90b750], sa_mask[0]=00100000000000000000000000000000, sa_flags=SA_RESTART|SA_SIGINFO
SIGHUP: [libjvm.so+0x90bd70], sa_mask[0]=11111111011111111101111111111110, sa_flags=SA_RESTART|SA_SIGINFO
SIGINT: [libjvm.so+0x90bd70], sa_mask[0]=11111111011111111101111111111110, sa_flags=SA_RESTART|SA_SIGINFO
SIGTERM: [libjvm.so+0x90bd70], sa_mask[0]=11111111011111111101111111111110, sa_flags=SA_RESTART|SA_SIGINFO
SIGQUIT: [libjvm.so+0x90bd70], sa_mask[0]=11111111011111111101111111111110, sa_flags=SA_RESTART|SA_SIGINFO


---------------  S Y S T E M  ---------------

OS:DISTRIB_ID=Ubuntu
DISTRIB_RELEASE=16.04
DISTRIB_CODENAME=xenial
DISTRIB_DESCRIPTION="Ubuntu 16.04.6 LTS"

uname:Linux 4.15.0-91-generic #92~16.04.1-Ubuntu SMP Fri Feb 28 14:57:22 UTC 2020 x86_64
libc:glibc 2.23 NPTL 2.23 
rlimit: STACK 8192k, CORE 0k, NPROC 15448, NOFILE 1048576, AS infinity
load average:19.03 14.81 14.71

/proc/meminfo:
MemTotal:        4015928 kB
MemFree:          776400 kB
MemAvailable:     697460 kB
Buffers:            2336 kB
Cached:            49268 kB
SwapCached:        10764 kB
Active:          2288552 kB
Inactive:         513100 kB
Active(anon):    2267504 kB
Inactive(anon):   484576 kB
Active(file):      21048 kB
Inactive(file):    28524 kB
Unevictable:          48 kB
Mlocked:              48 kB
SwapTotal:        998396 kB
SwapFree:          25944 kB
Dirty:               220 kB
Writeback:          1816 kB
AnonPages:       2740456 kB
Mapped:            35292 kB
Shmem:              1564 kB
Slab:              91832 kB
SReclaimable:      33488 kB
SUnreclaim:        58344 kB
KernelStack:       16116 kB
PageTables:        40972 kB
NFS_Unstable:          0 kB
Bounce:                0 kB
WritebackTmp:          0 kB
CommitLimit:     3006360 kB
Committed_AS:    8426664 kB
VmallocTotal:   34359738367 kB
VmallocUsed:           0 kB
VmallocChunk:          0 kB
HardwareCorrupted:     0 kB
AnonHugePages:         0 kB
ShmemHugePages:        0 kB
ShmemPmdMapped:        0 kB
CmaTotal:              0 kB
CmaFree:               0 kB
HugePages_Total:       0
HugePages_Free:        0
HugePages_Rsvd:        0
HugePages_Surp:        0
Hugepagesize:       2048 kB
DirectMap4k:       98112 kB
DirectMap2M:     4096000 kB
DirectMap1G:     2097152 kB

container (cgroup) information:
container_type: cgroupv1
cpu_cpuset_cpus: 0-3
cpu_memory_nodes: 0
active_processor_count: 4
cpu_quota: -1
cpu_period: 100000
cpu_shares: -1
memory_limit_in_bytes: -1
memory_and_swap_limit_in_bytes: -2
memory_soft_limit_in_bytes: -1
memory_usage_in_bytes: 2862563328
memory_max_usage_in_bytes: 20938752


CPU:total 4 (initial active 4) (2 cores per cpu, 1 threads per core) family 6 model 158 stepping 9, cmov, cx8, fxsr, mmx, sse, sse2, sse3, ssse3, sse4.1, sse4.2, popcnt, avx, avx2, aes, clmul, erms, 3dnowpref, lzcnt, tsc, tscinvbit, bmi1, bmi2, adx

/proc/cpuinfo:
processor	: 0
vendor_id	: GenuineIntel
cpu family	: 6
model		: 158
model name	: Intel(R) Core(TM) i7-7700HQ CPU @ 2.80GHz
stepping	: 9
microcode	: 0xb4
cpu MHz		: 2808.002
cache size	: 6144 KB
physical id	: 0
siblings	: 2
core id		: 0
cpu cores	: 2
apicid		: 0
initial apicid	: 0
fpu		: yes
fpu_exception	: yes
cpuid level	: 22
wp		: yes
flags		: fpu vme de pse tsc msr pae mce cx8 apic sep mtrr pge mca cmov pat pse36 clflush mmx fxsr sse sse2 ss ht syscall nx pdpe1gb rdtscp lm constant_tsc arch_perfmon nopl xtopology tsc_reliable nonstop_tsc cpuid pni pclmulqdq ssse3 fma cx16 pcid sse4_1 sse4_2 x2apic movbe popcnt tsc_deadline_timer aes xsave avx f16c rdrand hypervisor lahf_lm abm 3dnowprefetch cpuid_fault invpcid_single pti ssbd ibrs ibpb stibp fsgsbase tsc_adjust bmi1 avx2 smep bmi2 invpcid mpx rdseed adx smap clflushopt xsaveopt xsavec xsaves arat md_clear flush_l1d arch_capabilities
bugs		: cpu_meltdown spectre_v1 spectre_v2 spec_store_bypass l1tf mds swapgs itlb_multihit
bogomips	: 5616.00
clflush size	: 64
cache_alignment	: 64
address sizes	: 43 bits physical, 48 bits virtual
power management:

processor	: 1
vendor_id	: GenuineIntel
cpu family	: 6
model		: 158
model name	: Intel(R) Core(TM) i7-7700HQ CPU @ 2.80GHz
stepping	: 9
microcode	: 0xb4
cpu MHz		: 2808.002
cache size	: 6144 KB
physical id	: 0
siblings	: 2
core id		: 1
cpu cores	: 2
apicid		: 1
initial apicid	: 1
fpu		: yes
fpu_exception	: yes
cpuid level	: 22
wp		: yes
flags		: fpu vme de pse tsc msr pae mce cx8 apic sep mtrr pge mca cmov pat pse36 clflush mmx fxsr sse sse2 ss ht syscall nx pdpe1gb rdtscp lm constant_tsc arch_perfmon nopl xtopology tsc_reliable nonstop_tsc cpuid pni pclmulqdq ssse3 fma cx16 pcid sse4_1 sse4_2 x2apic movbe popcnt tsc_deadline_timer aes xsave avx f16c rdrand hypervisor lahf_lm abm 3dnowprefetch cpuid_fault invpcid_single pti ssbd ibrs ibpb stibp fsgsbase tsc_adjust bmi1 avx2 smep bmi2 invpcid mpx rdseed adx smap clflushopt xsaveopt xsavec xsaves arat md_clear flush_l1d arch_capabilities
bugs		: cpu_meltdown spectre_v1 spectre_v2 spec_store_bypass l1tf mds swapgs itlb_multihit
bogomips	: 5616.00
clflush size	: 64
cache_alignment	: 64
address sizes	: 43 bits physical, 48 bits virtual
power management:

processor	: 2
vendor_id	: GenuineIntel
cpu family	: 6
model		: 158
model name	: Intel(R) Core(TM) i7-7700HQ CPU @ 2.80GHz
stepping	: 9
microcode	: 0xb4
cpu MHz		: 2808.002
cache size	: 6144 KB
physical id	: 1
siblings	: 2
core id		: 0
cpu cores	: 2
apicid		: 2
initial apicid	: 2
fpu		: yes
fpu_exception	: yes
cpuid level	: 22
wp		: yes
flags		: fpu vme de pse tsc msr pae mce cx8 apic sep mtrr pge mca cmov pat pse36 clflush mmx fxsr sse sse2 ss ht syscall nx pdpe1gb rdtscp lm constant_tsc arch_perfmon nopl xtopology tsc_reliable nonstop_tsc cpuid pni pclmulqdq ssse3 fma cx16 pcid sse4_1 sse4_2 x2apic movbe popcnt tsc_deadline_timer aes xsave avx f16c rdrand hypervisor lahf_lm abm 3dnowprefetch cpuid_fault invpcid_single pti ssbd ibrs ibpb stibp fsgsbase tsc_adjust bmi1 avx2 smep bmi2 invpcid mpx rdseed adx smap clflushopt xsaveopt xsavec xsaves arat md_clear flush_l1d arch_capabilities
bugs		: cpu_meltdown spectre_v1 spectre_v2 spec_store_bypass l1tf mds swapgs itlb_multihit
bogomips	: 5616.00
clflush size	: 64
cache_alignment	: 64
address sizes	: 43 bits physical, 48 bits virtual
power management:

processor	: 3
vendor_id	: GenuineIntel
cpu family	: 6
model		: 158
model name	: Intel(R) Core(TM) i7-7700HQ CPU @ 2.80GHz
stepping	: 9
microcode	: 0xb4
cpu MHz		: 2808.002
cache size	: 6144 KB
physical id	: 1
siblings	: 2
core id		: 1
cpu cores	: 2
apicid		: 3
initial apicid	: 3
fpu		: yes
fpu_exception	: yes
cpuid level	: 22
wp		: yes
flags		: fpu vme de pse tsc msr pae mce cx8 apic sep mtrr pge mca cmov pat pse36 clflush mmx fxsr sse sse2 ss ht syscall nx pdpe1gb rdtscp lm constant_tsc arch_perfmon nopl xtopology tsc_reliable nonstop_tsc cpuid pni pclmulqdq ssse3 fma cx16 pcid sse4_1 sse4_2 x2apic movbe popcnt tsc_deadline_timer aes xsave avx f16c rdrand hypervisor lahf_lm abm 3dnowprefetch cpuid_fault invpcid_single pti ssbd ibrs ibpb stibp fsgsbase tsc_adjust bmi1 avx2 smep bmi2 invpcid mpx rdseed adx smap clflushopt xsaveopt xsavec xsaves arat md_clear flush_l1d arch_capabilities
bugs		: cpu_meltdown spectre_v1 spectre_v2 spec_store_bypass l1tf mds swapgs itlb_multihit
bogomips	: 5616.00
clflush size	: 64
cache_alignment	: 64
address sizes	: 43 bits physical, 48 bits virtual
power management:



Memory: 4k page, physical 4015928k(776152k free), swap 998396k(25944k free)

vm_info: Java HotSpot(TM) 64-Bit Server VM (25.201-b09) for linux-amd64 JRE (1.8.0_201-b09), built on Dec 15 2018 11:35:59 by "java_re" with gcc 7.3.0

time: Sun Mar 29 03:37:24 2020
timezone: CST
elapsed time: 35 seconds (0d 0h 0m 35s)

