#
# There is insufficient memory for the Java Runtime Environment to continue.
# Native memory allocation (mmap) failed to map 57671680 bytes for committing reserved memory.
# Possible reasons:
#   The system is out of physical RAM or swap space
#   The process is running with CompressedOops enabled, and the Java Heap may be blocking the growth of the native heap
# Possible solutions:
#   Reduce memory load on the system
#   Increase physical memory or swap space
#   Check if swap backing store is full
#   Decrease Java heap size (-Xmx/-Xms)
#   Decrease number of Java threads
#   Decrease Java thread stack sizes (-Xss)
#   Set larger code cache with -XX:ReservedCodeCacheSize=
#   JVM is running with Unscaled Compressed Oops mode in which the Java heap is
#     placed in the first 4GB address space. The Java Heap base address is the
#     maximum limit for the native heap growth. Please use -XX:HeapBaseMinAddress
#     to set the Java Heap base and to place the Java Heap above 4GB virtual address.
# This output file may be truncated or incomplete.
#
#  Out of Memory Error (os_linux.cpp:2749), pid=63016, tid=0x00007fcc92df5700
#
# JRE version: Java(TM) SE Runtime Environment (8.0_201-b09) (build 1.8.0_201-b09)
# Java VM: Java HotSpot(TM) 64-Bit Server VM (25.201-b09 mixed mode linux-amd64 compressed oops)
# Failed to write core dump. Core dumps have been disabled. To enable core dumping, try "ulimit -c unlimited" before starting Java again
#

---------------  T H R E A D  ---------------

Current thread (0x00007fcca8140000):  VMThread [stack: 0x00007fcc92cf5000,0x00007fcc92df6000] [id=63058]

Stack: [0x00007fcc92cf5000,0x00007fcc92df6000],  sp=0x00007fcc92df4450,  free space=1021k
Native frames: (J=compiled Java code, j=interpreted, Vv=VM code, C=native code)
V  [libjvm.so+0xad3525]  VMError::report_and_die()+0x2e5
V  [libjvm.so+0x4e0457]  report_vm_out_of_memory(char const*, int, unsigned long, VMErrorType, char const*)+0x67
V  [libjvm.so+0x9102f0]  os::pd_commit_memory(char*, unsigned long, unsigned long, bool)+0x100
V  [libjvm.so+0x90791f]  os::commit_memory(char*, unsigned long, unsigned long, bool)+0x1f
V  [libjvm.so+0x98c806]  PSVirtualSpace::expand_by(unsigned long)+0x56
V  [libjvm.so+0x98da98]  PSYoungGen::resize(unsigned long, unsigned long)+0xd8
V  [libjvm.so+0x98a236]  PSScavenge::invoke_no_policy()+0x1376
V  [libjvm.so+0x98a5cc]  PSScavenge::invoke()+0x4c
V  [libjvm.so+0x93a318]  ParallelScavengeHeap::failed_mem_allocate(unsigned long)+0x68
V  [libjvm.so+0xad5073]  VM_ParallelGCFailedAllocation::doit()+0x93
V  [libjvm.so+0xada296]  VM_Operation::evaluate()+0x46
V  [libjvm.so+0xad85cd]  VMThread::evaluate_operation(VM_Operation*) [clone .constprop.44]+0xcd
V  [libjvm.so+0xad8bb3]  VMThread::loop()+0x3a3
V  [libjvm.so+0xad8f88]  VMThread::run()+0x78
V  [libjvm.so+0x90d922]  java_start(Thread*)+0x102

VM_Operation (0x00007fcc8e2516a0): ParallelGCFailedAllocation, mode: safepoint, requested by thread 0x00007fcc4c001000


---------------  P R O C E S S  ---------------

Java Threads: ( => current thread )
  0x00007fcc40001000 JavaThread "RMI TCP Connection(3)-127.0.0.1" daemon [_thread_blocked, id=63351, stack(0x00007fcc8de51000,0x00007fcc8df52000)]
  0x00007fcc18038000 JavaThread "RMI Scheduler(0)" daemon [_thread_blocked, id=63343, stack(0x00007fcc8df52000,0x00007fcc8e053000)]
  0x00007fcc18034800 JavaThread "RMI RenewClean-[127.0.0.1:14587]" daemon [_thread_blocked, id=63330, stack(0x00007fcc8e053000,0x00007fcc8e154000)]
  0x00007fcc4c001000 JavaThread "RMI TCP Connection(4)-127.0.0.1" daemon [_thread_blocked, id=63327, stack(0x00007fcc8e154000,0x00007fcc8e255000)]
  0x00007fcc3c005000 JavaThread "pool-3-thread-3" [_thread_in_native, id=63305, stack(0x00007fcc8e255000,0x00007fcc8e356000)]
  0x00007fcc3c003000 JavaThread "pool-3-thread-2" [_thread_in_native, id=63302, stack(0x00007fcc8e356000,0x00007fcc8e457000)]
  0x00007fcc3c002000 JavaThread "pool-3-thread-1" [_thread_in_native, id=63297, stack(0x00007fcc8e457000,0x00007fcc8e558000)]
  0x00007fcca8200000 JavaThread "Thread-3" [_thread_in_native, id=63174, stack(0x00007fcc8e558000,0x00007fcc8e659000)]
  0x00007fcca81fe800 JavaThread "Thread-2" [_thread_in_native, id=63172, stack(0x00007fcc907c9000,0x00007fcc908ca000)]
  0x00007fcca81fd000 JavaThread "process reaper" daemon [_thread_in_native, id=63171, stack(0x00007fccac016000,0x00007fccac04f000)]
  0x00007fcca846a800 JavaThread "pool-2-thread-1" [_thread_in_native, id=63147, stack(0x00007fcc908ca000,0x00007fcc909cb000)]
  0x00007fcca8468800 JavaThread "GC Daemon" daemon [_thread_blocked, id=63144, stack(0x00007fcc909cb000,0x00007fcc90acc000)]
  0x00007fcca8463800 JavaThread "RMI Reaper" [_thread_blocked, id=63143, stack(0x00007fcc90acc000,0x00007fcc90bcd000)]
  0x00007fcca845a800 JavaThread "RMI TCP Accept-16568" daemon [_thread_in_native, id=63139, stack(0x00007fcc90bcd000,0x00007fcc90cce000)]
  0x00007fcca8455800 JavaThread "RMI TCP Accept-6581" daemon [_thread_in_native, id=63128, stack(0x00007fcc90cce000,0x00007fcc90dcf000)]
  0x00007fcca82f1000 JavaThread "logback-3" daemon [_thread_blocked, id=63122, stack(0x00007fcc913e2000,0x00007fcc914e3000)]
  0x00007fcca82ed800 JavaThread "logback-2" daemon [_thread_blocked, id=63120, stack(0x00007fcc914e3000,0x00007fcc915e4000)]
  0x00007fcca82ec000 JavaThread "logback-1" daemon [_thread_blocked, id=63116, stack(0x00007fcc915e4000,0x00007fcc916e5000)]
  0x00007fcca8189000 JavaThread "Service Thread" daemon [_thread_blocked, id=63096, stack(0x00007fcc91c2f000,0x00007fcc91d30000)]
  0x00007fcca8186000 JavaThread "C1 CompilerThread2" daemon [_thread_blocked, id=63084, stack(0x00007fcc91d30000,0x00007fcc91e31000)]
  0x00007fcca8184800 JavaThread "C2 CompilerThread1" daemon [_thread_blocked, id=63079, stack(0x00007fcc91e31000,0x00007fcc91f32000)]
  0x00007fcca8181800 JavaThread "C2 CompilerThread0" daemon [_thread_blocked, id=63078, stack(0x00007fcc91f32000,0x00007fcc92033000)]
  0x00007fcca8180000 JavaThread "Signal Dispatcher" daemon [_thread_blocked, id=63077, stack(0x00007fcc92033000,0x00007fcc92134000)]
  0x00007fcca814c000 JavaThread "Finalizer" daemon [_thread_blocked, id=63066, stack(0x00007fcc92af3000,0x00007fcc92bf4000)]
  0x00007fcca8149800 JavaThread "Reference Handler" daemon [_thread_blocked, id=63064, stack(0x00007fcc92bf4000,0x00007fcc92cf5000)]
  0x00007fcca800a800 JavaThread "main" [_thread_in_native, id=63029, stack(0x00007fccaf150000,0x00007fccaf251000)]

Other Threads:
=>0x00007fcca8140000 VMThread [stack: 0x00007fcc92cf5000,0x00007fcc92df6000] [id=63058]
  0x00007fcca818b800 WatcherThread [stack: 0x00007fcc91b2e000,0x00007fcc91c2f000] [id=63106]

VM state:at safepoint (normal execution)

VM Mutex/Monitor currently owned by a thread:  ([mutex/lock_event])
[0x00007fcca8007010] Threads_lock - owner thread: 0x00007fcca8140000
[0x00007fcca8007510] Heap_lock - owner thread: 0x00007fcc4c001000

heap address: 0x00000000c2a00000, size: 982 MB, Compressed Oops mode: 32-bit
Narrow klass base: 0x0000000000000000, Narrow klass shift: 3
Compressed class space size: 1073741824 Address: 0x0000000100000000

Heap:
 PSYoungGen      total 66048K, used 6196K [0x00000000eb900000, 0x00000000f0400000, 0x0000000100000000)
  eden space 59392K, 0% used [0x00000000eb900000,0x00000000eb900000,0x00000000ef300000)
  from space 6656K, 93% used [0x00000000ef300000,0x00000000ef90d1e0,0x00000000ef980000)
  to   space 2560K, 0% used [0x00000000ef980000,0x00000000ef980000,0x00000000efc00000)
 ParOldGen       total 42496K, used 13936K [0x00000000c2a00000, 0x00000000c5380000, 0x00000000eb900000)
  object space 42496K, 32% used [0x00000000c2a00000,0x00000000c379c2d0,0x00000000c5380000)
 Metaspace       used 14663K, capacity 15100K, committed 15360K, reserved 1062912K
  class space    used 1645K, capacity 1760K, committed 1792K, reserved 1048576K

Card table byte_map: [0x00007fccac0c5000,0x00007fccac2b1000] byte_map_base: 0x00007fccabab0000

Marking Bits: (ParMarkBitMap*) 0x00007fccae627d80
 Begin Bits: [0x00007fcc8e844000, 0x00007fcc8f79c000)
 End Bits:   [0x00007fcc8f79c000, 0x00007fcc906f4000)

Polling page: 0x00007fccaf26c000

CodeCache: size=245760Kb used=7022Kb max_used=7035Kb free=238737Kb
 bounds [0x00007fcc99000000, 0x00007fcc996f0000, 0x00007fcca8000000]
 total_blobs=2299 nmethods=1948 adapters=264
 compilation: enabled

Compilation events (10 events):
Event: 46.525 Thread 0x00007fcca8186000 1974       2       org.evosuite.shaded.org.objectweb.asm.ClassVisitor::visitSource (17 bytes)
Event: 46.544 Thread 0x00007fcca8186000 nmethod 1974 0x00007fcc996bc8d0 code [0x00007fcc996bca40, 0x00007fcc996bcbc8]
Event: 46.551 Thread 0x00007fcca8186000 1976       2       java.util.jar.JarFile::getJarEntry (9 bytes)
Event: 46.551 Thread 0x00007fcca8186000 nmethod 1976 0x00007fcc996bc510 code [0x00007fcc996bc680, 0x00007fcc996bc828]
Event: 46.553 Thread 0x00007fcca8186000 1977   !   2       java.io.ObjectInputStream$ValidationList::doCallbacks (58 bytes)
Event: 46.553 Thread 0x00007fcca8186000 nmethod 1977 0x00007fcc996c7710 code [0x00007fcc996c78a0, 0x00007fcc996c7bd8]
Event: 46.555 Thread 0x00007fcca8186000 1978       3       org.evosuite.shaded.org.objectweb.asm.tree.MethodNode::accept (916 bytes)
Event: 46.557 Thread 0x00007fcca8186000 nmethod 1978 0x00007fcc996dddd0 code [0x00007fcc996de500, 0x00007fcc996e3428]
Event: 46.561 Thread 0x00007fcca8181800 nmethod 1967 0x00007fcc996c2150 code [0x00007fcc996c22c0, 0x00007fcc996c28f8]
Event: 46.561 Thread 0x00007fcca8181800 1970       4       org.evosuite.shaded.org.objectweb.asm.ClassReader::readUTF (194 bytes)

GC Heap History (10 events):
Event: 1.930 GC heap after
Heap after GC invocations=3 (full 0):
 PSYoungGen      total 18432K, used 2528K [0x00000000eb900000, 0x00000000edd00000, 0x0000000100000000)
  eden space 15872K, 0% used [0x00000000eb900000,0x00000000eb900000,0x00000000ec880000)
  from space 2560K, 98% used [0x00000000ec880000,0x00000000ecaf8010,0x00000000ecb00000)
  to   space 2560K, 0% used [0x00000000eda80000,0x00000000eda80000,0x00000000edd00000)
 ParOldGen       total 42496K, used 7600K [0x00000000c2a00000, 0x00000000c5380000, 0x00000000eb900000)
  object space 42496K, 17% used [0x00000000c2a00000,0x00000000c316c040,0x00000000c5380000)
 Metaspace       used 8238K, capacity 8358K, committed 8448K, reserved 1056768K
  class space    used 996K, capacity 1012K, committed 1024K, reserved 1048576K
}
Event: 2.233 GC heap before
{Heap before GC invocations=4 (full 0):
 PSYoungGen      total 18432K, used 16367K [0x00000000eb900000, 0x00000000edd00000, 0x0000000100000000)
  eden space 15872K, 87% used [0x00000000eb900000,0x00000000ec683e90,0x00000000ec880000)
  from space 2560K, 98% used [0x00000000ec880000,0x00000000ecaf8010,0x00000000ecb00000)
  to   space 2560K, 0% used [0x00000000eda80000,0x00000000eda80000,0x00000000edd00000)
 ParOldGen       total 42496K, used 7600K [0x00000000c2a00000, 0x00000000c5380000, 0x00000000eb900000)
  object space 42496K, 17% used [0x00000000c2a00000,0x00000000c316c040,0x00000000c5380000)
 Metaspace       used 10132K, capacity 10252K, committed 10624K, reserved 1058816K
  class space    used 1228K, capacity 1287K, committed 1408K, reserved 1048576K
Event: 2.241 GC heap after
Heap after GC invocations=4 (full 0):
 PSYoungGen      total 34304K, used 2528K [0x00000000eb900000, 0x00000000edd00000, 0x0000000100000000)
  eden space 31744K, 0% used [0x00000000eb900000,0x00000000eb900000,0x00000000ed800000)
  from space 2560K, 98% used [0x00000000eda80000,0x00000000edcf8010,0x00000000edd00000)
  to   space 2560K, 0% used [0x00000000ed800000,0x00000000ed800000,0x00000000eda80000)
 ParOldGen       total 42496K, used 9998K [0x00000000c2a00000, 0x00000000c5380000, 0x00000000eb900000)
  object space 42496K, 23% used [0x00000000c2a00000,0x00000000c33c3980,0x00000000c5380000)
 Metaspace       used 10132K, capacity 10252K, committed 10624K, reserved 1058816K
  class space    used 1228K, capacity 1287K, committed 1408K, reserved 1048576K
}
Event: 2.241 GC heap before
{Heap before GC invocations=5 (full 1):
 PSYoungGen      total 34304K, used 2528K [0x00000000eb900000, 0x00000000edd00000, 0x0000000100000000)
  eden space 31744K, 0% used [0x00000000eb900000,0x00000000eb900000,0x00000000ed800000)
  from space 2560K, 98% used [0x00000000eda80000,0x00000000edcf8010,0x00000000edd00000)
  to   space 2560K, 0% used [0x00000000ed800000,0x00000000ed800000,0x00000000eda80000)
 ParOldGen       total 42496K, used 9998K [0x00000000c2a00000, 0x00000000c5380000, 0x00000000eb900000)
  object space 42496K, 23% used [0x00000000c2a00000,0x00000000c33c3980,0x00000000c5380000)
 Metaspace       used 10132K, capacity 10252K, committed 10624K, reserved 1058816K
  class space    used 1228K, capacity 1287K, committed 1408K, reserved 1048576K
Event: 2.492 GC heap after
Heap after GC invocations=5 (full 1):
 PSYoungGen      total 34304K, used 0K [0x00000000eb900000, 0x00000000edd00000, 0x0000000100000000)
  eden space 31744K, 0% used [0x00000000eb900000,0x00000000eb900000,0x00000000ed800000)
  from space 2560K, 0% used [0x00000000eda80000,0x00000000eda80000,0x00000000edd00000)
  to   space 2560K, 0% used [0x00000000ed800000,0x00000000ed800000,0x00000000eda80000)
 ParOldGen       total 42496K, used 10854K [0x00000000c2a00000, 0x00000000c5380000, 0x00000000eb900000)
  object space 42496K, 25% used [0x00000000c2a00000,0x00000000c34999d0,0x00000000c5380000)
 Metaspace       used 10124K, capacity 10242K, committed 10624K, reserved 1058816K
  class space    used 1226K, capacity 1285K, committed 1408K, reserved 1048576K
}
Event: 42.054 GC heap before
{Heap before GC invocations=6 (full 1):
 PSYoungGen      total 34304K, used 31744K [0x00000000eb900000, 0x00000000edd00000, 0x0000000100000000)
  eden space 31744K, 100% used [0x00000000eb900000,0x00000000ed800000,0x00000000ed800000)
  from space 2560K, 0% used [0x00000000eda80000,0x00000000eda80000,0x00000000edd00000)
  to   space 2560K, 0% used [0x00000000ed800000,0x00000000ed800000,0x00000000eda80000)
 ParOldGen       total 42496K, used 10854K [0x00000000c2a00000, 0x00000000c5380000, 0x00000000eb900000)
  object space 42496K, 25% used [0x00000000c2a00000,0x00000000c34999d0,0x00000000c5380000)
 Metaspace       used 13532K, capacity 13868K, committed 14080K, reserved 1060864K
  class space    used 1569K, capacity 1667K, committed 1792K, reserved 1048576K
Event: 42.225 GC heap after
Heap after GC invocations=6 (full 1):
 PSYoungGen      total 34304K, used 2552K [0x00000000eb900000, 0x00000000efc00000, 0x0000000100000000)
  eden space 31744K, 0% used [0x00000000eb900000,0x00000000eb900000,0x00000000ed800000)
  from space 2560K, 99% used [0x00000000ed800000,0x00000000eda7e020,0x00000000eda80000)
  to   space 2560K, 0% used [0x00000000ef980000,0x00000000ef980000,0x00000000efc00000)
 ParOldGen       total 42496K, used 12655K [0x00000000c2a00000, 0x00000000c5380000, 0x00000000eb900000)
  object space 42496K, 29% used [0x00000000c2a00000,0x00000000c365bcd0,0x00000000c5380000)
 Metaspace       used 13532K, capacity 13868K, committed 14080K, reserved 1060864K
  class space    used 1569K, capacity 1667K, committed 1792K, reserved 1048576K
}
Event: 43.379 GC heap before
{Heap before GC invocations=7 (full 1):
 PSYoungGen      total 34304K, used 34296K [0x00000000eb900000, 0x00000000efc00000, 0x0000000100000000)
  eden space 31744K, 100% used [0x00000000eb900000,0x00000000ed800000,0x00000000ed800000)
  from space 2560K, 99% used [0x00000000ed800000,0x00000000eda7e020,0x00000000eda80000)
  to   space 2560K, 0% used [0x00000000ef980000,0x00000000ef980000,0x00000000efc00000)
 ParOldGen       total 42496K, used 12655K [0x00000000c2a00000, 0x00000000c5380000, 0x00000000eb900000)
  object space 42496K, 29% used [0x00000000c2a00000,0x00000000c365bcd0,0x00000000c5380000)
 Metaspace       used 13665K, capacity 14066K, committed 14336K, reserved 1062912K
  class space    used 1570K, capacity 1668K, committed 1792K, reserved 1048576K
Event: 43.654 GC heap after
Heap after GC invocations=7 (full 1):
 PSYoungGen      total 61952K, used 2528K [0x00000000eb900000, 0x00000000f0400000, 0x0000000100000000)
  eden space 59392K, 0% used [0x00000000eb900000,0x00000000eb900000,0x00000000ef300000)
  from space 2560K, 98% used [0x00000000ef980000,0x00000000efbf8020,0x00000000efc00000)
  to   space 6656K, 0% used [0x00000000ef300000,0x00000000ef300000,0x00000000ef980000)
 ParOldGen       total 42496K, used 13928K [0x00000000c2a00000, 0x00000000c5380000, 0x00000000eb900000)
  object space 42496K, 32% used [0x00000000c2a00000,0x00000000c379a2d0,0x00000000c5380000)
 Metaspace       used 13665K, capacity 14066K, committed 14336K, reserved 1062912K
  class space    used 1570K, capacity 1668K, committed 1792K, reserved 1048576K
}
Event: 46.591 GC heap before
{Heap before GC invocations=8 (full 1):
 PSYoungGen      total 61952K, used 61920K [0x00000000eb900000, 0x00000000f0400000, 0x0000000100000000)
  eden space 59392K, 100% used [0x00000000eb900000,0x00000000ef300000,0x00000000ef300000)
  from space 2560K, 98% used [0x00000000ef980000,0x00000000efbf8020,0x00000000efc00000)
  to   space 6656K, 0% used [0x00000000ef300000,0x00000000ef300000,0x00000000ef980000)
 ParOldGen       total 42496K, used 13928K [0x00000000c2a00000, 0x00000000c5380000, 0x00000000eb900000)
  object space 42496K, 32% used [0x00000000c2a00000,0x00000000c379a2d0,0x00000000c5380000)
 Metaspace       used 14663K, capacity 15100K, committed 15360K, reserved 1062912K
  class space    used 1645K, capacity 1760K, committed 1792K, reserved 1048576K

Deoptimization events (10 events):
Event: 41.627 Thread 0x00007fcc40001000 Uncommon trap: reason=unstable_if action=reinterpret pc=0x00007fcc99485de4 method=java.lang.Integer.getChars(II[C)V @ 7
Event: 41.811 Thread 0x00007fcc40001000 Uncommon trap: reason=bimorphic action=maybe_recompile pc=0x00007fcc99466834 method=java.util.HashMap.putVal(ILjava/lang/Object;Ljava/lang/Object;ZZ)Ljava/lang/Object; @ 203
Event: 41.812 Thread 0x00007fcc40001000 Uncommon trap: reason=bimorphic action=maybe_recompile pc=0x00007fcc99466834 method=java.util.HashMap.putVal(ILjava/lang/Object;Ljava/lang/Object;ZZ)Ljava/lang/Object; @ 203
Event: 41.820 Thread 0x00007fcc40001000 Uncommon trap: reason=unstable_if action=reinterpret pc=0x00007fcc994a7d50 method=java.lang.AbstractStringBuilder.append(I)Ljava/lang/AbstractStringBuilder; @ 16
Event: 41.901 Thread 0x00007fcc40001000 Uncommon trap: reason=bimorphic action=maybe_recompile pc=0x00007fcc994d5128 method=java.util.HashMap.putVal(ILjava/lang/Object;Ljava/lang/Object;ZZ)Ljava/lang/Object; @ 203
Event: 41.901 Thread 0x00007fcc40001000 Uncommon trap: reason=bimorphic action=maybe_recompile pc=0x00007fcc994c4d08 method=java.util.HashMap.putVal(ILjava/lang/Object;Ljava/lang/Object;ZZ)Ljava/lang/Object; @ 203
Event: 42.016 Thread 0x00007fcc40001000 Uncommon trap: reason=unstable_if action=reinterpret pc=0x00007fcc991d90b8 method=java.lang.AbstractStringBuilder.append(Ljava/lang/String;)Ljava/lang/AbstractStringBuilder; @ 1
Event: 43.126 Thread 0x00007fcc40001000 Uncommon trap: reason=unstable_if action=reinterpret pc=0x00007fcc994da0e0 method=java.util.HashMap.putVal(ILjava/lang/Object;Ljava/lang/Object;ZZ)Ljava/lang/Object; @ 206
Event: 44.910 Thread 0x00007fcc40001000 Uncommon trap: reason=predicate action=maybe_recompile pc=0x00007fcc99531d64 method=java.util.ArrayList.indexOf(Ljava/lang/Object;)I @ 44
Event: 45.462 Thread 0x00007fcc40001000 Uncommon trap: reason=unstable_if action=reinterpret pc=0x00007fcc9940d048 method=java.io.ObjectStreamClass.hasReadResolveMethod()Z @ 8

Classes redefined (0 events):
No events

Internal exceptions (10 events):
Event: 21.142 Thread 0x00007fcca82ec000 Exception <a 'java/net/ConnectException'> (0x00000000ebca59a8) thrown at [/HUDSON/workspace/8-2-build-linux-amd64/jdk8u201/12317/hotspot/src/share/vm/prims/jni.cpp, line 709]
Event: 31.147 Thread 0x00007fcca82f1000 Exception <a 'java/net/ConnectException'> (0x00000000ebd451e0) thrown at [/HUDSON/workspace/8-2-build-linux-amd64/jdk8u201/12317/hotspot/src/share/vm/prims/jni.cpp, line 709]
Event: 31.147 Thread 0x00007fcca82ec000 Exception <a 'java/net/ConnectException'> (0x00000000ebca64d0) thrown at [/HUDSON/workspace/8-2-build-linux-amd64/jdk8u201/12317/hotspot/src/share/vm/prims/jni.cpp, line 709]
Event: 31.149 Thread 0x00007fcca82ed800 Exception <a 'java/net/ConnectException'> (0x00000000ebcf5b58) thrown at [/HUDSON/workspace/8-2-build-linux-amd64/jdk8u201/12317/hotspot/src/share/vm/prims/jni.cpp, line 709]
Event: 40.146 Thread 0x00007fcc40001000 Exception <a 'java/lang/NoSuchMethodError': <clinit>> (0x00000000ec3a3070) thrown at [/HUDSON/workspace/8-2-build-linux-amd64/jdk8u201/12317/hotspot/src/share/vm/prims/jni.cpp, line 1613]
Event: 41.148 Thread 0x00007fcca82f1000 Exception <a 'java/net/ConnectException'> (0x00000000ebd45d08) thrown at [/HUDSON/workspace/8-2-build-linux-amd64/jdk8u201/12317/hotspot/src/share/vm/prims/jni.cpp, line 709]
Event: 41.149 Thread 0x00007fcca82ec000 Exception <a 'java/net/ConnectException'> (0x00000000ebca6ff8) thrown at [/HUDSON/workspace/8-2-build-linux-amd64/jdk8u201/12317/hotspot/src/share/vm/prims/jni.cpp, line 709]
Event: 41.151 Thread 0x00007fcca82ed800 Exception <a 'java/net/ConnectException'> (0x00000000ebcf6680) thrown at [/HUDSON/workspace/8-2-build-linux-amd64/jdk8u201/12317/hotspot/src/share/vm/prims/jni.cpp, line 709]
Event: 41.455 Thread 0x00007fcc4c001000 Implicit null exception at 0x00007fcc993d7e5b to 0x00007fcc993dab1d
Event: 42.016 Thread 0x00007fcc40001000 Implicit null exception at 0x00007fcc991d8cf6 to 0x00007fcc991d90a1

Events (10 events):
Event: 45.873 loading class java/util/MissingResourceException done
Event: 45.873 loading class java/text/MessageFormat
Event: 45.874 loading class java/text/MessageFormat done
Event: 46.029 Thread 0x00007fcc40001000 DEOPT PACKING pc=0x00007fcc99614796 sp=0x00007fcc8df48690
Event: 46.029 Thread 0x00007fcc40001000 DEOPT UNPACKING pc=0x00007fcc99047784 sp=0x00007fcc8df48490 mode 0
Event: 46.128 loading class org/evosuite/utils/ListenableList$1
Event: 46.128 loading class org/evosuite/utils/ListenableList$1 done
Event: 46.557 Thread 0x00007fcc40001000 DEOPT PACKING pc=0x00007fcc99614796 sp=0x00007fcc8df47760
Event: 46.557 Thread 0x00007fcc40001000 DEOPT UNPACKING pc=0x00007fcc99047784 sp=0x00007fcc8df47560 mode 0
Event: 46.564 Executing VM operation: ParallelGCFailedAllocation


Dynamic libraries:
00400000-00401000 r-xp 00000000 08:01 654793                             /usr/lib/jdk/jdk1.8.0_201/bin/java
00600000-00601000 r--p 00000000 08:01 654793                             /usr/lib/jdk/jdk1.8.0_201/bin/java
00601000-00602000 rw-p 00001000 08:01 654793                             /usr/lib/jdk/jdk1.8.0_201/bin/java
01f59000-021ab000 rw-p 00000000 00:00 0                                  [heap]
c2a00000-c5380000 rw-p 00000000 00:00 0 
c5380000-eb900000 ---p 00000000 00:00 0 
eb900000-f0400000 rw-p 00000000 00:00 0 
f3b00000-100000000 ---p 00000000 00:00 0 
100000000-1001c0000 rw-p 00000000 00:00 0 
1001c0000-140000000 ---p 00000000 00:00 0 
7fcc10000000-7fcc10021000 rw-p 00000000 00:00 0 
7fcc10021000-7fcc14000000 ---p 00000000 00:00 0 
7fcc18000000-7fcc1803c000 rw-p 00000000 00:00 0 
7fcc1803c000-7fcc1c000000 ---p 00000000 00:00 0 
7fcc1c000000-7fcc1c021000 rw-p 00000000 00:00 0 
7fcc1c021000-7fcc20000000 ---p 00000000 00:00 0 
7fcc20000000-7fcc20021000 rw-p 00000000 00:00 0 
7fcc20021000-7fcc24000000 ---p 00000000 00:00 0 
7fcc24000000-7fcc24021000 rw-p 00000000 00:00 0 
7fcc24021000-7fcc28000000 ---p 00000000 00:00 0 
7fcc28000000-7fcc28021000 rw-p 00000000 00:00 0 
7fcc28021000-7fcc2c000000 ---p 00000000 00:00 0 
7fcc2c000000-7fcc2c021000 rw-p 00000000 00:00 0 
7fcc2c021000-7fcc30000000 ---p 00000000 00:00 0 
7fcc30000000-7fcc30021000 rw-p 00000000 00:00 0 
7fcc30021000-7fcc34000000 ---p 00000000 00:00 0 
7fcc34000000-7fcc34021000 rw-p 00000000 00:00 0 
7fcc34021000-7fcc38000000 ---p 00000000 00:00 0 
7fcc38000000-7fcc38021000 rw-p 00000000 00:00 0 
7fcc38021000-7fcc3c000000 ---p 00000000 00:00 0 
7fcc3c000000-7fcc3c021000 rw-p 00000000 00:00 0 
7fcc3c021000-7fcc40000000 ---p 00000000 00:00 0 
7fcc40000000-7fcc40021000 rw-p 00000000 00:00 0 
7fcc40021000-7fcc44000000 ---p 00000000 00:00 0 
7fcc44000000-7fcc44021000 rw-p 00000000 00:00 0 
7fcc44021000-7fcc48000000 ---p 00000000 00:00 0 
7fcc48000000-7fcc48021000 rw-p 00000000 00:00 0 
7fcc48021000-7fcc4c000000 ---p 00000000 00:00 0 
7fcc4c000000-7fcc4c021000 rw-p 00000000 00:00 0 
7fcc4c021000-7fcc50000000 ---p 00000000 00:00 0 
7fcc50000000-7fcc50021000 rw-p 00000000 00:00 0 
7fcc50021000-7fcc54000000 ---p 00000000 00:00 0 
7fcc54000000-7fcc54021000 rw-p 00000000 00:00 0 
7fcc54021000-7fcc58000000 ---p 00000000 00:00 0 
7fcc58000000-7fcc58021000 rw-p 00000000 00:00 0 
7fcc58021000-7fcc5c000000 ---p 00000000 00:00 0 
7fcc5c000000-7fcc5c021000 rw-p 00000000 00:00 0 
7fcc5c021000-7fcc60000000 ---p 00000000 00:00 0 
7fcc60000000-7fcc60bfc000 rw-p 00000000 00:00 0 
7fcc60bfc000-7fcc64000000 ---p 00000000 00:00 0 
7fcc64000000-7fcc64ead000 rw-p 00000000 00:00 0 
7fcc64ead000-7fcc68000000 ---p 00000000 00:00 0 
7fcc68000000-7fcc68021000 rw-p 00000000 00:00 0 
7fcc68021000-7fcc6c000000 ---p 00000000 00:00 0 
7fcc6c000000-7fcc6cbb6000 rw-p 00000000 00:00 0 
7fcc6cbb6000-7fcc70000000 ---p 00000000 00:00 0 
7fcc70000000-7fcc70021000 rw-p 00000000 00:00 0 
7fcc70021000-7fcc74000000 ---p 00000000 00:00 0 
7fcc74000000-7fcc74021000 rw-p 00000000 00:00 0 
7fcc74021000-7fcc78000000 ---p 00000000 00:00 0 
7fcc78000000-7fcc78021000 rw-p 00000000 00:00 0 
7fcc78021000-7fcc7c000000 ---p 00000000 00:00 0 
7fcc7c000000-7fcc7c2a3000 rw-p 00000000 00:00 0 
7fcc7c2a3000-7fcc80000000 ---p 00000000 00:00 0 
7fcc80000000-7fcc80021000 rw-p 00000000 00:00 0 
7fcc80021000-7fcc84000000 ---p 00000000 00:00 0 
7fcc84fff000-7fcc88000000 rw-p 00000000 00:00 0 
7fcc88000000-7fcc88021000 rw-p 00000000 00:00 0 
7fcc88021000-7fcc8c000000 ---p 00000000 00:00 0 
7fcc8da51000-7fcc8db91000 rw-p 00000000 00:00 0 
7fcc8db91000-7fcc8dc51000 ---p 00000000 00:00 0 
7fcc8dc51000-7fcc8de51000 rw-p 00000000 00:00 0 
7fcc8de51000-7fcc8de54000 ---p 00000000 00:00 0 
7fcc8de54000-7fcc8df52000 rw-p 00000000 00:00 0 
7fcc8df52000-7fcc8df55000 ---p 00000000 00:00 0 
7fcc8df55000-7fcc8e053000 rw-p 00000000 00:00 0 
7fcc8e053000-7fcc8e056000 ---p 00000000 00:00 0 
7fcc8e056000-7fcc8e154000 rw-p 00000000 00:00 0 
7fcc8e154000-7fcc8e157000 ---p 00000000 00:00 0 
7fcc8e157000-7fcc8e255000 rw-p 00000000 00:00 0 
7fcc8e255000-7fcc8e258000 ---p 00000000 00:00 0 
7fcc8e258000-7fcc8e356000 rw-p 00000000 00:00 0 
7fcc8e356000-7fcc8e359000 ---p 00000000 00:00 0 
7fcc8e359000-7fcc8e457000 rw-p 00000000 00:00 0 
7fcc8e457000-7fcc8e45a000 ---p 00000000 00:00 0 
7fcc8e45a000-7fcc8e558000 rw-p 00000000 00:00 0 
7fcc8e558000-7fcc8e55b000 ---p 00000000 00:00 0 
7fcc8e55b000-7fcc906f4000 rw-p 00000000 00:00 0 
7fcc907c9000-7fcc907cc000 ---p 00000000 00:00 0 
7fcc907cc000-7fcc908ca000 rw-p 00000000 00:00 0 
7fcc908ca000-7fcc908cd000 ---p 00000000 00:00 0 
7fcc908cd000-7fcc909cb000 rw-p 00000000 00:00 0 
7fcc909cb000-7fcc909ce000 ---p 00000000 00:00 0 
7fcc909ce000-7fcc90acc000 rw-p 00000000 00:00 0 
7fcc90acc000-7fcc90acf000 ---p 00000000 00:00 0 
7fcc90acf000-7fcc90bcd000 rw-p 00000000 00:00 0 
7fcc90bcd000-7fcc90bd0000 ---p 00000000 00:00 0 
7fcc90bd0000-7fcc90cce000 rw-p 00000000 00:00 0 
7fcc90cce000-7fcc90cd1000 ---p 00000000 00:00 0 
7fcc90cd1000-7fcc90fcf000 rw-p 00000000 00:00 0 
7fcc90fcf000-7fcc91369000 r--s 03513000 08:01 446080                     /home/hewitt/work/DiffTGen-master/output/patch1-Time-19-SOFix/Time_19_1_sofix/target/build/classes/all0.jar
7fcc91369000-7fcc913e2000 r--s 010fd000 08:01 654900                     /usr/lib/jdk/jdk1.8.0_201/lib/tools.jar
7fcc913e2000-7fcc913e5000 ---p 00000000 00:00 0 
7fcc913e5000-7fcc914e3000 rw-p 00000000 00:00 0 
7fcc914e3000-7fcc914e6000 ---p 00000000 00:00 0 
7fcc914e6000-7fcc915e4000 rw-p 00000000 00:00 0 
7fcc915e4000-7fcc915e7000 ---p 00000000 00:00 0 
7fcc915e7000-7fcc916e5000 rw-p 00000000 00:00 0 
7fcc916e5000-7fcc916fb000 r-xp 00000000 08:01 656512                     /usr/lib/jdk/jdk1.8.0_201/jre/lib/amd64/libnet.so
7fcc916fb000-7fcc918fb000 ---p 00016000 08:01 656512                     /usr/lib/jdk/jdk1.8.0_201/jre/lib/amd64/libnet.so
7fcc918fb000-7fcc918fc000 r--p 00016000 08:01 656512                     /usr/lib/jdk/jdk1.8.0_201/jre/lib/amd64/libnet.so
7fcc918fc000-7fcc918fd000 rw-p 00017000 08:01 656512                     /usr/lib/jdk/jdk1.8.0_201/jre/lib/amd64/libnet.so
7fcc918fd000-7fcc91b2e000 r--s 01bb1000 08:01 403225                     /home/hewitt/work/DiffTGen-master/lib/evosuite-1.0.6.jar
7fcc91b2e000-7fcc91b2f000 ---p 00000000 00:00 0 
7fcc91b2f000-7fcc91c2f000 rw-p 00000000 00:00 0 
7fcc91c2f000-7fcc91c32000 ---p 00000000 00:00 0 
7fcc91c32000-7fcc91d30000 rw-p 00000000 00:00 0 
7fcc91d30000-7fcc91d33000 ---p 00000000 00:00 0 
7fcc91d33000-7fcc91e31000 rw-p 00000000 00:00 0 
7fcc91e31000-7fcc91e34000 ---p 00000000 00:00 0 
7fcc91e34000-7fcc91f32000 rw-p 00000000 00:00 0 
7fcc91f32000-7fcc91f35000 ---p 00000000 00:00 0 
7fcc91f35000-7fcc92033000 rw-p 00000000 00:00 0 
7fcc92033000-7fcc92036000 ---p 00000000 00:00 0 
7fcc92036000-7fcc92134000 rw-p 00000000 00:00 0 
7fcc92134000-7fcc92af3000 r--p 00000000 08:01 270368                     /usr/lib/locale/locale-archive
7fcc92af3000-7fcc92af6000 ---p 00000000 00:00 0 
7fcc92af6000-7fcc92bf4000 rw-p 00000000 00:00 0 
7fcc92bf4000-7fcc92bf7000 ---p 00000000 00:00 0 
7fcc92bf7000-7fcc92cf5000 rw-p 00000000 00:00 0 
7fcc92cf5000-7fcc92cf6000 ---p 00000000 00:00 0 
7fcc92cf6000-7fcc94000000 rw-p 00000000 00:00 0 
7fcc94000000-7fcc94021000 rw-p 00000000 00:00 0 
7fcc94021000-7fcc98000000 ---p 00000000 00:00 0 
7fcc98002000-7fcc98015000 r--s 00345000 08:01 656331                     /usr/lib/jdk/jdk1.8.0_201/jre/lib/resources.jar
7fcc98015000-7fcc9851a000 rw-p 00000000 00:00 0 
7fcc9851a000-7fcc986f4000 r--s 03d6f000 08:01 656293                     /usr/lib/jdk/jdk1.8.0_201/jre/lib/rt.jar
7fcc986f4000-7fcc986f5000 ---p 00000000 00:00 0 
7fcc986f5000-7fcc987f5000 rw-p 00000000 00:00 0 
7fcc987f5000-7fcc987f6000 ---p 00000000 00:00 0 
7fcc987f6000-7fcc988f6000 rw-p 00000000 00:00 0 
7fcc988f6000-7fcc988f7000 ---p 00000000 00:00 0 
7fcc988f7000-7fcc989f7000 rw-p 00000000 00:00 0 
7fcc989f7000-7fcc989f8000 ---p 00000000 00:00 0 
7fcc989f8000-7fcc98b0d000 rw-p 00000000 00:00 0 
7fcc98b0d000-7fcc98c40000 ---p 00000000 00:00 0 
7fcc98c40000-7fcc98c5c000 rw-p 00000000 00:00 0 
7fcc98c5c000-7fcc99000000 ---p 00000000 00:00 0 
7fcc99000000-7fcc996f0000 rwxp 00000000 00:00 0 
7fcc996f0000-7fcca8000000 ---p 00000000 00:00 0 
7fcca8000000-7fcca84cf000 rw-p 00000000 00:00 0 
7fcca84cf000-7fccac000000 ---p 00000000 00:00 0 
7fccac00c000-7fccac016000 r--s 00116000 08:01 656361                     /usr/lib/jdk/jdk1.8.0_201/jre/lib/ext/localedata.jar
7fccac016000-7fccac019000 ---p 00000000 00:00 0 
7fccac019000-7fccac0da000 rw-p 00000000 00:00 0 
7fccac0da000-7fccac20c000 ---p 00000000 00:00 0 
7fccac20c000-7fccac232000 rw-p 00000000 00:00 0 
7fccac232000-7fccac2b0000 ---p 00000000 00:00 0 
7fccac2b0000-7fccac2b1000 rw-p 00000000 00:00 0 
7fccac2b1000-7fccac2cc000 r-xp 00000000 08:01 656508                     /usr/lib/jdk/jdk1.8.0_201/jre/lib/amd64/libzip.so
7fccac2cc000-7fccac4cb000 ---p 0001b000 08:01 656508                     /usr/lib/jdk/jdk1.8.0_201/jre/lib/amd64/libzip.so
7fccac4cb000-7fccac4cc000 r--p 0001a000 08:01 656508                     /usr/lib/jdk/jdk1.8.0_201/jre/lib/amd64/libzip.so
7fccac4cc000-7fccac4cd000 rw-p 0001b000 08:01 656508                     /usr/lib/jdk/jdk1.8.0_201/jre/lib/amd64/libzip.so
7fccac4cd000-7fccac4d8000 r-xp 00000000 08:01 658902                     /lib/x86_64-linux-gnu/libnss_files-2.23.so
7fccac4d8000-7fccac6d7000 ---p 0000b000 08:01 658902                     /lib/x86_64-linux-gnu/libnss_files-2.23.so
7fccac6d7000-7fccac6d8000 r--p 0000a000 08:01 658902                     /lib/x86_64-linux-gnu/libnss_files-2.23.so
7fccac6d8000-7fccac6d9000 rw-p 0000b000 08:01 658902                     /lib/x86_64-linux-gnu/libnss_files-2.23.so
7fccac6d9000-7fccac6df000 rw-p 00000000 00:00 0 
7fccac6df000-7fccac6ea000 r-xp 00000000 08:01 658912                     /lib/x86_64-linux-gnu/libnss_nis-2.23.so
7fccac6ea000-7fccac8e9000 ---p 0000b000 08:01 658912                     /lib/x86_64-linux-gnu/libnss_nis-2.23.so
7fccac8e9000-7fccac8ea000 r--p 0000a000 08:01 658912                     /lib/x86_64-linux-gnu/libnss_nis-2.23.so
7fccac8ea000-7fccac8eb000 rw-p 0000b000 08:01 658912                     /lib/x86_64-linux-gnu/libnss_nis-2.23.so
7fccac8eb000-7fccac901000 r-xp 00000000 08:01 658896                     /lib/x86_64-linux-gnu/libnsl-2.23.so
7fccac901000-7fccacb00000 ---p 00016000 08:01 658896                     /lib/x86_64-linux-gnu/libnsl-2.23.so
7fccacb00000-7fccacb01000 r--p 00015000 08:01 658896                     /lib/x86_64-linux-gnu/libnsl-2.23.so
7fccacb01000-7fccacb02000 rw-p 00016000 08:01 658896                     /lib/x86_64-linux-gnu/libnsl-2.23.so
7fccacb02000-7fccacb04000 rw-p 00000000 00:00 0 
7fccacb04000-7fccacb0c000 r-xp 00000000 08:01 658898                     /lib/x86_64-linux-gnu/libnss_compat-2.23.so
7fccacb0c000-7fccacd0b000 ---p 00008000 08:01 658898                     /lib/x86_64-linux-gnu/libnss_compat-2.23.so
7fccacd0b000-7fccacd0c000 r--p 00007000 08:01 658898                     /lib/x86_64-linux-gnu/libnss_compat-2.23.so
7fccacd0c000-7fccacd0d000 rw-p 00008000 08:01 658898                     /lib/x86_64-linux-gnu/libnss_compat-2.23.so
7fccacd0d000-7fccacd39000 r-xp 00000000 08:01 656502                     /usr/lib/jdk/jdk1.8.0_201/jre/lib/amd64/libjava.so
7fccacd39000-7fccacf39000 ---p 0002c000 08:01 656502                     /usr/lib/jdk/jdk1.8.0_201/jre/lib/amd64/libjava.so
7fccacf39000-7fccacf3a000 r--p 0002c000 08:01 656502                     /usr/lib/jdk/jdk1.8.0_201/jre/lib/amd64/libjava.so
7fccacf3a000-7fccacf3c000 rw-p 0002d000 08:01 656502                     /usr/lib/jdk/jdk1.8.0_201/jre/lib/amd64/libjava.so
7fccacf3c000-7fccacf49000 r-xp 00000000 08:01 656507                     /usr/lib/jdk/jdk1.8.0_201/jre/lib/amd64/libverify.so
7fccacf49000-7fccad148000 ---p 0000d000 08:01 656507                     /usr/lib/jdk/jdk1.8.0_201/jre/lib/amd64/libverify.so
7fccad148000-7fccad14a000 r--p 0000c000 08:01 656507                     /usr/lib/jdk/jdk1.8.0_201/jre/lib/amd64/libverify.so
7fccad14a000-7fccad14b000 rw-p 0000e000 08:01 656507                     /usr/lib/jdk/jdk1.8.0_201/jre/lib/amd64/libverify.so
7fccad14b000-7fccad152000 r-xp 00000000 08:01 658957                     /lib/x86_64-linux-gnu/librt-2.23.so
7fccad152000-7fccad351000 ---p 00007000 08:01 658957                     /lib/x86_64-linux-gnu/librt-2.23.so
7fccad351000-7fccad352000 r--p 00006000 08:01 658957                     /lib/x86_64-linux-gnu/librt-2.23.so
7fccad352000-7fccad353000 rw-p 00007000 08:01 658957                     /lib/x86_64-linux-gnu/librt-2.23.so
7fccad353000-7fccad45b000 r-xp 00000000 08:01 658873                     /lib/x86_64-linux-gnu/libm-2.23.so
7fccad45b000-7fccad65a000 ---p 00108000 08:01 658873                     /lib/x86_64-linux-gnu/libm-2.23.so
7fccad65a000-7fccad65b000 r--p 00107000 08:01 658873                     /lib/x86_64-linux-gnu/libm-2.23.so
7fccad65b000-7fccad65c000 rw-p 00108000 08:01 658873                     /lib/x86_64-linux-gnu/libm-2.23.so
7fccad65c000-7fccae344000 r-xp 00000000 08:01 656484                     /usr/lib/jdk/jdk1.8.0_201/jre/lib/amd64/server/libjvm.so
7fccae344000-7fccae543000 ---p 00ce8000 08:01 656484                     /usr/lib/jdk/jdk1.8.0_201/jre/lib/amd64/server/libjvm.so
7fccae543000-7fccae5d9000 r--p 00ce7000 08:01 656484                     /usr/lib/jdk/jdk1.8.0_201/jre/lib/amd64/server/libjvm.so
7fccae5d9000-7fccae60a000 rw-p 00d7d000 08:01 656484                     /usr/lib/jdk/jdk1.8.0_201/jre/lib/amd64/server/libjvm.so
7fccae60a000-7fccae645000 rw-p 00000000 00:00 0 
7fccae645000-7fccae805000 r-xp 00000000 08:01 658803                     /lib/x86_64-linux-gnu/libc-2.23.so
7fccae805000-7fccaea05000 ---p 001c0000 08:01 658803                     /lib/x86_64-linux-gnu/libc-2.23.so
7fccaea05000-7fccaea09000 r--p 001c0000 08:01 658803                     /lib/x86_64-linux-gnu/libc-2.23.so
7fccaea09000-7fccaea0b000 rw-p 001c4000 08:01 658803                     /lib/x86_64-linux-gnu/libc-2.23.so
7fccaea0b000-7fccaea0f000 rw-p 00000000 00:00 0 
7fccaea0f000-7fccaea12000 r-xp 00000000 08:01 658827                     /lib/x86_64-linux-gnu/libdl-2.23.so
7fccaea12000-7fccaec11000 ---p 00003000 08:01 658827                     /lib/x86_64-linux-gnu/libdl-2.23.so
7fccaec11000-7fccaec12000 r--p 00002000 08:01 658827                     /lib/x86_64-linux-gnu/libdl-2.23.so
7fccaec12000-7fccaec13000 rw-p 00003000 08:01 658827                     /lib/x86_64-linux-gnu/libdl-2.23.so
7fccaec13000-7fccaec2a000 r-xp 00000000 08:01 656155                     /usr/lib/jdk/jdk1.8.0_201/lib/amd64/jli/libjli.so
7fccaec2a000-7fccaee29000 ---p 00017000 08:01 656155                     /usr/lib/jdk/jdk1.8.0_201/lib/amd64/jli/libjli.so
7fccaee29000-7fccaee2a000 r--p 00016000 08:01 656155                     /usr/lib/jdk/jdk1.8.0_201/lib/amd64/jli/libjli.so
7fccaee2a000-7fccaee2b000 rw-p 00017000 08:01 656155                     /usr/lib/jdk/jdk1.8.0_201/lib/amd64/jli/libjli.so
7fccaee2b000-7fccaee43000 r-xp 00000000 08:01 658949                     /lib/x86_64-linux-gnu/libpthread-2.23.so
7fccaee43000-7fccaf042000 ---p 00018000 08:01 658949                     /lib/x86_64-linux-gnu/libpthread-2.23.so
7fccaf042000-7fccaf043000 r--p 00017000 08:01 658949                     /lib/x86_64-linux-gnu/libpthread-2.23.so
7fccaf043000-7fccaf044000 rw-p 00018000 08:01 658949                     /lib/x86_64-linux-gnu/libpthread-2.23.so
7fccaf044000-7fccaf048000 rw-p 00000000 00:00 0 
7fccaf048000-7fccaf06e000 r-xp 00000000 08:01 658775                     /lib/x86_64-linux-gnu/ld-2.23.so
7fccaf076000-7fccaf092000 r--s 00393000 08:01 656354                     /usr/lib/jdk/jdk1.8.0_201/jre/lib/ext/cldrdata.jar
7fccaf092000-7fccaf150000 rw-p 00000000 00:00 0 
7fccaf150000-7fccaf153000 ---p 00000000 00:00 0 
7fccaf153000-7fccaf256000 rw-p 00000000 00:00 0 
7fccaf256000-7fccaf25a000 r--s 000a1000 08:01 656350                     /usr/lib/jdk/jdk1.8.0_201/jre/lib/jsse.jar
7fccaf25a000-7fccaf262000 r--s 0006e000 08:01 398946                     /home/hewitt/work/DiffTGen-master/lib/commons-lang3-3.5.jar
7fccaf262000-7fccaf263000 r--s 00000000 08:01 398951                     /home/hewitt/work/DiffTGen-master/lib/myprinter.jar
7fccaf263000-7fccaf26b000 rw-s 00000000 08:01 150414                     /tmp/hsperfdata_hewitt/63016
7fccaf26b000-7fccaf26c000 rw-p 00000000 00:00 0 
7fccaf26c000-7fccaf26d000 ---p 00000000 00:00 0 
7fccaf26d000-7fccaf26e000 r--p 00025000 08:01 658775                     /lib/x86_64-linux-gnu/ld-2.23.so
7fccaf26e000-7fccaf26f000 rw-p 00026000 08:01 658775                     /lib/x86_64-linux-gnu/ld-2.23.so
7fccaf26f000-7fccaf270000 rw-p 00000000 00:00 0 
7ffeefcd4000-7ffeefcf6000 rw-p 00000000 00:00 0                          [stack]
7ffeefd5d000-7ffeefd60000 r--p 00000000 00:00 0                          [vvar]
7ffeefd60000-7ffeefd62000 r-xp 00000000 00:00 0                          [vdso]
ffffffffff600000-ffffffffff601000 r-xp 00000000 00:00 0                  [vsyscall]

VM Arguments:
java_command: /home/hewitt/work/DiffTGen-master/lib/evosuite-1.0.6.jar -base_dir /home/hewitt/work/DiffTGen-master/output/patch1-Time-19-SOFix/Time_19_1_sofix/target/0/29 -projectCP /home/hewitt/work/DiffTGen-master/output/patch1-Time-19-SOFix/Time_19_1_sofix/target/build/classes/all0.jar:/home/hewitt/work/DiffTGen-master/lib/myprinter.jar:/home/hewitt/work/DiffTGen-master/lib/commons-lang3-3.5.jar -class org.joda.time.DateTimeZone -Dassertions=false -Dsearch_budget=60
java_class_path (initial): /home/hewitt/work/DiffTGen-master/lib/evosuite-1.0.6.jar
Launcher Type: SUN_STANDARD

Environment Variables:
JAVA_HOME=/usr/lib/jdk/jdk1.8.0_201
JRE_HOME=/usr/lib/jdk/jdk1.8.0_201/jre
CLASSPATH=.:/usr/lib/jdk/jdk1.8.0_201/lib:/usr/lib/jdk/jdk1.8.0_201/jre/lib
PATH=/usr/lib/jdk/jdk1.8.0_201/bin:/home/hewitt/bin:/home/hewitt/.local/bin:/usr/lib/jdk/jdk1.7.0_80/bin:/usr/local/sbin:/usr/local/bin:/usr/sbin:/usr/bin:/sbin:/bin:/usr/games:/usr/local/games:/snap/bin:/home/hewitt/work/defects4j_v1.4.0/defects4j/framework/bin:/opt/apache-ant-1.9.14/bin:/home/hewitt/work/defects4j_v1.4.0/defects4j/framework/bin
SHELL=/bin/bash
DISPLAY=:0

Signal Handlers:
SIGSEGV: [libjvm.so+0xad3e60], sa_mask[0]=11111111011111111101111111111110, sa_flags=SA_RESTART|SA_SIGINFO
SIGBUS: [libjvm.so+0xad3e60], sa_mask[0]=11111111011111111101111111111110, sa_flags=SA_RESTART|SA_SIGINFO
SIGFPE: [libjvm.so+0x90b880], sa_mask[0]=11111111011111111101111111111110, sa_flags=SA_RESTART|SA_SIGINFO
SIGPIPE: [libjvm.so+0x90b880], sa_mask[0]=11111111011111111101111111111110, sa_flags=SA_RESTART|SA_SIGINFO
SIGXFSZ: [libjvm.so+0x90b880], sa_mask[0]=11111111011111111101111111111110, sa_flags=SA_RESTART|SA_SIGINFO
SIGILL: [libjvm.so+0x90b880], sa_mask[0]=11111111011111111101111111111110, sa_flags=SA_RESTART|SA_SIGINFO
SIGUSR1: SIG_DFL, sa_mask[0]=00000000000000000000000000000000, sa_flags=none
SIGUSR2: [libjvm.so+0x90b750], sa_mask[0]=00100000000000000000000000000000, sa_flags=SA_RESTART|SA_SIGINFO
SIGHUP: [libjvm.so+0x90bd70], sa_mask[0]=11111111011111111101111111111110, sa_flags=SA_RESTART|SA_SIGINFO
SIGINT: [libjvm.so+0x90bd70], sa_mask[0]=11111111011111111101111111111110, sa_flags=SA_RESTART|SA_SIGINFO
SIGTERM: [libjvm.so+0x90bd70], sa_mask[0]=11111111011111111101111111111110, sa_flags=SA_RESTART|SA_SIGINFO
SIGQUIT: [libjvm.so+0x90bd70], sa_mask[0]=11111111011111111101111111111110, sa_flags=SA_RESTART|SA_SIGINFO


---------------  S Y S T E M  ---------------

OS:DISTRIB_ID=Ubuntu
DISTRIB_RELEASE=16.04
DISTRIB_CODENAME=xenial
DISTRIB_DESCRIPTION="Ubuntu 16.04.6 LTS"

uname:Linux 4.15.0-91-generic #92~16.04.1-Ubuntu SMP Fri Feb 28 14:57:22 UTC 2020 x86_64
libc:glibc 2.23 NPTL 2.23 
rlimit: STACK 8192k, CORE 0k, NPROC 15448, NOFILE 1048576, AS infinity
load average:13.59 10.19 5.83

/proc/meminfo:
MemTotal:        4015928 kB
MemFree:          100888 kB
MemAvailable:       4008 kB
Buffers:             328 kB
Cached:            14284 kB
SwapCached:         1632 kB
Active:          2949472 kB
Inactive:         593228 kB
Active(anon):    2941860 kB
Inactive(anon):   588296 kB
Active(file):       7612 kB
Inactive(file):     4932 kB
Unevictable:          48 kB
Mlocked:              48 kB
SwapTotal:        998396 kB
SwapFree:              4 kB
Dirty:                52 kB
Writeback:           688 kB
AnonPages:       3527516 kB
Mapped:            12688 kB
Shmem:              1452 kB
Slab:              92444 kB
SReclaimable:      34640 kB
SUnreclaim:        57804 kB
KernelStack:       14800 kB
PageTables:        40504 kB
NFS_Unstable:          0 kB
Bounce:                0 kB
WritebackTmp:          0 kB
CommitLimit:     3006360 kB
Committed_AS:    8715904 kB
VmallocTotal:   34359738367 kB
VmallocUsed:           0 kB
VmallocChunk:          0 kB
HardwareCorrupted:     0 kB
AnonHugePages:         0 kB
ShmemHugePages:        0 kB
ShmemPmdMapped:        0 kB
CmaTotal:              0 kB
CmaFree:               0 kB
HugePages_Total:       0
HugePages_Free:        0
HugePages_Rsvd:        0
HugePages_Surp:        0
Hugepagesize:       2048 kB
DirectMap4k:      110400 kB
DirectMap2M:     4083712 kB
DirectMap1G:     2097152 kB

container (cgroup) information:
container_type: cgroupv1
cpu_cpuset_cpus: 0-3
cpu_memory_nodes: 0
active_processor_count: 4
cpu_quota: -1
cpu_period: 100000
cpu_shares: -1
memory_limit_in_bytes: -1
memory_and_swap_limit_in_bytes: -2
memory_soft_limit_in_bytes: -1
memory_usage_in_bytes: 3628044288
memory_max_usage_in_bytes: 55668736


CPU:total 4 (initial active 4) (2 cores per cpu, 1 threads per core) family 6 model 158 stepping 9, cmov, cx8, fxsr, mmx, sse, sse2, sse3, ssse3, sse4.1, sse4.2, popcnt, avx, avx2, aes, clmul, erms, 3dnowpref, lzcnt, tsc, tscinvbit, bmi1, bmi2, adx

/proc/cpuinfo:
processor	: 0
vendor_id	: GenuineIntel
cpu family	: 6
model		: 158
model name	: Intel(R) Core(TM) i7-7700HQ CPU @ 2.80GHz
stepping	: 9
microcode	: 0xb4
cpu MHz		: 2807.997
cache size	: 6144 KB
physical id	: 0
siblings	: 2
core id		: 0
cpu cores	: 2
apicid		: 0
initial apicid	: 0
fpu		: yes
fpu_exception	: yes
cpuid level	: 22
wp		: yes
flags		: fpu vme de pse tsc msr pae mce cx8 apic sep mtrr pge mca cmov pat pse36 clflush mmx fxsr sse sse2 ss ht syscall nx pdpe1gb rdtscp lm constant_tsc arch_perfmon nopl xtopology tsc_reliable nonstop_tsc cpuid pni pclmulqdq ssse3 fma cx16 pcid sse4_1 sse4_2 x2apic movbe popcnt tsc_deadline_timer aes xsave avx f16c rdrand hypervisor lahf_lm abm 3dnowprefetch cpuid_fault invpcid_single pti ssbd ibrs ibpb stibp fsgsbase tsc_adjust bmi1 avx2 smep bmi2 invpcid mpx rdseed adx smap clflushopt xsaveopt xsavec xsaves arat md_clear flush_l1d arch_capabilities
bugs		: cpu_meltdown spectre_v1 spectre_v2 spec_store_bypass l1tf mds swapgs itlb_multihit
bogomips	: 5615.99
clflush size	: 64
cache_alignment	: 64
address sizes	: 43 bits physical, 48 bits virtual
power management:

processor	: 1
vendor_id	: GenuineIntel
cpu family	: 6
model		: 158
model name	: Intel(R) Core(TM) i7-7700HQ CPU @ 2.80GHz
stepping	: 9
microcode	: 0xb4
cpu MHz		: 2807.997
cache size	: 6144 KB
physical id	: 0
siblings	: 2
core id		: 1
cpu cores	: 2
apicid		: 1
initial apicid	: 1
fpu		: yes
fpu_exception	: yes
cpuid level	: 22
wp		: yes
flags		: fpu vme de pse tsc msr pae mce cx8 apic sep mtrr pge mca cmov pat pse36 clflush mmx fxsr sse sse2 ss ht syscall nx pdpe1gb rdtscp lm constant_tsc arch_perfmon nopl xtopology tsc_reliable nonstop_tsc cpuid pni pclmulqdq ssse3 fma cx16 pcid sse4_1 sse4_2 x2apic movbe popcnt tsc_deadline_timer aes xsave avx f16c rdrand hypervisor lahf_lm abm 3dnowprefetch cpuid_fault invpcid_single pti ssbd ibrs ibpb stibp fsgsbase tsc_adjust bmi1 avx2 smep bmi2 invpcid mpx rdseed adx smap clflushopt xsaveopt xsavec xsaves arat md_clear flush_l1d arch_capabilities
bugs		: cpu_meltdown spectre_v1 spectre_v2 spec_store_bypass l1tf mds swapgs itlb_multihit
bogomips	: 5615.99
clflush size	: 64
cache_alignment	: 64
address sizes	: 43 bits physical, 48 bits virtual
power management:

processor	: 2
vendor_id	: GenuineIntel
cpu family	: 6
model		: 158
model name	: Intel(R) Core(TM) i7-7700HQ CPU @ 2.80GHz
stepping	: 9
microcode	: 0xb4
cpu MHz		: 2807.997
cache size	: 6144 KB
physical id	: 1
siblings	: 2
core id		: 0
cpu cores	: 2
apicid		: 2
initial apicid	: 2
fpu		: yes
fpu_exception	: yes
cpuid level	: 22
wp		: yes
flags		: fpu vme de pse tsc msr pae mce cx8 apic sep mtrr pge mca cmov pat pse36 clflush mmx fxsr sse sse2 ss ht syscall nx pdpe1gb rdtscp lm constant_tsc arch_perfmon nopl xtopology tsc_reliable nonstop_tsc cpuid pni pclmulqdq ssse3 fma cx16 pcid sse4_1 sse4_2 x2apic movbe popcnt tsc_deadline_timer aes xsave avx f16c rdrand hypervisor lahf_lm abm 3dnowprefetch cpuid_fault invpcid_single pti ssbd ibrs ibpb stibp fsgsbase tsc_adjust bmi1 avx2 smep bmi2 invpcid mpx rdseed adx smap clflushopt xsaveopt xsavec xsaves arat md_clear flush_l1d arch_capabilities
bugs		: cpu_meltdown spectre_v1 spectre_v2 spec_store_bypass l1tf mds swapgs itlb_multihit
bogomips	: 5615.99
clflush size	: 64
cache_alignment	: 64
address sizes	: 43 bits physical, 48 bits virtual
power management:

processor	: 3
vendor_id	: GenuineIntel
cpu family	: 6
model		: 158
model name	: Intel(R) Core(TM) i7-7700HQ CPU @ 2.80GHz
stepping	: 9
microcode	: 0xb4
cpu MHz		: 2807.997
cache size	: 6144 KB
physical id	: 1
siblings	: 2
core id		: 1
cpu cores	: 2
apicid		: 3
initial apicid	: 3
fpu		: yes
fpu_exception	: yes
cpuid level	: 22
wp		: yes
flags		: fpu vme de pse tsc msr pae mce cx8 apic sep mtrr pge mca cmov pat pse36 clflush mmx fxsr sse sse2 ss ht syscall nx pdpe1gb rdtscp lm constant_tsc arch_perfmon nopl xtopology tsc_reliable nonstop_tsc cpuid pni pclmulqdq ssse3 fma cx16 pcid sse4_1 sse4_2 x2apic movbe popcnt tsc_deadline_timer aes xsave avx f16c rdrand hypervisor lahf_lm abm 3dnowprefetch cpuid_fault invpcid_single pti ssbd ibrs ibpb stibp fsgsbase tsc_adjust bmi1 avx2 smep bmi2 invpcid mpx rdseed adx smap clflushopt xsaveopt xsavec xsaves arat md_clear flush_l1d arch_capabilities
bugs		: cpu_meltdown spectre_v1 spectre_v2 spec_store_bypass l1tf mds swapgs itlb_multihit
bogomips	: 5615.99
clflush size	: 64
cache_alignment	: 64
address sizes	: 43 bits physical, 48 bits virtual
power management:



Memory: 4k page, physical 4015928k(100888k free), swap 998396k(0k free)

vm_info: Java HotSpot(TM) 64-Bit Server VM (25.201-b09) for linux-amd64 JRE (1.8.0_201-b09), built on Dec 15 2018 11:35:59 by "java_re" with gcc 7.3.0

time: Mon Mar 30 15:07:58 2020
timezone: CST
elapsed time: 47 seconds (0d 0h 0m 47s)

