#
# There is insufficient memory for the Java Runtime Environment to continue.
# Native memory allocation (mmap) failed to map 32505856 bytes for committing reserved memory.
# Possible reasons:
#   The system is out of physical RAM or swap space
#   The process is running with CompressedOops enabled, and the Java Heap may be blocking the growth of the native heap
# Possible solutions:
#   Reduce memory load on the system
#   Increase physical memory or swap space
#   Check if swap backing store is full
#   Decrease Java heap size (-Xmx/-Xms)
#   Decrease number of Java threads
#   Decrease Java thread stack sizes (-Xss)
#   Set larger code cache with -XX:ReservedCodeCacheSize=
#   JVM is running with Unscaled Compressed Oops mode in which the Java heap is
#     placed in the first 4GB address space. The Java Heap base address is the
#     maximum limit for the native heap growth. Please use -XX:HeapBaseMinAddress
#     to set the Java Heap base and to place the Java Heap above 4GB virtual address.
# This output file may be truncated or incomplete.
#
#  Out of Memory Error (os_linux.cpp:2749), pid=67965, tid=0x00007f159a341700
#
# JRE version: Java(TM) SE Runtime Environment (8.0_201-b09) (build 1.8.0_201-b09)
# Java VM: Java HotSpot(TM) 64-Bit Server VM (25.201-b09 mixed mode linux-amd64 compressed oops)
# Failed to write core dump. Core dumps have been disabled. To enable core dumping, try "ulimit -c unlimited" before starting Java again
#

---------------  T H R E A D  ---------------

Current thread (0x00007f15ac140000):  VMThread [stack: 0x00007f159a241000,0x00007f159a342000] [id=68017]

Stack: [0x00007f159a241000,0x00007f159a342000],  sp=0x00007f159a340450,  free space=1021k
Native frames: (J=compiled Java code, j=interpreted, Vv=VM code, C=native code)
V  [libjvm.so+0xad3525]  VMError::report_and_die()+0x2e5
V  [libjvm.so+0x4e0457]  report_vm_out_of_memory(char const*, int, unsigned long, VMErrorType, char const*)+0x67
V  [libjvm.so+0x9102f0]  os::pd_commit_memory(char*, unsigned long, unsigned long, bool)+0x100
V  [libjvm.so+0x90791f]  os::commit_memory(char*, unsigned long, unsigned long, bool)+0x1f
V  [libjvm.so+0x98c806]  PSVirtualSpace::expand_by(unsigned long)+0x56
V  [libjvm.so+0x98da98]  PSYoungGen::resize(unsigned long, unsigned long)+0xd8
V  [libjvm.so+0x98a236]  PSScavenge::invoke_no_policy()+0x1376
V  [libjvm.so+0x98a5cc]  PSScavenge::invoke()+0x4c
V  [libjvm.so+0x93a318]  ParallelScavengeHeap::failed_mem_allocate(unsigned long)+0x68
V  [libjvm.so+0xad5073]  VM_ParallelGCFailedAllocation::doit()+0x93
V  [libjvm.so+0xada296]  VM_Operation::evaluate()+0x46
V  [libjvm.so+0xad85cd]  VMThread::evaluate_operation(VM_Operation*) [clone .constprop.44]+0xcd
V  [libjvm.so+0xad8bb3]  VMThread::loop()+0x3a3
V  [libjvm.so+0xad8f88]  VMThread::run()+0x78
V  [libjvm.so+0x90d922]  java_start(Thread*)+0x102

VM_Operation (0x00007f15909f20b0): ParallelGCFailedAllocation, mode: safepoint, requested by thread 0x00007f1544001000


---------------  P R O C E S S  ---------------

Java Threads: ( => current thread )
  0x00007f1544002800 JavaThread "RMI TCP Connection(3)-127.0.0.1" daemon [_thread_in_native, id=68472, stack(0x00007f15905f7000,0x00007f15906f8000)]
  0x00007f1544001000 JavaThread "RMI TCP Connection(2)-127.0.0.1" daemon [_thread_blocked, id=68422, stack(0x00007f15908f8000,0x00007f15909f9000)]
  0x00007f151c038000 JavaThread "RMI Scheduler(0)" daemon [_thread_blocked, id=68415, stack(0x00007f15909f9000,0x00007f1590afa000)]
  0x00007f151c030800 JavaThread "RMI RenewClean-[127.0.0.1:15868]" daemon [_thread_blocked, id=68401, stack(0x00007f1590afa000,0x00007f1590bfb000)]
  0x00007f1550001000 JavaThread "RMI TCP Connection(idle)" daemon [_thread_blocked, id=68392, stack(0x00007f1590bfb000,0x00007f1590cfc000)]
  0x00007f1540005000 JavaThread "pool-3-thread-3" [_thread_in_native, id=68328, stack(0x00007f1590cfc000,0x00007f1590dfd000)]
  0x00007f1540003000 JavaThread "pool-3-thread-2" [_thread_in_native, id=68326, stack(0x00007f1590dfd000,0x00007f1590efe000)]
  0x00007f1540002000 JavaThread "pool-3-thread-1" [_thread_in_native, id=68324, stack(0x00007f1590efe000,0x00007f1590fff000)]
  0x00007f15ac200800 JavaThread "Thread-3" [_thread_in_native, id=68197, stack(0x00007f1598027000,0x00007f1598128000)]
  0x00007f15ac1ff000 JavaThread "Thread-2" [_thread_in_native, id=68195, stack(0x00007f1598128000,0x00007f1598229000)]
  0x00007f15ac1fd000 JavaThread "process reaper" daemon [_thread_in_native, id=68184, stack(0x00007f15b000c000,0x00007f15b0045000)]
  0x00007f15ac3ae800 JavaThread "pool-2-thread-1" [_thread_in_native, id=68151, stack(0x00007f1598229000,0x00007f159832a000)]
  0x00007f15ac3ac800 JavaThread "GC Daemon" daemon [_thread_blocked, id=68139, stack(0x00007f159832a000,0x00007f159842b000)]
  0x00007f15ac3a9800 JavaThread "RMI Reaper" [_thread_blocked, id=68125, stack(0x00007f159842b000,0x00007f159852c000)]
  0x00007f15ac3a2800 JavaThread "RMI TCP Accept-11690" daemon [_thread_in_native, id=68119, stack(0x00007f159852c000,0x00007f159862d000)]
  0x00007f15ac39b800 JavaThread "RMI TCP Accept-5205" daemon [_thread_in_native, id=68115, stack(0x00007f159862d000,0x00007f159872e000)]
  0x00007f15ac2e2800 JavaThread "logback-3" daemon [_thread_blocked, id=68110, stack(0x00007f159892e000,0x00007f1598a2f000)]
  0x00007f15ac2df000 JavaThread "logback-2" daemon [_thread_blocked, id=68107, stack(0x00007f1598a2f000,0x00007f1598b30000)]
  0x00007f15ac2dd800 JavaThread "logback-1" daemon [_thread_blocked, id=68100, stack(0x00007f1598b30000,0x00007f1598c31000)]
  0x00007f15ac189000 JavaThread "Service Thread" daemon [_thread_blocked, id=68072, stack(0x00007f159917b000,0x00007f159927c000)]
  0x00007f15ac186000 JavaThread "C1 CompilerThread2" daemon [_thread_blocked, id=68055, stack(0x00007f159927c000,0x00007f159937d000)]
  0x00007f15ac184800 JavaThread "C2 CompilerThread1" daemon [_thread_blocked, id=68047, stack(0x00007f159937d000,0x00007f159947e000)]
  0x00007f15ac181800 JavaThread "C2 CompilerThread0" daemon [_thread_blocked, id=68043, stack(0x00007f159947e000,0x00007f159957f000)]
  0x00007f15ac180000 JavaThread "Signal Dispatcher" daemon [_thread_blocked, id=68042, stack(0x00007f159957f000,0x00007f1599680000)]
  0x00007f15ac14c000 JavaThread "Finalizer" daemon [_thread_blocked, id=68036, stack(0x00007f159a03f000,0x00007f159a140000)]
  0x00007f15ac149800 JavaThread "Reference Handler" daemon [_thread_blocked, id=68025, stack(0x00007f159a140000,0x00007f159a241000)]
  0x00007f15ac00a800 JavaThread "main" [_thread_in_native, id=67979, stack(0x00007f15b4791000,0x00007f15b4892000)]

Other Threads:
=>0x00007f15ac140000 VMThread [stack: 0x00007f159a241000,0x00007f159a342000] [id=68017]
  0x00007f15ac18c000 WatcherThread [stack: 0x00007f159907a000,0x00007f159917b000] [id=68085]

VM state:at safepoint (normal execution)

VM Mutex/Monitor currently owned by a thread:  ([mutex/lock_event])
[0x00007f15ac007070] Threads_lock - owner thread: 0x00007f15ac140000
[0x00007f15ac007570] Heap_lock - owner thread: 0x00007f1544001000

heap address: 0x00000000c2a00000, size: 982 MB, Compressed Oops mode: 32-bit
Narrow klass base: 0x0000000000000000, Narrow klass shift: 3
Compressed class space size: 1073741824 Address: 0x0000000100000000

Heap:
 PSYoungGen      total 34304K, used 2544K [0x00000000eb900000, 0x00000000edd00000, 0x0000000100000000)
  eden space 31744K, 0% used [0x00000000eb900000,0x00000000eb900000,0x00000000ed800000)
  from space 2560K, 99% used [0x00000000ed800000,0x00000000eda7c010,0x00000000eda80000)
  to   space 2560K, 0% used [0x00000000eda80000,0x00000000eda80000,0x00000000edd00000)
 ParOldGen       total 42496K, used 5453K [0x00000000c2a00000, 0x00000000c5380000, 0x00000000eb900000)
  object space 42496K, 12% used [0x00000000c2a00000,0x00000000c2f53400,0x00000000c5380000)
 Metaspace       used 13576K, capacity 13934K, committed 14080K, reserved 1060864K
  class space    used 1565K, capacity 1667K, committed 1792K, reserved 1048576K

Card table byte_map: [0x00007f15b1346000,0x00007f15b1532000] byte_map_base: 0x00007f15b0d31000

Marking Bits: (ParMarkBitMap*) 0x00007f15b3c68d80
 Begin Bits: [0x00007f159b150000, 0x00007f159c0a8000)
 End Bits:   [0x00007f159c0a8000, 0x00007f159d000000)

Polling page: 0x00007f15b48ad000

CodeCache: size=245760Kb used=5206Kb max_used=5206Kb free=240553Kb
 bounds [0x00007f159d000000, 0x00007f159d520000, 0x00007f15ac000000]
 total_blobs=1865 nmethods=1517 adapters=261
 compilation: enabled

Compilation events (10 events):
Event: 34.615 Thread 0x00007f15ac186000 1523       3       org.evosuite.runtime.instrumentation.LoopCounterMethodAdapter::addInstrumentation (79 bytes)
Event: 34.628 Thread 0x00007f15ac186000 nmethod 1523 0x00007f159d5177d0 code [0x00007f159d517a60, 0x00007f159d518a98]
Event: 34.628 Thread 0x00007f15ac186000 1524       3       org.evosuite.shaded.org.objectweb.asm.Label::put (83 bytes)
Event: 34.628 Thread 0x00007f15ac186000 nmethod 1524 0x00007f159d511e50 code [0x00007f159d512020, 0x00007f159d512418]
Event: 34.628 Thread 0x00007f15ac186000 1526       3       org.evosuite.graphs.cfg.BytecodeInstructionFactory::createBytecodeInstruction (20 bytes)
Event: 34.629 Thread 0x00007f15ac186000 nmethod 1526 0x00007f159d513610 code [0x00007f159d513780, 0x00007f159d513968]
Event: 34.629 Thread 0x00007f15ac186000 1527       3       org.evosuite.graphs.cfg.BytecodeInstructionPool::getBytecodeIncrement (819 bytes)
Event: 34.629 Thread 0x00007f15ac186000 nmethod 1527 0x00007f159d516c90 code [0x00007f159d516e40, 0x00007f159d517670]
Event: 34.629 Thread 0x00007f15ac186000 1528       3       org.evosuite.graphs.cfg.BytecodeInstructionPool::registerInstruction (304 bytes)
Event: 34.631 Thread 0x00007f15ac181800 1525       4       org.evosuite.shaded.org.objectweb.asm.MethodVisitor::visitLdcInsn (16 bytes)

GC Heap History (7 events):
Event: 2.075 GC heap before
{Heap before GC invocations=1 (full 0):
 PSYoungGen      total 18432K, used 15872K [0x00000000eb900000, 0x00000000ecd80000, 0x0000000100000000)
  eden space 15872K, 100% used [0x00000000eb900000,0x00000000ec880000,0x00000000ec880000)
  from space 2560K, 0% used [0x00000000ecb00000,0x00000000ecb00000,0x00000000ecd80000)
  to   space 2560K, 0% used [0x00000000ec880000,0x00000000ec880000,0x00000000ecb00000)
 ParOldGen       total 42496K, used 0K [0x00000000c2a00000, 0x00000000c5380000, 0x00000000eb900000)
  object space 42496K, 0% used [0x00000000c2a00000,0x00000000c2a00000,0x00000000c5380000)
 Metaspace       used 10144K, capacity 10316K, committed 10624K, reserved 1058816K
  class space    used 1224K, capacity 1287K, committed 1408K, reserved 1048576K
Event: 2.096 GC heap after
Heap after GC invocations=1 (full 0):
 PSYoungGen      total 18432K, used 2544K [0x00000000eb900000, 0x00000000edd00000, 0x0000000100000000)
  eden space 15872K, 0% used [0x00000000eb900000,0x00000000eb900000,0x00000000ec880000)
  from space 2560K, 99% used [0x00000000ec880000,0x00000000ecafc020,0x00000000ecb00000)
  to   space 2560K, 0% used [0x00000000eda80000,0x00000000eda80000,0x00000000edd00000)
 ParOldGen       total 42496K, used 1520K [0x00000000c2a00000, 0x00000000c5380000, 0x00000000eb900000)
  object space 42496K, 3% used [0x00000000c2a00000,0x00000000c2b7c2b8,0x00000000c5380000)
 Metaspace       used 10144K, capacity 10316K, committed 10624K, reserved 1058816K
  class space    used 1224K, capacity 1287K, committed 1408K, reserved 1048576K
}
Event: 2.139 GC heap before
{Heap before GC invocations=2 (full 0):
 PSYoungGen      total 18432K, used 3315K [0x00000000eb900000, 0x00000000edd00000, 0x0000000100000000)
  eden space 15872K, 4% used [0x00000000eb900000,0x00000000eb9c0e38,0x00000000ec880000)
  from space 2560K, 99% used [0x00000000ec880000,0x00000000ecafc020,0x00000000ecb00000)
  to   space 2560K, 0% used [0x00000000eda80000,0x00000000eda80000,0x00000000edd00000)
 ParOldGen       total 42496K, used 1520K [0x00000000c2a00000, 0x00000000c5380000, 0x00000000eb900000)
  object space 42496K, 3% used [0x00000000c2a00000,0x00000000c2b7c2b8,0x00000000c5380000)
 Metaspace       used 10169K, capacity 10316K, committed 10624K, reserved 1058816K
  class space    used 1227K, capacity 1287K, committed 1408K, reserved 1048576K
Event: 2.152 GC heap after
Heap after GC invocations=2 (full 0):
 PSYoungGen      total 34304K, used 2512K [0x00000000eb900000, 0x00000000edd00000, 0x0000000100000000)
  eden space 31744K, 0% used [0x00000000eb900000,0x00000000eb900000,0x00000000ed800000)
  from space 2560K, 98% used [0x00000000eda80000,0x00000000edcf4020,0x00000000edd00000)
  to   space 2560K, 0% used [0x00000000ed800000,0x00000000ed800000,0x00000000eda80000)
 ParOldGen       total 42496K, used 1520K [0x00000000c2a00000, 0x00000000c5380000, 0x00000000eb900000)
  object space 42496K, 3% used [0x00000000c2a00000,0x00000000c2b7c2b8,0x00000000c5380000)
 Metaspace       used 10169K, capacity 10316K, committed 10624K, reserved 1058816K
  class space    used 1227K, capacity 1287K, committed 1408K, reserved 1048576K
}
Event: 2.152 GC heap before
{Heap before GC invocations=3 (full 1):
 PSYoungGen      total 34304K, used 2512K [0x00000000eb900000, 0x00000000edd00000, 0x0000000100000000)
  eden space 31744K, 0% used [0x00000000eb900000,0x00000000eb900000,0x00000000ed800000)
  from space 2560K, 98% used [0x00000000eda80000,0x00000000edcf4020,0x00000000edd00000)
  to   space 2560K, 0% used [0x00000000ed800000,0x00000000ed800000,0x00000000eda80000)
 ParOldGen       total 42496K, used 1520K [0x00000000c2a00000, 0x00000000c5380000, 0x00000000eb900000)
  object space 42496K, 3% used [0x00000000c2a00000,0x00000000c2b7c2b8,0x00000000c5380000)
 Metaspace       used 10169K, capacity 10316K, committed 10624K, reserved 1058816K
  class space    used 1227K, capacity 1287K, committed 1408K, reserved 1048576K
Event: 2.203 GC heap after
Heap after GC invocations=3 (full 1):
 PSYoungGen      total 34304K, used 0K [0x00000000eb900000, 0x00000000edd00000, 0x0000000100000000)
  eden space 31744K, 0% used [0x00000000eb900000,0x00000000eb900000,0x00000000ed800000)
  from space 2560K, 0% used [0x00000000eda80000,0x00000000eda80000,0x00000000edd00000)
  to   space 2560K, 0% used [0x00000000ed800000,0x00000000ed800000,0x00000000eda80000)
 ParOldGen       total 42496K, used 2457K [0x00000000c2a00000, 0x00000000c5380000, 0x00000000eb900000)
  object space 42496K, 5% used [0x00000000c2a00000,0x00000000c2c664c0,0x00000000c5380000)
 Metaspace       used 10161K, capacity 10306K, committed 10624K, reserved 1058816K
  class space    used 1225K, capacity 1285K, committed 1408K, reserved 1048576K
}
Event: 34.632 GC heap before
{Heap before GC invocations=4 (full 1):
 PSYoungGen      total 34304K, used 31744K [0x00000000eb900000, 0x00000000edd00000, 0x0000000100000000)
  eden space 31744K, 100% used [0x00000000eb900000,0x00000000ed800000,0x00000000ed800000)
  from space 2560K, 0% used [0x00000000eda80000,0x00000000eda80000,0x00000000edd00000)
  to   space 2560K, 0% used [0x00000000ed800000,0x00000000ed800000,0x00000000eda80000)
 ParOldGen       total 42496K, used 2457K [0x00000000c2a00000, 0x00000000c5380000, 0x00000000eb900000)
  object space 42496K, 5% used [0x00000000c2a00000,0x00000000c2c664c0,0x00000000c5380000)
 Metaspace       used 13576K, capacity 13934K, committed 14080K, reserved 1060864K
  class space    used 1565K, capacity 1667K, committed 1792K, reserved 1048576K

Deoptimization events (10 events):
Event: 28.803 Thread 0x00007f1544001000 Uncommon trap: reason=bimorphic action=maybe_recompile pc=0x00007f159d2749d0 method=java.util.HashMap.putVal(ILjava/lang/Object;Ljava/lang/Object;ZZ)Ljava/lang/Object; @ 91
Event: 28.805 Thread 0x00007f1544001000 Uncommon trap: reason=bimorphic action=maybe_recompile pc=0x00007f159d2749d0 method=java.util.HashMap.putVal(ILjava/lang/Object;Ljava/lang/Object;ZZ)Ljava/lang/Object; @ 91
Event: 31.748 Thread 0x00007f1544001000 Uncommon trap: reason=uninitialized action=reinterpret pc=0x00007f159d3e0b54 method=java.io.ObjectInputStream$HandleTable.markDependency(II)V @ 110
Event: 31.752 Thread 0x00007f1544001000 Uncommon trap: reason=unstable_if action=reinterpret pc=0x00007f159d3cc7ac method=java.io.ObjectInputStream$HandleTable.finish(I)V @ 4
Event: 32.595 Thread 0x00007f1544001000 Uncommon trap: reason=class_check action=maybe_recompile pc=0x00007f159d3c6a74 method=java.util.HashMap.putVal(ILjava/lang/Object;Ljava/lang/Object;ZZ)Ljava/lang/Object; @ 203
Event: 33.020 Thread 0x00007f1544001000 Uncommon trap: reason=unstable_if action=reinterpret pc=0x00007f159d206cf0 method=java.lang.AbstractStringBuilder.append(Ljava/lang/String;)Ljava/lang/AbstractStringBuilder; @ 1
Event: 33.126 Thread 0x00007f1544001000 Uncommon trap: reason=unstable_if action=reinterpret pc=0x00007f159d1f0eb8 method=java.lang.AbstractStringBuilder.append(Ljava/lang/String;)Ljava/lang/AbstractStringBuilder; @ 1
Event: 33.350 Thread 0x00007f1544001000 Uncommon trap: reason=class_check action=maybe_recompile pc=0x00007f159d3c6a74 method=java.util.HashMap.putVal(ILjava/lang/Object;Ljava/lang/Object;ZZ)Ljava/lang/Object; @ 203
Event: 33.350 Thread 0x00007f1544001000 Uncommon trap: reason=class_check action=maybe_recompile pc=0x00007f159d3c6a74 method=java.util.HashMap.putVal(ILjava/lang/Object;Ljava/lang/Object;ZZ)Ljava/lang/Object; @ 203
Event: 33.350 Thread 0x00007f1544001000 Uncommon trap: reason=class_check action=maybe_recompile pc=0x00007f159d3c6a74 method=java.util.HashMap.putVal(ILjava/lang/Object;Ljava/lang/Object;ZZ)Ljava/lang/Object; @ 203

Classes redefined (0 events):
No events

Internal exceptions (10 events):
Event: 11.230 Thread 0x00007f15ac2e2800 Exception <a 'java/net/ConnectException'> (0x00000000ebd78d40) thrown at [/HUDSON/workspace/8-2-build-linux-amd64/jdk8u201/12317/hotspot/src/share/vm/prims/jni.cpp, line 709]
Event: 21.185 Thread 0x00007f15ac2dd800 Exception <a 'java/net/ConnectException'> (0x00000000ebcdab58) thrown at [/HUDSON/workspace/8-2-build-linux-amd64/jdk8u201/12317/hotspot/src/share/vm/prims/jni.cpp, line 709]
Event: 21.204 Thread 0x00007f15ac2df000 Exception <a 'java/net/ConnectException'> (0x00000000ebd2a1e0) thrown at [/HUDSON/workspace/8-2-build-linux-amd64/jdk8u201/12317/hotspot/src/share/vm/prims/jni.cpp, line 709]
Event: 21.230 Thread 0x00007f15ac2e2800 Exception <a 'java/net/ConnectException'> (0x00000000ebd79868) thrown at [/HUDSON/workspace/8-2-build-linux-amd64/jdk8u201/12317/hotspot/src/share/vm/prims/jni.cpp, line 709]
Event: 31.278 Thread 0x00007f15ac2dd800 Exception <a 'java/net/ConnectException'> (0x00000000ebcdb680) thrown at [/HUDSON/workspace/8-2-build-linux-amd64/jdk8u201/12317/hotspot/src/share/vm/prims/jni.cpp, line 709]
Event: 31.278 Thread 0x00007f15ac2df000 Exception <a 'java/net/ConnectException'> (0x00000000ebd2ad08) thrown at [/HUDSON/workspace/8-2-build-linux-amd64/jdk8u201/12317/hotspot/src/share/vm/prims/jni.cpp, line 709]
Event: 31.283 Thread 0x00007f15ac2e2800 Exception <a 'java/net/ConnectException'> (0x00000000ebd7a390) thrown at [/HUDSON/workspace/8-2-build-linux-amd64/jdk8u201/12317/hotspot/src/share/vm/prims/jni.cpp, line 709]
Event: 31.391 Thread 0x00007f1544001000 Exception <a 'java/lang/NoSuchMethodError': <clinit>> (0x00000000ec58d1c0) thrown at [/HUDSON/workspace/8-2-build-linux-amd64/jdk8u201/12317/hotspot/src/share/vm/prims/jni.cpp, line 1613]
Event: 33.020 Thread 0x00007f1544001000 Implicit null exception at 0x00007f159d206935 to 0x00007f159d206cdd
Event: 33.126 Thread 0x00007f1544001000 Implicit null exception at 0x00007f159d1f0af6 to 0x00007f159d1f0ea1

Events (10 events):
Event: 33.436 loading class org/evosuite/testcase/execution/TestCaseExecutor$TimeoutExceeded done
Event: 33.554 loading class org/evosuite/instrumentation/testability/DescriptorMapping$1
Event: 33.554 loading class org/evosuite/instrumentation/testability/DescriptorMapping$1 done
Event: 33.682 loading class org/evosuite/coverage/mutation/MutationObserver
Event: 33.682 loading class org/evosuite/coverage/mutation/MutationObserver done
Event: 33.735 loading class org/evosuite/instrumentation/ReturnValueAdapter$PDType
Event: 33.735 loading class org/evosuite/instrumentation/ReturnValueAdapter$PDType done
Event: 34.211 loading class sun/net/ResourceManager
Event: 34.211 loading class sun/net/ResourceManager done
Event: 34.631 Executing VM operation: ParallelGCFailedAllocation


Dynamic libraries:
00400000-00401000 r-xp 00000000 08:01 654793                             /usr/lib/jdk/jdk1.8.0_201/bin/java
00600000-00601000 r--p 00000000 08:01 654793                             /usr/lib/jdk/jdk1.8.0_201/bin/java
00601000-00602000 rw-p 00001000 08:01 654793                             /usr/lib/jdk/jdk1.8.0_201/bin/java
022f3000-0246d000 rw-p 00000000 00:00 0                                  [heap]
c2a00000-c5380000 rw-p 00000000 00:00 0 
c5380000-eb900000 ---p 00000000 00:00 0 
eb900000-edd00000 rw-p 00000000 00:00 0 
efc00000-100000000 ---p 00000000 00:00 0 
100000000-1001c0000 rw-p 00000000 00:00 0 
1001c0000-140000000 ---p 00000000 00:00 0 
7f1514000000-7f1514021000 rw-p 00000000 00:00 0 
7f1514021000-7f1518000000 ---p 00000000 00:00 0 
7f151c000000-7f151c03b000 rw-p 00000000 00:00 0 
7f151c03b000-7f1520000000 ---p 00000000 00:00 0 
7f1520000000-7f1520021000 rw-p 00000000 00:00 0 
7f1520021000-7f1524000000 ---p 00000000 00:00 0 
7f1524000000-7f1524021000 rw-p 00000000 00:00 0 
7f1524021000-7f1528000000 ---p 00000000 00:00 0 
7f1528000000-7f1528021000 rw-p 00000000 00:00 0 
7f1528021000-7f152c000000 ---p 00000000 00:00 0 
7f152c000000-7f152c021000 rw-p 00000000 00:00 0 
7f152c021000-7f1530000000 ---p 00000000 00:00 0 
7f1530000000-7f1530021000 rw-p 00000000 00:00 0 
7f1530021000-7f1534000000 ---p 00000000 00:00 0 
7f1534000000-7f1534021000 rw-p 00000000 00:00 0 
7f1534021000-7f1538000000 ---p 00000000 00:00 0 
7f1538000000-7f1538021000 rw-p 00000000 00:00 0 
7f1538021000-7f153c000000 ---p 00000000 00:00 0 
7f153c000000-7f153c021000 rw-p 00000000 00:00 0 
7f153c021000-7f1540000000 ---p 00000000 00:00 0 
7f1540000000-7f1540021000 rw-p 00000000 00:00 0 
7f1540021000-7f1544000000 ---p 00000000 00:00 0 
7f1544000000-7f1544021000 rw-p 00000000 00:00 0 
7f1544021000-7f1548000000 ---p 00000000 00:00 0 
7f1548000000-7f1548021000 rw-p 00000000 00:00 0 
7f1548021000-7f154c000000 ---p 00000000 00:00 0 
7f154c000000-7f154c021000 rw-p 00000000 00:00 0 
7f154c021000-7f1550000000 ---p 00000000 00:00 0 
7f1550000000-7f1550021000 rw-p 00000000 00:00 0 
7f1550021000-7f1554000000 ---p 00000000 00:00 0 
7f1554000000-7f1554021000 rw-p 00000000 00:00 0 
7f1554021000-7f1558000000 ---p 00000000 00:00 0 
7f1558000000-7f1558021000 rw-p 00000000 00:00 0 
7f1558021000-7f155c000000 ---p 00000000 00:00 0 
7f155c000000-7f155c021000 rw-p 00000000 00:00 0 
7f155c021000-7f1560000000 ---p 00000000 00:00 0 
7f1560000000-7f1560021000 rw-p 00000000 00:00 0 
7f1560021000-7f1564000000 ---p 00000000 00:00 0 
7f1564000000-7f156466c000 rw-p 00000000 00:00 0 
7f156466c000-7f1568000000 ---p 00000000 00:00 0 
7f1568000000-7f15684fd000 rw-p 00000000 00:00 0 
7f15684fd000-7f156c000000 ---p 00000000 00:00 0 
7f156c000000-7f156c021000 rw-p 00000000 00:00 0 
7f156c021000-7f1570000000 ---p 00000000 00:00 0 
7f1570000000-7f15705ed000 rw-p 00000000 00:00 0 
7f15705ed000-7f1574000000 ---p 00000000 00:00 0 
7f1574000000-7f1574021000 rw-p 00000000 00:00 0 
7f1574021000-7f1578000000 ---p 00000000 00:00 0 
7f1578000000-7f1578021000 rw-p 00000000 00:00 0 
7f1578021000-7f157c000000 ---p 00000000 00:00 0 
7f157c000000-7f157c021000 rw-p 00000000 00:00 0 
7f157c021000-7f1580000000 ---p 00000000 00:00 0 
7f1584000000-7f1584021000 rw-p 00000000 00:00 0 
7f1584021000-7f1588000000 ---p 00000000 00:00 0 
7f1588000000-7f158829b000 rw-p 00000000 00:00 0 
7f158829b000-7f158c000000 ---p 00000000 00:00 0 
7f158c000000-7f158c021000 rw-p 00000000 00:00 0 
7f158c021000-7f1590000000 ---p 00000000 00:00 0 
7f15905f7000-7f15905fa000 ---p 00000000 00:00 0 
7f15905fa000-7f15908f8000 rw-p 00000000 00:00 0 
7f15908f8000-7f15908fb000 ---p 00000000 00:00 0 
7f15908fb000-7f15909f9000 rw-p 00000000 00:00 0 
7f15909f9000-7f15909fc000 ---p 00000000 00:00 0 
7f15909fc000-7f1590afa000 rw-p 00000000 00:00 0 
7f1590afa000-7f1590afd000 ---p 00000000 00:00 0 
7f1590afd000-7f1590bfb000 rw-p 00000000 00:00 0 
7f1590bfb000-7f1590bfe000 ---p 00000000 00:00 0 
7f1590bfe000-7f1590cfc000 rw-p 00000000 00:00 0 
7f1590cfc000-7f1590cff000 ---p 00000000 00:00 0 
7f1590cff000-7f1590dfd000 rw-p 00000000 00:00 0 
7f1590dfd000-7f1590e00000 ---p 00000000 00:00 0 
7f1590e00000-7f1590efe000 rw-p 00000000 00:00 0 
7f1590efe000-7f1590f01000 ---p 00000000 00:00 0 
7f1590f01000-7f1594000000 rw-p 00000000 00:00 0 
7f1594000000-7f1594021000 rw-p 00000000 00:00 0 
7f1594021000-7f1598000000 ---p 00000000 00:00 0 
7f1598027000-7f159802a000 ---p 00000000 00:00 0 
7f159802a000-7f1598128000 rw-p 00000000 00:00 0 
7f1598128000-7f159812b000 ---p 00000000 00:00 0 
7f159812b000-7f1598229000 rw-p 00000000 00:00 0 
7f1598229000-7f159822c000 ---p 00000000 00:00 0 
7f159822c000-7f159832a000 rw-p 00000000 00:00 0 
7f159832a000-7f159832d000 ---p 00000000 00:00 0 
7f159832d000-7f159842b000 rw-p 00000000 00:00 0 
7f159842b000-7f159842e000 ---p 00000000 00:00 0 
7f159842e000-7f159852c000 rw-p 00000000 00:00 0 
7f159852c000-7f159852f000 ---p 00000000 00:00 0 
7f159852f000-7f159862d000 rw-p 00000000 00:00 0 
7f159862d000-7f1598630000 ---p 00000000 00:00 0 
7f1598630000-7f159892e000 rw-p 00000000 00:00 0 
7f159892e000-7f1598931000 ---p 00000000 00:00 0 
7f1598931000-7f1598a2f000 rw-p 00000000 00:00 0 
7f1598a2f000-7f1598a32000 ---p 00000000 00:00 0 
7f1598a32000-7f1598b30000 rw-p 00000000 00:00 0 
7f1598b30000-7f1598b33000 ---p 00000000 00:00 0 
7f1598b33000-7f1598c31000 rw-p 00000000 00:00 0 
7f1598c31000-7f1598c47000 r-xp 00000000 08:01 656512                     /usr/lib/jdk/jdk1.8.0_201/jre/lib/amd64/libnet.so
7f1598c47000-7f1598e47000 ---p 00016000 08:01 656512                     /usr/lib/jdk/jdk1.8.0_201/jre/lib/amd64/libnet.so
7f1598e47000-7f1598e48000 r--p 00016000 08:01 656512                     /usr/lib/jdk/jdk1.8.0_201/jre/lib/amd64/libnet.so
7f1598e48000-7f1598e49000 rw-p 00017000 08:01 656512                     /usr/lib/jdk/jdk1.8.0_201/jre/lib/amd64/libnet.so
7f1598e49000-7f159907a000 r--s 01bb1000 08:01 403225                     /home/hewitt/work/DiffTGen-master/lib/evosuite-1.0.6.jar
7f159907a000-7f159907b000 ---p 00000000 00:00 0 
7f159907b000-7f159917b000 rw-p 00000000 00:00 0 
7f159917b000-7f159917e000 ---p 00000000 00:00 0 
7f159917e000-7f159927c000 rw-p 00000000 00:00 0 
7f159927c000-7f159927f000 ---p 00000000 00:00 0 
7f159927f000-7f159937d000 rw-p 00000000 00:00 0 
7f159937d000-7f1599380000 ---p 00000000 00:00 0 
7f1599380000-7f159947e000 rw-p 00000000 00:00 0 
7f159947e000-7f1599481000 ---p 00000000 00:00 0 
7f1599481000-7f159957f000 rw-p 00000000 00:00 0 
7f159957f000-7f1599582000 ---p 00000000 00:00 0 
7f1599582000-7f1599680000 rw-p 00000000 00:00 0 
7f1599680000-7f159a03f000 r--p 00000000 08:01 270368                     /usr/lib/locale/locale-archive
7f159a03f000-7f159a042000 ---p 00000000 00:00 0 
7f159a042000-7f159a140000 rw-p 00000000 00:00 0 
7f159a140000-7f159a143000 ---p 00000000 00:00 0 
7f159a143000-7f159a241000 rw-p 00000000 00:00 0 
7f159a241000-7f159a242000 ---p 00000000 00:00 0 
7f159a242000-7f159d000000 rw-p 00000000 00:00 0 
7f159d000000-7f159d520000 rwxp 00000000 00:00 0 
7f159d520000-7f15ac000000 ---p 00000000 00:00 0 
7f15ac000000-7f15ac4bf000 rw-p 00000000 00:00 0 
7f15ac4bf000-7f15b0000000 ---p 00000000 00:00 0 
7f15b0002000-7f15b000c000 r--s 00116000 08:01 656361                     /usr/lib/jdk/jdk1.8.0_201/jre/lib/ext/localedata.jar
7f15b000c000-7f15b000f000 ---p 00000000 00:00 0 
7f15b000f000-7f15b0045000 rw-p 00000000 00:00 0 
7f15b0045000-7f15b00be000 r--s 010fd000 08:01 654900                     /usr/lib/jdk/jdk1.8.0_201/lib/tools.jar
7f15b00be000-7f15b01bf000 rw-p 00000000 00:00 0 
7f15b01bf000-7f15b0399000 r--s 03d6f000 08:01 656293                     /usr/lib/jdk/jdk1.8.0_201/jre/lib/rt.jar
7f15b0399000-7f15b0dfa000 rw-p 00000000 00:00 0 
7f15b0dfa000-7f15b0dfb000 ---p 00000000 00:00 0 
7f15b0dfb000-7f15b0efb000 rw-p 00000000 00:00 0 
7f15b0efb000-7f15b0efc000 ---p 00000000 00:00 0 
7f15b0efc000-7f15b0ffc000 rw-p 00000000 00:00 0 
7f15b0ffc000-7f15b0ffd000 ---p 00000000 00:00 0 
7f15b0ffd000-7f15b10fd000 rw-p 00000000 00:00 0 
7f15b10fd000-7f15b10fe000 ---p 00000000 00:00 0 
7f15b10fe000-7f15b1213000 rw-p 00000000 00:00 0 
7f15b1213000-7f15b1346000 ---p 00000000 00:00 0 
7f15b1346000-7f15b135b000 rw-p 00000000 00:00 0 
7f15b135b000-7f15b148d000 ---p 00000000 00:00 0 
7f15b148d000-7f15b14a0000 rw-p 00000000 00:00 0 
7f15b14a0000-7f15b1531000 ---p 00000000 00:00 0 
7f15b1531000-7f15b1547000 rw-p 00000000 00:00 0 
7f15b1547000-7f15b18f2000 ---p 00000000 00:00 0 
7f15b18f2000-7f15b190d000 r-xp 00000000 08:01 656508                     /usr/lib/jdk/jdk1.8.0_201/jre/lib/amd64/libzip.so
7f15b190d000-7f15b1b0c000 ---p 0001b000 08:01 656508                     /usr/lib/jdk/jdk1.8.0_201/jre/lib/amd64/libzip.so
7f15b1b0c000-7f15b1b0d000 r--p 0001a000 08:01 656508                     /usr/lib/jdk/jdk1.8.0_201/jre/lib/amd64/libzip.so
7f15b1b0d000-7f15b1b0e000 rw-p 0001b000 08:01 656508                     /usr/lib/jdk/jdk1.8.0_201/jre/lib/amd64/libzip.so
7f15b1b0e000-7f15b1b19000 r-xp 00000000 08:01 658902                     /lib/x86_64-linux-gnu/libnss_files-2.23.so
7f15b1b19000-7f15b1d18000 ---p 0000b000 08:01 658902                     /lib/x86_64-linux-gnu/libnss_files-2.23.so
7f15b1d18000-7f15b1d19000 r--p 0000a000 08:01 658902                     /lib/x86_64-linux-gnu/libnss_files-2.23.so
7f15b1d19000-7f15b1d1a000 rw-p 0000b000 08:01 658902                     /lib/x86_64-linux-gnu/libnss_files-2.23.so
7f15b1d1a000-7f15b1d20000 rw-p 00000000 00:00 0 
7f15b1d20000-7f15b1d2b000 r-xp 00000000 08:01 658912                     /lib/x86_64-linux-gnu/libnss_nis-2.23.so
7f15b1d2b000-7f15b1f2a000 ---p 0000b000 08:01 658912                     /lib/x86_64-linux-gnu/libnss_nis-2.23.so
7f15b1f2a000-7f15b1f2b000 r--p 0000a000 08:01 658912                     /lib/x86_64-linux-gnu/libnss_nis-2.23.so
7f15b1f2b000-7f15b1f2c000 rw-p 0000b000 08:01 658912                     /lib/x86_64-linux-gnu/libnss_nis-2.23.so
7f15b1f2c000-7f15b1f42000 r-xp 00000000 08:01 658896                     /lib/x86_64-linux-gnu/libnsl-2.23.so
7f15b1f42000-7f15b2141000 ---p 00016000 08:01 658896                     /lib/x86_64-linux-gnu/libnsl-2.23.so
7f15b2141000-7f15b2142000 r--p 00015000 08:01 658896                     /lib/x86_64-linux-gnu/libnsl-2.23.so
7f15b2142000-7f15b2143000 rw-p 00016000 08:01 658896                     /lib/x86_64-linux-gnu/libnsl-2.23.so
7f15b2143000-7f15b2145000 rw-p 00000000 00:00 0 
7f15b2145000-7f15b214d000 r-xp 00000000 08:01 658898                     /lib/x86_64-linux-gnu/libnss_compat-2.23.so
7f15b214d000-7f15b234c000 ---p 00008000 08:01 658898                     /lib/x86_64-linux-gnu/libnss_compat-2.23.so
7f15b234c000-7f15b234d000 r--p 00007000 08:01 658898                     /lib/x86_64-linux-gnu/libnss_compat-2.23.so
7f15b234d000-7f15b234e000 rw-p 00008000 08:01 658898                     /lib/x86_64-linux-gnu/libnss_compat-2.23.so
7f15b234e000-7f15b237a000 r-xp 00000000 08:01 656502                     /usr/lib/jdk/jdk1.8.0_201/jre/lib/amd64/libjava.so
7f15b237a000-7f15b257a000 ---p 0002c000 08:01 656502                     /usr/lib/jdk/jdk1.8.0_201/jre/lib/amd64/libjava.so
7f15b257a000-7f15b257b000 r--p 0002c000 08:01 656502                     /usr/lib/jdk/jdk1.8.0_201/jre/lib/amd64/libjava.so
7f15b257b000-7f15b257d000 rw-p 0002d000 08:01 656502                     /usr/lib/jdk/jdk1.8.0_201/jre/lib/amd64/libjava.so
7f15b257d000-7f15b258a000 r-xp 00000000 08:01 656507                     /usr/lib/jdk/jdk1.8.0_201/jre/lib/amd64/libverify.so
7f15b258a000-7f15b2789000 ---p 0000d000 08:01 656507                     /usr/lib/jdk/jdk1.8.0_201/jre/lib/amd64/libverify.so
7f15b2789000-7f15b278b000 r--p 0000c000 08:01 656507                     /usr/lib/jdk/jdk1.8.0_201/jre/lib/amd64/libverify.so
7f15b278b000-7f15b278c000 rw-p 0000e000 08:01 656507                     /usr/lib/jdk/jdk1.8.0_201/jre/lib/amd64/libverify.so
7f15b278c000-7f15b2793000 r-xp 00000000 08:01 658957                     /lib/x86_64-linux-gnu/librt-2.23.so
7f15b2793000-7f15b2992000 ---p 00007000 08:01 658957                     /lib/x86_64-linux-gnu/librt-2.23.so
7f15b2992000-7f15b2993000 r--p 00006000 08:01 658957                     /lib/x86_64-linux-gnu/librt-2.23.so
7f15b2993000-7f15b2994000 rw-p 00007000 08:01 658957                     /lib/x86_64-linux-gnu/librt-2.23.so
7f15b2994000-7f15b2a9c000 r-xp 00000000 08:01 658873                     /lib/x86_64-linux-gnu/libm-2.23.so
7f15b2a9c000-7f15b2c9b000 ---p 00108000 08:01 658873                     /lib/x86_64-linux-gnu/libm-2.23.so
7f15b2c9b000-7f15b2c9c000 r--p 00107000 08:01 658873                     /lib/x86_64-linux-gnu/libm-2.23.so
7f15b2c9c000-7f15b2c9d000 rw-p 00108000 08:01 658873                     /lib/x86_64-linux-gnu/libm-2.23.so
7f15b2c9d000-7f15b3985000 r-xp 00000000 08:01 656484                     /usr/lib/jdk/jdk1.8.0_201/jre/lib/amd64/server/libjvm.so
7f15b3985000-7f15b3b84000 ---p 00ce8000 08:01 656484                     /usr/lib/jdk/jdk1.8.0_201/jre/lib/amd64/server/libjvm.so
7f15b3b84000-7f15b3c1a000 r--p 00ce7000 08:01 656484                     /usr/lib/jdk/jdk1.8.0_201/jre/lib/amd64/server/libjvm.so
7f15b3c1a000-7f15b3c4b000 rw-p 00d7d000 08:01 656484                     /usr/lib/jdk/jdk1.8.0_201/jre/lib/amd64/server/libjvm.so
7f15b3c4b000-7f15b3c86000 rw-p 00000000 00:00 0 
7f15b3c86000-7f15b3e46000 r-xp 00000000 08:01 658803                     /lib/x86_64-linux-gnu/libc-2.23.so
7f15b3e46000-7f15b4046000 ---p 001c0000 08:01 658803                     /lib/x86_64-linux-gnu/libc-2.23.so
7f15b4046000-7f15b404a000 r--p 001c0000 08:01 658803                     /lib/x86_64-linux-gnu/libc-2.23.so
7f15b404a000-7f15b404c000 rw-p 001c4000 08:01 658803                     /lib/x86_64-linux-gnu/libc-2.23.so
7f15b404c000-7f15b4050000 rw-p 00000000 00:00 0 
7f15b4050000-7f15b4053000 r-xp 00000000 08:01 658827                     /lib/x86_64-linux-gnu/libdl-2.23.so
7f15b4053000-7f15b4252000 ---p 00003000 08:01 658827                     /lib/x86_64-linux-gnu/libdl-2.23.so
7f15b4252000-7f15b4253000 r--p 00002000 08:01 658827                     /lib/x86_64-linux-gnu/libdl-2.23.so
7f15b4253000-7f15b4254000 rw-p 00003000 08:01 658827                     /lib/x86_64-linux-gnu/libdl-2.23.so
7f15b4254000-7f15b426b000 r-xp 00000000 08:01 656155                     /usr/lib/jdk/jdk1.8.0_201/lib/amd64/jli/libjli.so
7f15b426b000-7f15b446a000 ---p 00017000 08:01 656155                     /usr/lib/jdk/jdk1.8.0_201/lib/amd64/jli/libjli.so
7f15b446a000-7f15b446b000 r--p 00016000 08:01 656155                     /usr/lib/jdk/jdk1.8.0_201/lib/amd64/jli/libjli.so
7f15b446b000-7f15b446c000 rw-p 00017000 08:01 656155                     /usr/lib/jdk/jdk1.8.0_201/lib/amd64/jli/libjli.so
7f15b446c000-7f15b4484000 r-xp 00000000 08:01 658949                     /lib/x86_64-linux-gnu/libpthread-2.23.so
7f15b4484000-7f15b4683000 ---p 00018000 08:01 658949                     /lib/x86_64-linux-gnu/libpthread-2.23.so
7f15b4683000-7f15b4684000 r--p 00017000 08:01 658949                     /lib/x86_64-linux-gnu/libpthread-2.23.so
7f15b4684000-7f15b4685000 rw-p 00018000 08:01 658949                     /lib/x86_64-linux-gnu/libpthread-2.23.so
7f15b4685000-7f15b4689000 rw-p 00000000 00:00 0 
7f15b4689000-7f15b46af000 r-xp 00000000 08:01 658775                     /lib/x86_64-linux-gnu/ld-2.23.so
7f15b46b3000-7f15b46cf000 r--s 00393000 08:01 656354                     /usr/lib/jdk/jdk1.8.0_201/jre/lib/ext/cldrdata.jar
7f15b46cf000-7f15b46d3000 r--s 000a1000 08:01 656350                     /usr/lib/jdk/jdk1.8.0_201/jre/lib/jsse.jar
7f15b46d3000-7f15b4791000 rw-p 00000000 00:00 0 
7f15b4791000-7f15b4794000 ---p 00000000 00:00 0 
7f15b4794000-7f15b4897000 rw-p 00000000 00:00 0 
7f15b4897000-7f15b489f000 r--s 0006e000 08:01 398946                     /home/hewitt/work/DiffTGen-master/lib/commons-lang3-3.5.jar
7f15b489f000-7f15b48a0000 r--s 00000000 08:01 398951                     /home/hewitt/work/DiffTGen-master/lib/myprinter.jar
7f15b48a0000-7f15b48a4000 r--s 00039000 08:01 406046                     /home/hewitt/work/DiffTGen-master/output/patch10-Lang-59-CapGen-plausible/Lang_59_0-plausible_capgen/target/build/classes/all0.jar
7f15b48a4000-7f15b48ac000 rw-s 00000000 08:01 151058                     /tmp/hsperfdata_hewitt/67965
7f15b48ac000-7f15b48ad000 rw-p 00000000 00:00 0 
7f15b48ad000-7f15b48ae000 ---p 00000000 00:00 0 
7f15b48ae000-7f15b48af000 r--p 00025000 08:01 658775                     /lib/x86_64-linux-gnu/ld-2.23.so
7f15b48af000-7f15b48b0000 rw-p 00026000 08:01 658775                     /lib/x86_64-linux-gnu/ld-2.23.so
7f15b48b0000-7f15b48b1000 rw-p 00000000 00:00 0 
7ffca09f0000-7ffca0a12000 rw-p 00000000 00:00 0                          [stack]
7ffca0a12000-7ffca0a15000 r--p 00000000 00:00 0                          [vvar]
7ffca0a15000-7ffca0a17000 r-xp 00000000 00:00 0                          [vdso]
ffffffffff600000-ffffffffff601000 r-xp 00000000 00:00 0                  [vsyscall]

VM Arguments:
java_command: /home/hewitt/work/DiffTGen-master/lib/evosuite-1.0.6.jar -base_dir /home/hewitt/work/DiffTGen-master/output/patch10-Lang-59-CapGen-plausible/Lang_59_0-plausible_capgen/target/0/17 -projectCP /home/hewitt/work/DiffTGen-master/output/patch10-Lang-59-CapGen-plausible/Lang_59_0-plausible_capgen/target/build/classes/all0.jar:/home/hewitt/work/DiffTGen-master/lib/myprinter.jar:/home/hewitt/work/DiffTGen-master/lib/commons-lang3-3.5.jar -class org.apache.commons.lang.text.StrBuilder -Dassertions=false -Dsearch_budget=60
java_class_path (initial): /home/hewitt/work/DiffTGen-master/lib/evosuite-1.0.6.jar
Launcher Type: SUN_STANDARD

Environment Variables:
JAVA_HOME=/usr/lib/jdk/jdk1.8.0_201
JRE_HOME=/usr/lib/jdk/jdk1.8.0_201/jre
CLASSPATH=.:/usr/lib/jdk/jdk1.8.0_201/lib:/usr/lib/jdk/jdk1.8.0_201/jre/lib
PATH=/usr/lib/jdk/jdk1.8.0_201/bin:/home/hewitt/bin:/home/hewitt/.local/bin:/usr/lib/jdk/jdk1.7.0_80/bin:/usr/local/sbin:/usr/local/bin:/usr/sbin:/usr/bin:/sbin:/bin:/usr/games:/usr/local/games:/snap/bin:/home/hewitt/work/defects4j_v1.4.0/defects4j/framework/bin:/opt/apache-ant-1.9.14/bin:/home/hewitt/work/defects4j_v1.4.0/defects4j/framework/bin
SHELL=/bin/bash
DISPLAY=:0

Signal Handlers:
SIGSEGV: [libjvm.so+0xad3e60], sa_mask[0]=11111111011111111101111111111110, sa_flags=SA_RESTART|SA_SIGINFO
SIGBUS: [libjvm.so+0xad3e60], sa_mask[0]=11111111011111111101111111111110, sa_flags=SA_RESTART|SA_SIGINFO
SIGFPE: [libjvm.so+0x90b880], sa_mask[0]=11111111011111111101111111111110, sa_flags=SA_RESTART|SA_SIGINFO
SIGPIPE: [libjvm.so+0x90b880], sa_mask[0]=11111111011111111101111111111110, sa_flags=SA_RESTART|SA_SIGINFO
SIGXFSZ: [libjvm.so+0x90b880], sa_mask[0]=11111111011111111101111111111110, sa_flags=SA_RESTART|SA_SIGINFO
SIGILL: [libjvm.so+0x90b880], sa_mask[0]=11111111011111111101111111111110, sa_flags=SA_RESTART|SA_SIGINFO
SIGUSR1: SIG_DFL, sa_mask[0]=00000000000000000000000000000000, sa_flags=none
SIGUSR2: [libjvm.so+0x90b750], sa_mask[0]=00100000000000000000000000000000, sa_flags=SA_RESTART|SA_SIGINFO
SIGHUP: [libjvm.so+0x90bd70], sa_mask[0]=11111111011111111101111111111110, sa_flags=SA_RESTART|SA_SIGINFO
SIGINT: [libjvm.so+0x90bd70], sa_mask[0]=11111111011111111101111111111110, sa_flags=SA_RESTART|SA_SIGINFO
SIGTERM: [libjvm.so+0x90bd70], sa_mask[0]=11111111011111111101111111111110, sa_flags=SA_RESTART|SA_SIGINFO
SIGQUIT: [libjvm.so+0x90bd70], sa_mask[0]=11111111011111111101111111111110, sa_flags=SA_RESTART|SA_SIGINFO


---------------  S Y S T E M  ---------------

OS:DISTRIB_ID=Ubuntu
DISTRIB_RELEASE=16.04
DISTRIB_CODENAME=xenial
DISTRIB_DESCRIPTION="Ubuntu 16.04.6 LTS"

uname:Linux 4.15.0-91-generic #92~16.04.1-Ubuntu SMP Fri Feb 28 14:57:22 UTC 2020 x86_64
libc:glibc 2.23 NPTL 2.23 
rlimit: STACK 8192k, CORE 0k, NPROC 15448, NOFILE 1048576, AS infinity
load average:19.35 14.41 13.41

/proc/meminfo:
MemTotal:        4015928 kB
MemFree:          829256 kB
MemAvailable:     744160 kB
Buffers:            1888 kB
Cached:            37196 kB
SwapCached:         1628 kB
Active:          2299696 kB
Inactive:         449860 kB
Active(anon):    2279980 kB
Inactive(anon):   432304 kB
Active(file):      19716 kB
Inactive(file):    17556 kB
Unevictable:          48 kB
Mlocked:              48 kB
SwapTotal:        998396 kB
SwapFree:            584 kB
Dirty:               380 kB
Writeback:           172 kB
AnonPages:       2709448 kB
Mapped:            30356 kB
Shmem:              1548 kB
Slab:              91508 kB
SReclaimable:      33476 kB
SUnreclaim:        58032 kB
KernelStack:       15840 kB
PageTables:        41136 kB
NFS_Unstable:          0 kB
Bounce:                0 kB
WritebackTmp:          0 kB
CommitLimit:     3006360 kB
Committed_AS:    8370376 kB
VmallocTotal:   34359738367 kB
VmallocUsed:           0 kB
VmallocChunk:          0 kB
HardwareCorrupted:     0 kB
AnonHugePages:         0 kB
ShmemHugePages:        0 kB
ShmemPmdMapped:        0 kB
CmaTotal:              0 kB
CmaFree:               0 kB
HugePages_Total:       0
HugePages_Free:        0
HugePages_Rsvd:        0
HugePages_Surp:        0
Hugepagesize:       2048 kB
DirectMap4k:       98112 kB
DirectMap2M:     4096000 kB
DirectMap1G:     2097152 kB

container (cgroup) information:
container_type: cgroupv1
cpu_cpuset_cpus: 0-3
cpu_memory_nodes: 0
active_processor_count: 4
cpu_quota: -1
cpu_period: 100000
cpu_shares: -1
memory_limit_in_bytes: -1
memory_and_swap_limit_in_bytes: -2
memory_soft_limit_in_bytes: -1
memory_usage_in_bytes: 2815901696
memory_max_usage_in_bytes: 20938752


CPU:total 4 (initial active 4) (2 cores per cpu, 1 threads per core) family 6 model 158 stepping 9, cmov, cx8, fxsr, mmx, sse, sse2, sse3, ssse3, sse4.1, sse4.2, popcnt, avx, avx2, aes, clmul, erms, 3dnowpref, lzcnt, tsc, tscinvbit, bmi1, bmi2, adx

/proc/cpuinfo:
processor	: 0
vendor_id	: GenuineIntel
cpu family	: 6
model		: 158
model name	: Intel(R) Core(TM) i7-7700HQ CPU @ 2.80GHz
stepping	: 9
microcode	: 0xb4
cpu MHz		: 2808.002
cache size	: 6144 KB
physical id	: 0
siblings	: 2
core id		: 0
cpu cores	: 2
apicid		: 0
initial apicid	: 0
fpu		: yes
fpu_exception	: yes
cpuid level	: 22
wp		: yes
flags		: fpu vme de pse tsc msr pae mce cx8 apic sep mtrr pge mca cmov pat pse36 clflush mmx fxsr sse sse2 ss ht syscall nx pdpe1gb rdtscp lm constant_tsc arch_perfmon nopl xtopology tsc_reliable nonstop_tsc cpuid pni pclmulqdq ssse3 fma cx16 pcid sse4_1 sse4_2 x2apic movbe popcnt tsc_deadline_timer aes xsave avx f16c rdrand hypervisor lahf_lm abm 3dnowprefetch cpuid_fault invpcid_single pti ssbd ibrs ibpb stibp fsgsbase tsc_adjust bmi1 avx2 smep bmi2 invpcid mpx rdseed adx smap clflushopt xsaveopt xsavec xsaves arat md_clear flush_l1d arch_capabilities
bugs		: cpu_meltdown spectre_v1 spectre_v2 spec_store_bypass l1tf mds swapgs itlb_multihit
bogomips	: 5616.00
clflush size	: 64
cache_alignment	: 64
address sizes	: 43 bits physical, 48 bits virtual
power management:

processor	: 1
vendor_id	: GenuineIntel
cpu family	: 6
model		: 158
model name	: Intel(R) Core(TM) i7-7700HQ CPU @ 2.80GHz
stepping	: 9
microcode	: 0xb4
cpu MHz		: 2808.002
cache size	: 6144 KB
physical id	: 0
siblings	: 2
core id		: 1
cpu cores	: 2
apicid		: 1
initial apicid	: 1
fpu		: yes
fpu_exception	: yes
cpuid level	: 22
wp		: yes
flags		: fpu vme de pse tsc msr pae mce cx8 apic sep mtrr pge mca cmov pat pse36 clflush mmx fxsr sse sse2 ss ht syscall nx pdpe1gb rdtscp lm constant_tsc arch_perfmon nopl xtopology tsc_reliable nonstop_tsc cpuid pni pclmulqdq ssse3 fma cx16 pcid sse4_1 sse4_2 x2apic movbe popcnt tsc_deadline_timer aes xsave avx f16c rdrand hypervisor lahf_lm abm 3dnowprefetch cpuid_fault invpcid_single pti ssbd ibrs ibpb stibp fsgsbase tsc_adjust bmi1 avx2 smep bmi2 invpcid mpx rdseed adx smap clflushopt xsaveopt xsavec xsaves arat md_clear flush_l1d arch_capabilities
bugs		: cpu_meltdown spectre_v1 spectre_v2 spec_store_bypass l1tf mds swapgs itlb_multihit
bogomips	: 5616.00
clflush size	: 64
cache_alignment	: 64
address sizes	: 43 bits physical, 48 bits virtual
power management:

processor	: 2
vendor_id	: GenuineIntel
cpu family	: 6
model		: 158
model name	: Intel(R) Core(TM) i7-7700HQ CPU @ 2.80GHz
stepping	: 9
microcode	: 0xb4
cpu MHz		: 2808.002
cache size	: 6144 KB
physical id	: 1
siblings	: 2
core id		: 0
cpu cores	: 2
apicid		: 2
initial apicid	: 2
fpu		: yes
fpu_exception	: yes
cpuid level	: 22
wp		: yes
flags		: fpu vme de pse tsc msr pae mce cx8 apic sep mtrr pge mca cmov pat pse36 clflush mmx fxsr sse sse2 ss ht syscall nx pdpe1gb rdtscp lm constant_tsc arch_perfmon nopl xtopology tsc_reliable nonstop_tsc cpuid pni pclmulqdq ssse3 fma cx16 pcid sse4_1 sse4_2 x2apic movbe popcnt tsc_deadline_timer aes xsave avx f16c rdrand hypervisor lahf_lm abm 3dnowprefetch cpuid_fault invpcid_single pti ssbd ibrs ibpb stibp fsgsbase tsc_adjust bmi1 avx2 smep bmi2 invpcid mpx rdseed adx smap clflushopt xsaveopt xsavec xsaves arat md_clear flush_l1d arch_capabilities
bugs		: cpu_meltdown spectre_v1 spectre_v2 spec_store_bypass l1tf mds swapgs itlb_multihit
bogomips	: 5616.00
clflush size	: 64
cache_alignment	: 64
address sizes	: 43 bits physical, 48 bits virtual
power management:

processor	: 3
vendor_id	: GenuineIntel
cpu family	: 6
model		: 158
model name	: Intel(R) Core(TM) i7-7700HQ CPU @ 2.80GHz
stepping	: 9
microcode	: 0xb4
cpu MHz		: 2808.002
cache size	: 6144 KB
physical id	: 1
siblings	: 2
core id		: 1
cpu cores	: 2
apicid		: 3
initial apicid	: 3
fpu		: yes
fpu_exception	: yes
cpuid level	: 22
wp		: yes
flags		: fpu vme de pse tsc msr pae mce cx8 apic sep mtrr pge mca cmov pat pse36 clflush mmx fxsr sse sse2 ss ht syscall nx pdpe1gb rdtscp lm constant_tsc arch_perfmon nopl xtopology tsc_reliable nonstop_tsc cpuid pni pclmulqdq ssse3 fma cx16 pcid sse4_1 sse4_2 x2apic movbe popcnt tsc_deadline_timer aes xsave avx f16c rdrand hypervisor lahf_lm abm 3dnowprefetch cpuid_fault invpcid_single pti ssbd ibrs ibpb stibp fsgsbase tsc_adjust bmi1 avx2 smep bmi2 invpcid mpx rdseed adx smap clflushopt xsaveopt xsavec xsaves arat md_clear flush_l1d arch_capabilities
bugs		: cpu_meltdown spectre_v1 spectre_v2 spec_store_bypass l1tf mds swapgs itlb_multihit
bogomips	: 5616.00
clflush size	: 64
cache_alignment	: 64
address sizes	: 43 bits physical, 48 bits virtual
power management:



Memory: 4k page, physical 4015928k(829256k free), swap 998396k(584k free)

vm_info: Java HotSpot(TM) 64-Bit Server VM (25.201-b09) for linux-amd64 JRE (1.8.0_201-b09), built on Dec 15 2018 11:35:59 by "java_re" with gcc 7.3.0

time: Sun Mar 29 01:18:42 2020
timezone: CST
elapsed time: 36 seconds (0d 0h 0m 36s)

