#
# There is insufficient memory for the Java Runtime Environment to continue.
# Native memory allocation (mmap) failed to map 57147392 bytes for committing reserved memory.
# Possible reasons:
#   The system is out of physical RAM or swap space
#   The process is running with CompressedOops enabled, and the Java Heap may be blocking the growth of the native heap
# Possible solutions:
#   Reduce memory load on the system
#   Increase physical memory or swap space
#   Check if swap backing store is full
#   Decrease Java heap size (-Xmx/-Xms)
#   Decrease number of Java threads
#   Decrease Java thread stack sizes (-Xss)
#   Set larger code cache with -XX:ReservedCodeCacheSize=
#   JVM is running with Unscaled Compressed Oops mode in which the Java heap is
#     placed in the first 4GB address space. The Java Heap base address is the
#     maximum limit for the native heap growth. Please use -XX:HeapBaseMinAddress
#     to set the Java Heap base and to place the Java Heap above 4GB virtual address.
# This output file may be truncated or incomplete.
#
#  Out of Memory Error (os_linux.cpp:2749), pid=49588, tid=0x00007f9b2a04e700
#
# JRE version: Java(TM) SE Runtime Environment (8.0_201-b09) (build 1.8.0_201-b09)
# Java VM: Java HotSpot(TM) 64-Bit Server VM (25.201-b09 mixed mode linux-amd64 compressed oops)
# Failed to write core dump. Core dumps have been disabled. To enable core dumping, try "ulimit -c unlimited" before starting Java again
#

---------------  T H R E A D  ---------------

Current thread (0x00007f9b48140000):  VMThread [stack: 0x00007f9b29f4e000,0x00007f9b2a04f000] [id=49640]

Stack: [0x00007f9b29f4e000,0x00007f9b2a04f000],  sp=0x00007f9b2a04d450,  free space=1021k
Native frames: (J=compiled Java code, j=interpreted, Vv=VM code, C=native code)
V  [libjvm.so+0xad3525]  VMError::report_and_die()+0x2e5
V  [libjvm.so+0x4e0457]  report_vm_out_of_memory(char const*, int, unsigned long, VMErrorType, char const*)+0x67
V  [libjvm.so+0x9102f0]  os::pd_commit_memory(char*, unsigned long, unsigned long, bool)+0x100
V  [libjvm.so+0x90791f]  os::commit_memory(char*, unsigned long, unsigned long, bool)+0x1f
V  [libjvm.so+0x98c806]  PSVirtualSpace::expand_by(unsigned long)+0x56
V  [libjvm.so+0x98da98]  PSYoungGen::resize(unsigned long, unsigned long)+0xd8
V  [libjvm.so+0x98a236]  PSScavenge::invoke_no_policy()+0x1376
V  [libjvm.so+0x98a5cc]  PSScavenge::invoke()+0x4c
V  [libjvm.so+0x93a318]  ParallelScavengeHeap::failed_mem_allocate(unsigned long)+0x68
V  [libjvm.so+0xad5073]  VM_ParallelGCFailedAllocation::doit()+0x93
V  [libjvm.so+0xada296]  VM_Operation::evaluate()+0x46
V  [libjvm.so+0xad85cd]  VMThread::evaluate_operation(VM_Operation*) [clone .constprop.44]+0xcd
V  [libjvm.so+0xad8bb3]  VMThread::loop()+0x3a3
V  [libjvm.so+0xad8f88]  VMThread::run()+0x78
V  [libjvm.so+0x90d922]  java_start(Thread*)+0x102

VM_Operation (0x00007f9b006ee860): ParallelGCFailedAllocation, mode: safepoint, requested by thread 0x00007f9aec001000


---------------  P R O C E S S  ---------------

Java Threads: ( => current thread )
  0x00007f9aec002800 JavaThread "RMI TCP Connection(3)-127.0.0.1" daemon [_thread_blocked, id=50175, stack(0x00007f9b004f4000,0x00007f9b005f5000)]
  0x00007f9aec001000 JavaThread "RMI TCP Connection(2)-127.0.0.1" daemon [_thread_blocked, id=50025, stack(0x00007f9b005f5000,0x00007f9b006f6000)]
  0x00007f9ac4038000 JavaThread "RMI Scheduler(0)" daemon [_thread_blocked, id=50022, stack(0x00007f9b006f6000,0x00007f9b007f7000)]
  0x00007f9ac4030800 JavaThread "RMI RenewClean-[127.0.0.1:8179]" daemon [_thread_blocked, id=50015, stack(0x00007f9b007f7000,0x00007f9b008f8000)]
  0x00007f9ae8001000 JavaThread "RMI TCP Connection(idle)" daemon [_thread_blocked, id=50008, stack(0x00007f9b008f8000,0x00007f9b009f9000)]
  0x00007f9ad8005000 JavaThread "pool-3-thread-3" [_thread_in_native, id=49941, stack(0x00007f9b009f9000,0x00007f9b00afa000)]
  0x00007f9ad8003000 JavaThread "pool-3-thread-2" [_thread_in_native, id=49939, stack(0x00007f9b00afa000,0x00007f9b00bfb000)]
  0x00007f9ad8002000 JavaThread "pool-3-thread-1" [_thread_in_native, id=49938, stack(0x00007f9b00bfb000,0x00007f9b00cfc000)]
  0x00007f9b483f7000 JavaThread "Thread-3" [_thread_in_native, id=49797, stack(0x00007f9b00cfc000,0x00007f9b00dfd000)]
  0x00007f9b483f5800 JavaThread "Thread-2" [_thread_in_native, id=49787, stack(0x00007f9b00dfd000,0x00007f9b00efe000)]
  0x00007f9b483f3800 JavaThread "process reaper" daemon [_thread_in_native, id=49786, stack(0x00007f9b4c010000,0x00007f9b4c049000)]
  0x00007f9b483ed800 JavaThread "pool-2-thread-1" [_thread_in_native, id=49766, stack(0x00007f9b00efe000,0x00007f9b00fff000)]
  0x00007f9b483ec000 JavaThread "GC Daemon" daemon [_thread_blocked, id=49753, stack(0x00007f9b28037000,0x00007f9b28138000)]
  0x00007f9b483e9000 JavaThread "RMI Reaper" [_thread_blocked, id=49751, stack(0x00007f9b28138000,0x00007f9b28239000)]
  0x00007f9b483e0000 JavaThread "RMI TCP Accept-6642" daemon [_thread_in_native, id=49743, stack(0x00007f9b28239000,0x00007f9b2833a000)]
  0x00007f9b483db000 JavaThread "RMI TCP Accept-8136" daemon [_thread_in_native, id=49740, stack(0x00007f9b2833a000,0x00007f9b2843b000)]
  0x00007f9b48312800 JavaThread "logback-3" daemon [_thread_blocked, id=49716, stack(0x00007f9b2863b000,0x00007f9b2873c000)]
  0x00007f9b4830e800 JavaThread "logback-2" daemon [_thread_blocked, id=49714, stack(0x00007f9b2873c000,0x00007f9b2883d000)]
  0x00007f9b4830d000 JavaThread "logback-1" daemon [_thread_blocked, id=49713, stack(0x00007f9b2883d000,0x00007f9b2893e000)]
  0x00007f9b48189000 JavaThread "Service Thread" daemon [_thread_blocked, id=49698, stack(0x00007f9b28e88000,0x00007f9b28f89000)]
  0x00007f9b48186000 JavaThread "C1 CompilerThread2" daemon [_thread_blocked, id=49680, stack(0x00007f9b28f89000,0x00007f9b2908a000)]
  0x00007f9b48184800 JavaThread "C2 CompilerThread1" daemon [_thread_blocked, id=49672, stack(0x00007f9b2908a000,0x00007f9b2918b000)]
  0x00007f9b48181800 JavaThread "C2 CompilerThread0" daemon [_thread_blocked, id=49671, stack(0x00007f9b2918b000,0x00007f9b2928c000)]
  0x00007f9b48180000 JavaThread "Signal Dispatcher" daemon [_thread_blocked, id=49663, stack(0x00007f9b2928c000,0x00007f9b2938d000)]
  0x00007f9b4814c000 JavaThread "Finalizer" daemon [_thread_blocked, id=49657, stack(0x00007f9b29d4c000,0x00007f9b29e4d000)]
  0x00007f9b48149800 JavaThread "Reference Handler" daemon [_thread_blocked, id=49646, stack(0x00007f9b29e4d000,0x00007f9b29f4e000)]
  0x00007f9b4800a800 JavaThread "main" [_thread_in_native, id=49592, stack(0x00007f9b504ba000,0x00007f9b505bb000)]

Other Threads:
=>0x00007f9b48140000 VMThread [stack: 0x00007f9b29f4e000,0x00007f9b2a04f000] [id=49640]
  0x00007f9b4818b800 WatcherThread [stack: 0x00007f9b28d87000,0x00007f9b28e88000] [id=49705]

VM state:at safepoint (normal execution)

VM Mutex/Monitor currently owned by a thread:  ([mutex/lock_event])
[0x00007f9b48007030] Threads_lock - owner thread: 0x00007f9b48140000
[0x00007f9b48007530] Heap_lock - owner thread: 0x00007f9aec001000

heap address: 0x00000000c2a00000, size: 982 MB, Compressed Oops mode: 32-bit
Narrow klass base: 0x0000000000000000, Narrow klass shift: 3
Compressed class space size: 1073741824 Address: 0x0000000100000000

Heap:
 PSYoungGen      total 155648K, used 2432K [0x00000000eb900000, 0x00000000f7800000, 0x0000000100000000)
  eden space 150016K, 0% used [0x00000000eb900000,0x00000000eb900000,0x00000000f4b80000)
  from space 5632K, 43% used [0x00000000f4b80000,0x00000000f4de0000,0x00000000f5100000)
  to   space 5632K, 0% used [0x00000000f5100000,0x00000000f5100000,0x00000000f5680000)
 ParOldGen       total 42496K, used 19683K [0x00000000c2a00000, 0x00000000c5380000, 0x00000000eb900000)
  object space 42496K, 46% used [0x00000000c2a00000,0x00000000c3d38cf8,0x00000000c5380000)
 Metaspace       used 14221K, capacity 14646K, committed 14848K, reserved 1062912K
  class space    used 1611K, capacity 1744K, committed 1792K, reserved 1048576K

Card table byte_map: [0x00007f9b4d06f000,0x00007f9b4d25b000] byte_map_base: 0x00007f9b4ca5a000

Marking Bits: (ParMarkBitMap*) 0x00007f9b4f991d80
 Begin Bits: [0x00007f9b2a150000, 0x00007f9b2b0a8000)
 End Bits:   [0x00007f9b2b0a8000, 0x00007f9b2c000000)

Polling page: 0x00007f9b505d6000

CodeCache: size=245760Kb used=6949Kb max_used=7011Kb free=238810Kb
 bounds [0x00007f9b39000000, 0x00007f9b396f0000, 0x00007f9b48000000]
 total_blobs=2214 nmethods=1866 adapters=261
 compilation: enabled

Compilation events (10 events):
Event: 45.299 Thread 0x00007f9b48184800 1948 %     4       org.evosuite.shaded.org.objectweb.asm.tree.InsnList::toArray @ 15 (41 bytes)
Event: 45.304 Thread 0x00007f9b48184800 nmethod 1948% 0x00007f9b396adbd0 code [0x00007f9b396add20, 0x00007f9b396ae058]
Event: 45.304 Thread 0x00007f9b48184800 1960       4       org.jgrapht.graph.AbstractBaseGraph$DirectedSpecifics::getEdge (82 bytes)
Event: 45.397 Thread 0x00007f9b48184800 nmethod 1960 0x00007f9b396cd450 code [0x00007f9b396cd6a0, 0x00007f9b396ce308]
Event: 45.398 Thread 0x00007f9b48184800 1858       4       java.lang.Integer::formatUnsignedInt (48 bytes)
Event: 45.400 Thread 0x00007f9b48184800 nmethod 1858 0x00007f9b396ad6d0 code [0x00007f9b396ad820, 0x00007f9b396ad9f8]
Event: 45.400 Thread 0x00007f9b48184800 1947       4       org.evosuite.instrumentation.coverage.MutationInstrumentation::analyze (720 bytes)
Event: 45.573 Thread 0x00007f9b48181800 nmethod 1937 0x00007f9b396d5bd0 code [0x00007f9b396d62a0, 0x00007f9b396dafa8]
Event: 45.573 Thread 0x00007f9b48181800 1958       4       org.evosuite.graphs.cfg.BytecodeInstructionPool::getInstance (43 bytes)
Event: 45.587 Thread 0x00007f9b48181800 nmethod 1958 0x00007f9b39112c10 code [0x00007f9b39112dc0, 0x00007f9b39113258]

GC Heap History (10 events):
Event: 41.851 GC heap after
Heap after GC invocations=9 (full 1):
 PSYoungGen      total 62976K, used 4608K [0x00000000eb900000, 0x00000000efe00000, 0x0000000100000000)
  eden space 58368K, 0% used [0x00000000eb900000,0x00000000eb900000,0x00000000ef200000)
  from space 4608K, 100% used [0x00000000ef780000,0x00000000efc00000,0x00000000efc00000)
  to   space 5632K, 0% used [0x00000000ef200000,0x00000000ef200000,0x00000000ef780000)
 ParOldGen       total 42496K, used 7645K [0x00000000c2a00000, 0x00000000c5380000, 0x00000000eb900000)
  object space 42496K, 17% used [0x00000000c2a00000,0x00000000c31774d8,0x00000000c5380000)
 Metaspace       used 14125K, capacity 14582K, committed 14848K, reserved 1062912K
  class space    used 1611K, capacity 1744K, committed 1792K, reserved 1048576K
}
Event: 42.398 GC heap before
{Heap before GC invocations=10 (full 1):
 PSYoungGen      total 62976K, used 62976K [0x00000000eb900000, 0x00000000efe00000, 0x0000000100000000)
  eden space 58368K, 100% used [0x00000000eb900000,0x00000000ef200000,0x00000000ef200000)
  from space 4608K, 100% used [0x00000000ef780000,0x00000000efc00000,0x00000000efc00000)
  to   space 5632K, 0% used [0x00000000ef200000,0x00000000ef200000,0x00000000ef780000)
 ParOldGen       total 42496K, used 7645K [0x00000000c2a00000, 0x00000000c5380000, 0x00000000eb900000)
  object space 42496K, 17% used [0x00000000c2a00000,0x00000000c31774d8,0x00000000c5380000)
 Metaspace       used 14168K, capacity 14582K, committed 14848K, reserved 1062912K
  class space    used 1611K, capacity 1744K, committed 1792K, reserved 1048576K
Event: 42.408 GC heap after
Heap after GC invocations=10 (full 1):
 PSYoungGen      total 64000K, used 3968K [0x00000000eb900000, 0x00000000f3600000, 0x0000000100000000)
  eden space 58368K, 0% used [0x00000000eb900000,0x00000000eb900000,0x00000000ef200000)
  from space 5632K, 70% used [0x00000000ef200000,0x00000000ef5e0000,0x00000000ef780000)
  to   space 5632K, 0% used [0x00000000f3080000,0x00000000f3080000,0x00000000f3600000)
 ParOldGen       total 42496K, used 8877K [0x00000000c2a00000, 0x00000000c5380000, 0x00000000eb900000)
  object space 42496K, 20% used [0x00000000c2a00000,0x00000000c32ab4d8,0x00000000c5380000)
 Metaspace       used 14168K, capacity 14582K, committed 14848K, reserved 1062912K
  class space    used 1611K, capacity 1744K, committed 1792K, reserved 1048576K
}
Event: 42.861 GC heap before
{Heap before GC invocations=11 (full 1):
 PSYoungGen      total 64000K, used 62336K [0x00000000eb900000, 0x00000000f3600000, 0x0000000100000000)
  eden space 58368K, 100% used [0x00000000eb900000,0x00000000ef200000,0x00000000ef200000)
  from space 5632K, 70% used [0x00000000ef200000,0x00000000ef5e0000,0x00000000ef780000)
  to   space 5632K, 0% used [0x00000000f3080000,0x00000000f3080000,0x00000000f3600000)
 ParOldGen       total 42496K, used 8877K [0x00000000c2a00000, 0x00000000c5380000, 0x00000000eb900000)
  object space 42496K, 20% used [0x00000000c2a00000,0x00000000c32ab4d8,0x00000000c5380000)
 Metaspace       used 14185K, capacity 14646K, committed 14848K, reserved 1062912K
  class space    used 1611K, capacity 1744K, committed 1792K, reserved 1048576K
Event: 42.889 GC heap after
Heap after GC invocations=11 (full 1):
 PSYoungGen      total 97792K, used 4016K [0x00000000eb900000, 0x00000000f3480000, 0x0000000100000000)
  eden space 93696K, 0% used [0x00000000eb900000,0x00000000eb900000,0x00000000f1480000)
  from space 4096K, 98% used [0x00000000f3080000,0x00000000f346c0b0,0x00000000f3480000)
  to   space 5632K, 0% used [0x00000000f2980000,0x00000000f2980000,0x00000000f2f00000)
 ParOldGen       total 42496K, used 10829K [0x00000000c2a00000, 0x00000000c5380000, 0x00000000eb900000)
  object space 42496K, 25% used [0x00000000c2a00000,0x00000000c34934d8,0x00000000c5380000)
 Metaspace       used 14185K, capacity 14646K, committed 14848K, reserved 1062912K
  class space    used 1611K, capacity 1744K, committed 1792K, reserved 1048576K
}
Event: 43.427 GC heap before
{Heap before GC invocations=12 (full 1):
 PSYoungGen      total 97792K, used 97712K [0x00000000eb900000, 0x00000000f3480000, 0x0000000100000000)
  eden space 93696K, 100% used [0x00000000eb900000,0x00000000f1480000,0x00000000f1480000)
  from space 4096K, 98% used [0x00000000f3080000,0x00000000f346c0b0,0x00000000f3480000)
  to   space 5632K, 0% used [0x00000000f2980000,0x00000000f2980000,0x00000000f2f00000)
 ParOldGen       total 42496K, used 10829K [0x00000000c2a00000, 0x00000000c5380000, 0x00000000eb900000)
  object space 42496K, 25% used [0x00000000c2a00000,0x00000000c34934d8,0x00000000c5380000)
 Metaspace       used 14198K, capacity 14646K, committed 14848K, reserved 1062912K
  class space    used 1611K, capacity 1744K, committed 1792K, reserved 1048576K
Event: 43.439 GC heap after
Heap after GC invocations=12 (full 1):
 PSYoungGen      total 120832K, used 2592K [0x00000000eb900000, 0x00000000f5680000, 0x0000000100000000)
  eden space 115200K, 0% used [0x00000000eb900000,0x00000000eb900000,0x00000000f2980000)
  from space 5632K, 46% used [0x00000000f2980000,0x00000000f2c080a0,0x00000000f2f00000)
  to   space 5632K, 0% used [0x00000000f5100000,0x00000000f5100000,0x00000000f5680000)
 ParOldGen       total 42496K, used 12874K [0x00000000c2a00000, 0x00000000c5380000, 0x00000000eb900000)
  object space 42496K, 30% used [0x00000000c2a00000,0x00000000c3692a38,0x00000000c5380000)
 Metaspace       used 14198K, capacity 14646K, committed 14848K, reserved 1062912K
  class space    used 1611K, capacity 1744K, committed 1792K, reserved 1048576K
}
Event: 44.415 GC heap before
{Heap before GC invocations=13 (full 1):
 PSYoungGen      total 120832K, used 117792K [0x00000000eb900000, 0x00000000f5680000, 0x0000000100000000)
  eden space 115200K, 100% used [0x00000000eb900000,0x00000000f2980000,0x00000000f2980000)
  from space 5632K, 46% used [0x00000000f2980000,0x00000000f2c080a0,0x00000000f2f00000)
  to   space 5632K, 0% used [0x00000000f5100000,0x00000000f5100000,0x00000000f5680000)
 ParOldGen       total 42496K, used 12874K [0x00000000c2a00000, 0x00000000c5380000, 0x00000000eb900000)
  object space 42496K, 30% used [0x00000000c2a00000,0x00000000c3692a38,0x00000000c5380000)
 Metaspace       used 14216K, capacity 14646K, committed 14848K, reserved 1062912K
  class space    used 1611K, capacity 1744K, committed 1792K, reserved 1048576K
Event: 44.426 GC heap after
Heap after GC invocations=13 (full 1):
 PSYoungGen      total 155648K, used 4664K [0x00000000eb900000, 0x00000000f7800000, 0x0000000100000000)
  eden space 150016K, 0% used [0x00000000eb900000,0x00000000eb900000,0x00000000f4b80000)
  from space 5632K, 82% used [0x00000000f5100000,0x00000000f558e1c8,0x00000000f5680000)
  to   space 5632K, 0% used [0x00000000f4b80000,0x00000000f4b80000,0x00000000f5100000)
 ParOldGen       total 42496K, used 15246K [0x00000000c2a00000, 0x00000000c5380000, 0x00000000eb900000)
  object space 42496K, 35% used [0x00000000c2a00000,0x00000000c38e3a28,0x00000000c5380000)
 Metaspace       used 14216K, capacity 14646K, committed 14848K, reserved 1062912K
  class space    used 1611K, capacity 1744K, committed 1792K, reserved 1048576K
}
Event: 45.600 GC heap before
{Heap before GC invocations=14 (full 1):
 PSYoungGen      total 155648K, used 154680K [0x00000000eb900000, 0x00000000f7800000, 0x0000000100000000)
  eden space 150016K, 100% used [0x00000000eb900000,0x00000000f4b80000,0x00000000f4b80000)
  from space 5632K, 82% used [0x00000000f5100000,0x00000000f558e1c8,0x00000000f5680000)
  to   space 5632K, 0% used [0x00000000f4b80000,0x00000000f4b80000,0x00000000f5100000)
 ParOldGen       total 42496K, used 15246K [0x00000000c2a00000, 0x00000000c5380000, 0x00000000eb900000)
  object space 42496K, 35% used [0x00000000c2a00000,0x00000000c38e3a28,0x00000000c5380000)
 Metaspace       used 14221K, capacity 14646K, committed 14848K, reserved 1062912K
  class space    used 1611K, capacity 1744K, committed 1792K, reserved 1048576K

Deoptimization events (10 events):
Event: 38.460 Thread 0x00007f9aec001000 Uncommon trap: reason=unstable_if action=reinterpret pc=0x00007f9b39549ddc method=java.util.AbstractCollection.addAll(Ljava/util/Collection;)Z @ 32
Event: 39.259 Thread 0x00007f9aec001000 Uncommon trap: reason=unstable_if action=reinterpret pc=0x00007f9b39447190 method=java.util.HashMap.putVal(ILjava/lang/Object;Ljava/lang/Object;ZZ)Ljava/lang/Object; @ 162
Event: 39.314 Thread 0x00007f9aec001000 Uncommon trap: reason=bimorphic action=maybe_recompile pc=0x00007f9b395b7cd0 method=java.util.AbstractCollection.addAll(Ljava/util/Collection;)Z @ 3
Event: 39.314 Thread 0x00007f9aec001000 Uncommon trap: reason=bimorphic action=maybe_recompile pc=0x00007f9b395b7cd0 method=java.util.AbstractCollection.addAll(Ljava/util/Collection;)Z @ 3
Event: 39.314 Thread 0x00007f9aec001000 Uncommon trap: reason=bimorphic action=maybe_recompile pc=0x00007f9b395b7cd0 method=java.util.AbstractCollection.addAll(Ljava/util/Collection;)Z @ 3
Event: 39.314 Thread 0x00007f9aec001000 Uncommon trap: reason=bimorphic action=maybe_recompile pc=0x00007f9b395b7cd0 method=java.util.AbstractCollection.addAll(Ljava/util/Collection;)Z @ 3
Event: 41.213 Thread 0x00007f9aec001000 Uncommon trap: reason=unstable_if action=reinterpret pc=0x00007f9b3958e46c method=org.evosuite.shaded.org.objectweb.asm.Frame.merge(Lorg/evosuite/shaded/org/objectweb/asm/ClassWriter;I[II)Z @ 61
Event: 42.454 Thread 0x00007f9aec001000 Uncommon trap: reason=unstable_if action=reinterpret pc=0x00007f9b394df854 method=org.evosuite.shaded.org.objectweb.asm.Frame.push(I)V @ 26
Event: 42.469 Thread 0x00007f9aec001000 Uncommon trap: reason=unstable_if action=reinterpret pc=0x00007f9b3965050c method=org.evosuite.shaded.org.objectweb.asm.tree.analysis.SourceInterpreter.merge(Lorg/evosuite/shaded/org/objectweb/asm/tree/analysis/SourceValue;Lorg/evosuite/shaded/org/objectw
Event: 43.532 Thread 0x00007f9aec001000 Uncommon trap: reason=unstable_if action=reinterpret pc=0x00007f9b39534b40 method=org.evosuite.shaded.org.objectweb.asm.Frame.push(I)V @ 26

Classes redefined (0 events):
No events

Internal exceptions (10 events):
Event: 21.319 Thread 0x00007f9b48312800 Exception <a 'java/net/ConnectException'> (0x00000000ebbb3f30) thrown at [/HUDSON/workspace/8-2-build-linux-amd64/jdk8u201/12317/hotspot/src/share/vm/prims/jni.cpp, line 709]
Event: 31.509 Thread 0x00007f9b48312800 Exception <a 'java/net/ConnectException'> (0x00000000ebbb4a58) thrown at [/HUDSON/workspace/8-2-build-linux-amd64/jdk8u201/12317/hotspot/src/share/vm/prims/jni.cpp, line 709]
Event: 31.511 Thread 0x00007f9b4830d000 Exception <a 'java/net/ConnectException'> (0x00000000ebb65308) thrown at [/HUDSON/workspace/8-2-build-linux-amd64/jdk8u201/12317/hotspot/src/share/vm/prims/jni.cpp, line 709]
Event: 31.604 Thread 0x00007f9b4830e800 Exception <a 'java/net/ConnectException'> (0x00000000ebb8ceb0) thrown at [/HUDSON/workspace/8-2-build-linux-amd64/jdk8u201/12317/hotspot/src/share/vm/prims/jni.cpp, line 709]
Event: 35.533 Thread 0x00007f9aec001000 Exception <a 'java/lang/NoSuchMethodError': <clinit>> (0x00000000ec2149d8) thrown at [/HUDSON/workspace/8-2-build-linux-amd64/jdk8u201/12317/hotspot/src/share/vm/prims/jni.cpp, line 1613]
Event: 37.743 Thread 0x00007f9aec001000 Implicit null exception at 0x00007f9b391ed6f5 to 0x00007f9b391eda9d
Event: 37.811 Thread 0x00007f9aec001000 Implicit null exception at 0x00007f9b391e19b6 to 0x00007f9b391e1d61
Event: 41.520 Thread 0x00007f9b4830d000 Exception <a 'java/net/ConnectException'> (0x00000000eb987d40) thrown at [/HUDSON/workspace/8-2-build-linux-amd64/jdk8u201/12317/hotspot/src/share/vm/prims/jni.cpp, line 709]
Event: 41.528 Thread 0x00007f9b48312800 Exception <a 'java/net/ConnectException'> (0x00000000ec09d730) thrown at [/HUDSON/workspace/8-2-build-linux-amd64/jdk8u201/12317/hotspot/src/share/vm/prims/jni.cpp, line 709]
Event: 41.634 Thread 0x00007f9b4830e800 Exception <a 'java/net/ConnectException'> (0x00000000ec9529a8) thrown at [/HUDSON/workspace/8-2-build-linux-amd64/jdk8u201/12317/hotspot/src/share/vm/prims/jni.cpp, line 709]

Events (10 events):
Event: 45.573 Thread 0x00007f9b48181800 flushing nmethod 0x00007f9b39115110
Event: 45.573 Thread 0x00007f9b48181800 flushing nmethod 0x00007f9b39116310
Event: 45.573 Thread 0x00007f9b48181800 flushing nmethod 0x00007f9b39126710
Event: 45.573 Thread 0x00007f9b48181800 flushing nmethod 0x00007f9b39127c90
Event: 45.573 Thread 0x00007f9b48181800 flushing nmethod 0x00007f9b391312d0
Event: 45.573 Thread 0x00007f9b48181800 flushing nmethod 0x00007f9b39132e90
Event: 45.573 Thread 0x00007f9b48181800 flushing nmethod 0x00007f9b39136e50
Event: 45.587 Thread 0x00007f9b48181800 flushing nmethod 0x00007f9b39150b90
Event: 45.587 Thread 0x00007f9b48181800 flushing nmethod 0x00007f9b39169b50
Event: 45.594 Executing VM operation: ParallelGCFailedAllocation


Dynamic libraries:
00400000-00401000 r-xp 00000000 08:01 654793                             /usr/lib/jdk/jdk1.8.0_201/bin/java
00600000-00601000 r--p 00000000 08:01 654793                             /usr/lib/jdk/jdk1.8.0_201/bin/java
00601000-00602000 rw-p 00001000 08:01 654793                             /usr/lib/jdk/jdk1.8.0_201/bin/java
016ac000-0183a000 rw-p 00000000 00:00 0                                  [heap]
c2a00000-c5380000 rw-p 00000000 00:00 0 
c5380000-eb900000 ---p 00000000 00:00 0 
eb900000-f7800000 rw-p 00000000 00:00 0 
fae80000-100000000 ---p 00000000 00:00 0 
100000000-1001c0000 rw-p 00000000 00:00 0 
1001c0000-140000000 ---p 00000000 00:00 0 
7f9ab8000000-7f9ab8021000 rw-p 00000000 00:00 0 
7f9ab8021000-7f9abc000000 ---p 00000000 00:00 0 
7f9abc000000-7f9abc021000 rw-p 00000000 00:00 0 
7f9abc021000-7f9ac0000000 ---p 00000000 00:00 0 
7f9ac0000000-7f9ac0021000 rw-p 00000000 00:00 0 
7f9ac0021000-7f9ac4000000 ---p 00000000 00:00 0 
7f9ac4000000-7f9ac403b000 rw-p 00000000 00:00 0 
7f9ac403b000-7f9ac8000000 ---p 00000000 00:00 0 
7f9ac8000000-7f9ac8021000 rw-p 00000000 00:00 0 
7f9ac8021000-7f9acc000000 ---p 00000000 00:00 0 
7f9acc000000-7f9acc021000 rw-p 00000000 00:00 0 
7f9acc021000-7f9ad0000000 ---p 00000000 00:00 0 
7f9ad0000000-7f9ad0021000 rw-p 00000000 00:00 0 
7f9ad0021000-7f9ad4000000 ---p 00000000 00:00 0 
7f9ad4000000-7f9ad4021000 rw-p 00000000 00:00 0 
7f9ad4021000-7f9ad8000000 ---p 00000000 00:00 0 
7f9ad8000000-7f9ad8021000 rw-p 00000000 00:00 0 
7f9ad8021000-7f9adc000000 ---p 00000000 00:00 0 
7f9adc000000-7f9adc021000 rw-p 00000000 00:00 0 
7f9adc021000-7f9ae0000000 ---p 00000000 00:00 0 
7f9ae0000000-7f9ae0021000 rw-p 00000000 00:00 0 
7f9ae0021000-7f9ae4000000 ---p 00000000 00:00 0 
7f9ae4000000-7f9ae4021000 rw-p 00000000 00:00 0 
7f9ae4021000-7f9ae8000000 ---p 00000000 00:00 0 
7f9ae8000000-7f9ae8021000 rw-p 00000000 00:00 0 
7f9ae8021000-7f9aec000000 ---p 00000000 00:00 0 
7f9aec000000-7f9aec021000 rw-p 00000000 00:00 0 
7f9aec021000-7f9af0000000 ---p 00000000 00:00 0 
7f9af0000000-7f9af0021000 rw-p 00000000 00:00 0 
7f9af0021000-7f9af4000000 ---p 00000000 00:00 0 
7f9af4000000-7f9af4021000 rw-p 00000000 00:00 0 
7f9af4021000-7f9af8000000 ---p 00000000 00:00 0 
7f9af8000000-7f9af8021000 rw-p 00000000 00:00 0 
7f9af8021000-7f9afc000000 ---p 00000000 00:00 0 
7f9afc000000-7f9afc021000 rw-p 00000000 00:00 0 
7f9afc021000-7f9b00000000 ---p 00000000 00:00 0 
7f9b000f4000-7f9b001b4000 rw-p 00000000 00:00 0 
7f9b001b4000-7f9b002f4000 ---p 00000000 00:00 0 
7f9b002f4000-7f9b004f4000 rw-p 00000000 00:00 0 
7f9b004f4000-7f9b004f7000 ---p 00000000 00:00 0 
7f9b004f7000-7f9b005f5000 rw-p 00000000 00:00 0 
7f9b005f5000-7f9b005f8000 ---p 00000000 00:00 0 
7f9b005f8000-7f9b006f6000 rw-p 00000000 00:00 0 
7f9b006f6000-7f9b006f9000 ---p 00000000 00:00 0 
7f9b006f9000-7f9b007f7000 rw-p 00000000 00:00 0 
7f9b007f7000-7f9b007fa000 ---p 00000000 00:00 0 
7f9b007fa000-7f9b008f8000 rw-p 00000000 00:00 0 
7f9b008f8000-7f9b008fb000 ---p 00000000 00:00 0 
7f9b008fb000-7f9b009f9000 rw-p 00000000 00:00 0 
7f9b009f9000-7f9b009fc000 ---p 00000000 00:00 0 
7f9b009fc000-7f9b00afa000 rw-p 00000000 00:00 0 
7f9b00afa000-7f9b00afd000 ---p 00000000 00:00 0 
7f9b00afd000-7f9b00bfb000 rw-p 00000000 00:00 0 
7f9b00bfb000-7f9b00bfe000 ---p 00000000 00:00 0 
7f9b00bfe000-7f9b00cfc000 rw-p 00000000 00:00 0 
7f9b00cfc000-7f9b00cff000 ---p 00000000 00:00 0 
7f9b00cff000-7f9b00dfd000 rw-p 00000000 00:00 0 
7f9b00dfd000-7f9b00e00000 ---p 00000000 00:00 0 
7f9b00e00000-7f9b00efe000 rw-p 00000000 00:00 0 
7f9b00efe000-7f9b00f01000 ---p 00000000 00:00 0 
7f9b00f01000-7f9b04000000 rw-p 00000000 00:00 0 
7f9b04000000-7f9b048d7000 rw-p 00000000 00:00 0 
7f9b048d7000-7f9b08000000 ---p 00000000 00:00 0 
7f9b08000000-7f9b08021000 rw-p 00000000 00:00 0 
7f9b08021000-7f9b0c000000 ---p 00000000 00:00 0 
7f9b0c000000-7f9b0ce75000 rw-p 00000000 00:00 0 
7f9b0ce75000-7f9b10000000 ---p 00000000 00:00 0 
7f9b10000000-7f9b10ab4000 rw-p 00000000 00:00 0 
7f9b10ab4000-7f9b14000000 ---p 00000000 00:00 0 
7f9b14000000-7f9b14021000 rw-p 00000000 00:00 0 
7f9b14021000-7f9b18000000 ---p 00000000 00:00 0 
7f9b18000000-7f9b18021000 rw-p 00000000 00:00 0 
7f9b18021000-7f9b1c000000 ---p 00000000 00:00 0 
7f9b1c000000-7f9b1c2a3000 rw-p 00000000 00:00 0 
7f9b1c2a3000-7f9b20000000 ---p 00000000 00:00 0 
7f9b20000000-7f9b20021000 rw-p 00000000 00:00 0 
7f9b20021000-7f9b24000000 ---p 00000000 00:00 0 
7f9b24000000-7f9b24021000 rw-p 00000000 00:00 0 
7f9b24021000-7f9b28000000 ---p 00000000 00:00 0 
7f9b2801b000-7f9b28037000 r--s 00393000 08:01 656354                     /usr/lib/jdk/jdk1.8.0_201/jre/lib/ext/cldrdata.jar
7f9b28037000-7f9b2803a000 ---p 00000000 00:00 0 
7f9b2803a000-7f9b28138000 rw-p 00000000 00:00 0 
7f9b28138000-7f9b2813b000 ---p 00000000 00:00 0 
7f9b2813b000-7f9b28239000 rw-p 00000000 00:00 0 
7f9b28239000-7f9b2823c000 ---p 00000000 00:00 0 
7f9b2823c000-7f9b2833a000 rw-p 00000000 00:00 0 
7f9b2833a000-7f9b2833d000 ---p 00000000 00:00 0 
7f9b2833d000-7f9b2863b000 rw-p 00000000 00:00 0 
7f9b2863b000-7f9b2863e000 ---p 00000000 00:00 0 
7f9b2863e000-7f9b2873c000 rw-p 00000000 00:00 0 
7f9b2873c000-7f9b2873f000 ---p 00000000 00:00 0 
7f9b2873f000-7f9b2883d000 rw-p 00000000 00:00 0 
7f9b2883d000-7f9b28840000 ---p 00000000 00:00 0 
7f9b28840000-7f9b2893e000 rw-p 00000000 00:00 0 
7f9b2893e000-7f9b28954000 r-xp 00000000 08:01 656512                     /usr/lib/jdk/jdk1.8.0_201/jre/lib/amd64/libnet.so
7f9b28954000-7f9b28b54000 ---p 00016000 08:01 656512                     /usr/lib/jdk/jdk1.8.0_201/jre/lib/amd64/libnet.so
7f9b28b54000-7f9b28b55000 r--p 00016000 08:01 656512                     /usr/lib/jdk/jdk1.8.0_201/jre/lib/amd64/libnet.so
7f9b28b55000-7f9b28b56000 rw-p 00017000 08:01 656512                     /usr/lib/jdk/jdk1.8.0_201/jre/lib/amd64/libnet.so
7f9b28b56000-7f9b28d87000 r--s 01bb1000 08:01 403225                     /home/hewitt/work/DiffTGen-master/lib/evosuite-1.0.6.jar
7f9b28d87000-7f9b28d88000 ---p 00000000 00:00 0 
7f9b28d88000-7f9b28e88000 rw-p 00000000 00:00 0 
7f9b28e88000-7f9b28e8b000 ---p 00000000 00:00 0 
7f9b28e8b000-7f9b28f89000 rw-p 00000000 00:00 0 
7f9b28f89000-7f9b28f8c000 ---p 00000000 00:00 0 
7f9b28f8c000-7f9b2908a000 rw-p 00000000 00:00 0 
7f9b2908a000-7f9b2908d000 ---p 00000000 00:00 0 
7f9b2908d000-7f9b2918b000 rw-p 00000000 00:00 0 
7f9b2918b000-7f9b2918e000 ---p 00000000 00:00 0 
7f9b2918e000-7f9b2928c000 rw-p 00000000 00:00 0 
7f9b2928c000-7f9b2928f000 ---p 00000000 00:00 0 
7f9b2928f000-7f9b2938d000 rw-p 00000000 00:00 0 
7f9b2938d000-7f9b29d4c000 r--p 00000000 08:01 270368                     /usr/lib/locale/locale-archive
7f9b29d4c000-7f9b29d4f000 ---p 00000000 00:00 0 
7f9b29d4f000-7f9b29e4d000 rw-p 00000000 00:00 0 
7f9b29e4d000-7f9b29e50000 ---p 00000000 00:00 0 
7f9b29e50000-7f9b29f4e000 rw-p 00000000 00:00 0 
7f9b29f4e000-7f9b29f4f000 ---p 00000000 00:00 0 
7f9b29f4f000-7f9b2c000000 rw-p 00000000 00:00 0 
7f9b2c000000-7f9b2c021000 rw-p 00000000 00:00 0 
7f9b2c021000-7f9b30000000 ---p 00000000 00:00 0 
7f9b30000000-7f9b30021000 rw-p 00000000 00:00 0 
7f9b30021000-7f9b34000000 ---p 00000000 00:00 0 
7f9b34000000-7f9b34021000 rw-p 00000000 00:00 0 
7f9b34021000-7f9b38000000 ---p 00000000 00:00 0 
7f9b38005000-7f9b38018000 r--s 00345000 08:01 656331                     /usr/lib/jdk/jdk1.8.0_201/jre/lib/resources.jar
7f9b38018000-7f9b38e26000 rw-p 00000000 00:00 0 
7f9b38e26000-7f9b39000000 r--s 03d6f000 08:01 656293                     /usr/lib/jdk/jdk1.8.0_201/jre/lib/rt.jar
7f9b39000000-7f9b396f0000 rwxp 00000000 00:00 0 
7f9b396f0000-7f9b48000000 ---p 00000000 00:00 0 
7f9b48000000-7f9b484ef000 rw-p 00000000 00:00 0 
7f9b484ef000-7f9b4c000000 ---p 00000000 00:00 0 
7f9b4c010000-7f9b4c013000 ---p 00000000 00:00 0 
7f9b4c013000-7f9b4c049000 rw-p 00000000 00:00 0 
7f9b4c049000-7f9b4c0c2000 r--s 010fd000 08:01 654900                     /usr/lib/jdk/jdk1.8.0_201/lib/tools.jar
7f9b4c0c2000-7f9b4cb23000 rw-p 00000000 00:00 0 
7f9b4cb23000-7f9b4cb24000 ---p 00000000 00:00 0 
7f9b4cb24000-7f9b4cc24000 rw-p 00000000 00:00 0 
7f9b4cc24000-7f9b4cc25000 ---p 00000000 00:00 0 
7f9b4cc25000-7f9b4cd25000 rw-p 00000000 00:00 0 
7f9b4cd25000-7f9b4cd26000 ---p 00000000 00:00 0 
7f9b4cd26000-7f9b4ce26000 rw-p 00000000 00:00 0 
7f9b4ce26000-7f9b4ce27000 ---p 00000000 00:00 0 
7f9b4ce27000-7f9b4cf3c000 rw-p 00000000 00:00 0 
7f9b4cf3c000-7f9b4d06f000 ---p 00000000 00:00 0 
7f9b4d06f000-7f9b4d084000 rw-p 00000000 00:00 0 
7f9b4d084000-7f9b4d1b6000 ---p 00000000 00:00 0 
7f9b4d1b6000-7f9b4d216000 rw-p 00000000 00:00 0 
7f9b4d216000-7f9b4d25a000 ---p 00000000 00:00 0 
7f9b4d25a000-7f9b4d277000 rw-p 00000000 00:00 0 
7f9b4d277000-7f9b4d61b000 ---p 00000000 00:00 0 
7f9b4d61b000-7f9b4d636000 r-xp 00000000 08:01 656508                     /usr/lib/jdk/jdk1.8.0_201/jre/lib/amd64/libzip.so
7f9b4d636000-7f9b4d835000 ---p 0001b000 08:01 656508                     /usr/lib/jdk/jdk1.8.0_201/jre/lib/amd64/libzip.so
7f9b4d835000-7f9b4d836000 r--p 0001a000 08:01 656508                     /usr/lib/jdk/jdk1.8.0_201/jre/lib/amd64/libzip.so
7f9b4d836000-7f9b4d837000 rw-p 0001b000 08:01 656508                     /usr/lib/jdk/jdk1.8.0_201/jre/lib/amd64/libzip.so
7f9b4d837000-7f9b4d842000 r-xp 00000000 08:01 658902                     /lib/x86_64-linux-gnu/libnss_files-2.23.so
7f9b4d842000-7f9b4da41000 ---p 0000b000 08:01 658902                     /lib/x86_64-linux-gnu/libnss_files-2.23.so
7f9b4da41000-7f9b4da42000 r--p 0000a000 08:01 658902                     /lib/x86_64-linux-gnu/libnss_files-2.23.so
7f9b4da42000-7f9b4da43000 rw-p 0000b000 08:01 658902                     /lib/x86_64-linux-gnu/libnss_files-2.23.so
7f9b4da43000-7f9b4da49000 rw-p 00000000 00:00 0 
7f9b4da49000-7f9b4da54000 r-xp 00000000 08:01 658912                     /lib/x86_64-linux-gnu/libnss_nis-2.23.so
7f9b4da54000-7f9b4dc53000 ---p 0000b000 08:01 658912                     /lib/x86_64-linux-gnu/libnss_nis-2.23.so
7f9b4dc53000-7f9b4dc54000 r--p 0000a000 08:01 658912                     /lib/x86_64-linux-gnu/libnss_nis-2.23.so
7f9b4dc54000-7f9b4dc55000 rw-p 0000b000 08:01 658912                     /lib/x86_64-linux-gnu/libnss_nis-2.23.so
7f9b4dc55000-7f9b4dc6b000 r-xp 00000000 08:01 658896                     /lib/x86_64-linux-gnu/libnsl-2.23.so
7f9b4dc6b000-7f9b4de6a000 ---p 00016000 08:01 658896                     /lib/x86_64-linux-gnu/libnsl-2.23.so
7f9b4de6a000-7f9b4de6b000 r--p 00015000 08:01 658896                     /lib/x86_64-linux-gnu/libnsl-2.23.so
7f9b4de6b000-7f9b4de6c000 rw-p 00016000 08:01 658896                     /lib/x86_64-linux-gnu/libnsl-2.23.so
7f9b4de6c000-7f9b4de6e000 rw-p 00000000 00:00 0 
7f9b4de6e000-7f9b4de76000 r-xp 00000000 08:01 658898                     /lib/x86_64-linux-gnu/libnss_compat-2.23.so
7f9b4de76000-7f9b4e075000 ---p 00008000 08:01 658898                     /lib/x86_64-linux-gnu/libnss_compat-2.23.so
7f9b4e075000-7f9b4e076000 r--p 00007000 08:01 658898                     /lib/x86_64-linux-gnu/libnss_compat-2.23.so
7f9b4e076000-7f9b4e077000 rw-p 00008000 08:01 658898                     /lib/x86_64-linux-gnu/libnss_compat-2.23.so
7f9b4e077000-7f9b4e0a3000 r-xp 00000000 08:01 656502                     /usr/lib/jdk/jdk1.8.0_201/jre/lib/amd64/libjava.so
7f9b4e0a3000-7f9b4e2a3000 ---p 0002c000 08:01 656502                     /usr/lib/jdk/jdk1.8.0_201/jre/lib/amd64/libjava.so
7f9b4e2a3000-7f9b4e2a4000 r--p 0002c000 08:01 656502                     /usr/lib/jdk/jdk1.8.0_201/jre/lib/amd64/libjava.so
7f9b4e2a4000-7f9b4e2a6000 rw-p 0002d000 08:01 656502                     /usr/lib/jdk/jdk1.8.0_201/jre/lib/amd64/libjava.so
7f9b4e2a6000-7f9b4e2b3000 r-xp 00000000 08:01 656507                     /usr/lib/jdk/jdk1.8.0_201/jre/lib/amd64/libverify.so
7f9b4e2b3000-7f9b4e4b2000 ---p 0000d000 08:01 656507                     /usr/lib/jdk/jdk1.8.0_201/jre/lib/amd64/libverify.so
7f9b4e4b2000-7f9b4e4b4000 r--p 0000c000 08:01 656507                     /usr/lib/jdk/jdk1.8.0_201/jre/lib/amd64/libverify.so
7f9b4e4b4000-7f9b4e4b5000 rw-p 0000e000 08:01 656507                     /usr/lib/jdk/jdk1.8.0_201/jre/lib/amd64/libverify.so
7f9b4e4b5000-7f9b4e4bc000 r-xp 00000000 08:01 658957                     /lib/x86_64-linux-gnu/librt-2.23.so
7f9b4e4bc000-7f9b4e6bb000 ---p 00007000 08:01 658957                     /lib/x86_64-linux-gnu/librt-2.23.so
7f9b4e6bb000-7f9b4e6bc000 r--p 00006000 08:01 658957                     /lib/x86_64-linux-gnu/librt-2.23.so
7f9b4e6bc000-7f9b4e6bd000 rw-p 00007000 08:01 658957                     /lib/x86_64-linux-gnu/librt-2.23.so
7f9b4e6bd000-7f9b4e7c5000 r-xp 00000000 08:01 658873                     /lib/x86_64-linux-gnu/libm-2.23.so
7f9b4e7c5000-7f9b4e9c4000 ---p 00108000 08:01 658873                     /lib/x86_64-linux-gnu/libm-2.23.so
7f9b4e9c4000-7f9b4e9c5000 r--p 00107000 08:01 658873                     /lib/x86_64-linux-gnu/libm-2.23.so
7f9b4e9c5000-7f9b4e9c6000 rw-p 00108000 08:01 658873                     /lib/x86_64-linux-gnu/libm-2.23.so
7f9b4e9c6000-7f9b4f6ae000 r-xp 00000000 08:01 656484                     /usr/lib/jdk/jdk1.8.0_201/jre/lib/amd64/server/libjvm.so
7f9b4f6ae000-7f9b4f8ad000 ---p 00ce8000 08:01 656484                     /usr/lib/jdk/jdk1.8.0_201/jre/lib/amd64/server/libjvm.so
7f9b4f8ad000-7f9b4f943000 r--p 00ce7000 08:01 656484                     /usr/lib/jdk/jdk1.8.0_201/jre/lib/amd64/server/libjvm.so
7f9b4f943000-7f9b4f974000 rw-p 00d7d000 08:01 656484                     /usr/lib/jdk/jdk1.8.0_201/jre/lib/amd64/server/libjvm.so
7f9b4f974000-7f9b4f9af000 rw-p 00000000 00:00 0 
7f9b4f9af000-7f9b4fb6f000 r-xp 00000000 08:01 658803                     /lib/x86_64-linux-gnu/libc-2.23.so
7f9b4fb6f000-7f9b4fd6f000 ---p 001c0000 08:01 658803                     /lib/x86_64-linux-gnu/libc-2.23.so
7f9b4fd6f000-7f9b4fd73000 r--p 001c0000 08:01 658803                     /lib/x86_64-linux-gnu/libc-2.23.so
7f9b4fd73000-7f9b4fd75000 rw-p 001c4000 08:01 658803                     /lib/x86_64-linux-gnu/libc-2.23.so
7f9b4fd75000-7f9b4fd79000 rw-p 00000000 00:00 0 
7f9b4fd79000-7f9b4fd7c000 r-xp 00000000 08:01 658827                     /lib/x86_64-linux-gnu/libdl-2.23.so
7f9b4fd7c000-7f9b4ff7b000 ---p 00003000 08:01 658827                     /lib/x86_64-linux-gnu/libdl-2.23.so
7f9b4ff7b000-7f9b4ff7c000 r--p 00002000 08:01 658827                     /lib/x86_64-linux-gnu/libdl-2.23.so
7f9b4ff7c000-7f9b4ff7d000 rw-p 00003000 08:01 658827                     /lib/x86_64-linux-gnu/libdl-2.23.so
7f9b4ff7d000-7f9b4ff94000 r-xp 00000000 08:01 656155                     /usr/lib/jdk/jdk1.8.0_201/lib/amd64/jli/libjli.so
7f9b4ff94000-7f9b50193000 ---p 00017000 08:01 656155                     /usr/lib/jdk/jdk1.8.0_201/lib/amd64/jli/libjli.so
7f9b50193000-7f9b50194000 r--p 00016000 08:01 656155                     /usr/lib/jdk/jdk1.8.0_201/lib/amd64/jli/libjli.so
7f9b50194000-7f9b50195000 rw-p 00017000 08:01 656155                     /usr/lib/jdk/jdk1.8.0_201/lib/amd64/jli/libjli.so
7f9b50195000-7f9b501ad000 r-xp 00000000 08:01 658949                     /lib/x86_64-linux-gnu/libpthread-2.23.so
7f9b501ad000-7f9b503ac000 ---p 00018000 08:01 658949                     /lib/x86_64-linux-gnu/libpthread-2.23.so
7f9b503ac000-7f9b503ad000 r--p 00017000 08:01 658949                     /lib/x86_64-linux-gnu/libpthread-2.23.so
7f9b503ad000-7f9b503ae000 rw-p 00018000 08:01 658949                     /lib/x86_64-linux-gnu/libpthread-2.23.so
7f9b503ae000-7f9b503b2000 rw-p 00000000 00:00 0 
7f9b503b2000-7f9b503d8000 r-xp 00000000 08:01 658775                     /lib/x86_64-linux-gnu/ld-2.23.so
7f9b503e3000-7f9b503ed000 r--s 00116000 08:01 656361                     /usr/lib/jdk/jdk1.8.0_201/jre/lib/ext/localedata.jar
7f9b503ed000-7f9b503fc000 r--s 000ad000 08:01 436839                     /home/hewitt/work/DiffTGen-master/output/patch1-Math-80-SOFix/Math_80_1_sofix/target/build/classes/all0.jar
7f9b503fc000-7f9b504ba000 rw-p 00000000 00:00 0 
7f9b504ba000-7f9b504bd000 ---p 00000000 00:00 0 
7f9b504bd000-7f9b505c0000 rw-p 00000000 00:00 0 
7f9b505c0000-7f9b505c4000 r--s 000a1000 08:01 656350                     /usr/lib/jdk/jdk1.8.0_201/jre/lib/jsse.jar
7f9b505c4000-7f9b505cc000 r--s 0006e000 08:01 398946                     /home/hewitt/work/DiffTGen-master/lib/commons-lang3-3.5.jar
7f9b505cc000-7f9b505cd000 r--s 00000000 08:01 398951                     /home/hewitt/work/DiffTGen-master/lib/myprinter.jar
7f9b505cd000-7f9b505d5000 rw-s 00000000 08:01 158734                     /tmp/hsperfdata_hewitt/49588
7f9b505d5000-7f9b505d6000 rw-p 00000000 00:00 0 
7f9b505d6000-7f9b505d7000 ---p 00000000 00:00 0 
7f9b505d7000-7f9b505d8000 r--p 00025000 08:01 658775                     /lib/x86_64-linux-gnu/ld-2.23.so
7f9b505d8000-7f9b505d9000 rw-p 00026000 08:01 658775                     /lib/x86_64-linux-gnu/ld-2.23.so
7f9b505d9000-7f9b505da000 rw-p 00000000 00:00 0 
7ffdc63e6000-7ffdc6408000 rw-p 00000000 00:00 0                          [stack]
7ffdc6580000-7ffdc6583000 r--p 00000000 00:00 0                          [vvar]
7ffdc6583000-7ffdc6585000 r-xp 00000000 00:00 0                          [vdso]
ffffffffff600000-ffffffffff601000 r-xp 00000000 00:00 0                  [vsyscall]

VM Arguments:
java_command: /home/hewitt/work/DiffTGen-master/lib/evosuite-1.0.6.jar -base_dir /home/hewitt/work/DiffTGen-master/output/patch1-Math-80-SOFix/Math_80_1_sofix/target/0/11 -projectCP /home/hewitt/work/DiffTGen-master/output/patch1-Math-80-SOFix/Math_80_1_sofix/target/build/classes/all0.jar:/home/hewitt/work/DiffTGen-master/lib/myprinter.jar:/home/hewitt/work/DiffTGen-master/lib/commons-lang3-3.5.jar -class org.apache.commons.math.linear.EigenDecompositionImpl -Dassertions=false -Dsearch_budget=60
java_class_path (initial): /home/hewitt/work/DiffTGen-master/lib/evosuite-1.0.6.jar
Launcher Type: SUN_STANDARD

Environment Variables:
JAVA_HOME=/usr/lib/jdk/jdk1.8.0_201
JRE_HOME=/usr/lib/jdk/jdk1.8.0_201/jre
CLASSPATH=.:/usr/lib/jdk/jdk1.8.0_201/lib:/usr/lib/jdk/jdk1.8.0_201/jre/lib
PATH=/usr/lib/jdk/jdk1.8.0_201/bin:/home/hewitt/bin:/home/hewitt/.local/bin:/usr/lib/jdk/jdk1.7.0_80/bin:/usr/local/sbin:/usr/local/bin:/usr/sbin:/usr/bin:/sbin:/bin:/usr/games:/usr/local/games:/snap/bin:/home/hewitt/work/defects4j_v1.4.0/defects4j/framework/bin:/opt/apache-ant-1.9.14/bin:/home/hewitt/work/defects4j_v1.4.0/defects4j/framework/bin
SHELL=/bin/bash
DISPLAY=:0

Signal Handlers:
SIGSEGV: [libjvm.so+0xad3e60], sa_mask[0]=11111111011111111101111111111110, sa_flags=SA_RESTART|SA_SIGINFO
SIGBUS: [libjvm.so+0xad3e60], sa_mask[0]=11111111011111111101111111111110, sa_flags=SA_RESTART|SA_SIGINFO
SIGFPE: [libjvm.so+0x90b880], sa_mask[0]=11111111011111111101111111111110, sa_flags=SA_RESTART|SA_SIGINFO
SIGPIPE: [libjvm.so+0x90b880], sa_mask[0]=11111111011111111101111111111110, sa_flags=SA_RESTART|SA_SIGINFO
SIGXFSZ: [libjvm.so+0x90b880], sa_mask[0]=11111111011111111101111111111110, sa_flags=SA_RESTART|SA_SIGINFO
SIGILL: [libjvm.so+0x90b880], sa_mask[0]=11111111011111111101111111111110, sa_flags=SA_RESTART|SA_SIGINFO
SIGUSR1: SIG_DFL, sa_mask[0]=00000000000000000000000000000000, sa_flags=none
SIGUSR2: [libjvm.so+0x90b750], sa_mask[0]=00100000000000000000000000000000, sa_flags=SA_RESTART|SA_SIGINFO
SIGHUP: [libjvm.so+0x90bd70], sa_mask[0]=11111111011111111101111111111110, sa_flags=SA_RESTART|SA_SIGINFO
SIGINT: [libjvm.so+0x90bd70], sa_mask[0]=11111111011111111101111111111110, sa_flags=SA_RESTART|SA_SIGINFO
SIGTERM: [libjvm.so+0x90bd70], sa_mask[0]=11111111011111111101111111111110, sa_flags=SA_RESTART|SA_SIGINFO
SIGQUIT: [libjvm.so+0x90bd70], sa_mask[0]=11111111011111111101111111111110, sa_flags=SA_RESTART|SA_SIGINFO


---------------  S Y S T E M  ---------------

OS:DISTRIB_ID=Ubuntu
DISTRIB_RELEASE=16.04
DISTRIB_CODENAME=xenial
DISTRIB_DESCRIPTION="Ubuntu 16.04.6 LTS"

uname:Linux 4.15.0-91-generic #92~16.04.1-Ubuntu SMP Fri Feb 28 14:57:22 UTC 2020 x86_64
libc:glibc 2.23 NPTL 2.23 
rlimit: STACK 8192k, CORE 0k, NPROC 15448, NOFILE 1048576, AS infinity
load average:17.15 12.70 12.19

/proc/meminfo:
MemTotal:        4015928 kB
MemFree:           93104 kB
MemAvailable:          0 kB
Buffers:             188 kB
Cached:             9004 kB
SwapCached:           72 kB
Active:          2906432 kB
Inactive:         582724 kB
Active(anon):    2901012 kB
Inactive(anon):   580120 kB
Active(file):       5420 kB
Inactive(file):     2604 kB
Unevictable:          48 kB
Mlocked:              48 kB
SwapTotal:        998396 kB
SwapFree:              0 kB
Dirty:               176 kB
Writeback:           124 kB
AnonPages:       3480060 kB
Mapped:             7024 kB
Shmem:               856 kB
Slab:              92488 kB
SReclaimable:      33592 kB
SUnreclaim:        58896 kB
KernelStack:       14480 kB
PageTables:        40996 kB
NFS_Unstable:          0 kB
Bounce:                0 kB
WritebackTmp:          0 kB
CommitLimit:     3006360 kB
Committed_AS:    8522448 kB
VmallocTotal:   34359738367 kB
VmallocUsed:           0 kB
VmallocChunk:          0 kB
HardwareCorrupted:     0 kB
AnonHugePages:         0 kB
ShmemHugePages:        0 kB
ShmemPmdMapped:        0 kB
CmaTotal:              0 kB
CmaFree:               0 kB
HugePages_Total:       0
HugePages_Free:        0
HugePages_Rsvd:        0
HugePages_Surp:        0
Hugepagesize:       2048 kB
DirectMap4k:       98112 kB
DirectMap2M:     4096000 kB
DirectMap1G:     2097152 kB

container (cgroup) information:
container_type: cgroupv1
cpu_cpuset_cpus: 0-3
cpu_memory_nodes: 0
active_processor_count: 4
cpu_quota: -1
cpu_period: 100000
cpu_shares: -1
memory_limit_in_bytes: -1
memory_and_swap_limit_in_bytes: -2
memory_soft_limit_in_bytes: -1
memory_usage_in_bytes: 3573678080
memory_max_usage_in_bytes: 80244736


CPU:total 4 (initial active 4) (2 cores per cpu, 1 threads per core) family 6 model 158 stepping 9, cmov, cx8, fxsr, mmx, sse, sse2, sse3, ssse3, sse4.1, sse4.2, popcnt, avx, avx2, aes, clmul, erms, 3dnowpref, lzcnt, tsc, tscinvbit, bmi1, bmi2, adx

/proc/cpuinfo:
processor	: 0
vendor_id	: GenuineIntel
cpu family	: 6
model		: 158
model name	: Intel(R) Core(TM) i7-7700HQ CPU @ 2.80GHz
stepping	: 9
microcode	: 0xb4
cpu MHz		: 2808.002
cache size	: 6144 KB
physical id	: 0
siblings	: 2
core id		: 0
cpu cores	: 2
apicid		: 0
initial apicid	: 0
fpu		: yes
fpu_exception	: yes
cpuid level	: 22
wp		: yes
flags		: fpu vme de pse tsc msr pae mce cx8 apic sep mtrr pge mca cmov pat pse36 clflush mmx fxsr sse sse2 ss ht syscall nx pdpe1gb rdtscp lm constant_tsc arch_perfmon nopl xtopology tsc_reliable nonstop_tsc cpuid pni pclmulqdq ssse3 fma cx16 pcid sse4_1 sse4_2 x2apic movbe popcnt tsc_deadline_timer aes xsave avx f16c rdrand hypervisor lahf_lm abm 3dnowprefetch cpuid_fault invpcid_single pti ssbd ibrs ibpb stibp fsgsbase tsc_adjust bmi1 avx2 smep bmi2 invpcid mpx rdseed adx smap clflushopt xsaveopt xsavec xsaves arat md_clear flush_l1d arch_capabilities
bugs		: cpu_meltdown spectre_v1 spectre_v2 spec_store_bypass l1tf mds swapgs itlb_multihit
bogomips	: 5616.00
clflush size	: 64
cache_alignment	: 64
address sizes	: 43 bits physical, 48 bits virtual
power management:

processor	: 1
vendor_id	: GenuineIntel
cpu family	: 6
model		: 158
model name	: Intel(R) Core(TM) i7-7700HQ CPU @ 2.80GHz
stepping	: 9
microcode	: 0xb4
cpu MHz		: 2808.002
cache size	: 6144 KB
physical id	: 0
siblings	: 2
core id		: 1
cpu cores	: 2
apicid		: 1
initial apicid	: 1
fpu		: yes
fpu_exception	: yes
cpuid level	: 22
wp		: yes
flags		: fpu vme de pse tsc msr pae mce cx8 apic sep mtrr pge mca cmov pat pse36 clflush mmx fxsr sse sse2 ss ht syscall nx pdpe1gb rdtscp lm constant_tsc arch_perfmon nopl xtopology tsc_reliable nonstop_tsc cpuid pni pclmulqdq ssse3 fma cx16 pcid sse4_1 sse4_2 x2apic movbe popcnt tsc_deadline_timer aes xsave avx f16c rdrand hypervisor lahf_lm abm 3dnowprefetch cpuid_fault invpcid_single pti ssbd ibrs ibpb stibp fsgsbase tsc_adjust bmi1 avx2 smep bmi2 invpcid mpx rdseed adx smap clflushopt xsaveopt xsavec xsaves arat md_clear flush_l1d arch_capabilities
bugs		: cpu_meltdown spectre_v1 spectre_v2 spec_store_bypass l1tf mds swapgs itlb_multihit
bogomips	: 5616.00
clflush size	: 64
cache_alignment	: 64
address sizes	: 43 bits physical, 48 bits virtual
power management:

processor	: 2
vendor_id	: GenuineIntel
cpu family	: 6
model		: 158
model name	: Intel(R) Core(TM) i7-7700HQ CPU @ 2.80GHz
stepping	: 9
microcode	: 0xb4
cpu MHz		: 2808.002
cache size	: 6144 KB
physical id	: 1
siblings	: 2
core id		: 0
cpu cores	: 2
apicid		: 2
initial apicid	: 2
fpu		: yes
fpu_exception	: yes
cpuid level	: 22
wp		: yes
flags		: fpu vme de pse tsc msr pae mce cx8 apic sep mtrr pge mca cmov pat pse36 clflush mmx fxsr sse sse2 ss ht syscall nx pdpe1gb rdtscp lm constant_tsc arch_perfmon nopl xtopology tsc_reliable nonstop_tsc cpuid pni pclmulqdq ssse3 fma cx16 pcid sse4_1 sse4_2 x2apic movbe popcnt tsc_deadline_timer aes xsave avx f16c rdrand hypervisor lahf_lm abm 3dnowprefetch cpuid_fault invpcid_single pti ssbd ibrs ibpb stibp fsgsbase tsc_adjust bmi1 avx2 smep bmi2 invpcid mpx rdseed adx smap clflushopt xsaveopt xsavec xsaves arat md_clear flush_l1d arch_capabilities
bugs		: cpu_meltdown spectre_v1 spectre_v2 spec_store_bypass l1tf mds swapgs itlb_multihit
bogomips	: 5616.00
clflush size	: 64
cache_alignment	: 64
address sizes	: 43 bits physical, 48 bits virtual
power management:

processor	: 3
vendor_id	: GenuineIntel
cpu family	: 6
model		: 158
model name	: Intel(R) Core(TM) i7-7700HQ CPU @ 2.80GHz
stepping	: 9
microcode	: 0xb4
cpu MHz		: 2808.002
cache size	: 6144 KB
physical id	: 1
siblings	: 2
core id		: 1
cpu cores	: 2
apicid		: 3
initial apicid	: 3
fpu		: yes
fpu_exception	: yes
cpuid level	: 22
wp		: yes
flags		: fpu vme de pse tsc msr pae mce cx8 apic sep mtrr pge mca cmov pat pse36 clflush mmx fxsr sse sse2 ss ht syscall nx pdpe1gb rdtscp lm constant_tsc arch_perfmon nopl xtopology tsc_reliable nonstop_tsc cpuid pni pclmulqdq ssse3 fma cx16 pcid sse4_1 sse4_2 x2apic movbe popcnt tsc_deadline_timer aes xsave avx f16c rdrand hypervisor lahf_lm abm 3dnowprefetch cpuid_fault invpcid_single pti ssbd ibrs ibpb stibp fsgsbase tsc_adjust bmi1 avx2 smep bmi2 invpcid mpx rdseed adx smap clflushopt xsaveopt xsavec xsaves arat md_clear flush_l1d arch_capabilities
bugs		: cpu_meltdown spectre_v1 spectre_v2 spec_store_bypass l1tf mds swapgs itlb_multihit
bogomips	: 5616.00
clflush size	: 64
cache_alignment	: 64
address sizes	: 43 bits physical, 48 bits virtual
power management:



Memory: 4k page, physical 4015928k(92412k free), swap 998396k(0k free)

vm_info: Java HotSpot(TM) 64-Bit Server VM (25.201-b09) for linux-amd64 JRE (1.8.0_201-b09), built on Dec 15 2018 11:35:59 by "java_re" with gcc 7.3.0

time: Sun Mar 29 16:34:57 2020
timezone: CST
elapsed time: 46 seconds (0d 0h 0m 46s)

