#
# There is insufficient memory for the Java Runtime Environment to continue.
# Native memory allocation (mmap) failed to map 65536 bytes for committing reserved memory.
# Possible reasons:
#   The system is out of physical RAM or swap space
#   The process is running with CompressedOops enabled, and the Java Heap may be blocking the growth of the native heap
# Possible solutions:
#   Reduce memory load on the system
#   Increase physical memory or swap space
#   Check if swap backing store is full
#   Decrease Java heap size (-Xmx/-Xms)
#   Decrease number of Java threads
#   Decrease Java thread stack sizes (-Xss)
#   Set larger code cache with -XX:ReservedCodeCacheSize=
#   JVM is running with Unscaled Compressed Oops mode in which the Java heap is
#     placed in the first 4GB address space. The Java Heap base address is the
#     maximum limit for the native heap growth. Please use -XX:HeapBaseMinAddress
#     to set the Java Heap base and to place the Java Heap above 4GB virtual address.
# This output file may be truncated or incomplete.
#
#  Out of Memory Error (os_linux.cpp:2749), pid=95155, tid=0x00007f7b34709700
#
# JRE version: Java(TM) SE Runtime Environment (8.0_201-b09) (build 1.8.0_201-b09)
# Java VM: Java HotSpot(TM) 64-Bit Server VM (25.201-b09 mixed mode linux-amd64 compressed oops)
# Failed to write core dump. Core dumps have been disabled. To enable core dumping, try "ulimit -c unlimited" before starting Java again
#

---------------  T H R E A D  ---------------

Current thread (0x00007f7b48181800):  JavaThread "C2 CompilerThread0" daemon [_thread_in_vm, id=95260, stack(0x00007f7b34609000,0x00007f7b3470a000)]

Stack: [0x00007f7b34609000,0x00007f7b3470a000],  sp=0x00007f7b34705650,  free space=1009k
Native frames: (J=compiled Java code, j=interpreted, Vv=VM code, C=native code)
V  [libjvm.so+0xad3525]  VMError::report_and_die()+0x2e5
V  [libjvm.so+0x4e0457]  report_vm_out_of_memory(char const*, int, unsigned long, VMErrorType, char const*)+0x67
V  [libjvm.so+0x9102f0]  os::pd_commit_memory(char*, unsigned long, unsigned long, bool)+0x100
V  [libjvm.so+0x90791f]  os::commit_memory(char*, unsigned long, unsigned long, bool)+0x1f
V  [libjvm.so+0xacfda0]  VirtualSpace::expand_by(unsigned long, bool)+0x140
V  [libjvm.so+0x60b99d]  CodeHeap::expand_by(unsigned long)+0x6d
V  [libjvm.so+0x45a266]  CodeCache::allocate(int, bool)+0x46
V  [libjvm.so+0x453f7a]  BufferBlob::create(char const*, int)+0x8a
V  [libjvm.so+0x45894b]  CodeBuffer::initialize(int, int)+0x1b
V  [libjvm.so+0x928cd7]  Compile::init_buffer(unsigned int*)+0x1c7
V  [libjvm.so+0x92ddd2]  Compile::Output()+0x312
V  [libjvm.so+0x47ec60]  Compile::Code_Gen()+0x2d0
V  [libjvm.so+0x480251]  Compile::Compile(ciEnv*, C2Compiler*, ciMethod*, int, bool, bool, bool)+0xd91
V  [libjvm.so+0x3c4c4a]  C2Compiler::compile_method(ciEnv*, ciMethod*, int)+0xaa
V  [libjvm.so+0x48b84c]  CompileBroker::invoke_compiler_on_method(CompileTask*)+0x73c
V  [libjvm.so+0x48d488]  CompileBroker::compiler_thread_loop()+0x6d8
V  [libjvm.so+0xa7bb6b]  JavaThread::thread_main_inner()+0xdb
V  [libjvm.so+0xa7be71]  JavaThread::run()+0x2d1
V  [libjvm.so+0x90d922]  java_start(Thread*)+0x102
C  [libpthread.so.0+0x76ba]  start_thread+0xca


Current CompileTask:
C2:  44319 2067   !   4       java.io.ObjectInputStream::readObject0 (566 bytes)


---------------  P R O C E S S  ---------------

Java Threads: ( => current thread )
  0x00007f7ae0002800 JavaThread "RMI TCP Connection(3)-127.0.0.1" daemon [_thread_in_native, id=95719, stack(0x00007f7b26cf1000,0x00007f7b26df2000)]
  0x00007f7ae0001000 JavaThread "RMI TCP Connection(2)-127.0.0.1" daemon [_thread_in_native, id=95590, stack(0x00007f7b26ff2000,0x00007f7b270f3000)]
  0x00007f7ab8034000 JavaThread "RMI Scheduler(0)" daemon [_thread_blocked, id=95586, stack(0x00007f7b270f3000,0x00007f7b271f4000)]
  0x00007f7ab802c800 JavaThread "RMI RenewClean-[127.0.0.1:19395]" daemon [_thread_blocked, id=95577, stack(0x00007f7b271f4000,0x00007f7b272f5000)]
  0x00007f7aec003000 JavaThread "RMI TCP Connection(idle)" daemon [_thread_blocked, id=95564, stack(0x00007f7b272f5000,0x00007f7b273f6000)]
  0x00007f7adc005000 JavaThread "pool-3-thread-3" [_thread_in_native, id=95510, stack(0x00007f7b273f6000,0x00007f7b274f7000)]
  0x00007f7adc003000 JavaThread "pool-3-thread-2" [_thread_in_native, id=95508, stack(0x00007f7b274f7000,0x00007f7b275f8000)]
  0x00007f7adc002000 JavaThread "pool-3-thread-1" [_thread_in_native, id=95505, stack(0x00007f7b275f8000,0x00007f7b276f9000)]
  0x00007f7b4839d000 JavaThread "Thread-3" [_thread_in_native, id=95423, stack(0x00007f7b276f9000,0x00007f7b277fa000)]
  0x00007f7b4839b000 JavaThread "Thread-2" [_thread_in_native, id=95422, stack(0x00007f7b277fa000,0x00007f7b278fb000)]
  0x00007f7b48399800 JavaThread "process reaper" daemon [_thread_in_native, id=95414, stack(0x00007f7b34003000,0x00007f7b3403c000)]
  0x00007f7b48394000 JavaThread "pool-2-thread-1" [_thread_in_native, id=95379, stack(0x00007f7b278fb000,0x00007f7b279fc000)]
  0x00007f7b48391800 JavaThread "GC Daemon" daemon [_thread_blocked, id=95371, stack(0x00007f7b279fc000,0x00007f7b27afd000)]
  0x00007f7b4838f000 JavaThread "RMI Reaper" [_thread_blocked, id=95360, stack(0x00007f7b27afd000,0x00007f7b27bfe000)]
  0x00007f7b48386000 JavaThread "RMI TCP Accept-15653" daemon [_thread_in_native, id=95352, stack(0x00007f7b27bfe000,0x00007f7b27cff000)]
  0x00007f7b4837f000 JavaThread "RMI TCP Accept-4965" daemon [_thread_in_native, id=95339, stack(0x00007f7b27cff000,0x00007f7b27e00000)]
  0x00007f7b482d3000 JavaThread "logback-3" daemon [_thread_blocked, id=95311, stack(0x00007f7b2c125000,0x00007f7b2c226000)]
  0x00007f7b482d1800 JavaThread "logback-2" daemon [_thread_blocked, id=95309, stack(0x00007f7b2c226000,0x00007f7b2c327000)]
  0x00007f7b482cd800 JavaThread "logback-1" daemon [_thread_blocked, id=95307, stack(0x00007f7b2c327000,0x00007f7b2c428000)]
  0x00007f7b48189000 JavaThread "Service Thread" daemon [_thread_blocked, id=95272, stack(0x00007f7b34306000,0x00007f7b34407000)]
  0x00007f7b48186000 JavaThread "C1 CompilerThread2" daemon [_thread_blocked, id=95265, stack(0x00007f7b34407000,0x00007f7b34508000)]
  0x00007f7b48184800 JavaThread "C2 CompilerThread1" daemon [_thread_in_native, id=95262, stack(0x00007f7b34508000,0x00007f7b34609000)]
=>0x00007f7b48181800 JavaThread "C2 CompilerThread0" daemon [_thread_in_vm, id=95260, stack(0x00007f7b34609000,0x00007f7b3470a000)]
  0x00007f7b48180000 JavaThread "Signal Dispatcher" daemon [_thread_blocked, id=95257, stack(0x00007f7b3470a000,0x00007f7b3480b000)]
  0x00007f7b4814c000 JavaThread "Finalizer" daemon [_thread_blocked, id=95231, stack(0x00007f7b3480b000,0x00007f7b3490c000)]
  0x00007f7b48149800 JavaThread "Reference Handler" daemon [_thread_blocked, id=95225, stack(0x00007f7b3490c000,0x00007f7b34a0d000)]
  0x00007f7b4800a800 JavaThread "main" [_thread_in_native, id=95165, stack(0x00007f7b4ee9f000,0x00007f7b4efa0000)]

Other Threads:
  0x00007f7b48140000 VMThread [stack: 0x00007f7b34a0d000,0x00007f7b34b0e000] [id=95217]
  0x00007f7b4818b800 WatcherThread [stack: 0x00007f7b34205000,0x00007f7b34306000] [id=95275]

VM state:not at safepoint (normal execution)

VM Mutex/Monitor currently owned by a thread:  ([mutex/lock_event])
[0x00007f7b48006350] CodeCache_lock - owner thread: 0x00007f7b48181800

heap address: 0x00000000c2a00000, size: 982 MB, Compressed Oops mode: 32-bit
Narrow klass base: 0x0000000000000000, Narrow klass shift: 3
Compressed class space size: 1073741824 Address: 0x0000000100000000

Heap:
 PSYoungGen      total 64512K, used 60878K [0x00000000eb900000, 0x00000000efd00000, 0x0000000100000000)
  eden space 59392K, 96% used [0x00000000eb900000,0x00000000ef0d7aa8,0x00000000ef300000)
  from space 5120K, 72% used [0x00000000ef800000,0x00000000efb9c050,0x00000000efd00000)
  to   space 5120K, 0% used [0x00000000ef300000,0x00000000ef300000,0x00000000ef800000)
 ParOldGen       total 42496K, used 8356K [0x00000000c2a00000, 0x00000000c5380000, 0x00000000eb900000)
  object space 42496K, 19% used [0x00000000c2a00000,0x00000000c3229190,0x00000000c5380000)
 Metaspace       used 14246K, capacity 14718K, committed 14848K, reserved 1062912K
  class space    used 1595K, capacity 1724K, committed 1792K, reserved 1048576K

Card table byte_map: [0x00007f7b38a54000,0x00007f7b38c40000] byte_map_base: 0x00007f7b3843f000

Marking Bits: (ParMarkBitMap*) 0x00007f7b4e376d80
 Begin Bits: [0x00007f7b36658000, 0x00007f7b375b0000)
 End Bits:   [0x00007f7b375b0000, 0x00007f7b38508000)

Polling page: 0x00007f7b4efbb000

CodeCache: size=245760Kb used=6880Kb max_used=6889Kb free=238879Kb
 bounds [0x00007f7b39000000, 0x00007f7b396c0000, 0x00007f7b48000000]
 total_blobs=2297 nmethods=1945 adapters=263
 compilation: enabled

Compilation events (10 events):
Event: 42.569 Thread 0x00007f7b48186000 2070   !   2       sun.reflect.GeneratedSerializationConstructorAccessor74::newInstance (49 bytes)
Event: 42.569 Thread 0x00007f7b48186000 nmethod 2070 0x00007f7b396b4c50 code [0x00007f7b396b4de0, 0x00007f7b396b5128]
Event: 42.580 Thread 0x00007f7b48186000 2071       2       org.evosuite.testcase.statements.numeric.NumericalPrimitiveStatement::readObject (13 bytes)
Event: 42.580 Thread 0x00007f7b48186000 nmethod 2071 0x00007f7b396b5390 code [0x00007f7b396b5500, 0x00007f7b396b56b8]
Event: 42.582 Thread 0x00007f7b48186000 2072   !   2       sun.reflect.GeneratedMethodAccessor11::invoke (66 bytes)
Event: 42.582 Thread 0x00007f7b48186000 nmethod 2072 0x00007f7b396b5790 code [0x00007f7b396b5980, 0x00007f7b396b5ee8]
Event: 42.582 Thread 0x00007f7b48186000 2073   !   2       sun.reflect.GeneratedSerializationConstructorAccessor65::newInstance (49 bytes)
Event: 42.582 Thread 0x00007f7b48186000 nmethod 2073 0x00007f7b396b63d0 code [0x00007f7b396b6560, 0x00007f7b396b68a8]
Event: 42.864 Thread 0x00007f7b48181800 nmethod 2047 0x00007f7b396b97d0 code [0x00007f7b396b9b60, 0x00007f7b396bbb20]
Event: 42.864 Thread 0x00007f7b48181800 2067   !   4       java.io.ObjectInputStream::readObject0 (566 bytes)

GC Heap History (10 events):
Event: 25.883 GC heap before
{Heap before GC invocations=5 (full 1):
 PSYoungGen      total 18432K, used 18400K [0x00000000eb900000, 0x00000000ecd80000, 0x0000000100000000)
  eden space 15872K, 100% used [0x00000000eb900000,0x00000000ec880000,0x00000000ec880000)
  from space 2560K, 98% used [0x00000000ec880000,0x00000000ecaf8030,0x00000000ecb00000)
  to   space 2560K, 0% used [0x00000000ecb00000,0x00000000ecb00000,0x00000000ecd80000)
 ParOldGen       total 42496K, used 5749K [0x00000000c2a00000, 0x00000000c5380000, 0x00000000eb900000)
  object space 42496K, 13% used [0x00000000c2a00000,0x00000000c2f9d5e0,0x00000000c5380000)
 Metaspace       used 13410K, capacity 13804K, committed 13952K, reserved 1060864K
  class space    used 1559K, capacity 1662K, committed 1664K, reserved 1048576K
Event: 25.915 GC heap after
Heap after GC invocations=5 (full 1):
 PSYoungGen      total 18432K, used 2550K [0x00000000eb900000, 0x00000000edd00000, 0x0000000100000000)
  eden space 15872K, 0% used [0x00000000eb900000,0x00000000eb900000,0x00000000ec880000)
  from space 2560K, 99% used [0x00000000ecb00000,0x00000000ecd7d840,0x00000000ecd80000)
  to   space 2560K, 0% used [0x00000000ec880000,0x00000000ec880000,0x00000000ecb00000)
 ParOldGen       total 42496K, used 5987K [0x00000000c2a00000, 0x00000000c5380000, 0x00000000eb900000)
  object space 42496K, 14% used [0x00000000c2a00000,0x00000000c2fd8f28,0x00000000c5380000)
 Metaspace       used 13410K, capacity 13804K, committed 13952K, reserved 1060864K
  class space    used 1559K, capacity 1662K, committed 1664K, reserved 1048576K
}
Event: 26.679 GC heap before
{Heap before GC invocations=6 (full 1):
 PSYoungGen      total 18432K, used 18422K [0x00000000eb900000, 0x00000000edd00000, 0x0000000100000000)
  eden space 15872K, 100% used [0x00000000eb900000,0x00000000ec880000,0x00000000ec880000)
  from space 2560K, 99% used [0x00000000ecb00000,0x00000000ecd7d840,0x00000000ecd80000)
  to   space 2560K, 0% used [0x00000000ec880000,0x00000000ec880000,0x00000000ecb00000)
 ParOldGen       total 42496K, used 5987K [0x00000000c2a00000, 0x00000000c5380000, 0x00000000eb900000)
  object space 42496K, 14% used [0x00000000c2a00000,0x00000000c2fd8f28,0x00000000c5380000)
 Metaspace       used 13429K, capacity 13804K, committed 13952K, reserved 1060864K
  class space    used 1559K, capacity 1662K, committed 1664K, reserved 1048576K
Event: 26.693 GC heap after
Heap after GC invocations=6 (full 1):
 PSYoungGen      total 18432K, used 2534K [0x00000000eb900000, 0x00000000edd00000, 0x0000000100000000)
  eden space 15872K, 0% used [0x00000000eb900000,0x00000000eb900000,0x00000000ec880000)
  from space 2560K, 98% used [0x00000000ec880000,0x00000000ecaf9830,0x00000000ecb00000)
  to   space 2560K, 0% used [0x00000000eda80000,0x00000000eda80000,0x00000000edd00000)
 ParOldGen       total 42496K, used 6139K [0x00000000c2a00000, 0x00000000c5380000, 0x00000000eb900000)
  object space 42496K, 14% used [0x00000000c2a00000,0x00000000c2ffef68,0x00000000c5380000)
 Metaspace       used 13429K, capacity 13804K, committed 13952K, reserved 1060864K
  class space    used 1559K, capacity 1662K, committed 1664K, reserved 1048576K
}
Event: 27.095 GC heap before
{Heap before GC invocations=7 (full 1):
 PSYoungGen      total 18432K, used 18406K [0x00000000eb900000, 0x00000000edd00000, 0x0000000100000000)
  eden space 15872K, 100% used [0x00000000eb900000,0x00000000ec880000,0x00000000ec880000)
  from space 2560K, 98% used [0x00000000ec880000,0x00000000ecaf9830,0x00000000ecb00000)
  to   space 2560K, 0% used [0x00000000eda80000,0x00000000eda80000,0x00000000edd00000)
 ParOldGen       total 42496K, used 6139K [0x00000000c2a00000, 0x00000000c5380000, 0x00000000eb900000)
  object space 42496K, 14% used [0x00000000c2a00000,0x00000000c2ffef68,0x00000000c5380000)
 Metaspace       used 13448K, capacity 13804K, committed 13952K, reserved 1060864K
  class space    used 1559K, capacity 1662K, committed 1664K, reserved 1048576K
Event: 27.111 GC heap after
Heap after GC invocations=7 (full 1):
 PSYoungGen      total 32256K, used 2542K [0x00000000eb900000, 0x00000000ee100000, 0x0000000100000000)
  eden space 29696K, 0% used [0x00000000eb900000,0x00000000eb900000,0x00000000ed600000)
  from space 2560K, 99% used [0x00000000eda80000,0x00000000edcfb820,0x00000000edd00000)
  to   space 4608K, 0% used [0x00000000ed600000,0x00000000ed600000,0x00000000eda80000)
 ParOldGen       total 42496K, used 6259K [0x00000000c2a00000, 0x00000000c5380000, 0x00000000eb900000)
  object space 42496K, 14% used [0x00000000c2a00000,0x00000000c301cfa8,0x00000000c5380000)
 Metaspace       used 13448K, capacity 13804K, committed 13952K, reserved 1060864K
  class space    used 1559K, capacity 1662K, committed 1664K, reserved 1048576K
}
Event: 30.462 GC heap before
{Heap before GC invocations=8 (full 1):
 PSYoungGen      total 32256K, used 32238K [0x00000000eb900000, 0x00000000ee100000, 0x0000000100000000)
  eden space 29696K, 100% used [0x00000000eb900000,0x00000000ed600000,0x00000000ed600000)
  from space 2560K, 99% used [0x00000000eda80000,0x00000000edcfb820,0x00000000edd00000)
  to   space 4608K, 0% used [0x00000000ed600000,0x00000000ed600000,0x00000000eda80000)
 ParOldGen       total 42496K, used 6259K [0x00000000c2a00000, 0x00000000c5380000, 0x00000000eb900000)
  object space 42496K, 14% used [0x00000000c2a00000,0x00000000c301cfa8,0x00000000c5380000)
 Metaspace       used 13568K, capacity 13932K, committed 13952K, reserved 1060864K
  class space    used 1559K, capacity 1662K, committed 1664K, reserved 1048576K
Event: 30.476 GC heap after
Heap after GC invocations=8 (full 1):
 PSYoungGen      total 34304K, used 3934K [0x00000000eb900000, 0x00000000efd00000, 0x0000000100000000)
  eden space 29696K, 0% used [0x00000000eb900000,0x00000000eb900000,0x00000000ed600000)
  from space 4608K, 85% used [0x00000000ed600000,0x00000000ed9d7830,0x00000000eda80000)
  to   space 5120K, 0% used [0x00000000ef800000,0x00000000ef800000,0x00000000efd00000)
 ParOldGen       total 42496K, used 6259K [0x00000000c2a00000, 0x00000000c5380000, 0x00000000eb900000)
  object space 42496K, 14% used [0x00000000c2a00000,0x00000000c301cfa8,0x00000000c5380000)
 Metaspace       used 13568K, capacity 13932K, committed 13952K, reserved 1060864K
  class space    used 1559K, capacity 1662K, committed 1664K, reserved 1048576K
}
Event: 31.510 GC heap before
{Heap before GC invocations=9 (full 1):
 PSYoungGen      total 34304K, used 33630K [0x00000000eb900000, 0x00000000efd00000, 0x0000000100000000)
  eden space 29696K, 100% used [0x00000000eb900000,0x00000000ed600000,0x00000000ed600000)
  from space 4608K, 85% used [0x00000000ed600000,0x00000000ed9d7830,0x00000000eda80000)
  to   space 5120K, 0% used [0x00000000ef800000,0x00000000ef800000,0x00000000efd00000)
 ParOldGen       total 42496K, used 6259K [0x00000000c2a00000, 0x00000000c5380000, 0x00000000eb900000)
  object space 42496K, 14% used [0x00000000c2a00000,0x00000000c301cfa8,0x00000000c5380000)
 Metaspace       used 13625K, capacity 13996K, committed 14208K, reserved 1062912K
  class space    used 1559K, capacity 1662K, committed 1664K, reserved 1048576K
Event: 31.521 GC heap after
Heap after GC invocations=9 (full 1):
 PSYoungGen      total 64512K, used 3696K [0x00000000eb900000, 0x00000000efd00000, 0x0000000100000000)
  eden space 59392K, 0% used [0x00000000eb900000,0x00000000eb900000,0x00000000ef300000)
  from space 5120K, 72% used [0x00000000ef800000,0x00000000efb9c050,0x00000000efd00000)
  to   space 5120K, 0% used [0x00000000ef300000,0x00000000ef300000,0x00000000ef800000)
 ParOldGen       total 42496K, used 8356K [0x00000000c2a00000, 0x00000000c5380000, 0x00000000eb900000)
  object space 42496K, 19% used [0x00000000c2a00000,0x00000000c3229190,0x00000000c5380000)
 Metaspace       used 13625K, capacity 13996K, committed 14208K, reserved 1062912K
  class space    used 1559K, capacity 1662K, committed 1664K, reserved 1048576K
}

Deoptimization events (10 events):
Event: 21.661 Thread 0x00007f7ae0001000 Uncommon trap: reason=bimorphic action=maybe_recompile pc=0x00007f7b392410d4 method=java.util.HashMap.putVal(ILjava/lang/Object;Ljava/lang/Object;ZZ)Ljava/lang/Object; @ 91
Event: 21.662 Thread 0x00007f7ae0001000 Uncommon trap: reason=bimorphic action=maybe_recompile pc=0x00007f7b392410d4 method=java.util.HashMap.putVal(ILjava/lang/Object;Ljava/lang/Object;ZZ)Ljava/lang/Object; @ 91
Event: 21.662 Thread 0x00007f7ae0001000 Uncommon trap: reason=bimorphic action=maybe_recompile pc=0x00007f7b392410d4 method=java.util.HashMap.putVal(ILjava/lang/Object;Ljava/lang/Object;ZZ)Ljava/lang/Object; @ 91
Event: 21.662 Thread 0x00007f7ae0001000 Uncommon trap: reason=bimorphic action=maybe_recompile pc=0x00007f7b392410d4 method=java.util.HashMap.putVal(ILjava/lang/Object;Ljava/lang/Object;ZZ)Ljava/lang/Object; @ 91
Event: 22.833 Thread 0x00007f7ae0001000 Uncommon trap: reason=class_check action=maybe_recompile pc=0x00007f7b393ce5f4 method=java.util.HashMap.putVal(ILjava/lang/Object;Ljava/lang/Object;ZZ)Ljava/lang/Object; @ 203
Event: 22.833 Thread 0x00007f7ae0001000 Uncommon trap: reason=class_check action=maybe_recompile pc=0x00007f7b393ce5f4 method=java.util.HashMap.putVal(ILjava/lang/Object;Ljava/lang/Object;ZZ)Ljava/lang/Object; @ 203
Event: 23.368 Thread 0x00007f7ae0001000 Uncommon trap: reason=class_check action=maybe_recompile pc=0x00007f7b393ce5f4 method=java.util.HashMap.putVal(ILjava/lang/Object;Ljava/lang/Object;ZZ)Ljava/lang/Object; @ 203
Event: 23.486 Thread 0x00007f7ae0001000 Uncommon trap: reason=class_check action=maybe_recompile pc=0x00007f7b393ce5f4 method=java.util.HashMap.putVal(ILjava/lang/Object;Ljava/lang/Object;ZZ)Ljava/lang/Object; @ 203
Event: 24.020 Thread 0x00007f7ae0001000 Uncommon trap: reason=unstable_if action=reinterpret pc=0x00007f7b391ee468 method=java.lang.AbstractStringBuilder.append(Ljava/lang/String;)Ljava/lang/AbstractStringBuilder; @ 1
Event: 32.256 Thread 0x00007f7ae0001000 Uncommon trap: reason=unstable_if action=reinterpret pc=0x00007f7b3957b1a4 method=java.io.ObjectInputStream$HandleTable.finish(I)V @ 4

Classes redefined (0 events):
No events

Internal exceptions (10 events):
Event: 21.332 Thread 0x00007f7b482d1800 Exception <a 'java/net/ConnectException'> (0x00000000ebb3e6e0) thrown at [/HUDSON/workspace/8-2-build-linux-amd64/jdk8u201/12317/hotspot/src/share/vm/prims/jni.cpp, line 709]
Event: 21.338 Thread 0x00007f7b482cd800 Exception <a 'java/net/ConnectException'> (0x00000000ebb66288) thrown at [/HUDSON/workspace/8-2-build-linux-amd64/jdk8u201/12317/hotspot/src/share/vm/prims/jni.cpp, line 709]
Event: 21.338 Thread 0x00007f7b482d3000 Exception <a 'java/net/ConnectException'> (0x00000000ebb8de30) thrown at [/HUDSON/workspace/8-2-build-linux-amd64/jdk8u201/12317/hotspot/src/share/vm/prims/jni.cpp, line 709]
Event: 24.020 Thread 0x00007f7ae0001000 Implicit null exception at 0x00007f7b391ee076 to 0x00007f7b391ee451
Event: 31.332 Thread 0x00007f7b482d1800 Exception <a 'java/net/ConnectException'> (0x00000000ed0eb228) thrown at [/HUDSON/workspace/8-2-build-linux-amd64/jdk8u201/12317/hotspot/src/share/vm/prims/jni.cpp, line 709]
Event: 31.339 Thread 0x00007f7b482cd800 Exception <a 'java/net/ConnectException'> (0x00000000ed14f198) thrown at [/HUDSON/workspace/8-2-build-linux-amd64/jdk8u201/12317/hotspot/src/share/vm/prims/jni.cpp, line 709]
Event: 31.339 Thread 0x00007f7b482d3000 Exception <a 'java/net/ConnectException'> (0x00000000ed11ecb8) thrown at [/HUDSON/workspace/8-2-build-linux-amd64/jdk8u201/12317/hotspot/src/share/vm/prims/jni.cpp, line 709]
Event: 41.333 Thread 0x00007f7b482d1800 Exception <a 'java/net/ConnectException'> (0x00000000eecc2f98) thrown at [/HUDSON/workspace/8-2-build-linux-amd64/jdk8u201/12317/hotspot/src/share/vm/prims/jni.cpp, line 709]
Event: 41.339 Thread 0x00007f7b482cd800 Exception <a 'java/net/ConnectException'> (0x00000000eed01c20) thrown at [/HUDSON/workspace/8-2-build-linux-amd64/jdk8u201/12317/hotspot/src/share/vm/prims/jni.cpp, line 709]
Event: 41.339 Thread 0x00007f7b482d3000 Exception <a 'java/net/ConnectException'> (0x00000000eed408a0) thrown at [/HUDSON/workspace/8-2-build-linux-amd64/jdk8u201/12317/hotspot/src/share/vm/prims/jni.cpp, line 709]

Events (10 events):
Event: 33.140 loading class org/evosuite/testcase/variable/NullReference
Event: 33.140 loading class org/evosuite/testcase/variable/NullReference done
Event: 35.913 loading class org/evosuite/testcase/statements/ConstructorStatement
Event: 35.913 loading class org/evosuite/testcase/statements/ConstructorStatement done
Event: 35.913 loading class sun/net/ResourceManager
Event: 35.913 loading class sun/net/ResourceManager done
Event: 35.919 loading class org/evosuite/utils/generic/GenericConstructor
Event: 35.919 loading class org/evosuite/utils/generic/GenericConstructor done
Event: 35.920 loading class org/evosuite/testcase/statements/ConstructorStatement$1
Event: 35.920 loading class org/evosuite/testcase/statements/ConstructorStatement$1 done


Dynamic libraries:
00400000-00401000 r-xp 00000000 08:01 654793                             /usr/lib/jdk/jdk1.8.0_201/bin/java
00600000-00601000 r--p 00000000 08:01 654793                             /usr/lib/jdk/jdk1.8.0_201/bin/java
00601000-00602000 rw-p 00001000 08:01 654793                             /usr/lib/jdk/jdk1.8.0_201/bin/java
0147d000-01977000 rw-p 00000000 00:00 0                                  [heap]
c2a00000-c5380000 rw-p 00000000 00:00 0 
c5380000-eb900000 ---p 00000000 00:00 0 
eb900000-efd00000 rw-p 00000000 00:00 0 
efd00000-100000000 ---p 00000000 00:00 0 
100000000-1001c0000 rw-p 00000000 00:00 0 
1001c0000-140000000 ---p 00000000 00:00 0 
7f7ab0000000-7f7ab0021000 rw-p 00000000 00:00 0 
7f7ab0021000-7f7ab4000000 ---p 00000000 00:00 0 
7f7ab8000000-7f7ab8037000 rw-p 00000000 00:00 0 
7f7ab8037000-7f7abc000000 ---p 00000000 00:00 0 
7f7abc000000-7f7abc021000 rw-p 00000000 00:00 0 
7f7abc021000-7f7ac0000000 ---p 00000000 00:00 0 
7f7ac0000000-7f7ac0021000 rw-p 00000000 00:00 0 
7f7ac0021000-7f7ac4000000 ---p 00000000 00:00 0 
7f7ac4000000-7f7ac4021000 rw-p 00000000 00:00 0 
7f7ac4021000-7f7ac8000000 ---p 00000000 00:00 0 
7f7ac8000000-7f7ac8021000 rw-p 00000000 00:00 0 
7f7ac8021000-7f7acc000000 ---p 00000000 00:00 0 
7f7acc000000-7f7acc021000 rw-p 00000000 00:00 0 
7f7acc021000-7f7ad0000000 ---p 00000000 00:00 0 
7f7ad0000000-7f7ad0021000 rw-p 00000000 00:00 0 
7f7ad0021000-7f7ad4000000 ---p 00000000 00:00 0 
7f7ad4000000-7f7ad4021000 rw-p 00000000 00:00 0 
7f7ad4021000-7f7ad8000000 ---p 00000000 00:00 0 
7f7ad8000000-7f7ad8021000 rw-p 00000000 00:00 0 
7f7ad8021000-7f7adc000000 ---p 00000000 00:00 0 
7f7adc000000-7f7adc021000 rw-p 00000000 00:00 0 
7f7adc021000-7f7ae0000000 ---p 00000000 00:00 0 
7f7ae0000000-7f7ae0021000 rw-p 00000000 00:00 0 
7f7ae0021000-7f7ae4000000 ---p 00000000 00:00 0 
7f7ae4000000-7f7ae4021000 rw-p 00000000 00:00 0 
7f7ae4021000-7f7ae8000000 ---p 00000000 00:00 0 
7f7ae8000000-7f7ae8021000 rw-p 00000000 00:00 0 
7f7ae8021000-7f7aec000000 ---p 00000000 00:00 0 
7f7aec000000-7f7aec021000 rw-p 00000000 00:00 0 
7f7aec021000-7f7af0000000 ---p 00000000 00:00 0 
7f7af0000000-7f7af0021000 rw-p 00000000 00:00 0 
7f7af0021000-7f7af4000000 ---p 00000000 00:00 0 
7f7af4000000-7f7af4021000 rw-p 00000000 00:00 0 
7f7af4021000-7f7af8000000 ---p 00000000 00:00 0 
7f7af8000000-7f7af8021000 rw-p 00000000 00:00 0 
7f7af8021000-7f7afc000000 ---p 00000000 00:00 0 
7f7afc000000-7f7afc021000 rw-p 00000000 00:00 0 
7f7afc021000-7f7b00000000 ---p 00000000 00:00 0 
7f7b00000000-7f7b016f3000 rw-p 00000000 00:00 0 
7f7b016f3000-7f7b04000000 ---p 00000000 00:00 0 
7f7b04000000-7f7b04eed000 rw-p 00000000 00:00 0 
7f7b04eed000-7f7b08000000 ---p 00000000 00:00 0 
7f7b08000000-7f7b08021000 rw-p 00000000 00:00 0 
7f7b08021000-7f7b0c000000 ---p 00000000 00:00 0 
7f7b0c000000-7f7b0d154000 rw-p 00000000 00:00 0 
7f7b0d154000-7f7b10000000 ---p 00000000 00:00 0 
7f7b10000000-7f7b10021000 rw-p 00000000 00:00 0 
7f7b10021000-7f7b14000000 ---p 00000000 00:00 0 
7f7b14000000-7f7b14021000 rw-p 00000000 00:00 0 
7f7b14021000-7f7b18000000 ---p 00000000 00:00 0 
7f7b18000000-7f7b18021000 rw-p 00000000 00:00 0 
7f7b18021000-7f7b1c000000 ---p 00000000 00:00 0 
7f7b1c000000-7f7b1c021000 rw-p 00000000 00:00 0 
7f7b1c021000-7f7b20000000 ---p 00000000 00:00 0 
7f7b20000000-7f7b20021000 rw-p 00000000 00:00 0 
7f7b20021000-7f7b24000000 ---p 00000000 00:00 0 
7f7b26af1000-7f7b26bb1000 rw-p 00000000 00:00 0 
7f7b26bb1000-7f7b26cf1000 ---p 00000000 00:00 0 
7f7b26cf1000-7f7b26cf4000 ---p 00000000 00:00 0 
7f7b26cf4000-7f7b26ff2000 rw-p 00000000 00:00 0 
7f7b26ff2000-7f7b26ff5000 ---p 00000000 00:00 0 
7f7b26ff5000-7f7b270f3000 rw-p 00000000 00:00 0 
7f7b270f3000-7f7b270f6000 ---p 00000000 00:00 0 
7f7b270f6000-7f7b271f4000 rw-p 00000000 00:00 0 
7f7b271f4000-7f7b271f7000 ---p 00000000 00:00 0 
7f7b271f7000-7f7b272f5000 rw-p 00000000 00:00 0 
7f7b272f5000-7f7b272f8000 ---p 00000000 00:00 0 
7f7b272f8000-7f7b273f6000 rw-p 00000000 00:00 0 
7f7b273f6000-7f7b273f9000 ---p 00000000 00:00 0 
7f7b273f9000-7f7b274f7000 rw-p 00000000 00:00 0 
7f7b274f7000-7f7b274fa000 ---p 00000000 00:00 0 
7f7b274fa000-7f7b275f8000 rw-p 00000000 00:00 0 
7f7b275f8000-7f7b275fb000 ---p 00000000 00:00 0 
7f7b275fb000-7f7b276f9000 rw-p 00000000 00:00 0 
7f7b276f9000-7f7b276fc000 ---p 00000000 00:00 0 
7f7b276fc000-7f7b277fa000 rw-p 00000000 00:00 0 
7f7b277fa000-7f7b277fd000 ---p 00000000 00:00 0 
7f7b277fd000-7f7b278fb000 rw-p 00000000 00:00 0 
7f7b278fb000-7f7b278fe000 ---p 00000000 00:00 0 
7f7b278fe000-7f7b279fc000 rw-p 00000000 00:00 0 
7f7b279fc000-7f7b279ff000 ---p 00000000 00:00 0 
7f7b279ff000-7f7b27afd000 rw-p 00000000 00:00 0 
7f7b27afd000-7f7b27b00000 ---p 00000000 00:00 0 
7f7b27b00000-7f7b27bfe000 rw-p 00000000 00:00 0 
7f7b27bfe000-7f7b27c01000 ---p 00000000 00:00 0 
7f7b27c01000-7f7b27cff000 rw-p 00000000 00:00 0 
7f7b27cff000-7f7b27d02000 ---p 00000000 00:00 0 
7f7b27d02000-7f7b28000000 rw-p 00000000 00:00 0 
7f7b28000000-7f7b28021000 rw-p 00000000 00:00 0 
7f7b28021000-7f7b2c000000 ---p 00000000 00:00 0 
7f7b2c08f000-7f7b2c0a2000 r--s 00345000 08:01 656331                     /usr/lib/jdk/jdk1.8.0_201/jre/lib/resources.jar
7f7b2c0a2000-7f7b2c0ac000 r--s 00116000 08:01 656361                     /usr/lib/jdk/jdk1.8.0_201/jre/lib/ext/localedata.jar
7f7b2c0ac000-7f7b2c125000 r--s 010fd000 08:01 654900                     /usr/lib/jdk/jdk1.8.0_201/lib/tools.jar
7f7b2c125000-7f7b2c128000 ---p 00000000 00:00 0 
7f7b2c128000-7f7b2c226000 rw-p 00000000 00:00 0 
7f7b2c226000-7f7b2c229000 ---p 00000000 00:00 0 
7f7b2c229000-7f7b2c327000 rw-p 00000000 00:00 0 
7f7b2c327000-7f7b2c32a000 ---p 00000000 00:00 0 
7f7b2c32a000-7f7b2f429000 rw-p 00000000 00:00 0 
7f7b2f429000-7f7b2f43f000 r-xp 00000000 08:01 656512                     /usr/lib/jdk/jdk1.8.0_201/jre/lib/amd64/libnet.so
7f7b2f43f000-7f7b2f63f000 ---p 00016000 08:01 656512                     /usr/lib/jdk/jdk1.8.0_201/jre/lib/amd64/libnet.so
7f7b2f63f000-7f7b2f640000 r--p 00016000 08:01 656512                     /usr/lib/jdk/jdk1.8.0_201/jre/lib/amd64/libnet.so
7f7b2f640000-7f7b2f641000 rw-p 00017000 08:01 656512                     /usr/lib/jdk/jdk1.8.0_201/jre/lib/amd64/libnet.so
7f7b2f641000-7f7b30000000 r--p 00000000 08:01 270368                     /usr/lib/locale/locale-archive
7f7b30000000-7f7b30021000 rw-p 00000000 00:00 0 
7f7b30021000-7f7b34000000 ---p 00000000 00:00 0 
7f7b34003000-7f7b34006000 ---p 00000000 00:00 0 
7f7b34006000-7f7b3403c000 rw-p 00000000 00:00 0 
7f7b3403c000-7f7b34205000 r--s 01695000 08:01 398947                     /home/hewitt/work/DiffTGen-master/lib/evosuite-1.0.2.jar
7f7b34205000-7f7b34206000 ---p 00000000 00:00 0 
7f7b34206000-7f7b34306000 rw-p 00000000 00:00 0 
7f7b34306000-7f7b34309000 ---p 00000000 00:00 0 
7f7b34309000-7f7b34407000 rw-p 00000000 00:00 0 
7f7b34407000-7f7b3440a000 ---p 00000000 00:00 0 
7f7b3440a000-7f7b34508000 rw-p 00000000 00:00 0 
7f7b34508000-7f7b3450b000 ---p 00000000 00:00 0 
7f7b3450b000-7f7b34609000 rw-p 00000000 00:00 0 
7f7b34609000-7f7b3460c000 ---p 00000000 00:00 0 
7f7b3460c000-7f7b3470a000 rw-p 00000000 00:00 0 
7f7b3470a000-7f7b3470d000 ---p 00000000 00:00 0 
7f7b3470d000-7f7b3480b000 rw-p 00000000 00:00 0 
7f7b3480b000-7f7b3480e000 ---p 00000000 00:00 0 
7f7b3480e000-7f7b3490c000 rw-p 00000000 00:00 0 
7f7b3490c000-7f7b3490f000 ---p 00000000 00:00 0 
7f7b3490f000-7f7b34a0d000 rw-p 00000000 00:00 0 
7f7b34a0d000-7f7b34a0e000 ---p 00000000 00:00 0 
7f7b34a0e000-7f7b35a1d000 rw-p 00000000 00:00 0 
7f7b35a1d000-7f7b35bf7000 r--s 03d6f000 08:01 656293                     /usr/lib/jdk/jdk1.8.0_201/jre/lib/rt.jar
7f7b35bf7000-7f7b38508000 rw-p 00000000 00:00 0 
7f7b38508000-7f7b38509000 ---p 00000000 00:00 0 
7f7b38509000-7f7b38609000 rw-p 00000000 00:00 0 
7f7b38609000-7f7b3860a000 ---p 00000000 00:00 0 
7f7b3860a000-7f7b3870a000 rw-p 00000000 00:00 0 
7f7b3870a000-7f7b3870b000 ---p 00000000 00:00 0 
7f7b3870b000-7f7b3880b000 rw-p 00000000 00:00 0 
7f7b3880b000-7f7b3880c000 ---p 00000000 00:00 0 
7f7b3880c000-7f7b38921000 rw-p 00000000 00:00 0 
7f7b38921000-7f7b38a54000 ---p 00000000 00:00 0 
7f7b38a54000-7f7b38a69000 rw-p 00000000 00:00 0 
7f7b38a69000-7f7b38b9b000 ---p 00000000 00:00 0 
7f7b38b9b000-7f7b38bbe000 rw-p 00000000 00:00 0 
7f7b38bbe000-7f7b38c3f000 ---p 00000000 00:00 0 
7f7b38c3f000-7f7b38c5b000 rw-p 00000000 00:00 0 
7f7b38c5b000-7f7b39000000 ---p 00000000 00:00 0 
7f7b39000000-7f7b396c0000 rwxp 00000000 00:00 0 
7f7b396d0000-7f7b48000000 ---p 00000000 00:00 0 
7f7b48000000-7f7b484b4000 rw-p 00000000 00:00 0 
7f7b484b4000-7f7b4c000000 ---p 00000000 00:00 0 
7f7b4c000000-7f7b4c01b000 r-xp 00000000 08:01 656508                     /usr/lib/jdk/jdk1.8.0_201/jre/lib/amd64/libzip.so
7f7b4c01b000-7f7b4c21a000 ---p 0001b000 08:01 656508                     /usr/lib/jdk/jdk1.8.0_201/jre/lib/amd64/libzip.so
7f7b4c21a000-7f7b4c21b000 r--p 0001a000 08:01 656508                     /usr/lib/jdk/jdk1.8.0_201/jre/lib/amd64/libzip.so
7f7b4c21b000-7f7b4c21c000 rw-p 0001b000 08:01 656508                     /usr/lib/jdk/jdk1.8.0_201/jre/lib/amd64/libzip.so
7f7b4c21c000-7f7b4c227000 r-xp 00000000 08:01 658902                     /lib/x86_64-linux-gnu/libnss_files-2.23.so
7f7b4c227000-7f7b4c426000 ---p 0000b000 08:01 658902                     /lib/x86_64-linux-gnu/libnss_files-2.23.so
7f7b4c426000-7f7b4c427000 r--p 0000a000 08:01 658902                     /lib/x86_64-linux-gnu/libnss_files-2.23.so
7f7b4c427000-7f7b4c428000 rw-p 0000b000 08:01 658902                     /lib/x86_64-linux-gnu/libnss_files-2.23.so
7f7b4c428000-7f7b4c42e000 rw-p 00000000 00:00 0 
7f7b4c42e000-7f7b4c439000 r-xp 00000000 08:01 658912                     /lib/x86_64-linux-gnu/libnss_nis-2.23.so
7f7b4c439000-7f7b4c638000 ---p 0000b000 08:01 658912                     /lib/x86_64-linux-gnu/libnss_nis-2.23.so
7f7b4c638000-7f7b4c639000 r--p 0000a000 08:01 658912                     /lib/x86_64-linux-gnu/libnss_nis-2.23.so
7f7b4c639000-7f7b4c63a000 rw-p 0000b000 08:01 658912                     /lib/x86_64-linux-gnu/libnss_nis-2.23.so
7f7b4c63a000-7f7b4c650000 r-xp 00000000 08:01 658896                     /lib/x86_64-linux-gnu/libnsl-2.23.so
7f7b4c650000-7f7b4c84f000 ---p 00016000 08:01 658896                     /lib/x86_64-linux-gnu/libnsl-2.23.so
7f7b4c84f000-7f7b4c850000 r--p 00015000 08:01 658896                     /lib/x86_64-linux-gnu/libnsl-2.23.so
7f7b4c850000-7f7b4c851000 rw-p 00016000 08:01 658896                     /lib/x86_64-linux-gnu/libnsl-2.23.so
7f7b4c851000-7f7b4c853000 rw-p 00000000 00:00 0 
7f7b4c853000-7f7b4c85b000 r-xp 00000000 08:01 658898                     /lib/x86_64-linux-gnu/libnss_compat-2.23.so
7f7b4c85b000-7f7b4ca5a000 ---p 00008000 08:01 658898                     /lib/x86_64-linux-gnu/libnss_compat-2.23.so
7f7b4ca5a000-7f7b4ca5b000 r--p 00007000 08:01 658898                     /lib/x86_64-linux-gnu/libnss_compat-2.23.so
7f7b4ca5b000-7f7b4ca5c000 rw-p 00008000 08:01 658898                     /lib/x86_64-linux-gnu/libnss_compat-2.23.so
7f7b4ca5c000-7f7b4ca88000 r-xp 00000000 08:01 656502                     /usr/lib/jdk/jdk1.8.0_201/jre/lib/amd64/libjava.so
7f7b4ca88000-7f7b4cc88000 ---p 0002c000 08:01 656502                     /usr/lib/jdk/jdk1.8.0_201/jre/lib/amd64/libjava.so
7f7b4cc88000-7f7b4cc89000 r--p 0002c000 08:01 656502                     /usr/lib/jdk/jdk1.8.0_201/jre/lib/amd64/libjava.so
7f7b4cc89000-7f7b4cc8b000 rw-p 0002d000 08:01 656502                     /usr/lib/jdk/jdk1.8.0_201/jre/lib/amd64/libjava.so
7f7b4cc8b000-7f7b4cc98000 r-xp 00000000 08:01 656507                     /usr/lib/jdk/jdk1.8.0_201/jre/lib/amd64/libverify.so
7f7b4cc98000-7f7b4ce97000 ---p 0000d000 08:01 656507                     /usr/lib/jdk/jdk1.8.0_201/jre/lib/amd64/libverify.so
7f7b4ce97000-7f7b4ce99000 r--p 0000c000 08:01 656507                     /usr/lib/jdk/jdk1.8.0_201/jre/lib/amd64/libverify.so
7f7b4ce99000-7f7b4ce9a000 rw-p 0000e000 08:01 656507                     /usr/lib/jdk/jdk1.8.0_201/jre/lib/amd64/libverify.so
7f7b4ce9a000-7f7b4cea1000 r-xp 00000000 08:01 658957                     /lib/x86_64-linux-gnu/librt-2.23.so
7f7b4cea1000-7f7b4d0a0000 ---p 00007000 08:01 658957                     /lib/x86_64-linux-gnu/librt-2.23.so
7f7b4d0a0000-7f7b4d0a1000 r--p 00006000 08:01 658957                     /lib/x86_64-linux-gnu/librt-2.23.so
7f7b4d0a1000-7f7b4d0a2000 rw-p 00007000 08:01 658957                     /lib/x86_64-linux-gnu/librt-2.23.so
7f7b4d0a2000-7f7b4d1aa000 r-xp 00000000 08:01 658873                     /lib/x86_64-linux-gnu/libm-2.23.so
7f7b4d1aa000-7f7b4d3a9000 ---p 00108000 08:01 658873                     /lib/x86_64-linux-gnu/libm-2.23.so
7f7b4d3a9000-7f7b4d3aa000 r--p 00107000 08:01 658873                     /lib/x86_64-linux-gnu/libm-2.23.so
7f7b4d3aa000-7f7b4d3ab000 rw-p 00108000 08:01 658873                     /lib/x86_64-linux-gnu/libm-2.23.so
7f7b4d3ab000-7f7b4e093000 r-xp 00000000 08:01 656484                     /usr/lib/jdk/jdk1.8.0_201/jre/lib/amd64/server/libjvm.so
7f7b4e093000-7f7b4e292000 ---p 00ce8000 08:01 656484                     /usr/lib/jdk/jdk1.8.0_201/jre/lib/amd64/server/libjvm.so
7f7b4e292000-7f7b4e328000 r--p 00ce7000 08:01 656484                     /usr/lib/jdk/jdk1.8.0_201/jre/lib/amd64/server/libjvm.so
7f7b4e328000-7f7b4e359000 rw-p 00d7d000 08:01 656484                     /usr/lib/jdk/jdk1.8.0_201/jre/lib/amd64/server/libjvm.so
7f7b4e359000-7f7b4e394000 rw-p 00000000 00:00 0 
7f7b4e394000-7f7b4e554000 r-xp 00000000 08:01 658803                     /lib/x86_64-linux-gnu/libc-2.23.so
7f7b4e554000-7f7b4e754000 ---p 001c0000 08:01 658803                     /lib/x86_64-linux-gnu/libc-2.23.so
7f7b4e754000-7f7b4e758000 r--p 001c0000 08:01 658803                     /lib/x86_64-linux-gnu/libc-2.23.so
7f7b4e758000-7f7b4e75a000 rw-p 001c4000 08:01 658803                     /lib/x86_64-linux-gnu/libc-2.23.so
7f7b4e75a000-7f7b4e75e000 rw-p 00000000 00:00 0 
7f7b4e75e000-7f7b4e761000 r-xp 00000000 08:01 658827                     /lib/x86_64-linux-gnu/libdl-2.23.so
7f7b4e761000-7f7b4e960000 ---p 00003000 08:01 658827                     /lib/x86_64-linux-gnu/libdl-2.23.so
7f7b4e960000-7f7b4e961000 r--p 00002000 08:01 658827                     /lib/x86_64-linux-gnu/libdl-2.23.so
7f7b4e961000-7f7b4e962000 rw-p 00003000 08:01 658827                     /lib/x86_64-linux-gnu/libdl-2.23.so
7f7b4e962000-7f7b4e979000 r-xp 00000000 08:01 656155                     /usr/lib/jdk/jdk1.8.0_201/lib/amd64/jli/libjli.so
7f7b4e979000-7f7b4eb78000 ---p 00017000 08:01 656155                     /usr/lib/jdk/jdk1.8.0_201/lib/amd64/jli/libjli.so
7f7b4eb78000-7f7b4eb79000 r--p 00016000 08:01 656155                     /usr/lib/jdk/jdk1.8.0_201/lib/amd64/jli/libjli.so
7f7b4eb79000-7f7b4eb7a000 rw-p 00017000 08:01 656155                     /usr/lib/jdk/jdk1.8.0_201/lib/amd64/jli/libjli.so
7f7b4eb7a000-7f7b4eb92000 r-xp 00000000 08:01 658949                     /lib/x86_64-linux-gnu/libpthread-2.23.so
7f7b4eb92000-7f7b4ed91000 ---p 00018000 08:01 658949                     /lib/x86_64-linux-gnu/libpthread-2.23.so
7f7b4ed91000-7f7b4ed92000 r--p 00017000 08:01 658949                     /lib/x86_64-linux-gnu/libpthread-2.23.so
7f7b4ed92000-7f7b4ed93000 rw-p 00018000 08:01 658949                     /lib/x86_64-linux-gnu/libpthread-2.23.so
7f7b4ed93000-7f7b4ed97000 rw-p 00000000 00:00 0 
7f7b4ed97000-7f7b4edbd000 r-xp 00000000 08:01 658775                     /lib/x86_64-linux-gnu/ld-2.23.so
7f7b4edbd000-7f7b4edd9000 r--s 00393000 08:01 656354                     /usr/lib/jdk/jdk1.8.0_201/jre/lib/ext/cldrdata.jar
7f7b4edd9000-7f7b4ede1000 r--s 0006e000 08:01 398946                     /home/hewitt/work/DiffTGen-master/lib/commons-lang3-3.5.jar
7f7b4ede1000-7f7b4ee9f000 rw-p 00000000 00:00 0 
7f7b4ee9f000-7f7b4eea2000 ---p 00000000 00:00 0 
7f7b4eea2000-7f7b4efa5000 rw-p 00000000 00:00 0 
7f7b4efa8000-7f7b4efac000 r--s 000a1000 08:01 656350                     /usr/lib/jdk/jdk1.8.0_201/jre/lib/jsse.jar
7f7b4efac000-7f7b4efad000 r--s 00000000 08:01 398951                     /home/hewitt/work/DiffTGen-master/lib/myprinter.jar
7f7b4efad000-7f7b4efb2000 r--s 0004d000 08:01 653283                     /home/hewitt/work/DiffTGen-master/output/Lang_7_jkali/target/build/classes/all0.jar
7f7b4efb2000-7f7b4efba000 rw-s 00000000 08:01 150235                     /tmp/hsperfdata_hewitt/95155
7f7b4efba000-7f7b4efbb000 rw-p 00000000 00:00 0 
7f7b4efbb000-7f7b4efbc000 r--p 00000000 00:00 0 
7f7b4efbc000-7f7b4efbd000 r--p 00025000 08:01 658775                     /lib/x86_64-linux-gnu/ld-2.23.so
7f7b4efbd000-7f7b4efbe000 rw-p 00026000 08:01 658775                     /lib/x86_64-linux-gnu/ld-2.23.so
7f7b4efbe000-7f7b4efbf000 rw-p 00000000 00:00 0 
7ffc1c835000-7ffc1c857000 rw-p 00000000 00:00 0                          [stack]
7ffc1c904000-7ffc1c907000 r--p 00000000 00:00 0                          [vvar]
7ffc1c907000-7ffc1c909000 r-xp 00000000 00:00 0                          [vdso]
ffffffffff600000-ffffffffff601000 r-xp 00000000 00:00 0                  [vsyscall]

VM Arguments:
java_command: /home/hewitt/work/DiffTGen-master/lib/evosuite-1.0.2.jar -base_dir /home/hewitt/work/DiffTGen-master/output/Lang_7_jkali/target/0/17 -projectCP /home/hewitt/work/DiffTGen-master/output/Lang_7_jkali/target/build/classes/all0.jar:/home/hewitt/work/DiffTGen-master/lib/myprinter.jar:/home/hewitt/work/DiffTGen-master/lib/commons-lang3-3.5.jar -class org.apache.commons.lang3.math.NumberUtils -Dassertions=false -Dsearch_budget=60
java_class_path (initial): /home/hewitt/work/DiffTGen-master/lib/evosuite-1.0.2.jar
Launcher Type: SUN_STANDARD

Environment Variables:
JAVA_HOME=/usr/lib/jdk/jdk1.8.0_201
JRE_HOME=/usr/lib/jdk/jdk1.8.0_201/jre
CLASSPATH=.:/usr/lib/jdk/jdk1.8.0_201/lib:/usr/lib/jdk/jdk1.8.0_201/jre/lib
PATH=/usr/lib/jdk/jdk1.8.0_201/bin:/home/hewitt/bin:/home/hewitt/.local/bin:/usr/lib/jdk/jdk1.7.0_80/bin:/usr/local/sbin:/usr/local/bin:/usr/sbin:/usr/bin:/sbin:/bin:/usr/games:/usr/local/games:/snap/bin:/home/hewitt/work/defects4j_v1.4.0/defects4j/framework/bin:/opt/apache-ant-1.9.14/bin:/home/hewitt/work/defects4j_v1.4.0/defects4j/framework/bin
SHELL=/bin/bash
DISPLAY=:0

Signal Handlers:
SIGSEGV: [libjvm.so+0xad3e60], sa_mask[0]=11111111011111111101111111111110, sa_flags=SA_RESTART|SA_SIGINFO
SIGBUS: [libjvm.so+0xad3e60], sa_mask[0]=11111111011111111101111111111110, sa_flags=SA_RESTART|SA_SIGINFO
SIGFPE: [libjvm.so+0x90b880], sa_mask[0]=11111111011111111101111111111110, sa_flags=SA_RESTART|SA_SIGINFO
SIGPIPE: [libjvm.so+0x90b880], sa_mask[0]=11111111011111111101111111111110, sa_flags=SA_RESTART|SA_SIGINFO
SIGXFSZ: [libjvm.so+0x90b880], sa_mask[0]=11111111011111111101111111111110, sa_flags=SA_RESTART|SA_SIGINFO
SIGILL: [libjvm.so+0x90b880], sa_mask[0]=11111111011111111101111111111110, sa_flags=SA_RESTART|SA_SIGINFO
SIGUSR1: SIG_DFL, sa_mask[0]=00000000000000000000000000000000, sa_flags=none
SIGUSR2: [libjvm.so+0x90b750], sa_mask[0]=00100000000000000000000000000000, sa_flags=SA_RESTART|SA_SIGINFO
SIGHUP: [libjvm.so+0x90bd70], sa_mask[0]=11111111011111111101111111111110, sa_flags=SA_RESTART|SA_SIGINFO
SIGINT: [libjvm.so+0x90bd70], sa_mask[0]=11111111011111111101111111111110, sa_flags=SA_RESTART|SA_SIGINFO
SIGTERM: [libjvm.so+0x90bd70], sa_mask[0]=11111111011111111101111111111110, sa_flags=SA_RESTART|SA_SIGINFO
SIGQUIT: [libjvm.so+0x90bd70], sa_mask[0]=11111111011111111101111111111110, sa_flags=SA_RESTART|SA_SIGINFO


---------------  S Y S T E M  ---------------

OS:DISTRIB_ID=Ubuntu
DISTRIB_RELEASE=16.04
DISTRIB_CODENAME=xenial
DISTRIB_DESCRIPTION="Ubuntu 16.04.6 LTS"

uname:Linux 4.15.0-91-generic #92~16.04.1-Ubuntu SMP Fri Feb 28 14:57:22 UTC 2020 x86_64
libc:glibc 2.23 NPTL 2.23 
rlimit: STACK 8192k, CORE 0k, NPROC 15448, NOFILE 1048576, AS infinity
load average:26.93 18.65 16.43

/proc/meminfo:
MemTotal:        4015928 kB
MemFree:          416732 kB
MemAvailable:     331088 kB
Buffers:             716 kB
Cached:            35628 kB
SwapCached:          448 kB
Active:          2608852 kB
Inactive:         523456 kB
Active(anon):    2593648 kB
Inactive(anon):   503500 kB
Active(file):      15204 kB
Inactive(file):    19956 kB
Unevictable:          48 kB
Mlocked:              48 kB
SwapTotal:        998396 kB
SwapFree:             80 kB
Dirty:               248 kB
Writeback:            92 kB
AnonPages:       3095884 kB
Mapped:            27828 kB
Shmem:               952 kB
Slab:              97468 kB
SReclaimable:      34492 kB
SUnreclaim:        62976 kB
KernelStack:       16784 kB
PageTables:        42748 kB
NFS_Unstable:          0 kB
Bounce:                0 kB
WritebackTmp:          0 kB
CommitLimit:     3006360 kB
Committed_AS:    9091592 kB
VmallocTotal:   34359738367 kB
VmallocUsed:           0 kB
VmallocChunk:          0 kB
HardwareCorrupted:     0 kB
AnonHugePages:         0 kB
ShmemHugePages:        0 kB
ShmemPmdMapped:        0 kB
CmaTotal:              0 kB
CmaFree:               0 kB
HugePages_Total:       0
HugePages_Free:        0
HugePages_Rsvd:        0
HugePages_Surp:        0
Hugepagesize:       2048 kB
DirectMap4k:      104256 kB
DirectMap2M:     3041280 kB
DirectMap1G:     3145728 kB

container (cgroup) information:
container_type: cgroupv1
cpu_cpuset_cpus: 0-3
cpu_memory_nodes: 0
active_processor_count: 4
cpu_quota: -1
cpu_period: 100000
cpu_shares: -1
memory_limit_in_bytes: -1
memory_and_swap_limit_in_bytes: -2
memory_soft_limit_in_bytes: -1
memory_usage_in_bytes: 3207979008
memory_max_usage_in_bytes: 137109504


CPU:total 4 (initial active 4) (2 cores per cpu, 1 threads per core) family 6 model 158 stepping 9, cmov, cx8, fxsr, mmx, sse, sse2, sse3, ssse3, sse4.1, sse4.2, popcnt, avx, avx2, aes, clmul, erms, 3dnowpref, lzcnt, tsc, tscinvbit, bmi1, bmi2, adx

/proc/cpuinfo:
processor	: 0
vendor_id	: GenuineIntel
cpu family	: 6
model		: 158
model name	: Intel(R) Core(TM) i7-7700HQ CPU @ 2.80GHz
stepping	: 9
microcode	: 0xb4
cpu MHz		: 2808.002
cache size	: 6144 KB
physical id	: 0
siblings	: 2
core id		: 0
cpu cores	: 2
apicid		: 0
initial apicid	: 0
fpu		: yes
fpu_exception	: yes
cpuid level	: 22
wp		: yes
flags		: fpu vme de pse tsc msr pae mce cx8 apic sep mtrr pge mca cmov pat pse36 clflush mmx fxsr sse sse2 ss ht syscall nx pdpe1gb rdtscp lm constant_tsc arch_perfmon nopl xtopology tsc_reliable nonstop_tsc cpuid pni pclmulqdq ssse3 fma cx16 pcid sse4_1 sse4_2 x2apic movbe popcnt tsc_deadline_timer aes xsave avx f16c rdrand hypervisor lahf_lm abm 3dnowprefetch cpuid_fault invpcid_single pti ssbd ibrs ibpb stibp fsgsbase tsc_adjust bmi1 avx2 smep bmi2 invpcid mpx rdseed adx smap clflushopt xsaveopt xsavec xsaves arat md_clear flush_l1d arch_capabilities
bugs		: cpu_meltdown spectre_v1 spectre_v2 spec_store_bypass l1tf mds swapgs itlb_multihit
bogomips	: 5616.00
clflush size	: 64
cache_alignment	: 64
address sizes	: 43 bits physical, 48 bits virtual
power management:

processor	: 1
vendor_id	: GenuineIntel
cpu family	: 6
model		: 158
model name	: Intel(R) Core(TM) i7-7700HQ CPU @ 2.80GHz
stepping	: 9
microcode	: 0xb4
cpu MHz		: 2808.002
cache size	: 6144 KB
physical id	: 0
siblings	: 2
core id		: 1
cpu cores	: 2
apicid		: 1
initial apicid	: 1
fpu		: yes
fpu_exception	: yes
cpuid level	: 22
wp		: yes
flags		: fpu vme de pse tsc msr pae mce cx8 apic sep mtrr pge mca cmov pat pse36 clflush mmx fxsr sse sse2 ss ht syscall nx pdpe1gb rdtscp lm constant_tsc arch_perfmon nopl xtopology tsc_reliable nonstop_tsc cpuid pni pclmulqdq ssse3 fma cx16 pcid sse4_1 sse4_2 x2apic movbe popcnt tsc_deadline_timer aes xsave avx f16c rdrand hypervisor lahf_lm abm 3dnowprefetch cpuid_fault invpcid_single pti ssbd ibrs ibpb stibp fsgsbase tsc_adjust bmi1 avx2 smep bmi2 invpcid mpx rdseed adx smap clflushopt xsaveopt xsavec xsaves arat md_clear flush_l1d arch_capabilities
bugs		: cpu_meltdown spectre_v1 spectre_v2 spec_store_bypass l1tf mds swapgs itlb_multihit
bogomips	: 5616.00
clflush size	: 64
cache_alignment	: 64
address sizes	: 43 bits physical, 48 bits virtual
power management:

processor	: 2
vendor_id	: GenuineIntel
cpu family	: 6
model		: 158
model name	: Intel(R) Core(TM) i7-7700HQ CPU @ 2.80GHz
stepping	: 9
microcode	: 0xb4
cpu MHz		: 2808.002
cache size	: 6144 KB
physical id	: 1
siblings	: 2
core id		: 0
cpu cores	: 2
apicid		: 2
initial apicid	: 2
fpu		: yes
fpu_exception	: yes
cpuid level	: 22
wp		: yes
flags		: fpu vme de pse tsc msr pae mce cx8 apic sep mtrr pge mca cmov pat pse36 clflush mmx fxsr sse sse2 ss ht syscall nx pdpe1gb rdtscp lm constant_tsc arch_perfmon nopl xtopology tsc_reliable nonstop_tsc cpuid pni pclmulqdq ssse3 fma cx16 pcid sse4_1 sse4_2 x2apic movbe popcnt tsc_deadline_timer aes xsave avx f16c rdrand hypervisor lahf_lm abm 3dnowprefetch cpuid_fault invpcid_single pti ssbd ibrs ibpb stibp fsgsbase tsc_adjust bmi1 avx2 smep bmi2 invpcid mpx rdseed adx smap clflushopt xsaveopt xsavec xsaves arat md_clear flush_l1d arch_capabilities
bugs		: cpu_meltdown spectre_v1 spectre_v2 spec_store_bypass l1tf mds swapgs itlb_multihit
bogomips	: 5616.00
clflush size	: 64
cache_alignment	: 64
address sizes	: 43 bits physical, 48 bits virtual
power management:

processor	: 3
vendor_id	: GenuineIntel
cpu family	: 6
model		: 158
model name	: Intel(R) Core(TM) i7-7700HQ CPU @ 2.80GHz
stepping	: 9
microcode	: 0xb4
cpu MHz		: 2808.002
cache size	: 6144 KB
physical id	: 1
siblings	: 2
core id		: 1
cpu cores	: 2
apicid		: 3
initial apicid	: 3
fpu		: yes
fpu_exception	: yes
cpuid level	: 22
wp		: yes
flags		: fpu vme de pse tsc msr pae mce cx8 apic sep mtrr pge mca cmov pat pse36 clflush mmx fxsr sse sse2 ss ht syscall nx pdpe1gb rdtscp lm constant_tsc arch_perfmon nopl xtopology tsc_reliable nonstop_tsc cpuid pni pclmulqdq ssse3 fma cx16 pcid sse4_1 sse4_2 x2apic movbe popcnt tsc_deadline_timer aes xsave avx f16c rdrand hypervisor lahf_lm abm 3dnowprefetch cpuid_fault invpcid_single pti ssbd ibrs ibpb stibp fsgsbase tsc_adjust bmi1 avx2 smep bmi2 invpcid mpx rdseed adx smap clflushopt xsaveopt xsavec xsaves arat md_clear flush_l1d arch_capabilities
bugs		: cpu_meltdown spectre_v1 spectre_v2 spec_store_bypass l1tf mds swapgs itlb_multihit
bogomips	: 5616.00
clflush size	: 64
cache_alignment	: 64
address sizes	: 43 bits physical, 48 bits virtual
power management:



Memory: 4k page, physical 4015928k(416732k free), swap 998396k(80k free)

vm_info: Java HotSpot(TM) 64-Bit Server VM (25.201-b09) for linux-amd64 JRE (1.8.0_201-b09), built on Dec 15 2018 11:35:59 by "java_re" with gcc 7.3.0

time: Mon Mar 23 16:01:50 2020
timezone: CST
elapsed time: 44 seconds (0d 0h 0m 44s)

