#
# There is insufficient memory for the Java Runtime Environment to continue.
# Native memory allocation (mmap) failed to map 61865984 bytes for committing reserved memory.
# Possible reasons:
#   The system is out of physical RAM or swap space
#   The process is running with CompressedOops enabled, and the Java Heap may be blocking the growth of the native heap
# Possible solutions:
#   Reduce memory load on the system
#   Increase physical memory or swap space
#   Check if swap backing store is full
#   Decrease Java heap size (-Xmx/-Xms)
#   Decrease number of Java threads
#   Decrease Java thread stack sizes (-Xss)
#   Set larger code cache with -XX:ReservedCodeCacheSize=
#   JVM is running with Unscaled Compressed Oops mode in which the Java heap is
#     placed in the first 4GB address space. The Java Heap base address is the
#     maximum limit for the native heap growth. Please use -XX:HeapBaseMinAddress
#     to set the Java Heap base and to place the Java Heap above 4GB virtual address.
# This output file may be truncated or incomplete.
#
#  Out of Memory Error (os_linux.cpp:2749), pid=63914, tid=0x00007fbd3c1f1700
#
# JRE version: Java(TM) SE Runtime Environment (8.0_201-b09) (build 1.8.0_201-b09)
# Java VM: Java HotSpot(TM) 64-Bit Server VM (25.201-b09 mixed mode linux-amd64 compressed oops)
# Failed to write core dump. Core dumps have been disabled. To enable core dumping, try "ulimit -c unlimited" before starting Java again
#

---------------  T H R E A D  ---------------

Current thread (0x00007fbd4c140000):  VMThread [stack: 0x00007fbd3c0f1000,0x00007fbd3c1f2000] [id=63952]

Stack: [0x00007fbd3c0f1000,0x00007fbd3c1f2000],  sp=0x00007fbd3c1f0450,  free space=1021k
Native frames: (J=compiled Java code, j=interpreted, Vv=VM code, C=native code)
V  [libjvm.so+0xad3525]  VMError::report_and_die()+0x2e5
V  [libjvm.so+0x4e0457]  report_vm_out_of_memory(char const*, int, unsigned long, VMErrorType, char const*)+0x67
V  [libjvm.so+0x9102f0]  os::pd_commit_memory(char*, unsigned long, unsigned long, bool)+0x100
V  [libjvm.so+0x90791f]  os::commit_memory(char*, unsigned long, unsigned long, bool)+0x1f
V  [libjvm.so+0x98c806]  PSVirtualSpace::expand_by(unsigned long)+0x56
V  [libjvm.so+0x98da98]  PSYoungGen::resize(unsigned long, unsigned long)+0xd8
V  [libjvm.so+0x98a236]  PSScavenge::invoke_no_policy()+0x1376
V  [libjvm.so+0x98a5cc]  PSScavenge::invoke()+0x4c
V  [libjvm.so+0x93a318]  ParallelScavengeHeap::failed_mem_allocate(unsigned long)+0x68
V  [libjvm.so+0xad5073]  VM_ParallelGCFailedAllocation::doit()+0x93
V  [libjvm.so+0xada296]  VM_Operation::evaluate()+0x46
V  [libjvm.so+0xad85cd]  VMThread::evaluate_operation(VM_Operation*) [clone .constprop.44]+0xcd
V  [libjvm.so+0xad8bb3]  VMThread::loop()+0x3a3
V  [libjvm.so+0xad8f88]  VMThread::run()+0x78
V  [libjvm.so+0x90d922]  java_start(Thread*)+0x102

VM_Operation (0x00007fbd008f0bf0): ParallelGCFailedAllocation, mode: safepoint, requested by thread 0x00007fbcf0001000


---------------  P R O C E S S  ---------------

Java Threads: ( => current thread )
  0x00007fbcf0002800 JavaThread "RMI TCP Connection(3)-127.0.0.1" daemon [_thread_blocked, id=64307, stack(0x00007fbd004f6000,0x00007fbd005f7000)]
  0x00007fbcf0001000 JavaThread "RMI TCP Connection(2)-127.0.0.1" daemon [_thread_blocked, id=64263, stack(0x00007fbd007f7000,0x00007fbd008f8000)]
  0x00007fbcc8038000 JavaThread "RMI Scheduler(0)" daemon [_thread_blocked, id=64257, stack(0x00007fbd008f8000,0x00007fbd009f9000)]
  0x00007fbcc8030800 JavaThread "RMI RenewClean-[127.0.0.1:21210]" daemon [_thread_blocked, id=64248, stack(0x00007fbd009f9000,0x00007fbd00afa000)]
  0x00007fbcec001000 JavaThread "RMI TCP Connection(1)-127.0.0.1" daemon [_thread_in_native, id=64240, stack(0x00007fbd00afa000,0x00007fbd00bfb000)]
  0x00007fbcdc005000 JavaThread "pool-3-thread-3" [_thread_in_native, id=64198, stack(0x00007fbd00bfb000,0x00007fbd00cfc000)]
  0x00007fbcdc003000 JavaThread "pool-3-thread-2" [_thread_in_native, id=64197, stack(0x00007fbd00cfc000,0x00007fbd00dfd000)]
  0x00007fbcdc002000 JavaThread "pool-3-thread-1" [_thread_in_native, id=64194, stack(0x00007fbd00dfd000,0x00007fbd00efe000)]
  0x00007fbd4c3c1000 JavaThread "Thread-3" [_thread_in_native, id=64100, stack(0x00007fbd00efe000,0x00007fbd00fff000)]
  0x00007fbd4c3bf000 JavaThread "Thread-2" [_thread_in_native, id=64084, stack(0x00007fbd2c037000,0x00007fbd2c138000)]
  0x00007fbd4c3bd800 JavaThread "process reaper" daemon [_thread_in_native, id=64081, stack(0x00007fbd3c03f000,0x00007fbd3c078000)]
  0x00007fbd4c3b8000 JavaThread "pool-2-thread-1" [_thread_in_native, id=64060, stack(0x00007fbd2c138000,0x00007fbd2c239000)]
  0x00007fbd4c3b5800 JavaThread "GC Daemon" daemon [_thread_blocked, id=64056, stack(0x00007fbd2c239000,0x00007fbd2c33a000)]
  0x00007fbd4c3b3000 JavaThread "RMI Reaper" [_thread_blocked, id=64047, stack(0x00007fbd2c33a000,0x00007fbd2c43b000)]
  0x00007fbd4c3ac000 JavaThread "RMI TCP Accept-3692" daemon [_thread_in_native, id=64044, stack(0x00007fbd2c43b000,0x00007fbd2c53c000)]
  0x00007fbd4c3a5000 JavaThread "RMI TCP Accept-21698" daemon [_thread_in_native, id=64031, stack(0x00007fbd2c53c000,0x00007fbd2c63d000)]
  0x00007fbd4c2ec000 JavaThread "logback-3" daemon [_thread_blocked, id=64026, stack(0x00007fbd2c83d000,0x00007fbd2c93e000)]
  0x00007fbd4c2e8800 JavaThread "logback-2" daemon [_thread_blocked, id=64025, stack(0x00007fbd2c93e000,0x00007fbd2ca3f000)]
  0x00007fbd4c2e6800 JavaThread "logback-1" daemon [_thread_blocked, id=64022, stack(0x00007fbd2ca3f000,0x00007fbd2cb40000)]
  0x00007fbd4c189000 JavaThread "Service Thread" daemon [_thread_blocked, id=63993, stack(0x00007fbd2d08a000,0x00007fbd2d18b000)]
  0x00007fbd4c186000 JavaThread "C1 CompilerThread2" daemon [_thread_blocked, id=63978, stack(0x00007fbd2d18b000,0x00007fbd2d28c000)]
  0x00007fbd4c184800 JavaThread "C2 CompilerThread1" daemon [_thread_blocked, id=63977, stack(0x00007fbd2d28c000,0x00007fbd2d38d000)]
  0x00007fbd4c181800 JavaThread "C2 CompilerThread0" daemon [_thread_blocked, id=63975, stack(0x00007fbd2d38d000,0x00007fbd2d48e000)]
  0x00007fbd4c180000 JavaThread "Signal Dispatcher" daemon [_thread_blocked, id=63973, stack(0x00007fbd2d48e000,0x00007fbd2d58f000)]
  0x00007fbd4c14c000 JavaThread "Finalizer" daemon [_thread_blocked, id=63963, stack(0x00007fbd2df4e000,0x00007fbd2e04f000)]
  0x00007fbd4c149800 JavaThread "Reference Handler" daemon [_thread_blocked, id=63960, stack(0x00007fbd2e04f000,0x00007fbd2e150000)]
  0x00007fbd4c00a800 JavaThread "main" [_thread_in_native, id=63920, stack(0x00007fbd546ee000,0x00007fbd547ef000)]

Other Threads:
=>0x00007fbd4c140000 VMThread [stack: 0x00007fbd3c0f1000,0x00007fbd3c1f2000] [id=63952]
  0x00007fbd4c18b800 WatcherThread [stack: 0x00007fbd2cf89000,0x00007fbd2d08a000] [id=64000]

VM state:at safepoint (normal execution)

VM Mutex/Monitor currently owned by a thread:  ([mutex/lock_event])
[0x00007fbd4c007070] Threads_lock - owner thread: 0x00007fbd4c140000
[0x00007fbd4c007570] Heap_lock - owner thread: 0x00007fbcf0001000

heap address: 0x00000000c2a00000, size: 982 MB, Compressed Oops mode: 32-bit
Narrow klass base: 0x0000000000000000, Narrow klass shift: 3
Compressed class space size: 1073741824 Address: 0x0000000100000000

Heap:
 PSYoungGen      total 63488K, used 6116K [0x00000000eb900000, 0x00000000efe00000, 0x0000000100000000)
  eden space 57344K, 0% used [0x00000000eb900000,0x00000000eb900000,0x00000000ef100000)
  from space 6144K, 99% used [0x00000000ef100000,0x00000000ef6f9288,0x00000000ef700000)
  to   space 5120K, 0% used [0x00000000ef700000,0x00000000ef700000,0x00000000efc00000)
 ParOldGen       total 42496K, used 15254K [0x00000000c2a00000, 0x00000000c5380000, 0x00000000eb900000)
  object space 42496K, 35% used [0x00000000c2a00000,0x00000000c38e5ad0,0x00000000c5380000)
 Metaspace       used 13795K, capacity 14126K, committed 14336K, reserved 1062912K
  class space    used 1565K, capacity 1667K, committed 1792K, reserved 1048576K

Card table byte_map: [0x00007fbd512a3000,0x00007fbd5148f000] byte_map_base: 0x00007fbd50c8e000

Marking Bits: (ParMarkBitMap*) 0x00007fbd53bc5d80
 Begin Bits: [0x00007fbd2e150000, 0x00007fbd2f0a8000)
 End Bits:   [0x00007fbd2f0a8000, 0x00007fbd30000000)

Polling page: 0x00007fbd5480a000

CodeCache: size=245760Kb used=6574Kb max_used=6583Kb free=239185Kb
 bounds [0x00007fbd3d000000, 0x00007fbd3d680000, 0x00007fbd4c000000]
 total_blobs=2175 nmethods=1827 adapters=261
 compilation: enabled

Compilation events (10 events):
Event: 29.035 Thread 0x00007fbd4c181800 nmethod 1867 0x00007fbd3d6682d0 code [0x00007fbd3d668480, 0x00007fbd3d6689b8]
Event: 29.035 Thread 0x00007fbd4c181800 1858       4       org.evosuite.shaded.org.objectweb.asm.MethodVisitor::visitJumpInsn (17 bytes)
Event: 29.036 Thread 0x00007fbd4c181800 nmethod 1858 0x00007fbd3d670c90 code [0x00007fbd3d670de0, 0x00007fbd3d670e98]
Event: 29.036 Thread 0x00007fbd4c181800 1863       4       org.evosuite.shaded.org.objectweb.asm.Frame::push (110 bytes)
Event: 29.037 Thread 0x00007fbd4c181800 nmethod 1863 0x00007fbd3d62f250 code [0x00007fbd3d62f3a0, 0x00007fbd3d62f558]
Event: 29.037 Thread 0x00007fbd4c181800 1860       4       org.evosuite.shaded.org.objectweb.asm.ByteVector::putByte (39 bytes)
Event: 29.060 Thread 0x00007fbd4c186000 1868       2       org.evosuite.shaded.org.objectweb.asm.commons.GeneratorAdapter::setLocalType (49 bytes)
Event: 29.061 Thread 0x00007fbd4c186000 nmethod 1868 0x00007fbd3d62ecd0 code [0x00007fbd3d62ee60, 0x00007fbd3d62f0c8]
Event: 29.061 Thread 0x00007fbd4c186000 1869       2       java.io.OutputStream::flush (1 bytes)
Event: 29.061 Thread 0x00007fbd4c186000 nmethod 1869 0x00007fbd3d66be50 code [0x00007fbd3d66bfa0, 0x00007fbd3d66c0f0]

GC Heap History (10 events):
Event: 25.946 GC heap after
Heap after GC invocations=5 (full 1):
 PSYoungGen      total 18432K, used 2544K [0x00000000eb900000, 0x00000000edd00000, 0x0000000100000000)
  eden space 15872K, 0% used [0x00000000eb900000,0x00000000eb900000,0x00000000ec880000)
  from space 2560K, 99% used [0x00000000ecb00000,0x00000000ecd7c010,0x00000000ecd80000)
  to   space 2560K, 0% used [0x00000000ec880000,0x00000000ec880000,0x00000000ecb00000)
 ParOldGen       total 42496K, used 8289K [0x00000000c2a00000, 0x00000000c5380000, 0x00000000eb900000)
  object space 42496K, 19% used [0x00000000c2a00000,0x00000000c3218778,0x00000000c5380000)
 Metaspace       used 13620K, capacity 13998K, committed 14336K, reserved 1062912K
  class space    used 1565K, capacity 1667K, committed 1792K, reserved 1048576K
}
Event: 26.303 GC heap before
{Heap before GC invocations=6 (full 1):
 PSYoungGen      total 18432K, used 18416K [0x00000000eb900000, 0x00000000edd00000, 0x0000000100000000)
  eden space 15872K, 100% used [0x00000000eb900000,0x00000000ec880000,0x00000000ec880000)
  from space 2560K, 99% used [0x00000000ecb00000,0x00000000ecd7c010,0x00000000ecd80000)
  to   space 2560K, 0% used [0x00000000ec880000,0x00000000ec880000,0x00000000ecb00000)
 ParOldGen       total 42496K, used 8289K [0x00000000c2a00000, 0x00000000c5380000, 0x00000000eb900000)
  object space 42496K, 19% used [0x00000000c2a00000,0x00000000c3218778,0x00000000c5380000)
 Metaspace       used 13661K, capacity 13998K, committed 14336K, reserved 1062912K
  class space    used 1565K, capacity 1667K, committed 1792K, reserved 1048576K
Event: 26.318 GC heap after
Heap after GC invocations=6 (full 1):
 PSYoungGen      total 18432K, used 2544K [0x00000000eb900000, 0x00000000edd00000, 0x0000000100000000)
  eden space 15872K, 0% used [0x00000000eb900000,0x00000000eb900000,0x00000000ec880000)
  from space 2560K, 99% used [0x00000000ec880000,0x00000000ecafc010,0x00000000ecb00000)
  to   space 2560K, 0% used [0x00000000eda80000,0x00000000eda80000,0x00000000edd00000)
 ParOldGen       total 42496K, used 9493K [0x00000000c2a00000, 0x00000000c5380000, 0x00000000eb900000)
  object space 42496K, 22% used [0x00000000c2a00000,0x00000000c3345788,0x00000000c5380000)
 Metaspace       used 13661K, capacity 13998K, committed 14336K, reserved 1062912K
  class space    used 1565K, capacity 1667K, committed 1792K, reserved 1048576K
}
Event: 26.610 GC heap before
{Heap before GC invocations=7 (full 1):
 PSYoungGen      total 18432K, used 18416K [0x00000000eb900000, 0x00000000edd00000, 0x0000000100000000)
  eden space 15872K, 100% used [0x00000000eb900000,0x00000000ec880000,0x00000000ec880000)
  from space 2560K, 99% used [0x00000000ec880000,0x00000000ecafc010,0x00000000ecb00000)
  to   space 2560K, 0% used [0x00000000eda80000,0x00000000eda80000,0x00000000edd00000)
 ParOldGen       total 42496K, used 9493K [0x00000000c2a00000, 0x00000000c5380000, 0x00000000eb900000)
  object space 42496K, 22% used [0x00000000c2a00000,0x00000000c3345788,0x00000000c5380000)
 Metaspace       used 13707K, capacity 14062K, committed 14336K, reserved 1062912K
  class space    used 1565K, capacity 1667K, committed 1792K, reserved 1048576K
Event: 26.659 GC heap after
Heap after GC invocations=7 (full 1):
 PSYoungGen      total 31744K, used 2528K [0x00000000eb900000, 0x00000000ee200000, 0x0000000100000000)
  eden space 29184K, 0% used [0x00000000eb900000,0x00000000eb900000,0x00000000ed580000)
  from space 2560K, 98% used [0x00000000eda80000,0x00000000edcf8010,0x00000000edd00000)
  to   space 5120K, 0% used [0x00000000ed580000,0x00000000ed580000,0x00000000eda80000)
 ParOldGen       total 42496K, used 10477K [0x00000000c2a00000, 0x00000000c5380000, 0x00000000eb900000)
  object space 42496K, 24% used [0x00000000c2a00000,0x00000000c343b788,0x00000000c5380000)
 Metaspace       used 13707K, capacity 14062K, committed 14336K, reserved 1062912K
  class space    used 1565K, capacity 1667K, committed 1792K, reserved 1048576K
}
Event: 27.252 GC heap before
{Heap before GC invocations=8 (full 1):
 PSYoungGen      total 31744K, used 31712K [0x00000000eb900000, 0x00000000ee200000, 0x0000000100000000)
  eden space 29184K, 100% used [0x00000000eb900000,0x00000000ed580000,0x00000000ed580000)
  from space 2560K, 98% used [0x00000000eda80000,0x00000000edcf8010,0x00000000edd00000)
  to   space 5120K, 0% used [0x00000000ed580000,0x00000000ed580000,0x00000000eda80000)
 ParOldGen       total 42496K, used 10477K [0x00000000c2a00000, 0x00000000c5380000, 0x00000000eb900000)
  object space 42496K, 24% used [0x00000000c2a00000,0x00000000c343b788,0x00000000c5380000)
 Metaspace       used 13759K, capacity 14126K, committed 14336K, reserved 1062912K
  class space    used 1565K, capacity 1667K, committed 1792K, reserved 1048576K
Event: 27.269 GC heap after
Heap after GC invocations=8 (full 1):
 PSYoungGen      total 34304K, used 4512K [0x00000000eb900000, 0x00000000efc00000, 0x0000000100000000)
  eden space 29184K, 0% used [0x00000000eb900000,0x00000000eb900000,0x00000000ed580000)
  from space 5120K, 88% used [0x00000000ed580000,0x00000000ed9e80a0,0x00000000eda80000)
  to   space 5120K, 0% used [0x00000000ef700000,0x00000000ef700000,0x00000000efc00000)
 ParOldGen       total 42496K, used 10477K [0x00000000c2a00000, 0x00000000c5380000, 0x00000000eb900000)
  object space 42496K, 24% used [0x00000000c2a00000,0x00000000c343b788,0x00000000c5380000)
 Metaspace       used 13759K, capacity 14126K, committed 14336K, reserved 1062912K
  class space    used 1565K, capacity 1667K, committed 1792K, reserved 1048576K
}
Event: 27.730 GC heap before
{Heap before GC invocations=9 (full 1):
 PSYoungGen      total 34304K, used 33696K [0x00000000eb900000, 0x00000000efc00000, 0x0000000100000000)
  eden space 29184K, 100% used [0x00000000eb900000,0x00000000ed580000,0x00000000ed580000)
  from space 5120K, 88% used [0x00000000ed580000,0x00000000ed9e80a0,0x00000000eda80000)
  to   space 5120K, 0% used [0x00000000ef700000,0x00000000ef700000,0x00000000efc00000)
 ParOldGen       total 42496K, used 10477K [0x00000000c2a00000, 0x00000000c5380000, 0x00000000eb900000)
  object space 42496K, 24% used [0x00000000c2a00000,0x00000000c343b788,0x00000000c5380000)
 Metaspace       used 13772K, capacity 14126K, committed 14336K, reserved 1062912K
  class space    used 1565K, capacity 1667K, committed 1792K, reserved 1048576K
Event: 27.752 GC heap after
Heap after GC invocations=9 (full 1):
 PSYoungGen      total 62464K, used 5112K [0x00000000eb900000, 0x00000000efe00000, 0x0000000100000000)
  eden space 57344K, 0% used [0x00000000eb900000,0x00000000eb900000,0x00000000ef100000)
  from space 5120K, 99% used [0x00000000ef700000,0x00000000efbfe248,0x00000000efc00000)
  to   space 6144K, 0% used [0x00000000ef100000,0x00000000ef100000,0x00000000ef700000)
 ParOldGen       total 42496K, used 12026K [0x00000000c2a00000, 0x00000000c5380000, 0x00000000eb900000)
  object space 42496K, 28% used [0x00000000c2a00000,0x00000000c35be970,0x00000000c5380000)
 Metaspace       used 13772K, capacity 14126K, committed 14336K, reserved 1062912K
  class space    used 1565K, capacity 1667K, committed 1792K, reserved 1048576K
}
Event: 29.152 GC heap before
{Heap before GC invocations=10 (full 1):
 PSYoungGen      total 62464K, used 62456K [0x00000000eb900000, 0x00000000efe00000, 0x0000000100000000)
  eden space 57344K, 100% used [0x00000000eb900000,0x00000000ef100000,0x00000000ef100000)
  from space 5120K, 99% used [0x00000000ef700000,0x00000000efbfe248,0x00000000efc00000)
  to   space 6144K, 0% used [0x00000000ef100000,0x00000000ef100000,0x00000000ef700000)
 ParOldGen       total 42496K, used 12026K [0x00000000c2a00000, 0x00000000c5380000, 0x00000000eb900000)
  object space 42496K, 28% used [0x00000000c2a00000,0x00000000c35be970,0x00000000c5380000)
 Metaspace       used 13795K, capacity 14126K, committed 14336K, reserved 1062912K
  class space    used 1565K, capacity 1667K, committed 1792K, reserved 1048576K

Deoptimization events (10 events):
Event: 23.040 Thread 0x00007fbcf0001000 Uncommon trap: reason=class_check action=maybe_recompile pc=0x00007fbd3d3b1db8 method=java.util.HashMap.putVal(ILjava/lang/Object;Ljava/lang/Object;ZZ)Ljava/lang/Object; @ 203
Event: 23.309 Thread 0x00007fbcf0001000 Uncommon trap: reason=unstable_if action=reinterpret pc=0x00007fbd3d39246c method=java.io.ObjectInputStream$HandleTable.finish(I)V @ 4
Event: 24.054 Thread 0x00007fbcf0001000 Uncommon trap: reason=unstable_if action=reinterpret pc=0x00007fbd3d1df4f0 method=java.lang.AbstractStringBuilder.append(Ljava/lang/String;)Ljava/lang/AbstractStringBuilder; @ 1
Event: 24.107 Thread 0x00007fbcf0001000 Uncommon trap: reason=unstable_if action=reinterpret pc=0x00007fbd3d1d9128 method=java.lang.AbstractStringBuilder.append(Ljava/lang/String;)Ljava/lang/AbstractStringBuilder; @ 1
Event: 24.821 Thread 0x00007fbcf0001000 Uncommon trap: reason=bimorphic action=maybe_recompile pc=0x00007fbd3d459958 method=java.util.HashMap.putVal(ILjava/lang/Object;Ljava/lang/Object;ZZ)Ljava/lang/Object; @ 203
Event: 24.821 Thread 0x00007fbcf0001000 Uncommon trap: reason=bimorphic action=maybe_recompile pc=0x00007fbd3d459958 method=java.util.HashMap.putVal(ILjava/lang/Object;Ljava/lang/Object;ZZ)Ljava/lang/Object; @ 203
Event: 27.457 Thread 0x00007fbcf0001000 Uncommon trap: reason=bimorphic action=maybe_recompile pc=0x00007fbd3d5183a8 method=java.util.AbstractCollection.addAll(Ljava/util/Collection;)Z @ 3
Event: 27.457 Thread 0x00007fbcf0001000 Uncommon trap: reason=bimorphic action=maybe_recompile pc=0x00007fbd3d5183a8 method=java.util.AbstractCollection.addAll(Ljava/util/Collection;)Z @ 3
Event: 27.458 Thread 0x00007fbcf0001000 Uncommon trap: reason=bimorphic action=maybe_recompile pc=0x00007fbd3d5183a8 method=java.util.AbstractCollection.addAll(Ljava/util/Collection;)Z @ 3
Event: 27.458 Thread 0x00007fbcf0001000 Uncommon trap: reason=bimorphic action=maybe_recompile pc=0x00007fbd3d5183a8 method=java.util.AbstractCollection.addAll(Ljava/util/Collection;)Z @ 3

Classes redefined (0 events):
No events

Internal exceptions (10 events):
Event: 11.647 Thread 0x00007fbd4c2e6800 Exception <a 'java/net/ConnectException'> (0x00000000ebb42f28) thrown at [/HUDSON/workspace/8-2-build-linux-amd64/jdk8u201/12317/hotspot/src/share/vm/prims/jni.cpp, line 709]
Event: 11.647 Thread 0x00007fbd4c2e8800 Exception <a 'java/net/ConnectException'> (0x00000000ebb6aa08) thrown at [/HUDSON/workspace/8-2-build-linux-amd64/jdk8u201/12317/hotspot/src/share/vm/prims/jni.cpp, line 709]
Event: 11.658 Thread 0x00007fbd4c2ec000 Exception <a 'java/net/ConnectException'> (0x00000000ebb925b0) thrown at [/HUDSON/workspace/8-2-build-linux-amd64/jdk8u201/12317/hotspot/src/share/vm/prims/jni.cpp, line 709]
Event: 21.648 Thread 0x00007fbd4c2e8800 Exception <a 'java/net/ConnectException'> (0x00000000ebb6b530) thrown at [/HUDSON/workspace/8-2-build-linux-amd64/jdk8u201/12317/hotspot/src/share/vm/prims/jni.cpp, line 709]
Event: 21.648 Thread 0x00007fbd4c2e6800 Exception <a 'java/net/ConnectException'> (0x00000000ebb43a50) thrown at [/HUDSON/workspace/8-2-build-linux-amd64/jdk8u201/12317/hotspot/src/share/vm/prims/jni.cpp, line 709]
Event: 21.659 Thread 0x00007fbd4c2ec000 Exception <a 'java/net/ConnectException'> (0x00000000ebb930d8) thrown at [/HUDSON/workspace/8-2-build-linux-amd64/jdk8u201/12317/hotspot/src/share/vm/prims/jni.cpp, line 709]
Event: 23.016 Thread 0x00007fbcf0002800 Implicit null exception at 0x00007fbd3d3ae956 to 0x00007fbd3d3af98d
Event: 23.165 Thread 0x00007fbcf0001000 Exception <a 'java/lang/NoSuchMethodError': <clinit>> (0x00000000ec396248) thrown at [/HUDSON/workspace/8-2-build-linux-amd64/jdk8u201/12317/hotspot/src/share/vm/prims/jni.cpp, line 1613]
Event: 24.054 Thread 0x00007fbcf0001000 Implicit null exception at 0x00007fbd3d1df135 to 0x00007fbd3d1df4dd
Event: 24.107 Thread 0x00007fbcf0001000 Implicit null exception at 0x00007fbd3d1d8cf4 to 0x00007fbd3d1d9111

Events (10 events):
Event: 28.038 Thread 0x00007fbcf0001000 DEOPT UNPACKING pc=0x00007fbd3d047784 sp=0x00007fbd008f0bd8 mode 0
Event: 28.043 Thread 0x00007fbcf0001000 DEOPT PACKING pc=0x00007fbd3d60a444 sp=0x00007fbd008f0ea0
Event: 28.043 Thread 0x00007fbcf0001000 DEOPT UNPACKING pc=0x00007fbd3d047784 sp=0x00007fbd008f0bd8 mode 0
Event: 28.153 Thread 0x00007fbcf0001000 DEOPT PACKING pc=0x00007fbd3d60a444 sp=0x00007fbd008f0dd0
Event: 28.153 Thread 0x00007fbcf0001000 DEOPT UNPACKING pc=0x00007fbd3d047784 sp=0x00007fbd008f0b08 mode 0
Event: 28.296 Thread 0x00007fbcf0001000 DEOPT PACKING pc=0x00007fbd3d5f1a7b sp=0x00007fbd008f0d00
Event: 28.296 Thread 0x00007fbcf0001000 DEOPT UNPACKING pc=0x00007fbd3d047784 sp=0x00007fbd008f0ca0 mode 0
Event: 28.298 Thread 0x00007fbcf0001000 DEOPT PACKING pc=0x00007fbd3d60a444 sp=0x00007fbd008f0dd0
Event: 28.298 Thread 0x00007fbcf0001000 DEOPT UNPACKING pc=0x00007fbd3d047784 sp=0x00007fbd008f0b08 mode 0
Event: 29.151 Executing VM operation: ParallelGCFailedAllocation


Dynamic libraries:
00400000-00401000 r-xp 00000000 08:01 654793                             /usr/lib/jdk/jdk1.8.0_201/bin/java
00600000-00601000 r--p 00000000 08:01 654793                             /usr/lib/jdk/jdk1.8.0_201/bin/java
00601000-00602000 rw-p 00001000 08:01 654793                             /usr/lib/jdk/jdk1.8.0_201/bin/java
01193000-01433000 rw-p 00000000 00:00 0                                  [heap]
c2a00000-c5380000 rw-p 00000000 00:00 0 
c5380000-eb900000 ---p 00000000 00:00 0 
eb900000-efe00000 rw-p 00000000 00:00 0 
f3900000-100000000 ---p 00000000 00:00 0 
100000000-1001c0000 rw-p 00000000 00:00 0 
1001c0000-140000000 ---p 00000000 00:00 0 
7fbcbc000000-7fbcbc021000 rw-p 00000000 00:00 0 
7fbcbc021000-7fbcc0000000 ---p 00000000 00:00 0 
7fbcc0000000-7fbcc0021000 rw-p 00000000 00:00 0 
7fbcc0021000-7fbcc4000000 ---p 00000000 00:00 0 
7fbcc4000000-7fbcc4021000 rw-p 00000000 00:00 0 
7fbcc4021000-7fbcc8000000 ---p 00000000 00:00 0 
7fbcc8000000-7fbcc803b000 rw-p 00000000 00:00 0 
7fbcc803b000-7fbccc000000 ---p 00000000 00:00 0 
7fbccc000000-7fbccc021000 rw-p 00000000 00:00 0 
7fbccc021000-7fbcd0000000 ---p 00000000 00:00 0 
7fbcd0000000-7fbcd0021000 rw-p 00000000 00:00 0 
7fbcd0021000-7fbcd4000000 ---p 00000000 00:00 0 
7fbcd4000000-7fbcd4021000 rw-p 00000000 00:00 0 
7fbcd4021000-7fbcd8000000 ---p 00000000 00:00 0 
7fbcd8000000-7fbcd8021000 rw-p 00000000 00:00 0 
7fbcd8021000-7fbcdc000000 ---p 00000000 00:00 0 
7fbcdc000000-7fbcdc021000 rw-p 00000000 00:00 0 
7fbcdc021000-7fbce0000000 ---p 00000000 00:00 0 
7fbce0000000-7fbce0021000 rw-p 00000000 00:00 0 
7fbce0021000-7fbce4000000 ---p 00000000 00:00 0 
7fbce4000000-7fbce4021000 rw-p 00000000 00:00 0 
7fbce4021000-7fbce8000000 ---p 00000000 00:00 0 
7fbce8000000-7fbce8021000 rw-p 00000000 00:00 0 
7fbce8021000-7fbcec000000 ---p 00000000 00:00 0 
7fbcec000000-7fbcec021000 rw-p 00000000 00:00 0 
7fbcec021000-7fbcf0000000 ---p 00000000 00:00 0 
7fbcf0000000-7fbcf0021000 rw-p 00000000 00:00 0 
7fbcf0021000-7fbcf4000000 ---p 00000000 00:00 0 
7fbcf4000000-7fbcf4021000 rw-p 00000000 00:00 0 
7fbcf4021000-7fbcf8000000 ---p 00000000 00:00 0 
7fbcf8000000-7fbcf8021000 rw-p 00000000 00:00 0 
7fbcf8021000-7fbcfc000000 ---p 00000000 00:00 0 
7fbcfc000000-7fbcfc021000 rw-p 00000000 00:00 0 
7fbcfc021000-7fbd00000000 ---p 00000000 00:00 0 
7fbd002f6000-7fbd00336000 rw-p 00000000 00:00 0 
7fbd00336000-7fbd004f6000 ---p 00000000 00:00 0 
7fbd004f6000-7fbd004f9000 ---p 00000000 00:00 0 
7fbd004f9000-7fbd007f7000 rw-p 00000000 00:00 0 
7fbd007f7000-7fbd007fa000 ---p 00000000 00:00 0 
7fbd007fa000-7fbd008f8000 rw-p 00000000 00:00 0 
7fbd008f8000-7fbd008fb000 ---p 00000000 00:00 0 
7fbd008fb000-7fbd009f9000 rw-p 00000000 00:00 0 
7fbd009f9000-7fbd009fc000 ---p 00000000 00:00 0 
7fbd009fc000-7fbd00afa000 rw-p 00000000 00:00 0 
7fbd00afa000-7fbd00afd000 ---p 00000000 00:00 0 
7fbd00afd000-7fbd00bfb000 rw-p 00000000 00:00 0 
7fbd00bfb000-7fbd00bfe000 ---p 00000000 00:00 0 
7fbd00bfe000-7fbd00cfc000 rw-p 00000000 00:00 0 
7fbd00cfc000-7fbd00cff000 ---p 00000000 00:00 0 
7fbd00cff000-7fbd00dfd000 rw-p 00000000 00:00 0 
7fbd00dfd000-7fbd00e00000 ---p 00000000 00:00 0 
7fbd00e00000-7fbd00efe000 rw-p 00000000 00:00 0 
7fbd00efe000-7fbd00f01000 ---p 00000000 00:00 0 
7fbd00f01000-7fbd04000000 rw-p 00000000 00:00 0 
7fbd04000000-7fbd04021000 rw-p 00000000 00:00 0 
7fbd04021000-7fbd08000000 ---p 00000000 00:00 0 
7fbd08000000-7fbd08021000 rw-p 00000000 00:00 0 
7fbd08021000-7fbd0c000000 ---p 00000000 00:00 0 
7fbd0c000000-7fbd0c987000 rw-p 00000000 00:00 0 
7fbd0c987000-7fbd10000000 ---p 00000000 00:00 0 
7fbd10000000-7fbd10b15000 rw-p 00000000 00:00 0 
7fbd10b15000-7fbd14000000 ---p 00000000 00:00 0 
7fbd14000000-7fbd14021000 rw-p 00000000 00:00 0 
7fbd14021000-7fbd18000000 ---p 00000000 00:00 0 
7fbd18000000-7fbd18860000 rw-p 00000000 00:00 0 
7fbd18860000-7fbd1c000000 ---p 00000000 00:00 0 
7fbd1c000000-7fbd1c021000 rw-p 00000000 00:00 0 
7fbd1c021000-7fbd20000000 ---p 00000000 00:00 0 
7fbd20000000-7fbd20021000 rw-p 00000000 00:00 0 
7fbd20021000-7fbd24000000 ---p 00000000 00:00 0 
7fbd24000000-7fbd2429b000 rw-p 00000000 00:00 0 
7fbd2429b000-7fbd28000000 ---p 00000000 00:00 0 
7fbd28000000-7fbd28021000 rw-p 00000000 00:00 0 
7fbd28021000-7fbd2c000000 ---p 00000000 00:00 0 
7fbd2c037000-7fbd2c03a000 ---p 00000000 00:00 0 
7fbd2c03a000-7fbd2c138000 rw-p 00000000 00:00 0 
7fbd2c138000-7fbd2c13b000 ---p 00000000 00:00 0 
7fbd2c13b000-7fbd2c239000 rw-p 00000000 00:00 0 
7fbd2c239000-7fbd2c23c000 ---p 00000000 00:00 0 
7fbd2c23c000-7fbd2c33a000 rw-p 00000000 00:00 0 
7fbd2c33a000-7fbd2c33d000 ---p 00000000 00:00 0 
7fbd2c33d000-7fbd2c43b000 rw-p 00000000 00:00 0 
7fbd2c43b000-7fbd2c43e000 ---p 00000000 00:00 0 
7fbd2c43e000-7fbd2c53c000 rw-p 00000000 00:00 0 
7fbd2c53c000-7fbd2c53f000 ---p 00000000 00:00 0 
7fbd2c53f000-7fbd2c83d000 rw-p 00000000 00:00 0 
7fbd2c83d000-7fbd2c840000 ---p 00000000 00:00 0 
7fbd2c840000-7fbd2c93e000 rw-p 00000000 00:00 0 
7fbd2c93e000-7fbd2c941000 ---p 00000000 00:00 0 
7fbd2c941000-7fbd2ca3f000 rw-p 00000000 00:00 0 
7fbd2ca3f000-7fbd2ca42000 ---p 00000000 00:00 0 
7fbd2ca42000-7fbd2cb40000 rw-p 00000000 00:00 0 
7fbd2cb40000-7fbd2cb56000 r-xp 00000000 08:01 656512                     /usr/lib/jdk/jdk1.8.0_201/jre/lib/amd64/libnet.so
7fbd2cb56000-7fbd2cd56000 ---p 00016000 08:01 656512                     /usr/lib/jdk/jdk1.8.0_201/jre/lib/amd64/libnet.so
7fbd2cd56000-7fbd2cd57000 r--p 00016000 08:01 656512                     /usr/lib/jdk/jdk1.8.0_201/jre/lib/amd64/libnet.so
7fbd2cd57000-7fbd2cd58000 rw-p 00017000 08:01 656512                     /usr/lib/jdk/jdk1.8.0_201/jre/lib/amd64/libnet.so
7fbd2cd58000-7fbd2cf89000 r--s 01bb1000 08:01 403225                     /home/hewitt/work/DiffTGen-master/lib/evosuite-1.0.6.jar
7fbd2cf89000-7fbd2cf8a000 ---p 00000000 00:00 0 
7fbd2cf8a000-7fbd2d08a000 rw-p 00000000 00:00 0 
7fbd2d08a000-7fbd2d08d000 ---p 00000000 00:00 0 
7fbd2d08d000-7fbd2d18b000 rw-p 00000000 00:00 0 
7fbd2d18b000-7fbd2d18e000 ---p 00000000 00:00 0 
7fbd2d18e000-7fbd2d28c000 rw-p 00000000 00:00 0 
7fbd2d28c000-7fbd2d28f000 ---p 00000000 00:00 0 
7fbd2d28f000-7fbd2d38d000 rw-p 00000000 00:00 0 
7fbd2d38d000-7fbd2d390000 ---p 00000000 00:00 0 
7fbd2d390000-7fbd2d48e000 rw-p 00000000 00:00 0 
7fbd2d48e000-7fbd2d491000 ---p 00000000 00:00 0 
7fbd2d491000-7fbd2d58f000 rw-p 00000000 00:00 0 
7fbd2d58f000-7fbd2df4e000 r--p 00000000 08:01 270368                     /usr/lib/locale/locale-archive
7fbd2df4e000-7fbd2df51000 ---p 00000000 00:00 0 
7fbd2df51000-7fbd2e04f000 rw-p 00000000 00:00 0 
7fbd2e04f000-7fbd2e052000 ---p 00000000 00:00 0 
7fbd2e052000-7fbd30000000 rw-p 00000000 00:00 0 
7fbd30000000-7fbd30021000 rw-p 00000000 00:00 0 
7fbd30021000-7fbd34000000 ---p 00000000 00:00 0 
7fbd34000000-7fbd34021000 rw-p 00000000 00:00 0 
7fbd34021000-7fbd38000000 ---p 00000000 00:00 0 
7fbd38000000-7fbd38021000 rw-p 00000000 00:00 0 
7fbd38021000-7fbd3c000000 ---p 00000000 00:00 0 
7fbd3c03f000-7fbd3c042000 ---p 00000000 00:00 0 
7fbd3c042000-7fbd3c078000 rw-p 00000000 00:00 0 
7fbd3c078000-7fbd3c0f1000 r--s 010fd000 08:01 654900                     /usr/lib/jdk/jdk1.8.0_201/lib/tools.jar
7fbd3c0f1000-7fbd3c0f2000 ---p 00000000 00:00 0 
7fbd3c0f2000-7fbd3d000000 rw-p 00000000 00:00 0 
7fbd3d000000-7fbd3d680000 rwxp 00000000 00:00 0 
7fbd3d680000-7fbd4c000000 ---p 00000000 00:00 0 
7fbd4c000000-7fbd4c4de000 rw-p 00000000 00:00 0 
7fbd4c4de000-7fbd50000000 ---p 00000000 00:00 0 
7fbd50011000-7fbd5001b000 r--s 00116000 08:01 656361                     /usr/lib/jdk/jdk1.8.0_201/jre/lib/ext/localedata.jar
7fbd5001b000-7fbd5011c000 rw-p 00000000 00:00 0 
7fbd5011c000-7fbd502f6000 r--s 03d6f000 08:01 656293                     /usr/lib/jdk/jdk1.8.0_201/jre/lib/rt.jar
7fbd502f6000-7fbd50d57000 rw-p 00000000 00:00 0 
7fbd50d57000-7fbd50d58000 ---p 00000000 00:00 0 
7fbd50d58000-7fbd50e58000 rw-p 00000000 00:00 0 
7fbd50e58000-7fbd50e59000 ---p 00000000 00:00 0 
7fbd50e59000-7fbd50f59000 rw-p 00000000 00:00 0 
7fbd50f59000-7fbd50f5a000 ---p 00000000 00:00 0 
7fbd50f5a000-7fbd5105a000 rw-p 00000000 00:00 0 
7fbd5105a000-7fbd5105b000 ---p 00000000 00:00 0 
7fbd5105b000-7fbd51170000 rw-p 00000000 00:00 0 
7fbd51170000-7fbd512a3000 ---p 00000000 00:00 0 
7fbd512a3000-7fbd512b8000 rw-p 00000000 00:00 0 
7fbd512b8000-7fbd513ea000 ---p 00000000 00:00 0 
7fbd513ea000-7fbd5140d000 rw-p 00000000 00:00 0 
7fbd5140d000-7fbd5148e000 ---p 00000000 00:00 0 
7fbd5148e000-7fbd514a9000 rw-p 00000000 00:00 0 
7fbd514a9000-7fbd5184f000 ---p 00000000 00:00 0 
7fbd5184f000-7fbd5186a000 r-xp 00000000 08:01 656508                     /usr/lib/jdk/jdk1.8.0_201/jre/lib/amd64/libzip.so
7fbd5186a000-7fbd51a69000 ---p 0001b000 08:01 656508                     /usr/lib/jdk/jdk1.8.0_201/jre/lib/amd64/libzip.so
7fbd51a69000-7fbd51a6a000 r--p 0001a000 08:01 656508                     /usr/lib/jdk/jdk1.8.0_201/jre/lib/amd64/libzip.so
7fbd51a6a000-7fbd51a6b000 rw-p 0001b000 08:01 656508                     /usr/lib/jdk/jdk1.8.0_201/jre/lib/amd64/libzip.so
7fbd51a6b000-7fbd51a76000 r-xp 00000000 08:01 658902                     /lib/x86_64-linux-gnu/libnss_files-2.23.so
7fbd51a76000-7fbd51c75000 ---p 0000b000 08:01 658902                     /lib/x86_64-linux-gnu/libnss_files-2.23.so
7fbd51c75000-7fbd51c76000 r--p 0000a000 08:01 658902                     /lib/x86_64-linux-gnu/libnss_files-2.23.so
7fbd51c76000-7fbd51c77000 rw-p 0000b000 08:01 658902                     /lib/x86_64-linux-gnu/libnss_files-2.23.so
7fbd51c77000-7fbd51c7d000 rw-p 00000000 00:00 0 
7fbd51c7d000-7fbd51c88000 r-xp 00000000 08:01 658912                     /lib/x86_64-linux-gnu/libnss_nis-2.23.so
7fbd51c88000-7fbd51e87000 ---p 0000b000 08:01 658912                     /lib/x86_64-linux-gnu/libnss_nis-2.23.so
7fbd51e87000-7fbd51e88000 r--p 0000a000 08:01 658912                     /lib/x86_64-linux-gnu/libnss_nis-2.23.so
7fbd51e88000-7fbd51e89000 rw-p 0000b000 08:01 658912                     /lib/x86_64-linux-gnu/libnss_nis-2.23.so
7fbd51e89000-7fbd51e9f000 r-xp 00000000 08:01 658896                     /lib/x86_64-linux-gnu/libnsl-2.23.so
7fbd51e9f000-7fbd5209e000 ---p 00016000 08:01 658896                     /lib/x86_64-linux-gnu/libnsl-2.23.so
7fbd5209e000-7fbd5209f000 r--p 00015000 08:01 658896                     /lib/x86_64-linux-gnu/libnsl-2.23.so
7fbd5209f000-7fbd520a0000 rw-p 00016000 08:01 658896                     /lib/x86_64-linux-gnu/libnsl-2.23.so
7fbd520a0000-7fbd520a2000 rw-p 00000000 00:00 0 
7fbd520a2000-7fbd520aa000 r-xp 00000000 08:01 658898                     /lib/x86_64-linux-gnu/libnss_compat-2.23.so
7fbd520aa000-7fbd522a9000 ---p 00008000 08:01 658898                     /lib/x86_64-linux-gnu/libnss_compat-2.23.so
7fbd522a9000-7fbd522aa000 r--p 00007000 08:01 658898                     /lib/x86_64-linux-gnu/libnss_compat-2.23.so
7fbd522aa000-7fbd522ab000 rw-p 00008000 08:01 658898                     /lib/x86_64-linux-gnu/libnss_compat-2.23.so
7fbd522ab000-7fbd522d7000 r-xp 00000000 08:01 656502                     /usr/lib/jdk/jdk1.8.0_201/jre/lib/amd64/libjava.so
7fbd522d7000-7fbd524d7000 ---p 0002c000 08:01 656502                     /usr/lib/jdk/jdk1.8.0_201/jre/lib/amd64/libjava.so
7fbd524d7000-7fbd524d8000 r--p 0002c000 08:01 656502                     /usr/lib/jdk/jdk1.8.0_201/jre/lib/amd64/libjava.so
7fbd524d8000-7fbd524da000 rw-p 0002d000 08:01 656502                     /usr/lib/jdk/jdk1.8.0_201/jre/lib/amd64/libjava.so
7fbd524da000-7fbd524e7000 r-xp 00000000 08:01 656507                     /usr/lib/jdk/jdk1.8.0_201/jre/lib/amd64/libverify.so
7fbd524e7000-7fbd526e6000 ---p 0000d000 08:01 656507                     /usr/lib/jdk/jdk1.8.0_201/jre/lib/amd64/libverify.so
7fbd526e6000-7fbd526e8000 r--p 0000c000 08:01 656507                     /usr/lib/jdk/jdk1.8.0_201/jre/lib/amd64/libverify.so
7fbd526e8000-7fbd526e9000 rw-p 0000e000 08:01 656507                     /usr/lib/jdk/jdk1.8.0_201/jre/lib/amd64/libverify.so
7fbd526e9000-7fbd526f0000 r-xp 00000000 08:01 658957                     /lib/x86_64-linux-gnu/librt-2.23.so
7fbd526f0000-7fbd528ef000 ---p 00007000 08:01 658957                     /lib/x86_64-linux-gnu/librt-2.23.so
7fbd528ef000-7fbd528f0000 r--p 00006000 08:01 658957                     /lib/x86_64-linux-gnu/librt-2.23.so
7fbd528f0000-7fbd528f1000 rw-p 00007000 08:01 658957                     /lib/x86_64-linux-gnu/librt-2.23.so
7fbd528f1000-7fbd529f9000 r-xp 00000000 08:01 658873                     /lib/x86_64-linux-gnu/libm-2.23.so
7fbd529f9000-7fbd52bf8000 ---p 00108000 08:01 658873                     /lib/x86_64-linux-gnu/libm-2.23.so
7fbd52bf8000-7fbd52bf9000 r--p 00107000 08:01 658873                     /lib/x86_64-linux-gnu/libm-2.23.so
7fbd52bf9000-7fbd52bfa000 rw-p 00108000 08:01 658873                     /lib/x86_64-linux-gnu/libm-2.23.so
7fbd52bfa000-7fbd538e2000 r-xp 00000000 08:01 656484                     /usr/lib/jdk/jdk1.8.0_201/jre/lib/amd64/server/libjvm.so
7fbd538e2000-7fbd53ae1000 ---p 00ce8000 08:01 656484                     /usr/lib/jdk/jdk1.8.0_201/jre/lib/amd64/server/libjvm.so
7fbd53ae1000-7fbd53b77000 r--p 00ce7000 08:01 656484                     /usr/lib/jdk/jdk1.8.0_201/jre/lib/amd64/server/libjvm.so
7fbd53b77000-7fbd53ba8000 rw-p 00d7d000 08:01 656484                     /usr/lib/jdk/jdk1.8.0_201/jre/lib/amd64/server/libjvm.so
7fbd53ba8000-7fbd53be3000 rw-p 00000000 00:00 0 
7fbd53be3000-7fbd53da3000 r-xp 00000000 08:01 658803                     /lib/x86_64-linux-gnu/libc-2.23.so
7fbd53da3000-7fbd53fa3000 ---p 001c0000 08:01 658803                     /lib/x86_64-linux-gnu/libc-2.23.so
7fbd53fa3000-7fbd53fa7000 r--p 001c0000 08:01 658803                     /lib/x86_64-linux-gnu/libc-2.23.so
7fbd53fa7000-7fbd53fa9000 rw-p 001c4000 08:01 658803                     /lib/x86_64-linux-gnu/libc-2.23.so
7fbd53fa9000-7fbd53fad000 rw-p 00000000 00:00 0 
7fbd53fad000-7fbd53fb0000 r-xp 00000000 08:01 658827                     /lib/x86_64-linux-gnu/libdl-2.23.so
7fbd53fb0000-7fbd541af000 ---p 00003000 08:01 658827                     /lib/x86_64-linux-gnu/libdl-2.23.so
7fbd541af000-7fbd541b0000 r--p 00002000 08:01 658827                     /lib/x86_64-linux-gnu/libdl-2.23.so
7fbd541b0000-7fbd541b1000 rw-p 00003000 08:01 658827                     /lib/x86_64-linux-gnu/libdl-2.23.so
7fbd541b1000-7fbd541c8000 r-xp 00000000 08:01 656155                     /usr/lib/jdk/jdk1.8.0_201/lib/amd64/jli/libjli.so
7fbd541c8000-7fbd543c7000 ---p 00017000 08:01 656155                     /usr/lib/jdk/jdk1.8.0_201/lib/amd64/jli/libjli.so
7fbd543c7000-7fbd543c8000 r--p 00016000 08:01 656155                     /usr/lib/jdk/jdk1.8.0_201/lib/amd64/jli/libjli.so
7fbd543c8000-7fbd543c9000 rw-p 00017000 08:01 656155                     /usr/lib/jdk/jdk1.8.0_201/lib/amd64/jli/libjli.so
7fbd543c9000-7fbd543e1000 r-xp 00000000 08:01 658949                     /lib/x86_64-linux-gnu/libpthread-2.23.so
7fbd543e1000-7fbd545e0000 ---p 00018000 08:01 658949                     /lib/x86_64-linux-gnu/libpthread-2.23.so
7fbd545e0000-7fbd545e1000 r--p 00017000 08:01 658949                     /lib/x86_64-linux-gnu/libpthread-2.23.so
7fbd545e1000-7fbd545e2000 rw-p 00018000 08:01 658949                     /lib/x86_64-linux-gnu/libpthread-2.23.so
7fbd545e2000-7fbd545e6000 rw-p 00000000 00:00 0 
7fbd545e6000-7fbd5460c000 r-xp 00000000 08:01 658775                     /lib/x86_64-linux-gnu/ld-2.23.so
7fbd54610000-7fbd5462c000 r--s 00393000 08:01 656354                     /usr/lib/jdk/jdk1.8.0_201/jre/lib/ext/cldrdata.jar
7fbd5462c000-7fbd54630000 r--s 000a1000 08:01 656350                     /usr/lib/jdk/jdk1.8.0_201/jre/lib/jsse.jar
7fbd54630000-7fbd546ee000 rw-p 00000000 00:00 0 
7fbd546ee000-7fbd546f1000 ---p 00000000 00:00 0 
7fbd546f1000-7fbd547f4000 rw-p 00000000 00:00 0 
7fbd547f4000-7fbd547fc000 r--s 0006e000 08:01 398946                     /home/hewitt/work/DiffTGen-master/lib/commons-lang3-3.5.jar
7fbd547fc000-7fbd547fd000 r--s 00000000 08:01 398951                     /home/hewitt/work/DiffTGen-master/lib/myprinter.jar
7fbd547fd000-7fbd54801000 r--s 00039000 08:01 409214                     /home/hewitt/work/DiffTGen-master/output/patch2-Lang-59-CapGen-plausible/Lang_59_2-plausible_capgen/target/build/classes/all0.jar
7fbd54801000-7fbd54809000 rw-s 00000000 08:01 159857                     /tmp/hsperfdata_hewitt/63914
7fbd54809000-7fbd5480a000 rw-p 00000000 00:00 0 
7fbd5480a000-7fbd5480b000 ---p 00000000 00:00 0 
7fbd5480b000-7fbd5480c000 r--p 00025000 08:01 658775                     /lib/x86_64-linux-gnu/ld-2.23.so
7fbd5480c000-7fbd5480d000 rw-p 00026000 08:01 658775                     /lib/x86_64-linux-gnu/ld-2.23.so
7fbd5480d000-7fbd5480e000 rw-p 00000000 00:00 0 
7ffd3f533000-7ffd3f555000 rw-p 00000000 00:00 0                          [stack]
7ffd3f577000-7ffd3f57a000 r--p 00000000 00:00 0                          [vvar]
7ffd3f57a000-7ffd3f57c000 r-xp 00000000 00:00 0                          [vdso]
ffffffffff600000-ffffffffff601000 r-xp 00000000 00:00 0                  [vsyscall]

VM Arguments:
java_command: /home/hewitt/work/DiffTGen-master/lib/evosuite-1.0.6.jar -base_dir /home/hewitt/work/DiffTGen-master/output/patch2-Lang-59-CapGen-plausible/Lang_59_2-plausible_capgen/target/0/25 -projectCP /home/hewitt/work/DiffTGen-master/output/patch2-Lang-59-CapGen-plausible/Lang_59_2-plausible_capgen/target/build/classes/all0.jar:/home/hewitt/work/DiffTGen-master/lib/myprinter.jar:/home/hewitt/work/DiffTGen-master/lib/commons-lang3-3.5.jar -class org.apache.commons.lang.text.StrBuilder -Dassertions=false -Dsearch_budget=60
java_class_path (initial): /home/hewitt/work/DiffTGen-master/lib/evosuite-1.0.6.jar
Launcher Type: SUN_STANDARD

Environment Variables:
JAVA_HOME=/usr/lib/jdk/jdk1.8.0_201
JRE_HOME=/usr/lib/jdk/jdk1.8.0_201/jre
CLASSPATH=.:/usr/lib/jdk/jdk1.8.0_201/lib:/usr/lib/jdk/jdk1.8.0_201/jre/lib
PATH=/usr/lib/jdk/jdk1.8.0_201/bin:/home/hewitt/bin:/home/hewitt/.local/bin:/usr/lib/jdk/jdk1.7.0_80/bin:/usr/local/sbin:/usr/local/bin:/usr/sbin:/usr/bin:/sbin:/bin:/usr/games:/usr/local/games:/snap/bin:/home/hewitt/work/defects4j_v1.4.0/defects4j/framework/bin:/opt/apache-ant-1.9.14/bin:/home/hewitt/work/defects4j_v1.4.0/defects4j/framework/bin
SHELL=/bin/bash
DISPLAY=:0

Signal Handlers:
SIGSEGV: [libjvm.so+0xad3e60], sa_mask[0]=11111111011111111101111111111110, sa_flags=SA_RESTART|SA_SIGINFO
SIGBUS: [libjvm.so+0xad3e60], sa_mask[0]=11111111011111111101111111111110, sa_flags=SA_RESTART|SA_SIGINFO
SIGFPE: [libjvm.so+0x90b880], sa_mask[0]=11111111011111111101111111111110, sa_flags=SA_RESTART|SA_SIGINFO
SIGPIPE: [libjvm.so+0x90b880], sa_mask[0]=11111111011111111101111111111110, sa_flags=SA_RESTART|SA_SIGINFO
SIGXFSZ: [libjvm.so+0x90b880], sa_mask[0]=11111111011111111101111111111110, sa_flags=SA_RESTART|SA_SIGINFO
SIGILL: [libjvm.so+0x90b880], sa_mask[0]=11111111011111111101111111111110, sa_flags=SA_RESTART|SA_SIGINFO
SIGUSR1: SIG_DFL, sa_mask[0]=00000000000000000000000000000000, sa_flags=none
SIGUSR2: [libjvm.so+0x90b750], sa_mask[0]=00100000000000000000000000000000, sa_flags=SA_RESTART|SA_SIGINFO
SIGHUP: [libjvm.so+0x90bd70], sa_mask[0]=11111111011111111101111111111110, sa_flags=SA_RESTART|SA_SIGINFO
SIGINT: [libjvm.so+0x90bd70], sa_mask[0]=11111111011111111101111111111110, sa_flags=SA_RESTART|SA_SIGINFO
SIGTERM: [libjvm.so+0x90bd70], sa_mask[0]=11111111011111111101111111111110, sa_flags=SA_RESTART|SA_SIGINFO
SIGQUIT: [libjvm.so+0x90bd70], sa_mask[0]=11111111011111111101111111111110, sa_flags=SA_RESTART|SA_SIGINFO


---------------  S Y S T E M  ---------------

OS:DISTRIB_ID=Ubuntu
DISTRIB_RELEASE=16.04
DISTRIB_CODENAME=xenial
DISTRIB_DESCRIPTION="Ubuntu 16.04.6 LTS"

uname:Linux 4.15.0-91-generic #92~16.04.1-Ubuntu SMP Fri Feb 28 14:57:22 UTC 2020 x86_64
libc:glibc 2.23 NPTL 2.23 
rlimit: STACK 8192k, CORE 0k, NPROC 15448, NOFILE 1048576, AS infinity
load average:14.72 13.45 15.14

/proc/meminfo:
MemTotal:        4015928 kB
MemFree:           87852 kB
MemAvailable:          0 kB
Buffers:             228 kB
Cached:            21864 kB
SwapCached:        23308 kB
Active:          3067316 kB
Inactive:         403924 kB
Active(anon):    3054716 kB
Inactive(anon):   396572 kB
Active(file):      12600 kB
Inactive(file):     7352 kB
Unevictable:          48 kB
Mlocked:              48 kB
SwapTotal:        998396 kB
SwapFree:              0 kB
Dirty:               100 kB
Writeback:           168 kB
AnonPages:       3426764 kB
Mapped:            18684 kB
Shmem:              1412 kB
Slab:              95860 kB
SReclaimable:      35884 kB
SUnreclaim:        59976 kB
KernelStack:       16048 kB
PageTables:        41924 kB
NFS_Unstable:          0 kB
Bounce:                0 kB
WritebackTmp:          0 kB
CommitLimit:     3006360 kB
Committed_AS:    9358052 kB
VmallocTotal:   34359738367 kB
VmallocUsed:           0 kB
VmallocChunk:          0 kB
HardwareCorrupted:     0 kB
AnonHugePages:         0 kB
ShmemHugePages:        0 kB
ShmemPmdMapped:        0 kB
CmaTotal:              0 kB
CmaFree:               0 kB
HugePages_Total:       0
HugePages_Free:        0
HugePages_Rsvd:        0
HugePages_Surp:        0
Hugepagesize:       2048 kB
DirectMap4k:      114496 kB
DirectMap2M:     4079616 kB
DirectMap1G:     2097152 kB

container (cgroup) information:
container_type: cgroupv1
cpu_cpuset_cpus: 0-3
cpu_memory_nodes: 0
active_processor_count: 4
cpu_quota: -1
cpu_period: 100000
cpu_shares: -1
memory_limit_in_bytes: -1
memory_and_swap_limit_in_bytes: -2
memory_soft_limit_in_bytes: -1
memory_usage_in_bytes: 3533221888
memory_max_usage_in_bytes: 218951680


CPU:total 4 (initial active 4) (2 cores per cpu, 1 threads per core) family 6 model 158 stepping 9, cmov, cx8, fxsr, mmx, sse, sse2, sse3, ssse3, sse4.1, sse4.2, popcnt, avx, avx2, aes, clmul, erms, 3dnowpref, lzcnt, tsc, tscinvbit, bmi1, bmi2, adx

/proc/cpuinfo:
processor	: 0
vendor_id	: GenuineIntel
cpu family	: 6
model		: 158
model name	: Intel(R) Core(TM) i7-7700HQ CPU @ 2.80GHz
stepping	: 9
microcode	: 0xb4
cpu MHz		: 2807.997
cache size	: 6144 KB
physical id	: 0
siblings	: 2
core id		: 0
cpu cores	: 2
apicid		: 0
initial apicid	: 0
fpu		: yes
fpu_exception	: yes
cpuid level	: 22
wp		: yes
flags		: fpu vme de pse tsc msr pae mce cx8 apic sep mtrr pge mca cmov pat pse36 clflush mmx fxsr sse sse2 ss ht syscall nx pdpe1gb rdtscp lm constant_tsc arch_perfmon nopl xtopology tsc_reliable nonstop_tsc cpuid pni pclmulqdq ssse3 fma cx16 pcid sse4_1 sse4_2 x2apic movbe popcnt tsc_deadline_timer aes xsave avx f16c rdrand hypervisor lahf_lm abm 3dnowprefetch cpuid_fault invpcid_single pti ssbd ibrs ibpb stibp fsgsbase tsc_adjust bmi1 avx2 smep bmi2 invpcid mpx rdseed adx smap clflushopt xsaveopt xsavec xsaves arat md_clear flush_l1d arch_capabilities
bugs		: cpu_meltdown spectre_v1 spectre_v2 spec_store_bypass l1tf mds swapgs itlb_multihit
bogomips	: 5615.99
clflush size	: 64
cache_alignment	: 64
address sizes	: 43 bits physical, 48 bits virtual
power management:

processor	: 1
vendor_id	: GenuineIntel
cpu family	: 6
model		: 158
model name	: Intel(R) Core(TM) i7-7700HQ CPU @ 2.80GHz
stepping	: 9
microcode	: 0xb4
cpu MHz		: 2807.997
cache size	: 6144 KB
physical id	: 0
siblings	: 2
core id		: 1
cpu cores	: 2
apicid		: 1
initial apicid	: 1
fpu		: yes
fpu_exception	: yes
cpuid level	: 22
wp		: yes
flags		: fpu vme de pse tsc msr pae mce cx8 apic sep mtrr pge mca cmov pat pse36 clflush mmx fxsr sse sse2 ss ht syscall nx pdpe1gb rdtscp lm constant_tsc arch_perfmon nopl xtopology tsc_reliable nonstop_tsc cpuid pni pclmulqdq ssse3 fma cx16 pcid sse4_1 sse4_2 x2apic movbe popcnt tsc_deadline_timer aes xsave avx f16c rdrand hypervisor lahf_lm abm 3dnowprefetch cpuid_fault invpcid_single pti ssbd ibrs ibpb stibp fsgsbase tsc_adjust bmi1 avx2 smep bmi2 invpcid mpx rdseed adx smap clflushopt xsaveopt xsavec xsaves arat md_clear flush_l1d arch_capabilities
bugs		: cpu_meltdown spectre_v1 spectre_v2 spec_store_bypass l1tf mds swapgs itlb_multihit
bogomips	: 5615.99
clflush size	: 64
cache_alignment	: 64
address sizes	: 43 bits physical, 48 bits virtual
power management:

processor	: 2
vendor_id	: GenuineIntel
cpu family	: 6
model		: 158
model name	: Intel(R) Core(TM) i7-7700HQ CPU @ 2.80GHz
stepping	: 9
microcode	: 0xb4
cpu MHz		: 2807.997
cache size	: 6144 KB
physical id	: 1
siblings	: 2
core id		: 0
cpu cores	: 2
apicid		: 2
initial apicid	: 2
fpu		: yes
fpu_exception	: yes
cpuid level	: 22
wp		: yes
flags		: fpu vme de pse tsc msr pae mce cx8 apic sep mtrr pge mca cmov pat pse36 clflush mmx fxsr sse sse2 ss ht syscall nx pdpe1gb rdtscp lm constant_tsc arch_perfmon nopl xtopology tsc_reliable nonstop_tsc cpuid pni pclmulqdq ssse3 fma cx16 pcid sse4_1 sse4_2 x2apic movbe popcnt tsc_deadline_timer aes xsave avx f16c rdrand hypervisor lahf_lm abm 3dnowprefetch cpuid_fault invpcid_single pti ssbd ibrs ibpb stibp fsgsbase tsc_adjust bmi1 avx2 smep bmi2 invpcid mpx rdseed adx smap clflushopt xsaveopt xsavec xsaves arat md_clear flush_l1d arch_capabilities
bugs		: cpu_meltdown spectre_v1 spectre_v2 spec_store_bypass l1tf mds swapgs itlb_multihit
bogomips	: 5615.99
clflush size	: 64
cache_alignment	: 64
address sizes	: 43 bits physical, 48 bits virtual
power management:

processor	: 3
vendor_id	: GenuineIntel
cpu family	: 6
model		: 158
model name	: Intel(R) Core(TM) i7-7700HQ CPU @ 2.80GHz
stepping	: 9
microcode	: 0xb4
cpu MHz		: 2807.997
cache size	: 6144 KB
physical id	: 1
siblings	: 2
core id		: 1
cpu cores	: 2
apicid		: 3
initial apicid	: 3
fpu		: yes
fpu_exception	: yes
cpuid level	: 22
wp		: yes
flags		: fpu vme de pse tsc msr pae mce cx8 apic sep mtrr pge mca cmov pat pse36 clflush mmx fxsr sse sse2 ss ht syscall nx pdpe1gb rdtscp lm constant_tsc arch_perfmon nopl xtopology tsc_reliable nonstop_tsc cpuid pni pclmulqdq ssse3 fma cx16 pcid sse4_1 sse4_2 x2apic movbe popcnt tsc_deadline_timer aes xsave avx f16c rdrand hypervisor lahf_lm abm 3dnowprefetch cpuid_fault invpcid_single pti ssbd ibrs ibpb stibp fsgsbase tsc_adjust bmi1 avx2 smep bmi2 invpcid mpx rdseed adx smap clflushopt xsaveopt xsavec xsaves arat md_clear flush_l1d arch_capabilities
bugs		: cpu_meltdown spectre_v1 spectre_v2 spec_store_bypass l1tf mds swapgs itlb_multihit
bogomips	: 5615.99
clflush size	: 64
cache_alignment	: 64
address sizes	: 43 bits physical, 48 bits virtual
power management:



Memory: 4k page, physical 4015928k(92664k free), swap 998396k(0k free)

vm_info: Java HotSpot(TM) 64-Bit Server VM (25.201-b09) for linux-amd64 JRE (1.8.0_201-b09), built on Dec 15 2018 11:35:59 by "java_re" with gcc 7.3.0

time: Wed Apr  1 00:12:54 2020
timezone: CST
elapsed time: 29 seconds (0d 0h 0m 29s)

