#
# There is insufficient memory for the Java Runtime Environment to continue.
# Native memory allocation (mmap) failed to map 65536 bytes for committing reserved memory.
# Possible reasons:
#   The system is out of physical RAM or swap space
#   The process is running with CompressedOops enabled, and the Java Heap may be blocking the growth of the native heap
# Possible solutions:
#   Reduce memory load on the system
#   Increase physical memory or swap space
#   Check if swap backing store is full
#   Decrease Java heap size (-Xmx/-Xms)
#   Decrease number of Java threads
#   Decrease Java thread stack sizes (-Xss)
#   Set larger code cache with -XX:ReservedCodeCacheSize=
#   JVM is running with Unscaled Compressed Oops mode in which the Java heap is
#     placed in the first 4GB address space. The Java Heap base address is the
#     maximum limit for the native heap growth. Please use -XX:HeapBaseMinAddress
#     to set the Java Heap base and to place the Java Heap above 4GB virtual address.
# This output file may be truncated or incomplete.
#
#  Out of Memory Error (os_linux.cpp:2749), pid=21442, tid=0x00007f753847d700
#
# JRE version: Java(TM) SE Runtime Environment (8.0_201-b09) (build 1.8.0_201-b09)
# Java VM: Java HotSpot(TM) 64-Bit Server VM (25.201-b09 mixed mode linux-amd64 compressed oops)
# Failed to write core dump. Core dumps have been disabled. To enable core dumping, try "ulimit -c unlimited" before starting Java again
#

---------------  T H R E A D  ---------------

Current thread (0x00007f7550184800):  JavaThread "C2 CompilerThread1" daemon [_thread_in_vm, id=21511, stack(0x00007f753837d000,0x00007f753847e000)]

Stack: [0x00007f753837d000,0x00007f753847e000],  sp=0x00007f7538479650,  free space=1009k
Native frames: (J=compiled Java code, j=interpreted, Vv=VM code, C=native code)
V  [libjvm.so+0xad3525]  VMError::report_and_die()+0x2e5
V  [libjvm.so+0x4e0457]  report_vm_out_of_memory(char const*, int, unsigned long, VMErrorType, char const*)+0x67
V  [libjvm.so+0x9102f0]  os::pd_commit_memory(char*, unsigned long, unsigned long, bool)+0x100
V  [libjvm.so+0x90791f]  os::commit_memory(char*, unsigned long, unsigned long, bool)+0x1f
V  [libjvm.so+0xacfda0]  VirtualSpace::expand_by(unsigned long, bool)+0x140
V  [libjvm.so+0x60b99d]  CodeHeap::expand_by(unsigned long)+0x6d
V  [libjvm.so+0x45a266]  CodeCache::allocate(int, bool)+0x46
V  [libjvm.so+0x453f7a]  BufferBlob::create(char const*, int)+0x8a
V  [libjvm.so+0x45894b]  CodeBuffer::initialize(int, int)+0x1b
V  [libjvm.so+0x928cd7]  Compile::init_buffer(unsigned int*)+0x1c7
V  [libjvm.so+0x92ddd2]  Compile::Output()+0x312
V  [libjvm.so+0x47ec60]  Compile::Code_Gen()+0x2d0
V  [libjvm.so+0x480251]  Compile::Compile(ciEnv*, C2Compiler*, ciMethod*, int, bool, bool, bool)+0xd91
V  [libjvm.so+0x3c4c4a]  C2Compiler::compile_method(ciEnv*, ciMethod*, int)+0xaa
V  [libjvm.so+0x48b84c]  CompileBroker::invoke_compiler_on_method(CompileTask*)+0x73c
V  [libjvm.so+0x48d488]  CompileBroker::compiler_thread_loop()+0x6d8
V  [libjvm.so+0xa7bb6b]  JavaThread::thread_main_inner()+0xdb
V  [libjvm.so+0xa7be71]  JavaThread::run()+0x2d1
V  [libjvm.so+0x90d922]  java_start(Thread*)+0x102
C  [libpthread.so.0+0x76ba]  start_thread+0xca


Current CompileTask:
C2:  32908 1654       4       org.evosuite.shaded.org.objectweb.asm.Frame::execute (2273 bytes)


---------------  P R O C E S S  ---------------

Java Threads: ( => current thread )
  0x00007f74ec003000 JavaThread "RMI TCP Connection(3)-127.0.0.1" daemon [_thread_in_native, id=21827, stack(0x00007f74e36f7000,0x00007f74e37f8000)]
  0x00007f74ec001000 JavaThread "RMI TCP Connection(2)-127.0.0.1" daemon [_thread_blocked, id=21786, stack(0x00007f74e37f8000,0x00007f74e38f9000)]
  0x00007f74c0038000 JavaThread "RMI Scheduler(0)" daemon [_thread_blocked, id=21780, stack(0x00007f74e38f9000,0x00007f74e39fa000)]
  0x00007f74c0030800 JavaThread "RMI RenewClean-[127.0.0.1:3392]" daemon [_thread_blocked, id=21768, stack(0x00007f74e39fa000,0x00007f74e3afb000)]
  0x00007f74f8001000 JavaThread "RMI TCP Connection(1)-127.0.0.1" daemon [_thread_in_native, id=21754, stack(0x00007f74e3afb000,0x00007f74e3bfc000)]
  0x00007f74e8005000 JavaThread "pool-3-thread-3" [_thread_in_native, id=21717, stack(0x00007f74e3bfc000,0x00007f74e3cfd000)]
  0x00007f74e8003000 JavaThread "pool-3-thread-2" [_thread_in_native, id=21713, stack(0x00007f74e3cfd000,0x00007f74e3dfe000)]
  0x00007f74e8002000 JavaThread "pool-3-thread-1" [_thread_in_native, id=21710, stack(0x00007f74e3dfe000,0x00007f74e3eff000)]
  0x00007f75503f7800 JavaThread "Thread-3" [_thread_in_native, id=21627, stack(0x00007f74e3eff000,0x00007f74e4000000)]
  0x00007f75503f5800 JavaThread "Thread-2" [_thread_in_native, id=21623, stack(0x00007f75300ad000,0x00007f75301ae000)]
  0x00007f75503f4000 JavaThread "process reaper" daemon [_thread_in_native, id=21606, stack(0x00007f7538041000,0x00007f753807a000)]
  0x00007f75503ed800 JavaThread "pool-2-thread-1" [_thread_in_native, id=21588, stack(0x00007f75301ae000,0x00007f75302af000)]
  0x00007f75503ec000 JavaThread "GC Daemon" daemon [_thread_blocked, id=21562, stack(0x00007f75302af000,0x00007f75303b0000)]
  0x00007f75503e9000 JavaThread "RMI Reaper" [_thread_blocked, id=21559, stack(0x00007f75303b0000,0x00007f75304b1000)]
  0x00007f75503e0000 JavaThread "RMI TCP Accept-7410" daemon [_thread_in_native, id=21558, stack(0x00007f75304b1000,0x00007f75305b2000)]
  0x00007f75503db000 JavaThread "RMI TCP Accept-4376" daemon [_thread_in_native, id=21552, stack(0x00007f75305b2000,0x00007f75306b3000)]
  0x00007f75502fa000 JavaThread "logback-3" daemon [_thread_blocked, id=21544, stack(0x00007f75308b3000,0x00007f75309b4000)]
  0x00007f75502f6800 JavaThread "logback-2" daemon [_thread_blocked, id=21541, stack(0x00007f75309b4000,0x00007f7530ab5000)]
  0x00007f75502f5000 JavaThread "logback-1" daemon [_thread_blocked, id=21536, stack(0x00007f7530ab5000,0x00007f7530bb6000)]
  0x00007f7550189000 JavaThread "Service Thread" daemon [_thread_blocked, id=21524, stack(0x00007f753817b000,0x00007f753827c000)]
  0x00007f7550186000 JavaThread "C1 CompilerThread2" daemon [_thread_in_vm, id=21518, stack(0x00007f753827c000,0x00007f753837d000)]
=>0x00007f7550184800 JavaThread "C2 CompilerThread1" daemon [_thread_in_vm, id=21511, stack(0x00007f753837d000,0x00007f753847e000)]
  0x00007f7550181800 JavaThread "C2 CompilerThread0" daemon [_thread_in_native, id=21502, stack(0x00007f753847e000,0x00007f753857f000)]
  0x00007f7550180000 JavaThread "Signal Dispatcher" daemon [_thread_blocked, id=21495, stack(0x00007f753857f000,0x00007f7538680000)]
  0x00007f755014c000 JavaThread "Finalizer" daemon [_thread_blocked, id=21493, stack(0x00007f753903f000,0x00007f7539140000)]
  0x00007f7550149800 JavaThread "Reference Handler" daemon [_thread_blocked, id=21487, stack(0x00007f7539140000,0x00007f7539241000)]
  0x00007f755000a800 JavaThread "main" [_thread_in_native, id=21450, stack(0x00007f755778d000,0x00007f755788e000)]

Other Threads:
  0x00007f7550140000 VMThread [stack: 0x00007f7539241000,0x00007f7539342000] [id=21482]
  0x00007f755018b800 WatcherThread [stack: 0x00007f753807a000,0x00007f753817b000] [id=21529]

VM state:not at safepoint (normal execution)

VM Mutex/Monitor currently owned by a thread:  ([mutex/lock_event])
[0x00007f7550006410] CodeCache_lock - owner thread: 0x00007f7550184800
[0x00007f7550007a90] Compile_lock - owner thread: 0x00007f7550186000
[0x00007f7550007b90] MethodCompileQueue_lock - owner thread: 0x00007f7550186000

heap address: 0x00000000c2a00000, size: 982 MB, Compressed Oops mode: 32-bit
Narrow klass base: 0x0000000000000000, Narrow klass shift: 3
Compressed class space size: 1073741824 Address: 0x0000000100000000

Heap:
 PSYoungGen      total 63488K, used 50938K [0x00000000eb900000, 0x00000000f3900000, 0x0000000100000000)
  eden space 57344K, 78% used [0x00000000eb900000,0x00000000ee4c6a40,0x00000000ef100000)
  from space 6144K, 99% used [0x00000000ef100000,0x00000000ef6f8010,0x00000000ef700000)
  to   space 8192K, 0% used [0x00000000f3100000,0x00000000f3100000,0x00000000f3900000)
 ParOldGen       total 42496K, used 15330K [0x00000000c2a00000, 0x00000000c5380000, 0x00000000eb900000)
  object space 42496K, 36% used [0x00000000c2a00000,0x00000000c38f8a78,0x00000000c5380000)
 Metaspace       used 14847K, capacity 15286K, committed 15360K, reserved 1062912K
  class space    used 1631K, capacity 1771K, committed 1792K, reserved 1048576K

Card table byte_map: [0x00007f7554342000,0x00007f755452e000] byte_map_base: 0x00007f7553d2d000

Marking Bits: (ParMarkBitMap*) 0x00007f7556c64d80
 Begin Bits: [0x00007f753a150000, 0x00007f753b0a8000)
 End Bits:   [0x00007f753b0a8000, 0x00007f753c000000)

Polling page: 0x00007f75578a9000

CodeCache: size=245760Kb used=7264Kb max_used=7264Kb free=238495Kb
 bounds [0x00007f7541000000, 0x00007f7541720000, 0x00007f7550000000]
 total_blobs=2347 nmethods=1995 adapters=263
 compilation: enabled

Compilation events (10 events):
Event: 30.575 Thread 0x00007f7550186000 nmethod 2052 0x00007f7541713890 code [0x00007f7541713b40, 0x00007f7541715058]
Event: 30.581 Thread 0x00007f7550186000 2053       2       java.io.ObjectStreamClass::getVariantFor (51 bytes)
Event: 30.581 Thread 0x00007f7550186000 nmethod 2053 0x00007f7541715650 code [0x00007f75417157c0, 0x00007f7541715a18]
Event: 30.581 Thread 0x00007f7550186000 2054       2       java.io.ObjectStreamClass$ClassDataSlot::<init> (15 bytes)
Event: 30.581 Thread 0x00007f7550186000 nmethod 2054 0x00007f7541715b10 code [0x00007f7541715c60, 0x00007f7541715dd0]
Event: 30.604 Thread 0x00007f7550186000 2055   !   2       sun.rmi.server.LoaderHandler::loadClass (470 bytes)
Event: 30.608 Thread 0x00007f7550186000 nmethod 2055 0x00007f7541715e50 code [0x00007f7541716400, 0x00007f7541718448]
Event: 30.890 Thread 0x00007f7550186000 2056   !   2       sun.reflect.GeneratedSerializationConstructorAccessor40::newInstance (49 bytes)
Event: 31.182 Thread 0x00007f7550186000 nmethod 2056 0x00007f754171abd0 code [0x00007f754171ad60, 0x00007f754171b0a8]
Event: 31.423 Thread 0x00007f7550186000 2057   !   2       sun.reflect.GeneratedSerializationConstructorAccessor42::newInstance (49 bytes)

GC Heap History (10 events):
Event: 25.641 GC heap before
{Heap before GC invocations=6 (full 1):
 PSYoungGen      total 18432K, used 18414K [0x00000000eb900000, 0x00000000edd00000, 0x0000000100000000)
  eden space 15872K, 100% used [0x00000000eb900000,0x00000000ec880000,0x00000000ec880000)
  from space 2560K, 99% used [0x00000000ecb00000,0x00000000ecd7b820,0x00000000ecd80000)
  to   space 2560K, 0% used [0x00000000ec880000,0x00000000ec880000,0x00000000ecb00000)
 ParOldGen       total 42496K, used 8378K [0x00000000c2a00000, 0x00000000c5380000, 0x00000000eb900000)
  object space 42496K, 19% used [0x00000000c2a00000,0x00000000c322e9c8,0x00000000c5380000)
 Metaspace       used 13761K, capacity 14112K, committed 14336K, reserved 1062912K
  class space    used 1584K, capacity 1702K, committed 1792K, reserved 1048576K
Event: 25.658 GC heap after
Heap after GC invocations=6 (full 1):
 PSYoungGen      total 18432K, used 2558K [0x00000000eb900000, 0x00000000edd00000, 0x0000000100000000)
  eden space 15872K, 0% used [0x00000000eb900000,0x00000000eb900000,0x00000000ec880000)
  from space 2560K, 99% used [0x00000000ec880000,0x00000000ecaff870,0x00000000ecb00000)
  to   space 2560K, 0% used [0x00000000eda80000,0x00000000eda80000,0x00000000edd00000)
 ParOldGen       total 42496K, used 9561K [0x00000000c2a00000, 0x00000000c5380000, 0x00000000eb900000)
  object space 42496K, 22% used [0x00000000c2a00000,0x00000000c33566d8,0x00000000c5380000)
 Metaspace       used 13761K, capacity 14112K, committed 14336K, reserved 1062912K
  class space    used 1584K, capacity 1702K, committed 1792K, reserved 1048576K
}
Event: 26.045 GC heap before
{Heap before GC invocations=7 (full 1):
 PSYoungGen      total 18432K, used 18430K [0x00000000eb900000, 0x00000000edd00000, 0x0000000100000000)
  eden space 15872K, 100% used [0x00000000eb900000,0x00000000ec880000,0x00000000ec880000)
  from space 2560K, 99% used [0x00000000ec880000,0x00000000ecaff870,0x00000000ecb00000)
  to   space 2560K, 0% used [0x00000000eda80000,0x00000000eda80000,0x00000000edd00000)
 ParOldGen       total 42496K, used 9561K [0x00000000c2a00000, 0x00000000c5380000, 0x00000000eb900000)
  object space 42496K, 22% used [0x00000000c2a00000,0x00000000c33566d8,0x00000000c5380000)
 Metaspace       used 13804K, capacity 14176K, committed 14336K, reserved 1062912K
  class space    used 1584K, capacity 1702K, committed 1792K, reserved 1048576K
Event: 26.064 GC heap after
Heap after GC invocations=7 (full 1):
 PSYoungGen      total 31744K, used 2542K [0x00000000eb900000, 0x00000000ee200000, 0x0000000100000000)
  eden space 29184K, 0% used [0x00000000eb900000,0x00000000eb900000,0x00000000ed580000)
  from space 2560K, 99% used [0x00000000eda80000,0x00000000edcfb820,0x00000000edd00000)
  to   space 5120K, 0% used [0x00000000ed580000,0x00000000ed580000,0x00000000eda80000)
 ParOldGen       total 42496K, used 10514K [0x00000000c2a00000, 0x00000000c5380000, 0x00000000eb900000)
  object space 42496K, 24% used [0x00000000c2a00000,0x00000000c3444848,0x00000000c5380000)
 Metaspace       used 13804K, capacity 14176K, committed 14336K, reserved 1062912K
  class space    used 1584K, capacity 1702K, committed 1792K, reserved 1048576K
}
Event: 26.618 GC heap before
{Heap before GC invocations=8 (full 1):
 PSYoungGen      total 31744K, used 31726K [0x00000000eb900000, 0x00000000ee200000, 0x0000000100000000)
  eden space 29184K, 100% used [0x00000000eb900000,0x00000000ed580000,0x00000000ed580000)
  from space 2560K, 99% used [0x00000000eda80000,0x00000000edcfb820,0x00000000edd00000)
  to   space 5120K, 0% used [0x00000000ed580000,0x00000000ed580000,0x00000000eda80000)
 ParOldGen       total 42496K, used 10514K [0x00000000c2a00000, 0x00000000c5380000, 0x00000000eb900000)
  object space 42496K, 24% used [0x00000000c2a00000,0x00000000c3444848,0x00000000c5380000)
 Metaspace       used 13856K, capacity 14240K, committed 14336K, reserved 1062912K
  class space    used 1584K, capacity 1702K, committed 1792K, reserved 1048576K
Event: 26.631 GC heap after
Heap after GC invocations=8 (full 1):
 PSYoungGen      total 34304K, used 4590K [0x00000000eb900000, 0x00000000efc00000, 0x0000000100000000)
  eden space 29184K, 0% used [0x00000000eb900000,0x00000000eb900000,0x00000000ed580000)
  from space 5120K, 89% used [0x00000000ed580000,0x00000000ed9fb8b0,0x00000000eda80000)
  to   space 5120K, 0% used [0x00000000ef700000,0x00000000ef700000,0x00000000efc00000)
 ParOldGen       total 42496K, used 10522K [0x00000000c2a00000, 0x00000000c5380000, 0x00000000eb900000)
  object space 42496K, 24% used [0x00000000c2a00000,0x00000000c3446848,0x00000000c5380000)
 Metaspace       used 13856K, capacity 14240K, committed 14336K, reserved 1062912K
  class space    used 1584K, capacity 1702K, committed 1792K, reserved 1048576K
}
Event: 27.005 GC heap before
{Heap before GC invocations=9 (full 1):
 PSYoungGen      total 34304K, used 33774K [0x00000000eb900000, 0x00000000efc00000, 0x0000000100000000)
  eden space 29184K, 100% used [0x00000000eb900000,0x00000000ed580000,0x00000000ed580000)
  from space 5120K, 89% used [0x00000000ed580000,0x00000000ed9fb8b0,0x00000000eda80000)
  to   space 5120K, 0% used [0x00000000ef700000,0x00000000ef700000,0x00000000efc00000)
 ParOldGen       total 42496K, used 10522K [0x00000000c2a00000, 0x00000000c5380000, 0x00000000eb900000)
  object space 42496K, 24% used [0x00000000c2a00000,0x00000000c3446848,0x00000000c5380000)
 Metaspace       used 13875K, capacity 14240K, committed 14336K, reserved 1062912K
  class space    used 1584K, capacity 1702K, committed 1792K, reserved 1048576K
Event: 27.022 GC heap after
Heap after GC invocations=9 (full 1):
 PSYoungGen      total 62464K, used 5112K [0x00000000eb900000, 0x00000000efe00000, 0x0000000100000000)
  eden space 57344K, 0% used [0x00000000eb900000,0x00000000eb900000,0x00000000ef100000)
  from space 5120K, 99% used [0x00000000ef700000,0x00000000efbfe238,0x00000000efc00000)
  to   space 6144K, 0% used [0x00000000ef100000,0x00000000ef100000,0x00000000ef700000)
 ParOldGen       total 42496K, used 12112K [0x00000000c2a00000, 0x00000000c5380000, 0x00000000eb900000)
  object space 42496K, 28% used [0x00000000c2a00000,0x00000000c35d4098,0x00000000c5380000)
 Metaspace       used 13875K, capacity 14240K, committed 14336K, reserved 1062912K
  class space    used 1584K, capacity 1702K, committed 1792K, reserved 1048576K
}
Event: 28.639 GC heap before
{Heap before GC invocations=10 (full 1):
 PSYoungGen      total 62464K, used 62456K [0x00000000eb900000, 0x00000000efe00000, 0x0000000100000000)
  eden space 57344K, 100% used [0x00000000eb900000,0x00000000ef100000,0x00000000ef100000)
  from space 5120K, 99% used [0x00000000ef700000,0x00000000efbfe238,0x00000000efc00000)
  to   space 6144K, 0% used [0x00000000ef100000,0x00000000ef100000,0x00000000ef700000)
 ParOldGen       total 42496K, used 12112K [0x00000000c2a00000, 0x00000000c5380000, 0x00000000eb900000)
  object space 42496K, 28% used [0x00000000c2a00000,0x00000000c35d4098,0x00000000c5380000)
 Metaspace       used 13914K, capacity 14240K, committed 14336K, reserved 1062912K
  class space    used 1584K, capacity 1702K, committed 1792K, reserved 1048576K
Event: 28.668 GC heap after
Heap after GC invocations=10 (full 1):
 PSYoungGen      total 63488K, used 6112K [0x00000000eb900000, 0x00000000f3900000, 0x0000000100000000)
  eden space 57344K, 0% used [0x00000000eb900000,0x00000000eb900000,0x00000000ef100000)
  from space 6144K, 99% used [0x00000000ef100000,0x00000000ef6f8010,0x00000000ef700000)
  to   space 8192K, 0% used [0x00000000f3100000,0x00000000f3100000,0x00000000f3900000)
 ParOldGen       total 42496K, used 15330K [0x00000000c2a00000, 0x00000000c5380000, 0x00000000eb900000)
  object space 42496K, 36% used [0x00000000c2a00000,0x00000000c38f8a78,0x00000000c5380000)
 Metaspace       used 13914K, capacity 14240K, committed 14336K, reserved 1062912K
  class space    used 1584K, capacity 1702K, committed 1792K, reserved 1048576K
}

Deoptimization events (10 events):
Event: 26.766 Thread 0x00007f74ec001000 Uncommon trap: reason=bimorphic action=maybe_recompile pc=0x00007f754153cfb0 method=java.util.AbstractCollection.addAll(Ljava/util/Collection;)Z @ 3
Event: 29.027 Thread 0x00007f74ec001000 Uncommon trap: reason=unstable_if action=reinterpret pc=0x00007f75415878e4 method=java.io.ObjectInputStream$HandleTable.finish(I)V @ 4
Event: 29.160 Thread 0x00007f74ec001000 Uncommon trap: reason=unstable_if action=reinterpret pc=0x00007f75416b5f78 method=org.evosuite.shaded.org.objectweb.asm.Frame.merge(Lorg/evosuite/shaded/org/objectweb/asm/ClassWriter;I[II)Z @ 53
Event: 29.202 Thread 0x00007f74ec001000 Uncommon trap: reason=predicate action=maybe_recompile pc=0x00007f75415e9f10 method=java.util.ArrayList.indexOf(Ljava/lang/Object;)I @ 44
Event: 29.394 Thread 0x00007f74ec001000 Uncommon trap: reason=unstable_if action=reinterpret pc=0x00007f75416c2b9c method=org.evosuite.shaded.org.objectweb.asm.Type.getArgumentsAndReturnSizes(Ljava/lang/String;)I @ 47
Event: 29.632 Thread 0x00007f74ec001000 Uncommon trap: reason=range_check action=make_not_entrant pc=0x00007f75416c5800 method=org.evosuite.shaded.org.objectweb.asm.Type.getType([CI)Lorg/evosuite/shaded/org/objectweb/asm/Type; @ 162
Event: 30.147 Thread 0x00007f74ec001000 Uncommon trap: reason=bimorphic action=maybe_recompile pc=0x00007f75414b9e30 method=java.util.Collections$UnmodifiableCollection$1.next()Ljava/lang/Object; @ 4
Event: 30.147 Thread 0x00007f74ec001000 Uncommon trap: reason=bimorphic action=maybe_recompile pc=0x00007f75414b9e30 method=java.util.Collections$UnmodifiableCollection$1.next()Ljava/lang/Object; @ 4
Event: 30.147 Thread 0x00007f74ec001000 Uncommon trap: reason=bimorphic action=maybe_recompile pc=0x00007f75414b9e30 method=java.util.Collections$UnmodifiableCollection$1.next()Ljava/lang/Object; @ 4
Event: 30.147 Thread 0x00007f74ec001000 Uncommon trap: reason=bimorphic action=maybe_recompile pc=0x00007f75414b9e30 method=java.util.Collections$UnmodifiableCollection$1.next()Ljava/lang/Object; @ 4

Classes redefined (0 events):
No events

Internal exceptions (10 events):
Event: 11.154 Thread 0x00007f75502fa000 Exception <a 'java/net/ConnectException'> (0x00000000ebb52ee0) thrown at [/HUDSON/workspace/8-2-build-linux-amd64/jdk8u201/12317/hotspot/src/share/vm/prims/jni.cpp, line 709]
Event: 21.109 Thread 0x00007f75502f5000 Exception <a 'java/net/ConnectException'> (0x00000000ebb042b8) thrown at [/HUDSON/workspace/8-2-build-linux-amd64/jdk8u201/12317/hotspot/src/share/vm/prims/jni.cpp, line 709]
Event: 21.119 Thread 0x00007f75502f6800 Exception <a 'java/net/ConnectException'> (0x00000000ebb2be60) thrown at [/HUDSON/workspace/8-2-build-linux-amd64/jdk8u201/12317/hotspot/src/share/vm/prims/jni.cpp, line 709]
Event: 21.155 Thread 0x00007f75502fa000 Exception <a 'java/net/ConnectException'> (0x00000000ebb53a08) thrown at [/HUDSON/workspace/8-2-build-linux-amd64/jdk8u201/12317/hotspot/src/share/vm/prims/jni.cpp, line 709]
Event: 22.024 Thread 0x00007f74ec001000 Exception <a 'java/lang/NoSuchMethodError': <clinit>> (0x00000000ec35c030) thrown at [/HUDSON/workspace/8-2-build-linux-amd64/jdk8u201/12317/hotspot/src/share/vm/prims/jni.cpp, line 1613]
Event: 23.214 Thread 0x00007f74ec001000 Implicit null exception at 0x00007f75411ec7b3 to 0x00007f75411ecb7d
Event: 23.265 Thread 0x00007f74ec001000 Implicit null exception at 0x00007f75411ea076 to 0x00007f75411ea421
Event: 32.505 Thread 0x00007f75502f6800 Exception <a 'java/net/ConnectException'> (0x00000000ee281eb8) thrown at [/HUDSON/workspace/8-2-build-linux-amd64/jdk8u201/12317/hotspot/src/share/vm/prims/jni.cpp, line 709]
Event: 32.505 Thread 0x00007f75502fa000 Exception <a 'java/net/ConnectException'> (0x00000000ee352578) thrown at [/HUDSON/workspace/8-2-build-linux-amd64/jdk8u201/12317/hotspot/src/share/vm/prims/jni.cpp, line 709]
Event: 32.510 Thread 0x00007f75502f5000 Exception <a 'java/net/ConnectException'> (0x00000000ee2df1b0) thrown at [/HUDSON/workspace/8-2-build-linux-amd64/jdk8u201/12317/hotspot/src/share/vm/prims/jni.cpp, line 709]

Events (10 events):
Event: 30.147 Thread 0x00007f74ec001000 Uncommon trap: trap_request=0xffffffc6 fr.pc=0x00007f75414b9e30
Event: 30.147 Thread 0x00007f74ec001000 DEOPT PACKING pc=0x00007f75414b9e30 sp=0x00007f74e38f3340
Event: 30.147 Thread 0x00007f74ec001000 DEOPT UNPACKING pc=0x00007f754104573a sp=0x00007f74e38f3318 mode 2
Event: 30.147 Thread 0x00007f74ec001000 Uncommon trap: trap_request=0xffffffc6 fr.pc=0x00007f75414b9e30
Event: 30.147 Thread 0x00007f74ec001000 DEOPT PACKING pc=0x00007f75414b9e30 sp=0x00007f74e38f3340
Event: 30.147 Thread 0x00007f74ec001000 DEOPT UNPACKING pc=0x00007f754104573a sp=0x00007f74e38f3318 mode 2
Event: 30.147 loading class org/evosuite/coverage/branch/BranchCoverageTestFitness
Event: 30.147 loading class org/evosuite/coverage/branch/BranchCoverageTestFitness done
Event: 30.575 Thread 0x00007f74ec001000 DEOPT PACKING pc=0x00007f75416f14bc sp=0x00007f74e38f4110
Event: 30.575 Thread 0x00007f74ec001000 DEOPT UNPACKING pc=0x00007f7541047784 sp=0x00007f74e38f3e80 mode 0


Dynamic libraries:
00400000-00401000 r-xp 00000000 08:01 654793                             /usr/lib/jdk/jdk1.8.0_201/bin/java
00600000-00601000 r--p 00000000 08:01 654793                             /usr/lib/jdk/jdk1.8.0_201/bin/java
00601000-00602000 rw-p 00001000 08:01 654793                             /usr/lib/jdk/jdk1.8.0_201/bin/java
02330000-0250f000 rw-p 00000000 00:00 0                                  [heap]
c2a00000-c5380000 rw-p 00000000 00:00 0 
c5380000-eb900000 ---p 00000000 00:00 0 
eb900000-f3900000 rw-p 00000000 00:00 0 
f3900000-100000000 ---p 00000000 00:00 0 
100000000-1001c0000 rw-p 00000000 00:00 0 
1001c0000-140000000 ---p 00000000 00:00 0 
7f74b8000000-7f74b8021000 rw-p 00000000 00:00 0 
7f74b8021000-7f74bc000000 ---p 00000000 00:00 0 
7f74c0000000-7f74c003b000 rw-p 00000000 00:00 0 
7f74c003b000-7f74c4000000 ---p 00000000 00:00 0 
7f74c4000000-7f74c4021000 rw-p 00000000 00:00 0 
7f74c4021000-7f74c8000000 ---p 00000000 00:00 0 
7f74c8000000-7f74c8021000 rw-p 00000000 00:00 0 
7f74c8021000-7f74cc000000 ---p 00000000 00:00 0 
7f74cc000000-7f74cc021000 rw-p 00000000 00:00 0 
7f74cc021000-7f74d0000000 ---p 00000000 00:00 0 
7f74d0000000-7f74d0021000 rw-p 00000000 00:00 0 
7f74d0021000-7f74d4000000 ---p 00000000 00:00 0 
7f74d4000000-7f74d4021000 rw-p 00000000 00:00 0 
7f74d4021000-7f74d8000000 ---p 00000000 00:00 0 
7f74d8000000-7f74d8021000 rw-p 00000000 00:00 0 
7f74d8021000-7f74dc000000 ---p 00000000 00:00 0 
7f74dc000000-7f74dc021000 rw-p 00000000 00:00 0 
7f74dc021000-7f74e0000000 ---p 00000000 00:00 0 
7f74e30c9000-7f74e3209000 rw-p 00000000 00:00 0 
7f74e3209000-7f74e32c9000 ---p 00000000 00:00 0 
7f74e34f7000-7f74e36f7000 rw-p 00000000 00:00 0 
7f74e36f7000-7f74e36fa000 ---p 00000000 00:00 0 
7f74e36fa000-7f74e37f8000 rw-p 00000000 00:00 0 
7f74e37f8000-7f74e37fb000 ---p 00000000 00:00 0 
7f74e37fb000-7f74e38f9000 rw-p 00000000 00:00 0 
7f74e38f9000-7f74e38fc000 ---p 00000000 00:00 0 
7f74e38fc000-7f74e39fa000 rw-p 00000000 00:00 0 
7f74e39fa000-7f74e39fd000 ---p 00000000 00:00 0 
7f74e39fd000-7f74e3afb000 rw-p 00000000 00:00 0 
7f74e3afb000-7f74e3afe000 ---p 00000000 00:00 0 
7f74e3afe000-7f74e3bfc000 rw-p 00000000 00:00 0 
7f74e3bfc000-7f74e3bff000 ---p 00000000 00:00 0 
7f74e3bff000-7f74e3cfd000 rw-p 00000000 00:00 0 
7f74e3cfd000-7f74e3d00000 ---p 00000000 00:00 0 
7f74e3d00000-7f74e3dfe000 rw-p 00000000 00:00 0 
7f74e3dfe000-7f74e3e01000 ---p 00000000 00:00 0 
7f74e3e01000-7f74e3eff000 rw-p 00000000 00:00 0 
7f74e3eff000-7f74e3f02000 ---p 00000000 00:00 0 
7f74e3f02000-7f74e4000000 rw-p 00000000 00:00 0 
7f74e4000000-7f74e4021000 rw-p 00000000 00:00 0 
7f74e4021000-7f74e8000000 ---p 00000000 00:00 0 
7f74e8000000-7f74e8021000 rw-p 00000000 00:00 0 
7f74e8021000-7f74ec000000 ---p 00000000 00:00 0 
7f74ec000000-7f74ec021000 rw-p 00000000 00:00 0 
7f74ec021000-7f74f0000000 ---p 00000000 00:00 0 
7f74f0000000-7f74f0021000 rw-p 00000000 00:00 0 
7f74f0021000-7f74f4000000 ---p 00000000 00:00 0 
7f74f4000000-7f74f4021000 rw-p 00000000 00:00 0 
7f74f4021000-7f74f8000000 ---p 00000000 00:00 0 
7f74f8000000-7f74f8021000 rw-p 00000000 00:00 0 
7f74f8021000-7f74fc000000 ---p 00000000 00:00 0 
7f74fc000000-7f74fc021000 rw-p 00000000 00:00 0 
7f74fc021000-7f7500000000 ---p 00000000 00:00 0 
7f7500000000-7f7500021000 rw-p 00000000 00:00 0 
7f7500021000-7f7504000000 ---p 00000000 00:00 0 
7f7504000000-7f7504021000 rw-p 00000000 00:00 0 
7f7504021000-7f7508000000 ---p 00000000 00:00 0 
7f7508000000-7f7508021000 rw-p 00000000 00:00 0 
7f7508021000-7f750c000000 ---p 00000000 00:00 0 
7f750c000000-7f750cb77000 rw-p 00000000 00:00 0 
7f750cb77000-7f7510000000 ---p 00000000 00:00 0 
7f7510000000-7f7510bc4000 rw-p 00000000 00:00 0 
7f7510bc4000-7f7514000000 ---p 00000000 00:00 0 
7f7514000000-7f7514021000 rw-p 00000000 00:00 0 
7f7514021000-7f7518000000 ---p 00000000 00:00 0 
7f7518000000-7f7518db5000 rw-p 00000000 00:00 0 
7f7518db5000-7f751c000000 ---p 00000000 00:00 0 
7f751c000000-7f751c021000 rw-p 00000000 00:00 0 
7f751c021000-7f7520000000 ---p 00000000 00:00 0 
7f7520000000-7f7520021000 rw-p 00000000 00:00 0 
7f7520021000-7f7524000000 ---p 00000000 00:00 0 
7f7524000000-7f7524021000 rw-p 00000000 00:00 0 
7f7524021000-7f7528000000 ---p 00000000 00:00 0 
7f7528000000-7f752805a000 rw-p 00000000 00:00 0 
7f752805a000-7f752c000000 ---p 00000000 00:00 0 
7f752c000000-7f752c021000 rw-p 00000000 00:00 0 
7f752c021000-7f7530000000 ---p 00000000 00:00 0 
7f75300ad000-7f75300b0000 ---p 00000000 00:00 0 
7f75300b0000-7f75301ae000 rw-p 00000000 00:00 0 
7f75301ae000-7f75301b1000 ---p 00000000 00:00 0 
7f75301b1000-7f75302af000 rw-p 00000000 00:00 0 
7f75302af000-7f75302b2000 ---p 00000000 00:00 0 
7f75302b2000-7f75303b0000 rw-p 00000000 00:00 0 
7f75303b0000-7f75303b3000 ---p 00000000 00:00 0 
7f75303b3000-7f75304b1000 rw-p 00000000 00:00 0 
7f75304b1000-7f75304b4000 ---p 00000000 00:00 0 
7f75304b4000-7f75305b2000 rw-p 00000000 00:00 0 
7f75305b2000-7f75305b5000 ---p 00000000 00:00 0 
7f75305b5000-7f75308b3000 rw-p 00000000 00:00 0 
7f75308b3000-7f75308b6000 ---p 00000000 00:00 0 
7f75308b6000-7f75309b4000 rw-p 00000000 00:00 0 
7f75309b4000-7f75309b7000 ---p 00000000 00:00 0 
7f75309b7000-7f7530ab5000 rw-p 00000000 00:00 0 
7f7530ab5000-7f7530ab8000 ---p 00000000 00:00 0 
7f7530ab8000-7f7533bb7000 rw-p 00000000 00:00 0 
7f7533bb7000-7f7533bcd000 r-xp 00000000 08:01 656512                     /usr/lib/jdk/jdk1.8.0_201/jre/lib/amd64/libnet.so
7f7533bcd000-7f7533dcd000 ---p 00016000 08:01 656512                     /usr/lib/jdk/jdk1.8.0_201/jre/lib/amd64/libnet.so
7f7533dcd000-7f7533dce000 r--p 00016000 08:01 656512                     /usr/lib/jdk/jdk1.8.0_201/jre/lib/amd64/libnet.so
7f7533dce000-7f7533dcf000 rw-p 00017000 08:01 656512                     /usr/lib/jdk/jdk1.8.0_201/jre/lib/amd64/libnet.so
7f7533dcf000-7f7534000000 r--s 01bb1000 08:01 403225                     /home/hewitt/work/DiffTGen-master/lib/evosuite-1.0.6.jar
7f7534000000-7f7534021000 rw-p 00000000 00:00 0 
7f7534021000-7f7538000000 ---p 00000000 00:00 0 
7f7538041000-7f7538044000 ---p 00000000 00:00 0 
7f7538044000-7f753807a000 rw-p 00000000 00:00 0 
7f753807a000-7f753807b000 ---p 00000000 00:00 0 
7f753807b000-7f753817b000 rw-p 00000000 00:00 0 
7f753817b000-7f753817e000 ---p 00000000 00:00 0 
7f753817e000-7f753827c000 rw-p 00000000 00:00 0 
7f753827c000-7f753827f000 ---p 00000000 00:00 0 
7f753827f000-7f753837d000 rw-p 00000000 00:00 0 
7f753837d000-7f7538380000 ---p 00000000 00:00 0 
7f7538380000-7f753847e000 rw-p 00000000 00:00 0 
7f753847e000-7f7538481000 ---p 00000000 00:00 0 
7f7538481000-7f753857f000 rw-p 00000000 00:00 0 
7f753857f000-7f7538582000 ---p 00000000 00:00 0 
7f7538582000-7f7538680000 rw-p 00000000 00:00 0 
7f7538680000-7f753903f000 r--p 00000000 08:01 270368                     /usr/lib/locale/locale-archive
7f753903f000-7f7539042000 ---p 00000000 00:00 0 
7f7539042000-7f7539140000 rw-p 00000000 00:00 0 
7f7539140000-7f7539143000 ---p 00000000 00:00 0 
7f7539143000-7f7539241000 rw-p 00000000 00:00 0 
7f7539241000-7f7539242000 ---p 00000000 00:00 0 
7f7539242000-7f753c000000 rw-p 00000000 00:00 0 
7f753c000000-7f753c021000 rw-p 00000000 00:00 0 
7f753c021000-7f7540000000 ---p 00000000 00:00 0 
7f7540037000-7f7540138000 rw-p 00000000 00:00 0 
7f7540138000-7f7540312000 r--s 03d6f000 08:01 656293                     /usr/lib/jdk/jdk1.8.0_201/jre/lib/rt.jar
7f7540312000-7f7540cfd000 rw-p 00000000 00:00 0 
7f7540cfd000-7f7540cfe000 ---p 00000000 00:00 0 
7f7540cfe000-7f7540dfe000 rw-p 00000000 00:00 0 
7f7540dfe000-7f7540dff000 ---p 00000000 00:00 0 
7f7540dff000-7f7540eff000 rw-p 00000000 00:00 0 
7f7540eff000-7f7540f00000 ---p 00000000 00:00 0 
7f7540f00000-7f7541000000 rw-p 00000000 00:00 0 
7f7541000000-7f7541720000 rwxp 00000000 00:00 0 
7f7541730000-7f7550000000 ---p 00000000 00:00 0 
7f7550000000-7f75504d7000 rw-p 00000000 00:00 0 
7f75504d7000-7f7554000000 ---p 00000000 00:00 0 
7f7554000000-7f755400a000 r--s 00116000 08:01 656361                     /usr/lib/jdk/jdk1.8.0_201/jre/lib/ext/localedata.jar
7f755400a000-7f7554083000 r--s 010fd000 08:01 654900                     /usr/lib/jdk/jdk1.8.0_201/lib/tools.jar
7f7554083000-7f75540f9000 rw-p 00000000 00:00 0 
7f75540f9000-7f75540fa000 ---p 00000000 00:00 0 
7f75540fa000-7f755420f000 rw-p 00000000 00:00 0 
7f755420f000-7f7554342000 ---p 00000000 00:00 0 
7f7554342000-7f7554357000 rw-p 00000000 00:00 0 
7f7554357000-7f7554489000 ---p 00000000 00:00 0 
7f7554489000-7f75544ca000 rw-p 00000000 00:00 0 
7f75544ca000-7f755452d000 ---p 00000000 00:00 0 
7f755452d000-7f755454b000 rw-p 00000000 00:00 0 
7f755454b000-7f75548ee000 ---p 00000000 00:00 0 
7f75548ee000-7f7554909000 r-xp 00000000 08:01 656508                     /usr/lib/jdk/jdk1.8.0_201/jre/lib/amd64/libzip.so
7f7554909000-7f7554b08000 ---p 0001b000 08:01 656508                     /usr/lib/jdk/jdk1.8.0_201/jre/lib/amd64/libzip.so
7f7554b08000-7f7554b09000 r--p 0001a000 08:01 656508                     /usr/lib/jdk/jdk1.8.0_201/jre/lib/amd64/libzip.so
7f7554b09000-7f7554b0a000 rw-p 0001b000 08:01 656508                     /usr/lib/jdk/jdk1.8.0_201/jre/lib/amd64/libzip.so
7f7554b0a000-7f7554b15000 r-xp 00000000 08:01 658902                     /lib/x86_64-linux-gnu/libnss_files-2.23.so
7f7554b15000-7f7554d14000 ---p 0000b000 08:01 658902                     /lib/x86_64-linux-gnu/libnss_files-2.23.so
7f7554d14000-7f7554d15000 r--p 0000a000 08:01 658902                     /lib/x86_64-linux-gnu/libnss_files-2.23.so
7f7554d15000-7f7554d16000 rw-p 0000b000 08:01 658902                     /lib/x86_64-linux-gnu/libnss_files-2.23.so
7f7554d16000-7f7554d1c000 rw-p 00000000 00:00 0 
7f7554d1c000-7f7554d27000 r-xp 00000000 08:01 658912                     /lib/x86_64-linux-gnu/libnss_nis-2.23.so
7f7554d27000-7f7554f26000 ---p 0000b000 08:01 658912                     /lib/x86_64-linux-gnu/libnss_nis-2.23.so
7f7554f26000-7f7554f27000 r--p 0000a000 08:01 658912                     /lib/x86_64-linux-gnu/libnss_nis-2.23.so
7f7554f27000-7f7554f28000 rw-p 0000b000 08:01 658912                     /lib/x86_64-linux-gnu/libnss_nis-2.23.so
7f7554f28000-7f7554f3e000 r-xp 00000000 08:01 658896                     /lib/x86_64-linux-gnu/libnsl-2.23.so
7f7554f3e000-7f755513d000 ---p 00016000 08:01 658896                     /lib/x86_64-linux-gnu/libnsl-2.23.so
7f755513d000-7f755513e000 r--p 00015000 08:01 658896                     /lib/x86_64-linux-gnu/libnsl-2.23.so
7f755513e000-7f755513f000 rw-p 00016000 08:01 658896                     /lib/x86_64-linux-gnu/libnsl-2.23.so
7f755513f000-7f7555141000 rw-p 00000000 00:00 0 
7f7555141000-7f7555149000 r-xp 00000000 08:01 658898                     /lib/x86_64-linux-gnu/libnss_compat-2.23.so
7f7555149000-7f7555348000 ---p 00008000 08:01 658898                     /lib/x86_64-linux-gnu/libnss_compat-2.23.so
7f7555348000-7f7555349000 r--p 00007000 08:01 658898                     /lib/x86_64-linux-gnu/libnss_compat-2.23.so
7f7555349000-7f755534a000 rw-p 00008000 08:01 658898                     /lib/x86_64-linux-gnu/libnss_compat-2.23.so
7f755534a000-7f7555376000 r-xp 00000000 08:01 656502                     /usr/lib/jdk/jdk1.8.0_201/jre/lib/amd64/libjava.so
7f7555376000-7f7555576000 ---p 0002c000 08:01 656502                     /usr/lib/jdk/jdk1.8.0_201/jre/lib/amd64/libjava.so
7f7555576000-7f7555577000 r--p 0002c000 08:01 656502                     /usr/lib/jdk/jdk1.8.0_201/jre/lib/amd64/libjava.so
7f7555577000-7f7555579000 rw-p 0002d000 08:01 656502                     /usr/lib/jdk/jdk1.8.0_201/jre/lib/amd64/libjava.so
7f7555579000-7f7555586000 r-xp 00000000 08:01 656507                     /usr/lib/jdk/jdk1.8.0_201/jre/lib/amd64/libverify.so
7f7555586000-7f7555785000 ---p 0000d000 08:01 656507                     /usr/lib/jdk/jdk1.8.0_201/jre/lib/amd64/libverify.so
7f7555785000-7f7555787000 r--p 0000c000 08:01 656507                     /usr/lib/jdk/jdk1.8.0_201/jre/lib/amd64/libverify.so
7f7555787000-7f7555788000 rw-p 0000e000 08:01 656507                     /usr/lib/jdk/jdk1.8.0_201/jre/lib/amd64/libverify.so
7f7555788000-7f755578f000 r-xp 00000000 08:01 658957                     /lib/x86_64-linux-gnu/librt-2.23.so
7f755578f000-7f755598e000 ---p 00007000 08:01 658957                     /lib/x86_64-linux-gnu/librt-2.23.so
7f755598e000-7f755598f000 r--p 00006000 08:01 658957                     /lib/x86_64-linux-gnu/librt-2.23.so
7f755598f000-7f7555990000 rw-p 00007000 08:01 658957                     /lib/x86_64-linux-gnu/librt-2.23.so
7f7555990000-7f7555a98000 r-xp 00000000 08:01 658873                     /lib/x86_64-linux-gnu/libm-2.23.so
7f7555a98000-7f7555c97000 ---p 00108000 08:01 658873                     /lib/x86_64-linux-gnu/libm-2.23.so
7f7555c97000-7f7555c98000 r--p 00107000 08:01 658873                     /lib/x86_64-linux-gnu/libm-2.23.so
7f7555c98000-7f7555c99000 rw-p 00108000 08:01 658873                     /lib/x86_64-linux-gnu/libm-2.23.so
7f7555c99000-7f7556981000 r-xp 00000000 08:01 656484                     /usr/lib/jdk/jdk1.8.0_201/jre/lib/amd64/server/libjvm.so
7f7556981000-7f7556b80000 ---p 00ce8000 08:01 656484                     /usr/lib/jdk/jdk1.8.0_201/jre/lib/amd64/server/libjvm.so
7f7556b80000-7f7556c16000 r--p 00ce7000 08:01 656484                     /usr/lib/jdk/jdk1.8.0_201/jre/lib/amd64/server/libjvm.so
7f7556c16000-7f7556c47000 rw-p 00d7d000 08:01 656484                     /usr/lib/jdk/jdk1.8.0_201/jre/lib/amd64/server/libjvm.so
7f7556c47000-7f7556c82000 rw-p 00000000 00:00 0 
7f7556c82000-7f7556e42000 r-xp 00000000 08:01 658803                     /lib/x86_64-linux-gnu/libc-2.23.so
7f7556e42000-7f7557042000 ---p 001c0000 08:01 658803                     /lib/x86_64-linux-gnu/libc-2.23.so
7f7557042000-7f7557046000 r--p 001c0000 08:01 658803                     /lib/x86_64-linux-gnu/libc-2.23.so
7f7557046000-7f7557048000 rw-p 001c4000 08:01 658803                     /lib/x86_64-linux-gnu/libc-2.23.so
7f7557048000-7f755704c000 rw-p 00000000 00:00 0 
7f755704c000-7f755704f000 r-xp 00000000 08:01 658827                     /lib/x86_64-linux-gnu/libdl-2.23.so
7f755704f000-7f755724e000 ---p 00003000 08:01 658827                     /lib/x86_64-linux-gnu/libdl-2.23.so
7f755724e000-7f755724f000 r--p 00002000 08:01 658827                     /lib/x86_64-linux-gnu/libdl-2.23.so
7f755724f000-7f7557250000 rw-p 00003000 08:01 658827                     /lib/x86_64-linux-gnu/libdl-2.23.so
7f7557250000-7f7557267000 r-xp 00000000 08:01 656155                     /usr/lib/jdk/jdk1.8.0_201/lib/amd64/jli/libjli.so
7f7557267000-7f7557466000 ---p 00017000 08:01 656155                     /usr/lib/jdk/jdk1.8.0_201/lib/amd64/jli/libjli.so
7f7557466000-7f7557467000 r--p 00016000 08:01 656155                     /usr/lib/jdk/jdk1.8.0_201/lib/amd64/jli/libjli.so
7f7557467000-7f7557468000 rw-p 00017000 08:01 656155                     /usr/lib/jdk/jdk1.8.0_201/lib/amd64/jli/libjli.so
7f7557468000-7f7557480000 r-xp 00000000 08:01 658949                     /lib/x86_64-linux-gnu/libpthread-2.23.so
7f7557480000-7f755767f000 ---p 00018000 08:01 658949                     /lib/x86_64-linux-gnu/libpthread-2.23.so
7f755767f000-7f7557680000 r--p 00017000 08:01 658949                     /lib/x86_64-linux-gnu/libpthread-2.23.so
7f7557680000-7f7557681000 rw-p 00018000 08:01 658949                     /lib/x86_64-linux-gnu/libpthread-2.23.so
7f7557681000-7f7557685000 rw-p 00000000 00:00 0 
7f7557685000-7f75576ab000 r-xp 00000000 08:01 658775                     /lib/x86_64-linux-gnu/ld-2.23.so
7f75576af000-7f75576cb000 r--s 00393000 08:01 656354                     /usr/lib/jdk/jdk1.8.0_201/jre/lib/ext/cldrdata.jar
7f75576cb000-7f75576cf000 r--s 000a1000 08:01 656350                     /usr/lib/jdk/jdk1.8.0_201/jre/lib/jsse.jar
7f75576cf000-7f755778d000 rw-p 00000000 00:00 0 
7f755778d000-7f7557790000 ---p 00000000 00:00 0 
7f7557790000-7f7557893000 rw-p 00000000 00:00 0 
7f7557893000-7f755789b000 r--s 0006e000 08:01 398946                     /home/hewitt/work/DiffTGen-master/lib/commons-lang3-3.5.jar
7f755789b000-7f755789c000 r--s 00000000 08:01 398951                     /home/hewitt/work/DiffTGen-master/lib/myprinter.jar
7f755789c000-7f75578a0000 r--s 00039000 08:01 406474                     /home/hewitt/work/DiffTGen-master/output/patch11-Lang-59-CapGen-plausible/Lang_59_11-plausible_capgen/target/build/classes/all0.jar
7f75578a0000-7f75578a8000 rw-s 00000000 08:01 159631                     /tmp/hsperfdata_hewitt/21442
7f75578a8000-7f75578a9000 rw-p 00000000 00:00 0 
7f75578a9000-7f75578aa000 r--p 00000000 00:00 0 
7f75578aa000-7f75578ab000 r--p 00025000 08:01 658775                     /lib/x86_64-linux-gnu/ld-2.23.so
7f75578ab000-7f75578ac000 rw-p 00026000 08:01 658775                     /lib/x86_64-linux-gnu/ld-2.23.so
7f75578ac000-7f75578ad000 rw-p 00000000 00:00 0 
7ffdfe511000-7ffdfe533000 rw-p 00000000 00:00 0                          [stack]
7ffdfe5ec000-7ffdfe5ef000 r--p 00000000 00:00 0                          [vvar]
7ffdfe5ef000-7ffdfe5f1000 r-xp 00000000 00:00 0                          [vdso]
ffffffffff600000-ffffffffff601000 r-xp 00000000 00:00 0                  [vsyscall]

VM Arguments:
java_command: /home/hewitt/work/DiffTGen-master/lib/evosuite-1.0.6.jar -base_dir /home/hewitt/work/DiffTGen-master/output/patch11-Lang-59-CapGen-plausible/Lang_59_11-plausible_capgen/target/0/28 -projectCP /home/hewitt/work/DiffTGen-master/output/patch11-Lang-59-CapGen-plausible/Lang_59_11-plausible_capgen/target/build/classes/all0.jar:/home/hewitt/work/DiffTGen-master/lib/myprinter.jar:/home/hewitt/work/DiffTGen-master/lib/commons-lang3-3.5.jar -class org.apache.commons.lang.text.StrBuilder -Dassertions=false -Dsearch_budget=60
java_class_path (initial): /home/hewitt/work/DiffTGen-master/lib/evosuite-1.0.6.jar
Launcher Type: SUN_STANDARD

Environment Variables:
JAVA_HOME=/usr/lib/jdk/jdk1.8.0_201
JRE_HOME=/usr/lib/jdk/jdk1.8.0_201/jre
CLASSPATH=.:/usr/lib/jdk/jdk1.8.0_201/lib:/usr/lib/jdk/jdk1.8.0_201/jre/lib
PATH=/usr/lib/jdk/jdk1.8.0_201/bin:/home/hewitt/bin:/home/hewitt/.local/bin:/usr/lib/jdk/jdk1.7.0_80/bin:/usr/local/sbin:/usr/local/bin:/usr/sbin:/usr/bin:/sbin:/bin:/usr/games:/usr/local/games:/snap/bin:/home/hewitt/work/defects4j_v1.4.0/defects4j/framework/bin:/opt/apache-ant-1.9.14/bin:/home/hewitt/work/defects4j_v1.4.0/defects4j/framework/bin
SHELL=/bin/bash
DISPLAY=:0

Signal Handlers:
SIGSEGV: [libjvm.so+0xad3e60], sa_mask[0]=11111111011111111101111111111110, sa_flags=SA_RESTART|SA_SIGINFO
SIGBUS: [libjvm.so+0xad3e60], sa_mask[0]=11111111011111111101111111111110, sa_flags=SA_RESTART|SA_SIGINFO
SIGFPE: [libjvm.so+0x90b880], sa_mask[0]=11111111011111111101111111111110, sa_flags=SA_RESTART|SA_SIGINFO
SIGPIPE: [libjvm.so+0x90b880], sa_mask[0]=11111111011111111101111111111110, sa_flags=SA_RESTART|SA_SIGINFO
SIGXFSZ: [libjvm.so+0x90b880], sa_mask[0]=11111111011111111101111111111110, sa_flags=SA_RESTART|SA_SIGINFO
SIGILL: [libjvm.so+0x90b880], sa_mask[0]=11111111011111111101111111111110, sa_flags=SA_RESTART|SA_SIGINFO
SIGUSR1: SIG_DFL, sa_mask[0]=00000000000000000000000000000000, sa_flags=none
SIGUSR2: [libjvm.so+0x90b750], sa_mask[0]=00100000000000000000000000000000, sa_flags=SA_RESTART|SA_SIGINFO
SIGHUP: [libjvm.so+0x90bd70], sa_mask[0]=11111111011111111101111111111110, sa_flags=SA_RESTART|SA_SIGINFO
SIGINT: [libjvm.so+0x90bd70], sa_mask[0]=11111111011111111101111111111110, sa_flags=SA_RESTART|SA_SIGINFO
SIGTERM: [libjvm.so+0x90bd70], sa_mask[0]=11111111011111111101111111111110, sa_flags=SA_RESTART|SA_SIGINFO
SIGQUIT: [libjvm.so+0x90bd70], sa_mask[0]=11111111011111111101111111111110, sa_flags=SA_RESTART|SA_SIGINFO


---------------  S Y S T E M  ---------------

OS:DISTRIB_ID=Ubuntu
DISTRIB_RELEASE=16.04
DISTRIB_CODENAME=xenial
DISTRIB_DESCRIPTION="Ubuntu 16.04.6 LTS"

uname:Linux 4.15.0-91-generic #92~16.04.1-Ubuntu SMP Fri Feb 28 14:57:22 UTC 2020 x86_64
libc:glibc 2.23 NPTL 2.23 
rlimit: STACK 8192k, CORE 0k, NPROC 15448, NOFILE 1048576, AS infinity
load average:14.58 12.73 13.69

/proc/meminfo:
MemTotal:        4015928 kB
MemFree:          986148 kB
MemAvailable:     905812 kB
Buffers:            1648 kB
Cached:            44836 kB
SwapCached:         1136 kB
Active:          2139620 kB
Inactive:         437508 kB
Active(anon):    2123872 kB
Inactive(anon):   408528 kB
Active(file):      15748 kB
Inactive(file):    28980 kB
Unevictable:          48 kB
Mlocked:              48 kB
SwapTotal:        998396 kB
SwapFree:            184 kB
Dirty:               212 kB
Writeback:           276 kB
AnonPages:       2530260 kB
Mapped:            34616 kB
Shmem:              1432 kB
Slab:              95204 kB
SReclaimable:      35540 kB
SUnreclaim:        59664 kB
KernelStack:       14528 kB
PageTables:        39000 kB
NFS_Unstable:          0 kB
Bounce:                0 kB
WritebackTmp:          0 kB
CommitLimit:     3006360 kB
Committed_AS:    7967900 kB
VmallocTotal:   34359738367 kB
VmallocUsed:           0 kB
VmallocChunk:          0 kB
HardwareCorrupted:     0 kB
AnonHugePages:         0 kB
ShmemHugePages:        0 kB
ShmemPmdMapped:        0 kB
CmaTotal:              0 kB
CmaFree:               0 kB
HugePages_Total:       0
HugePages_Free:        0
HugePages_Rsvd:        0
HugePages_Surp:        0
Hugepagesize:       2048 kB
DirectMap4k:      114496 kB
DirectMap2M:     4079616 kB
DirectMap1G:     2097152 kB

container (cgroup) information:
container_type: cgroupv1
cpu_cpuset_cpus: 0-3
cpu_memory_nodes: 0
active_processor_count: 4
cpu_quota: -1
cpu_period: 100000
cpu_shares: -1
memory_limit_in_bytes: -1
memory_and_swap_limit_in_bytes: -2
memory_soft_limit_in_bytes: -1
memory_usage_in_bytes: 2639675392
memory_max_usage_in_bytes: 218951680


CPU:total 4 (initial active 4) (2 cores per cpu, 1 threads per core) family 6 model 158 stepping 9, cmov, cx8, fxsr, mmx, sse, sse2, sse3, ssse3, sse4.1, sse4.2, popcnt, avx, avx2, aes, clmul, erms, 3dnowpref, lzcnt, tsc, tscinvbit, bmi1, bmi2, adx

/proc/cpuinfo:
processor	: 0
vendor_id	: GenuineIntel
cpu family	: 6
model		: 158
model name	: Intel(R) Core(TM) i7-7700HQ CPU @ 2.80GHz
stepping	: 9
microcode	: 0xb4
cpu MHz		: 2807.997
cache size	: 6144 KB
physical id	: 0
siblings	: 2
core id		: 0
cpu cores	: 2
apicid		: 0
initial apicid	: 0
fpu		: yes
fpu_exception	: yes
cpuid level	: 22
wp		: yes
flags		: fpu vme de pse tsc msr pae mce cx8 apic sep mtrr pge mca cmov pat pse36 clflush mmx fxsr sse sse2 ss ht syscall nx pdpe1gb rdtscp lm constant_tsc arch_perfmon nopl xtopology tsc_reliable nonstop_tsc cpuid pni pclmulqdq ssse3 fma cx16 pcid sse4_1 sse4_2 x2apic movbe popcnt tsc_deadline_timer aes xsave avx f16c rdrand hypervisor lahf_lm abm 3dnowprefetch cpuid_fault invpcid_single pti ssbd ibrs ibpb stibp fsgsbase tsc_adjust bmi1 avx2 smep bmi2 invpcid mpx rdseed adx smap clflushopt xsaveopt xsavec xsaves arat md_clear flush_l1d arch_capabilities
bugs		: cpu_meltdown spectre_v1 spectre_v2 spec_store_bypass l1tf mds swapgs itlb_multihit
bogomips	: 5615.99
clflush size	: 64
cache_alignment	: 64
address sizes	: 43 bits physical, 48 bits virtual
power management:

processor	: 1
vendor_id	: GenuineIntel
cpu family	: 6
model		: 158
model name	: Intel(R) Core(TM) i7-7700HQ CPU @ 2.80GHz
stepping	: 9
microcode	: 0xb4
cpu MHz		: 2807.997
cache size	: 6144 KB
physical id	: 0
siblings	: 2
core id		: 1
cpu cores	: 2
apicid		: 1
initial apicid	: 1
fpu		: yes
fpu_exception	: yes
cpuid level	: 22
wp		: yes
flags		: fpu vme de pse tsc msr pae mce cx8 apic sep mtrr pge mca cmov pat pse36 clflush mmx fxsr sse sse2 ss ht syscall nx pdpe1gb rdtscp lm constant_tsc arch_perfmon nopl xtopology tsc_reliable nonstop_tsc cpuid pni pclmulqdq ssse3 fma cx16 pcid sse4_1 sse4_2 x2apic movbe popcnt tsc_deadline_timer aes xsave avx f16c rdrand hypervisor lahf_lm abm 3dnowprefetch cpuid_fault invpcid_single pti ssbd ibrs ibpb stibp fsgsbase tsc_adjust bmi1 avx2 smep bmi2 invpcid mpx rdseed adx smap clflushopt xsaveopt xsavec xsaves arat md_clear flush_l1d arch_capabilities
bugs		: cpu_meltdown spectre_v1 spectre_v2 spec_store_bypass l1tf mds swapgs itlb_multihit
bogomips	: 5615.99
clflush size	: 64
cache_alignment	: 64
address sizes	: 43 bits physical, 48 bits virtual
power management:

processor	: 2
vendor_id	: GenuineIntel
cpu family	: 6
model		: 158
model name	: Intel(R) Core(TM) i7-7700HQ CPU @ 2.80GHz
stepping	: 9
microcode	: 0xb4
cpu MHz		: 2807.997
cache size	: 6144 KB
physical id	: 1
siblings	: 2
core id		: 0
cpu cores	: 2
apicid		: 2
initial apicid	: 2
fpu		: yes
fpu_exception	: yes
cpuid level	: 22
wp		: yes
flags		: fpu vme de pse tsc msr pae mce cx8 apic sep mtrr pge mca cmov pat pse36 clflush mmx fxsr sse sse2 ss ht syscall nx pdpe1gb rdtscp lm constant_tsc arch_perfmon nopl xtopology tsc_reliable nonstop_tsc cpuid pni pclmulqdq ssse3 fma cx16 pcid sse4_1 sse4_2 x2apic movbe popcnt tsc_deadline_timer aes xsave avx f16c rdrand hypervisor lahf_lm abm 3dnowprefetch cpuid_fault invpcid_single pti ssbd ibrs ibpb stibp fsgsbase tsc_adjust bmi1 avx2 smep bmi2 invpcid mpx rdseed adx smap clflushopt xsaveopt xsavec xsaves arat md_clear flush_l1d arch_capabilities
bugs		: cpu_meltdown spectre_v1 spectre_v2 spec_store_bypass l1tf mds swapgs itlb_multihit
bogomips	: 5615.99
clflush size	: 64
cache_alignment	: 64
address sizes	: 43 bits physical, 48 bits virtual
power management:

processor	: 3
vendor_id	: GenuineIntel
cpu family	: 6
model		: 158
model name	: Intel(R) Core(TM) i7-7700HQ CPU @ 2.80GHz
stepping	: 9
microcode	: 0xb4
cpu MHz		: 2807.997
cache size	: 6144 KB
physical id	: 1
siblings	: 2
core id		: 1
cpu cores	: 2
apicid		: 3
initial apicid	: 3
fpu		: yes
fpu_exception	: yes
cpuid level	: 22
wp		: yes
flags		: fpu vme de pse tsc msr pae mce cx8 apic sep mtrr pge mca cmov pat pse36 clflush mmx fxsr sse sse2 ss ht syscall nx pdpe1gb rdtscp lm constant_tsc arch_perfmon nopl xtopology tsc_reliable nonstop_tsc cpuid pni pclmulqdq ssse3 fma cx16 pcid sse4_1 sse4_2 x2apic movbe popcnt tsc_deadline_timer aes xsave avx f16c rdrand hypervisor lahf_lm abm 3dnowprefetch cpuid_fault invpcid_single pti ssbd ibrs ibpb stibp fsgsbase tsc_adjust bmi1 avx2 smep bmi2 invpcid mpx rdseed adx smap clflushopt xsaveopt xsavec xsaves arat md_clear flush_l1d arch_capabilities
bugs		: cpu_meltdown spectre_v1 spectre_v2 spec_store_bypass l1tf mds swapgs itlb_multihit
bogomips	: 5615.99
clflush size	: 64
cache_alignment	: 64
address sizes	: 43 bits physical, 48 bits virtual
power management:



Memory: 4k page, physical 4015928k(986148k free), swap 998396k(184k free)

vm_info: Java HotSpot(TM) 64-Bit Server VM (25.201-b09) for linux-amd64 JRE (1.8.0_201-b09), built on Dec 15 2018 11:35:59 by "java_re" with gcc 7.3.0

time: Tue Mar 31 22:40:48 2020
timezone: CST
elapsed time: 32 seconds (0d 0h 0m 32s)

