#
# There is insufficient memory for the Java Runtime Environment to continue.
# Native memory allocation (mmap) failed to map 262144 bytes for committing reserved memory.
# Possible reasons:
#   The system is out of physical RAM or swap space
#   The process is running with CompressedOops enabled, and the Java Heap may be blocking the growth of the native heap
# Possible solutions:
#   Reduce memory load on the system
#   Increase physical memory or swap space
#   Check if swap backing store is full
#   Decrease Java heap size (-Xmx/-Xms)
#   Decrease number of Java threads
#   Decrease Java thread stack sizes (-Xss)
#   Set larger code cache with -XX:ReservedCodeCacheSize=
#   JVM is running with Unscaled Compressed Oops mode in which the Java heap is
#     placed in the first 4GB address space. The Java Heap base address is the
#     maximum limit for the native heap growth. Please use -XX:HeapBaseMinAddress
#     to set the Java Heap base and to place the Java Heap above 4GB virtual address.
# This output file may be truncated or incomplete.
#
#  Out of Memory Error (os_linux.cpp:2749), pid=61926, tid=0x00007f62dfbfb700
#
# JRE version: Java(TM) SE Runtime Environment (8.0_201-b09) (build 1.8.0_201-b09)
# Java VM: Java HotSpot(TM) 64-Bit Server VM (25.201-b09 mixed mode linux-amd64 compressed oops)
# Failed to write core dump. Core dumps have been disabled. To enable core dumping, try "ulimit -c unlimited" before starting Java again
#

---------------  T H R E A D  ---------------

Current thread (0x00007f6304001000):  JavaThread "RMI TCP Connection(2)-127.0.0.1" daemon [_thread_in_vm, id=62394, stack(0x00007f62dfafb000,0x00007f62dfbfc000)]

Stack: [0x00007f62dfafb000,0x00007f62dfbfc000],  sp=0x00007f62dfbf7400,  free space=1009k
Native frames: (J=compiled Java code, j=interpreted, Vv=VM code, C=native code)
V  [libjvm.so+0xad3525]  VMError::report_and_die()+0x2e5
V  [libjvm.so+0x4e0457]  report_vm_out_of_memory(char const*, int, unsigned long, VMErrorType, char const*)+0x67
V  [libjvm.so+0x9102f0]  os::pd_commit_memory(char*, unsigned long, unsigned long, bool)+0x100
V  [libjvm.so+0x90791f]  os::commit_memory(char*, unsigned long, unsigned long, bool)+0x1f
V  [libjvm.so+0xacfda0]  VirtualSpace::expand_by(unsigned long, bool)+0x140
V  [libjvm.so+0x888e29]  VirtualSpaceList::get_new_chunk(unsigned long, unsigned long)+0x1a9
V  [libjvm.so+0x88a7a7]  Metaspace::Metaspace(Mutex*, Metaspace::MetaspaceType)+0x1a7
V  [libjvm.so+0x44137b]  ClassLoaderData::metaspace_non_null()+0x15b
V  [libjvm.so+0x88bea3]  Metaspace::allocate(ClassLoaderData*, unsigned long, bool, MetaspaceObj::Type, Thread*)+0x43
V  [libjvm.so+0x4dc1a1]  ConstantPool::allocate(ClassLoaderData*, int, Thread*)+0x41
V  [libjvm.so+0x436369]  ClassFileParser::parse_constant_pool(Thread*)+0xf9
V  [libjvm.so+0x4376f7]  ClassFileParser::parseClassFile(Symbol*, ClassLoaderData*, Handle, KlassHandle, GrowableArray<Handle>*, TempNewSymbol&, bool, Thread*)+0x587
V  [libjvm.so+0xa3f1d7]  SystemDictionary::resolve_from_stream(Symbol*, Handle, Handle, ClassFileStream*, bool, Thread*)+0x1b7
V  [libjvm.so+0x6f2b03]  jvm_define_class_common(JNIEnv_*, char const*, _jobject*, signed char const*, int, _jobject*, char const*, unsigned char, Thread*)+0x203
V  [libjvm.so+0x6f415a]  JVM_DefineClass+0x8a
V  [libjvm.so+0xa97f1b]  Unsafe_DefineClass_impl(JNIEnv_*, _jstring*, _jbyteArray*, int, int, _jobject*, _jobject*)+0x28b
V  [libjvm.so+0xa9b489]  Unsafe_DefineClass+0x109
j  sun.misc.Unsafe.defineClass(Ljava/lang/String;[BIILjava/lang/ClassLoader;Ljava/security/ProtectionDomain;)Ljava/lang/Class;+0
j  sun.reflect.ClassDefiner.defineClass(Ljava/lang/String;[BIILjava/lang/ClassLoader;)Ljava/lang/Class;+27
j  sun.reflect.MethodAccessorGenerator$1.run()Lsun/reflect/MagicAccessorImpl;+21
j  sun.reflect.MethodAccessorGenerator$1.run()Ljava/lang/Object;+1
v  ~StubRoutines::call_stub
V  [libjvm.so+0x68825b]  JavaCalls::call_helper(JavaValue*, methodHandle*, JavaCallArguments*, Thread*)+0xddb
V  [libjvm.so+0x7004b4]  JVM_DoPrivileged+0x4f4
J 507  java.security.AccessController.doPrivileged(Ljava/security/PrivilegedAction;)Ljava/lang/Object; (0 bytes) @ 0x00007f635122bcff [0x00007f635122bc40+0xbf]
j  sun.reflect.MethodAccessorGenerator.generate(Ljava/lang/Class;Ljava/lang/String;[Ljava/lang/Class;Ljava/lang/Class;[Ljava/lang/Class;IZZLjava/lang/Class;)Lsun/reflect/MagicAccessorImpl;+755
J 2025 C1 sun.reflect.NativeMethodAccessorImpl.invoke(Ljava/lang/Object;[Ljava/lang/Object;)Ljava/lang/Object; (104 bytes) @ 0x00007f635173017c [0x00007f635172f280+0xefc]
J 1080 C1 sun.reflect.DelegatingMethodAccessorImpl.invoke(Ljava/lang/Object;[Ljava/lang/Object;)Ljava/lang/Object; (10 bytes) @ 0x00007f6351396b04 [0x00007f6351396a00+0x104]
J 1079 C1 java.lang.reflect.Method.invoke(Ljava/lang/Object;[Ljava/lang/Object;)Ljava/lang/Object; (62 bytes) @ 0x00007f63513972cc [0x00007f6351396ee0+0x3ec]
j  sun.rmi.server.UnicastServerRef.dispatch(Ljava/rmi/Remote;Ljava/rmi/server/RemoteCall;)V+231
j  sun.rmi.transport.Transport$1.run()Ljava/lang/Void;+23
j  sun.rmi.transport.Transport$1.run()Ljava/lang/Object;+1
v  ~StubRoutines::call_stub
V  [libjvm.so+0x68825b]  JavaCalls::call_helper(JavaValue*, methodHandle*, JavaCallArguments*, Thread*)+0xddb
V  [libjvm.so+0x7004b4]  JVM_DoPrivileged+0x4f4
J 144  java.security.AccessController.doPrivileged(Ljava/security/PrivilegedExceptionAction;Ljava/security/AccessControlContext;)Ljava/lang/Object; (0 bytes) @ 0x00007f63511594d5 [0x00007f6351159400+0xd5]
j  sun.rmi.transport.Transport.serviceCall(Ljava/rmi/server/RemoteCall;)Z+157
j  sun.rmi.transport.tcp.TCPTransport.handleMessages(Lsun/rmi/transport/Connection;Z)V+185
j  sun.rmi.transport.tcp.TCPTransport$ConnectionHandler.run0()V+696
j  sun.rmi.transport.tcp.TCPTransport$ConnectionHandler.lambda$run$0()Ljava/lang/Void;+1
j  sun.rmi.transport.tcp.TCPTransport$ConnectionHandler$$Lambda$19.run()Ljava/lang/Object;+4
v  ~StubRoutines::call_stub
V  [libjvm.so+0x68825b]  JavaCalls::call_helper(JavaValue*, methodHandle*, JavaCallArguments*, Thread*)+0xddb
V  [libjvm.so+0x7004b4]  JVM_DoPrivileged+0x4f4
j  java.security.AccessController.doPrivileged(Ljava/security/PrivilegedAction;Ljava/security/AccessControlContext;)Ljava/lang/Object;+0
j  sun.rmi.transport.tcp.TCPTransport$ConnectionHandler.run()V+58
j  java.util.concurrent.ThreadPoolExecutor.runWorker(Ljava/util/concurrent/ThreadPoolExecutor$Worker;)V+95
j  java.util.concurrent.ThreadPoolExecutor$Worker.run()V+5
j  java.lang.Thread.run()V+11
v  ~StubRoutines::call_stub
V  [libjvm.so+0x68825b]  JavaCalls::call_helper(JavaValue*, methodHandle*, JavaCallArguments*, Thread*)+0xddb
V  [libjvm.so+0x685b23]  JavaCalls::call_virtual(JavaValue*, KlassHandle, Symbol*, Symbol*, JavaCallArguments*, Thread*)+0x263
V  [libjvm.so+0x6860e7]  JavaCalls::call_virtual(JavaValue*, Handle, KlassHandle, Symbol*, Symbol*, Thread*)+0x47
V  [libjvm.so+0x6f225c]  thread_entry(JavaThread*, Thread*)+0x6c
V  [libjvm.so+0xa7bb6b]  JavaThread::thread_main_inner()+0xdb
V  [libjvm.so+0xa7be71]  JavaThread::run()+0x2d1
V  [libjvm.so+0x90d922]  java_start(Thread*)+0x102
C  [libpthread.so.0+0x76ba]  start_thread+0xca

Java frames: (J=compiled Java code, j=interpreted, Vv=VM code)
j  sun.misc.Unsafe.defineClass(Ljava/lang/String;[BIILjava/lang/ClassLoader;Ljava/security/ProtectionDomain;)Ljava/lang/Class;+0
j  sun.reflect.ClassDefiner.defineClass(Ljava/lang/String;[BIILjava/lang/ClassLoader;)Ljava/lang/Class;+27
j  sun.reflect.MethodAccessorGenerator$1.run()Lsun/reflect/MagicAccessorImpl;+21
j  sun.reflect.MethodAccessorGenerator$1.run()Ljava/lang/Object;+1
v  ~StubRoutines::call_stub
J 507  java.security.AccessController.doPrivileged(Ljava/security/PrivilegedAction;)Ljava/lang/Object; (0 bytes) @ 0x00007f635122bc8f [0x00007f635122bc40+0x4f]
j  sun.reflect.MethodAccessorGenerator.generate(Ljava/lang/Class;Ljava/lang/String;[Ljava/lang/Class;Ljava/lang/Class;[Ljava/lang/Class;IZZLjava/lang/Class;)Lsun/reflect/MagicAccessorImpl;+755
J 2025 C1 sun.reflect.NativeMethodAccessorImpl.invoke(Ljava/lang/Object;[Ljava/lang/Object;)Ljava/lang/Object; (104 bytes) @ 0x00007f635173017c [0x00007f635172f280+0xefc]
J 1080 C1 sun.reflect.DelegatingMethodAccessorImpl.invoke(Ljava/lang/Object;[Ljava/lang/Object;)Ljava/lang/Object; (10 bytes) @ 0x00007f6351396b04 [0x00007f6351396a00+0x104]
J 1079 C1 java.lang.reflect.Method.invoke(Ljava/lang/Object;[Ljava/lang/Object;)Ljava/lang/Object; (62 bytes) @ 0x00007f63513972cc [0x00007f6351396ee0+0x3ec]
j  sun.rmi.server.UnicastServerRef.dispatch(Ljava/rmi/Remote;Ljava/rmi/server/RemoteCall;)V+231
j  sun.rmi.transport.Transport$1.run()Ljava/lang/Void;+23
j  sun.rmi.transport.Transport$1.run()Ljava/lang/Object;+1
v  ~StubRoutines::call_stub
J 144  java.security.AccessController.doPrivileged(Ljava/security/PrivilegedExceptionAction;Ljava/security/AccessControlContext;)Ljava/lang/Object; (0 bytes) @ 0x00007f6351159463 [0x00007f6351159400+0x63]
j  sun.rmi.transport.Transport.serviceCall(Ljava/rmi/server/RemoteCall;)Z+157
j  sun.rmi.transport.tcp.TCPTransport.handleMessages(Lsun/rmi/transport/Connection;Z)V+185
j  sun.rmi.transport.tcp.TCPTransport$ConnectionHandler.run0()V+696
j  sun.rmi.transport.tcp.TCPTransport$ConnectionHandler.lambda$run$0()Ljava/lang/Void;+1
j  sun.rmi.transport.tcp.TCPTransport$ConnectionHandler$$Lambda$19.run()Ljava/lang/Object;+4
v  ~StubRoutines::call_stub
j  java.security.AccessController.doPrivileged(Ljava/security/PrivilegedAction;Ljava/security/AccessControlContext;)Ljava/lang/Object;+0
j  sun.rmi.transport.tcp.TCPTransport$ConnectionHandler.run()V+58
j  java.util.concurrent.ThreadPoolExecutor.runWorker(Ljava/util/concurrent/ThreadPoolExecutor$Worker;)V+95
j  java.util.concurrent.ThreadPoolExecutor$Worker.run()V+5
j  java.lang.Thread.run()V+11
v  ~StubRoutines::call_stub

---------------  P R O C E S S  ---------------

Java Threads: ( => current thread )
=>0x00007f6304001000 JavaThread "RMI TCP Connection(2)-127.0.0.1" daemon [_thread_in_vm, id=62394, stack(0x00007f62dfafb000,0x00007f62dfbfc000)]
  0x00007f62d0098000 JavaThread "RMI Scheduler(0)" daemon [_thread_blocked, id=62389, stack(0x00007f62dfbfc000,0x00007f62dfcfd000)]
  0x00007f62d0095000 JavaThread "RMI RenewClean-[127.0.0.1:4830]" daemon [_thread_blocked, id=62378, stack(0x00007f62dfcfd000,0x00007f62dfdfe000)]
  0x00007f6300001000 JavaThread "RMI TCP Connection(3)-127.0.0.1" daemon [_thread_in_native, id=62359, stack(0x00007f62dfdfe000,0x00007f62dfeff000)]
  0x00007f62f0005000 JavaThread "pool-3-thread-3" [_thread_in_native, id=62298, stack(0x00007f62dfeff000,0x00007f62e0000000)]
  0x00007f62f0003000 JavaThread "pool-3-thread-2" [_thread_in_native, id=62295, stack(0x00007f631405b000,0x00007f631415c000)]
  0x00007f62f0002000 JavaThread "pool-3-thread-1" [_thread_in_native, id=62293, stack(0x00007f631415c000,0x00007f631425d000)]
  0x00007f6360202800 JavaThread "Thread-3" [_thread_in_native, id=62186, stack(0x00007f631425d000,0x00007f631435e000)]
  0x00007f6360201000 JavaThread "Thread-2" [_thread_in_native, id=62185, stack(0x00007f631435e000,0x00007f631445f000)]
  0x00007f63601ff800 JavaThread "process reaper" daemon [_thread_in_native, id=62183, stack(0x00007f6364025000,0x00007f636405e000)]
  0x00007f63601a3800 JavaThread "pool-2-thread-1" [_thread_in_native, id=62173, stack(0x00007f631445f000,0x00007f6314560000)]
  0x00007f6360468000 JavaThread "GC Daemon" daemon [_thread_blocked, id=62111, stack(0x00007f6314560000,0x00007f6314661000)]
  0x00007f6360463800 JavaThread "RMI Reaper" [_thread_blocked, id=62109, stack(0x00007f6314661000,0x00007f6314762000)]
  0x00007f636045c800 JavaThread "RMI TCP Accept-16400" daemon [_thread_in_native, id=62108, stack(0x00007f6314762000,0x00007f6314863000)]
  0x00007f6360455800 JavaThread "RMI TCP Accept-7242" daemon [_thread_in_native, id=62097, stack(0x00007f6314863000,0x00007f6314964000)]
  0x00007f63602f2800 JavaThread "logback-3" daemon [_thread_blocked, id=62065, stack(0x00007f6314efe000,0x00007f6314fff000)]
  0x00007f63602ee800 JavaThread "logback-2" daemon [_thread_blocked, id=62058, stack(0x00007f6340035000,0x00007f6340136000)]
  0x00007f63602ed000 JavaThread "logback-1" daemon [_thread_blocked, id=62051, stack(0x00007f6340136000,0x00007f6340237000)]
  0x00007f6360189000 JavaThread "Service Thread" daemon [_thread_blocked, id=62033, stack(0x00007f6340781000,0x00007f6340882000)]
  0x00007f6360186000 JavaThread "C1 CompilerThread2" daemon [_thread_blocked, id=62022, stack(0x00007f6340882000,0x00007f6340983000)]
  0x00007f6360184800 JavaThread "C2 CompilerThread1" daemon [_thread_in_native, id=62014, stack(0x00007f6340983000,0x00007f6340a84000)]
  0x00007f6360181800 JavaThread "C2 CompilerThread0" daemon [_thread_in_native, id=62009, stack(0x00007f6340a84000,0x00007f6340b85000)]
  0x00007f6360180000 JavaThread "Signal Dispatcher" daemon [_thread_blocked, id=62006, stack(0x00007f6340b85000,0x00007f6340c86000)]
  0x00007f636014c000 JavaThread "Finalizer" daemon [_thread_blocked, id=61999, stack(0x00007f6341645000,0x00007f6341746000)]
  0x00007f6360149800 JavaThread "Reference Handler" daemon [_thread_blocked, id=61989, stack(0x00007f6341746000,0x00007f6341847000)]
  0x00007f636000a800 JavaThread "main" [_thread_in_native, id=61938, stack(0x00007f6367e30000,0x00007f6367f31000)]

Other Threads:
  0x00007f6360140000 VMThread [stack: 0x00007f6341847000,0x00007f6341948000] [id=61979]
  0x00007f636018b800 WatcherThread [stack: 0x00007f6340680000,0x00007f6340781000] [id=62039]

VM state:not at safepoint (normal execution)

VM Mutex/Monitor currently owned by a thread: None

heap address: 0x00000000c2a00000, size: 982 MB, Compressed Oops mode: 32-bit
Narrow klass base: 0x0000000000000000, Narrow klass shift: 3
Compressed class space size: 1073741824 Address: 0x0000000100000000

Heap:
 PSYoungGen      total 66048K, used 60831K [0x00000000eb900000, 0x00000000f3b00000, 0x0000000100000000)
  eden space 59392K, 91% used [0x00000000eb900000,0x00000000eedebd20,0x00000000ef300000)
  from space 6656K, 99% used [0x00000000ef300000,0x00000000ef97c060,0x00000000ef980000)
  to   space 7168K, 0% used [0x00000000f3400000,0x00000000f3400000,0x00000000f3b00000)
 ParOldGen       total 42496K, used 14249K [0x00000000c2a00000, 0x00000000c5380000, 0x00000000eb900000)
  object space 42496K, 33% used [0x00000000c2a00000,0x00000000c37ea758,0x00000000c5380000)
 Metaspace       used 15975K, capacity 16508K, committed 16640K, reserved 1064960K
  class space    used 1756K, capacity 1936K, committed 2048K, reserved 1048576K

Card table byte_map: [0x00007f63649e5000,0x00007f6364bd1000] byte_map_base: 0x00007f63643d0000

Marking Bits: (ParMarkBitMap*) 0x00007f6367307d80
 Begin Bits: [0x00007f6342150000, 0x00007f63430a8000)
 End Bits:   [0x00007f63430a8000, 0x00007f6344000000)

Polling page: 0x00007f6367f4c000

CodeCache: size=245760Kb used=8641Kb max_used=8641Kb free=237118Kb
 bounds [0x00007f6351000000, 0x00007f6351880000, 0x00007f6360000000]
 total_blobs=2532 nmethods=2169 adapters=276
 compilation: enabled

Compilation events (10 events):
Event: 71.845 Thread 0x00007f6360186000 2356       3       org.evosuite.ConsoleProgressBar::receiveEvent (257 bytes)
Event: 71.845 Thread 0x00007f6360181800 2355       4       java.lang.Long::valueOf (36 bytes)
Event: 71.846 Thread 0x00007f6360181800 nmethod 2355 0x00007f6351260a10 code [0x00007f6351260b60, 0x00007f6351260c58]
Event: 71.847 Thread 0x00007f6360186000 nmethod 2356 0x00007f6351865dd0 code [0x00007f6351866220, 0x00007f6351868918]
Event: 71.853 Thread 0x00007f6360186000 2357       3       sun.nio.cs.UTF_8$Encoder::encodeArrayLoop (489 bytes)
Event: 71.856 Thread 0x00007f6360186000 nmethod 2357 0x00007f6351869ad0 code [0x00007f635186a040, 0x00007f635186d6a8]
Event: 71.885 Thread 0x00007f6360184800 nmethod 2351 0x00007f635186fb90 code [0x00007f635186ff00, 0x00007f6351871cc0]
Event: 72.375 Thread 0x00007f6360186000 2358       1       java.net.InetAddress::holder (5 bytes)
Event: 72.409 Thread 0x00007f6360184800 2361       4       java.io.ObjectInputStream$BlockDataInputStream::readUTFBody (156 bytes)
Event: 72.641 Thread 0x00007f6360181800 2360       4       java.io.ObjectInputStream$BlockDataInputStream::readUnsignedShort (76 bytes)

GC Heap History (10 events):
Event: 3.089 GC heap before
{Heap before GC invocations=4 (full 0):
 PSYoungGen      total 18432K, used 16331K [0x00000000eb900000, 0x00000000edd00000, 0x0000000100000000)
  eden space 15872K, 86% used [0x00000000eb900000,0x00000000ec67aec0,0x00000000ec880000)
  from space 2560K, 98% used [0x00000000ec880000,0x00000000ecaf8010,0x00000000ecb00000)
  to   space 2560K, 0% used [0x00000000eda80000,0x00000000eda80000,0x00000000edd00000)
 ParOldGen       total 42496K, used 7606K [0x00000000c2a00000, 0x00000000c5380000, 0x00000000eb900000)
  object space 42496K, 17% used [0x00000000c2a00000,0x00000000c316d810,0x00000000c5380000)
 Metaspace       used 10159K, capacity 10316K, committed 10624K, reserved 1058816K
  class space    used 1225K, capacity 1287K, committed 1408K, reserved 1048576K
Event: 3.103 GC heap after
Heap after GC invocations=4 (full 0):
 PSYoungGen      total 34304K, used 2528K [0x00000000eb900000, 0x00000000edd00000, 0x0000000100000000)
  eden space 31744K, 0% used [0x00000000eb900000,0x00000000eb900000,0x00000000ed800000)
  from space 2560K, 98% used [0x00000000eda80000,0x00000000edcf8010,0x00000000edd00000)
  to   space 2560K, 0% used [0x00000000ed800000,0x00000000ed800000,0x00000000eda80000)
 ParOldGen       total 42496K, used 9994K [0x00000000c2a00000, 0x00000000c5380000, 0x00000000eb900000)
  object space 42496K, 23% used [0x00000000c2a00000,0x00000000c33c2bc8,0x00000000c5380000)
 Metaspace       used 10159K, capacity 10316K, committed 10624K, reserved 1058816K
  class space    used 1225K, capacity 1287K, committed 1408K, reserved 1048576K
}
Event: 3.103 GC heap before
{Heap before GC invocations=5 (full 1):
 PSYoungGen      total 34304K, used 2528K [0x00000000eb900000, 0x00000000edd00000, 0x0000000100000000)
  eden space 31744K, 0% used [0x00000000eb900000,0x00000000eb900000,0x00000000ed800000)
  from space 2560K, 98% used [0x00000000eda80000,0x00000000edcf8010,0x00000000edd00000)
  to   space 2560K, 0% used [0x00000000ed800000,0x00000000ed800000,0x00000000eda80000)
 ParOldGen       total 42496K, used 9994K [0x00000000c2a00000, 0x00000000c5380000, 0x00000000eb900000)
  object space 42496K, 23% used [0x00000000c2a00000,0x00000000c33c2bc8,0x00000000c5380000)
 Metaspace       used 10159K, capacity 10316K, committed 10624K, reserved 1058816K
  class space    used 1225K, capacity 1287K, committed 1408K, reserved 1048576K
Event: 3.340 GC heap after
Heap after GC invocations=5 (full 1):
 PSYoungGen      total 34304K, used 0K [0x00000000eb900000, 0x00000000edd00000, 0x0000000100000000)
  eden space 31744K, 0% used [0x00000000eb900000,0x00000000eb900000,0x00000000ed800000)
  from space 2560K, 0% used [0x00000000eda80000,0x00000000eda80000,0x00000000edd00000)
  to   space 2560K, 0% used [0x00000000ed800000,0x00000000ed800000,0x00000000eda80000)
 ParOldGen       total 42496K, used 10839K [0x00000000c2a00000, 0x00000000c5380000, 0x00000000eb900000)
  object space 42496K, 25% used [0x00000000c2a00000,0x00000000c3495c08,0x00000000c5380000)
 Metaspace       used 10151K, capacity 10306K, committed 10624K, reserved 1058816K
  class space    used 1223K, capacity 1285K, committed 1408K, reserved 1048576K
}
Event: 49.768 GC heap before
{Heap before GC invocations=6 (full 1):
 PSYoungGen      total 34304K, used 31744K [0x00000000eb900000, 0x00000000edd00000, 0x0000000100000000)
  eden space 31744K, 100% used [0x00000000eb900000,0x00000000ed800000,0x00000000ed800000)
  from space 2560K, 0% used [0x00000000eda80000,0x00000000eda80000,0x00000000edd00000)
  to   space 2560K, 0% used [0x00000000ed800000,0x00000000ed800000,0x00000000eda80000)
 ParOldGen       total 42496K, used 10839K [0x00000000c2a00000, 0x00000000c5380000, 0x00000000eb900000)
  object space 42496K, 25% used [0x00000000c2a00000,0x00000000c3495c08,0x00000000c5380000)
 Metaspace       used 13693K, capacity 14058K, committed 14336K, reserved 1062912K
  class space    used 1589K, capacity 1704K, committed 1792K, reserved 1048576K
Event: 50.250 GC heap after
Heap after GC invocations=6 (full 1):
 PSYoungGen      total 34304K, used 2536K [0x00000000eb900000, 0x00000000efc00000, 0x0000000100000000)
  eden space 31744K, 0% used [0x00000000eb900000,0x00000000eb900000,0x00000000ed800000)
  from space 2560K, 99% used [0x00000000ed800000,0x00000000eda7a030,0x00000000eda80000)
  to   space 2560K, 0% used [0x00000000ef980000,0x00000000ef980000,0x00000000efc00000)
 ParOldGen       total 42496K, used 12801K [0x00000000c2a00000, 0x00000000c5380000, 0x00000000eb900000)
  object space 42496K, 30% used [0x00000000c2a00000,0x00000000c3680678,0x00000000c5380000)
 Metaspace       used 13693K, capacity 14058K, committed 14336K, reserved 1062912K
  class space    used 1589K, capacity 1704K, committed 1792K, reserved 1048576K
}
Event: 52.480 GC heap before
{Heap before GC invocations=7 (full 1):
 PSYoungGen      total 34304K, used 34280K [0x00000000eb900000, 0x00000000efc00000, 0x0000000100000000)
  eden space 31744K, 100% used [0x00000000eb900000,0x00000000ed800000,0x00000000ed800000)
  from space 2560K, 99% used [0x00000000ed800000,0x00000000eda7a030,0x00000000eda80000)
  to   space 2560K, 0% used [0x00000000ef980000,0x00000000ef980000,0x00000000efc00000)
 ParOldGen       total 42496K, used 12801K [0x00000000c2a00000, 0x00000000c5380000, 0x00000000eb900000)
  object space 42496K, 30% used [0x00000000c2a00000,0x00000000c3680678,0x00000000c5380000)
 Metaspace       used 13822K, capacity 14256K, committed 14592K, reserved 1062912K
  class space    used 1589K, capacity 1705K, committed 1792K, reserved 1048576K
Event: 52.602 GC heap after
Heap after GC invocations=7 (full 1):
 PSYoungGen      total 61952K, used 2560K [0x00000000eb900000, 0x00000000f0400000, 0x0000000100000000)
  eden space 59392K, 0% used [0x00000000eb900000,0x00000000eb900000,0x00000000ef300000)
  from space 2560K, 100% used [0x00000000ef980000,0x00000000efc00000,0x00000000efc00000)
  to   space 6656K, 0% used [0x00000000ef300000,0x00000000ef300000,0x00000000ef980000)
 ParOldGen       total 42496K, used 14096K [0x00000000c2a00000, 0x00000000c5380000, 0x00000000eb900000)
  object space 42496K, 33% used [0x00000000c2a00000,0x00000000c37c4378,0x00000000c5380000)
 Metaspace       used 13822K, capacity 14256K, committed 14592K, reserved 1062912K
  class space    used 1589K, capacity 1705K, committed 1792K, reserved 1048576K
}
Event: 56.170 GC heap before
{Heap before GC invocations=8 (full 1):
 PSYoungGen      total 61952K, used 61952K [0x00000000eb900000, 0x00000000f0400000, 0x0000000100000000)
  eden space 59392K, 100% used [0x00000000eb900000,0x00000000ef300000,0x00000000ef300000)
  from space 2560K, 100% used [0x00000000ef980000,0x00000000efc00000,0x00000000efc00000)
  to   space 6656K, 0% used [0x00000000ef300000,0x00000000ef300000,0x00000000ef980000)
 ParOldGen       total 42496K, used 14096K [0x00000000c2a00000, 0x00000000c5380000, 0x00000000eb900000)
  object space 42496K, 33% used [0x00000000c2a00000,0x00000000c37c4378,0x00000000c5380000)
 Metaspace       used 14469K, capacity 14906K, committed 15104K, reserved 1062912K
  class space    used 1623K, capacity 1749K, committed 1792K, reserved 1048576K
Event: 58.054 GC heap after
Heap after GC invocations=8 (full 1):
 PSYoungGen      total 66048K, used 6640K [0x00000000eb900000, 0x00000000f3b00000, 0x0000000100000000)
  eden space 59392K, 0% used [0x00000000eb900000,0x00000000eb900000,0x00000000ef300000)
  from space 6656K, 99% used [0x00000000ef300000,0x00000000ef97c060,0x00000000ef980000)
  to   space 7168K, 0% used [0x00000000f3400000,0x00000000f3400000,0x00000000f3b00000)
 ParOldGen       total 42496K, used 14249K [0x00000000c2a00000, 0x00000000c5380000, 0x00000000eb900000)
  object space 42496K, 33% used [0x00000000c2a00000,0x00000000c37ea758,0x00000000c5380000)
 Metaspace       used 14469K, capacity 14906K, committed 15104K, reserved 1062912K
  class space    used 1623K, capacity 1749K, committed 1792K, reserved 1048576K
}

Deoptimization events (10 events):
Event: 58.324 Thread 0x00007f6304001000 Uncommon trap: reason=unstable_if action=reinterpret pc=0x00007f63514ff60c method=java.io.ObjectInputStream.readOrdinaryObject(Z)Ljava/lang/Object; @ 220
Event: 58.417 Thread 0x00007f6304001000 Uncommon trap: reason=unstable_if action=reinterpret pc=0x00007f63515db1a8 method=org.evosuite.shaded.org.objectweb.asm.Frame.merge(Lorg/evosuite/shaded/org/objectweb/asm/ClassWriter;I[II)Z @ 81
Event: 58.440 Thread 0x00007f6304001000 Uncommon trap: reason=unstable_if action=reinterpret pc=0x00007f6351702ad0 method=org.evosuite.shaded.org.objectweb.asm.Frame.execute(IILorg/evosuite/shaded/org/objectweb/asm/ClassWriter;Lorg/evosuite/shaded/org/objectweb/asm/Item;)V @ 1284
Event: 58.818 Thread 0x00007f6304001000 Uncommon trap: reason=unstable_if action=reinterpret pc=0x00007f635153c220 method=org.evosuite.graphs.cfg.BytecodeInstruction.getLineNumber()I @ 12
Event: 58.849 Thread 0x00007f6304001000 Uncommon trap: reason=bimorphic action=maybe_recompile pc=0x00007f6351652958 method=java.util.Collections$UnmodifiableCollection$1.<init>(Ljava/util/Collections$UnmodifiableCollection;)V @ 17
Event: 58.850 Thread 0x00007f6304001000 Uncommon trap: reason=bimorphic action=maybe_recompile pc=0x00007f6351652958 method=java.util.Collections$UnmodifiableCollection$1.<init>(Ljava/util/Collections$UnmodifiableCollection;)V @ 17
Event: 58.850 Thread 0x00007f6304001000 Uncommon trap: reason=bimorphic action=maybe_recompile pc=0x00007f6351652958 method=java.util.Collections$UnmodifiableCollection$1.<init>(Ljava/util/Collections$UnmodifiableCollection;)V @ 17
Event: 58.851 Thread 0x00007f6304001000 Uncommon trap: reason=bimorphic action=maybe_recompile pc=0x00007f6351652958 method=java.util.Collections$UnmodifiableCollection$1.<init>(Ljava/util/Collections$UnmodifiableCollection;)V @ 17
Event: 60.944 Thread 0x00007f6304001000 Uncommon trap: reason=unstable_if action=reinterpret pc=0x00007f6351725538 method=org.evosuite.shaded.org.objectweb.asm.Item.isEqualTo(Lorg/evosuite/shaded/org/objectweb/asm/Item;)Z @ 217
Event: 72.412 Thread 0x00007f6304001000 Uncommon trap: reason=unstable_if action=reinterpret pc=0x00007f63517c2124 method=java.io.ObjectInputStream.defaultReadFields(Ljava/lang/Object;Ljava/io/ObjectStreamClass;)V @ 49

Classes redefined (0 events):
No events

Internal exceptions (10 events):
Event: 49.560 Thread 0x00007f6300001000 Implicit null exception at 0x00007f63513f1716 to 0x00007f63513f2779
Event: 49.767 Thread 0x00007f6304001000 Implicit null exception at 0x00007f63511e2536 to 0x00007f63511e28e1
Event: 52.357 Thread 0x00007f63602ee800 Exception <a 'java/net/ConnectException'> (0x00000000ed0c1480) thrown at [/HUDSON/workspace/8-2-build-linux-amd64/jdk8u201/12317/hotspot/src/share/vm/prims/jni.cpp, line 709]
Event: 52.357 Thread 0x00007f63602ed000 Exception <a 'java/net/ConnectException'> (0x00000000ed0f4ea0) thrown at [/HUDSON/workspace/8-2-build-linux-amd64/jdk8u201/12317/hotspot/src/share/vm/prims/jni.cpp, line 709]
Event: 52.357 Thread 0x00007f63602f2800 Exception <a 'java/net/ConnectException'> (0x00000000ed1288b8) thrown at [/HUDSON/workspace/8-2-build-linux-amd64/jdk8u201/12317/hotspot/src/share/vm/prims/jni.cpp, line 709]
Event: 62.358 Thread 0x00007f63602ee800 Exception <a 'java/net/ConnectException'> (0x00000000edada3a8) thrown at [/HUDSON/workspace/8-2-build-linux-amd64/jdk8u201/12317/hotspot/src/share/vm/prims/jni.cpp, line 709]
Event: 62.359 Thread 0x00007f63602f2800 Exception <a 'java/net/ConnectException'> (0x00000000edb19140) thrown at [/HUDSON/workspace/8-2-build-linux-amd64/jdk8u201/12317/hotspot/src/share/vm/prims/jni.cpp, line 709]
Event: 62.360 Thread 0x00007f63602ed000 Exception <a 'java/net/ConnectException'> (0x00000000edb57d90) thrown at [/HUDSON/workspace/8-2-build-linux-amd64/jdk8u201/12317/hotspot/src/share/vm/prims/jni.cpp, line 709]
Event: 72.408 Thread 0x00007f63602f2800 Exception <a 'java/net/ConnectException'> (0x00000000edb19c68) thrown at [/HUDSON/workspace/8-2-build-linux-amd64/jdk8u201/12317/hotspot/src/share/vm/prims/jni.cpp, line 709]
Event: 72.409 Thread 0x00007f63602ee800 Exception <a 'java/net/ConnectException'> (0x00000000edadaed0) thrown at [/HUDSON/workspace/8-2-build-linux-amd64/jdk8u201/12317/hotspot/src/share/vm/prims/jni.cpp, line 709]

Events (10 events):
Event: 66.094 Executing VM operation: RevokeBias done
Event: 66.094 Executing VM operation: RevokeBias
Event: 66.095 Executing VM operation: RevokeBias done
Event: 66.104 Thread 0x00007f6360186000 flushing nmethod 0x00007f63512d6550
Event: 66.105 Thread 0x00007f6360186000 flushing nmethod 0x00007f635132a750
Event: 67.489 loading class java/lang/Class$EnclosingMethodInfo
Event: 67.499 loading class java/lang/Class$EnclosingMethodInfo done
Event: 72.412 Thread 0x00007f6304001000 Uncommon trap: trap_request=0xffffff65 fr.pc=0x00007f63517c2124
Event: 72.412 Thread 0x00007f6304001000 DEOPT PACKING pc=0x00007f63517c2124 sp=0x00007f62dfbf8d10
Event: 72.412 Thread 0x00007f6304001000 DEOPT UNPACKING pc=0x00007f635104573a sp=0x00007f62dfbf8c78 mode 2


Dynamic libraries:
00400000-00401000 r-xp 00000000 08:01 654793                             /usr/lib/jdk/jdk1.8.0_201/bin/java
00600000-00601000 r--p 00000000 08:01 654793                             /usr/lib/jdk/jdk1.8.0_201/bin/java
00601000-00602000 rw-p 00001000 08:01 654793                             /usr/lib/jdk/jdk1.8.0_201/bin/java
01f40000-023eb000 rw-p 00000000 00:00 0                                  [heap]
c2a00000-c5380000 rw-p 00000000 00:00 0 
c5380000-eb900000 ---p 00000000 00:00 0 
eb900000-f3b00000 rw-p 00000000 00:00 0 
f3b00000-100000000 ---p 00000000 00:00 0 
100000000-100200000 rw-p 00000000 00:00 0 
100200000-140000000 ---p 00000000 00:00 0 
7f62c8000000-7f62c8021000 rw-p 00000000 00:00 0 
7f62c8021000-7f62cc000000 ---p 00000000 00:00 0 
7f62d0000000-7f62d009a000 rw-p 00000000 00:00 0 
7f62d009a000-7f62d4000000 ---p 00000000 00:00 0 
7f62d4000000-7f62d4021000 rw-p 00000000 00:00 0 
7f62d4021000-7f62d8000000 ---p 00000000 00:00 0 
7f62d8000000-7f62d8021000 rw-p 00000000 00:00 0 
7f62d8021000-7f62dc000000 ---p 00000000 00:00 0 
7f62df4fb000-7f62df53b000 rw-p 00000000 00:00 0 
7f62df57b000-7f62df6fb000 ---p 00000000 00:00 0 
7f62df6fb000-7f62df8fb000 rw-p 00000000 00:00 0 
7f62df8fb000-7f62dfafb000 rw-p 00000000 00:00 0 
7f62dfafb000-7f62dfafe000 ---p 00000000 00:00 0 
7f62dfafe000-7f62dfbfc000 rw-p 00000000 00:00 0 
7f62dfbfc000-7f62dfbff000 ---p 00000000 00:00 0 
7f62dfbff000-7f62dfcfd000 rw-p 00000000 00:00 0 
7f62dfcfd000-7f62dfd00000 ---p 00000000 00:00 0 
7f62dfd00000-7f62dfdfe000 rw-p 00000000 00:00 0 
7f62dfdfe000-7f62dfe01000 ---p 00000000 00:00 0 
7f62dfe01000-7f62dfeff000 rw-p 00000000 00:00 0 
7f62dfeff000-7f62dff02000 ---p 00000000 00:00 0 
7f62dff02000-7f62e0000000 rw-p 00000000 00:00 0 
7f62e0000000-7f62e0021000 rw-p 00000000 00:00 0 
7f62e0021000-7f62e4000000 ---p 00000000 00:00 0 
7f62e4000000-7f62e4021000 rw-p 00000000 00:00 0 
7f62e4021000-7f62e8000000 ---p 00000000 00:00 0 
7f62e8000000-7f62e8021000 rw-p 00000000 00:00 0 
7f62e8021000-7f62ec000000 ---p 00000000 00:00 0 
7f62ec000000-7f62ec021000 rw-p 00000000 00:00 0 
7f62ec021000-7f62f0000000 ---p 00000000 00:00 0 
7f62f0000000-7f62f0021000 rw-p 00000000 00:00 0 
7f62f0021000-7f62f4000000 ---p 00000000 00:00 0 
7f62f4000000-7f62f4021000 rw-p 00000000 00:00 0 
7f62f4021000-7f62f8000000 ---p 00000000 00:00 0 
7f62f8000000-7f62f8021000 rw-p 00000000 00:00 0 
7f62f8021000-7f62fc000000 ---p 00000000 00:00 0 
7f62fc000000-7f62fc021000 rw-p 00000000 00:00 0 
7f62fc021000-7f6300000000 ---p 00000000 00:00 0 
7f6300000000-7f6300021000 rw-p 00000000 00:00 0 
7f6300021000-7f6304000000 ---p 00000000 00:00 0 
7f6304000000-7f6304021000 rw-p 00000000 00:00 0 
7f6304021000-7f6308000000 ---p 00000000 00:00 0 
7f6308000000-7f6308021000 rw-p 00000000 00:00 0 
7f6308021000-7f630c000000 ---p 00000000 00:00 0 
7f630c000000-7f630c021000 rw-p 00000000 00:00 0 
7f630c021000-7f6310000000 ---p 00000000 00:00 0 
7f6310000000-7f6310021000 rw-p 00000000 00:00 0 
7f6310021000-7f6314000000 ---p 00000000 00:00 0 
7f631405b000-7f631405e000 ---p 00000000 00:00 0 
7f631405e000-7f631415c000 rw-p 00000000 00:00 0 
7f631415c000-7f631415f000 ---p 00000000 00:00 0 
7f631415f000-7f631425d000 rw-p 00000000 00:00 0 
7f631425d000-7f6314260000 ---p 00000000 00:00 0 
7f6314260000-7f631435e000 rw-p 00000000 00:00 0 
7f631435e000-7f6314361000 ---p 00000000 00:00 0 
7f6314361000-7f631445f000 rw-p 00000000 00:00 0 
7f631445f000-7f6314462000 ---p 00000000 00:00 0 
7f6314462000-7f6314560000 rw-p 00000000 00:00 0 
7f6314560000-7f6314563000 ---p 00000000 00:00 0 
7f6314563000-7f6314661000 rw-p 00000000 00:00 0 
7f6314661000-7f6314664000 ---p 00000000 00:00 0 
7f6314664000-7f6314762000 rw-p 00000000 00:00 0 
7f6314762000-7f6314765000 ---p 00000000 00:00 0 
7f6314765000-7f6314863000 rw-p 00000000 00:00 0 
7f6314863000-7f6314866000 ---p 00000000 00:00 0 
7f6314866000-7f6314b64000 rw-p 00000000 00:00 0 
7f6314b64000-7f6314efe000 r--s 03513000 08:01 446080                     /home/hewitt/work/DiffTGen-master/output/patch1-Time-19-SOFix/Time_19_1_sofix/target/build/classes/all0.jar
7f6314efe000-7f6314f01000 ---p 00000000 00:00 0 
7f6314f01000-7f6318000000 rw-p 00000000 00:00 0 
7f6318000000-7f6318021000 rw-p 00000000 00:00 0 
7f6318021000-7f631c000000 ---p 00000000 00:00 0 
7f631c000000-7f631c021000 rw-p 00000000 00:00 0 
7f631c021000-7f6320000000 ---p 00000000 00:00 0 
7f6320000000-7f63217d0000 rw-p 00000000 00:00 0 
7f63217d0000-7f6324000000 ---p 00000000 00:00 0 
7f6324000000-7f632507c000 rw-p 00000000 00:00 0 
7f632507c000-7f6328000000 ---p 00000000 00:00 0 
7f6328000000-7f6328021000 rw-p 00000000 00:00 0 
7f6328021000-7f632c000000 ---p 00000000 00:00 0 
7f632c000000-7f632d9b7000 rw-p 00000000 00:00 0 
7f632d9b7000-7f6330000000 ---p 00000000 00:00 0 
7f6330000000-7f6330021000 rw-p 00000000 00:00 0 
7f6330021000-7f6334000000 ---p 00000000 00:00 0 
7f6334000000-7f6334021000 rw-p 00000000 00:00 0 
7f6334021000-7f6338000000 ---p 00000000 00:00 0 
7f6338000000-7f633809a000 rw-p 00000000 00:00 0 
7f633809a000-7f633c000000 ---p 00000000 00:00 0 
7f633c000000-7f633c021000 rw-p 00000000 00:00 0 
7f633c021000-7f6340000000 ---p 00000000 00:00 0 
7f6340035000-7f6340038000 ---p 00000000 00:00 0 
7f6340038000-7f6340136000 rw-p 00000000 00:00 0 
7f6340136000-7f6340139000 ---p 00000000 00:00 0 
7f6340139000-7f6340237000 rw-p 00000000 00:00 0 
7f6340237000-7f634024d000 r-xp 00000000 08:01 656512                     /usr/lib/jdk/jdk1.8.0_201/jre/lib/amd64/libnet.so
7f634024d000-7f634044d000 ---p 00016000 08:01 656512                     /usr/lib/jdk/jdk1.8.0_201/jre/lib/amd64/libnet.so
7f634044d000-7f634044e000 r--p 00016000 08:01 656512                     /usr/lib/jdk/jdk1.8.0_201/jre/lib/amd64/libnet.so
7f634044e000-7f634044f000 rw-p 00017000 08:01 656512                     /usr/lib/jdk/jdk1.8.0_201/jre/lib/amd64/libnet.so
7f634044f000-7f6340680000 r--s 01bb1000 08:01 403225                     /home/hewitt/work/DiffTGen-master/lib/evosuite-1.0.6.jar
7f6340680000-7f6340681000 ---p 00000000 00:00 0 
7f6340681000-7f6340781000 rw-p 00000000 00:00 0 
7f6340781000-7f6340784000 ---p 00000000 00:00 0 
7f6340784000-7f6340882000 rw-p 00000000 00:00 0 
7f6340882000-7f6340885000 ---p 00000000 00:00 0 
7f6340885000-7f6340983000 rw-p 00000000 00:00 0 
7f6340983000-7f6340986000 ---p 00000000 00:00 0 
7f6340986000-7f6340a84000 rw-p 00000000 00:00 0 
7f6340a84000-7f6340a87000 ---p 00000000 00:00 0 
7f6340a87000-7f6340b85000 rw-p 00000000 00:00 0 
7f6340b85000-7f6340b88000 ---p 00000000 00:00 0 
7f6340b88000-7f6340c86000 rw-p 00000000 00:00 0 
7f6340c86000-7f6341645000 r--p 00000000 08:01 270368                     /usr/lib/locale/locale-archive
7f6341645000-7f6341648000 ---p 00000000 00:00 0 
7f6341648000-7f6341746000 rw-p 00000000 00:00 0 
7f6341746000-7f6341749000 ---p 00000000 00:00 0 
7f6341749000-7f6341847000 rw-p 00000000 00:00 0 
7f6341847000-7f6341848000 ---p 00000000 00:00 0 
7f6341848000-7f6344000000 rw-p 00000000 00:00 0 
7f6344000000-7f634402b000 rw-p 00000000 00:00 0 
7f634402b000-7f6348000000 ---p 00000000 00:00 0 
7f6348000000-7f6348034000 rw-p 00000000 00:00 0 
7f6348034000-7f634c000000 ---p 00000000 00:00 0 
7f634c000000-7f634c021000 rw-p 00000000 00:00 0 
7f634c021000-7f6350000000 ---p 00000000 00:00 0 
7f6350080000-7f63500f9000 r--s 010fd000 08:01 654900                     /usr/lib/jdk/jdk1.8.0_201/lib/tools.jar
7f63500f9000-7f6351000000 rw-p 00000000 00:00 0 
7f6351000000-7f6351880000 rwxp 00000000 00:00 0 
7f6351880000-7f6360000000 ---p 00000000 00:00 0 
7f6360000000-7f63604ce000 rw-p 00000000 00:00 0 
7f63604ce000-7f6364000000 ---p 00000000 00:00 0 
7f6364008000-7f636401b000 r--s 00345000 08:01 656331                     /usr/lib/jdk/jdk1.8.0_201/jre/lib/resources.jar
7f636401b000-7f6364025000 r--s 00116000 08:01 656361                     /usr/lib/jdk/jdk1.8.0_201/jre/lib/ext/localedata.jar
7f6364025000-7f6364028000 ---p 00000000 00:00 0 
7f6364028000-7f636405e000 rw-p 00000000 00:00 0 
7f636405e000-7f6364238000 r--s 03d6f000 08:01 656293                     /usr/lib/jdk/jdk1.8.0_201/jre/lib/rt.jar
7f6364238000-7f6364499000 rw-p 00000000 00:00 0 
7f6364499000-7f636449a000 ---p 00000000 00:00 0 
7f636449a000-7f636459a000 rw-p 00000000 00:00 0 
7f636459a000-7f636459b000 ---p 00000000 00:00 0 
7f636459b000-7f636469b000 rw-p 00000000 00:00 0 
7f636469b000-7f636469c000 ---p 00000000 00:00 0 
7f636469c000-7f636479c000 rw-p 00000000 00:00 0 
7f636479c000-7f636479d000 ---p 00000000 00:00 0 
7f636479d000-7f63648b2000 rw-p 00000000 00:00 0 
7f63648b2000-7f63649e5000 ---p 00000000 00:00 0 
7f63649e5000-7f63649fa000 rw-p 00000000 00:00 0 
7f63649fa000-7f6364b2c000 ---p 00000000 00:00 0 
7f6364b2c000-7f6364b6e000 rw-p 00000000 00:00 0 
7f6364b6e000-7f6364bd0000 ---p 00000000 00:00 0 
7f6364bd0000-7f6364bf3000 rw-p 00000000 00:00 0 
7f6364bf3000-7f6364f91000 ---p 00000000 00:00 0 
7f6364f91000-7f6364fac000 r-xp 00000000 08:01 656508                     /usr/lib/jdk/jdk1.8.0_201/jre/lib/amd64/libzip.so
7f6364fac000-7f63651ab000 ---p 0001b000 08:01 656508                     /usr/lib/jdk/jdk1.8.0_201/jre/lib/amd64/libzip.so
7f63651ab000-7f63651ac000 r--p 0001a000 08:01 656508                     /usr/lib/jdk/jdk1.8.0_201/jre/lib/amd64/libzip.so
7f63651ac000-7f63651ad000 rw-p 0001b000 08:01 656508                     /usr/lib/jdk/jdk1.8.0_201/jre/lib/amd64/libzip.so
7f63651ad000-7f63651b8000 r-xp 00000000 08:01 658902                     /lib/x86_64-linux-gnu/libnss_files-2.23.so
7f63651b8000-7f63653b7000 ---p 0000b000 08:01 658902                     /lib/x86_64-linux-gnu/libnss_files-2.23.so
7f63653b7000-7f63653b8000 r--p 0000a000 08:01 658902                     /lib/x86_64-linux-gnu/libnss_files-2.23.so
7f63653b8000-7f63653b9000 rw-p 0000b000 08:01 658902                     /lib/x86_64-linux-gnu/libnss_files-2.23.so
7f63653b9000-7f63653bf000 rw-p 00000000 00:00 0 
7f63653bf000-7f63653ca000 r-xp 00000000 08:01 658912                     /lib/x86_64-linux-gnu/libnss_nis-2.23.so
7f63653ca000-7f63655c9000 ---p 0000b000 08:01 658912                     /lib/x86_64-linux-gnu/libnss_nis-2.23.so
7f63655c9000-7f63655ca000 r--p 0000a000 08:01 658912                     /lib/x86_64-linux-gnu/libnss_nis-2.23.so
7f63655ca000-7f63655cb000 rw-p 0000b000 08:01 658912                     /lib/x86_64-linux-gnu/libnss_nis-2.23.so
7f63655cb000-7f63655e1000 r-xp 00000000 08:01 658896                     /lib/x86_64-linux-gnu/libnsl-2.23.so
7f63655e1000-7f63657e0000 ---p 00016000 08:01 658896                     /lib/x86_64-linux-gnu/libnsl-2.23.so
7f63657e0000-7f63657e1000 r--p 00015000 08:01 658896                     /lib/x86_64-linux-gnu/libnsl-2.23.so
7f63657e1000-7f63657e2000 rw-p 00016000 08:01 658896                     /lib/x86_64-linux-gnu/libnsl-2.23.so
7f63657e2000-7f63657e4000 rw-p 00000000 00:00 0 
7f63657e4000-7f63657ec000 r-xp 00000000 08:01 658898                     /lib/x86_64-linux-gnu/libnss_compat-2.23.so
7f63657ec000-7f63659eb000 ---p 00008000 08:01 658898                     /lib/x86_64-linux-gnu/libnss_compat-2.23.so
7f63659eb000-7f63659ec000 r--p 00007000 08:01 658898                     /lib/x86_64-linux-gnu/libnss_compat-2.23.so
7f63659ec000-7f63659ed000 rw-p 00008000 08:01 658898                     /lib/x86_64-linux-gnu/libnss_compat-2.23.so
7f63659ed000-7f6365a19000 r-xp 00000000 08:01 656502                     /usr/lib/jdk/jdk1.8.0_201/jre/lib/amd64/libjava.so
7f6365a19000-7f6365c19000 ---p 0002c000 08:01 656502                     /usr/lib/jdk/jdk1.8.0_201/jre/lib/amd64/libjava.so
7f6365c19000-7f6365c1a000 r--p 0002c000 08:01 656502                     /usr/lib/jdk/jdk1.8.0_201/jre/lib/amd64/libjava.so
7f6365c1a000-7f6365c1c000 rw-p 0002d000 08:01 656502                     /usr/lib/jdk/jdk1.8.0_201/jre/lib/amd64/libjava.so
7f6365c1c000-7f6365c29000 r-xp 00000000 08:01 656507                     /usr/lib/jdk/jdk1.8.0_201/jre/lib/amd64/libverify.so
7f6365c29000-7f6365e28000 ---p 0000d000 08:01 656507                     /usr/lib/jdk/jdk1.8.0_201/jre/lib/amd64/libverify.so
7f6365e28000-7f6365e2a000 r--p 0000c000 08:01 656507                     /usr/lib/jdk/jdk1.8.0_201/jre/lib/amd64/libverify.so
7f6365e2a000-7f6365e2b000 rw-p 0000e000 08:01 656507                     /usr/lib/jdk/jdk1.8.0_201/jre/lib/amd64/libverify.so
7f6365e2b000-7f6365e32000 r-xp 00000000 08:01 658957                     /lib/x86_64-linux-gnu/librt-2.23.so
7f6365e32000-7f6366031000 ---p 00007000 08:01 658957                     /lib/x86_64-linux-gnu/librt-2.23.so
7f6366031000-7f6366032000 r--p 00006000 08:01 658957                     /lib/x86_64-linux-gnu/librt-2.23.so
7f6366032000-7f6366033000 rw-p 00007000 08:01 658957                     /lib/x86_64-linux-gnu/librt-2.23.so
7f6366033000-7f636613b000 r-xp 00000000 08:01 658873                     /lib/x86_64-linux-gnu/libm-2.23.so
7f636613b000-7f636633a000 ---p 00108000 08:01 658873                     /lib/x86_64-linux-gnu/libm-2.23.so
7f636633a000-7f636633b000 r--p 00107000 08:01 658873                     /lib/x86_64-linux-gnu/libm-2.23.so
7f636633b000-7f636633c000 rw-p 00108000 08:01 658873                     /lib/x86_64-linux-gnu/libm-2.23.so
7f636633c000-7f6367024000 r-xp 00000000 08:01 656484                     /usr/lib/jdk/jdk1.8.0_201/jre/lib/amd64/server/libjvm.so
7f6367024000-7f6367223000 ---p 00ce8000 08:01 656484                     /usr/lib/jdk/jdk1.8.0_201/jre/lib/amd64/server/libjvm.so
7f6367223000-7f63672b9000 r--p 00ce7000 08:01 656484                     /usr/lib/jdk/jdk1.8.0_201/jre/lib/amd64/server/libjvm.so
7f63672b9000-7f63672ea000 rw-p 00d7d000 08:01 656484                     /usr/lib/jdk/jdk1.8.0_201/jre/lib/amd64/server/libjvm.so
7f63672ea000-7f6367325000 rw-p 00000000 00:00 0 
7f6367325000-7f63674e5000 r-xp 00000000 08:01 658803                     /lib/x86_64-linux-gnu/libc-2.23.so
7f63674e5000-7f63676e5000 ---p 001c0000 08:01 658803                     /lib/x86_64-linux-gnu/libc-2.23.so
7f63676e5000-7f63676e9000 r--p 001c0000 08:01 658803                     /lib/x86_64-linux-gnu/libc-2.23.so
7f63676e9000-7f63676eb000 rw-p 001c4000 08:01 658803                     /lib/x86_64-linux-gnu/libc-2.23.so
7f63676eb000-7f63676ef000 rw-p 00000000 00:00 0 
7f63676ef000-7f63676f2000 r-xp 00000000 08:01 658827                     /lib/x86_64-linux-gnu/libdl-2.23.so
7f63676f2000-7f63678f1000 ---p 00003000 08:01 658827                     /lib/x86_64-linux-gnu/libdl-2.23.so
7f63678f1000-7f63678f2000 r--p 00002000 08:01 658827                     /lib/x86_64-linux-gnu/libdl-2.23.so
7f63678f2000-7f63678f3000 rw-p 00003000 08:01 658827                     /lib/x86_64-linux-gnu/libdl-2.23.so
7f63678f3000-7f636790a000 r-xp 00000000 08:01 656155                     /usr/lib/jdk/jdk1.8.0_201/lib/amd64/jli/libjli.so
7f636790a000-7f6367b09000 ---p 00017000 08:01 656155                     /usr/lib/jdk/jdk1.8.0_201/lib/amd64/jli/libjli.so
7f6367b09000-7f6367b0a000 r--p 00016000 08:01 656155                     /usr/lib/jdk/jdk1.8.0_201/lib/amd64/jli/libjli.so
7f6367b0a000-7f6367b0b000 rw-p 00017000 08:01 656155                     /usr/lib/jdk/jdk1.8.0_201/lib/amd64/jli/libjli.so
7f6367b0b000-7f6367b23000 r-xp 00000000 08:01 658949                     /lib/x86_64-linux-gnu/libpthread-2.23.so
7f6367b23000-7f6367d22000 ---p 00018000 08:01 658949                     /lib/x86_64-linux-gnu/libpthread-2.23.so
7f6367d22000-7f6367d23000 r--p 00017000 08:01 658949                     /lib/x86_64-linux-gnu/libpthread-2.23.so
7f6367d23000-7f6367d24000 rw-p 00018000 08:01 658949                     /lib/x86_64-linux-gnu/libpthread-2.23.so
7f6367d24000-7f6367d28000 rw-p 00000000 00:00 0 
7f6367d28000-7f6367d4e000 r-xp 00000000 08:01 658775                     /lib/x86_64-linux-gnu/ld-2.23.so
7f6367d56000-7f6367d72000 r--s 00393000 08:01 656354                     /usr/lib/jdk/jdk1.8.0_201/jre/lib/ext/cldrdata.jar
7f6367d72000-7f6367e30000 rw-p 00000000 00:00 0 
7f6367e30000-7f6367e33000 ---p 00000000 00:00 0 
7f6367e33000-7f6367f36000 rw-p 00000000 00:00 0 
7f6367f36000-7f6367f3a000 r--s 000a1000 08:01 656350                     /usr/lib/jdk/jdk1.8.0_201/jre/lib/jsse.jar
7f6367f3a000-7f6367f42000 r--s 0006e000 08:01 398946                     /home/hewitt/work/DiffTGen-master/lib/commons-lang3-3.5.jar
7f6367f42000-7f6367f43000 r--s 00000000 08:01 398951                     /home/hewitt/work/DiffTGen-master/lib/myprinter.jar
7f6367f43000-7f6367f4b000 rw-s 00000000 08:01 150384                     /tmp/hsperfdata_hewitt/61926
7f6367f4b000-7f6367f4c000 rw-p 00000000 00:00 0 
7f6367f4c000-7f6367f4d000 r--p 00000000 00:00 0 
7f6367f4d000-7f6367f4e000 r--p 00025000 08:01 658775                     /lib/x86_64-linux-gnu/ld-2.23.so
7f6367f4e000-7f6367f4f000 rw-p 00026000 08:01 658775                     /lib/x86_64-linux-gnu/ld-2.23.so
7f6367f4f000-7f6367f50000 rw-p 00000000 00:00 0 
7ffd89fc0000-7ffd89fe2000 rw-p 00000000 00:00 0                          [stack]
7ffd89fec000-7ffd89fef000 r--p 00000000 00:00 0                          [vvar]
7ffd89fef000-7ffd89ff1000 r-xp 00000000 00:00 0                          [vdso]
ffffffffff600000-ffffffffff601000 r-xp 00000000 00:00 0                  [vsyscall]

VM Arguments:
java_command: /home/hewitt/work/DiffTGen-master/lib/evosuite-1.0.6.jar -base_dir /home/hewitt/work/DiffTGen-master/output/patch1-Time-19-SOFix/Time_19_1_sofix/target/0/13 -projectCP /home/hewitt/work/DiffTGen-master/output/patch1-Time-19-SOFix/Time_19_1_sofix/target/build/classes/all0.jar:/home/hewitt/work/DiffTGen-master/lib/myprinter.jar:/home/hewitt/work/DiffTGen-master/lib/commons-lang3-3.5.jar -class org.joda.time.DateTimeZone -Dassertions=false -Dsearch_budget=60
java_class_path (initial): /home/hewitt/work/DiffTGen-master/lib/evosuite-1.0.6.jar
Launcher Type: SUN_STANDARD

Environment Variables:
JAVA_HOME=/usr/lib/jdk/jdk1.8.0_201
JRE_HOME=/usr/lib/jdk/jdk1.8.0_201/jre
CLASSPATH=.:/usr/lib/jdk/jdk1.8.0_201/lib:/usr/lib/jdk/jdk1.8.0_201/jre/lib
PATH=/usr/lib/jdk/jdk1.8.0_201/bin:/home/hewitt/bin:/home/hewitt/.local/bin:/usr/lib/jdk/jdk1.7.0_80/bin:/usr/local/sbin:/usr/local/bin:/usr/sbin:/usr/bin:/sbin:/bin:/usr/games:/usr/local/games:/snap/bin:/home/hewitt/work/defects4j_v1.4.0/defects4j/framework/bin:/opt/apache-ant-1.9.14/bin:/home/hewitt/work/defects4j_v1.4.0/defects4j/framework/bin
SHELL=/bin/bash
DISPLAY=:0

Signal Handlers:
SIGSEGV: [libjvm.so+0xad3e60], sa_mask[0]=11111111011111111101111111111110, sa_flags=SA_RESTART|SA_SIGINFO
SIGBUS: [libjvm.so+0xad3e60], sa_mask[0]=11111111011111111101111111111110, sa_flags=SA_RESTART|SA_SIGINFO
SIGFPE: [libjvm.so+0x90b880], sa_mask[0]=11111111011111111101111111111110, sa_flags=SA_RESTART|SA_SIGINFO
SIGPIPE: [libjvm.so+0x90b880], sa_mask[0]=11111111011111111101111111111110, sa_flags=SA_RESTART|SA_SIGINFO
SIGXFSZ: [libjvm.so+0x90b880], sa_mask[0]=11111111011111111101111111111110, sa_flags=SA_RESTART|SA_SIGINFO
SIGILL: [libjvm.so+0x90b880], sa_mask[0]=11111111011111111101111111111110, sa_flags=SA_RESTART|SA_SIGINFO
SIGUSR1: SIG_DFL, sa_mask[0]=00000000000000000000000000000000, sa_flags=none
SIGUSR2: [libjvm.so+0x90b750], sa_mask[0]=00100000000000000000000000000000, sa_flags=SA_RESTART|SA_SIGINFO
SIGHUP: [libjvm.so+0x90bd70], sa_mask[0]=11111111011111111101111111111110, sa_flags=SA_RESTART|SA_SIGINFO
SIGINT: [libjvm.so+0x90bd70], sa_mask[0]=11111111011111111101111111111110, sa_flags=SA_RESTART|SA_SIGINFO
SIGTERM: [libjvm.so+0x90bd70], sa_mask[0]=11111111011111111101111111111110, sa_flags=SA_RESTART|SA_SIGINFO
SIGQUIT: [libjvm.so+0x90bd70], sa_mask[0]=11111111011111111101111111111110, sa_flags=SA_RESTART|SA_SIGINFO


---------------  S Y S T E M  ---------------

OS:DISTRIB_ID=Ubuntu
DISTRIB_RELEASE=16.04
DISTRIB_CODENAME=xenial
DISTRIB_DESCRIPTION="Ubuntu 16.04.6 LTS"

uname:Linux 4.15.0-91-generic #92~16.04.1-Ubuntu SMP Fri Feb 28 14:57:22 UTC 2020 x86_64
libc:glibc 2.23 NPTL 2.23 
rlimit: STACK 8192k, CORE 0k, NPROC 15448, NOFILE 1048576, AS infinity
load average:18.06 9.08 3.81

/proc/meminfo:
MemTotal:        4015928 kB
MemFree:          238568 kB
MemAvailable:     142452 kB
Buffers:            1120 kB
Cached:            15052 kB
SwapCached:         1228 kB
Active:          2842412 kB
Inactive:         561232 kB
Active(anon):    2834400 kB
Inactive(anon):   555428 kB
Active(file):       8012 kB
Inactive(file):     5804 kB
Unevictable:          48 kB
Mlocked:              48 kB
SwapTotal:        998396 kB
SwapFree:           9568 kB
Dirty:                36 kB
Writeback:           836 kB
AnonPages:       3377548 kB
Mapped:            10668 kB
Shmem:              1764 kB
Slab:              93404 kB
SReclaimable:      34896 kB
SUnreclaim:        58508 kB
KernelStack:       14064 kB
PageTables:        40056 kB
NFS_Unstable:          0 kB
Bounce:                0 kB
WritebackTmp:          0 kB
CommitLimit:     3006360 kB
Committed_AS:    8761496 kB
VmallocTotal:   34359738367 kB
VmallocUsed:           0 kB
VmallocChunk:          0 kB
HardwareCorrupted:     0 kB
AnonHugePages:         0 kB
ShmemHugePages:        0 kB
ShmemPmdMapped:        0 kB
CmaTotal:              0 kB
CmaFree:               0 kB
HugePages_Total:       0
HugePages_Free:        0
HugePages_Rsvd:        0
HugePages_Surp:        0
Hugepagesize:       2048 kB
DirectMap4k:      110400 kB
DirectMap2M:     4083712 kB
DirectMap1G:     2097152 kB

container (cgroup) information:
container_type: cgroupv1
cpu_cpuset_cpus: 0-3
cpu_memory_nodes: 0
active_processor_count: 4
cpu_quota: -1
cpu_period: 100000
cpu_shares: -1
memory_limit_in_bytes: -1
memory_and_swap_limit_in_bytes: -2
memory_soft_limit_in_bytes: -1
memory_usage_in_bytes: 3486244864
memory_max_usage_in_bytes: 55668736


CPU:total 4 (initial active 4) (2 cores per cpu, 1 threads per core) family 6 model 158 stepping 9, cmov, cx8, fxsr, mmx, sse, sse2, sse3, ssse3, sse4.1, sse4.2, popcnt, avx, avx2, aes, clmul, erms, 3dnowpref, lzcnt, tsc, tscinvbit, bmi1, bmi2, adx

/proc/cpuinfo:
processor	: 0
vendor_id	: GenuineIntel
cpu family	: 6
model		: 158
model name	: Intel(R) Core(TM) i7-7700HQ CPU @ 2.80GHz
stepping	: 9
microcode	: 0xb4
cpu MHz		: 2807.997
cache size	: 6144 KB
physical id	: 0
siblings	: 2
core id		: 0
cpu cores	: 2
apicid		: 0
initial apicid	: 0
fpu		: yes
fpu_exception	: yes
cpuid level	: 22
wp		: yes
flags		: fpu vme de pse tsc msr pae mce cx8 apic sep mtrr pge mca cmov pat pse36 clflush mmx fxsr sse sse2 ss ht syscall nx pdpe1gb rdtscp lm constant_tsc arch_perfmon nopl xtopology tsc_reliable nonstop_tsc cpuid pni pclmulqdq ssse3 fma cx16 pcid sse4_1 sse4_2 x2apic movbe popcnt tsc_deadline_timer aes xsave avx f16c rdrand hypervisor lahf_lm abm 3dnowprefetch cpuid_fault invpcid_single pti ssbd ibrs ibpb stibp fsgsbase tsc_adjust bmi1 avx2 smep bmi2 invpcid mpx rdseed adx smap clflushopt xsaveopt xsavec xsaves arat md_clear flush_l1d arch_capabilities
bugs		: cpu_meltdown spectre_v1 spectre_v2 spec_store_bypass l1tf mds swapgs itlb_multihit
bogomips	: 5615.99
clflush size	: 64
cache_alignment	: 64
address sizes	: 43 bits physical, 48 bits virtual
power management:

processor	: 1
vendor_id	: GenuineIntel
cpu family	: 6
model		: 158
model name	: Intel(R) Core(TM) i7-7700HQ CPU @ 2.80GHz
stepping	: 9
microcode	: 0xb4
cpu MHz		: 2807.997
cache size	: 6144 KB
physical id	: 0
siblings	: 2
core id		: 1
cpu cores	: 2
apicid		: 1
initial apicid	: 1
fpu		: yes
fpu_exception	: yes
cpuid level	: 22
wp		: yes
flags		: fpu vme de pse tsc msr pae mce cx8 apic sep mtrr pge mca cmov pat pse36 clflush mmx fxsr sse sse2 ss ht syscall nx pdpe1gb rdtscp lm constant_tsc arch_perfmon nopl xtopology tsc_reliable nonstop_tsc cpuid pni pclmulqdq ssse3 fma cx16 pcid sse4_1 sse4_2 x2apic movbe popcnt tsc_deadline_timer aes xsave avx f16c rdrand hypervisor lahf_lm abm 3dnowprefetch cpuid_fault invpcid_single pti ssbd ibrs ibpb stibp fsgsbase tsc_adjust bmi1 avx2 smep bmi2 invpcid mpx rdseed adx smap clflushopt xsaveopt xsavec xsaves arat md_clear flush_l1d arch_capabilities
bugs		: cpu_meltdown spectre_v1 spectre_v2 spec_store_bypass l1tf mds swapgs itlb_multihit
bogomips	: 5615.99
clflush size	: 64
cache_alignment	: 64
address sizes	: 43 bits physical, 48 bits virtual
power management:

processor	: 2
vendor_id	: GenuineIntel
cpu family	: 6
model		: 158
model name	: Intel(R) Core(TM) i7-7700HQ CPU @ 2.80GHz
stepping	: 9
microcode	: 0xb4
cpu MHz		: 2807.997
cache size	: 6144 KB
physical id	: 1
siblings	: 2
core id		: 0
cpu cores	: 2
apicid		: 2
initial apicid	: 2
fpu		: yes
fpu_exception	: yes
cpuid level	: 22
wp		: yes
flags		: fpu vme de pse tsc msr pae mce cx8 apic sep mtrr pge mca cmov pat pse36 clflush mmx fxsr sse sse2 ss ht syscall nx pdpe1gb rdtscp lm constant_tsc arch_perfmon nopl xtopology tsc_reliable nonstop_tsc cpuid pni pclmulqdq ssse3 fma cx16 pcid sse4_1 sse4_2 x2apic movbe popcnt tsc_deadline_timer aes xsave avx f16c rdrand hypervisor lahf_lm abm 3dnowprefetch cpuid_fault invpcid_single pti ssbd ibrs ibpb stibp fsgsbase tsc_adjust bmi1 avx2 smep bmi2 invpcid mpx rdseed adx smap clflushopt xsaveopt xsavec xsaves arat md_clear flush_l1d arch_capabilities
bugs		: cpu_meltdown spectre_v1 spectre_v2 spec_store_bypass l1tf mds swapgs itlb_multihit
bogomips	: 5615.99
clflush size	: 64
cache_alignment	: 64
address sizes	: 43 bits physical, 48 bits virtual
power management:

processor	: 3
vendor_id	: GenuineIntel
cpu family	: 6
model		: 158
model name	: Intel(R) Core(TM) i7-7700HQ CPU @ 2.80GHz
stepping	: 9
microcode	: 0xb4
cpu MHz		: 2807.997
cache size	: 6144 KB
physical id	: 1
siblings	: 2
core id		: 1
cpu cores	: 2
apicid		: 3
initial apicid	: 3
fpu		: yes
fpu_exception	: yes
cpuid level	: 22
wp		: yes
flags		: fpu vme de pse tsc msr pae mce cx8 apic sep mtrr pge mca cmov pat pse36 clflush mmx fxsr sse sse2 ss ht syscall nx pdpe1gb rdtscp lm constant_tsc arch_perfmon nopl xtopology tsc_reliable nonstop_tsc cpuid pni pclmulqdq ssse3 fma cx16 pcid sse4_1 sse4_2 x2apic movbe popcnt tsc_deadline_timer aes xsave avx f16c rdrand hypervisor lahf_lm abm 3dnowprefetch cpuid_fault invpcid_single pti ssbd ibrs ibpb stibp fsgsbase tsc_adjust bmi1 avx2 smep bmi2 invpcid mpx rdseed adx smap clflushopt xsaveopt xsavec xsaves arat md_clear flush_l1d arch_capabilities
bugs		: cpu_meltdown spectre_v1 spectre_v2 spec_store_bypass l1tf mds swapgs itlb_multihit
bogomips	: 5615.99
clflush size	: 64
cache_alignment	: 64
address sizes	: 43 bits physical, 48 bits virtual
power management:



Memory: 4k page, physical 4015928k(238568k free), swap 998396k(9568k free)

vm_info: Java HotSpot(TM) 64-Bit Server VM (25.201-b09) for linux-amd64 JRE (1.8.0_201-b09), built on Dec 15 2018 11:35:59 by "java_re" with gcc 7.3.0

time: Mon Mar 30 15:02:23 2020
timezone: CST
elapsed time: 72 seconds (0d 0h 1m 12s)

