#
# There is insufficient memory for the Java Runtime Environment to continue.
# Native memory allocation (mmap) failed to map 12288 bytes for committing reserved memory.
# Possible reasons:
#   The system is out of physical RAM or swap space
#   The process is running with CompressedOops enabled, and the Java Heap may be blocking the growth of the native heap
# Possible solutions:
#   Reduce memory load on the system
#   Increase physical memory or swap space
#   Check if swap backing store is full
#   Decrease Java heap size (-Xmx/-Xms)
#   Decrease number of Java threads
#   Decrease Java thread stack sizes (-Xss)
#   Set larger code cache with -XX:ReservedCodeCacheSize=
#   JVM is running with Unscaled Compressed Oops mode in which the Java heap is
#     placed in the first 4GB address space. The Java Heap base address is the
#     maximum limit for the native heap growth. Please use -XX:HeapBaseMinAddress
#     to set the Java Heap base and to place the Java Heap above 4GB virtual address.
# This output file may be truncated or incomplete.
#
#  Out of Memory Error (os_linux.cpp:2749), pid=64020, tid=0x00007f76558e0700
#
# JRE version: Java(TM) SE Runtime Environment (8.0_201-b09) (build 1.8.0_201-b09)
# Java VM: Java HotSpot(TM) 64-Bit Server VM (25.201-b09 mixed mode linux-amd64 compressed oops)
# Failed to write core dump. Core dumps have been disabled. To enable core dumping, try "ulimit -c unlimited" before starting Java again
#

---------------  T H R E A D  ---------------

Current thread (0x00007f7620002800):  JavaThread "RMI TCP Connection(idle)" daemon [_thread_new, id=64527, stack(0x00007f76557e0000,0x00007f76558e1000)]

Stack: [0x00007f76557e0000,0x00007f76558e1000],  sp=0x00007f76558dfb10,  free space=1022k
Native frames: (J=compiled Java code, j=interpreted, Vv=VM code, C=native code)
V  [libjvm.so+0xad3525]  VMError::report_and_die()+0x2e5
V  [libjvm.so+0x4e0457]  report_vm_out_of_memory(char const*, int, unsigned long, VMErrorType, char const*)+0x67
V  [libjvm.so+0x90fee6]  os::pd_commit_memory(char*, unsigned long, bool)+0xf6
V  [libjvm.so+0x9077af]  os::commit_memory(char*, unsigned long, bool)+0x1f
V  [libjvm.so+0x911428]  os::pd_create_stack_guard_pages(char*, unsigned long)+0x48
V  [libjvm.so+0xa7bd8e]  JavaThread::run()+0x1ee
V  [libjvm.so+0x90d922]  java_start(Thread*)+0x102
C  [libpthread.so.0+0x76ba]  start_thread+0xca


---------------  P R O C E S S  ---------------

Java Threads: ( => current thread )
=>0x00007f7620002800 JavaThread "RMI TCP Connection(idle)" daemon [_thread_new, id=64527, stack(0x00007f76557e0000,0x00007f76558e1000)]
  0x00007f7620001000 JavaThread "RMI TCP Connection(2)-127.0.0.1" daemon [_thread_in_vm, id=64421, stack(0x00007f76558e1000,0x00007f76559e2000)]
  0x00007f75f8038000 JavaThread "RMI Scheduler(0)" daemon [_thread_blocked, id=64417, stack(0x00007f76559e2000,0x00007f7655ae3000)]
  0x00007f75f8030800 JavaThread "RMI RenewClean-[127.0.0.1:11356]" daemon [_thread_blocked, id=64412, stack(0x00007f7655ae3000,0x00007f7655be4000)]
  0x00007f761c001000 JavaThread "RMI TCP Connection(idle)" daemon [_thread_blocked, id=64407, stack(0x00007f7655be4000,0x00007f7655ce5000)]
  0x00007f760c005000 JavaThread "pool-3-thread-3" [_thread_in_native, id=64364, stack(0x00007f7655ce5000,0x00007f7655de6000)]
  0x00007f760c003000 JavaThread "pool-3-thread-2" [_thread_in_native, id=64360, stack(0x00007f7655de6000,0x00007f7655ee7000)]
  0x00007f760c002000 JavaThread "pool-3-thread-1" [_thread_in_native, id=64357, stack(0x00007f7655ee7000,0x00007f7655fe8000)]
  0x00007f76803d8000 JavaThread "Thread-3" [_thread_in_native, id=64194, stack(0x00007f7655fe8000,0x00007f76560e9000)]
  0x00007f76803d6000 JavaThread "Thread-2" [_thread_in_native, id=64191, stack(0x00007f76560e9000,0x00007f76561ea000)]
  0x00007f76803d4800 JavaThread "process reaper" daemon [_thread_in_native, id=64187, stack(0x00007f768401a000,0x00007f7684053000)]
  0x00007f76803ce000 JavaThread "pool-2-thread-1" [_thread_in_native, id=64179, stack(0x00007f76561ea000,0x00007f76562eb000)]
  0x00007f76803cc800 JavaThread "GC Daemon" daemon [_thread_blocked, id=64170, stack(0x00007f76562eb000,0x00007f76563ec000)]
  0x00007f76803c9800 JavaThread "RMI Reaper" [_thread_blocked, id=64168, stack(0x00007f76563ec000,0x00007f76564ed000)]
  0x00007f76803c0800 JavaThread "RMI TCP Accept-4921" daemon [_thread_in_native, id=64165, stack(0x00007f76564ed000,0x00007f76565ee000)]
  0x00007f76803bb800 JavaThread "RMI TCP Accept-19541" daemon [_thread_in_native, id=64161, stack(0x00007f76565ee000,0x00007f76566ef000)]
  0x00007f76802f2800 JavaThread "logback-3" daemon [_thread_blocked, id=64155, stack(0x00007f76568ef000,0x00007f76569f0000)]
  0x00007f76802ee800 JavaThread "logback-2" daemon [_thread_blocked, id=64154, stack(0x00007f76569f0000,0x00007f7656af1000)]
  0x00007f76802ed000 JavaThread "logback-1" daemon [_thread_blocked, id=64147, stack(0x00007f7656af1000,0x00007f7656bf2000)]
  0x00007f7680189000 JavaThread "Service Thread" daemon [_thread_blocked, id=64102, stack(0x00007f765713c000,0x00007f765723d000)]
  0x00007f7680186000 JavaThread "C1 CompilerThread2" daemon [_thread_blocked, id=64101, stack(0x00007f765723d000,0x00007f765733e000)]
  0x00007f7680184800 JavaThread "C2 CompilerThread1" daemon [_thread_blocked, id=64098, stack(0x00007f765733e000,0x00007f765743f000)]
  0x00007f7680181800 JavaThread "C2 CompilerThread0" daemon [_thread_blocked, id=64097, stack(0x00007f765743f000,0x00007f7657540000)]
  0x00007f7680180000 JavaThread "Signal Dispatcher" daemon [_thread_blocked, id=64096, stack(0x00007f7657540000,0x00007f7657641000)]
  0x00007f768014c000 JavaThread "Finalizer" daemon [_thread_blocked, id=64079, stack(0x00007f766c100000,0x00007f766c201000)]
  0x00007f7680149800 JavaThread "Reference Handler" daemon [_thread_blocked, id=64074, stack(0x00007f766c201000,0x00007f766c302000)]
  0x00007f768000a800 JavaThread "main" [_thread_in_native, id=64025, stack(0x00007f76867e7000,0x00007f76868e8000)]

Other Threads:
  0x00007f7680140000 VMThread [stack: 0x00007f766c302000,0x00007f766c403000] [id=64062]
  0x00007f768018b800 WatcherThread [stack: 0x00007f765703b000,0x00007f765713c000] [id=64104]

VM state:not at safepoint (normal execution)

VM Mutex/Monitor currently owned by a thread: None

heap address: 0x00000000c2a00000, size: 982 MB, Compressed Oops mode: 32-bit
Narrow klass base: 0x0000000000000000, Narrow klass shift: 3
Compressed class space size: 1073741824 Address: 0x0000000100000000

Heap:
 PSYoungGen      total 18432K, used 4297K [0x00000000eb900000, 0x00000000ecd80000, 0x0000000100000000)
  eden space 15872K, 27% used [0x00000000eb900000,0x00000000ebd32700,0x00000000ec880000)
  from space 2560K, 0% used [0x00000000ec880000,0x00000000ec880000,0x00000000ecb00000)
  to   space 2560K, 0% used [0x00000000ecb00000,0x00000000ecb00000,0x00000000ecd80000)
 ParOldGen       total 42496K, used 3887K [0x00000000c2a00000, 0x00000000c5380000, 0x00000000eb900000)
  object space 42496K, 9% used [0x00000000c2a00000,0x00000000c2dcbf20,0x00000000c5380000)
 Metaspace       used 11144K, capacity 11408K, committed 11520K, reserved 1058816K
  class space    used 1368K, capacity 1454K, committed 1536K, reserved 1048576K

Card table byte_map: [0x00007f7670201000,0x00007f76703ed000] byte_map_base: 0x00007f766fbec000

Marking Bits: (ParMarkBitMap*) 0x00007f7685cbed80
 Begin Bits: [0x00007f766df4d000, 0x00007f766eea5000)
 End Bits:   [0x00007f766eea5000, 0x00007f766fdfd000)

Polling page: 0x00007f7686903000

CodeCache: size=245760Kb used=3277Kb max_used=3288Kb free=242482Kb
 bounds [0x00007f76707ad000, 0x00007f7670aed000, 0x00007f767f7ad000]
 total_blobs=1272 nmethods=940 adapters=246
 compilation: enabled

Compilation events (10 events):
Event: 33.762 Thread 0x00007f7680186000  935       3       java.io.ObjectStreamField::isPrimitive (27 bytes)
Event: 33.763 Thread 0x00007f7680186000 nmethod 935 0x00007f7670adf390 code [0x00007f7670adf520, 0x00007f7670adf8e8]
Event: 33.781 Thread 0x00007f7680186000  936       3       sun.reflect.ClassFileAssembler::getLength (11 bytes)
Event: 33.781 Thread 0x00007f7680186000 nmethod 936 0x00007f7670adfa90 code [0x00007f7670adfc00, 0x00007f7670adfe10]
Event: 33.781 Thread 0x00007f7680186000  937       3       sun.reflect.ClassFileAssembler::incStack (11 bytes)
Event: 33.782 Thread 0x00007f7680186000 nmethod 937 0x00007f7670adff10 code [0x00007f7670ae0080, 0x00007f7670ae0290]
Event: 33.885 Thread 0x00007f7680186000  938       1       java.io.ObjectStreamField::getSignature (5 bytes)
Event: 33.885 Thread 0x00007f7680186000 nmethod 938 0x00007f7670ae0350 code [0x00007f7670ae04a0, 0x00007f7670ae05b0]
Event: 34.321 Thread 0x00007f7680181800  939       4       java.lang.StringBuilder::<init> (7 bytes)
Event: 34.395 Thread 0x00007f7680181800 nmethod 939 0x00007f7670ae3310 code [0x00007f7670ae3460, 0x00007f7670ae3558]

GC Heap History (4 events):
Event: 1.850 GC heap before
{Heap before GC invocations=1 (full 0):
 PSYoungGen      total 18432K, used 15872K [0x00000000eb900000, 0x00000000ecd80000, 0x0000000100000000)
  eden space 15872K, 100% used [0x00000000eb900000,0x00000000ec880000,0x00000000ec880000)
  from space 2560K, 0% used [0x00000000ecb00000,0x00000000ecb00000,0x00000000ecd80000)
  to   space 2560K, 0% used [0x00000000ec880000,0x00000000ec880000,0x00000000ecb00000)
 ParOldGen       total 42496K, used 0K [0x00000000c2a00000, 0x00000000c5380000, 0x00000000eb900000)
  object space 42496K, 0% used [0x00000000c2a00000,0x00000000c2a00000,0x00000000c5380000)
 Metaspace       used 10103K, capacity 10252K, committed 10624K, reserved 1058816K
  class space    used 1224K, capacity 1287K, committed 1408K, reserved 1048576K
Event: 1.891 GC heap after
Heap after GC invocations=1 (full 0):
 PSYoungGen      total 18432K, used 2544K [0x00000000eb900000, 0x00000000ecd80000, 0x0000000100000000)
  eden space 15872K, 0% used [0x00000000eb900000,0x00000000eb900000,0x00000000ec880000)
  from space 2560K, 99% used [0x00000000ec880000,0x00000000ecafc020,0x00000000ecb00000)
  to   space 2560K, 0% used [0x00000000ecb00000,0x00000000ecb00000,0x00000000ecd80000)
 ParOldGen       total 42496K, used 1522K [0x00000000c2a00000, 0x00000000c5380000, 0x00000000eb900000)
  object space 42496K, 3% used [0x00000000c2a00000,0x00000000c2b7c9f8,0x00000000c5380000)
 Metaspace       used 10103K, capacity 10252K, committed 10624K, reserved 1058816K
  class space    used 1224K, capacity 1287K, committed 1408K, reserved 1048576K
}
Event: 1.891 GC heap before
{Heap before GC invocations=2 (full 1):
 PSYoungGen      total 18432K, used 2544K [0x00000000eb900000, 0x00000000ecd80000, 0x0000000100000000)
  eden space 15872K, 0% used [0x00000000eb900000,0x00000000eb900000,0x00000000ec880000)
  from space 2560K, 99% used [0x00000000ec880000,0x00000000ecafc020,0x00000000ecb00000)
  to   space 2560K, 0% used [0x00000000ecb00000,0x00000000ecb00000,0x00000000ecd80000)
 ParOldGen       total 42496K, used 1522K [0x00000000c2a00000, 0x00000000c5380000, 0x00000000eb900000)
  object space 42496K, 3% used [0x00000000c2a00000,0x00000000c2b7c9f8,0x00000000c5380000)
 Metaspace       used 10103K, capacity 10252K, committed 10624K, reserved 1058816K
  class space    used 1224K, capacity 1287K, committed 1408K, reserved 1048576K
Event: 1.932 GC heap after
Heap after GC invocations=2 (full 1):
 PSYoungGen      total 18432K, used 0K [0x00000000eb900000, 0x00000000ecd80000, 0x0000000100000000)
  eden space 15872K, 0% used [0x00000000eb900000,0x00000000eb900000,0x00000000ec880000)
  from space 2560K, 0% used [0x00000000ec880000,0x00000000ec880000,0x00000000ecb00000)
  to   space 2560K, 0% used [0x00000000ecb00000,0x00000000ecb00000,0x00000000ecd80000)
 ParOldGen       total 42496K, used 3887K [0x00000000c2a00000, 0x00000000c5380000, 0x00000000eb900000)
  object space 42496K, 9% used [0x00000000c2a00000,0x00000000c2dcbf20,0x00000000c5380000)
 Metaspace       used 10095K, capacity 10242K, committed 10624K, reserved 1058816K
  class space    used 1222K, capacity 1285K, committed 1408K, reserved 1048576K
}

Deoptimization events (4 events):
Event: 1.409 Thread 0x00007f768000a800 Uncommon trap: reason=unstable_if action=reinterpret pc=0x00007f7670901134 method=java.lang.String.startsWith(Ljava/lang/String;I)Z @ 25
Event: 1.692 Thread 0x00007f768000a800 Uncommon trap: reason=unstable_if action=reinterpret pc=0x00007f76709bb958 method=java.lang.String.indexOf([CII[CIII)I @ 3
Event: 3.783 Thread 0x00007f761c001000 Uncommon trap: reason=unstable_if action=reinterpret pc=0x00007f7670a9d378 method=sun.misc.MetaIndex.mayContain(Ljava/lang/String;)Z @ 38
Event: 3.783 Thread 0x00007f761c001000 Uncommon trap: reason=unstable_if action=reinterpret pc=0x00007f76709a760c method=sun.misc.MetaIndex.mayContain(Ljava/lang/String;)Z @ 38

Classes redefined (0 events):
No events

Internal exceptions (10 events):
Event: 3.851 Thread 0x00007f75f8030800 Exception <a 'java/lang/InterruptedException'> (0x00000000eba8c098) thrown at [/HUDSON/workspace/8-2-build-linux-amd64/jdk8u201/12317/hotspot/src/share/vm/runtime/objectMonitor.cpp, line 1684]
Event: 11.119 Thread 0x00007f76802ed000 Exception <a 'java/net/ConnectException'> (0x00000000ebb4ee98) thrown at [/HUDSON/workspace/8-2-build-linux-amd64/jdk8u201/12317/hotspot/src/share/vm/prims/jni.cpp, line 709]
Event: 11.119 Thread 0x00007f76802ee800 Exception <a 'java/net/ConnectException'> (0x00000000ebb76a40) thrown at [/HUDSON/workspace/8-2-build-linux-amd64/jdk8u201/12317/hotspot/src/share/vm/prims/jni.cpp, line 709]
Event: 11.131 Thread 0x00007f76802f2800 Exception <a 'java/net/ConnectException'> (0x00000000ebb9e5e8) thrown at [/HUDSON/workspace/8-2-build-linux-amd64/jdk8u201/12317/hotspot/src/share/vm/prims/jni.cpp, line 709]
Event: 21.120 Thread 0x00007f76802ed000 Exception <a 'java/net/ConnectException'> (0x00000000ebb4f9c0) thrown at [/HUDSON/workspace/8-2-build-linux-amd64/jdk8u201/12317/hotspot/src/share/vm/prims/jni.cpp, line 709]
Event: 21.120 Thread 0x00007f76802ee800 Exception <a 'java/net/ConnectException'> (0x00000000ebb77568) thrown at [/HUDSON/workspace/8-2-build-linux-amd64/jdk8u201/12317/hotspot/src/share/vm/prims/jni.cpp, line 709]
Event: 21.132 Thread 0x00007f76802f2800 Exception <a 'java/net/ConnectException'> (0x00000000ebb9f110) thrown at [/HUDSON/workspace/8-2-build-linux-amd64/jdk8u201/12317/hotspot/src/share/vm/prims/jni.cpp, line 709]
Event: 31.131 Thread 0x00007f76802ed000 Exception <a 'java/net/ConnectException'> (0x00000000ebb504e8) thrown at [/HUDSON/workspace/8-2-build-linux-amd64/jdk8u201/12317/hotspot/src/share/vm/prims/jni.cpp, line 709]
Event: 31.134 Thread 0x00007f76802f2800 Exception <a 'java/net/ConnectException'> (0x00000000ebb9fc38) thrown at [/HUDSON/workspace/8-2-build-linux-amd64/jdk8u201/12317/hotspot/src/share/vm/prims/jni.cpp, line 709]
Event: 31.247 Thread 0x00007f76802ee800 Exception <a 'java/net/ConnectException'> (0x00000000ebb78090) thrown at [/HUDSON/workspace/8-2-build-linux-amd64/jdk8u201/12317/hotspot/src/share/vm/prims/jni.cpp, line 709]

Events (10 events):
Event: 33.900 loading class org/evosuite/testcase/TestChromosome done
Event: 33.959 loading class org/evosuite/ga/SecondaryObjective
Event: 33.959 loading class org/evosuite/ga/SecondaryObjective done
Event: 33.974 loading class org/evosuite/testcase/TestCase
Event: 33.974 loading class org/evosuite/testcase/TestCase done
Event: 34.002 loading class org/evosuite/testcase/TestFitnessFunction
Event: 34.002 loading class org/evosuite/testcase/TestFitnessFunction done
Event: 34.193 loading class sun/net/ResourceManager
Event: 34.863 Thread 0x00007f7620002800 Thread added: 0x00007f7620002800
Event: 34.865 loading class sun/net/ResourceManager done


Dynamic libraries:
00400000-00401000 r-xp 00000000 08:01 654793                             /usr/lib/jdk/jdk1.8.0_201/bin/java
00600000-00601000 r--p 00000000 08:01 654793                             /usr/lib/jdk/jdk1.8.0_201/bin/java
00601000-00602000 rw-p 00001000 08:01 654793                             /usr/lib/jdk/jdk1.8.0_201/bin/java
01c1a000-01c5c000 rw-p 00000000 00:00 0                                  [heap]
c2a00000-c5380000 rw-p 00000000 00:00 0 
c5380000-eb900000 ---p 00000000 00:00 0 
eb900000-ecd80000 rw-p 00000000 00:00 0 
ecd80000-100000000 ---p 00000000 00:00 0 
100000000-100180000 rw-p 00000000 00:00 0 
100180000-140000000 ---p 00000000 00:00 0 
7f75ec000000-7f75ec021000 rw-p 00000000 00:00 0 
7f75ec021000-7f75f0000000 ---p 00000000 00:00 0 
7f75f0000000-7f75f02a8000 rw-p 00000000 00:00 0 
7f75f02a8000-7f75f4000000 ---p 00000000 00:00 0 
7f75f4000000-7f75f4021000 rw-p 00000000 00:00 0 
7f75f4021000-7f75f8000000 ---p 00000000 00:00 0 
7f75f8000000-7f75f803b000 rw-p 00000000 00:00 0 
7f75f803b000-7f75fc000000 ---p 00000000 00:00 0 
7f75fc000000-7f75fc021000 rw-p 00000000 00:00 0 
7f75fc021000-7f7600000000 ---p 00000000 00:00 0 
7f7600000000-7f7600021000 rw-p 00000000 00:00 0 
7f7600021000-7f7604000000 ---p 00000000 00:00 0 
7f7604000000-7f7604021000 rw-p 00000000 00:00 0 
7f7604021000-7f7608000000 ---p 00000000 00:00 0 
7f7608000000-7f7608021000 rw-p 00000000 00:00 0 
7f7608021000-7f760c000000 ---p 00000000 00:00 0 
7f760c000000-7f760c021000 rw-p 00000000 00:00 0 
7f760c021000-7f7610000000 ---p 00000000 00:00 0 
7f7610000000-7f7610021000 rw-p 00000000 00:00 0 
7f7610021000-7f7614000000 ---p 00000000 00:00 0 
7f7614000000-7f7614021000 rw-p 00000000 00:00 0 
7f7614021000-7f7618000000 ---p 00000000 00:00 0 
7f7618000000-7f7618021000 rw-p 00000000 00:00 0 
7f7618021000-7f761c000000 ---p 00000000 00:00 0 
7f761c000000-7f761c021000 rw-p 00000000 00:00 0 
7f761c021000-7f7620000000 ---p 00000000 00:00 0 
7f7620000000-7f7620021000 rw-p 00000000 00:00 0 
7f7620021000-7f7624000000 ---p 00000000 00:00 0 
7f7624000000-7f7624021000 rw-p 00000000 00:00 0 
7f7624021000-7f7628000000 ---p 00000000 00:00 0 
7f7628000000-7f7628021000 rw-p 00000000 00:00 0 
7f7628021000-7f762c000000 ---p 00000000 00:00 0 
7f762c000000-7f762c021000 rw-p 00000000 00:00 0 
7f762c021000-7f7630000000 ---p 00000000 00:00 0 
7f7630fff000-7f7634000000 rw-p 00000000 00:00 0 
7f7634000000-7f7634021000 rw-p 00000000 00:00 0 
7f7634021000-7f7638000000 ---p 00000000 00:00 0 
7f7638000000-7f7638021000 rw-p 00000000 00:00 0 
7f7638021000-7f763c000000 ---p 00000000 00:00 0 
7f763c000000-7f763c076000 rw-p 00000000 00:00 0 
7f763c076000-7f7640000000 ---p 00000000 00:00 0 
7f7640000000-7f764028c000 rw-p 00000000 00:00 0 
7f764028c000-7f7644000000 ---p 00000000 00:00 0 
7f7644000000-7f7644021000 rw-p 00000000 00:00 0 
7f7644021000-7f7648000000 ---p 00000000 00:00 0 
7f7648000000-7f7648187000 rw-p 00000000 00:00 0 
7f7648187000-7f764c000000 ---p 00000000 00:00 0 
7f764c000000-7f764c021000 rw-p 00000000 00:00 0 
7f764c021000-7f7650000000 ---p 00000000 00:00 0 
7f7650000000-7f7650021000 rw-p 00000000 00:00 0 
7f7650021000-7f7654000000 ---p 00000000 00:00 0 
7f76557e3000-7f76558e1000 rw-p 00000000 00:00 0 
7f76558e1000-7f76558e4000 ---p 00000000 00:00 0 
7f76558e4000-7f76559e2000 rw-p 00000000 00:00 0 
7f76559e2000-7f76559e5000 ---p 00000000 00:00 0 
7f76559e5000-7f7655ae3000 rw-p 00000000 00:00 0 
7f7655ae3000-7f7655ae6000 ---p 00000000 00:00 0 
7f7655ae6000-7f7655be4000 rw-p 00000000 00:00 0 
7f7655be4000-7f7655be7000 ---p 00000000 00:00 0 
7f7655be7000-7f7655ce5000 rw-p 00000000 00:00 0 
7f7655ce5000-7f7655ce8000 ---p 00000000 00:00 0 
7f7655ce8000-7f7655de6000 rw-p 00000000 00:00 0 
7f7655de6000-7f7655de9000 ---p 00000000 00:00 0 
7f7655de9000-7f7655ee7000 rw-p 00000000 00:00 0 
7f7655ee7000-7f7655eea000 ---p 00000000 00:00 0 
7f7655eea000-7f7655fe8000 rw-p 00000000 00:00 0 
7f7655fe8000-7f7655feb000 ---p 00000000 00:00 0 
7f7655feb000-7f76560e9000 rw-p 00000000 00:00 0 
7f76560e9000-7f76560ec000 ---p 00000000 00:00 0 
7f76560ec000-7f76561ea000 rw-p 00000000 00:00 0 
7f76561ea000-7f76561ed000 ---p 00000000 00:00 0 
7f76561ed000-7f76562eb000 rw-p 00000000 00:00 0 
7f76562eb000-7f76562ee000 ---p 00000000 00:00 0 
7f76562ee000-7f76563ec000 rw-p 00000000 00:00 0 
7f76563ec000-7f76563ef000 ---p 00000000 00:00 0 
7f76563ef000-7f76564ed000 rw-p 00000000 00:00 0 
7f76564ed000-7f76564f0000 ---p 00000000 00:00 0 
7f76564f0000-7f76565ee000 rw-p 00000000 00:00 0 
7f76565ee000-7f76565f1000 ---p 00000000 00:00 0 
7f76565f1000-7f76568af000 rw-p 00000000 00:00 0 
7f76568af000-7f76568ef000 ---p 00000000 00:00 0 
7f76568ef000-7f76568f2000 ---p 00000000 00:00 0 
7f76568f2000-7f76569f0000 rw-p 00000000 00:00 0 
7f76569f0000-7f76569f3000 ---p 00000000 00:00 0 
7f76569f3000-7f7656af1000 rw-p 00000000 00:00 0 
7f7656af1000-7f7656af4000 ---p 00000000 00:00 0 
7f7656af4000-7f7656bf2000 rw-p 00000000 00:00 0 
7f7656bf2000-7f7656c08000 r-xp 00000000 08:01 656512                     /usr/lib/jdk/jdk1.8.0_201/jre/lib/amd64/libnet.so
7f7656c08000-7f7656e08000 ---p 00016000 08:01 656512                     /usr/lib/jdk/jdk1.8.0_201/jre/lib/amd64/libnet.so
7f7656e08000-7f7656e09000 r--p 00016000 08:01 656512                     /usr/lib/jdk/jdk1.8.0_201/jre/lib/amd64/libnet.so
7f7656e09000-7f7656e0a000 rw-p 00017000 08:01 656512                     /usr/lib/jdk/jdk1.8.0_201/jre/lib/amd64/libnet.so
7f7656e0a000-7f765703b000 r--s 01bb1000 08:01 403225                     /home/hewitt/work/DiffTGen-master/lib/evosuite-1.0.6.jar
7f765703b000-7f765703c000 ---p 00000000 00:00 0 
7f765703c000-7f765713c000 rw-p 00000000 00:00 0 
7f765713c000-7f765713f000 ---p 00000000 00:00 0 
7f765713f000-7f765723d000 rw-p 00000000 00:00 0 
7f765723d000-7f7657240000 ---p 00000000 00:00 0 
7f7657240000-7f765733e000 rw-p 00000000 00:00 0 
7f765733e000-7f7657341000 ---p 00000000 00:00 0 
7f7657341000-7f765743f000 rw-p 00000000 00:00 0 
7f765743f000-7f7657442000 ---p 00000000 00:00 0 
7f7657442000-7f7657540000 rw-p 00000000 00:00 0 
7f7657540000-7f7657543000 ---p 00000000 00:00 0 
7f7657543000-7f7657641000 rw-p 00000000 00:00 0 
7f7657641000-7f7658000000 r--p 00000000 08:01 270368                     /usr/lib/locale/locale-archive
7f7658000000-7f7658021000 rw-p 00000000 00:00 0 
7f7658021000-7f765c000000 ---p 00000000 00:00 0 
7f765c000000-7f765c021000 rw-p 00000000 00:00 0 
7f765c021000-7f7660000000 ---p 00000000 00:00 0 
7f7660000000-7f7660021000 rw-p 00000000 00:00 0 
7f7660021000-7f7664000000 ---p 00000000 00:00 0 
7f7664000000-7f7664021000 rw-p 00000000 00:00 0 
7f7664021000-7f7668000000 ---p 00000000 00:00 0 
7f7668000000-7f7668021000 rw-p 00000000 00:00 0 
7f7668021000-7f766c000000 ---p 00000000 00:00 0 
7f766c087000-7f766c100000 r--s 010fd000 08:01 654900                     /usr/lib/jdk/jdk1.8.0_201/lib/tools.jar
7f766c100000-7f766c103000 ---p 00000000 00:00 0 
7f766c103000-7f766c201000 rw-p 00000000 00:00 0 
7f766c201000-7f766c204000 ---p 00000000 00:00 0 
7f766c204000-7f766c302000 rw-p 00000000 00:00 0 
7f766c302000-7f766c303000 ---p 00000000 00:00 0 
7f766c303000-7f766d312000 rw-p 00000000 00:00 0 
7f766d312000-7f766d4ec000 r--s 03d6f000 08:01 656293                     /usr/lib/jdk/jdk1.8.0_201/jre/lib/rt.jar
7f766d4ec000-7f766fdfd000 rw-p 00000000 00:00 0 
7f766fdfd000-7f766fdfe000 ---p 00000000 00:00 0 
7f766fdfe000-7f766fefe000 rw-p 00000000 00:00 0 
7f766fefe000-7f766feff000 ---p 00000000 00:00 0 
7f766feff000-7f766ffff000 rw-p 00000000 00:00 0 
7f766ffff000-7f7670000000 ---p 00000000 00:00 0 
7f7670000000-7f7670100000 rw-p 00000000 00:00 0 
7f7670100000-7f7670101000 ---p 00000000 00:00 0 
7f7670101000-7f7670216000 rw-p 00000000 00:00 0 
7f7670216000-7f7670348000 ---p 00000000 00:00 0 
7f7670348000-7f7670353000 rw-p 00000000 00:00 0 
7f7670353000-7f76703ec000 ---p 00000000 00:00 0 
7f76703ec000-7f76703fa000 rw-p 00000000 00:00 0 
7f76703fa000-7f76707ad000 ---p 00000000 00:00 0 
7f76707ad000-7f7670aed000 rwxp 00000000 00:00 0 
7f7670aed000-7f767f7ad000 ---p 00000000 00:00 0 
7f767f7ad000-7f767f7c8000 r-xp 00000000 08:01 656508                     /usr/lib/jdk/jdk1.8.0_201/jre/lib/amd64/libzip.so
7f767f7c8000-7f767f9c7000 ---p 0001b000 08:01 656508                     /usr/lib/jdk/jdk1.8.0_201/jre/lib/amd64/libzip.so
7f767f9c7000-7f767f9c8000 r--p 0001a000 08:01 656508                     /usr/lib/jdk/jdk1.8.0_201/jre/lib/amd64/libzip.so
7f767f9c8000-7f767f9c9000 rw-p 0001b000 08:01 656508                     /usr/lib/jdk/jdk1.8.0_201/jre/lib/amd64/libzip.so
7f767f9c9000-7f767f9d4000 r-xp 00000000 08:01 658902                     /lib/x86_64-linux-gnu/libnss_files-2.23.so
7f767f9d4000-7f767fbd3000 ---p 0000b000 08:01 658902                     /lib/x86_64-linux-gnu/libnss_files-2.23.so
7f767fbd3000-7f767fbd4000 r--p 0000a000 08:01 658902                     /lib/x86_64-linux-gnu/libnss_files-2.23.so
7f767fbd4000-7f767fbd5000 rw-p 0000b000 08:01 658902                     /lib/x86_64-linux-gnu/libnss_files-2.23.so
7f767fbd5000-7f767fbdb000 rw-p 00000000 00:00 0 
7f767fbdb000-7f767fbe6000 r-xp 00000000 08:01 658912                     /lib/x86_64-linux-gnu/libnss_nis-2.23.so
7f767fbe6000-7f767fde5000 ---p 0000b000 08:01 658912                     /lib/x86_64-linux-gnu/libnss_nis-2.23.so
7f767fde5000-7f767fde6000 r--p 0000a000 08:01 658912                     /lib/x86_64-linux-gnu/libnss_nis-2.23.so
7f767fde6000-7f767fde7000 rw-p 0000b000 08:01 658912                     /lib/x86_64-linux-gnu/libnss_nis-2.23.so
7f767fde7000-7f767fdfd000 r-xp 00000000 08:01 658896                     /lib/x86_64-linux-gnu/libnsl-2.23.so
7f767fdfd000-7f767fffc000 ---p 00016000 08:01 658896                     /lib/x86_64-linux-gnu/libnsl-2.23.so
7f767fffc000-7f767fffd000 r--p 00015000 08:01 658896                     /lib/x86_64-linux-gnu/libnsl-2.23.so
7f767fffd000-7f767fffe000 rw-p 00016000 08:01 658896                     /lib/x86_64-linux-gnu/libnsl-2.23.so
7f767fffe000-7f7680000000 rw-p 00000000 00:00 0 
7f7680000000-7f76804cf000 rw-p 00000000 00:00 0 
7f76804cf000-7f7684000000 ---p 00000000 00:00 0 
7f7684010000-7f768401a000 r--s 00116000 08:01 656361                     /usr/lib/jdk/jdk1.8.0_201/jre/lib/ext/localedata.jar
7f768401a000-7f768401d000 ---p 00000000 00:00 0 
7f768401d000-7f7684068000 rw-p 00000000 00:00 0 
7f7684068000-7f768419b000 ---p 00000000 00:00 0 
7f768419b000-7f76841a3000 r-xp 00000000 08:01 658898                     /lib/x86_64-linux-gnu/libnss_compat-2.23.so
7f76841a3000-7f76843a2000 ---p 00008000 08:01 658898                     /lib/x86_64-linux-gnu/libnss_compat-2.23.so
7f76843a2000-7f76843a3000 r--p 00007000 08:01 658898                     /lib/x86_64-linux-gnu/libnss_compat-2.23.so
7f76843a3000-7f76843a4000 rw-p 00008000 08:01 658898                     /lib/x86_64-linux-gnu/libnss_compat-2.23.so
7f76843a4000-7f76843d0000 r-xp 00000000 08:01 656502                     /usr/lib/jdk/jdk1.8.0_201/jre/lib/amd64/libjava.so
7f76843d0000-7f76845d0000 ---p 0002c000 08:01 656502                     /usr/lib/jdk/jdk1.8.0_201/jre/lib/amd64/libjava.so
7f76845d0000-7f76845d1000 r--p 0002c000 08:01 656502                     /usr/lib/jdk/jdk1.8.0_201/jre/lib/amd64/libjava.so
7f76845d1000-7f76845d3000 rw-p 0002d000 08:01 656502                     /usr/lib/jdk/jdk1.8.0_201/jre/lib/amd64/libjava.so
7f76845d3000-7f76845e0000 r-xp 00000000 08:01 656507                     /usr/lib/jdk/jdk1.8.0_201/jre/lib/amd64/libverify.so
7f76845e0000-7f76847df000 ---p 0000d000 08:01 656507                     /usr/lib/jdk/jdk1.8.0_201/jre/lib/amd64/libverify.so
7f76847df000-7f76847e1000 r--p 0000c000 08:01 656507                     /usr/lib/jdk/jdk1.8.0_201/jre/lib/amd64/libverify.so
7f76847e1000-7f76847e2000 rw-p 0000e000 08:01 656507                     /usr/lib/jdk/jdk1.8.0_201/jre/lib/amd64/libverify.so
7f76847e2000-7f76847e9000 r-xp 00000000 08:01 658957                     /lib/x86_64-linux-gnu/librt-2.23.so
7f76847e9000-7f76849e8000 ---p 00007000 08:01 658957                     /lib/x86_64-linux-gnu/librt-2.23.so
7f76849e8000-7f76849e9000 r--p 00006000 08:01 658957                     /lib/x86_64-linux-gnu/librt-2.23.so
7f76849e9000-7f76849ea000 rw-p 00007000 08:01 658957                     /lib/x86_64-linux-gnu/librt-2.23.so
7f76849ea000-7f7684af2000 r-xp 00000000 08:01 658873                     /lib/x86_64-linux-gnu/libm-2.23.so
7f7684af2000-7f7684cf1000 ---p 00108000 08:01 658873                     /lib/x86_64-linux-gnu/libm-2.23.so
7f7684cf1000-7f7684cf2000 r--p 00107000 08:01 658873                     /lib/x86_64-linux-gnu/libm-2.23.so
7f7684cf2000-7f7684cf3000 rw-p 00108000 08:01 658873                     /lib/x86_64-linux-gnu/libm-2.23.so
7f7684cf3000-7f76859db000 r-xp 00000000 08:01 656484                     /usr/lib/jdk/jdk1.8.0_201/jre/lib/amd64/server/libjvm.so
7f76859db000-7f7685bda000 ---p 00ce8000 08:01 656484                     /usr/lib/jdk/jdk1.8.0_201/jre/lib/amd64/server/libjvm.so
7f7685bda000-7f7685c70000 r--p 00ce7000 08:01 656484                     /usr/lib/jdk/jdk1.8.0_201/jre/lib/amd64/server/libjvm.so
7f7685c70000-7f7685ca1000 rw-p 00d7d000 08:01 656484                     /usr/lib/jdk/jdk1.8.0_201/jre/lib/amd64/server/libjvm.so
7f7685ca1000-7f7685cdc000 rw-p 00000000 00:00 0 
7f7685cdc000-7f7685e9c000 r-xp 00000000 08:01 658803                     /lib/x86_64-linux-gnu/libc-2.23.so
7f7685e9c000-7f768609c000 ---p 001c0000 08:01 658803                     /lib/x86_64-linux-gnu/libc-2.23.so
7f768609c000-7f76860a0000 r--p 001c0000 08:01 658803                     /lib/x86_64-linux-gnu/libc-2.23.so
7f76860a0000-7f76860a2000 rw-p 001c4000 08:01 658803                     /lib/x86_64-linux-gnu/libc-2.23.so
7f76860a2000-7f76860a6000 rw-p 00000000 00:00 0 
7f76860a6000-7f76860a9000 r-xp 00000000 08:01 658827                     /lib/x86_64-linux-gnu/libdl-2.23.so
7f76860a9000-7f76862a8000 ---p 00003000 08:01 658827                     /lib/x86_64-linux-gnu/libdl-2.23.so
7f76862a8000-7f76862a9000 r--p 00002000 08:01 658827                     /lib/x86_64-linux-gnu/libdl-2.23.so
7f76862a9000-7f76862aa000 rw-p 00003000 08:01 658827                     /lib/x86_64-linux-gnu/libdl-2.23.so
7f76862aa000-7f76862c1000 r-xp 00000000 08:01 656155                     /usr/lib/jdk/jdk1.8.0_201/lib/amd64/jli/libjli.so
7f76862c1000-7f76864c0000 ---p 00017000 08:01 656155                     /usr/lib/jdk/jdk1.8.0_201/lib/amd64/jli/libjli.so
7f76864c0000-7f76864c1000 r--p 00016000 08:01 656155                     /usr/lib/jdk/jdk1.8.0_201/lib/amd64/jli/libjli.so
7f76864c1000-7f76864c2000 rw-p 00017000 08:01 656155                     /usr/lib/jdk/jdk1.8.0_201/lib/amd64/jli/libjli.so
7f76864c2000-7f76864da000 r-xp 00000000 08:01 658949                     /lib/x86_64-linux-gnu/libpthread-2.23.so
7f76864da000-7f76866d9000 ---p 00018000 08:01 658949                     /lib/x86_64-linux-gnu/libpthread-2.23.so
7f76866d9000-7f76866da000 r--p 00017000 08:01 658949                     /lib/x86_64-linux-gnu/libpthread-2.23.so
7f76866da000-7f76866db000 rw-p 00018000 08:01 658949                     /lib/x86_64-linux-gnu/libpthread-2.23.so
7f76866db000-7f76866df000 rw-p 00000000 00:00 0 
7f76866df000-7f7686705000 r-xp 00000000 08:01 658775                     /lib/x86_64-linux-gnu/ld-2.23.so
7f7686705000-7f7686721000 r--s 00393000 08:01 656354                     /usr/lib/jdk/jdk1.8.0_201/jre/lib/ext/cldrdata.jar
7f7686721000-7f7686729000 r--s 0006e000 08:01 398946                     /home/hewitt/work/DiffTGen-master/lib/commons-lang3-3.5.jar
7f7686729000-7f76867e7000 rw-p 00000000 00:00 0 
7f76867e7000-7f76867ea000 ---p 00000000 00:00 0 
7f76867ea000-7f76868ed000 rw-p 00000000 00:00 0 
7f76868f0000-7f76868f4000 r--s 000a1000 08:01 656350                     /usr/lib/jdk/jdk1.8.0_201/jre/lib/jsse.jar
7f76868f4000-7f76868f5000 r--s 00000000 08:01 398951                     /home/hewitt/work/DiffTGen-master/lib/myprinter.jar
7f76868f5000-7f76868fa000 r--s 0003a000 08:01 446311                     /home/hewitt/work/DiffTGen-master/output/patch2-Lang-38-Jaid/Lang_38_2_jaid/target/build/classes/all0.jar
7f76868fa000-7f7686902000 rw-s 00000000 08:01 150442                     /tmp/hsperfdata_hewitt/64020
7f7686902000-7f7686903000 rw-p 00000000 00:00 0 
7f7686903000-7f7686904000 r--p 00000000 00:00 0 
7f7686904000-7f7686905000 r--p 00025000 08:01 658775                     /lib/x86_64-linux-gnu/ld-2.23.so
7f7686905000-7f7686906000 rw-p 00026000 08:01 658775                     /lib/x86_64-linux-gnu/ld-2.23.so
7f7686906000-7f7686907000 rw-p 00000000 00:00 0 
7ffc2cd5a000-7ffc2cd7c000 rw-p 00000000 00:00 0                          [stack]
7ffc2cd95000-7ffc2cd98000 r--p 00000000 00:00 0                          [vvar]
7ffc2cd98000-7ffc2cd9a000 r-xp 00000000 00:00 0                          [vdso]
ffffffffff600000-ffffffffff601000 r-xp 00000000 00:00 0                  [vsyscall]

VM Arguments:
java_command: /home/hewitt/work/DiffTGen-master/lib/evosuite-1.0.6.jar -base_dir /home/hewitt/work/DiffTGen-master/output/patch2-Lang-38-Jaid/Lang_38_2_jaid/target/0/3 -projectCP /home/hewitt/work/DiffTGen-master/output/patch2-Lang-38-Jaid/Lang_38_2_jaid/target/build/classes/all0.jar:/home/hewitt/work/DiffTGen-master/lib/myprinter.jar:/home/hewitt/work/DiffTGen-master/lib/commons-lang3-3.5.jar -class org.apache.commons.lang3.time.FastDateFormat -Dassertions=false -Dsearch_budget=60
java_class_path (initial): /home/hewitt/work/DiffTGen-master/lib/evosuite-1.0.6.jar
Launcher Type: SUN_STANDARD

Environment Variables:
JAVA_HOME=/usr/lib/jdk/jdk1.8.0_201
JRE_HOME=/usr/lib/jdk/jdk1.8.0_201/jre
CLASSPATH=.:/usr/lib/jdk/jdk1.8.0_201/lib:/usr/lib/jdk/jdk1.8.0_201/jre/lib
PATH=/usr/lib/jdk/jdk1.8.0_201/bin:/home/hewitt/bin:/home/hewitt/.local/bin:/usr/lib/jdk/jdk1.7.0_80/bin:/usr/local/sbin:/usr/local/bin:/usr/sbin:/usr/bin:/sbin:/bin:/usr/games:/usr/local/games:/snap/bin:/home/hewitt/work/defects4j_v1.4.0/defects4j/framework/bin:/opt/apache-ant-1.9.14/bin:/home/hewitt/work/defects4j_v1.4.0/defects4j/framework/bin
SHELL=/bin/bash
DISPLAY=:0

Signal Handlers:
SIGSEGV: [libjvm.so+0xad3e60], sa_mask[0]=11111111011111111101111111111110, sa_flags=SA_RESTART|SA_SIGINFO
SIGBUS: [libjvm.so+0xad3e60], sa_mask[0]=11111111011111111101111111111110, sa_flags=SA_RESTART|SA_SIGINFO
SIGFPE: [libjvm.so+0x90b880], sa_mask[0]=11111111011111111101111111111110, sa_flags=SA_RESTART|SA_SIGINFO
SIGPIPE: [libjvm.so+0x90b880], sa_mask[0]=11111111011111111101111111111110, sa_flags=SA_RESTART|SA_SIGINFO
SIGXFSZ: [libjvm.so+0x90b880], sa_mask[0]=11111111011111111101111111111110, sa_flags=SA_RESTART|SA_SIGINFO
SIGILL: [libjvm.so+0x90b880], sa_mask[0]=11111111011111111101111111111110, sa_flags=SA_RESTART|SA_SIGINFO
SIGUSR1: SIG_DFL, sa_mask[0]=00000000000000000000000000000000, sa_flags=none
SIGUSR2: [libjvm.so+0x90b750], sa_mask[0]=00100000000000000000000000000000, sa_flags=SA_RESTART|SA_SIGINFO
SIGHUP: [libjvm.so+0x90bd70], sa_mask[0]=11111111011111111101111111111110, sa_flags=SA_RESTART|SA_SIGINFO
SIGINT: [libjvm.so+0x90bd70], sa_mask[0]=11111111011111111101111111111110, sa_flags=SA_RESTART|SA_SIGINFO
SIGTERM: [libjvm.so+0x90bd70], sa_mask[0]=11111111011111111101111111111110, sa_flags=SA_RESTART|SA_SIGINFO
SIGQUIT: [libjvm.so+0x90bd70], sa_mask[0]=11111111011111111101111111111110, sa_flags=SA_RESTART|SA_SIGINFO


---------------  S Y S T E M  ---------------

OS:DISTRIB_ID=Ubuntu
DISTRIB_RELEASE=16.04
DISTRIB_CODENAME=xenial
DISTRIB_DESCRIPTION="Ubuntu 16.04.6 LTS"

uname:Linux 4.15.0-91-generic #92~16.04.1-Ubuntu SMP Fri Feb 28 14:57:22 UTC 2020 x86_64
libc:glibc 2.23 NPTL 2.23 
rlimit: STACK 8192k, CORE 0k, NPROC 15448, NOFILE 1048576, AS infinity
load average:12.47 3.22 2.10

/proc/meminfo:
MemTotal:        4015928 kB
MemFree:           88236 kB
MemAvailable:          0 kB
Buffers:             212 kB
Cached:             6572 kB
SwapCached:          152 kB
Active:          2947696 kB
Inactive:         591280 kB
Active(anon):    2945408 kB
Inactive(anon):   588984 kB
Active(file):       2288 kB
Inactive(file):     2296 kB
Unevictable:          48 kB
Mlocked:              48 kB
SwapTotal:        998396 kB
SwapFree:              0 kB
Dirty:               160 kB
Writeback:           256 kB
AnonPages:       3532100 kB
Mapped:             3636 kB
Shmem:              2156 kB
Slab:              94208 kB
SReclaimable:      34748 kB
SUnreclaim:        59460 kB
KernelStack:       18048 kB
PageTables:        43580 kB
NFS_Unstable:          0 kB
Bounce:                0 kB
WritebackTmp:          0 kB
CommitLimit:     3006360 kB
Committed_AS:   10124584 kB
VmallocTotal:   34359738367 kB
VmallocUsed:           0 kB
VmallocChunk:          0 kB
HardwareCorrupted:     0 kB
AnonHugePages:         0 kB
ShmemHugePages:        0 kB
ShmemPmdMapped:        0 kB
CmaTotal:              0 kB
CmaFree:               0 kB
HugePages_Total:       0
HugePages_Free:        0
HugePages_Rsvd:        0
HugePages_Surp:        0
Hugepagesize:       2048 kB
DirectMap4k:      110400 kB
DirectMap2M:     4083712 kB
DirectMap1G:     2097152 kB

container (cgroup) information:
container_type: cgroupv1
cpu_cpuset_cpus: 0-3
cpu_memory_nodes: 0
active_processor_count: 4
cpu_quota: -1
cpu_period: 100000
cpu_shares: -1
memory_limit_in_bytes: -1
memory_and_swap_limit_in_bytes: -2
memory_soft_limit_in_bytes: -1
memory_usage_in_bytes: 3627069440
memory_max_usage_in_bytes: 71933952


CPU:total 4 (initial active 4) (2 cores per cpu, 1 threads per core) family 6 model 158 stepping 9, cmov, cx8, fxsr, mmx, sse, sse2, sse3, ssse3, sse4.1, sse4.2, popcnt, avx, avx2, aes, clmul, erms, 3dnowpref, lzcnt, tsc, tscinvbit, bmi1, bmi2, adx

/proc/cpuinfo:
processor	: 0
vendor_id	: GenuineIntel
cpu family	: 6
model		: 158
model name	: Intel(R) Core(TM) i7-7700HQ CPU @ 2.80GHz
stepping	: 9
microcode	: 0xb4
cpu MHz		: 2807.997
cache size	: 6144 KB
physical id	: 0
siblings	: 2
core id		: 0
cpu cores	: 2
apicid		: 0
initial apicid	: 0
fpu		: yes
fpu_exception	: yes
cpuid level	: 22
wp		: yes
flags		: fpu vme de pse tsc msr pae mce cx8 apic sep mtrr pge mca cmov pat pse36 clflush mmx fxsr sse sse2 ss ht syscall nx pdpe1gb rdtscp lm constant_tsc arch_perfmon nopl xtopology tsc_reliable nonstop_tsc cpuid pni pclmulqdq ssse3 fma cx16 pcid sse4_1 sse4_2 x2apic movbe popcnt tsc_deadline_timer aes xsave avx f16c rdrand hypervisor lahf_lm abm 3dnowprefetch cpuid_fault invpcid_single pti ssbd ibrs ibpb stibp fsgsbase tsc_adjust bmi1 avx2 smep bmi2 invpcid mpx rdseed adx smap clflushopt xsaveopt xsavec xsaves arat md_clear flush_l1d arch_capabilities
bugs		: cpu_meltdown spectre_v1 spectre_v2 spec_store_bypass l1tf mds swapgs itlb_multihit
bogomips	: 5615.99
clflush size	: 64
cache_alignment	: 64
address sizes	: 43 bits physical, 48 bits virtual
power management:

processor	: 1
vendor_id	: GenuineIntel
cpu family	: 6
model		: 158
model name	: Intel(R) Core(TM) i7-7700HQ CPU @ 2.80GHz
stepping	: 9
microcode	: 0xb4
cpu MHz		: 2807.997
cache size	: 6144 KB
physical id	: 0
siblings	: 2
core id		: 1
cpu cores	: 2
apicid		: 1
initial apicid	: 1
fpu		: yes
fpu_exception	: yes
cpuid level	: 22
wp		: yes
flags		: fpu vme de pse tsc msr pae mce cx8 apic sep mtrr pge mca cmov pat pse36 clflush mmx fxsr sse sse2 ss ht syscall nx pdpe1gb rdtscp lm constant_tsc arch_perfmon nopl xtopology tsc_reliable nonstop_tsc cpuid pni pclmulqdq ssse3 fma cx16 pcid sse4_1 sse4_2 x2apic movbe popcnt tsc_deadline_timer aes xsave avx f16c rdrand hypervisor lahf_lm abm 3dnowprefetch cpuid_fault invpcid_single pti ssbd ibrs ibpb stibp fsgsbase tsc_adjust bmi1 avx2 smep bmi2 invpcid mpx rdseed adx smap clflushopt xsaveopt xsavec xsaves arat md_clear flush_l1d arch_capabilities
bugs		: cpu_meltdown spectre_v1 spectre_v2 spec_store_bypass l1tf mds swapgs itlb_multihit
bogomips	: 5615.99
clflush size	: 64
cache_alignment	: 64
address sizes	: 43 bits physical, 48 bits virtual
power management:

processor	: 2
vendor_id	: GenuineIntel
cpu family	: 6
model		: 158
model name	: Intel(R) Core(TM) i7-7700HQ CPU @ 2.80GHz
stepping	: 9
microcode	: 0xb4
cpu MHz		: 2807.997
cache size	: 6144 KB
physical id	: 1
siblings	: 2
core id		: 0
cpu cores	: 2
apicid		: 2
initial apicid	: 2
fpu		: yes
fpu_exception	: yes
cpuid level	: 22
wp		: yes
flags		: fpu vme de pse tsc msr pae mce cx8 apic sep mtrr pge mca cmov pat pse36 clflush mmx fxsr sse sse2 ss ht syscall nx pdpe1gb rdtscp lm constant_tsc arch_perfmon nopl xtopology tsc_reliable nonstop_tsc cpuid pni pclmulqdq ssse3 fma cx16 pcid sse4_1 sse4_2 x2apic movbe popcnt tsc_deadline_timer aes xsave avx f16c rdrand hypervisor lahf_lm abm 3dnowprefetch cpuid_fault invpcid_single pti ssbd ibrs ibpb stibp fsgsbase tsc_adjust bmi1 avx2 smep bmi2 invpcid mpx rdseed adx smap clflushopt xsaveopt xsavec xsaves arat md_clear flush_l1d arch_capabilities
bugs		: cpu_meltdown spectre_v1 spectre_v2 spec_store_bypass l1tf mds swapgs itlb_multihit
bogomips	: 5615.99
clflush size	: 64
cache_alignment	: 64
address sizes	: 43 bits physical, 48 bits virtual
power management:

processor	: 3
vendor_id	: GenuineIntel
cpu family	: 6
model		: 158
model name	: Intel(R) Core(TM) i7-7700HQ CPU @ 2.80GHz
stepping	: 9
microcode	: 0xb4
cpu MHz		: 2807.997
cache size	: 6144 KB
physical id	: 1
siblings	: 2
core id		: 1
cpu cores	: 2
apicid		: 3
initial apicid	: 3
fpu		: yes
fpu_exception	: yes
cpuid level	: 22
wp		: yes
flags		: fpu vme de pse tsc msr pae mce cx8 apic sep mtrr pge mca cmov pat pse36 clflush mmx fxsr sse sse2 ss ht syscall nx pdpe1gb rdtscp lm constant_tsc arch_perfmon nopl xtopology tsc_reliable nonstop_tsc cpuid pni pclmulqdq ssse3 fma cx16 pcid sse4_1 sse4_2 x2apic movbe popcnt tsc_deadline_timer aes xsave avx f16c rdrand hypervisor lahf_lm abm 3dnowprefetch cpuid_fault invpcid_single pti ssbd ibrs ibpb stibp fsgsbase tsc_adjust bmi1 avx2 smep bmi2 invpcid mpx rdseed adx smap clflushopt xsaveopt xsavec xsaves arat md_clear flush_l1d arch_capabilities
bugs		: cpu_meltdown spectre_v1 spectre_v2 spec_store_bypass l1tf mds swapgs itlb_multihit
bogomips	: 5615.99
clflush size	: 64
cache_alignment	: 64
address sizes	: 43 bits physical, 48 bits virtual
power management:



Memory: 4k page, physical 4015928k(86664k free), swap 998396k(0k free)

vm_info: Java HotSpot(TM) 64-Bit Server VM (25.201-b09) for linux-amd64 JRE (1.8.0_201-b09), built on Dec 15 2018 11:35:59 by "java_re" with gcc 7.3.0

time: Mon Mar 30 15:37:52 2020
timezone: CST
elapsed time: 38 seconds (0d 0h 0m 38s)

