#
# There is insufficient memory for the Java Runtime Environment to continue.
# Native memory allocation (mmap) failed to map 16252928 bytes for committing reserved memory.
# Possible reasons:
#   The system is out of physical RAM or swap space
#   The process is running with CompressedOops enabled, and the Java Heap may be blocking the growth of the native heap
# Possible solutions:
#   Reduce memory load on the system
#   Increase physical memory or swap space
#   Check if swap backing store is full
#   Decrease Java heap size (-Xmx/-Xms)
#   Decrease number of Java threads
#   Decrease Java thread stack sizes (-Xss)
#   Set larger code cache with -XX:ReservedCodeCacheSize=
#   JVM is running with Unscaled Compressed Oops mode in which the Java heap is
#     placed in the first 4GB address space. The Java Heap base address is the
#     maximum limit for the native heap growth. Please use -XX:HeapBaseMinAddress
#     to set the Java Heap base and to place the Java Heap above 4GB virtual address.
# This output file may be truncated or incomplete.
#
#  Out of Memory Error (os_linux.cpp:2749), pid=19740, tid=0x00007f3e981f9700
#
# JRE version: Java(TM) SE Runtime Environment (8.0_201-b09) (build 1.8.0_201-b09)
# Java VM: Java HotSpot(TM) 64-Bit Server VM (25.201-b09 mixed mode linux-amd64 compressed oops)
# Failed to write core dump. Core dumps have been disabled. To enable core dumping, try "ulimit -c unlimited" before starting Java again
#

---------------  T H R E A D  ---------------

Current thread (0x00007f3eac140000):  VMThread [stack: 0x00007f3e980f9000,0x00007f3e981fa000] [id=19778]

Stack: [0x00007f3e980f9000,0x00007f3e981fa000],  sp=0x00007f3e981f8450,  free space=1021k
Native frames: (J=compiled Java code, j=interpreted, Vv=VM code, C=native code)
V  [libjvm.so+0xad3525]  VMError::report_and_die()+0x2e5
V  [libjvm.so+0x4e0457]  report_vm_out_of_memory(char const*, int, unsigned long, VMErrorType, char const*)+0x67
V  [libjvm.so+0x9102f0]  os::pd_commit_memory(char*, unsigned long, unsigned long, bool)+0x100
V  [libjvm.so+0x90791f]  os::commit_memory(char*, unsigned long, unsigned long, bool)+0x1f
V  [libjvm.so+0x98c806]  PSVirtualSpace::expand_by(unsigned long)+0x56
V  [libjvm.so+0x98da98]  PSYoungGen::resize(unsigned long, unsigned long)+0xd8
V  [libjvm.so+0x98a236]  PSScavenge::invoke_no_policy()+0x1376
V  [libjvm.so+0x98a5cc]  PSScavenge::invoke()+0x4c
V  [libjvm.so+0x93a318]  ParallelScavengeHeap::failed_mem_allocate(unsigned long)+0x68
V  [libjvm.so+0xad5073]  VM_ParallelGCFailedAllocation::doit()+0x93
V  [libjvm.so+0xada296]  VM_Operation::evaluate()+0x46
V  [libjvm.so+0xad85cd]  VMThread::evaluate_operation(VM_Operation*) [clone .constprop.44]+0xcd
V  [libjvm.so+0xad8bb3]  VMThread::loop()+0x3a3
V  [libjvm.so+0xad8f88]  VMThread::run()+0x78
V  [libjvm.so+0x90d922]  java_start(Thread*)+0x102

VM_Operation (0x00007f3e817d6c40): ParallelGCFailedAllocation, mode: safepoint, requested by thread 0x00007f3e4c001000


---------------  P R O C E S S  ---------------

Java Threads: ( => current thread )
  0x00007f3e4c003000 JavaThread "RMI TCP Connection(3)-127.0.0.1" daemon [_thread_blocked, id=20253, stack(0x00007f3e813de000,0x00007f3e814df000)]
  0x00007f3e4c001000 JavaThread "RMI TCP Connection(2)-127.0.0.1" daemon [_thread_blocked, id=20205, stack(0x00007f3e816df000,0x00007f3e817e0000)]
  0x00007f3e24038000 JavaThread "RMI Scheduler(0)" daemon [_thread_blocked, id=20198, stack(0x00007f3e817e0000,0x00007f3e818e1000)]
  0x00007f3e24030800 JavaThread "RMI RenewClean-[127.0.0.1:4862]" daemon [_thread_blocked, id=20191, stack(0x00007f3e818e1000,0x00007f3e819e2000)]
  0x00007f3e48001000 JavaThread "RMI TCP Connection(1)-127.0.0.1" daemon [_thread_in_native, id=20189, stack(0x00007f3e819e2000,0x00007f3e81ae3000)]
  0x00007f3e38005000 JavaThread "pool-3-thread-3" [_thread_in_native, id=20129, stack(0x00007f3e81ae3000,0x00007f3e81be4000)]
  0x00007f3e38003000 JavaThread "pool-3-thread-2" [_thread_in_native, id=20125, stack(0x00007f3e81be4000,0x00007f3e81ce5000)]
  0x00007f3e38002000 JavaThread "pool-3-thread-1" [_thread_in_native, id=20123, stack(0x00007f3e81ce5000,0x00007f3e81de6000)]
  0x00007f3eac3bf000 JavaThread "Thread-3" [_thread_in_native, id=20029, stack(0x00007f3e81de6000,0x00007f3e81ee7000)]
  0x00007f3eac3bd800 JavaThread "Thread-2" [_thread_in_native, id=20024, stack(0x00007f3e81ee7000,0x00007f3e81fe8000)]
  0x00007f3eac3bc000 JavaThread "process reaper" daemon [_thread_in_native, id=20014, stack(0x00007f3eb000d000,0x00007f3eb0046000)]
  0x00007f3eac3b6000 JavaThread "pool-2-thread-1" [_thread_in_native, id=19977, stack(0x00007f3e81fe8000,0x00007f3e820e9000)]
  0x00007f3eac3b4000 JavaThread "GC Daemon" daemon [_thread_blocked, id=19970, stack(0x00007f3e820e9000,0x00007f3e821ea000)]
  0x00007f3eac3b1000 JavaThread "RMI Reaper" [_thread_blocked, id=19965, stack(0x00007f3e821ea000,0x00007f3e822eb000)]
  0x00007f3eac3aa000 JavaThread "RMI TCP Accept-5650" daemon [_thread_in_native, id=19961, stack(0x00007f3e822eb000,0x00007f3e823ec000)]
  0x00007f3eac3a3000 JavaThread "RMI TCP Accept-19958" daemon [_thread_in_native, id=19939, stack(0x00007f3e823ec000,0x00007f3e824ed000)]
  0x00007f3eac2ea800 JavaThread "logback-3" daemon [_thread_blocked, id=19879, stack(0x00007f3e826ed000,0x00007f3e827ee000)]
  0x00007f3eac2e6800 JavaThread "logback-2" daemon [_thread_blocked, id=19874, stack(0x00007f3e827ee000,0x00007f3e828ef000)]
  0x00007f3eac2e5000 JavaThread "logback-1" daemon [_thread_blocked, id=19872, stack(0x00007f3e828ef000,0x00007f3e829f0000)]
  0x00007f3eac189000 JavaThread "Service Thread" daemon [_thread_blocked, id=19811, stack(0x00007f3e82f3a000,0x00007f3e8303b000)]
  0x00007f3eac186000 JavaThread "C1 CompilerThread2" daemon [_thread_blocked, id=19807, stack(0x00007f3e8303b000,0x00007f3e8313c000)]
  0x00007f3eac184800 JavaThread "C2 CompilerThread1" daemon [_thread_blocked, id=19806, stack(0x00007f3e8313c000,0x00007f3e8323d000)]
  0x00007f3eac181800 JavaThread "C2 CompilerThread0" daemon [_thread_blocked, id=19805, stack(0x00007f3e8323d000,0x00007f3e8333e000)]
  0x00007f3eac180000 JavaThread "Signal Dispatcher" daemon [_thread_blocked, id=19804, stack(0x00007f3e8333e000,0x00007f3e8343f000)]
  0x00007f3eac14c000 JavaThread "Finalizer" daemon [_thread_blocked, id=19785, stack(0x00007f3e83dfe000,0x00007f3e83eff000)]
  0x00007f3eac149800 JavaThread "Reference Handler" daemon [_thread_blocked, id=19782, stack(0x00007f3e83eff000,0x00007f3e84000000)]
  0x00007f3eac00a800 JavaThread "main" [_thread_in_native, id=19744, stack(0x00007f3eb25d1000,0x00007f3eb26d2000)]

Other Threads:
=>0x00007f3eac140000 VMThread [stack: 0x00007f3e980f9000,0x00007f3e981fa000] [id=19778]
  0x00007f3eac18b800 WatcherThread [stack: 0x00007f3e82e39000,0x00007f3e82f3a000] [id=19812]

VM state:at safepoint (normal execution)

VM Mutex/Monitor currently owned by a thread:  ([mutex/lock_event])
[0x00007f3eac007070] Threads_lock - owner thread: 0x00007f3eac140000
[0x00007f3eac007570] Heap_lock - owner thread: 0x00007f3e4c001000

heap address: 0x00000000c2a00000, size: 982 MB, Compressed Oops mode: 32-bit
Narrow klass base: 0x0000000000000000, Narrow klass shift: 3
Compressed class space size: 1073741824 Address: 0x0000000100000000

Heap:
 PSYoungGen      total 18432K, used 2558K [0x00000000eb900000, 0x00000000ecd80000, 0x0000000100000000)
  eden space 15872K, 0% used [0x00000000eb900000,0x00000000eb900000,0x00000000ec880000)
  from space 2560K, 99% used [0x00000000ecb00000,0x00000000ecd7f830,0x00000000ecd80000)
  to   space 2560K, 0% used [0x00000000ec880000,0x00000000ec880000,0x00000000ecb00000)
 ParOldGen       total 42496K, used 5866K [0x00000000c2a00000, 0x00000000c5380000, 0x00000000eb900000)
  object space 42496K, 13% used [0x00000000c2a00000,0x00000000c2fbaa20,0x00000000c5380000)
 Metaspace       used 13196K, capacity 13556K, committed 13824K, reserved 1060864K
  class space    used 1551K, capacity 1668K, committed 1792K, reserved 1048576K

Card table byte_map: [0x00007f3e9bff8000,0x00007f3e9c1e4000] byte_map_base: 0x00007f3e9b9e3000

Marking Bits: (ParMarkBitMap*) 0x00007f3eb1aa8d80
 Begin Bits: [0x00007f3e99d44000, 0x00007f3e9ac9c000)
 End Bits:   [0x00007f3e9ac9c000, 0x00007f3e9bbf4000)

Polling page: 0x00007f3eb26ed000

CodeCache: size=245760Kb used=4205Kb max_used=4208Kb free=241554Kb
 bounds [0x00007f3e9c5a4000, 0x00007f3e9c9c4000, 0x00007f3eab5a4000]
 total_blobs=1526 nmethods=1182 adapters=258
 compilation: enabled

Compilation events (10 events):
Event: 29.311 Thread 0x00007f3eac184800 1183       4       java.util.HashMap::newNode (13 bytes)
Event: 29.312 Thread 0x00007f3eac184800 nmethod 1183 0x00007f3e9c9c0d50 code [0x00007f3e9c9c0ea0, 0x00007f3e9c9c0fb8]
Event: 29.378 Thread 0x00007f3eac184800 1184       4       java.lang.String::indexOf (166 bytes)
Event: 29.385 Thread 0x00007f3eac184800 nmethod 1184 0x00007f3e9c9bef10 code [0x00007f3e9c9bf080, 0x00007f3e9c9bf598]
Event: 29.389 Thread 0x00007f3eac186000 1185       3       java.io.ObjectStreamClass::computeFieldOffsets (307 bytes)
Event: 29.390 Thread 0x00007f3eac186000 nmethod 1185 0x00007f3e9c9bfc50 code [0x00007f3e9c9bfe60, 0x00007f3e9c9c0848]
Event: 29.390 Thread 0x00007f3eac186000 1186       3       java.io.ObjectInputStream$HandleTable::markDependency (171 bytes)
Event: 29.390 Thread 0x00007f3eac186000 nmethod 1186 0x00007f3e9c9c1c90 code [0x00007f3e9c9c1ea0, 0x00007f3e9c9c27d8]
Event: 29.477 Thread 0x00007f3eac186000 1187       3       java.io.Bits::getLong (105 bytes)
Event: 29.477 Thread 0x00007f3eac186000 nmethod 1187 0x00007f3e9c9c1690 code [0x00007f3e9c9c1800, 0x00007f3e9c9c1ad0]

GC Heap History (5 events):
Event: 2.017 GC heap before
{Heap before GC invocations=1 (full 0):
 PSYoungGen      total 18432K, used 15872K [0x00000000eb900000, 0x00000000ecd80000, 0x0000000100000000)
  eden space 15872K, 100% used [0x00000000eb900000,0x00000000ec880000,0x00000000ec880000)
  from space 2560K, 0% used [0x00000000ecb00000,0x00000000ecb00000,0x00000000ecd80000)
  to   space 2560K, 0% used [0x00000000ec880000,0x00000000ec880000,0x00000000ecb00000)
 ParOldGen       total 42496K, used 0K [0x00000000c2a00000, 0x00000000c5380000, 0x00000000eb900000)
  object space 42496K, 0% used [0x00000000c2a00000,0x00000000c2a00000,0x00000000c5380000)
 Metaspace       used 10217K, capacity 10366K, committed 10624K, reserved 1058816K
  class space    used 1239K, capacity 1324K, committed 1408K, reserved 1048576K
Event: 2.031 GC heap after
Heap after GC invocations=1 (full 0):
 PSYoungGen      total 18432K, used 2528K [0x00000000eb900000, 0x00000000ecd80000, 0x0000000100000000)
  eden space 15872K, 0% used [0x00000000eb900000,0x00000000eb900000,0x00000000ec880000)
  from space 2560K, 98% used [0x00000000ec880000,0x00000000ecaf8030,0x00000000ecb00000)
  to   space 2560K, 0% used [0x00000000ecb00000,0x00000000ecb00000,0x00000000ecd80000)
 ParOldGen       total 42496K, used 1615K [0x00000000c2a00000, 0x00000000c5380000, 0x00000000eb900000)
  object space 42496K, 3% used [0x00000000c2a00000,0x00000000c2b93e18,0x00000000c5380000)
 Metaspace       used 10217K, capacity 10366K, committed 10624K, reserved 1058816K
  class space    used 1239K, capacity 1324K, committed 1408K, reserved 1048576K
}
Event: 2.031 GC heap before
{Heap before GC invocations=2 (full 1):
 PSYoungGen      total 18432K, used 2528K [0x00000000eb900000, 0x00000000ecd80000, 0x0000000100000000)
  eden space 15872K, 0% used [0x00000000eb900000,0x00000000eb900000,0x00000000ec880000)
  from space 2560K, 98% used [0x00000000ec880000,0x00000000ecaf8030,0x00000000ecb00000)
  to   space 2560K, 0% used [0x00000000ecb00000,0x00000000ecb00000,0x00000000ecd80000)
 ParOldGen       total 42496K, used 1615K [0x00000000c2a00000, 0x00000000c5380000, 0x00000000eb900000)
  object space 42496K, 3% used [0x00000000c2a00000,0x00000000c2b93e18,0x00000000c5380000)
 Metaspace       used 10217K, capacity 10366K, committed 10624K, reserved 1058816K
  class space    used 1239K, capacity 1324K, committed 1408K, reserved 1048576K
Event: 2.061 GC heap after
Heap after GC invocations=2 (full 1):
 PSYoungGen      total 18432K, used 0K [0x00000000eb900000, 0x00000000ecd80000, 0x0000000100000000)
  eden space 15872K, 0% used [0x00000000eb900000,0x00000000eb900000,0x00000000ec880000)
  from space 2560K, 0% used [0x00000000ec880000,0x00000000ec880000,0x00000000ecb00000)
  to   space 2560K, 0% used [0x00000000ecb00000,0x00000000ecb00000,0x00000000ecd80000)
 ParOldGen       total 42496K, used 3953K [0x00000000c2a00000, 0x00000000c5380000, 0x00000000eb900000)
  object space 42496K, 9% used [0x00000000c2a00000,0x00000000c2ddc6a0,0x00000000c5380000)
 Metaspace       used 10209K, capacity 10356K, committed 10624K, reserved 1058816K
  class space    used 1237K, capacity 1322K, committed 1408K, reserved 1048576K
}
Event: 29.604 GC heap before
{Heap before GC invocations=3 (full 1):
 PSYoungGen      total 18432K, used 15872K [0x00000000eb900000, 0x00000000ecd80000, 0x0000000100000000)
  eden space 15872K, 100% used [0x00000000eb900000,0x00000000ec880000,0x00000000ec880000)
  from space 2560K, 0% used [0x00000000ec880000,0x00000000ec880000,0x00000000ecb00000)
  to   space 2560K, 0% used [0x00000000ecb00000,0x00000000ecb00000,0x00000000ecd80000)
 ParOldGen       total 42496K, used 3953K [0x00000000c2a00000, 0x00000000c5380000, 0x00000000eb900000)
  object space 42496K, 9% used [0x00000000c2a00000,0x00000000c2ddc6a0,0x00000000c5380000)
 Metaspace       used 13196K, capacity 13556K, committed 13824K, reserved 1060864K
  class space    used 1551K, capacity 1668K, committed 1792K, reserved 1048576K

Deoptimization events (10 events):
Event: 3.967 Thread 0x00007f3e48001000 Uncommon trap: reason=unstable_if action=reinterpret pc=0x00007f3e9c897138 method=sun.misc.MetaIndex.mayContain(Ljava/lang/String;)Z @ 38
Event: 3.967 Thread 0x00007f3e48001000 Uncommon trap: reason=unstable_if action=reinterpret pc=0x00007f3e9c77fd8c method=sun.misc.MetaIndex.mayContain(Ljava/lang/String;)Z @ 38
Event: 26.917 Thread 0x00007f3e4c001000 Uncommon trap: reason=bimorphic action=maybe_recompile pc=0x00007f3e9c80ac10 method=java.util.HashMap.putVal(ILjava/lang/Object;Ljava/lang/Object;ZZ)Ljava/lang/Object; @ 91
Event: 26.917 Thread 0x00007f3e4c001000 Uncommon trap: reason=bimorphic action=maybe_recompile pc=0x00007f3e9c80ac10 method=java.util.HashMap.putVal(ILjava/lang/Object;Ljava/lang/Object;ZZ)Ljava/lang/Object; @ 91
Event: 26.970 Thread 0x00007f3e4c001000 Uncommon trap: reason=bimorphic action=maybe_recompile pc=0x00007f3e9c80ac10 method=java.util.HashMap.putVal(ILjava/lang/Object;Ljava/lang/Object;ZZ)Ljava/lang/Object; @ 91
Event: 26.972 Thread 0x00007f3e4c001000 Uncommon trap: reason=bimorphic action=maybe_recompile pc=0x00007f3e9c80ac10 method=java.util.HashMap.putVal(ILjava/lang/Object;Ljava/lang/Object;ZZ)Ljava/lang/Object; @ 91
Event: 27.475 Thread 0x00007f3e4c001000 Uncommon trap: reason=class_check action=maybe_recompile pc=0x00007f3e9c95afb4 method=java.util.HashMap.putVal(ILjava/lang/Object;Ljava/lang/Object;ZZ)Ljava/lang/Object; @ 203
Event: 27.591 Thread 0x00007f3e4c003000 Uncommon trap: reason=unstable_if action=reinterpret pc=0x00007f3e9c96df2c method=java.io.ObjectInputStream.defaultReadFields(Ljava/lang/Object;Ljava/io/ObjectStreamClass;)V @ 39
Event: 28.066 Thread 0x00007f3e4c001000 Uncommon trap: reason=uninitialized action=reinterpret pc=0x00007f3e9c925fd4 method=java.io.ObjectInputStream$HandleTable.markDependency(II)V @ 110
Event: 29.122 Thread 0x00007f3e4c001000 Uncommon trap: reason=class_check action=maybe_recompile pc=0x00007f3e9c95afb4 method=java.util.HashMap.putVal(ILjava/lang/Object;Ljava/lang/Object;ZZ)Ljava/lang/Object; @ 203

Classes redefined (0 events):
No events

Internal exceptions (10 events):
Event: 4.004 Thread 0x00007f3e48001000 Exception <a 'java/lang/NoSuchMethodError': <clinit>> (0x00000000ebb06230) thrown at [/HUDSON/workspace/8-2-build-linux-amd64/jdk8u201/12317/hotspot/src/share/vm/prims/jni.cpp, line 1613]
Event: 4.056 Thread 0x00007f3e24030800 Exception <a 'java/lang/InterruptedException'> (0x00000000ebb16ee0) thrown at [/HUDSON/workspace/8-2-build-linux-amd64/jdk8u201/12317/hotspot/src/share/vm/runtime/objectMonitor.cpp, line 1684]
Event: 10.871 Thread 0x00007f3eac2e5000 Exception <a 'java/net/ConnectException'> (0x00000000ebb8e940) thrown at [/HUDSON/workspace/8-2-build-linux-amd64/jdk8u201/12317/hotspot/src/share/vm/prims/jni.cpp, line 709]
Event: 10.902 Thread 0x00007f3eac2e6800 Exception <a 'java/net/ConnectException'> (0x00000000ebbb64e8) thrown at [/HUDSON/workspace/8-2-build-linux-amd64/jdk8u201/12317/hotspot/src/share/vm/prims/jni.cpp, line 709]
Event: 10.927 Thread 0x00007f3eac2ea800 Exception <a 'java/net/ConnectException'> (0x00000000ebbde090) thrown at [/HUDSON/workspace/8-2-build-linux-amd64/jdk8u201/12317/hotspot/src/share/vm/prims/jni.cpp, line 709]
Event: 20.872 Thread 0x00007f3eac2e5000 Exception <a 'java/net/ConnectException'> (0x00000000ebb8f468) thrown at [/HUDSON/workspace/8-2-build-linux-amd64/jdk8u201/12317/hotspot/src/share/vm/prims/jni.cpp, line 709]
Event: 20.903 Thread 0x00007f3eac2e6800 Exception <a 'java/net/ConnectException'> (0x00000000ebbb7010) thrown at [/HUDSON/workspace/8-2-build-linux-amd64/jdk8u201/12317/hotspot/src/share/vm/prims/jni.cpp, line 709]
Event: 20.928 Thread 0x00007f3eac2ea800 Exception <a 'java/net/ConnectException'> (0x00000000ebbdebb8) thrown at [/HUDSON/workspace/8-2-build-linux-amd64/jdk8u201/12317/hotspot/src/share/vm/prims/jni.cpp, line 709]
Event: 27.591 Thread 0x00007f3e4c003000 Implicit null exception at 0x00007f3e9c96ce16 to 0x00007f3e9c96df09
Event: 27.867 Thread 0x00007f3e4c001000 Exception <a 'java/lang/NoSuchMethodError': <clinit>> (0x00000000ec3e41c8) thrown at [/HUDSON/workspace/8-2-build-linux-amd64/jdk8u201/12317/hotspot/src/share/vm/prims/jni.cpp, line 1613]

Events (10 events):
Event: 29.487 loading class org/evosuite/coverage/dataflow/Definition done
Event: 29.515 loading class org/evosuite/coverage/dataflow/DefUse
Event: 29.515 loading class org/evosuite/coverage/dataflow/DefUse done
Event: 29.516 Executing VM operation: Deoptimize
Event: 29.603 Executing VM operation: Deoptimize done
Event: 29.603 loading class org/evosuite/coverage/dataflow/Use
Event: 29.603 loading class org/evosuite/coverage/dataflow/Use done
Event: 29.604 loading class org/jgrapht/graph/DefaultDirectedGraph
Event: 29.604 loading class org/jgrapht/graph/DefaultDirectedGraph done
Event: 29.604 Executing VM operation: ParallelGCFailedAllocation


Dynamic libraries:
00400000-00401000 r-xp 00000000 08:01 654793                             /usr/lib/jdk/jdk1.8.0_201/bin/java
00600000-00601000 r--p 00000000 08:01 654793                             /usr/lib/jdk/jdk1.8.0_201/bin/java
00601000-00602000 rw-p 00001000 08:01 654793                             /usr/lib/jdk/jdk1.8.0_201/bin/java
00d02000-00ea6000 rw-p 00000000 00:00 0                                  [heap]
c2a00000-c5380000 rw-p 00000000 00:00 0 
c5380000-eb900000 ---p 00000000 00:00 0 
eb900000-ecd80000 rw-p 00000000 00:00 0 
edd00000-100000000 ---p 00000000 00:00 0 
100000000-1001c0000 rw-p 00000000 00:00 0 
1001c0000-140000000 ---p 00000000 00:00 0 
7f3e18000000-7f3e18021000 rw-p 00000000 00:00 0 
7f3e18021000-7f3e1c000000 ---p 00000000 00:00 0 
7f3e1c000000-7f3e1c021000 rw-p 00000000 00:00 0 
7f3e1c021000-7f3e20000000 ---p 00000000 00:00 0 
7f3e20000000-7f3e20021000 rw-p 00000000 00:00 0 
7f3e20021000-7f3e24000000 ---p 00000000 00:00 0 
7f3e24000000-7f3e2403b000 rw-p 00000000 00:00 0 
7f3e2403b000-7f3e28000000 ---p 00000000 00:00 0 
7f3e28000000-7f3e28021000 rw-p 00000000 00:00 0 
7f3e28021000-7f3e2c000000 ---p 00000000 00:00 0 
7f3e2c000000-7f3e2c021000 rw-p 00000000 00:00 0 
7f3e2c021000-7f3e30000000 ---p 00000000 00:00 0 
7f3e30000000-7f3e30021000 rw-p 00000000 00:00 0 
7f3e30021000-7f3e34000000 ---p 00000000 00:00 0 
7f3e34000000-7f3e34021000 rw-p 00000000 00:00 0 
7f3e34021000-7f3e38000000 ---p 00000000 00:00 0 
7f3e38000000-7f3e38021000 rw-p 00000000 00:00 0 
7f3e38021000-7f3e3c000000 ---p 00000000 00:00 0 
7f3e3c000000-7f3e3c021000 rw-p 00000000 00:00 0 
7f3e3c021000-7f3e40000000 ---p 00000000 00:00 0 
7f3e40000000-7f3e40021000 rw-p 00000000 00:00 0 
7f3e40021000-7f3e44000000 ---p 00000000 00:00 0 
7f3e44000000-7f3e44021000 rw-p 00000000 00:00 0 
7f3e44021000-7f3e48000000 ---p 00000000 00:00 0 
7f3e48000000-7f3e48021000 rw-p 00000000 00:00 0 
7f3e48021000-7f3e4c000000 ---p 00000000 00:00 0 
7f3e4c000000-7f3e4c021000 rw-p 00000000 00:00 0 
7f3e4c021000-7f3e50000000 ---p 00000000 00:00 0 
7f3e50000000-7f3e50021000 rw-p 00000000 00:00 0 
7f3e50021000-7f3e54000000 ---p 00000000 00:00 0 
7f3e54000000-7f3e54021000 rw-p 00000000 00:00 0 
7f3e54021000-7f3e58000000 ---p 00000000 00:00 0 
7f3e58000000-7f3e58021000 rw-p 00000000 00:00 0 
7f3e58021000-7f3e5c000000 ---p 00000000 00:00 0 
7f3e5c000000-7f3e5c021000 rw-p 00000000 00:00 0 
7f3e5c021000-7f3e60000000 ---p 00000000 00:00 0 
7f3e60fff000-7f3e64000000 rw-p 00000000 00:00 0 
7f3e64000000-7f3e646ba000 rw-p 00000000 00:00 0 
7f3e646ba000-7f3e68000000 ---p 00000000 00:00 0 
7f3e68000000-7f3e68021000 rw-p 00000000 00:00 0 
7f3e68021000-7f3e6c000000 ---p 00000000 00:00 0 
7f3e6c000000-7f3e6cf72000 rw-p 00000000 00:00 0 
7f3e6cf72000-7f3e70000000 ---p 00000000 00:00 0 
7f3e70000000-7f3e708d2000 rw-p 00000000 00:00 0 
7f3e708d2000-7f3e74000000 ---p 00000000 00:00 0 
7f3e74000000-7f3e74021000 rw-p 00000000 00:00 0 
7f3e74021000-7f3e78000000 ---p 00000000 00:00 0 
7f3e78000000-7f3e78021000 rw-p 00000000 00:00 0 
7f3e78021000-7f3e7c000000 ---p 00000000 00:00 0 
7f3e7c000000-7f3e7c021000 rw-p 00000000 00:00 0 
7f3e7c021000-7f3e80000000 ---p 00000000 00:00 0 
7f3e813de000-7f3e813e1000 ---p 00000000 00:00 0 
7f3e813e1000-7f3e8169f000 rw-p 00000000 00:00 0 
7f3e8169f000-7f3e816df000 ---p 00000000 00:00 0 
7f3e816df000-7f3e816e2000 ---p 00000000 00:00 0 
7f3e816e2000-7f3e817e0000 rw-p 00000000 00:00 0 
7f3e817e0000-7f3e817e3000 ---p 00000000 00:00 0 
7f3e817e3000-7f3e818e1000 rw-p 00000000 00:00 0 
7f3e818e1000-7f3e818e4000 ---p 00000000 00:00 0 
7f3e818e4000-7f3e819e2000 rw-p 00000000 00:00 0 
7f3e819e2000-7f3e819e5000 ---p 00000000 00:00 0 
7f3e819e5000-7f3e81ae3000 rw-p 00000000 00:00 0 
7f3e81ae3000-7f3e81ae6000 ---p 00000000 00:00 0 
7f3e81ae6000-7f3e81be4000 rw-p 00000000 00:00 0 
7f3e81be4000-7f3e81be7000 ---p 00000000 00:00 0 
7f3e81be7000-7f3e81ce5000 rw-p 00000000 00:00 0 
7f3e81ce5000-7f3e81ce8000 ---p 00000000 00:00 0 
7f3e81ce8000-7f3e81de6000 rw-p 00000000 00:00 0 
7f3e81de6000-7f3e81de9000 ---p 00000000 00:00 0 
7f3e81de9000-7f3e81ee7000 rw-p 00000000 00:00 0 
7f3e81ee7000-7f3e81eea000 ---p 00000000 00:00 0 
7f3e81eea000-7f3e81fe8000 rw-p 00000000 00:00 0 
7f3e81fe8000-7f3e81feb000 ---p 00000000 00:00 0 
7f3e81feb000-7f3e820e9000 rw-p 00000000 00:00 0 
7f3e820e9000-7f3e820ec000 ---p 00000000 00:00 0 
7f3e820ec000-7f3e821ea000 rw-p 00000000 00:00 0 
7f3e821ea000-7f3e821ed000 ---p 00000000 00:00 0 
7f3e821ed000-7f3e822eb000 rw-p 00000000 00:00 0 
7f3e822eb000-7f3e822ee000 ---p 00000000 00:00 0 
7f3e822ee000-7f3e823ec000 rw-p 00000000 00:00 0 
7f3e823ec000-7f3e823ef000 ---p 00000000 00:00 0 
7f3e823ef000-7f3e826ed000 rw-p 00000000 00:00 0 
7f3e826ed000-7f3e826f0000 ---p 00000000 00:00 0 
7f3e826f0000-7f3e827ee000 rw-p 00000000 00:00 0 
7f3e827ee000-7f3e827f1000 ---p 00000000 00:00 0 
7f3e827f1000-7f3e828ef000 rw-p 00000000 00:00 0 
7f3e828ef000-7f3e828f2000 ---p 00000000 00:00 0 
7f3e828f2000-7f3e829f0000 rw-p 00000000 00:00 0 
7f3e829f0000-7f3e82a06000 r-xp 00000000 08:01 656512                     /usr/lib/jdk/jdk1.8.0_201/jre/lib/amd64/libnet.so
7f3e82a06000-7f3e82c06000 ---p 00016000 08:01 656512                     /usr/lib/jdk/jdk1.8.0_201/jre/lib/amd64/libnet.so
7f3e82c06000-7f3e82c07000 r--p 00016000 08:01 656512                     /usr/lib/jdk/jdk1.8.0_201/jre/lib/amd64/libnet.so
7f3e82c07000-7f3e82c08000 rw-p 00017000 08:01 656512                     /usr/lib/jdk/jdk1.8.0_201/jre/lib/amd64/libnet.so
7f3e82c08000-7f3e82e39000 r--s 01bb1000 08:01 403225                     /home/hewitt/work/DiffTGen-master/lib/evosuite-1.0.6.jar
7f3e82e39000-7f3e82e3a000 ---p 00000000 00:00 0 
7f3e82e3a000-7f3e82f3a000 rw-p 00000000 00:00 0 
7f3e82f3a000-7f3e82f3d000 ---p 00000000 00:00 0 
7f3e82f3d000-7f3e8303b000 rw-p 00000000 00:00 0 
7f3e8303b000-7f3e8303e000 ---p 00000000 00:00 0 
7f3e8303e000-7f3e8313c000 rw-p 00000000 00:00 0 
7f3e8313c000-7f3e8313f000 ---p 00000000 00:00 0 
7f3e8313f000-7f3e8323d000 rw-p 00000000 00:00 0 
7f3e8323d000-7f3e83240000 ---p 00000000 00:00 0 
7f3e83240000-7f3e8333e000 rw-p 00000000 00:00 0 
7f3e8333e000-7f3e83341000 ---p 00000000 00:00 0 
7f3e83341000-7f3e8343f000 rw-p 00000000 00:00 0 
7f3e8343f000-7f3e83dfe000 r--p 00000000 08:01 270368                     /usr/lib/locale/locale-archive
7f3e83dfe000-7f3e83e01000 ---p 00000000 00:00 0 
7f3e83e01000-7f3e83eff000 rw-p 00000000 00:00 0 
7f3e83eff000-7f3e83f02000 ---p 00000000 00:00 0 
7f3e83f02000-7f3e84000000 rw-p 00000000 00:00 0 
7f3e84000000-7f3e84021000 rw-p 00000000 00:00 0 
7f3e84021000-7f3e88000000 ---p 00000000 00:00 0 
7f3e88000000-7f3e882bb000 rw-p 00000000 00:00 0 
7f3e882bb000-7f3e8c000000 ---p 00000000 00:00 0 
7f3e8c000000-7f3e8c021000 rw-p 00000000 00:00 0 
7f3e8c021000-7f3e90000000 ---p 00000000 00:00 0 
7f3e90000000-7f3e90021000 rw-p 00000000 00:00 0 
7f3e90021000-7f3e94000000 ---p 00000000 00:00 0 
7f3e94000000-7f3e94021000 rw-p 00000000 00:00 0 
7f3e94021000-7f3e98000000 ---p 00000000 00:00 0 
7f3e98080000-7f3e980f9000 r--s 010fd000 08:01 654900                     /usr/lib/jdk/jdk1.8.0_201/lib/tools.jar
7f3e980f9000-7f3e980fa000 ---p 00000000 00:00 0 
7f3e980fa000-7f3e99109000 rw-p 00000000 00:00 0 
7f3e99109000-7f3e992e3000 r--s 03d6f000 08:01 656293                     /usr/lib/jdk/jdk1.8.0_201/jre/lib/rt.jar
7f3e992e3000-7f3e9bbf4000 rw-p 00000000 00:00 0 
7f3e9bbf4000-7f3e9bbf5000 ---p 00000000 00:00 0 
7f3e9bbf5000-7f3e9bcf5000 rw-p 00000000 00:00 0 
7f3e9bcf5000-7f3e9bcf6000 ---p 00000000 00:00 0 
7f3e9bcf6000-7f3e9bdf6000 rw-p 00000000 00:00 0 
7f3e9bdf6000-7f3e9bdf7000 ---p 00000000 00:00 0 
7f3e9bdf7000-7f3e9bef7000 rw-p 00000000 00:00 0 
7f3e9bef7000-7f3e9bef8000 ---p 00000000 00:00 0 
7f3e9bef8000-7f3e9c00d000 rw-p 00000000 00:00 0 
7f3e9c00d000-7f3e9c13f000 ---p 00000000 00:00 0 
7f3e9c13f000-7f3e9c14a000 rw-p 00000000 00:00 0 
7f3e9c14a000-7f3e9c1e3000 ---p 00000000 00:00 0 
7f3e9c1e3000-7f3e9c1f5000 rw-p 00000000 00:00 0 
7f3e9c1f5000-7f3e9c5a4000 ---p 00000000 00:00 0 
7f3e9c5a4000-7f3e9c9c4000 rwxp 00000000 00:00 0 
7f3e9c9c4000-7f3eab5a4000 ---p 00000000 00:00 0 
7f3eab5a4000-7f3eab5bf000 r-xp 00000000 08:01 656508                     /usr/lib/jdk/jdk1.8.0_201/jre/lib/amd64/libzip.so
7f3eab5bf000-7f3eab7be000 ---p 0001b000 08:01 656508                     /usr/lib/jdk/jdk1.8.0_201/jre/lib/amd64/libzip.so
7f3eab7be000-7f3eab7bf000 r--p 0001a000 08:01 656508                     /usr/lib/jdk/jdk1.8.0_201/jre/lib/amd64/libzip.so
7f3eab7bf000-7f3eab7c0000 rw-p 0001b000 08:01 656508                     /usr/lib/jdk/jdk1.8.0_201/jre/lib/amd64/libzip.so
7f3eab7c0000-7f3eab7cb000 r-xp 00000000 08:01 658902                     /lib/x86_64-linux-gnu/libnss_files-2.23.so
7f3eab7cb000-7f3eab9ca000 ---p 0000b000 08:01 658902                     /lib/x86_64-linux-gnu/libnss_files-2.23.so
7f3eab9ca000-7f3eab9cb000 r--p 0000a000 08:01 658902                     /lib/x86_64-linux-gnu/libnss_files-2.23.so
7f3eab9cb000-7f3eab9cc000 rw-p 0000b000 08:01 658902                     /lib/x86_64-linux-gnu/libnss_files-2.23.so
7f3eab9cc000-7f3eab9d2000 rw-p 00000000 00:00 0 
7f3eab9d2000-7f3eab9dd000 r-xp 00000000 08:01 658912                     /lib/x86_64-linux-gnu/libnss_nis-2.23.so
7f3eab9dd000-7f3eabbdc000 ---p 0000b000 08:01 658912                     /lib/x86_64-linux-gnu/libnss_nis-2.23.so
7f3eabbdc000-7f3eabbdd000 r--p 0000a000 08:01 658912                     /lib/x86_64-linux-gnu/libnss_nis-2.23.so
7f3eabbdd000-7f3eabbde000 rw-p 0000b000 08:01 658912                     /lib/x86_64-linux-gnu/libnss_nis-2.23.so
7f3eabbde000-7f3eabbf4000 r-xp 00000000 08:01 658896                     /lib/x86_64-linux-gnu/libnsl-2.23.so
7f3eabbf4000-7f3eabdf3000 ---p 00016000 08:01 658896                     /lib/x86_64-linux-gnu/libnsl-2.23.so
7f3eabdf3000-7f3eabdf4000 r--p 00015000 08:01 658896                     /lib/x86_64-linux-gnu/libnsl-2.23.so
7f3eabdf4000-7f3eabdf5000 rw-p 00016000 08:01 658896                     /lib/x86_64-linux-gnu/libnsl-2.23.so
7f3eabdf5000-7f3eabdf7000 rw-p 00000000 00:00 0 
7f3eabdf7000-7f3eabdff000 r-xp 00000000 08:01 658898                     /lib/x86_64-linux-gnu/libnss_compat-2.23.so
7f3eabdff000-7f3eabffe000 ---p 00008000 08:01 658898                     /lib/x86_64-linux-gnu/libnss_compat-2.23.so
7f3eabffe000-7f3eabfff000 r--p 00007000 08:01 658898                     /lib/x86_64-linux-gnu/libnss_compat-2.23.so
7f3eabfff000-7f3eac000000 rw-p 00008000 08:01 658898                     /lib/x86_64-linux-gnu/libnss_compat-2.23.so
7f3eac000000-7f3eac4c7000 rw-p 00000000 00:00 0 
7f3eac4c7000-7f3eb0000000 ---p 00000000 00:00 0 
7f3eb0003000-7f3eb000d000 r--s 00116000 08:01 656361                     /usr/lib/jdk/jdk1.8.0_201/jre/lib/ext/localedata.jar
7f3eb000d000-7f3eb0010000 ---p 00000000 00:00 0 
7f3eb0010000-7f3eb005b000 rw-p 00000000 00:00 0 
7f3eb005b000-7f3eb018e000 ---p 00000000 00:00 0 
7f3eb018e000-7f3eb01ba000 r-xp 00000000 08:01 656502                     /usr/lib/jdk/jdk1.8.0_201/jre/lib/amd64/libjava.so
7f3eb01ba000-7f3eb03ba000 ---p 0002c000 08:01 656502                     /usr/lib/jdk/jdk1.8.0_201/jre/lib/amd64/libjava.so
7f3eb03ba000-7f3eb03bb000 r--p 0002c000 08:01 656502                     /usr/lib/jdk/jdk1.8.0_201/jre/lib/amd64/libjava.so
7f3eb03bb000-7f3eb03bd000 rw-p 0002d000 08:01 656502                     /usr/lib/jdk/jdk1.8.0_201/jre/lib/amd64/libjava.so
7f3eb03bd000-7f3eb03ca000 r-xp 00000000 08:01 656507                     /usr/lib/jdk/jdk1.8.0_201/jre/lib/amd64/libverify.so
7f3eb03ca000-7f3eb05c9000 ---p 0000d000 08:01 656507                     /usr/lib/jdk/jdk1.8.0_201/jre/lib/amd64/libverify.so
7f3eb05c9000-7f3eb05cb000 r--p 0000c000 08:01 656507                     /usr/lib/jdk/jdk1.8.0_201/jre/lib/amd64/libverify.so
7f3eb05cb000-7f3eb05cc000 rw-p 0000e000 08:01 656507                     /usr/lib/jdk/jdk1.8.0_201/jre/lib/amd64/libverify.so
7f3eb05cc000-7f3eb05d3000 r-xp 00000000 08:01 658957                     /lib/x86_64-linux-gnu/librt-2.23.so
7f3eb05d3000-7f3eb07d2000 ---p 00007000 08:01 658957                     /lib/x86_64-linux-gnu/librt-2.23.so
7f3eb07d2000-7f3eb07d3000 r--p 00006000 08:01 658957                     /lib/x86_64-linux-gnu/librt-2.23.so
7f3eb07d3000-7f3eb07d4000 rw-p 00007000 08:01 658957                     /lib/x86_64-linux-gnu/librt-2.23.so
7f3eb07d4000-7f3eb08dc000 r-xp 00000000 08:01 658873                     /lib/x86_64-linux-gnu/libm-2.23.so
7f3eb08dc000-7f3eb0adb000 ---p 00108000 08:01 658873                     /lib/x86_64-linux-gnu/libm-2.23.so
7f3eb0adb000-7f3eb0adc000 r--p 00107000 08:01 658873                     /lib/x86_64-linux-gnu/libm-2.23.so
7f3eb0adc000-7f3eb0add000 rw-p 00108000 08:01 658873                     /lib/x86_64-linux-gnu/libm-2.23.so
7f3eb0add000-7f3eb17c5000 r-xp 00000000 08:01 656484                     /usr/lib/jdk/jdk1.8.0_201/jre/lib/amd64/server/libjvm.so
7f3eb17c5000-7f3eb19c4000 ---p 00ce8000 08:01 656484                     /usr/lib/jdk/jdk1.8.0_201/jre/lib/amd64/server/libjvm.so
7f3eb19c4000-7f3eb1a5a000 r--p 00ce7000 08:01 656484                     /usr/lib/jdk/jdk1.8.0_201/jre/lib/amd64/server/libjvm.so
7f3eb1a5a000-7f3eb1a8b000 rw-p 00d7d000 08:01 656484                     /usr/lib/jdk/jdk1.8.0_201/jre/lib/amd64/server/libjvm.so
7f3eb1a8b000-7f3eb1ac6000 rw-p 00000000 00:00 0 
7f3eb1ac6000-7f3eb1c86000 r-xp 00000000 08:01 658803                     /lib/x86_64-linux-gnu/libc-2.23.so
7f3eb1c86000-7f3eb1e86000 ---p 001c0000 08:01 658803                     /lib/x86_64-linux-gnu/libc-2.23.so
7f3eb1e86000-7f3eb1e8a000 r--p 001c0000 08:01 658803                     /lib/x86_64-linux-gnu/libc-2.23.so
7f3eb1e8a000-7f3eb1e8c000 rw-p 001c4000 08:01 658803                     /lib/x86_64-linux-gnu/libc-2.23.so
7f3eb1e8c000-7f3eb1e90000 rw-p 00000000 00:00 0 
7f3eb1e90000-7f3eb1e93000 r-xp 00000000 08:01 658827                     /lib/x86_64-linux-gnu/libdl-2.23.so
7f3eb1e93000-7f3eb2092000 ---p 00003000 08:01 658827                     /lib/x86_64-linux-gnu/libdl-2.23.so
7f3eb2092000-7f3eb2093000 r--p 00002000 08:01 658827                     /lib/x86_64-linux-gnu/libdl-2.23.so
7f3eb2093000-7f3eb2094000 rw-p 00003000 08:01 658827                     /lib/x86_64-linux-gnu/libdl-2.23.so
7f3eb2094000-7f3eb20ab000 r-xp 00000000 08:01 656155                     /usr/lib/jdk/jdk1.8.0_201/lib/amd64/jli/libjli.so
7f3eb20ab000-7f3eb22aa000 ---p 00017000 08:01 656155                     /usr/lib/jdk/jdk1.8.0_201/lib/amd64/jli/libjli.so
7f3eb22aa000-7f3eb22ab000 r--p 00016000 08:01 656155                     /usr/lib/jdk/jdk1.8.0_201/lib/amd64/jli/libjli.so
7f3eb22ab000-7f3eb22ac000 rw-p 00017000 08:01 656155                     /usr/lib/jdk/jdk1.8.0_201/lib/amd64/jli/libjli.so
7f3eb22ac000-7f3eb22c4000 r-xp 00000000 08:01 658949                     /lib/x86_64-linux-gnu/libpthread-2.23.so
7f3eb22c4000-7f3eb24c3000 ---p 00018000 08:01 658949                     /lib/x86_64-linux-gnu/libpthread-2.23.so
7f3eb24c3000-7f3eb24c4000 r--p 00017000 08:01 658949                     /lib/x86_64-linux-gnu/libpthread-2.23.so
7f3eb24c4000-7f3eb24c5000 rw-p 00018000 08:01 658949                     /lib/x86_64-linux-gnu/libpthread-2.23.so
7f3eb24c5000-7f3eb24c9000 rw-p 00000000 00:00 0 
7f3eb24c9000-7f3eb24ef000 r-xp 00000000 08:01 658775                     /lib/x86_64-linux-gnu/ld-2.23.so
7f3eb24f3000-7f3eb250f000 r--s 00393000 08:01 656354                     /usr/lib/jdk/jdk1.8.0_201/jre/lib/ext/cldrdata.jar
7f3eb250f000-7f3eb2513000 r--s 000a1000 08:01 656350                     /usr/lib/jdk/jdk1.8.0_201/jre/lib/jsse.jar
7f3eb2513000-7f3eb25d1000 rw-p 00000000 00:00 0 
7f3eb25d1000-7f3eb25d4000 ---p 00000000 00:00 0 
7f3eb25d4000-7f3eb26d7000 rw-p 00000000 00:00 0 
7f3eb26d7000-7f3eb26df000 r--s 0006e000 08:01 398946                     /home/hewitt/work/DiffTGen-master/lib/commons-lang3-3.5.jar
7f3eb26df000-7f3eb26e0000 r--s 00000000 08:01 398951                     /home/hewitt/work/DiffTGen-master/lib/myprinter.jar
7f3eb26e0000-7f3eb26e4000 r--s 00039000 08:01 421670                     /home/hewitt/work/DiffTGen-master/output/patch2-Lang-61-Jaid-plausible/Lang_61_2-plausible_jaid/target/build/classes/all0.jar
7f3eb26e4000-7f3eb26ec000 rw-s 00000000 08:01 153210                     /tmp/hsperfdata_hewitt/19740
7f3eb26ec000-7f3eb26ed000 rw-p 00000000 00:00 0 
7f3eb26ed000-7f3eb26ee000 ---p 00000000 00:00 0 
7f3eb26ee000-7f3eb26ef000 r--p 00025000 08:01 658775                     /lib/x86_64-linux-gnu/ld-2.23.so
7f3eb26ef000-7f3eb26f0000 rw-p 00026000 08:01 658775                     /lib/x86_64-linux-gnu/ld-2.23.so
7f3eb26f0000-7f3eb26f1000 rw-p 00000000 00:00 0 
7fff3119a000-7fff311bc000 rw-p 00000000 00:00 0                          [stack]
7fff311d2000-7fff311d5000 r--p 00000000 00:00 0                          [vvar]
7fff311d5000-7fff311d7000 r-xp 00000000 00:00 0                          [vdso]
ffffffffff600000-ffffffffff601000 r-xp 00000000 00:00 0                  [vsyscall]

VM Arguments:
java_command: /home/hewitt/work/DiffTGen-master/lib/evosuite-1.0.6.jar -base_dir /home/hewitt/work/DiffTGen-master/output/patch2-Lang-61-Jaid-plausible/Lang_61_2-plausible_jaid/target/0/5 -projectCP /home/hewitt/work/DiffTGen-master/output/patch2-Lang-61-Jaid-plausible/Lang_61_2-plausible_jaid/target/build/classes/all0.jar:/home/hewitt/work/DiffTGen-master/lib/myprinter.jar:/home/hewitt/work/DiffTGen-master/lib/commons-lang3-3.5.jar -class org.apache.commons.lang.text.StrBuilder -Dassertions=false -Dsearch_budget=60
java_class_path (initial): /home/hewitt/work/DiffTGen-master/lib/evosuite-1.0.6.jar
Launcher Type: SUN_STANDARD

Environment Variables:
JAVA_HOME=/usr/lib/jdk/jdk1.8.0_201
JRE_HOME=/usr/lib/jdk/jdk1.8.0_201/jre
CLASSPATH=.:/usr/lib/jdk/jdk1.8.0_201/lib:/usr/lib/jdk/jdk1.8.0_201/jre/lib
PATH=/usr/lib/jdk/jdk1.8.0_201/bin:/home/hewitt/bin:/home/hewitt/.local/bin:/usr/lib/jdk/jdk1.7.0_80/bin:/usr/local/sbin:/usr/local/bin:/usr/sbin:/usr/bin:/sbin:/bin:/usr/games:/usr/local/games:/snap/bin:/home/hewitt/work/defects4j_v1.4.0/defects4j/framework/bin:/opt/apache-ant-1.9.14/bin:/home/hewitt/work/defects4j_v1.4.0/defects4j/framework/bin
SHELL=/bin/bash
DISPLAY=:0

Signal Handlers:
SIGSEGV: [libjvm.so+0xad3e60], sa_mask[0]=11111111011111111101111111111110, sa_flags=SA_RESTART|SA_SIGINFO
SIGBUS: [libjvm.so+0xad3e60], sa_mask[0]=11111111011111111101111111111110, sa_flags=SA_RESTART|SA_SIGINFO
SIGFPE: [libjvm.so+0x90b880], sa_mask[0]=11111111011111111101111111111110, sa_flags=SA_RESTART|SA_SIGINFO
SIGPIPE: [libjvm.so+0x90b880], sa_mask[0]=11111111011111111101111111111110, sa_flags=SA_RESTART|SA_SIGINFO
SIGXFSZ: [libjvm.so+0x90b880], sa_mask[0]=11111111011111111101111111111110, sa_flags=SA_RESTART|SA_SIGINFO
SIGILL: [libjvm.so+0x90b880], sa_mask[0]=11111111011111111101111111111110, sa_flags=SA_RESTART|SA_SIGINFO
SIGUSR1: SIG_DFL, sa_mask[0]=00000000000000000000000000000000, sa_flags=none
SIGUSR2: [libjvm.so+0x90b750], sa_mask[0]=00100000000000000000000000000000, sa_flags=SA_RESTART|SA_SIGINFO
SIGHUP: [libjvm.so+0x90bd70], sa_mask[0]=11111111011111111101111111111110, sa_flags=SA_RESTART|SA_SIGINFO
SIGINT: [libjvm.so+0x90bd70], sa_mask[0]=11111111011111111101111111111110, sa_flags=SA_RESTART|SA_SIGINFO
SIGTERM: [libjvm.so+0x90bd70], sa_mask[0]=11111111011111111101111111111110, sa_flags=SA_RESTART|SA_SIGINFO
SIGQUIT: [libjvm.so+0x90bd70], sa_mask[0]=11111111011111111101111111111110, sa_flags=SA_RESTART|SA_SIGINFO


---------------  S Y S T E M  ---------------

OS:DISTRIB_ID=Ubuntu
DISTRIB_RELEASE=16.04
DISTRIB_CODENAME=xenial
DISTRIB_DESCRIPTION="Ubuntu 16.04.6 LTS"

uname:Linux 4.15.0-91-generic #92~16.04.1-Ubuntu SMP Fri Feb 28 14:57:22 UTC 2020 x86_64
libc:glibc 2.23 NPTL 2.23 
rlimit: STACK 8192k, CORE 0k, NPROC 15448, NOFILE 1048576, AS infinity
load average:24.98 19.59 16.94

/proc/meminfo:
MemTotal:        4015928 kB
MemFree:          485912 kB
MemAvailable:     387800 kB
Buffers:             372 kB
Cached:            11528 kB
SwapCached:          324 kB
Active:          2577216 kB
Inactive:         512344 kB
Active(anon):    2571132 kB
Inactive(anon):   507212 kB
Active(file):       6084 kB
Inactive(file):     5132 kB
Unevictable:          48 kB
Mlocked:              48 kB
SwapTotal:        998396 kB
SwapFree:              0 kB
Dirty:                24 kB
Writeback:           212 kB
AnonPages:       3077580 kB
Mapped:            10056 kB
Shmem:               520 kB
Slab:              91720 kB
SReclaimable:      33500 kB
SUnreclaim:        58220 kB
KernelStack:       17744 kB
PageTables:        43068 kB
NFS_Unstable:          0 kB
Bounce:                0 kB
WritebackTmp:          0 kB
CommitLimit:     3006360 kB
Committed_AS:    9311740 kB
VmallocTotal:   34359738367 kB
VmallocUsed:           0 kB
VmallocChunk:          0 kB
HardwareCorrupted:     0 kB
AnonHugePages:         0 kB
ShmemHugePages:        0 kB
ShmemPmdMapped:        0 kB
CmaTotal:              0 kB
CmaFree:               0 kB
HugePages_Total:       0
HugePages_Free:        0
HugePages_Rsvd:        0
HugePages_Surp:        0
Hugepagesize:       2048 kB
DirectMap4k:       98112 kB
DirectMap2M:     4096000 kB
DirectMap1G:     2097152 kB

container (cgroup) information:
container_type: cgroupv1
cpu_cpuset_cpus: 0-3
cpu_memory_nodes: 0
active_processor_count: 4
cpu_quota: -1
cpu_period: 100000
cpu_shares: -1
memory_limit_in_bytes: -1
memory_and_swap_limit_in_bytes: -2
memory_soft_limit_in_bytes: -1
memory_usage_in_bytes: 3164262400
memory_max_usage_in_bytes: 69316608


CPU:total 4 (initial active 4) (2 cores per cpu, 1 threads per core) family 6 model 158 stepping 9, cmov, cx8, fxsr, mmx, sse, sse2, sse3, ssse3, sse4.1, sse4.2, popcnt, avx, avx2, aes, clmul, erms, 3dnowpref, lzcnt, tsc, tscinvbit, bmi1, bmi2, adx

/proc/cpuinfo:
processor	: 0
vendor_id	: GenuineIntel
cpu family	: 6
model		: 158
model name	: Intel(R) Core(TM) i7-7700HQ CPU @ 2.80GHz
stepping	: 9
microcode	: 0xb4
cpu MHz		: 2808.002
cache size	: 6144 KB
physical id	: 0
siblings	: 2
core id		: 0
cpu cores	: 2
apicid		: 0
initial apicid	: 0
fpu		: yes
fpu_exception	: yes
cpuid level	: 22
wp		: yes
flags		: fpu vme de pse tsc msr pae mce cx8 apic sep mtrr pge mca cmov pat pse36 clflush mmx fxsr sse sse2 ss ht syscall nx pdpe1gb rdtscp lm constant_tsc arch_perfmon nopl xtopology tsc_reliable nonstop_tsc cpuid pni pclmulqdq ssse3 fma cx16 pcid sse4_1 sse4_2 x2apic movbe popcnt tsc_deadline_timer aes xsave avx f16c rdrand hypervisor lahf_lm abm 3dnowprefetch cpuid_fault invpcid_single pti ssbd ibrs ibpb stibp fsgsbase tsc_adjust bmi1 avx2 smep bmi2 invpcid mpx rdseed adx smap clflushopt xsaveopt xsavec xsaves arat md_clear flush_l1d arch_capabilities
bugs		: cpu_meltdown spectre_v1 spectre_v2 spec_store_bypass l1tf mds swapgs itlb_multihit
bogomips	: 5616.00
clflush size	: 64
cache_alignment	: 64
address sizes	: 43 bits physical, 48 bits virtual
power management:

processor	: 1
vendor_id	: GenuineIntel
cpu family	: 6
model		: 158
model name	: Intel(R) Core(TM) i7-7700HQ CPU @ 2.80GHz
stepping	: 9
microcode	: 0xb4
cpu MHz		: 2808.002
cache size	: 6144 KB
physical id	: 0
siblings	: 2
core id		: 1
cpu cores	: 2
apicid		: 1
initial apicid	: 1
fpu		: yes
fpu_exception	: yes
cpuid level	: 22
wp		: yes
flags		: fpu vme de pse tsc msr pae mce cx8 apic sep mtrr pge mca cmov pat pse36 clflush mmx fxsr sse sse2 ss ht syscall nx pdpe1gb rdtscp lm constant_tsc arch_perfmon nopl xtopology tsc_reliable nonstop_tsc cpuid pni pclmulqdq ssse3 fma cx16 pcid sse4_1 sse4_2 x2apic movbe popcnt tsc_deadline_timer aes xsave avx f16c rdrand hypervisor lahf_lm abm 3dnowprefetch cpuid_fault invpcid_single pti ssbd ibrs ibpb stibp fsgsbase tsc_adjust bmi1 avx2 smep bmi2 invpcid mpx rdseed adx smap clflushopt xsaveopt xsavec xsaves arat md_clear flush_l1d arch_capabilities
bugs		: cpu_meltdown spectre_v1 spectre_v2 spec_store_bypass l1tf mds swapgs itlb_multihit
bogomips	: 5616.00
clflush size	: 64
cache_alignment	: 64
address sizes	: 43 bits physical, 48 bits virtual
power management:

processor	: 2
vendor_id	: GenuineIntel
cpu family	: 6
model		: 158
model name	: Intel(R) Core(TM) i7-7700HQ CPU @ 2.80GHz
stepping	: 9
microcode	: 0xb4
cpu MHz		: 2808.002
cache size	: 6144 KB
physical id	: 1
siblings	: 2
core id		: 0
cpu cores	: 2
apicid		: 2
initial apicid	: 2
fpu		: yes
fpu_exception	: yes
cpuid level	: 22
wp		: yes
flags		: fpu vme de pse tsc msr pae mce cx8 apic sep mtrr pge mca cmov pat pse36 clflush mmx fxsr sse sse2 ss ht syscall nx pdpe1gb rdtscp lm constant_tsc arch_perfmon nopl xtopology tsc_reliable nonstop_tsc cpuid pni pclmulqdq ssse3 fma cx16 pcid sse4_1 sse4_2 x2apic movbe popcnt tsc_deadline_timer aes xsave avx f16c rdrand hypervisor lahf_lm abm 3dnowprefetch cpuid_fault invpcid_single pti ssbd ibrs ibpb stibp fsgsbase tsc_adjust bmi1 avx2 smep bmi2 invpcid mpx rdseed adx smap clflushopt xsaveopt xsavec xsaves arat md_clear flush_l1d arch_capabilities
bugs		: cpu_meltdown spectre_v1 spectre_v2 spec_store_bypass l1tf mds swapgs itlb_multihit
bogomips	: 5616.00
clflush size	: 64
cache_alignment	: 64
address sizes	: 43 bits physical, 48 bits virtual
power management:

processor	: 3
vendor_id	: GenuineIntel
cpu family	: 6
model		: 158
model name	: Intel(R) Core(TM) i7-7700HQ CPU @ 2.80GHz
stepping	: 9
microcode	: 0xb4
cpu MHz		: 2808.002
cache size	: 6144 KB
physical id	: 1
siblings	: 2
core id		: 1
cpu cores	: 2
apicid		: 3
initial apicid	: 3
fpu		: yes
fpu_exception	: yes
cpuid level	: 22
wp		: yes
flags		: fpu vme de pse tsc msr pae mce cx8 apic sep mtrr pge mca cmov pat pse36 clflush mmx fxsr sse sse2 ss ht syscall nx pdpe1gb rdtscp lm constant_tsc arch_perfmon nopl xtopology tsc_reliable nonstop_tsc cpuid pni pclmulqdq ssse3 fma cx16 pcid sse4_1 sse4_2 x2apic movbe popcnt tsc_deadline_timer aes xsave avx f16c rdrand hypervisor lahf_lm abm 3dnowprefetch cpuid_fault invpcid_single pti ssbd ibrs ibpb stibp fsgsbase tsc_adjust bmi1 avx2 smep bmi2 invpcid mpx rdseed adx smap clflushopt xsaveopt xsavec xsaves arat md_clear flush_l1d arch_capabilities
bugs		: cpu_meltdown spectre_v1 spectre_v2 spec_store_bypass l1tf mds swapgs itlb_multihit
bogomips	: 5616.00
clflush size	: 64
cache_alignment	: 64
address sizes	: 43 bits physical, 48 bits virtual
power management:



Memory: 4k page, physical 4015928k(485912k free), swap 998396k(0k free)

vm_info: Java HotSpot(TM) 64-Bit Server VM (25.201-b09) for linux-amd64 JRE (1.8.0_201-b09), built on Dec 15 2018 11:35:59 by "java_re" with gcc 7.3.0

time: Sun Mar 29 09:39:31 2020
timezone: CST
elapsed time: 32 seconds (0d 0h 0m 32s)

