#
# There is insufficient memory for the Java Runtime Environment to continue.
# Native memory allocation (mmap) failed to map 32505856 bytes for committing reserved memory.
# Possible reasons:
#   The system is out of physical RAM or swap space
#   The process is running with CompressedOops enabled, and the Java Heap may be blocking the growth of the native heap
# Possible solutions:
#   Reduce memory load on the system
#   Increase physical memory or swap space
#   Check if swap backing store is full
#   Decrease Java heap size (-Xmx/-Xms)
#   Decrease number of Java threads
#   Decrease Java thread stack sizes (-Xss)
#   Set larger code cache with -XX:ReservedCodeCacheSize=
#   JVM is running with Unscaled Compressed Oops mode in which the Java heap is
#     placed in the first 4GB address space. The Java Heap base address is the
#     maximum limit for the native heap growth. Please use -XX:HeapBaseMinAddress
#     to set the Java Heap base and to place the Java Heap above 4GB virtual address.
# This output file may be truncated or incomplete.
#
#  Out of Memory Error (os_linux.cpp:2749), pid=54080, tid=0x00007f8ab2b49700
#
# JRE version: Java(TM) SE Runtime Environment (8.0_201-b09) (build 1.8.0_201-b09)
# Java VM: Java HotSpot(TM) 64-Bit Server VM (25.201-b09 mixed mode linux-amd64 compressed oops)
# Failed to write core dump. Core dumps have been disabled. To enable core dumping, try "ulimit -c unlimited" before starting Java again
#

---------------  T H R E A D  ---------------

Current thread (0x00007f8ac4140000):  VMThread [stack: 0x00007f8ab2a49000,0x00007f8ab2b4a000] [id=54143]

Stack: [0x00007f8ab2a49000,0x00007f8ab2b4a000],  sp=0x00007f8ab2b48450,  free space=1021k
Native frames: (J=compiled Java code, j=interpreted, Vv=VM code, C=native code)
V  [libjvm.so+0xad3525]  VMError::report_and_die()+0x2e5
V  [libjvm.so+0x4e0457]  report_vm_out_of_memory(char const*, int, unsigned long, VMErrorType, char const*)+0x67
V  [libjvm.so+0x9102f0]  os::pd_commit_memory(char*, unsigned long, unsigned long, bool)+0x100
V  [libjvm.so+0x90791f]  os::commit_memory(char*, unsigned long, unsigned long, bool)+0x1f
V  [libjvm.so+0x98c806]  PSVirtualSpace::expand_by(unsigned long)+0x56
V  [libjvm.so+0x98da98]  PSYoungGen::resize(unsigned long, unsigned long)+0xd8
V  [libjvm.so+0x98a236]  PSScavenge::invoke_no_policy()+0x1376
V  [libjvm.so+0x98a5cc]  PSScavenge::invoke()+0x4c
V  [libjvm.so+0x93a318]  ParallelScavengeHeap::failed_mem_allocate(unsigned long)+0x68
V  [libjvm.so+0xad5073]  VM_ParallelGCFailedAllocation::doit()+0x93
V  [libjvm.so+0xada296]  VM_Operation::evaluate()+0x46
V  [libjvm.so+0xad85cd]  VMThread::evaluate_operation(VM_Operation*) [clone .constprop.44]+0xcd
V  [libjvm.so+0xad8bb3]  VMThread::loop()+0x3a3
V  [libjvm.so+0xad8f88]  VMThread::run()+0x78
V  [libjvm.so+0x90d922]  java_start(Thread*)+0x102

VM_Operation (0x00007f8ab01e8830): ParallelGCFailedAllocation, mode: safepoint, requested by thread 0x00007f8a5c001000


---------------  P R O C E S S  ---------------

Java Threads: ( => current thread )
  0x00007f8a5c002800 JavaThread "RMI TCP Connection(3)-127.0.0.1" daemon [_thread_blocked, id=54561, stack(0x00007f8aa8efe000,0x00007f8aa8fff000)]
  0x00007f8a5c001000 JavaThread "RMI TCP Connection(2)-127.0.0.1" daemon [_thread_blocked, id=54537, stack(0x00007f8ab00ef000,0x00007f8ab01f0000)]
  0x00007f8a34038000 JavaThread "RMI Scheduler(0)" daemon [_thread_blocked, id=54530, stack(0x00007f8ab01f0000,0x00007f8ab02f1000)]
  0x00007f8a34030800 JavaThread "RMI RenewClean-[127.0.0.1:11442]" daemon [_thread_blocked, id=54522, stack(0x00007f8ab02f1000,0x00007f8ab03f2000)]
  0x00007f8a68001000 JavaThread "RMI TCP Connection(1)-127.0.0.1" daemon [_thread_in_native, id=54504, stack(0x00007f8ab03f2000,0x00007f8ab04f3000)]
  0x00007f8a58005000 JavaThread "pool-3-thread-3" [_thread_in_native, id=54430, stack(0x00007f8ab04f3000,0x00007f8ab05f4000)]
  0x00007f8a58003000 JavaThread "pool-3-thread-2" [_thread_in_native, id=54428, stack(0x00007f8ab05f4000,0x00007f8ab06f5000)]
  0x00007f8a58002000 JavaThread "pool-3-thread-1" [_thread_in_native, id=54427, stack(0x00007f8ab06f5000,0x00007f8ab07f6000)]
  0x00007f8ac43b7800 JavaThread "Thread-3" [_thread_in_native, id=54287, stack(0x00007f8ab07f6000,0x00007f8ab08f7000)]
  0x00007f8ac43b5800 JavaThread "Thread-2" [_thread_in_native, id=54286, stack(0x00007f8ab08f7000,0x00007f8ab09f8000)]
  0x00007f8ac43b4800 JavaThread "process reaper" daemon [_thread_in_native, id=54280, stack(0x00007f8ab09f8000,0x00007f8ab0a31000)]
  0x00007f8ac43ae000 JavaThread "pool-2-thread-1" [_thread_in_native, id=54250, stack(0x00007f8ab0a31000,0x00007f8ab0b32000)]
  0x00007f8ac43ac000 JavaThread "GC Daemon" daemon [_thread_blocked, id=54244, stack(0x00007f8ab0b32000,0x00007f8ab0c33000)]
  0x00007f8ac43a9000 JavaThread "RMI Reaper" [_thread_blocked, id=54242, stack(0x00007f8ab0c33000,0x00007f8ab0d34000)]
  0x00007f8ac43a2000 JavaThread "RMI TCP Accept-10291" daemon [_thread_in_native, id=54236, stack(0x00007f8ab0d34000,0x00007f8ab0e35000)]
  0x00007f8ac439b000 JavaThread "RMI TCP Accept-11384" daemon [_thread_in_native, id=54225, stack(0x00007f8ab0e35000,0x00007f8ab0f36000)]
  0x00007f8ac42e2800 JavaThread "logback-3" daemon [_thread_blocked, id=54201, stack(0x00007f8ab1136000,0x00007f8ab1237000)]
  0x00007f8ac42df000 JavaThread "logback-2" daemon [_thread_blocked, id=54200, stack(0x00007f8ab1237000,0x00007f8ab1338000)]
  0x00007f8ac42dd000 JavaThread "logback-1" daemon [_thread_blocked, id=54198, stack(0x00007f8ab1338000,0x00007f8ab1439000)]
  0x00007f8ac4189000 JavaThread "Service Thread" daemon [_thread_blocked, id=54176, stack(0x00007f8ab1983000,0x00007f8ab1a84000)]
  0x00007f8ac4186000 JavaThread "C1 CompilerThread2" daemon [_thread_blocked, id=54175, stack(0x00007f8ab1a84000,0x00007f8ab1b85000)]
  0x00007f8ac4184800 JavaThread "C2 CompilerThread1" daemon [_thread_blocked, id=54170, stack(0x00007f8ab1b85000,0x00007f8ab1c86000)]
  0x00007f8ac4181800 JavaThread "C2 CompilerThread0" daemon [_thread_blocked, id=54169, stack(0x00007f8ab1c86000,0x00007f8ab1d87000)]
  0x00007f8ac4180000 JavaThread "Signal Dispatcher" daemon [_thread_blocked, id=54165, stack(0x00007f8ab1d87000,0x00007f8ab1e88000)]
  0x00007f8ac414c000 JavaThread "Finalizer" daemon [_thread_blocked, id=54158, stack(0x00007f8ab2847000,0x00007f8ab2948000)]
  0x00007f8ac4149800 JavaThread "Reference Handler" daemon [_thread_blocked, id=54153, stack(0x00007f8ab2948000,0x00007f8ab2a49000)]
  0x00007f8ac400a800 JavaThread "main" [_thread_in_native, id=54093, stack(0x00007f8accf71000,0x00007f8acd072000)]

Other Threads:
=>0x00007f8ac4140000 VMThread [stack: 0x00007f8ab2a49000,0x00007f8ab2b4a000] [id=54143]
  0x00007f8ac418b800 WatcherThread [stack: 0x00007f8ab1882000,0x00007f8ab1983000] [id=54181]

VM state:at safepoint (normal execution)

VM Mutex/Monitor currently owned by a thread:  ([mutex/lock_event])
[0x00007f8ac4007070] Threads_lock - owner thread: 0x00007f8ac4140000
[0x00007f8ac4007570] Heap_lock - owner thread: 0x00007f8a5c001000

heap address: 0x00000000c2a00000, size: 982 MB, Compressed Oops mode: 32-bit
Narrow klass base: 0x0000000000000000, Narrow klass shift: 3
Compressed class space size: 1073741824 Address: 0x0000000100000000

Heap:
 PSYoungGen      total 34304K, used 2544K [0x00000000eb900000, 0x00000000edd00000, 0x0000000100000000)
  eden space 31744K, 0% used [0x00000000eb900000,0x00000000eb900000,0x00000000ed800000)
  from space 2560K, 99% used [0x00000000eda80000,0x00000000edcfc010,0x00000000edd00000)
  to   space 2560K, 0% used [0x00000000ed800000,0x00000000ed800000,0x00000000eda80000)
 ParOldGen       total 42496K, used 9338K [0x00000000c2a00000, 0x00000000c5380000, 0x00000000eb900000)
  object space 42496K, 21% used [0x00000000c2a00000,0x00000000c331eb58,0x00000000c5380000)
 Metaspace       used 13748K, capacity 14118K, committed 14336K, reserved 1062912K
  class space    used 1584K, capacity 1703K, committed 1792K, reserved 1048576K

Card table byte_map: [0x00007f8ac9b26000,0x00007f8ac9d12000] byte_map_base: 0x00007f8ac9511000

Marking Bits: (ParMarkBitMap*) 0x00007f8acc448d80
 Begin Bits: [0x00007f8ab3150000, 0x00007f8ab40a8000)
 End Bits:   [0x00007f8ab40a8000, 0x00007f8ab5000000)

Polling page: 0x00007f8acd08d000

CodeCache: size=245760Kb used=5671Kb max_used=5671Kb free=240088Kb
 bounds [0x00007f8ab5000000, 0x00007f8ab5590000, 0x00007f8ac4000000]
 total_blobs=1951 nmethods=1603 adapters=261
 compilation: enabled

Compilation events (10 events):
Event: 29.917 Thread 0x00007f8ac4186000 nmethod 1613% 0x00007f8ab557b190 code [0x00007f8ab557bb40, 0x00007f8ab5583618]
Event: 29.937 Thread 0x00007f8ac4186000 1615       3       org.evosuite.shaded.org.objectweb.asm.Type::getMethodDescriptor (53 bytes)
Event: 29.945 Thread 0x00007f8ac4186000 nmethod 1615 0x00007f8ab5588890 code [0x00007f8ab5588b00, 0x00007f8ab5589ae8]
Event: 29.945 Thread 0x00007f8ac4186000 1614       3       java.util.LinkedList::toArray (39 bytes)
Event: 29.945 Thread 0x00007f8ac4186000 nmethod 1614 0x00007f8ab558a610 code [0x00007f8ab558a7a0, 0x00007f8ab558ab90]
Event: 29.945 Thread 0x00007f8ac4186000 1619       3       org.evosuite.runtime.instrumentation.RuntimeInstrumentation::checkIfCanInstrument (65 bytes)
Event: 29.961 Thread 0x00007f8ac4186000 nmethod 1619 0x00007f8ab558ad10 code [0x00007f8ab558af60, 0x00007f8ab558bec8]
Event: 29.961 Thread 0x00007f8ac4186000 1631       3       java.util.LinkedList::addAll (182 bytes)
Event: 29.961 Thread 0x00007f8ac4186000 nmethod 1631 0x00007f8ab558c590 code [0x00007f8ab558c780, 0x00007f8ab558d0b8]
Event: 29.961 Thread 0x00007f8ac4186000 1621   !   3       org.evosuite.runtime.instrumentation.ExcludedClasses::loadExcludedClassNames (71 bytes)

GC Heap History (9 events):
Event: 1.783 GC heap before
{Heap before GC invocations=1 (full 0):
 PSYoungGen      total 18432K, used 15872K [0x00000000eb900000, 0x00000000ecd80000, 0x0000000100000000)
  eden space 15872K, 100% used [0x00000000eb900000,0x00000000ec880000,0x00000000ec880000)
  from space 2560K, 0% used [0x00000000ecb00000,0x00000000ecb00000,0x00000000ecd80000)
  to   space 2560K, 0% used [0x00000000ec880000,0x00000000ec880000,0x00000000ecb00000)
 ParOldGen       total 42496K, used 0K [0x00000000c2a00000, 0x00000000c5380000, 0x00000000eb900000)
  object space 42496K, 0% used [0x00000000c2a00000,0x00000000c2a00000,0x00000000c5380000)
 Metaspace       used 10236K, capacity 10428K, committed 10624K, reserved 1058816K
  class space    used 1237K, capacity 1323K, committed 1408K, reserved 1048576K
Event: 1.803 GC heap after
Heap after GC invocations=1 (full 0):
 PSYoungGen      total 18432K, used 2544K [0x00000000eb900000, 0x00000000edd00000, 0x0000000100000000)
  eden space 15872K, 0% used [0x00000000eb900000,0x00000000eb900000,0x00000000ec880000)
  from space 2560K, 99% used [0x00000000ec880000,0x00000000ecafc010,0x00000000ecb00000)
  to   space 2560K, 0% used [0x00000000eda80000,0x00000000eda80000,0x00000000edd00000)
 ParOldGen       total 42496K, used 1598K [0x00000000c2a00000, 0x00000000c5380000, 0x00000000eb900000)
  object space 42496K, 3% used [0x00000000c2a00000,0x00000000c2b8fb90,0x00000000c5380000)
 Metaspace       used 10236K, capacity 10428K, committed 10624K, reserved 1058816K
  class space    used 1237K, capacity 1323K, committed 1408K, reserved 1048576K
}
Event: 1.807 GC heap before
{Heap before GC invocations=2 (full 0):
 PSYoungGen      total 18432K, used 3474K [0x00000000eb900000, 0x00000000edd00000, 0x0000000100000000)
  eden space 15872K, 5% used [0x00000000eb900000,0x00000000eb9e89f8,0x00000000ec880000)
  from space 2560K, 99% used [0x00000000ec880000,0x00000000ecafc010,0x00000000ecb00000)
  to   space 2560K, 0% used [0x00000000eda80000,0x00000000eda80000,0x00000000edd00000)
 ParOldGen       total 42496K, used 1598K [0x00000000c2a00000, 0x00000000c5380000, 0x00000000eb900000)
  object space 42496K, 3% used [0x00000000c2a00000,0x00000000c2b8fb90,0x00000000c5380000)
 Metaspace       used 10243K, capacity 10438K, committed 10624K, reserved 1058816K
  class space    used 1240K, capacity 1326K, committed 1408K, reserved 1048576K
Event: 1.820 GC heap after
Heap after GC invocations=2 (full 0):
 PSYoungGen      total 34304K, used 2512K [0x00000000eb900000, 0x00000000edd00000, 0x0000000100000000)
  eden space 31744K, 0% used [0x00000000eb900000,0x00000000eb900000,0x00000000ed800000)
  from space 2560K, 98% used [0x00000000eda80000,0x00000000edcf4010,0x00000000edd00000)
  to   space 2560K, 0% used [0x00000000ed800000,0x00000000ed800000,0x00000000eda80000)
 ParOldGen       total 42496K, used 1606K [0x00000000c2a00000, 0x00000000c5380000, 0x00000000eb900000)
  object space 42496K, 3% used [0x00000000c2a00000,0x00000000c2b91b90,0x00000000c5380000)
 Metaspace       used 10243K, capacity 10438K, committed 10624K, reserved 1058816K
  class space    used 1240K, capacity 1326K, committed 1408K, reserved 1048576K
}
Event: 1.820 GC heap before
{Heap before GC invocations=3 (full 1):
 PSYoungGen      total 34304K, used 2512K [0x00000000eb900000, 0x00000000edd00000, 0x0000000100000000)
  eden space 31744K, 0% used [0x00000000eb900000,0x00000000eb900000,0x00000000ed800000)
  from space 2560K, 98% used [0x00000000eda80000,0x00000000edcf4010,0x00000000edd00000)
  to   space 2560K, 0% used [0x00000000ed800000,0x00000000ed800000,0x00000000eda80000)
 ParOldGen       total 42496K, used 1606K [0x00000000c2a00000, 0x00000000c5380000, 0x00000000eb900000)
  object space 42496K, 3% used [0x00000000c2a00000,0x00000000c2b91b90,0x00000000c5380000)
 Metaspace       used 10243K, capacity 10438K, committed 10624K, reserved 1058816K
  class space    used 1240K, capacity 1326K, committed 1408K, reserved 1048576K
Event: 1.870 GC heap after
Heap after GC invocations=3 (full 1):
 PSYoungGen      total 34304K, used 0K [0x00000000eb900000, 0x00000000edd00000, 0x0000000100000000)
  eden space 31744K, 0% used [0x00000000eb900000,0x00000000eb900000,0x00000000ed800000)
  from space 2560K, 0% used [0x00000000eda80000,0x00000000eda80000,0x00000000edd00000)
  to   space 2560K, 0% used [0x00000000ed800000,0x00000000ed800000,0x00000000eda80000)
 ParOldGen       total 42496K, used 3956K [0x00000000c2a00000, 0x00000000c5380000, 0x00000000eb900000)
  object space 42496K, 9% used [0x00000000c2a00000,0x00000000c2ddd100,0x00000000c5380000)
 Metaspace       used 10235K, capacity 10428K, committed 10624K, reserved 1058816K
  class space    used 1238K, capacity 1324K, committed 1408K, reserved 1048576K
}
Event: 28.159 GC heap before
{Heap before GC invocations=4 (full 1):
 PSYoungGen      total 34304K, used 31744K [0x00000000eb900000, 0x00000000edd00000, 0x0000000100000000)
  eden space 31744K, 100% used [0x00000000eb900000,0x00000000ed800000,0x00000000ed800000)
  from space 2560K, 0% used [0x00000000eda80000,0x00000000eda80000,0x00000000edd00000)
  to   space 2560K, 0% used [0x00000000ed800000,0x00000000ed800000,0x00000000eda80000)
 ParOldGen       total 42496K, used 3956K [0x00000000c2a00000, 0x00000000c5380000, 0x00000000eb900000)
  object space 42496K, 9% used [0x00000000c2a00000,0x00000000c2ddd100,0x00000000c5380000)
 Metaspace       used 13661K, capacity 14054K, committed 14336K, reserved 1062912K
  class space    used 1584K, capacity 1703K, committed 1792K, reserved 1048576K
Event: 28.182 GC heap after
Heap after GC invocations=4 (full 1):
 PSYoungGen      total 34304K, used 2545K [0x00000000eb900000, 0x00000000edd00000, 0x0000000100000000)
  eden space 31744K, 0% used [0x00000000eb900000,0x00000000eb900000,0x00000000ed800000)
  from space 2560K, 99% used [0x00000000ed800000,0x00000000eda7c750,0x00000000eda80000)
  to   space 2560K, 0% used [0x00000000eda80000,0x00000000eda80000,0x00000000edd00000)
 ParOldGen       total 42496K, used 7031K [0x00000000c2a00000, 0x00000000c5380000, 0x00000000eb900000)
  object space 42496K, 16% used [0x00000000c2a00000,0x00000000c30dddd8,0x00000000c5380000)
 Metaspace       used 13661K, capacity 14054K, committed 14336K, reserved 1062912K
  class space    used 1584K, capacity 1703K, committed 1792K, reserved 1048576K
}
Event: 30.057 GC heap before
{Heap before GC invocations=5 (full 1):
 PSYoungGen      total 34304K, used 34289K [0x00000000eb900000, 0x00000000edd00000, 0x0000000100000000)
  eden space 31744K, 100% used [0x00000000eb900000,0x00000000ed800000,0x00000000ed800000)
  from space 2560K, 99% used [0x00000000ed800000,0x00000000eda7c750,0x00000000eda80000)
  to   space 2560K, 0% used [0x00000000eda80000,0x00000000eda80000,0x00000000edd00000)
 ParOldGen       total 42496K, used 7031K [0x00000000c2a00000, 0x00000000c5380000, 0x00000000eb900000)
  object space 42496K, 16% used [0x00000000c2a00000,0x00000000c30dddd8,0x00000000c5380000)
 Metaspace       used 13748K, capacity 14118K, committed 14336K, reserved 1062912K
  class space    used 1584K, capacity 1703K, committed 1792K, reserved 1048576K

Deoptimization events (10 events):
Event: 24.574 Thread 0x00007f8a5c001000 Uncommon trap: reason=bimorphic action=maybe_recompile pc=0x00007f8ab5270814 method=java.util.HashMap.putVal(ILjava/lang/Object;Ljava/lang/Object;ZZ)Ljava/lang/Object; @ 91
Event: 24.629 Thread 0x00007f8a5c001000 Uncommon trap: reason=bimorphic action=maybe_recompile pc=0x00007f8ab5270814 method=java.util.HashMap.putVal(ILjava/lang/Object;Ljava/lang/Object;ZZ)Ljava/lang/Object; @ 91
Event: 25.098 Thread 0x00007f8a5c001000 Uncommon trap: reason=unstable_if action=reinterpret pc=0x00007f8ab53c18ec method=java.io.ObjectStreamClass$FieldReflector.setObjFieldValues(Ljava/lang/Object;[Ljava/lang/Object;)V @ 92
Event: 25.462 Thread 0x00007f8a5c001000 Uncommon trap: reason=unstable_if action=reinterpret pc=0x00007f8ab53c4d2c method=java.io.ObjectInputStream$HandleTable.finish(I)V @ 4
Event: 25.937 Thread 0x00007f8a5c001000 Uncommon trap: reason=class_check action=maybe_recompile pc=0x00007f8ab53dac38 method=java.util.HashMap.putVal(ILjava/lang/Object;Ljava/lang/Object;ZZ)Ljava/lang/Object; @ 203
Event: 26.463 Thread 0x00007f8a5c001000 Uncommon trap: reason=unstable_if action=reinterpret pc=0x00007f8ab51fdab0 method=java.lang.AbstractStringBuilder.append(Ljava/lang/String;)Ljava/lang/AbstractStringBuilder; @ 1
Event: 26.572 Thread 0x00007f8a5c001000 Uncommon trap: reason=unstable_if action=reinterpret pc=0x00007f8ab51ec678 method=java.lang.AbstractStringBuilder.append(Ljava/lang/String;)Ljava/lang/AbstractStringBuilder; @ 1
Event: 26.839 Thread 0x00007f8a5c001000 Uncommon trap: reason=class_check action=maybe_recompile pc=0x00007f8ab53dac38 method=java.util.HashMap.putVal(ILjava/lang/Object;Ljava/lang/Object;ZZ)Ljava/lang/Object; @ 203
Event: 26.839 Thread 0x00007f8a5c001000 Uncommon trap: reason=class_check action=maybe_recompile pc=0x00007f8ab53dac38 method=java.util.HashMap.putVal(ILjava/lang/Object;Ljava/lang/Object;ZZ)Ljava/lang/Object; @ 203
Event: 26.840 Thread 0x00007f8a5c001000 Uncommon trap: reason=class_check action=maybe_recompile pc=0x00007f8ab53dac38 method=java.util.HashMap.putVal(ILjava/lang/Object;Ljava/lang/Object;ZZ)Ljava/lang/Object; @ 203

Classes redefined (0 events):
No events

Internal exceptions (10 events):
Event: 10.905 Thread 0x00007f8ac42dd000 Exception <a 'java/net/ConnectException'> (0x00000000ebd4ce68) thrown at [/HUDSON/workspace/8-2-build-linux-amd64/jdk8u201/12317/hotspot/src/share/vm/prims/jni.cpp, line 709]
Event: 10.939 Thread 0x00007f8ac42df000 Exception <a 'java/net/ConnectException'> (0x00000000ebd9c4f0) thrown at [/HUDSON/workspace/8-2-build-linux-amd64/jdk8u201/12317/hotspot/src/share/vm/prims/jni.cpp, line 709]
Event: 10.971 Thread 0x00007f8ac42e2800 Exception <a 'java/net/ConnectException'> (0x00000000ebdebb78) thrown at [/HUDSON/workspace/8-2-build-linux-amd64/jdk8u201/12317/hotspot/src/share/vm/prims/jni.cpp, line 709]
Event: 20.905 Thread 0x00007f8ac42dd000 Exception <a 'java/net/ConnectException'> (0x00000000ebd4d990) thrown at [/HUDSON/workspace/8-2-build-linux-amd64/jdk8u201/12317/hotspot/src/share/vm/prims/jni.cpp, line 709]
Event: 20.939 Thread 0x00007f8ac42df000 Exception <a 'java/net/ConnectException'> (0x00000000ebd9d018) thrown at [/HUDSON/workspace/8-2-build-linux-amd64/jdk8u201/12317/hotspot/src/share/vm/prims/jni.cpp, line 709]
Event: 20.972 Thread 0x00007f8ac42e2800 Exception <a 'java/net/ConnectException'> (0x00000000ebdec6a0) thrown at [/HUDSON/workspace/8-2-build-linux-amd64/jdk8u201/12317/hotspot/src/share/vm/prims/jni.cpp, line 709]
Event: 25.098 Thread 0x00007f8a5c001000 Implicit null exception at 0x00007f8ab53c0c3d to 0x00007f8ab53c18b9
Event: 25.294 Thread 0x00007f8a5c001000 Exception <a 'java/lang/NoSuchMethodError': <clinit>> (0x00000000ec60ed08) thrown at [/HUDSON/workspace/8-2-build-linux-amd64/jdk8u201/12317/hotspot/src/share/vm/prims/jni.cpp, line 1613]
Event: 26.463 Thread 0x00007f8a5c001000 Implicit null exception at 0x00007f8ab51fd6f5 to 0x00007f8ab51fda9d
Event: 26.572 Thread 0x00007f8a5c001000 Implicit null exception at 0x00007f8ab51ec2b6 to 0x00007f8ab51ec661

Events (10 events):
Event: 28.188 Executing VM operation: RevokeBias done
Event: 28.188 Executing VM operation: RevokeBias
Event: 28.188 Executing VM operation: RevokeBias done
Event: 28.196 Executing VM operation: RevokeBias
Event: 28.196 Executing VM operation: RevokeBias done
Event: 28.196 Executing VM operation: RevokeBias
Event: 28.196 Executing VM operation: RevokeBias done
Event: 28.196 Executing VM operation: RevokeBias
Event: 28.196 Executing VM operation: RevokeBias done
Event: 30.010 Executing VM operation: ParallelGCFailedAllocation


Dynamic libraries:
00400000-00401000 r-xp 00000000 08:01 654793                             /usr/lib/jdk/jdk1.8.0_201/bin/java
00600000-00601000 r--p 00000000 08:01 654793                             /usr/lib/jdk/jdk1.8.0_201/bin/java
00601000-00602000 rw-p 00001000 08:01 654793                             /usr/lib/jdk/jdk1.8.0_201/bin/java
019c6000-01c49000 rw-p 00000000 00:00 0                                  [heap]
c2a00000-c5380000 rw-p 00000000 00:00 0 
c5380000-eb900000 ---p 00000000 00:00 0 
eb900000-edd00000 rw-p 00000000 00:00 0 
efc00000-100000000 ---p 00000000 00:00 0 
100000000-1001c0000 rw-p 00000000 00:00 0 
1001c0000-140000000 ---p 00000000 00:00 0 
7f8a2c000000-7f8a2c021000 rw-p 00000000 00:00 0 
7f8a2c021000-7f8a30000000 ---p 00000000 00:00 0 
7f8a34000000-7f8a3403b000 rw-p 00000000 00:00 0 
7f8a3403b000-7f8a38000000 ---p 00000000 00:00 0 
7f8a38000000-7f8a38021000 rw-p 00000000 00:00 0 
7f8a38021000-7f8a3c000000 ---p 00000000 00:00 0 
7f8a3c000000-7f8a3c021000 rw-p 00000000 00:00 0 
7f8a3c021000-7f8a40000000 ---p 00000000 00:00 0 
7f8a40000000-7f8a40021000 rw-p 00000000 00:00 0 
7f8a40021000-7f8a44000000 ---p 00000000 00:00 0 
7f8a44000000-7f8a44021000 rw-p 00000000 00:00 0 
7f8a44021000-7f8a48000000 ---p 00000000 00:00 0 
7f8a48000000-7f8a48021000 rw-p 00000000 00:00 0 
7f8a48021000-7f8a4c000000 ---p 00000000 00:00 0 
7f8a4c000000-7f8a4c021000 rw-p 00000000 00:00 0 
7f8a4c021000-7f8a50000000 ---p 00000000 00:00 0 
7f8a50000000-7f8a50021000 rw-p 00000000 00:00 0 
7f8a50021000-7f8a54000000 ---p 00000000 00:00 0 
7f8a54000000-7f8a54021000 rw-p 00000000 00:00 0 
7f8a54021000-7f8a58000000 ---p 00000000 00:00 0 
7f8a58000000-7f8a58021000 rw-p 00000000 00:00 0 
7f8a58021000-7f8a5c000000 ---p 00000000 00:00 0 
7f8a5c000000-7f8a5c021000 rw-p 00000000 00:00 0 
7f8a5c021000-7f8a60000000 ---p 00000000 00:00 0 
7f8a60000000-7f8a60021000 rw-p 00000000 00:00 0 
7f8a60021000-7f8a64000000 ---p 00000000 00:00 0 
7f8a64000000-7f8a64021000 rw-p 00000000 00:00 0 
7f8a64021000-7f8a68000000 ---p 00000000 00:00 0 
7f8a68000000-7f8a68021000 rw-p 00000000 00:00 0 
7f8a68021000-7f8a6c000000 ---p 00000000 00:00 0 
7f8a6c000000-7f8a6c021000 rw-p 00000000 00:00 0 
7f8a6c021000-7f8a70000000 ---p 00000000 00:00 0 
7f8a70000000-7f8a70021000 rw-p 00000000 00:00 0 
7f8a70021000-7f8a74000000 ---p 00000000 00:00 0 
7f8a74000000-7f8a74021000 rw-p 00000000 00:00 0 
7f8a74021000-7f8a78000000 ---p 00000000 00:00 0 
7f8a78000000-7f8a78021000 rw-p 00000000 00:00 0 
7f8a78021000-7f8a7c000000 ---p 00000000 00:00 0 
7f8a7c000000-7f8a7c6b9000 rw-p 00000000 00:00 0 
7f8a7c6b9000-7f8a80000000 ---p 00000000 00:00 0 
7f8a80000000-7f8a8071d000 rw-p 00000000 00:00 0 
7f8a8071d000-7f8a84000000 ---p 00000000 00:00 0 
7f8a84000000-7f8a84021000 rw-p 00000000 00:00 0 
7f8a84021000-7f8a88000000 ---p 00000000 00:00 0 
7f8a88000000-7f8a887ab000 rw-p 00000000 00:00 0 
7f8a887ab000-7f8a8c000000 ---p 00000000 00:00 0 
7f8a8c000000-7f8a8c021000 rw-p 00000000 00:00 0 
7f8a8c021000-7f8a90000000 ---p 00000000 00:00 0 
7f8a90000000-7f8a90021000 rw-p 00000000 00:00 0 
7f8a90021000-7f8a94000000 ---p 00000000 00:00 0 
7f8a94000000-7f8a94021000 rw-p 00000000 00:00 0 
7f8a94021000-7f8a98000000 ---p 00000000 00:00 0 
7f8a98000000-7f8a982f5000 rw-p 00000000 00:00 0 
7f8a982f5000-7f8a9c000000 ---p 00000000 00:00 0 
7f8a9c000000-7f8a9c021000 rw-p 00000000 00:00 0 
7f8a9c021000-7f8aa0000000 ---p 00000000 00:00 0 
7f8aa4000000-7f8aa4021000 rw-p 00000000 00:00 0 
7f8aa4021000-7f8aa8000000 ---p 00000000 00:00 0 
7f8aa8afe000-7f8aa8b3e000 rw-p 00000000 00:00 0 
7f8aa8b3e000-7f8aa8cfe000 ---p 00000000 00:00 0 
7f8aa8cfe000-7f8aa8efe000 rw-p 00000000 00:00 0 
7f8aa8efe000-7f8aa8f01000 ---p 00000000 00:00 0 
7f8aa8f01000-7f8aac000000 rw-p 00000000 00:00 0 
7f8aac000000-7f8aac021000 rw-p 00000000 00:00 0 
7f8aac021000-7f8ab0000000 ---p 00000000 00:00 0 
7f8ab00ef000-7f8ab00f2000 ---p 00000000 00:00 0 
7f8ab00f2000-7f8ab01f0000 rw-p 00000000 00:00 0 
7f8ab01f0000-7f8ab01f3000 ---p 00000000 00:00 0 
7f8ab01f3000-7f8ab02f1000 rw-p 00000000 00:00 0 
7f8ab02f1000-7f8ab02f4000 ---p 00000000 00:00 0 
7f8ab02f4000-7f8ab03f2000 rw-p 00000000 00:00 0 
7f8ab03f2000-7f8ab03f5000 ---p 00000000 00:00 0 
7f8ab03f5000-7f8ab04f3000 rw-p 00000000 00:00 0 
7f8ab04f3000-7f8ab04f6000 ---p 00000000 00:00 0 
7f8ab04f6000-7f8ab05f4000 rw-p 00000000 00:00 0 
7f8ab05f4000-7f8ab05f7000 ---p 00000000 00:00 0 
7f8ab05f7000-7f8ab06f5000 rw-p 00000000 00:00 0 
7f8ab06f5000-7f8ab06f8000 ---p 00000000 00:00 0 
7f8ab06f8000-7f8ab07f6000 rw-p 00000000 00:00 0 
7f8ab07f6000-7f8ab07f9000 ---p 00000000 00:00 0 
7f8ab07f9000-7f8ab08f7000 rw-p 00000000 00:00 0 
7f8ab08f7000-7f8ab08fa000 ---p 00000000 00:00 0 
7f8ab08fa000-7f8ab09f8000 rw-p 00000000 00:00 0 
7f8ab09f8000-7f8ab09fb000 ---p 00000000 00:00 0 
7f8ab09fb000-7f8ab0a31000 rw-p 00000000 00:00 0 
7f8ab0a31000-7f8ab0a34000 ---p 00000000 00:00 0 
7f8ab0a34000-7f8ab0b32000 rw-p 00000000 00:00 0 
7f8ab0b32000-7f8ab0b35000 ---p 00000000 00:00 0 
7f8ab0b35000-7f8ab0c33000 rw-p 00000000 00:00 0 
7f8ab0c33000-7f8ab0c36000 ---p 00000000 00:00 0 
7f8ab0c36000-7f8ab0d34000 rw-p 00000000 00:00 0 
7f8ab0d34000-7f8ab0d37000 ---p 00000000 00:00 0 
7f8ab0d37000-7f8ab0e35000 rw-p 00000000 00:00 0 
7f8ab0e35000-7f8ab0e38000 ---p 00000000 00:00 0 
7f8ab0e38000-7f8ab1136000 rw-p 00000000 00:00 0 
7f8ab1136000-7f8ab1139000 ---p 00000000 00:00 0 
7f8ab1139000-7f8ab1237000 rw-p 00000000 00:00 0 
7f8ab1237000-7f8ab123a000 ---p 00000000 00:00 0 
7f8ab123a000-7f8ab1338000 rw-p 00000000 00:00 0 
7f8ab1338000-7f8ab133b000 ---p 00000000 00:00 0 
7f8ab133b000-7f8ab1439000 rw-p 00000000 00:00 0 
7f8ab1439000-7f8ab144f000 r-xp 00000000 08:01 656512                     /usr/lib/jdk/jdk1.8.0_201/jre/lib/amd64/libnet.so
7f8ab144f000-7f8ab164f000 ---p 00016000 08:01 656512                     /usr/lib/jdk/jdk1.8.0_201/jre/lib/amd64/libnet.so
7f8ab164f000-7f8ab1650000 r--p 00016000 08:01 656512                     /usr/lib/jdk/jdk1.8.0_201/jre/lib/amd64/libnet.so
7f8ab1650000-7f8ab1651000 rw-p 00017000 08:01 656512                     /usr/lib/jdk/jdk1.8.0_201/jre/lib/amd64/libnet.so
7f8ab1651000-7f8ab1882000 r--s 01bb1000 08:01 403225                     /home/hewitt/work/DiffTGen-master/lib/evosuite-1.0.6.jar
7f8ab1882000-7f8ab1883000 ---p 00000000 00:00 0 
7f8ab1883000-7f8ab1983000 rw-p 00000000 00:00 0 
7f8ab1983000-7f8ab1986000 ---p 00000000 00:00 0 
7f8ab1986000-7f8ab1a84000 rw-p 00000000 00:00 0 
7f8ab1a84000-7f8ab1a87000 ---p 00000000 00:00 0 
7f8ab1a87000-7f8ab1b85000 rw-p 00000000 00:00 0 
7f8ab1b85000-7f8ab1b88000 ---p 00000000 00:00 0 
7f8ab1b88000-7f8ab1c86000 rw-p 00000000 00:00 0 
7f8ab1c86000-7f8ab1c89000 ---p 00000000 00:00 0 
7f8ab1c89000-7f8ab1d87000 rw-p 00000000 00:00 0 
7f8ab1d87000-7f8ab1d8a000 ---p 00000000 00:00 0 
7f8ab1d8a000-7f8ab1e88000 rw-p 00000000 00:00 0 
7f8ab1e88000-7f8ab2847000 r--p 00000000 08:01 270368                     /usr/lib/locale/locale-archive
7f8ab2847000-7f8ab284a000 ---p 00000000 00:00 0 
7f8ab284a000-7f8ab2948000 rw-p 00000000 00:00 0 
7f8ab2948000-7f8ab294b000 ---p 00000000 00:00 0 
7f8ab294b000-7f8ab2a49000 rw-p 00000000 00:00 0 
7f8ab2a49000-7f8ab2a4a000 ---p 00000000 00:00 0 
7f8ab2a4a000-7f8ab5000000 rw-p 00000000 00:00 0 
7f8ab5000000-7f8ab5590000 rwxp 00000000 00:00 0 
7f8ab5590000-7f8ac4000000 ---p 00000000 00:00 0 
7f8ac4000000-7f8ac44c5000 rw-p 00000000 00:00 0 
7f8ac44c5000-7f8ac8000000 ---p 00000000 00:00 0 
7f8ac8013000-7f8ac801d000 r--s 00116000 08:01 656361                     /usr/lib/jdk/jdk1.8.0_201/jre/lib/ext/localedata.jar
7f8ac801d000-7f8ac8096000 r--s 010fd000 08:01 654900                     /usr/lib/jdk/jdk1.8.0_201/lib/tools.jar
7f8ac8096000-7f8ac899f000 rw-p 00000000 00:00 0 
7f8ac899f000-7f8ac8b79000 r--s 03d6f000 08:01 656293                     /usr/lib/jdk/jdk1.8.0_201/jre/lib/rt.jar
7f8ac8b79000-7f8ac95da000 rw-p 00000000 00:00 0 
7f8ac95da000-7f8ac95db000 ---p 00000000 00:00 0 
7f8ac95db000-7f8ac96db000 rw-p 00000000 00:00 0 
7f8ac96db000-7f8ac96dc000 ---p 00000000 00:00 0 
7f8ac96dc000-7f8ac97dc000 rw-p 00000000 00:00 0 
7f8ac97dc000-7f8ac97dd000 ---p 00000000 00:00 0 
7f8ac97dd000-7f8ac98dd000 rw-p 00000000 00:00 0 
7f8ac98dd000-7f8ac98de000 ---p 00000000 00:00 0 
7f8ac98de000-7f8ac99f3000 rw-p 00000000 00:00 0 
7f8ac99f3000-7f8ac9b26000 ---p 00000000 00:00 0 
7f8ac9b26000-7f8ac9b3b000 rw-p 00000000 00:00 0 
7f8ac9b3b000-7f8ac9c6d000 ---p 00000000 00:00 0 
7f8ac9c6d000-7f8ac9c80000 rw-p 00000000 00:00 0 
7f8ac9c80000-7f8ac9d11000 ---p 00000000 00:00 0 
7f8ac9d11000-7f8ac9d29000 rw-p 00000000 00:00 0 
7f8ac9d29000-7f8aca0d2000 ---p 00000000 00:00 0 
7f8aca0d2000-7f8aca0ed000 r-xp 00000000 08:01 656508                     /usr/lib/jdk/jdk1.8.0_201/jre/lib/amd64/libzip.so
7f8aca0ed000-7f8aca2ec000 ---p 0001b000 08:01 656508                     /usr/lib/jdk/jdk1.8.0_201/jre/lib/amd64/libzip.so
7f8aca2ec000-7f8aca2ed000 r--p 0001a000 08:01 656508                     /usr/lib/jdk/jdk1.8.0_201/jre/lib/amd64/libzip.so
7f8aca2ed000-7f8aca2ee000 rw-p 0001b000 08:01 656508                     /usr/lib/jdk/jdk1.8.0_201/jre/lib/amd64/libzip.so
7f8aca2ee000-7f8aca2f9000 r-xp 00000000 08:01 658902                     /lib/x86_64-linux-gnu/libnss_files-2.23.so
7f8aca2f9000-7f8aca4f8000 ---p 0000b000 08:01 658902                     /lib/x86_64-linux-gnu/libnss_files-2.23.so
7f8aca4f8000-7f8aca4f9000 r--p 0000a000 08:01 658902                     /lib/x86_64-linux-gnu/libnss_files-2.23.so
7f8aca4f9000-7f8aca4fa000 rw-p 0000b000 08:01 658902                     /lib/x86_64-linux-gnu/libnss_files-2.23.so
7f8aca4fa000-7f8aca500000 rw-p 00000000 00:00 0 
7f8aca500000-7f8aca50b000 r-xp 00000000 08:01 658912                     /lib/x86_64-linux-gnu/libnss_nis-2.23.so
7f8aca50b000-7f8aca70a000 ---p 0000b000 08:01 658912                     /lib/x86_64-linux-gnu/libnss_nis-2.23.so
7f8aca70a000-7f8aca70b000 r--p 0000a000 08:01 658912                     /lib/x86_64-linux-gnu/libnss_nis-2.23.so
7f8aca70b000-7f8aca70c000 rw-p 0000b000 08:01 658912                     /lib/x86_64-linux-gnu/libnss_nis-2.23.so
7f8aca70c000-7f8aca722000 r-xp 00000000 08:01 658896                     /lib/x86_64-linux-gnu/libnsl-2.23.so
7f8aca722000-7f8aca921000 ---p 00016000 08:01 658896                     /lib/x86_64-linux-gnu/libnsl-2.23.so
7f8aca921000-7f8aca922000 r--p 00015000 08:01 658896                     /lib/x86_64-linux-gnu/libnsl-2.23.so
7f8aca922000-7f8aca923000 rw-p 00016000 08:01 658896                     /lib/x86_64-linux-gnu/libnsl-2.23.so
7f8aca923000-7f8aca925000 rw-p 00000000 00:00 0 
7f8aca925000-7f8aca92d000 r-xp 00000000 08:01 658898                     /lib/x86_64-linux-gnu/libnss_compat-2.23.so
7f8aca92d000-7f8acab2c000 ---p 00008000 08:01 658898                     /lib/x86_64-linux-gnu/libnss_compat-2.23.so
7f8acab2c000-7f8acab2d000 r--p 00007000 08:01 658898                     /lib/x86_64-linux-gnu/libnss_compat-2.23.so
7f8acab2d000-7f8acab2e000 rw-p 00008000 08:01 658898                     /lib/x86_64-linux-gnu/libnss_compat-2.23.so
7f8acab2e000-7f8acab5a000 r-xp 00000000 08:01 656502                     /usr/lib/jdk/jdk1.8.0_201/jre/lib/amd64/libjava.so
7f8acab5a000-7f8acad5a000 ---p 0002c000 08:01 656502                     /usr/lib/jdk/jdk1.8.0_201/jre/lib/amd64/libjava.so
7f8acad5a000-7f8acad5b000 r--p 0002c000 08:01 656502                     /usr/lib/jdk/jdk1.8.0_201/jre/lib/amd64/libjava.so
7f8acad5b000-7f8acad5d000 rw-p 0002d000 08:01 656502                     /usr/lib/jdk/jdk1.8.0_201/jre/lib/amd64/libjava.so
7f8acad5d000-7f8acad6a000 r-xp 00000000 08:01 656507                     /usr/lib/jdk/jdk1.8.0_201/jre/lib/amd64/libverify.so
7f8acad6a000-7f8acaf69000 ---p 0000d000 08:01 656507                     /usr/lib/jdk/jdk1.8.0_201/jre/lib/amd64/libverify.so
7f8acaf69000-7f8acaf6b000 r--p 0000c000 08:01 656507                     /usr/lib/jdk/jdk1.8.0_201/jre/lib/amd64/libverify.so
7f8acaf6b000-7f8acaf6c000 rw-p 0000e000 08:01 656507                     /usr/lib/jdk/jdk1.8.0_201/jre/lib/amd64/libverify.so
7f8acaf6c000-7f8acaf73000 r-xp 00000000 08:01 658957                     /lib/x86_64-linux-gnu/librt-2.23.so
7f8acaf73000-7f8acb172000 ---p 00007000 08:01 658957                     /lib/x86_64-linux-gnu/librt-2.23.so
7f8acb172000-7f8acb173000 r--p 00006000 08:01 658957                     /lib/x86_64-linux-gnu/librt-2.23.so
7f8acb173000-7f8acb174000 rw-p 00007000 08:01 658957                     /lib/x86_64-linux-gnu/librt-2.23.so
7f8acb174000-7f8acb27c000 r-xp 00000000 08:01 658873                     /lib/x86_64-linux-gnu/libm-2.23.so
7f8acb27c000-7f8acb47b000 ---p 00108000 08:01 658873                     /lib/x86_64-linux-gnu/libm-2.23.so
7f8acb47b000-7f8acb47c000 r--p 00107000 08:01 658873                     /lib/x86_64-linux-gnu/libm-2.23.so
7f8acb47c000-7f8acb47d000 rw-p 00108000 08:01 658873                     /lib/x86_64-linux-gnu/libm-2.23.so
7f8acb47d000-7f8acc165000 r-xp 00000000 08:01 656484                     /usr/lib/jdk/jdk1.8.0_201/jre/lib/amd64/server/libjvm.so
7f8acc165000-7f8acc364000 ---p 00ce8000 08:01 656484                     /usr/lib/jdk/jdk1.8.0_201/jre/lib/amd64/server/libjvm.so
7f8acc364000-7f8acc3fa000 r--p 00ce7000 08:01 656484                     /usr/lib/jdk/jdk1.8.0_201/jre/lib/amd64/server/libjvm.so
7f8acc3fa000-7f8acc42b000 rw-p 00d7d000 08:01 656484                     /usr/lib/jdk/jdk1.8.0_201/jre/lib/amd64/server/libjvm.so
7f8acc42b000-7f8acc466000 rw-p 00000000 00:00 0 
7f8acc466000-7f8acc626000 r-xp 00000000 08:01 658803                     /lib/x86_64-linux-gnu/libc-2.23.so
7f8acc626000-7f8acc826000 ---p 001c0000 08:01 658803                     /lib/x86_64-linux-gnu/libc-2.23.so
7f8acc826000-7f8acc82a000 r--p 001c0000 08:01 658803                     /lib/x86_64-linux-gnu/libc-2.23.so
7f8acc82a000-7f8acc82c000 rw-p 001c4000 08:01 658803                     /lib/x86_64-linux-gnu/libc-2.23.so
7f8acc82c000-7f8acc830000 rw-p 00000000 00:00 0 
7f8acc830000-7f8acc833000 r-xp 00000000 08:01 658827                     /lib/x86_64-linux-gnu/libdl-2.23.so
7f8acc833000-7f8acca32000 ---p 00003000 08:01 658827                     /lib/x86_64-linux-gnu/libdl-2.23.so
7f8acca32000-7f8acca33000 r--p 00002000 08:01 658827                     /lib/x86_64-linux-gnu/libdl-2.23.so
7f8acca33000-7f8acca34000 rw-p 00003000 08:01 658827                     /lib/x86_64-linux-gnu/libdl-2.23.so
7f8acca34000-7f8acca4b000 r-xp 00000000 08:01 656155                     /usr/lib/jdk/jdk1.8.0_201/lib/amd64/jli/libjli.so
7f8acca4b000-7f8accc4a000 ---p 00017000 08:01 656155                     /usr/lib/jdk/jdk1.8.0_201/lib/amd64/jli/libjli.so
7f8accc4a000-7f8accc4b000 r--p 00016000 08:01 656155                     /usr/lib/jdk/jdk1.8.0_201/lib/amd64/jli/libjli.so
7f8accc4b000-7f8accc4c000 rw-p 00017000 08:01 656155                     /usr/lib/jdk/jdk1.8.0_201/lib/amd64/jli/libjli.so
7f8accc4c000-7f8accc64000 r-xp 00000000 08:01 658949                     /lib/x86_64-linux-gnu/libpthread-2.23.so
7f8accc64000-7f8acce63000 ---p 00018000 08:01 658949                     /lib/x86_64-linux-gnu/libpthread-2.23.so
7f8acce63000-7f8acce64000 r--p 00017000 08:01 658949                     /lib/x86_64-linux-gnu/libpthread-2.23.so
7f8acce64000-7f8acce65000 rw-p 00018000 08:01 658949                     /lib/x86_64-linux-gnu/libpthread-2.23.so
7f8acce65000-7f8acce69000 rw-p 00000000 00:00 0 
7f8acce69000-7f8acce8f000 r-xp 00000000 08:01 658775                     /lib/x86_64-linux-gnu/ld-2.23.so
7f8acce93000-7f8acceaf000 r--s 00393000 08:01 656354                     /usr/lib/jdk/jdk1.8.0_201/jre/lib/ext/cldrdata.jar
7f8acceaf000-7f8acceb3000 r--s 000a1000 08:01 656350                     /usr/lib/jdk/jdk1.8.0_201/jre/lib/jsse.jar
7f8acceb3000-7f8accf71000 rw-p 00000000 00:00 0 
7f8accf71000-7f8accf74000 ---p 00000000 00:00 0 
7f8accf74000-7f8acd077000 rw-p 00000000 00:00 0 
7f8acd077000-7f8acd07f000 r--s 0006e000 08:01 398946                     /home/hewitt/work/DiffTGen-master/lib/commons-lang3-3.5.jar
7f8acd07f000-7f8acd080000 r--s 00000000 08:01 398951                     /home/hewitt/work/DiffTGen-master/lib/myprinter.jar
7f8acd080000-7f8acd084000 r--s 00039000 08:01 961162                     /home/hewitt/work/DiffTGen-master/output/patch4-Lang-59-CapGen-plausible/Lang_59_4-plausible_capgen/target/build/classes/all0.jar
7f8acd084000-7f8acd08c000 rw-s 00000000 08:01 150815                     /tmp/hsperfdata_hewitt/54080
7f8acd08c000-7f8acd08d000 rw-p 00000000 00:00 0 
7f8acd08d000-7f8acd08e000 ---p 00000000 00:00 0 
7f8acd08e000-7f8acd08f000 r--p 00025000 08:01 658775                     /lib/x86_64-linux-gnu/ld-2.23.so
7f8acd08f000-7f8acd090000 rw-p 00026000 08:01 658775                     /lib/x86_64-linux-gnu/ld-2.23.so
7f8acd090000-7f8acd091000 rw-p 00000000 00:00 0 
7ffc34991000-7ffc349b3000 rw-p 00000000 00:00 0                          [stack]
7ffc349dc000-7ffc349df000 r--p 00000000 00:00 0                          [vvar]
7ffc349df000-7ffc349e1000 r-xp 00000000 00:00 0                          [vdso]
ffffffffff600000-ffffffffff601000 r-xp 00000000 00:00 0                  [vsyscall]

VM Arguments:
java_command: /home/hewitt/work/DiffTGen-master/lib/evosuite-1.0.6.jar -base_dir /home/hewitt/work/DiffTGen-master/output/patch4-Lang-59-CapGen-plausible/Lang_59_4-plausible_capgen/target/0/4 -projectCP /home/hewitt/work/DiffTGen-master/output/patch4-Lang-59-CapGen-plausible/Lang_59_4-plausible_capgen/target/build/classes/all0.jar:/home/hewitt/work/DiffTGen-master/lib/myprinter.jar:/home/hewitt/work/DiffTGen-master/lib/commons-lang3-3.5.jar -class org.apache.commons.lang.text.StrBuilder -Dassertions=false -Dsearch_budget=60
java_class_path (initial): /home/hewitt/work/DiffTGen-master/lib/evosuite-1.0.6.jar
Launcher Type: SUN_STANDARD

Environment Variables:
JAVA_HOME=/usr/lib/jdk/jdk1.8.0_201
JRE_HOME=/usr/lib/jdk/jdk1.8.0_201/jre
CLASSPATH=.:/usr/lib/jdk/jdk1.8.0_201/lib:/usr/lib/jdk/jdk1.8.0_201/jre/lib
PATH=/usr/lib/jdk/jdk1.8.0_201/bin:/home/hewitt/bin:/home/hewitt/.local/bin:/usr/lib/jdk/jdk1.7.0_80/bin:/usr/local/sbin:/usr/local/bin:/usr/sbin:/usr/bin:/sbin:/bin:/usr/games:/usr/local/games:/snap/bin:/home/hewitt/work/defects4j_v1.4.0/defects4j/framework/bin:/opt/apache-ant-1.9.14/bin:/home/hewitt/work/defects4j_v1.4.0/defects4j/framework/bin
SHELL=/bin/bash
DISPLAY=:0

Signal Handlers:
SIGSEGV: [libjvm.so+0xad3e60], sa_mask[0]=11111111011111111101111111111110, sa_flags=SA_RESTART|SA_SIGINFO
SIGBUS: [libjvm.so+0xad3e60], sa_mask[0]=11111111011111111101111111111110, sa_flags=SA_RESTART|SA_SIGINFO
SIGFPE: [libjvm.so+0x90b880], sa_mask[0]=11111111011111111101111111111110, sa_flags=SA_RESTART|SA_SIGINFO
SIGPIPE: [libjvm.so+0x90b880], sa_mask[0]=11111111011111111101111111111110, sa_flags=SA_RESTART|SA_SIGINFO
SIGXFSZ: [libjvm.so+0x90b880], sa_mask[0]=11111111011111111101111111111110, sa_flags=SA_RESTART|SA_SIGINFO
SIGILL: [libjvm.so+0x90b880], sa_mask[0]=11111111011111111101111111111110, sa_flags=SA_RESTART|SA_SIGINFO
SIGUSR1: SIG_DFL, sa_mask[0]=00000000000000000000000000000000, sa_flags=none
SIGUSR2: [libjvm.so+0x90b750], sa_mask[0]=00100000000000000000000000000000, sa_flags=SA_RESTART|SA_SIGINFO
SIGHUP: [libjvm.so+0x90bd70], sa_mask[0]=11111111011111111101111111111110, sa_flags=SA_RESTART|SA_SIGINFO
SIGINT: [libjvm.so+0x90bd70], sa_mask[0]=11111111011111111101111111111110, sa_flags=SA_RESTART|SA_SIGINFO
SIGTERM: [libjvm.so+0x90bd70], sa_mask[0]=11111111011111111101111111111110, sa_flags=SA_RESTART|SA_SIGINFO
SIGQUIT: [libjvm.so+0x90bd70], sa_mask[0]=11111111011111111101111111111110, sa_flags=SA_RESTART|SA_SIGINFO


---------------  S Y S T E M  ---------------

OS:DISTRIB_ID=Ubuntu
DISTRIB_RELEASE=16.04
DISTRIB_CODENAME=xenial
DISTRIB_DESCRIPTION="Ubuntu 16.04.6 LTS"

uname:Linux 4.15.0-91-generic #92~16.04.1-Ubuntu SMP Fri Feb 28 14:57:22 UTC 2020 x86_64
libc:glibc 2.23 NPTL 2.23 
rlimit: STACK 8192k, CORE 0k, NPROC 15448, NOFILE 1048576, AS infinity
load average:15.66 12.56 12.52

/proc/meminfo:
MemTotal:        4015928 kB
MemFree:          433656 kB
MemAvailable:     356604 kB
Buffers:            1564 kB
Cached:            52640 kB
SwapCached:         8400 kB
Active:          2546396 kB
Inactive:         596828 kB
Active(anon):    2529936 kB
Inactive(anon):   559836 kB
Active(file):      16460 kB
Inactive(file):    36992 kB
Unevictable:          48 kB
Mlocked:              48 kB
SwapTotal:        998396 kB
SwapFree:          32688 kB
Dirty:               288 kB
Writeback:          1176 kB
AnonPages:       3081412 kB
Mapped:            38464 kB
Shmem:               208 kB
Slab:              91184 kB
SReclaimable:      33380 kB
SUnreclaim:        57804 kB
KernelStack:       17120 kB
PageTables:        42476 kB
NFS_Unstable:          0 kB
Bounce:                0 kB
WritebackTmp:          0 kB
CommitLimit:     3006360 kB
Committed_AS:    9174168 kB
VmallocTotal:   34359738367 kB
VmallocUsed:           0 kB
VmallocChunk:          0 kB
HardwareCorrupted:     0 kB
AnonHugePages:         0 kB
ShmemHugePages:        0 kB
ShmemPmdMapped:        0 kB
CmaTotal:              0 kB
CmaFree:               0 kB
HugePages_Total:       0
HugePages_Free:        0
HugePages_Rsvd:        0
HugePages_Surp:        0
Hugepagesize:       2048 kB
DirectMap4k:       98112 kB
DirectMap2M:     4096000 kB
DirectMap1G:     2097152 kB

container (cgroup) information:
container_type: cgroupv1
cpu_cpuset_cpus: 0-3
cpu_memory_nodes: 0
active_processor_count: 4
cpu_quota: -1
cpu_period: 100000
cpu_shares: -1
memory_limit_in_bytes: -1
memory_and_swap_limit_in_bytes: -2
memory_soft_limit_in_bytes: -1
memory_usage_in_bytes: 3212845056
memory_max_usage_in_bytes: 20938752


CPU:total 4 (initial active 4) (2 cores per cpu, 1 threads per core) family 6 model 158 stepping 9, cmov, cx8, fxsr, mmx, sse, sse2, sse3, ssse3, sse4.1, sse4.2, popcnt, avx, avx2, aes, clmul, erms, 3dnowpref, lzcnt, tsc, tscinvbit, bmi1, bmi2, adx

/proc/cpuinfo:
processor	: 0
vendor_id	: GenuineIntel
cpu family	: 6
model		: 158
model name	: Intel(R) Core(TM) i7-7700HQ CPU @ 2.80GHz
stepping	: 9
microcode	: 0xb4
cpu MHz		: 2808.002
cache size	: 6144 KB
physical id	: 0
siblings	: 2
core id		: 0
cpu cores	: 2
apicid		: 0
initial apicid	: 0
fpu		: yes
fpu_exception	: yes
cpuid level	: 22
wp		: yes
flags		: fpu vme de pse tsc msr pae mce cx8 apic sep mtrr pge mca cmov pat pse36 clflush mmx fxsr sse sse2 ss ht syscall nx pdpe1gb rdtscp lm constant_tsc arch_perfmon nopl xtopology tsc_reliable nonstop_tsc cpuid pni pclmulqdq ssse3 fma cx16 pcid sse4_1 sse4_2 x2apic movbe popcnt tsc_deadline_timer aes xsave avx f16c rdrand hypervisor lahf_lm abm 3dnowprefetch cpuid_fault invpcid_single pti ssbd ibrs ibpb stibp fsgsbase tsc_adjust bmi1 avx2 smep bmi2 invpcid mpx rdseed adx smap clflushopt xsaveopt xsavec xsaves arat md_clear flush_l1d arch_capabilities
bugs		: cpu_meltdown spectre_v1 spectre_v2 spec_store_bypass l1tf mds swapgs itlb_multihit
bogomips	: 5616.00
clflush size	: 64
cache_alignment	: 64
address sizes	: 43 bits physical, 48 bits virtual
power management:

processor	: 1
vendor_id	: GenuineIntel
cpu family	: 6
model		: 158
model name	: Intel(R) Core(TM) i7-7700HQ CPU @ 2.80GHz
stepping	: 9
microcode	: 0xb4
cpu MHz		: 2808.002
cache size	: 6144 KB
physical id	: 0
siblings	: 2
core id		: 1
cpu cores	: 2
apicid		: 1
initial apicid	: 1
fpu		: yes
fpu_exception	: yes
cpuid level	: 22
wp		: yes
flags		: fpu vme de pse tsc msr pae mce cx8 apic sep mtrr pge mca cmov pat pse36 clflush mmx fxsr sse sse2 ss ht syscall nx pdpe1gb rdtscp lm constant_tsc arch_perfmon nopl xtopology tsc_reliable nonstop_tsc cpuid pni pclmulqdq ssse3 fma cx16 pcid sse4_1 sse4_2 x2apic movbe popcnt tsc_deadline_timer aes xsave avx f16c rdrand hypervisor lahf_lm abm 3dnowprefetch cpuid_fault invpcid_single pti ssbd ibrs ibpb stibp fsgsbase tsc_adjust bmi1 avx2 smep bmi2 invpcid mpx rdseed adx smap clflushopt xsaveopt xsavec xsaves arat md_clear flush_l1d arch_capabilities
bugs		: cpu_meltdown spectre_v1 spectre_v2 spec_store_bypass l1tf mds swapgs itlb_multihit
bogomips	: 5616.00
clflush size	: 64
cache_alignment	: 64
address sizes	: 43 bits physical, 48 bits virtual
power management:

processor	: 2
vendor_id	: GenuineIntel
cpu family	: 6
model		: 158
model name	: Intel(R) Core(TM) i7-7700HQ CPU @ 2.80GHz
stepping	: 9
microcode	: 0xb4
cpu MHz		: 2808.002
cache size	: 6144 KB
physical id	: 1
siblings	: 2
core id		: 0
cpu cores	: 2
apicid		: 2
initial apicid	: 2
fpu		: yes
fpu_exception	: yes
cpuid level	: 22
wp		: yes
flags		: fpu vme de pse tsc msr pae mce cx8 apic sep mtrr pge mca cmov pat pse36 clflush mmx fxsr sse sse2 ss ht syscall nx pdpe1gb rdtscp lm constant_tsc arch_perfmon nopl xtopology tsc_reliable nonstop_tsc cpuid pni pclmulqdq ssse3 fma cx16 pcid sse4_1 sse4_2 x2apic movbe popcnt tsc_deadline_timer aes xsave avx f16c rdrand hypervisor lahf_lm abm 3dnowprefetch cpuid_fault invpcid_single pti ssbd ibrs ibpb stibp fsgsbase tsc_adjust bmi1 avx2 smep bmi2 invpcid mpx rdseed adx smap clflushopt xsaveopt xsavec xsaves arat md_clear flush_l1d arch_capabilities
bugs		: cpu_meltdown spectre_v1 spectre_v2 spec_store_bypass l1tf mds swapgs itlb_multihit
bogomips	: 5616.00
clflush size	: 64
cache_alignment	: 64
address sizes	: 43 bits physical, 48 bits virtual
power management:

processor	: 3
vendor_id	: GenuineIntel
cpu family	: 6
model		: 158
model name	: Intel(R) Core(TM) i7-7700HQ CPU @ 2.80GHz
stepping	: 9
microcode	: 0xb4
cpu MHz		: 2808.002
cache size	: 6144 KB
physical id	: 1
siblings	: 2
core id		: 1
cpu cores	: 2
apicid		: 3
initial apicid	: 3
fpu		: yes
fpu_exception	: yes
cpuid level	: 22
wp		: yes
flags		: fpu vme de pse tsc msr pae mce cx8 apic sep mtrr pge mca cmov pat pse36 clflush mmx fxsr sse sse2 ss ht syscall nx pdpe1gb rdtscp lm constant_tsc arch_perfmon nopl xtopology tsc_reliable nonstop_tsc cpuid pni pclmulqdq ssse3 fma cx16 pcid sse4_1 sse4_2 x2apic movbe popcnt tsc_deadline_timer aes xsave avx f16c rdrand hypervisor lahf_lm abm 3dnowprefetch cpuid_fault invpcid_single pti ssbd ibrs ibpb stibp fsgsbase tsc_adjust bmi1 avx2 smep bmi2 invpcid mpx rdseed adx smap clflushopt xsaveopt xsavec xsaves arat md_clear flush_l1d arch_capabilities
bugs		: cpu_meltdown spectre_v1 spectre_v2 spec_store_bypass l1tf mds swapgs itlb_multihit
bogomips	: 5616.00
clflush size	: 64
cache_alignment	: 64
address sizes	: 43 bits physical, 48 bits virtual
power management:



Memory: 4k page, physical 4015928k(433656k free), swap 998396k(32688k free)

vm_info: Java HotSpot(TM) 64-Bit Server VM (25.201-b09) for linux-amd64 JRE (1.8.0_201-b09), built on Dec 15 2018 11:35:59 by "java_re" with gcc 7.3.0

time: Sun Mar 29 00:45:03 2020
timezone: CST
elapsed time: 33 seconds (0d 0h 0m 33s)

