#
# There is insufficient memory for the Java Runtime Environment to continue.
# Native memory allocation (mmap) failed to map 28311552 bytes for committing reserved memory.
# Possible reasons:
#   The system is out of physical RAM or swap space
#   The process is running with CompressedOops enabled, and the Java Heap may be blocking the growth of the native heap
# Possible solutions:
#   Reduce memory load on the system
#   Increase physical memory or swap space
#   Check if swap backing store is full
#   Decrease Java heap size (-Xmx/-Xms)
#   Decrease number of Java threads
#   Decrease Java thread stack sizes (-Xss)
#   Set larger code cache with -XX:ReservedCodeCacheSize=
#   JVM is running with Unscaled Compressed Oops mode in which the Java heap is
#     placed in the first 4GB address space. The Java Heap base address is the
#     maximum limit for the native heap growth. Please use -XX:HeapBaseMinAddress
#     to set the Java Heap base and to place the Java Heap above 4GB virtual address.
# This output file may be truncated or incomplete.
#
#  Out of Memory Error (os_linux.cpp:2749), pid=67703, tid=0x00007f5cff14f700
#
# JRE version: Java(TM) SE Runtime Environment (8.0_201-b09) (build 1.8.0_201-b09)
# Java VM: Java HotSpot(TM) 64-Bit Server VM (25.201-b09 mixed mode linux-amd64 compressed oops)
# Failed to write core dump. Core dumps have been disabled. To enable core dumping, try "ulimit -c unlimited" before starting Java again
#

---------------  T H R E A D  ---------------

Current thread (0x00007f5d10140000):  VMThread [stack: 0x00007f5cff04f000,0x00007f5cff150000] [id=67740]

Stack: [0x00007f5cff04f000,0x00007f5cff150000],  sp=0x00007f5cff14e450,  free space=1021k
Native frames: (J=compiled Java code, j=interpreted, Vv=VM code, C=native code)
V  [libjvm.so+0xad3525]  VMError::report_and_die()+0x2e5
V  [libjvm.so+0x4e0457]  report_vm_out_of_memory(char const*, int, unsigned long, VMErrorType, char const*)+0x67
V  [libjvm.so+0x9102f0]  os::pd_commit_memory(char*, unsigned long, unsigned long, bool)+0x100
V  [libjvm.so+0x90791f]  os::commit_memory(char*, unsigned long, unsigned long, bool)+0x1f
V  [libjvm.so+0x98c806]  PSVirtualSpace::expand_by(unsigned long)+0x56
V  [libjvm.so+0x98da98]  PSYoungGen::resize(unsigned long, unsigned long)+0xd8
V  [libjvm.so+0x98a236]  PSScavenge::invoke_no_policy()+0x1376
V  [libjvm.so+0x98a5cc]  PSScavenge::invoke()+0x4c
V  [libjvm.so+0x93a318]  ParallelScavengeHeap::failed_mem_allocate(unsigned long)+0x68
V  [libjvm.so+0xad5073]  VM_ParallelGCFailedAllocation::doit()+0x93
V  [libjvm.so+0xada296]  VM_Operation::evaluate()+0x46
V  [libjvm.so+0xad85cd]  VMThread::evaluate_operation(VM_Operation*) [clone .constprop.44]+0xcd
V  [libjvm.so+0xad8bb3]  VMThread::loop()+0x3a3
V  [libjvm.so+0xad8f88]  VMThread::run()+0x78
V  [libjvm.so+0x90d922]  java_start(Thread*)+0x102

VM_Operation (0x00007f5cfc827670): ParallelGCFailedAllocation, mode: safepoint, requested by thread 0x00007f5cb4001000


---------------  P R O C E S S  ---------------

Java Threads: ( => current thread )
  0x00007f5cb4001000 JavaThread "RMI TCP Connection(2)-127.0.0.1" daemon [_thread_blocked, id=68168, stack(0x00007f5cfc72e000,0x00007f5cfc82f000)]
  0x00007f5c8c050000 JavaThread "RMI Scheduler(0)" daemon [_thread_blocked, id=68165, stack(0x00007f5cfc82f000,0x00007f5cfc930000)]
  0x00007f5c8c048800 JavaThread "RMI RenewClean-[127.0.0.1:13773]" daemon [_thread_blocked, id=68163, stack(0x00007f5cfc930000,0x00007f5cfca31000)]
  0x00007f5cb0001000 JavaThread "RMI TCP Connection(idle)" daemon [_thread_blocked, id=68154, stack(0x00007f5cfca31000,0x00007f5cfcb32000)]
  0x00007f5ca0005000 JavaThread "pool-3-thread-3" [_thread_blocked, id=68099, stack(0x00007f5cfcb32000,0x00007f5cfcc33000)]
  0x00007f5ca0003000 JavaThread "pool-3-thread-2" [_thread_blocked, id=68098, stack(0x00007f5cfcc33000,0x00007f5cfcd34000)]
  0x00007f5ca0002000 JavaThread "pool-3-thread-1" [_thread_blocked, id=68097, stack(0x00007f5cfcd34000,0x00007f5cfce35000)]
  0x00007f5d101ff800 JavaThread "Thread-3" [_thread_blocked, id=67953, stack(0x00007f5cfce35000,0x00007f5cfcf36000)]
  0x00007f5d101fe000 JavaThread "Thread-2" [_thread_blocked, id=67952, stack(0x00007f5cfcf36000,0x00007f5cfd037000)]
  0x00007f5d101fd000 JavaThread "process reaper" daemon [_thread_blocked, id=67947, stack(0x00007f5d14048000,0x00007f5d14081000)]
  0x00007f5d103d2000 JavaThread "pool-2-thread-1" [_thread_in_native, id=67920, stack(0x00007f5cfd037000,0x00007f5cfd138000)]
  0x00007f5d103cf800 JavaThread "GC Daemon" daemon [_thread_blocked, id=67919, stack(0x00007f5cfd138000,0x00007f5cfd239000)]
  0x00007f5d103cd000 JavaThread "RMI Reaper" [_thread_blocked, id=67918, stack(0x00007f5cfd239000,0x00007f5cfd33a000)]
  0x00007f5d103c4000 JavaThread "RMI TCP Accept-21551" daemon [_thread_in_native, id=67917, stack(0x00007f5cfd33a000,0x00007f5cfd43b000)]
  0x00007f5d103be800 JavaThread "RMI TCP Accept-12740" daemon [_thread_in_native, id=67915, stack(0x00007f5cfd43b000,0x00007f5cfd53c000)]
  0x00007f5d102e2800 JavaThread "logback-3" daemon [_thread_blocked, id=67843, stack(0x00007f5cfd73c000,0x00007f5cfd83d000)]
  0x00007f5d102df000 JavaThread "logback-2" daemon [_thread_blocked, id=67841, stack(0x00007f5cfd83d000,0x00007f5cfd93e000)]
  0x00007f5d102dd800 JavaThread "logback-1" daemon [_thread_blocked, id=67840, stack(0x00007f5cfd93e000,0x00007f5cfda3f000)]
  0x00007f5d10189000 JavaThread "Service Thread" daemon [_thread_blocked, id=67804, stack(0x00007f5cfdf89000,0x00007f5cfe08a000)]
  0x00007f5d10186000 JavaThread "C1 CompilerThread2" daemon [_thread_blocked, id=67801, stack(0x00007f5cfe08a000,0x00007f5cfe18b000)]
  0x00007f5d10184800 JavaThread "C2 CompilerThread1" daemon [_thread_blocked, id=67797, stack(0x00007f5cfe18b000,0x00007f5cfe28c000)]
  0x00007f5d10181800 JavaThread "C2 CompilerThread0" daemon [_thread_blocked, id=67791, stack(0x00007f5cfe28c000,0x00007f5cfe38d000)]
  0x00007f5d10180000 JavaThread "Signal Dispatcher" daemon [_thread_blocked, id=67788, stack(0x00007f5cfe38d000,0x00007f5cfe48e000)]
  0x00007f5d1014c000 JavaThread "Finalizer" daemon [_thread_blocked, id=67754, stack(0x00007f5cfee4d000,0x00007f5cfef4e000)]
  0x00007f5d10149800 JavaThread "Reference Handler" daemon [_thread_blocked, id=67750, stack(0x00007f5cfef4e000,0x00007f5cff04f000)]
  0x00007f5d1000a800 JavaThread "main" [_thread_blocked, id=67710, stack(0x00007f5d195db000,0x00007f5d196dc000)]

Other Threads:
=>0x00007f5d10140000 VMThread [stack: 0x00007f5cff04f000,0x00007f5cff150000] [id=67740]
  0x00007f5d1018b800 WatcherThread [stack: 0x00007f5cfde88000,0x00007f5cfdf89000] [id=67807]

VM state:at safepoint (normal execution)

VM Mutex/Monitor currently owned by a thread:  ([mutex/lock_event])
[0x00007f5d10007070] Threads_lock - owner thread: 0x00007f5d10140000
[0x00007f5d10007570] Heap_lock - owner thread: 0x00007f5cb4001000

heap address: 0x00000000c2a00000, size: 982 MB, Compressed Oops mode: 32-bit
Narrow klass base: 0x0000000000000000, Narrow klass shift: 3
Compressed class space size: 1073741824 Address: 0x0000000100000000

Heap:
 PSYoungGen      total 34304K, used 3536K [0x00000000eb900000, 0x00000000ee100000, 0x0000000100000000)
  eden space 29696K, 0% used [0x00000000eb900000,0x00000000eb900000,0x00000000ed600000)
  from space 4608K, 76% used [0x00000000ed600000,0x00000000ed974050,0x00000000eda80000)
  to   space 2560K, 0% used [0x00000000eda80000,0x00000000eda80000,0x00000000edd00000)
 ParOldGen       total 42496K, used 5313K [0x00000000c2a00000, 0x00000000c5380000, 0x00000000eb900000)
  object space 42496K, 12% used [0x00000000c2a00000,0x00000000c2f305a8,0x00000000c5380000)
 Metaspace       used 14006K, capacity 14450K, committed 14592K, reserved 1062912K
  class space    used 1607K, capacity 1718K, committed 1792K, reserved 1048576K

Card table byte_map: [0x00007f5d16190000,0x00007f5d1637c000] byte_map_base: 0x00007f5d15b7b000

Marking Bits: (ParMarkBitMap*) 0x00007f5d18ab2d80
 Begin Bits: [0x00007f5cff150000, 0x00007f5d000a8000)
 End Bits:   [0x00007f5d000a8000, 0x00007f5d01000000)

Polling page: 0x00007f5d196f7000

CodeCache: size=245760Kb used=5722Kb max_used=5735Kb free=240037Kb
 bounds [0x00007f5d01000000, 0x00007f5d015b0000, 0x00007f5d10000000]
 total_blobs=1917 nmethods=1566 adapters=264
 compilation: enabled

Compilation events (10 events):
Event: 72.168 Thread 0x00007f5d10184800 1576       4       org.evosuite.shaded.org.objectweb.asm.tree.InsnList$InsnListIterator::hasNext (13 bytes)
Event: 72.168 Thread 0x00007f5d10184800 nmethod 1576 0x00007f5d0119b7d0 code [0x00007f5d0119b920, 0x00007f5d0119b998]
Event: 72.168 Thread 0x00007f5d10184800 1567       4       org.evosuite.graphs.cfg.ASMWrapper::isBranch (20 bytes)
Event: 72.169 Thread 0x00007f5d10184800 nmethod 1567 0x00007f5d01182d50 code [0x00007f5d01182ea0, 0x00007f5d01182f38]
Event: 72.169 Thread 0x00007f5d10184800 1609       4       org.evosuite.graphs.cfg.ASMWrapper::getType (41 bytes)
Event: 72.169 Thread 0x00007f5d10184800 nmethod 1609 0x00007f5d0158e810 code [0x00007f5d0158e960, 0x00007f5d0158ea78]
Event: 72.169 Thread 0x00007f5d10184800 1603       4       org.evosuite.graphs.cfg.ASMWrapper::getInstructionType (71 bytes)
Event: 72.178 Thread 0x00007f5d10184800 nmethod 1603 0x00007f5d01150150 code [0x00007f5d01150320, 0x00007f5d01150a08]
Event: 72.178 Thread 0x00007f5d10184800 1569       4       org.evosuite.graphs.cfg.BytecodeInstruction::explain (149 bytes)
Event: 72.279 Thread 0x00007f5d10186000 1608       3       org.evosuite.graphs.cfg.BasicBlock::getFirstLine (46 bytes)

GC Heap History (10 events):
Event: 3.148 GC heap after
Heap after GC invocations=3 (full 1):
 PSYoungGen      total 18432K, used 0K [0x00000000eb900000, 0x00000000ecd80000, 0x0000000100000000)
  eden space 15872K, 0% used [0x00000000eb900000,0x00000000eb900000,0x00000000ec880000)
  from space 2560K, 0% used [0x00000000ecb00000,0x00000000ecb00000,0x00000000ecd80000)
  to   space 2560K, 0% used [0x00000000ec880000,0x00000000ec880000,0x00000000ecb00000)
 ParOldGen       total 42496K, used 2724K [0x00000000c2a00000, 0x00000000c5380000, 0x00000000eb900000)
  object space 42496K, 6% used [0x00000000c2a00000,0x00000000c2ca9050,0x00000000c5380000)
 Metaspace       used 10189K, capacity 10338K, committed 10624K, reserved 1058816K
  class space    used 1233K, capacity 1317K, committed 1408K, reserved 1048576K
}
Event: 42.184 GC heap before
{Heap before GC invocations=4 (full 1):
 PSYoungGen      total 18432K, used 15872K [0x00000000eb900000, 0x00000000ecd80000, 0x0000000100000000)
  eden space 15872K, 100% used [0x00000000eb900000,0x00000000ec880000,0x00000000ec880000)
  from space 2560K, 0% used [0x00000000ecb00000,0x00000000ecb00000,0x00000000ecd80000)
  to   space 2560K, 0% used [0x00000000ec880000,0x00000000ec880000,0x00000000ecb00000)
 ParOldGen       total 42496K, used 2724K [0x00000000c2a00000, 0x00000000c5380000, 0x00000000eb900000)
  object space 42496K, 6% used [0x00000000c2a00000,0x00000000c2ca9050,0x00000000c5380000)
 Metaspace       used 13237K, capacity 13606K, committed 13696K, reserved 1060864K
  class space    used 1550K, capacity 1652K, committed 1664K, reserved 1048576K
Event: 42.202 GC heap after
Heap after GC invocations=4 (full 1):
 PSYoungGen      total 18432K, used 2536K [0x00000000eb900000, 0x00000000ecd80000, 0x0000000100000000)
  eden space 15872K, 0% used [0x00000000eb900000,0x00000000eb900000,0x00000000ec880000)
  from space 2560K, 99% used [0x00000000ec880000,0x00000000ecafa2f8,0x00000000ecb00000)
  to   space 2560K, 0% used [0x00000000ecb00000,0x00000000ecb00000,0x00000000ecd80000)
 ParOldGen       total 42496K, used 3762K [0x00000000c2a00000, 0x00000000c5380000, 0x00000000eb900000)
  object space 42496K, 8% used [0x00000000c2a00000,0x00000000c2daca58,0x00000000c5380000)
 Metaspace       used 13237K, capacity 13606K, committed 13696K, reserved 1060864K
  class space    used 1550K, capacity 1652K, committed 1664K, reserved 1048576K
}
Event: 51.505 GC heap before
{Heap before GC invocations=5 (full 1):
 PSYoungGen      total 18432K, used 18408K [0x00000000eb900000, 0x00000000ecd80000, 0x0000000100000000)
  eden space 15872K, 100% used [0x00000000eb900000,0x00000000ec880000,0x00000000ec880000)
  from space 2560K, 99% used [0x00000000ec880000,0x00000000ecafa2f8,0x00000000ecb00000)
  to   space 2560K, 0% used [0x00000000ecb00000,0x00000000ecb00000,0x00000000ecd80000)
 ParOldGen       total 42496K, used 3762K [0x00000000c2a00000, 0x00000000c5380000, 0x00000000eb900000)
  object space 42496K, 8% used [0x00000000c2a00000,0x00000000c2daca58,0x00000000c5380000)
 Metaspace       used 13908K, capacity 14386K, committed 14592K, reserved 1062912K
  class space    used 1606K, capacity 1718K, committed 1792K, reserved 1048576K
Event: 51.536 GC heap after
Heap after GC invocations=5 (full 1):
 PSYoungGen      total 18432K, used 2540K [0x00000000eb900000, 0x00000000ecd80000, 0x0000000100000000)
  eden space 15872K, 0% used [0x00000000eb900000,0x00000000eb900000,0x00000000ec880000)
  from space 2560K, 99% used [0x00000000ecb00000,0x00000000ecd7b020,0x00000000ecd80000)
  to   space 2560K, 0% used [0x00000000ec880000,0x00000000ec880000,0x00000000ecb00000)
 ParOldGen       total 42496K, used 4217K [0x00000000c2a00000, 0x00000000c5380000, 0x00000000eb900000)
  object space 42496K, 9% used [0x00000000c2a00000,0x00000000c2e1e548,0x00000000c5380000)
 Metaspace       used 13908K, capacity 14386K, committed 14592K, reserved 1062912K
  class space    used 1606K, capacity 1718K, committed 1792K, reserved 1048576K
}
Event: 60.507 GC heap before
{Heap before GC invocations=6 (full 1):
 PSYoungGen      total 18432K, used 18412K [0x00000000eb900000, 0x00000000ecd80000, 0x0000000100000000)
  eden space 15872K, 100% used [0x00000000eb900000,0x00000000ec880000,0x00000000ec880000)
  from space 2560K, 99% used [0x00000000ecb00000,0x00000000ecd7b020,0x00000000ecd80000)
  to   space 2560K, 0% used [0x00000000ec880000,0x00000000ec880000,0x00000000ecb00000)
 ParOldGen       total 42496K, used 4217K [0x00000000c2a00000, 0x00000000c5380000, 0x00000000eb900000)
  object space 42496K, 9% used [0x00000000c2a00000,0x00000000c2e1e548,0x00000000c5380000)
 Metaspace       used 13933K, capacity 14386K, committed 14592K, reserved 1062912K
  class space    used 1606K, capacity 1718K, committed 1792K, reserved 1048576K
Event: 62.847 GC heap after
Heap after GC invocations=6 (full 1):
 PSYoungGen      total 18432K, used 2550K [0x00000000eb900000, 0x00000000edd00000, 0x0000000100000000)
  eden space 15872K, 0% used [0x00000000eb900000,0x00000000eb900000,0x00000000ec880000)
  from space 2560K, 99% used [0x00000000ec880000,0x00000000ecafd830,0x00000000ecb00000)
  to   space 2560K, 0% used [0x00000000eda80000,0x00000000eda80000,0x00000000edd00000)
 ParOldGen       total 42496K, used 4471K [0x00000000c2a00000, 0x00000000c5380000, 0x00000000eb900000)
  object space 42496K, 10% used [0x00000000c2a00000,0x00000000c2e5de98,0x00000000c5380000)
 Metaspace       used 13933K, capacity 14386K, committed 14592K, reserved 1062912K
  class space    used 1606K, capacity 1718K, committed 1792K, reserved 1048576K
}
Event: 68.441 GC heap before
{Heap before GC invocations=7 (full 1):
 PSYoungGen      total 18432K, used 18422K [0x00000000eb900000, 0x00000000edd00000, 0x0000000100000000)
  eden space 15872K, 100% used [0x00000000eb900000,0x00000000ec880000,0x00000000ec880000)
  from space 2560K, 99% used [0x00000000ec880000,0x00000000ecafd830,0x00000000ecb00000)
  to   space 2560K, 0% used [0x00000000eda80000,0x00000000eda80000,0x00000000edd00000)
 ParOldGen       total 42496K, used 4471K [0x00000000c2a00000, 0x00000000c5380000, 0x00000000eb900000)
  object space 42496K, 10% used [0x00000000c2a00000,0x00000000c2e5de98,0x00000000c5380000)
 Metaspace       used 13977K, capacity 14386K, committed 14592K, reserved 1062912K
  class space    used 1607K, capacity 1718K, committed 1792K, reserved 1048576K
Event: 68.448 GC heap after
Heap after GC invocations=7 (full 1):
 PSYoungGen      total 32256K, used 2544K [0x00000000eb900000, 0x00000000ee100000, 0x0000000100000000)
  eden space 29696K, 0% used [0x00000000eb900000,0x00000000eb900000,0x00000000ed600000)
  from space 2560K, 99% used [0x00000000eda80000,0x00000000edcfc010,0x00000000edd00000)
  to   space 4608K, 0% used [0x00000000ed600000,0x00000000ed600000,0x00000000eda80000)
 ParOldGen       total 42496K, used 5313K [0x00000000c2a00000, 0x00000000c5380000, 0x00000000eb900000)
  object space 42496K, 12% used [0x00000000c2a00000,0x00000000c2f305a8,0x00000000c5380000)
 Metaspace       used 13977K, capacity 14386K, committed 14592K, reserved 1062912K
  class space    used 1607K, capacity 1718K, committed 1792K, reserved 1048576K
}
Event: 78.569 GC heap before
{Heap before GC invocations=8 (full 1):
 PSYoungGen      total 32256K, used 32240K [0x00000000eb900000, 0x00000000ee100000, 0x0000000100000000)
  eden space 29696K, 100% used [0x00000000eb900000,0x00000000ed600000,0x00000000ed600000)
  from space 2560K, 99% used [0x00000000eda80000,0x00000000edcfc010,0x00000000edd00000)
  to   space 4608K, 0% used [0x00000000ed600000,0x00000000ed600000,0x00000000eda80000)
 ParOldGen       total 42496K, used 5313K [0x00000000c2a00000, 0x00000000c5380000, 0x00000000eb900000)
  object space 42496K, 12% used [0x00000000c2a00000,0x00000000c2f305a8,0x00000000c5380000)
 Metaspace       used 14006K, capacity 14450K, committed 14592K, reserved 1062912K
  class space    used 1607K, capacity 1718K, committed 1792K, reserved 1048576K

Deoptimization events (10 events):
Event: 42.054 Thread 0x00007f5cb4001000 Uncommon trap: reason=class_check action=maybe_recompile pc=0x00007f5d013798b4 method=java.util.HashMap.putVal(ILjava/lang/Object;Ljava/lang/Object;ZZ)Ljava/lang/Object; @ 203
Event: 42.262 Thread 0x00007f5cb4001000 Uncommon trap: reason=class_check action=maybe_recompile pc=0x00007f5d013798b4 method=java.util.HashMap.putVal(ILjava/lang/Object;Ljava/lang/Object;ZZ)Ljava/lang/Object; @ 203
Event: 42.642 Thread 0x00007f5cb4001000 Uncommon trap: reason=unstable_if action=reinterpret pc=0x00007f5d0121b0f0 method=java.lang.AbstractStringBuilder.append(Ljava/lang/String;)Ljava/lang/AbstractStringBuilder; @ 1
Event: 42.839 Thread 0x00007f5cb4001000 Uncommon trap: reason=unstable_if action=reinterpret pc=0x00007f5d011eda78 method=java.lang.AbstractStringBuilder.append(Ljava/lang/String;)Ljava/lang/AbstractStringBuilder; @ 1
Event: 43.412 Thread 0x00007f5cb4001000 Uncommon trap: reason=class_check action=maybe_recompile pc=0x00007f5d013798b4 method=java.util.HashMap.putVal(ILjava/lang/Object;Ljava/lang/Object;ZZ)Ljava/lang/Object; @ 203
Event: 51.458 Thread 0x00007f5cb4001000 Uncommon trap: reason=unstable_if action=reinterpret pc=0x00007f5d01437294 method=org.evosuite.shaded.org.objectweb.asm.Type.getType([CI)Lorg/evosuite/shaded/org/objectweb/asm/Type; @ 165
Event: 68.458 Thread 0x00007f5cb4001000 Uncommon trap: reason=bimorphic action=maybe_recompile pc=0x00007f5d0151785c method=java.util.AbstractCollection.addAll(Ljava/util/Collection;)Z @ 3
Event: 68.458 Thread 0x00007f5cb4001000 Uncommon trap: reason=bimorphic action=maybe_recompile pc=0x00007f5d0151785c method=java.util.AbstractCollection.addAll(Ljava/util/Collection;)Z @ 3
Event: 68.458 Thread 0x00007f5cb4001000 Uncommon trap: reason=bimorphic action=maybe_recompile pc=0x00007f5d0151785c method=java.util.AbstractCollection.addAll(Ljava/util/Collection;)Z @ 3
Event: 68.458 Thread 0x00007f5cb4001000 Uncommon trap: reason=bimorphic action=maybe_recompile pc=0x00007f5d0151785c method=java.util.AbstractCollection.addAll(Ljava/util/Collection;)Z @ 3

Classes redefined (0 events):
No events

Internal exceptions (10 events):
Event: 41.477 Thread 0x00007f5d102dd800 Exception <a 'java/net/ConnectException'> (0x00000000ebb2b8b0) thrown at [/HUDSON/workspace/8-2-build-linux-amd64/jdk8u201/12317/hotspot/src/share/vm/prims/jni.cpp, line 709]
Event: 41.486 Thread 0x00007f5d102e2800 Exception <a 'java/net/ConnectException'> (0x00000000ebb53458) thrown at [/HUDSON/workspace/8-2-build-linux-amd64/jdk8u201/12317/hotspot/src/share/vm/prims/jni.cpp, line 709]
Event: 42.642 Thread 0x00007f5cb4001000 Implicit null exception at 0x00007f5d0121ad35 to 0x00007f5d0121b0dd
Event: 42.839 Thread 0x00007f5cb4001000 Implicit null exception at 0x00007f5d011ed6b6 to 0x00007f5d011eda61
Event: 54.365 Thread 0x00007f5d102df000 Exception <a 'java/net/ConnectException'> (0x00000000ec542ce0) thrown at [/HUDSON/workspace/8-2-build-linux-amd64/jdk8u201/12317/hotspot/src/share/vm/prims/jni.cpp, line 709]
Event: 54.365 Thread 0x00007f5d102e2800 Exception <a 'java/net/ConnectException'> (0x00000000ec532030) thrown at [/HUDSON/workspace/8-2-build-linux-amd64/jdk8u201/12317/hotspot/src/share/vm/prims/jni.cpp, line 709]
Event: 54.365 Thread 0x00007f5d102dd800 Exception <a 'java/net/ConnectException'> (0x00000000ec553990) thrown at [/HUDSON/workspace/8-2-build-linux-amd64/jdk8u201/12317/hotspot/src/share/vm/prims/jni.cpp, line 709]
Event: 67.952 Thread 0x00007f5d102dd800 Exception <a 'java/net/ConnectException'> (0x00000000ec27f508) thrown at [/HUDSON/workspace/8-2-build-linux-amd64/jdk8u201/12317/hotspot/src/share/vm/prims/jni.cpp, line 709]
Event: 67.952 Thread 0x00007f5d102df000 Exception <a 'java/net/ConnectException'> (0x00000000ec28a460) thrown at [/HUDSON/workspace/8-2-build-linux-amd64/jdk8u201/12317/hotspot/src/share/vm/prims/jni.cpp, line 709]
Event: 67.953 Thread 0x00007f5d102e2800 Exception <a 'java/net/ConnectException'> (0x00000000ec2953c0) thrown at [/HUDSON/workspace/8-2-build-linux-amd64/jdk8u201/12317/hotspot/src/share/vm/prims/jni.cpp, line 709]

Events (10 events):
Event: 72.110 Thread 0x00007f5d10186000 flushing nmethod 0x00007f5d0112d3d0
Event: 72.110 Thread 0x00007f5d10186000 flushing nmethod 0x00007f5d0112f950
Event: 72.111 Thread 0x00007f5d10186000 flushing nmethod 0x00007f5d01134a50
Event: 72.111 Thread 0x00007f5d10186000 flushing nmethod 0x00007f5d01138290
Event: 72.112 Thread 0x00007f5d10186000 flushing nmethod 0x00007f5d0114fb90
Event: 72.113 Thread 0x00007f5d10186000 flushing nmethod 0x00007f5d01169fd0
Event: 72.122 Thread 0x00007f5d10186000 flushing nmethod 0x00007f5d01182b10
Event: 72.125 Thread 0x00007f5d10186000 flushing nmethod 0x00007f5d0119b5d0
Event: 72.125 Thread 0x00007f5d10186000 flushing nmethod 0x00007f5d011a0dd0
Event: 72.598 Executing VM operation: ParallelGCFailedAllocation


Dynamic libraries:
00400000-00401000 r-xp 00000000 08:01 654793                             /usr/lib/jdk/jdk1.8.0_201/bin/java
00600000-00601000 r--p 00000000 08:01 654793                             /usr/lib/jdk/jdk1.8.0_201/bin/java
00601000-00602000 rw-p 00001000 08:01 654793                             /usr/lib/jdk/jdk1.8.0_201/bin/java
006a5000-0093e000 rw-p 00000000 00:00 0                                  [heap]
c2a00000-c5380000 rw-p 00000000 00:00 0 
c5380000-eb900000 ---p 00000000 00:00 0 
eb900000-ee100000 rw-p 00000000 00:00 0 
efc00000-100000000 ---p 00000000 00:00 0 
100000000-1001c0000 rw-p 00000000 00:00 0 
1001c0000-140000000 ---p 00000000 00:00 0 
7f5c80000000-7f5c80021000 rw-p 00000000 00:00 0 
7f5c80021000-7f5c84000000 ---p 00000000 00:00 0 
7f5c84000000-7f5c84021000 rw-p 00000000 00:00 0 
7f5c84021000-7f5c88000000 ---p 00000000 00:00 0 
7f5c88000000-7f5c88021000 rw-p 00000000 00:00 0 
7f5c88021000-7f5c8c000000 ---p 00000000 00:00 0 
7f5c8c000000-7f5c8c053000 rw-p 00000000 00:00 0 
7f5c8c053000-7f5c90000000 ---p 00000000 00:00 0 
7f5c90000000-7f5c90021000 rw-p 00000000 00:00 0 
7f5c90021000-7f5c94000000 ---p 00000000 00:00 0 
7f5c94000000-7f5c94021000 rw-p 00000000 00:00 0 
7f5c94021000-7f5c98000000 ---p 00000000 00:00 0 
7f5c98000000-7f5c98021000 rw-p 00000000 00:00 0 
7f5c98021000-7f5c9c000000 ---p 00000000 00:00 0 
7f5c9c000000-7f5c9c021000 rw-p 00000000 00:00 0 
7f5c9c021000-7f5ca0000000 ---p 00000000 00:00 0 
7f5ca0000000-7f5ca0021000 rw-p 00000000 00:00 0 
7f5ca0021000-7f5ca4000000 ---p 00000000 00:00 0 
7f5ca4000000-7f5ca4021000 rw-p 00000000 00:00 0 
7f5ca4021000-7f5ca8000000 ---p 00000000 00:00 0 
7f5ca8000000-7f5ca8021000 rw-p 00000000 00:00 0 
7f5ca8021000-7f5cac000000 ---p 00000000 00:00 0 
7f5cac000000-7f5cac021000 rw-p 00000000 00:00 0 
7f5cac021000-7f5cb0000000 ---p 00000000 00:00 0 
7f5cb0000000-7f5cb0021000 rw-p 00000000 00:00 0 
7f5cb0021000-7f5cb4000000 ---p 00000000 00:00 0 
7f5cb4000000-7f5cb4021000 rw-p 00000000 00:00 0 
7f5cb4021000-7f5cb8000000 ---p 00000000 00:00 0 
7f5cb8000000-7f5cb8021000 rw-p 00000000 00:00 0 
7f5cb8021000-7f5cbc000000 ---p 00000000 00:00 0 
7f5cbc000000-7f5cbc021000 rw-p 00000000 00:00 0 
7f5cbc021000-7f5cc0000000 ---p 00000000 00:00 0 
7f5cc0000000-7f5cc0021000 rw-p 00000000 00:00 0 
7f5cc0021000-7f5cc4000000 ---p 00000000 00:00 0 
7f5cc4000000-7f5cc4021000 rw-p 00000000 00:00 0 
7f5cc4021000-7f5cc8000000 ---p 00000000 00:00 0 
7f5cc8000000-7f5cc87be000 rw-p 00000000 00:00 0 
7f5cc87be000-7f5ccc000000 ---p 00000000 00:00 0 
7f5ccc000000-7f5ccc021000 rw-p 00000000 00:00 0 
7f5ccc021000-7f5cd0000000 ---p 00000000 00:00 0 
7f5cd0000000-7f5cd096d000 rw-p 00000000 00:00 0 
7f5cd096d000-7f5cd4000000 ---p 00000000 00:00 0 
7f5cd4000000-7f5cd56db000 rw-p 00000000 00:00 0 
7f5cd56db000-7f5cd8000000 ---p 00000000 00:00 0 
7f5cd8000000-7f5cd8021000 rw-p 00000000 00:00 0 
7f5cd8021000-7f5cdc000000 ---p 00000000 00:00 0 
7f5cdc000000-7f5cdc021000 rw-p 00000000 00:00 0 
7f5cdc021000-7f5ce0000000 ---p 00000000 00:00 0 
7f5ce0000000-7f5ce0315000 rw-p 00000000 00:00 0 
7f5ce0315000-7f5ce4000000 ---p 00000000 00:00 0 
7f5ce4000000-7f5ce4021000 rw-p 00000000 00:00 0 
7f5ce4021000-7f5ce8000000 ---p 00000000 00:00 0 
7f5ce8000000-7f5ce8021000 rw-p 00000000 00:00 0 
7f5ce8021000-7f5cec000000 ---p 00000000 00:00 0 
7f5cec000000-7f5cec021000 rw-p 00000000 00:00 0 
7f5cec021000-7f5cf0000000 ---p 00000000 00:00 0 
7f5cf0000000-7f5cf0021000 rw-p 00000000 00:00 0 
7f5cf0021000-7f5cf4000000 ---p 00000000 00:00 0 
7f5cf4fff000-7f5cf8000000 rw-p 00000000 00:00 0 
7f5cf8000000-7f5cf8021000 rw-p 00000000 00:00 0 
7f5cf8021000-7f5cfc000000 ---p 00000000 00:00 0 
7f5cfc32e000-7f5cfc3ae000 rw-p 00000000 00:00 0 
7f5cfc3ae000-7f5cfc52e000 ---p 00000000 00:00 0 
7f5cfc52e000-7f5cfc72e000 rw-p 00000000 00:00 0 
7f5cfc72e000-7f5cfc731000 ---p 00000000 00:00 0 
7f5cfc731000-7f5cfc82f000 rw-p 00000000 00:00 0 
7f5cfc82f000-7f5cfc832000 ---p 00000000 00:00 0 
7f5cfc832000-7f5cfc930000 rw-p 00000000 00:00 0 
7f5cfc930000-7f5cfc933000 ---p 00000000 00:00 0 
7f5cfc933000-7f5cfca31000 rw-p 00000000 00:00 0 
7f5cfca31000-7f5cfca34000 ---p 00000000 00:00 0 
7f5cfca34000-7f5cfcb32000 rw-p 00000000 00:00 0 
7f5cfcb32000-7f5cfcb35000 ---p 00000000 00:00 0 
7f5cfcb35000-7f5cfcc33000 rw-p 00000000 00:00 0 
7f5cfcc33000-7f5cfcc36000 ---p 00000000 00:00 0 
7f5cfcc36000-7f5cfcd34000 rw-p 00000000 00:00 0 
7f5cfcd34000-7f5cfcd37000 ---p 00000000 00:00 0 
7f5cfcd37000-7f5cfce35000 rw-p 00000000 00:00 0 
7f5cfce35000-7f5cfce38000 ---p 00000000 00:00 0 
7f5cfce38000-7f5cfcf36000 rw-p 00000000 00:00 0 
7f5cfcf36000-7f5cfcf39000 ---p 00000000 00:00 0 
7f5cfcf39000-7f5cfd037000 rw-p 00000000 00:00 0 
7f5cfd037000-7f5cfd03a000 ---p 00000000 00:00 0 
7f5cfd03a000-7f5cfd138000 rw-p 00000000 00:00 0 
7f5cfd138000-7f5cfd13b000 ---p 00000000 00:00 0 
7f5cfd13b000-7f5cfd239000 rw-p 00000000 00:00 0 
7f5cfd239000-7f5cfd23c000 ---p 00000000 00:00 0 
7f5cfd23c000-7f5cfd33a000 rw-p 00000000 00:00 0 
7f5cfd33a000-7f5cfd33d000 ---p 00000000 00:00 0 
7f5cfd33d000-7f5cfd43b000 rw-p 00000000 00:00 0 
7f5cfd43b000-7f5cfd43e000 ---p 00000000 00:00 0 
7f5cfd43e000-7f5cfd73c000 rw-p 00000000 00:00 0 
7f5cfd73c000-7f5cfd73f000 ---p 00000000 00:00 0 
7f5cfd73f000-7f5cfd83d000 rw-p 00000000 00:00 0 
7f5cfd83d000-7f5cfd840000 ---p 00000000 00:00 0 
7f5cfd840000-7f5cfd93e000 rw-p 00000000 00:00 0 
7f5cfd93e000-7f5cfd941000 ---p 00000000 00:00 0 
7f5cfd941000-7f5cfda3f000 rw-p 00000000 00:00 0 
7f5cfda3f000-7f5cfda55000 r-xp 00000000 08:01 656512                     /usr/lib/jdk/jdk1.8.0_201/jre/lib/amd64/libnet.so
7f5cfda55000-7f5cfdc55000 ---p 00016000 08:01 656512                     /usr/lib/jdk/jdk1.8.0_201/jre/lib/amd64/libnet.so
7f5cfdc55000-7f5cfdc56000 r--p 00016000 08:01 656512                     /usr/lib/jdk/jdk1.8.0_201/jre/lib/amd64/libnet.so
7f5cfdc56000-7f5cfdc57000 rw-p 00017000 08:01 656512                     /usr/lib/jdk/jdk1.8.0_201/jre/lib/amd64/libnet.so
7f5cfdc57000-7f5cfde88000 r--s 01bb1000 08:01 403225                     /home/hewitt/work/DiffTGen-master/lib/evosuite-1.0.6.jar
7f5cfde88000-7f5cfde89000 ---p 00000000 00:00 0 
7f5cfde89000-7f5cfdf89000 rw-p 00000000 00:00 0 
7f5cfdf89000-7f5cfdf8c000 ---p 00000000 00:00 0 
7f5cfdf8c000-7f5cfe08a000 rw-p 00000000 00:00 0 
7f5cfe08a000-7f5cfe08d000 ---p 00000000 00:00 0 
7f5cfe08d000-7f5cfe18b000 rw-p 00000000 00:00 0 
7f5cfe18b000-7f5cfe18e000 ---p 00000000 00:00 0 
7f5cfe18e000-7f5cfe28c000 rw-p 00000000 00:00 0 
7f5cfe28c000-7f5cfe28f000 ---p 00000000 00:00 0 
7f5cfe28f000-7f5cfe38d000 rw-p 00000000 00:00 0 
7f5cfe38d000-7f5cfe390000 ---p 00000000 00:00 0 
7f5cfe390000-7f5cfe48e000 rw-p 00000000 00:00 0 
7f5cfe48e000-7f5cfee4d000 r--p 00000000 08:01 270368                     /usr/lib/locale/locale-archive
7f5cfee4d000-7f5cfee50000 ---p 00000000 00:00 0 
7f5cfee50000-7f5cfef4e000 rw-p 00000000 00:00 0 
7f5cfef4e000-7f5cfef51000 ---p 00000000 00:00 0 
7f5cfef51000-7f5cff04f000 rw-p 00000000 00:00 0 
7f5cff04f000-7f5cff050000 ---p 00000000 00:00 0 
7f5cff050000-7f5d01000000 rw-p 00000000 00:00 0 
7f5d01000000-7f5d015b0000 rwxp 00000000 00:00 0 
7f5d015b0000-7f5d10000000 ---p 00000000 00:00 0 
7f5d10000000-7f5d104be000 rw-p 00000000 00:00 0 
7f5d104be000-7f5d14000000 ---p 00000000 00:00 0 
7f5d14019000-7f5d1402c000 r--s 00345000 08:01 656331                     /usr/lib/jdk/jdk1.8.0_201/jre/lib/resources.jar
7f5d1402c000-7f5d14048000 r--s 00393000 08:01 656354                     /usr/lib/jdk/jdk1.8.0_201/jre/lib/ext/cldrdata.jar
7f5d14048000-7f5d1404b000 ---p 00000000 00:00 0 
7f5d1404b000-7f5d14081000 rw-p 00000000 00:00 0 
7f5d14081000-7f5d140fa000 r--s 010fd000 08:01 654900                     /usr/lib/jdk/jdk1.8.0_201/lib/tools.jar
7f5d140fa000-7f5d15009000 rw-p 00000000 00:00 0 
7f5d15009000-7f5d151e3000 r--s 03d6f000 08:01 656293                     /usr/lib/jdk/jdk1.8.0_201/jre/lib/rt.jar
7f5d151e3000-7f5d15c44000 rw-p 00000000 00:00 0 
7f5d15c44000-7f5d15c45000 ---p 00000000 00:00 0 
7f5d15c45000-7f5d15d45000 rw-p 00000000 00:00 0 
7f5d15d45000-7f5d15d46000 ---p 00000000 00:00 0 
7f5d15d46000-7f5d15e46000 rw-p 00000000 00:00 0 
7f5d15e46000-7f5d15e47000 ---p 00000000 00:00 0 
7f5d15e47000-7f5d15f47000 rw-p 00000000 00:00 0 
7f5d15f47000-7f5d15f48000 ---p 00000000 00:00 0 
7f5d15f48000-7f5d1605d000 rw-p 00000000 00:00 0 
7f5d1605d000-7f5d16190000 ---p 00000000 00:00 0 
7f5d16190000-7f5d161a5000 rw-p 00000000 00:00 0 
7f5d161a5000-7f5d162d7000 ---p 00000000 00:00 0 
7f5d162d7000-7f5d162ec000 rw-p 00000000 00:00 0 
7f5d162ec000-7f5d1637b000 ---p 00000000 00:00 0 
7f5d1637b000-7f5d16393000 rw-p 00000000 00:00 0 
7f5d16393000-7f5d1673c000 ---p 00000000 00:00 0 
7f5d1673c000-7f5d16757000 r-xp 00000000 08:01 656508                     /usr/lib/jdk/jdk1.8.0_201/jre/lib/amd64/libzip.so
7f5d16757000-7f5d16956000 ---p 0001b000 08:01 656508                     /usr/lib/jdk/jdk1.8.0_201/jre/lib/amd64/libzip.so
7f5d16956000-7f5d16957000 r--p 0001a000 08:01 656508                     /usr/lib/jdk/jdk1.8.0_201/jre/lib/amd64/libzip.so
7f5d16957000-7f5d16958000 rw-p 0001b000 08:01 656508                     /usr/lib/jdk/jdk1.8.0_201/jre/lib/amd64/libzip.so
7f5d16958000-7f5d16963000 r-xp 00000000 08:01 658902                     /lib/x86_64-linux-gnu/libnss_files-2.23.so
7f5d16963000-7f5d16b62000 ---p 0000b000 08:01 658902                     /lib/x86_64-linux-gnu/libnss_files-2.23.so
7f5d16b62000-7f5d16b63000 r--p 0000a000 08:01 658902                     /lib/x86_64-linux-gnu/libnss_files-2.23.so
7f5d16b63000-7f5d16b64000 rw-p 0000b000 08:01 658902                     /lib/x86_64-linux-gnu/libnss_files-2.23.so
7f5d16b64000-7f5d16b6a000 rw-p 00000000 00:00 0 
7f5d16b6a000-7f5d16b75000 r-xp 00000000 08:01 658912                     /lib/x86_64-linux-gnu/libnss_nis-2.23.so
7f5d16b75000-7f5d16d74000 ---p 0000b000 08:01 658912                     /lib/x86_64-linux-gnu/libnss_nis-2.23.so
7f5d16d74000-7f5d16d75000 r--p 0000a000 08:01 658912                     /lib/x86_64-linux-gnu/libnss_nis-2.23.so
7f5d16d75000-7f5d16d76000 rw-p 0000b000 08:01 658912                     /lib/x86_64-linux-gnu/libnss_nis-2.23.so
7f5d16d76000-7f5d16d8c000 r-xp 00000000 08:01 658896                     /lib/x86_64-linux-gnu/libnsl-2.23.so
7f5d16d8c000-7f5d16f8b000 ---p 00016000 08:01 658896                     /lib/x86_64-linux-gnu/libnsl-2.23.so
7f5d16f8b000-7f5d16f8c000 r--p 00015000 08:01 658896                     /lib/x86_64-linux-gnu/libnsl-2.23.so
7f5d16f8c000-7f5d16f8d000 rw-p 00016000 08:01 658896                     /lib/x86_64-linux-gnu/libnsl-2.23.so
7f5d16f8d000-7f5d16f8f000 rw-p 00000000 00:00 0 
7f5d16f8f000-7f5d16f97000 r-xp 00000000 08:01 658898                     /lib/x86_64-linux-gnu/libnss_compat-2.23.so
7f5d16f97000-7f5d17196000 ---p 00008000 08:01 658898                     /lib/x86_64-linux-gnu/libnss_compat-2.23.so
7f5d17196000-7f5d17197000 r--p 00007000 08:01 658898                     /lib/x86_64-linux-gnu/libnss_compat-2.23.so
7f5d17197000-7f5d17198000 rw-p 00008000 08:01 658898                     /lib/x86_64-linux-gnu/libnss_compat-2.23.so
7f5d17198000-7f5d171c4000 r-xp 00000000 08:01 656502                     /usr/lib/jdk/jdk1.8.0_201/jre/lib/amd64/libjava.so
7f5d171c4000-7f5d173c4000 ---p 0002c000 08:01 656502                     /usr/lib/jdk/jdk1.8.0_201/jre/lib/amd64/libjava.so
7f5d173c4000-7f5d173c5000 r--p 0002c000 08:01 656502                     /usr/lib/jdk/jdk1.8.0_201/jre/lib/amd64/libjava.so
7f5d173c5000-7f5d173c7000 rw-p 0002d000 08:01 656502                     /usr/lib/jdk/jdk1.8.0_201/jre/lib/amd64/libjava.so
7f5d173c7000-7f5d173d4000 r-xp 00000000 08:01 656507                     /usr/lib/jdk/jdk1.8.0_201/jre/lib/amd64/libverify.so
7f5d173d4000-7f5d175d3000 ---p 0000d000 08:01 656507                     /usr/lib/jdk/jdk1.8.0_201/jre/lib/amd64/libverify.so
7f5d175d3000-7f5d175d5000 r--p 0000c000 08:01 656507                     /usr/lib/jdk/jdk1.8.0_201/jre/lib/amd64/libverify.so
7f5d175d5000-7f5d175d6000 rw-p 0000e000 08:01 656507                     /usr/lib/jdk/jdk1.8.0_201/jre/lib/amd64/libverify.so
7f5d175d6000-7f5d175dd000 r-xp 00000000 08:01 658957                     /lib/x86_64-linux-gnu/librt-2.23.so
7f5d175dd000-7f5d177dc000 ---p 00007000 08:01 658957                     /lib/x86_64-linux-gnu/librt-2.23.so
7f5d177dc000-7f5d177dd000 r--p 00006000 08:01 658957                     /lib/x86_64-linux-gnu/librt-2.23.so
7f5d177dd000-7f5d177de000 rw-p 00007000 08:01 658957                     /lib/x86_64-linux-gnu/librt-2.23.so
7f5d177de000-7f5d178e6000 r-xp 00000000 08:01 658873                     /lib/x86_64-linux-gnu/libm-2.23.so
7f5d178e6000-7f5d17ae5000 ---p 00108000 08:01 658873                     /lib/x86_64-linux-gnu/libm-2.23.so
7f5d17ae5000-7f5d17ae6000 r--p 00107000 08:01 658873                     /lib/x86_64-linux-gnu/libm-2.23.so
7f5d17ae6000-7f5d17ae7000 rw-p 00108000 08:01 658873                     /lib/x86_64-linux-gnu/libm-2.23.so
7f5d17ae7000-7f5d187cf000 r-xp 00000000 08:01 656484                     /usr/lib/jdk/jdk1.8.0_201/jre/lib/amd64/server/libjvm.so
7f5d187cf000-7f5d189ce000 ---p 00ce8000 08:01 656484                     /usr/lib/jdk/jdk1.8.0_201/jre/lib/amd64/server/libjvm.so
7f5d189ce000-7f5d18a64000 r--p 00ce7000 08:01 656484                     /usr/lib/jdk/jdk1.8.0_201/jre/lib/amd64/server/libjvm.so
7f5d18a64000-7f5d18a95000 rw-p 00d7d000 08:01 656484                     /usr/lib/jdk/jdk1.8.0_201/jre/lib/amd64/server/libjvm.so
7f5d18a95000-7f5d18ad0000 rw-p 00000000 00:00 0 
7f5d18ad0000-7f5d18c90000 r-xp 00000000 08:01 658803                     /lib/x86_64-linux-gnu/libc-2.23.so
7f5d18c90000-7f5d18e90000 ---p 001c0000 08:01 658803                     /lib/x86_64-linux-gnu/libc-2.23.so
7f5d18e90000-7f5d18e94000 r--p 001c0000 08:01 658803                     /lib/x86_64-linux-gnu/libc-2.23.so
7f5d18e94000-7f5d18e96000 rw-p 001c4000 08:01 658803                     /lib/x86_64-linux-gnu/libc-2.23.so
7f5d18e96000-7f5d18e9a000 rw-p 00000000 00:00 0 
7f5d18e9a000-7f5d18e9d000 r-xp 00000000 08:01 658827                     /lib/x86_64-linux-gnu/libdl-2.23.so
7f5d18e9d000-7f5d1909c000 ---p 00003000 08:01 658827                     /lib/x86_64-linux-gnu/libdl-2.23.so
7f5d1909c000-7f5d1909d000 r--p 00002000 08:01 658827                     /lib/x86_64-linux-gnu/libdl-2.23.so
7f5d1909d000-7f5d1909e000 rw-p 00003000 08:01 658827                     /lib/x86_64-linux-gnu/libdl-2.23.so
7f5d1909e000-7f5d190b5000 r-xp 00000000 08:01 656155                     /usr/lib/jdk/jdk1.8.0_201/lib/amd64/jli/libjli.so
7f5d190b5000-7f5d192b4000 ---p 00017000 08:01 656155                     /usr/lib/jdk/jdk1.8.0_201/lib/amd64/jli/libjli.so
7f5d192b4000-7f5d192b5000 r--p 00016000 08:01 656155                     /usr/lib/jdk/jdk1.8.0_201/lib/amd64/jli/libjli.so
7f5d192b5000-7f5d192b6000 rw-p 00017000 08:01 656155                     /usr/lib/jdk/jdk1.8.0_201/lib/amd64/jli/libjli.so
7f5d192b6000-7f5d192ce000 r-xp 00000000 08:01 658949                     /lib/x86_64-linux-gnu/libpthread-2.23.so
7f5d192ce000-7f5d194cd000 ---p 00018000 08:01 658949                     /lib/x86_64-linux-gnu/libpthread-2.23.so
7f5d194cd000-7f5d194ce000 r--p 00017000 08:01 658949                     /lib/x86_64-linux-gnu/libpthread-2.23.so
7f5d194ce000-7f5d194cf000 rw-p 00018000 08:01 658949                     /lib/x86_64-linux-gnu/libpthread-2.23.so
7f5d194cf000-7f5d194d3000 rw-p 00000000 00:00 0 
7f5d194d3000-7f5d194f9000 r-xp 00000000 08:01 658775                     /lib/x86_64-linux-gnu/ld-2.23.so
7f5d194fb000-7f5d19505000 r--s 00116000 08:01 656361                     /usr/lib/jdk/jdk1.8.0_201/jre/lib/ext/localedata.jar
7f5d19505000-7f5d1951d000 r--s 00127000 08:01 437521                     /home/hewitt/work/DiffTGen-master/output/patch1-Math-33-SketchFix/Math_33_1_sketchfix/target/build/classes/all0.jar
7f5d1951d000-7f5d195db000 rw-p 00000000 00:00 0 
7f5d195db000-7f5d195de000 ---p 00000000 00:00 0 
7f5d195de000-7f5d196e1000 rw-p 00000000 00:00 0 
7f5d196e1000-7f5d196e5000 r--s 000a1000 08:01 656350                     /usr/lib/jdk/jdk1.8.0_201/jre/lib/jsse.jar
7f5d196e5000-7f5d196ed000 r--s 0006e000 08:01 398946                     /home/hewitt/work/DiffTGen-master/lib/commons-lang3-3.5.jar
7f5d196ed000-7f5d196ee000 r--s 00000000 08:01 398951                     /home/hewitt/work/DiffTGen-master/lib/myprinter.jar
7f5d196ee000-7f5d196f6000 rw-s 00000000 08:01 158822                     /tmp/hsperfdata_hewitt/67703
7f5d196f6000-7f5d196f7000 rw-p 00000000 00:00 0 
7f5d196f7000-7f5d196f8000 ---p 00000000 00:00 0 
7f5d196f8000-7f5d196f9000 r--p 00025000 08:01 658775                     /lib/x86_64-linux-gnu/ld-2.23.so
7f5d196f9000-7f5d196fa000 rw-p 00026000 08:01 658775                     /lib/x86_64-linux-gnu/ld-2.23.so
7f5d196fa000-7f5d196fb000 rw-p 00000000 00:00 0 
7ffd04472000-7ffd04494000 rw-p 00000000 00:00 0                          [stack]
7ffd044f9000-7ffd044fc000 r--p 00000000 00:00 0                          [vvar]
7ffd044fc000-7ffd044fe000 r-xp 00000000 00:00 0                          [vdso]
ffffffffff600000-ffffffffff601000 r-xp 00000000 00:00 0                  [vsyscall]

VM Arguments:
java_command: /home/hewitt/work/DiffTGen-master/lib/evosuite-1.0.6.jar -base_dir /home/hewitt/work/DiffTGen-master/output/patch1-Math-33-SketchFix/Math_33_1_sketchfix/target/0/1 -projectCP /home/hewitt/work/DiffTGen-master/output/patch1-Math-33-SketchFix/Math_33_1_sketchfix/target/build/classes/all0.jar:/home/hewitt/work/DiffTGen-master/lib/myprinter.jar:/home/hewitt/work/DiffTGen-master/lib/commons-lang3-3.5.jar -class org.apache.commons.math3.optimization.linear.SimplexTableau -Dassertions=false -Dsearch_budget=60
java_class_path (initial): /home/hewitt/work/DiffTGen-master/lib/evosuite-1.0.6.jar
Launcher Type: SUN_STANDARD

Environment Variables:
JAVA_HOME=/usr/lib/jdk/jdk1.8.0_201
JRE_HOME=/usr/lib/jdk/jdk1.8.0_201/jre
CLASSPATH=.:/usr/lib/jdk/jdk1.8.0_201/lib:/usr/lib/jdk/jdk1.8.0_201/jre/lib
PATH=/usr/lib/jdk/jdk1.8.0_201/bin:/home/hewitt/bin:/home/hewitt/.local/bin:/usr/lib/jdk/jdk1.7.0_80/bin:/usr/local/sbin:/usr/local/bin:/usr/sbin:/usr/bin:/sbin:/bin:/usr/games:/usr/local/games:/snap/bin:/home/hewitt/work/defects4j_v1.4.0/defects4j/framework/bin:/opt/apache-ant-1.9.14/bin:/home/hewitt/work/defects4j_v1.4.0/defects4j/framework/bin
SHELL=/bin/bash
DISPLAY=:0

Signal Handlers:
SIGSEGV: [libjvm.so+0xad3e60], sa_mask[0]=11111111011111111101111111111110, sa_flags=SA_RESTART|SA_SIGINFO
SIGBUS: [libjvm.so+0xad3e60], sa_mask[0]=11111111011111111101111111111110, sa_flags=SA_RESTART|SA_SIGINFO
SIGFPE: [libjvm.so+0x90b880], sa_mask[0]=11111111011111111101111111111110, sa_flags=SA_RESTART|SA_SIGINFO
SIGPIPE: [libjvm.so+0x90b880], sa_mask[0]=11111111011111111101111111111110, sa_flags=SA_RESTART|SA_SIGINFO
SIGXFSZ: [libjvm.so+0x90b880], sa_mask[0]=11111111011111111101111111111110, sa_flags=SA_RESTART|SA_SIGINFO
SIGILL: [libjvm.so+0x90b880], sa_mask[0]=11111111011111111101111111111110, sa_flags=SA_RESTART|SA_SIGINFO
SIGUSR1: SIG_DFL, sa_mask[0]=00000000000000000000000000000000, sa_flags=none
SIGUSR2: [libjvm.so+0x90b750], sa_mask[0]=00100000000000000000000000000000, sa_flags=SA_RESTART|SA_SIGINFO
SIGHUP: [libjvm.so+0x90bd70], sa_mask[0]=11111111011111111101111111111110, sa_flags=SA_RESTART|SA_SIGINFO
SIGINT: [libjvm.so+0x90bd70], sa_mask[0]=11111111011111111101111111111110, sa_flags=SA_RESTART|SA_SIGINFO
SIGTERM: [libjvm.so+0x90bd70], sa_mask[0]=11111111011111111101111111111110, sa_flags=SA_RESTART|SA_SIGINFO
SIGQUIT: [libjvm.so+0x90bd70], sa_mask[0]=11111111011111111101111111111110, sa_flags=SA_RESTART|SA_SIGINFO


---------------  S Y S T E M  ---------------

OS:DISTRIB_ID=Ubuntu
DISTRIB_RELEASE=16.04
DISTRIB_CODENAME=xenial
DISTRIB_DESCRIPTION="Ubuntu 16.04.6 LTS"

uname:Linux 4.15.0-91-generic #92~16.04.1-Ubuntu SMP Fri Feb 28 14:57:22 UTC 2020 x86_64
libc:glibc 2.23 NPTL 2.23 
rlimit: STACK 8192k, CORE 0k, NPROC 15448, NOFILE 1048576, AS infinity
load average:34.54 21.35 16.76

/proc/meminfo:
MemTotal:        4015928 kB
MemFree:          450332 kB
MemAvailable:     358392 kB
Buffers:             792 kB
Cached:            23256 kB
SwapCached:         2408 kB
Active:          2613800 kB
Inactive:         507388 kB
Active(anon):    2604056 kB
Inactive(anon):   493660 kB
Active(file):       9744 kB
Inactive(file):    13728 kB
Unevictable:          48 kB
Mlocked:              48 kB
SwapTotal:        998396 kB
SwapFree:            928 kB
Dirty:               204 kB
Writeback:          1796 kB
AnonPages:       3098080 kB
Mapped:            17364 kB
Shmem:               460 kB
Slab:              92488 kB
SReclaimable:      33592 kB
SUnreclaim:        58896 kB
KernelStack:       17616 kB
PageTables:        43192 kB
NFS_Unstable:          0 kB
Bounce:                0 kB
WritebackTmp:          0 kB
CommitLimit:     3006360 kB
Committed_AS:    9114488 kB
VmallocTotal:   34359738367 kB
VmallocUsed:           0 kB
VmallocChunk:          0 kB
HardwareCorrupted:     0 kB
AnonHugePages:         0 kB
ShmemHugePages:        0 kB
ShmemPmdMapped:        0 kB
CmaTotal:              0 kB
CmaFree:               0 kB
HugePages_Total:       0
HugePages_Free:        0
HugePages_Rsvd:        0
HugePages_Surp:        0
Hugepagesize:       2048 kB
DirectMap4k:       98112 kB
DirectMap2M:     4096000 kB
DirectMap1G:     2097152 kB

container (cgroup) information:
container_type: cgroupv1
cpu_cpuset_cpus: 0-3
cpu_memory_nodes: 0
active_processor_count: 4
cpu_quota: -1
cpu_period: 100000
cpu_shares: -1
memory_limit_in_bytes: -1
memory_and_swap_limit_in_bytes: -2
memory_soft_limit_in_bytes: -1
memory_usage_in_bytes: 3199086592
memory_max_usage_in_bytes: 80244736


CPU:total 4 (initial active 4) (2 cores per cpu, 1 threads per core) family 6 model 158 stepping 9, cmov, cx8, fxsr, mmx, sse, sse2, sse3, ssse3, sse4.1, sse4.2, popcnt, avx, avx2, aes, clmul, erms, 3dnowpref, lzcnt, tsc, tscinvbit, bmi1, bmi2, adx

/proc/cpuinfo:
processor	: 0
vendor_id	: GenuineIntel
cpu family	: 6
model		: 158
model name	: Intel(R) Core(TM) i7-7700HQ CPU @ 2.80GHz
stepping	: 9
microcode	: 0xb4
cpu MHz		: 2808.002
cache size	: 6144 KB
physical id	: 0
siblings	: 2
core id		: 0
cpu cores	: 2
apicid		: 0
initial apicid	: 0
fpu		: yes
fpu_exception	: yes
cpuid level	: 22
wp		: yes
flags		: fpu vme de pse tsc msr pae mce cx8 apic sep mtrr pge mca cmov pat pse36 clflush mmx fxsr sse sse2 ss ht syscall nx pdpe1gb rdtscp lm constant_tsc arch_perfmon nopl xtopology tsc_reliable nonstop_tsc cpuid pni pclmulqdq ssse3 fma cx16 pcid sse4_1 sse4_2 x2apic movbe popcnt tsc_deadline_timer aes xsave avx f16c rdrand hypervisor lahf_lm abm 3dnowprefetch cpuid_fault invpcid_single pti ssbd ibrs ibpb stibp fsgsbase tsc_adjust bmi1 avx2 smep bmi2 invpcid mpx rdseed adx smap clflushopt xsaveopt xsavec xsaves arat md_clear flush_l1d arch_capabilities
bugs		: cpu_meltdown spectre_v1 spectre_v2 spec_store_bypass l1tf mds swapgs itlb_multihit
bogomips	: 5616.00
clflush size	: 64
cache_alignment	: 64
address sizes	: 43 bits physical, 48 bits virtual
power management:

processor	: 1
vendor_id	: GenuineIntel
cpu family	: 6
model		: 158
model name	: Intel(R) Core(TM) i7-7700HQ CPU @ 2.80GHz
stepping	: 9
microcode	: 0xb4
cpu MHz		: 2808.002
cache size	: 6144 KB
physical id	: 0
siblings	: 2
core id		: 1
cpu cores	: 2
apicid		: 1
initial apicid	: 1
fpu		: yes
fpu_exception	: yes
cpuid level	: 22
wp		: yes
flags		: fpu vme de pse tsc msr pae mce cx8 apic sep mtrr pge mca cmov pat pse36 clflush mmx fxsr sse sse2 ss ht syscall nx pdpe1gb rdtscp lm constant_tsc arch_perfmon nopl xtopology tsc_reliable nonstop_tsc cpuid pni pclmulqdq ssse3 fma cx16 pcid sse4_1 sse4_2 x2apic movbe popcnt tsc_deadline_timer aes xsave avx f16c rdrand hypervisor lahf_lm abm 3dnowprefetch cpuid_fault invpcid_single pti ssbd ibrs ibpb stibp fsgsbase tsc_adjust bmi1 avx2 smep bmi2 invpcid mpx rdseed adx smap clflushopt xsaveopt xsavec xsaves arat md_clear flush_l1d arch_capabilities
bugs		: cpu_meltdown spectre_v1 spectre_v2 spec_store_bypass l1tf mds swapgs itlb_multihit
bogomips	: 5616.00
clflush size	: 64
cache_alignment	: 64
address sizes	: 43 bits physical, 48 bits virtual
power management:

processor	: 2
vendor_id	: GenuineIntel
cpu family	: 6
model		: 158
model name	: Intel(R) Core(TM) i7-7700HQ CPU @ 2.80GHz
stepping	: 9
microcode	: 0xb4
cpu MHz		: 2808.002
cache size	: 6144 KB
physical id	: 1
siblings	: 2
core id		: 0
cpu cores	: 2
apicid		: 2
initial apicid	: 2
fpu		: yes
fpu_exception	: yes
cpuid level	: 22
wp		: yes
flags		: fpu vme de pse tsc msr pae mce cx8 apic sep mtrr pge mca cmov pat pse36 clflush mmx fxsr sse sse2 ss ht syscall nx pdpe1gb rdtscp lm constant_tsc arch_perfmon nopl xtopology tsc_reliable nonstop_tsc cpuid pni pclmulqdq ssse3 fma cx16 pcid sse4_1 sse4_2 x2apic movbe popcnt tsc_deadline_timer aes xsave avx f16c rdrand hypervisor lahf_lm abm 3dnowprefetch cpuid_fault invpcid_single pti ssbd ibrs ibpb stibp fsgsbase tsc_adjust bmi1 avx2 smep bmi2 invpcid mpx rdseed adx smap clflushopt xsaveopt xsavec xsaves arat md_clear flush_l1d arch_capabilities
bugs		: cpu_meltdown spectre_v1 spectre_v2 spec_store_bypass l1tf mds swapgs itlb_multihit
bogomips	: 5616.00
clflush size	: 64
cache_alignment	: 64
address sizes	: 43 bits physical, 48 bits virtual
power management:

processor	: 3
vendor_id	: GenuineIntel
cpu family	: 6
model		: 158
model name	: Intel(R) Core(TM) i7-7700HQ CPU @ 2.80GHz
stepping	: 9
microcode	: 0xb4
cpu MHz		: 2808.002
cache size	: 6144 KB
physical id	: 1
siblings	: 2
core id		: 1
cpu cores	: 2
apicid		: 3
initial apicid	: 3
fpu		: yes
fpu_exception	: yes
cpuid level	: 22
wp		: yes
flags		: fpu vme de pse tsc msr pae mce cx8 apic sep mtrr pge mca cmov pat pse36 clflush mmx fxsr sse sse2 ss ht syscall nx pdpe1gb rdtscp lm constant_tsc arch_perfmon nopl xtopology tsc_reliable nonstop_tsc cpuid pni pclmulqdq ssse3 fma cx16 pcid sse4_1 sse4_2 x2apic movbe popcnt tsc_deadline_timer aes xsave avx f16c rdrand hypervisor lahf_lm abm 3dnowprefetch cpuid_fault invpcid_single pti ssbd ibrs ibpb stibp fsgsbase tsc_adjust bmi1 avx2 smep bmi2 invpcid mpx rdseed adx smap clflushopt xsaveopt xsavec xsaves arat md_clear flush_l1d arch_capabilities
bugs		: cpu_meltdown spectre_v1 spectre_v2 spec_store_bypass l1tf mds swapgs itlb_multihit
bogomips	: 5616.00
clflush size	: 64
cache_alignment	: 64
address sizes	: 43 bits physical, 48 bits virtual
power management:



Memory: 4k page, physical 4015928k(450332k free), swap 998396k(928k free)

vm_info: Java HotSpot(TM) 64-Bit Server VM (25.201-b09) for linux-amd64 JRE (1.8.0_201-b09), built on Dec 15 2018 11:35:59 by "java_re" with gcc 7.3.0

time: Sun Mar 29 17:20:54 2020
timezone: CST
elapsed time: 81 seconds (0d 0h 1m 21s)

