#
# There is insufficient memory for the Java Runtime Environment to continue.
# Native memory allocation (mmap) failed to map 9961472 bytes for committing reserved memory.
# Possible reasons:
#   The system is out of physical RAM or swap space
#   The process is running with CompressedOops enabled, and the Java Heap may be blocking the growth of the native heap
# Possible solutions:
#   Reduce memory load on the system
#   Increase physical memory or swap space
#   Check if swap backing store is full
#   Decrease Java heap size (-Xmx/-Xms)
#   Decrease number of Java threads
#   Decrease Java thread stack sizes (-Xss)
#   Set larger code cache with -XX:ReservedCodeCacheSize=
#   JVM is running with Unscaled Compressed Oops mode in which the Java heap is
#     placed in the first 4GB address space. The Java Heap base address is the
#     maximum limit for the native heap growth. Please use -XX:HeapBaseMinAddress
#     to set the Java Heap base and to place the Java Heap above 4GB virtual address.
# This output file may be truncated or incomplete.
#
#  Out of Memory Error (os_linux.cpp:2749), pid=24415, tid=0x00007fe18b6f6700
#
# JRE version: Java(TM) SE Runtime Environment (8.0_201-b09) (build 1.8.0_201-b09)
# Java VM: Java HotSpot(TM) 64-Bit Server VM (25.201-b09 mixed mode linux-amd64 compressed oops)
# Failed to write core dump. Core dumps have been disabled. To enable core dumping, try "ulimit -c unlimited" before starting Java again
#

---------------  T H R E A D  ---------------

Current thread (0x00007fe1a0140000):  VMThread [stack: 0x00007fe18b5f6000,0x00007fe18b6f7000] [id=24465]

Stack: [0x00007fe18b5f6000,0x00007fe18b6f7000],  sp=0x00007fe18b6f5450,  free space=1021k
Native frames: (J=compiled Java code, j=interpreted, Vv=VM code, C=native code)
V  [libjvm.so+0xad3525]  VMError::report_and_die()+0x2e5
V  [libjvm.so+0x4e0457]  report_vm_out_of_memory(char const*, int, unsigned long, VMErrorType, char const*)+0x67
V  [libjvm.so+0x9102f0]  os::pd_commit_memory(char*, unsigned long, unsigned long, bool)+0x100
V  [libjvm.so+0x90791f]  os::commit_memory(char*, unsigned long, unsigned long, bool)+0x1f
V  [libjvm.so+0x98c806]  PSVirtualSpace::expand_by(unsigned long)+0x56
V  [libjvm.so+0x98da98]  PSYoungGen::resize(unsigned long, unsigned long)+0xd8
V  [libjvm.so+0x98a236]  PSScavenge::invoke_no_policy()+0x1376
V  [libjvm.so+0x98a5cc]  PSScavenge::invoke()+0x4c
V  [libjvm.so+0x93a318]  ParallelScavengeHeap::failed_mem_allocate(unsigned long)+0x68
V  [libjvm.so+0xad5073]  VM_ParallelGCFailedAllocation::doit()+0x93
V  [libjvm.so+0xada296]  VM_Operation::evaluate()+0x46
V  [libjvm.so+0xad85cd]  VMThread::evaluate_operation(VM_Operation*) [clone .constprop.44]+0xcd
V  [libjvm.so+0xad8bb3]  VMThread::loop()+0x3a3
V  [libjvm.so+0xad8f88]  VMThread::run()+0x78
V  [libjvm.so+0x90d922]  java_start(Thread*)+0x102

VM_Operation (0x00007fe188d59300): ParallelGCFailedAllocation, mode: safepoint, requested by thread 0x00007fe13c001000


---------------  P R O C E S S  ---------------

Java Threads: ( => current thread )
  0x00007fe13c002800 JavaThread "RMI TCP Connection(5)-127.0.0.1" daemon [_thread_in_native, id=24983, stack(0x00007fe188b5b000,0x00007fe188c5c000)]
  0x00007fe13c001000 JavaThread "RMI TCP Connection(2)-127.0.0.1" daemon [_thread_blocked, id=24870, stack(0x00007fe188c5c000,0x00007fe188d5d000)]
  0x00007fe114038000 JavaThread "RMI Scheduler(0)" daemon [_thread_blocked, id=24866, stack(0x00007fe188d5d000,0x00007fe188e5e000)]
  0x00007fe114030800 JavaThread "RMI RenewClean-[127.0.0.1:11447]" daemon [_thread_blocked, id=24849, stack(0x00007fe188e5e000,0x00007fe188f5f000)]
  0x00007fe148001000 JavaThread "RMI TCP Connection(idle)" daemon [_thread_blocked, id=24834, stack(0x00007fe188f5f000,0x00007fe189060000)]
  0x00007fe138005000 JavaThread "pool-3-thread-3" [_thread_in_native, id=24785, stack(0x00007fe189060000,0x00007fe189161000)]
  0x00007fe138003000 JavaThread "pool-3-thread-2" [_thread_in_native, id=24780, stack(0x00007fe189161000,0x00007fe189262000)]
  0x00007fe138002000 JavaThread "pool-3-thread-1" [_thread_blocked, id=24777, stack(0x00007fe189262000,0x00007fe189363000)]
  0x00007fe1a03b7000 JavaThread "Thread-3" [_thread_in_native, id=24621, stack(0x00007fe189363000,0x00007fe189464000)]
  0x00007fe1a03b5800 JavaThread "Thread-2" [_thread_in_native, id=24620, stack(0x00007fe189464000,0x00007fe189565000)]
  0x00007fe1a03b4000 JavaThread "process reaper" daemon [_thread_in_native, id=24617, stack(0x00007fe1a400e000,0x00007fe1a4047000)]
  0x00007fe1a03ae000 JavaThread "pool-2-thread-1" [_thread_in_native, id=24581, stack(0x00007fe189565000,0x00007fe189666000)]
  0x00007fe1a03ab800 JavaThread "GC Daemon" daemon [_thread_blocked, id=24573, stack(0x00007fe189666000,0x00007fe189767000)]
  0x00007fe1a03a9000 JavaThread "RMI Reaper" [_thread_blocked, id=24570, stack(0x00007fe189767000,0x00007fe189868000)]
  0x00007fe1a03a0000 JavaThread "RMI TCP Accept-14058" daemon [_thread_in_native, id=24569, stack(0x00007fe189868000,0x00007fe189969000)]
  0x00007fe1a039b000 JavaThread "RMI TCP Accept-3392" daemon [_thread_in_native, id=24564, stack(0x00007fe189969000,0x00007fe189a6a000)]
  0x00007fe1a02e1800 JavaThread "logback-3" daemon [_thread_blocked, id=24548, stack(0x00007fe189ce3000,0x00007fe189de4000)]
  0x00007fe1a02dd800 JavaThread "logback-2" daemon [_thread_blocked, id=24547, stack(0x00007fe189de4000,0x00007fe189ee5000)]
  0x00007fe1a02dc000 JavaThread "logback-1" daemon [_thread_blocked, id=24545, stack(0x00007fe189ee5000,0x00007fe189fe6000)]
  0x00007fe1a0189000 JavaThread "Service Thread" daemon [_thread_blocked, id=24521, stack(0x00007fe18a530000,0x00007fe18a631000)]
  0x00007fe1a0186000 JavaThread "C1 CompilerThread2" daemon [_thread_blocked, id=24513, stack(0x00007fe18a631000,0x00007fe18a732000)]
  0x00007fe1a0184800 JavaThread "C2 CompilerThread1" daemon [_thread_blocked, id=24511, stack(0x00007fe18a732000,0x00007fe18a833000)]
  0x00007fe1a0181800 JavaThread "C2 CompilerThread0" daemon [_thread_blocked, id=24501, stack(0x00007fe18a833000,0x00007fe18a934000)]
  0x00007fe1a0180000 JavaThread "Signal Dispatcher" daemon [_thread_blocked, id=24493, stack(0x00007fe18a934000,0x00007fe18aa35000)]
  0x00007fe1a014c000 JavaThread "Finalizer" daemon [_thread_blocked, id=24480, stack(0x00007fe18b3f4000,0x00007fe18b4f5000)]
  0x00007fe1a0149800 JavaThread "Reference Handler" daemon [_thread_blocked, id=24472, stack(0x00007fe18b4f5000,0x00007fe18b5f6000)]
  0x00007fe1a000a800 JavaThread "main" [_thread_in_native, id=24424, stack(0x00007fe1a9aef000,0x00007fe1a9bf0000)]

Other Threads:
=>0x00007fe1a0140000 VMThread [stack: 0x00007fe18b5f6000,0x00007fe18b6f7000] [id=24465]
  0x00007fe1a018b800 WatcherThread [stack: 0x00007fe18a42f000,0x00007fe18a530000] [id=24530]

VM state:at safepoint (normal execution)

VM Mutex/Monitor currently owned by a thread:  ([mutex/lock_event])
[0x00007fe1a0007010] Threads_lock - owner thread: 0x00007fe1a0140000
[0x00007fe1a0007510] Heap_lock - owner thread: 0x00007fe13c001000
[0x00007fe1a0007b10] MethodCompileQueue_lock - owner thread: 0x00007fe1a0181800

heap address: 0x00000000c2a00000, size: 982 MB, Compressed Oops mode: 32-bit
Narrow klass base: 0x0000000000000000, Narrow klass shift: 3
Compressed class space size: 1073741824 Address: 0x0000000100000000

Heap:
 PSYoungGen      total 18944K, used 5100K [0x00000000eb900000, 0x00000000ed080000, 0x0000000100000000)
  eden space 13824K, 0% used [0x00000000eb900000,0x00000000eb900000,0x00000000ec680000)
  from space 5120K, 99% used [0x00000000ec680000,0x00000000ecb7b030,0x00000000ecb80000)
  to   space 5120K, 0% used [0x00000000ecb80000,0x00000000ecb80000,0x00000000ed080000)
 ParOldGen       total 42496K, used 10330K [0x00000000c2a00000, 0x00000000c5380000, 0x00000000eb900000)
  object space 42496K, 24% used [0x00000000c2a00000,0x00000000c3416bc8,0x00000000c5380000)
 Metaspace       used 14335K, capacity 14820K, committed 15104K, reserved 1062912K
  class space    used 1622K, capacity 1735K, committed 1792K, reserved 1048576K

Card table byte_map: [0x00007fe1a66a4000,0x00007fe1a6890000] byte_map_base: 0x00007fe1a608f000

Marking Bits: (ParMarkBitMap*) 0x00007fe1a8fc6d80
 Begin Bits: [0x00007fe1a42a8000, 0x00007fe1a5200000)
 End Bits:   [0x00007fe1a5200000, 0x00007fe1a6158000)

Polling page: 0x00007fe1a9c0b000

CodeCache: size=245760Kb used=7138Kb max_used=7147Kb free=238621Kb
 bounds [0x00007fe191000000, 0x00007fe191710000, 0x00007fe1a0000000]
 total_blobs=2263 nmethods=1913 adapters=261
 compilation: enabled

Compilation events (10 events):
Event: 92.824 Thread 0x00007fe1a0184800 nmethod 2021 0x00007fe1916ff210 code [0x00007fe1916ff3e0, 0x00007fe1916ffcd8]
Event: 92.831 Thread 0x00007fe1a0181800 nmethod 2030 0x00007fe1917004d0 code [0x00007fe191700760, 0x00007fe191701e30]
Event: 92.831 Thread 0x00007fe1a0186000 nmethod 2038 0x00007fe1916f9050 code [0x00007fe1916f91c0, 0x00007fe1916f9570]
Event: 92.835 Thread 0x00007fe1a0186000 2035       3       java.net.SocketInputStream::available (8 bytes)
Event: 92.836 Thread 0x00007fe1a0186000 nmethod 2035 0x00007fe1916f1750 code [0x00007fe1916f18c0, 0x00007fe1916f1ac8]
Event: 92.836 Thread 0x00007fe1a0186000 2034       3       java.io.ObjectInputStream$HandleTable::grow (85 bytes)
Event: 92.838 Thread 0x00007fe1a0181800 2036       4       java.util.HashMap::readObject (266 bytes)
Event: 92.981 Thread 0x00007fe1a0184800 2031   !   4       sun.reflect.GeneratedSerializationConstructorAccessor27::newInstance (49 bytes)
Event: 93.061 Thread 0x00007fe1a0184800 nmethod 2031 0x00007fe19110f8d0 code [0x00007fe19110fa40, 0x00007fe19110fb88]
Event: 93.076 Thread 0x00007fe1a0184800 2029       4       org.evosuite.coverage.branch.BranchCoverageGoal::hashCode (106 bytes)

GC Heap History (10 events):
Event: 46.540 GC heap after
Heap after GC invocations=7 (full 1):
 PSYoungGen      total 16384K, used 2560K [0x00000000eb900000, 0x00000000ed180000, 0x0000000100000000)
  eden space 13824K, 0% used [0x00000000eb900000,0x00000000eb900000,0x00000000ec680000)
  from space 2560K, 100% used [0x00000000ecb00000,0x00000000ecd80000,0x00000000ecd80000)
  to   space 4608K, 0% used [0x00000000ec680000,0x00000000ec680000,0x00000000ecb00000)
 ParOldGen       total 42496K, used 6875K [0x00000000c2a00000, 0x00000000c5380000, 0x00000000eb900000)
  object space 42496K, 16% used [0x00000000c2a00000,0x00000000c30b6e70,0x00000000c5380000)
 Metaspace       used 13768K, capacity 14130K, committed 14336K, reserved 1062912K
  class space    used 1585K, capacity 1705K, committed 1792K, reserved 1048576K
}
Event: 54.486 GC heap before
{Heap before GC invocations=8 (full 1):
 PSYoungGen      total 16384K, used 16384K [0x00000000eb900000, 0x00000000ed180000, 0x0000000100000000)
  eden space 13824K, 100% used [0x00000000eb900000,0x00000000ec680000,0x00000000ec680000)
  from space 2560K, 100% used [0x00000000ecb00000,0x00000000ecd80000,0x00000000ecd80000)
  to   space 4608K, 0% used [0x00000000ec680000,0x00000000ec680000,0x00000000ecb00000)
 ParOldGen       total 42496K, used 6875K [0x00000000c2a00000, 0x00000000c5380000, 0x00000000eb900000)
  object space 42496K, 16% used [0x00000000c2a00000,0x00000000c30b6e70,0x00000000c5380000)
 Metaspace       used 14213K, capacity 14596K, committed 14848K, reserved 1062912K
  class space    used 1616K, capacity 1731K, committed 1792K, reserved 1048576K
Event: 54.540 GC heap after
Heap after GC invocations=8 (full 1):
 PSYoungGen      total 18432K, used 4216K [0x00000000eb900000, 0x00000000ecf80000, 0x0000000100000000)
  eden space 13824K, 0% used [0x00000000eb900000,0x00000000eb900000,0x00000000ec680000)
  from space 4608K, 91% used [0x00000000ec680000,0x00000000eca9e020,0x00000000ecb00000)
  to   space 4608K, 0% used [0x00000000ecb00000,0x00000000ecb00000,0x00000000ecf80000)
 ParOldGen       total 42496K, used 6875K [0x00000000c2a00000, 0x00000000c5380000, 0x00000000eb900000)
  object space 42496K, 16% used [0x00000000c2a00000,0x00000000c30b6e70,0x00000000c5380000)
 Metaspace       used 14213K, capacity 14596K, committed 14848K, reserved 1062912K
  class space    used 1616K, capacity 1731K, committed 1792K, reserved 1048576K
}
Event: 61.900 GC heap before
{Heap before GC invocations=9 (full 1):
 PSYoungGen      total 18432K, used 18040K [0x00000000eb900000, 0x00000000ecf80000, 0x0000000100000000)
  eden space 13824K, 100% used [0x00000000eb900000,0x00000000ec680000,0x00000000ec680000)
  from space 4608K, 91% used [0x00000000ec680000,0x00000000eca9e020,0x00000000ecb00000)
  to   space 4608K, 0% used [0x00000000ecb00000,0x00000000ecb00000,0x00000000ecf80000)
 ParOldGen       total 42496K, used 6875K [0x00000000c2a00000, 0x00000000c5380000, 0x00000000eb900000)
  object space 42496K, 16% used [0x00000000c2a00000,0x00000000c30b6e70,0x00000000c5380000)
 Metaspace       used 14239K, capacity 14730K, committed 14848K, reserved 1062912K
  class space    used 1618K, capacity 1732K, committed 1792K, reserved 1048576K
Event: 61.938 GC heap after
Heap after GC invocations=9 (full 1):
 PSYoungGen      total 18432K, used 2784K [0x00000000eb900000, 0x00000000ecf80000, 0x0000000100000000)
  eden space 13824K, 0% used [0x00000000eb900000,0x00000000eb900000,0x00000000ec680000)
  from space 4608K, 60% used [0x00000000ecb00000,0x00000000ecdb8000,0x00000000ecf80000)
  to   space 4608K, 0% used [0x00000000ec680000,0x00000000ec680000,0x00000000ecb00000)
 ParOldGen       total 42496K, used 7502K [0x00000000c2a00000, 0x00000000c5380000, 0x00000000eb900000)
  object space 42496K, 17% used [0x00000000c2a00000,0x00000000c3153b98,0x00000000c5380000)
 Metaspace       used 14239K, capacity 14730K, committed 14848K, reserved 1062912K
  class space    used 1618K, capacity 1732K, committed 1792K, reserved 1048576K
}
Event: 79.608 GC heap before
{Heap before GC invocations=10 (full 1):
 PSYoungGen      total 18432K, used 16608K [0x00000000eb900000, 0x00000000ecf80000, 0x0000000100000000)
  eden space 13824K, 100% used [0x00000000eb900000,0x00000000ec680000,0x00000000ec680000)
  from space 4608K, 60% used [0x00000000ecb00000,0x00000000ecdb8000,0x00000000ecf80000)
  to   space 4608K, 0% used [0x00000000ec680000,0x00000000ec680000,0x00000000ecb00000)
 ParOldGen       total 42496K, used 7502K [0x00000000c2a00000, 0x00000000c5380000, 0x00000000eb900000)
  object space 42496K, 17% used [0x00000000c2a00000,0x00000000c3153b98,0x00000000c5380000)
 Metaspace       used 14264K, capacity 14742K, committed 14848K, reserved 1062912K
  class space    used 1620K, capacity 1734K, committed 1792K, reserved 1048576K
Event: 79.624 GC heap after
Heap after GC invocations=10 (full 1):
 PSYoungGen      total 18432K, used 2082K [0x00000000eb900000, 0x00000000ed080000, 0x0000000100000000)
  eden space 13824K, 0% used [0x00000000eb900000,0x00000000eb900000,0x00000000ec680000)
  from space 4608K, 45% used [0x00000000ec680000,0x00000000ec888820,0x00000000ecb00000)
  to   space 5120K, 0% used [0x00000000ecb80000,0x00000000ecb80000,0x00000000ed080000)
 ParOldGen       total 42496K, used 8766K [0x00000000c2a00000, 0x00000000c5380000, 0x00000000eb900000)
  object space 42496K, 20% used [0x00000000c2a00000,0x00000000c328fb98,0x00000000c5380000)
 Metaspace       used 14264K, capacity 14742K, committed 14848K, reserved 1062912K
  class space    used 1620K, capacity 1734K, committed 1792K, reserved 1048576K
}
Event: 91.534 GC heap before
{Heap before GC invocations=11 (full 1):
 PSYoungGen      total 18432K, used 15906K [0x00000000eb900000, 0x00000000ed080000, 0x0000000100000000)
  eden space 13824K, 100% used [0x00000000eb900000,0x00000000ec680000,0x00000000ec680000)
  from space 4608K, 45% used [0x00000000ec680000,0x00000000ec888820,0x00000000ecb00000)
  to   space 5120K, 0% used [0x00000000ecb80000,0x00000000ecb80000,0x00000000ed080000)
 ParOldGen       total 42496K, used 8766K [0x00000000c2a00000, 0x00000000c5380000, 0x00000000eb900000)
  object space 42496K, 20% used [0x00000000c2a00000,0x00000000c328fb98,0x00000000c5380000)
 Metaspace       used 14333K, capacity 14820K, committed 15104K, reserved 1062912K
  class space    used 1622K, capacity 1735K, committed 1792K, reserved 1048576K
Event: 91.560 GC heap after
Heap after GC invocations=11 (full 1):
 PSYoungGen      total 18944K, used 1368K [0x00000000eb900000, 0x00000000ed080000, 0x0000000100000000)
  eden space 13824K, 0% used [0x00000000eb900000,0x00000000eb900000,0x00000000ec680000)
  from space 5120K, 26% used [0x00000000ecb80000,0x00000000eccd6020,0x00000000ed080000)
  to   space 5120K, 0% used [0x00000000ec680000,0x00000000ec680000,0x00000000ecb80000)
 ParOldGen       total 42496K, used 9794K [0x00000000c2a00000, 0x00000000c5380000, 0x00000000eb900000)
  object space 42496K, 23% used [0x00000000c2a00000,0x00000000c3390ba8,0x00000000c5380000)
 Metaspace       used 14333K, capacity 14820K, committed 15104K, reserved 1062912K
  class space    used 1622K, capacity 1735K, committed 1792K, reserved 1048576K
}
Event: 93.590 GC heap before
{Heap before GC invocations=12 (full 1):
 PSYoungGen      total 18944K, used 15192K [0x00000000eb900000, 0x00000000ed080000, 0x0000000100000000)
  eden space 13824K, 100% used [0x00000000eb900000,0x00000000ec680000,0x00000000ec680000)
  from space 5120K, 26% used [0x00000000ecb80000,0x00000000eccd6020,0x00000000ed080000)
  to   space 5120K, 0% used [0x00000000ec680000,0x00000000ec680000,0x00000000ecb80000)
 ParOldGen       total 42496K, used 9794K [0x00000000c2a00000, 0x00000000c5380000, 0x00000000eb900000)
  object space 42496K, 23% used [0x00000000c2a00000,0x00000000c3390ba8,0x00000000c5380000)
 Metaspace       used 14335K, capacity 14820K, committed 15104K, reserved 1062912K
  class space    used 1622K, capacity 1735K, committed 1792K, reserved 1048576K

Deoptimization events (10 events):
Event: 63.268 Thread 0x00007fe13c001000 Uncommon trap: reason=array_check action=maybe_recompile pc=0x00007fe1916bc9b0 method=java.io.ObjectInputStream.readArray(Z)Ljava/lang/Object; @ 415
Event: 63.268 Thread 0x00007fe13c001000 Uncommon trap: reason=array_check action=maybe_recompile pc=0x00007fe1916bc9b0 method=java.io.ObjectInputStream.readArray(Z)Ljava/lang/Object; @ 415
Event: 63.268 Thread 0x00007fe13c001000 Uncommon trap: reason=array_check action=maybe_recompile pc=0x00007fe1916bc9b0 method=java.io.ObjectInputStream.readArray(Z)Ljava/lang/Object; @ 415
Event: 63.268 Thread 0x00007fe13c001000 Uncommon trap: reason=array_check action=maybe_recompile pc=0x00007fe1916bc9b0 method=java.io.ObjectInputStream.readArray(Z)Ljava/lang/Object; @ 415
Event: 63.416 Thread 0x00007fe13c001000 Uncommon trap: reason=class_check action=maybe_recompile pc=0x00007fe19169d09c method=java.lang.reflect.Array.newInstance(Ljava/lang/Class;I)Ljava/lang/Object; @ 2
Event: 63.416 Thread 0x00007fe13c001000 Uncommon trap: reason=class_check action=maybe_recompile pc=0x00007fe19169d09c method=java.lang.reflect.Array.newInstance(Ljava/lang/Class;I)Ljava/lang/Object; @ 2
Event: 63.417 Thread 0x00007fe13c001000 Uncommon trap: reason=class_check action=maybe_recompile pc=0x00007fe19169d09c method=java.lang.reflect.Array.newInstance(Ljava/lang/Class;I)Ljava/lang/Object; @ 2
Event: 63.417 Thread 0x00007fe13c001000 Uncommon trap: reason=class_check action=maybe_recompile pc=0x00007fe19169d09c method=java.lang.reflect.Array.newInstance(Ljava/lang/Class;I)Ljava/lang/Object; @ 2
Event: 79.604 Thread 0x00007fe13c001000 Uncommon trap: reason=class_check action=maybe_recompile pc=0x00007fe1916c4658 method=java.lang.reflect.Array.newInstance(Ljava/lang/Class;I)Ljava/lang/Object; @ 2
Event: 91.512 Thread 0x00007fe13c001000 Uncommon trap: reason=unstable_if action=reinterpret pc=0x00007fe19164782c method=java.io.ObjectInputStream.defaultReadFields(Ljava/lang/Object;Ljava/io/ObjectStreamClass;)V @ 49

Classes redefined (0 events):
No events

Internal exceptions (10 events):
Event: 62.330 Thread 0x00007fe1a02dd800 Exception <a 'java/net/ConnectException'> (0x00000000ebda8440) thrown at [/HUDSON/workspace/8-2-build-linux-amd64/jdk8u201/12317/hotspot/src/share/vm/prims/jni.cpp, line 709]
Event: 72.276 Thread 0x00007fe1a02dc000 Exception <a 'java/net/ConnectException'> (0x00000000ebd95de8) thrown at [/HUDSON/workspace/8-2-build-linux-amd64/jdk8u201/12317/hotspot/src/share/vm/prims/jni.cpp, line 709]
Event: 72.323 Thread 0x00007fe1a02e1800 Exception <a 'java/net/ConnectException'> (0x00000000ebd9f6a8) thrown at [/HUDSON/workspace/8-2-build-linux-amd64/jdk8u201/12317/hotspot/src/share/vm/prims/jni.cpp, line 709]
Event: 72.331 Thread 0x00007fe1a02dd800 Exception <a 'java/net/ConnectException'> (0x00000000ebda8f68) thrown at [/HUDSON/workspace/8-2-build-linux-amd64/jdk8u201/12317/hotspot/src/share/vm/prims/jni.cpp, line 709]
Event: 82.277 Thread 0x00007fe1a02dc000 Exception <a 'java/net/ConnectException'> (0x00000000ebf9e0e8) thrown at [/HUDSON/workspace/8-2-build-linux-amd64/jdk8u201/12317/hotspot/src/share/vm/prims/jni.cpp, line 709]
Event: 82.325 Thread 0x00007fe1a02e1800 Exception <a 'java/net/ConnectException'> (0x00000000ebfa4478) thrown at [/HUDSON/workspace/8-2-build-linux-amd64/jdk8u201/12317/hotspot/src/share/vm/prims/jni.cpp, line 709]
Event: 82.332 Thread 0x00007fe1a02dd800 Exception <a 'java/net/ConnectException'> (0x00000000ebfaa808) thrown at [/HUDSON/workspace/8-2-build-linux-amd64/jdk8u201/12317/hotspot/src/share/vm/prims/jni.cpp, line 709]
Event: 92.278 Thread 0x00007fe1a02dc000 Exception <a 'java/net/ConnectException'> (0x00000000ebfa4a58) thrown at [/HUDSON/workspace/8-2-build-linux-amd64/jdk8u201/12317/hotspot/src/share/vm/prims/jni.cpp, line 709]
Event: 92.333 Thread 0x00007fe1a02e1800 Exception <a 'java/net/ConnectException'> (0x00000000ebfa8ba0) thrown at [/HUDSON/workspace/8-2-build-linux-amd64/jdk8u201/12317/hotspot/src/share/vm/prims/jni.cpp, line 709]
Event: 92.342 Thread 0x00007fe1a02dd800 Exception <a 'java/net/ConnectException'> (0x00000000ebfacca8) thrown at [/HUDSON/workspace/8-2-build-linux-amd64/jdk8u201/12317/hotspot/src/share/vm/prims/jni.cpp, line 709]

Events (10 events):
Event: 91.528 Thread 0x00007fe1a0186000 flushing nmethod 0x00007fe1912feb90
Event: 91.533 Executing VM operation: ParallelGCFailedAllocation
Event: 91.560 Executing VM operation: ParallelGCFailedAllocation done
Event: 91.663 Executing VM operation: RevokeBias
Event: 91.699 Executing VM operation: RevokeBias done
Event: 91.701 Executing VM operation: RevokeBias
Event: 91.710 Executing VM operation: RevokeBias done
Event: 91.710 Executing VM operation: RevokeBias
Event: 91.710 Executing VM operation: RevokeBias done
Event: 93.359 Executing VM operation: ParallelGCFailedAllocation


Dynamic libraries:
00400000-00401000 r-xp 00000000 08:01 654793                             /usr/lib/jdk/jdk1.8.0_201/bin/java
00600000-00601000 r--p 00000000 08:01 654793                             /usr/lib/jdk/jdk1.8.0_201/bin/java
00601000-00602000 rw-p 00001000 08:01 654793                             /usr/lib/jdk/jdk1.8.0_201/bin/java
013de000-017e2000 rw-p 00000000 00:00 0                                  [heap]
c2a00000-c5380000 rw-p 00000000 00:00 0 
c5380000-eb900000 ---p 00000000 00:00 0 
eb900000-ed080000 rw-p 00000000 00:00 0 
eda00000-100000000 ---p 00000000 00:00 0 
100000000-1001c0000 rw-p 00000000 00:00 0 
1001c0000-140000000 ---p 00000000 00:00 0 
7fe10c000000-7fe10c021000 rw-p 00000000 00:00 0 
7fe10c021000-7fe110000000 ---p 00000000 00:00 0 
7fe114000000-7fe11403c000 rw-p 00000000 00:00 0 
7fe11403c000-7fe118000000 ---p 00000000 00:00 0 
7fe118000000-7fe118021000 rw-p 00000000 00:00 0 
7fe118021000-7fe11c000000 ---p 00000000 00:00 0 
7fe11c000000-7fe11c021000 rw-p 00000000 00:00 0 
7fe11c021000-7fe120000000 ---p 00000000 00:00 0 
7fe120000000-7fe120021000 rw-p 00000000 00:00 0 
7fe120021000-7fe124000000 ---p 00000000 00:00 0 
7fe124000000-7fe124021000 rw-p 00000000 00:00 0 
7fe124021000-7fe128000000 ---p 00000000 00:00 0 
7fe128000000-7fe128021000 rw-p 00000000 00:00 0 
7fe128021000-7fe12c000000 ---p 00000000 00:00 0 
7fe12c000000-7fe12c021000 rw-p 00000000 00:00 0 
7fe12c021000-7fe130000000 ---p 00000000 00:00 0 
7fe130000000-7fe130021000 rw-p 00000000 00:00 0 
7fe130021000-7fe134000000 ---p 00000000 00:00 0 
7fe134000000-7fe134021000 rw-p 00000000 00:00 0 
7fe134021000-7fe138000000 ---p 00000000 00:00 0 
7fe138000000-7fe138021000 rw-p 00000000 00:00 0 
7fe138021000-7fe13c000000 ---p 00000000 00:00 0 
7fe13c000000-7fe13c021000 rw-p 00000000 00:00 0 
7fe13c021000-7fe140000000 ---p 00000000 00:00 0 
7fe140000000-7fe140021000 rw-p 00000000 00:00 0 
7fe140021000-7fe144000000 ---p 00000000 00:00 0 
7fe144000000-7fe144021000 rw-p 00000000 00:00 0 
7fe144021000-7fe148000000 ---p 00000000 00:00 0 
7fe148000000-7fe148021000 rw-p 00000000 00:00 0 
7fe148021000-7fe14c000000 ---p 00000000 00:00 0 
7fe14c000000-7fe14c021000 rw-p 00000000 00:00 0 
7fe14c021000-7fe150000000 ---p 00000000 00:00 0 
7fe150000000-7fe150021000 rw-p 00000000 00:00 0 
7fe150021000-7fe154000000 ---p 00000000 00:00 0 
7fe154000000-7fe154021000 rw-p 00000000 00:00 0 
7fe154021000-7fe158000000 ---p 00000000 00:00 0 
7fe158000000-7fe158021000 rw-p 00000000 00:00 0 
7fe158021000-7fe15c000000 ---p 00000000 00:00 0 
7fe15c000000-7fe15d0b6000 rw-p 00000000 00:00 0 
7fe15d0b6000-7fe160000000 ---p 00000000 00:00 0 
7fe160000000-7fe160e45000 rw-p 00000000 00:00 0 
7fe160e45000-7fe164000000 ---p 00000000 00:00 0 
7fe164000000-7fe164021000 rw-p 00000000 00:00 0 
7fe164021000-7fe168000000 ---p 00000000 00:00 0 
7fe168000000-7fe16913f000 rw-p 00000000 00:00 0 
7fe16913f000-7fe16c000000 ---p 00000000 00:00 0 
7fe16c000000-7fe16c021000 rw-p 00000000 00:00 0 
7fe16c021000-7fe170000000 ---p 00000000 00:00 0 
7fe170000000-7fe170021000 rw-p 00000000 00:00 0 
7fe170021000-7fe174000000 ---p 00000000 00:00 0 
7fe174000000-7fe174021000 rw-p 00000000 00:00 0 
7fe174021000-7fe178000000 ---p 00000000 00:00 0 
7fe178000000-7fe17829b000 rw-p 00000000 00:00 0 
7fe17829b000-7fe17c000000 ---p 00000000 00:00 0 
7fe17c000000-7fe17c021000 rw-p 00000000 00:00 0 
7fe17c021000-7fe180000000 ---p 00000000 00:00 0 
7fe180fff000-7fe184000000 rw-p 00000000 00:00 0 
7fe184000000-7fe184021000 rw-p 00000000 00:00 0 
7fe184021000-7fe188000000 ---p 00000000 00:00 0 
7fe18875b000-7fe18885b000 rw-p 00000000 00:00 0 
7fe18885b000-7fe18895b000 ---p 00000000 00:00 0 
7fe18895b000-7fe188b5b000 rw-p 00000000 00:00 0 
7fe188b5b000-7fe188b5e000 ---p 00000000 00:00 0 
7fe188b5e000-7fe188c5c000 rw-p 00000000 00:00 0 
7fe188c5c000-7fe188c5f000 ---p 00000000 00:00 0 
7fe188c5f000-7fe188d5d000 rw-p 00000000 00:00 0 
7fe188d5d000-7fe188d60000 ---p 00000000 00:00 0 
7fe188d60000-7fe188e5e000 rw-p 00000000 00:00 0 
7fe188e5e000-7fe188e61000 ---p 00000000 00:00 0 
7fe188e61000-7fe188f5f000 rw-p 00000000 00:00 0 
7fe188f5f000-7fe188f62000 ---p 00000000 00:00 0 
7fe188f62000-7fe189060000 rw-p 00000000 00:00 0 
7fe189060000-7fe189063000 ---p 00000000 00:00 0 
7fe189063000-7fe189161000 rw-p 00000000 00:00 0 
7fe189161000-7fe189164000 ---p 00000000 00:00 0 
7fe189164000-7fe189262000 rw-p 00000000 00:00 0 
7fe189262000-7fe189265000 ---p 00000000 00:00 0 
7fe189265000-7fe189363000 rw-p 00000000 00:00 0 
7fe189363000-7fe189366000 ---p 00000000 00:00 0 
7fe189366000-7fe189464000 rw-p 00000000 00:00 0 
7fe189464000-7fe189467000 ---p 00000000 00:00 0 
7fe189467000-7fe189565000 rw-p 00000000 00:00 0 
7fe189565000-7fe189568000 ---p 00000000 00:00 0 
7fe189568000-7fe189666000 rw-p 00000000 00:00 0 
7fe189666000-7fe189669000 ---p 00000000 00:00 0 
7fe189669000-7fe189767000 rw-p 00000000 00:00 0 
7fe189767000-7fe18976a000 ---p 00000000 00:00 0 
7fe18976a000-7fe189868000 rw-p 00000000 00:00 0 
7fe189868000-7fe18986b000 ---p 00000000 00:00 0 
7fe18986b000-7fe189969000 rw-p 00000000 00:00 0 
7fe189969000-7fe18996c000 ---p 00000000 00:00 0 
7fe18996c000-7fe189c6a000 rw-p 00000000 00:00 0 
7fe189c6a000-7fe189ce3000 r--s 010fd000 08:01 654900                     /usr/lib/jdk/jdk1.8.0_201/lib/tools.jar
7fe189ce3000-7fe189ce6000 ---p 00000000 00:00 0 
7fe189ce6000-7fe189de4000 rw-p 00000000 00:00 0 
7fe189de4000-7fe189de7000 ---p 00000000 00:00 0 
7fe189de7000-7fe189ee5000 rw-p 00000000 00:00 0 
7fe189ee5000-7fe189ee8000 ---p 00000000 00:00 0 
7fe189ee8000-7fe189fe6000 rw-p 00000000 00:00 0 
7fe189fe6000-7fe189ffc000 r-xp 00000000 08:01 656512                     /usr/lib/jdk/jdk1.8.0_201/jre/lib/amd64/libnet.so
7fe189ffc000-7fe18a1fc000 ---p 00016000 08:01 656512                     /usr/lib/jdk/jdk1.8.0_201/jre/lib/amd64/libnet.so
7fe18a1fc000-7fe18a1fd000 r--p 00016000 08:01 656512                     /usr/lib/jdk/jdk1.8.0_201/jre/lib/amd64/libnet.so
7fe18a1fd000-7fe18a1fe000 rw-p 00017000 08:01 656512                     /usr/lib/jdk/jdk1.8.0_201/jre/lib/amd64/libnet.so
7fe18a1fe000-7fe18a42f000 r--s 01bb1000 08:01 403225                     /home/hewitt/work/DiffTGen-master/lib/evosuite-1.0.6.jar
7fe18a42f000-7fe18a430000 ---p 00000000 00:00 0 
7fe18a430000-7fe18a530000 rw-p 00000000 00:00 0 
7fe18a530000-7fe18a533000 ---p 00000000 00:00 0 
7fe18a533000-7fe18a631000 rw-p 00000000 00:00 0 
7fe18a631000-7fe18a634000 ---p 00000000 00:00 0 
7fe18a634000-7fe18a732000 rw-p 00000000 00:00 0 
7fe18a732000-7fe18a735000 ---p 00000000 00:00 0 
7fe18a735000-7fe18a833000 rw-p 00000000 00:00 0 
7fe18a833000-7fe18a836000 ---p 00000000 00:00 0 
7fe18a836000-7fe18a934000 rw-p 00000000 00:00 0 
7fe18a934000-7fe18a937000 ---p 00000000 00:00 0 
7fe18a937000-7fe18aa35000 rw-p 00000000 00:00 0 
7fe18aa35000-7fe18b3f4000 r--p 00000000 08:01 270368                     /usr/lib/locale/locale-archive
7fe18b3f4000-7fe18b3f7000 ---p 00000000 00:00 0 
7fe18b3f7000-7fe18b4f5000 rw-p 00000000 00:00 0 
7fe18b4f5000-7fe18b4f8000 ---p 00000000 00:00 0 
7fe18b4f8000-7fe18b5f6000 rw-p 00000000 00:00 0 
7fe18b5f6000-7fe18b5f7000 ---p 00000000 00:00 0 
7fe18b5f7000-7fe18c000000 rw-p 00000000 00:00 0 
7fe18c000000-7fe18c021000 rw-p 00000000 00:00 0 
7fe18c021000-7fe190000000 ---p 00000000 00:00 0 
7fe190020000-7fe190626000 rw-p 00000000 00:00 0 
7fe190626000-7fe190800000 r--s 03d6f000 08:01 656293                     /usr/lib/jdk/jdk1.8.0_201/jre/lib/rt.jar
7fe190800000-7fe191000000 rw-p 00000000 00:00 0 
7fe191000000-7fe191710000 rwxp 00000000 00:00 0 
7fe191710000-7fe1a0000000 ---p 00000000 00:00 0 
7fe1a0000000-7fe1a04bf000 rw-p 00000000 00:00 0 
7fe1a04bf000-7fe1a4000000 ---p 00000000 00:00 0 
7fe1a4004000-7fe1a400e000 r--s 00116000 08:01 656361                     /usr/lib/jdk/jdk1.8.0_201/jre/lib/ext/localedata.jar
7fe1a400e000-7fe1a4011000 ---p 00000000 00:00 0 
7fe1a4011000-7fe1a6158000 rw-p 00000000 00:00 0 
7fe1a6158000-7fe1a6159000 ---p 00000000 00:00 0 
7fe1a6159000-7fe1a6259000 rw-p 00000000 00:00 0 
7fe1a6259000-7fe1a625a000 ---p 00000000 00:00 0 
7fe1a625a000-7fe1a635a000 rw-p 00000000 00:00 0 
7fe1a635a000-7fe1a635b000 ---p 00000000 00:00 0 
7fe1a635b000-7fe1a645b000 rw-p 00000000 00:00 0 
7fe1a645b000-7fe1a645c000 ---p 00000000 00:00 0 
7fe1a645c000-7fe1a6571000 rw-p 00000000 00:00 0 
7fe1a6571000-7fe1a66a4000 ---p 00000000 00:00 0 
7fe1a66a4000-7fe1a66b9000 rw-p 00000000 00:00 0 
7fe1a66b9000-7fe1a67eb000 ---p 00000000 00:00 0 
7fe1a67eb000-7fe1a67f8000 rw-p 00000000 00:00 0 
7fe1a67f8000-7fe1a688f000 ---p 00000000 00:00 0 
7fe1a688f000-7fe1a68ad000 rw-p 00000000 00:00 0 
7fe1a68ad000-7fe1a6c50000 ---p 00000000 00:00 0 
7fe1a6c50000-7fe1a6c6b000 r-xp 00000000 08:01 656508                     /usr/lib/jdk/jdk1.8.0_201/jre/lib/amd64/libzip.so
7fe1a6c6b000-7fe1a6e6a000 ---p 0001b000 08:01 656508                     /usr/lib/jdk/jdk1.8.0_201/jre/lib/amd64/libzip.so
7fe1a6e6a000-7fe1a6e6b000 r--p 0001a000 08:01 656508                     /usr/lib/jdk/jdk1.8.0_201/jre/lib/amd64/libzip.so
7fe1a6e6b000-7fe1a6e6c000 rw-p 0001b000 08:01 656508                     /usr/lib/jdk/jdk1.8.0_201/jre/lib/amd64/libzip.so
7fe1a6e6c000-7fe1a6e77000 r-xp 00000000 08:01 658902                     /lib/x86_64-linux-gnu/libnss_files-2.23.so
7fe1a6e77000-7fe1a7076000 ---p 0000b000 08:01 658902                     /lib/x86_64-linux-gnu/libnss_files-2.23.so
7fe1a7076000-7fe1a7077000 r--p 0000a000 08:01 658902                     /lib/x86_64-linux-gnu/libnss_files-2.23.so
7fe1a7077000-7fe1a7078000 rw-p 0000b000 08:01 658902                     /lib/x86_64-linux-gnu/libnss_files-2.23.so
7fe1a7078000-7fe1a707e000 rw-p 00000000 00:00 0 
7fe1a707e000-7fe1a7089000 r-xp 00000000 08:01 658912                     /lib/x86_64-linux-gnu/libnss_nis-2.23.so
7fe1a7089000-7fe1a7288000 ---p 0000b000 08:01 658912                     /lib/x86_64-linux-gnu/libnss_nis-2.23.so
7fe1a7288000-7fe1a7289000 r--p 0000a000 08:01 658912                     /lib/x86_64-linux-gnu/libnss_nis-2.23.so
7fe1a7289000-7fe1a728a000 rw-p 0000b000 08:01 658912                     /lib/x86_64-linux-gnu/libnss_nis-2.23.so
7fe1a728a000-7fe1a72a0000 r-xp 00000000 08:01 658896                     /lib/x86_64-linux-gnu/libnsl-2.23.so
7fe1a72a0000-7fe1a749f000 ---p 00016000 08:01 658896                     /lib/x86_64-linux-gnu/libnsl-2.23.so
7fe1a749f000-7fe1a74a0000 r--p 00015000 08:01 658896                     /lib/x86_64-linux-gnu/libnsl-2.23.so
7fe1a74a0000-7fe1a74a1000 rw-p 00016000 08:01 658896                     /lib/x86_64-linux-gnu/libnsl-2.23.so
7fe1a74a1000-7fe1a74a3000 rw-p 00000000 00:00 0 
7fe1a74a3000-7fe1a74ab000 r-xp 00000000 08:01 658898                     /lib/x86_64-linux-gnu/libnss_compat-2.23.so
7fe1a74ab000-7fe1a76aa000 ---p 00008000 08:01 658898                     /lib/x86_64-linux-gnu/libnss_compat-2.23.so
7fe1a76aa000-7fe1a76ab000 r--p 00007000 08:01 658898                     /lib/x86_64-linux-gnu/libnss_compat-2.23.so
7fe1a76ab000-7fe1a76ac000 rw-p 00008000 08:01 658898                     /lib/x86_64-linux-gnu/libnss_compat-2.23.so
7fe1a76ac000-7fe1a76d8000 r-xp 00000000 08:01 656502                     /usr/lib/jdk/jdk1.8.0_201/jre/lib/amd64/libjava.so
7fe1a76d8000-7fe1a78d8000 ---p 0002c000 08:01 656502                     /usr/lib/jdk/jdk1.8.0_201/jre/lib/amd64/libjava.so
7fe1a78d8000-7fe1a78d9000 r--p 0002c000 08:01 656502                     /usr/lib/jdk/jdk1.8.0_201/jre/lib/amd64/libjava.so
7fe1a78d9000-7fe1a78db000 rw-p 0002d000 08:01 656502                     /usr/lib/jdk/jdk1.8.0_201/jre/lib/amd64/libjava.so
7fe1a78db000-7fe1a78e8000 r-xp 00000000 08:01 656507                     /usr/lib/jdk/jdk1.8.0_201/jre/lib/amd64/libverify.so
7fe1a78e8000-7fe1a7ae7000 ---p 0000d000 08:01 656507                     /usr/lib/jdk/jdk1.8.0_201/jre/lib/amd64/libverify.so
7fe1a7ae7000-7fe1a7ae9000 r--p 0000c000 08:01 656507                     /usr/lib/jdk/jdk1.8.0_201/jre/lib/amd64/libverify.so
7fe1a7ae9000-7fe1a7aea000 rw-p 0000e000 08:01 656507                     /usr/lib/jdk/jdk1.8.0_201/jre/lib/amd64/libverify.so
7fe1a7aea000-7fe1a7af1000 r-xp 00000000 08:01 658957                     /lib/x86_64-linux-gnu/librt-2.23.so
7fe1a7af1000-7fe1a7cf0000 ---p 00007000 08:01 658957                     /lib/x86_64-linux-gnu/librt-2.23.so
7fe1a7cf0000-7fe1a7cf1000 r--p 00006000 08:01 658957                     /lib/x86_64-linux-gnu/librt-2.23.so
7fe1a7cf1000-7fe1a7cf2000 rw-p 00007000 08:01 658957                     /lib/x86_64-linux-gnu/librt-2.23.so
7fe1a7cf2000-7fe1a7dfa000 r-xp 00000000 08:01 658873                     /lib/x86_64-linux-gnu/libm-2.23.so
7fe1a7dfa000-7fe1a7ff9000 ---p 00108000 08:01 658873                     /lib/x86_64-linux-gnu/libm-2.23.so
7fe1a7ff9000-7fe1a7ffa000 r--p 00107000 08:01 658873                     /lib/x86_64-linux-gnu/libm-2.23.so
7fe1a7ffa000-7fe1a7ffb000 rw-p 00108000 08:01 658873                     /lib/x86_64-linux-gnu/libm-2.23.so
7fe1a7ffb000-7fe1a8ce3000 r-xp 00000000 08:01 656484                     /usr/lib/jdk/jdk1.8.0_201/jre/lib/amd64/server/libjvm.so
7fe1a8ce3000-7fe1a8ee2000 ---p 00ce8000 08:01 656484                     /usr/lib/jdk/jdk1.8.0_201/jre/lib/amd64/server/libjvm.so
7fe1a8ee2000-7fe1a8f78000 r--p 00ce7000 08:01 656484                     /usr/lib/jdk/jdk1.8.0_201/jre/lib/amd64/server/libjvm.so
7fe1a8f78000-7fe1a8fa9000 rw-p 00d7d000 08:01 656484                     /usr/lib/jdk/jdk1.8.0_201/jre/lib/amd64/server/libjvm.so
7fe1a8fa9000-7fe1a8fe4000 rw-p 00000000 00:00 0 
7fe1a8fe4000-7fe1a91a4000 r-xp 00000000 08:01 658803                     /lib/x86_64-linux-gnu/libc-2.23.so
7fe1a91a4000-7fe1a93a4000 ---p 001c0000 08:01 658803                     /lib/x86_64-linux-gnu/libc-2.23.so
7fe1a93a4000-7fe1a93a8000 r--p 001c0000 08:01 658803                     /lib/x86_64-linux-gnu/libc-2.23.so
7fe1a93a8000-7fe1a93aa000 rw-p 001c4000 08:01 658803                     /lib/x86_64-linux-gnu/libc-2.23.so
7fe1a93aa000-7fe1a93ae000 rw-p 00000000 00:00 0 
7fe1a93ae000-7fe1a93b1000 r-xp 00000000 08:01 658827                     /lib/x86_64-linux-gnu/libdl-2.23.so
7fe1a93b1000-7fe1a95b0000 ---p 00003000 08:01 658827                     /lib/x86_64-linux-gnu/libdl-2.23.so
7fe1a95b0000-7fe1a95b1000 r--p 00002000 08:01 658827                     /lib/x86_64-linux-gnu/libdl-2.23.so
7fe1a95b1000-7fe1a95b2000 rw-p 00003000 08:01 658827                     /lib/x86_64-linux-gnu/libdl-2.23.so
7fe1a95b2000-7fe1a95c9000 r-xp 00000000 08:01 656155                     /usr/lib/jdk/jdk1.8.0_201/lib/amd64/jli/libjli.so
7fe1a95c9000-7fe1a97c8000 ---p 00017000 08:01 656155                     /usr/lib/jdk/jdk1.8.0_201/lib/amd64/jli/libjli.so
7fe1a97c8000-7fe1a97c9000 r--p 00016000 08:01 656155                     /usr/lib/jdk/jdk1.8.0_201/lib/amd64/jli/libjli.so
7fe1a97c9000-7fe1a97ca000 rw-p 00017000 08:01 656155                     /usr/lib/jdk/jdk1.8.0_201/lib/amd64/jli/libjli.so
7fe1a97ca000-7fe1a97e2000 r-xp 00000000 08:01 658949                     /lib/x86_64-linux-gnu/libpthread-2.23.so
7fe1a97e2000-7fe1a99e1000 ---p 00018000 08:01 658949                     /lib/x86_64-linux-gnu/libpthread-2.23.so
7fe1a99e1000-7fe1a99e2000 r--p 00017000 08:01 658949                     /lib/x86_64-linux-gnu/libpthread-2.23.so
7fe1a99e2000-7fe1a99e3000 rw-p 00018000 08:01 658949                     /lib/x86_64-linux-gnu/libpthread-2.23.so
7fe1a99e3000-7fe1a99e7000 rw-p 00000000 00:00 0 
7fe1a99e7000-7fe1a9a0d000 r-xp 00000000 08:01 658775                     /lib/x86_64-linux-gnu/ld-2.23.so
7fe1a9a11000-7fe1a9a2d000 r--s 00393000 08:01 656354                     /usr/lib/jdk/jdk1.8.0_201/jre/lib/ext/cldrdata.jar
7fe1a9a2d000-7fe1a9a31000 r--s 000a1000 08:01 656350                     /usr/lib/jdk/jdk1.8.0_201/jre/lib/jsse.jar
7fe1a9a31000-7fe1a9aef000 rw-p 00000000 00:00 0 
7fe1a9aef000-7fe1a9af2000 ---p 00000000 00:00 0 
7fe1a9af2000-7fe1a9bf5000 rw-p 00000000 00:00 0 
7fe1a9bf5000-7fe1a9bfd000 r--s 0006e000 08:01 398946                     /home/hewitt/work/DiffTGen-master/lib/commons-lang3-3.5.jar
7fe1a9bfd000-7fe1a9bfe000 r--s 00000000 08:01 398951                     /home/hewitt/work/DiffTGen-master/lib/myprinter.jar
7fe1a9bfe000-7fe1a9c02000 r--s 0003a000 08:01 440311                     /home/hewitt/work/DiffTGen-master/output/patch4-Lang-51-Jaid/Lang_51_4_jaid/target/build/classes/all0.jar
7fe1a9c02000-7fe1a9c0a000 rw-s 00000000 08:01 159600                     /tmp/hsperfdata_hewitt/24415
7fe1a9c0a000-7fe1a9c0b000 rw-p 00000000 00:00 0 
7fe1a9c0b000-7fe1a9c0c000 ---p 00000000 00:00 0 
7fe1a9c0c000-7fe1a9c0d000 r--p 00025000 08:01 658775                     /lib/x86_64-linux-gnu/ld-2.23.so
7fe1a9c0d000-7fe1a9c0e000 rw-p 00026000 08:01 658775                     /lib/x86_64-linux-gnu/ld-2.23.so
7fe1a9c0e000-7fe1a9c0f000 rw-p 00000000 00:00 0 
7ffe7cb42000-7ffe7cb64000 rw-p 00000000 00:00 0                          [stack]
7ffe7cbbe000-7ffe7cbc1000 r--p 00000000 00:00 0                          [vvar]
7ffe7cbc1000-7ffe7cbc3000 r-xp 00000000 00:00 0                          [vdso]
ffffffffff600000-ffffffffff601000 r-xp 00000000 00:00 0                  [vsyscall]

VM Arguments:
java_command: /home/hewitt/work/DiffTGen-master/lib/evosuite-1.0.6.jar -base_dir /home/hewitt/work/DiffTGen-master/output/patch4-Lang-51-Jaid/Lang_51_4_jaid/target/0/23 -projectCP /home/hewitt/work/DiffTGen-master/output/patch4-Lang-51-Jaid/Lang_51_4_jaid/target/build/classes/all0.jar:/home/hewitt/work/DiffTGen-master/lib/myprinter.jar:/home/hewitt/work/DiffTGen-master/lib/commons-lang3-3.5.jar -class org.apache.commons.lang.BooleanUtils -Dassertions=false -Dsearch_budget=60
java_class_path (initial): /home/hewitt/work/DiffTGen-master/lib/evosuite-1.0.6.jar
Launcher Type: SUN_STANDARD

Environment Variables:
JAVA_HOME=/usr/lib/jdk/jdk1.8.0_201
JRE_HOME=/usr/lib/jdk/jdk1.8.0_201/jre
CLASSPATH=.:/usr/lib/jdk/jdk1.8.0_201/lib:/usr/lib/jdk/jdk1.8.0_201/jre/lib
PATH=/usr/lib/jdk/jdk1.8.0_201/bin:/home/hewitt/bin:/home/hewitt/.local/bin:/usr/lib/jdk/jdk1.7.0_80/bin:/usr/local/sbin:/usr/local/bin:/usr/sbin:/usr/bin:/sbin:/bin:/usr/games:/usr/local/games:/snap/bin:/home/hewitt/work/defects4j_v1.4.0/defects4j/framework/bin:/opt/apache-ant-1.9.14/bin:/home/hewitt/work/defects4j_v1.4.0/defects4j/framework/bin
SHELL=/bin/bash
DISPLAY=:0

Signal Handlers:
SIGSEGV: [libjvm.so+0xad3e60], sa_mask[0]=11111111011111111101111111111110, sa_flags=SA_RESTART|SA_SIGINFO
SIGBUS: [libjvm.so+0xad3e60], sa_mask[0]=11111111011111111101111111111110, sa_flags=SA_RESTART|SA_SIGINFO
SIGFPE: [libjvm.so+0x90b880], sa_mask[0]=11111111011111111101111111111110, sa_flags=SA_RESTART|SA_SIGINFO
SIGPIPE: [libjvm.so+0x90b880], sa_mask[0]=11111111011111111101111111111110, sa_flags=SA_RESTART|SA_SIGINFO
SIGXFSZ: [libjvm.so+0x90b880], sa_mask[0]=11111111011111111101111111111110, sa_flags=SA_RESTART|SA_SIGINFO
SIGILL: [libjvm.so+0x90b880], sa_mask[0]=11111111011111111101111111111110, sa_flags=SA_RESTART|SA_SIGINFO
SIGUSR1: SIG_DFL, sa_mask[0]=00000000000000000000000000000000, sa_flags=none
SIGUSR2: [libjvm.so+0x90b750], sa_mask[0]=00100000000000000000000000000000, sa_flags=SA_RESTART|SA_SIGINFO
SIGHUP: [libjvm.so+0x90bd70], sa_mask[0]=11111111011111111101111111111110, sa_flags=SA_RESTART|SA_SIGINFO
SIGINT: [libjvm.so+0x90bd70], sa_mask[0]=11111111011111111101111111111110, sa_flags=SA_RESTART|SA_SIGINFO
SIGTERM: [libjvm.so+0x90bd70], sa_mask[0]=11111111011111111101111111111110, sa_flags=SA_RESTART|SA_SIGINFO
SIGQUIT: [libjvm.so+0x90bd70], sa_mask[0]=11111111011111111101111111111110, sa_flags=SA_RESTART|SA_SIGINFO


---------------  S Y S T E M  ---------------

OS:DISTRIB_ID=Ubuntu
DISTRIB_RELEASE=16.04
DISTRIB_CODENAME=xenial
DISTRIB_DESCRIPTION="Ubuntu 16.04.6 LTS"

uname:Linux 4.15.0-91-generic #92~16.04.1-Ubuntu SMP Fri Feb 28 14:57:22 UTC 2020 x86_64
libc:glibc 2.23 NPTL 2.23 
rlimit: STACK 8192k, CORE 0k, NPROC 15448, NOFILE 1048576, AS infinity
load average:29.68 22.86 19.77

/proc/meminfo:
MemTotal:        4015928 kB
MemFree:          505364 kB
MemAvailable:     406168 kB
Buffers:             268 kB
Cached:            10840 kB
SwapCached:         1200 kB
Active:          2545172 kB
Inactive:         525888 kB
Active(anon):    2542716 kB
Inactive(anon):   519252 kB
Active(file):       2456 kB
Inactive(file):     6636 kB
Unevictable:          48 kB
Mlocked:              48 kB
SwapTotal:        998396 kB
SwapFree:           3364 kB
Dirty:                 4 kB
Writeback:          1068 kB
AnonPages:       3041044 kB
Mapped:             7920 kB
Shmem:              1696 kB
Slab:              93228 kB
SReclaimable:      33456 kB
SUnreclaim:        59772 kB
KernelStack:       15792 kB
PageTables:        42560 kB
NFS_Unstable:          0 kB
Bounce:                0 kB
WritebackTmp:          0 kB
CommitLimit:     3006360 kB
Committed_AS:    8793648 kB
VmallocTotal:   34359738367 kB
VmallocUsed:           0 kB
VmallocChunk:          0 kB
HardwareCorrupted:     0 kB
AnonHugePages:         0 kB
ShmemHugePages:        0 kB
ShmemPmdMapped:        0 kB
CmaTotal:              0 kB
CmaFree:               0 kB
HugePages_Total:       0
HugePages_Free:        0
HugePages_Rsvd:        0
HugePages_Surp:        0
Hugepagesize:       2048 kB
DirectMap4k:       98112 kB
DirectMap2M:     4096000 kB
DirectMap1G:     2097152 kB

container (cgroup) information:
container_type: cgroupv1
cpu_cpuset_cpus: 0-3
cpu_memory_nodes: 0
active_processor_count: 4
cpu_quota: -1
cpu_period: 100000
cpu_shares: -1
memory_limit_in_bytes: -1
memory_and_swap_limit_in_bytes: -2
memory_soft_limit_in_bytes: -1
memory_usage_in_bytes: 3097530368
memory_max_usage_in_bytes: 84226048


CPU:total 4 (initial active 4) (2 cores per cpu, 1 threads per core) family 6 model 158 stepping 9, cmov, cx8, fxsr, mmx, sse, sse2, sse3, ssse3, sse4.1, sse4.2, popcnt, avx, avx2, aes, clmul, erms, 3dnowpref, lzcnt, tsc, tscinvbit, bmi1, bmi2, adx

/proc/cpuinfo:
processor	: 0
vendor_id	: GenuineIntel
cpu family	: 6
model		: 158
model name	: Intel(R) Core(TM) i7-7700HQ CPU @ 2.80GHz
stepping	: 9
microcode	: 0xb4
cpu MHz		: 2808.002
cache size	: 6144 KB
physical id	: 0
siblings	: 2
core id		: 0
cpu cores	: 2
apicid		: 0
initial apicid	: 0
fpu		: yes
fpu_exception	: yes
cpuid level	: 22
wp		: yes
flags		: fpu vme de pse tsc msr pae mce cx8 apic sep mtrr pge mca cmov pat pse36 clflush mmx fxsr sse sse2 ss ht syscall nx pdpe1gb rdtscp lm constant_tsc arch_perfmon nopl xtopology tsc_reliable nonstop_tsc cpuid pni pclmulqdq ssse3 fma cx16 pcid sse4_1 sse4_2 x2apic movbe popcnt tsc_deadline_timer aes xsave avx f16c rdrand hypervisor lahf_lm abm 3dnowprefetch cpuid_fault invpcid_single pti ssbd ibrs ibpb stibp fsgsbase tsc_adjust bmi1 avx2 smep bmi2 invpcid mpx rdseed adx smap clflushopt xsaveopt xsavec xsaves arat md_clear flush_l1d arch_capabilities
bugs		: cpu_meltdown spectre_v1 spectre_v2 spec_store_bypass l1tf mds swapgs itlb_multihit
bogomips	: 5616.00
clflush size	: 64
cache_alignment	: 64
address sizes	: 43 bits physical, 48 bits virtual
power management:

processor	: 1
vendor_id	: GenuineIntel
cpu family	: 6
model		: 158
model name	: Intel(R) Core(TM) i7-7700HQ CPU @ 2.80GHz
stepping	: 9
microcode	: 0xb4
cpu MHz		: 2808.002
cache size	: 6144 KB
physical id	: 0
siblings	: 2
core id		: 1
cpu cores	: 2
apicid		: 1
initial apicid	: 1
fpu		: yes
fpu_exception	: yes
cpuid level	: 22
wp		: yes
flags		: fpu vme de pse tsc msr pae mce cx8 apic sep mtrr pge mca cmov pat pse36 clflush mmx fxsr sse sse2 ss ht syscall nx pdpe1gb rdtscp lm constant_tsc arch_perfmon nopl xtopology tsc_reliable nonstop_tsc cpuid pni pclmulqdq ssse3 fma cx16 pcid sse4_1 sse4_2 x2apic movbe popcnt tsc_deadline_timer aes xsave avx f16c rdrand hypervisor lahf_lm abm 3dnowprefetch cpuid_fault invpcid_single pti ssbd ibrs ibpb stibp fsgsbase tsc_adjust bmi1 avx2 smep bmi2 invpcid mpx rdseed adx smap clflushopt xsaveopt xsavec xsaves arat md_clear flush_l1d arch_capabilities
bugs		: cpu_meltdown spectre_v1 spectre_v2 spec_store_bypass l1tf mds swapgs itlb_multihit
bogomips	: 5616.00
clflush size	: 64
cache_alignment	: 64
address sizes	: 43 bits physical, 48 bits virtual
power management:

processor	: 2
vendor_id	: GenuineIntel
cpu family	: 6
model		: 158
model name	: Intel(R) Core(TM) i7-7700HQ CPU @ 2.80GHz
stepping	: 9
microcode	: 0xb4
cpu MHz		: 2808.002
cache size	: 6144 KB
physical id	: 1
siblings	: 2
core id		: 0
cpu cores	: 2
apicid		: 2
initial apicid	: 2
fpu		: yes
fpu_exception	: yes
cpuid level	: 22
wp		: yes
flags		: fpu vme de pse tsc msr pae mce cx8 apic sep mtrr pge mca cmov pat pse36 clflush mmx fxsr sse sse2 ss ht syscall nx pdpe1gb rdtscp lm constant_tsc arch_perfmon nopl xtopology tsc_reliable nonstop_tsc cpuid pni pclmulqdq ssse3 fma cx16 pcid sse4_1 sse4_2 x2apic movbe popcnt tsc_deadline_timer aes xsave avx f16c rdrand hypervisor lahf_lm abm 3dnowprefetch cpuid_fault invpcid_single pti ssbd ibrs ibpb stibp fsgsbase tsc_adjust bmi1 avx2 smep bmi2 invpcid mpx rdseed adx smap clflushopt xsaveopt xsavec xsaves arat md_clear flush_l1d arch_capabilities
bugs		: cpu_meltdown spectre_v1 spectre_v2 spec_store_bypass l1tf mds swapgs itlb_multihit
bogomips	: 5616.00
clflush size	: 64
cache_alignment	: 64
address sizes	: 43 bits physical, 48 bits virtual
power management:

processor	: 3
vendor_id	: GenuineIntel
cpu family	: 6
model		: 158
model name	: Intel(R) Core(TM) i7-7700HQ CPU @ 2.80GHz
stepping	: 9
microcode	: 0xb4
cpu MHz		: 2808.002
cache size	: 6144 KB
physical id	: 1
siblings	: 2
core id		: 1
cpu cores	: 2
apicid		: 3
initial apicid	: 3
fpu		: yes
fpu_exception	: yes
cpuid level	: 22
wp		: yes
flags		: fpu vme de pse tsc msr pae mce cx8 apic sep mtrr pge mca cmov pat pse36 clflush mmx fxsr sse sse2 ss ht syscall nx pdpe1gb rdtscp lm constant_tsc arch_perfmon nopl xtopology tsc_reliable nonstop_tsc cpuid pni pclmulqdq ssse3 fma cx16 pcid sse4_1 sse4_2 x2apic movbe popcnt tsc_deadline_timer aes xsave avx f16c rdrand hypervisor lahf_lm abm 3dnowprefetch cpuid_fault invpcid_single pti ssbd ibrs ibpb stibp fsgsbase tsc_adjust bmi1 avx2 smep bmi2 invpcid mpx rdseed adx smap clflushopt xsaveopt xsavec xsaves arat md_clear flush_l1d arch_capabilities
bugs		: cpu_meltdown spectre_v1 spectre_v2 spec_store_bypass l1tf mds swapgs itlb_multihit
bogomips	: 5616.00
clflush size	: 64
cache_alignment	: 64
address sizes	: 43 bits physical, 48 bits virtual
power management:



Memory: 4k page, physical 4015928k(565612k free), swap 998396k(5400k free)

vm_info: Java HotSpot(TM) 64-Bit Server VM (25.201-b09) for linux-amd64 JRE (1.8.0_201-b09), built on Dec 15 2018 11:35:59 by "java_re" with gcc 7.3.0

time: Sun Mar 29 21:12:07 2020
timezone: CST
elapsed time: 96 seconds (0d 0h 1m 36s)

