#
# There is insufficient memory for the Java Runtime Environment to continue.
# Native memory allocation (mmap) failed to map 124780544 bytes for committing reserved memory.
# Possible reasons:
#   The system is out of physical RAM or swap space
#   The process is running with CompressedOops enabled, and the Java Heap may be blocking the growth of the native heap
# Possible solutions:
#   Reduce memory load on the system
#   Increase physical memory or swap space
#   Check if swap backing store is full
#   Decrease Java heap size (-Xmx/-Xms)
#   Decrease number of Java threads
#   Decrease Java thread stack sizes (-Xss)
#   Set larger code cache with -XX:ReservedCodeCacheSize=
#   JVM is running with Unscaled Compressed Oops mode in which the Java heap is
#     placed in the first 4GB address space. The Java Heap base address is the
#     maximum limit for the native heap growth. Please use -XX:HeapBaseMinAddress
#     to set the Java Heap base and to place the Java Heap above 4GB virtual address.
# This output file may be truncated or incomplete.
#
#  Out of Memory Error (os_linux.cpp:2749), pid=38600, tid=0x00007f75e4dfd700
#
# JRE version: Java(TM) SE Runtime Environment (8.0_201-b09) (build 1.8.0_201-b09)
# Java VM: Java HotSpot(TM) 64-Bit Server VM (25.201-b09 mixed mode linux-amd64 compressed oops)
# Failed to write core dump. Core dumps have been disabled. To enable core dumping, try "ulimit -c unlimited" before starting Java again
#

---------------  T H R E A D  ---------------

Current thread (0x00007f75f4140000):  VMThread [stack: 0x00007f75e4cfd000,0x00007f75e4dfe000] [id=38653]

Stack: [0x00007f75e4cfd000,0x00007f75e4dfe000],  sp=0x00007f75e4dfc450,  free space=1021k
Native frames: (J=compiled Java code, j=interpreted, Vv=VM code, C=native code)
V  [libjvm.so+0xad3525]  VMError::report_and_die()+0x2e5
V  [libjvm.so+0x4e0457]  report_vm_out_of_memory(char const*, int, unsigned long, VMErrorType, char const*)+0x67
V  [libjvm.so+0x9102f0]  os::pd_commit_memory(char*, unsigned long, unsigned long, bool)+0x100
V  [libjvm.so+0x90791f]  os::commit_memory(char*, unsigned long, unsigned long, bool)+0x1f
V  [libjvm.so+0x98c806]  PSVirtualSpace::expand_by(unsigned long)+0x56
V  [libjvm.so+0x98da98]  PSYoungGen::resize(unsigned long, unsigned long)+0xd8
V  [libjvm.so+0x98a236]  PSScavenge::invoke_no_policy()+0x1376
V  [libjvm.so+0x98a5cc]  PSScavenge::invoke()+0x4c
V  [libjvm.so+0x93a318]  ParallelScavengeHeap::failed_mem_allocate(unsigned long)+0x68
V  [libjvm.so+0xad5073]  VM_ParallelGCFailedAllocation::doit()+0x93
V  [libjvm.so+0xada296]  VM_Operation::evaluate()+0x46
V  [libjvm.so+0xad85cd]  VMThread::evaluate_operation(VM_Operation*) [clone .constprop.44]+0xcd
V  [libjvm.so+0xad8bb3]  VMThread::loop()+0x3a3
V  [libjvm.so+0xad8f88]  VMThread::run()+0x78
V  [libjvm.so+0x90d922]  java_start(Thread*)+0x102

VM_Operation (0x00007f75dc5eaf30): ParallelGCFailedAllocation, mode: safepoint, requested by thread 0x00007f7598001000


---------------  P R O C E S S  ---------------

Java Threads: ( => current thread )
  0x00007f7598002800 JavaThread "RMI TCP Connection(3)-127.0.0.1" daemon [_thread_in_native, id=39060, stack(0x00007f75dc3f0000,0x00007f75dc4f1000)]
  0x00007f7598001000 JavaThread "RMI TCP Connection(2)-127.0.0.1" daemon [_thread_blocked, id=39050, stack(0x00007f75dc4f1000,0x00007f75dc5f2000)]
  0x00007f7570038000 JavaThread "RMI Scheduler(0)" daemon [_thread_blocked, id=39045, stack(0x00007f75dc5f2000,0x00007f75dc6f3000)]
  0x00007f7570030800 JavaThread "RMI RenewClean-[127.0.0.1:10682]" daemon [_thread_blocked, id=39033, stack(0x00007f75dc6f3000,0x00007f75dc7f4000)]
  0x00007f7594001000 JavaThread "RMI TCP Connection(idle)" daemon [_thread_blocked, id=39015, stack(0x00007f75dc7f4000,0x00007f75dc8f5000)]
  0x00007f7584005000 JavaThread "pool-3-thread-3" [_thread_in_native, id=38970, stack(0x00007f75dc8f5000,0x00007f75dc9f6000)]
  0x00007f7584003000 JavaThread "pool-3-thread-2" [_thread_in_native, id=38969, stack(0x00007f75dc9f6000,0x00007f75dcaf7000)]
  0x00007f7584002000 JavaThread "pool-3-thread-1" [_thread_in_native, id=38965, stack(0x00007f75dcaf7000,0x00007f75dcbf8000)]
  0x00007f75f43c1000 JavaThread "Thread-3" [_thread_in_native, id=38847, stack(0x00007f75dcbf8000,0x00007f75dccf9000)]
  0x00007f75f43bf800 JavaThread "Thread-2" [_thread_in_native, id=38846, stack(0x00007f75dccf9000,0x00007f75dcdfa000)]
  0x00007f75f43be000 JavaThread "process reaper" daemon [_thread_in_native, id=38845, stack(0x00007f75f8017000,0x00007f75f8050000)]
  0x00007f75f43b8000 JavaThread "pool-2-thread-1" [_thread_in_native, id=38776, stack(0x00007f75dcdfa000,0x00007f75dcefb000)]
  0x00007f75f43b6000 JavaThread "GC Daemon" daemon [_thread_blocked, id=38774, stack(0x00007f75dcefb000,0x00007f75dcffc000)]
  0x00007f75f43b3000 JavaThread "RMI Reaper" [_thread_blocked, id=38768, stack(0x00007f75dcffc000,0x00007f75dd0fd000)]
  0x00007f75f43aa000 JavaThread "RMI TCP Accept-2396" daemon [_thread_in_native, id=38763, stack(0x00007f75dd0fd000,0x00007f75dd1fe000)]
  0x00007f75f43a5000 JavaThread "RMI TCP Accept-10452" daemon [_thread_in_native, id=38750, stack(0x00007f75dd1fe000,0x00007f75dd2ff000)]
  0x00007f75f42ea800 JavaThread "logback-3" daemon [_thread_blocked, id=38746, stack(0x00007f75dd4ff000,0x00007f75dd600000)]
  0x00007f75f42e7000 JavaThread "logback-2" daemon [_thread_blocked, id=38745, stack(0x00007f75dd600000,0x00007f75dd701000)]
  0x00007f75f42e5800 JavaThread "logback-1" daemon [_thread_blocked, id=38744, stack(0x00007f75dd701000,0x00007f75dd802000)]
  0x00007f75f4189000 JavaThread "Service Thread" daemon [_thread_blocked, id=38716, stack(0x00007f75ddd4c000,0x00007f75dde4d000)]
  0x00007f75f4186000 JavaThread "C1 CompilerThread2" daemon [_thread_blocked, id=38709, stack(0x00007f75dde4d000,0x00007f75ddf4e000)]
  0x00007f75f4184800 JavaThread "C2 CompilerThread1" daemon [_thread_blocked, id=38702, stack(0x00007f75ddf4e000,0x00007f75de04f000)]
  0x00007f75f4181800 JavaThread "C2 CompilerThread0" daemon [_thread_blocked, id=38696, stack(0x00007f75de04f000,0x00007f75de150000)]
  0x00007f75f4180000 JavaThread "Signal Dispatcher" daemon [_thread_blocked, id=38693, stack(0x00007f75e403b000,0x00007f75e413c000)]
  0x00007f75f414c000 JavaThread "Finalizer" daemon [_thread_blocked, id=38667, stack(0x00007f75e4afb000,0x00007f75e4bfc000)]
  0x00007f75f4149800 JavaThread "Reference Handler" daemon [_thread_blocked, id=38662, stack(0x00007f75e4bfc000,0x00007f75e4cfd000)]
  0x00007f75f400a800 JavaThread "main" [_thread_in_native, id=38606, stack(0x00007f75fd3a8000,0x00007f75fd4a9000)]

Other Threads:
=>0x00007f75f4140000 VMThread [stack: 0x00007f75e4cfd000,0x00007f75e4dfe000] [id=38653]
  0x00007f75f418b800 WatcherThread [stack: 0x00007f75ddc4b000,0x00007f75ddd4c000] [id=38719]

VM state:at safepoint (normal execution)

VM Mutex/Monitor currently owned by a thread:  ([mutex/lock_event])
[0x00007f75f4007090] Threads_lock - owner thread: 0x00007f75f4140000
[0x00007f75f4007590] Heap_lock - owner thread: 0x00007f7598001000

heap address: 0x00000000c2a00000, size: 982 MB, Compressed Oops mode: 32-bit
Narrow klass base: 0x0000000000000000, Narrow klass shift: 3
Compressed class space size: 1073741824 Address: 0x0000000100000000

Heap:
 PSYoungGen      total 126464K, used 5136K [0x00000000eb900000, 0x00000000f3a00000, 0x0000000100000000)
  eden space 120832K, 0% used [0x00000000eb900000,0x00000000eb900000,0x00000000f2f00000)
  from space 5632K, 91% used [0x00000000f2f00000,0x00000000f34041c0,0x00000000f3480000)
  to   space 5632K, 0% used [0x00000000f3480000,0x00000000f3480000,0x00000000f3a00000)
 ParOldGen       total 42496K, used 12067K [0x00000000c2a00000, 0x00000000c5380000, 0x00000000eb900000)
  object space 42496K, 28% used [0x00000000c2a00000,0x00000000c35c8e00,0x00000000c5380000)
 Metaspace       used 14183K, capacity 14652K, committed 14848K, reserved 1062912K
  class space    used 1609K, capacity 1750K, committed 1792K, reserved 1048576K

Card table byte_map: [0x00007f75f9f5d000,0x00007f75fa149000] byte_map_base: 0x00007f75f9948000

Marking Bits: (ParMarkBitMap*) 0x00007f75fc87fd80
 Begin Bits: [0x00007f75de150000, 0x00007f75df0a8000)
 End Bits:   [0x00007f75df0a8000, 0x00007f75e0000000)

Polling page: 0x00007f75fd4c4000

CodeCache: size=245760Kb used=7022Kb max_used=7050Kb free=238737Kb
 bounds [0x00007f75e5000000, 0x00007f75e56f0000, 0x00007f75f4000000]
 total_blobs=2272 nmethods=1923 adapters=262
 compilation: enabled

Compilation events (10 events):
Event: 42.718 Thread 0x00007f75f4184800 nmethod 1890 0x00007f75e56ba890 code [0x00007f75e56ba9e0, 0x00007f75e56baad8]
Event: 42.718 Thread 0x00007f75f4184800 1957       4       org.jgrapht.graph.AbstractBaseGraph::getEdgeTarget (16 bytes)
Event: 42.719 Thread 0x00007f75f4184800 nmethod 1957 0x00007f75e56cb9d0 code [0x00007f75e56cbb20, 0x00007f75e56cbbd8]
Event: 42.719 Thread 0x00007f75f4184800 1905       4       java.lang.Integer::numberOfLeadingZeros (76 bytes)
Event: 42.720 Thread 0x00007f75f4184800 nmethod 1905 0x00007f75e5600210 code [0x00007f75e5600360, 0x00007f75e5600418]
Event: 42.720 Thread 0x00007f75f4184800 1906       4       java.lang.Object::toString (36 bytes)
Event: 42.838 Thread 0x00007f75f4181800 nmethod 1896% 0x00007f75e56dc190 code [0x00007f75e56dc960, 0x00007f75e56e1778]
Event: 42.838 Thread 0x00007f75f4181800 1828       4       org.evosuite.shaded.org.objectweb.asm.tree.analysis.SourceValue::equals (47 bytes)
Event: 42.841 Thread 0x00007f75f4181800 nmethod 1828 0x00007f75e56b9d10 code [0x00007f75e56b9ee0, 0x00007f75e56ba3d8]
Event: 42.841 Thread 0x00007f75f4181800 1829   !   4       java.util.AbstractSet::equals (48 bytes)

GC Heap History (10 events):
Event: 39.925 GC heap after
Heap after GC invocations=5 (full 1):
 PSYoungGen      total 34304K, used 2552K [0x00000000eb900000, 0x00000000efc00000, 0x0000000100000000)
  eden space 31744K, 0% used [0x00000000eb900000,0x00000000eb900000,0x00000000ed800000)
  from space 2560K, 99% used [0x00000000eda80000,0x00000000edcfe280,0x00000000edd00000)
  to   space 2560K, 0% used [0x00000000ed800000,0x00000000ed800000,0x00000000eda80000)
 ParOldGen       total 42496K, used 6816K [0x00000000c2a00000, 0x00000000c5380000, 0x00000000eb900000)
  object space 42496K, 16% used [0x00000000c2a00000,0x00000000c30a8228,0x00000000c5380000)
 Metaspace       used 14034K, capacity 14460K, committed 14592K, reserved 1062912K
  class space    used 1609K, capacity 1750K, committed 1792K, reserved 1048576K
}
Event: 40.216 GC heap before
{Heap before GC invocations=6 (full 1):
 PSYoungGen      total 34304K, used 34296K [0x00000000eb900000, 0x00000000efc00000, 0x0000000100000000)
  eden space 31744K, 100% used [0x00000000eb900000,0x00000000ed800000,0x00000000ed800000)
  from space 2560K, 99% used [0x00000000eda80000,0x00000000edcfe280,0x00000000edd00000)
  to   space 2560K, 0% used [0x00000000ed800000,0x00000000ed800000,0x00000000eda80000)
 ParOldGen       total 42496K, used 6816K [0x00000000c2a00000, 0x00000000c5380000, 0x00000000eb900000)
  object space 42496K, 16% used [0x00000000c2a00000,0x00000000c30a8228,0x00000000c5380000)
 Metaspace       used 14099K, capacity 14524K, committed 14848K, reserved 1062912K
  class space    used 1609K, capacity 1750K, committed 1792K, reserved 1048576K
Event: 40.259 GC heap after
Heap after GC invocations=6 (full 1):
 PSYoungGen      total 34304K, used 2560K [0x00000000eb900000, 0x00000000efc00000, 0x0000000100000000)
  eden space 31744K, 0% used [0x00000000eb900000,0x00000000eb900000,0x00000000ed800000)
  from space 2560K, 100% used [0x00000000ed800000,0x00000000eda80000,0x00000000eda80000)
  to   space 2560K, 0% used [0x00000000ef980000,0x00000000ef980000,0x00000000efc00000)
 ParOldGen       total 42496K, used 8364K [0x00000000c2a00000, 0x00000000c5380000, 0x00000000eb900000)
  object space 42496K, 19% used [0x00000000c2a00000,0x00000000c322b318,0x00000000c5380000)
 Metaspace       used 14099K, capacity 14524K, committed 14848K, reserved 1062912K
  class space    used 1609K, capacity 1750K, committed 1792K, reserved 1048576K
}
Event: 40.449 GC heap before
{Heap before GC invocations=7 (full 1):
 PSYoungGen      total 34304K, used 34304K [0x00000000eb900000, 0x00000000efc00000, 0x0000000100000000)
  eden space 31744K, 100% used [0x00000000eb900000,0x00000000ed800000,0x00000000ed800000)
  from space 2560K, 100% used [0x00000000ed800000,0x00000000eda80000,0x00000000eda80000)
  to   space 2560K, 0% used [0x00000000ef980000,0x00000000ef980000,0x00000000efc00000)
 ParOldGen       total 42496K, used 8364K [0x00000000c2a00000, 0x00000000c5380000, 0x00000000eb900000)
  object space 42496K, 19% used [0x00000000c2a00000,0x00000000c322b318,0x00000000c5380000)
 Metaspace       used 14125K, capacity 14588K, committed 14848K, reserved 1062912K
  class space    used 1609K, capacity 1750K, committed 1792K, reserved 1048576K
Event: 40.462 GC heap after
Heap after GC invocations=7 (full 1):
 PSYoungGen      total 62976K, used 2560K [0x00000000eb900000, 0x00000000f0200000, 0x0000000100000000)
  eden space 60416K, 0% used [0x00000000eb900000,0x00000000eb900000,0x00000000ef400000)
  from space 2560K, 100% used [0x00000000ef980000,0x00000000efc00000,0x00000000efc00000)
  to   space 5632K, 0% used [0x00000000ef400000,0x00000000ef400000,0x00000000ef980000)
 ParOldGen       total 42496K, used 10291K [0x00000000c2a00000, 0x00000000c5380000, 0x00000000eb900000)
  object space 42496K, 24% used [0x00000000c2a00000,0x00000000c340cdf0,0x00000000c5380000)
 Metaspace       used 14125K, capacity 14588K, committed 14848K, reserved 1062912K
  class space    used 1609K, capacity 1750K, committed 1792K, reserved 1048576K
}
Event: 40.986 GC heap before
{Heap before GC invocations=8 (full 1):
 PSYoungGen      total 62976K, used 62976K [0x00000000eb900000, 0x00000000f0200000, 0x0000000100000000)
  eden space 60416K, 100% used [0x00000000eb900000,0x00000000ef400000,0x00000000ef400000)
  from space 2560K, 100% used [0x00000000ef980000,0x00000000efc00000,0x00000000efc00000)
  to   space 5632K, 0% used [0x00000000ef400000,0x00000000ef400000,0x00000000ef980000)
 ParOldGen       total 42496K, used 10291K [0x00000000c2a00000, 0x00000000c5380000, 0x00000000eb900000)
  object space 42496K, 24% used [0x00000000c2a00000,0x00000000c340cdf0,0x00000000c5380000)
 Metaspace       used 14158K, capacity 14588K, committed 14848K, reserved 1062912K
  class space    used 1609K, capacity 1750K, committed 1792K, reserved 1048576K
Event: 41.012 GC heap after
Heap after GC invocations=8 (full 1):
 PSYoungGen      total 66048K, used 3424K [0x00000000eb900000, 0x00000000f3a00000, 0x0000000100000000)
  eden space 60416K, 0% used [0x00000000eb900000,0x00000000eb900000,0x00000000ef400000)
  from space 5632K, 60% used [0x00000000ef400000,0x00000000ef758010,0x00000000ef980000)
  to   space 5632K, 0% used [0x00000000f3480000,0x00000000f3480000,0x00000000f3a00000)
 ParOldGen       total 42496K, used 10299K [0x00000000c2a00000, 0x00000000c5380000, 0x00000000eb900000)
  object space 42496K, 24% used [0x00000000c2a00000,0x00000000c340edf0,0x00000000c5380000)
 Metaspace       used 14158K, capacity 14588K, committed 14848K, reserved 1062912K
  class space    used 1609K, capacity 1750K, committed 1792K, reserved 1048576K
}
Event: 41.395 GC heap before
{Heap before GC invocations=9 (full 1):
 PSYoungGen      total 66048K, used 63840K [0x00000000eb900000, 0x00000000f3a00000, 0x0000000100000000)
  eden space 60416K, 100% used [0x00000000eb900000,0x00000000ef400000,0x00000000ef400000)
  from space 5632K, 60% used [0x00000000ef400000,0x00000000ef758010,0x00000000ef980000)
  to   space 5632K, 0% used [0x00000000f3480000,0x00000000f3480000,0x00000000f3a00000)
 ParOldGen       total 42496K, used 10299K [0x00000000c2a00000, 0x00000000c5380000, 0x00000000eb900000)
  object space 42496K, 24% used [0x00000000c2a00000,0x00000000c340edf0,0x00000000c5380000)
 Metaspace       used 14170K, capacity 14588K, committed 14848K, reserved 1062912K
  class space    used 1609K, capacity 1750K, committed 1792K, reserved 1048576K
Event: 41.427 GC heap after
Heap after GC invocations=9 (full 1):
 PSYoungGen      total 126464K, used 4384K [0x00000000eb900000, 0x00000000f3a00000, 0x0000000100000000)
  eden space 120832K, 0% used [0x00000000eb900000,0x00000000eb900000,0x00000000f2f00000)
  from space 5632K, 77% used [0x00000000f3480000,0x00000000f38c80a0,0x00000000f3a00000)
  to   space 5632K, 0% used [0x00000000f2f00000,0x00000000f2f00000,0x00000000f3480000)
 ParOldGen       total 42496K, used 10995K [0x00000000c2a00000, 0x00000000c5380000, 0x00000000eb900000)
  object space 42496K, 25% used [0x00000000c2a00000,0x00000000c34bce00,0x00000000c5380000)
 Metaspace       used 14170K, capacity 14588K, committed 14848K, reserved 1062912K
  class space    used 1609K, capacity 1750K, committed 1792K, reserved 1048576K
}
Event: 42.874 GC heap before
{Heap before GC invocations=10 (full 1):
 PSYoungGen      total 126464K, used 125216K [0x00000000eb900000, 0x00000000f3a00000, 0x0000000100000000)
  eden space 120832K, 100% used [0x00000000eb900000,0x00000000f2f00000,0x00000000f2f00000)
  from space 5632K, 77% used [0x00000000f3480000,0x00000000f38c80a0,0x00000000f3a00000)
  to   space 5632K, 0% used [0x00000000f2f00000,0x00000000f2f00000,0x00000000f3480000)
 ParOldGen       total 42496K, used 10995K [0x00000000c2a00000, 0x00000000c5380000, 0x00000000eb900000)
  object space 42496K, 25% used [0x00000000c2a00000,0x00000000c34bce00,0x00000000c5380000)
 Metaspace       used 14183K, capacity 14652K, committed 14848K, reserved 1062912K
  class space    used 1609K, capacity 1750K, committed 1792K, reserved 1048576K

Deoptimization events (10 events):
Event: 39.676 Thread 0x00007f7598001000 Uncommon trap: reason=unstable_if action=reinterpret pc=0x00007f75e54d4c88 method=org.evosuite.shaded.org.objectweb.asm.Type.getArgumentsAndReturnSizes(Ljava/lang/String;)I @ 47
Event: 39.774 Thread 0x00007f7598001000 Uncommon trap: reason=unstable_if action=reinterpret pc=0x00007f75e546a194 method=java.util.HashMap.putVal(ILjava/lang/Object;Ljava/lang/Object;ZZ)Ljava/lang/Object; @ 162
Event: 39.800 Thread 0x00007f7598001000 Uncommon trap: reason=bimorphic action=maybe_recompile pc=0x00007f75e55b4874 method=java.util.AbstractCollection.addAll(Ljava/util/Collection;)Z @ 3
Event: 39.800 Thread 0x00007f7598001000 Uncommon trap: reason=bimorphic action=maybe_recompile pc=0x00007f75e55b4874 method=java.util.AbstractCollection.addAll(Ljava/util/Collection;)Z @ 3
Event: 39.800 Thread 0x00007f7598001000 Uncommon trap: reason=bimorphic action=maybe_recompile pc=0x00007f75e55b4874 method=java.util.AbstractCollection.addAll(Ljava/util/Collection;)Z @ 3
Event: 39.800 Thread 0x00007f7598001000 Uncommon trap: reason=bimorphic action=maybe_recompile pc=0x00007f75e55b4874 method=java.util.AbstractCollection.addAll(Ljava/util/Collection;)Z @ 3
Event: 40.064 Thread 0x00007f7598001000 Uncommon trap: reason=unstable_if action=reinterpret pc=0x00007f75e5606798 method=org.evosuite.shaded.org.objectweb.asm.Frame.merge(Lorg/evosuite/shaded/org/objectweb/asm/ClassWriter;I[II)Z @ 61
Event: 40.080 Thread 0x00007f7598001000 Uncommon trap: reason=unstable_if action=reinterpret pc=0x00007f75e54de130 method=java.util.HashMap.getNode(ILjava/lang/Object;)Ljava/util/HashMap$Node; @ 84
Event: 40.080 Thread 0x00007f7598001000 Uncommon trap: reason=unstable_if action=reinterpret pc=0x00007f75e54e9150 method=java.util.HashMap.resize()[Ljava/util/HashMap$Node; @ 206
Event: 41.786 Thread 0x00007f7598001000 Uncommon trap: reason=null_check action=make_not_entrant pc=0x00007f75e56aa128 method=org.evosuite.shaded.org.objectweb.asm.Type.equals(Ljava/lang/Object;)Z @ 8

Classes redefined (0 events):
No events

Internal exceptions (10 events):
Event: 30.238 Thread 0x00007f7598001000 Exception <a 'java/lang/NoSuchMethodError': <clinit>> (0x00000000ec3b77c8) thrown at [/HUDSON/workspace/8-2-build-linux-amd64/jdk8u201/12317/hotspot/src/share/vm/prims/jni.cpp, line 1613]
Event: 31.159 Thread 0x00007f75f42e5800 Exception <a 'java/net/ConnectException'> (0x00000000ebcda7d0) thrown at [/HUDSON/workspace/8-2-build-linux-amd64/jdk8u201/12317/hotspot/src/share/vm/prims/jni.cpp, line 709]
Event: 31.159 Thread 0x00007f75f42ea800 Exception <a 'java/net/ConnectException'> (0x00000000ebd794e0) thrown at [/HUDSON/workspace/8-2-build-linux-amd64/jdk8u201/12317/hotspot/src/share/vm/prims/jni.cpp, line 709]
Event: 31.168 Thread 0x00007f75f42e7000 Exception <a 'java/net/ConnectException'> (0x00000000ebd29e58) thrown at [/HUDSON/workspace/8-2-build-linux-amd64/jdk8u201/12317/hotspot/src/share/vm/prims/jni.cpp, line 709]
Event: 39.063 Thread 0x00007f7598001000 Implicit null exception at 0x00007f75e51ff7b5 to 0x00007f75e51ffb5d
Event: 39.087 Thread 0x00007f7598001000 Implicit null exception at 0x00007f75e51dab36 to 0x00007f75e51daee1
Event: 41.786 Thread 0x00007f7598001000 Implicit null exception at 0x00007f75e56a77a2 to 0x00007f75e56aa105
Event: 42.033 Thread 0x00007f75f42e7000 Exception <a 'java/net/ConnectException'> (0x00000000f07fc140) thrown at [/HUDSON/workspace/8-2-build-linux-amd64/jdk8u201/12317/hotspot/src/share/vm/prims/jni.cpp, line 709]
Event: 42.033 Thread 0x00007f75f42ea800 Exception <a 'java/net/ConnectException'> (0x00000000f08c06e8) thrown at [/HUDSON/workspace/8-2-build-linux-amd64/jdk8u201/12317/hotspot/src/share/vm/prims/jni.cpp, line 709]
Event: 42.033 Thread 0x00007f75f42e5800 Exception <a 'java/net/ConnectException'> (0x00000000f0737ad8) thrown at [/HUDSON/workspace/8-2-build-linux-amd64/jdk8u201/12317/hotspot/src/share/vm/prims/jni.cpp, line 709]

Events (10 events):
Event: 41.598 Thread 0x00007f7598001000 DEOPT PACKING pc=0x00007f75e55fdff1 sp=0x00007f75dc5eb7c0
Event: 41.598 Thread 0x00007f7598001000 DEOPT UNPACKING pc=0x00007f75e5047784 sp=0x00007f75dc5eb630 mode 0
Event: 41.786 Thread 0x00007f7598001000 Uncommon trap: trap_request=0xfffffff4 fr.pc=0x00007f75e56aa128
Event: 41.786 Thread 0x00007f7598001000 DEOPT PACKING pc=0x00007f75e56aa128 sp=0x00007f75dc5eb410
Event: 41.786 Thread 0x00007f7598001000 DEOPT UNPACKING pc=0x00007f75e504573a sp=0x00007f75dc5eb230 mode 2
Event: 42.455 Thread 0x00007f7598001000 DEOPT PACKING pc=0x00007f75e55fdff1 sp=0x00007f75dc5eb7c0
Event: 42.455 Thread 0x00007f7598001000 DEOPT UNPACKING pc=0x00007f75e5047784 sp=0x00007f75dc5eb630 mode 0
Event: 42.668 Thread 0x00007f7598001000 DEOPT PACKING pc=0x00007f75e55fdff1 sp=0x00007f75dc5eb7c0
Event: 42.668 Thread 0x00007f7598001000 DEOPT UNPACKING pc=0x00007f75e5047784 sp=0x00007f75dc5eb630 mode 0
Event: 42.851 Executing VM operation: ParallelGCFailedAllocation


Dynamic libraries:
00400000-00401000 r-xp 00000000 08:01 654793                             /usr/lib/jdk/jdk1.8.0_201/bin/java
00600000-00601000 r--p 00000000 08:01 654793                             /usr/lib/jdk/jdk1.8.0_201/bin/java
00601000-00602000 rw-p 00001000 08:01 654793                             /usr/lib/jdk/jdk1.8.0_201/bin/java
018d0000-01b92000 rw-p 00000000 00:00 0                                  [heap]
c2a00000-c5380000 rw-p 00000000 00:00 0 
c5380000-eb900000 ---p 00000000 00:00 0 
eb900000-f3a00000 rw-p 00000000 00:00 0 
fb100000-100000000 ---p 00000000 00:00 0 
100000000-1001c0000 rw-p 00000000 00:00 0 
1001c0000-140000000 ---p 00000000 00:00 0 
7f7564000000-7f7564021000 rw-p 00000000 00:00 0 
7f7564021000-7f7568000000 ---p 00000000 00:00 0 
7f7568000000-7f7568021000 rw-p 00000000 00:00 0 
7f7568021000-7f756c000000 ---p 00000000 00:00 0 
7f756c000000-7f756c021000 rw-p 00000000 00:00 0 
7f756c021000-7f7570000000 ---p 00000000 00:00 0 
7f7570000000-7f757003b000 rw-p 00000000 00:00 0 
7f757003b000-7f7574000000 ---p 00000000 00:00 0 
7f7574000000-7f7574021000 rw-p 00000000 00:00 0 
7f7574021000-7f7578000000 ---p 00000000 00:00 0 
7f7578000000-7f7578021000 rw-p 00000000 00:00 0 
7f7578021000-7f757c000000 ---p 00000000 00:00 0 
7f757c000000-7f757c021000 rw-p 00000000 00:00 0 
7f757c021000-7f7580000000 ---p 00000000 00:00 0 
7f7580000000-7f7580021000 rw-p 00000000 00:00 0 
7f7580021000-7f7584000000 ---p 00000000 00:00 0 
7f7584000000-7f7584021000 rw-p 00000000 00:00 0 
7f7584021000-7f7588000000 ---p 00000000 00:00 0 
7f7588000000-7f7588021000 rw-p 00000000 00:00 0 
7f7588021000-7f758c000000 ---p 00000000 00:00 0 
7f758c000000-7f758c021000 rw-p 00000000 00:00 0 
7f758c021000-7f7590000000 ---p 00000000 00:00 0 
7f7590000000-7f7590021000 rw-p 00000000 00:00 0 
7f7590021000-7f7594000000 ---p 00000000 00:00 0 
7f7594000000-7f7594021000 rw-p 00000000 00:00 0 
7f7594021000-7f7598000000 ---p 00000000 00:00 0 
7f7598000000-7f7598021000 rw-p 00000000 00:00 0 
7f7598021000-7f759c000000 ---p 00000000 00:00 0 
7f759c000000-7f759c021000 rw-p 00000000 00:00 0 
7f759c021000-7f75a0000000 ---p 00000000 00:00 0 
7f75a0000000-7f75a0021000 rw-p 00000000 00:00 0 
7f75a0021000-7f75a4000000 ---p 00000000 00:00 0 
7f75a4000000-7f75a4021000 rw-p 00000000 00:00 0 
7f75a4021000-7f75a8000000 ---p 00000000 00:00 0 
7f75a8000000-7f75a8021000 rw-p 00000000 00:00 0 
7f75a8021000-7f75ac000000 ---p 00000000 00:00 0 
7f75acdff000-7f75acebf000 rw-p 00000000 00:00 0 
7f75acebf000-7f75acfff000 ---p 00000000 00:00 0 
7f75acfff000-7f75b0000000 rw-p 00000000 00:00 0 
7f75b0000000-7f75b0a37000 rw-p 00000000 00:00 0 
7f75b0a37000-7f75b4000000 ---p 00000000 00:00 0 
7f75b4000000-7f75b4021000 rw-p 00000000 00:00 0 
7f75b4021000-7f75b8000000 ---p 00000000 00:00 0 
7f75b8000000-7f75b8dfc000 rw-p 00000000 00:00 0 
7f75b8dfc000-7f75bc000000 ---p 00000000 00:00 0 
7f75bc000000-7f75bce1a000 rw-p 00000000 00:00 0 
7f75bce1a000-7f75c0000000 ---p 00000000 00:00 0 
7f75c0000000-7f75c0021000 rw-p 00000000 00:00 0 
7f75c0021000-7f75c4000000 ---p 00000000 00:00 0 
7f75c4000000-7f75c4021000 rw-p 00000000 00:00 0 
7f75c4021000-7f75c8000000 ---p 00000000 00:00 0 
7f75c8000000-7f75c82a3000 rw-p 00000000 00:00 0 
7f75c82a3000-7f75cc000000 ---p 00000000 00:00 0 
7f75cc000000-7f75cc021000 rw-p 00000000 00:00 0 
7f75cc021000-7f75d0000000 ---p 00000000 00:00 0 
7f75d0000000-7f75d0021000 rw-p 00000000 00:00 0 
7f75d0021000-7f75d4000000 ---p 00000000 00:00 0 
7f75d4000000-7f75d4021000 rw-p 00000000 00:00 0 
7f75d4021000-7f75d8000000 ---p 00000000 00:00 0 
7f75d8000000-7f75d8021000 rw-p 00000000 00:00 0 
7f75d8021000-7f75dc000000 ---p 00000000 00:00 0 
7f75dc1f0000-7f75dc3f0000 rw-p 00000000 00:00 0 
7f75dc3f0000-7f75dc3f3000 ---p 00000000 00:00 0 
7f75dc3f3000-7f75dc4f1000 rw-p 00000000 00:00 0 
7f75dc4f1000-7f75dc4f4000 ---p 00000000 00:00 0 
7f75dc4f4000-7f75dc5f2000 rw-p 00000000 00:00 0 
7f75dc5f2000-7f75dc5f5000 ---p 00000000 00:00 0 
7f75dc5f5000-7f75dc6f3000 rw-p 00000000 00:00 0 
7f75dc6f3000-7f75dc6f6000 ---p 00000000 00:00 0 
7f75dc6f6000-7f75dc7f4000 rw-p 00000000 00:00 0 
7f75dc7f4000-7f75dc7f7000 ---p 00000000 00:00 0 
7f75dc7f7000-7f75dc8f5000 rw-p 00000000 00:00 0 
7f75dc8f5000-7f75dc8f8000 ---p 00000000 00:00 0 
7f75dc8f8000-7f75dc9f6000 rw-p 00000000 00:00 0 
7f75dc9f6000-7f75dc9f9000 ---p 00000000 00:00 0 
7f75dc9f9000-7f75dcaf7000 rw-p 00000000 00:00 0 
7f75dcaf7000-7f75dcafa000 ---p 00000000 00:00 0 
7f75dcafa000-7f75dcbf8000 rw-p 00000000 00:00 0 
7f75dcbf8000-7f75dcbfb000 ---p 00000000 00:00 0 
7f75dcbfb000-7f75dccf9000 rw-p 00000000 00:00 0 
7f75dccf9000-7f75dccfc000 ---p 00000000 00:00 0 
7f75dccfc000-7f75dcdfa000 rw-p 00000000 00:00 0 
7f75dcdfa000-7f75dcdfd000 ---p 00000000 00:00 0 
7f75dcdfd000-7f75dcefb000 rw-p 00000000 00:00 0 
7f75dcefb000-7f75dcefe000 ---p 00000000 00:00 0 
7f75dcefe000-7f75dcffc000 rw-p 00000000 00:00 0 
7f75dcffc000-7f75dcfff000 ---p 00000000 00:00 0 
7f75dcfff000-7f75dd0fd000 rw-p 00000000 00:00 0 
7f75dd0fd000-7f75dd100000 ---p 00000000 00:00 0 
7f75dd100000-7f75dd1fe000 rw-p 00000000 00:00 0 
7f75dd1fe000-7f75dd201000 ---p 00000000 00:00 0 
7f75dd201000-7f75dd4ff000 rw-p 00000000 00:00 0 
7f75dd4ff000-7f75dd502000 ---p 00000000 00:00 0 
7f75dd502000-7f75dd600000 rw-p 00000000 00:00 0 
7f75dd600000-7f75dd603000 ---p 00000000 00:00 0 
7f75dd603000-7f75dd701000 rw-p 00000000 00:00 0 
7f75dd701000-7f75dd704000 ---p 00000000 00:00 0 
7f75dd704000-7f75dd802000 rw-p 00000000 00:00 0 
7f75dd802000-7f75dd818000 r-xp 00000000 08:01 656512                     /usr/lib/jdk/jdk1.8.0_201/jre/lib/amd64/libnet.so
7f75dd818000-7f75dda18000 ---p 00016000 08:01 656512                     /usr/lib/jdk/jdk1.8.0_201/jre/lib/amd64/libnet.so
7f75dda18000-7f75dda19000 r--p 00016000 08:01 656512                     /usr/lib/jdk/jdk1.8.0_201/jre/lib/amd64/libnet.so
7f75dda19000-7f75dda1a000 rw-p 00017000 08:01 656512                     /usr/lib/jdk/jdk1.8.0_201/jre/lib/amd64/libnet.so
7f75dda1a000-7f75ddc4b000 r--s 01bb1000 08:01 403225                     /home/hewitt/work/DiffTGen-master/lib/evosuite-1.0.6.jar
7f75ddc4b000-7f75ddc4c000 ---p 00000000 00:00 0 
7f75ddc4c000-7f75ddd4c000 rw-p 00000000 00:00 0 
7f75ddd4c000-7f75ddd4f000 ---p 00000000 00:00 0 
7f75ddd4f000-7f75dde4d000 rw-p 00000000 00:00 0 
7f75dde4d000-7f75dde50000 ---p 00000000 00:00 0 
7f75dde50000-7f75ddf4e000 rw-p 00000000 00:00 0 
7f75ddf4e000-7f75ddf51000 ---p 00000000 00:00 0 
7f75ddf51000-7f75de04f000 rw-p 00000000 00:00 0 
7f75de04f000-7f75de052000 ---p 00000000 00:00 0 
7f75de052000-7f75e0000000 rw-p 00000000 00:00 0 
7f75e0000000-7f75e0021000 rw-p 00000000 00:00 0 
7f75e0021000-7f75e4000000 ---p 00000000 00:00 0 
7f75e401f000-7f75e403b000 r--s 00393000 08:01 656354                     /usr/lib/jdk/jdk1.8.0_201/jre/lib/ext/cldrdata.jar
7f75e403b000-7f75e403e000 ---p 00000000 00:00 0 
7f75e403e000-7f75e413c000 rw-p 00000000 00:00 0 
7f75e413c000-7f75e4afb000 r--p 00000000 08:01 270368                     /usr/lib/locale/locale-archive
7f75e4afb000-7f75e4afe000 ---p 00000000 00:00 0 
7f75e4afe000-7f75e4bfc000 rw-p 00000000 00:00 0 
7f75e4bfc000-7f75e4bff000 ---p 00000000 00:00 0 
7f75e4bff000-7f75e4cfd000 rw-p 00000000 00:00 0 
7f75e4cfd000-7f75e4cfe000 ---p 00000000 00:00 0 
7f75e4cfe000-7f75e5000000 rw-p 00000000 00:00 0 
7f75e5000000-7f75e56f0000 rwxp 00000000 00:00 0 
7f75e56f0000-7f75f4000000 ---p 00000000 00:00 0 
7f75f4000000-7f75f44c7000 rw-p 00000000 00:00 0 
7f75f44c7000-7f75f8000000 ---p 00000000 00:00 0 
7f75f8004000-7f75f8017000 r--s 00345000 08:01 656331                     /usr/lib/jdk/jdk1.8.0_201/jre/lib/resources.jar
7f75f8017000-7f75f801a000 ---p 00000000 00:00 0 
7f75f801a000-7f75f8050000 rw-p 00000000 00:00 0 
7f75f8050000-7f75f80c9000 r--s 010fd000 08:01 654900                     /usr/lib/jdk/jdk1.8.0_201/lib/tools.jar
7f75f80c9000-7f75f8dd6000 rw-p 00000000 00:00 0 
7f75f8dd6000-7f75f8fb0000 r--s 03d6f000 08:01 656293                     /usr/lib/jdk/jdk1.8.0_201/jre/lib/rt.jar
7f75f8fb0000-7f75f9a11000 rw-p 00000000 00:00 0 
7f75f9a11000-7f75f9a12000 ---p 00000000 00:00 0 
7f75f9a12000-7f75f9b12000 rw-p 00000000 00:00 0 
7f75f9b12000-7f75f9b13000 ---p 00000000 00:00 0 
7f75f9b13000-7f75f9c13000 rw-p 00000000 00:00 0 
7f75f9c13000-7f75f9c14000 ---p 00000000 00:00 0 
7f75f9c14000-7f75f9d14000 rw-p 00000000 00:00 0 
7f75f9d14000-7f75f9d15000 ---p 00000000 00:00 0 
7f75f9d15000-7f75f9e2a000 rw-p 00000000 00:00 0 
7f75f9e2a000-7f75f9f5d000 ---p 00000000 00:00 0 
7f75f9f5d000-7f75f9f72000 rw-p 00000000 00:00 0 
7f75f9f72000-7f75fa0a4000 ---p 00000000 00:00 0 
7f75fa0a4000-7f75fa0e5000 rw-p 00000000 00:00 0 
7f75fa0e5000-7f75fa148000 ---p 00000000 00:00 0 
7f75fa148000-7f75fa165000 rw-p 00000000 00:00 0 
7f75fa165000-7f75fa509000 ---p 00000000 00:00 0 
7f75fa509000-7f75fa524000 r-xp 00000000 08:01 656508                     /usr/lib/jdk/jdk1.8.0_201/jre/lib/amd64/libzip.so
7f75fa524000-7f75fa723000 ---p 0001b000 08:01 656508                     /usr/lib/jdk/jdk1.8.0_201/jre/lib/amd64/libzip.so
7f75fa723000-7f75fa724000 r--p 0001a000 08:01 656508                     /usr/lib/jdk/jdk1.8.0_201/jre/lib/amd64/libzip.so
7f75fa724000-7f75fa725000 rw-p 0001b000 08:01 656508                     /usr/lib/jdk/jdk1.8.0_201/jre/lib/amd64/libzip.so
7f75fa725000-7f75fa730000 r-xp 00000000 08:01 658902                     /lib/x86_64-linux-gnu/libnss_files-2.23.so
7f75fa730000-7f75fa92f000 ---p 0000b000 08:01 658902                     /lib/x86_64-linux-gnu/libnss_files-2.23.so
7f75fa92f000-7f75fa930000 r--p 0000a000 08:01 658902                     /lib/x86_64-linux-gnu/libnss_files-2.23.so
7f75fa930000-7f75fa931000 rw-p 0000b000 08:01 658902                     /lib/x86_64-linux-gnu/libnss_files-2.23.so
7f75fa931000-7f75fa937000 rw-p 00000000 00:00 0 
7f75fa937000-7f75fa942000 r-xp 00000000 08:01 658912                     /lib/x86_64-linux-gnu/libnss_nis-2.23.so
7f75fa942000-7f75fab41000 ---p 0000b000 08:01 658912                     /lib/x86_64-linux-gnu/libnss_nis-2.23.so
7f75fab41000-7f75fab42000 r--p 0000a000 08:01 658912                     /lib/x86_64-linux-gnu/libnss_nis-2.23.so
7f75fab42000-7f75fab43000 rw-p 0000b000 08:01 658912                     /lib/x86_64-linux-gnu/libnss_nis-2.23.so
7f75fab43000-7f75fab59000 r-xp 00000000 08:01 658896                     /lib/x86_64-linux-gnu/libnsl-2.23.so
7f75fab59000-7f75fad58000 ---p 00016000 08:01 658896                     /lib/x86_64-linux-gnu/libnsl-2.23.so
7f75fad58000-7f75fad59000 r--p 00015000 08:01 658896                     /lib/x86_64-linux-gnu/libnsl-2.23.so
7f75fad59000-7f75fad5a000 rw-p 00016000 08:01 658896                     /lib/x86_64-linux-gnu/libnsl-2.23.so
7f75fad5a000-7f75fad5c000 rw-p 00000000 00:00 0 
7f75fad5c000-7f75fad64000 r-xp 00000000 08:01 658898                     /lib/x86_64-linux-gnu/libnss_compat-2.23.so
7f75fad64000-7f75faf63000 ---p 00008000 08:01 658898                     /lib/x86_64-linux-gnu/libnss_compat-2.23.so
7f75faf63000-7f75faf64000 r--p 00007000 08:01 658898                     /lib/x86_64-linux-gnu/libnss_compat-2.23.so
7f75faf64000-7f75faf65000 rw-p 00008000 08:01 658898                     /lib/x86_64-linux-gnu/libnss_compat-2.23.so
7f75faf65000-7f75faf91000 r-xp 00000000 08:01 656502                     /usr/lib/jdk/jdk1.8.0_201/jre/lib/amd64/libjava.so
7f75faf91000-7f75fb191000 ---p 0002c000 08:01 656502                     /usr/lib/jdk/jdk1.8.0_201/jre/lib/amd64/libjava.so
7f75fb191000-7f75fb192000 r--p 0002c000 08:01 656502                     /usr/lib/jdk/jdk1.8.0_201/jre/lib/amd64/libjava.so
7f75fb192000-7f75fb194000 rw-p 0002d000 08:01 656502                     /usr/lib/jdk/jdk1.8.0_201/jre/lib/amd64/libjava.so
7f75fb194000-7f75fb1a1000 r-xp 00000000 08:01 656507                     /usr/lib/jdk/jdk1.8.0_201/jre/lib/amd64/libverify.so
7f75fb1a1000-7f75fb3a0000 ---p 0000d000 08:01 656507                     /usr/lib/jdk/jdk1.8.0_201/jre/lib/amd64/libverify.so
7f75fb3a0000-7f75fb3a2000 r--p 0000c000 08:01 656507                     /usr/lib/jdk/jdk1.8.0_201/jre/lib/amd64/libverify.so
7f75fb3a2000-7f75fb3a3000 rw-p 0000e000 08:01 656507                     /usr/lib/jdk/jdk1.8.0_201/jre/lib/amd64/libverify.so
7f75fb3a3000-7f75fb3aa000 r-xp 00000000 08:01 658957                     /lib/x86_64-linux-gnu/librt-2.23.so
7f75fb3aa000-7f75fb5a9000 ---p 00007000 08:01 658957                     /lib/x86_64-linux-gnu/librt-2.23.so
7f75fb5a9000-7f75fb5aa000 r--p 00006000 08:01 658957                     /lib/x86_64-linux-gnu/librt-2.23.so
7f75fb5aa000-7f75fb5ab000 rw-p 00007000 08:01 658957                     /lib/x86_64-linux-gnu/librt-2.23.so
7f75fb5ab000-7f75fb6b3000 r-xp 00000000 08:01 658873                     /lib/x86_64-linux-gnu/libm-2.23.so
7f75fb6b3000-7f75fb8b2000 ---p 00108000 08:01 658873                     /lib/x86_64-linux-gnu/libm-2.23.so
7f75fb8b2000-7f75fb8b3000 r--p 00107000 08:01 658873                     /lib/x86_64-linux-gnu/libm-2.23.so
7f75fb8b3000-7f75fb8b4000 rw-p 00108000 08:01 658873                     /lib/x86_64-linux-gnu/libm-2.23.so
7f75fb8b4000-7f75fc59c000 r-xp 00000000 08:01 656484                     /usr/lib/jdk/jdk1.8.0_201/jre/lib/amd64/server/libjvm.so
7f75fc59c000-7f75fc79b000 ---p 00ce8000 08:01 656484                     /usr/lib/jdk/jdk1.8.0_201/jre/lib/amd64/server/libjvm.so
7f75fc79b000-7f75fc831000 r--p 00ce7000 08:01 656484                     /usr/lib/jdk/jdk1.8.0_201/jre/lib/amd64/server/libjvm.so
7f75fc831000-7f75fc862000 rw-p 00d7d000 08:01 656484                     /usr/lib/jdk/jdk1.8.0_201/jre/lib/amd64/server/libjvm.so
7f75fc862000-7f75fc89d000 rw-p 00000000 00:00 0 
7f75fc89d000-7f75fca5d000 r-xp 00000000 08:01 658803                     /lib/x86_64-linux-gnu/libc-2.23.so
7f75fca5d000-7f75fcc5d000 ---p 001c0000 08:01 658803                     /lib/x86_64-linux-gnu/libc-2.23.so
7f75fcc5d000-7f75fcc61000 r--p 001c0000 08:01 658803                     /lib/x86_64-linux-gnu/libc-2.23.so
7f75fcc61000-7f75fcc63000 rw-p 001c4000 08:01 658803                     /lib/x86_64-linux-gnu/libc-2.23.so
7f75fcc63000-7f75fcc67000 rw-p 00000000 00:00 0 
7f75fcc67000-7f75fcc6a000 r-xp 00000000 08:01 658827                     /lib/x86_64-linux-gnu/libdl-2.23.so
7f75fcc6a000-7f75fce69000 ---p 00003000 08:01 658827                     /lib/x86_64-linux-gnu/libdl-2.23.so
7f75fce69000-7f75fce6a000 r--p 00002000 08:01 658827                     /lib/x86_64-linux-gnu/libdl-2.23.so
7f75fce6a000-7f75fce6b000 rw-p 00003000 08:01 658827                     /lib/x86_64-linux-gnu/libdl-2.23.so
7f75fce6b000-7f75fce82000 r-xp 00000000 08:01 656155                     /usr/lib/jdk/jdk1.8.0_201/lib/amd64/jli/libjli.so
7f75fce82000-7f75fd081000 ---p 00017000 08:01 656155                     /usr/lib/jdk/jdk1.8.0_201/lib/amd64/jli/libjli.so
7f75fd081000-7f75fd082000 r--p 00016000 08:01 656155                     /usr/lib/jdk/jdk1.8.0_201/lib/amd64/jli/libjli.so
7f75fd082000-7f75fd083000 rw-p 00017000 08:01 656155                     /usr/lib/jdk/jdk1.8.0_201/lib/amd64/jli/libjli.so
7f75fd083000-7f75fd09b000 r-xp 00000000 08:01 658949                     /lib/x86_64-linux-gnu/libpthread-2.23.so
7f75fd09b000-7f75fd29a000 ---p 00018000 08:01 658949                     /lib/x86_64-linux-gnu/libpthread-2.23.so
7f75fd29a000-7f75fd29b000 r--p 00017000 08:01 658949                     /lib/x86_64-linux-gnu/libpthread-2.23.so
7f75fd29b000-7f75fd29c000 rw-p 00018000 08:01 658949                     /lib/x86_64-linux-gnu/libpthread-2.23.so
7f75fd29c000-7f75fd2a0000 rw-p 00000000 00:00 0 
7f75fd2a0000-7f75fd2c6000 r-xp 00000000 08:01 658775                     /lib/x86_64-linux-gnu/ld-2.23.so
7f75fd2d1000-7f75fd2db000 r--s 00116000 08:01 656361                     /usr/lib/jdk/jdk1.8.0_201/jre/lib/ext/localedata.jar
7f75fd2db000-7f75fd2ea000 r--s 000ad000 08:01 960413                     /home/hewitt/work/DiffTGen-master/output/patch3-Math-80-CapGen-plausible/Math_80_3-plausible_capgen/target/build/classes/all0.jar
7f75fd2ea000-7f75fd3a8000 rw-p 00000000 00:00 0 
7f75fd3a8000-7f75fd3ab000 ---p 00000000 00:00 0 
7f75fd3ab000-7f75fd4ae000 rw-p 00000000 00:00 0 
7f75fd4ae000-7f75fd4b2000 r--s 000a1000 08:01 656350                     /usr/lib/jdk/jdk1.8.0_201/jre/lib/jsse.jar
7f75fd4b2000-7f75fd4ba000 r--s 0006e000 08:01 398946                     /home/hewitt/work/DiffTGen-master/lib/commons-lang3-3.5.jar
7f75fd4ba000-7f75fd4bb000 r--s 00000000 08:01 398951                     /home/hewitt/work/DiffTGen-master/lib/myprinter.jar
7f75fd4bb000-7f75fd4c3000 rw-s 00000000 08:01 150629                     /tmp/hsperfdata_hewitt/38600
7f75fd4c3000-7f75fd4c4000 rw-p 00000000 00:00 0 
7f75fd4c4000-7f75fd4c5000 ---p 00000000 00:00 0 
7f75fd4c5000-7f75fd4c6000 r--p 00025000 08:01 658775                     /lib/x86_64-linux-gnu/ld-2.23.so
7f75fd4c6000-7f75fd4c7000 rw-p 00026000 08:01 658775                     /lib/x86_64-linux-gnu/ld-2.23.so
7f75fd4c7000-7f75fd4c8000 rw-p 00000000 00:00 0 
7ffc878ff000-7ffc87921000 rw-p 00000000 00:00 0                          [stack]
7ffc879e3000-7ffc879e6000 r--p 00000000 00:00 0                          [vvar]
7ffc879e6000-7ffc879e8000 r-xp 00000000 00:00 0                          [vdso]
ffffffffff600000-ffffffffff601000 r-xp 00000000 00:00 0                  [vsyscall]

VM Arguments:
java_command: /home/hewitt/work/DiffTGen-master/lib/evosuite-1.0.6.jar -base_dir /home/hewitt/work/DiffTGen-master/output/patch3-Math-80-CapGen-plausible/Math_80_3-plausible_capgen/target/0/10 -projectCP /home/hewitt/work/DiffTGen-master/output/patch3-Math-80-CapGen-plausible/Math_80_3-plausible_capgen/target/build/classes/all0.jar:/home/hewitt/work/DiffTGen-master/lib/myprinter.jar:/home/hewitt/work/DiffTGen-master/lib/commons-lang3-3.5.jar -class org.apache.commons.math.linear.EigenDecompositionImpl -Dassertions=false -Dsearch_budget=60
java_class_path (initial): /home/hewitt/work/DiffTGen-master/lib/evosuite-1.0.6.jar
Launcher Type: SUN_STANDARD

Environment Variables:
JAVA_HOME=/usr/lib/jdk/jdk1.8.0_201
JRE_HOME=/usr/lib/jdk/jdk1.8.0_201/jre
CLASSPATH=.:/usr/lib/jdk/jdk1.8.0_201/lib:/usr/lib/jdk/jdk1.8.0_201/jre/lib
PATH=/usr/lib/jdk/jdk1.8.0_201/bin:/home/hewitt/bin:/home/hewitt/.local/bin:/usr/lib/jdk/jdk1.7.0_80/bin:/usr/local/sbin:/usr/local/bin:/usr/sbin:/usr/bin:/sbin:/bin:/usr/games:/usr/local/games:/snap/bin:/home/hewitt/work/defects4j_v1.4.0/defects4j/framework/bin:/opt/apache-ant-1.9.14/bin:/home/hewitt/work/defects4j_v1.4.0/defects4j/framework/bin
SHELL=/bin/bash
DISPLAY=:0

Signal Handlers:
SIGSEGV: [libjvm.so+0xad3e60], sa_mask[0]=11111111011111111101111111111110, sa_flags=SA_RESTART|SA_SIGINFO
SIGBUS: [libjvm.so+0xad3e60], sa_mask[0]=11111111011111111101111111111110, sa_flags=SA_RESTART|SA_SIGINFO
SIGFPE: [libjvm.so+0x90b880], sa_mask[0]=11111111011111111101111111111110, sa_flags=SA_RESTART|SA_SIGINFO
SIGPIPE: [libjvm.so+0x90b880], sa_mask[0]=11111111011111111101111111111110, sa_flags=SA_RESTART|SA_SIGINFO
SIGXFSZ: [libjvm.so+0x90b880], sa_mask[0]=11111111011111111101111111111110, sa_flags=SA_RESTART|SA_SIGINFO
SIGILL: [libjvm.so+0x90b880], sa_mask[0]=11111111011111111101111111111110, sa_flags=SA_RESTART|SA_SIGINFO
SIGUSR1: SIG_DFL, sa_mask[0]=00000000000000000000000000000000, sa_flags=none
SIGUSR2: [libjvm.so+0x90b750], sa_mask[0]=00100000000000000000000000000000, sa_flags=SA_RESTART|SA_SIGINFO
SIGHUP: [libjvm.so+0x90bd70], sa_mask[0]=11111111011111111101111111111110, sa_flags=SA_RESTART|SA_SIGINFO
SIGINT: [libjvm.so+0x90bd70], sa_mask[0]=11111111011111111101111111111110, sa_flags=SA_RESTART|SA_SIGINFO
SIGTERM: [libjvm.so+0x90bd70], sa_mask[0]=11111111011111111101111111111110, sa_flags=SA_RESTART|SA_SIGINFO
SIGQUIT: [libjvm.so+0x90bd70], sa_mask[0]=11111111011111111101111111111110, sa_flags=SA_RESTART|SA_SIGINFO


---------------  S Y S T E M  ---------------

OS:DISTRIB_ID=Ubuntu
DISTRIB_RELEASE=16.04
DISTRIB_CODENAME=xenial
DISTRIB_DESCRIPTION="Ubuntu 16.04.6 LTS"

uname:Linux 4.15.0-91-generic #92~16.04.1-Ubuntu SMP Fri Feb 28 14:57:22 UTC 2020 x86_64
libc:glibc 2.23 NPTL 2.23 
rlimit: STACK 8192k, CORE 0k, NPROC 15448, NOFILE 1048576, AS infinity
load average:19.78 13.48 12.56

/proc/meminfo:
MemTotal:        4015928 kB
MemFree:           98364 kB
MemAvailable:       1404 kB
Buffers:             412 kB
Cached:            13704 kB
SwapCached:         6716 kB
Active:          2898508 kB
Inactive:         584208 kB
Active(anon):    2891380 kB
Inactive(anon):   577856 kB
Active(file):       7128 kB
Inactive(file):     6352 kB
Unevictable:          48 kB
Mlocked:              48 kB
SwapTotal:        998396 kB
SwapFree:            888 kB
Dirty:                48 kB
Writeback:          1124 kB
AnonPages:       3462240 kB
Mapped:            11288 kB
Shmem:               464 kB
Slab:              91508 kB
SReclaimable:      33540 kB
SUnreclaim:        57968 kB
KernelStack:       16096 kB
PageTables:        42412 kB
NFS_Unstable:          0 kB
Bounce:                0 kB
WritebackTmp:          0 kB
CommitLimit:     3006360 kB
Committed_AS:    8997072 kB
VmallocTotal:   34359738367 kB
VmallocUsed:           0 kB
VmallocChunk:          0 kB
HardwareCorrupted:     0 kB
AnonHugePages:         0 kB
ShmemHugePages:        0 kB
ShmemPmdMapped:        0 kB
CmaTotal:              0 kB
CmaFree:               0 kB
HugePages_Total:       0
HugePages_Free:        0
HugePages_Rsvd:        0
HugePages_Surp:        0
Hugepagesize:       2048 kB
DirectMap4k:       98112 kB
DirectMap2M:     4096000 kB
DirectMap1G:     2097152 kB

container (cgroup) information:
container_type: cgroupv1
cpu_cpuset_cpus: 0-3
cpu_memory_nodes: 0
active_processor_count: 4
cpu_quota: -1
cpu_period: 100000
cpu_shares: -1
memory_limit_in_bytes: -1
memory_and_swap_limit_in_bytes: -2
memory_soft_limit_in_bytes: -1
memory_usage_in_bytes: 3571019776
memory_max_usage_in_bytes: 20938752


CPU:total 4 (initial active 4) (2 cores per cpu, 1 threads per core) family 6 model 158 stepping 9, cmov, cx8, fxsr, mmx, sse, sse2, sse3, ssse3, sse4.1, sse4.2, popcnt, avx, avx2, aes, clmul, erms, 3dnowpref, lzcnt, tsc, tscinvbit, bmi1, bmi2, adx

/proc/cpuinfo:
processor	: 0
vendor_id	: GenuineIntel
cpu family	: 6
model		: 158
model name	: Intel(R) Core(TM) i7-7700HQ CPU @ 2.80GHz
stepping	: 9
microcode	: 0xb4
cpu MHz		: 2808.002
cache size	: 6144 KB
physical id	: 0
siblings	: 2
core id		: 0
cpu cores	: 2
apicid		: 0
initial apicid	: 0
fpu		: yes
fpu_exception	: yes
cpuid level	: 22
wp		: yes
flags		: fpu vme de pse tsc msr pae mce cx8 apic sep mtrr pge mca cmov pat pse36 clflush mmx fxsr sse sse2 ss ht syscall nx pdpe1gb rdtscp lm constant_tsc arch_perfmon nopl xtopology tsc_reliable nonstop_tsc cpuid pni pclmulqdq ssse3 fma cx16 pcid sse4_1 sse4_2 x2apic movbe popcnt tsc_deadline_timer aes xsave avx f16c rdrand hypervisor lahf_lm abm 3dnowprefetch cpuid_fault invpcid_single pti ssbd ibrs ibpb stibp fsgsbase tsc_adjust bmi1 avx2 smep bmi2 invpcid mpx rdseed adx smap clflushopt xsaveopt xsavec xsaves arat md_clear flush_l1d arch_capabilities
bugs		: cpu_meltdown spectre_v1 spectre_v2 spec_store_bypass l1tf mds swapgs itlb_multihit
bogomips	: 5616.00
clflush size	: 64
cache_alignment	: 64
address sizes	: 43 bits physical, 48 bits virtual
power management:

processor	: 1
vendor_id	: GenuineIntel
cpu family	: 6
model		: 158
model name	: Intel(R) Core(TM) i7-7700HQ CPU @ 2.80GHz
stepping	: 9
microcode	: 0xb4
cpu MHz		: 2808.002
cache size	: 6144 KB
physical id	: 0
siblings	: 2
core id		: 1
cpu cores	: 2
apicid		: 1
initial apicid	: 1
fpu		: yes
fpu_exception	: yes
cpuid level	: 22
wp		: yes
flags		: fpu vme de pse tsc msr pae mce cx8 apic sep mtrr pge mca cmov pat pse36 clflush mmx fxsr sse sse2 ss ht syscall nx pdpe1gb rdtscp lm constant_tsc arch_perfmon nopl xtopology tsc_reliable nonstop_tsc cpuid pni pclmulqdq ssse3 fma cx16 pcid sse4_1 sse4_2 x2apic movbe popcnt tsc_deadline_timer aes xsave avx f16c rdrand hypervisor lahf_lm abm 3dnowprefetch cpuid_fault invpcid_single pti ssbd ibrs ibpb stibp fsgsbase tsc_adjust bmi1 avx2 smep bmi2 invpcid mpx rdseed adx smap clflushopt xsaveopt xsavec xsaves arat md_clear flush_l1d arch_capabilities
bugs		: cpu_meltdown spectre_v1 spectre_v2 spec_store_bypass l1tf mds swapgs itlb_multihit
bogomips	: 5616.00
clflush size	: 64
cache_alignment	: 64
address sizes	: 43 bits physical, 48 bits virtual
power management:

processor	: 2
vendor_id	: GenuineIntel
cpu family	: 6
model		: 158
model name	: Intel(R) Core(TM) i7-7700HQ CPU @ 2.80GHz
stepping	: 9
microcode	: 0xb4
cpu MHz		: 2808.002
cache size	: 6144 KB
physical id	: 1
siblings	: 2
core id		: 0
cpu cores	: 2
apicid		: 2
initial apicid	: 2
fpu		: yes
fpu_exception	: yes
cpuid level	: 22
wp		: yes
flags		: fpu vme de pse tsc msr pae mce cx8 apic sep mtrr pge mca cmov pat pse36 clflush mmx fxsr sse sse2 ss ht syscall nx pdpe1gb rdtscp lm constant_tsc arch_perfmon nopl xtopology tsc_reliable nonstop_tsc cpuid pni pclmulqdq ssse3 fma cx16 pcid sse4_1 sse4_2 x2apic movbe popcnt tsc_deadline_timer aes xsave avx f16c rdrand hypervisor lahf_lm abm 3dnowprefetch cpuid_fault invpcid_single pti ssbd ibrs ibpb stibp fsgsbase tsc_adjust bmi1 avx2 smep bmi2 invpcid mpx rdseed adx smap clflushopt xsaveopt xsavec xsaves arat md_clear flush_l1d arch_capabilities
bugs		: cpu_meltdown spectre_v1 spectre_v2 spec_store_bypass l1tf mds swapgs itlb_multihit
bogomips	: 5616.00
clflush size	: 64
cache_alignment	: 64
address sizes	: 43 bits physical, 48 bits virtual
power management:

processor	: 3
vendor_id	: GenuineIntel
cpu family	: 6
model		: 158
model name	: Intel(R) Core(TM) i7-7700HQ CPU @ 2.80GHz
stepping	: 9
microcode	: 0xb4
cpu MHz		: 2808.002
cache size	: 6144 KB
physical id	: 1
siblings	: 2
core id		: 1
cpu cores	: 2
apicid		: 3
initial apicid	: 3
fpu		: yes
fpu_exception	: yes
cpuid level	: 22
wp		: yes
flags		: fpu vme de pse tsc msr pae mce cx8 apic sep mtrr pge mca cmov pat pse36 clflush mmx fxsr sse sse2 ss ht syscall nx pdpe1gb rdtscp lm constant_tsc arch_perfmon nopl xtopology tsc_reliable nonstop_tsc cpuid pni pclmulqdq ssse3 fma cx16 pcid sse4_1 sse4_2 x2apic movbe popcnt tsc_deadline_timer aes xsave avx f16c rdrand hypervisor lahf_lm abm 3dnowprefetch cpuid_fault invpcid_single pti ssbd ibrs ibpb stibp fsgsbase tsc_adjust bmi1 avx2 smep bmi2 invpcid mpx rdseed adx smap clflushopt xsaveopt xsavec xsaves arat md_clear flush_l1d arch_capabilities
bugs		: cpu_meltdown spectre_v1 spectre_v2 spec_store_bypass l1tf mds swapgs itlb_multihit
bogomips	: 5616.00
clflush size	: 64
cache_alignment	: 64
address sizes	: 43 bits physical, 48 bits virtual
power management:



Memory: 4k page, physical 4015928k(89232k free), swap 998396k(1912k free)

vm_info: Java HotSpot(TM) 64-Bit Server VM (25.201-b09) for linux-amd64 JRE (1.8.0_201-b09), built on Dec 15 2018 11:35:59 by "java_re" with gcc 7.3.0

time: Sun Mar 29 00:12:10 2020
timezone: CST
elapsed time: 43 seconds (0d 0h 0m 43s)

