#
# There is insufficient memory for the Java Runtime Environment to continue.
# Native memory allocation (mmap) failed to map 65536 bytes for committing reserved memory.
# Possible reasons:
#   The system is out of physical RAM or swap space
#   The process is running with CompressedOops enabled, and the Java Heap may be blocking the growth of the native heap
# Possible solutions:
#   Reduce memory load on the system
#   Increase physical memory or swap space
#   Check if swap backing store is full
#   Decrease Java heap size (-Xmx/-Xms)
#   Decrease number of Java threads
#   Decrease Java thread stack sizes (-Xss)
#   Set larger code cache with -XX:ReservedCodeCacheSize=
#   JVM is running with Unscaled Compressed Oops mode in which the Java heap is
#     placed in the first 4GB address space. The Java Heap base address is the
#     maximum limit for the native heap growth. Please use -XX:HeapBaseMinAddress
#     to set the Java Heap base and to place the Java Heap above 4GB virtual address.
# This output file may be truncated or incomplete.
#
#  Out of Memory Error (os_linux.cpp:2749), pid=98303, tid=0x00007f73ab23c700
#
# JRE version: Java(TM) SE Runtime Environment (8.0_201-b09) (build 1.8.0_201-b09)
# Java VM: Java HotSpot(TM) 64-Bit Server VM (25.201-b09 mixed mode linux-amd64 compressed oops)
# Failed to write core dump. Core dumps have been disabled. To enable core dumping, try "ulimit -c unlimited" before starting Java again
#

---------------  T H R E A D  ---------------

Current thread (0x00007f73c4184800):  JavaThread "C2 CompilerThread1" daemon [_thread_in_vm, id=98407, stack(0x00007f73ab13c000,0x00007f73ab23d000)]

Stack: [0x00007f73ab13c000,0x00007f73ab23d000],  sp=0x00007f73ab238650,  free space=1009k
Native frames: (J=compiled Java code, j=interpreted, Vv=VM code, C=native code)
V  [libjvm.so+0xad3525]  VMError::report_and_die()+0x2e5
V  [libjvm.so+0x4e0457]  report_vm_out_of_memory(char const*, int, unsigned long, VMErrorType, char const*)+0x67
V  [libjvm.so+0x9102f0]  os::pd_commit_memory(char*, unsigned long, unsigned long, bool)+0x100
V  [libjvm.so+0x90791f]  os::commit_memory(char*, unsigned long, unsigned long, bool)+0x1f
V  [libjvm.so+0xacfda0]  VirtualSpace::expand_by(unsigned long, bool)+0x140
V  [libjvm.so+0x60b99d]  CodeHeap::expand_by(unsigned long)+0x6d
V  [libjvm.so+0x45a266]  CodeCache::allocate(int, bool)+0x46
V  [libjvm.so+0x453f7a]  BufferBlob::create(char const*, int)+0x8a
V  [libjvm.so+0x45894b]  CodeBuffer::initialize(int, int)+0x1b
V  [libjvm.so+0x928cd7]  Compile::init_buffer(unsigned int*)+0x1c7
V  [libjvm.so+0x92ddd2]  Compile::Output()+0x312
V  [libjvm.so+0x47ec60]  Compile::Code_Gen()+0x2d0
V  [libjvm.so+0x480251]  Compile::Compile(ciEnv*, C2Compiler*, ciMethod*, int, bool, bool, bool)+0xd91
V  [libjvm.so+0x3c4c4a]  C2Compiler::compile_method(ciEnv*, ciMethod*, int)+0xaa
V  [libjvm.so+0x48b84c]  CompileBroker::invoke_compiler_on_method(CompileTask*)+0x73c
V  [libjvm.so+0x48d488]  CompileBroker::compiler_thread_loop()+0x6d8
V  [libjvm.so+0xa7bb6b]  JavaThread::thread_main_inner()+0xdb
V  [libjvm.so+0xa7be71]  JavaThread::run()+0x2d1
V  [libjvm.so+0x90d922]  java_start(Thread*)+0x102
C  [libpthread.so.0+0x76ba]  start_thread+0xca


Current CompileTask:
C2:  37133 1110   !   4       java.io.ObjectInputStream$BlockDataInputStream::readUTFSpan (502 bytes)


---------------  P R O C E S S  ---------------

Java Threads: ( => current thread )
  0x00007f7364002800 JavaThread "RMI TCP Connection(3)-127.0.0.1" daemon [_thread_blocked, id=98776, stack(0x00007f73a9565000,0x00007f73a9666000)]
  0x00007f7364001000 JavaThread "RMI TCP Connection(2)-127.0.0.1" daemon [_thread_blocked, id=98767, stack(0x00007f73a9666000,0x00007f73a9767000)]
  0x00007f733c038000 JavaThread "RMI Scheduler(0)" daemon [_thread_blocked, id=98762, stack(0x00007f73a9767000,0x00007f73a9868000)]
  0x00007f733c030800 JavaThread "RMI RenewClean-[127.0.0.1:15316]" daemon [_thread_blocked, id=98749, stack(0x00007f73a9868000,0x00007f73a9969000)]
  0x00007f7360001000 JavaThread "RMI TCP Connection(1)-127.0.0.1" daemon [_thread_blocked, id=98730, stack(0x00007f73a9969000,0x00007f73a9a6a000)]
  0x00007f7350005000 JavaThread "pool-3-thread-3" [_thread_in_native, id=98682, stack(0x00007f73a9a6a000,0x00007f73a9b6b000)]
  0x00007f7350003000 JavaThread "pool-3-thread-2" [_thread_in_native, id=98676, stack(0x00007f73a9b6b000,0x00007f73a9c6c000)]
  0x00007f7350002000 JavaThread "pool-3-thread-1" [_thread_in_native, id=98673, stack(0x00007f73a9c6c000,0x00007f73a9d6d000)]
  0x00007f73c420f800 JavaThread "Thread-3" [_thread_in_native, id=98509, stack(0x00007f73a9d6d000,0x00007f73a9e6e000)]
  0x00007f73c420e000 JavaThread "Thread-2" [_thread_in_native, id=98504, stack(0x00007f73a9e6e000,0x00007f73a9f6f000)]
  0x00007f73c420d000 JavaThread "process reaper" daemon [_thread_in_native, id=98496, stack(0x00007f73c8038000,0x00007f73c8071000)]
  0x00007f73c43d2000 JavaThread "pool-2-thread-1" [_thread_in_native, id=98470, stack(0x00007f73a9f6f000,0x00007f73aa070000)]
  0x00007f73c43cf800 JavaThread "GC Daemon" daemon [_thread_blocked, id=98469, stack(0x00007f73aa070000,0x00007f73aa171000)]
  0x00007f73c43cd000 JavaThread "RMI Reaper" [_thread_blocked, id=98467, stack(0x00007f73aa171000,0x00007f73aa272000)]
  0x00007f73c43c6000 JavaThread "RMI TCP Accept-13003" daemon [_thread_in_native, id=98461, stack(0x00007f73aa272000,0x00007f73aa373000)]
  0x00007f73c43be800 JavaThread "RMI TCP Accept-16879" daemon [_thread_in_native, id=98452, stack(0x00007f73aa373000,0x00007f73aa474000)]
  0x00007f73c42f2800 JavaThread "logback-3" daemon [_thread_blocked, id=98440, stack(0x00007f73aa6ed000,0x00007f73aa7ee000)]
  0x00007f73c42ef000 JavaThread "logback-2" daemon [_thread_blocked, id=98438, stack(0x00007f73aa7ee000,0x00007f73aa8ef000)]
  0x00007f73c42ed000 JavaThread "logback-1" daemon [_thread_blocked, id=98432, stack(0x00007f73aa8ef000,0x00007f73aa9f0000)]
  0x00007f73c4191000 JavaThread "Service Thread" daemon [_thread_blocked, id=98416, stack(0x00007f73aaf3a000,0x00007f73ab03b000)]
  0x00007f73c4186000 JavaThread "C1 CompilerThread2" daemon [_thread_blocked, id=98408, stack(0x00007f73ab03b000,0x00007f73ab13c000)]
=>0x00007f73c4184800 JavaThread "C2 CompilerThread1" daemon [_thread_in_vm, id=98407, stack(0x00007f73ab13c000,0x00007f73ab23d000)]
  0x00007f73c4181800 JavaThread "C2 CompilerThread0" daemon [_thread_blocked, id=98401, stack(0x00007f73ab23d000,0x00007f73ab33e000)]
  0x00007f73c4180000 JavaThread "Signal Dispatcher" daemon [_thread_blocked, id=98391, stack(0x00007f73ab33e000,0x00007f73ab43f000)]
  0x00007f73c414c000 JavaThread "Finalizer" daemon [_thread_blocked, id=98377, stack(0x00007f73abdfe000,0x00007f73abeff000)]
  0x00007f73c4149800 JavaThread "Reference Handler" daemon [_thread_blocked, id=98367, stack(0x00007f73abeff000,0x00007f73ac000000)]
  0x00007f73c400a800 JavaThread "main" [_thread_in_native, id=98323, stack(0x00007f73ca52a000,0x00007f73ca62b000)]

Other Threads:
  0x00007f73c4140000 VMThread [stack: 0x00007f73b0027000,0x00007f73b0128000] [id=98358]
  0x00007f73c4194000 WatcherThread [stack: 0x00007f73aae39000,0x00007f73aaf3a000] [id=98421]

VM state:synchronizing (normal execution)

VM Mutex/Monitor currently owned by a thread:  ([mutex/lock_event])
[0x00007f73c40063d0] CodeCache_lock - owner thread: 0x00007f73c4184800
[0x00007f73c4007050] Threads_lock - owner thread: 0x00007f73c4140000

heap address: 0x00000000c2a00000, size: 982 MB, Compressed Oops mode: 32-bit
Narrow klass base: 0x0000000000000000, Narrow klass shift: 3
Compressed class space size: 1073741824 Address: 0x0000000100000000

Heap:
 PSYoungGen      total 34304K, used 8186K [0x00000000eb900000, 0x00000000edd00000, 0x0000000100000000)
  eden space 31744K, 25% used [0x00000000eb900000,0x00000000ec0fea80,0x00000000ed800000)
  from space 2560K, 0% used [0x00000000eda80000,0x00000000eda80000,0x00000000edd00000)
  to   space 2560K, 0% used [0x00000000ed800000,0x00000000ed800000,0x00000000eda80000)
 ParOldGen       total 42496K, used 2727K [0x00000000c2a00000, 0x00000000c5380000, 0x00000000eb900000)
  object space 42496K, 6% used [0x00000000c2a00000,0x00000000c2ca9ef0,0x00000000c5380000)
 Metaspace       used 11650K, capacity 11980K, committed 12032K, reserved 1060864K
  class space    used 1405K, capacity 1512K, committed 1536K, reserved 1048576K

Card table byte_map: [0x00007f73b3ff8000,0x00007f73b41e4000] byte_map_base: 0x00007f73b39e3000

Marking Bits: (ParMarkBitMap*) 0x00007f73c9a01d80
 Begin Bits: [0x00007f73b1bfc000, 0x00007f73b2b54000)
 End Bits:   [0x00007f73b2b54000, 0x00007f73b3aac000)

Polling page: 0x00007f73ca646000

CodeCache: size=245760Kb used=3827Kb max_used=3827Kb free=241932Kb
 bounds [0x00007f73b45a4000, 0x00007f73b4964000, 0x00007f73c35a4000]
 total_blobs=1448 nmethods=1113 adapters=247
 compilation: enabled

Compilation events (10 events):
Event: 30.691 Thread 0x00007f73c4186000 nmethod 1109 0x00007f73b495a210 code [0x00007f73b495a400, 0x00007f73b495ac98]
Event: 30.699 Thread 0x00007f73c4184800 1110   !   4       java.io.ObjectInputStream$BlockDataInputStream::readUTFSpan (502 bytes)
Event: 30.699 Thread 0x00007f73c4186000 1111   !   3       java.net.AbstractPlainSocketImpl::acquireFD (29 bytes)
Event: 30.699 Thread 0x00007f73c4186000 nmethod 1111 0x00007f73b4959cd0 code [0x00007f73b4959e40, 0x00007f73b495a130]
Event: 30.708 Thread 0x00007f73c4186000 1112       3       java.lang.reflect.Constructor::setConstructorAccessor (21 bytes)
Event: 30.708 Thread 0x00007f73c4186000 nmethod 1112 0x00007f73b4959690 code [0x00007f73b4959800, 0x00007f73b4959ba8]
Event: 30.708 Thread 0x00007f73c4186000 1113       3       java.lang.reflect.AccessibleObject::setAccessible (21 bytes)
Event: 30.708 Thread 0x00007f73c4186000 nmethod 1113 0x00007f73b4959110 code [0x00007f73b49592a0, 0x00007f73b4959598]
Event: 30.708 Thread 0x00007f73c4186000 1114       3       java.lang.reflect.AccessibleObject::setAccessible0 (42 bytes)
Event: 30.709 Thread 0x00007f73c4186000 nmethod 1114 0x00007f73b4958910 code [0x00007f73b4958aa0, 0x00007f73b4958fc8]

GC Heap History (6 events):
Event: 2.013 GC heap before
{Heap before GC invocations=1 (full 0):
 PSYoungGen      total 18432K, used 15872K [0x00000000eb900000, 0x00000000ecd80000, 0x0000000100000000)
  eden space 15872K, 100% used [0x00000000eb900000,0x00000000ec880000,0x00000000ec880000)
  from space 2560K, 0% used [0x00000000ecb00000,0x00000000ecb00000,0x00000000ecd80000)
  to   space 2560K, 0% used [0x00000000ec880000,0x00000000ec880000,0x00000000ecb00000)
 ParOldGen       total 42496K, used 0K [0x00000000c2a00000, 0x00000000c5380000, 0x00000000eb900000)
  object space 42496K, 0% used [0x00000000c2a00000,0x00000000c2a00000,0x00000000c5380000)
 Metaspace       used 9475K, capacity 9666K, committed 9728K, reserved 1058816K
  class space    used 1137K, capacity 1218K, committed 1280K, reserved 1048576K
Event: 2.049 GC heap after
Heap after GC invocations=1 (full 0):
 PSYoungGen      total 18432K, used 2544K [0x00000000eb900000, 0x00000000edd00000, 0x0000000100000000)
  eden space 15872K, 0% used [0x00000000eb900000,0x00000000eb900000,0x00000000ec880000)
  from space 2560K, 99% used [0x00000000ec880000,0x00000000ecafc020,0x00000000ecb00000)
  to   space 2560K, 0% used [0x00000000eda80000,0x00000000eda80000,0x00000000edd00000)
 ParOldGen       total 42496K, used 1570K [0x00000000c2a00000, 0x00000000c5380000, 0x00000000eb900000)
  object space 42496K, 3% used [0x00000000c2a00000,0x00000000c2b889f8,0x00000000c5380000)
 Metaspace       used 9475K, capacity 9666K, committed 9728K, reserved 1058816K
  class space    used 1137K, capacity 1218K, committed 1280K, reserved 1048576K
}
Event: 2.177 GC heap before
{Heap before GC invocations=2 (full 0):
 PSYoungGen      total 18432K, used 3775K [0x00000000eb900000, 0x00000000edd00000, 0x0000000100000000)
  eden space 15872K, 7% used [0x00000000eb900000,0x00000000eba33e40,0x00000000ec880000)
  from space 2560K, 99% used [0x00000000ec880000,0x00000000ecafc020,0x00000000ecb00000)
  to   space 2560K, 0% used [0x00000000eda80000,0x00000000eda80000,0x00000000edd00000)
 ParOldGen       total 42496K, used 1570K [0x00000000c2a00000, 0x00000000c5380000, 0x00000000eb900000)
  object space 42496K, 3% used [0x00000000c2a00000,0x00000000c2b889f8,0x00000000c5380000)
 Metaspace       used 10243K, capacity 10414K, committed 10624K, reserved 1058816K
  class space    used 1235K, capacity 1320K, committed 1408K, reserved 1048576K
Event: 2.186 GC heap after
Heap after GC invocations=2 (full 0):
 PSYoungGen      total 34304K, used 2544K [0x00000000eb900000, 0x00000000edd00000, 0x0000000100000000)
  eden space 31744K, 0% used [0x00000000eb900000,0x00000000eb900000,0x00000000ed800000)
  from space 2560K, 99% used [0x00000000eda80000,0x00000000edcfc020,0x00000000edd00000)
  to   space 2560K, 0% used [0x00000000ed800000,0x00000000ed800000,0x00000000eda80000)
 ParOldGen       total 42496K, used 1713K [0x00000000c2a00000, 0x00000000c5380000, 0x00000000eb900000)
  object space 42496K, 4% used [0x00000000c2a00000,0x00000000c2bac5b0,0x00000000c5380000)
 Metaspace       used 10243K, capacity 10414K, committed 10624K, reserved 1058816K
  class space    used 1235K, capacity 1320K, committed 1408K, reserved 1048576K
}
Event: 2.186 GC heap before
{Heap before GC invocations=3 (full 1):
 PSYoungGen      total 34304K, used 2544K [0x00000000eb900000, 0x00000000edd00000, 0x0000000100000000)
  eden space 31744K, 0% used [0x00000000eb900000,0x00000000eb900000,0x00000000ed800000)
  from space 2560K, 99% used [0x00000000eda80000,0x00000000edcfc020,0x00000000edd00000)
  to   space 2560K, 0% used [0x00000000ed800000,0x00000000ed800000,0x00000000eda80000)
 ParOldGen       total 42496K, used 1713K [0x00000000c2a00000, 0x00000000c5380000, 0x00000000eb900000)
  object space 42496K, 4% used [0x00000000c2a00000,0x00000000c2bac5b0,0x00000000c5380000)
 Metaspace       used 10243K, capacity 10414K, committed 10624K, reserved 1058816K
  class space    used 1235K, capacity 1320K, committed 1408K, reserved 1048576K
Event: 2.234 GC heap after
Heap after GC invocations=3 (full 1):
 PSYoungGen      total 34304K, used 0K [0x00000000eb900000, 0x00000000edd00000, 0x0000000100000000)
  eden space 31744K, 0% used [0x00000000eb900000,0x00000000eb900000,0x00000000ed800000)
  from space 2560K, 0% used [0x00000000eda80000,0x00000000eda80000,0x00000000edd00000)
  to   space 2560K, 0% used [0x00000000ed800000,0x00000000ed800000,0x00000000eda80000)
 ParOldGen       total 42496K, used 2727K [0x00000000c2a00000, 0x00000000c5380000, 0x00000000eb900000)
  object space 42496K, 6% used [0x00000000c2a00000,0x00000000c2ca9ef0,0x00000000c5380000)
 Metaspace       used 10235K, capacity 10404K, committed 10624K, reserved 1058816K
  class space    used 1234K, capacity 1318K, committed 1408K, reserved 1048576K
}

Deoptimization events (8 events):
Event: 1.680 Thread 0x00007f73c400a800 Uncommon trap: reason=unstable_if action=reinterpret pc=0x00007f73b46eac34 method=java.lang.String.startsWith(Ljava/lang/String;I)Z @ 25
Event: 1.978 Thread 0x00007f73c400a800 Uncommon trap: reason=unstable_if action=reinterpret pc=0x00007f73b47b1858 method=java.lang.String.indexOf([CII[CIII)I @ 3
Event: 4.174 Thread 0x00007f7360001000 Uncommon trap: reason=unstable_if action=reinterpret pc=0x00007f73b48d4fb0 method=sun.misc.MetaIndex.mayContain(Ljava/lang/String;)Z @ 38
Event: 4.174 Thread 0x00007f7360001000 Uncommon trap: reason=unstable_if action=reinterpret pc=0x00007f73b478e54c method=sun.misc.MetaIndex.mayContain(Ljava/lang/String;)Z @ 38
Event: 29.587 Thread 0x00007f7364002800 Uncommon trap: reason=bimorphic action=maybe_recompile pc=0x00007f73b4818d50 method=java.util.HashMap.putVal(ILjava/lang/Object;Ljava/lang/Object;ZZ)Ljava/lang/Object; @ 91
Event: 29.588 Thread 0x00007f7364002800 Uncommon trap: reason=bimorphic action=maybe_recompile pc=0x00007f73b4818d50 method=java.util.HashMap.putVal(ILjava/lang/Object;Ljava/lang/Object;ZZ)Ljava/lang/Object; @ 91
Event: 29.588 Thread 0x00007f7364002800 Uncommon trap: reason=bimorphic action=maybe_recompile pc=0x00007f73b4818d50 method=java.util.HashMap.putVal(ILjava/lang/Object;Ljava/lang/Object;ZZ)Ljava/lang/Object; @ 91
Event: 29.588 Thread 0x00007f7364002800 Uncommon trap: reason=bimorphic action=maybe_recompile pc=0x00007f73b4818d50 method=java.util.HashMap.putVal(ILjava/lang/Object;Ljava/lang/Object;ZZ)Ljava/lang/Object; @ 91

Classes redefined (0 events):
No events

Internal exceptions (10 events):
Event: 1.896 Thread 0x00007f73c400a800 Exception <a 'java/lang/NoSuchFieldError': method resolution failed> (0x00000000ec78ef18) thrown at [/HUDSON/workspace/8-2-build-linux-amd64/jdk8u201/12317/hotspot/src/share/vm/prims/methodHandles.cpp, line 1167]
Event: 4.212 Thread 0x00007f7360001000 Exception <a 'java/lang/NoSuchMethodError': <clinit>> (0x00000000ebb739d8) thrown at [/HUDSON/workspace/8-2-build-linux-amd64/jdk8u201/12317/hotspot/src/share/vm/prims/jni.cpp, line 1613]
Event: 4.228 Thread 0x00007f7360001000 Exception <a 'java/lang/NoSuchMethodError': <clinit>> (0x00000000ebb8dea0) thrown at [/HUDSON/workspace/8-2-build-linux-amd64/jdk8u201/12317/hotspot/src/share/vm/prims/jni.cpp, line 1613]
Event: 4.264 Thread 0x00007f733c030800 Exception <a 'java/lang/InterruptedException'> (0x00000000ebb9eb18) thrown at [/HUDSON/workspace/8-2-build-linux-amd64/jdk8u201/12317/hotspot/src/share/vm/runtime/objectMonitor.cpp, line 1684]
Event: 11.181 Thread 0x00007f73c42ed000 Exception <a 'java/net/ConnectException'> (0x00000000ebc65910) thrown at [/HUDSON/workspace/8-2-build-linux-amd64/jdk8u201/12317/hotspot/src/share/vm/prims/jni.cpp, line 709]
Event: 11.181 Thread 0x00007f73c42ef000 Exception <a 'java/net/ConnectException'> (0x00000000ebcb4f98) thrown at [/HUDSON/workspace/8-2-build-linux-amd64/jdk8u201/12317/hotspot/src/share/vm/prims/jni.cpp, line 709]
Event: 11.205 Thread 0x00007f73c42f2800 Exception <a 'java/net/ConnectException'> (0x00000000ebd04620) thrown at [/HUDSON/workspace/8-2-build-linux-amd64/jdk8u201/12317/hotspot/src/share/vm/prims/jni.cpp, line 709]
Event: 21.181 Thread 0x00007f73c42ed000 Exception <a 'java/net/ConnectException'> (0x00000000ebc66438) thrown at [/HUDSON/workspace/8-2-build-linux-amd64/jdk8u201/12317/hotspot/src/share/vm/prims/jni.cpp, line 709]
Event: 21.182 Thread 0x00007f73c42ef000 Exception <a 'java/net/ConnectException'> (0x00000000ebcb5ac0) thrown at [/HUDSON/workspace/8-2-build-linux-amd64/jdk8u201/12317/hotspot/src/share/vm/prims/jni.cpp, line 709]
Event: 21.205 Thread 0x00007f73c42f2800 Exception <a 'java/net/ConnectException'> (0x00000000ebd05148) thrown at [/HUDSON/workspace/8-2-build-linux-amd64/jdk8u201/12317/hotspot/src/share/vm/prims/jni.cpp, line 709]

Events (10 events):
Event: 30.675 loading class org/evosuite/coverage/method/MethodCoverageSuiteFitness
Event: 30.675 loading class org/evosuite/coverage/method/MethodCoverageSuiteFitness done
Event: 30.681 loading class org/evosuite/coverage/method/MethodCoverageTestFitness
Event: 30.681 loading class org/evosuite/coverage/method/MethodCoverageTestFitness done
Event: 30.699 loading class org/evosuite/coverage/method/MethodNoExceptionCoverageSuiteFitness
Event: 30.699 loading class org/evosuite/coverage/method/MethodNoExceptionCoverageSuiteFitness done
Event: 30.706 loading class org/evosuite/coverage/method/MethodNoExceptionCoverageTestFitness
Event: 30.706 loading class org/evosuite/coverage/method/MethodNoExceptionCoverageTestFitness done
Event: 30.709 loading class org/evosuite/coverage/cbranch/CBranchSuiteFitness
Event: 30.709 loading class org/evosuite/coverage/cbranch/CBranchSuiteFitness done


Dynamic libraries:
00400000-00401000 r-xp 00000000 08:01 654793                             /usr/lib/jdk/jdk1.8.0_201/bin/java
00600000-00601000 r--p 00000000 08:01 654793                             /usr/lib/jdk/jdk1.8.0_201/bin/java
00601000-00602000 rw-p 00001000 08:01 654793                             /usr/lib/jdk/jdk1.8.0_201/bin/java
02280000-022a1000 rw-p 00000000 00:00 0                                  [heap]
c2a00000-c5380000 rw-p 00000000 00:00 0 
c5380000-eb900000 ---p 00000000 00:00 0 
eb900000-edd00000 rw-p 00000000 00:00 0 
edd00000-100000000 ---p 00000000 00:00 0 
100000000-100180000 rw-p 00000000 00:00 0 
100180000-140000000 ---p 00000000 00:00 0 
7f7330000000-7f7330021000 rw-p 00000000 00:00 0 
7f7330021000-7f7334000000 ---p 00000000 00:00 0 
7f7334000000-7f7334045000 rw-p 00000000 00:00 0 
7f7334045000-7f7338000000 ---p 00000000 00:00 0 
7f7338000000-7f7338029000 rw-p 00000000 00:00 0 
7f7338029000-7f733c000000 ---p 00000000 00:00 0 
7f733c000000-7f733c03b000 rw-p 00000000 00:00 0 
7f733c03b000-7f7340000000 ---p 00000000 00:00 0 
7f7340000000-7f7340021000 rw-p 00000000 00:00 0 
7f7340021000-7f7344000000 ---p 00000000 00:00 0 
7f7344000000-7f7344021000 rw-p 00000000 00:00 0 
7f7344021000-7f7348000000 ---p 00000000 00:00 0 
7f7348000000-7f7348021000 rw-p 00000000 00:00 0 
7f7348021000-7f734c000000 ---p 00000000 00:00 0 
7f734c000000-7f734c021000 rw-p 00000000 00:00 0 
7f734c021000-7f7350000000 ---p 00000000 00:00 0 
7f7350000000-7f7350021000 rw-p 00000000 00:00 0 
7f7350021000-7f7354000000 ---p 00000000 00:00 0 
7f7354000000-7f7354021000 rw-p 00000000 00:00 0 
7f7354021000-7f7358000000 ---p 00000000 00:00 0 
7f7358000000-7f7358021000 rw-p 00000000 00:00 0 
7f7358021000-7f735c000000 ---p 00000000 00:00 0 
7f735c000000-7f735c021000 rw-p 00000000 00:00 0 
7f735c021000-7f7360000000 ---p 00000000 00:00 0 
7f7360000000-7f7360021000 rw-p 00000000 00:00 0 
7f7360021000-7f7364000000 ---p 00000000 00:00 0 
7f7364000000-7f7364021000 rw-p 00000000 00:00 0 
7f7364021000-7f7368000000 ---p 00000000 00:00 0 
7f7368000000-7f7368021000 rw-p 00000000 00:00 0 
7f7368021000-7f736c000000 ---p 00000000 00:00 0 
7f736c000000-7f736c021000 rw-p 00000000 00:00 0 
7f736c021000-7f7370000000 ---p 00000000 00:00 0 
7f7370000000-7f7370021000 rw-p 00000000 00:00 0 
7f7370021000-7f7374000000 ---p 00000000 00:00 0 
7f7374000000-7f7374021000 rw-p 00000000 00:00 0 
7f7374021000-7f7378000000 ---p 00000000 00:00 0 
7f7378fff000-7f737c000000 rw-p 00000000 00:00 0 
7f737c000000-7f737c41a000 rw-p 00000000 00:00 0 
7f737c41a000-7f7380000000 ---p 00000000 00:00 0 
7f7380000000-7f7380021000 rw-p 00000000 00:00 0 
7f7380021000-7f7384000000 ---p 00000000 00:00 0 
7f7384000000-7f7384329000 rw-p 00000000 00:00 0 
7f7384329000-7f7388000000 ---p 00000000 00:00 0 
7f7388000000-7f738833f000 rw-p 00000000 00:00 0 
7f738833f000-7f738c000000 ---p 00000000 00:00 0 
7f738c000000-7f738c021000 rw-p 00000000 00:00 0 
7f738c021000-7f7390000000 ---p 00000000 00:00 0 
7f7390000000-7f7390021000 rw-p 00000000 00:00 0 
7f7390021000-7f7394000000 ---p 00000000 00:00 0 
7f7394000000-7f7394021000 rw-p 00000000 00:00 0 
7f7394021000-7f7398000000 ---p 00000000 00:00 0 
7f7398000000-7f7398021000 rw-p 00000000 00:00 0 
7f7398021000-7f739c000000 ---p 00000000 00:00 0 
7f739c000000-7f739c021000 rw-p 00000000 00:00 0 
7f739c021000-7f73a0000000 ---p 00000000 00:00 0 
7f73a0000000-7f73a0021000 rw-p 00000000 00:00 0 
7f73a0021000-7f73a4000000 ---p 00000000 00:00 0 
7f73a4000000-7f73a4021000 rw-p 00000000 00:00 0 
7f73a4021000-7f73a8000000 ---p 00000000 00:00 0 
7f73a9365000-7f73a93a5000 rw-p 00000000 00:00 0 
7f73a93a5000-7f73a9565000 ---p 00000000 00:00 0 
7f73a9565000-7f73a9568000 ---p 00000000 00:00 0 
7f73a9568000-7f73a9666000 rw-p 00000000 00:00 0 
7f73a9666000-7f73a9669000 ---p 00000000 00:00 0 
7f73a9669000-7f73a9767000 rw-p 00000000 00:00 0 
7f73a9767000-7f73a976a000 ---p 00000000 00:00 0 
7f73a976a000-7f73a9868000 rw-p 00000000 00:00 0 
7f73a9868000-7f73a986b000 ---p 00000000 00:00 0 
7f73a986b000-7f73a9969000 rw-p 00000000 00:00 0 
7f73a9969000-7f73a996c000 ---p 00000000 00:00 0 
7f73a996c000-7f73a9a6a000 rw-p 00000000 00:00 0 
7f73a9a6a000-7f73a9a6d000 ---p 00000000 00:00 0 
7f73a9a6d000-7f73a9b6b000 rw-p 00000000 00:00 0 
7f73a9b6b000-7f73a9b6e000 ---p 00000000 00:00 0 
7f73a9b6e000-7f73a9c6c000 rw-p 00000000 00:00 0 
7f73a9c6c000-7f73a9c6f000 ---p 00000000 00:00 0 
7f73a9c6f000-7f73a9d6d000 rw-p 00000000 00:00 0 
7f73a9d6d000-7f73a9d70000 ---p 00000000 00:00 0 
7f73a9d70000-7f73a9e6e000 rw-p 00000000 00:00 0 
7f73a9e6e000-7f73a9e71000 ---p 00000000 00:00 0 
7f73a9e71000-7f73a9f6f000 rw-p 00000000 00:00 0 
7f73a9f6f000-7f73a9f72000 ---p 00000000 00:00 0 
7f73a9f72000-7f73aa070000 rw-p 00000000 00:00 0 
7f73aa070000-7f73aa073000 ---p 00000000 00:00 0 
7f73aa073000-7f73aa171000 rw-p 00000000 00:00 0 
7f73aa171000-7f73aa174000 ---p 00000000 00:00 0 
7f73aa174000-7f73aa272000 rw-p 00000000 00:00 0 
7f73aa272000-7f73aa275000 ---p 00000000 00:00 0 
7f73aa275000-7f73aa373000 rw-p 00000000 00:00 0 
7f73aa373000-7f73aa376000 ---p 00000000 00:00 0 
7f73aa376000-7f73aa674000 rw-p 00000000 00:00 0 
7f73aa674000-7f73aa6ed000 r--s 010fd000 08:01 654900                     /usr/lib/jdk/jdk1.8.0_201/lib/tools.jar
7f73aa6ed000-7f73aa6f0000 ---p 00000000 00:00 0 
7f73aa6f0000-7f73aa7ee000 rw-p 00000000 00:00 0 
7f73aa7ee000-7f73aa7f1000 ---p 00000000 00:00 0 
7f73aa7f1000-7f73aa8ef000 rw-p 00000000 00:00 0 
7f73aa8ef000-7f73aa8f2000 ---p 00000000 00:00 0 
7f73aa8f2000-7f73aa9f0000 rw-p 00000000 00:00 0 
7f73aa9f0000-7f73aaa06000 r-xp 00000000 08:01 656512                     /usr/lib/jdk/jdk1.8.0_201/jre/lib/amd64/libnet.so
7f73aaa06000-7f73aac06000 ---p 00016000 08:01 656512                     /usr/lib/jdk/jdk1.8.0_201/jre/lib/amd64/libnet.so
7f73aac06000-7f73aac07000 r--p 00016000 08:01 656512                     /usr/lib/jdk/jdk1.8.0_201/jre/lib/amd64/libnet.so
7f73aac07000-7f73aac08000 rw-p 00017000 08:01 656512                     /usr/lib/jdk/jdk1.8.0_201/jre/lib/amd64/libnet.so
7f73aac08000-7f73aae39000 r--s 01bb1000 08:01 403225                     /home/hewitt/work/DiffTGen-master/lib/evosuite-1.0.6.jar
7f73aae39000-7f73aae3a000 ---p 00000000 00:00 0 
7f73aae3a000-7f73aaf3a000 rw-p 00000000 00:00 0 
7f73aaf3a000-7f73aaf3d000 ---p 00000000 00:00 0 
7f73aaf3d000-7f73ab03b000 rw-p 00000000 00:00 0 
7f73ab03b000-7f73ab03e000 ---p 00000000 00:00 0 
7f73ab03e000-7f73ab13c000 rw-p 00000000 00:00 0 
7f73ab13c000-7f73ab13f000 ---p 00000000 00:00 0 
7f73ab13f000-7f73ab23d000 rw-p 00000000 00:00 0 
7f73ab23d000-7f73ab240000 ---p 00000000 00:00 0 
7f73ab240000-7f73ab33e000 rw-p 00000000 00:00 0 
7f73ab33e000-7f73ab341000 ---p 00000000 00:00 0 
7f73ab341000-7f73ab43f000 rw-p 00000000 00:00 0 
7f73ab43f000-7f73abdfe000 r--p 00000000 08:01 270368                     /usr/lib/locale/locale-archive
7f73abdfe000-7f73abe01000 ---p 00000000 00:00 0 
7f73abe01000-7f73abeff000 rw-p 00000000 00:00 0 
7f73abeff000-7f73abf02000 ---p 00000000 00:00 0 
7f73abf02000-7f73ac000000 rw-p 00000000 00:00 0 
7f73ac000000-7f73ac021000 rw-p 00000000 00:00 0 
7f73ac021000-7f73b0000000 ---p 00000000 00:00 0 
7f73b0027000-7f73b0028000 ---p 00000000 00:00 0 
7f73b0028000-7f73b1037000 rw-p 00000000 00:00 0 
7f73b1037000-7f73b1211000 r--s 03d6f000 08:01 656293                     /usr/lib/jdk/jdk1.8.0_201/jre/lib/rt.jar
7f73b1211000-7f73b3aac000 rw-p 00000000 00:00 0 
7f73b3aac000-7f73b3aad000 ---p 00000000 00:00 0 
7f73b3aad000-7f73b3bad000 rw-p 00000000 00:00 0 
7f73b3bad000-7f73b3bae000 ---p 00000000 00:00 0 
7f73b3bae000-7f73b3cae000 rw-p 00000000 00:00 0 
7f73b3cae000-7f73b3caf000 ---p 00000000 00:00 0 
7f73b3caf000-7f73b3daf000 rw-p 00000000 00:00 0 
7f73b3daf000-7f73b3db0000 ---p 00000000 00:00 0 
7f73b3db0000-7f73b3ec5000 rw-p 00000000 00:00 0 
7f73b3ec5000-7f73b3ff8000 ---p 00000000 00:00 0 
7f73b3ff8000-7f73b400d000 rw-p 00000000 00:00 0 
7f73b400d000-7f73b413f000 ---p 00000000 00:00 0 
7f73b413f000-7f73b4152000 rw-p 00000000 00:00 0 
7f73b4152000-7f73b41e3000 ---p 00000000 00:00 0 
7f73b41e3000-7f73b41f3000 rw-p 00000000 00:00 0 
7f73b41f3000-7f73b45a4000 ---p 00000000 00:00 0 
7f73b45a4000-7f73b4964000 rwxp 00000000 00:00 0 
7f73b4974000-7f73c35a4000 ---p 00000000 00:00 0 
7f73c35a4000-7f73c35bf000 r-xp 00000000 08:01 656508                     /usr/lib/jdk/jdk1.8.0_201/jre/lib/amd64/libzip.so
7f73c35bf000-7f73c37be000 ---p 0001b000 08:01 656508                     /usr/lib/jdk/jdk1.8.0_201/jre/lib/amd64/libzip.so
7f73c37be000-7f73c37bf000 r--p 0001a000 08:01 656508                     /usr/lib/jdk/jdk1.8.0_201/jre/lib/amd64/libzip.so
7f73c37bf000-7f73c37c0000 rw-p 0001b000 08:01 656508                     /usr/lib/jdk/jdk1.8.0_201/jre/lib/amd64/libzip.so
7f73c37c0000-7f73c37cb000 r-xp 00000000 08:01 658902                     /lib/x86_64-linux-gnu/libnss_files-2.23.so
7f73c37cb000-7f73c39ca000 ---p 0000b000 08:01 658902                     /lib/x86_64-linux-gnu/libnss_files-2.23.so
7f73c39ca000-7f73c39cb000 r--p 0000a000 08:01 658902                     /lib/x86_64-linux-gnu/libnss_files-2.23.so
7f73c39cb000-7f73c39cc000 rw-p 0000b000 08:01 658902                     /lib/x86_64-linux-gnu/libnss_files-2.23.so
7f73c39cc000-7f73c39d2000 rw-p 00000000 00:00 0 
7f73c39d2000-7f73c39dd000 r-xp 00000000 08:01 658912                     /lib/x86_64-linux-gnu/libnss_nis-2.23.so
7f73c39dd000-7f73c3bdc000 ---p 0000b000 08:01 658912                     /lib/x86_64-linux-gnu/libnss_nis-2.23.so
7f73c3bdc000-7f73c3bdd000 r--p 0000a000 08:01 658912                     /lib/x86_64-linux-gnu/libnss_nis-2.23.so
7f73c3bdd000-7f73c3bde000 rw-p 0000b000 08:01 658912                     /lib/x86_64-linux-gnu/libnss_nis-2.23.so
7f73c3bde000-7f73c3bf4000 r-xp 00000000 08:01 658896                     /lib/x86_64-linux-gnu/libnsl-2.23.so
7f73c3bf4000-7f73c3df3000 ---p 00016000 08:01 658896                     /lib/x86_64-linux-gnu/libnsl-2.23.so
7f73c3df3000-7f73c3df4000 r--p 00015000 08:01 658896                     /lib/x86_64-linux-gnu/libnsl-2.23.so
7f73c3df4000-7f73c3df5000 rw-p 00016000 08:01 658896                     /lib/x86_64-linux-gnu/libnsl-2.23.so
7f73c3df5000-7f73c3df7000 rw-p 00000000 00:00 0 
7f73c3df7000-7f73c3dff000 r-xp 00000000 08:01 658898                     /lib/x86_64-linux-gnu/libnss_compat-2.23.so
7f73c3dff000-7f73c3ffe000 ---p 00008000 08:01 658898                     /lib/x86_64-linux-gnu/libnss_compat-2.23.so
7f73c3ffe000-7f73c3fff000 r--p 00007000 08:01 658898                     /lib/x86_64-linux-gnu/libnss_compat-2.23.so
7f73c3fff000-7f73c4000000 rw-p 00008000 08:01 658898                     /lib/x86_64-linux-gnu/libnss_compat-2.23.so
7f73c4000000-7f73c44cf000 rw-p 00000000 00:00 0 
7f73c44cf000-7f73c8000000 ---p 00000000 00:00 0 
7f73c801c000-7f73c8038000 r--s 00393000 08:01 656354                     /usr/lib/jdk/jdk1.8.0_201/jre/lib/ext/cldrdata.jar
7f73c8038000-7f73c803b000 ---p 00000000 00:00 0 
7f73c803b000-7f73c80e7000 rw-p 00000000 00:00 0 
7f73c80e7000-7f73c8113000 r-xp 00000000 08:01 656502                     /usr/lib/jdk/jdk1.8.0_201/jre/lib/amd64/libjava.so
7f73c8113000-7f73c8313000 ---p 0002c000 08:01 656502                     /usr/lib/jdk/jdk1.8.0_201/jre/lib/amd64/libjava.so
7f73c8313000-7f73c8314000 r--p 0002c000 08:01 656502                     /usr/lib/jdk/jdk1.8.0_201/jre/lib/amd64/libjava.so
7f73c8314000-7f73c8316000 rw-p 0002d000 08:01 656502                     /usr/lib/jdk/jdk1.8.0_201/jre/lib/amd64/libjava.so
7f73c8316000-7f73c8323000 r-xp 00000000 08:01 656507                     /usr/lib/jdk/jdk1.8.0_201/jre/lib/amd64/libverify.so
7f73c8323000-7f73c8522000 ---p 0000d000 08:01 656507                     /usr/lib/jdk/jdk1.8.0_201/jre/lib/amd64/libverify.so
7f73c8522000-7f73c8524000 r--p 0000c000 08:01 656507                     /usr/lib/jdk/jdk1.8.0_201/jre/lib/amd64/libverify.so
7f73c8524000-7f73c8525000 rw-p 0000e000 08:01 656507                     /usr/lib/jdk/jdk1.8.0_201/jre/lib/amd64/libverify.so
7f73c8525000-7f73c852c000 r-xp 00000000 08:01 658957                     /lib/x86_64-linux-gnu/librt-2.23.so
7f73c852c000-7f73c872b000 ---p 00007000 08:01 658957                     /lib/x86_64-linux-gnu/librt-2.23.so
7f73c872b000-7f73c872c000 r--p 00006000 08:01 658957                     /lib/x86_64-linux-gnu/librt-2.23.so
7f73c872c000-7f73c872d000 rw-p 00007000 08:01 658957                     /lib/x86_64-linux-gnu/librt-2.23.so
7f73c872d000-7f73c8835000 r-xp 00000000 08:01 658873                     /lib/x86_64-linux-gnu/libm-2.23.so
7f73c8835000-7f73c8a34000 ---p 00108000 08:01 658873                     /lib/x86_64-linux-gnu/libm-2.23.so
7f73c8a34000-7f73c8a35000 r--p 00107000 08:01 658873                     /lib/x86_64-linux-gnu/libm-2.23.so
7f73c8a35000-7f73c8a36000 rw-p 00108000 08:01 658873                     /lib/x86_64-linux-gnu/libm-2.23.so
7f73c8a36000-7f73c971e000 r-xp 00000000 08:01 656484                     /usr/lib/jdk/jdk1.8.0_201/jre/lib/amd64/server/libjvm.so
7f73c971e000-7f73c991d000 ---p 00ce8000 08:01 656484                     /usr/lib/jdk/jdk1.8.0_201/jre/lib/amd64/server/libjvm.so
7f73c991d000-7f73c99b3000 r--p 00ce7000 08:01 656484                     /usr/lib/jdk/jdk1.8.0_201/jre/lib/amd64/server/libjvm.so
7f73c99b3000-7f73c99e4000 rw-p 00d7d000 08:01 656484                     /usr/lib/jdk/jdk1.8.0_201/jre/lib/amd64/server/libjvm.so
7f73c99e4000-7f73c9a1f000 rw-p 00000000 00:00 0 
7f73c9a1f000-7f73c9bdf000 r-xp 00000000 08:01 658803                     /lib/x86_64-linux-gnu/libc-2.23.so
7f73c9bdf000-7f73c9ddf000 ---p 001c0000 08:01 658803                     /lib/x86_64-linux-gnu/libc-2.23.so
7f73c9ddf000-7f73c9de3000 r--p 001c0000 08:01 658803                     /lib/x86_64-linux-gnu/libc-2.23.so
7f73c9de3000-7f73c9de5000 rw-p 001c4000 08:01 658803                     /lib/x86_64-linux-gnu/libc-2.23.so
7f73c9de5000-7f73c9de9000 rw-p 00000000 00:00 0 
7f73c9de9000-7f73c9dec000 r-xp 00000000 08:01 658827                     /lib/x86_64-linux-gnu/libdl-2.23.so
7f73c9dec000-7f73c9feb000 ---p 00003000 08:01 658827                     /lib/x86_64-linux-gnu/libdl-2.23.so
7f73c9feb000-7f73c9fec000 r--p 00002000 08:01 658827                     /lib/x86_64-linux-gnu/libdl-2.23.so
7f73c9fec000-7f73c9fed000 rw-p 00003000 08:01 658827                     /lib/x86_64-linux-gnu/libdl-2.23.so
7f73c9fed000-7f73ca004000 r-xp 00000000 08:01 656155                     /usr/lib/jdk/jdk1.8.0_201/lib/amd64/jli/libjli.so
7f73ca004000-7f73ca203000 ---p 00017000 08:01 656155                     /usr/lib/jdk/jdk1.8.0_201/lib/amd64/jli/libjli.so
7f73ca203000-7f73ca204000 r--p 00016000 08:01 656155                     /usr/lib/jdk/jdk1.8.0_201/lib/amd64/jli/libjli.so
7f73ca204000-7f73ca205000 rw-p 00017000 08:01 656155                     /usr/lib/jdk/jdk1.8.0_201/lib/amd64/jli/libjli.so
7f73ca205000-7f73ca21d000 r-xp 00000000 08:01 658949                     /lib/x86_64-linux-gnu/libpthread-2.23.so
7f73ca21d000-7f73ca41c000 ---p 00018000 08:01 658949                     /lib/x86_64-linux-gnu/libpthread-2.23.so
7f73ca41c000-7f73ca41d000 r--p 00017000 08:01 658949                     /lib/x86_64-linux-gnu/libpthread-2.23.so
7f73ca41d000-7f73ca41e000 rw-p 00018000 08:01 658949                     /lib/x86_64-linux-gnu/libpthread-2.23.so
7f73ca41e000-7f73ca422000 rw-p 00000000 00:00 0 
7f73ca422000-7f73ca448000 r-xp 00000000 08:01 658775                     /lib/x86_64-linux-gnu/ld-2.23.so
7f73ca449000-7f73ca453000 r--s 00116000 08:01 656361                     /usr/lib/jdk/jdk1.8.0_201/jre/lib/ext/localedata.jar
7f73ca453000-7f73ca46c000 r--s 00129000 08:01 438608                     /home/hewitt/work/DiffTGen-master/output/patch1-Math-32-Jaid/Math_32_1_jaid/target/build/classes/all0.jar
7f73ca46c000-7f73ca52a000 rw-p 00000000 00:00 0 
7f73ca52a000-7f73ca52d000 ---p 00000000 00:00 0 
7f73ca52d000-7f73ca630000 rw-p 00000000 00:00 0 
7f73ca630000-7f73ca634000 r--s 000a1000 08:01 656350                     /usr/lib/jdk/jdk1.8.0_201/jre/lib/jsse.jar
7f73ca634000-7f73ca63c000 r--s 0006e000 08:01 398946                     /home/hewitt/work/DiffTGen-master/lib/commons-lang3-3.5.jar
7f73ca63c000-7f73ca63d000 r--s 00000000 08:01 398951                     /home/hewitt/work/DiffTGen-master/lib/myprinter.jar
7f73ca63d000-7f73ca645000 rw-s 00000000 08:01 158985                     /tmp/hsperfdata_hewitt/98303
7f73ca645000-7f73ca646000 rw-p 00000000 00:00 0 
7f73ca646000-7f73ca647000 ---p 00000000 00:00 0 
7f73ca647000-7f73ca648000 r--p 00025000 08:01 658775                     /lib/x86_64-linux-gnu/ld-2.23.so
7f73ca648000-7f73ca649000 rw-p 00026000 08:01 658775                     /lib/x86_64-linux-gnu/ld-2.23.so
7f73ca649000-7f73ca64a000 rw-p 00000000 00:00 0 
7ffcadd15000-7ffcadd37000 rw-p 00000000 00:00 0                          [stack]
7ffcadd76000-7ffcadd79000 r--p 00000000 00:00 0                          [vvar]
7ffcadd79000-7ffcadd7b000 r-xp 00000000 00:00 0                          [vdso]
ffffffffff600000-ffffffffff601000 r-xp 00000000 00:00 0                  [vsyscall]

VM Arguments:
java_command: /home/hewitt/work/DiffTGen-master/lib/evosuite-1.0.6.jar -base_dir /home/hewitt/work/DiffTGen-master/output/patch1-Math-32-Jaid/Math_32_1_jaid/target/0/21 -projectCP /home/hewitt/work/DiffTGen-master/output/patch1-Math-32-Jaid/Math_32_1_jaid/target/build/classes/all0.jar:/home/hewitt/work/DiffTGen-master/lib/myprinter.jar:/home/hewitt/work/DiffTGen-master/lib/commons-lang3-3.5.jar -class org.apache.commons.math3.geometry.euclidean.twod.PolygonsSet -Dassertions=false -Dsearch_budget=60
java_class_path (initial): /home/hewitt/work/DiffTGen-master/lib/evosuite-1.0.6.jar
Launcher Type: SUN_STANDARD

Environment Variables:
JAVA_HOME=/usr/lib/jdk/jdk1.8.0_201
JRE_HOME=/usr/lib/jdk/jdk1.8.0_201/jre
CLASSPATH=.:/usr/lib/jdk/jdk1.8.0_201/lib:/usr/lib/jdk/jdk1.8.0_201/jre/lib
PATH=/usr/lib/jdk/jdk1.8.0_201/bin:/home/hewitt/bin:/home/hewitt/.local/bin:/usr/lib/jdk/jdk1.7.0_80/bin:/usr/local/sbin:/usr/local/bin:/usr/sbin:/usr/bin:/sbin:/bin:/usr/games:/usr/local/games:/snap/bin:/home/hewitt/work/defects4j_v1.4.0/defects4j/framework/bin:/opt/apache-ant-1.9.14/bin:/home/hewitt/work/defects4j_v1.4.0/defects4j/framework/bin
SHELL=/bin/bash
DISPLAY=:0

Signal Handlers:
SIGSEGV: [libjvm.so+0xad3e60], sa_mask[0]=11111111011111111101111111111110, sa_flags=SA_RESTART|SA_SIGINFO
SIGBUS: [libjvm.so+0xad3e60], sa_mask[0]=11111111011111111101111111111110, sa_flags=SA_RESTART|SA_SIGINFO
SIGFPE: [libjvm.so+0x90b880], sa_mask[0]=11111111011111111101111111111110, sa_flags=SA_RESTART|SA_SIGINFO
SIGPIPE: [libjvm.so+0x90b880], sa_mask[0]=11111111011111111101111111111110, sa_flags=SA_RESTART|SA_SIGINFO
SIGXFSZ: [libjvm.so+0x90b880], sa_mask[0]=11111111011111111101111111111110, sa_flags=SA_RESTART|SA_SIGINFO
SIGILL: [libjvm.so+0x90b880], sa_mask[0]=11111111011111111101111111111110, sa_flags=SA_RESTART|SA_SIGINFO
SIGUSR1: SIG_DFL, sa_mask[0]=00000000000000000000000000000000, sa_flags=none
SIGUSR2: [libjvm.so+0x90b750], sa_mask[0]=00100000000000000000000000000000, sa_flags=SA_RESTART|SA_SIGINFO
SIGHUP: [libjvm.so+0x90bd70], sa_mask[0]=11111111011111111101111111111110, sa_flags=SA_RESTART|SA_SIGINFO
SIGINT: [libjvm.so+0x90bd70], sa_mask[0]=11111111011111111101111111111110, sa_flags=SA_RESTART|SA_SIGINFO
SIGTERM: [libjvm.so+0x90bd70], sa_mask[0]=11111111011111111101111111111110, sa_flags=SA_RESTART|SA_SIGINFO
SIGQUIT: [libjvm.so+0x90bd70], sa_mask[0]=11111111011111111101111111111110, sa_flags=SA_RESTART|SA_SIGINFO


---------------  S Y S T E M  ---------------

OS:DISTRIB_ID=Ubuntu
DISTRIB_RELEASE=16.04
DISTRIB_CODENAME=xenial
DISTRIB_DESCRIPTION="Ubuntu 16.04.6 LTS"

uname:Linux 4.15.0-91-generic #92~16.04.1-Ubuntu SMP Fri Feb 28 14:57:22 UTC 2020 x86_64
libc:glibc 2.23 NPTL 2.23 
rlimit: STACK 8192k, CORE 0k, NPROC 15448, NOFILE 1048576, AS infinity
load average:21.46 17.19 15.61

/proc/meminfo:
MemTotal:        4015928 kB
MemFree:          963136 kB
MemAvailable:     886308 kB
Buffers:            2340 kB
Cached:            53604 kB
SwapCached:         9708 kB
Active:          2091124 kB
Inactive:         525576 kB
Active(anon):    2061100 kB
Inactive(anon):   501240 kB
Active(file):      30024 kB
Inactive(file):    24336 kB
Unevictable:          48 kB
Mlocked:              48 kB
SwapTotal:        998396 kB
SwapFree:          51972 kB
Dirty:              1476 kB
Writeback:          1308 kB
AnonPages:       2519080 kB
Mapped:            36184 kB
Shmem:              1328 kB
Slab:              91840 kB
SReclaimable:      32928 kB
SUnreclaim:        58912 kB
KernelStack:       14692 kB
PageTables:        39880 kB
NFS_Unstable:          0 kB
Bounce:                0 kB
WritebackTmp:          0 kB
CommitLimit:     3006360 kB
Committed_AS:    7935956 kB
VmallocTotal:   34359738367 kB
VmallocUsed:           0 kB
VmallocChunk:          0 kB
HardwareCorrupted:     0 kB
AnonHugePages:         0 kB
ShmemHugePages:        0 kB
ShmemPmdMapped:        0 kB
CmaTotal:              0 kB
CmaFree:               0 kB
HugePages_Total:       0
HugePages_Free:        0
HugePages_Rsvd:        0
HugePages_Surp:        0
Hugepagesize:       2048 kB
DirectMap4k:       98112 kB
DirectMap2M:     4096000 kB
DirectMap1G:     2097152 kB

container (cgroup) information:
container_type: cgroupv1
cpu_cpuset_cpus: 0-3
cpu_memory_nodes: 0
active_processor_count: 4
cpu_quota: -1
cpu_period: 100000
cpu_shares: -1
memory_limit_in_bytes: -1
memory_and_swap_limit_in_bytes: -2
memory_soft_limit_in_bytes: -1
memory_usage_in_bytes: 2674827264
memory_max_usage_in_bytes: 84226048


CPU:total 4 (initial active 4) (2 cores per cpu, 1 threads per core) family 6 model 158 stepping 9, cmov, cx8, fxsr, mmx, sse, sse2, sse3, ssse3, sse4.1, sse4.2, popcnt, avx, avx2, aes, clmul, erms, 3dnowpref, lzcnt, tsc, tscinvbit, bmi1, bmi2, adx

/proc/cpuinfo:
processor	: 0
vendor_id	: GenuineIntel
cpu family	: 6
model		: 158
model name	: Intel(R) Core(TM) i7-7700HQ CPU @ 2.80GHz
stepping	: 9
microcode	: 0xb4
cpu MHz		: 2808.002
cache size	: 6144 KB
physical id	: 0
siblings	: 2
core id		: 0
cpu cores	: 2
apicid		: 0
initial apicid	: 0
fpu		: yes
fpu_exception	: yes
cpuid level	: 22
wp		: yes
flags		: fpu vme de pse tsc msr pae mce cx8 apic sep mtrr pge mca cmov pat pse36 clflush mmx fxsr sse sse2 ss ht syscall nx pdpe1gb rdtscp lm constant_tsc arch_perfmon nopl xtopology tsc_reliable nonstop_tsc cpuid pni pclmulqdq ssse3 fma cx16 pcid sse4_1 sse4_2 x2apic movbe popcnt tsc_deadline_timer aes xsave avx f16c rdrand hypervisor lahf_lm abm 3dnowprefetch cpuid_fault invpcid_single pti ssbd ibrs ibpb stibp fsgsbase tsc_adjust bmi1 avx2 smep bmi2 invpcid mpx rdseed adx smap clflushopt xsaveopt xsavec xsaves arat md_clear flush_l1d arch_capabilities
bugs		: cpu_meltdown spectre_v1 spectre_v2 spec_store_bypass l1tf mds swapgs itlb_multihit
bogomips	: 5616.00
clflush size	: 64
cache_alignment	: 64
address sizes	: 43 bits physical, 48 bits virtual
power management:

processor	: 1
vendor_id	: GenuineIntel
cpu family	: 6
model		: 158
model name	: Intel(R) Core(TM) i7-7700HQ CPU @ 2.80GHz
stepping	: 9
microcode	: 0xb4
cpu MHz		: 2808.002
cache size	: 6144 KB
physical id	: 0
siblings	: 2
core id		: 1
cpu cores	: 2
apicid		: 1
initial apicid	: 1
fpu		: yes
fpu_exception	: yes
cpuid level	: 22
wp		: yes
flags		: fpu vme de pse tsc msr pae mce cx8 apic sep mtrr pge mca cmov pat pse36 clflush mmx fxsr sse sse2 ss ht syscall nx pdpe1gb rdtscp lm constant_tsc arch_perfmon nopl xtopology tsc_reliable nonstop_tsc cpuid pni pclmulqdq ssse3 fma cx16 pcid sse4_1 sse4_2 x2apic movbe popcnt tsc_deadline_timer aes xsave avx f16c rdrand hypervisor lahf_lm abm 3dnowprefetch cpuid_fault invpcid_single pti ssbd ibrs ibpb stibp fsgsbase tsc_adjust bmi1 avx2 smep bmi2 invpcid mpx rdseed adx smap clflushopt xsaveopt xsavec xsaves arat md_clear flush_l1d arch_capabilities
bugs		: cpu_meltdown spectre_v1 spectre_v2 spec_store_bypass l1tf mds swapgs itlb_multihit
bogomips	: 5616.00
clflush size	: 64
cache_alignment	: 64
address sizes	: 43 bits physical, 48 bits virtual
power management:

processor	: 2
vendor_id	: GenuineIntel
cpu family	: 6
model		: 158
model name	: Intel(R) Core(TM) i7-7700HQ CPU @ 2.80GHz
stepping	: 9
microcode	: 0xb4
cpu MHz		: 2808.002
cache size	: 6144 KB
physical id	: 1
siblings	: 2
core id		: 0
cpu cores	: 2
apicid		: 2
initial apicid	: 2
fpu		: yes
fpu_exception	: yes
cpuid level	: 22
wp		: yes
flags		: fpu vme de pse tsc msr pae mce cx8 apic sep mtrr pge mca cmov pat pse36 clflush mmx fxsr sse sse2 ss ht syscall nx pdpe1gb rdtscp lm constant_tsc arch_perfmon nopl xtopology tsc_reliable nonstop_tsc cpuid pni pclmulqdq ssse3 fma cx16 pcid sse4_1 sse4_2 x2apic movbe popcnt tsc_deadline_timer aes xsave avx f16c rdrand hypervisor lahf_lm abm 3dnowprefetch cpuid_fault invpcid_single pti ssbd ibrs ibpb stibp fsgsbase tsc_adjust bmi1 avx2 smep bmi2 invpcid mpx rdseed adx smap clflushopt xsaveopt xsavec xsaves arat md_clear flush_l1d arch_capabilities
bugs		: cpu_meltdown spectre_v1 spectre_v2 spec_store_bypass l1tf mds swapgs itlb_multihit
bogomips	: 5616.00
clflush size	: 64
cache_alignment	: 64
address sizes	: 43 bits physical, 48 bits virtual
power management:

processor	: 3
vendor_id	: GenuineIntel
cpu family	: 6
model		: 158
model name	: Intel(R) Core(TM) i7-7700HQ CPU @ 2.80GHz
stepping	: 9
microcode	: 0xb4
cpu MHz		: 2808.002
cache size	: 6144 KB
physical id	: 1
siblings	: 2
core id		: 1
cpu cores	: 2
apicid		: 3
initial apicid	: 3
fpu		: yes
fpu_exception	: yes
cpuid level	: 22
wp		: yes
flags		: fpu vme de pse tsc msr pae mce cx8 apic sep mtrr pge mca cmov pat pse36 clflush mmx fxsr sse sse2 ss ht syscall nx pdpe1gb rdtscp lm constant_tsc arch_perfmon nopl xtopology tsc_reliable nonstop_tsc cpuid pni pclmulqdq ssse3 fma cx16 pcid sse4_1 sse4_2 x2apic movbe popcnt tsc_deadline_timer aes xsave avx f16c rdrand hypervisor lahf_lm abm 3dnowprefetch cpuid_fault invpcid_single pti ssbd ibrs ibpb stibp fsgsbase tsc_adjust bmi1 avx2 smep bmi2 invpcid mpx rdseed adx smap clflushopt xsaveopt xsavec xsaves arat md_clear flush_l1d arch_capabilities
bugs		: cpu_meltdown spectre_v1 spectre_v2 spec_store_bypass l1tf mds swapgs itlb_multihit
bogomips	: 5616.00
clflush size	: 64
cache_alignment	: 64
address sizes	: 43 bits physical, 48 bits virtual
power management:



Memory: 4k page, physical 4015928k(963136k free), swap 998396k(51972k free)

vm_info: Java HotSpot(TM) 64-Bit Server VM (25.201-b09) for linux-amd64 JRE (1.8.0_201-b09), built on Dec 15 2018 11:35:59 by "java_re" with gcc 7.3.0

time: Sun Mar 29 18:53:30 2020
timezone: CST
elapsed time: 37 seconds (0d 0h 0m 37s)

