#
# There is insufficient memory for the Java Runtime Environment to continue.
# Native memory allocation (mmap) failed to map 16252928 bytes for committing reserved memory.
# Possible reasons:
#   The system is out of physical RAM or swap space
#   The process is running with CompressedOops enabled, and the Java Heap may be blocking the growth of the native heap
# Possible solutions:
#   Reduce memory load on the system
#   Increase physical memory or swap space
#   Check if swap backing store is full
#   Decrease Java heap size (-Xmx/-Xms)
#   Decrease number of Java threads
#   Decrease Java thread stack sizes (-Xss)
#   Set larger code cache with -XX:ReservedCodeCacheSize=
#   JVM is running with Unscaled Compressed Oops mode in which the Java heap is
#     placed in the first 4GB address space. The Java Heap base address is the
#     maximum limit for the native heap growth. Please use -XX:HeapBaseMinAddress
#     to set the Java Heap base and to place the Java Heap above 4GB virtual address.
# This output file may be truncated or incomplete.
#
#  Out of Memory Error (os_linux.cpp:2749), pid=94260, tid=0x00007fe0d0efe700
#
# JRE version: Java(TM) SE Runtime Environment (8.0_201-b09) (build 1.8.0_201-b09)
# Java VM: Java HotSpot(TM) 64-Bit Server VM (25.201-b09 mixed mode linux-amd64 compressed oops)
# Failed to write core dump. Core dumps have been disabled. To enable core dumping, try "ulimit -c unlimited" before starting Java again
#

---------------  T H R E A D  ---------------

Current thread (0x00007fe0e0140000):  VMThread [stack: 0x00007fe0d0dfe000,0x00007fe0d0eff000] [id=94311]

Stack: [0x00007fe0d0dfe000,0x00007fe0d0eff000],  sp=0x00007fe0d0efd450,  free space=1021k
Native frames: (J=compiled Java code, j=interpreted, Vv=VM code, C=native code)
V  [libjvm.so+0xad3525]  VMError::report_and_die()+0x2e5
V  [libjvm.so+0x4e0457]  report_vm_out_of_memory(char const*, int, unsigned long, VMErrorType, char const*)+0x67
V  [libjvm.so+0x9102f0]  os::pd_commit_memory(char*, unsigned long, unsigned long, bool)+0x100
V  [libjvm.so+0x90791f]  os::commit_memory(char*, unsigned long, unsigned long, bool)+0x1f
V  [libjvm.so+0x98c806]  PSVirtualSpace::expand_by(unsigned long)+0x56
V  [libjvm.so+0x98da98]  PSYoungGen::resize(unsigned long, unsigned long)+0xd8
V  [libjvm.so+0x98a236]  PSScavenge::invoke_no_policy()+0x1376
V  [libjvm.so+0x98a5cc]  PSScavenge::invoke()+0x4c
V  [libjvm.so+0x93a318]  ParallelScavengeHeap::failed_mem_allocate(unsigned long)+0x68
V  [libjvm.so+0xad5073]  VM_ParallelGCFailedAllocation::doit()+0x93
V  [libjvm.so+0xada296]  VM_Operation::evaluate()+0x46
V  [libjvm.so+0xad85cd]  VMThread::evaluate_operation(VM_Operation*) [clone .constprop.44]+0xcd
V  [libjvm.so+0xad8bb3]  VMThread::loop()+0x3a3
V  [libjvm.so+0xad8f88]  VMThread::run()+0x78
V  [libjvm.so+0x90d922]  java_start(Thread*)+0x102

VM_Operation (0x00007fe0c86eb920): ParallelGCFailedAllocation, mode: safepoint, requested by thread 0x00007fe07c001000


---------------  P R O C E S S  ---------------

Java Threads: ( => current thread )
  0x00007fe07c002800 JavaThread "RMI TCP Connection(3)-127.0.0.1" daemon [_thread_blocked, id=94757, stack(0x00007fe0c82f1000,0x00007fe0c83f2000)]
  0x00007fe07c001000 JavaThread "RMI TCP Connection(2)-127.0.0.1" daemon [_thread_blocked, id=94718, stack(0x00007fe0c85f2000,0x00007fe0c86f3000)]
  0x00007fe054038000 JavaThread "RMI Scheduler(0)" daemon [_thread_blocked, id=94708, stack(0x00007fe0c86f3000,0x00007fe0c87f4000)]
  0x00007fe054030800 JavaThread "RMI RenewClean-[127.0.0.1:4930]" daemon [_thread_blocked, id=94692, stack(0x00007fe0c87f4000,0x00007fe0c88f5000)]
  0x00007fe088001000 JavaThread "RMI TCP Connection(1)-127.0.0.1" daemon [_thread_in_native, id=94679, stack(0x00007fe0c88f5000,0x00007fe0c89f6000)]
  0x00007fe078005000 JavaThread "pool-3-thread-3" [_thread_in_native, id=94613, stack(0x00007fe0c89f6000,0x00007fe0c8af7000)]
  0x00007fe078003000 JavaThread "pool-3-thread-2" [_thread_in_native, id=94611, stack(0x00007fe0c8af7000,0x00007fe0c8bf8000)]
  0x00007fe078002000 JavaThread "pool-3-thread-1" [_thread_in_native, id=94605, stack(0x00007fe0c8bf8000,0x00007fe0c8cf9000)]
  0x00007fe0e021f800 JavaThread "Thread-3" [_thread_in_native, id=94496, stack(0x00007fe0c8cf9000,0x00007fe0c8dfa000)]
  0x00007fe0e021d800 JavaThread "Thread-2" [_thread_in_native, id=94492, stack(0x00007fe0c8dfa000,0x00007fe0c8efb000)]
  0x00007fe0e01c5000 JavaThread "process reaper" daemon [_thread_in_native, id=94486, stack(0x00007fe0e403a000,0x00007fe0e4073000)]
  0x00007fe0e03fe800 JavaThread "pool-2-thread-1" [_thread_in_native, id=94428, stack(0x00007fe0c8efb000,0x00007fe0c8ffc000)]
  0x00007fe0e03fc000 JavaThread "GC Daemon" daemon [_thread_blocked, id=94426, stack(0x00007fe0c8ffc000,0x00007fe0c90fd000)]
  0x00007fe0e03f9800 JavaThread "RMI Reaper" [_thread_blocked, id=94414, stack(0x00007fe0c90fd000,0x00007fe0c91fe000)]
  0x00007fe0e03f0800 JavaThread "RMI TCP Accept-5733" daemon [_thread_in_native, id=94409, stack(0x00007fe0c91fe000,0x00007fe0c92ff000)]
  0x00007fe0e03eb800 JavaThread "RMI TCP Accept-12834" daemon [_thread_in_native, id=94404, stack(0x00007fe0c92ff000,0x00007fe0c9400000)]
  0x00007fe0e0303000 JavaThread "logback-3" daemon [_thread_blocked, id=94403, stack(0x00007fe0c9600000,0x00007fe0c9701000)]
  0x00007fe0e02ff000 JavaThread "logback-2" daemon [_thread_blocked, id=94402, stack(0x00007fe0c9701000,0x00007fe0c9802000)]
  0x00007fe0e02fd800 JavaThread "logback-1" daemon [_thread_blocked, id=94401, stack(0x00007fe0c9802000,0x00007fe0c9903000)]
  0x00007fe0e01a3800 JavaThread "Service Thread" daemon [_thread_blocked, id=94367, stack(0x00007fe0c9e4d000,0x00007fe0c9f4e000)]
  0x00007fe0e0186000 JavaThread "C1 CompilerThread2" daemon [_thread_blocked, id=94357, stack(0x00007fe0c9f4e000,0x00007fe0ca04f000)]
  0x00007fe0e0184800 JavaThread "C2 CompilerThread1" daemon [_thread_blocked, id=94355, stack(0x00007fe0ca04f000,0x00007fe0ca150000)]
  0x00007fe0e0181800 JavaThread "C2 CompilerThread0" daemon [_thread_blocked, id=94353, stack(0x00007fe0d003b000,0x00007fe0d013c000)]
  0x00007fe0e0180000 JavaThread "Signal Dispatcher" daemon [_thread_blocked, id=94351, stack(0x00007fe0d013c000,0x00007fe0d023d000)]
  0x00007fe0e014c000 JavaThread "Finalizer" daemon [_thread_blocked, id=94326, stack(0x00007fe0d0bfc000,0x00007fe0d0cfd000)]
  0x00007fe0e0149800 JavaThread "Reference Handler" daemon [_thread_blocked, id=94316, stack(0x00007fe0d0cfd000,0x00007fe0d0dfe000)]
  0x00007fe0e000a800 JavaThread "main" [_thread_in_native, id=94269, stack(0x00007fe0e94cc000,0x00007fe0e95cd000)]

Other Threads:
=>0x00007fe0e0140000 VMThread [stack: 0x00007fe0d0dfe000,0x00007fe0d0eff000] [id=94311]
  0x00007fe0e01ae000 WatcherThread [stack: 0x00007fe0c9d4c000,0x00007fe0c9e4d000] [id=94370]

VM state:at safepoint (normal execution)

VM Mutex/Monitor currently owned by a thread:  ([mutex/lock_event])
[0x00007fe0e0007070] Threads_lock - owner thread: 0x00007fe0e0140000
[0x00007fe0e0007570] Heap_lock - owner thread: 0x00007fe07c001000

heap address: 0x00000000c2a00000, size: 982 MB, Compressed Oops mode: 32-bit
Narrow klass base: 0x0000000000000000, Narrow klass shift: 3
Compressed class space size: 1073741824 Address: 0x0000000100000000

Heap:
 PSYoungGen      total 18432K, used 2544K [0x00000000eb900000, 0x00000000ecd80000, 0x0000000100000000)
  eden space 15872K, 0% used [0x00000000eb900000,0x00000000eb900000,0x00000000ec880000)
  from space 2560K, 99% used [0x00000000ecb00000,0x00000000ecd7c010,0x00000000ecd80000)
  to   space 2560K, 0% used [0x00000000ec880000,0x00000000ec880000,0x00000000ecb00000)
 ParOldGen       total 42496K, used 5719K [0x00000000c2a00000, 0x00000000c5380000, 0x00000000eb900000)
  object space 42496K, 13% used [0x00000000c2a00000,0x00000000c2f95e88,0x00000000c5380000)
 Metaspace       used 13606K, capacity 13990K, committed 14080K, reserved 1060864K
  class space    used 1584K, capacity 1703K, committed 1792K, reserved 1048576K

Card table byte_map: [0x00007fe0e6081000,0x00007fe0e626d000] byte_map_base: 0x00007fe0e5a6c000

Marking Bits: (ParMarkBitMap*) 0x00007fe0e89a3d80
 Begin Bits: [0x00007fe0ca150000, 0x00007fe0cb0a8000)
 End Bits:   [0x00007fe0cb0a8000, 0x00007fe0cc000000)

Polling page: 0x00007fe0e95e8000

CodeCache: size=245760Kb used=4945Kb max_used=4945Kb free=240814Kb
 bounds [0x00007fe0d1000000, 0x00007fe0d14e0000, 0x00007fe0e0000000]
 total_blobs=1820 nmethods=1472 adapters=261
 compilation: enabled

Compilation events (10 events):
Event: 30.286 Thread 0x00007fe0e0186000 nmethod 1476 0x00007fe0d14d4f90 code [0x00007fe0d14d5500, 0x00007fe0d14d95e8]
Event: 30.334 Thread 0x00007fe0e0186000 1479       3       org.evosuite.shaded.org.objectweb.asm.Type::getType (269 bytes)
Event: 30.335 Thread 0x00007fe0e0181800 1480       4       java.util.HashMap::<init> (98 bytes)
Event: 30.336 Thread 0x00007fe0e0186000 nmethod 1479 0x00007fe0d14d1bd0 code [0x00007fe0d14d1dc0, 0x00007fe0d14d26b0]
Event: 30.336 Thread 0x00007fe0e0186000 1482       3       org.evosuite.shaded.org.objectweb.asm.ClassWriter::put (152 bytes)
Event: 30.336 Thread 0x00007fe0e0186000 nmethod 1482 0x00007fe0d14ca6d0 code [0x00007fe0d14ca8a0, 0x00007fe0d14cafd0]
Event: 30.336 Thread 0x00007fe0e0186000 1487       3       java.util.LinkedList::linkLast (59 bytes)
Event: 30.336 Thread 0x00007fe0e0186000 nmethod 1487 0x00007fe0d14c0ed0 code [0x00007fe0d14c1040, 0x00007fe0d14c1390]
Event: 30.336 Thread 0x00007fe0e0186000 1490       3       org.evosuite.shaded.org.objectweb.asm.Type::getDescriptor (88 bytes)
Event: 30.337 Thread 0x00007fe0e0184800 1489       4       org.evosuite.graphs.cfg.BytecodeInstruction::hasLineNumberSet (18 bytes)

GC Heap History (9 events):
Event: 1.970 GC heap before
{Heap before GC invocations=1 (full 0):
 PSYoungGen      total 18432K, used 15872K [0x00000000eb900000, 0x00000000ecd80000, 0x0000000100000000)
  eden space 15872K, 100% used [0x00000000eb900000,0x00000000ec880000,0x00000000ec880000)
  from space 2560K, 0% used [0x00000000ecb00000,0x00000000ecb00000,0x00000000ecd80000)
  to   space 2560K, 0% used [0x00000000ec880000,0x00000000ec880000,0x00000000ecb00000)
 ParOldGen       total 42496K, used 0K [0x00000000c2a00000, 0x00000000c5380000, 0x00000000eb900000)
  object space 42496K, 0% used [0x00000000c2a00000,0x00000000c2a00000,0x00000000c5380000)
 Metaspace       used 10063K, capacity 10252K, committed 10624K, reserved 1058816K
  class space    used 1218K, capacity 1287K, committed 1408K, reserved 1048576K
Event: 1.979 GC heap after
Heap after GC invocations=1 (full 0):
 PSYoungGen      total 18432K, used 2544K [0x00000000eb900000, 0x00000000ecd80000, 0x0000000100000000)
  eden space 15872K, 0% used [0x00000000eb900000,0x00000000eb900000,0x00000000ec880000)
  from space 2560K, 99% used [0x00000000ec880000,0x00000000ecafc020,0x00000000ecb00000)
  to   space 2560K, 0% used [0x00000000ecb00000,0x00000000ecb00000,0x00000000ecd80000)
 ParOldGen       total 42496K, used 1571K [0x00000000c2a00000, 0x00000000c5380000, 0x00000000eb900000)
  object space 42496K, 3% used [0x00000000c2a00000,0x00000000c2b88eb0,0x00000000c5380000)
 Metaspace       used 10063K, capacity 10252K, committed 10624K, reserved 1058816K
  class space    used 1218K, capacity 1287K, committed 1408K, reserved 1048576K
}
Event: 2.011 GC heap before
{Heap before GC invocations=2 (full 0):
 PSYoungGen      total 18432K, used 3315K [0x00000000eb900000, 0x00000000ecd80000, 0x0000000100000000)
  eden space 15872K, 4% used [0x00000000eb900000,0x00000000eb9c0ea8,0x00000000ec880000)
  from space 2560K, 99% used [0x00000000ec880000,0x00000000ecafc020,0x00000000ecb00000)
  to   space 2560K, 0% used [0x00000000ecb00000,0x00000000ecb00000,0x00000000ecd80000)
 ParOldGen       total 42496K, used 1571K [0x00000000c2a00000, 0x00000000c5380000, 0x00000000eb900000)
  object space 42496K, 3% used [0x00000000c2a00000,0x00000000c2b88eb0,0x00000000c5380000)
 Metaspace       used 10194K, capacity 10350K, committed 10624K, reserved 1058816K
  class space    used 1236K, capacity 1320K, committed 1408K, reserved 1048576K
Event: 2.026 GC heap after
Heap after GC invocations=2 (full 0):
 PSYoungGen      total 18432K, used 2464K [0x00000000eb900000, 0x00000000ecd80000, 0x0000000100000000)
  eden space 15872K, 0% used [0x00000000eb900000,0x00000000eb900000,0x00000000ec880000)
  from space 2560K, 96% used [0x00000000ecb00000,0x00000000ecd68000,0x00000000ecd80000)
  to   space 2560K, 0% used [0x00000000ec880000,0x00000000ec880000,0x00000000ecb00000)
 ParOldGen       total 42496K, used 1643K [0x00000000c2a00000, 0x00000000c5380000, 0x00000000eb900000)
  object space 42496K, 3% used [0x00000000c2a00000,0x00000000c2b9aec0,0x00000000c5380000)
 Metaspace       used 10194K, capacity 10350K, committed 10624K, reserved 1058816K
  class space    used 1236K, capacity 1320K, committed 1408K, reserved 1048576K
}
Event: 2.026 GC heap before
{Heap before GC invocations=3 (full 1):
 PSYoungGen      total 18432K, used 2464K [0x00000000eb900000, 0x00000000ecd80000, 0x0000000100000000)
  eden space 15872K, 0% used [0x00000000eb900000,0x00000000eb900000,0x00000000ec880000)
  from space 2560K, 96% used [0x00000000ecb00000,0x00000000ecd68000,0x00000000ecd80000)
  to   space 2560K, 0% used [0x00000000ec880000,0x00000000ec880000,0x00000000ecb00000)
 ParOldGen       total 42496K, used 1643K [0x00000000c2a00000, 0x00000000c5380000, 0x00000000eb900000)
  object space 42496K, 3% used [0x00000000c2a00000,0x00000000c2b9aec0,0x00000000c5380000)
 Metaspace       used 10194K, capacity 10350K, committed 10624K, reserved 1058816K
  class space    used 1236K, capacity 1320K, committed 1408K, reserved 1048576K
Event: 2.146 GC heap after
Heap after GC invocations=3 (full 1):
 PSYoungGen      total 18432K, used 0K [0x00000000eb900000, 0x00000000ecd80000, 0x0000000100000000)
  eden space 15872K, 0% used [0x00000000eb900000,0x00000000eb900000,0x00000000ec880000)
  from space 2560K, 0% used [0x00000000ecb00000,0x00000000ecb00000,0x00000000ecd80000)
  to   space 2560K, 0% used [0x00000000ec880000,0x00000000ec880000,0x00000000ecb00000)
 ParOldGen       total 42496K, used 2464K [0x00000000c2a00000, 0x00000000c5380000, 0x00000000eb900000)
  object space 42496K, 5% used [0x00000000c2a00000,0x00000000c2c680f8,0x00000000c5380000)
 Metaspace       used 10186K, capacity 10340K, committed 10624K, reserved 1058816K
  class space    used 1235K, capacity 1318K, committed 1408K, reserved 1048576K
}
Event: 28.597 GC heap before
{Heap before GC invocations=4 (full 1):
 PSYoungGen      total 18432K, used 15872K [0x00000000eb900000, 0x00000000ecd80000, 0x0000000100000000)
  eden space 15872K, 100% used [0x00000000eb900000,0x00000000ec880000,0x00000000ec880000)
  from space 2560K, 0% used [0x00000000ecb00000,0x00000000ecb00000,0x00000000ecd80000)
  to   space 2560K, 0% used [0x00000000ec880000,0x00000000ec880000,0x00000000ecb00000)
 ParOldGen       total 42496K, used 2464K [0x00000000c2a00000, 0x00000000c5380000, 0x00000000eb900000)
  object space 42496K, 5% used [0x00000000c2a00000,0x00000000c2c680f8,0x00000000c5380000)
 Metaspace       used 13206K, capacity 13562K, committed 13824K, reserved 1060864K
  class space    used 1560K, capacity 1669K, committed 1792K, reserved 1048576K
Event: 28.606 GC heap after
Heap after GC invocations=4 (full 1):
 PSYoungGen      total 18432K, used 2535K [0x00000000eb900000, 0x00000000ecd80000, 0x0000000100000000)
  eden space 15872K, 0% used [0x00000000eb900000,0x00000000eb900000,0x00000000ec880000)
  from space 2560K, 99% used [0x00000000ec880000,0x00000000ecaf9f88,0x00000000ecb00000)
  to   space 2560K, 0% used [0x00000000ecb00000,0x00000000ecb00000,0x00000000ecd80000)
 ParOldGen       total 42496K, used 4447K [0x00000000c2a00000, 0x00000000c5380000, 0x00000000eb900000)
  object space 42496K, 10% used [0x00000000c2a00000,0x00000000c2e57cc0,0x00000000c5380000)
 Metaspace       used 13206K, capacity 13562K, committed 13824K, reserved 1060864K
  class space    used 1560K, capacity 1669K, committed 1792K, reserved 1048576K
}
Event: 30.359 GC heap before
{Heap before GC invocations=5 (full 1):
 PSYoungGen      total 18432K, used 18407K [0x00000000eb900000, 0x00000000ecd80000, 0x0000000100000000)
  eden space 15872K, 100% used [0x00000000eb900000,0x00000000ec880000,0x00000000ec880000)
  from space 2560K, 99% used [0x00000000ec880000,0x00000000ecaf9f88,0x00000000ecb00000)
  to   space 2560K, 0% used [0x00000000ecb00000,0x00000000ecb00000,0x00000000ecd80000)
 ParOldGen       total 42496K, used 4447K [0x00000000c2a00000, 0x00000000c5380000, 0x00000000eb900000)
  object space 42496K, 10% used [0x00000000c2a00000,0x00000000c2e57cc0,0x00000000c5380000)
 Metaspace       used 13606K, capacity 13990K, committed 14080K, reserved 1060864K
  class space    used 1584K, capacity 1703K, committed 1792K, reserved 1048576K

Deoptimization events (10 events):
Event: 26.424 Thread 0x00007fe07c001000 Uncommon trap: reason=unstable_if action=reinterpret pc=0x00007fe0d13a1574 method=java.io.ObjectStreamClass$FieldReflector.setObjFieldValues(Ljava/lang/Object;[Ljava/lang/Object;)V @ 92
Event: 27.214 Thread 0x00007fe07c001000 Uncommon trap: reason=unstable_if action=reinterpret pc=0x00007fe0d13b62ec method=java.io.ObjectInputStream$HandleTable.finish(I)V @ 4
Event: 27.215 Thread 0x00007fe07c001000 Uncommon trap: reason=uninitialized action=reinterpret pc=0x00007fe0d13be7b8 method=java.io.ObjectInputStream$HandleTable.markDependency(II)V @ 110
Event: 27.215 Thread 0x00007fe07c001000 Uncommon trap: reason=uninitialized action=reinterpret pc=0x00007fe0d13be7b8 method=java.io.ObjectInputStream$HandleTable.markDependency(II)V @ 110
Event: 28.125 Thread 0x00007fe07c001000 Uncommon trap: reason=class_check action=maybe_recompile pc=0x00007fe0d13b9c14 method=java.util.HashMap.putVal(ILjava/lang/Object;Ljava/lang/Object;ZZ)Ljava/lang/Object; @ 203
Event: 28.645 Thread 0x00007fe07c001000 Uncommon trap: reason=unstable_if action=reinterpret pc=0x00007fe0d1235030 method=java.lang.AbstractStringBuilder.append(Ljava/lang/String;)Ljava/lang/AbstractStringBuilder; @ 1
Event: 28.703 Thread 0x00007fe07c001000 Uncommon trap: reason=unstable_if action=reinterpret pc=0x00007fe0d120ccf8 method=java.lang.AbstractStringBuilder.append(Ljava/lang/String;)Ljava/lang/AbstractStringBuilder; @ 1
Event: 29.043 Thread 0x00007fe07c001000 Uncommon trap: reason=class_check action=maybe_recompile pc=0x00007fe0d13b9c14 method=java.util.HashMap.putVal(ILjava/lang/Object;Ljava/lang/Object;ZZ)Ljava/lang/Object; @ 203
Event: 29.043 Thread 0x00007fe07c001000 Uncommon trap: reason=class_check action=maybe_recompile pc=0x00007fe0d13b9c14 method=java.util.HashMap.putVal(ILjava/lang/Object;Ljava/lang/Object;ZZ)Ljava/lang/Object; @ 203
Event: 29.043 Thread 0x00007fe07c001000 Uncommon trap: reason=class_check action=maybe_recompile pc=0x00007fe0d13b9c14 method=java.util.HashMap.putVal(ILjava/lang/Object;Ljava/lang/Object;ZZ)Ljava/lang/Object; @ 203

Classes redefined (0 events):
No events

Internal exceptions (10 events):
Event: 11.258 Thread 0x00007fe0e02fd800 Exception <a 'java/net/ConnectException'> (0x00000000ebb52f68) thrown at [/HUDSON/workspace/8-2-build-linux-amd64/jdk8u201/12317/hotspot/src/share/vm/prims/jni.cpp, line 709]
Event: 11.277 Thread 0x00007fe0e02ff000 Exception <a 'java/net/ConnectException'> (0x00000000ebb7ab10) thrown at [/HUDSON/workspace/8-2-build-linux-amd64/jdk8u201/12317/hotspot/src/share/vm/prims/jni.cpp, line 709]
Event: 11.283 Thread 0x00007fe0e0303000 Exception <a 'java/net/ConnectException'> (0x00000000ebba26b8) thrown at [/HUDSON/workspace/8-2-build-linux-amd64/jdk8u201/12317/hotspot/src/share/vm/prims/jni.cpp, line 709]
Event: 21.259 Thread 0x00007fe0e02fd800 Exception <a 'java/net/ConnectException'> (0x00000000ebb53a90) thrown at [/HUDSON/workspace/8-2-build-linux-amd64/jdk8u201/12317/hotspot/src/share/vm/prims/jni.cpp, line 709]
Event: 21.278 Thread 0x00007fe0e02ff000 Exception <a 'java/net/ConnectException'> (0x00000000ebb7b638) thrown at [/HUDSON/workspace/8-2-build-linux-amd64/jdk8u201/12317/hotspot/src/share/vm/prims/jni.cpp, line 709]
Event: 21.284 Thread 0x00007fe0e0303000 Exception <a 'java/net/ConnectException'> (0x00000000ebba31e0) thrown at [/HUDSON/workspace/8-2-build-linux-amd64/jdk8u201/12317/hotspot/src/share/vm/prims/jni.cpp, line 709]
Event: 26.424 Thread 0x00007fe07c001000 Implicit null exception at 0x00007fe0d13a092b to 0x00007fe0d13a1541
Event: 26.704 Thread 0x00007fe07c001000 Exception <a 'java/lang/NoSuchMethodError': <clinit>> (0x00000000ec3a8868) thrown at [/HUDSON/workspace/8-2-build-linux-amd64/jdk8u201/12317/hotspot/src/share/vm/prims/jni.cpp, line 1613]
Event: 28.645 Thread 0x00007fe07c001000 Implicit null exception at 0x00007fe0d1234c75 to 0x00007fe0d123501d
Event: 28.703 Thread 0x00007fe07c001000 Implicit null exception at 0x00007fe0d120c936 to 0x00007fe0d120cce1

Events (10 events):
Event: 29.139 loading class org/evosuite/shaded/org/objectweb/asm/Edge done
Event: 29.140 loading class org/evosuite/testcase/execution/TestCaseExecutor$TimeoutExceeded
Event: 29.140 loading class org/evosuite/testcase/execution/TestCaseExecutor$TimeoutExceeded done
Event: 29.146 loading class org/evosuite/instrumentation/testability/DescriptorMapping$1
Event: 29.146 loading class org/evosuite/instrumentation/testability/DescriptorMapping$1 done
Event: 29.385 loading class org/evosuite/coverage/mutation/MutationObserver
Event: 29.385 loading class org/evosuite/coverage/mutation/MutationObserver done
Event: 29.424 loading class org/evosuite/instrumentation/ReturnValueAdapter$PDType
Event: 29.424 loading class org/evosuite/instrumentation/ReturnValueAdapter$PDType done
Event: 30.337 Executing VM operation: ParallelGCFailedAllocation


Dynamic libraries:
00400000-00401000 r-xp 00000000 08:01 654793                             /usr/lib/jdk/jdk1.8.0_201/bin/java
00600000-00601000 r--p 00000000 08:01 654793                             /usr/lib/jdk/jdk1.8.0_201/bin/java
00601000-00602000 rw-p 00001000 08:01 654793                             /usr/lib/jdk/jdk1.8.0_201/bin/java
00f30000-01090000 rw-p 00000000 00:00 0                                  [heap]
c2a00000-c5380000 rw-p 00000000 00:00 0 
c5380000-eb900000 ---p 00000000 00:00 0 
eb900000-ecd80000 rw-p 00000000 00:00 0 
edd00000-100000000 ---p 00000000 00:00 0 
100000000-1001c0000 rw-p 00000000 00:00 0 
1001c0000-140000000 ---p 00000000 00:00 0 
7fe04c000000-7fe04c021000 rw-p 00000000 00:00 0 
7fe04c021000-7fe050000000 ---p 00000000 00:00 0 
7fe054000000-7fe05403b000 rw-p 00000000 00:00 0 
7fe05403b000-7fe058000000 ---p 00000000 00:00 0 
7fe058000000-7fe058021000 rw-p 00000000 00:00 0 
7fe058021000-7fe05c000000 ---p 00000000 00:00 0 
7fe05c000000-7fe05c021000 rw-p 00000000 00:00 0 
7fe05c021000-7fe060000000 ---p 00000000 00:00 0 
7fe060000000-7fe060021000 rw-p 00000000 00:00 0 
7fe060021000-7fe064000000 ---p 00000000 00:00 0 
7fe064000000-7fe064021000 rw-p 00000000 00:00 0 
7fe064021000-7fe068000000 ---p 00000000 00:00 0 
7fe068000000-7fe068021000 rw-p 00000000 00:00 0 
7fe068021000-7fe06c000000 ---p 00000000 00:00 0 
7fe06c000000-7fe06c021000 rw-p 00000000 00:00 0 
7fe06c021000-7fe070000000 ---p 00000000 00:00 0 
7fe070000000-7fe070021000 rw-p 00000000 00:00 0 
7fe070021000-7fe074000000 ---p 00000000 00:00 0 
7fe074000000-7fe074021000 rw-p 00000000 00:00 0 
7fe074021000-7fe078000000 ---p 00000000 00:00 0 
7fe078000000-7fe078021000 rw-p 00000000 00:00 0 
7fe078021000-7fe07c000000 ---p 00000000 00:00 0 
7fe07c000000-7fe07c021000 rw-p 00000000 00:00 0 
7fe07c021000-7fe080000000 ---p 00000000 00:00 0 
7fe080000000-7fe080021000 rw-p 00000000 00:00 0 
7fe080021000-7fe084000000 ---p 00000000 00:00 0 
7fe084000000-7fe084021000 rw-p 00000000 00:00 0 
7fe084021000-7fe088000000 ---p 00000000 00:00 0 
7fe088000000-7fe088021000 rw-p 00000000 00:00 0 
7fe088021000-7fe08c000000 ---p 00000000 00:00 0 
7fe08c000000-7fe08c021000 rw-p 00000000 00:00 0 
7fe08c021000-7fe090000000 ---p 00000000 00:00 0 
7fe090000000-7fe090021000 rw-p 00000000 00:00 0 
7fe090021000-7fe094000000 ---p 00000000 00:00 0 
7fe094000000-7fe094021000 rw-p 00000000 00:00 0 
7fe094021000-7fe098000000 ---p 00000000 00:00 0 
7fe098000000-7fe098021000 rw-p 00000000 00:00 0 
7fe098021000-7fe09c000000 ---p 00000000 00:00 0 
7fe09c000000-7fe09c460000 rw-p 00000000 00:00 0 
7fe09c460000-7fe0a0000000 ---p 00000000 00:00 0 
7fe0a0000000-7fe0a045a000 rw-p 00000000 00:00 0 
7fe0a045a000-7fe0a4000000 ---p 00000000 00:00 0 
7fe0a4000000-7fe0a4021000 rw-p 00000000 00:00 0 
7fe0a4021000-7fe0a8000000 ---p 00000000 00:00 0 
7fe0a8000000-7fe0a83fb000 rw-p 00000000 00:00 0 
7fe0a83fb000-7fe0ac000000 ---p 00000000 00:00 0 
7fe0ac000000-7fe0ac021000 rw-p 00000000 00:00 0 
7fe0ac021000-7fe0b0000000 ---p 00000000 00:00 0 
7fe0b0000000-7fe0b0021000 rw-p 00000000 00:00 0 
7fe0b0021000-7fe0b4000000 ---p 00000000 00:00 0 
7fe0b4000000-7fe0b4021000 rw-p 00000000 00:00 0 
7fe0b4021000-7fe0b8000000 ---p 00000000 00:00 0 
7fe0b8fff000-7fe0bc000000 rw-p 00000000 00:00 0 
7fe0bc000000-7fe0bc021000 rw-p 00000000 00:00 0 
7fe0bc021000-7fe0c0000000 ---p 00000000 00:00 0 
7fe0c0000000-7fe0c029b000 rw-p 00000000 00:00 0 
7fe0c029b000-7fe0c4000000 ---p 00000000 00:00 0 
7fe0c4000000-7fe0c4021000 rw-p 00000000 00:00 0 
7fe0c4021000-7fe0c8000000 ---p 00000000 00:00 0 
7fe0c82f1000-7fe0c82f4000 ---p 00000000 00:00 0 
7fe0c82f4000-7fe0c85f2000 rw-p 00000000 00:00 0 
7fe0c85f2000-7fe0c85f5000 ---p 00000000 00:00 0 
7fe0c85f5000-7fe0c86f3000 rw-p 00000000 00:00 0 
7fe0c86f3000-7fe0c86f6000 ---p 00000000 00:00 0 
7fe0c86f6000-7fe0c87f4000 rw-p 00000000 00:00 0 
7fe0c87f4000-7fe0c87f7000 ---p 00000000 00:00 0 
7fe0c87f7000-7fe0c88f5000 rw-p 00000000 00:00 0 
7fe0c88f5000-7fe0c88f8000 ---p 00000000 00:00 0 
7fe0c88f8000-7fe0c89f6000 rw-p 00000000 00:00 0 
7fe0c89f6000-7fe0c89f9000 ---p 00000000 00:00 0 
7fe0c89f9000-7fe0c8af7000 rw-p 00000000 00:00 0 
7fe0c8af7000-7fe0c8afa000 ---p 00000000 00:00 0 
7fe0c8afa000-7fe0c8bf8000 rw-p 00000000 00:00 0 
7fe0c8bf8000-7fe0c8bfb000 ---p 00000000 00:00 0 
7fe0c8bfb000-7fe0c8cf9000 rw-p 00000000 00:00 0 
7fe0c8cf9000-7fe0c8cfc000 ---p 00000000 00:00 0 
7fe0c8cfc000-7fe0c8dfa000 rw-p 00000000 00:00 0 
7fe0c8dfa000-7fe0c8dfd000 ---p 00000000 00:00 0 
7fe0c8dfd000-7fe0c8efb000 rw-p 00000000 00:00 0 
7fe0c8efb000-7fe0c8efe000 ---p 00000000 00:00 0 
7fe0c8efe000-7fe0c8ffc000 rw-p 00000000 00:00 0 
7fe0c8ffc000-7fe0c8fff000 ---p 00000000 00:00 0 
7fe0c8fff000-7fe0c90fd000 rw-p 00000000 00:00 0 
7fe0c90fd000-7fe0c9100000 ---p 00000000 00:00 0 
7fe0c9100000-7fe0c91fe000 rw-p 00000000 00:00 0 
7fe0c91fe000-7fe0c9201000 ---p 00000000 00:00 0 
7fe0c9201000-7fe0c92ff000 rw-p 00000000 00:00 0 
7fe0c92ff000-7fe0c9302000 ---p 00000000 00:00 0 
7fe0c9302000-7fe0c9600000 rw-p 00000000 00:00 0 
7fe0c9600000-7fe0c9603000 ---p 00000000 00:00 0 
7fe0c9603000-7fe0c9701000 rw-p 00000000 00:00 0 
7fe0c9701000-7fe0c9704000 ---p 00000000 00:00 0 
7fe0c9704000-7fe0c9802000 rw-p 00000000 00:00 0 
7fe0c9802000-7fe0c9805000 ---p 00000000 00:00 0 
7fe0c9805000-7fe0c9903000 rw-p 00000000 00:00 0 
7fe0c9903000-7fe0c9919000 r-xp 00000000 08:01 656512                     /usr/lib/jdk/jdk1.8.0_201/jre/lib/amd64/libnet.so
7fe0c9919000-7fe0c9b19000 ---p 00016000 08:01 656512                     /usr/lib/jdk/jdk1.8.0_201/jre/lib/amd64/libnet.so
7fe0c9b19000-7fe0c9b1a000 r--p 00016000 08:01 656512                     /usr/lib/jdk/jdk1.8.0_201/jre/lib/amd64/libnet.so
7fe0c9b1a000-7fe0c9b1b000 rw-p 00017000 08:01 656512                     /usr/lib/jdk/jdk1.8.0_201/jre/lib/amd64/libnet.so
7fe0c9b1b000-7fe0c9d4c000 r--s 01bb1000 08:01 403225                     /home/hewitt/work/DiffTGen-master/lib/evosuite-1.0.6.jar
7fe0c9d4c000-7fe0c9d4d000 ---p 00000000 00:00 0 
7fe0c9d4d000-7fe0c9e4d000 rw-p 00000000 00:00 0 
7fe0c9e4d000-7fe0c9e50000 ---p 00000000 00:00 0 
7fe0c9e50000-7fe0c9f4e000 rw-p 00000000 00:00 0 
7fe0c9f4e000-7fe0c9f51000 ---p 00000000 00:00 0 
7fe0c9f51000-7fe0ca04f000 rw-p 00000000 00:00 0 
7fe0ca04f000-7fe0ca052000 ---p 00000000 00:00 0 
7fe0ca052000-7fe0cc000000 rw-p 00000000 00:00 0 
7fe0cc000000-7fe0cc021000 rw-p 00000000 00:00 0 
7fe0cc021000-7fe0d0000000 ---p 00000000 00:00 0 
7fe0d003b000-7fe0d003e000 ---p 00000000 00:00 0 
7fe0d003e000-7fe0d013c000 rw-p 00000000 00:00 0 
7fe0d013c000-7fe0d013f000 ---p 00000000 00:00 0 
7fe0d013f000-7fe0d023d000 rw-p 00000000 00:00 0 
7fe0d023d000-7fe0d0bfc000 r--p 00000000 08:01 270368                     /usr/lib/locale/locale-archive
7fe0d0bfc000-7fe0d0bff000 ---p 00000000 00:00 0 
7fe0d0bff000-7fe0d0cfd000 rw-p 00000000 00:00 0 
7fe0d0cfd000-7fe0d0d00000 ---p 00000000 00:00 0 
7fe0d0d00000-7fe0d0dfe000 rw-p 00000000 00:00 0 
7fe0d0dfe000-7fe0d0dff000 ---p 00000000 00:00 0 
7fe0d0dff000-7fe0d1000000 rw-p 00000000 00:00 0 
7fe0d1000000-7fe0d14e0000 rwxp 00000000 00:00 0 
7fe0d14e0000-7fe0e0000000 ---p 00000000 00:00 0 
7fe0e0000000-7fe0e04e0000 rw-p 00000000 00:00 0 
7fe0e04e0000-7fe0e4000000 ---p 00000000 00:00 0 
7fe0e4030000-7fe0e403a000 r--s 00116000 08:01 656361                     /usr/lib/jdk/jdk1.8.0_201/jre/lib/ext/localedata.jar
7fe0e403a000-7fe0e403d000 ---p 00000000 00:00 0 
7fe0e403d000-7fe0e4073000 rw-p 00000000 00:00 0 
7fe0e4073000-7fe0e40ec000 r--s 010fd000 08:01 654900                     /usr/lib/jdk/jdk1.8.0_201/lib/tools.jar
7fe0e40ec000-7fe0e4efa000 rw-p 00000000 00:00 0 
7fe0e4efa000-7fe0e50d4000 r--s 03d6f000 08:01 656293                     /usr/lib/jdk/jdk1.8.0_201/jre/lib/rt.jar
7fe0e50d4000-7fe0e5b35000 rw-p 00000000 00:00 0 
7fe0e5b35000-7fe0e5b36000 ---p 00000000 00:00 0 
7fe0e5b36000-7fe0e5c36000 rw-p 00000000 00:00 0 
7fe0e5c36000-7fe0e5c37000 ---p 00000000 00:00 0 
7fe0e5c37000-7fe0e5d37000 rw-p 00000000 00:00 0 
7fe0e5d37000-7fe0e5d38000 ---p 00000000 00:00 0 
7fe0e5d38000-7fe0e5e38000 rw-p 00000000 00:00 0 
7fe0e5e38000-7fe0e5e39000 ---p 00000000 00:00 0 
7fe0e5e39000-7fe0e5f4e000 rw-p 00000000 00:00 0 
7fe0e5f4e000-7fe0e6081000 ---p 00000000 00:00 0 
7fe0e6081000-7fe0e6096000 rw-p 00000000 00:00 0 
7fe0e6096000-7fe0e61c8000 ---p 00000000 00:00 0 
7fe0e61c8000-7fe0e61d3000 rw-p 00000000 00:00 0 
7fe0e61d3000-7fe0e626c000 ---p 00000000 00:00 0 
7fe0e626c000-7fe0e6281000 rw-p 00000000 00:00 0 
7fe0e6281000-7fe0e662d000 ---p 00000000 00:00 0 
7fe0e662d000-7fe0e6648000 r-xp 00000000 08:01 656508                     /usr/lib/jdk/jdk1.8.0_201/jre/lib/amd64/libzip.so
7fe0e6648000-7fe0e6847000 ---p 0001b000 08:01 656508                     /usr/lib/jdk/jdk1.8.0_201/jre/lib/amd64/libzip.so
7fe0e6847000-7fe0e6848000 r--p 0001a000 08:01 656508                     /usr/lib/jdk/jdk1.8.0_201/jre/lib/amd64/libzip.so
7fe0e6848000-7fe0e6849000 rw-p 0001b000 08:01 656508                     /usr/lib/jdk/jdk1.8.0_201/jre/lib/amd64/libzip.so
7fe0e6849000-7fe0e6854000 r-xp 00000000 08:01 658902                     /lib/x86_64-linux-gnu/libnss_files-2.23.so
7fe0e6854000-7fe0e6a53000 ---p 0000b000 08:01 658902                     /lib/x86_64-linux-gnu/libnss_files-2.23.so
7fe0e6a53000-7fe0e6a54000 r--p 0000a000 08:01 658902                     /lib/x86_64-linux-gnu/libnss_files-2.23.so
7fe0e6a54000-7fe0e6a55000 rw-p 0000b000 08:01 658902                     /lib/x86_64-linux-gnu/libnss_files-2.23.so
7fe0e6a55000-7fe0e6a5b000 rw-p 00000000 00:00 0 
7fe0e6a5b000-7fe0e6a66000 r-xp 00000000 08:01 658912                     /lib/x86_64-linux-gnu/libnss_nis-2.23.so
7fe0e6a66000-7fe0e6c65000 ---p 0000b000 08:01 658912                     /lib/x86_64-linux-gnu/libnss_nis-2.23.so
7fe0e6c65000-7fe0e6c66000 r--p 0000a000 08:01 658912                     /lib/x86_64-linux-gnu/libnss_nis-2.23.so
7fe0e6c66000-7fe0e6c67000 rw-p 0000b000 08:01 658912                     /lib/x86_64-linux-gnu/libnss_nis-2.23.so
7fe0e6c67000-7fe0e6c7d000 r-xp 00000000 08:01 658896                     /lib/x86_64-linux-gnu/libnsl-2.23.so
7fe0e6c7d000-7fe0e6e7c000 ---p 00016000 08:01 658896                     /lib/x86_64-linux-gnu/libnsl-2.23.so
7fe0e6e7c000-7fe0e6e7d000 r--p 00015000 08:01 658896                     /lib/x86_64-linux-gnu/libnsl-2.23.so
7fe0e6e7d000-7fe0e6e7e000 rw-p 00016000 08:01 658896                     /lib/x86_64-linux-gnu/libnsl-2.23.so
7fe0e6e7e000-7fe0e6e80000 rw-p 00000000 00:00 0 
7fe0e6e80000-7fe0e6e88000 r-xp 00000000 08:01 658898                     /lib/x86_64-linux-gnu/libnss_compat-2.23.so
7fe0e6e88000-7fe0e7087000 ---p 00008000 08:01 658898                     /lib/x86_64-linux-gnu/libnss_compat-2.23.so
7fe0e7087000-7fe0e7088000 r--p 00007000 08:01 658898                     /lib/x86_64-linux-gnu/libnss_compat-2.23.so
7fe0e7088000-7fe0e7089000 rw-p 00008000 08:01 658898                     /lib/x86_64-linux-gnu/libnss_compat-2.23.so
7fe0e7089000-7fe0e70b5000 r-xp 00000000 08:01 656502                     /usr/lib/jdk/jdk1.8.0_201/jre/lib/amd64/libjava.so
7fe0e70b5000-7fe0e72b5000 ---p 0002c000 08:01 656502                     /usr/lib/jdk/jdk1.8.0_201/jre/lib/amd64/libjava.so
7fe0e72b5000-7fe0e72b6000 r--p 0002c000 08:01 656502                     /usr/lib/jdk/jdk1.8.0_201/jre/lib/amd64/libjava.so
7fe0e72b6000-7fe0e72b8000 rw-p 0002d000 08:01 656502                     /usr/lib/jdk/jdk1.8.0_201/jre/lib/amd64/libjava.so
7fe0e72b8000-7fe0e72c5000 r-xp 00000000 08:01 656507                     /usr/lib/jdk/jdk1.8.0_201/jre/lib/amd64/libverify.so
7fe0e72c5000-7fe0e74c4000 ---p 0000d000 08:01 656507                     /usr/lib/jdk/jdk1.8.0_201/jre/lib/amd64/libverify.so
7fe0e74c4000-7fe0e74c6000 r--p 0000c000 08:01 656507                     /usr/lib/jdk/jdk1.8.0_201/jre/lib/amd64/libverify.so
7fe0e74c6000-7fe0e74c7000 rw-p 0000e000 08:01 656507                     /usr/lib/jdk/jdk1.8.0_201/jre/lib/amd64/libverify.so
7fe0e74c7000-7fe0e74ce000 r-xp 00000000 08:01 658957                     /lib/x86_64-linux-gnu/librt-2.23.so
7fe0e74ce000-7fe0e76cd000 ---p 00007000 08:01 658957                     /lib/x86_64-linux-gnu/librt-2.23.so
7fe0e76cd000-7fe0e76ce000 r--p 00006000 08:01 658957                     /lib/x86_64-linux-gnu/librt-2.23.so
7fe0e76ce000-7fe0e76cf000 rw-p 00007000 08:01 658957                     /lib/x86_64-linux-gnu/librt-2.23.so
7fe0e76cf000-7fe0e77d7000 r-xp 00000000 08:01 658873                     /lib/x86_64-linux-gnu/libm-2.23.so
7fe0e77d7000-7fe0e79d6000 ---p 00108000 08:01 658873                     /lib/x86_64-linux-gnu/libm-2.23.so
7fe0e79d6000-7fe0e79d7000 r--p 00107000 08:01 658873                     /lib/x86_64-linux-gnu/libm-2.23.so
7fe0e79d7000-7fe0e79d8000 rw-p 00108000 08:01 658873                     /lib/x86_64-linux-gnu/libm-2.23.so
7fe0e79d8000-7fe0e86c0000 r-xp 00000000 08:01 656484                     /usr/lib/jdk/jdk1.8.0_201/jre/lib/amd64/server/libjvm.so
7fe0e86c0000-7fe0e88bf000 ---p 00ce8000 08:01 656484                     /usr/lib/jdk/jdk1.8.0_201/jre/lib/amd64/server/libjvm.so
7fe0e88bf000-7fe0e8955000 r--p 00ce7000 08:01 656484                     /usr/lib/jdk/jdk1.8.0_201/jre/lib/amd64/server/libjvm.so
7fe0e8955000-7fe0e8986000 rw-p 00d7d000 08:01 656484                     /usr/lib/jdk/jdk1.8.0_201/jre/lib/amd64/server/libjvm.so
7fe0e8986000-7fe0e89c1000 rw-p 00000000 00:00 0 
7fe0e89c1000-7fe0e8b81000 r-xp 00000000 08:01 658803                     /lib/x86_64-linux-gnu/libc-2.23.so
7fe0e8b81000-7fe0e8d81000 ---p 001c0000 08:01 658803                     /lib/x86_64-linux-gnu/libc-2.23.so
7fe0e8d81000-7fe0e8d85000 r--p 001c0000 08:01 658803                     /lib/x86_64-linux-gnu/libc-2.23.so
7fe0e8d85000-7fe0e8d87000 rw-p 001c4000 08:01 658803                     /lib/x86_64-linux-gnu/libc-2.23.so
7fe0e8d87000-7fe0e8d8b000 rw-p 00000000 00:00 0 
7fe0e8d8b000-7fe0e8d8e000 r-xp 00000000 08:01 658827                     /lib/x86_64-linux-gnu/libdl-2.23.so
7fe0e8d8e000-7fe0e8f8d000 ---p 00003000 08:01 658827                     /lib/x86_64-linux-gnu/libdl-2.23.so
7fe0e8f8d000-7fe0e8f8e000 r--p 00002000 08:01 658827                     /lib/x86_64-linux-gnu/libdl-2.23.so
7fe0e8f8e000-7fe0e8f8f000 rw-p 00003000 08:01 658827                     /lib/x86_64-linux-gnu/libdl-2.23.so
7fe0e8f8f000-7fe0e8fa6000 r-xp 00000000 08:01 656155                     /usr/lib/jdk/jdk1.8.0_201/lib/amd64/jli/libjli.so
7fe0e8fa6000-7fe0e91a5000 ---p 00017000 08:01 656155                     /usr/lib/jdk/jdk1.8.0_201/lib/amd64/jli/libjli.so
7fe0e91a5000-7fe0e91a6000 r--p 00016000 08:01 656155                     /usr/lib/jdk/jdk1.8.0_201/lib/amd64/jli/libjli.so
7fe0e91a6000-7fe0e91a7000 rw-p 00017000 08:01 656155                     /usr/lib/jdk/jdk1.8.0_201/lib/amd64/jli/libjli.so
7fe0e91a7000-7fe0e91bf000 r-xp 00000000 08:01 658949                     /lib/x86_64-linux-gnu/libpthread-2.23.so
7fe0e91bf000-7fe0e93be000 ---p 00018000 08:01 658949                     /lib/x86_64-linux-gnu/libpthread-2.23.so
7fe0e93be000-7fe0e93bf000 r--p 00017000 08:01 658949                     /lib/x86_64-linux-gnu/libpthread-2.23.so
7fe0e93bf000-7fe0e93c0000 rw-p 00018000 08:01 658949                     /lib/x86_64-linux-gnu/libpthread-2.23.so
7fe0e93c0000-7fe0e93c4000 rw-p 00000000 00:00 0 
7fe0e93c4000-7fe0e93ea000 r-xp 00000000 08:01 658775                     /lib/x86_64-linux-gnu/ld-2.23.so
7fe0e93ee000-7fe0e940a000 r--s 00393000 08:01 656354                     /usr/lib/jdk/jdk1.8.0_201/jre/lib/ext/cldrdata.jar
7fe0e940a000-7fe0e940e000 r--s 000a1000 08:01 656350                     /usr/lib/jdk/jdk1.8.0_201/jre/lib/jsse.jar
7fe0e940e000-7fe0e94cc000 rw-p 00000000 00:00 0 
7fe0e94cc000-7fe0e94cf000 ---p 00000000 00:00 0 
7fe0e94cf000-7fe0e95d2000 rw-p 00000000 00:00 0 
7fe0e95d2000-7fe0e95da000 r--s 0006e000 08:01 398946                     /home/hewitt/work/DiffTGen-master/lib/commons-lang3-3.5.jar
7fe0e95da000-7fe0e95db000 r--s 00000000 08:01 398951                     /home/hewitt/work/DiffTGen-master/lib/myprinter.jar
7fe0e95db000-7fe0e95df000 r--s 00039000 08:01 406180                     /home/hewitt/work/DiffTGen-master/output/patch2-Lang-59-CapGen-plausible/Lang_59_2-plausible_capgen/target/build/classes/all0.jar
7fe0e95df000-7fe0e95e7000 rw-s 00000000 08:01 151370                     /tmp/hsperfdata_hewitt/94260
7fe0e95e7000-7fe0e95e8000 rw-p 00000000 00:00 0 
7fe0e95e8000-7fe0e95e9000 ---p 00000000 00:00 0 
7fe0e95e9000-7fe0e95ea000 r--p 00025000 08:01 658775                     /lib/x86_64-linux-gnu/ld-2.23.so
7fe0e95ea000-7fe0e95eb000 rw-p 00026000 08:01 658775                     /lib/x86_64-linux-gnu/ld-2.23.so
7fe0e95eb000-7fe0e95ec000 rw-p 00000000 00:00 0 
7ffddbb23000-7ffddbb45000 rw-p 00000000 00:00 0                          [stack]
7ffddbbc3000-7ffddbbc6000 r--p 00000000 00:00 0                          [vvar]
7ffddbbc6000-7ffddbbc8000 r-xp 00000000 00:00 0                          [vdso]
ffffffffff600000-ffffffffff601000 r-xp 00000000 00:00 0                  [vsyscall]

VM Arguments:
java_command: /home/hewitt/work/DiffTGen-master/lib/evosuite-1.0.6.jar -base_dir /home/hewitt/work/DiffTGen-master/output/patch2-Lang-59-CapGen-plausible/Lang_59_2-plausible_capgen/target/0/10 -projectCP /home/hewitt/work/DiffTGen-master/output/patch2-Lang-59-CapGen-plausible/Lang_59_2-plausible_capgen/target/build/classes/all0.jar:/home/hewitt/work/DiffTGen-master/lib/myprinter.jar:/home/hewitt/work/DiffTGen-master/lib/commons-lang3-3.5.jar -class org.apache.commons.lang.text.StrBuilder -Dassertions=false -Dsearch_budget=60
java_class_path (initial): /home/hewitt/work/DiffTGen-master/lib/evosuite-1.0.6.jar
Launcher Type: SUN_STANDARD

Environment Variables:
JAVA_HOME=/usr/lib/jdk/jdk1.8.0_201
JRE_HOME=/usr/lib/jdk/jdk1.8.0_201/jre
CLASSPATH=.:/usr/lib/jdk/jdk1.8.0_201/lib:/usr/lib/jdk/jdk1.8.0_201/jre/lib
PATH=/usr/lib/jdk/jdk1.8.0_201/bin:/home/hewitt/bin:/home/hewitt/.local/bin:/usr/lib/jdk/jdk1.7.0_80/bin:/usr/local/sbin:/usr/local/bin:/usr/sbin:/usr/bin:/sbin:/bin:/usr/games:/usr/local/games:/snap/bin:/home/hewitt/work/defects4j_v1.4.0/defects4j/framework/bin:/opt/apache-ant-1.9.14/bin:/home/hewitt/work/defects4j_v1.4.0/defects4j/framework/bin
SHELL=/bin/bash
DISPLAY=:0

Signal Handlers:
SIGSEGV: [libjvm.so+0xad3e60], sa_mask[0]=11111111011111111101111111111110, sa_flags=SA_RESTART|SA_SIGINFO
SIGBUS: [libjvm.so+0xad3e60], sa_mask[0]=11111111011111111101111111111110, sa_flags=SA_RESTART|SA_SIGINFO
SIGFPE: [libjvm.so+0x90b880], sa_mask[0]=11111111011111111101111111111110, sa_flags=SA_RESTART|SA_SIGINFO
SIGPIPE: [libjvm.so+0x90b880], sa_mask[0]=11111111011111111101111111111110, sa_flags=SA_RESTART|SA_SIGINFO
SIGXFSZ: [libjvm.so+0x90b880], sa_mask[0]=11111111011111111101111111111110, sa_flags=SA_RESTART|SA_SIGINFO
SIGILL: [libjvm.so+0x90b880], sa_mask[0]=11111111011111111101111111111110, sa_flags=SA_RESTART|SA_SIGINFO
SIGUSR1: SIG_DFL, sa_mask[0]=00000000000000000000000000000000, sa_flags=none
SIGUSR2: [libjvm.so+0x90b750], sa_mask[0]=00100000000000000000000000000000, sa_flags=SA_RESTART|SA_SIGINFO
SIGHUP: [libjvm.so+0x90bd70], sa_mask[0]=11111111011111111101111111111110, sa_flags=SA_RESTART|SA_SIGINFO
SIGINT: [libjvm.so+0x90bd70], sa_mask[0]=11111111011111111101111111111110, sa_flags=SA_RESTART|SA_SIGINFO
SIGTERM: [libjvm.so+0x90bd70], sa_mask[0]=11111111011111111101111111111110, sa_flags=SA_RESTART|SA_SIGINFO
SIGQUIT: [libjvm.so+0x90bd70], sa_mask[0]=11111111011111111101111111111110, sa_flags=SA_RESTART|SA_SIGINFO


---------------  S Y S T E M  ---------------

OS:DISTRIB_ID=Ubuntu
DISTRIB_RELEASE=16.04
DISTRIB_CODENAME=xenial
DISTRIB_DESCRIPTION="Ubuntu 16.04.6 LTS"

uname:Linux 4.15.0-91-generic #92~16.04.1-Ubuntu SMP Fri Feb 28 14:57:22 UTC 2020 x86_64
libc:glibc 2.23 NPTL 2.23 
rlimit: STACK 8192k, CORE 0k, NPROC 15448, NOFILE 1048576, AS infinity
load average:16.66 12.84 12.93

/proc/meminfo:
MemTotal:        4015928 kB
MemFree:          452548 kB
MemAvailable:     355332 kB
Buffers:             456 kB
Cached:            12852 kB
SwapCached:          724 kB
Active:          2590716 kB
Inactive:         532324 kB
Active(anon):    2583072 kB
Inactive(anon):   526836 kB
Active(file):       7644 kB
Inactive(file):     5488 kB
Unevictable:          48 kB
Mlocked:              48 kB
SwapTotal:        998396 kB
SwapFree:            712 kB
Dirty:               116 kB
Writeback:           468 kB
AnonPages:       3109196 kB
Mapped:            12292 kB
Shmem:                12 kB
Slab:              91544 kB
SReclaimable:      33372 kB
SUnreclaim:        58172 kB
KernelStack:       17696 kB
PageTables:        43044 kB
NFS_Unstable:          0 kB
Bounce:                0 kB
WritebackTmp:          0 kB
CommitLimit:     3006360 kB
Committed_AS:    9163244 kB
VmallocTotal:   34359738367 kB
VmallocUsed:           0 kB
VmallocChunk:          0 kB
HardwareCorrupted:     0 kB
AnonHugePages:         0 kB
ShmemHugePages:        0 kB
ShmemPmdMapped:        0 kB
CmaTotal:              0 kB
CmaFree:               0 kB
HugePages_Total:       0
HugePages_Free:        0
HugePages_Rsvd:        0
HugePages_Surp:        0
Hugepagesize:       2048 kB
DirectMap4k:       98112 kB
DirectMap2M:     4096000 kB
DirectMap1G:     2097152 kB

container (cgroup) information:
container_type: cgroupv1
cpu_cpuset_cpus: 0-3
cpu_memory_nodes: 0
active_processor_count: 4
cpu_quota: -1
cpu_period: 100000
cpu_shares: -1
memory_limit_in_bytes: -1
memory_and_swap_limit_in_bytes: -2
memory_soft_limit_in_bytes: -1
memory_usage_in_bytes: 3198623744
memory_max_usage_in_bytes: 20938752


CPU:total 4 (initial active 4) (2 cores per cpu, 1 threads per core) family 6 model 158 stepping 9, cmov, cx8, fxsr, mmx, sse, sse2, sse3, ssse3, sse4.1, sse4.2, popcnt, avx, avx2, aes, clmul, erms, 3dnowpref, lzcnt, tsc, tscinvbit, bmi1, bmi2, adx

/proc/cpuinfo:
processor	: 0
vendor_id	: GenuineIntel
cpu family	: 6
model		: 158
model name	: Intel(R) Core(TM) i7-7700HQ CPU @ 2.80GHz
stepping	: 9
microcode	: 0xb4
cpu MHz		: 2808.002
cache size	: 6144 KB
physical id	: 0
siblings	: 2
core id		: 0
cpu cores	: 2
apicid		: 0
initial apicid	: 0
fpu		: yes
fpu_exception	: yes
cpuid level	: 22
wp		: yes
flags		: fpu vme de pse tsc msr pae mce cx8 apic sep mtrr pge mca cmov pat pse36 clflush mmx fxsr sse sse2 ss ht syscall nx pdpe1gb rdtscp lm constant_tsc arch_perfmon nopl xtopology tsc_reliable nonstop_tsc cpuid pni pclmulqdq ssse3 fma cx16 pcid sse4_1 sse4_2 x2apic movbe popcnt tsc_deadline_timer aes xsave avx f16c rdrand hypervisor lahf_lm abm 3dnowprefetch cpuid_fault invpcid_single pti ssbd ibrs ibpb stibp fsgsbase tsc_adjust bmi1 avx2 smep bmi2 invpcid mpx rdseed adx smap clflushopt xsaveopt xsavec xsaves arat md_clear flush_l1d arch_capabilities
bugs		: cpu_meltdown spectre_v1 spectre_v2 spec_store_bypass l1tf mds swapgs itlb_multihit
bogomips	: 5616.00
clflush size	: 64
cache_alignment	: 64
address sizes	: 43 bits physical, 48 bits virtual
power management:

processor	: 1
vendor_id	: GenuineIntel
cpu family	: 6
model		: 158
model name	: Intel(R) Core(TM) i7-7700HQ CPU @ 2.80GHz
stepping	: 9
microcode	: 0xb4
cpu MHz		: 2808.002
cache size	: 6144 KB
physical id	: 0
siblings	: 2
core id		: 1
cpu cores	: 2
apicid		: 1
initial apicid	: 1
fpu		: yes
fpu_exception	: yes
cpuid level	: 22
wp		: yes
flags		: fpu vme de pse tsc msr pae mce cx8 apic sep mtrr pge mca cmov pat pse36 clflush mmx fxsr sse sse2 ss ht syscall nx pdpe1gb rdtscp lm constant_tsc arch_perfmon nopl xtopology tsc_reliable nonstop_tsc cpuid pni pclmulqdq ssse3 fma cx16 pcid sse4_1 sse4_2 x2apic movbe popcnt tsc_deadline_timer aes xsave avx f16c rdrand hypervisor lahf_lm abm 3dnowprefetch cpuid_fault invpcid_single pti ssbd ibrs ibpb stibp fsgsbase tsc_adjust bmi1 avx2 smep bmi2 invpcid mpx rdseed adx smap clflushopt xsaveopt xsavec xsaves arat md_clear flush_l1d arch_capabilities
bugs		: cpu_meltdown spectre_v1 spectre_v2 spec_store_bypass l1tf mds swapgs itlb_multihit
bogomips	: 5616.00
clflush size	: 64
cache_alignment	: 64
address sizes	: 43 bits physical, 48 bits virtual
power management:

processor	: 2
vendor_id	: GenuineIntel
cpu family	: 6
model		: 158
model name	: Intel(R) Core(TM) i7-7700HQ CPU @ 2.80GHz
stepping	: 9
microcode	: 0xb4
cpu MHz		: 2808.002
cache size	: 6144 KB
physical id	: 1
siblings	: 2
core id		: 0
cpu cores	: 2
apicid		: 2
initial apicid	: 2
fpu		: yes
fpu_exception	: yes
cpuid level	: 22
wp		: yes
flags		: fpu vme de pse tsc msr pae mce cx8 apic sep mtrr pge mca cmov pat pse36 clflush mmx fxsr sse sse2 ss ht syscall nx pdpe1gb rdtscp lm constant_tsc arch_perfmon nopl xtopology tsc_reliable nonstop_tsc cpuid pni pclmulqdq ssse3 fma cx16 pcid sse4_1 sse4_2 x2apic movbe popcnt tsc_deadline_timer aes xsave avx f16c rdrand hypervisor lahf_lm abm 3dnowprefetch cpuid_fault invpcid_single pti ssbd ibrs ibpb stibp fsgsbase tsc_adjust bmi1 avx2 smep bmi2 invpcid mpx rdseed adx smap clflushopt xsaveopt xsavec xsaves arat md_clear flush_l1d arch_capabilities
bugs		: cpu_meltdown spectre_v1 spectre_v2 spec_store_bypass l1tf mds swapgs itlb_multihit
bogomips	: 5616.00
clflush size	: 64
cache_alignment	: 64
address sizes	: 43 bits physical, 48 bits virtual
power management:

processor	: 3
vendor_id	: GenuineIntel
cpu family	: 6
model		: 158
model name	: Intel(R) Core(TM) i7-7700HQ CPU @ 2.80GHz
stepping	: 9
microcode	: 0xb4
cpu MHz		: 2808.002
cache size	: 6144 KB
physical id	: 1
siblings	: 2
core id		: 1
cpu cores	: 2
apicid		: 3
initial apicid	: 3
fpu		: yes
fpu_exception	: yes
cpuid level	: 22
wp		: yes
flags		: fpu vme de pse tsc msr pae mce cx8 apic sep mtrr pge mca cmov pat pse36 clflush mmx fxsr sse sse2 ss ht syscall nx pdpe1gb rdtscp lm constant_tsc arch_perfmon nopl xtopology tsc_reliable nonstop_tsc cpuid pni pclmulqdq ssse3 fma cx16 pcid sse4_1 sse4_2 x2apic movbe popcnt tsc_deadline_timer aes xsave avx f16c rdrand hypervisor lahf_lm abm 3dnowprefetch cpuid_fault invpcid_single pti ssbd ibrs ibpb stibp fsgsbase tsc_adjust bmi1 avx2 smep bmi2 invpcid mpx rdseed adx smap clflushopt xsaveopt xsavec xsaves arat md_clear flush_l1d arch_capabilities
bugs		: cpu_meltdown spectre_v1 spectre_v2 spec_store_bypass l1tf mds swapgs itlb_multihit
bogomips	: 5616.00
clflush size	: 64
cache_alignment	: 64
address sizes	: 43 bits physical, 48 bits virtual
power management:



Memory: 4k page, physical 4015928k(452300k free), swap 998396k(712k free)

vm_info: Java HotSpot(TM) 64-Bit Server VM (25.201-b09) for linux-amd64 JRE (1.8.0_201-b09), built on Dec 15 2018 11:35:59 by "java_re" with gcc 7.3.0

time: Sun Mar 29 02:12:53 2020
timezone: CST
elapsed time: 31 seconds (0d 0h 0m 31s)

