#
# There is insufficient memory for the Java Runtime Environment to continue.
# Native memory allocation (mmap) failed to map 65536 bytes for committing reserved memory.
# Possible reasons:
#   The system is out of physical RAM or swap space
#   The process is running with CompressedOops enabled, and the Java Heap may be blocking the growth of the native heap
# Possible solutions:
#   Reduce memory load on the system
#   Increase physical memory or swap space
#   Check if swap backing store is full
#   Decrease Java heap size (-Xmx/-Xms)
#   Decrease number of Java threads
#   Decrease Java thread stack sizes (-Xss)
#   Set larger code cache with -XX:ReservedCodeCacheSize=
#   JVM is running with Unscaled Compressed Oops mode in which the Java heap is
#     placed in the first 4GB address space. The Java Heap base address is the
#     maximum limit for the native heap growth. Please use -XX:HeapBaseMinAddress
#     to set the Java Heap base and to place the Java Heap above 4GB virtual address.
# This output file may be truncated or incomplete.
#
#  Out of Memory Error (os_linux.cpp:2749), pid=61966, tid=0x00007ff17e48d700
#
# JRE version: Java(TM) SE Runtime Environment (8.0_201-b09) (build 1.8.0_201-b09)
# Java VM: Java HotSpot(TM) 64-Bit Server VM (25.201-b09 mixed mode linux-amd64 compressed oops)
# Failed to write core dump. Core dumps have been disabled. To enable core dumping, try "ulimit -c unlimited" before starting Java again
#

---------------  T H R E A D  ---------------

Current thread (0x00007ff190181800):  JavaThread "C2 CompilerThread0" daemon [_thread_in_vm, id=62069, stack(0x00007ff17e38d000,0x00007ff17e48e000)]

Stack: [0x00007ff17e38d000,0x00007ff17e48e000],  sp=0x00007ff17e489650,  free space=1009k
Native frames: (J=compiled Java code, j=interpreted, Vv=VM code, C=native code)
V  [libjvm.so+0xad3525]  VMError::report_and_die()+0x2e5
V  [libjvm.so+0x4e0457]  report_vm_out_of_memory(char const*, int, unsigned long, VMErrorType, char const*)+0x67
V  [libjvm.so+0x9102f0]  os::pd_commit_memory(char*, unsigned long, unsigned long, bool)+0x100
V  [libjvm.so+0x90791f]  os::commit_memory(char*, unsigned long, unsigned long, bool)+0x1f
V  [libjvm.so+0xacfda0]  VirtualSpace::expand_by(unsigned long, bool)+0x140
V  [libjvm.so+0x60b99d]  CodeHeap::expand_by(unsigned long)+0x6d
V  [libjvm.so+0x45a266]  CodeCache::allocate(int, bool)+0x46
V  [libjvm.so+0x453f7a]  BufferBlob::create(char const*, int)+0x8a
V  [libjvm.so+0x45894b]  CodeBuffer::initialize(int, int)+0x1b
V  [libjvm.so+0x928cd7]  Compile::init_buffer(unsigned int*)+0x1c7
V  [libjvm.so+0x92ddd2]  Compile::Output()+0x312
V  [libjvm.so+0x47ec60]  Compile::Code_Gen()+0x2d0
V  [libjvm.so+0x480251]  Compile::Compile(ciEnv*, C2Compiler*, ciMethod*, int, bool, bool, bool)+0xd91
V  [libjvm.so+0x3c4c4a]  C2Compiler::compile_method(ciEnv*, ciMethod*, int)+0xaa
V  [libjvm.so+0x48b84c]  CompileBroker::invoke_compiler_on_method(CompileTask*)+0x73c
V  [libjvm.so+0x48d488]  CompileBroker::compiler_thread_loop()+0x6d8
V  [libjvm.so+0xa7bb6b]  JavaThread::thread_main_inner()+0xdb
V  [libjvm.so+0xa7be71]  JavaThread::run()+0x2d1
V  [libjvm.so+0x90d922]  java_start(Thread*)+0x102
C  [libpthread.so.0+0x76ba]  start_thread+0xca


Current CompileTask:
C2:  40670 2069   !   4       java.io.ObjectInputStream::readOrdinaryObject (322 bytes)


---------------  P R O C E S S  ---------------

Java Threads: ( => current thread )
  0x00007ff134002800 JavaThread "RMI TCP Connection(3)-127.0.0.1" daemon [_thread_in_native, id=62478, stack(0x00007ff17c4b5000,0x00007ff17c5b6000)]
  0x00007ff134001000 JavaThread "RMI TCP Connection(2)-127.0.0.1" daemon [_thread_in_native, id=62442, stack(0x00007ff17c7b6000,0x00007ff17c8b7000)]
  0x00007ff10c038000 JavaThread "RMI Scheduler(0)" daemon [_thread_blocked, id=62432, stack(0x00007ff17c8b7000,0x00007ff17c9b8000)]
  0x00007ff10c030800 JavaThread "RMI RenewClean-[127.0.0.1:17724]" daemon [_thread_blocked, id=62417, stack(0x00007ff17c9b8000,0x00007ff17cab9000)]
  0x00007ff130001000 JavaThread "RMI TCP Connection(idle)" daemon [_thread_blocked, id=62403, stack(0x00007ff17cab9000,0x00007ff17cbba000)]
  0x00007ff120005000 JavaThread "pool-3-thread-3" [_thread_in_native, id=62340, stack(0x00007ff17cbba000,0x00007ff17ccbb000)]
  0x00007ff120003000 JavaThread "pool-3-thread-2" [_thread_in_native, id=62336, stack(0x00007ff17ccbb000,0x00007ff17cdbc000)]
  0x00007ff120002000 JavaThread "pool-3-thread-1" [_thread_in_native, id=62331, stack(0x00007ff17cdbc000,0x00007ff17cebd000)]
  0x00007ff190428000 JavaThread "Thread-3" [_thread_in_native, id=62179, stack(0x00007ff17cebd000,0x00007ff17cfbe000)]
  0x00007ff190426000 JavaThread "Thread-2" [_thread_in_native, id=62174, stack(0x00007ff17cfbe000,0x00007ff17d0bf000)]
  0x00007ff190424800 JavaThread "process reaper" daemon [_thread_in_native, id=62173, stack(0x00007ff19403f000,0x00007ff194078000)]
  0x00007ff19041f000 JavaThread "pool-2-thread-1" [_thread_in_native, id=62146, stack(0x00007ff17d0bf000,0x00007ff17d1c0000)]
  0x00007ff19041c800 JavaThread "GC Daemon" daemon [_thread_blocked, id=62144, stack(0x00007ff17d1c0000,0x00007ff17d2c1000)]
  0x00007ff19041a000 JavaThread "RMI Reaper" [_thread_blocked, id=62140, stack(0x00007ff17d2c1000,0x00007ff17d3c2000)]
  0x00007ff190413000 JavaThread "RMI TCP Accept-20321" daemon [_thread_in_native, id=62135, stack(0x00007ff17d3c2000,0x00007ff17d4c3000)]
  0x00007ff19040b800 JavaThread "RMI TCP Accept-4417" daemon [_thread_in_native, id=62126, stack(0x00007ff17d4c3000,0x00007ff17d5c4000)]
  0x00007ff190353000 JavaThread "logback-3" daemon [_thread_blocked, id=62103, stack(0x00007ff17d83d000,0x00007ff17d93e000)]
  0x00007ff19034f800 JavaThread "logback-2" daemon [_thread_blocked, id=62100, stack(0x00007ff17d93e000,0x00007ff17da3f000)]
  0x00007ff19034e000 JavaThread "logback-1" daemon [_thread_blocked, id=62097, stack(0x00007ff17da3f000,0x00007ff17db40000)]
  0x00007ff190189000 JavaThread "Service Thread" daemon [_thread_blocked, id=62083, stack(0x00007ff17e08a000,0x00007ff17e18b000)]
  0x00007ff190186000 JavaThread "C1 CompilerThread2" daemon [_thread_blocked, id=62078, stack(0x00007ff17e18b000,0x00007ff17e28c000)]
  0x00007ff190184800 JavaThread "C2 CompilerThread1" daemon [_thread_in_native, id=62072, stack(0x00007ff17e28c000,0x00007ff17e38d000)]
=>0x00007ff190181800 JavaThread "C2 CompilerThread0" daemon [_thread_in_vm, id=62069, stack(0x00007ff17e38d000,0x00007ff17e48e000)]
  0x00007ff190180000 JavaThread "Signal Dispatcher" daemon [_thread_blocked, id=62067, stack(0x00007ff17e48e000,0x00007ff17e58f000)]
  0x00007ff19014c000 JavaThread "Finalizer" daemon [_thread_blocked, id=62047, stack(0x00007ff17ef4e000,0x00007ff17f04f000)]
  0x00007ff190149800 JavaThread "Reference Handler" daemon [_thread_blocked, id=62038, stack(0x00007ff17f04f000,0x00007ff17f150000)]
  0x00007ff19000a800 JavaThread "main" [_thread_in_native, id=61975, stack(0x00007ff19965a000,0x00007ff19975b000)]

Other Threads:
  0x00007ff190140000 VMThread [stack: 0x00007ff194078000,0x00007ff194179000] [id=62031]
  0x00007ff19018b800 WatcherThread [stack: 0x00007ff17df89000,0x00007ff17e08a000] [id=62087]

VM state:not at safepoint (normal execution)

VM Mutex/Monitor currently owned by a thread:  ([mutex/lock_event])
[0x00007ff1900063f0] CodeCache_lock - owner thread: 0x00007ff190181800

heap address: 0x00000000c2a00000, size: 982 MB, Compressed Oops mode: 32-bit
Narrow klass base: 0x0000000000000000, Narrow klass shift: 3
Compressed class space size: 1073741824 Address: 0x0000000100000000

Heap:
 PSYoungGen      total 63488K, used 55485K [0x00000000eb900000, 0x00000000f3900000, 0x0000000100000000)
  eden space 57344K, 86% used [0x00000000eb900000,0x00000000ee9362e8,0x00000000ef100000)
  from space 6144K, 99% used [0x00000000ef100000,0x00000000ef6f9278,0x00000000ef700000)
  to   space 8192K, 0% used [0x00000000f3100000,0x00000000f3100000,0x00000000f3900000)
 ParOldGen       total 42496K, used 15319K [0x00000000c2a00000, 0x00000000c5380000, 0x00000000eb900000)
  object space 42496K, 36% used [0x00000000c2a00000,0x00000000c38f5d58,0x00000000c5380000)
 Metaspace       used 14853K, capacity 15310K, committed 15360K, reserved 1062912K
  class space    used 1634K, capacity 1775K, committed 1792K, reserved 1048576K

Card table byte_map: [0x00007ff19620f000,0x00007ff1963fb000] byte_map_base: 0x00007ff195bfa000

Marking Bits: (ParMarkBitMap*) 0x00007ff198b31d80
 Begin Bits: [0x00007ff17f150000, 0x00007ff1800a8000)
 End Bits:   [0x00007ff1800a8000, 0x00007ff181000000)

Polling page: 0x00007ff199776000

CodeCache: size=245760Kb used=7458Kb max_used=7460Kb free=238301Kb
 bounds [0x00007ff181000000, 0x00007ff181750000, 0x00007ff190000000]
 total_blobs=2382 nmethods=2030 adapters=263
 compilation: enabled

Compilation events (10 events):
Event: 39.753 Thread 0x00007ff190181800 nmethod 2078 0x00007ff18173b5d0 code [0x00007ff18173b7c0, 0x00007ff18173c128]
Event: 39.753 Thread 0x00007ff190181800 2069   !   4       java.io.ObjectInputStream::readOrdinaryObject (322 bytes)
Event: 39.901 Thread 0x00007ff190186000 2091       3       java.io.ObjectOutputStream$BlockDataOutputStream::drain (45 bytes)
Event: 39.901 Thread 0x00007ff190186000 nmethod 2091 0x00007ff18173b050 code [0x00007ff18173b1e0, 0x00007ff18173b4d8]
Event: 39.904 Thread 0x00007ff190186000 2092       1       org.evosuite.rmi.service.ClientStateInformation::getState (5 bytes)
Event: 39.905 Thread 0x00007ff190186000 nmethod 2092 0x00007ff181707ad0 code [0x00007ff181707c20, 0x00007ff181707d30]
Event: 40.049 Thread 0x00007ff190186000 2093       3       java.lang.ThreadLocal$ThreadLocalMap::access$100 (7 bytes)
Event: 40.063 Thread 0x00007ff190186000 nmethod 2093 0x00007ff18173ac90 code [0x00007ff18173ae00, 0x00007ff18173af68]
Event: 40.063 Thread 0x00007ff190186000 2094       3       java.lang.ThreadLocal$ThreadLocalMap::set (136 bytes)
Event: 40.068 Thread 0x00007ff190186000 nmethod 2094 0x00007ff18173d910 code [0x00007ff18173db20, 0x00007ff18173e608]

GC Heap History (10 events):
Event: 29.853 GC heap before
{Heap before GC invocations=6 (full 1):
 PSYoungGen      total 18432K, used 18416K [0x00000000eb900000, 0x00000000ecd80000, 0x0000000100000000)
  eden space 15872K, 100% used [0x00000000eb900000,0x00000000ec880000,0x00000000ec880000)
  from space 2560K, 99% used [0x00000000ecb00000,0x00000000ecd7c010,0x00000000ecd80000)
  to   space 2560K, 0% used [0x00000000ec880000,0x00000000ec880000,0x00000000ecb00000)
 ParOldGen       total 42496K, used 8371K [0x00000000c2a00000, 0x00000000c5380000, 0x00000000eb900000)
  object space 42496K, 19% used [0x00000000c2a00000,0x00000000c322cf98,0x00000000c5380000)
 Metaspace       used 13747K, capacity 14176K, committed 14336K, reserved 1062912K
  class space    used 1584K, capacity 1702K, committed 1792K, reserved 1048576K
Event: 29.871 GC heap after
Heap after GC invocations=6 (full 1):
 PSYoungGen      total 18432K, used 2544K [0x00000000eb900000, 0x00000000edd00000, 0x0000000100000000)
  eden space 15872K, 0% used [0x00000000eb900000,0x00000000eb900000,0x00000000ec880000)
  from space 2560K, 99% used [0x00000000ec880000,0x00000000ecafc010,0x00000000ecb00000)
  to   space 2560K, 0% used [0x00000000eda80000,0x00000000eda80000,0x00000000edd00000)
 ParOldGen       total 42496K, used 9571K [0x00000000c2a00000, 0x00000000c5380000, 0x00000000eb900000)
  object space 42496K, 22% used [0x00000000c2a00000,0x00000000c3358c98,0x00000000c5380000)
 Metaspace       used 13747K, capacity 14176K, committed 14336K, reserved 1062912K
  class space    used 1584K, capacity 1702K, committed 1792K, reserved 1048576K
}
Event: 31.087 GC heap before
{Heap before GC invocations=7 (full 1):
 PSYoungGen      total 18432K, used 18416K [0x00000000eb900000, 0x00000000edd00000, 0x0000000100000000)
  eden space 15872K, 100% used [0x00000000eb900000,0x00000000ec880000,0x00000000ec880000)
  from space 2560K, 99% used [0x00000000ec880000,0x00000000ecafc010,0x00000000ecb00000)
  to   space 2560K, 0% used [0x00000000eda80000,0x00000000eda80000,0x00000000edd00000)
 ParOldGen       total 42496K, used 9571K [0x00000000c2a00000, 0x00000000c5380000, 0x00000000eb900000)
  object space 42496K, 22% used [0x00000000c2a00000,0x00000000c3358c98,0x00000000c5380000)
 Metaspace       used 13782K, capacity 14176K, committed 14336K, reserved 1062912K
  class space    used 1584K, capacity 1702K, committed 1792K, reserved 1048576K
Event: 32.176 GC heap after
Heap after GC invocations=7 (full 1):
 PSYoungGen      total 31744K, used 2560K [0x00000000eb900000, 0x00000000ee200000, 0x0000000100000000)
  eden space 29184K, 0% used [0x00000000eb900000,0x00000000eb900000,0x00000000ed580000)
  from space 2560K, 100% used [0x00000000eda80000,0x00000000edd00000,0x00000000edd00000)
  to   space 5120K, 0% used [0x00000000ed580000,0x00000000ed580000,0x00000000eda80000)
 ParOldGen       total 42496K, used 10464K [0x00000000c2a00000, 0x00000000c5380000, 0x00000000eb900000)
  object space 42496K, 24% used [0x00000000c2a00000,0x00000000c3438298,0x00000000c5380000)
 Metaspace       used 13782K, capacity 14176K, committed 14336K, reserved 1062912K
  class space    used 1584K, capacity 1702K, committed 1792K, reserved 1048576K
}
Event: 32.394 GC heap before
{Heap before GC invocations=8 (full 1):
 PSYoungGen      total 31744K, used 31744K [0x00000000eb900000, 0x00000000ee200000, 0x0000000100000000)
  eden space 29184K, 100% used [0x00000000eb900000,0x00000000ed580000,0x00000000ed580000)
  from space 2560K, 100% used [0x00000000eda80000,0x00000000edd00000,0x00000000edd00000)
  to   space 5120K, 0% used [0x00000000ed580000,0x00000000ed580000,0x00000000eda80000)
 ParOldGen       total 42496K, used 10464K [0x00000000c2a00000, 0x00000000c5380000, 0x00000000eb900000)
  object space 42496K, 24% used [0x00000000c2a00000,0x00000000c3438298,0x00000000c5380000)
 Metaspace       used 13802K, capacity 14176K, committed 14336K, reserved 1062912K
  class space    used 1584K, capacity 1702K, committed 1792K, reserved 1048576K
Event: 32.450 GC heap after
Heap after GC invocations=8 (full 1):
 PSYoungGen      total 34304K, used 4624K [0x00000000eb900000, 0x00000000efc00000, 0x0000000100000000)
  eden space 29184K, 0% used [0x00000000eb900000,0x00000000eb900000,0x00000000ed580000)
  from space 5120K, 90% used [0x00000000ed580000,0x00000000eda041b0,0x00000000eda80000)
  to   space 5120K, 0% used [0x00000000ef700000,0x00000000ef700000,0x00000000efc00000)
 ParOldGen       total 42496K, used 10464K [0x00000000c2a00000, 0x00000000c5380000, 0x00000000eb900000)
  object space 42496K, 24% used [0x00000000c2a00000,0x00000000c3438298,0x00000000c5380000)
 Metaspace       used 13802K, capacity 14176K, committed 14336K, reserved 1062912K
  class space    used 1584K, capacity 1702K, committed 1792K, reserved 1048576K
}
Event: 32.693 GC heap before
{Heap before GC invocations=9 (full 1):
 PSYoungGen      total 34304K, used 33808K [0x00000000eb900000, 0x00000000efc00000, 0x0000000100000000)
  eden space 29184K, 100% used [0x00000000eb900000,0x00000000ed580000,0x00000000ed580000)
  from space 5120K, 90% used [0x00000000ed580000,0x00000000eda041b0,0x00000000eda80000)
  to   space 5120K, 0% used [0x00000000ef700000,0x00000000ef700000,0x00000000efc00000)
 ParOldGen       total 42496K, used 10464K [0x00000000c2a00000, 0x00000000c5380000, 0x00000000eb900000)
  object space 42496K, 24% used [0x00000000c2a00000,0x00000000c3438298,0x00000000c5380000)
 Metaspace       used 13821K, capacity 14240K, committed 14336K, reserved 1062912K
  class space    used 1584K, capacity 1702K, committed 1792K, reserved 1048576K
Event: 32.739 GC heap after
Heap after GC invocations=9 (full 1):
 PSYoungGen      total 62464K, used 5112K [0x00000000eb900000, 0x00000000efe00000, 0x0000000100000000)
  eden space 57344K, 0% used [0x00000000eb900000,0x00000000eb900000,0x00000000ef100000)
  from space 5120K, 99% used [0x00000000ef700000,0x00000000efbfe238,0x00000000efc00000)
  to   space 6144K, 0% used [0x00000000ef100000,0x00000000ef100000,0x00000000ef700000)
 ParOldGen       total 42496K, used 11988K [0x00000000c2a00000, 0x00000000c5380000, 0x00000000eb900000)
  object space 42496K, 28% used [0x00000000c2a00000,0x00000000c35b5238,0x00000000c5380000)
 Metaspace       used 13821K, capacity 14240K, committed 14336K, reserved 1062912K
  class space    used 1584K, capacity 1702K, committed 1792K, reserved 1048576K
}
Event: 33.638 GC heap before
{Heap before GC invocations=10 (full 1):
 PSYoungGen      total 62464K, used 62456K [0x00000000eb900000, 0x00000000efe00000, 0x0000000100000000)
  eden space 57344K, 100% used [0x00000000eb900000,0x00000000ef100000,0x00000000ef100000)
  from space 5120K, 99% used [0x00000000ef700000,0x00000000efbfe238,0x00000000efc00000)
  to   space 6144K, 0% used [0x00000000ef100000,0x00000000ef100000,0x00000000ef700000)
 ParOldGen       total 42496K, used 11988K [0x00000000c2a00000, 0x00000000c5380000, 0x00000000eb900000)
  object space 42496K, 28% used [0x00000000c2a00000,0x00000000c35b5238,0x00000000c5380000)
 Metaspace       used 13861K, capacity 14240K, committed 14336K, reserved 1062912K
  class space    used 1584K, capacity 1702K, committed 1792K, reserved 1048576K
Event: 33.799 GC heap after
Heap after GC invocations=10 (full 1):
 PSYoungGen      total 63488K, used 6116K [0x00000000eb900000, 0x00000000f3900000, 0x0000000100000000)
  eden space 57344K, 0% used [0x00000000eb900000,0x00000000eb900000,0x00000000ef100000)
  from space 6144K, 99% used [0x00000000ef100000,0x00000000ef6f9278,0x00000000ef700000)
  to   space 8192K, 0% used [0x00000000f3100000,0x00000000f3100000,0x00000000f3900000)
 ParOldGen       total 42496K, used 15319K [0x00000000c2a00000, 0x00000000c5380000, 0x00000000eb900000)
  object space 42496K, 36% used [0x00000000c2a00000,0x00000000c38f5d58,0x00000000c5380000)
 Metaspace       used 13861K, capacity 14240K, committed 14336K, reserved 1062912K
  class space    used 1584K, capacity 1702K, committed 1792K, reserved 1048576K
}

Deoptimization events (10 events):
Event: 34.222 Thread 0x00007ff134001000 Uncommon trap: reason=unstable_if action=reinterpret pc=0x00007ff18145a544 method=java.io.ObjectInputStream$HandleTable.finish(I)V @ 4
Event: 34.268 Thread 0x00007ff134001000 Uncommon trap: reason=uninitialized action=reinterpret pc=0x00007ff18140af4c method=java.io.ObjectInputStream$HandleTable.markDependency(II)V @ 125
Event: 34.332 Thread 0x00007ff134001000 Uncommon trap: reason=unstable_if action=reinterpret pc=0x00007ff18166e17c method=org.evosuite.shaded.org.objectweb.asm.Frame.execute(IILorg/evosuite/shaded/org/objectweb/asm/ClassWriter;Lorg/evosuite/shaded/org/objectweb/asm/Item;)V @ 1238
Event: 34.382 Thread 0x00007ff134001000 Uncommon trap: reason=predicate action=maybe_recompile pc=0x00007ff1815eec10 method=java.util.ArrayList.indexOf(Ljava/lang/Object;)I @ 44
Event: 34.509 Thread 0x00007ff134001000 Uncommon trap: reason=unstable_if action=reinterpret pc=0x00007ff18163c30c method=org.evosuite.shaded.org.objectweb.asm.Type.getArgumentsAndReturnSizes(Ljava/lang/String;)I @ 47
Event: 35.018 Thread 0x00007ff134001000 Uncommon trap: reason=uninitialized action=reinterpret pc=0x00007ff1813c2d4c method=java.io.ObjectInputStream$HandleTable.markDependency(II)V @ 110
Event: 35.132 Thread 0x00007ff134001000 Uncommon trap: reason=bimorphic action=maybe_recompile pc=0x00007ff181486830 method=java.util.Collections$UnmodifiableCollection$1.next()Ljava/lang/Object; @ 4
Event: 35.132 Thread 0x00007ff134001000 Uncommon trap: reason=bimorphic action=maybe_recompile pc=0x00007ff181486830 method=java.util.Collections$UnmodifiableCollection$1.next()Ljava/lang/Object; @ 4
Event: 35.138 Thread 0x00007ff134001000 Uncommon trap: reason=bimorphic action=maybe_recompile pc=0x00007ff181486830 method=java.util.Collections$UnmodifiableCollection$1.next()Ljava/lang/Object; @ 4
Event: 35.138 Thread 0x00007ff134001000 Uncommon trap: reason=bimorphic action=maybe_recompile pc=0x00007ff181486830 method=java.util.Collections$UnmodifiableCollection$1.next()Ljava/lang/Object; @ 4

Classes redefined (0 events):
No events

Internal exceptions (10 events):
Event: 11.179 Thread 0x00007ff190353000 Exception <a 'java/net/ConnectException'> (0x00000000ebb8e6f0) thrown at [/HUDSON/workspace/8-2-build-linux-amd64/jdk8u201/12317/hotspot/src/share/vm/prims/jni.cpp, line 709]
Event: 21.144 Thread 0x00007ff19034e000 Exception <a 'java/net/ConnectException'> (0x00000000ebb3fac8) thrown at [/HUDSON/workspace/8-2-build-linux-amd64/jdk8u201/12317/hotspot/src/share/vm/prims/jni.cpp, line 709]
Event: 21.148 Thread 0x00007ff19034f800 Exception <a 'java/net/ConnectException'> (0x00000000ebb67670) thrown at [/HUDSON/workspace/8-2-build-linux-amd64/jdk8u201/12317/hotspot/src/share/vm/prims/jni.cpp, line 709]
Event: 21.179 Thread 0x00007ff190353000 Exception <a 'java/net/ConnectException'> (0x00000000ebb8f218) thrown at [/HUDSON/workspace/8-2-build-linux-amd64/jdk8u201/12317/hotspot/src/share/vm/prims/jni.cpp, line 709]
Event: 25.206 Thread 0x00007ff134001000 Exception <a 'java/lang/NoSuchMethodError': <clinit>> (0x00000000ec393288) thrown at [/HUDSON/workspace/8-2-build-linux-amd64/jdk8u201/12317/hotspot/src/share/vm/prims/jni.cpp, line 1613]
Event: 26.256 Thread 0x00007ff134001000 Implicit null exception at 0x00007ff1811d7635 to 0x00007ff1811d79dd
Event: 26.369 Thread 0x00007ff134001000 Implicit null exception at 0x00007ff1811c7036 to 0x00007ff1811c73e1
Event: 32.465 Thread 0x00007ff19034f800 Exception <a 'java/net/ConnectException'> (0x00000000eb989190) thrown at [/HUDSON/workspace/8-2-build-linux-amd64/jdk8u201/12317/hotspot/src/share/vm/prims/jni.cpp, line 709]
Event: 32.466 Thread 0x00007ff19034e000 Exception <a 'java/net/ConnectException'> (0x00000000ebe77be8) thrown at [/HUDSON/workspace/8-2-build-linux-amd64/jdk8u201/12317/hotspot/src/share/vm/prims/jni.cpp, line 709]
Event: 32.466 Thread 0x00007ff190353000 Exception <a 'java/net/ConnectException'> (0x00000000ebe96a28) thrown at [/HUDSON/workspace/8-2-build-linux-amd64/jdk8u201/12317/hotspot/src/share/vm/prims/jni.cpp, line 709]

Events (10 events):
Event: 35.384 Thread 0x00007ff134001000 DEOPT PACKING pc=0x00007ff1816a9f45 sp=0x00007ff17c8b2530
Event: 35.384 Thread 0x00007ff134001000 DEOPT UNPACKING pc=0x00007ff181047784 sp=0x00007ff17c8b2298 mode 0
Event: 35.386 loading class java/lang/ExceptionInInitializerError
Event: 35.406 loading class java/lang/ExceptionInInitializerError done
Event: 35.406 loading class org/evosuite/utils/generic/GenericField
Event: 35.406 loading class org/evosuite/utils/generic/GenericField done
Event: 35.455 loading class java/math/BigInteger
Event: 35.485 loading class java/math/BigInteger done
Event: 35.511 loading class org/evosuite/utils/ParameterizedTypeImpl
Event: 35.511 loading class org/evosuite/utils/ParameterizedTypeImpl done


Dynamic libraries:
00400000-00401000 r-xp 00000000 08:01 654793                             /usr/lib/jdk/jdk1.8.0_201/bin/java
00600000-00601000 r--p 00000000 08:01 654793                             /usr/lib/jdk/jdk1.8.0_201/bin/java
00601000-00602000 rw-p 00001000 08:01 654793                             /usr/lib/jdk/jdk1.8.0_201/bin/java
00c8a000-01184000 rw-p 00000000 00:00 0                                  [heap]
c2a00000-c5380000 rw-p 00000000 00:00 0 
c5380000-eb900000 ---p 00000000 00:00 0 
eb900000-f3900000 rw-p 00000000 00:00 0 
f3900000-100000000 ---p 00000000 00:00 0 
100000000-1001c0000 rw-p 00000000 00:00 0 
1001c0000-140000000 ---p 00000000 00:00 0 
7ff100000000-7ff100021000 rw-p 00000000 00:00 0 
7ff100021000-7ff104000000 ---p 00000000 00:00 0 
7ff104000000-7ff104021000 rw-p 00000000 00:00 0 
7ff104021000-7ff108000000 ---p 00000000 00:00 0 
7ff108000000-7ff108021000 rw-p 00000000 00:00 0 
7ff108021000-7ff10c000000 ---p 00000000 00:00 0 
7ff10c000000-7ff10c03b000 rw-p 00000000 00:00 0 
7ff10c03b000-7ff110000000 ---p 00000000 00:00 0 
7ff110000000-7ff110021000 rw-p 00000000 00:00 0 
7ff110021000-7ff114000000 ---p 00000000 00:00 0 
7ff114000000-7ff114021000 rw-p 00000000 00:00 0 
7ff114021000-7ff118000000 ---p 00000000 00:00 0 
7ff118000000-7ff118021000 rw-p 00000000 00:00 0 
7ff118021000-7ff11c000000 ---p 00000000 00:00 0 
7ff11c000000-7ff11c021000 rw-p 00000000 00:00 0 
7ff11c021000-7ff120000000 ---p 00000000 00:00 0 
7ff120000000-7ff120021000 rw-p 00000000 00:00 0 
7ff120021000-7ff124000000 ---p 00000000 00:00 0 
7ff124000000-7ff124021000 rw-p 00000000 00:00 0 
7ff124021000-7ff128000000 ---p 00000000 00:00 0 
7ff128000000-7ff128021000 rw-p 00000000 00:00 0 
7ff128021000-7ff12c000000 ---p 00000000 00:00 0 
7ff12c000000-7ff12c021000 rw-p 00000000 00:00 0 
7ff12c021000-7ff130000000 ---p 00000000 00:00 0 
7ff130000000-7ff130021000 rw-p 00000000 00:00 0 
7ff130021000-7ff134000000 ---p 00000000 00:00 0 
7ff134000000-7ff134021000 rw-p 00000000 00:00 0 
7ff134021000-7ff138000000 ---p 00000000 00:00 0 
7ff138000000-7ff138021000 rw-p 00000000 00:00 0 
7ff138021000-7ff13c000000 ---p 00000000 00:00 0 
7ff13c000000-7ff13c021000 rw-p 00000000 00:00 0 
7ff13c021000-7ff140000000 ---p 00000000 00:00 0 
7ff140000000-7ff140021000 rw-p 00000000 00:00 0 
7ff140021000-7ff144000000 ---p 00000000 00:00 0 
7ff144fff000-7ff148000000 rw-p 00000000 00:00 0 
7ff148000000-7ff148021000 rw-p 00000000 00:00 0 
7ff148021000-7ff14c000000 ---p 00000000 00:00 0 
7ff14c000000-7ff14c021000 rw-p 00000000 00:00 0 
7ff14c021000-7ff150000000 ---p 00000000 00:00 0 
7ff150000000-7ff150bd1000 rw-p 00000000 00:00 0 
7ff150bd1000-7ff154000000 ---p 00000000 00:00 0 
7ff154000000-7ff1549b5000 rw-p 00000000 00:00 0 
7ff1549b5000-7ff158000000 ---p 00000000 00:00 0 
7ff158000000-7ff158021000 rw-p 00000000 00:00 0 
7ff158021000-7ff15c000000 ---p 00000000 00:00 0 
7ff15c000000-7ff15cb42000 rw-p 00000000 00:00 0 
7ff15cb42000-7ff160000000 ---p 00000000 00:00 0 
7ff160000000-7ff160021000 rw-p 00000000 00:00 0 
7ff160021000-7ff164000000 ---p 00000000 00:00 0 
7ff164000000-7ff164021000 rw-p 00000000 00:00 0 
7ff164021000-7ff168000000 ---p 00000000 00:00 0 
7ff168000000-7ff168021000 rw-p 00000000 00:00 0 
7ff168021000-7ff16c000000 ---p 00000000 00:00 0 
7ff16c000000-7ff16c021000 rw-p 00000000 00:00 0 
7ff16c021000-7ff170000000 ---p 00000000 00:00 0 
7ff170000000-7ff170021000 rw-p 00000000 00:00 0 
7ff170021000-7ff174000000 ---p 00000000 00:00 0 
7ff174000000-7ff174021000 rw-p 00000000 00:00 0 
7ff174021000-7ff178000000 ---p 00000000 00:00 0 
7ff178000000-7ff178021000 rw-p 00000000 00:00 0 
7ff178021000-7ff17c000000 ---p 00000000 00:00 0 
7ff17c2b5000-7ff17c3f5000 rw-p 00000000 00:00 0 
7ff17c3f5000-7ff17c4b5000 ---p 00000000 00:00 0 
7ff17c4b5000-7ff17c4b8000 ---p 00000000 00:00 0 
7ff17c4b8000-7ff17c7b6000 rw-p 00000000 00:00 0 
7ff17c7b6000-7ff17c7b9000 ---p 00000000 00:00 0 
7ff17c7b9000-7ff17c8b7000 rw-p 00000000 00:00 0 
7ff17c8b7000-7ff17c8ba000 ---p 00000000 00:00 0 
7ff17c8ba000-7ff17c9b8000 rw-p 00000000 00:00 0 
7ff17c9b8000-7ff17c9bb000 ---p 00000000 00:00 0 
7ff17c9bb000-7ff17cab9000 rw-p 00000000 00:00 0 
7ff17cab9000-7ff17cabc000 ---p 00000000 00:00 0 
7ff17cabc000-7ff17cbba000 rw-p 00000000 00:00 0 
7ff17cbba000-7ff17cbbd000 ---p 00000000 00:00 0 
7ff17cbbd000-7ff17ccbb000 rw-p 00000000 00:00 0 
7ff17ccbb000-7ff17ccbe000 ---p 00000000 00:00 0 
7ff17ccbe000-7ff17cdbc000 rw-p 00000000 00:00 0 
7ff17cdbc000-7ff17cdbf000 ---p 00000000 00:00 0 
7ff17cdbf000-7ff17cebd000 rw-p 00000000 00:00 0 
7ff17cebd000-7ff17cec0000 ---p 00000000 00:00 0 
7ff17cec0000-7ff17cfbe000 rw-p 00000000 00:00 0 
7ff17cfbe000-7ff17cfc1000 ---p 00000000 00:00 0 
7ff17cfc1000-7ff17d0bf000 rw-p 00000000 00:00 0 
7ff17d0bf000-7ff17d0c2000 ---p 00000000 00:00 0 
7ff17d0c2000-7ff17d1c0000 rw-p 00000000 00:00 0 
7ff17d1c0000-7ff17d1c3000 ---p 00000000 00:00 0 
7ff17d1c3000-7ff17d2c1000 rw-p 00000000 00:00 0 
7ff17d2c1000-7ff17d2c4000 ---p 00000000 00:00 0 
7ff17d2c4000-7ff17d3c2000 rw-p 00000000 00:00 0 
7ff17d3c2000-7ff17d3c5000 ---p 00000000 00:00 0 
7ff17d3c5000-7ff17d4c3000 rw-p 00000000 00:00 0 
7ff17d4c3000-7ff17d4c6000 ---p 00000000 00:00 0 
7ff17d4c6000-7ff17d7c4000 rw-p 00000000 00:00 0 
7ff17d7c4000-7ff17d83d000 r--s 010fd000 08:01 654900                     /usr/lib/jdk/jdk1.8.0_201/lib/tools.jar
7ff17d83d000-7ff17d840000 ---p 00000000 00:00 0 
7ff17d840000-7ff17d93e000 rw-p 00000000 00:00 0 
7ff17d93e000-7ff17d941000 ---p 00000000 00:00 0 
7ff17d941000-7ff17da3f000 rw-p 00000000 00:00 0 
7ff17da3f000-7ff17da42000 ---p 00000000 00:00 0 
7ff17da42000-7ff17db40000 rw-p 00000000 00:00 0 
7ff17db40000-7ff17db56000 r-xp 00000000 08:01 656512                     /usr/lib/jdk/jdk1.8.0_201/jre/lib/amd64/libnet.so
7ff17db56000-7ff17dd56000 ---p 00016000 08:01 656512                     /usr/lib/jdk/jdk1.8.0_201/jre/lib/amd64/libnet.so
7ff17dd56000-7ff17dd57000 r--p 00016000 08:01 656512                     /usr/lib/jdk/jdk1.8.0_201/jre/lib/amd64/libnet.so
7ff17dd57000-7ff17dd58000 rw-p 00017000 08:01 656512                     /usr/lib/jdk/jdk1.8.0_201/jre/lib/amd64/libnet.so
7ff17dd58000-7ff17df89000 r--s 01bb1000 08:01 403225                     /home/hewitt/work/DiffTGen-master/lib/evosuite-1.0.6.jar
7ff17df89000-7ff17df8a000 ---p 00000000 00:00 0 
7ff17df8a000-7ff17e08a000 rw-p 00000000 00:00 0 
7ff17e08a000-7ff17e08d000 ---p 00000000 00:00 0 
7ff17e08d000-7ff17e18b000 rw-p 00000000 00:00 0 
7ff17e18b000-7ff17e18e000 ---p 00000000 00:00 0 
7ff17e18e000-7ff17e28c000 rw-p 00000000 00:00 0 
7ff17e28c000-7ff17e28f000 ---p 00000000 00:00 0 
7ff17e28f000-7ff17e38d000 rw-p 00000000 00:00 0 
7ff17e38d000-7ff17e390000 ---p 00000000 00:00 0 
7ff17e390000-7ff17e48e000 rw-p 00000000 00:00 0 
7ff17e48e000-7ff17e491000 ---p 00000000 00:00 0 
7ff17e491000-7ff17e58f000 rw-p 00000000 00:00 0 
7ff17e58f000-7ff17ef4e000 r--p 00000000 08:01 270368                     /usr/lib/locale/locale-archive
7ff17ef4e000-7ff17ef51000 ---p 00000000 00:00 0 
7ff17ef51000-7ff17f04f000 rw-p 00000000 00:00 0 
7ff17f04f000-7ff17f052000 ---p 00000000 00:00 0 
7ff17f052000-7ff181000000 rw-p 00000000 00:00 0 
7ff181000000-7ff181750000 rwxp 00000000 00:00 0 
7ff181760000-7ff190000000 ---p 00000000 00:00 0 
7ff190000000-7ff19052f000 rw-p 00000000 00:00 0 
7ff19052f000-7ff194000000 ---p 00000000 00:00 0 
7ff194035000-7ff19403f000 r--s 00116000 08:01 656361                     /usr/lib/jdk/jdk1.8.0_201/jre/lib/ext/localedata.jar
7ff19403f000-7ff194042000 ---p 00000000 00:00 0 
7ff194042000-7ff194078000 rw-p 00000000 00:00 0 
7ff194078000-7ff194079000 ---p 00000000 00:00 0 
7ff194079000-7ff195088000 rw-p 00000000 00:00 0 
7ff195088000-7ff195262000 r--s 03d6f000 08:01 656293                     /usr/lib/jdk/jdk1.8.0_201/jre/lib/rt.jar
7ff195262000-7ff195cc3000 rw-p 00000000 00:00 0 
7ff195cc3000-7ff195cc4000 ---p 00000000 00:00 0 
7ff195cc4000-7ff195dc4000 rw-p 00000000 00:00 0 
7ff195dc4000-7ff195dc5000 ---p 00000000 00:00 0 
7ff195dc5000-7ff195ec5000 rw-p 00000000 00:00 0 
7ff195ec5000-7ff195ec6000 ---p 00000000 00:00 0 
7ff195ec6000-7ff195fc6000 rw-p 00000000 00:00 0 
7ff195fc6000-7ff195fc7000 ---p 00000000 00:00 0 
7ff195fc7000-7ff1960dc000 rw-p 00000000 00:00 0 
7ff1960dc000-7ff19620f000 ---p 00000000 00:00 0 
7ff19620f000-7ff196224000 rw-p 00000000 00:00 0 
7ff196224000-7ff196356000 ---p 00000000 00:00 0 
7ff196356000-7ff196397000 rw-p 00000000 00:00 0 
7ff196397000-7ff1963fa000 ---p 00000000 00:00 0 
7ff1963fa000-7ff196419000 rw-p 00000000 00:00 0 
7ff196419000-7ff1967bb000 ---p 00000000 00:00 0 
7ff1967bb000-7ff1967d6000 r-xp 00000000 08:01 656508                     /usr/lib/jdk/jdk1.8.0_201/jre/lib/amd64/libzip.so
7ff1967d6000-7ff1969d5000 ---p 0001b000 08:01 656508                     /usr/lib/jdk/jdk1.8.0_201/jre/lib/amd64/libzip.so
7ff1969d5000-7ff1969d6000 r--p 0001a000 08:01 656508                     /usr/lib/jdk/jdk1.8.0_201/jre/lib/amd64/libzip.so
7ff1969d6000-7ff1969d7000 rw-p 0001b000 08:01 656508                     /usr/lib/jdk/jdk1.8.0_201/jre/lib/amd64/libzip.so
7ff1969d7000-7ff1969e2000 r-xp 00000000 08:01 658902                     /lib/x86_64-linux-gnu/libnss_files-2.23.so
7ff1969e2000-7ff196be1000 ---p 0000b000 08:01 658902                     /lib/x86_64-linux-gnu/libnss_files-2.23.so
7ff196be1000-7ff196be2000 r--p 0000a000 08:01 658902                     /lib/x86_64-linux-gnu/libnss_files-2.23.so
7ff196be2000-7ff196be3000 rw-p 0000b000 08:01 658902                     /lib/x86_64-linux-gnu/libnss_files-2.23.so
7ff196be3000-7ff196be9000 rw-p 00000000 00:00 0 
7ff196be9000-7ff196bf4000 r-xp 00000000 08:01 658912                     /lib/x86_64-linux-gnu/libnss_nis-2.23.so
7ff196bf4000-7ff196df3000 ---p 0000b000 08:01 658912                     /lib/x86_64-linux-gnu/libnss_nis-2.23.so
7ff196df3000-7ff196df4000 r--p 0000a000 08:01 658912                     /lib/x86_64-linux-gnu/libnss_nis-2.23.so
7ff196df4000-7ff196df5000 rw-p 0000b000 08:01 658912                     /lib/x86_64-linux-gnu/libnss_nis-2.23.so
7ff196df5000-7ff196e0b000 r-xp 00000000 08:01 658896                     /lib/x86_64-linux-gnu/libnsl-2.23.so
7ff196e0b000-7ff19700a000 ---p 00016000 08:01 658896                     /lib/x86_64-linux-gnu/libnsl-2.23.so
7ff19700a000-7ff19700b000 r--p 00015000 08:01 658896                     /lib/x86_64-linux-gnu/libnsl-2.23.so
7ff19700b000-7ff19700c000 rw-p 00016000 08:01 658896                     /lib/x86_64-linux-gnu/libnsl-2.23.so
7ff19700c000-7ff19700e000 rw-p 00000000 00:00 0 
7ff19700e000-7ff197016000 r-xp 00000000 08:01 658898                     /lib/x86_64-linux-gnu/libnss_compat-2.23.so
7ff197016000-7ff197215000 ---p 00008000 08:01 658898                     /lib/x86_64-linux-gnu/libnss_compat-2.23.so
7ff197215000-7ff197216000 r--p 00007000 08:01 658898                     /lib/x86_64-linux-gnu/libnss_compat-2.23.so
7ff197216000-7ff197217000 rw-p 00008000 08:01 658898                     /lib/x86_64-linux-gnu/libnss_compat-2.23.so
7ff197217000-7ff197243000 r-xp 00000000 08:01 656502                     /usr/lib/jdk/jdk1.8.0_201/jre/lib/amd64/libjava.so
7ff197243000-7ff197443000 ---p 0002c000 08:01 656502                     /usr/lib/jdk/jdk1.8.0_201/jre/lib/amd64/libjava.so
7ff197443000-7ff197444000 r--p 0002c000 08:01 656502                     /usr/lib/jdk/jdk1.8.0_201/jre/lib/amd64/libjava.so
7ff197444000-7ff197446000 rw-p 0002d000 08:01 656502                     /usr/lib/jdk/jdk1.8.0_201/jre/lib/amd64/libjava.so
7ff197446000-7ff197453000 r-xp 00000000 08:01 656507                     /usr/lib/jdk/jdk1.8.0_201/jre/lib/amd64/libverify.so
7ff197453000-7ff197652000 ---p 0000d000 08:01 656507                     /usr/lib/jdk/jdk1.8.0_201/jre/lib/amd64/libverify.so
7ff197652000-7ff197654000 r--p 0000c000 08:01 656507                     /usr/lib/jdk/jdk1.8.0_201/jre/lib/amd64/libverify.so
7ff197654000-7ff197655000 rw-p 0000e000 08:01 656507                     /usr/lib/jdk/jdk1.8.0_201/jre/lib/amd64/libverify.so
7ff197655000-7ff19765c000 r-xp 00000000 08:01 658957                     /lib/x86_64-linux-gnu/librt-2.23.so
7ff19765c000-7ff19785b000 ---p 00007000 08:01 658957                     /lib/x86_64-linux-gnu/librt-2.23.so
7ff19785b000-7ff19785c000 r--p 00006000 08:01 658957                     /lib/x86_64-linux-gnu/librt-2.23.so
7ff19785c000-7ff19785d000 rw-p 00007000 08:01 658957                     /lib/x86_64-linux-gnu/librt-2.23.so
7ff19785d000-7ff197965000 r-xp 00000000 08:01 658873                     /lib/x86_64-linux-gnu/libm-2.23.so
7ff197965000-7ff197b64000 ---p 00108000 08:01 658873                     /lib/x86_64-linux-gnu/libm-2.23.so
7ff197b64000-7ff197b65000 r--p 00107000 08:01 658873                     /lib/x86_64-linux-gnu/libm-2.23.so
7ff197b65000-7ff197b66000 rw-p 00108000 08:01 658873                     /lib/x86_64-linux-gnu/libm-2.23.so
7ff197b66000-7ff19884e000 r-xp 00000000 08:01 656484                     /usr/lib/jdk/jdk1.8.0_201/jre/lib/amd64/server/libjvm.so
7ff19884e000-7ff198a4d000 ---p 00ce8000 08:01 656484                     /usr/lib/jdk/jdk1.8.0_201/jre/lib/amd64/server/libjvm.so
7ff198a4d000-7ff198ae3000 r--p 00ce7000 08:01 656484                     /usr/lib/jdk/jdk1.8.0_201/jre/lib/amd64/server/libjvm.so
7ff198ae3000-7ff198b14000 rw-p 00d7d000 08:01 656484                     /usr/lib/jdk/jdk1.8.0_201/jre/lib/amd64/server/libjvm.so
7ff198b14000-7ff198b4f000 rw-p 00000000 00:00 0 
7ff198b4f000-7ff198d0f000 r-xp 00000000 08:01 658803                     /lib/x86_64-linux-gnu/libc-2.23.so
7ff198d0f000-7ff198f0f000 ---p 001c0000 08:01 658803                     /lib/x86_64-linux-gnu/libc-2.23.so
7ff198f0f000-7ff198f13000 r--p 001c0000 08:01 658803                     /lib/x86_64-linux-gnu/libc-2.23.so
7ff198f13000-7ff198f15000 rw-p 001c4000 08:01 658803                     /lib/x86_64-linux-gnu/libc-2.23.so
7ff198f15000-7ff198f19000 rw-p 00000000 00:00 0 
7ff198f19000-7ff198f1c000 r-xp 00000000 08:01 658827                     /lib/x86_64-linux-gnu/libdl-2.23.so
7ff198f1c000-7ff19911b000 ---p 00003000 08:01 658827                     /lib/x86_64-linux-gnu/libdl-2.23.so
7ff19911b000-7ff19911c000 r--p 00002000 08:01 658827                     /lib/x86_64-linux-gnu/libdl-2.23.so
7ff19911c000-7ff19911d000 rw-p 00003000 08:01 658827                     /lib/x86_64-linux-gnu/libdl-2.23.so
7ff19911d000-7ff199134000 r-xp 00000000 08:01 656155                     /usr/lib/jdk/jdk1.8.0_201/lib/amd64/jli/libjli.so
7ff199134000-7ff199333000 ---p 00017000 08:01 656155                     /usr/lib/jdk/jdk1.8.0_201/lib/amd64/jli/libjli.so
7ff199333000-7ff199334000 r--p 00016000 08:01 656155                     /usr/lib/jdk/jdk1.8.0_201/lib/amd64/jli/libjli.so
7ff199334000-7ff199335000 rw-p 00017000 08:01 656155                     /usr/lib/jdk/jdk1.8.0_201/lib/amd64/jli/libjli.so
7ff199335000-7ff19934d000 r-xp 00000000 08:01 658949                     /lib/x86_64-linux-gnu/libpthread-2.23.so
7ff19934d000-7ff19954c000 ---p 00018000 08:01 658949                     /lib/x86_64-linux-gnu/libpthread-2.23.so
7ff19954c000-7ff19954d000 r--p 00017000 08:01 658949                     /lib/x86_64-linux-gnu/libpthread-2.23.so
7ff19954d000-7ff19954e000 rw-p 00018000 08:01 658949                     /lib/x86_64-linux-gnu/libpthread-2.23.so
7ff19954e000-7ff199552000 rw-p 00000000 00:00 0 
7ff199552000-7ff199578000 r-xp 00000000 08:01 658775                     /lib/x86_64-linux-gnu/ld-2.23.so
7ff19957c000-7ff199598000 r--s 00393000 08:01 656354                     /usr/lib/jdk/jdk1.8.0_201/jre/lib/ext/cldrdata.jar
7ff199598000-7ff19959c000 r--s 000a1000 08:01 656350                     /usr/lib/jdk/jdk1.8.0_201/jre/lib/jsse.jar
7ff19959c000-7ff19965a000 rw-p 00000000 00:00 0 
7ff19965a000-7ff19965d000 ---p 00000000 00:00 0 
7ff19965d000-7ff199760000 rw-p 00000000 00:00 0 
7ff199760000-7ff199768000 r--s 0006e000 08:01 398946                     /home/hewitt/work/DiffTGen-master/lib/commons-lang3-3.5.jar
7ff199768000-7ff199769000 r--s 00000000 08:01 398951                     /home/hewitt/work/DiffTGen-master/lib/myprinter.jar
7ff199769000-7ff19976d000 r--s 00039000 08:01 961404                     /home/hewitt/work/DiffTGen-master/output/patch1-Lang-59-CapGen-plausible/Lang_59_1-plausible_capgen/target/build/classes/all0.jar
7ff19976d000-7ff199775000 rw-s 00000000 08:01 150937                     /tmp/hsperfdata_hewitt/61966
7ff199775000-7ff199776000 rw-p 00000000 00:00 0 
7ff199776000-7ff199777000 r--p 00000000 00:00 0 
7ff199777000-7ff199778000 r--p 00025000 08:01 658775                     /lib/x86_64-linux-gnu/ld-2.23.so
7ff199778000-7ff199779000 rw-p 00026000 08:01 658775                     /lib/x86_64-linux-gnu/ld-2.23.so
7ff199779000-7ff19977a000 rw-p 00000000 00:00 0 
7ffc6ebbb000-7ffc6ebdd000 rw-p 00000000 00:00 0                          [stack]
7ffc6ebe6000-7ffc6ebe9000 r--p 00000000 00:00 0                          [vvar]
7ffc6ebe9000-7ffc6ebeb000 r-xp 00000000 00:00 0                          [vdso]
ffffffffff600000-ffffffffff601000 r-xp 00000000 00:00 0                  [vsyscall]

VM Arguments:
java_command: /home/hewitt/work/DiffTGen-master/lib/evosuite-1.0.6.jar -base_dir /home/hewitt/work/DiffTGen-master/output/patch1-Lang-59-CapGen-plausible/Lang_59_1-plausible_capgen/target/0/12 -projectCP /home/hewitt/work/DiffTGen-master/output/patch1-Lang-59-CapGen-plausible/Lang_59_1-plausible_capgen/target/build/classes/all0.jar:/home/hewitt/work/DiffTGen-master/lib/myprinter.jar:/home/hewitt/work/DiffTGen-master/lib/commons-lang3-3.5.jar -class org.apache.commons.lang.text.StrBuilder -Dassertions=false -Dsearch_budget=60
java_class_path (initial): /home/hewitt/work/DiffTGen-master/lib/evosuite-1.0.6.jar
Launcher Type: SUN_STANDARD

Environment Variables:
JAVA_HOME=/usr/lib/jdk/jdk1.8.0_201
JRE_HOME=/usr/lib/jdk/jdk1.8.0_201/jre
CLASSPATH=.:/usr/lib/jdk/jdk1.8.0_201/lib:/usr/lib/jdk/jdk1.8.0_201/jre/lib
PATH=/usr/lib/jdk/jdk1.8.0_201/bin:/home/hewitt/bin:/home/hewitt/.local/bin:/usr/lib/jdk/jdk1.7.0_80/bin:/usr/local/sbin:/usr/local/bin:/usr/sbin:/usr/bin:/sbin:/bin:/usr/games:/usr/local/games:/snap/bin:/home/hewitt/work/defects4j_v1.4.0/defects4j/framework/bin:/opt/apache-ant-1.9.14/bin:/home/hewitt/work/defects4j_v1.4.0/defects4j/framework/bin
SHELL=/bin/bash
DISPLAY=:0

Signal Handlers:
SIGSEGV: [libjvm.so+0xad3e60], sa_mask[0]=11111111011111111101111111111110, sa_flags=SA_RESTART|SA_SIGINFO
SIGBUS: [libjvm.so+0xad3e60], sa_mask[0]=11111111011111111101111111111110, sa_flags=SA_RESTART|SA_SIGINFO
SIGFPE: [libjvm.so+0x90b880], sa_mask[0]=11111111011111111101111111111110, sa_flags=SA_RESTART|SA_SIGINFO
SIGPIPE: [libjvm.so+0x90b880], sa_mask[0]=11111111011111111101111111111110, sa_flags=SA_RESTART|SA_SIGINFO
SIGXFSZ: [libjvm.so+0x90b880], sa_mask[0]=11111111011111111101111111111110, sa_flags=SA_RESTART|SA_SIGINFO
SIGILL: [libjvm.so+0x90b880], sa_mask[0]=11111111011111111101111111111110, sa_flags=SA_RESTART|SA_SIGINFO
SIGUSR1: SIG_DFL, sa_mask[0]=00000000000000000000000000000000, sa_flags=none
SIGUSR2: [libjvm.so+0x90b750], sa_mask[0]=00100000000000000000000000000000, sa_flags=SA_RESTART|SA_SIGINFO
SIGHUP: [libjvm.so+0x90bd70], sa_mask[0]=11111111011111111101111111111110, sa_flags=SA_RESTART|SA_SIGINFO
SIGINT: [libjvm.so+0x90bd70], sa_mask[0]=11111111011111111101111111111110, sa_flags=SA_RESTART|SA_SIGINFO
SIGTERM: [libjvm.so+0x90bd70], sa_mask[0]=11111111011111111101111111111110, sa_flags=SA_RESTART|SA_SIGINFO
SIGQUIT: [libjvm.so+0x90bd70], sa_mask[0]=11111111011111111101111111111110, sa_flags=SA_RESTART|SA_SIGINFO


---------------  S Y S T E M  ---------------

OS:DISTRIB_ID=Ubuntu
DISTRIB_RELEASE=16.04
DISTRIB_CODENAME=xenial
DISTRIB_DESCRIPTION="Ubuntu 16.04.6 LTS"

uname:Linux 4.15.0-91-generic #92~16.04.1-Ubuntu SMP Fri Feb 28 14:57:22 UTC 2020 x86_64
libc:glibc 2.23 NPTL 2.23 
rlimit: STACK 8192k, CORE 0k, NPROC 15448, NOFILE 1048576, AS infinity
load average:20.92 14.39 13.25

/proc/meminfo:
MemTotal:        4015928 kB
MemFree:          868940 kB
MemAvailable:     781148 kB
Buffers:            1296 kB
Cached:            32076 kB
SwapCached:         1700 kB
Active:          2182656 kB
Inactive:         529296 kB
Active(anon):    2167220 kB
Inactive(anon):   512924 kB
Active(file):      15436 kB
Inactive(file):    16372 kB
Unevictable:          48 kB
Mlocked:              48 kB
SwapTotal:        998396 kB
SwapFree:          19840 kB
Dirty:               144 kB
Writeback:           788 kB
AnonPages:       2678144 kB
Mapped:            27248 kB
Shmem:              1148 kB
Slab:              91320 kB
SReclaimable:      33548 kB
SUnreclaim:        57772 kB
KernelStack:       14960 kB
PageTables:        39940 kB
NFS_Unstable:          0 kB
Bounce:                0 kB
WritebackTmp:          0 kB
CommitLimit:     3006360 kB
Committed_AS:    8045392 kB
VmallocTotal:   34359738367 kB
VmallocUsed:           0 kB
VmallocChunk:          0 kB
HardwareCorrupted:     0 kB
AnonHugePages:         0 kB
ShmemHugePages:        0 kB
ShmemPmdMapped:        0 kB
CmaTotal:              0 kB
CmaFree:               0 kB
HugePages_Total:       0
HugePages_Free:        0
HugePages_Rsvd:        0
HugePages_Surp:        0
Hugepagesize:       2048 kB
DirectMap4k:       98112 kB
DirectMap2M:     4096000 kB
DirectMap1G:     2097152 kB

container (cgroup) information:
container_type: cgroupv1
cpu_cpuset_cpus: 0-3
cpu_memory_nodes: 0
active_processor_count: 4
cpu_quota: -1
cpu_period: 100000
cpu_shares: -1
memory_limit_in_bytes: -1
memory_and_swap_limit_in_bytes: -2
memory_soft_limit_in_bytes: -1
memory_usage_in_bytes: 2777796608
memory_max_usage_in_bytes: 20938752


CPU:total 4 (initial active 4) (2 cores per cpu, 1 threads per core) family 6 model 158 stepping 9, cmov, cx8, fxsr, mmx, sse, sse2, sse3, ssse3, sse4.1, sse4.2, popcnt, avx, avx2, aes, clmul, erms, 3dnowpref, lzcnt, tsc, tscinvbit, bmi1, bmi2, adx

/proc/cpuinfo:
processor	: 0
vendor_id	: GenuineIntel
cpu family	: 6
model		: 158
model name	: Intel(R) Core(TM) i7-7700HQ CPU @ 2.80GHz
stepping	: 9
microcode	: 0xb4
cpu MHz		: 2808.002
cache size	: 6144 KB
physical id	: 0
siblings	: 2
core id		: 0
cpu cores	: 2
apicid		: 0
initial apicid	: 0
fpu		: yes
fpu_exception	: yes
cpuid level	: 22
wp		: yes
flags		: fpu vme de pse tsc msr pae mce cx8 apic sep mtrr pge mca cmov pat pse36 clflush mmx fxsr sse sse2 ss ht syscall nx pdpe1gb rdtscp lm constant_tsc arch_perfmon nopl xtopology tsc_reliable nonstop_tsc cpuid pni pclmulqdq ssse3 fma cx16 pcid sse4_1 sse4_2 x2apic movbe popcnt tsc_deadline_timer aes xsave avx f16c rdrand hypervisor lahf_lm abm 3dnowprefetch cpuid_fault invpcid_single pti ssbd ibrs ibpb stibp fsgsbase tsc_adjust bmi1 avx2 smep bmi2 invpcid mpx rdseed adx smap clflushopt xsaveopt xsavec xsaves arat md_clear flush_l1d arch_capabilities
bugs		: cpu_meltdown spectre_v1 spectre_v2 spec_store_bypass l1tf mds swapgs itlb_multihit
bogomips	: 5616.00
clflush size	: 64
cache_alignment	: 64
address sizes	: 43 bits physical, 48 bits virtual
power management:

processor	: 1
vendor_id	: GenuineIntel
cpu family	: 6
model		: 158
model name	: Intel(R) Core(TM) i7-7700HQ CPU @ 2.80GHz
stepping	: 9
microcode	: 0xb4
cpu MHz		: 2808.002
cache size	: 6144 KB
physical id	: 0
siblings	: 2
core id		: 1
cpu cores	: 2
apicid		: 1
initial apicid	: 1
fpu		: yes
fpu_exception	: yes
cpuid level	: 22
wp		: yes
flags		: fpu vme de pse tsc msr pae mce cx8 apic sep mtrr pge mca cmov pat pse36 clflush mmx fxsr sse sse2 ss ht syscall nx pdpe1gb rdtscp lm constant_tsc arch_perfmon nopl xtopology tsc_reliable nonstop_tsc cpuid pni pclmulqdq ssse3 fma cx16 pcid sse4_1 sse4_2 x2apic movbe popcnt tsc_deadline_timer aes xsave avx f16c rdrand hypervisor lahf_lm abm 3dnowprefetch cpuid_fault invpcid_single pti ssbd ibrs ibpb stibp fsgsbase tsc_adjust bmi1 avx2 smep bmi2 invpcid mpx rdseed adx smap clflushopt xsaveopt xsavec xsaves arat md_clear flush_l1d arch_capabilities
bugs		: cpu_meltdown spectre_v1 spectre_v2 spec_store_bypass l1tf mds swapgs itlb_multihit
bogomips	: 5616.00
clflush size	: 64
cache_alignment	: 64
address sizes	: 43 bits physical, 48 bits virtual
power management:

processor	: 2
vendor_id	: GenuineIntel
cpu family	: 6
model		: 158
model name	: Intel(R) Core(TM) i7-7700HQ CPU @ 2.80GHz
stepping	: 9
microcode	: 0xb4
cpu MHz		: 2808.002
cache size	: 6144 KB
physical id	: 1
siblings	: 2
core id		: 0
cpu cores	: 2
apicid		: 2
initial apicid	: 2
fpu		: yes
fpu_exception	: yes
cpuid level	: 22
wp		: yes
flags		: fpu vme de pse tsc msr pae mce cx8 apic sep mtrr pge mca cmov pat pse36 clflush mmx fxsr sse sse2 ss ht syscall nx pdpe1gb rdtscp lm constant_tsc arch_perfmon nopl xtopology tsc_reliable nonstop_tsc cpuid pni pclmulqdq ssse3 fma cx16 pcid sse4_1 sse4_2 x2apic movbe popcnt tsc_deadline_timer aes xsave avx f16c rdrand hypervisor lahf_lm abm 3dnowprefetch cpuid_fault invpcid_single pti ssbd ibrs ibpb stibp fsgsbase tsc_adjust bmi1 avx2 smep bmi2 invpcid mpx rdseed adx smap clflushopt xsaveopt xsavec xsaves arat md_clear flush_l1d arch_capabilities
bugs		: cpu_meltdown spectre_v1 spectre_v2 spec_store_bypass l1tf mds swapgs itlb_multihit
bogomips	: 5616.00
clflush size	: 64
cache_alignment	: 64
address sizes	: 43 bits physical, 48 bits virtual
power management:

processor	: 3
vendor_id	: GenuineIntel
cpu family	: 6
model		: 158
model name	: Intel(R) Core(TM) i7-7700HQ CPU @ 2.80GHz
stepping	: 9
microcode	: 0xb4
cpu MHz		: 2808.002
cache size	: 6144 KB
physical id	: 1
siblings	: 2
core id		: 1
cpu cores	: 2
apicid		: 3
initial apicid	: 3
fpu		: yes
fpu_exception	: yes
cpuid level	: 22
wp		: yes
flags		: fpu vme de pse tsc msr pae mce cx8 apic sep mtrr pge mca cmov pat pse36 clflush mmx fxsr sse sse2 ss ht syscall nx pdpe1gb rdtscp lm constant_tsc arch_perfmon nopl xtopology tsc_reliable nonstop_tsc cpuid pni pclmulqdq ssse3 fma cx16 pcid sse4_1 sse4_2 x2apic movbe popcnt tsc_deadline_timer aes xsave avx f16c rdrand hypervisor lahf_lm abm 3dnowprefetch cpuid_fault invpcid_single pti ssbd ibrs ibpb stibp fsgsbase tsc_adjust bmi1 avx2 smep bmi2 invpcid mpx rdseed adx smap clflushopt xsaveopt xsavec xsaves arat md_clear flush_l1d arch_capabilities
bugs		: cpu_meltdown spectre_v1 spectre_v2 spec_store_bypass l1tf mds swapgs itlb_multihit
bogomips	: 5616.00
clflush size	: 64
cache_alignment	: 64
address sizes	: 43 bits physical, 48 bits virtual
power management:



Memory: 4k page, physical 4015928k(868940k free), swap 998396k(19840k free)

vm_info: Java HotSpot(TM) 64-Bit Server VM (25.201-b09) for linux-amd64 JRE (1.8.0_201-b09), built on Dec 15 2018 11:35:59 by "java_re" with gcc 7.3.0

time: Sun Mar 29 01:01:49 2020
timezone: CST
elapsed time: 40 seconds (0d 0h 0m 40s)

