#
# There is insufficient memory for the Java Runtime Environment to continue.
# Native memory allocation (mmap) failed to map 262144 bytes for committing reserved memory.
# Possible reasons:
#   The system is out of physical RAM or swap space
#   The process is running with CompressedOops enabled, and the Java Heap may be blocking the growth of the native heap
# Possible solutions:
#   Reduce memory load on the system
#   Increase physical memory or swap space
#   Check if swap backing store is full
#   Decrease Java heap size (-Xmx/-Xms)
#   Decrease number of Java threads
#   Decrease Java thread stack sizes (-Xss)
#   Set larger code cache with -XX:ReservedCodeCacheSize=
#   JVM is running with Unscaled Compressed Oops mode in which the Java heap is
#     placed in the first 4GB address space. The Java Heap base address is the
#     maximum limit for the native heap growth. Please use -XX:HeapBaseMinAddress
#     to set the Java Heap base and to place the Java Heap above 4GB virtual address.
# This output file may be truncated or incomplete.
#
#  Out of Memory Error (os_linux.cpp:2749), pid=38602, tid=0x00007f5d545f4700
#
# JRE version: Java(TM) SE Runtime Environment (8.0_201-b09) (build 1.8.0_201-b09)
# Java VM: Java HotSpot(TM) 64-Bit Server VM (25.201-b09 mixed mode linux-amd64 compressed oops)
# Failed to write core dump. Core dumps have been disabled. To enable core dumping, try "ulimit -c unlimited" before starting Java again
#

---------------  T H R E A D  ---------------

Current thread (0x00007f5d10001000):  JavaThread "RMI TCP Connection(2)-127.0.0.1" daemon [_thread_in_vm, id=39083, stack(0x00007f5d544f4000,0x00007f5d545f5000)]

Stack: [0x00007f5d544f4000,0x00007f5d545f5000],  sp=0x00007f5d545e96b0,  free space=981k
Native frames: (J=compiled Java code, j=interpreted, Vv=VM code, C=native code)
V  [libjvm.so+0xad3525]  VMError::report_and_die()+0x2e5
V  [libjvm.so+0x4e0457]  report_vm_out_of_memory(char const*, int, unsigned long, VMErrorType, char const*)+0x67
V  [libjvm.so+0x9102f0]  os::pd_commit_memory(char*, unsigned long, unsigned long, bool)+0x100
V  [libjvm.so+0x90791f]  os::commit_memory(char*, unsigned long, unsigned long, bool)+0x1f
V  [libjvm.so+0xacfda0]  VirtualSpace::expand_by(unsigned long, bool)+0x140
V  [libjvm.so+0x888e29]  VirtualSpaceList::get_new_chunk(unsigned long, unsigned long)+0x1a9
V  [libjvm.so+0x88ab5f]  SpaceManager::grow_and_allocate(unsigned long)+0x1ef
V  [libjvm.so+0x88b45b]  SpaceManager::allocate(unsigned long)+0x1db
V  [libjvm.so+0x88beb5]  Metaspace::allocate(ClassLoaderData*, unsigned long, bool, MetaspaceObj::Type, Thread*)+0x55
V  [libjvm.so+0x4ccf8a]  ConstMethod::allocate(ClassLoaderData*, int, InlineTableSizes*, ConstMethod::MethodType, Thread*)+0xda
V  [libjvm.so+0x893b08]  Method::allocate(ClassLoaderData*, int, AccessFlags, InlineTableSizes*, ConstMethod::MethodType, Thread*)+0x28
V  [libjvm.so+0x434c0e]  ClassFileParser::parse_method(bool, AccessFlags*, Thread*)+0x7ae
V  [libjvm.so+0x435fac]  ClassFileParser::parse_methods(bool, AccessFlags*, bool*, bool*, Thread*)+0x16c
V  [libjvm.so+0x437e3d]  ClassFileParser::parseClassFile(Symbol*, ClassLoaderData*, Handle, KlassHandle, GrowableArray<Handle>*, TempNewSymbol&, bool, Thread*)+0xccd
V  [libjvm.so+0xa3f1d7]  SystemDictionary::resolve_from_stream(Symbol*, Handle, Handle, ClassFileStream*, bool, Thread*)+0x1b7
V  [libjvm.so+0x6f2b03]  jvm_define_class_common(JNIEnv_*, char const*, _jobject*, signed char const*, int, _jobject*, char const*, unsigned char, Thread*)+0x203
V  [libjvm.so+0x6f425b]  JVM_DefineClassWithSource+0x8b
C  [libjava.so+0xde7d]  Java_java_lang_ClassLoader_defineClass1+0x17d
J 644  java.lang.ClassLoader.defineClass1(Ljava/lang/String;[BIILjava/security/ProtectionDomain;Ljava/lang/String;)Ljava/lang/Class; (0 bytes) @ 0x00007f5d65286c0b [0x00007f5d65286b00+0x10b]
J 1084 C1 java.lang.ClassLoader.defineClass(Ljava/lang/String;[BIILjava/security/ProtectionDomain;)Ljava/lang/Class; (43 bytes) @ 0x00007f5d65396bd4 [0x00007f5d65396600+0x5d4]
J 613 C1 java.net.URLClassLoader.defineClass(Ljava/lang/String;Lsun/misc/Resource;)Ljava/lang/Class; (142 bytes) @ 0x00007f5d65272bcc [0x00007f5d65271080+0x1b4c]
J 266 C1 java.net.URLClassLoader$1.run()Ljava/lang/Class; (63 bytes) @ 0x00007f5d651a2fcc [0x00007f5d651a2d20+0x2ac]
J 198 C1 java.net.URLClassLoader$1.run()Ljava/lang/Object; (5 bytes) @ 0x00007f5d6518120c [0x00007f5d65181180+0x8c]
v  ~StubRoutines::call_stub
V  [libjvm.so+0x68825b]  JavaCalls::call_helper(JavaValue*, methodHandle*, JavaCallArguments*, Thread*)+0xddb
V  [libjvm.so+0x7004b4]  JVM_DoPrivileged+0x4f4
J 137  java.security.AccessController.doPrivileged(Ljava/security/PrivilegedExceptionAction;Ljava/security/AccessControlContext;)Ljava/lang/Object; (0 bytes) @ 0x00007f5d65159055 [0x00007f5d65158f80+0xd5]
J 146 C1 java.net.URLClassLoader.findClass(Ljava/lang/String;)Ljava/lang/Class; (47 bytes) @ 0x00007f5d6515c604 [0x00007f5d6515c480+0x184]
J 115 C1 java.lang.ClassLoader.loadClass(Ljava/lang/String;Z)Ljava/lang/Class; (122 bytes) @ 0x00007f5d6514b4dc [0x00007f5d6514ab80+0x95c]
J 186 C1 sun.misc.Launcher$AppClassLoader.loadClass(Ljava/lang/String;Z)Ljava/lang/Class; (85 bytes) @ 0x00007f5d65177dcc [0x00007f5d65177440+0x98c]
J 182 C1 java.lang.ClassLoader.loadClass(Ljava/lang/String;)Ljava/lang/Class; (7 bytes) @ 0x00007f5d651762c4 [0x00007f5d651761c0+0x104]
v  ~StubRoutines::call_stub
V  [libjvm.so+0x68825b]  JavaCalls::call_helper(JavaValue*, methodHandle*, JavaCallArguments*, Thread*)+0xddb
V  [libjvm.so+0x685b23]  JavaCalls::call_virtual(JavaValue*, KlassHandle, Symbol*, Symbol*, JavaCallArguments*, Thread*)+0x263
V  [libjvm.so+0x686143]  JavaCalls::call_virtual(JavaValue*, Handle, KlassHandle, Symbol*, Symbol*, Handle, Thread*)+0x53
V  [libjvm.so+0xa44ed4]  SystemDictionary::load_instance_class(Symbol*, Handle, Thread*)+0x2e4
V  [libjvm.so+0xa4389b]  SystemDictionary::resolve_instance_class_or_null(Symbol*, Handle, Handle, Thread*)+0x87b
V  [libjvm.so+0xa45779]  SystemDictionary::resolve_or_fail(Symbol*, Handle, Handle, bool, Thread*)+0x49
V  [libjvm.so+0xaaf121]  VerificationType::is_reference_assignable_from(VerificationType const&, ClassVerifier*, bool, Thread*) const+0xd1
V  [libjvm.so+0xac08d0]  StackMapFrame::pop_stack(VerificationType, Thread*)+0x40
V  [libjvm.so+0xab8143]  ClassVerifier::verify_invoke_instructions(RawBytecodeStream*, unsigned int, StackMapFrame*, bool, bool*, VerificationType, constantPoolHandle, StackMapTable*, Thread*)+0x623
V  [libjvm.so+0xaba6da]  ClassVerifier::verify_method(methodHandle, Thread*)+0x1a6a
V  [libjvm.so+0xabff30]  ClassVerifier::verify_class(Thread*)+0xe0
V  [libjvm.so+0xac054b]  Verifier::verify(instanceKlassHandle, Verifier::Mode, bool, Thread*)+0x3ab
V  [libjvm.so+0x63d784]  InstanceKlass::link_class_impl(instanceKlassHandle, bool, Thread*)+0x2b4
V  [libjvm.so+0x64402f]  InstanceKlass::initialize_impl(instanceKlassHandle, Thread*)+0x5f
V  [libjvm.so+0x644571]  InstanceKlass::initialize(Thread*)+0x51
V  [libjvm.so+0x675af5]  InterpreterRuntime::_new(JavaThread*, ConstantPool*, int)+0x325
j  org.evosuite.runtime.instrumentation.AnnotatedClassNode.visitMethod(ILjava/lang/String;Ljava/lang/String;Ljava/lang/String;[Ljava/lang/String;)Lorg/evosuite/shaded/org/objectweb/asm/MethodVisitor;+0
j  org.evosuite.shaded.org.objectweb.asm.ClassReader.readMethod(Lorg/evosuite/shaded/org/objectweb/asm/ClassVisitor;Lorg/evosuite/shaded/org/objectweb/asm/Context;I)I+524
j  org.evosuite.shaded.org.objectweb.asm.ClassReader.accept(Lorg/evosuite/shaded/org/objectweb/asm/ClassVisitor;[Lorg/evosuite/shaded/org/objectweb/asm/Attribute;I)V+1257
j  org.evosuite.shaded.org.objectweb.asm.ClassReader.accept(Lorg/evosuite/shaded/org/objectweb/asm/ClassVisitor;I)V+7
j  org.evosuite.instrumentation.BytecodeInstrumentation.transformBytes(Ljava/lang/ClassLoader;Ljava/lang/String;Lorg/evosuite/shaded/org/objectweb/asm/ClassReader;)[B+497
j  org.evosuite.instrumentation.InstrumentingClassLoader.getTransformedBytes(Ljava/lang/String;Ljava/io/InputStream;)[B+14
j  org.evosuite.instrumentation.InstrumentingClassLoader.instrumentClass(Ljava/lang/String;)Ljava/lang/Class;+89
j  org.evosuite.instrumentation.InstrumentingClassLoader.loadClass(Ljava/lang/String;)Ljava/lang/Class;+136
j  org.evosuite.utils.generic.GenericClass.getClass(Ljava/lang/String;Ljava/lang/ClassLoader;)Ljava/lang/Class;+306
j  org.evosuite.utils.generic.GenericClass.getClass(Ljava/lang/String;)Ljava/lang/Class;+7
j  org.evosuite.utils.generic.GenericClass.readObject(Ljava/io/ObjectInputStream;)V+25
j  sun.reflect.GeneratedMethodAccessor9.invoke(Ljava/lang/Object;[Ljava/lang/Object;)Ljava/lang/Object;+40
J 1055 C1 sun.reflect.DelegatingMethodAccessorImpl.invoke(Ljava/lang/Object;[Ljava/lang/Object;)Ljava/lang/Object; (10 bytes) @ 0x00007f5d6536cd44 [0x00007f5d6536cc40+0x104]
J 1042 C1 java.lang.reflect.Method.invoke(Ljava/lang/Object;[Ljava/lang/Object;)Ljava/lang/Object; (62 bytes) @ 0x00007f5d653731cc [0x00007f5d65372de0+0x3ec]
J 1047 C1 java.io.ObjectStreamClass.invokeReadObject(Ljava/lang/Object;Ljava/io/ObjectInputStream;)V (93 bytes) @ 0x00007f5d6537ceac [0x00007f5d6537cb40+0x36c]
J 1024 C1 java.io.ObjectInputStream.readSerialData(Ljava/lang/Object;Ljava/io/ObjectStreamClass;)V (367 bytes) @ 0x00007f5d653653ec [0x00007f5d65364b40+0x8ac]
J 1008 C1 java.io.ObjectInputStream.readOrdinaryObject(Z)Ljava/lang/Object; (322 bytes) @ 0x00007f5d65353e54 [0x00007f5d65353580+0x8d4]
J 950 C1 java.io.ObjectInputStream.readObject0(Z)Ljava/lang/Object; (566 bytes) @ 0x00007f5d6532d254 [0x00007f5d6532c620+0xc34]
J 1165 C1 java.io.ObjectInputStream.defaultReadFields(Ljava/lang/Object;Ljava/io/ObjectStreamClass;)V (199 bytes) @ 0x00007f5d653ed3ac [0x00007f5d653ece00+0x5ac]
J 1024 C1 java.io.ObjectInputStream.readSerialData(Ljava/lang/Object;Ljava/io/ObjectStreamClass;)V (367 bytes) @ 0x00007f5d65365744 [0x00007f5d65364b40+0xc04]
J 1008 C1 java.io.ObjectInputStream.readOrdinaryObject(Z)Ljava/lang/Object; (322 bytes) @ 0x00007f5d65353e54 [0x00007f5d65353580+0x8d4]
J 950 C1 java.io.ObjectInputStream.readObject0(Z)Ljava/lang/Object; (566 bytes) @ 0x00007f5d6532d254 [0x00007f5d6532c620+0xc34]
j  java.io.ObjectInputStream.defaultReadFields(Ljava/lang/Object;Ljava/io/ObjectStreamClass;)V+150
J 1024 C1 java.io.ObjectInputStream.readSerialData(Ljava/lang/Object;Ljava/io/ObjectStreamClass;)V (367 bytes) @ 0x00007f5d65365744 [0x00007f5d65364b40+0xc04]
J 1008 C1 java.io.ObjectInputStream.readOrdinaryObject(Z)Ljava/lang/Object; (322 bytes) @ 0x00007f5d65353e54 [0x00007f5d65353580+0x8d4]
J 950 C1 java.io.ObjectInputStream.readObject0(Z)Ljava/lang/Object; (566 bytes) @ 0x00007f5d6532d254 [0x00007f5d6532c620+0xc34]
J 1015 C1 java.io.ObjectInputStream.readObject()Ljava/lang/Object; (130 bytes) @ 0x00007f5d6535dd54 [0x00007f5d6535dc80+0xd4]
J 1111 C1 java.util.ArrayList.readObject(Ljava/io/ObjectInputStream;)V (87 bytes) @ 0x00007f5d653acddc [0x00007f5d653ac520+0x8bc]
J 1115 C1 sun.reflect.GeneratedMethodAccessor7.invoke(Ljava/lang/Object;[Ljava/lang/Object;)Ljava/lang/Object; (66 bytes) @ 0x00007f5d653aa944 [0x00007f5d653aa600+0x344]
J 1055 C1 sun.reflect.DelegatingMethodAccessorImpl.invoke(Ljava/lang/Object;[Ljava/lang/Object;)Ljava/lang/Object; (10 bytes) @ 0x00007f5d6536cd44 [0x00007f5d6536cc40+0x104]
J 1042 C1 java.lang.reflect.Method.invoke(Ljava/lang/Object;[Ljava/lang/Object;)Ljava/lang/Object; (62 bytes) @ 0x00007f5d653731cc [0x00007f5d65372de0+0x3ec]
J 1047 C1 java.io.ObjectStreamClass.invokeReadObject(Ljava/lang/Object;Ljava/io/ObjectInputStream;)V (93 bytes) @ 0x00007f5d6537ceac [0x00007f5d6537cb40+0x36c]
J 1024 C1 java.io.ObjectInputStream.readSerialData(Ljava/lang/Object;Ljava/io/ObjectStreamClass;)V (367 bytes) @ 0x00007f5d653653ec [0x00007f5d65364b40+0x8ac]
J 1008 C1 java.io.ObjectInputStream.readOrdinaryObject(Z)Ljava/lang/Object; (322 bytes) @ 0x00007f5d65353e54 [0x00007f5d65353580+0x8d4]
J 950 C1 java.io.ObjectInputStream.readObject0(Z)Ljava/lang/Object; (566 bytes) @ 0x00007f5d6532d254 [0x00007f5d6532c620+0xc34]
J 1087 C2 java.io.ObjectInputStream.defaultReadFields(Ljava/lang/Object;Ljava/io/ObjectStreamClass;)V (199 bytes) @ 0x00007f5d653d2070 [0x00007f5d653d1d80+0x2f0]
J 1024 C1 java.io.ObjectInputStream.readSerialData(Ljava/lang/Object;Ljava/io/ObjectStreamClass;)V (367 bytes) @ 0x00007f5d65365744 [0x00007f5d65364b40+0xc04]
J 1008 C1 java.io.ObjectInputStream.readOrdinaryObject(Z)Ljava/lang/Object; (322 bytes) @ 0x00007f5d65353e54 [0x00007f5d65353580+0x8d4]
J 950 C1 java.io.ObjectInputStream.readObject0(Z)Ljava/lang/Object; (566 bytes) @ 0x00007f5d6532d254 [0x00007f5d6532c620+0xc34]
J 1087 C2 java.io.ObjectInputStream.defaultReadFields(Ljava/lang/Object;Ljava/io/ObjectStreamClass;)V (199 bytes) @ 0x00007f5d653d2070 [0x00007f5d653d1d80+0x2f0]
J 1044 C1 java.io.ObjectInputStream.defaultReadObject()V (87 bytes) @ 0x00007f5d6537e41c [0x00007f5d6537e100+0x31c]
j  org.evosuite.testcase.DefaultTestCase.readObject(Ljava/io/ObjectInputStream;)V+1
v  ~StubRoutines::call_stub
V  [libjvm.so+0x68825b]  JavaCalls::call_helper(JavaValue*, methodHandle*, JavaCallArguments*, Thread*)+0xddb
V  [libjvm.so+0x999f25]  Reflection::invoke(instanceKlassHandle, methodHandle, Handle, bool, objArrayHandle, BasicType, objArrayHandle, bool, Thread*)+0xb65
V  [libjvm.so+0x99b866]  Reflection::invoke_method(oopDesc*, Handle, objArrayHandle, Thread*)+0x126
V  [libjvm.so+0x6fd2b2]  JVM_InvokeMethod+0x102
j  sun.reflect.NativeMethodAccessorImpl.invoke0(Ljava/lang/reflect/Method;Ljava/lang/Object;[Ljava/lang/Object;)Ljava/lang/Object;+0
j  sun.reflect.NativeMethodAccessorImpl.invoke(Ljava/lang/Object;[Ljava/lang/Object;)Ljava/lang/Object;+100
J 1055 C1 sun.reflect.DelegatingMethodAccessorImpl.invoke(Ljava/lang/Object;[Ljava/lang/Object;)Ljava/lang/Object; (10 bytes) @ 0x00007f5d6536cd44 [0x00007f5d6536cc40+0x104]
J 1042 C1 java.lang.reflect.Method.invoke(Ljava/lang/Object;[Ljava/lang/Object;)Ljava/lang/Object; (62 bytes) @ 0x00007f5d653731cc [0x00007f5d65372de0+0x3ec]
J 1047 C1 java.io.ObjectStreamClass.invokeReadObject(Ljava/lang/Object;Ljava/io/ObjectInputStream;)V (93 bytes) @ 0x00007f5d6537ceac [0x00007f5d6537cb40+0x36c]
...<more frames>...

Java frames: (J=compiled Java code, j=interpreted, Vv=VM code)
J 644  java.lang.ClassLoader.defineClass1(Ljava/lang/String;[BIILjava/security/ProtectionDomain;Ljava/lang/String;)Ljava/lang/Class; (0 bytes) @ 0x00007f5d65286b91 [0x00007f5d65286b00+0x91]
J 1084 C1 java.lang.ClassLoader.defineClass(Ljava/lang/String;[BIILjava/security/ProtectionDomain;)Ljava/lang/Class; (43 bytes) @ 0x00007f5d65396bd4 [0x00007f5d65396600+0x5d4]
J 613 C1 java.net.URLClassLoader.defineClass(Ljava/lang/String;Lsun/misc/Resource;)Ljava/lang/Class; (142 bytes) @ 0x00007f5d65272bcc [0x00007f5d65271080+0x1b4c]
J 266 C1 java.net.URLClassLoader$1.run()Ljava/lang/Class; (63 bytes) @ 0x00007f5d651a2fcc [0x00007f5d651a2d20+0x2ac]
J 198 C1 java.net.URLClassLoader$1.run()Ljava/lang/Object; (5 bytes) @ 0x00007f5d6518120c [0x00007f5d65181180+0x8c]
v  ~StubRoutines::call_stub
J 137  java.security.AccessController.doPrivileged(Ljava/security/PrivilegedExceptionAction;Ljava/security/AccessControlContext;)Ljava/lang/Object; (0 bytes) @ 0x00007f5d65158fe3 [0x00007f5d65158f80+0x63]
J 146 C1 java.net.URLClassLoader.findClass(Ljava/lang/String;)Ljava/lang/Class; (47 bytes) @ 0x00007f5d6515c604 [0x00007f5d6515c480+0x184]
J 115 C1 java.lang.ClassLoader.loadClass(Ljava/lang/String;Z)Ljava/lang/Class; (122 bytes) @ 0x00007f5d6514b4dc [0x00007f5d6514ab80+0x95c]
J 186 C1 sun.misc.Launcher$AppClassLoader.loadClass(Ljava/lang/String;Z)Ljava/lang/Class; (85 bytes) @ 0x00007f5d65177dcc [0x00007f5d65177440+0x98c]
J 182 C1 java.lang.ClassLoader.loadClass(Ljava/lang/String;)Ljava/lang/Class; (7 bytes) @ 0x00007f5d651762c4 [0x00007f5d651761c0+0x104]
v  ~StubRoutines::call_stub
j  org.evosuite.runtime.instrumentation.AnnotatedClassNode.visitMethod(ILjava/lang/String;Ljava/lang/String;Ljava/lang/String;[Ljava/lang/String;)Lorg/evosuite/shaded/org/objectweb/asm/MethodVisitor;+0
j  org.evosuite.shaded.org.objectweb.asm.ClassReader.readMethod(Lorg/evosuite/shaded/org/objectweb/asm/ClassVisitor;Lorg/evosuite/shaded/org/objectweb/asm/Context;I)I+524
j  org.evosuite.shaded.org.objectweb.asm.ClassReader.accept(Lorg/evosuite/shaded/org/objectweb/asm/ClassVisitor;[Lorg/evosuite/shaded/org/objectweb/asm/Attribute;I)V+1257
j  org.evosuite.shaded.org.objectweb.asm.ClassReader.accept(Lorg/evosuite/shaded/org/objectweb/asm/ClassVisitor;I)V+7
j  org.evosuite.instrumentation.BytecodeInstrumentation.transformBytes(Ljava/lang/ClassLoader;Ljava/lang/String;Lorg/evosuite/shaded/org/objectweb/asm/ClassReader;)[B+497
j  org.evosuite.instrumentation.InstrumentingClassLoader.getTransformedBytes(Ljava/lang/String;Ljava/io/InputStream;)[B+14
j  org.evosuite.instrumentation.InstrumentingClassLoader.instrumentClass(Ljava/lang/String;)Ljava/lang/Class;+89
j  org.evosuite.instrumentation.InstrumentingClassLoader.loadClass(Ljava/lang/String;)Ljava/lang/Class;+136
j  org.evosuite.utils.generic.GenericClass.getClass(Ljava/lang/String;Ljava/lang/ClassLoader;)Ljava/lang/Class;+306
j  org.evosuite.utils.generic.GenericClass.getClass(Ljava/lang/String;)Ljava/lang/Class;+7
j  org.evosuite.utils.generic.GenericClass.readObject(Ljava/io/ObjectInputStream;)V+25
j  sun.reflect.GeneratedMethodAccessor9.invoke(Ljava/lang/Object;[Ljava/lang/Object;)Ljava/lang/Object;+40
J 1055 C1 sun.reflect.DelegatingMethodAccessorImpl.invoke(Ljava/lang/Object;[Ljava/lang/Object;)Ljava/lang/Object; (10 bytes) @ 0x00007f5d6536cd44 [0x00007f5d6536cc40+0x104]
J 1042 C1 java.lang.reflect.Method.invoke(Ljava/lang/Object;[Ljava/lang/Object;)Ljava/lang/Object; (62 bytes) @ 0x00007f5d653731cc [0x00007f5d65372de0+0x3ec]
J 1047 C1 java.io.ObjectStreamClass.invokeReadObject(Ljava/lang/Object;Ljava/io/ObjectInputStream;)V (93 bytes) @ 0x00007f5d6537ceac [0x00007f5d6537cb40+0x36c]
J 1024 C1 java.io.ObjectInputStream.readSerialData(Ljava/lang/Object;Ljava/io/ObjectStreamClass;)V (367 bytes) @ 0x00007f5d653653ec [0x00007f5d65364b40+0x8ac]
J 1008 C1 java.io.ObjectInputStream.readOrdinaryObject(Z)Ljava/lang/Object; (322 bytes) @ 0x00007f5d65353e54 [0x00007f5d65353580+0x8d4]
J 950 C1 java.io.ObjectInputStream.readObject0(Z)Ljava/lang/Object; (566 bytes) @ 0x00007f5d6532d254 [0x00007f5d6532c620+0xc34]
J 1165 C1 java.io.ObjectInputStream.defaultReadFields(Ljava/lang/Object;Ljava/io/ObjectStreamClass;)V (199 bytes) @ 0x00007f5d653ed3ac [0x00007f5d653ece00+0x5ac]
J 1024 C1 java.io.ObjectInputStream.readSerialData(Ljava/lang/Object;Ljava/io/ObjectStreamClass;)V (367 bytes) @ 0x00007f5d65365744 [0x00007f5d65364b40+0xc04]
J 1008 C1 java.io.ObjectInputStream.readOrdinaryObject(Z)Ljava/lang/Object; (322 bytes) @ 0x00007f5d65353e54 [0x00007f5d65353580+0x8d4]
J 950 C1 java.io.ObjectInputStream.readObject0(Z)Ljava/lang/Object; (566 bytes) @ 0x00007f5d6532d254 [0x00007f5d6532c620+0xc34]
j  java.io.ObjectInputStream.defaultReadFields(Ljava/lang/Object;Ljava/io/ObjectStreamClass;)V+150
J 1024 C1 java.io.ObjectInputStream.readSerialData(Ljava/lang/Object;Ljava/io/ObjectStreamClass;)V (367 bytes) @ 0x00007f5d65365744 [0x00007f5d65364b40+0xc04]
J 1008 C1 java.io.ObjectInputStream.readOrdinaryObject(Z)Ljava/lang/Object; (322 bytes) @ 0x00007f5d65353e54 [0x00007f5d65353580+0x8d4]
J 950 C1 java.io.ObjectInputStream.readObject0(Z)Ljava/lang/Object; (566 bytes) @ 0x00007f5d6532d254 [0x00007f5d6532c620+0xc34]
J 1015 C1 java.io.ObjectInputStream.readObject()Ljava/lang/Object; (130 bytes) @ 0x00007f5d6535dd54 [0x00007f5d6535dc80+0xd4]
J 1111 C1 java.util.ArrayList.readObject(Ljava/io/ObjectInputStream;)V (87 bytes) @ 0x00007f5d653acddc [0x00007f5d653ac520+0x8bc]
J 1115 C1 sun.reflect.GeneratedMethodAccessor7.invoke(Ljava/lang/Object;[Ljava/lang/Object;)Ljava/lang/Object; (66 bytes) @ 0x00007f5d653aa944 [0x00007f5d653aa600+0x344]
J 1055 C1 sun.reflect.DelegatingMethodAccessorImpl.invoke(Ljava/lang/Object;[Ljava/lang/Object;)Ljava/lang/Object; (10 bytes) @ 0x00007f5d6536cd44 [0x00007f5d6536cc40+0x104]
J 1042 C1 java.lang.reflect.Method.invoke(Ljava/lang/Object;[Ljava/lang/Object;)Ljava/lang/Object; (62 bytes) @ 0x00007f5d653731cc [0x00007f5d65372de0+0x3ec]
J 1047 C1 java.io.ObjectStreamClass.invokeReadObject(Ljava/lang/Object;Ljava/io/ObjectInputStream;)V (93 bytes) @ 0x00007f5d6537ceac [0x00007f5d6537cb40+0x36c]
J 1024 C1 java.io.ObjectInputStream.readSerialData(Ljava/lang/Object;Ljava/io/ObjectStreamClass;)V (367 bytes) @ 0x00007f5d653653ec [0x00007f5d65364b40+0x8ac]
J 1008 C1 java.io.ObjectInputStream.readOrdinaryObject(Z)Ljava/lang/Object; (322 bytes) @ 0x00007f5d65353e54 [0x00007f5d65353580+0x8d4]
J 950 C1 java.io.ObjectInputStream.readObject0(Z)Ljava/lang/Object; (566 bytes) @ 0x00007f5d6532d254 [0x00007f5d6532c620+0xc34]
J 1087 C2 java.io.ObjectInputStream.defaultReadFields(Ljava/lang/Object;Ljava/io/ObjectStreamClass;)V (199 bytes) @ 0x00007f5d653d2070 [0x00007f5d653d1d80+0x2f0]
J 1024 C1 java.io.ObjectInputStream.readSerialData(Ljava/lang/Object;Ljava/io/ObjectStreamClass;)V (367 bytes) @ 0x00007f5d65365744 [0x00007f5d65364b40+0xc04]
J 1008 C1 java.io.ObjectInputStream.readOrdinaryObject(Z)Ljava/lang/Object; (322 bytes) @ 0x00007f5d65353e54 [0x00007f5d65353580+0x8d4]
J 950 C1 java.io.ObjectInputStream.readObject0(Z)Ljava/lang/Object; (566 bytes) @ 0x00007f5d6532d254 [0x00007f5d6532c620+0xc34]
J 1087 C2 java.io.ObjectInputStream.defaultReadFields(Ljava/lang/Object;Ljava/io/ObjectStreamClass;)V (199 bytes) @ 0x00007f5d653d2070 [0x00007f5d653d1d80+0x2f0]
J 1044 C1 java.io.ObjectInputStream.defaultReadObject()V (87 bytes) @ 0x00007f5d6537e41c [0x00007f5d6537e100+0x31c]
j  org.evosuite.testcase.DefaultTestCase.readObject(Ljava/io/ObjectInputStream;)V+1
v  ~StubRoutines::call_stub
j  sun.reflect.NativeMethodAccessorImpl.invoke0(Ljava/lang/reflect/Method;Ljava/lang/Object;[Ljava/lang/Object;)Ljava/lang/Object;+0
j  sun.reflect.NativeMethodAccessorImpl.invoke(Ljava/lang/Object;[Ljava/lang/Object;)Ljava/lang/Object;+100
J 1055 C1 sun.reflect.DelegatingMethodAccessorImpl.invoke(Ljava/lang/Object;[Ljava/lang/Object;)Ljava/lang/Object; (10 bytes) @ 0x00007f5d6536cd44 [0x00007f5d6536cc40+0x104]
J 1042 C1 java.lang.reflect.Method.invoke(Ljava/lang/Object;[Ljava/lang/Object;)Ljava/lang/Object; (62 bytes) @ 0x00007f5d653731cc [0x00007f5d65372de0+0x3ec]
J 1047 C1 java.io.ObjectStreamClass.invokeReadObject(Ljava/lang/Object;Ljava/io/ObjectInputStream;)V (93 bytes) @ 0x00007f5d6537ceac [0x00007f5d6537cb40+0x36c]
J 1024 C1 java.io.ObjectInputStream.readSerialData(Ljava/lang/Object;Ljava/io/ObjectStreamClass;)V (367 bytes) @ 0x00007f5d653653ec [0x00007f5d65364b40+0x8ac]
J 1008 C1 java.io.ObjectInputStream.readOrdinaryObject(Z)Ljava/lang/Object; (322 bytes) @ 0x00007f5d65353e54 [0x00007f5d65353580+0x8d4]
J 950 C1 java.io.ObjectInputStream.readObject0(Z)Ljava/lang/Object; (566 bytes) @ 0x00007f5d6532d254 [0x00007f5d6532c620+0xc34]
J 1004 C1 java.io.ObjectInputStream.defaultReadFields(Ljava/lang/Object;Ljava/io/ObjectStreamClass;)V (199 bytes) @ 0x00007f5d6534d06c [0x00007f5d6534cac0+0x5ac]
J 1024 C1 java.io.ObjectInputStream.readSerialData(Ljava/lang/Object;Ljava/io/ObjectStreamClass;)V (367 bytes) @ 0x00007f5d65365744 [0x00007f5d65364b40+0xc04]
J 1008 C1 java.io.ObjectInputStream.readOrdinaryObject(Z)Ljava/lang/Object; (322 bytes) @ 0x00007f5d65353e54 [0x00007f5d65353580+0x8d4]
J 950 C1 java.io.ObjectInputStream.readObject0(Z)Ljava/lang/Object; (566 bytes) @ 0x00007f5d6532d254 [0x00007f5d6532c620+0xc34]
J 1015 C1 java.io.ObjectInputStream.readObject()Ljava/lang/Object; (130 bytes) @ 0x00007f5d6535dd54 [0x00007f5d6535dc80+0xd4]
J 1111 C1 java.util.ArrayList.readObject(Ljava/io/ObjectInputStream;)V (87 bytes) @ 0x00007f5d653acddc [0x00007f5d653ac520+0x8bc]
J 1115 C1 sun.reflect.GeneratedMethodAccessor7.invoke(Ljava/lang/Object;[Ljava/lang/Object;)Ljava/lang/Object; (66 bytes) @ 0x00007f5d653aa944 [0x00007f5d653aa600+0x344]
J 1055 C1 sun.reflect.DelegatingMethodAccessorImpl.invoke(Ljava/lang/Object;[Ljava/lang/Object;)Ljava/lang/Object; (10 bytes) @ 0x00007f5d6536cd44 [0x00007f5d6536cc40+0x104]
J 1042 C1 java.lang.reflect.Method.invoke(Ljava/lang/Object;[Ljava/lang/Object;)Ljava/lang/Object; (62 bytes) @ 0x00007f5d653731cc [0x00007f5d65372de0+0x3ec]
J 1047 C1 java.io.ObjectStreamClass.invokeReadObject(Ljava/lang/Object;Ljava/io/ObjectInputStream;)V (93 bytes) @ 0x00007f5d6537ceac [0x00007f5d6537cb40+0x36c]
J 1024 C1 java.io.ObjectInputStream.readSerialData(Ljava/lang/Object;Ljava/io/ObjectStreamClass;)V (367 bytes) @ 0x00007f5d653653ec [0x00007f5d65364b40+0x8ac]
J 1008 C1 java.io.ObjectInputStream.readOrdinaryObject(Z)Ljava/lang/Object; (322 bytes) @ 0x00007f5d65353e54 [0x00007f5d65353580+0x8d4]
J 950 C1 java.io.ObjectInputStream.readObject0(Z)Ljava/lang/Object; (566 bytes) @ 0x00007f5d6532d254 [0x00007f5d6532c620+0xc34]
J 1004 C1 java.io.ObjectInputStream.defaultReadFields(Ljava/lang/Object;Ljava/io/ObjectStreamClass;)V (199 bytes) @ 0x00007f5d6534d06c [0x00007f5d6534cac0+0x5ac]
j  java.io.ObjectInputStream.readSerialData(Ljava/lang/Object;Ljava/io/ObjectStreamClass;)V+298
j  java.io.ObjectInputStream.readOrdinaryObject(Z)Ljava/lang/Object;+183
J 950 C1 java.io.ObjectInputStream.readObject0(Z)Ljava/lang/Object; (566 bytes) @ 0x00007f5d6532d254 [0x00007f5d6532c620+0xc34]
j  java.io.ObjectInputStream.readObject()Ljava/lang/Object;+19
j  sun.rmi.server.UnicastRef.unmarshalValue(Ljava/lang/Class;Ljava/io/ObjectInput;)Ljava/lang/Object;+171
j  sun.rmi.server.UnicastServerRef.unmarshalParametersUnchecked(Ljava/lang/reflect/Method;Ljava/io/ObjectInput;)[Ljava/lang/Object;+31
j  sun.rmi.server.UnicastServerRef.unmarshalParameters(Ljava/lang/Object;Ljava/lang/reflect/Method;Lsun/rmi/server/MarshalInputStream;)[Ljava/lang/Object;+23
j  sun.rmi.server.UnicastServerRef.dispatch(Ljava/rmi/Remote;Ljava/rmi/server/RemoteCall;)V+168
j  sun.rmi.transport.Transport$1.run()Ljava/lang/Void;+23
j  sun.rmi.transport.Transport$1.run()Ljava/lang/Object;+1
v  ~StubRoutines::call_stub
J 137  java.security.AccessController.doPrivileged(Ljava/security/PrivilegedExceptionAction;Ljava/security/AccessControlContext;)Ljava/lang/Object; (0 bytes) @ 0x00007f5d65158fe3 [0x00007f5d65158f80+0x63]
j  sun.rmi.transport.Transport.serviceCall(Ljava/rmi/server/RemoteCall;)Z+157
j  sun.rmi.transport.tcp.TCPTransport.handleMessages(Lsun/rmi/transport/Connection;Z)V+185
j  sun.rmi.transport.tcp.TCPTransport$ConnectionHandler.run0()V+696
j  sun.rmi.transport.tcp.TCPTransport$ConnectionHandler.lambda$run$0()Ljava/lang/Void;+1
j  sun.rmi.transport.tcp.TCPTransport$ConnectionHandler$$Lambda$19.run()Ljava/lang/Object;+4
v  ~StubRoutines::call_stub
j  java.security.AccessController.doPrivileged(Ljava/security/PrivilegedAction;Ljava/security/AccessControlContext;)Ljava/lang/Object;+0
j  sun.rmi.transport.tcp.TCPTransport$ConnectionHandler.run()V+58
j  java.util.concurrent.ThreadPoolExecutor.runWorker(Ljava/util/concurrent/ThreadPoolExecutor$Worker;)V+95
j  java.util.concurrent.ThreadPoolExecutor$Worker.run()V+5
j  java.lang.Thread.run()V+11
v  ~StubRoutines::call_stub

---------------  P R O C E S S  ---------------

Java Threads: ( => current thread )
=>0x00007f5d10001000 JavaThread "RMI TCP Connection(2)-127.0.0.1" daemon [_thread_in_vm, id=39083, stack(0x00007f5d544f4000,0x00007f5d545f5000)]
  0x00007f5ce8038000 JavaThread "RMI Scheduler(0)" daemon [_thread_blocked, id=39078, stack(0x00007f5d545f5000,0x00007f5d546f6000)]
  0x00007f5ce8030800 JavaThread "RMI RenewClean-[127.0.0.1:10046]" daemon [_thread_blocked, id=39061, stack(0x00007f5d546f6000,0x00007f5d547f7000)]
  0x00007f5d1c001000 JavaThread "RMI TCP Connection(3)-127.0.0.1" daemon [_thread_blocked, id=39038, stack(0x00007f5d547f7000,0x00007f5d548f8000)]
  0x00007f5d0c005000 JavaThread "pool-3-thread-3" [_thread_blocked, id=38981, stack(0x00007f5d548f8000,0x00007f5d549f9000)]
  0x00007f5d0c003000 JavaThread "pool-3-thread-2" [_thread_blocked, id=38979, stack(0x00007f5d549f9000,0x00007f5d54afa000)]
  0x00007f5d0c002000 JavaThread "pool-3-thread-1" [_thread_blocked, id=38977, stack(0x00007f5d54afa000,0x00007f5d54bfb000)]
  0x00007f5d741ff000 JavaThread "Thread-3" [_thread_blocked, id=38852, stack(0x00007f5d54bfb000,0x00007f5d54cfc000)]
  0x00007f5d741fd800 JavaThread "Thread-2" [_thread_blocked, id=38849, stack(0x00007f5d54cfc000,0x00007f5d54dfd000)]
  0x00007f5d741a4800 JavaThread "process reaper" daemon [_thread_blocked, id=38843, stack(0x00007f5d7801c000,0x00007f5d78055000)]
  0x00007f5d743c0800 JavaThread "pool-2-thread-1" [_thread_in_native, id=38814, stack(0x00007f5d54dfd000,0x00007f5d54efe000)]
  0x00007f5d743be000 JavaThread "GC Daemon" daemon [_thread_blocked, id=38810, stack(0x00007f5d54efe000,0x00007f5d54fff000)]
  0x00007f5d743bb800 JavaThread "RMI Reaper" [_thread_blocked, id=38805, stack(0x00007f5d5c0bf000,0x00007f5d5c1c0000)]
  0x00007f5d743b4000 JavaThread "RMI TCP Accept-19544" daemon [_thread_in_native, id=38804, stack(0x00007f5d5c1c0000,0x00007f5d5c2c1000)]
  0x00007f5d743ad000 JavaThread "RMI TCP Accept-13313" daemon [_thread_in_native, id=38786, stack(0x00007f5d5c2c1000,0x00007f5d5c3c2000)]
  0x00007f5d742f2800 JavaThread "logback-3" daemon [_thread_blocked, id=38739, stack(0x00007f5d5c63b000,0x00007f5d5c73c000)]
  0x00007f5d742ee800 JavaThread "logback-2" daemon [_thread_blocked, id=38733, stack(0x00007f5d5c73c000,0x00007f5d5c83d000)]
  0x00007f5d742ed000 JavaThread "logback-1" daemon [_thread_blocked, id=38726, stack(0x00007f5d5c83d000,0x00007f5d5c93e000)]
  0x00007f5d74189000 JavaThread "Service Thread" daemon [_thread_blocked, id=38708, stack(0x00007f5d5ce88000,0x00007f5d5cf89000)]
  0x00007f5d74186000 JavaThread "C1 CompilerThread2" daemon [_thread_blocked, id=38700, stack(0x00007f5d5cf89000,0x00007f5d5d08a000)]
  0x00007f5d74184800 JavaThread "C2 CompilerThread1" daemon [_thread_blocked, id=38692, stack(0x00007f5d5d08a000,0x00007f5d5d18b000)]
  0x00007f5d74181800 JavaThread "C2 CompilerThread0" daemon [_thread_blocked, id=38684, stack(0x00007f5d5d18b000,0x00007f5d5d28c000)]
  0x00007f5d74180000 JavaThread "Signal Dispatcher" daemon [_thread_blocked, id=38675, stack(0x00007f5d5d28c000,0x00007f5d5d38d000)]
  0x00007f5d7414c000 JavaThread "Finalizer" daemon [_thread_blocked, id=38669, stack(0x00007f5d5dd4c000,0x00007f5d5de4d000)]
  0x00007f5d74149800 JavaThread "Reference Handler" daemon [_thread_blocked, id=38659, stack(0x00007f5d5de4d000,0x00007f5d5df4e000)]
  0x00007f5d7400a800 JavaThread "main" [_thread_blocked, id=38611, stack(0x00007f5d7c44d000,0x00007f5d7c54e000)]

Other Threads:
  0x00007f5d74140000 VMThread [stack: 0x00007f5d5df4e000,0x00007f5d5e04f000] [id=38651]
  0x00007f5d7418b800 WatcherThread [stack: 0x00007f5d5cd87000,0x00007f5d5ce88000] [id=38711]

VM state:synchronizing (normal execution)

VM Mutex/Monitor currently owned by a thread:  ([mutex/lock_event])
[0x00007f5d74007090] Threads_lock - owner thread: 0x00007f5d74140000

heap address: 0x00000000c2a00000, size: 982 MB, Compressed Oops mode: 32-bit
Narrow klass base: 0x0000000000000000, Narrow klass shift: 3
Compressed class space size: 1073741824 Address: 0x0000000100000000

Heap:
 PSYoungGen      total 18432K, used 12178K [0x00000000eb900000, 0x00000000ecd80000, 0x0000000100000000)
  eden space 15872K, 76% used [0x00000000eb900000,0x00000000ec4e4b80,0x00000000ec880000)
  from space 2560K, 0% used [0x00000000ecb00000,0x00000000ecb00000,0x00000000ecd80000)
  to   space 2560K, 0% used [0x00000000ec880000,0x00000000ec880000,0x00000000ecb00000)
 ParOldGen       total 42496K, used 2557K [0x00000000c2a00000, 0x00000000c5380000, 0x00000000eb900000)
  object space 42496K, 6% used [0x00000000c2a00000,0x00000000c2c7f6b8,0x00000000c5380000)
 Metaspace       used 12782K, capacity 13112K, committed 13184K, reserved 1060864K
  class space    used 1522K, capacity 1642K, committed 1664K, reserved 1048576K

Card table byte_map: [0x00007f5d79002000,0x00007f5d791ee000] byte_map_base: 0x00007f5d789ed000

Marking Bits: (ParMarkBitMap*) 0x00007f5d7b924d80
 Begin Bits: [0x00007f5d5e150000, 0x00007f5d5f0a8000)
 End Bits:   [0x00007f5d5f0a8000, 0x00007f5d60000000)

Polling page: 0x00007f5d7c569000

CodeCache: size=245760Kb used=4077Kb max_used=4077Kb free=241682Kb
 bounds [0x00007f5d65000000, 0x00007f5d65410000, 0x00007f5d74000000]
 total_blobs=1507 nmethods=1171 adapters=248
 compilation: enabled

Compilation events (10 events):
Event: 43.328 Thread 0x00007f5d74186000 1171       3       java.io.ObjectInputStream$HandleTable::finish (111 bytes)
Event: 43.328 Thread 0x00007f5d74186000 nmethod 1171 0x00007f5d653efbd0 code [0x00007f5d653efd80, 0x00007f5d653f0288]
Event: 43.333 Thread 0x00007f5d74186000 1172       3       java.io.Bits::getLong (105 bytes)
Event: 43.334 Thread 0x00007f5d74186000 nmethod 1172 0x00007f5d653ec5d0 code [0x00007f5d653ec740, 0x00007f5d653eca10]
Event: 43.335 Thread 0x00007f5d74184800 1173       4       java.lang.String::indexOf (166 bytes)
Event: 43.341 Thread 0x00007f5d74184800 nmethod 1173 0x00007f5d653f1350 code [0x00007f5d653f14c0, 0x00007f5d653f19d8]
Event: 43.421 Thread 0x00007f5d74186000 1174       3       java.util.regex.Pattern::has (15 bytes)
Event: 43.421 Thread 0x00007f5d74186000 nmethod 1174 0x00007f5d653e9310 code [0x00007f5d653e9480, 0x00007f5d653e9630]
Event: 43.558 Thread 0x00007f5d74186000 1175       3       org.evosuite.shaded.org.objectweb.asm.ClassReader::readUnsignedShort (26 bytes)
Event: 43.559 Thread 0x00007f5d74186000 nmethod 1175 0x00007f5d653f2750 code [0x00007f5d653f28c0, 0x00007f5d653f2a70]

GC Heap History (6 events):
Event: 1.996 GC heap before
{Heap before GC invocations=1 (full 0):
 PSYoungGen      total 18432K, used 15872K [0x00000000eb900000, 0x00000000ecd80000, 0x0000000100000000)
  eden space 15872K, 100% used [0x00000000eb900000,0x00000000ec880000,0x00000000ec880000)
  from space 2560K, 0% used [0x00000000ecb00000,0x00000000ecb00000,0x00000000ecd80000)
  to   space 2560K, 0% used [0x00000000ec880000,0x00000000ec880000,0x00000000ecb00000)
 ParOldGen       total 42496K, used 0K [0x00000000c2a00000, 0x00000000c5380000, 0x00000000eb900000)
  object space 42496K, 0% used [0x00000000c2a00000,0x00000000c2a00000,0x00000000c5380000)
 Metaspace       used 10044K, capacity 10252K, committed 10624K, reserved 1058816K
  class space    used 1213K, capacity 1287K, committed 1408K, reserved 1048576K
Event: 2.002 GC heap after
Heap after GC invocations=1 (full 0):
 PSYoungGen      total 18432K, used 2544K [0x00000000eb900000, 0x00000000ecd80000, 0x0000000100000000)
  eden space 15872K, 0% used [0x00000000eb900000,0x00000000eb900000,0x00000000ec880000)
  from space 2560K, 99% used [0x00000000ec880000,0x00000000ecafc010,0x00000000ecb00000)
  to   space 2560K, 0% used [0x00000000ecb00000,0x00000000ecb00000,0x00000000ecd80000)
 ParOldGen       total 42496K, used 1641K [0x00000000c2a00000, 0x00000000c5380000, 0x00000000eb900000)
  object space 42496K, 3% used [0x00000000c2a00000,0x00000000c2b9a438,0x00000000c5380000)
 Metaspace       used 10044K, capacity 10252K, committed 10624K, reserved 1058816K
  class space    used 1213K, capacity 1287K, committed 1408K, reserved 1048576K
}
Event: 2.041 GC heap before
{Heap before GC invocations=2 (full 0):
 PSYoungGen      total 18432K, used 3082K [0x00000000eb900000, 0x00000000ecd80000, 0x0000000100000000)
  eden space 15872K, 3% used [0x00000000eb900000,0x00000000eb9869d8,0x00000000ec880000)
  from space 2560K, 99% used [0x00000000ec880000,0x00000000ecafc010,0x00000000ecb00000)
  to   space 2560K, 0% used [0x00000000ecb00000,0x00000000ecb00000,0x00000000ecd80000)
 ParOldGen       total 42496K, used 1641K [0x00000000c2a00000, 0x00000000c5380000, 0x00000000eb900000)
  object space 42496K, 3% used [0x00000000c2a00000,0x00000000c2b9a438,0x00000000c5380000)
 Metaspace       used 10155K, capacity 10316K, committed 10624K, reserved 1058816K
  class space    used 1227K, capacity 1287K, committed 1408K, reserved 1048576K
Event: 2.045 GC heap after
Heap after GC invocations=2 (full 0):
 PSYoungGen      total 18432K, used 2544K [0x00000000eb900000, 0x00000000ecd80000, 0x0000000100000000)
  eden space 15872K, 0% used [0x00000000eb900000,0x00000000eb900000,0x00000000ec880000)
  from space 2560K, 99% used [0x00000000ecb00000,0x00000000ecd7c010,0x00000000ecd80000)
  to   space 2560K, 0% used [0x00000000ec880000,0x00000000ec880000,0x00000000ecb00000)
 ParOldGen       total 42496K, used 1649K [0x00000000c2a00000, 0x00000000c5380000, 0x00000000eb900000)
  object space 42496K, 3% used [0x00000000c2a00000,0x00000000c2b9c438,0x00000000c5380000)
 Metaspace       used 10155K, capacity 10316K, committed 10624K, reserved 1058816K
  class space    used 1227K, capacity 1287K, committed 1408K, reserved 1048576K
}
Event: 2.045 GC heap before
{Heap before GC invocations=3 (full 1):
 PSYoungGen      total 18432K, used 2544K [0x00000000eb900000, 0x00000000ecd80000, 0x0000000100000000)
  eden space 15872K, 0% used [0x00000000eb900000,0x00000000eb900000,0x00000000ec880000)
  from space 2560K, 99% used [0x00000000ecb00000,0x00000000ecd7c010,0x00000000ecd80000)
  to   space 2560K, 0% used [0x00000000ec880000,0x00000000ec880000,0x00000000ecb00000)
 ParOldGen       total 42496K, used 1649K [0x00000000c2a00000, 0x00000000c5380000, 0x00000000eb900000)
  object space 42496K, 3% used [0x00000000c2a00000,0x00000000c2b9c438,0x00000000c5380000)
 Metaspace       used 10155K, capacity 10316K, committed 10624K, reserved 1058816K
  class space    used 1227K, capacity 1287K, committed 1408K, reserved 1048576K
Event: 2.078 GC heap after
Heap after GC invocations=3 (full 1):
 PSYoungGen      total 18432K, used 0K [0x00000000eb900000, 0x00000000ecd80000, 0x0000000100000000)
  eden space 15872K, 0% used [0x00000000eb900000,0x00000000eb900000,0x00000000ec880000)
  from space 2560K, 0% used [0x00000000ecb00000,0x00000000ecb00000,0x00000000ecd80000)
  to   space 2560K, 0% used [0x00000000ec880000,0x00000000ec880000,0x00000000ecb00000)
 ParOldGen       total 42496K, used 2557K [0x00000000c2a00000, 0x00000000c5380000, 0x00000000eb900000)
  object space 42496K, 6% used [0x00000000c2a00000,0x00000000c2c7f6b8,0x00000000c5380000)
 Metaspace       used 10147K, capacity 10306K, committed 10624K, reserved 1058816K
  class space    used 1225K, capacity 1285K, committed 1408K, reserved 1048576K
}

Deoptimization events (10 events):
Event: 3.968 Thread 0x00007f5d1c001000 Uncommon trap: reason=unstable_if action=reinterpret pc=0x00007f5d65305578 method=sun.misc.MetaIndex.mayContain(Ljava/lang/String;)Z @ 38
Event: 3.970 Thread 0x00007f5d1c001000 Uncommon trap: reason=unstable_if action=reinterpret pc=0x00007f5d651e634c method=sun.misc.MetaIndex.mayContain(Ljava/lang/String;)Z @ 38
Event: 41.402 Thread 0x00007f5d10001000 Uncommon trap: reason=bimorphic action=maybe_recompile pc=0x00007f5d65260550 method=java.util.HashMap.putVal(ILjava/lang/Object;Ljava/lang/Object;ZZ)Ljava/lang/Object; @ 91
Event: 41.404 Thread 0x00007f5d10001000 Uncommon trap: reason=bimorphic action=maybe_recompile pc=0x00007f5d65260550 method=java.util.HashMap.putVal(ILjava/lang/Object;Ljava/lang/Object;ZZ)Ljava/lang/Object; @ 91
Event: 41.404 Thread 0x00007f5d10001000 Uncommon trap: reason=bimorphic action=maybe_recompile pc=0x00007f5d65260550 method=java.util.HashMap.putVal(ILjava/lang/Object;Ljava/lang/Object;ZZ)Ljava/lang/Object; @ 91
Event: 41.404 Thread 0x00007f5d10001000 Uncommon trap: reason=bimorphic action=maybe_recompile pc=0x00007f5d65260550 method=java.util.HashMap.putVal(ILjava/lang/Object;Ljava/lang/Object;ZZ)Ljava/lang/Object; @ 91
Event: 42.783 Thread 0x00007f5d10001000 Uncommon trap: reason=uninitialized action=reinterpret pc=0x00007f5d653d2c30 method=java.io.ObjectInputStream$HandleTable.markDependency(II)V @ 110
Event: 42.796 Thread 0x00007f5d10001000 Uncommon trap: reason=unstable_if action=reinterpret pc=0x00007f5d653e022c method=java.io.ObjectInputStream$HandleTable.finish(I)V @ 4
Event: 42.797 Thread 0x00007f5d10001000 Uncommon trap: reason=uninitialized action=reinterpret pc=0x00007f5d653d6fd4 method=java.io.ObjectInputStream$HandleTable.markDependency(II)V @ 110
Event: 42.850 Thread 0x00007f5d10001000 Uncommon trap: reason=uninitialized action=reinterpret pc=0x00007f5d653d2c30 method=java.io.ObjectInputStream$HandleTable.markDependency(II)V @ 110

Classes redefined (0 events):
No events

Internal exceptions (10 events):
Event: 21.028 Thread 0x00007f5d742ed000 Exception <a 'java/net/ConnectException'> (0x00000000ebb174e8) thrown at [/HUDSON/workspace/8-2-build-linux-amd64/jdk8u201/12317/hotspot/src/share/vm/prims/jni.cpp, line 709]
Event: 21.039 Thread 0x00007f5d742ee800 Exception <a 'java/net/ConnectException'> (0x00000000ebb3f090) thrown at [/HUDSON/workspace/8-2-build-linux-amd64/jdk8u201/12317/hotspot/src/share/vm/prims/jni.cpp, line 709]
Event: 21.054 Thread 0x00007f5d742f2800 Exception <a 'java/net/ConnectException'> (0x00000000ebb66c38) thrown at [/HUDSON/workspace/8-2-build-linux-amd64/jdk8u201/12317/hotspot/src/share/vm/prims/jni.cpp, line 709]
Event: 31.212 Thread 0x00007f5d742f2800 Exception <a 'java/net/ConnectException'> (0x00000000ebb67760) thrown at [/HUDSON/workspace/8-2-build-linux-amd64/jdk8u201/12317/hotspot/src/share/vm/prims/jni.cpp, line 709]
Event: 31.406 Thread 0x00007f5d742ed000 Exception <a 'java/net/ConnectException'> (0x00000000ebb18010) thrown at [/HUDSON/workspace/8-2-build-linux-amd64/jdk8u201/12317/hotspot/src/share/vm/prims/jni.cpp, line 709]
Event: 31.440 Thread 0x00007f5d742ee800 Exception <a 'java/net/ConnectException'> (0x00000000ebb3fbb8) thrown at [/HUDSON/workspace/8-2-build-linux-amd64/jdk8u201/12317/hotspot/src/share/vm/prims/jni.cpp, line 709]
Event: 41.215 Thread 0x00007f5d742f2800 Exception <a 'java/net/ConnectException'> (0x00000000ebb68288) thrown at [/HUDSON/workspace/8-2-build-linux-amd64/jdk8u201/12317/hotspot/src/share/vm/prims/jni.cpp, line 709]
Event: 41.406 Thread 0x00007f5d742ed000 Exception <a 'java/net/ConnectException'> (0x00000000ebb18b38) thrown at [/HUDSON/workspace/8-2-build-linux-amd64/jdk8u201/12317/hotspot/src/share/vm/prims/jni.cpp, line 709]
Event: 41.442 Thread 0x00007f5d742ee800 Exception <a 'java/net/ConnectException'> (0x00000000ebb406e0) thrown at [/HUDSON/workspace/8-2-build-linux-amd64/jdk8u201/12317/hotspot/src/share/vm/prims/jni.cpp, line 709]
Event: 41.706 Thread 0x00007f5d10001000 Exception <a 'java/lang/NoSuchMethodError': <clinit>> (0x00000000ec1c7d40) thrown at [/HUDSON/workspace/8-2-build-linux-amd64/jdk8u201/12317/hotspot/src/share/vm/prims/jni.cpp, line 1613]

Events (10 events):
Event: 43.561 loading class org/evosuite/shaded/org/objectweb/asm/tree/LookupSwitchInsnNode
Event: 43.561 loading class org/evosuite/shaded/org/objectweb/asm/tree/LookupSwitchInsnNode done
Event: 43.573 loading class org/evosuite/shaded/org/objectweb/asm/tree/TableSwitchInsnNode
Event: 43.573 loading class org/evosuite/shaded/org/objectweb/asm/tree/TableSwitchInsnNode done
Event: 43.573 loading class org/evosuite/shaded/org/objectweb/asm/tree/IincInsnNode
Event: 43.573 loading class org/evosuite/shaded/org/objectweb/asm/tree/IincInsnNode done
Event: 43.574 loading class org/evosuite/shaded/org/objectweb/asm/tree/InvokeDynamicInsnNode
Event: 43.574 loading class org/evosuite/shaded/org/objectweb/asm/tree/InvokeDynamicInsnNode done
Event: 43.574 loading class org/evosuite/shaded/org/objectweb/asm/Label
Event: 43.574 loading class org/evosuite/shaded/org/objectweb/asm/Label done


Dynamic libraries:
00400000-00401000 r-xp 00000000 08:01 654793                             /usr/lib/jdk/jdk1.8.0_201/bin/java
00600000-00601000 r--p 00000000 08:01 654793                             /usr/lib/jdk/jdk1.8.0_201/bin/java
00601000-00602000 rw-p 00001000 08:01 654793                             /usr/lib/jdk/jdk1.8.0_201/bin/java
0248e000-0293c000 rw-p 00000000 00:00 0                                  [heap]
c2a00000-c5380000 rw-p 00000000 00:00 0 
c5380000-eb900000 ---p 00000000 00:00 0 
eb900000-ecd80000 rw-p 00000000 00:00 0 
ecd80000-100000000 ---p 00000000 00:00 0 
100000000-1001a0000 rw-p 00000000 00:00 0 
1001a0000-140000000 ---p 00000000 00:00 0 
7f5ce0000000-7f5ce0021000 rw-p 00000000 00:00 0 
7f5ce0021000-7f5ce4000000 ---p 00000000 00:00 0 
7f5ce8000000-7f5ce8045000 rw-p 00000000 00:00 0 
7f5ce8045000-7f5cec000000 ---p 00000000 00:00 0 
7f5cec000000-7f5cec021000 rw-p 00000000 00:00 0 
7f5cec021000-7f5cf0000000 ---p 00000000 00:00 0 
7f5cf0000000-7f5cf0021000 rw-p 00000000 00:00 0 
7f5cf0021000-7f5cf4000000 ---p 00000000 00:00 0 
7f5cf4000000-7f5cf4021000 rw-p 00000000 00:00 0 
7f5cf4021000-7f5cf8000000 ---p 00000000 00:00 0 
7f5cf8000000-7f5cf8021000 rw-p 00000000 00:00 0 
7f5cf8021000-7f5cfc000000 ---p 00000000 00:00 0 
7f5cfc000000-7f5cfc021000 rw-p 00000000 00:00 0 
7f5cfc021000-7f5d00000000 ---p 00000000 00:00 0 
7f5d00000000-7f5d00021000 rw-p 00000000 00:00 0 
7f5d00021000-7f5d04000000 ---p 00000000 00:00 0 
7f5d04000000-7f5d04021000 rw-p 00000000 00:00 0 
7f5d04021000-7f5d08000000 ---p 00000000 00:00 0 
7f5d08000000-7f5d08021000 rw-p 00000000 00:00 0 
7f5d08021000-7f5d0c000000 ---p 00000000 00:00 0 
7f5d0c000000-7f5d0c021000 rw-p 00000000 00:00 0 
7f5d0c021000-7f5d10000000 ---p 00000000 00:00 0 
7f5d10000000-7f5d10021000 rw-p 00000000 00:00 0 
7f5d10021000-7f5d14000000 ---p 00000000 00:00 0 
7f5d14000000-7f5d14021000 rw-p 00000000 00:00 0 
7f5d14021000-7f5d18000000 ---p 00000000 00:00 0 
7f5d18000000-7f5d18021000 rw-p 00000000 00:00 0 
7f5d18021000-7f5d1c000000 ---p 00000000 00:00 0 
7f5d1c000000-7f5d1c021000 rw-p 00000000 00:00 0 
7f5d1c021000-7f5d20000000 ---p 00000000 00:00 0 
7f5d20000000-7f5d20021000 rw-p 00000000 00:00 0 
7f5d20021000-7f5d24000000 ---p 00000000 00:00 0 
7f5d24000000-7f5d24021000 rw-p 00000000 00:00 0 
7f5d24021000-7f5d28000000 ---p 00000000 00:00 0 
7f5d28000000-7f5d28021000 rw-p 00000000 00:00 0 
7f5d28021000-7f5d2c000000 ---p 00000000 00:00 0 
7f5d2c000000-7f5d2c021000 rw-p 00000000 00:00 0 
7f5d2c021000-7f5d30000000 ---p 00000000 00:00 0 
7f5d30000000-7f5d3039a000 rw-p 00000000 00:00 0 
7f5d3039a000-7f5d34000000 ---p 00000000 00:00 0 
7f5d34000000-7f5d344fc000 rw-p 00000000 00:00 0 
7f5d344fc000-7f5d38000000 ---p 00000000 00:00 0 
7f5d38000000-7f5d38021000 rw-p 00000000 00:00 0 
7f5d38021000-7f5d3c000000 ---p 00000000 00:00 0 
7f5d3c000000-7f5d3caa5000 rw-p 00000000 00:00 0 
7f5d3caa5000-7f5d40000000 ---p 00000000 00:00 0 
7f5d40000000-7f5d40021000 rw-p 00000000 00:00 0 
7f5d40021000-7f5d44000000 ---p 00000000 00:00 0 
7f5d44000000-7f5d44021000 rw-p 00000000 00:00 0 
7f5d44021000-7f5d48000000 ---p 00000000 00:00 0 
7f5d48000000-7f5d48021000 rw-p 00000000 00:00 0 
7f5d48021000-7f5d4c000000 ---p 00000000 00:00 0 
7f5d4c000000-7f5d4c09a000 rw-p 00000000 00:00 0 
7f5d4c09a000-7f5d50000000 ---p 00000000 00:00 0 
7f5d50000000-7f5d50021000 rw-p 00000000 00:00 0 
7f5d50021000-7f5d54000000 ---p 00000000 00:00 0 
7f5d542f4000-7f5d54434000 rw-p 00000000 00:00 0 
7f5d54474000-7f5d544f4000 ---p 00000000 00:00 0 
7f5d544f4000-7f5d544f7000 ---p 00000000 00:00 0 
7f5d544f7000-7f5d545f5000 rw-p 00000000 00:00 0 
7f5d545f5000-7f5d545f8000 ---p 00000000 00:00 0 
7f5d545f8000-7f5d546f6000 rw-p 00000000 00:00 0 
7f5d546f6000-7f5d546f9000 ---p 00000000 00:00 0 
7f5d546f9000-7f5d547f7000 rw-p 00000000 00:00 0 
7f5d547f7000-7f5d547fa000 ---p 00000000 00:00 0 
7f5d547fa000-7f5d548f8000 rw-p 00000000 00:00 0 
7f5d548f8000-7f5d548fb000 ---p 00000000 00:00 0 
7f5d548fb000-7f5d549f9000 rw-p 00000000 00:00 0 
7f5d549f9000-7f5d549fc000 ---p 00000000 00:00 0 
7f5d549fc000-7f5d54afa000 rw-p 00000000 00:00 0 
7f5d54afa000-7f5d54afd000 ---p 00000000 00:00 0 
7f5d54afd000-7f5d54bfb000 rw-p 00000000 00:00 0 
7f5d54bfb000-7f5d54bfe000 ---p 00000000 00:00 0 
7f5d54bfe000-7f5d54cfc000 rw-p 00000000 00:00 0 
7f5d54cfc000-7f5d54cff000 ---p 00000000 00:00 0 
7f5d54cff000-7f5d54dfd000 rw-p 00000000 00:00 0 
7f5d54dfd000-7f5d54e00000 ---p 00000000 00:00 0 
7f5d54e00000-7f5d54efe000 rw-p 00000000 00:00 0 
7f5d54efe000-7f5d54f01000 ---p 00000000 00:00 0 
7f5d54f01000-7f5d58000000 rw-p 00000000 00:00 0 
7f5d58000000-7f5d58021000 rw-p 00000000 00:00 0 
7f5d58021000-7f5d5c000000 ---p 00000000 00:00 0 
7f5d5c0bf000-7f5d5c0c2000 ---p 00000000 00:00 0 
7f5d5c0c2000-7f5d5c1c0000 rw-p 00000000 00:00 0 
7f5d5c1c0000-7f5d5c1c3000 ---p 00000000 00:00 0 
7f5d5c1c3000-7f5d5c2c1000 rw-p 00000000 00:00 0 
7f5d5c2c1000-7f5d5c2c4000 ---p 00000000 00:00 0 
7f5d5c2c4000-7f5d5c5c2000 rw-p 00000000 00:00 0 
7f5d5c5c2000-7f5d5c63b000 r--s 010fd000 08:01 654900                     /usr/lib/jdk/jdk1.8.0_201/lib/tools.jar
7f5d5c63b000-7f5d5c63e000 ---p 00000000 00:00 0 
7f5d5c63e000-7f5d5c73c000 rw-p 00000000 00:00 0 
7f5d5c73c000-7f5d5c73f000 ---p 00000000 00:00 0 
7f5d5c73f000-7f5d5c83d000 rw-p 00000000 00:00 0 
7f5d5c83d000-7f5d5c840000 ---p 00000000 00:00 0 
7f5d5c840000-7f5d5c93e000 rw-p 00000000 00:00 0 
7f5d5c93e000-7f5d5c954000 r-xp 00000000 08:01 656512                     /usr/lib/jdk/jdk1.8.0_201/jre/lib/amd64/libnet.so
7f5d5c954000-7f5d5cb54000 ---p 00016000 08:01 656512                     /usr/lib/jdk/jdk1.8.0_201/jre/lib/amd64/libnet.so
7f5d5cb54000-7f5d5cb55000 r--p 00016000 08:01 656512                     /usr/lib/jdk/jdk1.8.0_201/jre/lib/amd64/libnet.so
7f5d5cb55000-7f5d5cb56000 rw-p 00017000 08:01 656512                     /usr/lib/jdk/jdk1.8.0_201/jre/lib/amd64/libnet.so
7f5d5cb56000-7f5d5cd87000 r--s 01bb1000 08:01 403225                     /home/hewitt/work/DiffTGen-master/lib/evosuite-1.0.6.jar
7f5d5cd87000-7f5d5cd88000 ---p 00000000 00:00 0 
7f5d5cd88000-7f5d5ce88000 rw-p 00000000 00:00 0 
7f5d5ce88000-7f5d5ce8b000 ---p 00000000 00:00 0 
7f5d5ce8b000-7f5d5cf89000 rw-p 00000000 00:00 0 
7f5d5cf89000-7f5d5cf8c000 ---p 00000000 00:00 0 
7f5d5cf8c000-7f5d5d08a000 rw-p 00000000 00:00 0 
7f5d5d08a000-7f5d5d08d000 ---p 00000000 00:00 0 
7f5d5d08d000-7f5d5d18b000 rw-p 00000000 00:00 0 
7f5d5d18b000-7f5d5d18e000 ---p 00000000 00:00 0 
7f5d5d18e000-7f5d5d28c000 rw-p 00000000 00:00 0 
7f5d5d28c000-7f5d5d28f000 ---p 00000000 00:00 0 
7f5d5d28f000-7f5d5d38d000 rw-p 00000000 00:00 0 
7f5d5d38d000-7f5d5dd4c000 r--p 00000000 08:01 270368                     /usr/lib/locale/locale-archive
7f5d5dd4c000-7f5d5dd4f000 ---p 00000000 00:00 0 
7f5d5dd4f000-7f5d5de4d000 rw-p 00000000 00:00 0 
7f5d5de4d000-7f5d5de50000 ---p 00000000 00:00 0 
7f5d5de50000-7f5d5df4e000 rw-p 00000000 00:00 0 
7f5d5df4e000-7f5d5df4f000 ---p 00000000 00:00 0 
7f5d5df4f000-7f5d60000000 rw-p 00000000 00:00 0 
7f5d60000000-7f5d60021000 rw-p 00000000 00:00 0 
7f5d60021000-7f5d64000000 ---p 00000000 00:00 0 
7f5d64018000-7f5d64e26000 rw-p 00000000 00:00 0 
7f5d64e26000-7f5d65000000 r--s 03d6f000 08:01 656293                     /usr/lib/jdk/jdk1.8.0_201/jre/lib/rt.jar
7f5d65000000-7f5d65410000 rwxp 00000000 00:00 0 
7f5d65410000-7f5d74000000 ---p 00000000 00:00 0 
7f5d74000000-7f5d744cf000 rw-p 00000000 00:00 0 
7f5d744cf000-7f5d78000000 ---p 00000000 00:00 0 
7f5d78000000-7f5d7801c000 r--s 00393000 08:01 656354                     /usr/lib/jdk/jdk1.8.0_201/jre/lib/ext/cldrdata.jar
7f5d7801c000-7f5d7801f000 ---p 00000000 00:00 0 
7f5d7801f000-7f5d78ab6000 rw-p 00000000 00:00 0 
7f5d78ab6000-7f5d78ab7000 ---p 00000000 00:00 0 
7f5d78ab7000-7f5d78bb7000 rw-p 00000000 00:00 0 
7f5d78bb7000-7f5d78bb8000 ---p 00000000 00:00 0 
7f5d78bb8000-7f5d78cb8000 rw-p 00000000 00:00 0 
7f5d78cb8000-7f5d78cb9000 ---p 00000000 00:00 0 
7f5d78cb9000-7f5d78db9000 rw-p 00000000 00:00 0 
7f5d78db9000-7f5d78dba000 ---p 00000000 00:00 0 
7f5d78dba000-7f5d78ecf000 rw-p 00000000 00:00 0 
7f5d78ecf000-7f5d79002000 ---p 00000000 00:00 0 
7f5d79002000-7f5d79017000 rw-p 00000000 00:00 0 
7f5d79017000-7f5d79149000 ---p 00000000 00:00 0 
7f5d79149000-7f5d79154000 rw-p 00000000 00:00 0 
7f5d79154000-7f5d791ed000 ---p 00000000 00:00 0 
7f5d791ed000-7f5d791ff000 rw-p 00000000 00:00 0 
7f5d791ff000-7f5d795ae000 ---p 00000000 00:00 0 
7f5d795ae000-7f5d795c9000 r-xp 00000000 08:01 656508                     /usr/lib/jdk/jdk1.8.0_201/jre/lib/amd64/libzip.so
7f5d795c9000-7f5d797c8000 ---p 0001b000 08:01 656508                     /usr/lib/jdk/jdk1.8.0_201/jre/lib/amd64/libzip.so
7f5d797c8000-7f5d797c9000 r--p 0001a000 08:01 656508                     /usr/lib/jdk/jdk1.8.0_201/jre/lib/amd64/libzip.so
7f5d797c9000-7f5d797ca000 rw-p 0001b000 08:01 656508                     /usr/lib/jdk/jdk1.8.0_201/jre/lib/amd64/libzip.so
7f5d797ca000-7f5d797d5000 r-xp 00000000 08:01 658902                     /lib/x86_64-linux-gnu/libnss_files-2.23.so
7f5d797d5000-7f5d799d4000 ---p 0000b000 08:01 658902                     /lib/x86_64-linux-gnu/libnss_files-2.23.so
7f5d799d4000-7f5d799d5000 r--p 0000a000 08:01 658902                     /lib/x86_64-linux-gnu/libnss_files-2.23.so
7f5d799d5000-7f5d799d6000 rw-p 0000b000 08:01 658902                     /lib/x86_64-linux-gnu/libnss_files-2.23.so
7f5d799d6000-7f5d799dc000 rw-p 00000000 00:00 0 
7f5d799dc000-7f5d799e7000 r-xp 00000000 08:01 658912                     /lib/x86_64-linux-gnu/libnss_nis-2.23.so
7f5d799e7000-7f5d79be6000 ---p 0000b000 08:01 658912                     /lib/x86_64-linux-gnu/libnss_nis-2.23.so
7f5d79be6000-7f5d79be7000 r--p 0000a000 08:01 658912                     /lib/x86_64-linux-gnu/libnss_nis-2.23.so
7f5d79be7000-7f5d79be8000 rw-p 0000b000 08:01 658912                     /lib/x86_64-linux-gnu/libnss_nis-2.23.so
7f5d79be8000-7f5d79bfe000 r-xp 00000000 08:01 658896                     /lib/x86_64-linux-gnu/libnsl-2.23.so
7f5d79bfe000-7f5d79dfd000 ---p 00016000 08:01 658896                     /lib/x86_64-linux-gnu/libnsl-2.23.so
7f5d79dfd000-7f5d79dfe000 r--p 00015000 08:01 658896                     /lib/x86_64-linux-gnu/libnsl-2.23.so
7f5d79dfe000-7f5d79dff000 rw-p 00016000 08:01 658896                     /lib/x86_64-linux-gnu/libnsl-2.23.so
7f5d79dff000-7f5d79e01000 rw-p 00000000 00:00 0 
7f5d79e01000-7f5d79e09000 r-xp 00000000 08:01 658898                     /lib/x86_64-linux-gnu/libnss_compat-2.23.so
7f5d79e09000-7f5d7a008000 ---p 00008000 08:01 658898                     /lib/x86_64-linux-gnu/libnss_compat-2.23.so
7f5d7a008000-7f5d7a009000 r--p 00007000 08:01 658898                     /lib/x86_64-linux-gnu/libnss_compat-2.23.so
7f5d7a009000-7f5d7a00a000 rw-p 00008000 08:01 658898                     /lib/x86_64-linux-gnu/libnss_compat-2.23.so
7f5d7a00a000-7f5d7a036000 r-xp 00000000 08:01 656502                     /usr/lib/jdk/jdk1.8.0_201/jre/lib/amd64/libjava.so
7f5d7a036000-7f5d7a236000 ---p 0002c000 08:01 656502                     /usr/lib/jdk/jdk1.8.0_201/jre/lib/amd64/libjava.so
7f5d7a236000-7f5d7a237000 r--p 0002c000 08:01 656502                     /usr/lib/jdk/jdk1.8.0_201/jre/lib/amd64/libjava.so
7f5d7a237000-7f5d7a239000 rw-p 0002d000 08:01 656502                     /usr/lib/jdk/jdk1.8.0_201/jre/lib/amd64/libjava.so
7f5d7a239000-7f5d7a246000 r-xp 00000000 08:01 656507                     /usr/lib/jdk/jdk1.8.0_201/jre/lib/amd64/libverify.so
7f5d7a246000-7f5d7a445000 ---p 0000d000 08:01 656507                     /usr/lib/jdk/jdk1.8.0_201/jre/lib/amd64/libverify.so
7f5d7a445000-7f5d7a447000 r--p 0000c000 08:01 656507                     /usr/lib/jdk/jdk1.8.0_201/jre/lib/amd64/libverify.so
7f5d7a447000-7f5d7a448000 rw-p 0000e000 08:01 656507                     /usr/lib/jdk/jdk1.8.0_201/jre/lib/amd64/libverify.so
7f5d7a448000-7f5d7a44f000 r-xp 00000000 08:01 658957                     /lib/x86_64-linux-gnu/librt-2.23.so
7f5d7a44f000-7f5d7a64e000 ---p 00007000 08:01 658957                     /lib/x86_64-linux-gnu/librt-2.23.so
7f5d7a64e000-7f5d7a64f000 r--p 00006000 08:01 658957                     /lib/x86_64-linux-gnu/librt-2.23.so
7f5d7a64f000-7f5d7a650000 rw-p 00007000 08:01 658957                     /lib/x86_64-linux-gnu/librt-2.23.so
7f5d7a650000-7f5d7a758000 r-xp 00000000 08:01 658873                     /lib/x86_64-linux-gnu/libm-2.23.so
7f5d7a758000-7f5d7a957000 ---p 00108000 08:01 658873                     /lib/x86_64-linux-gnu/libm-2.23.so
7f5d7a957000-7f5d7a958000 r--p 00107000 08:01 658873                     /lib/x86_64-linux-gnu/libm-2.23.so
7f5d7a958000-7f5d7a959000 rw-p 00108000 08:01 658873                     /lib/x86_64-linux-gnu/libm-2.23.so
7f5d7a959000-7f5d7b641000 r-xp 00000000 08:01 656484                     /usr/lib/jdk/jdk1.8.0_201/jre/lib/amd64/server/libjvm.so
7f5d7b641000-7f5d7b840000 ---p 00ce8000 08:01 656484                     /usr/lib/jdk/jdk1.8.0_201/jre/lib/amd64/server/libjvm.so
7f5d7b840000-7f5d7b8d6000 r--p 00ce7000 08:01 656484                     /usr/lib/jdk/jdk1.8.0_201/jre/lib/amd64/server/libjvm.so
7f5d7b8d6000-7f5d7b907000 rw-p 00d7d000 08:01 656484                     /usr/lib/jdk/jdk1.8.0_201/jre/lib/amd64/server/libjvm.so
7f5d7b907000-7f5d7b942000 rw-p 00000000 00:00 0 
7f5d7b942000-7f5d7bb02000 r-xp 00000000 08:01 658803                     /lib/x86_64-linux-gnu/libc-2.23.so
7f5d7bb02000-7f5d7bd02000 ---p 001c0000 08:01 658803                     /lib/x86_64-linux-gnu/libc-2.23.so
7f5d7bd02000-7f5d7bd06000 r--p 001c0000 08:01 658803                     /lib/x86_64-linux-gnu/libc-2.23.so
7f5d7bd06000-7f5d7bd08000 rw-p 001c4000 08:01 658803                     /lib/x86_64-linux-gnu/libc-2.23.so
7f5d7bd08000-7f5d7bd0c000 rw-p 00000000 00:00 0 
7f5d7bd0c000-7f5d7bd0f000 r-xp 00000000 08:01 658827                     /lib/x86_64-linux-gnu/libdl-2.23.so
7f5d7bd0f000-7f5d7bf0e000 ---p 00003000 08:01 658827                     /lib/x86_64-linux-gnu/libdl-2.23.so
7f5d7bf0e000-7f5d7bf0f000 r--p 00002000 08:01 658827                     /lib/x86_64-linux-gnu/libdl-2.23.so
7f5d7bf0f000-7f5d7bf10000 rw-p 00003000 08:01 658827                     /lib/x86_64-linux-gnu/libdl-2.23.so
7f5d7bf10000-7f5d7bf27000 r-xp 00000000 08:01 656155                     /usr/lib/jdk/jdk1.8.0_201/lib/amd64/jli/libjli.so
7f5d7bf27000-7f5d7c126000 ---p 00017000 08:01 656155                     /usr/lib/jdk/jdk1.8.0_201/lib/amd64/jli/libjli.so
7f5d7c126000-7f5d7c127000 r--p 00016000 08:01 656155                     /usr/lib/jdk/jdk1.8.0_201/lib/amd64/jli/libjli.so
7f5d7c127000-7f5d7c128000 rw-p 00017000 08:01 656155                     /usr/lib/jdk/jdk1.8.0_201/lib/amd64/jli/libjli.so
7f5d7c128000-7f5d7c140000 r-xp 00000000 08:01 658949                     /lib/x86_64-linux-gnu/libpthread-2.23.so
7f5d7c140000-7f5d7c33f000 ---p 00018000 08:01 658949                     /lib/x86_64-linux-gnu/libpthread-2.23.so
7f5d7c33f000-7f5d7c340000 r--p 00017000 08:01 658949                     /lib/x86_64-linux-gnu/libpthread-2.23.so
7f5d7c340000-7f5d7c341000 rw-p 00018000 08:01 658949                     /lib/x86_64-linux-gnu/libpthread-2.23.so
7f5d7c341000-7f5d7c345000 rw-p 00000000 00:00 0 
7f5d7c345000-7f5d7c36b000 r-xp 00000000 08:01 658775                     /lib/x86_64-linux-gnu/ld-2.23.so
7f5d7c376000-7f5d7c380000 r--s 00116000 08:01 656361                     /usr/lib/jdk/jdk1.8.0_201/jre/lib/ext/localedata.jar
7f5d7c380000-7f5d7c38f000 r--s 000ad000 08:01 960413                     /home/hewitt/work/DiffTGen-master/output/patch3-Math-80-CapGen-plausible/Math_80_3-plausible_capgen/target/build/classes/all0.jar
7f5d7c38f000-7f5d7c44d000 rw-p 00000000 00:00 0 
7f5d7c44d000-7f5d7c450000 ---p 00000000 00:00 0 
7f5d7c450000-7f5d7c553000 rw-p 00000000 00:00 0 
7f5d7c553000-7f5d7c557000 r--s 000a1000 08:01 656350                     /usr/lib/jdk/jdk1.8.0_201/jre/lib/jsse.jar
7f5d7c557000-7f5d7c55f000 r--s 0006e000 08:01 398946                     /home/hewitt/work/DiffTGen-master/lib/commons-lang3-3.5.jar
7f5d7c55f000-7f5d7c560000 r--s 00000000 08:01 398951                     /home/hewitt/work/DiffTGen-master/lib/myprinter.jar
7f5d7c560000-7f5d7c568000 rw-s 00000000 08:01 150641                     /tmp/hsperfdata_hewitt/38602
7f5d7c568000-7f5d7c569000 rw-p 00000000 00:00 0 
7f5d7c569000-7f5d7c56a000 ---p 00000000 00:00 0 
7f5d7c56a000-7f5d7c56b000 r--p 00025000 08:01 658775                     /lib/x86_64-linux-gnu/ld-2.23.so
7f5d7c56b000-7f5d7c56c000 rw-p 00026000 08:01 658775                     /lib/x86_64-linux-gnu/ld-2.23.so
7f5d7c56c000-7f5d7c56d000 rw-p 00000000 00:00 0 
7ffdbd684000-7ffdbd6a6000 rw-p 00000000 00:00 0                          [stack]
7ffdbd74b000-7ffdbd74e000 r--p 00000000 00:00 0                          [vvar]
7ffdbd74e000-7ffdbd750000 r-xp 00000000 00:00 0                          [vdso]
ffffffffff600000-ffffffffff601000 r-xp 00000000 00:00 0                  [vsyscall]

VM Arguments:
java_command: /home/hewitt/work/DiffTGen-master/lib/evosuite-1.0.6.jar -base_dir /home/hewitt/work/DiffTGen-master/output/patch3-Math-80-CapGen-plausible/Math_80_3-plausible_capgen/target/0/15 -projectCP /home/hewitt/work/DiffTGen-master/output/patch3-Math-80-CapGen-plausible/Math_80_3-plausible_capgen/target/build/classes/all0.jar:/home/hewitt/work/DiffTGen-master/lib/myprinter.jar:/home/hewitt/work/DiffTGen-master/lib/commons-lang3-3.5.jar -class org.apache.commons.math.linear.EigenDecompositionImpl -Dassertions=false -Dsearch_budget=60
java_class_path (initial): /home/hewitt/work/DiffTGen-master/lib/evosuite-1.0.6.jar
Launcher Type: SUN_STANDARD

Environment Variables:
JAVA_HOME=/usr/lib/jdk/jdk1.8.0_201
JRE_HOME=/usr/lib/jdk/jdk1.8.0_201/jre
CLASSPATH=.:/usr/lib/jdk/jdk1.8.0_201/lib:/usr/lib/jdk/jdk1.8.0_201/jre/lib
PATH=/usr/lib/jdk/jdk1.8.0_201/bin:/home/hewitt/bin:/home/hewitt/.local/bin:/usr/lib/jdk/jdk1.7.0_80/bin:/usr/local/sbin:/usr/local/bin:/usr/sbin:/usr/bin:/sbin:/bin:/usr/games:/usr/local/games:/snap/bin:/home/hewitt/work/defects4j_v1.4.0/defects4j/framework/bin:/opt/apache-ant-1.9.14/bin:/home/hewitt/work/defects4j_v1.4.0/defects4j/framework/bin
SHELL=/bin/bash
DISPLAY=:0

Signal Handlers:
SIGSEGV: [libjvm.so+0xad3e60], sa_mask[0]=11111111011111111101111111111110, sa_flags=SA_RESTART|SA_SIGINFO
SIGBUS: [libjvm.so+0xad3e60], sa_mask[0]=11111111011111111101111111111110, sa_flags=SA_RESTART|SA_SIGINFO
SIGFPE: [libjvm.so+0x90b880], sa_mask[0]=11111111011111111101111111111110, sa_flags=SA_RESTART|SA_SIGINFO
SIGPIPE: [libjvm.so+0x90b880], sa_mask[0]=11111111011111111101111111111110, sa_flags=SA_RESTART|SA_SIGINFO
SIGXFSZ: [libjvm.so+0x90b880], sa_mask[0]=11111111011111111101111111111110, sa_flags=SA_RESTART|SA_SIGINFO
SIGILL: [libjvm.so+0x90b880], sa_mask[0]=11111111011111111101111111111110, sa_flags=SA_RESTART|SA_SIGINFO
SIGUSR1: SIG_DFL, sa_mask[0]=00000000000000000000000000000000, sa_flags=none
SIGUSR2: [libjvm.so+0x90b750], sa_mask[0]=00100000000000000000000000000000, sa_flags=SA_RESTART|SA_SIGINFO
SIGHUP: [libjvm.so+0x90bd70], sa_mask[0]=11111111011111111101111111111110, sa_flags=SA_RESTART|SA_SIGINFO
SIGINT: [libjvm.so+0x90bd70], sa_mask[0]=11111111011111111101111111111110, sa_flags=SA_RESTART|SA_SIGINFO
SIGTERM: [libjvm.so+0x90bd70], sa_mask[0]=11111111011111111101111111111110, sa_flags=SA_RESTART|SA_SIGINFO
SIGQUIT: [libjvm.so+0x90bd70], sa_mask[0]=11111111011111111101111111111110, sa_flags=SA_RESTART|SA_SIGINFO


---------------  S Y S T E M  ---------------

OS:DISTRIB_ID=Ubuntu
DISTRIB_RELEASE=16.04
DISTRIB_CODENAME=xenial
DISTRIB_DESCRIPTION="Ubuntu 16.04.6 LTS"

uname:Linux 4.15.0-91-generic #92~16.04.1-Ubuntu SMP Fri Feb 28 14:57:22 UTC 2020 x86_64
libc:glibc 2.23 NPTL 2.23 
rlimit: STACK 8192k, CORE 0k, NPROC 15448, NOFILE 1048576, AS infinity
load average:20.84 13.81 12.67

/proc/meminfo:
MemTotal:        4015928 kB
MemFree:          462112 kB
MemAvailable:     380716 kB
Buffers:             888 kB
Cached:            44360 kB
SwapCached:        10872 kB
Active:          2561748 kB
Inactive:         557296 kB
Active(anon):    2547332 kB
Inactive(anon):   527108 kB
Active(file):      14416 kB
Inactive(file):    30188 kB
Unevictable:          48 kB
Mlocked:              48 kB
SwapTotal:        998396 kB
SwapFree:          36692 kB
Dirty:               352 kB
Writeback:          1064 kB
AnonPages:       3063448 kB
Mapped:            32820 kB
Shmem:               532 kB
Slab:              91300 kB
SReclaimable:      33540 kB
SUnreclaim:        57760 kB
KernelStack:       15056 kB
PageTables:        40436 kB
NFS_Unstable:          0 kB
Bounce:                0 kB
WritebackTmp:          0 kB
CommitLimit:     3006360 kB
Committed_AS:    8355464 kB
VmallocTotal:   34359738367 kB
VmallocUsed:           0 kB
VmallocChunk:          0 kB
HardwareCorrupted:     0 kB
AnonHugePages:         0 kB
ShmemHugePages:        0 kB
ShmemPmdMapped:        0 kB
CmaTotal:              0 kB
CmaFree:               0 kB
HugePages_Total:       0
HugePages_Free:        0
HugePages_Rsvd:        0
HugePages_Surp:        0
Hugepagesize:       2048 kB
DirectMap4k:       98112 kB
DirectMap2M:     4096000 kB
DirectMap1G:     2097152 kB

container (cgroup) information:
container_type: cgroupv1
cpu_cpuset_cpus: 0-3
cpu_memory_nodes: 0
active_processor_count: 4
cpu_quota: -1
cpu_period: 100000
cpu_shares: -1
memory_limit_in_bytes: -1
memory_and_swap_limit_in_bytes: -2
memory_soft_limit_in_bytes: -1
memory_usage_in_bytes: 3185102848
memory_max_usage_in_bytes: 20938752


CPU:total 4 (initial active 4) (2 cores per cpu, 1 threads per core) family 6 model 158 stepping 9, cmov, cx8, fxsr, mmx, sse, sse2, sse3, ssse3, sse4.1, sse4.2, popcnt, avx, avx2, aes, clmul, erms, 3dnowpref, lzcnt, tsc, tscinvbit, bmi1, bmi2, adx

/proc/cpuinfo:
processor	: 0
vendor_id	: GenuineIntel
cpu family	: 6
model		: 158
model name	: Intel(R) Core(TM) i7-7700HQ CPU @ 2.80GHz
stepping	: 9
microcode	: 0xb4
cpu MHz		: 2808.002
cache size	: 6144 KB
physical id	: 0
siblings	: 2
core id		: 0
cpu cores	: 2
apicid		: 0
initial apicid	: 0
fpu		: yes
fpu_exception	: yes
cpuid level	: 22
wp		: yes
flags		: fpu vme de pse tsc msr pae mce cx8 apic sep mtrr pge mca cmov pat pse36 clflush mmx fxsr sse sse2 ss ht syscall nx pdpe1gb rdtscp lm constant_tsc arch_perfmon nopl xtopology tsc_reliable nonstop_tsc cpuid pni pclmulqdq ssse3 fma cx16 pcid sse4_1 sse4_2 x2apic movbe popcnt tsc_deadline_timer aes xsave avx f16c rdrand hypervisor lahf_lm abm 3dnowprefetch cpuid_fault invpcid_single pti ssbd ibrs ibpb stibp fsgsbase tsc_adjust bmi1 avx2 smep bmi2 invpcid mpx rdseed adx smap clflushopt xsaveopt xsavec xsaves arat md_clear flush_l1d arch_capabilities
bugs		: cpu_meltdown spectre_v1 spectre_v2 spec_store_bypass l1tf mds swapgs itlb_multihit
bogomips	: 5616.00
clflush size	: 64
cache_alignment	: 64
address sizes	: 43 bits physical, 48 bits virtual
power management:

processor	: 1
vendor_id	: GenuineIntel
cpu family	: 6
model		: 158
model name	: Intel(R) Core(TM) i7-7700HQ CPU @ 2.80GHz
stepping	: 9
microcode	: 0xb4
cpu MHz		: 2808.002
cache size	: 6144 KB
physical id	: 0
siblings	: 2
core id		: 1
cpu cores	: 2
apicid		: 1
initial apicid	: 1
fpu		: yes
fpu_exception	: yes
cpuid level	: 22
wp		: yes
flags		: fpu vme de pse tsc msr pae mce cx8 apic sep mtrr pge mca cmov pat pse36 clflush mmx fxsr sse sse2 ss ht syscall nx pdpe1gb rdtscp lm constant_tsc arch_perfmon nopl xtopology tsc_reliable nonstop_tsc cpuid pni pclmulqdq ssse3 fma cx16 pcid sse4_1 sse4_2 x2apic movbe popcnt tsc_deadline_timer aes xsave avx f16c rdrand hypervisor lahf_lm abm 3dnowprefetch cpuid_fault invpcid_single pti ssbd ibrs ibpb stibp fsgsbase tsc_adjust bmi1 avx2 smep bmi2 invpcid mpx rdseed adx smap clflushopt xsaveopt xsavec xsaves arat md_clear flush_l1d arch_capabilities
bugs		: cpu_meltdown spectre_v1 spectre_v2 spec_store_bypass l1tf mds swapgs itlb_multihit
bogomips	: 5616.00
clflush size	: 64
cache_alignment	: 64
address sizes	: 43 bits physical, 48 bits virtual
power management:

processor	: 2
vendor_id	: GenuineIntel
cpu family	: 6
model		: 158
model name	: Intel(R) Core(TM) i7-7700HQ CPU @ 2.80GHz
stepping	: 9
microcode	: 0xb4
cpu MHz		: 2808.002
cache size	: 6144 KB
physical id	: 1
siblings	: 2
core id		: 0
cpu cores	: 2
apicid		: 2
initial apicid	: 2
fpu		: yes
fpu_exception	: yes
cpuid level	: 22
wp		: yes
flags		: fpu vme de pse tsc msr pae mce cx8 apic sep mtrr pge mca cmov pat pse36 clflush mmx fxsr sse sse2 ss ht syscall nx pdpe1gb rdtscp lm constant_tsc arch_perfmon nopl xtopology tsc_reliable nonstop_tsc cpuid pni pclmulqdq ssse3 fma cx16 pcid sse4_1 sse4_2 x2apic movbe popcnt tsc_deadline_timer aes xsave avx f16c rdrand hypervisor lahf_lm abm 3dnowprefetch cpuid_fault invpcid_single pti ssbd ibrs ibpb stibp fsgsbase tsc_adjust bmi1 avx2 smep bmi2 invpcid mpx rdseed adx smap clflushopt xsaveopt xsavec xsaves arat md_clear flush_l1d arch_capabilities
bugs		: cpu_meltdown spectre_v1 spectre_v2 spec_store_bypass l1tf mds swapgs itlb_multihit
bogomips	: 5616.00
clflush size	: 64
cache_alignment	: 64
address sizes	: 43 bits physical, 48 bits virtual
power management:

processor	: 3
vendor_id	: GenuineIntel
cpu family	: 6
model		: 158
model name	: Intel(R) Core(TM) i7-7700HQ CPU @ 2.80GHz
stepping	: 9
microcode	: 0xb4
cpu MHz		: 2808.002
cache size	: 6144 KB
physical id	: 1
siblings	: 2
core id		: 1
cpu cores	: 2
apicid		: 3
initial apicid	: 3
fpu		: yes
fpu_exception	: yes
cpuid level	: 22
wp		: yes
flags		: fpu vme de pse tsc msr pae mce cx8 apic sep mtrr pge mca cmov pat pse36 clflush mmx fxsr sse sse2 ss ht syscall nx pdpe1gb rdtscp lm constant_tsc arch_perfmon nopl xtopology tsc_reliable nonstop_tsc cpuid pni pclmulqdq ssse3 fma cx16 pcid sse4_1 sse4_2 x2apic movbe popcnt tsc_deadline_timer aes xsave avx f16c rdrand hypervisor lahf_lm abm 3dnowprefetch cpuid_fault invpcid_single pti ssbd ibrs ibpb stibp fsgsbase tsc_adjust bmi1 avx2 smep bmi2 invpcid mpx rdseed adx smap clflushopt xsaveopt xsavec xsaves arat md_clear flush_l1d arch_capabilities
bugs		: cpu_meltdown spectre_v1 spectre_v2 spec_store_bypass l1tf mds swapgs itlb_multihit
bogomips	: 5616.00
clflush size	: 64
cache_alignment	: 64
address sizes	: 43 bits physical, 48 bits virtual
power management:



Memory: 4k page, physical 4015928k(462112k free), swap 998396k(36692k free)

vm_info: Java HotSpot(TM) 64-Bit Server VM (25.201-b09) for linux-amd64 JRE (1.8.0_201-b09), built on Dec 15 2018 11:35:59 by "java_re" with gcc 7.3.0

time: Sun Mar 29 00:12:14 2020
timezone: CST
elapsed time: 46 seconds (0d 0h 0m 46s)

