#
# There is insufficient memory for the Java Runtime Environment to continue.
# Native memory allocation (mmap) failed to map 61865984 bytes for committing reserved memory.
# Possible reasons:
#   The system is out of physical RAM or swap space
#   The process is running with CompressedOops enabled, and the Java Heap may be blocking the growth of the native heap
# Possible solutions:
#   Reduce memory load on the system
#   Increase physical memory or swap space
#   Check if swap backing store is full
#   Decrease Java heap size (-Xmx/-Xms)
#   Decrease number of Java threads
#   Decrease Java thread stack sizes (-Xss)
#   Set larger code cache with -XX:ReservedCodeCacheSize=
#   JVM is running with Unscaled Compressed Oops mode in which the Java heap is
#     placed in the first 4GB address space. The Java Heap base address is the
#     maximum limit for the native heap growth. Please use -XX:HeapBaseMinAddress
#     to set the Java Heap base and to place the Java Heap above 4GB virtual address.
# This output file may be truncated or incomplete.
#
#  Out of Memory Error (os_linux.cpp:2749), pid=47384, tid=0x00007f69b37f7700
#
# JRE version: Java(TM) SE Runtime Environment (8.0_201-b09) (build 1.8.0_201-b09)
# Java VM: Java HotSpot(TM) 64-Bit Server VM (25.201-b09 mixed mode linux-amd64 compressed oops)
# Failed to write core dump. Core dumps have been disabled. To enable core dumping, try "ulimit -c unlimited" before starting Java again
#

---------------  T H R E A D  ---------------

Current thread (0x00007f69d0140000):  VMThread [stack: 0x00007f69b36f7000,0x00007f69b37f8000] [id=47420]

Stack: [0x00007f69b36f7000,0x00007f69b37f8000],  sp=0x00007f69b37f6450,  free space=1021k
Native frames: (J=compiled Java code, j=interpreted, Vv=VM code, C=native code)
V  [libjvm.so+0xad3525]  VMError::report_and_die()+0x2e5
V  [libjvm.so+0x4e0457]  report_vm_out_of_memory(char const*, int, unsigned long, VMErrorType, char const*)+0x67
V  [libjvm.so+0x9102f0]  os::pd_commit_memory(char*, unsigned long, unsigned long, bool)+0x100
V  [libjvm.so+0x90791f]  os::commit_memory(char*, unsigned long, unsigned long, bool)+0x1f
V  [libjvm.so+0x98c806]  PSVirtualSpace::expand_by(unsigned long)+0x56
V  [libjvm.so+0x98da98]  PSYoungGen::resize(unsigned long, unsigned long)+0xd8
V  [libjvm.so+0x98a236]  PSScavenge::invoke_no_policy()+0x1376
V  [libjvm.so+0x98a5cc]  PSScavenge::invoke()+0x4c
V  [libjvm.so+0x93a318]  ParallelScavengeHeap::failed_mem_allocate(unsigned long)+0x68
V  [libjvm.so+0xad5073]  VM_ParallelGCFailedAllocation::doit()+0x93
V  [libjvm.so+0xada296]  VM_Operation::evaluate()+0x46
V  [libjvm.so+0xad85cd]  VMThread::evaluate_operation(VM_Operation*) [clone .constprop.44]+0xcd
V  [libjvm.so+0xad8bb3]  VMThread::loop()+0x3a3
V  [libjvm.so+0xad8f88]  VMThread::run()+0x78
V  [libjvm.so+0x90d922]  java_start(Thread*)+0x102

VM_Operation (0x00007f69b0e57910): ParallelGCFailedAllocation, mode: safepoint, requested by thread 0x00007f6974001000


---------------  P R O C E S S  ---------------

Java Threads: ( => current thread )
  0x00007f6974002800 JavaThread "RMI TCP Connection(3)-127.0.0.1" daemon [_thread_in_native, id=47901, stack(0x00007f69b0c5c000,0x00007f69b0d5d000)]
  0x00007f6974001000 JavaThread "RMI TCP Connection(2)-127.0.0.1" daemon [_thread_blocked, id=47863, stack(0x00007f69b0d5d000,0x00007f69b0e5e000)]
  0x00007f694c038000 JavaThread "RMI Scheduler(0)" daemon [_thread_blocked, id=47860, stack(0x00007f69b0e5e000,0x00007f69b0f5f000)]
  0x00007f694c030800 JavaThread "RMI RenewClean-[127.0.0.1:19893]" daemon [_thread_blocked, id=47854, stack(0x00007f69b0f5f000,0x00007f69b1060000)]
  0x00007f6970001000 JavaThread "RMI TCP Connection(idle)" daemon [_thread_blocked, id=47850, stack(0x00007f69b1060000,0x00007f69b1161000)]
  0x00007f6960005000 JavaThread "pool-3-thread-3" [_thread_in_native, id=47767, stack(0x00007f69b1161000,0x00007f69b1262000)]
  0x00007f6960003000 JavaThread "pool-3-thread-2" [_thread_in_native, id=47766, stack(0x00007f69b1262000,0x00007f69b1363000)]
  0x00007f6960002000 JavaThread "pool-3-thread-1" [_thread_in_native, id=47764, stack(0x00007f69b1363000,0x00007f69b1464000)]
  0x00007f69d03df800 JavaThread "Thread-3" [_thread_in_native, id=47644, stack(0x00007f69b1464000,0x00007f69b1565000)]
  0x00007f69d03dd800 JavaThread "Thread-2" [_thread_in_native, id=47640, stack(0x00007f69b1565000,0x00007f69b1666000)]
  0x00007f69d03dc000 JavaThread "process reaper" daemon [_thread_in_native, id=47634, stack(0x00007f69d4024000,0x00007f69d405d000)]
  0x00007f69d03d6800 JavaThread "pool-2-thread-1" [_thread_in_native, id=47592, stack(0x00007f69b1666000,0x00007f69b1767000)]
  0x00007f69d03d4000 JavaThread "GC Daemon" daemon [_thread_blocked, id=47583, stack(0x00007f69b1767000,0x00007f69b1868000)]
  0x00007f69d03d1800 JavaThread "RMI Reaper" [_thread_blocked, id=47576, stack(0x00007f69b1868000,0x00007f69b1969000)]
  0x00007f69d03ca800 JavaThread "RMI TCP Accept-6615" daemon [_thread_in_native, id=47568, stack(0x00007f69b1969000,0x00007f69b1a6a000)]
  0x00007f69d03c3000 JavaThread "RMI TCP Accept-13774" daemon [_thread_in_native, id=47558, stack(0x00007f69b1a6a000,0x00007f69b1b6b000)]
  0x00007f69d0309800 JavaThread "logback-3" daemon [_thread_blocked, id=47531, stack(0x00007f69b1de4000,0x00007f69b1ee5000)]
  0x00007f69d0306000 JavaThread "logback-2" daemon [_thread_blocked, id=47528, stack(0x00007f69b1ee5000,0x00007f69b1fe6000)]
  0x00007f69d0304800 JavaThread "logback-1" daemon [_thread_blocked, id=47527, stack(0x00007f69b1fe6000,0x00007f69b20e7000)]
  0x00007f69d0189000 JavaThread "Service Thread" daemon [_thread_blocked, id=47459, stack(0x00007f69b2631000,0x00007f69b2732000)]
  0x00007f69d0186000 JavaThread "C1 CompilerThread2" daemon [_thread_blocked, id=47455, stack(0x00007f69b2732000,0x00007f69b2833000)]
  0x00007f69d0184800 JavaThread "C2 CompilerThread1" daemon [_thread_blocked, id=47449, stack(0x00007f69b2833000,0x00007f69b2934000)]
  0x00007f69d0181800 JavaThread "C2 CompilerThread0" daemon [_thread_in_native, id=47447, stack(0x00007f69b2934000,0x00007f69b2a35000)]
  0x00007f69d0180000 JavaThread "Signal Dispatcher" daemon [_thread_blocked, id=47446, stack(0x00007f69b2a35000,0x00007f69b2b36000)]
  0x00007f69d014c000 JavaThread "Finalizer" daemon [_thread_blocked, id=47431, stack(0x00007f69b34f5000,0x00007f69b35f6000)]
  0x00007f69d0149800 JavaThread "Reference Handler" daemon [_thread_blocked, id=47426, stack(0x00007f69b35f6000,0x00007f69b36f7000)]
  0x00007f69d000a800 JavaThread "main" [_thread_in_native, id=47392, stack(0x00007f69d9c06000,0x00007f69d9d07000)]

Other Threads:
=>0x00007f69d0140000 VMThread [stack: 0x00007f69b36f7000,0x00007f69b37f8000] [id=47420]
  0x00007f69d018c000 WatcherThread [stack: 0x00007f69b2530000,0x00007f69b2631000] [id=47463]

VM state:at safepoint (normal execution)

VM Mutex/Monitor currently owned by a thread:  ([mutex/lock_event])
[0x00007f69d0007070] Threads_lock - owner thread: 0x00007f69d0140000
[0x00007f69d0007570] Heap_lock - owner thread: 0x00007f6974001000

heap address: 0x00000000c2a00000, size: 982 MB, Compressed Oops mode: 32-bit
Narrow klass base: 0x0000000000000000, Narrow klass shift: 3
Compressed class space size: 1073741824 Address: 0x0000000100000000

Heap:
 PSYoungGen      total 63488K, used 6116K [0x00000000eb900000, 0x00000000efe00000, 0x0000000100000000)
  eden space 57344K, 0% used [0x00000000eb900000,0x00000000eb900000,0x00000000ef100000)
  from space 6144K, 99% used [0x00000000ef100000,0x00000000ef6f9278,0x00000000ef700000)
  to   space 5120K, 0% used [0x00000000ef700000,0x00000000ef700000,0x00000000efc00000)
 ParOldGen       total 42496K, used 15325K [0x00000000c2a00000, 0x00000000c5380000, 0x00000000eb900000)
  object space 42496K, 36% used [0x00000000c2a00000,0x00000000c38f75a0,0x00000000c5380000)
 Metaspace       used 13941K, capacity 14310K, committed 14592K, reserved 1062912K
  class space    used 1585K, capacity 1703K, committed 1792K, reserved 1048576K

Card table byte_map: [0x00007f69d67bb000,0x00007f69d69a7000] byte_map_base: 0x00007f69d61a6000

Marking Bits: (ParMarkBitMap*) 0x00007f69d90ddd80
 Begin Bits: [0x00007f69d43bf000, 0x00007f69d5317000)
 End Bits:   [0x00007f69d5317000, 0x00007f69d626f000)

Polling page: 0x00007f69d9d22000

CodeCache: size=245760Kb used=6703Kb max_used=6703Kb free=239056Kb
 bounds [0x00007f69c1000000, 0x00007f69c1690000, 0x00007f69d0000000]
 total_blobs=2227 nmethods=1879 adapters=261
 compilation: enabled

Compilation events (10 events):
Event: 41.650 Thread 0x00007f69d0186000 1901       2       java.io.BufferedInputStream::fill (233 bytes)
Event: 41.652 Thread 0x00007f69d0186000 nmethod 1901 0x00007f69c168c8d0 code [0x00007f69c168cac0, 0x00007f69c168d2b8]
Event: 41.655 Thread 0x00007f69d0186000 1902   !   2       java.io.ObjectInputStream::readObject (130 bytes)
Event: 41.656 Thread 0x00007f69d0186000 nmethod 1902 0x00007f69c168d650 code [0x00007f69c168d820, 0x00007f69c168dca8]
Event: 41.662 Thread 0x00007f69d0186000 1903       2       org.evosuite.instrumentation.testability.DescriptorMapping::isTransformedField (52 bytes)
Event: 41.662 Thread 0x00007f69d0186000 nmethod 1903 0x00007f69c168e2d0 code [0x00007f69c168e4a0, 0x00007f69c168e8d8]
Event: 41.734 Thread 0x00007f69d0186000 1905       2       java.nio.ByteBuffer::arrayOffset (35 bytes)
Event: 41.735 Thread 0x00007f69d0186000 nmethod 1905 0x00007f69c168ebd0 code [0x00007f69c168ed60, 0x00007f69c168efd8]
Event: 41.771 Thread 0x00007f69d0186000 1906       2       org.evosuite.shaded.org.objectweb.asm.commons.GeneratorAdapter::setLocalType (49 bytes)
Event: 41.771 Thread 0x00007f69d0186000 nmethod 1906 0x00007f69c168f110 code [0x00007f69c168f2a0, 0x00007f69c168f508]

GC Heap History (10 events):
Event: 39.080 GC heap after
Heap after GC invocations=5 (full 1):
 PSYoungGen      total 18432K, used 2544K [0x00000000eb900000, 0x00000000edd00000, 0x0000000100000000)
  eden space 15872K, 0% used [0x00000000eb900000,0x00000000eb900000,0x00000000ec880000)
  from space 2560K, 99% used [0x00000000ecb00000,0x00000000ecd7c010,0x00000000ecd80000)
  to   space 2560K, 0% used [0x00000000ec880000,0x00000000ec880000,0x00000000ecb00000)
 ParOldGen       total 42496K, used 8340K [0x00000000c2a00000, 0x00000000c5380000, 0x00000000eb900000)
  object space 42496K, 19% used [0x00000000c2a00000,0x00000000c32253c8,0x00000000c5380000)
 Metaspace       used 13757K, capacity 14118K, committed 14336K, reserved 1062912K
  class space    used 1585K, capacity 1703K, committed 1792K, reserved 1048576K
}
Event: 39.433 GC heap before
{Heap before GC invocations=6 (full 1):
 PSYoungGen      total 18432K, used 18416K [0x00000000eb900000, 0x00000000edd00000, 0x0000000100000000)
  eden space 15872K, 100% used [0x00000000eb900000,0x00000000ec880000,0x00000000ec880000)
  from space 2560K, 99% used [0x00000000ecb00000,0x00000000ecd7c010,0x00000000ecd80000)
  to   space 2560K, 0% used [0x00000000ec880000,0x00000000ec880000,0x00000000ecb00000)
 ParOldGen       total 42496K, used 8340K [0x00000000c2a00000, 0x00000000c5380000, 0x00000000eb900000)
  object space 42496K, 19% used [0x00000000c2a00000,0x00000000c32253c8,0x00000000c5380000)
 Metaspace       used 13794K, capacity 14118K, committed 14336K, reserved 1062912K
  class space    used 1585K, capacity 1703K, committed 1792K, reserved 1048576K
Event: 39.450 GC heap after
Heap after GC invocations=6 (full 1):
 PSYoungGen      total 18432K, used 2544K [0x00000000eb900000, 0x00000000edd00000, 0x0000000100000000)
  eden space 15872K, 0% used [0x00000000eb900000,0x00000000eb900000,0x00000000ec880000)
  from space 2560K, 99% used [0x00000000ec880000,0x00000000ecafc010,0x00000000ecb00000)
  to   space 2560K, 0% used [0x00000000eda80000,0x00000000eda80000,0x00000000edd00000)
 ParOldGen       total 42496K, used 9592K [0x00000000c2a00000, 0x00000000c5380000, 0x00000000eb900000)
  object space 42496K, 22% used [0x00000000c2a00000,0x00000000c335e148,0x00000000c5380000)
 Metaspace       used 13794K, capacity 14118K, committed 14336K, reserved 1062912K
  class space    used 1585K, capacity 1703K, committed 1792K, reserved 1048576K
}
Event: 39.685 GC heap before
{Heap before GC invocations=7 (full 1):
 PSYoungGen      total 18432K, used 18416K [0x00000000eb900000, 0x00000000edd00000, 0x0000000100000000)
  eden space 15872K, 100% used [0x00000000eb900000,0x00000000ec880000,0x00000000ec880000)
  from space 2560K, 99% used [0x00000000ec880000,0x00000000ecafc010,0x00000000ecb00000)
  to   space 2560K, 0% used [0x00000000eda80000,0x00000000eda80000,0x00000000edd00000)
 ParOldGen       total 42496K, used 9592K [0x00000000c2a00000, 0x00000000c5380000, 0x00000000eb900000)
  object space 42496K, 22% used [0x00000000c2a00000,0x00000000c335e148,0x00000000c5380000)
 Metaspace       used 13841K, capacity 14246K, committed 14336K, reserved 1062912K
  class space    used 1585K, capacity 1703K, committed 1792K, reserved 1048576K
Event: 39.702 GC heap after
Heap after GC invocations=7 (full 1):
 PSYoungGen      total 31744K, used 2528K [0x00000000eb900000, 0x00000000ee200000, 0x0000000100000000)
  eden space 29184K, 0% used [0x00000000eb900000,0x00000000eb900000,0x00000000ed580000)
  from space 2560K, 98% used [0x00000000eda80000,0x00000000edcf8010,0x00000000edd00000)
  to   space 5120K, 0% used [0x00000000ed580000,0x00000000ed580000,0x00000000eda80000)
 ParOldGen       total 42496K, used 10523K [0x00000000c2a00000, 0x00000000c5380000, 0x00000000eb900000)
  object space 42496K, 24% used [0x00000000c2a00000,0x00000000c3446cd8,0x00000000c5380000)
 Metaspace       used 13841K, capacity 14246K, committed 14336K, reserved 1062912K
  class space    used 1585K, capacity 1703K, committed 1792K, reserved 1048576K
}
Event: 40.150 GC heap before
{Heap before GC invocations=8 (full 1):
 PSYoungGen      total 31744K, used 31712K [0x00000000eb900000, 0x00000000ee200000, 0x0000000100000000)
  eden space 29184K, 100% used [0x00000000eb900000,0x00000000ed580000,0x00000000ed580000)
  from space 2560K, 98% used [0x00000000eda80000,0x00000000edcf8010,0x00000000edd00000)
  to   space 5120K, 0% used [0x00000000ed580000,0x00000000ed580000,0x00000000eda80000)
 ParOldGen       total 42496K, used 10523K [0x00000000c2a00000, 0x00000000c5380000, 0x00000000eb900000)
  object space 42496K, 24% used [0x00000000c2a00000,0x00000000c3446cd8,0x00000000c5380000)
 Metaspace       used 13890K, capacity 14310K, committed 14592K, reserved 1062912K
  class space    used 1585K, capacity 1703K, committed 1792K, reserved 1048576K
Event: 40.194 GC heap after
Heap after GC invocations=8 (full 1):
 PSYoungGen      total 34304K, used 4592K [0x00000000eb900000, 0x00000000efc00000, 0x0000000100000000)
  eden space 29184K, 0% used [0x00000000eb900000,0x00000000eb900000,0x00000000ed580000)
  from space 5120K, 89% used [0x00000000ed580000,0x00000000ed9fc1c0,0x00000000eda80000)
  to   space 5120K, 0% used [0x00000000ef700000,0x00000000ef700000,0x00000000efc00000)
 ParOldGen       total 42496K, used 10523K [0x00000000c2a00000, 0x00000000c5380000, 0x00000000eb900000)
  object space 42496K, 24% used [0x00000000c2a00000,0x00000000c3446cd8,0x00000000c5380000)
 Metaspace       used 13890K, capacity 14310K, committed 14592K, reserved 1062912K
  class space    used 1585K, capacity 1703K, committed 1792K, reserved 1048576K
}
Event: 40.507 GC heap before
{Heap before GC invocations=9 (full 1):
 PSYoungGen      total 34304K, used 33776K [0x00000000eb900000, 0x00000000efc00000, 0x0000000100000000)
  eden space 29184K, 100% used [0x00000000eb900000,0x00000000ed580000,0x00000000ed580000)
  from space 5120K, 89% used [0x00000000ed580000,0x00000000ed9fc1c0,0x00000000eda80000)
  to   space 5120K, 0% used [0x00000000ef700000,0x00000000ef700000,0x00000000efc00000)
 ParOldGen       total 42496K, used 10523K [0x00000000c2a00000, 0x00000000c5380000, 0x00000000eb900000)
  object space 42496K, 24% used [0x00000000c2a00000,0x00000000c3446cd8,0x00000000c5380000)
 Metaspace       used 13910K, capacity 14310K, committed 14592K, reserved 1062912K
  class space    used 1585K, capacity 1703K, committed 1792K, reserved 1048576K
Event: 40.589 GC heap after
Heap after GC invocations=9 (full 1):
 PSYoungGen      total 62464K, used 5088K [0x00000000eb900000, 0x00000000efe00000, 0x0000000100000000)
  eden space 57344K, 0% used [0x00000000eb900000,0x00000000eb900000,0x00000000ef100000)
  from space 5120K, 99% used [0x00000000ef700000,0x00000000efbf80a0,0x00000000efc00000)
  to   space 6144K, 0% used [0x00000000ef100000,0x00000000ef100000,0x00000000ef700000)
 ParOldGen       total 42496K, used 12101K [0x00000000c2a00000, 0x00000000c5380000, 0x00000000eb900000)
  object space 42496K, 28% used [0x00000000c2a00000,0x00000000c35d1480,0x00000000c5380000)
 Metaspace       used 13910K, capacity 14310K, committed 14592K, reserved 1062912K
  class space    used 1585K, capacity 1703K, committed 1792K, reserved 1048576K
}
Event: 41.937 GC heap before
{Heap before GC invocations=10 (full 1):
 PSYoungGen      total 62464K, used 62432K [0x00000000eb900000, 0x00000000efe00000, 0x0000000100000000)
  eden space 57344K, 100% used [0x00000000eb900000,0x00000000ef100000,0x00000000ef100000)
  from space 5120K, 99% used [0x00000000ef700000,0x00000000efbf80a0,0x00000000efc00000)
  to   space 6144K, 0% used [0x00000000ef100000,0x00000000ef100000,0x00000000ef700000)
 ParOldGen       total 42496K, used 12101K [0x00000000c2a00000, 0x00000000c5380000, 0x00000000eb900000)
  object space 42496K, 28% used [0x00000000c2a00000,0x00000000c35d1480,0x00000000c5380000)
 Metaspace       used 13941K, capacity 14310K, committed 14592K, reserved 1062912K
  class space    used 1585K, capacity 1703K, committed 1792K, reserved 1048576K

Deoptimization events (10 events):
Event: 37.259 Thread 0x00007f6974001000 Uncommon trap: reason=unstable_if action=reinterpret pc=0x00007f69c11efbb8 method=java.lang.AbstractStringBuilder.append(Ljava/lang/String;)Ljava/lang/AbstractStringBuilder; @ 1
Event: 37.613 Thread 0x00007f6974001000 Uncommon trap: reason=class_check action=maybe_recompile pc=0x00007f69c13f3bb4 method=java.util.HashMap.putVal(ILjava/lang/Object;Ljava/lang/Object;ZZ)Ljava/lang/Object; @ 203
Event: 37.613 Thread 0x00007f6974001000 Uncommon trap: reason=class_check action=maybe_recompile pc=0x00007f69c13f3bb4 method=java.util.HashMap.putVal(ILjava/lang/Object;Ljava/lang/Object;ZZ)Ljava/lang/Object; @ 203
Event: 37.625 Thread 0x00007f6974001000 Uncommon trap: reason=class_check action=maybe_recompile pc=0x00007f69c13f3bb4 method=java.util.HashMap.putVal(ILjava/lang/Object;Ljava/lang/Object;ZZ)Ljava/lang/Object; @ 203
Event: 39.567 Thread 0x00007f6974001000 Uncommon trap: reason=unstable_if action=reinterpret pc=0x00007f69c15eee78 method=org.evosuite.shaded.org.objectweb.asm.Type.getArgumentsAndReturnSizes(Ljava/lang/String;)I @ 136
Event: 40.387 Thread 0x00007f6974001000 Uncommon trap: reason=bimorphic action=maybe_recompile pc=0x00007f69c1505234 method=java.util.AbstractCollection.addAll(Ljava/util/Collection;)Z @ 3
Event: 40.388 Thread 0x00007f6974001000 Uncommon trap: reason=bimorphic action=maybe_recompile pc=0x00007f69c1505234 method=java.util.AbstractCollection.addAll(Ljava/util/Collection;)Z @ 3
Event: 40.388 Thread 0x00007f6974001000 Uncommon trap: reason=bimorphic action=maybe_recompile pc=0x00007f69c1505234 method=java.util.AbstractCollection.addAll(Ljava/util/Collection;)Z @ 3
Event: 40.388 Thread 0x00007f6974001000 Uncommon trap: reason=bimorphic action=maybe_recompile pc=0x00007f69c1505234 method=java.util.AbstractCollection.addAll(Ljava/util/Collection;)Z @ 3
Event: 40.458 Thread 0x00007f6974001000 Uncommon trap: reason=unstable_if action=reinterpret pc=0x00007f69c16281c8 method=org.evosuite.shaded.org.objectweb.asm.Frame.merge(Lorg/evosuite/shaded/org/objectweb/asm/ClassWriter;I[II)Z @ 20

Classes redefined (0 events):
No events

Internal exceptions (10 events):
Event: 10.968 Thread 0x00007f69d0309800 Exception <a 'java/net/ConnectException'> (0x00000000ebb925a0) thrown at [/HUDSON/workspace/8-2-build-linux-amd64/jdk8u201/12317/hotspot/src/share/vm/prims/jni.cpp, line 709]
Event: 20.911 Thread 0x00007f69d0304800 Exception <a 'java/net/ConnectException'> (0x00000000ebb43978) thrown at [/HUDSON/workspace/8-2-build-linux-amd64/jdk8u201/12317/hotspot/src/share/vm/prims/jni.cpp, line 709]
Event: 20.914 Thread 0x00007f69d0306000 Exception <a 'java/net/ConnectException'> (0x00000000ebb6b520) thrown at [/HUDSON/workspace/8-2-build-linux-amd64/jdk8u201/12317/hotspot/src/share/vm/prims/jni.cpp, line 709]
Event: 20.968 Thread 0x00007f69d0309800 Exception <a 'java/net/ConnectException'> (0x00000000ebb930c8) thrown at [/HUDSON/workspace/8-2-build-linux-amd64/jdk8u201/12317/hotspot/src/share/vm/prims/jni.cpp, line 709]
Event: 32.503 Thread 0x00007f69d0304800 Exception <a 'java/net/ConnectException'> (0x00000000ebb444a0) thrown at [/HUDSON/workspace/8-2-build-linux-amd64/jdk8u201/12317/hotspot/src/share/vm/prims/jni.cpp, line 709]
Event: 32.503 Thread 0x00007f69d0306000 Exception <a 'java/net/ConnectException'> (0x00000000ebb6c048) thrown at [/HUDSON/workspace/8-2-build-linux-amd64/jdk8u201/12317/hotspot/src/share/vm/prims/jni.cpp, line 709]
Event: 32.571 Thread 0x00007f69d0309800 Exception <a 'java/net/ConnectException'> (0x00000000ebb93bf0) thrown at [/HUDSON/workspace/8-2-build-linux-amd64/jdk8u201/12317/hotspot/src/share/vm/prims/jni.cpp, line 709]
Event: 35.214 Thread 0x00007f6974001000 Exception <a 'java/lang/NoSuchMethodError': <clinit>> (0x00000000ec3be840) thrown at [/HUDSON/workspace/8-2-build-linux-amd64/jdk8u201/12317/hotspot/src/share/vm/prims/jni.cpp, line 1613]
Event: 37.175 Thread 0x00007f6974001000 Implicit null exception at 0x00007f69c1202235 to 0x00007f69c12025dd
Event: 37.259 Thread 0x00007f6974001000 Implicit null exception at 0x00007f69c11ef7f6 to 0x00007f69c11efba1

Events (10 events):
Event: 40.388 Thread 0x00007f6974001000 DEOPT UNPACKING pc=0x00007f69c104573a sp=0x00007f69b0e57ef0 mode 2
Event: 40.388 Thread 0x00007f6974001000 Uncommon trap: trap_request=0xffffffc6 fr.pc=0x00007f69c1505234
Event: 40.388 Thread 0x00007f6974001000 DEOPT PACKING pc=0x00007f69c1505234 sp=0x00007f69b0e57f00
Event: 40.388 Thread 0x00007f6974001000 DEOPT UNPACKING pc=0x00007f69c104573a sp=0x00007f69b0e57ef0 mode 2
Event: 40.458 Thread 0x00007f6974001000 Uncommon trap: trap_request=0xffffff65 fr.pc=0x00007f69c16281c8
Event: 40.458 Thread 0x00007f6974001000 DEOPT PACKING pc=0x00007f69c16281c8 sp=0x00007f69b0e57dd0
Event: 40.458 Thread 0x00007f6974001000 DEOPT UNPACKING pc=0x00007f69c104573a sp=0x00007f69b0e57d60 mode 2
Event: 40.507 Executing VM operation: ParallelGCFailedAllocation
Event: 40.589 Executing VM operation: ParallelGCFailedAllocation done
Event: 41.937 Executing VM operation: ParallelGCFailedAllocation


Dynamic libraries:
00400000-00401000 r-xp 00000000 08:01 654793                             /usr/lib/jdk/jdk1.8.0_201/bin/java
00600000-00601000 r--p 00000000 08:01 654793                             /usr/lib/jdk/jdk1.8.0_201/bin/java
00601000-00602000 rw-p 00001000 08:01 654793                             /usr/lib/jdk/jdk1.8.0_201/bin/java
01948000-01b28000 rw-p 00000000 00:00 0                                  [heap]
c2a00000-c5380000 rw-p 00000000 00:00 0 
c5380000-eb900000 ---p 00000000 00:00 0 
eb900000-efe00000 rw-p 00000000 00:00 0 
f3900000-100000000 ---p 00000000 00:00 0 
100000000-1001c0000 rw-p 00000000 00:00 0 
1001c0000-140000000 ---p 00000000 00:00 0 
7f6940000000-7f6940021000 rw-p 00000000 00:00 0 
7f6940021000-7f6944000000 ---p 00000000 00:00 0 
7f6944000000-7f6944021000 rw-p 00000000 00:00 0 
7f6944021000-7f6948000000 ---p 00000000 00:00 0 
7f6948000000-7f6948021000 rw-p 00000000 00:00 0 
7f6948021000-7f694c000000 ---p 00000000 00:00 0 
7f694c000000-7f694c03b000 rw-p 00000000 00:00 0 
7f694c03b000-7f6950000000 ---p 00000000 00:00 0 
7f6950000000-7f6950021000 rw-p 00000000 00:00 0 
7f6950021000-7f6954000000 ---p 00000000 00:00 0 
7f6954000000-7f6954021000 rw-p 00000000 00:00 0 
7f6954021000-7f6958000000 ---p 00000000 00:00 0 
7f6958000000-7f6958021000 rw-p 00000000 00:00 0 
7f6958021000-7f695c000000 ---p 00000000 00:00 0 
7f695c000000-7f695c021000 rw-p 00000000 00:00 0 
7f695c021000-7f6960000000 ---p 00000000 00:00 0 
7f6960000000-7f6960021000 rw-p 00000000 00:00 0 
7f6960021000-7f6964000000 ---p 00000000 00:00 0 
7f6964000000-7f6964021000 rw-p 00000000 00:00 0 
7f6964021000-7f6968000000 ---p 00000000 00:00 0 
7f6968000000-7f6968021000 rw-p 00000000 00:00 0 
7f6968021000-7f696c000000 ---p 00000000 00:00 0 
7f696c000000-7f696c021000 rw-p 00000000 00:00 0 
7f696c021000-7f6970000000 ---p 00000000 00:00 0 
7f6970000000-7f6970021000 rw-p 00000000 00:00 0 
7f6970021000-7f6974000000 ---p 00000000 00:00 0 
7f6974000000-7f6974021000 rw-p 00000000 00:00 0 
7f6974021000-7f6978000000 ---p 00000000 00:00 0 
7f6978000000-7f6978021000 rw-p 00000000 00:00 0 
7f6978021000-7f697c000000 ---p 00000000 00:00 0 
7f697c000000-7f697c021000 rw-p 00000000 00:00 0 
7f697c021000-7f6980000000 ---p 00000000 00:00 0 
7f6980000000-7f6980021000 rw-p 00000000 00:00 0 
7f6980021000-7f6984000000 ---p 00000000 00:00 0 
7f6984fff000-7f6988000000 rw-p 00000000 00:00 0 
7f6988000000-7f6988021000 rw-p 00000000 00:00 0 
7f6988021000-7f698c000000 ---p 00000000 00:00 0 
7f698c000000-7f698c021000 rw-p 00000000 00:00 0 
7f698c021000-7f6990000000 ---p 00000000 00:00 0 
7f6990000000-7f6990c46000 rw-p 00000000 00:00 0 
7f6990c46000-7f6994000000 ---p 00000000 00:00 0 
7f6994000000-7f69949c2000 rw-p 00000000 00:00 0 
7f69949c2000-7f6998000000 ---p 00000000 00:00 0 
7f6998000000-7f6998021000 rw-p 00000000 00:00 0 
7f6998021000-7f699c000000 ---p 00000000 00:00 0 
7f699c000000-7f699c98e000 rw-p 00000000 00:00 0 
7f699c98e000-7f69a0000000 ---p 00000000 00:00 0 
7f69a0000000-7f69a0021000 rw-p 00000000 00:00 0 
7f69a0021000-7f69a4000000 ---p 00000000 00:00 0 
7f69a4000000-7f69a4021000 rw-p 00000000 00:00 0 
7f69a4021000-7f69a8000000 ---p 00000000 00:00 0 
7f69a8000000-7f69a829b000 rw-p 00000000 00:00 0 
7f69a829b000-7f69ac000000 ---p 00000000 00:00 0 
7f69ac000000-7f69ac021000 rw-p 00000000 00:00 0 
7f69ac021000-7f69b0000000 ---p 00000000 00:00 0 
7f69b085c000-7f69b08dc000 rw-p 00000000 00:00 0 
7f69b08dc000-7f69b0a5c000 ---p 00000000 00:00 0 
7f69b0a5c000-7f69b0c5c000 rw-p 00000000 00:00 0 
7f69b0c5c000-7f69b0c5f000 ---p 00000000 00:00 0 
7f69b0c5f000-7f69b0d5d000 rw-p 00000000 00:00 0 
7f69b0d5d000-7f69b0d60000 ---p 00000000 00:00 0 
7f69b0d60000-7f69b0e5e000 rw-p 00000000 00:00 0 
7f69b0e5e000-7f69b0e61000 ---p 00000000 00:00 0 
7f69b0e61000-7f69b0f5f000 rw-p 00000000 00:00 0 
7f69b0f5f000-7f69b0f62000 ---p 00000000 00:00 0 
7f69b0f62000-7f69b1060000 rw-p 00000000 00:00 0 
7f69b1060000-7f69b1063000 ---p 00000000 00:00 0 
7f69b1063000-7f69b1161000 rw-p 00000000 00:00 0 
7f69b1161000-7f69b1164000 ---p 00000000 00:00 0 
7f69b1164000-7f69b1262000 rw-p 00000000 00:00 0 
7f69b1262000-7f69b1265000 ---p 00000000 00:00 0 
7f69b1265000-7f69b1363000 rw-p 00000000 00:00 0 
7f69b1363000-7f69b1366000 ---p 00000000 00:00 0 
7f69b1366000-7f69b1464000 rw-p 00000000 00:00 0 
7f69b1464000-7f69b1467000 ---p 00000000 00:00 0 
7f69b1467000-7f69b1565000 rw-p 00000000 00:00 0 
7f69b1565000-7f69b1568000 ---p 00000000 00:00 0 
7f69b1568000-7f69b1666000 rw-p 00000000 00:00 0 
7f69b1666000-7f69b1669000 ---p 00000000 00:00 0 
7f69b1669000-7f69b1767000 rw-p 00000000 00:00 0 
7f69b1767000-7f69b176a000 ---p 00000000 00:00 0 
7f69b176a000-7f69b1868000 rw-p 00000000 00:00 0 
7f69b1868000-7f69b186b000 ---p 00000000 00:00 0 
7f69b186b000-7f69b1969000 rw-p 00000000 00:00 0 
7f69b1969000-7f69b196c000 ---p 00000000 00:00 0 
7f69b196c000-7f69b1a6a000 rw-p 00000000 00:00 0 
7f69b1a6a000-7f69b1a6d000 ---p 00000000 00:00 0 
7f69b1a6d000-7f69b1d6b000 rw-p 00000000 00:00 0 
7f69b1d6b000-7f69b1de4000 r--s 010fd000 08:01 654900                     /usr/lib/jdk/jdk1.8.0_201/lib/tools.jar
7f69b1de4000-7f69b1de7000 ---p 00000000 00:00 0 
7f69b1de7000-7f69b1ee5000 rw-p 00000000 00:00 0 
7f69b1ee5000-7f69b1ee8000 ---p 00000000 00:00 0 
7f69b1ee8000-7f69b1fe6000 rw-p 00000000 00:00 0 
7f69b1fe6000-7f69b1fe9000 ---p 00000000 00:00 0 
7f69b1fe9000-7f69b20e7000 rw-p 00000000 00:00 0 
7f69b20e7000-7f69b20fd000 r-xp 00000000 08:01 656512                     /usr/lib/jdk/jdk1.8.0_201/jre/lib/amd64/libnet.so
7f69b20fd000-7f69b22fd000 ---p 00016000 08:01 656512                     /usr/lib/jdk/jdk1.8.0_201/jre/lib/amd64/libnet.so
7f69b22fd000-7f69b22fe000 r--p 00016000 08:01 656512                     /usr/lib/jdk/jdk1.8.0_201/jre/lib/amd64/libnet.so
7f69b22fe000-7f69b22ff000 rw-p 00017000 08:01 656512                     /usr/lib/jdk/jdk1.8.0_201/jre/lib/amd64/libnet.so
7f69b22ff000-7f69b2530000 r--s 01bb1000 08:01 403225                     /home/hewitt/work/DiffTGen-master/lib/evosuite-1.0.6.jar
7f69b2530000-7f69b2531000 ---p 00000000 00:00 0 
7f69b2531000-7f69b2631000 rw-p 00000000 00:00 0 
7f69b2631000-7f69b2634000 ---p 00000000 00:00 0 
7f69b2634000-7f69b2732000 rw-p 00000000 00:00 0 
7f69b2732000-7f69b2735000 ---p 00000000 00:00 0 
7f69b2735000-7f69b2833000 rw-p 00000000 00:00 0 
7f69b2833000-7f69b2836000 ---p 00000000 00:00 0 
7f69b2836000-7f69b2934000 rw-p 00000000 00:00 0 
7f69b2934000-7f69b2937000 ---p 00000000 00:00 0 
7f69b2937000-7f69b2a35000 rw-p 00000000 00:00 0 
7f69b2a35000-7f69b2a38000 ---p 00000000 00:00 0 
7f69b2a38000-7f69b2b36000 rw-p 00000000 00:00 0 
7f69b2b36000-7f69b34f5000 r--p 00000000 08:01 270368                     /usr/lib/locale/locale-archive
7f69b34f5000-7f69b34f8000 ---p 00000000 00:00 0 
7f69b34f8000-7f69b35f6000 rw-p 00000000 00:00 0 
7f69b35f6000-7f69b35f9000 ---p 00000000 00:00 0 
7f69b35f9000-7f69b36f7000 rw-p 00000000 00:00 0 
7f69b36f7000-7f69b36f8000 ---p 00000000 00:00 0 
7f69b36f8000-7f69b4000000 rw-p 00000000 00:00 0 
7f69b4000000-7f69b4021000 rw-p 00000000 00:00 0 
7f69b4021000-7f69b8000000 ---p 00000000 00:00 0 
7f69b8000000-7f69b8021000 rw-p 00000000 00:00 0 
7f69b8021000-7f69bc000000 ---p 00000000 00:00 0 
7f69bc000000-7f69bc021000 rw-p 00000000 00:00 0 
7f69bc021000-7f69c0000000 ---p 00000000 00:00 0 
7f69c0020000-7f69c0626000 rw-p 00000000 00:00 0 
7f69c0626000-7f69c0800000 r--s 03d6f000 08:01 656293                     /usr/lib/jdk/jdk1.8.0_201/jre/lib/rt.jar
7f69c0800000-7f69c1000000 rw-p 00000000 00:00 0 
7f69c1000000-7f69c1690000 rwxp 00000000 00:00 0 
7f69c1690000-7f69d0000000 ---p 00000000 00:00 0 
7f69d0000000-7f69d04e7000 rw-p 00000000 00:00 0 
7f69d04e7000-7f69d4000000 ---p 00000000 00:00 0 
7f69d401a000-7f69d4024000 r--s 00116000 08:01 656361                     /usr/lib/jdk/jdk1.8.0_201/jre/lib/ext/localedata.jar
7f69d4024000-7f69d4027000 ---p 00000000 00:00 0 
7f69d4027000-7f69d626f000 rw-p 00000000 00:00 0 
7f69d626f000-7f69d6270000 ---p 00000000 00:00 0 
7f69d6270000-7f69d6370000 rw-p 00000000 00:00 0 
7f69d6370000-7f69d6371000 ---p 00000000 00:00 0 
7f69d6371000-7f69d6471000 rw-p 00000000 00:00 0 
7f69d6471000-7f69d6472000 ---p 00000000 00:00 0 
7f69d6472000-7f69d6572000 rw-p 00000000 00:00 0 
7f69d6572000-7f69d6573000 ---p 00000000 00:00 0 
7f69d6573000-7f69d6688000 rw-p 00000000 00:00 0 
7f69d6688000-7f69d67bb000 ---p 00000000 00:00 0 
7f69d67bb000-7f69d67d0000 rw-p 00000000 00:00 0 
7f69d67d0000-7f69d6902000 ---p 00000000 00:00 0 
7f69d6902000-7f69d6925000 rw-p 00000000 00:00 0 
7f69d6925000-7f69d69a6000 ---p 00000000 00:00 0 
7f69d69a6000-7f69d69c2000 rw-p 00000000 00:00 0 
7f69d69c2000-7f69d6d67000 ---p 00000000 00:00 0 
7f69d6d67000-7f69d6d82000 r-xp 00000000 08:01 656508                     /usr/lib/jdk/jdk1.8.0_201/jre/lib/amd64/libzip.so
7f69d6d82000-7f69d6f81000 ---p 0001b000 08:01 656508                     /usr/lib/jdk/jdk1.8.0_201/jre/lib/amd64/libzip.so
7f69d6f81000-7f69d6f82000 r--p 0001a000 08:01 656508                     /usr/lib/jdk/jdk1.8.0_201/jre/lib/amd64/libzip.so
7f69d6f82000-7f69d6f83000 rw-p 0001b000 08:01 656508                     /usr/lib/jdk/jdk1.8.0_201/jre/lib/amd64/libzip.so
7f69d6f83000-7f69d6f8e000 r-xp 00000000 08:01 658902                     /lib/x86_64-linux-gnu/libnss_files-2.23.so
7f69d6f8e000-7f69d718d000 ---p 0000b000 08:01 658902                     /lib/x86_64-linux-gnu/libnss_files-2.23.so
7f69d718d000-7f69d718e000 r--p 0000a000 08:01 658902                     /lib/x86_64-linux-gnu/libnss_files-2.23.so
7f69d718e000-7f69d718f000 rw-p 0000b000 08:01 658902                     /lib/x86_64-linux-gnu/libnss_files-2.23.so
7f69d718f000-7f69d7195000 rw-p 00000000 00:00 0 
7f69d7195000-7f69d71a0000 r-xp 00000000 08:01 658912                     /lib/x86_64-linux-gnu/libnss_nis-2.23.so
7f69d71a0000-7f69d739f000 ---p 0000b000 08:01 658912                     /lib/x86_64-linux-gnu/libnss_nis-2.23.so
7f69d739f000-7f69d73a0000 r--p 0000a000 08:01 658912                     /lib/x86_64-linux-gnu/libnss_nis-2.23.so
7f69d73a0000-7f69d73a1000 rw-p 0000b000 08:01 658912                     /lib/x86_64-linux-gnu/libnss_nis-2.23.so
7f69d73a1000-7f69d73b7000 r-xp 00000000 08:01 658896                     /lib/x86_64-linux-gnu/libnsl-2.23.so
7f69d73b7000-7f69d75b6000 ---p 00016000 08:01 658896                     /lib/x86_64-linux-gnu/libnsl-2.23.so
7f69d75b6000-7f69d75b7000 r--p 00015000 08:01 658896                     /lib/x86_64-linux-gnu/libnsl-2.23.so
7f69d75b7000-7f69d75b8000 rw-p 00016000 08:01 658896                     /lib/x86_64-linux-gnu/libnsl-2.23.so
7f69d75b8000-7f69d75ba000 rw-p 00000000 00:00 0 
7f69d75ba000-7f69d75c2000 r-xp 00000000 08:01 658898                     /lib/x86_64-linux-gnu/libnss_compat-2.23.so
7f69d75c2000-7f69d77c1000 ---p 00008000 08:01 658898                     /lib/x86_64-linux-gnu/libnss_compat-2.23.so
7f69d77c1000-7f69d77c2000 r--p 00007000 08:01 658898                     /lib/x86_64-linux-gnu/libnss_compat-2.23.so
7f69d77c2000-7f69d77c3000 rw-p 00008000 08:01 658898                     /lib/x86_64-linux-gnu/libnss_compat-2.23.so
7f69d77c3000-7f69d77ef000 r-xp 00000000 08:01 656502                     /usr/lib/jdk/jdk1.8.0_201/jre/lib/amd64/libjava.so
7f69d77ef000-7f69d79ef000 ---p 0002c000 08:01 656502                     /usr/lib/jdk/jdk1.8.0_201/jre/lib/amd64/libjava.so
7f69d79ef000-7f69d79f0000 r--p 0002c000 08:01 656502                     /usr/lib/jdk/jdk1.8.0_201/jre/lib/amd64/libjava.so
7f69d79f0000-7f69d79f2000 rw-p 0002d000 08:01 656502                     /usr/lib/jdk/jdk1.8.0_201/jre/lib/amd64/libjava.so
7f69d79f2000-7f69d79ff000 r-xp 00000000 08:01 656507                     /usr/lib/jdk/jdk1.8.0_201/jre/lib/amd64/libverify.so
7f69d79ff000-7f69d7bfe000 ---p 0000d000 08:01 656507                     /usr/lib/jdk/jdk1.8.0_201/jre/lib/amd64/libverify.so
7f69d7bfe000-7f69d7c00000 r--p 0000c000 08:01 656507                     /usr/lib/jdk/jdk1.8.0_201/jre/lib/amd64/libverify.so
7f69d7c00000-7f69d7c01000 rw-p 0000e000 08:01 656507                     /usr/lib/jdk/jdk1.8.0_201/jre/lib/amd64/libverify.so
7f69d7c01000-7f69d7c08000 r-xp 00000000 08:01 658957                     /lib/x86_64-linux-gnu/librt-2.23.so
7f69d7c08000-7f69d7e07000 ---p 00007000 08:01 658957                     /lib/x86_64-linux-gnu/librt-2.23.so
7f69d7e07000-7f69d7e08000 r--p 00006000 08:01 658957                     /lib/x86_64-linux-gnu/librt-2.23.so
7f69d7e08000-7f69d7e09000 rw-p 00007000 08:01 658957                     /lib/x86_64-linux-gnu/librt-2.23.so
7f69d7e09000-7f69d7f11000 r-xp 00000000 08:01 658873                     /lib/x86_64-linux-gnu/libm-2.23.so
7f69d7f11000-7f69d8110000 ---p 00108000 08:01 658873                     /lib/x86_64-linux-gnu/libm-2.23.so
7f69d8110000-7f69d8111000 r--p 00107000 08:01 658873                     /lib/x86_64-linux-gnu/libm-2.23.so
7f69d8111000-7f69d8112000 rw-p 00108000 08:01 658873                     /lib/x86_64-linux-gnu/libm-2.23.so
7f69d8112000-7f69d8dfa000 r-xp 00000000 08:01 656484                     /usr/lib/jdk/jdk1.8.0_201/jre/lib/amd64/server/libjvm.so
7f69d8dfa000-7f69d8ff9000 ---p 00ce8000 08:01 656484                     /usr/lib/jdk/jdk1.8.0_201/jre/lib/amd64/server/libjvm.so
7f69d8ff9000-7f69d908f000 r--p 00ce7000 08:01 656484                     /usr/lib/jdk/jdk1.8.0_201/jre/lib/amd64/server/libjvm.so
7f69d908f000-7f69d90c0000 rw-p 00d7d000 08:01 656484                     /usr/lib/jdk/jdk1.8.0_201/jre/lib/amd64/server/libjvm.so
7f69d90c0000-7f69d90fb000 rw-p 00000000 00:00 0 
7f69d90fb000-7f69d92bb000 r-xp 00000000 08:01 658803                     /lib/x86_64-linux-gnu/libc-2.23.so
7f69d92bb000-7f69d94bb000 ---p 001c0000 08:01 658803                     /lib/x86_64-linux-gnu/libc-2.23.so
7f69d94bb000-7f69d94bf000 r--p 001c0000 08:01 658803                     /lib/x86_64-linux-gnu/libc-2.23.so
7f69d94bf000-7f69d94c1000 rw-p 001c4000 08:01 658803                     /lib/x86_64-linux-gnu/libc-2.23.so
7f69d94c1000-7f69d94c5000 rw-p 00000000 00:00 0 
7f69d94c5000-7f69d94c8000 r-xp 00000000 08:01 658827                     /lib/x86_64-linux-gnu/libdl-2.23.so
7f69d94c8000-7f69d96c7000 ---p 00003000 08:01 658827                     /lib/x86_64-linux-gnu/libdl-2.23.so
7f69d96c7000-7f69d96c8000 r--p 00002000 08:01 658827                     /lib/x86_64-linux-gnu/libdl-2.23.so
7f69d96c8000-7f69d96c9000 rw-p 00003000 08:01 658827                     /lib/x86_64-linux-gnu/libdl-2.23.so
7f69d96c9000-7f69d96e0000 r-xp 00000000 08:01 656155                     /usr/lib/jdk/jdk1.8.0_201/lib/amd64/jli/libjli.so
7f69d96e0000-7f69d98df000 ---p 00017000 08:01 656155                     /usr/lib/jdk/jdk1.8.0_201/lib/amd64/jli/libjli.so
7f69d98df000-7f69d98e0000 r--p 00016000 08:01 656155                     /usr/lib/jdk/jdk1.8.0_201/lib/amd64/jli/libjli.so
7f69d98e0000-7f69d98e1000 rw-p 00017000 08:01 656155                     /usr/lib/jdk/jdk1.8.0_201/lib/amd64/jli/libjli.so
7f69d98e1000-7f69d98f9000 r-xp 00000000 08:01 658949                     /lib/x86_64-linux-gnu/libpthread-2.23.so
7f69d98f9000-7f69d9af8000 ---p 00018000 08:01 658949                     /lib/x86_64-linux-gnu/libpthread-2.23.so
7f69d9af8000-7f69d9af9000 r--p 00017000 08:01 658949                     /lib/x86_64-linux-gnu/libpthread-2.23.so
7f69d9af9000-7f69d9afa000 rw-p 00018000 08:01 658949                     /lib/x86_64-linux-gnu/libpthread-2.23.so
7f69d9afa000-7f69d9afe000 rw-p 00000000 00:00 0 
7f69d9afe000-7f69d9b24000 r-xp 00000000 08:01 658775                     /lib/x86_64-linux-gnu/ld-2.23.so
7f69d9b28000-7f69d9b44000 r--s 00393000 08:01 656354                     /usr/lib/jdk/jdk1.8.0_201/jre/lib/ext/cldrdata.jar
7f69d9b44000-7f69d9b48000 r--s 000a1000 08:01 656350                     /usr/lib/jdk/jdk1.8.0_201/jre/lib/jsse.jar
7f69d9b48000-7f69d9c06000 rw-p 00000000 00:00 0 
7f69d9c06000-7f69d9c09000 ---p 00000000 00:00 0 
7f69d9c09000-7f69d9d0c000 rw-p 00000000 00:00 0 
7f69d9d0c000-7f69d9d14000 r--s 0006e000 08:01 398946                     /home/hewitt/work/DiffTGen-master/lib/commons-lang3-3.5.jar
7f69d9d14000-7f69d9d15000 r--s 00000000 08:01 398951                     /home/hewitt/work/DiffTGen-master/lib/myprinter.jar
7f69d9d15000-7f69d9d19000 r--s 00039000 08:01 960913                     /home/hewitt/work/DiffTGen-master/output/patch11-Lang-59-CapGen-plausible/Lang_59_1-plausible_capgen/target/build/classes/all0.jar
7f69d9d19000-7f69d9d21000 rw-s 00000000 08:01 150630                     /tmp/hsperfdata_hewitt/47384
7f69d9d21000-7f69d9d22000 rw-p 00000000 00:00 0 
7f69d9d22000-7f69d9d23000 ---p 00000000 00:00 0 
7f69d9d23000-7f69d9d24000 r--p 00025000 08:01 658775                     /lib/x86_64-linux-gnu/ld-2.23.so
7f69d9d24000-7f69d9d25000 rw-p 00026000 08:01 658775                     /lib/x86_64-linux-gnu/ld-2.23.so
7f69d9d25000-7f69d9d26000 rw-p 00000000 00:00 0 
7ffc83386000-7ffc833a8000 rw-p 00000000 00:00 0                          [stack]
7ffc833c3000-7ffc833c6000 r--p 00000000 00:00 0                          [vvar]
7ffc833c6000-7ffc833c8000 r-xp 00000000 00:00 0                          [vdso]
ffffffffff600000-ffffffffff601000 r-xp 00000000 00:00 0                  [vsyscall]

VM Arguments:
java_command: /home/hewitt/work/DiffTGen-master/lib/evosuite-1.0.6.jar -base_dir /home/hewitt/work/DiffTGen-master/output/patch11-Lang-59-CapGen-plausible/Lang_59_1-plausible_capgen/target/0/4 -projectCP /home/hewitt/work/DiffTGen-master/output/patch11-Lang-59-CapGen-plausible/Lang_59_1-plausible_capgen/target/build/classes/all0.jar:/home/hewitt/work/DiffTGen-master/lib/myprinter.jar:/home/hewitt/work/DiffTGen-master/lib/commons-lang3-3.5.jar -class org.apache.commons.lang.text.StrBuilder -Dassertions=false -Dsearch_budget=60
java_class_path (initial): /home/hewitt/work/DiffTGen-master/lib/evosuite-1.0.6.jar
Launcher Type: SUN_STANDARD

Environment Variables:
JAVA_HOME=/usr/lib/jdk/jdk1.8.0_201
JRE_HOME=/usr/lib/jdk/jdk1.8.0_201/jre
CLASSPATH=.:/usr/lib/jdk/jdk1.8.0_201/lib:/usr/lib/jdk/jdk1.8.0_201/jre/lib
PATH=/usr/lib/jdk/jdk1.8.0_201/bin:/home/hewitt/bin:/home/hewitt/.local/bin:/usr/lib/jdk/jdk1.7.0_80/bin:/usr/local/sbin:/usr/local/bin:/usr/sbin:/usr/bin:/sbin:/bin:/usr/games:/usr/local/games:/snap/bin:/home/hewitt/work/defects4j_v1.4.0/defects4j/framework/bin:/opt/apache-ant-1.9.14/bin:/home/hewitt/work/defects4j_v1.4.0/defects4j/framework/bin
SHELL=/bin/bash
DISPLAY=:0

Signal Handlers:
SIGSEGV: [libjvm.so+0xad3e60], sa_mask[0]=11111111011111111101111111111110, sa_flags=SA_RESTART|SA_SIGINFO
SIGBUS: [libjvm.so+0xad3e60], sa_mask[0]=11111111011111111101111111111110, sa_flags=SA_RESTART|SA_SIGINFO
SIGFPE: [libjvm.so+0x90b880], sa_mask[0]=11111111011111111101111111111110, sa_flags=SA_RESTART|SA_SIGINFO
SIGPIPE: [libjvm.so+0x90b880], sa_mask[0]=11111111011111111101111111111110, sa_flags=SA_RESTART|SA_SIGINFO
SIGXFSZ: [libjvm.so+0x90b880], sa_mask[0]=11111111011111111101111111111110, sa_flags=SA_RESTART|SA_SIGINFO
SIGILL: [libjvm.so+0x90b880], sa_mask[0]=11111111011111111101111111111110, sa_flags=SA_RESTART|SA_SIGINFO
SIGUSR1: SIG_DFL, sa_mask[0]=00000000000000000000000000000000, sa_flags=none
SIGUSR2: [libjvm.so+0x90b750], sa_mask[0]=00100000000000000000000000000000, sa_flags=SA_RESTART|SA_SIGINFO
SIGHUP: [libjvm.so+0x90bd70], sa_mask[0]=11111111011111111101111111111110, sa_flags=SA_RESTART|SA_SIGINFO
SIGINT: [libjvm.so+0x90bd70], sa_mask[0]=11111111011111111101111111111110, sa_flags=SA_RESTART|SA_SIGINFO
SIGTERM: [libjvm.so+0x90bd70], sa_mask[0]=11111111011111111101111111111110, sa_flags=SA_RESTART|SA_SIGINFO
SIGQUIT: [libjvm.so+0x90bd70], sa_mask[0]=11111111011111111101111111111110, sa_flags=SA_RESTART|SA_SIGINFO


---------------  S Y S T E M  ---------------

OS:DISTRIB_ID=Ubuntu
DISTRIB_RELEASE=16.04
DISTRIB_CODENAME=xenial
DISTRIB_DESCRIPTION="Ubuntu 16.04.6 LTS"

uname:Linux 4.15.0-91-generic #92~16.04.1-Ubuntu SMP Fri Feb 28 14:57:22 UTC 2020 x86_64
libc:glibc 2.23 NPTL 2.23 
rlimit: STACK 8192k, CORE 0k, NPROC 15448, NOFILE 1048576, AS infinity
load average:19.98 13.07 12.52

/proc/meminfo:
MemTotal:        4015928 kB
MemFree:           88088 kB
MemAvailable:          0 kB
Buffers:             352 kB
Cached:            29244 kB
SwapCached:         6208 kB
Active:          2902656 kB
Inactive:         587372 kB
Active(anon):    2884924 kB
Inactive(anon):   576740 kB
Active(file):      17732 kB
Inactive(file):    10632 kB
Unevictable:          48 kB
Mlocked:              48 kB
SwapTotal:        998396 kB
SwapFree:            660 kB
Dirty:               396 kB
Writeback:          1168 kB
AnonPages:       3454680 kB
Mapped:            24484 kB
Shmem:              1076 kB
Slab:              91492 kB
SReclaimable:      33200 kB
SUnreclaim:        58292 kB
KernelStack:       16144 kB
PageTables:        42380 kB
NFS_Unstable:          0 kB
Bounce:                0 kB
WritebackTmp:          0 kB
CommitLimit:     3006360 kB
Committed_AS:    9162788 kB
VmallocTotal:   34359738367 kB
VmallocUsed:           0 kB
VmallocChunk:          0 kB
HardwareCorrupted:     0 kB
AnonHugePages:         0 kB
ShmemHugePages:        0 kB
ShmemPmdMapped:        0 kB
CmaTotal:              0 kB
CmaFree:               0 kB
HugePages_Total:       0
HugePages_Free:        0
HugePages_Rsvd:        0
HugePages_Surp:        0
Hugepagesize:       2048 kB
DirectMap4k:       98112 kB
DirectMap2M:     4096000 kB
DirectMap1G:     2097152 kB

container (cgroup) information:
container_type: cgroupv1
cpu_cpuset_cpus: 0-3
cpu_memory_nodes: 0
active_processor_count: 4
cpu_quota: -1
cpu_period: 100000
cpu_shares: -1
memory_limit_in_bytes: -1
memory_and_swap_limit_in_bytes: -2
memory_soft_limit_in_bytes: -1
memory_usage_in_bytes: 3570417664
memory_max_usage_in_bytes: 20938752


CPU:total 4 (initial active 4) (2 cores per cpu, 1 threads per core) family 6 model 158 stepping 9, cmov, cx8, fxsr, mmx, sse, sse2, sse3, ssse3, sse4.1, sse4.2, popcnt, avx, avx2, aes, clmul, erms, 3dnowpref, lzcnt, tsc, tscinvbit, bmi1, bmi2, adx

/proc/cpuinfo:
processor	: 0
vendor_id	: GenuineIntel
cpu family	: 6
model		: 158
model name	: Intel(R) Core(TM) i7-7700HQ CPU @ 2.80GHz
stepping	: 9
microcode	: 0xb4
cpu MHz		: 2808.002
cache size	: 6144 KB
physical id	: 0
siblings	: 2
core id		: 0
cpu cores	: 2
apicid		: 0
initial apicid	: 0
fpu		: yes
fpu_exception	: yes
cpuid level	: 22
wp		: yes
flags		: fpu vme de pse tsc msr pae mce cx8 apic sep mtrr pge mca cmov pat pse36 clflush mmx fxsr sse sse2 ss ht syscall nx pdpe1gb rdtscp lm constant_tsc arch_perfmon nopl xtopology tsc_reliable nonstop_tsc cpuid pni pclmulqdq ssse3 fma cx16 pcid sse4_1 sse4_2 x2apic movbe popcnt tsc_deadline_timer aes xsave avx f16c rdrand hypervisor lahf_lm abm 3dnowprefetch cpuid_fault invpcid_single pti ssbd ibrs ibpb stibp fsgsbase tsc_adjust bmi1 avx2 smep bmi2 invpcid mpx rdseed adx smap clflushopt xsaveopt xsavec xsaves arat md_clear flush_l1d arch_capabilities
bugs		: cpu_meltdown spectre_v1 spectre_v2 spec_store_bypass l1tf mds swapgs itlb_multihit
bogomips	: 5616.00
clflush size	: 64
cache_alignment	: 64
address sizes	: 43 bits physical, 48 bits virtual
power management:

processor	: 1
vendor_id	: GenuineIntel
cpu family	: 6
model		: 158
model name	: Intel(R) Core(TM) i7-7700HQ CPU @ 2.80GHz
stepping	: 9
microcode	: 0xb4
cpu MHz		: 2808.002
cache size	: 6144 KB
physical id	: 0
siblings	: 2
core id		: 1
cpu cores	: 2
apicid		: 1
initial apicid	: 1
fpu		: yes
fpu_exception	: yes
cpuid level	: 22
wp		: yes
flags		: fpu vme de pse tsc msr pae mce cx8 apic sep mtrr pge mca cmov pat pse36 clflush mmx fxsr sse sse2 ss ht syscall nx pdpe1gb rdtscp lm constant_tsc arch_perfmon nopl xtopology tsc_reliable nonstop_tsc cpuid pni pclmulqdq ssse3 fma cx16 pcid sse4_1 sse4_2 x2apic movbe popcnt tsc_deadline_timer aes xsave avx f16c rdrand hypervisor lahf_lm abm 3dnowprefetch cpuid_fault invpcid_single pti ssbd ibrs ibpb stibp fsgsbase tsc_adjust bmi1 avx2 smep bmi2 invpcid mpx rdseed adx smap clflushopt xsaveopt xsavec xsaves arat md_clear flush_l1d arch_capabilities
bugs		: cpu_meltdown spectre_v1 spectre_v2 spec_store_bypass l1tf mds swapgs itlb_multihit
bogomips	: 5616.00
clflush size	: 64
cache_alignment	: 64
address sizes	: 43 bits physical, 48 bits virtual
power management:

processor	: 2
vendor_id	: GenuineIntel
cpu family	: 6
model		: 158
model name	: Intel(R) Core(TM) i7-7700HQ CPU @ 2.80GHz
stepping	: 9
microcode	: 0xb4
cpu MHz		: 2808.002
cache size	: 6144 KB
physical id	: 1
siblings	: 2
core id		: 0
cpu cores	: 2
apicid		: 2
initial apicid	: 2
fpu		: yes
fpu_exception	: yes
cpuid level	: 22
wp		: yes
flags		: fpu vme de pse tsc msr pae mce cx8 apic sep mtrr pge mca cmov pat pse36 clflush mmx fxsr sse sse2 ss ht syscall nx pdpe1gb rdtscp lm constant_tsc arch_perfmon nopl xtopology tsc_reliable nonstop_tsc cpuid pni pclmulqdq ssse3 fma cx16 pcid sse4_1 sse4_2 x2apic movbe popcnt tsc_deadline_timer aes xsave avx f16c rdrand hypervisor lahf_lm abm 3dnowprefetch cpuid_fault invpcid_single pti ssbd ibrs ibpb stibp fsgsbase tsc_adjust bmi1 avx2 smep bmi2 invpcid mpx rdseed adx smap clflushopt xsaveopt xsavec xsaves arat md_clear flush_l1d arch_capabilities
bugs		: cpu_meltdown spectre_v1 spectre_v2 spec_store_bypass l1tf mds swapgs itlb_multihit
bogomips	: 5616.00
clflush size	: 64
cache_alignment	: 64
address sizes	: 43 bits physical, 48 bits virtual
power management:

processor	: 3
vendor_id	: GenuineIntel
cpu family	: 6
model		: 158
model name	: Intel(R) Core(TM) i7-7700HQ CPU @ 2.80GHz
stepping	: 9
microcode	: 0xb4
cpu MHz		: 2808.002
cache size	: 6144 KB
physical id	: 1
siblings	: 2
core id		: 1
cpu cores	: 2
apicid		: 3
initial apicid	: 3
fpu		: yes
fpu_exception	: yes
cpuid level	: 22
wp		: yes
flags		: fpu vme de pse tsc msr pae mce cx8 apic sep mtrr pge mca cmov pat pse36 clflush mmx fxsr sse sse2 ss ht syscall nx pdpe1gb rdtscp lm constant_tsc arch_perfmon nopl xtopology tsc_reliable nonstop_tsc cpuid pni pclmulqdq ssse3 fma cx16 pcid sse4_1 sse4_2 x2apic movbe popcnt tsc_deadline_timer aes xsave avx f16c rdrand hypervisor lahf_lm abm 3dnowprefetch cpuid_fault invpcid_single pti ssbd ibrs ibpb stibp fsgsbase tsc_adjust bmi1 avx2 smep bmi2 invpcid mpx rdseed adx smap clflushopt xsaveopt xsavec xsaves arat md_clear flush_l1d arch_capabilities
bugs		: cpu_meltdown spectre_v1 spectre_v2 spec_store_bypass l1tf mds swapgs itlb_multihit
bogomips	: 5616.00
clflush size	: 64
cache_alignment	: 64
address sizes	: 43 bits physical, 48 bits virtual
power management:



Memory: 4k page, physical 4015928k(87468k free), swap 998396k(660k free)

vm_info: Java HotSpot(TM) 64-Bit Server VM (25.201-b09) for linux-amd64 JRE (1.8.0_201-b09), built on Dec 15 2018 11:35:59 by "java_re" with gcc 7.3.0

time: Sun Mar 29 00:32:26 2020
timezone: CST
elapsed time: 42 seconds (0d 0h 0m 42s)

