#
# There is insufficient memory for the Java Runtime Environment to continue.
# Native memory allocation (mmap) failed to map 27262976 bytes for committing reserved memory.
# Possible reasons:
#   The system is out of physical RAM or swap space
#   The process is running with CompressedOops enabled, and the Java Heap may be blocking the growth of the native heap
# Possible solutions:
#   Reduce memory load on the system
#   Increase physical memory or swap space
#   Check if swap backing store is full
#   Decrease Java heap size (-Xmx/-Xms)
#   Decrease number of Java threads
#   Decrease Java thread stack sizes (-Xss)
#   Set larger code cache with -XX:ReservedCodeCacheSize=
#   JVM is running with Unscaled Compressed Oops mode in which the Java heap is
#     placed in the first 4GB address space. The Java Heap base address is the
#     maximum limit for the native heap growth. Please use -XX:HeapBaseMinAddress
#     to set the Java Heap base and to place the Java Heap above 4GB virtual address.
# This output file may be truncated or incomplete.
#
#  Out of Memory Error (os_linux.cpp:2749), pid=33642, tid=0x00007f8a0d12f700
#
# JRE version: Java(TM) SE Runtime Environment (8.0_201-b09) (build 1.8.0_201-b09)
# Java VM: Java HotSpot(TM) 64-Bit Server VM (25.201-b09 mixed mode linux-amd64 compressed oops)
# Failed to write core dump. Core dumps have been disabled. To enable core dumping, try "ulimit -c unlimited" before starting Java again
#

---------------  T H R E A D  ---------------

Current thread (0x00007f8a20140000):  VMThread [stack: 0x00007f8a0d02f000,0x00007f8a0d130000] [id=33677]

Stack: [0x00007f8a0d02f000,0x00007f8a0d130000],  sp=0x00007f8a0d12e450,  free space=1021k
Native frames: (J=compiled Java code, j=interpreted, Vv=VM code, C=native code)
V  [libjvm.so+0xad3525]  VMError::report_and_die()+0x2e5
V  [libjvm.so+0x4e0457]  report_vm_out_of_memory(char const*, int, unsigned long, VMErrorType, char const*)+0x67
V  [libjvm.so+0x9102f0]  os::pd_commit_memory(char*, unsigned long, unsigned long, bool)+0x100
V  [libjvm.so+0x90791f]  os::commit_memory(char*, unsigned long, unsigned long, bool)+0x1f
V  [libjvm.so+0x98c806]  PSVirtualSpace::expand_by(unsigned long)+0x56
V  [libjvm.so+0x98da98]  PSYoungGen::resize(unsigned long, unsigned long)+0xd8
V  [libjvm.so+0x98a236]  PSScavenge::invoke_no_policy()+0x1376
V  [libjvm.so+0x98a5cc]  PSScavenge::invoke()+0x4c
V  [libjvm.so+0x93a318]  ParallelScavengeHeap::failed_mem_allocate(unsigned long)+0x68
V  [libjvm.so+0xad5073]  VM_ParallelGCFailedAllocation::doit()+0x93
V  [libjvm.so+0xada296]  VM_Operation::evaluate()+0x46
V  [libjvm.so+0xad85cd]  VMThread::evaluate_operation(VM_Operation*) [clone .constprop.44]+0xcd
V  [libjvm.so+0xad8bb3]  VMThread::loop()+0x3a3
V  [libjvm.so+0xad8f88]  VMThread::run()+0x78
V  [libjvm.so+0x90d922]  java_start(Thread*)+0x102

VM_Operation (0x00007f89bf5ee690): ParallelGCFailedAllocation, mode: safepoint, requested by thread 0x00007f89c4002800


---------------  P R O C E S S  ---------------

Java Threads: ( => current thread )
  0x00007f89c4002800 JavaThread "RMI TCP Connection(3)-127.0.0.1" daemon [_thread_blocked, id=34113, stack(0x00007f89bf4f5000,0x00007f89bf5f6000)]
  0x00007f89c4001000 JavaThread "RMI TCP Connection(2)-127.0.0.1" daemon [_thread_blocked, id=34106, stack(0x00007f89bf5f6000,0x00007f89bf6f7000)]
  0x00007f8998038000 JavaThread "RMI Scheduler(0)" daemon [_thread_blocked, id=34100, stack(0x00007f89bf6f7000,0x00007f89bf7f8000)]
  0x00007f8998030800 JavaThread "RMI RenewClean-[127.0.0.1:8306]" daemon [_thread_blocked, id=34069, stack(0x00007f89bf7f8000,0x00007f89bf8f9000)]
  0x00007f89c0001000 JavaThread "RMI TCP Connection(idle)" daemon [_thread_blocked, id=34065, stack(0x00007f89bf8f9000,0x00007f89bf9fa000)]
  0x00007f89ac005000 JavaThread "pool-3-thread-3" [_thread_in_native, id=34022, stack(0x00007f89bf9fa000,0x00007f89bfafb000)]
  0x00007f89ac003000 JavaThread "pool-3-thread-2" [_thread_in_native, id=34018, stack(0x00007f89bfafb000,0x00007f89bfbfc000)]
  0x00007f89ac002000 JavaThread "pool-3-thread-1" [_thread_in_native, id=34014, stack(0x00007f89bfbfc000,0x00007f89bfcfd000)]
  0x00007f8a201fe800 JavaThread "Thread-3" [_thread_in_native, id=33860, stack(0x00007f89bfcfd000,0x00007f89bfdfe000)]
  0x00007f8a201fd000 JavaThread "Thread-2" [_thread_in_native, id=33856, stack(0x00007f89bfdfe000,0x00007f89bfeff000)]
  0x00007f8a201a4000 JavaThread "process reaper" daemon [_thread_in_native, id=33853, stack(0x00007f8a24019000,0x00007f8a24052000)]
  0x00007f8a203de000 JavaThread "pool-2-thread-1" [_thread_in_native, id=33838, stack(0x00007f89bfeff000,0x00007f89c0000000)]
  0x00007f8a203db800 JavaThread "GC Daemon" daemon [_thread_blocked, id=33834, stack(0x00007f8a04034000,0x00007f8a04135000)]
  0x00007f8a203d9000 JavaThread "RMI Reaper" [_thread_blocked, id=33821, stack(0x00007f8a04135000,0x00007f8a04236000)]
  0x00007f8a203d0000 JavaThread "RMI TCP Accept-3173" daemon [_thread_in_native, id=33815, stack(0x00007f8a04236000,0x00007f8a04337000)]
  0x00007f8a203ca800 JavaThread "RMI TCP Accept-14429" daemon [_thread_in_native, id=33794, stack(0x00007f8a04337000,0x00007f8a04438000)]
  0x00007f8a202f1000 JavaThread "logback-3" daemon [_thread_blocked, id=33772, stack(0x00007f8a046b1000,0x00007f8a047b2000)]
  0x00007f8a202ed800 JavaThread "logback-2" daemon [_thread_blocked, id=33771, stack(0x00007f8a047b2000,0x00007f8a048b3000)]
  0x00007f8a202eb800 JavaThread "logback-1" daemon [_thread_blocked, id=33770, stack(0x00007f8a048b3000,0x00007f8a049b4000)]
  0x00007f8a20188800 JavaThread "Service Thread" daemon [_thread_blocked, id=33745, stack(0x00007f8a07eff000,0x00007f8a08000000)]
  0x00007f8a20186000 JavaThread "C1 CompilerThread2" daemon [_thread_blocked, id=33740, stack(0x00007f8a0c06a000,0x00007f8a0c16b000)]
  0x00007f8a20184800 JavaThread "C2 CompilerThread1" daemon [_thread_blocked, id=33732, stack(0x00007f8a0c16b000,0x00007f8a0c26c000)]
  0x00007f8a20181800 JavaThread "C2 CompilerThread0" daemon [_thread_blocked, id=33724, stack(0x00007f8a0c26c000,0x00007f8a0c36d000)]
  0x00007f8a20180000 JavaThread "Signal Dispatcher" daemon [_thread_blocked, id=33715, stack(0x00007f8a0c36d000,0x00007f8a0c46e000)]
  0x00007f8a2014c000 JavaThread "Finalizer" daemon [_thread_blocked, id=33687, stack(0x00007f8a0ce2d000,0x00007f8a0cf2e000)]
  0x00007f8a20149800 JavaThread "Reference Handler" daemon [_thread_blocked, id=33681, stack(0x00007f8a0cf2e000,0x00007f8a0d02f000)]
  0x00007f8a2000a800 JavaThread "main" [_thread_in_native, id=33650, stack(0x00007f8a27513000,0x00007f8a27614000)]

Other Threads:
=>0x00007f8a20140000 VMThread [stack: 0x00007f8a0d02f000,0x00007f8a0d130000] [id=33677]
  0x00007f8a2018b800 WatcherThread [stack: 0x00007f8a07dfe000,0x00007f8a07eff000] [id=33749]

VM state:at safepoint (normal execution)

VM Mutex/Monitor currently owned by a thread:  ([mutex/lock_event])
[0x00007f8a20007070] Threads_lock - owner thread: 0x00007f8a20140000
[0x00007f8a20007570] Heap_lock - owner thread: 0x00007f89c4002800

heap address: 0x00000000c2a00000, size: 982 MB, Compressed Oops mode: 32-bit
Narrow klass base: 0x0000000000000000, Narrow klass shift: 3
Compressed class space size: 1073741824 Address: 0x0000000100000000

Heap:
 PSYoungGen      total 34304K, used 4465K [0x00000000eb900000, 0x00000000ee200000, 0x0000000100000000)
  eden space 29184K, 0% used [0x00000000eb900000,0x00000000eb900000,0x00000000ed580000)
  from space 5120K, 87% used [0x00000000ed580000,0x00000000ed9dc750,0x00000000eda80000)
  to   space 2560K, 0% used [0x00000000eda80000,0x00000000eda80000,0x00000000edd00000)
 ParOldGen       total 42496K, used 8083K [0x00000000c2a00000, 0x00000000c5380000, 0x00000000eb900000)
  object space 42496K, 19% used [0x00000000c2a00000,0x00000000c31e4e10,0x00000000c5380000)
 Metaspace       used 13844K, capacity 14176K, committed 14336K, reserved 1062912K
  class space    used 1584K, capacity 1702K, committed 1792K, reserved 1048576K

Card table byte_map: [0x00007f8a240c8000,0x00007f8a242b4000] byte_map_base: 0x00007f8a23ab3000

Marking Bits: (ParMarkBitMap*) 0x00007f8a269ead80
 Begin Bits: [0x00007f8a0ec04000, 0x00007f8a0fb5c000)
 End Bits:   [0x00007f8a0fb5c000, 0x00007f8a10ab4000)

Polling page: 0x00007f8a2762f000

CodeCache: size=245760Kb used=5931Kb max_used=5931Kb free=239828Kb
 bounds [0x00007f8a11000000, 0x00007f8a115d0000, 0x00007f8a20000000]
 total_blobs=2045 nmethods=1696 adapters=261
 compilation: enabled

Compilation events (10 events):
Event: 35.917 Thread 0x00007f8a20186000 1743       2       org.evosuite.shaded.org.objectweb.asm.MethodWriter::visitLineNumber (50 bytes)
Event: 35.917 Thread 0x00007f8a20186000 nmethod 1743 0x00007f8a115cad90 code [0x00007f8a115caf20, 0x00007f8a115cb218]
Event: 35.918 Thread 0x00007f8a20186000 1744       2       java.util.Arrays::asList (9 bytes)
Event: 35.918 Thread 0x00007f8a20186000 nmethod 1744 0x00007f8a115cb3d0 code [0x00007f8a115cb540, 0x00007f8a115cb788]
Event: 35.918 Thread 0x00007f8a20186000 1745       2       java.util.Arrays$ArrayList::<init> (16 bytes)
Event: 35.919 Thread 0x00007f8a20186000 nmethod 1745 0x00007f8a115cb8d0 code [0x00007f8a115cba40, 0x00007f8a115cbc68]
Event: 35.953 Thread 0x00007f8a20186000 1746       2       org.evosuite.graphs.cfg.ActualControlFlowGraph::belongsToMethod (48 bytes)
Event: 35.954 Thread 0x00007f8a20186000 nmethod 1746 0x00007f8a115cbd90 code [0x00007f8a115cbf20, 0x00007f8a115cc1c8]
Event: 35.954 Thread 0x00007f8a20186000 1747       2       java.lang.Long::hashCode (8 bytes)
Event: 35.975 Thread 0x00007f8a20186000 nmethod 1747 0x00007f8a115cc350 code [0x00007f8a115cc4a0, 0x00007f8a115cc610]

GC Heap History (10 events):
Event: 2.560 GC heap after
Heap after GC invocations=3 (full 1):
 PSYoungGen      total 18432K, used 0K [0x00000000eb900000, 0x00000000ecd80000, 0x0000000100000000)
  eden space 15872K, 0% used [0x00000000eb900000,0x00000000eb900000,0x00000000ec880000)
  from space 2560K, 0% used [0x00000000ecb00000,0x00000000ecb00000,0x00000000ecd80000)
  to   space 2560K, 0% used [0x00000000ec880000,0x00000000ec880000,0x00000000ecb00000)
 ParOldGen       total 42496K, used 2464K [0x00000000c2a00000, 0x00000000c5380000, 0x00000000eb900000)
  object space 42496K, 5% used [0x00000000c2a00000,0x00000000c2c68150,0x00000000c5380000)
 Metaspace       used 10201K, capacity 10340K, committed 10624K, reserved 1058816K
  class space    used 1234K, capacity 1318K, committed 1408K, reserved 1048576K
}
Event: 32.487 GC heap before
{Heap before GC invocations=4 (full 1):
 PSYoungGen      total 18432K, used 15872K [0x00000000eb900000, 0x00000000ecd80000, 0x0000000100000000)
  eden space 15872K, 100% used [0x00000000eb900000,0x00000000ec880000,0x00000000ec880000)
  from space 2560K, 0% used [0x00000000ecb00000,0x00000000ecb00000,0x00000000ecd80000)
  to   space 2560K, 0% used [0x00000000ec880000,0x00000000ec880000,0x00000000ecb00000)
 ParOldGen       total 42496K, used 2464K [0x00000000c2a00000, 0x00000000c5380000, 0x00000000eb900000)
  object space 42496K, 5% used [0x00000000c2a00000,0x00000000c2c68150,0x00000000c5380000)
 Metaspace       used 13244K, capacity 13620K, committed 13824K, reserved 1060864K
  class space    used 1560K, capacity 1668K, committed 1792K, reserved 1048576K
Event: 32.518 GC heap after
Heap after GC invocations=4 (full 1):
 PSYoungGen      total 18432K, used 2552K [0x00000000eb900000, 0x00000000ecd80000, 0x0000000100000000)
  eden space 15872K, 0% used [0x00000000eb900000,0x00000000eb900000,0x00000000ec880000)
  from space 2560K, 99% used [0x00000000ec880000,0x00000000ecafe030,0x00000000ecb00000)
  to   space 2560K, 0% used [0x00000000ecb00000,0x00000000ecb00000,0x00000000ecd80000)
 ParOldGen       total 42496K, used 4481K [0x00000000c2a00000, 0x00000000c5380000, 0x00000000eb900000)
  object space 42496K, 10% used [0x00000000c2a00000,0x00000000c2e60698,0x00000000c5380000)
 Metaspace       used 13244K, capacity 13620K, committed 13824K, reserved 1060864K
  class space    used 1560K, capacity 1668K, committed 1792K, reserved 1048576K
}
Event: 34.083 GC heap before
{Heap before GC invocations=5 (full 1):
 PSYoungGen      total 18432K, used 18424K [0x00000000eb900000, 0x00000000ecd80000, 0x0000000100000000)
  eden space 15872K, 100% used [0x00000000eb900000,0x00000000ec880000,0x00000000ec880000)
  from space 2560K, 99% used [0x00000000ec880000,0x00000000ecafe030,0x00000000ecb00000)
  to   space 2560K, 0% used [0x00000000ecb00000,0x00000000ecb00000,0x00000000ecd80000)
 ParOldGen       total 42496K, used 4481K [0x00000000c2a00000, 0x00000000c5380000, 0x00000000eb900000)
  object space 42496K, 10% used [0x00000000c2a00000,0x00000000c2e60698,0x00000000c5380000)
 Metaspace       used 13648K, capacity 14048K, committed 14336K, reserved 1062912K
  class space    used 1584K, capacity 1702K, committed 1792K, reserved 1048576K
Event: 34.096 GC heap after
Heap after GC invocations=5 (full 1):
 PSYoungGen      total 18432K, used 2553K [0x00000000eb900000, 0x00000000ecd80000, 0x0000000100000000)
  eden space 15872K, 0% used [0x00000000eb900000,0x00000000eb900000,0x00000000ec880000)
  from space 2560K, 99% used [0x00000000ecb00000,0x00000000ecd7e760,0x00000000ecd80000)
  to   space 2560K, 0% used [0x00000000ec880000,0x00000000ec880000,0x00000000ecb00000)
 ParOldGen       total 42496K, used 5705K [0x00000000c2a00000, 0x00000000c5380000, 0x00000000eb900000)
  object space 42496K, 13% used [0x00000000c2a00000,0x00000000c2f92790,0x00000000c5380000)
 Metaspace       used 13648K, capacity 14048K, committed 14336K, reserved 1062912K
  class space    used 1584K, capacity 1702K, committed 1792K, reserved 1048576K
}
Event: 34.627 GC heap before
{Heap before GC invocations=6 (full 1):
 PSYoungGen      total 18432K, used 18425K [0x00000000eb900000, 0x00000000ecd80000, 0x0000000100000000)
  eden space 15872K, 100% used [0x00000000eb900000,0x00000000ec880000,0x00000000ec880000)
  from space 2560K, 99% used [0x00000000ecb00000,0x00000000ecd7e760,0x00000000ecd80000)
  to   space 2560K, 0% used [0x00000000ec880000,0x00000000ec880000,0x00000000ecb00000)
 ParOldGen       total 42496K, used 5705K [0x00000000c2a00000, 0x00000000c5380000, 0x00000000eb900000)
  object space 42496K, 13% used [0x00000000c2a00000,0x00000000c2f92790,0x00000000c5380000)
 Metaspace       used 13726K, capacity 14112K, committed 14336K, reserved 1062912K
  class space    used 1584K, capacity 1702K, committed 1792K, reserved 1048576K
Event: 34.649 GC heap after
Heap after GC invocations=6 (full 1):
 PSYoungGen      total 18432K, used 2545K [0x00000000eb900000, 0x00000000edd00000, 0x0000000100000000)
  eden space 15872K, 0% used [0x00000000eb900000,0x00000000eb900000,0x00000000ec880000)
  from space 2560K, 99% used [0x00000000ec880000,0x00000000ecafc740,0x00000000ecb00000)
  to   space 2560K, 0% used [0x00000000eda80000,0x00000000eda80000,0x00000000edd00000)
 ParOldGen       total 42496K, used 6848K [0x00000000c2a00000, 0x00000000c5380000, 0x00000000eb900000)
  object space 42496K, 16% used [0x00000000c2a00000,0x00000000c30b00b0,0x00000000c5380000)
 Metaspace       used 13726K, capacity 14112K, committed 14336K, reserved 1062912K
  class space    used 1584K, capacity 1702K, committed 1792K, reserved 1048576K
}
Event: 35.170 GC heap before
{Heap before GC invocations=7 (full 1):
 PSYoungGen      total 18432K, used 18417K [0x00000000eb900000, 0x00000000edd00000, 0x0000000100000000)
  eden space 15872K, 100% used [0x00000000eb900000,0x00000000ec880000,0x00000000ec880000)
  from space 2560K, 99% used [0x00000000ec880000,0x00000000ecafc740,0x00000000ecb00000)
  to   space 2560K, 0% used [0x00000000eda80000,0x00000000eda80000,0x00000000edd00000)
 ParOldGen       total 42496K, used 6848K [0x00000000c2a00000, 0x00000000c5380000, 0x00000000eb900000)
  object space 42496K, 16% used [0x00000000c2a00000,0x00000000c30b00b0,0x00000000c5380000)
 Metaspace       used 13787K, capacity 14112K, committed 14336K, reserved 1062912K
  class space    used 1584K, capacity 1702K, committed 1792K, reserved 1048576K
Event: 35.186 GC heap after
Heap after GC invocations=7 (full 1):
 PSYoungGen      total 31744K, used 2560K [0x00000000eb900000, 0x00000000ee200000, 0x0000000100000000)
  eden space 29184K, 0% used [0x00000000eb900000,0x00000000eb900000,0x00000000ed580000)
  from space 2560K, 100% used [0x00000000eda80000,0x00000000edd00000,0x00000000edd00000)
  to   space 5120K, 0% used [0x00000000ed580000,0x00000000ed580000,0x00000000eda80000)
 ParOldGen       total 42496K, used 8075K [0x00000000c2a00000, 0x00000000c5380000, 0x00000000eb900000)
  object space 42496K, 19% used [0x00000000c2a00000,0x00000000c31e2e10,0x00000000c5380000)
 Metaspace       used 13787K, capacity 14112K, committed 14336K, reserved 1062912K
  class space    used 1584K, capacity 1702K, committed 1792K, reserved 1048576K
}
Event: 36.030 GC heap before
{Heap before GC invocations=8 (full 1):
 PSYoungGen      total 31744K, used 31744K [0x00000000eb900000, 0x00000000ee200000, 0x0000000100000000)
  eden space 29184K, 100% used [0x00000000eb900000,0x00000000ed580000,0x00000000ed580000)
  from space 2560K, 100% used [0x00000000eda80000,0x00000000edd00000,0x00000000edd00000)
  to   space 5120K, 0% used [0x00000000ed580000,0x00000000ed580000,0x00000000eda80000)
 ParOldGen       total 42496K, used 8075K [0x00000000c2a00000, 0x00000000c5380000, 0x00000000eb900000)
  object space 42496K, 19% used [0x00000000c2a00000,0x00000000c31e2e10,0x00000000c5380000)
 Metaspace       used 13844K, capacity 14176K, committed 14336K, reserved 1062912K
  class space    used 1584K, capacity 1702K, committed 1792K, reserved 1048576K

Deoptimization events (10 events):
Event: 29.438 Thread 0x00007f89c4002800 Uncommon trap: reason=bimorphic action=maybe_recompile pc=0x00007f8a1126a8d4 method=java.util.HashMap.putVal(ILjava/lang/Object;Ljava/lang/Object;ZZ)Ljava/lang/Object; @ 91
Event: 29.439 Thread 0x00007f89c4002800 Uncommon trap: reason=bimorphic action=maybe_recompile pc=0x00007f8a1126a8d4 method=java.util.HashMap.putVal(ILjava/lang/Object;Ljava/lang/Object;ZZ)Ljava/lang/Object; @ 91
Event: 29.458 Thread 0x00007f89c4002800 Uncommon trap: reason=bimorphic action=maybe_recompile pc=0x00007f8a1126a8d4 method=java.util.HashMap.putVal(ILjava/lang/Object;Ljava/lang/Object;ZZ)Ljava/lang/Object; @ 91
Event: 31.691 Thread 0x00007f89c4002800 Uncommon trap: reason=uninitialized action=reinterpret pc=0x00007f8a113cf5cc method=java.io.ObjectInputStream$HandleTable.markDependency(II)V @ 110
Event: 32.142 Thread 0x00007f89c4002800 Uncommon trap: reason=class_check action=maybe_recompile pc=0x00007f8a113bda34 method=java.util.HashMap.putVal(ILjava/lang/Object;Ljava/lang/Object;ZZ)Ljava/lang/Object; @ 203
Event: 32.487 Thread 0x00007f89c4002800 Uncommon trap: reason=unstable_if action=reinterpret pc=0x00007f8a112068b0 method=java.lang.AbstractStringBuilder.append(Ljava/lang/String;)Ljava/lang/AbstractStringBuilder; @ 1
Event: 32.553 Thread 0x00007f89c4002800 Uncommon trap: reason=unstable_if action=reinterpret pc=0x00007f8a11207638 method=java.lang.AbstractStringBuilder.append(Ljava/lang/String;)Ljava/lang/AbstractStringBuilder; @ 1
Event: 32.808 Thread 0x00007f89c4002800 Uncommon trap: reason=class_check action=maybe_recompile pc=0x00007f8a113bda34 method=java.util.HashMap.putVal(ILjava/lang/Object;Ljava/lang/Object;ZZ)Ljava/lang/Object; @ 203
Event: 32.808 Thread 0x00007f89c4002800 Uncommon trap: reason=class_check action=maybe_recompile pc=0x00007f8a113bda34 method=java.util.HashMap.putVal(ILjava/lang/Object;Ljava/lang/Object;ZZ)Ljava/lang/Object; @ 203
Event: 32.837 Thread 0x00007f89c4002800 Uncommon trap: reason=class_check action=maybe_recompile pc=0x00007f8a113bda34 method=java.util.HashMap.putVal(ILjava/lang/Object;Ljava/lang/Object;ZZ)Ljava/lang/Object; @ 203

Classes redefined (0 events):
No events

Internal exceptions (10 events):
Event: 11.280 Thread 0x00007f8a202f1000 Exception <a 'java/net/ConnectException'> (0x00000000ebba0518) thrown at [/HUDSON/workspace/8-2-build-linux-amd64/jdk8u201/12317/hotspot/src/share/vm/prims/jni.cpp, line 709]
Event: 21.262 Thread 0x00007f8a202ed800 Exception <a 'java/net/ConnectException'> (0x00000000ebb518f0) thrown at [/HUDSON/workspace/8-2-build-linux-amd64/jdk8u201/12317/hotspot/src/share/vm/prims/jni.cpp, line 709]
Event: 21.268 Thread 0x00007f8a202eb800 Exception <a 'java/net/ConnectException'> (0x00000000ebb79498) thrown at [/HUDSON/workspace/8-2-build-linux-amd64/jdk8u201/12317/hotspot/src/share/vm/prims/jni.cpp, line 709]
Event: 21.281 Thread 0x00007f8a202f1000 Exception <a 'java/net/ConnectException'> (0x00000000ebba1040) thrown at [/HUDSON/workspace/8-2-build-linux-amd64/jdk8u201/12317/hotspot/src/share/vm/prims/jni.cpp, line 709]
Event: 31.263 Thread 0x00007f8a202ed800 Exception <a 'java/net/ConnectException'> (0x00000000ebb52418) thrown at [/HUDSON/workspace/8-2-build-linux-amd64/jdk8u201/12317/hotspot/src/share/vm/prims/jni.cpp, line 709]
Event: 31.269 Thread 0x00007f8a202eb800 Exception <a 'java/net/ConnectException'> (0x00000000ebb79fc0) thrown at [/HUDSON/workspace/8-2-build-linux-amd64/jdk8u201/12317/hotspot/src/share/vm/prims/jni.cpp, line 709]
Event: 31.281 Thread 0x00007f8a202f1000 Exception <a 'java/net/ConnectException'> (0x00000000ebba1b68) thrown at [/HUDSON/workspace/8-2-build-linux-amd64/jdk8u201/12317/hotspot/src/share/vm/prims/jni.cpp, line 709]
Event: 31.487 Thread 0x00007f89c4002800 Exception <a 'java/lang/NoSuchMethodError': <clinit>> (0x00000000ec3ac9d0) thrown at [/HUDSON/workspace/8-2-build-linux-amd64/jdk8u201/12317/hotspot/src/share/vm/prims/jni.cpp, line 1613]
Event: 32.487 Thread 0x00007f89c4002800 Implicit null exception at 0x00007f8a112064f5 to 0x00007f8a1120689d
Event: 32.553 Thread 0x00007f89c4002800 Implicit null exception at 0x00007f8a11207276 to 0x00007f8a11207621

Events (10 events):
Event: 33.231 loading class org/evosuite/instrumentation/ReturnValueAdapter$PDType done
Event: 34.082 Executing VM operation: ParallelGCFailedAllocation
Event: 34.096 Executing VM operation: ParallelGCFailedAllocation done
Event: 34.626 Executing VM operation: ParallelGCFailedAllocation
Event: 34.650 Executing VM operation: ParallelGCFailedAllocation done
Event: 34.728 loading class sun/net/ResourceManager
Event: 34.728 loading class sun/net/ResourceManager done
Event: 35.170 Executing VM operation: ParallelGCFailedAllocation
Event: 35.186 Executing VM operation: ParallelGCFailedAllocation done
Event: 36.028 Executing VM operation: ParallelGCFailedAllocation


Dynamic libraries:
00400000-00401000 r-xp 00000000 08:01 654793                             /usr/lib/jdk/jdk1.8.0_201/bin/java
00600000-00601000 r--p 00000000 08:01 654793                             /usr/lib/jdk/jdk1.8.0_201/bin/java
00601000-00602000 rw-p 00001000 08:01 654793                             /usr/lib/jdk/jdk1.8.0_201/bin/java
007e5000-00806000 rw-p 00000000 00:00 0                                  [heap]
c2a00000-c5380000 rw-p 00000000 00:00 0 
c5380000-eb900000 ---p 00000000 00:00 0 
eb900000-ee200000 rw-p 00000000 00:00 0 
efc00000-100000000 ---p 00000000 00:00 0 
100000000-1001c0000 rw-p 00000000 00:00 0 
1001c0000-140000000 ---p 00000000 00:00 0 
7f898c000000-7f898c021000 rw-p 00000000 00:00 0 
7f898c021000-7f8990000000 ---p 00000000 00:00 0 
7f8990000000-7f89901f2000 rw-p 00000000 00:00 0 
7f89901f2000-7f8994000000 ---p 00000000 00:00 0 
7f8994000000-7f8994021000 rw-p 00000000 00:00 0 
7f8994021000-7f8998000000 ---p 00000000 00:00 0 
7f8998000000-7f899803b000 rw-p 00000000 00:00 0 
7f899803b000-7f899c000000 ---p 00000000 00:00 0 
7f899c000000-7f899c021000 rw-p 00000000 00:00 0 
7f899c021000-7f89a0000000 ---p 00000000 00:00 0 
7f89a0000000-7f89a0021000 rw-p 00000000 00:00 0 
7f89a0021000-7f89a4000000 ---p 00000000 00:00 0 
7f89a4000000-7f89a4021000 rw-p 00000000 00:00 0 
7f89a4021000-7f89a8000000 ---p 00000000 00:00 0 
7f89a8000000-7f89a8021000 rw-p 00000000 00:00 0 
7f89a8021000-7f89ac000000 ---p 00000000 00:00 0 
7f89ac000000-7f89ac021000 rw-p 00000000 00:00 0 
7f89ac021000-7f89b0000000 ---p 00000000 00:00 0 
7f89b0000000-7f89b0021000 rw-p 00000000 00:00 0 
7f89b0021000-7f89b4000000 ---p 00000000 00:00 0 
7f89b4000000-7f89b4021000 rw-p 00000000 00:00 0 
7f89b4021000-7f89b8000000 ---p 00000000 00:00 0 
7f89b8000000-7f89b8021000 rw-p 00000000 00:00 0 
7f89b8021000-7f89bc000000 ---p 00000000 00:00 0 
7f89beed7000-7f89bef17000 rw-p 00000000 00:00 0 
7f89bef17000-7f89bf0d7000 ---p 00000000 00:00 0 
7f89bf2f5000-7f89bf4f5000 rw-p 00000000 00:00 0 
7f89bf4f5000-7f89bf4f8000 ---p 00000000 00:00 0 
7f89bf4f8000-7f89bf5f6000 rw-p 00000000 00:00 0 
7f89bf5f6000-7f89bf5f9000 ---p 00000000 00:00 0 
7f89bf5f9000-7f89bf6f7000 rw-p 00000000 00:00 0 
7f89bf6f7000-7f89bf6fa000 ---p 00000000 00:00 0 
7f89bf6fa000-7f89bf7f8000 rw-p 00000000 00:00 0 
7f89bf7f8000-7f89bf7fb000 ---p 00000000 00:00 0 
7f89bf7fb000-7f89bf8f9000 rw-p 00000000 00:00 0 
7f89bf8f9000-7f89bf8fc000 ---p 00000000 00:00 0 
7f89bf8fc000-7f89bf9fa000 rw-p 00000000 00:00 0 
7f89bf9fa000-7f89bf9fd000 ---p 00000000 00:00 0 
7f89bf9fd000-7f89bfafb000 rw-p 00000000 00:00 0 
7f89bfafb000-7f89bfafe000 ---p 00000000 00:00 0 
7f89bfafe000-7f89bfbfc000 rw-p 00000000 00:00 0 
7f89bfbfc000-7f89bfbff000 ---p 00000000 00:00 0 
7f89bfbff000-7f89bfcfd000 rw-p 00000000 00:00 0 
7f89bfcfd000-7f89bfd00000 ---p 00000000 00:00 0 
7f89bfd00000-7f89bfdfe000 rw-p 00000000 00:00 0 
7f89bfdfe000-7f89bfe01000 ---p 00000000 00:00 0 
7f89bfe01000-7f89bfeff000 rw-p 00000000 00:00 0 
7f89bfeff000-7f89bff02000 ---p 00000000 00:00 0 
7f89bff02000-7f89c0000000 rw-p 00000000 00:00 0 
7f89c0000000-7f89c0021000 rw-p 00000000 00:00 0 
7f89c0021000-7f89c4000000 ---p 00000000 00:00 0 
7f89c4000000-7f89c4021000 rw-p 00000000 00:00 0 
7f89c4021000-7f89c8000000 ---p 00000000 00:00 0 
7f89c8000000-7f89c8021000 rw-p 00000000 00:00 0 
7f89c8021000-7f89cc000000 ---p 00000000 00:00 0 
7f89cc000000-7f89cc021000 rw-p 00000000 00:00 0 
7f89cc021000-7f89d0000000 ---p 00000000 00:00 0 
7f89d0000000-7f89d0021000 rw-p 00000000 00:00 0 
7f89d0021000-7f89d4000000 ---p 00000000 00:00 0 
7f89d4000000-7f89d4021000 rw-p 00000000 00:00 0 
7f89d4021000-7f89d8000000 ---p 00000000 00:00 0 
7f89d8000000-7f89d8c74000 rw-p 00000000 00:00 0 
7f89d8c74000-7f89dc000000 ---p 00000000 00:00 0 
7f89dc000000-7f89dc021000 rw-p 00000000 00:00 0 
7f89dc021000-7f89e0000000 ---p 00000000 00:00 0 
7f89e0000000-7f89e1462000 rw-p 00000000 00:00 0 
7f89e1462000-7f89e4000000 ---p 00000000 00:00 0 
7f89e4000000-7f89e4858000 rw-p 00000000 00:00 0 
7f89e4858000-7f89e8000000 ---p 00000000 00:00 0 
7f89e8000000-7f89e8021000 rw-p 00000000 00:00 0 
7f89e8021000-7f89ec000000 ---p 00000000 00:00 0 
7f89ec000000-7f89ec021000 rw-p 00000000 00:00 0 
7f89ec021000-7f89f0000000 ---p 00000000 00:00 0 
7f89f0000000-7f89f02a3000 rw-p 00000000 00:00 0 
7f89f02a3000-7f89f4000000 ---p 00000000 00:00 0 
7f89f4000000-7f89f4021000 rw-p 00000000 00:00 0 
7f89f4021000-7f89f8000000 ---p 00000000 00:00 0 
7f89f8000000-7f89f8021000 rw-p 00000000 00:00 0 
7f89f8021000-7f89fc000000 ---p 00000000 00:00 0 
7f89fc000000-7f89fc021000 rw-p 00000000 00:00 0 
7f89fc021000-7f8a00000000 ---p 00000000 00:00 0 
7f8a00000000-7f8a00021000 rw-p 00000000 00:00 0 
7f8a00021000-7f8a04000000 ---p 00000000 00:00 0 
7f8a04034000-7f8a04037000 ---p 00000000 00:00 0 
7f8a04037000-7f8a04135000 rw-p 00000000 00:00 0 
7f8a04135000-7f8a04138000 ---p 00000000 00:00 0 
7f8a04138000-7f8a04236000 rw-p 00000000 00:00 0 
7f8a04236000-7f8a04239000 ---p 00000000 00:00 0 
7f8a04239000-7f8a04337000 rw-p 00000000 00:00 0 
7f8a04337000-7f8a0433a000 ---p 00000000 00:00 0 
7f8a0433a000-7f8a04638000 rw-p 00000000 00:00 0 
7f8a04638000-7f8a046b1000 r--s 010fd000 08:01 654900                     /usr/lib/jdk/jdk1.8.0_201/lib/tools.jar
7f8a046b1000-7f8a046b4000 ---p 00000000 00:00 0 
7f8a046b4000-7f8a047b2000 rw-p 00000000 00:00 0 
7f8a047b2000-7f8a047b5000 ---p 00000000 00:00 0 
7f8a047b5000-7f8a048b3000 rw-p 00000000 00:00 0 
7f8a048b3000-7f8a048b6000 ---p 00000000 00:00 0 
7f8a048b6000-7f8a079b5000 rw-p 00000000 00:00 0 
7f8a079b5000-7f8a079cb000 r-xp 00000000 08:01 656512                     /usr/lib/jdk/jdk1.8.0_201/jre/lib/amd64/libnet.so
7f8a079cb000-7f8a07bcb000 ---p 00016000 08:01 656512                     /usr/lib/jdk/jdk1.8.0_201/jre/lib/amd64/libnet.so
7f8a07bcb000-7f8a07bcc000 r--p 00016000 08:01 656512                     /usr/lib/jdk/jdk1.8.0_201/jre/lib/amd64/libnet.so
7f8a07bcc000-7f8a07bcd000 rw-p 00017000 08:01 656512                     /usr/lib/jdk/jdk1.8.0_201/jre/lib/amd64/libnet.so
7f8a07bcd000-7f8a07dfe000 r--s 01bb1000 08:01 403225                     /home/hewitt/work/DiffTGen-master/lib/evosuite-1.0.6.jar
7f8a07dfe000-7f8a07dff000 ---p 00000000 00:00 0 
7f8a07dff000-7f8a07eff000 rw-p 00000000 00:00 0 
7f8a07eff000-7f8a07f02000 ---p 00000000 00:00 0 
7f8a07f02000-7f8a08000000 rw-p 00000000 00:00 0 
7f8a08000000-7f8a08021000 rw-p 00000000 00:00 0 
7f8a08021000-7f8a0c000000 ---p 00000000 00:00 0 
7f8a0c06a000-7f8a0c06d000 ---p 00000000 00:00 0 
7f8a0c06d000-7f8a0c16b000 rw-p 00000000 00:00 0 
7f8a0c16b000-7f8a0c16e000 ---p 00000000 00:00 0 
7f8a0c16e000-7f8a0c26c000 rw-p 00000000 00:00 0 
7f8a0c26c000-7f8a0c26f000 ---p 00000000 00:00 0 
7f8a0c26f000-7f8a0c36d000 rw-p 00000000 00:00 0 
7f8a0c36d000-7f8a0c370000 ---p 00000000 00:00 0 
7f8a0c370000-7f8a0c46e000 rw-p 00000000 00:00 0 
7f8a0c46e000-7f8a0ce2d000 r--p 00000000 08:01 270368                     /usr/lib/locale/locale-archive
7f8a0ce2d000-7f8a0ce30000 ---p 00000000 00:00 0 
7f8a0ce30000-7f8a0cf2e000 rw-p 00000000 00:00 0 
7f8a0cf2e000-7f8a0cf31000 ---p 00000000 00:00 0 
7f8a0cf31000-7f8a0d02f000 rw-p 00000000 00:00 0 
7f8a0d02f000-7f8a0d030000 ---p 00000000 00:00 0 
7f8a0d030000-7f8a0e03f000 rw-p 00000000 00:00 0 
7f8a0e03f000-7f8a0e219000 r--s 03d6f000 08:01 656293                     /usr/lib/jdk/jdk1.8.0_201/jre/lib/rt.jar
7f8a0e219000-7f8a10ab4000 rw-p 00000000 00:00 0 
7f8a10ab4000-7f8a10ab5000 ---p 00000000 00:00 0 
7f8a10ab5000-7f8a10bb5000 rw-p 00000000 00:00 0 
7f8a10bb5000-7f8a10bb6000 ---p 00000000 00:00 0 
7f8a10bb6000-7f8a10cb6000 rw-p 00000000 00:00 0 
7f8a10cb6000-7f8a10cb7000 ---p 00000000 00:00 0 
7f8a10cb7000-7f8a10db7000 rw-p 00000000 00:00 0 
7f8a10db7000-7f8a10db8000 ---p 00000000 00:00 0 
7f8a10db8000-7f8a10ecd000 rw-p 00000000 00:00 0 
7f8a10ecd000-7f8a11000000 ---p 00000000 00:00 0 
7f8a11000000-7f8a115d0000 rwxp 00000000 00:00 0 
7f8a115d0000-7f8a20000000 ---p 00000000 00:00 0 
7f8a20000000-7f8a204ce000 rw-p 00000000 00:00 0 
7f8a204ce000-7f8a24000000 ---p 00000000 00:00 0 
7f8a2400f000-7f8a24019000 r--s 00116000 08:01 656361                     /usr/lib/jdk/jdk1.8.0_201/jre/lib/ext/localedata.jar
7f8a24019000-7f8a2401c000 ---p 00000000 00:00 0 
7f8a2401c000-7f8a240dd000 rw-p 00000000 00:00 0 
7f8a240dd000-7f8a2420f000 ---p 00000000 00:00 0 
7f8a2420f000-7f8a24224000 rw-p 00000000 00:00 0 
7f8a24224000-7f8a242b3000 ---p 00000000 00:00 0 
7f8a242b3000-7f8a242cc000 rw-p 00000000 00:00 0 
7f8a242cc000-7f8a24674000 ---p 00000000 00:00 0 
7f8a24674000-7f8a2468f000 r-xp 00000000 08:01 656508                     /usr/lib/jdk/jdk1.8.0_201/jre/lib/amd64/libzip.so
7f8a2468f000-7f8a2488e000 ---p 0001b000 08:01 656508                     /usr/lib/jdk/jdk1.8.0_201/jre/lib/amd64/libzip.so
7f8a2488e000-7f8a2488f000 r--p 0001a000 08:01 656508                     /usr/lib/jdk/jdk1.8.0_201/jre/lib/amd64/libzip.so
7f8a2488f000-7f8a24890000 rw-p 0001b000 08:01 656508                     /usr/lib/jdk/jdk1.8.0_201/jre/lib/amd64/libzip.so
7f8a24890000-7f8a2489b000 r-xp 00000000 08:01 658902                     /lib/x86_64-linux-gnu/libnss_files-2.23.so
7f8a2489b000-7f8a24a9a000 ---p 0000b000 08:01 658902                     /lib/x86_64-linux-gnu/libnss_files-2.23.so
7f8a24a9a000-7f8a24a9b000 r--p 0000a000 08:01 658902                     /lib/x86_64-linux-gnu/libnss_files-2.23.so
7f8a24a9b000-7f8a24a9c000 rw-p 0000b000 08:01 658902                     /lib/x86_64-linux-gnu/libnss_files-2.23.so
7f8a24a9c000-7f8a24aa2000 rw-p 00000000 00:00 0 
7f8a24aa2000-7f8a24aad000 r-xp 00000000 08:01 658912                     /lib/x86_64-linux-gnu/libnss_nis-2.23.so
7f8a24aad000-7f8a24cac000 ---p 0000b000 08:01 658912                     /lib/x86_64-linux-gnu/libnss_nis-2.23.so
7f8a24cac000-7f8a24cad000 r--p 0000a000 08:01 658912                     /lib/x86_64-linux-gnu/libnss_nis-2.23.so
7f8a24cad000-7f8a24cae000 rw-p 0000b000 08:01 658912                     /lib/x86_64-linux-gnu/libnss_nis-2.23.so
7f8a24cae000-7f8a24cc4000 r-xp 00000000 08:01 658896                     /lib/x86_64-linux-gnu/libnsl-2.23.so
7f8a24cc4000-7f8a24ec3000 ---p 00016000 08:01 658896                     /lib/x86_64-linux-gnu/libnsl-2.23.so
7f8a24ec3000-7f8a24ec4000 r--p 00015000 08:01 658896                     /lib/x86_64-linux-gnu/libnsl-2.23.so
7f8a24ec4000-7f8a24ec5000 rw-p 00016000 08:01 658896                     /lib/x86_64-linux-gnu/libnsl-2.23.so
7f8a24ec5000-7f8a24ec7000 rw-p 00000000 00:00 0 
7f8a24ec7000-7f8a24ecf000 r-xp 00000000 08:01 658898                     /lib/x86_64-linux-gnu/libnss_compat-2.23.so
7f8a24ecf000-7f8a250ce000 ---p 00008000 08:01 658898                     /lib/x86_64-linux-gnu/libnss_compat-2.23.so
7f8a250ce000-7f8a250cf000 r--p 00007000 08:01 658898                     /lib/x86_64-linux-gnu/libnss_compat-2.23.so
7f8a250cf000-7f8a250d0000 rw-p 00008000 08:01 658898                     /lib/x86_64-linux-gnu/libnss_compat-2.23.so
7f8a250d0000-7f8a250fc000 r-xp 00000000 08:01 656502                     /usr/lib/jdk/jdk1.8.0_201/jre/lib/amd64/libjava.so
7f8a250fc000-7f8a252fc000 ---p 0002c000 08:01 656502                     /usr/lib/jdk/jdk1.8.0_201/jre/lib/amd64/libjava.so
7f8a252fc000-7f8a252fd000 r--p 0002c000 08:01 656502                     /usr/lib/jdk/jdk1.8.0_201/jre/lib/amd64/libjava.so
7f8a252fd000-7f8a252ff000 rw-p 0002d000 08:01 656502                     /usr/lib/jdk/jdk1.8.0_201/jre/lib/amd64/libjava.so
7f8a252ff000-7f8a2530c000 r-xp 00000000 08:01 656507                     /usr/lib/jdk/jdk1.8.0_201/jre/lib/amd64/libverify.so
7f8a2530c000-7f8a2550b000 ---p 0000d000 08:01 656507                     /usr/lib/jdk/jdk1.8.0_201/jre/lib/amd64/libverify.so
7f8a2550b000-7f8a2550d000 r--p 0000c000 08:01 656507                     /usr/lib/jdk/jdk1.8.0_201/jre/lib/amd64/libverify.so
7f8a2550d000-7f8a2550e000 rw-p 0000e000 08:01 656507                     /usr/lib/jdk/jdk1.8.0_201/jre/lib/amd64/libverify.so
7f8a2550e000-7f8a25515000 r-xp 00000000 08:01 658957                     /lib/x86_64-linux-gnu/librt-2.23.so
7f8a25515000-7f8a25714000 ---p 00007000 08:01 658957                     /lib/x86_64-linux-gnu/librt-2.23.so
7f8a25714000-7f8a25715000 r--p 00006000 08:01 658957                     /lib/x86_64-linux-gnu/librt-2.23.so
7f8a25715000-7f8a25716000 rw-p 00007000 08:01 658957                     /lib/x86_64-linux-gnu/librt-2.23.so
7f8a25716000-7f8a2581e000 r-xp 00000000 08:01 658873                     /lib/x86_64-linux-gnu/libm-2.23.so
7f8a2581e000-7f8a25a1d000 ---p 00108000 08:01 658873                     /lib/x86_64-linux-gnu/libm-2.23.so
7f8a25a1d000-7f8a25a1e000 r--p 00107000 08:01 658873                     /lib/x86_64-linux-gnu/libm-2.23.so
7f8a25a1e000-7f8a25a1f000 rw-p 00108000 08:01 658873                     /lib/x86_64-linux-gnu/libm-2.23.so
7f8a25a1f000-7f8a26707000 r-xp 00000000 08:01 656484                     /usr/lib/jdk/jdk1.8.0_201/jre/lib/amd64/server/libjvm.so
7f8a26707000-7f8a26906000 ---p 00ce8000 08:01 656484                     /usr/lib/jdk/jdk1.8.0_201/jre/lib/amd64/server/libjvm.so
7f8a26906000-7f8a2699c000 r--p 00ce7000 08:01 656484                     /usr/lib/jdk/jdk1.8.0_201/jre/lib/amd64/server/libjvm.so
7f8a2699c000-7f8a269cd000 rw-p 00d7d000 08:01 656484                     /usr/lib/jdk/jdk1.8.0_201/jre/lib/amd64/server/libjvm.so
7f8a269cd000-7f8a26a08000 rw-p 00000000 00:00 0 
7f8a26a08000-7f8a26bc8000 r-xp 00000000 08:01 658803                     /lib/x86_64-linux-gnu/libc-2.23.so
7f8a26bc8000-7f8a26dc8000 ---p 001c0000 08:01 658803                     /lib/x86_64-linux-gnu/libc-2.23.so
7f8a26dc8000-7f8a26dcc000 r--p 001c0000 08:01 658803                     /lib/x86_64-linux-gnu/libc-2.23.so
7f8a26dcc000-7f8a26dce000 rw-p 001c4000 08:01 658803                     /lib/x86_64-linux-gnu/libc-2.23.so
7f8a26dce000-7f8a26dd2000 rw-p 00000000 00:00 0 
7f8a26dd2000-7f8a26dd5000 r-xp 00000000 08:01 658827                     /lib/x86_64-linux-gnu/libdl-2.23.so
7f8a26dd5000-7f8a26fd4000 ---p 00003000 08:01 658827                     /lib/x86_64-linux-gnu/libdl-2.23.so
7f8a26fd4000-7f8a26fd5000 r--p 00002000 08:01 658827                     /lib/x86_64-linux-gnu/libdl-2.23.so
7f8a26fd5000-7f8a26fd6000 rw-p 00003000 08:01 658827                     /lib/x86_64-linux-gnu/libdl-2.23.so
7f8a26fd6000-7f8a26fed000 r-xp 00000000 08:01 656155                     /usr/lib/jdk/jdk1.8.0_201/lib/amd64/jli/libjli.so
7f8a26fed000-7f8a271ec000 ---p 00017000 08:01 656155                     /usr/lib/jdk/jdk1.8.0_201/lib/amd64/jli/libjli.so
7f8a271ec000-7f8a271ed000 r--p 00016000 08:01 656155                     /usr/lib/jdk/jdk1.8.0_201/lib/amd64/jli/libjli.so
7f8a271ed000-7f8a271ee000 rw-p 00017000 08:01 656155                     /usr/lib/jdk/jdk1.8.0_201/lib/amd64/jli/libjli.so
7f8a271ee000-7f8a27206000 r-xp 00000000 08:01 658949                     /lib/x86_64-linux-gnu/libpthread-2.23.so
7f8a27206000-7f8a27405000 ---p 00018000 08:01 658949                     /lib/x86_64-linux-gnu/libpthread-2.23.so
7f8a27405000-7f8a27406000 r--p 00017000 08:01 658949                     /lib/x86_64-linux-gnu/libpthread-2.23.so
7f8a27406000-7f8a27407000 rw-p 00018000 08:01 658949                     /lib/x86_64-linux-gnu/libpthread-2.23.so
7f8a27407000-7f8a2740b000 rw-p 00000000 00:00 0 
7f8a2740b000-7f8a27431000 r-xp 00000000 08:01 658775                     /lib/x86_64-linux-gnu/ld-2.23.so
7f8a27435000-7f8a27451000 r--s 00393000 08:01 656354                     /usr/lib/jdk/jdk1.8.0_201/jre/lib/ext/cldrdata.jar
7f8a27451000-7f8a27455000 r--s 000a1000 08:01 656350                     /usr/lib/jdk/jdk1.8.0_201/jre/lib/jsse.jar
7f8a27455000-7f8a27513000 rw-p 00000000 00:00 0 
7f8a27513000-7f8a27516000 ---p 00000000 00:00 0 
7f8a27516000-7f8a27619000 rw-p 00000000 00:00 0 
7f8a27619000-7f8a27621000 r--s 0006e000 08:01 398946                     /home/hewitt/work/DiffTGen-master/lib/commons-lang3-3.5.jar
7f8a27621000-7f8a27622000 r--s 00000000 08:01 398951                     /home/hewitt/work/DiffTGen-master/lib/myprinter.jar
7f8a27622000-7f8a27626000 r--s 00039000 08:01 407307                     /home/hewitt/work/DiffTGen-master/output/patch1-Lang-59-CapGen-plausible/Lang_59_1-plausible_capgen/target/build/classes/all0.jar
7f8a27626000-7f8a2762e000 rw-s 00000000 08:01 159645                     /tmp/hsperfdata_hewitt/33642
7f8a2762e000-7f8a2762f000 rw-p 00000000 00:00 0 
7f8a2762f000-7f8a27630000 ---p 00000000 00:00 0 
7f8a27630000-7f8a27631000 r--p 00025000 08:01 658775                     /lib/x86_64-linux-gnu/ld-2.23.so
7f8a27631000-7f8a27632000 rw-p 00026000 08:01 658775                     /lib/x86_64-linux-gnu/ld-2.23.so
7f8a27632000-7f8a27633000 rw-p 00000000 00:00 0 
7ffd695f3000-7ffd69615000 rw-p 00000000 00:00 0                          [stack]
7ffd69738000-7ffd6973b000 r--p 00000000 00:00 0                          [vvar]
7ffd6973b000-7ffd6973d000 r-xp 00000000 00:00 0                          [vdso]
ffffffffff600000-ffffffffff601000 r-xp 00000000 00:00 0                  [vsyscall]

VM Arguments:
java_command: /home/hewitt/work/DiffTGen-master/lib/evosuite-1.0.6.jar -base_dir /home/hewitt/work/DiffTGen-master/output/patch1-Lang-59-CapGen-plausible/Lang_59_1-plausible_capgen/target/0/16 -projectCP /home/hewitt/work/DiffTGen-master/output/patch1-Lang-59-CapGen-plausible/Lang_59_1-plausible_capgen/target/build/classes/all0.jar:/home/hewitt/work/DiffTGen-master/lib/myprinter.jar:/home/hewitt/work/DiffTGen-master/lib/commons-lang3-3.5.jar -class org.apache.commons.lang.text.StrBuilder -Dassertions=false -Dsearch_budget=60
java_class_path (initial): /home/hewitt/work/DiffTGen-master/lib/evosuite-1.0.6.jar
Launcher Type: SUN_STANDARD

Environment Variables:
JAVA_HOME=/usr/lib/jdk/jdk1.8.0_201
JRE_HOME=/usr/lib/jdk/jdk1.8.0_201/jre
CLASSPATH=.:/usr/lib/jdk/jdk1.8.0_201/lib:/usr/lib/jdk/jdk1.8.0_201/jre/lib
PATH=/usr/lib/jdk/jdk1.8.0_201/bin:/home/hewitt/bin:/home/hewitt/.local/bin:/usr/lib/jdk/jdk1.7.0_80/bin:/usr/local/sbin:/usr/local/bin:/usr/sbin:/usr/bin:/sbin:/bin:/usr/games:/usr/local/games:/snap/bin:/home/hewitt/work/defects4j_v1.4.0/defects4j/framework/bin:/opt/apache-ant-1.9.14/bin:/home/hewitt/work/defects4j_v1.4.0/defects4j/framework/bin
SHELL=/bin/bash
DISPLAY=:0

Signal Handlers:
SIGSEGV: [libjvm.so+0xad3e60], sa_mask[0]=11111111011111111101111111111110, sa_flags=SA_RESTART|SA_SIGINFO
SIGBUS: [libjvm.so+0xad3e60], sa_mask[0]=11111111011111111101111111111110, sa_flags=SA_RESTART|SA_SIGINFO
SIGFPE: [libjvm.so+0x90b880], sa_mask[0]=11111111011111111101111111111110, sa_flags=SA_RESTART|SA_SIGINFO
SIGPIPE: [libjvm.so+0x90b880], sa_mask[0]=11111111011111111101111111111110, sa_flags=SA_RESTART|SA_SIGINFO
SIGXFSZ: [libjvm.so+0x90b880], sa_mask[0]=11111111011111111101111111111110, sa_flags=SA_RESTART|SA_SIGINFO
SIGILL: [libjvm.so+0x90b880], sa_mask[0]=11111111011111111101111111111110, sa_flags=SA_RESTART|SA_SIGINFO
SIGUSR1: SIG_DFL, sa_mask[0]=00000000000000000000000000000000, sa_flags=none
SIGUSR2: [libjvm.so+0x90b750], sa_mask[0]=00100000000000000000000000000000, sa_flags=SA_RESTART|SA_SIGINFO
SIGHUP: [libjvm.so+0x90bd70], sa_mask[0]=11111111011111111101111111111110, sa_flags=SA_RESTART|SA_SIGINFO
SIGINT: [libjvm.so+0x90bd70], sa_mask[0]=11111111011111111101111111111110, sa_flags=SA_RESTART|SA_SIGINFO
SIGTERM: [libjvm.so+0x90bd70], sa_mask[0]=11111111011111111101111111111110, sa_flags=SA_RESTART|SA_SIGINFO
SIGQUIT: [libjvm.so+0x90bd70], sa_mask[0]=11111111011111111101111111111110, sa_flags=SA_RESTART|SA_SIGINFO


---------------  S Y S T E M  ---------------

OS:DISTRIB_ID=Ubuntu
DISTRIB_RELEASE=16.04
DISTRIB_CODENAME=xenial
DISTRIB_DESCRIPTION="Ubuntu 16.04.6 LTS"

uname:Linux 4.15.0-91-generic #92~16.04.1-Ubuntu SMP Fri Feb 28 14:57:22 UTC 2020 x86_64
libc:glibc 2.23 NPTL 2.23 
rlimit: STACK 8192k, CORE 0k, NPROC 15448, NOFILE 1048576, AS infinity
load average:20.43 15.01 14.88

/proc/meminfo:
MemTotal:        4015928 kB
MemFree:          455516 kB
MemAvailable:     368800 kB
Buffers:             344 kB
Cached:            33016 kB
SwapCached:         5404 kB
Active:          2552632 kB
Inactive:         551292 kB
Active(anon):    2540172 kB
Inactive(anon):   531632 kB
Active(file):      12460 kB
Inactive(file):    19660 kB
Unevictable:          48 kB
Mlocked:              48 kB
SwapTotal:        998396 kB
SwapFree:            428 kB
Dirty:               176 kB
Writeback:           384 kB
AnonPages:       3065672 kB
Mapped:            26600 kB
Shmem:               852 kB
Slab:              95984 kB
SReclaimable:      35388 kB
SUnreclaim:        60596 kB
KernelStack:       16128 kB
PageTables:        41360 kB
NFS_Unstable:          0 kB
Bounce:                0 kB
WritebackTmp:          0 kB
CommitLimit:     3006360 kB
Committed_AS:    8806764 kB
VmallocTotal:   34359738367 kB
VmallocUsed:           0 kB
VmallocChunk:          0 kB
HardwareCorrupted:     0 kB
AnonHugePages:         0 kB
ShmemHugePages:        0 kB
ShmemPmdMapped:        0 kB
CmaTotal:              0 kB
CmaFree:               0 kB
HugePages_Total:       0
HugePages_Free:        0
HugePages_Rsvd:        0
HugePages_Surp:        0
Hugepagesize:       2048 kB
DirectMap4k:      114496 kB
DirectMap2M:     4079616 kB
DirectMap1G:     2097152 kB

container (cgroup) information:
container_type: cgroupv1
cpu_cpuset_cpus: 0-3
cpu_memory_nodes: 0
active_processor_count: 4
cpu_quota: -1
cpu_period: 100000
cpu_shares: -1
memory_limit_in_bytes: -1
memory_and_swap_limit_in_bytes: -2
memory_soft_limit_in_bytes: -1
memory_usage_in_bytes: 3177349120
memory_max_usage_in_bytes: 218951680


CPU:total 4 (initial active 4) (2 cores per cpu, 1 threads per core) family 6 model 158 stepping 9, cmov, cx8, fxsr, mmx, sse, sse2, sse3, ssse3, sse4.1, sse4.2, popcnt, avx, avx2, aes, clmul, erms, 3dnowpref, lzcnt, tsc, tscinvbit, bmi1, bmi2, adx

/proc/cpuinfo:
processor	: 0
vendor_id	: GenuineIntel
cpu family	: 6
model		: 158
model name	: Intel(R) Core(TM) i7-7700HQ CPU @ 2.80GHz
stepping	: 9
microcode	: 0xb4
cpu MHz		: 2807.997
cache size	: 6144 KB
physical id	: 0
siblings	: 2
core id		: 0
cpu cores	: 2
apicid		: 0
initial apicid	: 0
fpu		: yes
fpu_exception	: yes
cpuid level	: 22
wp		: yes
flags		: fpu vme de pse tsc msr pae mce cx8 apic sep mtrr pge mca cmov pat pse36 clflush mmx fxsr sse sse2 ss ht syscall nx pdpe1gb rdtscp lm constant_tsc arch_perfmon nopl xtopology tsc_reliable nonstop_tsc cpuid pni pclmulqdq ssse3 fma cx16 pcid sse4_1 sse4_2 x2apic movbe popcnt tsc_deadline_timer aes xsave avx f16c rdrand hypervisor lahf_lm abm 3dnowprefetch cpuid_fault invpcid_single pti ssbd ibrs ibpb stibp fsgsbase tsc_adjust bmi1 avx2 smep bmi2 invpcid mpx rdseed adx smap clflushopt xsaveopt xsavec xsaves arat md_clear flush_l1d arch_capabilities
bugs		: cpu_meltdown spectre_v1 spectre_v2 spec_store_bypass l1tf mds swapgs itlb_multihit
bogomips	: 5615.99
clflush size	: 64
cache_alignment	: 64
address sizes	: 43 bits physical, 48 bits virtual
power management:

processor	: 1
vendor_id	: GenuineIntel
cpu family	: 6
model		: 158
model name	: Intel(R) Core(TM) i7-7700HQ CPU @ 2.80GHz
stepping	: 9
microcode	: 0xb4
cpu MHz		: 2807.997
cache size	: 6144 KB
physical id	: 0
siblings	: 2
core id		: 1
cpu cores	: 2
apicid		: 1
initial apicid	: 1
fpu		: yes
fpu_exception	: yes
cpuid level	: 22
wp		: yes
flags		: fpu vme de pse tsc msr pae mce cx8 apic sep mtrr pge mca cmov pat pse36 clflush mmx fxsr sse sse2 ss ht syscall nx pdpe1gb rdtscp lm constant_tsc arch_perfmon nopl xtopology tsc_reliable nonstop_tsc cpuid pni pclmulqdq ssse3 fma cx16 pcid sse4_1 sse4_2 x2apic movbe popcnt tsc_deadline_timer aes xsave avx f16c rdrand hypervisor lahf_lm abm 3dnowprefetch cpuid_fault invpcid_single pti ssbd ibrs ibpb stibp fsgsbase tsc_adjust bmi1 avx2 smep bmi2 invpcid mpx rdseed adx smap clflushopt xsaveopt xsavec xsaves arat md_clear flush_l1d arch_capabilities
bugs		: cpu_meltdown spectre_v1 spectre_v2 spec_store_bypass l1tf mds swapgs itlb_multihit
bogomips	: 5615.99
clflush size	: 64
cache_alignment	: 64
address sizes	: 43 bits physical, 48 bits virtual
power management:

processor	: 2
vendor_id	: GenuineIntel
cpu family	: 6
model		: 158
model name	: Intel(R) Core(TM) i7-7700HQ CPU @ 2.80GHz
stepping	: 9
microcode	: 0xb4
cpu MHz		: 2807.997
cache size	: 6144 KB
physical id	: 1
siblings	: 2
core id		: 0
cpu cores	: 2
apicid		: 2
initial apicid	: 2
fpu		: yes
fpu_exception	: yes
cpuid level	: 22
wp		: yes
flags		: fpu vme de pse tsc msr pae mce cx8 apic sep mtrr pge mca cmov pat pse36 clflush mmx fxsr sse sse2 ss ht syscall nx pdpe1gb rdtscp lm constant_tsc arch_perfmon nopl xtopology tsc_reliable nonstop_tsc cpuid pni pclmulqdq ssse3 fma cx16 pcid sse4_1 sse4_2 x2apic movbe popcnt tsc_deadline_timer aes xsave avx f16c rdrand hypervisor lahf_lm abm 3dnowprefetch cpuid_fault invpcid_single pti ssbd ibrs ibpb stibp fsgsbase tsc_adjust bmi1 avx2 smep bmi2 invpcid mpx rdseed adx smap clflushopt xsaveopt xsavec xsaves arat md_clear flush_l1d arch_capabilities
bugs		: cpu_meltdown spectre_v1 spectre_v2 spec_store_bypass l1tf mds swapgs itlb_multihit
bogomips	: 5615.99
clflush size	: 64
cache_alignment	: 64
address sizes	: 43 bits physical, 48 bits virtual
power management:

processor	: 3
vendor_id	: GenuineIntel
cpu family	: 6
model		: 158
model name	: Intel(R) Core(TM) i7-7700HQ CPU @ 2.80GHz
stepping	: 9
microcode	: 0xb4
cpu MHz		: 2807.997
cache size	: 6144 KB
physical id	: 1
siblings	: 2
core id		: 1
cpu cores	: 2
apicid		: 3
initial apicid	: 3
fpu		: yes
fpu_exception	: yes
cpuid level	: 22
wp		: yes
flags		: fpu vme de pse tsc msr pae mce cx8 apic sep mtrr pge mca cmov pat pse36 clflush mmx fxsr sse sse2 ss ht syscall nx pdpe1gb rdtscp lm constant_tsc arch_perfmon nopl xtopology tsc_reliable nonstop_tsc cpuid pni pclmulqdq ssse3 fma cx16 pcid sse4_1 sse4_2 x2apic movbe popcnt tsc_deadline_timer aes xsave avx f16c rdrand hypervisor lahf_lm abm 3dnowprefetch cpuid_fault invpcid_single pti ssbd ibrs ibpb stibp fsgsbase tsc_adjust bmi1 avx2 smep bmi2 invpcid mpx rdseed adx smap clflushopt xsaveopt xsavec xsaves arat md_clear flush_l1d arch_capabilities
bugs		: cpu_meltdown spectre_v1 spectre_v2 spec_store_bypass l1tf mds swapgs itlb_multihit
bogomips	: 5615.99
clflush size	: 64
cache_alignment	: 64
address sizes	: 43 bits physical, 48 bits virtual
power management:



Memory: 4k page, physical 4015928k(455516k free), swap 998396k(428k free)

vm_info: Java HotSpot(TM) 64-Bit Server VM (25.201-b09) for linux-amd64 JRE (1.8.0_201-b09), built on Dec 15 2018 11:35:59 by "java_re" with gcc 7.3.0

time: Tue Mar 31 23:08:07 2020
timezone: CST
elapsed time: 38 seconds (0d 0h 0m 38s)

