#
# There is insufficient memory for the Java Runtime Environment to continue.
# Native memory allocation (mmap) failed to map 46137344 bytes for committing reserved memory.
# Possible reasons:
#   The system is out of physical RAM or swap space
#   The process is running with CompressedOops enabled, and the Java Heap may be blocking the growth of the native heap
# Possible solutions:
#   Reduce memory load on the system
#   Increase physical memory or swap space
#   Check if swap backing store is full
#   Decrease Java heap size (-Xmx/-Xms)
#   Decrease number of Java threads
#   Decrease Java thread stack sizes (-Xss)
#   Set larger code cache with -XX:ReservedCodeCacheSize=
#   JVM is running with Unscaled Compressed Oops mode in which the Java heap is
#     placed in the first 4GB address space. The Java Heap base address is the
#     maximum limit for the native heap growth. Please use -XX:HeapBaseMinAddress
#     to set the Java Heap base and to place the Java Heap above 4GB virtual address.
# This output file may be truncated or incomplete.
#
#  Out of Memory Error (os_linux.cpp:2749), pid=69788, tid=0x00007f6ee3fff700
#
# JRE version: Java(TM) SE Runtime Environment (8.0_201-b09) (build 1.8.0_201-b09)
# Java VM: Java HotSpot(TM) 64-Bit Server VM (25.201-b09 mixed mode linux-amd64 compressed oops)
# Failed to write core dump. Core dumps have been disabled. To enable core dumping, try "ulimit -c unlimited" before starting Java again
#

---------------  T H R E A D  ---------------

Current thread (0x00007f6f08140000):  VMThread [stack: 0x00007f6ee3eff000,0x00007f6ee4000000] [id=69842]

Stack: [0x00007f6ee3eff000,0x00007f6ee4000000],  sp=0x00007f6ee3ffe450,  free space=1021k
Native frames: (J=compiled Java code, j=interpreted, Vv=VM code, C=native code)
V  [libjvm.so+0xad3525]  VMError::report_and_die()+0x2e5
V  [libjvm.so+0x4e0457]  report_vm_out_of_memory(char const*, int, unsigned long, VMErrorType, char const*)+0x67
V  [libjvm.so+0x9102f0]  os::pd_commit_memory(char*, unsigned long, unsigned long, bool)+0x100
V  [libjvm.so+0x90791f]  os::commit_memory(char*, unsigned long, unsigned long, bool)+0x1f
V  [libjvm.so+0x98c806]  PSVirtualSpace::expand_by(unsigned long)+0x56
V  [libjvm.so+0x98da98]  PSYoungGen::resize(unsigned long, unsigned long)+0xd8
V  [libjvm.so+0x98a236]  PSScavenge::invoke_no_policy()+0x1376
V  [libjvm.so+0x98a5cc]  PSScavenge::invoke()+0x4c
V  [libjvm.so+0x93a318]  ParallelScavengeHeap::failed_mem_allocate(unsigned long)+0x68
V  [libjvm.so+0xad5073]  VM_ParallelGCFailedAllocation::doit()+0x93
V  [libjvm.so+0xada296]  VM_Operation::evaluate()+0x46
V  [libjvm.so+0xad85cd]  VMThread::evaluate_operation(VM_Operation*) [clone .constprop.44]+0xcd
V  [libjvm.so+0xad8bb3]  VMThread::loop()+0x3a3
V  [libjvm.so+0xad8f88]  VMThread::run()+0x78
V  [libjvm.so+0x90d922]  java_start(Thread*)+0x102

VM_Operation (0x00007f6ee16daea0): ParallelGCFailedAllocation, mode: safepoint, requested by thread 0x00007f6ea8001000


---------------  P R O C E S S  ---------------

Java Threads: ( => current thread )
  0x00007f6ea8002800 JavaThread "RMI TCP Connection(3)-127.0.0.1" daemon [_thread_in_native, id=70307, stack(0x00007f6ee14dd000,0x00007f6ee15de000)]
  0x00007f6ea8001000 JavaThread "RMI TCP Connection(2)-127.0.0.1" daemon [_thread_blocked, id=70283, stack(0x00007f6ee15de000,0x00007f6ee16df000)]
  0x00007f6e80038000 JavaThread "RMI Scheduler(0)" daemon [_thread_blocked, id=70280, stack(0x00007f6ee16df000,0x00007f6ee17e0000)]
  0x00007f6e80030800 JavaThread "RMI RenewClean-[127.0.0.1:13251]" daemon [_thread_blocked, id=70274, stack(0x00007f6ee17e0000,0x00007f6ee18e1000)]
  0x00007f6ea4001000 JavaThread "RMI TCP Connection(idle)" daemon [_thread_blocked, id=70270, stack(0x00007f6ee18e1000,0x00007f6ee19e2000)]
  0x00007f6e94005000 JavaThread "pool-3-thread-3" [_thread_in_native, id=70188, stack(0x00007f6ee19e2000,0x00007f6ee1ae3000)]
  0x00007f6e94003000 JavaThread "pool-3-thread-2" [_thread_in_native, id=70186, stack(0x00007f6ee1ae3000,0x00007f6ee1be4000)]
  0x00007f6e94002000 JavaThread "pool-3-thread-1" [_thread_in_native, id=70181, stack(0x00007f6ee1be4000,0x00007f6ee1ce5000)]
  0x00007f6f08200800 JavaThread "Thread-3" [_thread_in_native, id=70088, stack(0x00007f6ee1ce5000,0x00007f6ee1de6000)]
  0x00007f6f081ff000 JavaThread "Thread-2" [_thread_in_native, id=70085, stack(0x00007f6ee1de6000,0x00007f6ee1ee7000)]
  0x00007f6f081fd800 JavaThread "process reaper" daemon [_thread_in_native, id=70083, stack(0x00007f6ef4000000,0x00007f6ef4039000)]
  0x00007f6f083af000 JavaThread "pool-2-thread-1" [_thread_in_native, id=70037, stack(0x00007f6ee1ee7000,0x00007f6ee1fe8000)]
  0x00007f6f083ac800 JavaThread "GC Daemon" daemon [_thread_blocked, id=70034, stack(0x00007f6ee1fe8000,0x00007f6ee20e9000)]
  0x00007f6f083aa000 JavaThread "RMI Reaper" [_thread_blocked, id=70019, stack(0x00007f6ee20e9000,0x00007f6ee21ea000)]
  0x00007f6f083a1000 JavaThread "RMI TCP Accept-18867" daemon [_thread_in_native, id=70015, stack(0x00007f6ee21ea000,0x00007f6ee22eb000)]
  0x00007f6f0839b800 JavaThread "RMI TCP Accept-7094" daemon [_thread_in_native, id=69997, stack(0x00007f6ee22eb000,0x00007f6ee23ec000)]
  0x00007f6f082e1800 JavaThread "logback-3" daemon [_thread_blocked, id=69946, stack(0x00007f6ee25ec000,0x00007f6ee26ed000)]
  0x00007f6f082de000 JavaThread "logback-2" daemon [_thread_blocked, id=69945, stack(0x00007f6ee26ed000,0x00007f6ee27ee000)]
  0x00007f6f082dc000 JavaThread "logback-1" daemon [_thread_blocked, id=69941, stack(0x00007f6ee27ee000,0x00007f6ee28ef000)]
  0x00007f6f08189000 JavaThread "Service Thread" daemon [_thread_blocked, id=69878, stack(0x00007f6ee2e39000,0x00007f6ee2f3a000)]
  0x00007f6f08186000 JavaThread "C1 CompilerThread2" daemon [_thread_blocked, id=69874, stack(0x00007f6ee2f3a000,0x00007f6ee303b000)]
  0x00007f6f08184800 JavaThread "C2 CompilerThread1" daemon [_thread_blocked, id=69868, stack(0x00007f6ee303b000,0x00007f6ee313c000)]
  0x00007f6f08181800 JavaThread "C2 CompilerThread0" daemon [_thread_blocked, id=69867, stack(0x00007f6ee313c000,0x00007f6ee323d000)]
  0x00007f6f08180000 JavaThread "Signal Dispatcher" daemon [_thread_blocked, id=69865, stack(0x00007f6ee323d000,0x00007f6ee333e000)]
  0x00007f6f0814c000 JavaThread "Finalizer" daemon [_thread_blocked, id=69852, stack(0x00007f6ee3cfd000,0x00007f6ee3dfe000)]
  0x00007f6f08149800 JavaThread "Reference Handler" daemon [_thread_blocked, id=69850, stack(0x00007f6ee3dfe000,0x00007f6ee3eff000)]
  0x00007f6f0800a800 JavaThread "main" [_thread_in_native, id=69790, stack(0x00007f6f0e466000,0x00007f6f0e567000)]

Other Threads:
=>0x00007f6f08140000 VMThread [stack: 0x00007f6ee3eff000,0x00007f6ee4000000] [id=69842]
  0x00007f6f0818c000 WatcherThread [stack: 0x00007f6ee2d38000,0x00007f6ee2e39000] [id=69887]

VM state:at safepoint (normal execution)

VM Mutex/Monitor currently owned by a thread:  ([mutex/lock_event])
[0x00007f6f08007070] Threads_lock - owner thread: 0x00007f6f08140000
[0x00007f6f08007570] Heap_lock - owner thread: 0x00007f6ea8001000

heap address: 0x00000000c2a00000, size: 982 MB, Compressed Oops mode: 32-bit
Narrow klass base: 0x0000000000000000, Narrow klass shift: 3
Compressed class space size: 1073741824 Address: 0x0000000100000000

Heap:
 PSYoungGen      total 120832K, used 10224K [0x00000000eb900000, 0x00000000f5e00000, 0x0000000100000000)
  eden space 110592K, 0% used [0x00000000eb900000,0x00000000eb900000,0x00000000f2500000)
  from space 10240K, 99% used [0x00000000f5400000,0x00000000f5dfc020,0x00000000f5e00000)
  to   space 10240K, 0% used [0x00000000f2500000,0x00000000f2500000,0x00000000f2f00000)
 ParOldGen       total 42496K, used 41373K [0x00000000c2a00000, 0x00000000c5380000, 0x00000000eb900000)
  object space 42496K, 97% used [0x00000000c2a00000,0x00000000c5267548,0x00000000c5380000)
 Metaspace       used 14987K, capacity 15486K, committed 15616K, reserved 1062912K
  class space    used 1641K, capacity 1781K, committed 1792K, reserved 1048576K

Card table byte_map: [0x00007f6ef7ff8000,0x00007f6ef81e4000] byte_map_base: 0x00007f6ef79e3000

Marking Bits: (ParMarkBitMap*) 0x00007f6f0d93dd80
 Begin Bits: [0x00007f6ef5bfc000, 0x00007f6ef6b54000)
 End Bits:   [0x00007f6ef6b54000, 0x00007f6ef7aac000)

Polling page: 0x00007f6f0e582000

CodeCache: size=245760Kb used=8493Kb max_used=8511Kb free=237266Kb
 bounds [0x00007f6ef85a4000, 0x00007f6ef8e14000, 0x00007f6f075a4000]
 total_blobs=2531 nmethods=2181 adapters=263
 compilation: enabled

Compilation events (10 events):
Event: 82.620 Thread 0x00007f6f08186000 2336       3       java.io.ObjectOutputStream::writeShort (9 bytes)
Event: 82.620 Thread 0x00007f6f08186000 nmethod 2336 0x00007f6ef883ad10 code [0x00007f6ef883ae80, 0x00007f6ef883b028]
Event: 82.622 Thread 0x00007f6f08186000 2337       3       java.io.ObjectOutputStream$BlockDataOutputStream::writeInt (46 bytes)
Event: 82.622 Thread 0x00007f6f08186000 nmethod 2337 0x00007f6ef87b7fd0 code [0x00007f6ef87b8160, 0x00007f6ef87b8418]
Event: 82.702 Thread 0x00007f6f08181800 2338   !   4       sun.reflect.GeneratedMethodAccessor8::invoke (66 bytes)
Event: 82.703 Thread 0x00007f6f08181800 nmethod 2338 0x00007f6ef8de5fd0 code [0x00007f6ef8de6140, 0x00007f6ef8de62a8]
Event: 82.719 Thread 0x00007f6f08186000 2339       3       org.evosuite.utils.generic.GenericArrayTypeImpl::createArrayType (24 bytes)
Event: 82.720 Thread 0x00007f6f08186000 nmethod 2339 0x00007f6ef8de5650 code [0x00007f6ef8de5800, 0x00007f6ef8de5e08]
Event: 82.720 Thread 0x00007f6f08186000 2340       3       org.evosuite.utils.generic.GenericArrayTypeImpl::createArrayType (9 bytes)
Event: 82.720 Thread 0x00007f6f08186000 nmethod 2340 0x00007f6ef8de5190 code [0x00007f6ef8de5300, 0x00007f6ef8de5568]

GC Heap History (10 events):
Event: 44.283 GC heap after
Heap after GC invocations=8 (full 1):
 PSYoungGen      total 34304K, used 4384K [0x00000000eb900000, 0x00000000efc00000, 0x0000000100000000)
  eden space 29184K, 0% used [0x00000000eb900000,0x00000000eb900000,0x00000000ed580000)
  from space 5120K, 85% used [0x00000000ed580000,0x00000000ed9c8010,0x00000000eda80000)
  to   space 5120K, 0% used [0x00000000ef700000,0x00000000ef700000,0x00000000efc00000)
 ParOldGen       total 42496K, used 8120K [0x00000000c2a00000, 0x00000000c5380000, 0x00000000eb900000)
  object space 42496K, 19% used [0x00000000c2a00000,0x00000000c31ee1b0,0x00000000c5380000)
 Metaspace       used 13850K, capacity 14246K, committed 14336K, reserved 1062912K
  class space    used 1585K, capacity 1703K, committed 1792K, reserved 1048576K
}
Event: 44.658 GC heap before
{Heap before GC invocations=9 (full 1):
 PSYoungGen      total 34304K, used 33568K [0x00000000eb900000, 0x00000000efc00000, 0x0000000100000000)
  eden space 29184K, 100% used [0x00000000eb900000,0x00000000ed580000,0x00000000ed580000)
  from space 5120K, 85% used [0x00000000ed580000,0x00000000ed9c8010,0x00000000eda80000)
  to   space 5120K, 0% used [0x00000000ef700000,0x00000000ef700000,0x00000000efc00000)
 ParOldGen       total 42496K, used 8120K [0x00000000c2a00000, 0x00000000c5380000, 0x00000000eb900000)
  object space 42496K, 19% used [0x00000000c2a00000,0x00000000c31ee1b0,0x00000000c5380000)
 Metaspace       used 13879K, capacity 14310K, committed 14592K, reserved 1062912K
  class space    used 1585K, capacity 1703K, committed 1792K, reserved 1048576K
Event: 44.673 GC heap after
Heap after GC invocations=9 (full 1):
 PSYoungGen      total 62976K, used 5056K [0x00000000eb900000, 0x00000000efd00000, 0x0000000100000000)
  eden space 57856K, 0% used [0x00000000eb900000,0x00000000eb900000,0x00000000ef180000)
  from space 5120K, 98% used [0x00000000ef700000,0x00000000efbf00a0,0x00000000efc00000)
  to   space 5632K, 0% used [0x00000000ef180000,0x00000000ef180000,0x00000000ef700000)
 ParOldGen       total 42496K, used 9448K [0x00000000c2a00000, 0x00000000c5380000, 0x00000000eb900000)
  object space 42496K, 22% used [0x00000000c2a00000,0x00000000c333a200,0x00000000c5380000)
 Metaspace       used 13879K, capacity 14310K, committed 14592K, reserved 1062912K
  class space    used 1585K, capacity 1703K, committed 1792K, reserved 1048576K
}
Event: 45.530 GC heap before
{Heap before GC invocations=10 (full 1):
 PSYoungGen      total 62976K, used 62912K [0x00000000eb900000, 0x00000000efd00000, 0x0000000100000000)
  eden space 57856K, 100% used [0x00000000eb900000,0x00000000ef180000,0x00000000ef180000)
  from space 5120K, 98% used [0x00000000ef700000,0x00000000efbf00a0,0x00000000efc00000)
  to   space 5632K, 0% used [0x00000000ef180000,0x00000000ef180000,0x00000000ef700000)
 ParOldGen       total 42496K, used 9448K [0x00000000c2a00000, 0x00000000c5380000, 0x00000000eb900000)
  object space 42496K, 22% used [0x00000000c2a00000,0x00000000c333a200,0x00000000c5380000)
 Metaspace       used 13919K, capacity 14310K, committed 14592K, reserved 1062912K
  class space    used 1585K, capacity 1703K, committed 1792K, reserved 1048576K
Event: 45.570 GC heap after
Heap after GC invocations=10 (full 1):
 PSYoungGen      total 63488K, used 5632K [0x00000000eb900000, 0x00000000f3900000, 0x0000000100000000)
  eden space 57856K, 0% used [0x00000000eb900000,0x00000000eb900000,0x00000000ef180000)
  from space 5632K, 100% used [0x00000000ef180000,0x00000000ef700000,0x00000000ef700000)
  to   space 7680K, 0% used [0x00000000f3180000,0x00000000f3180000,0x00000000f3900000)
 ParOldGen       total 42496K, used 13266K [0x00000000c2a00000, 0x00000000c5380000, 0x00000000eb900000)
  object space 42496K, 31% used [0x00000000c2a00000,0x00000000c36f4b50,0x00000000c5380000)
 Metaspace       used 13919K, capacity 14310K, committed 14592K, reserved 1062912K
  class space    used 1585K, capacity 1703K, committed 1792K, reserved 1048576K
}
Event: 48.000 GC heap before
{Heap before GC invocations=11 (full 1):
 PSYoungGen      total 63488K, used 63488K [0x00000000eb900000, 0x00000000f3900000, 0x0000000100000000)
  eden space 57856K, 100% used [0x00000000eb900000,0x00000000ef180000,0x00000000ef180000)
  from space 5632K, 100% used [0x00000000ef180000,0x00000000ef700000,0x00000000ef700000)
  to   space 7680K, 0% used [0x00000000f3180000,0x00000000f3180000,0x00000000f3900000)
 ParOldGen       total 42496K, used 13266K [0x00000000c2a00000, 0x00000000c5380000, 0x00000000eb900000)
  object space 42496K, 31% used [0x00000000c2a00000,0x00000000c36f4b50,0x00000000c5380000)
 Metaspace       used 14885K, capacity 15374K, committed 15616K, reserved 1062912K
  class space    used 1635K, capacity 1775K, committed 1792K, reserved 1048576K
Event: 48.037 GC heap after
Heap after GC invocations=11 (full 1):
 PSYoungGen      total 100352K, used 7648K [0x00000000eb900000, 0x00000000f3900000, 0x0000000100000000)
  eden space 92672K, 0% used [0x00000000eb900000,0x00000000eb900000,0x00000000f1380000)
  from space 7680K, 99% used [0x00000000f3180000,0x00000000f38f8010,0x00000000f3900000)
  to   space 10240K, 0% used [0x00000000f2500000,0x00000000f2500000,0x00000000f2f00000)
 ParOldGen       total 42496K, used 18234K [0x00000000c2a00000, 0x00000000c5380000, 0x00000000eb900000)
  object space 42496K, 42% used [0x00000000c2a00000,0x00000000c3bce938,0x00000000c5380000)
 Metaspace       used 14885K, capacity 15374K, committed 15616K, reserved 1062912K
  class space    used 1635K, capacity 1775K, committed 1792K, reserved 1048576K
}
Event: 73.732 GC heap before
{Heap before GC invocations=12 (full 1):
 PSYoungGen      total 100352K, used 100320K [0x00000000eb900000, 0x00000000f3900000, 0x0000000100000000)
  eden space 92672K, 100% used [0x00000000eb900000,0x00000000f1380000,0x00000000f1380000)
  from space 7680K, 99% used [0x00000000f3180000,0x00000000f38f8010,0x00000000f3900000)
  to   space 10240K, 0% used [0x00000000f2500000,0x00000000f2500000,0x00000000f2f00000)
 ParOldGen       total 42496K, used 18234K [0x00000000c2a00000, 0x00000000c5380000, 0x00000000eb900000)
  object space 42496K, 42% used [0x00000000c2a00000,0x00000000c3bce938,0x00000000c5380000)
 Metaspace       used 14973K, capacity 15480K, committed 15616K, reserved 1062912K
  class space    used 1640K, capacity 1780K, committed 1792K, reserved 1048576K
Event: 73.777 GC heap after
Heap after GC invocations=12 (full 1):
 PSYoungGen      total 120832K, used 6040K [0x00000000eb900000, 0x00000000f5e00000, 0x0000000100000000)
  eden space 110592K, 0% used [0x00000000eb900000,0x00000000eb900000,0x00000000f2500000)
  from space 10240K, 58% used [0x00000000f2500000,0x00000000f2ae6030,0x00000000f2f00000)
  to   space 10240K, 0% used [0x00000000f5400000,0x00000000f5400000,0x00000000f5e00000)
 ParOldGen       total 42496K, used 22310K [0x00000000c2a00000, 0x00000000c5380000, 0x00000000eb900000)
  object space 42496K, 52% used [0x00000000c2a00000,0x00000000c3fc99e8,0x00000000c5380000)
 Metaspace       used 14973K, capacity 15480K, committed 15616K, reserved 1062912K
  class space    used 1640K, capacity 1780K, committed 1792K, reserved 1048576K
}
Event: 82.792 GC heap before
{Heap before GC invocations=13 (full 1):
 PSYoungGen      total 120832K, used 116632K [0x00000000eb900000, 0x00000000f5e00000, 0x0000000100000000)
  eden space 110592K, 100% used [0x00000000eb900000,0x00000000f2500000,0x00000000f2500000)
  from space 10240K, 58% used [0x00000000f2500000,0x00000000f2ae6030,0x00000000f2f00000)
  to   space 10240K, 0% used [0x00000000f5400000,0x00000000f5400000,0x00000000f5e00000)
 ParOldGen       total 42496K, used 22310K [0x00000000c2a00000, 0x00000000c5380000, 0x00000000eb900000)
  object space 42496K, 52% used [0x00000000c2a00000,0x00000000c3fc99e8,0x00000000c5380000)
 Metaspace       used 14987K, capacity 15486K, committed 15616K, reserved 1062912K
  class space    used 1641K, capacity 1781K, committed 1792K, reserved 1048576K

Deoptimization events (10 events):
Event: 65.810 Thread 0x00007f6ea8002800 Uncommon trap: reason=unstable_if action=reinterpret pc=0x00007f6ef8cdafc8 method=java.io.ObjectInputStream$HandleTable.markDependency(II)V @ 140
Event: 70.553 Thread 0x00007f6ea8002800 Uncommon trap: reason=predicate action=maybe_recompile pc=0x00007f6ef8d9afdc method=java.io.ObjectInputStream.readArray(Z)Ljava/lang/Object; @ 406
Event: 70.575 Thread 0x00007f6ea8002800 Uncommon trap: reason=class_check action=maybe_recompile pc=0x00007f6ef8d9281c method=java.lang.reflect.Array.newInstance(Ljava/lang/Class;I)Ljava/lang/Object; @ 2
Event: 70.575 Thread 0x00007f6ea8002800 Uncommon trap: reason=class_check action=maybe_recompile pc=0x00007f6ef8d9281c method=java.lang.reflect.Array.newInstance(Ljava/lang/Class;I)Ljava/lang/Object; @ 2
Event: 70.576 Thread 0x00007f6ea8002800 Uncommon trap: reason=class_check action=maybe_recompile pc=0x00007f6ef8d9281c method=java.lang.reflect.Array.newInstance(Ljava/lang/Class;I)Ljava/lang/Object; @ 2
Event: 70.576 Thread 0x00007f6ea8002800 Uncommon trap: reason=class_check action=maybe_recompile pc=0x00007f6ef8d9281c method=java.lang.reflect.Array.newInstance(Ljava/lang/Class;I)Ljava/lang/Object; @ 2
Event: 71.570 Thread 0x00007f6ea8002800 Uncommon trap: reason=array_check action=maybe_recompile pc=0x00007f6ef8dac58c method=java.io.ObjectInputStream.readArray(Z)Ljava/lang/Object; @ 415
Event: 71.570 Thread 0x00007f6ea8002800 Uncommon trap: reason=array_check action=maybe_recompile pc=0x00007f6ef8dac58c method=java.io.ObjectInputStream.readArray(Z)Ljava/lang/Object; @ 415
Event: 71.570 Thread 0x00007f6ea8002800 Uncommon trap: reason=array_check action=maybe_recompile pc=0x00007f6ef8dac58c method=java.io.ObjectInputStream.readArray(Z)Ljava/lang/Object; @ 415
Event: 71.570 Thread 0x00007f6ea8002800 Uncommon trap: reason=array_check action=maybe_recompile pc=0x00007f6ef8dac58c method=java.io.ObjectInputStream.readArray(Z)Ljava/lang/Object; @ 415

Classes redefined (0 events):
No events

Internal exceptions (10 events):
Event: 52.541 Thread 0x00007f6f082dc000 Exception <a 'java/net/ConnectException'> (0x00000000ec082db0) thrown at [/HUDSON/workspace/8-2-build-linux-amd64/jdk8u201/12317/hotspot/src/share/vm/prims/jni.cpp, line 709]
Event: 61.955 Thread 0x00007f6f082de000 Exception <a 'java/net/ConnectException'> (0x00000000ec0217c0) thrown at [/HUDSON/workspace/8-2-build-linux-amd64/jdk8u201/12317/hotspot/src/share/vm/prims/jni.cpp, line 709]
Event: 62.543 Thread 0x00007f6f082dc000 Exception <a 'java/net/ConnectException'> (0x00000000ec0838d8) thrown at [/HUDSON/workspace/8-2-build-linux-amd64/jdk8u201/12317/hotspot/src/share/vm/prims/jni.cpp, line 709]
Event: 62.543 Thread 0x00007f6f082e1800 Exception <a 'java/net/ConnectException'> (0x00000000ec0e5860) thrown at [/HUDSON/workspace/8-2-build-linux-amd64/jdk8u201/12317/hotspot/src/share/vm/prims/jni.cpp, line 709]
Event: 71.956 Thread 0x00007f6f082de000 Exception <a 'java/net/ConnectException'> (0x00000000ec0222e8) thrown at [/HUDSON/workspace/8-2-build-linux-amd64/jdk8u201/12317/hotspot/src/share/vm/prims/jni.cpp, line 709]
Event: 72.544 Thread 0x00007f6f082dc000 Exception <a 'java/net/ConnectException'> (0x00000000ec084400) thrown at [/HUDSON/workspace/8-2-build-linux-amd64/jdk8u201/12317/hotspot/src/share/vm/prims/jni.cpp, line 709]
Event: 72.544 Thread 0x00007f6f082e1800 Exception <a 'java/net/ConnectException'> (0x00000000ec0e6388) thrown at [/HUDSON/workspace/8-2-build-linux-amd64/jdk8u201/12317/hotspot/src/share/vm/prims/jni.cpp, line 709]
Event: 81.957 Thread 0x00007f6f082de000 Exception <a 'java/net/ConnectException'> (0x00000000ef526620) thrown at [/HUDSON/workspace/8-2-build-linux-amd64/jdk8u201/12317/hotspot/src/share/vm/prims/jni.cpp, line 709]
Event: 82.544 Thread 0x00007f6f082dc000 Exception <a 'java/net/ConnectException'> (0x00000000f0ec02d8) thrown at [/HUDSON/workspace/8-2-build-linux-amd64/jdk8u201/12317/hotspot/src/share/vm/prims/jni.cpp, line 709]
Event: 82.545 Thread 0x00007f6f082e1800 Exception <a 'java/net/ConnectException'> (0x00000000f0f0c388) thrown at [/HUDSON/workspace/8-2-build-linux-amd64/jdk8u201/12317/hotspot/src/share/vm/prims/jni.cpp, line 709]

Events (10 events):
Event: 77.048 Thread 0x00007f6f08186000 flushing nmethod 0x00007f6ef87c0b10
Event: 77.048 Thread 0x00007f6f08186000 flushing nmethod 0x00007f6ef87f7390
Event: 77.048 Thread 0x00007f6f08186000 flushing nmethod 0x00007f6ef87f8510
Event: 77.048 Thread 0x00007f6f08186000 flushing nmethod 0x00007f6ef87ff3d0
Event: 77.048 Thread 0x00007f6f08186000 flushing nmethod 0x00007f6ef883ab10
Event: 77.049 Thread 0x00007f6f08186000 flushing nmethod 0x00007f6ef884f890
Event: 77.049 Thread 0x00007f6f08186000 flushing nmethod 0x00007f6ef88806d0
Event: 80.407 Thread 0x00007f6f08181800 flushing nmethod 0x00007f6ef889c1d0
Event: 80.407 Thread 0x00007f6f08181800 flushing nmethod 0x00007f6ef88a0a90
Event: 82.792 Executing VM operation: ParallelGCFailedAllocation


Dynamic libraries:
00400000-00401000 r-xp 00000000 08:01 654793                             /usr/lib/jdk/jdk1.8.0_201/bin/java
00600000-00601000 r--p 00000000 08:01 654793                             /usr/lib/jdk/jdk1.8.0_201/bin/java
00601000-00602000 rw-p 00001000 08:01 654793                             /usr/lib/jdk/jdk1.8.0_201/bin/java
00e12000-01213000 rw-p 00000000 00:00 0                                  [heap]
c2a00000-c5380000 rw-p 00000000 00:00 0 
c5380000-eb900000 ---p 00000000 00:00 0 
eb900000-f5e00000 rw-p 00000000 00:00 0 
f8a00000-100000000 ---p 00000000 00:00 0 
100000000-1001c0000 rw-p 00000000 00:00 0 
1001c0000-140000000 ---p 00000000 00:00 0 
7f6e74000000-7f6e74021000 rw-p 00000000 00:00 0 
7f6e74021000-7f6e78000000 ---p 00000000 00:00 0 
7f6e78000000-7f6e78046000 rw-p 00000000 00:00 0 
7f6e78046000-7f6e7c000000 ---p 00000000 00:00 0 
7f6e7c000000-7f6e7c021000 rw-p 00000000 00:00 0 
7f6e7c021000-7f6e80000000 ---p 00000000 00:00 0 
7f6e80000000-7f6e8003b000 rw-p 00000000 00:00 0 
7f6e8003b000-7f6e84000000 ---p 00000000 00:00 0 
7f6e84000000-7f6e84021000 rw-p 00000000 00:00 0 
7f6e84021000-7f6e88000000 ---p 00000000 00:00 0 
7f6e88000000-7f6e88021000 rw-p 00000000 00:00 0 
7f6e88021000-7f6e8c000000 ---p 00000000 00:00 0 
7f6e8c000000-7f6e8c021000 rw-p 00000000 00:00 0 
7f6e8c021000-7f6e90000000 ---p 00000000 00:00 0 
7f6e90000000-7f6e90021000 rw-p 00000000 00:00 0 
7f6e90021000-7f6e94000000 ---p 00000000 00:00 0 
7f6e94000000-7f6e94021000 rw-p 00000000 00:00 0 
7f6e94021000-7f6e98000000 ---p 00000000 00:00 0 
7f6e98000000-7f6e98021000 rw-p 00000000 00:00 0 
7f6e98021000-7f6e9c000000 ---p 00000000 00:00 0 
7f6e9c000000-7f6e9c021000 rw-p 00000000 00:00 0 
7f6e9c021000-7f6ea0000000 ---p 00000000 00:00 0 
7f6ea0000000-7f6ea0021000 rw-p 00000000 00:00 0 
7f6ea0021000-7f6ea4000000 ---p 00000000 00:00 0 
7f6ea4000000-7f6ea4021000 rw-p 00000000 00:00 0 
7f6ea4021000-7f6ea8000000 ---p 00000000 00:00 0 
7f6ea8000000-7f6ea8021000 rw-p 00000000 00:00 0 
7f6ea8021000-7f6eac000000 ---p 00000000 00:00 0 
7f6eac000000-7f6eac021000 rw-p 00000000 00:00 0 
7f6eac021000-7f6eb0000000 ---p 00000000 00:00 0 
7f6eb0000000-7f6eb0021000 rw-p 00000000 00:00 0 
7f6eb0021000-7f6eb4000000 ---p 00000000 00:00 0 
7f6eb4000000-7f6eb4021000 rw-p 00000000 00:00 0 
7f6eb4021000-7f6eb8000000 ---p 00000000 00:00 0 
7f6eb8fff000-7f6ebc000000 rw-p 00000000 00:00 0 
7f6ebc000000-7f6ebc021000 rw-p 00000000 00:00 0 
7f6ebc021000-7f6ec0000000 ---p 00000000 00:00 0 
7f6ec0000000-7f6ec0021000 rw-p 00000000 00:00 0 
7f6ec0021000-7f6ec4000000 ---p 00000000 00:00 0 
7f6ec4000000-7f6ec4e37000 rw-p 00000000 00:00 0 
7f6ec4e37000-7f6ec8000000 ---p 00000000 00:00 0 
7f6ec8000000-7f6ec897d000 rw-p 00000000 00:00 0 
7f6ec897d000-7f6ecc000000 ---p 00000000 00:00 0 
7f6ecc000000-7f6ecc021000 rw-p 00000000 00:00 0 
7f6ecc021000-7f6ed0000000 ---p 00000000 00:00 0 
7f6ed0000000-7f6ed0f8a000 rw-p 00000000 00:00 0 
7f6ed0f8a000-7f6ed4000000 ---p 00000000 00:00 0 
7f6ed4000000-7f6ed4021000 rw-p 00000000 00:00 0 
7f6ed4021000-7f6ed8000000 ---p 00000000 00:00 0 
7f6ed8000000-7f6ed8021000 rw-p 00000000 00:00 0 
7f6ed8021000-7f6edc000000 ---p 00000000 00:00 0 
7f6edc000000-7f6edc29b000 rw-p 00000000 00:00 0 
7f6edc29b000-7f6ee0000000 ---p 00000000 00:00 0 
7f6ee10dd000-7f6ee125d000 rw-p 00000000 00:00 0 
7f6ee125d000-7f6ee12dd000 ---p 00000000 00:00 0 
7f6ee12dd000-7f6ee14dd000 rw-p 00000000 00:00 0 
7f6ee14dd000-7f6ee14e0000 ---p 00000000 00:00 0 
7f6ee14e0000-7f6ee15de000 rw-p 00000000 00:00 0 
7f6ee15de000-7f6ee15e1000 ---p 00000000 00:00 0 
7f6ee15e1000-7f6ee16df000 rw-p 00000000 00:00 0 
7f6ee16df000-7f6ee16e2000 ---p 00000000 00:00 0 
7f6ee16e2000-7f6ee17e0000 rw-p 00000000 00:00 0 
7f6ee17e0000-7f6ee17e3000 ---p 00000000 00:00 0 
7f6ee17e3000-7f6ee18e1000 rw-p 00000000 00:00 0 
7f6ee18e1000-7f6ee18e4000 ---p 00000000 00:00 0 
7f6ee18e4000-7f6ee19e2000 rw-p 00000000 00:00 0 
7f6ee19e2000-7f6ee19e5000 ---p 00000000 00:00 0 
7f6ee19e5000-7f6ee1ae3000 rw-p 00000000 00:00 0 
7f6ee1ae3000-7f6ee1ae6000 ---p 00000000 00:00 0 
7f6ee1ae6000-7f6ee1be4000 rw-p 00000000 00:00 0 
7f6ee1be4000-7f6ee1be7000 ---p 00000000 00:00 0 
7f6ee1be7000-7f6ee1ce5000 rw-p 00000000 00:00 0 
7f6ee1ce5000-7f6ee1ce8000 ---p 00000000 00:00 0 
7f6ee1ce8000-7f6ee1de6000 rw-p 00000000 00:00 0 
7f6ee1de6000-7f6ee1de9000 ---p 00000000 00:00 0 
7f6ee1de9000-7f6ee1ee7000 rw-p 00000000 00:00 0 
7f6ee1ee7000-7f6ee1eea000 ---p 00000000 00:00 0 
7f6ee1eea000-7f6ee1fe8000 rw-p 00000000 00:00 0 
7f6ee1fe8000-7f6ee1feb000 ---p 00000000 00:00 0 
7f6ee1feb000-7f6ee20e9000 rw-p 00000000 00:00 0 
7f6ee20e9000-7f6ee20ec000 ---p 00000000 00:00 0 
7f6ee20ec000-7f6ee21ea000 rw-p 00000000 00:00 0 
7f6ee21ea000-7f6ee21ed000 ---p 00000000 00:00 0 
7f6ee21ed000-7f6ee22eb000 rw-p 00000000 00:00 0 
7f6ee22eb000-7f6ee22ee000 ---p 00000000 00:00 0 
7f6ee22ee000-7f6ee25ec000 rw-p 00000000 00:00 0 
7f6ee25ec000-7f6ee25ef000 ---p 00000000 00:00 0 
7f6ee25ef000-7f6ee26ed000 rw-p 00000000 00:00 0 
7f6ee26ed000-7f6ee26f0000 ---p 00000000 00:00 0 
7f6ee26f0000-7f6ee27ee000 rw-p 00000000 00:00 0 
7f6ee27ee000-7f6ee27f1000 ---p 00000000 00:00 0 
7f6ee27f1000-7f6ee28ef000 rw-p 00000000 00:00 0 
7f6ee28ef000-7f6ee2905000 r-xp 00000000 08:01 656512                     /usr/lib/jdk/jdk1.8.0_201/jre/lib/amd64/libnet.so
7f6ee2905000-7f6ee2b05000 ---p 00016000 08:01 656512                     /usr/lib/jdk/jdk1.8.0_201/jre/lib/amd64/libnet.so
7f6ee2b05000-7f6ee2b06000 r--p 00016000 08:01 656512                     /usr/lib/jdk/jdk1.8.0_201/jre/lib/amd64/libnet.so
7f6ee2b06000-7f6ee2b07000 rw-p 00017000 08:01 656512                     /usr/lib/jdk/jdk1.8.0_201/jre/lib/amd64/libnet.so
7f6ee2b07000-7f6ee2d38000 r--s 01bb1000 08:01 403225                     /home/hewitt/work/DiffTGen-master/lib/evosuite-1.0.6.jar
7f6ee2d38000-7f6ee2d39000 ---p 00000000 00:00 0 
7f6ee2d39000-7f6ee2e39000 rw-p 00000000 00:00 0 
7f6ee2e39000-7f6ee2e3c000 ---p 00000000 00:00 0 
7f6ee2e3c000-7f6ee2f3a000 rw-p 00000000 00:00 0 
7f6ee2f3a000-7f6ee2f3d000 ---p 00000000 00:00 0 
7f6ee2f3d000-7f6ee303b000 rw-p 00000000 00:00 0 
7f6ee303b000-7f6ee303e000 ---p 00000000 00:00 0 
7f6ee303e000-7f6ee313c000 rw-p 00000000 00:00 0 
7f6ee313c000-7f6ee313f000 ---p 00000000 00:00 0 
7f6ee313f000-7f6ee323d000 rw-p 00000000 00:00 0 
7f6ee323d000-7f6ee3240000 ---p 00000000 00:00 0 
7f6ee3240000-7f6ee333e000 rw-p 00000000 00:00 0 
7f6ee333e000-7f6ee3cfd000 r--p 00000000 08:01 270368                     /usr/lib/locale/locale-archive
7f6ee3cfd000-7f6ee3d00000 ---p 00000000 00:00 0 
7f6ee3d00000-7f6ee3dfe000 rw-p 00000000 00:00 0 
7f6ee3dfe000-7f6ee3e01000 ---p 00000000 00:00 0 
7f6ee3e01000-7f6ee3eff000 rw-p 00000000 00:00 0 
7f6ee3eff000-7f6ee3f00000 ---p 00000000 00:00 0 
7f6ee3f00000-7f6ee4000000 rw-p 00000000 00:00 0 
7f6ee4000000-7f6ee4021000 rw-p 00000000 00:00 0 
7f6ee4021000-7f6ee8000000 ---p 00000000 00:00 0 
7f6ee8000000-7f6ee8021000 rw-p 00000000 00:00 0 
7f6ee8021000-7f6eec000000 ---p 00000000 00:00 0 
7f6eec000000-7f6eec021000 rw-p 00000000 00:00 0 
7f6eec021000-7f6ef0000000 ---p 00000000 00:00 0 
7f6ef0000000-7f6ef0021000 rw-p 00000000 00:00 0 
7f6ef0021000-7f6ef4000000 ---p 00000000 00:00 0 
7f6ef4000000-7f6ef4003000 ---p 00000000 00:00 0 
7f6ef4003000-7f6ef4039000 rw-p 00000000 00:00 0 
7f6ef4039000-7f6ef40b2000 r--s 010fd000 08:01 654900                     /usr/lib/jdk/jdk1.8.0_201/lib/tools.jar
7f6ef40b2000-7f6ef4fc1000 rw-p 00000000 00:00 0 
7f6ef4fc1000-7f6ef519b000 r--s 03d6f000 08:01 656293                     /usr/lib/jdk/jdk1.8.0_201/jre/lib/rt.jar
7f6ef519b000-7f6ef7aac000 rw-p 00000000 00:00 0 
7f6ef7aac000-7f6ef7aad000 ---p 00000000 00:00 0 
7f6ef7aad000-7f6ef7bad000 rw-p 00000000 00:00 0 
7f6ef7bad000-7f6ef7bae000 ---p 00000000 00:00 0 
7f6ef7bae000-7f6ef7cae000 rw-p 00000000 00:00 0 
7f6ef7cae000-7f6ef7caf000 ---p 00000000 00:00 0 
7f6ef7caf000-7f6ef7daf000 rw-p 00000000 00:00 0 
7f6ef7daf000-7f6ef7db0000 ---p 00000000 00:00 0 
7f6ef7db0000-7f6ef7ec5000 rw-p 00000000 00:00 0 
7f6ef7ec5000-7f6ef7ff8000 ---p 00000000 00:00 0 
7f6ef7ff8000-7f6ef800d000 rw-p 00000000 00:00 0 
7f6ef800d000-7f6ef813f000 ---p 00000000 00:00 0 
7f6ef813f000-7f6ef8192000 rw-p 00000000 00:00 0 
7f6ef8192000-7f6ef81e3000 ---p 00000000 00:00 0 
7f6ef81e3000-7f6ef8206000 rw-p 00000000 00:00 0 
7f6ef8206000-7f6ef85a4000 ---p 00000000 00:00 0 
7f6ef85a4000-7f6ef8e14000 rwxp 00000000 00:00 0 
7f6ef8e14000-7f6f075a4000 ---p 00000000 00:00 0 
7f6f075a4000-7f6f075bf000 r-xp 00000000 08:01 656508                     /usr/lib/jdk/jdk1.8.0_201/jre/lib/amd64/libzip.so
7f6f075bf000-7f6f077be000 ---p 0001b000 08:01 656508                     /usr/lib/jdk/jdk1.8.0_201/jre/lib/amd64/libzip.so
7f6f077be000-7f6f077bf000 r--p 0001a000 08:01 656508                     /usr/lib/jdk/jdk1.8.0_201/jre/lib/amd64/libzip.so
7f6f077bf000-7f6f077c0000 rw-p 0001b000 08:01 656508                     /usr/lib/jdk/jdk1.8.0_201/jre/lib/amd64/libzip.so
7f6f077c0000-7f6f077cb000 r-xp 00000000 08:01 658902                     /lib/x86_64-linux-gnu/libnss_files-2.23.so
7f6f077cb000-7f6f079ca000 ---p 0000b000 08:01 658902                     /lib/x86_64-linux-gnu/libnss_files-2.23.so
7f6f079ca000-7f6f079cb000 r--p 0000a000 08:01 658902                     /lib/x86_64-linux-gnu/libnss_files-2.23.so
7f6f079cb000-7f6f079cc000 rw-p 0000b000 08:01 658902                     /lib/x86_64-linux-gnu/libnss_files-2.23.so
7f6f079cc000-7f6f079d2000 rw-p 00000000 00:00 0 
7f6f079d2000-7f6f079dd000 r-xp 00000000 08:01 658912                     /lib/x86_64-linux-gnu/libnss_nis-2.23.so
7f6f079dd000-7f6f07bdc000 ---p 0000b000 08:01 658912                     /lib/x86_64-linux-gnu/libnss_nis-2.23.so
7f6f07bdc000-7f6f07bdd000 r--p 0000a000 08:01 658912                     /lib/x86_64-linux-gnu/libnss_nis-2.23.so
7f6f07bdd000-7f6f07bde000 rw-p 0000b000 08:01 658912                     /lib/x86_64-linux-gnu/libnss_nis-2.23.so
7f6f07bde000-7f6f07bf4000 r-xp 00000000 08:01 658896                     /lib/x86_64-linux-gnu/libnsl-2.23.so
7f6f07bf4000-7f6f07df3000 ---p 00016000 08:01 658896                     /lib/x86_64-linux-gnu/libnsl-2.23.so
7f6f07df3000-7f6f07df4000 r--p 00015000 08:01 658896                     /lib/x86_64-linux-gnu/libnsl-2.23.so
7f6f07df4000-7f6f07df5000 rw-p 00016000 08:01 658896                     /lib/x86_64-linux-gnu/libnsl-2.23.so
7f6f07df5000-7f6f07df7000 rw-p 00000000 00:00 0 
7f6f07df7000-7f6f07dff000 r-xp 00000000 08:01 658898                     /lib/x86_64-linux-gnu/libnss_compat-2.23.so
7f6f07dff000-7f6f07ffe000 ---p 00008000 08:01 658898                     /lib/x86_64-linux-gnu/libnss_compat-2.23.so
7f6f07ffe000-7f6f07fff000 r--p 00007000 08:01 658898                     /lib/x86_64-linux-gnu/libnss_compat-2.23.so
7f6f07fff000-7f6f08000000 rw-p 00008000 08:01 658898                     /lib/x86_64-linux-gnu/libnss_compat-2.23.so
7f6f08000000-7f6f084bf000 rw-p 00000000 00:00 0 
7f6f084bf000-7f6f0c000000 ---p 00000000 00:00 0 
7f6f0c019000-7f6f0c023000 r--s 00116000 08:01 656361                     /usr/lib/jdk/jdk1.8.0_201/jre/lib/ext/localedata.jar
7f6f0c023000-7f6f0c04f000 r-xp 00000000 08:01 656502                     /usr/lib/jdk/jdk1.8.0_201/jre/lib/amd64/libjava.so
7f6f0c04f000-7f6f0c24f000 ---p 0002c000 08:01 656502                     /usr/lib/jdk/jdk1.8.0_201/jre/lib/amd64/libjava.so
7f6f0c24f000-7f6f0c250000 r--p 0002c000 08:01 656502                     /usr/lib/jdk/jdk1.8.0_201/jre/lib/amd64/libjava.so
7f6f0c250000-7f6f0c252000 rw-p 0002d000 08:01 656502                     /usr/lib/jdk/jdk1.8.0_201/jre/lib/amd64/libjava.so
7f6f0c252000-7f6f0c25f000 r-xp 00000000 08:01 656507                     /usr/lib/jdk/jdk1.8.0_201/jre/lib/amd64/libverify.so
7f6f0c25f000-7f6f0c45e000 ---p 0000d000 08:01 656507                     /usr/lib/jdk/jdk1.8.0_201/jre/lib/amd64/libverify.so
7f6f0c45e000-7f6f0c460000 r--p 0000c000 08:01 656507                     /usr/lib/jdk/jdk1.8.0_201/jre/lib/amd64/libverify.so
7f6f0c460000-7f6f0c461000 rw-p 0000e000 08:01 656507                     /usr/lib/jdk/jdk1.8.0_201/jre/lib/amd64/libverify.so
7f6f0c461000-7f6f0c468000 r-xp 00000000 08:01 658957                     /lib/x86_64-linux-gnu/librt-2.23.so
7f6f0c468000-7f6f0c667000 ---p 00007000 08:01 658957                     /lib/x86_64-linux-gnu/librt-2.23.so
7f6f0c667000-7f6f0c668000 r--p 00006000 08:01 658957                     /lib/x86_64-linux-gnu/librt-2.23.so
7f6f0c668000-7f6f0c669000 rw-p 00007000 08:01 658957                     /lib/x86_64-linux-gnu/librt-2.23.so
7f6f0c669000-7f6f0c771000 r-xp 00000000 08:01 658873                     /lib/x86_64-linux-gnu/libm-2.23.so
7f6f0c771000-7f6f0c970000 ---p 00108000 08:01 658873                     /lib/x86_64-linux-gnu/libm-2.23.so
7f6f0c970000-7f6f0c971000 r--p 00107000 08:01 658873                     /lib/x86_64-linux-gnu/libm-2.23.so
7f6f0c971000-7f6f0c972000 rw-p 00108000 08:01 658873                     /lib/x86_64-linux-gnu/libm-2.23.so
7f6f0c972000-7f6f0d65a000 r-xp 00000000 08:01 656484                     /usr/lib/jdk/jdk1.8.0_201/jre/lib/amd64/server/libjvm.so
7f6f0d65a000-7f6f0d859000 ---p 00ce8000 08:01 656484                     /usr/lib/jdk/jdk1.8.0_201/jre/lib/amd64/server/libjvm.so
7f6f0d859000-7f6f0d8ef000 r--p 00ce7000 08:01 656484                     /usr/lib/jdk/jdk1.8.0_201/jre/lib/amd64/server/libjvm.so
7f6f0d8ef000-7f6f0d920000 rw-p 00d7d000 08:01 656484                     /usr/lib/jdk/jdk1.8.0_201/jre/lib/amd64/server/libjvm.so
7f6f0d920000-7f6f0d95b000 rw-p 00000000 00:00 0 
7f6f0d95b000-7f6f0db1b000 r-xp 00000000 08:01 658803                     /lib/x86_64-linux-gnu/libc-2.23.so
7f6f0db1b000-7f6f0dd1b000 ---p 001c0000 08:01 658803                     /lib/x86_64-linux-gnu/libc-2.23.so
7f6f0dd1b000-7f6f0dd1f000 r--p 001c0000 08:01 658803                     /lib/x86_64-linux-gnu/libc-2.23.so
7f6f0dd1f000-7f6f0dd21000 rw-p 001c4000 08:01 658803                     /lib/x86_64-linux-gnu/libc-2.23.so
7f6f0dd21000-7f6f0dd25000 rw-p 00000000 00:00 0 
7f6f0dd25000-7f6f0dd28000 r-xp 00000000 08:01 658827                     /lib/x86_64-linux-gnu/libdl-2.23.so
7f6f0dd28000-7f6f0df27000 ---p 00003000 08:01 658827                     /lib/x86_64-linux-gnu/libdl-2.23.so
7f6f0df27000-7f6f0df28000 r--p 00002000 08:01 658827                     /lib/x86_64-linux-gnu/libdl-2.23.so
7f6f0df28000-7f6f0df29000 rw-p 00003000 08:01 658827                     /lib/x86_64-linux-gnu/libdl-2.23.so
7f6f0df29000-7f6f0df40000 r-xp 00000000 08:01 656155                     /usr/lib/jdk/jdk1.8.0_201/lib/amd64/jli/libjli.so
7f6f0df40000-7f6f0e13f000 ---p 00017000 08:01 656155                     /usr/lib/jdk/jdk1.8.0_201/lib/amd64/jli/libjli.so
7f6f0e13f000-7f6f0e140000 r--p 00016000 08:01 656155                     /usr/lib/jdk/jdk1.8.0_201/lib/amd64/jli/libjli.so
7f6f0e140000-7f6f0e141000 rw-p 00017000 08:01 656155                     /usr/lib/jdk/jdk1.8.0_201/lib/amd64/jli/libjli.so
7f6f0e141000-7f6f0e159000 r-xp 00000000 08:01 658949                     /lib/x86_64-linux-gnu/libpthread-2.23.so
7f6f0e159000-7f6f0e358000 ---p 00018000 08:01 658949                     /lib/x86_64-linux-gnu/libpthread-2.23.so
7f6f0e358000-7f6f0e359000 r--p 00017000 08:01 658949                     /lib/x86_64-linux-gnu/libpthread-2.23.so
7f6f0e359000-7f6f0e35a000 rw-p 00018000 08:01 658949                     /lib/x86_64-linux-gnu/libpthread-2.23.so
7f6f0e35a000-7f6f0e35e000 rw-p 00000000 00:00 0 
7f6f0e35e000-7f6f0e384000 r-xp 00000000 08:01 658775                     /lib/x86_64-linux-gnu/ld-2.23.so
7f6f0e388000-7f6f0e3a4000 r--s 00393000 08:01 656354                     /usr/lib/jdk/jdk1.8.0_201/jre/lib/ext/cldrdata.jar
7f6f0e3a4000-7f6f0e3a8000 r--s 000a1000 08:01 656350                     /usr/lib/jdk/jdk1.8.0_201/jre/lib/jsse.jar
7f6f0e3a8000-7f6f0e466000 rw-p 00000000 00:00 0 
7f6f0e466000-7f6f0e469000 ---p 00000000 00:00 0 
7f6f0e469000-7f6f0e56c000 rw-p 00000000 00:00 0 
7f6f0e56c000-7f6f0e574000 r--s 0006e000 08:01 398946                     /home/hewitt/work/DiffTGen-master/lib/commons-lang3-3.5.jar
7f6f0e574000-7f6f0e575000 r--s 00000000 08:01 398951                     /home/hewitt/work/DiffTGen-master/lib/myprinter.jar
7f6f0e575000-7f6f0e579000 r--s 00039000 08:01 961874                     /home/hewitt/work/DiffTGen-master/output/patch9-Lang-59-CapGen-plausible/Lang_59_9-plausible_capgen/target/build/classes/all0.jar
7f6f0e579000-7f6f0e581000 rw-s 00000000 08:01 151130                     /tmp/hsperfdata_hewitt/69788
7f6f0e581000-7f6f0e582000 rw-p 00000000 00:00 0 
7f6f0e582000-7f6f0e583000 ---p 00000000 00:00 0 
7f6f0e583000-7f6f0e584000 r--p 00025000 08:01 658775                     /lib/x86_64-linux-gnu/ld-2.23.so
7f6f0e584000-7f6f0e585000 rw-p 00026000 08:01 658775                     /lib/x86_64-linux-gnu/ld-2.23.so
7f6f0e585000-7f6f0e586000 rw-p 00000000 00:00 0 
7ffe51db7000-7ffe51dd9000 rw-p 00000000 00:00 0                          [stack]
7ffe51dfb000-7ffe51dfe000 r--p 00000000 00:00 0                          [vvar]
7ffe51dfe000-7ffe51e00000 r-xp 00000000 00:00 0                          [vdso]
ffffffffff600000-ffffffffff601000 r-xp 00000000 00:00 0                  [vsyscall]

VM Arguments:
java_command: /home/hewitt/work/DiffTGen-master/lib/evosuite-1.0.6.jar -base_dir /home/hewitt/work/DiffTGen-master/output/patch9-Lang-59-CapGen-plausible/Lang_59_9-plausible_capgen/target/0/1 -projectCP /home/hewitt/work/DiffTGen-master/output/patch9-Lang-59-CapGen-plausible/Lang_59_9-plausible_capgen/target/build/classes/all0.jar:/home/hewitt/work/DiffTGen-master/lib/myprinter.jar:/home/hewitt/work/DiffTGen-master/lib/commons-lang3-3.5.jar -class org.apache.commons.lang.text.StrBuilder -Dassertions=false -Dsearch_budget=60
java_class_path (initial): /home/hewitt/work/DiffTGen-master/lib/evosuite-1.0.6.jar
Launcher Type: SUN_STANDARD

Environment Variables:
JAVA_HOME=/usr/lib/jdk/jdk1.8.0_201
JRE_HOME=/usr/lib/jdk/jdk1.8.0_201/jre
CLASSPATH=.:/usr/lib/jdk/jdk1.8.0_201/lib:/usr/lib/jdk/jdk1.8.0_201/jre/lib
PATH=/usr/lib/jdk/jdk1.8.0_201/bin:/home/hewitt/bin:/home/hewitt/.local/bin:/usr/lib/jdk/jdk1.7.0_80/bin:/usr/local/sbin:/usr/local/bin:/usr/sbin:/usr/bin:/sbin:/bin:/usr/games:/usr/local/games:/snap/bin:/home/hewitt/work/defects4j_v1.4.0/defects4j/framework/bin:/opt/apache-ant-1.9.14/bin:/home/hewitt/work/defects4j_v1.4.0/defects4j/framework/bin
SHELL=/bin/bash
DISPLAY=:0

Signal Handlers:
SIGSEGV: [libjvm.so+0xad3e60], sa_mask[0]=11111111011111111101111111111110, sa_flags=SA_RESTART|SA_SIGINFO
SIGBUS: [libjvm.so+0xad3e60], sa_mask[0]=11111111011111111101111111111110, sa_flags=SA_RESTART|SA_SIGINFO
SIGFPE: [libjvm.so+0x90b880], sa_mask[0]=11111111011111111101111111111110, sa_flags=SA_RESTART|SA_SIGINFO
SIGPIPE: [libjvm.so+0x90b880], sa_mask[0]=11111111011111111101111111111110, sa_flags=SA_RESTART|SA_SIGINFO
SIGXFSZ: [libjvm.so+0x90b880], sa_mask[0]=11111111011111111101111111111110, sa_flags=SA_RESTART|SA_SIGINFO
SIGILL: [libjvm.so+0x90b880], sa_mask[0]=11111111011111111101111111111110, sa_flags=SA_RESTART|SA_SIGINFO
SIGUSR1: SIG_DFL, sa_mask[0]=00000000000000000000000000000000, sa_flags=none
SIGUSR2: [libjvm.so+0x90b750], sa_mask[0]=00100000000000000000000000000000, sa_flags=SA_RESTART|SA_SIGINFO
SIGHUP: [libjvm.so+0x90bd70], sa_mask[0]=11111111011111111101111111111110, sa_flags=SA_RESTART|SA_SIGINFO
SIGINT: [libjvm.so+0x90bd70], sa_mask[0]=11111111011111111101111111111110, sa_flags=SA_RESTART|SA_SIGINFO
SIGTERM: [libjvm.so+0x90bd70], sa_mask[0]=11111111011111111101111111111110, sa_flags=SA_RESTART|SA_SIGINFO
SIGQUIT: [libjvm.so+0x90bd70], sa_mask[0]=11111111011111111101111111111110, sa_flags=SA_RESTART|SA_SIGINFO


---------------  S Y S T E M  ---------------

OS:DISTRIB_ID=Ubuntu
DISTRIB_RELEASE=16.04
DISTRIB_CODENAME=xenial
DISTRIB_DESCRIPTION="Ubuntu 16.04.6 LTS"

uname:Linux 4.15.0-91-generic #92~16.04.1-Ubuntu SMP Fri Feb 28 14:57:22 UTC 2020 x86_64
libc:glibc 2.23 NPTL 2.23 
rlimit: STACK 8192k, CORE 0k, NPROC 15448, NOFILE 1048576, AS infinity
load average:19.22 15.56 14.05

/proc/meminfo:
MemTotal:        4015928 kB
MemFree:          104776 kB
MemAvailable:       8928 kB
Buffers:             408 kB
Cached:            16204 kB
SwapCached:        10064 kB
Active:          2892744 kB
Inactive:         585220 kB
Active(anon):    2885196 kB
Inactive(anon):   576960 kB
Active(file):       7548 kB
Inactive(file):     8260 kB
Unevictable:          48 kB
Mlocked:              48 kB
SwapTotal:        998396 kB
SwapFree:             32 kB
Dirty:               376 kB
Writeback:           236 kB
AnonPages:       3451412 kB
Mapped:            12352 kB
Shmem:               676 kB
Slab:              91564 kB
SReclaimable:      33440 kB
SUnreclaim:        58124 kB
KernelStack:       13808 kB
PageTables:        40680 kB
NFS_Unstable:          0 kB
Bounce:                0 kB
WritebackTmp:          0 kB
CommitLimit:     3006360 kB
Committed_AS:    8264164 kB
VmallocTotal:   34359738367 kB
VmallocUsed:           0 kB
VmallocChunk:          0 kB
HardwareCorrupted:     0 kB
AnonHugePages:         0 kB
ShmemHugePages:        0 kB
ShmemPmdMapped:        0 kB
CmaTotal:              0 kB
CmaFree:               0 kB
HugePages_Total:       0
HugePages_Free:        0
HugePages_Rsvd:        0
HugePages_Surp:        0
Hugepagesize:       2048 kB
DirectMap4k:       98112 kB
DirectMap2M:     4096000 kB
DirectMap1G:     2097152 kB

container (cgroup) information:
container_type: cgroupv1
cpu_cpuset_cpus: 0-3
cpu_memory_nodes: 0
active_processor_count: 4
cpu_quota: -1
cpu_period: 100000
cpu_shares: -1
memory_limit_in_bytes: -1
memory_and_swap_limit_in_bytes: -2
memory_soft_limit_in_bytes: -1
memory_usage_in_bytes: 3556089856
memory_max_usage_in_bytes: 20938752


CPU:total 4 (initial active 4) (2 cores per cpu, 1 threads per core) family 6 model 158 stepping 9, cmov, cx8, fxsr, mmx, sse, sse2, sse3, ssse3, sse4.1, sse4.2, popcnt, avx, avx2, aes, clmul, erms, 3dnowpref, lzcnt, tsc, tscinvbit, bmi1, bmi2, adx

/proc/cpuinfo:
processor	: 0
vendor_id	: GenuineIntel
cpu family	: 6
model		: 158
model name	: Intel(R) Core(TM) i7-7700HQ CPU @ 2.80GHz
stepping	: 9
microcode	: 0xb4
cpu MHz		: 2808.002
cache size	: 6144 KB
physical id	: 0
siblings	: 2
core id		: 0
cpu cores	: 2
apicid		: 0
initial apicid	: 0
fpu		: yes
fpu_exception	: yes
cpuid level	: 22
wp		: yes
flags		: fpu vme de pse tsc msr pae mce cx8 apic sep mtrr pge mca cmov pat pse36 clflush mmx fxsr sse sse2 ss ht syscall nx pdpe1gb rdtscp lm constant_tsc arch_perfmon nopl xtopology tsc_reliable nonstop_tsc cpuid pni pclmulqdq ssse3 fma cx16 pcid sse4_1 sse4_2 x2apic movbe popcnt tsc_deadline_timer aes xsave avx f16c rdrand hypervisor lahf_lm abm 3dnowprefetch cpuid_fault invpcid_single pti ssbd ibrs ibpb stibp fsgsbase tsc_adjust bmi1 avx2 smep bmi2 invpcid mpx rdseed adx smap clflushopt xsaveopt xsavec xsaves arat md_clear flush_l1d arch_capabilities
bugs		: cpu_meltdown spectre_v1 spectre_v2 spec_store_bypass l1tf mds swapgs itlb_multihit
bogomips	: 5616.00
clflush size	: 64
cache_alignment	: 64
address sizes	: 43 bits physical, 48 bits virtual
power management:

processor	: 1
vendor_id	: GenuineIntel
cpu family	: 6
model		: 158
model name	: Intel(R) Core(TM) i7-7700HQ CPU @ 2.80GHz
stepping	: 9
microcode	: 0xb4
cpu MHz		: 2808.002
cache size	: 6144 KB
physical id	: 0
siblings	: 2
core id		: 1
cpu cores	: 2
apicid		: 1
initial apicid	: 1
fpu		: yes
fpu_exception	: yes
cpuid level	: 22
wp		: yes
flags		: fpu vme de pse tsc msr pae mce cx8 apic sep mtrr pge mca cmov pat pse36 clflush mmx fxsr sse sse2 ss ht syscall nx pdpe1gb rdtscp lm constant_tsc arch_perfmon nopl xtopology tsc_reliable nonstop_tsc cpuid pni pclmulqdq ssse3 fma cx16 pcid sse4_1 sse4_2 x2apic movbe popcnt tsc_deadline_timer aes xsave avx f16c rdrand hypervisor lahf_lm abm 3dnowprefetch cpuid_fault invpcid_single pti ssbd ibrs ibpb stibp fsgsbase tsc_adjust bmi1 avx2 smep bmi2 invpcid mpx rdseed adx smap clflushopt xsaveopt xsavec xsaves arat md_clear flush_l1d arch_capabilities
bugs		: cpu_meltdown spectre_v1 spectre_v2 spec_store_bypass l1tf mds swapgs itlb_multihit
bogomips	: 5616.00
clflush size	: 64
cache_alignment	: 64
address sizes	: 43 bits physical, 48 bits virtual
power management:

processor	: 2
vendor_id	: GenuineIntel
cpu family	: 6
model		: 158
model name	: Intel(R) Core(TM) i7-7700HQ CPU @ 2.80GHz
stepping	: 9
microcode	: 0xb4
cpu MHz		: 2808.002
cache size	: 6144 KB
physical id	: 1
siblings	: 2
core id		: 0
cpu cores	: 2
apicid		: 2
initial apicid	: 2
fpu		: yes
fpu_exception	: yes
cpuid level	: 22
wp		: yes
flags		: fpu vme de pse tsc msr pae mce cx8 apic sep mtrr pge mca cmov pat pse36 clflush mmx fxsr sse sse2 ss ht syscall nx pdpe1gb rdtscp lm constant_tsc arch_perfmon nopl xtopology tsc_reliable nonstop_tsc cpuid pni pclmulqdq ssse3 fma cx16 pcid sse4_1 sse4_2 x2apic movbe popcnt tsc_deadline_timer aes xsave avx f16c rdrand hypervisor lahf_lm abm 3dnowprefetch cpuid_fault invpcid_single pti ssbd ibrs ibpb stibp fsgsbase tsc_adjust bmi1 avx2 smep bmi2 invpcid mpx rdseed adx smap clflushopt xsaveopt xsavec xsaves arat md_clear flush_l1d arch_capabilities
bugs		: cpu_meltdown spectre_v1 spectre_v2 spec_store_bypass l1tf mds swapgs itlb_multihit
bogomips	: 5616.00
clflush size	: 64
cache_alignment	: 64
address sizes	: 43 bits physical, 48 bits virtual
power management:

processor	: 3
vendor_id	: GenuineIntel
cpu family	: 6
model		: 158
model name	: Intel(R) Core(TM) i7-7700HQ CPU @ 2.80GHz
stepping	: 9
microcode	: 0xb4
cpu MHz		: 2808.002
cache size	: 6144 KB
physical id	: 1
siblings	: 2
core id		: 1
cpu cores	: 2
apicid		: 3
initial apicid	: 3
fpu		: yes
fpu_exception	: yes
cpuid level	: 22
wp		: yes
flags		: fpu vme de pse tsc msr pae mce cx8 apic sep mtrr pge mca cmov pat pse36 clflush mmx fxsr sse sse2 ss ht syscall nx pdpe1gb rdtscp lm constant_tsc arch_perfmon nopl xtopology tsc_reliable nonstop_tsc cpuid pni pclmulqdq ssse3 fma cx16 pcid sse4_1 sse4_2 x2apic movbe popcnt tsc_deadline_timer aes xsave avx f16c rdrand hypervisor lahf_lm abm 3dnowprefetch cpuid_fault invpcid_single pti ssbd ibrs ibpb stibp fsgsbase tsc_adjust bmi1 avx2 smep bmi2 invpcid mpx rdseed adx smap clflushopt xsaveopt xsavec xsaves arat md_clear flush_l1d arch_capabilities
bugs		: cpu_meltdown spectre_v1 spectre_v2 spec_store_bypass l1tf mds swapgs itlb_multihit
bogomips	: 5616.00
clflush size	: 64
cache_alignment	: 64
address sizes	: 43 bits physical, 48 bits virtual
power management:



Memory: 4k page, physical 4015928k(104776k free), swap 998396k(32k free)

vm_info: Java HotSpot(TM) 64-Bit Server VM (25.201-b09) for linux-amd64 JRE (1.8.0_201-b09), built on Dec 15 2018 11:35:59 by "java_re" with gcc 7.3.0

time: Sun Mar 29 01:25:31 2020
timezone: CST
elapsed time: 83 seconds (0d 0h 1m 23s)

