#
# There is insufficient memory for the Java Runtime Environment to continue.
# Native memory allocation (mmap) failed to map 34603008 bytes for committing reserved memory.
# Possible reasons:
#   The system is out of physical RAM or swap space
#   The process is running with CompressedOops enabled, and the Java Heap may be blocking the growth of the native heap
# Possible solutions:
#   Reduce memory load on the system
#   Increase physical memory or swap space
#   Check if swap backing store is full
#   Decrease Java heap size (-Xmx/-Xms)
#   Decrease number of Java threads
#   Decrease Java thread stack sizes (-Xss)
#   Set larger code cache with -XX:ReservedCodeCacheSize=
#   JVM is running with Unscaled Compressed Oops mode in which the Java heap is
#     placed in the first 4GB address space. The Java Heap base address is the
#     maximum limit for the native heap growth. Please use -XX:HeapBaseMinAddress
#     to set the Java Heap base and to place the Java Heap above 4GB virtual address.
# This output file may be truncated or incomplete.
#
#  Out of Memory Error (os_linux.cpp:2749), pid=87299, tid=0x00007f8e31302700
#
# JRE version: Java(TM) SE Runtime Environment (8.0_201-b09) (build 1.8.0_201-b09)
# Java VM: Java HotSpot(TM) 64-Bit Server VM (25.201-b09 mixed mode linux-amd64 compressed oops)
# Failed to write core dump. Core dumps have been disabled. To enable core dumping, try "ulimit -c unlimited" before starting Java again
#

---------------  T H R E A D  ---------------

Current thread (0x00007f8e44140000):  VMThread [stack: 0x00007f8e31202000,0x00007f8e31303000] [id=87347]

Stack: [0x00007f8e31202000,0x00007f8e31303000],  sp=0x00007f8e31301430,  free space=1021k
Native frames: (J=compiled Java code, j=interpreted, Vv=VM code, C=native code)
V  [libjvm.so+0xad3525]  VMError::report_and_die()+0x2e5
V  [libjvm.so+0x4e0457]  report_vm_out_of_memory(char const*, int, unsigned long, VMErrorType, char const*)+0x67
V  [libjvm.so+0x9102f0]  os::pd_commit_memory(char*, unsigned long, unsigned long, bool)+0x100
V  [libjvm.so+0x90791f]  os::commit_memory(char*, unsigned long, unsigned long, bool)+0x1f
V  [libjvm.so+0x98c806]  PSVirtualSpace::expand_by(unsigned long)+0x56
V  [libjvm.so+0x97badb]  PSOldGen::expand_by(unsigned long) [clone .part.28]+0x1b
V  [libjvm.so+0x97bc98]  PSOldGen::expand(unsigned long) [clone .part.29]+0xa8
V  [libjvm.so+0x97c841]  PSOldGen::resize(unsigned long)+0xe1
V  [libjvm.so+0x98297c]  PSParallelCompact::invoke_no_policy(bool) [clone .part.118]+0xa2c
V  [libjvm.so+0x98a795]  PSScavenge::invoke()+0x215
V  [libjvm.so+0x93a318]  ParallelScavengeHeap::failed_mem_allocate(unsigned long)+0x68
V  [libjvm.so+0xad5073]  VM_ParallelGCFailedAllocation::doit()+0x93
V  [libjvm.so+0xada296]  VM_Operation::evaluate()+0x46
V  [libjvm.so+0xad85cd]  VMThread::evaluate_operation(VM_Operation*) [clone .constprop.44]+0xcd
V  [libjvm.so+0xad8bb3]  VMThread::loop()+0x3a3
V  [libjvm.so+0xad8f88]  VMThread::run()+0x78
V  [libjvm.so+0x90d922]  java_start(Thread*)+0x102

VM_Operation (0x00007f8dd38f4b20): ParallelGCFailedAllocation, mode: safepoint, requested by thread 0x00007f8de8001000


---------------  P R O C E S S  ---------------

Java Threads: ( => current thread )
  0x00007f8de8003000 JavaThread "RMI TCP Connection(3)-127.0.0.1" daemon [_thread_in_native, id=87805, stack(0x00007f8dd34f7000,0x00007f8dd35f8000)]
  0x00007f8de8001000 JavaThread "RMI TCP Connection(2)-127.0.0.1" daemon [_thread_blocked, id=87720, stack(0x00007f8dd37f8000,0x00007f8dd38f9000)]
  0x00007f8db4038000 JavaThread "RMI Scheduler(0)" daemon [_thread_blocked, id=87718, stack(0x00007f8dd38f9000,0x00007f8dd39fa000)]
  0x00007f8db4030800 JavaThread "RMI RenewClean-[127.0.0.1:20165]" daemon [_thread_blocked, id=87709, stack(0x00007f8dd39fa000,0x00007f8dd3afb000)]
  0x00007f8de4001000 JavaThread "RMI TCP Connection(idle)" daemon [_thread_blocked, id=87703, stack(0x00007f8dd3afb000,0x00007f8dd3bfc000)]
  0x00007f8dd4005000 JavaThread "pool-3-thread-3" [_thread_in_native, id=87658, stack(0x00007f8dd3bfc000,0x00007f8dd3cfd000)]
  0x00007f8dd4003000 JavaThread "pool-3-thread-2" [_thread_in_native, id=87657, stack(0x00007f8dd3cfd000,0x00007f8dd3dfe000)]
  0x00007f8dd4002000 JavaThread "pool-3-thread-1" [_thread_in_native, id=87655, stack(0x00007f8dd3dfe000,0x00007f8dd3eff000)]
  0x00007f8e441fe000 JavaThread "Thread-3" [_thread_in_native, id=87499, stack(0x00007f8dd3eff000,0x00007f8dd4000000)]
  0x00007f8e441fc800 JavaThread "Thread-2" [_thread_in_native, id=87498, stack(0x00007f8df8034000,0x00007f8df8135000)]
  0x00007f8e441a4000 JavaThread "process reaper" daemon [_thread_in_native, id=87493, stack(0x00007f8e30002000,0x00007f8e3003b000)]
  0x00007f8e443ce800 JavaThread "pool-2-thread-1" [_thread_in_native, id=87474, stack(0x00007f8df8135000,0x00007f8df8236000)]
  0x00007f8e443cc000 JavaThread "GC Daemon" daemon [_thread_blocked, id=87472, stack(0x00007f8df8236000,0x00007f8df8337000)]
  0x00007f8e443c9800 JavaThread "RMI Reaper" [_thread_blocked, id=87471, stack(0x00007f8df8337000,0x00007f8df8438000)]
  0x00007f8e443c2800 JavaThread "RMI TCP Accept-18166" daemon [_thread_in_native, id=87470, stack(0x00007f8df8438000,0x00007f8df8539000)]
  0x00007f8e443bb800 JavaThread "RMI TCP Accept-20956" daemon [_thread_in_native, id=87468, stack(0x00007f8df8539000,0x00007f8df863a000)]
  0x00007f8e44302800 JavaThread "logback-3" daemon [_thread_blocked, id=87436, stack(0x00007f8df88b3000,0x00007f8df89b4000)]
  0x00007f8e442ff000 JavaThread "logback-2" daemon [_thread_blocked, id=87433, stack(0x00007f8df89b4000,0x00007f8df8ab5000)]
  0x00007f8e442fd000 JavaThread "logback-1" daemon [_thread_blocked, id=87432, stack(0x00007f8df8ab5000,0x00007f8df8bb6000)]
  0x00007f8e44189000 JavaThread "Service Thread" daemon [_thread_blocked, id=87415, stack(0x00007f8e3013c000,0x00007f8e3023d000)]
  0x00007f8e44186000 JavaThread "C1 CompilerThread2" daemon [_thread_blocked, id=87413, stack(0x00007f8e3023d000,0x00007f8e3033e000)]
  0x00007f8e44184800 JavaThread "C2 CompilerThread1" daemon [_thread_blocked, id=87411, stack(0x00007f8e3033e000,0x00007f8e3043f000)]
  0x00007f8e44181800 JavaThread "C2 CompilerThread0" daemon [_thread_blocked, id=87409, stack(0x00007f8e3043f000,0x00007f8e30540000)]
  0x00007f8e44180000 JavaThread "Signal Dispatcher" daemon [_thread_blocked, id=87397, stack(0x00007f8e30540000,0x00007f8e30641000)]
  0x00007f8e4414c000 JavaThread "Finalizer" daemon [_thread_blocked, id=87363, stack(0x00007f8e31000000,0x00007f8e31101000)]
  0x00007f8e44149800 JavaThread "Reference Handler" daemon [_thread_blocked, id=87356, stack(0x00007f8e31101000,0x00007f8e31202000)]
  0x00007f8e4400a800 JavaThread "main" [_thread_in_native, id=87310, stack(0x00007f8e4b6bc000,0x00007f8e4b7bd000)]

Other Threads:
=>0x00007f8e44140000 VMThread [stack: 0x00007f8e31202000,0x00007f8e31303000] [id=87347]
  0x00007f8e4418b800 WatcherThread [stack: 0x00007f8e3003b000,0x00007f8e3013c000] [id=87416]

VM state:at safepoint (normal execution)

VM Mutex/Monitor currently owned by a thread:  ([mutex/lock_event])
[0x00007f8e440069b0] ExpandHeap_lock - owner thread: 0x00007f8e44140000
[0x00007f8e44007030] Threads_lock - owner thread: 0x00007f8e44140000
[0x00007f8e44007530] Heap_lock - owner thread: 0x00007f8de8001000

heap address: 0x00000000c2a00000, size: 982 MB, Compressed Oops mode: 32-bit
Narrow klass base: 0x0000000000000000, Narrow klass shift: 3
Compressed class space size: 1073741824 Address: 0x0000000100000000

Heap:
 PSYoungGen      total 150016K, used 477K [0x00000000eb900000, 0x00000000f8f80000, 0x0000000100000000)
  eden space 139776K, 0% used [0x00000000eb900000,0x00000000eb900000,0x00000000f4180000)
  from space 10240K, 4% used [0x00000000f5580000,0x00000000f55f74e0,0x00000000f5f80000)
  to   space 20480K, 0% used [0x00000000f4180000,0x00000000f4180000,0x00000000f5580000)
 ParOldGen       total 46592K, used 46243K [0x00000000c2a00000, 0x00000000c5780000, 0x00000000eb900000)
  object space 46592K, 99% used [0x00000000c2a00000,0x00000000c5728fc0,0x00000000c5780000)
 Metaspace       used 15008K, capacity 15550K, committed 15616K, reserved 1062912K
  class space    used 1640K, capacity 1781K, committed 1792K, reserved 1048576K

Card table byte_map: [0x00007f8e48271000,0x00007f8e4845d000] byte_map_base: 0x00007f8e47c5c000

Marking Bits: (ParMarkBitMap*) 0x00007f8e4ab93d80
 Begin Bits: [0x00007f8e32e4d000, 0x00007f8e33da5000)
 End Bits:   [0x00007f8e33da5000, 0x00007f8e34cfd000)

Polling page: 0x00007f8e4b7d8000

CodeCache: size=245760Kb used=8650Kb max_used=8744Kb free=237109Kb
 bounds [0x00007f8e35000000, 0x00007f8e358a0000, 0x00007f8e44000000]
 total_blobs=2607 nmethods=2257 adapters=263
 compilation: enabled

Compilation events (10 events):
Event: 81.717 Thread 0x00007f8e44186000 2395       3       java.io.ObjectOutputStream$BlockDataOutputStream::writeLong (48 bytes)
Event: 81.717 Thread 0x00007f8e44186000 nmethod 2395 0x00007f8e35883a90 code [0x00007f8e35883c20, 0x00007f8e35883ed8]
Event: 81.723 Thread 0x00007f8e44186000 2396       3       java.io.DataInputStream::<init> (30 bytes)
Event: 81.723 Thread 0x00007f8e44186000 nmethod 2396 0x00007f8e35883310 code [0x00007f8e358834a0, 0x00007f8e358838f0]
Event: 81.724 Thread 0x00007f8e44186000 2397       3       java.util.HashMap::clear (50 bytes)
Event: 81.724 Thread 0x00007f8e44186000 nmethod 2397 0x00007f8e3588ea90 code [0x00007f8e3588ec20, 0x00007f8e3588eff0]
Event: 81.925 Thread 0x00007f8e44181800 2398   !   4       sun.reflect.GeneratedSerializationConstructorAccessor64::newInstance (49 bytes)
Event: 81.927 Thread 0x00007f8e44181800 nmethod 2398 0x00007f8e35882ed0 code [0x00007f8e35883040, 0x00007f8e35883178]
Event: 82.063 Thread 0x00007f8e44186000 2399   !   3       sun.reflect.GeneratedSerializationConstructorAccessor81::newInstance (49 bytes)
Event: 82.063 Thread 0x00007f8e44186000 nmethod 2399 0x00007f8e3588e210 code [0x00007f8e3588e3c0, 0x00007f8e3588e808]

GC Heap History (10 events):
Event: 30.553 GC heap after
Heap after GC invocations=9 (full 1):
 PSYoungGen      total 63488K, used 5104K [0x00000000eb900000, 0x00000000eff00000, 0x0000000100000000)
  eden space 58368K, 0% used [0x00000000eb900000,0x00000000eb900000,0x00000000ef200000)
  from space 5120K, 99% used [0x00000000ef800000,0x00000000efcfc0b0,0x00000000efd00000)
  to   space 6144K, 0% used [0x00000000ef200000,0x00000000ef200000,0x00000000ef800000)
 ParOldGen       total 42496K, used 9277K [0x00000000c2a00000, 0x00000000c5380000, 0x00000000eb900000)
  object space 42496K, 21% used [0x00000000c2a00000,0x00000000c330f7c8,0x00000000c5380000)
 Metaspace       used 13782K, capacity 14126K, committed 14336K, reserved 1062912K
  class space    used 1564K, capacity 1667K, committed 1792K, reserved 1048576K
}
Event: 31.965 GC heap before
{Heap before GC invocations=10 (full 1):
 PSYoungGen      total 63488K, used 63472K [0x00000000eb900000, 0x00000000eff00000, 0x0000000100000000)
  eden space 58368K, 100% used [0x00000000eb900000,0x00000000ef200000,0x00000000ef200000)
  from space 5120K, 99% used [0x00000000ef800000,0x00000000efcfc0b0,0x00000000efd00000)
  to   space 6144K, 0% used [0x00000000ef200000,0x00000000ef200000,0x00000000ef800000)
 ParOldGen       total 42496K, used 9277K [0x00000000c2a00000, 0x00000000c5380000, 0x00000000eb900000)
  object space 42496K, 21% used [0x00000000c2a00000,0x00000000c330f7c8,0x00000000c5380000)
 Metaspace       used 13821K, capacity 14126K, committed 14336K, reserved 1062912K
  class space    used 1564K, capacity 1667K, committed 1792K, reserved 1048576K
Event: 32.105 GC heap after
Heap after GC invocations=10 (full 1):
 PSYoungGen      total 64512K, used 6136K [0x00000000eb900000, 0x00000000f3b00000, 0x0000000100000000)
  eden space 58368K, 0% used [0x00000000eb900000,0x00000000eb900000,0x00000000ef200000)
  from space 6144K, 99% used [0x00000000ef200000,0x00000000ef7fe1a8,0x00000000ef800000)
  to   space 8192K, 0% used [0x00000000f3300000,0x00000000f3300000,0x00000000f3b00000)
 ParOldGen       total 42496K, used 12563K [0x00000000c2a00000, 0x00000000c5380000, 0x00000000eb900000)
  object space 42496K, 29% used [0x00000000c2a00000,0x00000000c3644c50,0x00000000c5380000)
 Metaspace       used 13821K, capacity 14126K, committed 14336K, reserved 1062912K
  class space    used 1564K, capacity 1667K, committed 1792K, reserved 1048576K
}
Event: 37.090 GC heap before
{Heap before GC invocations=11 (full 1):
 PSYoungGen      total 64512K, used 64504K [0x00000000eb900000, 0x00000000f3b00000, 0x0000000100000000)
  eden space 58368K, 100% used [0x00000000eb900000,0x00000000ef200000,0x00000000ef200000)
  from space 6144K, 99% used [0x00000000ef200000,0x00000000ef7fe1a8,0x00000000ef800000)
  to   space 8192K, 0% used [0x00000000f3300000,0x00000000f3300000,0x00000000f3b00000)
 ParOldGen       total 42496K, used 12563K [0x00000000c2a00000, 0x00000000c5380000, 0x00000000eb900000)
  object space 42496K, 29% used [0x00000000c2a00000,0x00000000c3644c50,0x00000000c5380000)
 Metaspace       used 14767K, capacity 15250K, committed 15360K, reserved 1062912K
  class space    used 1626K, capacity 1765K, committed 1792K, reserved 1048576K
Event: 37.228 GC heap after
Heap after GC invocations=11 (full 1):
 PSYoungGen      total 101888K, used 8188K [0x00000000eb900000, 0x00000000f3b00000, 0x0000000100000000)
  eden space 93696K, 0% used [0x00000000eb900000,0x00000000eb900000,0x00000000f1480000)
  from space 8192K, 99% used [0x00000000f3300000,0x00000000f3aff298,0x00000000f3b00000)
  to   space 10752K, 0% used [0x00000000f2600000,0x00000000f2600000,0x00000000f3080000)
 ParOldGen       total 42496K, used 17662K [0x00000000c2a00000, 0x00000000c5380000, 0x00000000eb900000)
  object space 42496K, 41% used [0x00000000c2a00000,0x00000000c3b3f978,0x00000000c5380000)
 Metaspace       used 14767K, capacity 15250K, committed 15360K, reserved 1062912K
  class space    used 1626K, capacity 1765K, committed 1792K, reserved 1048576K
}
Event: 72.686 GC heap before
{Heap before GC invocations=12 (full 1):
 PSYoungGen      total 101888K, used 101884K [0x00000000eb900000, 0x00000000f3b00000, 0x0000000100000000)
  eden space 93696K, 100% used [0x00000000eb900000,0x00000000f1480000,0x00000000f1480000)
  from space 8192K, 99% used [0x00000000f3300000,0x00000000f3aff298,0x00000000f3b00000)
  to   space 10752K, 0% used [0x00000000f2600000,0x00000000f2600000,0x00000000f3080000)
 ParOldGen       total 42496K, used 17662K [0x00000000c2a00000, 0x00000000c5380000, 0x00000000eb900000)
  object space 42496K, 41% used [0x00000000c2a00000,0x00000000c3b3f978,0x00000000c5380000)
 Metaspace       used 14973K, capacity 15416K, committed 15616K, reserved 1062912K
  class space    used 1638K, capacity 1780K, committed 1792K, reserved 1048576K
Event: 72.811 GC heap after
Heap after GC invocations=12 (full 1):
 PSYoungGen      total 122368K, used 5532K [0x00000000eb900000, 0x00000000f5f80000, 0x0000000100000000)
  eden space 111616K, 0% used [0x00000000eb900000,0x00000000eb900000,0x00000000f2600000)
  from space 10752K, 51% used [0x00000000f2600000,0x00000000f2b67298,0x00000000f3080000)
  to   space 10240K, 0% used [0x00000000f5580000,0x00000000f5580000,0x00000000f5f80000)
 ParOldGen       total 42496K, used 21890K [0x00000000c2a00000, 0x00000000c5380000, 0x00000000eb900000)
  object space 42496K, 51% used [0x00000000c2a00000,0x00000000c3f609f8,0x00000000c5380000)
 Metaspace       used 14973K, capacity 15416K, committed 15616K, reserved 1062912K
  class space    used 1638K, capacity 1780K, committed 1792K, reserved 1048576K
}
Event: 82.253 GC heap before
{Heap before GC invocations=13 (full 1):
 PSYoungGen      total 122368K, used 117148K [0x00000000eb900000, 0x00000000f5f80000, 0x0000000100000000)
  eden space 111616K, 100% used [0x00000000eb900000,0x00000000f2600000,0x00000000f2600000)
  from space 10752K, 51% used [0x00000000f2600000,0x00000000f2b67298,0x00000000f3080000)
  to   space 10240K, 0% used [0x00000000f5580000,0x00000000f5580000,0x00000000f5f80000)
 ParOldGen       total 42496K, used 21890K [0x00000000c2a00000, 0x00000000c5380000, 0x00000000eb900000)
  object space 42496K, 51% used [0x00000000c2a00000,0x00000000c3f609f8,0x00000000c5380000)
 Metaspace       used 15008K, capacity 15550K, committed 15616K, reserved 1062912K
  class space    used 1640K, capacity 1781K, committed 1792K, reserved 1048576K
Event: 82.382 GC heap after
Heap after GC invocations=13 (full 1):
 PSYoungGen      total 150016K, used 10224K [0x00000000eb900000, 0x00000000f8f80000, 0x0000000100000000)
  eden space 139776K, 0% used [0x00000000eb900000,0x00000000eb900000,0x00000000f4180000)
  from space 10240K, 99% used [0x00000000f5580000,0x00000000f5f7c020,0x00000000f5f80000)
  to   space 20480K, 0% used [0x00000000f4180000,0x00000000f4180000,0x00000000f5580000)
 ParOldGen       total 46592K, used 45609K [0x00000000c2a00000, 0x00000000c5780000, 0x00000000eb900000)
  object space 46592K, 97% used [0x00000000c2a00000,0x00000000c568a518,0x00000000c5780000)
 Metaspace       used 15008K, capacity 15550K, committed 15616K, reserved 1062912K
  class space    used 1640K, capacity 1781K, committed 1792K, reserved 1048576K
}
Event: 82.382 GC heap before
{Heap before GC invocations=14 (full 2):
 PSYoungGen      total 150016K, used 10224K [0x00000000eb900000, 0x00000000f8f80000, 0x0000000100000000)
  eden space 139776K, 0% used [0x00000000eb900000,0x00000000eb900000,0x00000000f4180000)
  from space 10240K, 99% used [0x00000000f5580000,0x00000000f5f7c020,0x00000000f5f80000)
  to   space 20480K, 0% used [0x00000000f4180000,0x00000000f4180000,0x00000000f5580000)
 ParOldGen       total 46592K, used 45609K [0x00000000c2a00000, 0x00000000c5780000, 0x00000000eb900000)
  object space 46592K, 97% used [0x00000000c2a00000,0x00000000c568a518,0x00000000c5780000)
 Metaspace       used 15008K, capacity 15550K, committed 15616K, reserved 1062912K
  class space    used 1640K, capacity 1781K, committed 1792K, reserved 1048576K

Deoptimization events (10 events):
Event: 50.901 Thread 0x00007f8de8001000 Uncommon trap: reason=unstable_if action=reinterpret pc=0x00007f8e35741eb4 method=java.io.ObjectInputStream.defaultReadFields(Ljava/lang/Object;Ljava/io/ObjectStreamClass;)V @ 49
Event: 65.878 Thread 0x00007f8de8003000 Uncommon trap: reason=predicate action=maybe_recompile pc=0x00007f8e35817094 method=java.io.ObjectInputStream.readArray(Z)Ljava/lang/Object; @ 406
Event: 65.900 Thread 0x00007f8de8003000 Uncommon trap: reason=class_check action=maybe_recompile pc=0x00007f8e35806c9c method=java.lang.reflect.Array.newInstance(Ljava/lang/Class;I)Ljava/lang/Object; @ 2
Event: 65.900 Thread 0x00007f8de8003000 Uncommon trap: reason=class_check action=maybe_recompile pc=0x00007f8e35806c9c method=java.lang.reflect.Array.newInstance(Ljava/lang/Class;I)Ljava/lang/Object; @ 2
Event: 65.901 Thread 0x00007f8de8003000 Uncommon trap: reason=class_check action=maybe_recompile pc=0x00007f8e35806c9c method=java.lang.reflect.Array.newInstance(Ljava/lang/Class;I)Ljava/lang/Object; @ 2
Event: 65.901 Thread 0x00007f8de8003000 Uncommon trap: reason=class_check action=maybe_recompile pc=0x00007f8e35806c9c method=java.lang.reflect.Array.newInstance(Ljava/lang/Class;I)Ljava/lang/Object; @ 2
Event: 65.938 Thread 0x00007f8de8003000 Uncommon trap: reason=array_check action=maybe_recompile pc=0x00007f8e3581928c method=java.io.ObjectInputStream.readArray(Z)Ljava/lang/Object; @ 415
Event: 65.938 Thread 0x00007f8de8003000 Uncommon trap: reason=array_check action=maybe_recompile pc=0x00007f8e3581928c method=java.io.ObjectInputStream.readArray(Z)Ljava/lang/Object; @ 415
Event: 65.938 Thread 0x00007f8de8003000 Uncommon trap: reason=array_check action=maybe_recompile pc=0x00007f8e3581928c method=java.io.ObjectInputStream.readArray(Z)Ljava/lang/Object; @ 415
Event: 65.938 Thread 0x00007f8de8003000 Uncommon trap: reason=array_check action=maybe_recompile pc=0x00007f8e3581928c method=java.io.ObjectInputStream.readArray(Z)Ljava/lang/Object; @ 415

Classes redefined (0 events):
No events

Internal exceptions (10 events):
Event: 51.005 Thread 0x00007f8e44302800 Exception <a 'java/net/ConnectException'> (0x00000000ec477680) thrown at [/HUDSON/workspace/8-2-build-linux-amd64/jdk8u201/12317/hotspot/src/share/vm/prims/jni.cpp, line 709]
Event: 60.971 Thread 0x00007f8e442fd000 Exception <a 'java/net/ConnectException'> (0x00000000ec3b2260) thrown at [/HUDSON/workspace/8-2-build-linux-amd64/jdk8u201/12317/hotspot/src/share/vm/prims/jni.cpp, line 709]
Event: 60.998 Thread 0x00007f8e442ff000 Exception <a 'java/net/ConnectException'> (0x00000000ec415168) thrown at [/HUDSON/workspace/8-2-build-linux-amd64/jdk8u201/12317/hotspot/src/share/vm/prims/jni.cpp, line 709]
Event: 61.005 Thread 0x00007f8e44302800 Exception <a 'java/net/ConnectException'> (0x00000000ec4781a8) thrown at [/HUDSON/workspace/8-2-build-linux-amd64/jdk8u201/12317/hotspot/src/share/vm/prims/jni.cpp, line 709]
Event: 70.972 Thread 0x00007f8e442fd000 Exception <a 'java/net/ConnectException'> (0x00000000ec3b2d88) thrown at [/HUDSON/workspace/8-2-build-linux-amd64/jdk8u201/12317/hotspot/src/share/vm/prims/jni.cpp, line 709]
Event: 70.999 Thread 0x00007f8e442ff000 Exception <a 'java/net/ConnectException'> (0x00000000ec415c90) thrown at [/HUDSON/workspace/8-2-build-linux-amd64/jdk8u201/12317/hotspot/src/share/vm/prims/jni.cpp, line 709]
Event: 71.006 Thread 0x00007f8e44302800 Exception <a 'java/net/ConnectException'> (0x00000000ec478cd0) thrown at [/HUDSON/workspace/8-2-build-linux-amd64/jdk8u201/12317/hotspot/src/share/vm/prims/jni.cpp, line 709]
Event: 80.973 Thread 0x00007f8e442fd000 Exception <a 'java/net/ConnectException'> (0x00000000edbc0690) thrown at [/HUDSON/workspace/8-2-build-linux-amd64/jdk8u201/12317/hotspot/src/share/vm/prims/jni.cpp, line 709]
Event: 80.999 Thread 0x00007f8e442ff000 Exception <a 'java/net/ConnectException'> (0x00000000edd43260) thrown at [/HUDSON/workspace/8-2-build-linux-amd64/jdk8u201/12317/hotspot/src/share/vm/prims/jni.cpp, line 709]
Event: 81.007 Thread 0x00007f8e44302800 Exception <a 'java/net/ConnectException'> (0x00000000ede2ade0) thrown at [/HUDSON/workspace/8-2-build-linux-amd64/jdk8u201/12317/hotspot/src/share/vm/prims/jni.cpp, line 709]

Events (10 events):
Event: 82.064 Thread 0x00007f8e44186000 flushing nmethod 0x00007f8e3512bb90
Event: 82.064 Thread 0x00007f8e44186000 flushing nmethod 0x00007f8e3512ca90
Event: 82.064 Thread 0x00007f8e44186000 flushing nmethod 0x00007f8e351358d0
Event: 82.064 Thread 0x00007f8e44186000 flushing nmethod 0x00007f8e35136150
Event: 82.064 Thread 0x00007f8e44186000 flushing nmethod 0x00007f8e35136d10
Event: 82.064 Thread 0x00007f8e44186000 flushing nmethod 0x00007f8e35137250
Event: 82.064 Thread 0x00007f8e44186000 flushing nmethod 0x00007f8e3514e410
Event: 82.064 Thread 0x00007f8e44186000 flushing nmethod 0x00007f8e351503d0
Event: 82.064 Thread 0x00007f8e44186000 flushing nmethod 0x00007f8e35152750
Event: 82.253 Executing VM operation: ParallelGCFailedAllocation


Dynamic libraries:
00400000-00401000 r-xp 00000000 08:01 654793                             /usr/lib/jdk/jdk1.8.0_201/bin/java
00600000-00601000 r--p 00000000 08:01 654793                             /usr/lib/jdk/jdk1.8.0_201/bin/java
00601000-00602000 rw-p 00001000 08:01 654793                             /usr/lib/jdk/jdk1.8.0_201/bin/java
01416000-018df000 rw-p 00000000 00:00 0                                  [heap]
c2a00000-c5780000 rw-p 00000000 00:00 0 
c7880000-eb900000 ---p 00000000 00:00 0 
eb900000-f8f80000 rw-p 00000000 00:00 0 
f8f80000-100000000 ---p 00000000 00:00 0 
100000000-1001c0000 rw-p 00000000 00:00 0 
1001c0000-140000000 ---p 00000000 00:00 0 
7f8dac000000-7f8dac025000 rw-p 00000000 00:00 0 
7f8dac025000-7f8db0000000 ---p 00000000 00:00 0 
7f8db4000000-7f8db403b000 rw-p 00000000 00:00 0 
7f8db403b000-7f8db8000000 ---p 00000000 00:00 0 
7f8db8000000-7f8db8021000 rw-p 00000000 00:00 0 
7f8db8021000-7f8dbc000000 ---p 00000000 00:00 0 
7f8dbc000000-7f8dbc021000 rw-p 00000000 00:00 0 
7f8dbc021000-7f8dc0000000 ---p 00000000 00:00 0 
7f8dc0000000-7f8dc0021000 rw-p 00000000 00:00 0 
7f8dc0021000-7f8dc4000000 ---p 00000000 00:00 0 
7f8dc4000000-7f8dc4021000 rw-p 00000000 00:00 0 
7f8dc4021000-7f8dc8000000 ---p 00000000 00:00 0 
7f8dc8000000-7f8dc8021000 rw-p 00000000 00:00 0 
7f8dc8021000-7f8dcc000000 ---p 00000000 00:00 0 
7f8dcc000000-7f8dcc021000 rw-p 00000000 00:00 0 
7f8dcc021000-7f8dd0000000 ---p 00000000 00:00 0 
7f8dd32f7000-7f8dd3477000 rw-p 00000000 00:00 0 
7f8dd3477000-7f8dd34f7000 ---p 00000000 00:00 0 
7f8dd34f7000-7f8dd34fa000 ---p 00000000 00:00 0 
7f8dd34fa000-7f8dd37f8000 rw-p 00000000 00:00 0 
7f8dd37f8000-7f8dd37fb000 ---p 00000000 00:00 0 
7f8dd37fb000-7f8dd38f9000 rw-p 00000000 00:00 0 
7f8dd38f9000-7f8dd38fc000 ---p 00000000 00:00 0 
7f8dd38fc000-7f8dd39fa000 rw-p 00000000 00:00 0 
7f8dd39fa000-7f8dd39fd000 ---p 00000000 00:00 0 
7f8dd39fd000-7f8dd3afb000 rw-p 00000000 00:00 0 
7f8dd3afb000-7f8dd3afe000 ---p 00000000 00:00 0 
7f8dd3afe000-7f8dd3bfc000 rw-p 00000000 00:00 0 
7f8dd3bfc000-7f8dd3bff000 ---p 00000000 00:00 0 
7f8dd3bff000-7f8dd3cfd000 rw-p 00000000 00:00 0 
7f8dd3cfd000-7f8dd3d00000 ---p 00000000 00:00 0 
7f8dd3d00000-7f8dd3dfe000 rw-p 00000000 00:00 0 
7f8dd3dfe000-7f8dd3e01000 ---p 00000000 00:00 0 
7f8dd3e01000-7f8dd3eff000 rw-p 00000000 00:00 0 
7f8dd3eff000-7f8dd3f02000 ---p 00000000 00:00 0 
7f8dd3f02000-7f8dd4000000 rw-p 00000000 00:00 0 
7f8dd4000000-7f8dd4021000 rw-p 00000000 00:00 0 
7f8dd4021000-7f8dd8000000 ---p 00000000 00:00 0 
7f8dd8000000-7f8dd8021000 rw-p 00000000 00:00 0 
7f8dd8021000-7f8ddc000000 ---p 00000000 00:00 0 
7f8ddc000000-7f8ddc021000 rw-p 00000000 00:00 0 
7f8ddc021000-7f8de0000000 ---p 00000000 00:00 0 
7f8de0000000-7f8de0021000 rw-p 00000000 00:00 0 
7f8de0021000-7f8de4000000 ---p 00000000 00:00 0 
7f8de4000000-7f8de4021000 rw-p 00000000 00:00 0 
7f8de4021000-7f8de8000000 ---p 00000000 00:00 0 
7f8de8000000-7f8de8021000 rw-p 00000000 00:00 0 
7f8de8021000-7f8dec000000 ---p 00000000 00:00 0 
7f8dec000000-7f8dec021000 rw-p 00000000 00:00 0 
7f8dec021000-7f8df0000000 ---p 00000000 00:00 0 
7f8df0000000-7f8df0021000 rw-p 00000000 00:00 0 
7f8df0021000-7f8df4000000 ---p 00000000 00:00 0 
7f8df4000000-7f8df4021000 rw-p 00000000 00:00 0 
7f8df4021000-7f8df8000000 ---p 00000000 00:00 0 
7f8df8034000-7f8df8037000 ---p 00000000 00:00 0 
7f8df8037000-7f8df8135000 rw-p 00000000 00:00 0 
7f8df8135000-7f8df8138000 ---p 00000000 00:00 0 
7f8df8138000-7f8df8236000 rw-p 00000000 00:00 0 
7f8df8236000-7f8df8239000 ---p 00000000 00:00 0 
7f8df8239000-7f8df8337000 rw-p 00000000 00:00 0 
7f8df8337000-7f8df833a000 ---p 00000000 00:00 0 
7f8df833a000-7f8df8438000 rw-p 00000000 00:00 0 
7f8df8438000-7f8df843b000 ---p 00000000 00:00 0 
7f8df843b000-7f8df8539000 rw-p 00000000 00:00 0 
7f8df8539000-7f8df853c000 ---p 00000000 00:00 0 
7f8df853c000-7f8df883a000 rw-p 00000000 00:00 0 
7f8df883a000-7f8df88b3000 r--s 010fd000 08:01 654900                     /usr/lib/jdk/jdk1.8.0_201/lib/tools.jar
7f8df88b3000-7f8df88b6000 ---p 00000000 00:00 0 
7f8df88b6000-7f8df89b4000 rw-p 00000000 00:00 0 
7f8df89b4000-7f8df89b7000 ---p 00000000 00:00 0 
7f8df89b7000-7f8df8ab5000 rw-p 00000000 00:00 0 
7f8df8ab5000-7f8df8ab8000 ---p 00000000 00:00 0 
7f8df8ab8000-7f8dfbbb7000 rw-p 00000000 00:00 0 
7f8dfbbb7000-7f8dfbbcd000 r-xp 00000000 08:01 656512                     /usr/lib/jdk/jdk1.8.0_201/jre/lib/amd64/libnet.so
7f8dfbbcd000-7f8dfbdcd000 ---p 00016000 08:01 656512                     /usr/lib/jdk/jdk1.8.0_201/jre/lib/amd64/libnet.so
7f8dfbdcd000-7f8dfbdce000 r--p 00016000 08:01 656512                     /usr/lib/jdk/jdk1.8.0_201/jre/lib/amd64/libnet.so
7f8dfbdce000-7f8dfbdcf000 rw-p 00017000 08:01 656512                     /usr/lib/jdk/jdk1.8.0_201/jre/lib/amd64/libnet.so
7f8dfbdcf000-7f8dfc000000 r--s 01bb1000 08:01 403225                     /home/hewitt/work/DiffTGen-master/lib/evosuite-1.0.6.jar
7f8dfc000000-7f8dfc021000 rw-p 00000000 00:00 0 
7f8dfc021000-7f8e00000000 ---p 00000000 00:00 0 
7f8e00000000-7f8e00021000 rw-p 00000000 00:00 0 
7f8e00021000-7f8e04000000 ---p 00000000 00:00 0 
7f8e04000000-7f8e04cc7000 rw-p 00000000 00:00 0 
7f8e04cc7000-7f8e08000000 ---p 00000000 00:00 0 
7f8e08000000-7f8e08c13000 rw-p 00000000 00:00 0 
7f8e08c13000-7f8e0c000000 ---p 00000000 00:00 0 
7f8e0c000000-7f8e0c021000 rw-p 00000000 00:00 0 
7f8e0c021000-7f8e10000000 ---p 00000000 00:00 0 
7f8e10000000-7f8e10c7a000 rw-p 00000000 00:00 0 
7f8e10c7a000-7f8e14000000 ---p 00000000 00:00 0 
7f8e14000000-7f8e14021000 rw-p 00000000 00:00 0 
7f8e14021000-7f8e18000000 ---p 00000000 00:00 0 
7f8e18000000-7f8e18021000 rw-p 00000000 00:00 0 
7f8e18021000-7f8e1c000000 ---p 00000000 00:00 0 
7f8e1c000000-7f8e1c021000 rw-p 00000000 00:00 0 
7f8e1c021000-7f8e20000000 ---p 00000000 00:00 0 
7f8e20000000-7f8e2029b000 rw-p 00000000 00:00 0 
7f8e2029b000-7f8e24000000 ---p 00000000 00:00 0 
7f8e24000000-7f8e24021000 rw-p 00000000 00:00 0 
7f8e24021000-7f8e28000000 ---p 00000000 00:00 0 
7f8e28000000-7f8e28021000 rw-p 00000000 00:00 0 
7f8e28021000-7f8e2c000000 ---p 00000000 00:00 0 
7f8e2c000000-7f8e2c021000 rw-p 00000000 00:00 0 
7f8e2c021000-7f8e30000000 ---p 00000000 00:00 0 
7f8e30002000-7f8e30005000 ---p 00000000 00:00 0 
7f8e30005000-7f8e3003b000 rw-p 00000000 00:00 0 
7f8e3003b000-7f8e3003c000 ---p 00000000 00:00 0 
7f8e3003c000-7f8e3013c000 rw-p 00000000 00:00 0 
7f8e3013c000-7f8e3013f000 ---p 00000000 00:00 0 
7f8e3013f000-7f8e3023d000 rw-p 00000000 00:00 0 
7f8e3023d000-7f8e30240000 ---p 00000000 00:00 0 
7f8e30240000-7f8e3033e000 rw-p 00000000 00:00 0 
7f8e3033e000-7f8e30341000 ---p 00000000 00:00 0 
7f8e30341000-7f8e3043f000 rw-p 00000000 00:00 0 
7f8e3043f000-7f8e30442000 ---p 00000000 00:00 0 
7f8e30442000-7f8e30540000 rw-p 00000000 00:00 0 
7f8e30540000-7f8e30543000 ---p 00000000 00:00 0 
7f8e30543000-7f8e30641000 rw-p 00000000 00:00 0 
7f8e30641000-7f8e31000000 r--p 00000000 08:01 270368                     /usr/lib/locale/locale-archive
7f8e31000000-7f8e31003000 ---p 00000000 00:00 0 
7f8e31003000-7f8e31101000 rw-p 00000000 00:00 0 
7f8e31101000-7f8e31104000 ---p 00000000 00:00 0 
7f8e31104000-7f8e31202000 rw-p 00000000 00:00 0 
7f8e31202000-7f8e31203000 ---p 00000000 00:00 0 
7f8e31203000-7f8e32212000 rw-p 00000000 00:00 0 
7f8e32212000-7f8e323ec000 r--s 03d6f000 08:01 656293                     /usr/lib/jdk/jdk1.8.0_201/jre/lib/rt.jar
7f8e323ec000-7f8e34cfd000 rw-p 00000000 00:00 0 
7f8e34cfd000-7f8e34cfe000 ---p 00000000 00:00 0 
7f8e34cfe000-7f8e34dfe000 rw-p 00000000 00:00 0 
7f8e34dfe000-7f8e34dff000 ---p 00000000 00:00 0 
7f8e34dff000-7f8e34eff000 rw-p 00000000 00:00 0 
7f8e34eff000-7f8e34f00000 ---p 00000000 00:00 0 
7f8e34f00000-7f8e35000000 rw-p 00000000 00:00 0 
7f8e35000000-7f8e358a0000 rwxp 00000000 00:00 0 
7f8e358a0000-7f8e44000000 ---p 00000000 00:00 0 
7f8e44000000-7f8e444df000 rw-p 00000000 00:00 0 
7f8e444df000-7f8e48000000 ---p 00000000 00:00 0 
7f8e4801e000-7f8e48028000 r--s 00116000 08:01 656361                     /usr/lib/jdk/jdk1.8.0_201/jre/lib/ext/localedata.jar
7f8e48028000-7f8e48029000 ---p 00000000 00:00 0 
7f8e48029000-7f8e48140000 rw-p 00000000 00:00 0 
7f8e48140000-7f8e48271000 ---p 00000000 00:00 0 
7f8e48271000-7f8e48288000 rw-p 00000000 00:00 0 
7f8e48288000-7f8e483b8000 ---p 00000000 00:00 0 
7f8e483b8000-7f8e48424000 rw-p 00000000 00:00 0 
7f8e48424000-7f8e4845c000 ---p 00000000 00:00 0 
7f8e4845c000-7f8e48480000 rw-p 00000000 00:00 0 
7f8e48480000-7f8e4881d000 ---p 00000000 00:00 0 
7f8e4881d000-7f8e48838000 r-xp 00000000 08:01 656508                     /usr/lib/jdk/jdk1.8.0_201/jre/lib/amd64/libzip.so
7f8e48838000-7f8e48a37000 ---p 0001b000 08:01 656508                     /usr/lib/jdk/jdk1.8.0_201/jre/lib/amd64/libzip.so
7f8e48a37000-7f8e48a38000 r--p 0001a000 08:01 656508                     /usr/lib/jdk/jdk1.8.0_201/jre/lib/amd64/libzip.so
7f8e48a38000-7f8e48a39000 rw-p 0001b000 08:01 656508                     /usr/lib/jdk/jdk1.8.0_201/jre/lib/amd64/libzip.so
7f8e48a39000-7f8e48a44000 r-xp 00000000 08:01 658902                     /lib/x86_64-linux-gnu/libnss_files-2.23.so
7f8e48a44000-7f8e48c43000 ---p 0000b000 08:01 658902                     /lib/x86_64-linux-gnu/libnss_files-2.23.so
7f8e48c43000-7f8e48c44000 r--p 0000a000 08:01 658902                     /lib/x86_64-linux-gnu/libnss_files-2.23.so
7f8e48c44000-7f8e48c45000 rw-p 0000b000 08:01 658902                     /lib/x86_64-linux-gnu/libnss_files-2.23.so
7f8e48c45000-7f8e48c4b000 rw-p 00000000 00:00 0 
7f8e48c4b000-7f8e48c56000 r-xp 00000000 08:01 658912                     /lib/x86_64-linux-gnu/libnss_nis-2.23.so
7f8e48c56000-7f8e48e55000 ---p 0000b000 08:01 658912                     /lib/x86_64-linux-gnu/libnss_nis-2.23.so
7f8e48e55000-7f8e48e56000 r--p 0000a000 08:01 658912                     /lib/x86_64-linux-gnu/libnss_nis-2.23.so
7f8e48e56000-7f8e48e57000 rw-p 0000b000 08:01 658912                     /lib/x86_64-linux-gnu/libnss_nis-2.23.so
7f8e48e57000-7f8e48e6d000 r-xp 00000000 08:01 658896                     /lib/x86_64-linux-gnu/libnsl-2.23.so
7f8e48e6d000-7f8e4906c000 ---p 00016000 08:01 658896                     /lib/x86_64-linux-gnu/libnsl-2.23.so
7f8e4906c000-7f8e4906d000 r--p 00015000 08:01 658896                     /lib/x86_64-linux-gnu/libnsl-2.23.so
7f8e4906d000-7f8e4906e000 rw-p 00016000 08:01 658896                     /lib/x86_64-linux-gnu/libnsl-2.23.so
7f8e4906e000-7f8e49070000 rw-p 00000000 00:00 0 
7f8e49070000-7f8e49078000 r-xp 00000000 08:01 658898                     /lib/x86_64-linux-gnu/libnss_compat-2.23.so
7f8e49078000-7f8e49277000 ---p 00008000 08:01 658898                     /lib/x86_64-linux-gnu/libnss_compat-2.23.so
7f8e49277000-7f8e49278000 r--p 00007000 08:01 658898                     /lib/x86_64-linux-gnu/libnss_compat-2.23.so
7f8e49278000-7f8e49279000 rw-p 00008000 08:01 658898                     /lib/x86_64-linux-gnu/libnss_compat-2.23.so
7f8e49279000-7f8e492a5000 r-xp 00000000 08:01 656502                     /usr/lib/jdk/jdk1.8.0_201/jre/lib/amd64/libjava.so
7f8e492a5000-7f8e494a5000 ---p 0002c000 08:01 656502                     /usr/lib/jdk/jdk1.8.0_201/jre/lib/amd64/libjava.so
7f8e494a5000-7f8e494a6000 r--p 0002c000 08:01 656502                     /usr/lib/jdk/jdk1.8.0_201/jre/lib/amd64/libjava.so
7f8e494a6000-7f8e494a8000 rw-p 0002d000 08:01 656502                     /usr/lib/jdk/jdk1.8.0_201/jre/lib/amd64/libjava.so
7f8e494a8000-7f8e494b5000 r-xp 00000000 08:01 656507                     /usr/lib/jdk/jdk1.8.0_201/jre/lib/amd64/libverify.so
7f8e494b5000-7f8e496b4000 ---p 0000d000 08:01 656507                     /usr/lib/jdk/jdk1.8.0_201/jre/lib/amd64/libverify.so
7f8e496b4000-7f8e496b6000 r--p 0000c000 08:01 656507                     /usr/lib/jdk/jdk1.8.0_201/jre/lib/amd64/libverify.so
7f8e496b6000-7f8e496b7000 rw-p 0000e000 08:01 656507                     /usr/lib/jdk/jdk1.8.0_201/jre/lib/amd64/libverify.so
7f8e496b7000-7f8e496be000 r-xp 00000000 08:01 658957                     /lib/x86_64-linux-gnu/librt-2.23.so
7f8e496be000-7f8e498bd000 ---p 00007000 08:01 658957                     /lib/x86_64-linux-gnu/librt-2.23.so
7f8e498bd000-7f8e498be000 r--p 00006000 08:01 658957                     /lib/x86_64-linux-gnu/librt-2.23.so
7f8e498be000-7f8e498bf000 rw-p 00007000 08:01 658957                     /lib/x86_64-linux-gnu/librt-2.23.so
7f8e498bf000-7f8e499c7000 r-xp 00000000 08:01 658873                     /lib/x86_64-linux-gnu/libm-2.23.so
7f8e499c7000-7f8e49bc6000 ---p 00108000 08:01 658873                     /lib/x86_64-linux-gnu/libm-2.23.so
7f8e49bc6000-7f8e49bc7000 r--p 00107000 08:01 658873                     /lib/x86_64-linux-gnu/libm-2.23.so
7f8e49bc7000-7f8e49bc8000 rw-p 00108000 08:01 658873                     /lib/x86_64-linux-gnu/libm-2.23.so
7f8e49bc8000-7f8e4a8b0000 r-xp 00000000 08:01 656484                     /usr/lib/jdk/jdk1.8.0_201/jre/lib/amd64/server/libjvm.so
7f8e4a8b0000-7f8e4aaaf000 ---p 00ce8000 08:01 656484                     /usr/lib/jdk/jdk1.8.0_201/jre/lib/amd64/server/libjvm.so
7f8e4aaaf000-7f8e4ab45000 r--p 00ce7000 08:01 656484                     /usr/lib/jdk/jdk1.8.0_201/jre/lib/amd64/server/libjvm.so
7f8e4ab45000-7f8e4ab76000 rw-p 00d7d000 08:01 656484                     /usr/lib/jdk/jdk1.8.0_201/jre/lib/amd64/server/libjvm.so
7f8e4ab76000-7f8e4abb1000 rw-p 00000000 00:00 0 
7f8e4abb1000-7f8e4ad71000 r-xp 00000000 08:01 658803                     /lib/x86_64-linux-gnu/libc-2.23.so
7f8e4ad71000-7f8e4af71000 ---p 001c0000 08:01 658803                     /lib/x86_64-linux-gnu/libc-2.23.so
7f8e4af71000-7f8e4af75000 r--p 001c0000 08:01 658803                     /lib/x86_64-linux-gnu/libc-2.23.so
7f8e4af75000-7f8e4af77000 rw-p 001c4000 08:01 658803                     /lib/x86_64-linux-gnu/libc-2.23.so
7f8e4af77000-7f8e4af7b000 rw-p 00000000 00:00 0 
7f8e4af7b000-7f8e4af7e000 r-xp 00000000 08:01 658827                     /lib/x86_64-linux-gnu/libdl-2.23.so
7f8e4af7e000-7f8e4b17d000 ---p 00003000 08:01 658827                     /lib/x86_64-linux-gnu/libdl-2.23.so
7f8e4b17d000-7f8e4b17e000 r--p 00002000 08:01 658827                     /lib/x86_64-linux-gnu/libdl-2.23.so
7f8e4b17e000-7f8e4b17f000 rw-p 00003000 08:01 658827                     /lib/x86_64-linux-gnu/libdl-2.23.so
7f8e4b17f000-7f8e4b196000 r-xp 00000000 08:01 656155                     /usr/lib/jdk/jdk1.8.0_201/lib/amd64/jli/libjli.so
7f8e4b196000-7f8e4b395000 ---p 00017000 08:01 656155                     /usr/lib/jdk/jdk1.8.0_201/lib/amd64/jli/libjli.so
7f8e4b395000-7f8e4b396000 r--p 00016000 08:01 656155                     /usr/lib/jdk/jdk1.8.0_201/lib/amd64/jli/libjli.so
7f8e4b396000-7f8e4b397000 rw-p 00017000 08:01 656155                     /usr/lib/jdk/jdk1.8.0_201/lib/amd64/jli/libjli.so
7f8e4b397000-7f8e4b3af000 r-xp 00000000 08:01 658949                     /lib/x86_64-linux-gnu/libpthread-2.23.so
7f8e4b3af000-7f8e4b5ae000 ---p 00018000 08:01 658949                     /lib/x86_64-linux-gnu/libpthread-2.23.so
7f8e4b5ae000-7f8e4b5af000 r--p 00017000 08:01 658949                     /lib/x86_64-linux-gnu/libpthread-2.23.so
7f8e4b5af000-7f8e4b5b0000 rw-p 00018000 08:01 658949                     /lib/x86_64-linux-gnu/libpthread-2.23.so
7f8e4b5b0000-7f8e4b5b4000 rw-p 00000000 00:00 0 
7f8e4b5b4000-7f8e4b5da000 r-xp 00000000 08:01 658775                     /lib/x86_64-linux-gnu/ld-2.23.so
7f8e4b5de000-7f8e4b5fa000 r--s 00393000 08:01 656354                     /usr/lib/jdk/jdk1.8.0_201/jre/lib/ext/cldrdata.jar
7f8e4b5fa000-7f8e4b5fe000 r--s 000a1000 08:01 656350                     /usr/lib/jdk/jdk1.8.0_201/jre/lib/jsse.jar
7f8e4b5fe000-7f8e4b6bc000 rw-p 00000000 00:00 0 
7f8e4b6bc000-7f8e4b6bf000 ---p 00000000 00:00 0 
7f8e4b6bf000-7f8e4b7c2000 rw-p 00000000 00:00 0 
7f8e4b7c2000-7f8e4b7ca000 r--s 0006e000 08:01 398946                     /home/hewitt/work/DiffTGen-master/lib/commons-lang3-3.5.jar
7f8e4b7ca000-7f8e4b7cb000 r--s 00000000 08:01 398951                     /home/hewitt/work/DiffTGen-master/lib/myprinter.jar
7f8e4b7cb000-7f8e4b7cf000 r--s 00039000 08:01 438330                     /home/hewitt/work/DiffTGen-master/output/patch1-Lang-59-SketchFix/Lang_59_1_sketchfix/target/build/classes/all0.jar
7f8e4b7cf000-7f8e4b7d7000 rw-s 00000000 08:01 158946                     /tmp/hsperfdata_hewitt/87299
7f8e4b7d7000-7f8e4b7d8000 rw-p 00000000 00:00 0 
7f8e4b7d8000-7f8e4b7d9000 ---p 00000000 00:00 0 
7f8e4b7d9000-7f8e4b7da000 r--p 00025000 08:01 658775                     /lib/x86_64-linux-gnu/ld-2.23.so
7f8e4b7da000-7f8e4b7db000 rw-p 00026000 08:01 658775                     /lib/x86_64-linux-gnu/ld-2.23.so
7f8e4b7db000-7f8e4b7dc000 rw-p 00000000 00:00 0 
7ffd74558000-7ffd7457a000 rw-p 00000000 00:00 0                          [stack]
7ffd745e3000-7ffd745e6000 r--p 00000000 00:00 0                          [vvar]
7ffd745e6000-7ffd745e8000 r-xp 00000000 00:00 0                          [vdso]
ffffffffff600000-ffffffffff601000 r-xp 00000000 00:00 0                  [vsyscall]

VM Arguments:
java_command: /home/hewitt/work/DiffTGen-master/lib/evosuite-1.0.6.jar -base_dir /home/hewitt/work/DiffTGen-master/output/patch1-Lang-59-SketchFix/Lang_59_1_sketchfix/target/0/1 -projectCP /home/hewitt/work/DiffTGen-master/output/patch1-Lang-59-SketchFix/Lang_59_1_sketchfix/target/build/classes/all0.jar:/home/hewitt/work/DiffTGen-master/lib/myprinter.jar:/home/hewitt/work/DiffTGen-master/lib/commons-lang3-3.5.jar -class org.apache.commons.lang.text.StrBuilder -Dassertions=false -Dsearch_budget=60
java_class_path (initial): /home/hewitt/work/DiffTGen-master/lib/evosuite-1.0.6.jar
Launcher Type: SUN_STANDARD

Environment Variables:
JAVA_HOME=/usr/lib/jdk/jdk1.8.0_201
JRE_HOME=/usr/lib/jdk/jdk1.8.0_201/jre
CLASSPATH=.:/usr/lib/jdk/jdk1.8.0_201/lib:/usr/lib/jdk/jdk1.8.0_201/jre/lib
PATH=/usr/lib/jdk/jdk1.8.0_201/bin:/home/hewitt/bin:/home/hewitt/.local/bin:/usr/lib/jdk/jdk1.7.0_80/bin:/usr/local/sbin:/usr/local/bin:/usr/sbin:/usr/bin:/sbin:/bin:/usr/games:/usr/local/games:/snap/bin:/home/hewitt/work/defects4j_v1.4.0/defects4j/framework/bin:/opt/apache-ant-1.9.14/bin:/home/hewitt/work/defects4j_v1.4.0/defects4j/framework/bin
SHELL=/bin/bash
DISPLAY=:0

Signal Handlers:
SIGSEGV: [libjvm.so+0xad3e60], sa_mask[0]=11111111011111111101111111111110, sa_flags=SA_RESTART|SA_SIGINFO
SIGBUS: [libjvm.so+0xad3e60], sa_mask[0]=11111111011111111101111111111110, sa_flags=SA_RESTART|SA_SIGINFO
SIGFPE: [libjvm.so+0x90b880], sa_mask[0]=11111111011111111101111111111110, sa_flags=SA_RESTART|SA_SIGINFO
SIGPIPE: [libjvm.so+0x90b880], sa_mask[0]=11111111011111111101111111111110, sa_flags=SA_RESTART|SA_SIGINFO
SIGXFSZ: [libjvm.so+0x90b880], sa_mask[0]=11111111011111111101111111111110, sa_flags=SA_RESTART|SA_SIGINFO
SIGILL: [libjvm.so+0x90b880], sa_mask[0]=11111111011111111101111111111110, sa_flags=SA_RESTART|SA_SIGINFO
SIGUSR1: SIG_DFL, sa_mask[0]=00000000000000000000000000000000, sa_flags=none
SIGUSR2: [libjvm.so+0x90b750], sa_mask[0]=00100000000000000000000000000000, sa_flags=SA_RESTART|SA_SIGINFO
SIGHUP: [libjvm.so+0x90bd70], sa_mask[0]=11111111011111111101111111111110, sa_flags=SA_RESTART|SA_SIGINFO
SIGINT: [libjvm.so+0x90bd70], sa_mask[0]=11111111011111111101111111111110, sa_flags=SA_RESTART|SA_SIGINFO
SIGTERM: [libjvm.so+0x90bd70], sa_mask[0]=11111111011111111101111111111110, sa_flags=SA_RESTART|SA_SIGINFO
SIGQUIT: [libjvm.so+0x90bd70], sa_mask[0]=11111111011111111101111111111110, sa_flags=SA_RESTART|SA_SIGINFO


---------------  S Y S T E M  ---------------

OS:DISTRIB_ID=Ubuntu
DISTRIB_RELEASE=16.04
DISTRIB_CODENAME=xenial
DISTRIB_DESCRIPTION="Ubuntu 16.04.6 LTS"

uname:Linux 4.15.0-91-generic #92~16.04.1-Ubuntu SMP Fri Feb 28 14:57:22 UTC 2020 x86_64
libc:glibc 2.23 NPTL 2.23 
rlimit: STACK 8192k, CORE 0k, NPROC 15448, NOFILE 1048576, AS infinity
load average:17.68 18.01 16.98

/proc/meminfo:
MemTotal:        4015928 kB
MemFree:           87404 kB
MemAvailable:          0 kB
Buffers:            1012 kB
Cached:            11284 kB
SwapCached:          764 kB
Active:          2923680 kB
Inactive:         589124 kB
Active(anon):    2918396 kB
Inactive(anon):   583508 kB
Active(file):       5284 kB
Inactive(file):     5616 kB
Unevictable:          48 kB
Mlocked:              48 kB
SwapTotal:        998396 kB
SwapFree:              0 kB
Dirty:                44 kB
Writeback:            84 kB
AnonPages:       3500820 kB
Mapped:             8924 kB
Shmem:               696 kB
Slab:              92508 kB
SReclaimable:      33912 kB
SUnreclaim:        58596 kB
KernelStack:       13728 kB
PageTables:        40220 kB
NFS_Unstable:          0 kB
Bounce:                0 kB
WritebackTmp:          0 kB
CommitLimit:     3006360 kB
Committed_AS:    8146080 kB
VmallocTotal:   34359738367 kB
VmallocUsed:           0 kB
VmallocChunk:          0 kB
HardwareCorrupted:     0 kB
AnonHugePages:         0 kB
ShmemHugePages:        0 kB
ShmemPmdMapped:        0 kB
CmaTotal:              0 kB
CmaFree:               0 kB
HugePages_Total:       0
HugePages_Free:        0
HugePages_Rsvd:        0
HugePages_Surp:        0
Hugepagesize:       2048 kB
DirectMap4k:       98112 kB
DirectMap2M:     4096000 kB
DirectMap1G:     2097152 kB

container (cgroup) information:
container_type: cgroupv1
cpu_cpuset_cpus: 0-3
cpu_memory_nodes: 0
active_processor_count: 4
cpu_quota: -1
cpu_period: 100000
cpu_shares: -1
memory_limit_in_bytes: -1
memory_and_swap_limit_in_bytes: -2
memory_soft_limit_in_bytes: -1
memory_usage_in_bytes: 3597631488
memory_max_usage_in_bytes: 80244736


CPU:total 4 (initial active 4) (2 cores per cpu, 1 threads per core) family 6 model 158 stepping 9, cmov, cx8, fxsr, mmx, sse, sse2, sse3, ssse3, sse4.1, sse4.2, popcnt, avx, avx2, aes, clmul, erms, 3dnowpref, lzcnt, tsc, tscinvbit, bmi1, bmi2, adx

/proc/cpuinfo:
processor	: 0
vendor_id	: GenuineIntel
cpu family	: 6
model		: 158
model name	: Intel(R) Core(TM) i7-7700HQ CPU @ 2.80GHz
stepping	: 9
microcode	: 0xb4
cpu MHz		: 2808.002
cache size	: 6144 KB
physical id	: 0
siblings	: 2
core id		: 0
cpu cores	: 2
apicid		: 0
initial apicid	: 0
fpu		: yes
fpu_exception	: yes
cpuid level	: 22
wp		: yes
flags		: fpu vme de pse tsc msr pae mce cx8 apic sep mtrr pge mca cmov pat pse36 clflush mmx fxsr sse sse2 ss ht syscall nx pdpe1gb rdtscp lm constant_tsc arch_perfmon nopl xtopology tsc_reliable nonstop_tsc cpuid pni pclmulqdq ssse3 fma cx16 pcid sse4_1 sse4_2 x2apic movbe popcnt tsc_deadline_timer aes xsave avx f16c rdrand hypervisor lahf_lm abm 3dnowprefetch cpuid_fault invpcid_single pti ssbd ibrs ibpb stibp fsgsbase tsc_adjust bmi1 avx2 smep bmi2 invpcid mpx rdseed adx smap clflushopt xsaveopt xsavec xsaves arat md_clear flush_l1d arch_capabilities
bugs		: cpu_meltdown spectre_v1 spectre_v2 spec_store_bypass l1tf mds swapgs itlb_multihit
bogomips	: 5616.00
clflush size	: 64
cache_alignment	: 64
address sizes	: 43 bits physical, 48 bits virtual
power management:

processor	: 1
vendor_id	: GenuineIntel
cpu family	: 6
model		: 158
model name	: Intel(R) Core(TM) i7-7700HQ CPU @ 2.80GHz
stepping	: 9
microcode	: 0xb4
cpu MHz		: 2808.002
cache size	: 6144 KB
physical id	: 0
siblings	: 2
core id		: 1
cpu cores	: 2
apicid		: 1
initial apicid	: 1
fpu		: yes
fpu_exception	: yes
cpuid level	: 22
wp		: yes
flags		: fpu vme de pse tsc msr pae mce cx8 apic sep mtrr pge mca cmov pat pse36 clflush mmx fxsr sse sse2 ss ht syscall nx pdpe1gb rdtscp lm constant_tsc arch_perfmon nopl xtopology tsc_reliable nonstop_tsc cpuid pni pclmulqdq ssse3 fma cx16 pcid sse4_1 sse4_2 x2apic movbe popcnt tsc_deadline_timer aes xsave avx f16c rdrand hypervisor lahf_lm abm 3dnowprefetch cpuid_fault invpcid_single pti ssbd ibrs ibpb stibp fsgsbase tsc_adjust bmi1 avx2 smep bmi2 invpcid mpx rdseed adx smap clflushopt xsaveopt xsavec xsaves arat md_clear flush_l1d arch_capabilities
bugs		: cpu_meltdown spectre_v1 spectre_v2 spec_store_bypass l1tf mds swapgs itlb_multihit
bogomips	: 5616.00
clflush size	: 64
cache_alignment	: 64
address sizes	: 43 bits physical, 48 bits virtual
power management:

processor	: 2
vendor_id	: GenuineIntel
cpu family	: 6
model		: 158
model name	: Intel(R) Core(TM) i7-7700HQ CPU @ 2.80GHz
stepping	: 9
microcode	: 0xb4
cpu MHz		: 2808.002
cache size	: 6144 KB
physical id	: 1
siblings	: 2
core id		: 0
cpu cores	: 2
apicid		: 2
initial apicid	: 2
fpu		: yes
fpu_exception	: yes
cpuid level	: 22
wp		: yes
flags		: fpu vme de pse tsc msr pae mce cx8 apic sep mtrr pge mca cmov pat pse36 clflush mmx fxsr sse sse2 ss ht syscall nx pdpe1gb rdtscp lm constant_tsc arch_perfmon nopl xtopology tsc_reliable nonstop_tsc cpuid pni pclmulqdq ssse3 fma cx16 pcid sse4_1 sse4_2 x2apic movbe popcnt tsc_deadline_timer aes xsave avx f16c rdrand hypervisor lahf_lm abm 3dnowprefetch cpuid_fault invpcid_single pti ssbd ibrs ibpb stibp fsgsbase tsc_adjust bmi1 avx2 smep bmi2 invpcid mpx rdseed adx smap clflushopt xsaveopt xsavec xsaves arat md_clear flush_l1d arch_capabilities
bugs		: cpu_meltdown spectre_v1 spectre_v2 spec_store_bypass l1tf mds swapgs itlb_multihit
bogomips	: 5616.00
clflush size	: 64
cache_alignment	: 64
address sizes	: 43 bits physical, 48 bits virtual
power management:

processor	: 3
vendor_id	: GenuineIntel
cpu family	: 6
model		: 158
model name	: Intel(R) Core(TM) i7-7700HQ CPU @ 2.80GHz
stepping	: 9
microcode	: 0xb4
cpu MHz		: 2808.002
cache size	: 6144 KB
physical id	: 1
siblings	: 2
core id		: 1
cpu cores	: 2
apicid		: 3
initial apicid	: 3
fpu		: yes
fpu_exception	: yes
cpuid level	: 22
wp		: yes
flags		: fpu vme de pse tsc msr pae mce cx8 apic sep mtrr pge mca cmov pat pse36 clflush mmx fxsr sse sse2 ss ht syscall nx pdpe1gb rdtscp lm constant_tsc arch_perfmon nopl xtopology tsc_reliable nonstop_tsc cpuid pni pclmulqdq ssse3 fma cx16 pcid sse4_1 sse4_2 x2apic movbe popcnt tsc_deadline_timer aes xsave avx f16c rdrand hypervisor lahf_lm abm 3dnowprefetch cpuid_fault invpcid_single pti ssbd ibrs ibpb stibp fsgsbase tsc_adjust bmi1 avx2 smep bmi2 invpcid mpx rdseed adx smap clflushopt xsaveopt xsavec xsaves arat md_clear flush_l1d arch_capabilities
bugs		: cpu_meltdown spectre_v1 spectre_v2 spec_store_bypass l1tf mds swapgs itlb_multihit
bogomips	: 5616.00
clflush size	: 64
cache_alignment	: 64
address sizes	: 43 bits physical, 48 bits virtual
power management:



Memory: 4k page, physical 4015928k(87404k free), swap 998396k(0k free)

vm_info: Java HotSpot(TM) 64-Bit Server VM (25.201-b09) for linux-amd64 JRE (1.8.0_201-b09), built on Dec 15 2018 11:35:59 by "java_re" with gcc 7.3.0

time: Sun Mar 29 18:30:13 2020
timezone: CST
elapsed time: 83 seconds (0d 0h 1m 23s)

