#
# There is insufficient memory for the Java Runtime Environment to continue.
# Native memory allocation (mmap) failed to map 58720256 bytes for committing reserved memory.
# Possible reasons:
#   The system is out of physical RAM or swap space
#   The process is running with CompressedOops enabled, and the Java Heap may be blocking the growth of the native heap
# Possible solutions:
#   Reduce memory load on the system
#   Increase physical memory or swap space
#   Check if swap backing store is full
#   Decrease Java heap size (-Xmx/-Xms)
#   Decrease number of Java threads
#   Decrease Java thread stack sizes (-Xss)
#   Set larger code cache with -XX:ReservedCodeCacheSize=
#   JVM is running with Unscaled Compressed Oops mode in which the Java heap is
#     placed in the first 4GB address space. The Java Heap base address is the
#     maximum limit for the native heap growth. Please use -XX:HeapBaseMinAddress
#     to set the Java Heap base and to place the Java Heap above 4GB virtual address.
# This output file may be truncated or incomplete.
#
#  Out of Memory Error (os_linux.cpp:2749), pid=61989, tid=0x00007f6076a48700
#
# JRE version: Java(TM) SE Runtime Environment (8.0_201-b09) (build 1.8.0_201-b09)
# Java VM: Java HotSpot(TM) 64-Bit Server VM (25.201-b09 mixed mode linux-amd64 compressed oops)
# Failed to write core dump. Core dumps have been disabled. To enable core dumping, try "ulimit -c unlimited" before starting Java again
#

---------------  T H R E A D  ---------------

Current thread (0x00007f6088140000):  VMThread [stack: 0x00007f6076948000,0x00007f6076a49000] [id=62027]

Stack: [0x00007f6076948000,0x00007f6076a49000],  sp=0x00007f6076a47450,  free space=1021k
Native frames: (J=compiled Java code, j=interpreted, Vv=VM code, C=native code)
V  [libjvm.so+0xad3525]  VMError::report_and_die()+0x2e5
V  [libjvm.so+0x4e0457]  report_vm_out_of_memory(char const*, int, unsigned long, VMErrorType, char const*)+0x67
V  [libjvm.so+0x9102f0]  os::pd_commit_memory(char*, unsigned long, unsigned long, bool)+0x100
V  [libjvm.so+0x90791f]  os::commit_memory(char*, unsigned long, unsigned long, bool)+0x1f
V  [libjvm.so+0x98c806]  PSVirtualSpace::expand_by(unsigned long)+0x56
V  [libjvm.so+0x98da98]  PSYoungGen::resize(unsigned long, unsigned long)+0xd8
V  [libjvm.so+0x98a236]  PSScavenge::invoke_no_policy()+0x1376
V  [libjvm.so+0x98a5cc]  PSScavenge::invoke()+0x4c
V  [libjvm.so+0x93a318]  ParallelScavengeHeap::failed_mem_allocate(unsigned long)+0x68
V  [libjvm.so+0xad5073]  VM_ParallelGCFailedAllocation::doit()+0x93
V  [libjvm.so+0xada296]  VM_Operation::evaluate()+0x46
V  [libjvm.so+0xad85cd]  VMThread::evaluate_operation(VM_Operation*) [clone .constprop.44]+0xcd
V  [libjvm.so+0xad8bb3]  VMThread::loop()+0x3a3
V  [libjvm.so+0xad8f88]  VMThread::run()+0x78
V  [libjvm.so+0x90d922]  java_start(Thread*)+0x102

VM_Operation (0x00007f603cff7970): ParallelGCFailedAllocation, mode: safepoint, requested by thread 0x00007f602c001000


---------------  P R O C E S S  ---------------

Java Threads: ( => current thread )
  0x00007f602c002800 JavaThread "RMI TCP Connection(3)-127.0.0.1" daemon [_thread_blocked, id=62479, stack(0x00007f603cdfd000,0x00007f603cefe000)]
  0x00007f602c001000 JavaThread "RMI TCP Connection(2)-127.0.0.1" daemon [_thread_blocked, id=62387, stack(0x00007f603cefe000,0x00007f603cfff000)]
  0x00007f6004038000 JavaThread "RMI Scheduler(0)" daemon [_thread_blocked, id=62382, stack(0x00007f60740a5000,0x00007f60741a6000)]
  0x00007f6004030800 JavaThread "RMI RenewClean-[127.0.0.1:19702]" daemon [_thread_blocked, id=62377, stack(0x00007f60741a6000,0x00007f60742a7000)]
  0x00007f6028001000 JavaThread "RMI TCP Connection(idle)" daemon [_thread_blocked, id=62371, stack(0x00007f60742b1000,0x00007f60743b2000)]
  0x00007f6024005000 JavaThread "pool-3-thread-3" [_thread_in_native, id=62334, stack(0x00007f60743b2000,0x00007f60744b3000)]
  0x00007f6024003000 JavaThread "pool-3-thread-2" [_thread_in_native, id=62329, stack(0x00007f60744b3000,0x00007f60745b4000)]
  0x00007f6024002000 JavaThread "pool-3-thread-1" [_thread_in_native, id=62321, stack(0x00007f60745b4000,0x00007f60746b5000)]
  0x00007f60883b8000 JavaThread "Thread-3" [_thread_in_native, id=62231, stack(0x00007f60746b5000,0x00007f60747b6000)]
  0x00007f60883b6800 JavaThread "Thread-2" [_thread_in_native, id=62224, stack(0x00007f60747b6000,0x00007f60748b7000)]
  0x00007f60883b5800 JavaThread "process reaper" daemon [_thread_in_native, id=62218, stack(0x00007f608c002000,0x00007f608c03b000)]
  0x00007f60883af000 JavaThread "pool-2-thread-1" [_thread_in_native, id=62154, stack(0x00007f60748b7000,0x00007f60749b8000)]
  0x00007f60883ad000 JavaThread "GC Daemon" daemon [_thread_blocked, id=62148, stack(0x00007f60749b8000,0x00007f6074ab9000)]
  0x00007f60883aa000 JavaThread "RMI Reaper" [_thread_blocked, id=62141, stack(0x00007f6074ab9000,0x00007f6074bba000)]
  0x00007f60883a3000 JavaThread "RMI TCP Accept-20322" daemon [_thread_in_native, id=62136, stack(0x00007f6074bba000,0x00007f6074cbb000)]
  0x00007f608839c000 JavaThread "RMI TCP Accept-4416" daemon [_thread_in_native, id=62122, stack(0x00007f6074cbb000,0x00007f6074dbc000)]
  0x00007f60882e1800 JavaThread "logback-3" daemon [_thread_blocked, id=62115, stack(0x00007f6075035000,0x00007f6075136000)]
  0x00007f60882dd800 JavaThread "logback-2" daemon [_thread_blocked, id=62109, stack(0x00007f6075136000,0x00007f6075237000)]
  0x00007f60882db800 JavaThread "logback-1" daemon [_thread_blocked, id=62105, stack(0x00007f6075237000,0x00007f6075338000)]
  0x00007f6088189000 JavaThread "Service Thread" daemon [_thread_blocked, id=62084, stack(0x00007f6075882000,0x00007f6075983000)]
  0x00007f6088186000 JavaThread "C1 CompilerThread2" daemon [_thread_blocked, id=62064, stack(0x00007f6075983000,0x00007f6075a84000)]
  0x00007f6088184800 JavaThread "C2 CompilerThread1" daemon [_thread_in_native, id=62057, stack(0x00007f6075a84000,0x00007f6075b85000)]
  0x00007f6088181800 JavaThread "C2 CompilerThread0" daemon [_thread_blocked, id=62051, stack(0x00007f6075b85000,0x00007f6075c86000)]
  0x00007f6088180000 JavaThread "Signal Dispatcher" daemon [_thread_blocked, id=62049, stack(0x00007f6075c86000,0x00007f6075d87000)]
  0x00007f608814c000 JavaThread "Finalizer" daemon [_thread_blocked, id=62046, stack(0x00007f6076746000,0x00007f6076847000)]
  0x00007f6088149800 JavaThread "Reference Handler" daemon [_thread_blocked, id=62039, stack(0x00007f6076847000,0x00007f6076948000)]
  0x00007f608800a800 JavaThread "main" [_thread_in_native, id=61990, stack(0x00007f6090e15000,0x00007f6090f16000)]

Other Threads:
=>0x00007f6088140000 VMThread [stack: 0x00007f6076948000,0x00007f6076a49000] [id=62027]
  0x00007f608818b800 WatcherThread [stack: 0x00007f6075781000,0x00007f6075882000] [id=62090]

VM state:at safepoint (normal execution)

VM Mutex/Monitor currently owned by a thread:  ([mutex/lock_event])
[0x00007f6088007070] Threads_lock - owner thread: 0x00007f6088140000
[0x00007f6088007570] Heap_lock - owner thread: 0x00007f602c001000

heap address: 0x00000000c2a00000, size: 982 MB, Compressed Oops mode: 32-bit
Narrow klass base: 0x0000000000000000, Narrow klass shift: 3
Compressed class space size: 1073741824 Address: 0x0000000100000000

Heap:
 PSYoungGen      total 66048K, used 6624K [0x00000000eb900000, 0x00000000f0400000, 0x0000000100000000)
  eden space 59392K, 0% used [0x00000000eb900000,0x00000000eb900000,0x00000000ef300000)
  from space 6656K, 99% used [0x00000000ef300000,0x00000000ef978110,0x00000000ef980000)
  to   space 2560K, 0% used [0x00000000ef980000,0x00000000ef980000,0x00000000efc00000)
 ParOldGen       total 42496K, used 13886K [0x00000000c2a00000, 0x00000000c5380000, 0x00000000eb900000)
  object space 42496K, 32% used [0x00000000c2a00000,0x00000000c378f868,0x00000000c5380000)
 Metaspace       used 13934K, capacity 14304K, committed 14592K, reserved 1062912K
  class space    used 1585K, capacity 1702K, committed 1792K, reserved 1048576K

Card table byte_map: [0x00007f608d9ca000,0x00007f608dbb6000] byte_map_base: 0x00007f608d3b5000

Marking Bits: (ParMarkBitMap*) 0x00007f60902ecd80
 Begin Bits: [0x00007f6077150000, 0x00007f60780a8000)
 End Bits:   [0x00007f60780a8000, 0x00007f6079000000)

Polling page: 0x00007f6090f31000

CodeCache: size=245760Kb used=6966Kb max_used=6978Kb free=238793Kb
 bounds [0x00007f6079000000, 0x00007f60796e0000, 0x00007f6088000000]
 total_blobs=2204 nmethods=1856 adapters=261
 compilation: enabled

Compilation events (10 events):
Event: 37.155 Thread 0x00007f6088186000 1895       1       java.lang.Long::longValue (5 bytes)
Event: 37.155 Thread 0x00007f6088186000 nmethod 1895 0x00007f60796c9150 code [0x00007f60796c92a0, 0x00007f60796c93b0]
Event: 37.155 Thread 0x00007f6088186000 1893       2       java.io.ObjectInputStream$BlockDataInputStream::readLong (76 bytes)
Event: 37.314 Thread 0x00007f6088181800 nmethod 1877 0x00007f60796d1590 code [0x00007f60796d1880, 0x00007f60796d2d10]
Event: 37.314 Thread 0x00007f6088181800 1839 %     4       org.evosuite.instrumentation.coverage.MutationInstrumentation::analyze @ 657 (720 bytes)
Event: 37.315 Thread 0x00007f6088186000 nmethod 1893 0x00007f60796c8c50 code [0x00007f60796c8de0, 0x00007f60796c9008]
Event: 37.315 Thread 0x00007f6088186000 1894       2       java.lang.Long::hashCode (8 bytes)
Event: 37.315 Thread 0x00007f6088186000 nmethod 1894 0x00007f60796c8910 code [0x00007f60796c8a60, 0x00007f60796c8bd0]
Event: 37.321 Thread 0x00007f6088181800 nmethod 1839% 0x00007f60796ce890 code [0x00007f60796cea60, 0x00007f60796cef88]
Event: 37.321 Thread 0x00007f6088181800 1892 %     4       org.evosuite.instrumentation.coverage.BranchInstrumentation::analyze @ 60 (274 bytes)

GC Heap History (10 events):
Event: 2.230 GC heap after
Heap after GC invocations=3 (full 1):
 PSYoungGen      total 34304K, used 0K [0x00000000eb900000, 0x00000000edd00000, 0x0000000100000000)
  eden space 31744K, 0% used [0x00000000eb900000,0x00000000eb900000,0x00000000ed800000)
  from space 2560K, 0% used [0x00000000eda80000,0x00000000eda80000,0x00000000edd00000)
  to   space 2560K, 0% used [0x00000000ed800000,0x00000000ed800000,0x00000000eda80000)
 ParOldGen       total 42496K, used 3546K [0x00000000c2a00000, 0x00000000c5380000, 0x00000000eb900000)
  object space 42496K, 8% used [0x00000000c2a00000,0x00000000c2d76a88,0x00000000c5380000)
 Metaspace       used 10232K, capacity 10428K, committed 10624K, reserved 1058816K
  class space    used 1239K, capacity 1324K, committed 1408K, reserved 1048576K
}
Event: 32.602 GC heap before
{Heap before GC invocations=4 (full 1):
 PSYoungGen      total 34304K, used 31744K [0x00000000eb900000, 0x00000000edd00000, 0x0000000100000000)
  eden space 31744K, 100% used [0x00000000eb900000,0x00000000ed800000,0x00000000ed800000)
  from space 2560K, 0% used [0x00000000eda80000,0x00000000eda80000,0x00000000edd00000)
  to   space 2560K, 0% used [0x00000000ed800000,0x00000000ed800000,0x00000000eda80000)
 ParOldGen       total 42496K, used 3546K [0x00000000c2a00000, 0x00000000c5380000, 0x00000000eb900000)
  object space 42496K, 8% used [0x00000000c2a00000,0x00000000c2d76a88,0x00000000c5380000)
 Metaspace       used 13635K, capacity 14048K, committed 14336K, reserved 1062912K
  class space    used 1584K, capacity 1702K, committed 1792K, reserved 1048576K
Event: 32.897 GC heap after
Heap after GC invocations=4 (full 1):
 PSYoungGen      total 34304K, used 2543K [0x00000000eb900000, 0x00000000edd00000, 0x0000000100000000)
  eden space 31744K, 0% used [0x00000000eb900000,0x00000000eb900000,0x00000000ed800000)
  from space 2560K, 99% used [0x00000000ed800000,0x00000000eda7bf78,0x00000000eda80000)
  to   space 2560K, 0% used [0x00000000eda80000,0x00000000eda80000,0x00000000edd00000)
 ParOldGen       total 42496K, used 6655K [0x00000000c2a00000, 0x00000000c5380000, 0x00000000eb900000)
  object space 42496K, 15% used [0x00000000c2a00000,0x00000000c307fff0,0x00000000c5380000)
 Metaspace       used 13635K, capacity 14048K, committed 14336K, reserved 1062912K
  class space    used 1584K, capacity 1702K, committed 1792K, reserved 1048576K
}
Event: 34.716 GC heap before
{Heap before GC invocations=5 (full 1):
 PSYoungGen      total 34304K, used 34287K [0x00000000eb900000, 0x00000000edd00000, 0x0000000100000000)
  eden space 31744K, 100% used [0x00000000eb900000,0x00000000ed800000,0x00000000ed800000)
  from space 2560K, 99% used [0x00000000ed800000,0x00000000eda7bf78,0x00000000eda80000)
  to   space 2560K, 0% used [0x00000000eda80000,0x00000000eda80000,0x00000000edd00000)
 ParOldGen       total 42496K, used 6655K [0x00000000c2a00000, 0x00000000c5380000, 0x00000000eb900000)
  object space 42496K, 15% used [0x00000000c2a00000,0x00000000c307fff0,0x00000000c5380000)
 Metaspace       used 13803K, capacity 14240K, committed 14336K, reserved 1062912K
  class space    used 1585K, capacity 1702K, committed 1792K, reserved 1048576K
Event: 34.733 GC heap after
Heap after GC invocations=5 (full 1):
 PSYoungGen      total 34304K, used 2560K [0x00000000eb900000, 0x00000000edd00000, 0x0000000100000000)
  eden space 31744K, 0% used [0x00000000eb900000,0x00000000eb900000,0x00000000ed800000)
  from space 2560K, 100% used [0x00000000eda80000,0x00000000edd00000,0x00000000edd00000)
  to   space 2560K, 0% used [0x00000000ed800000,0x00000000ed800000,0x00000000eda80000)
 ParOldGen       total 42496K, used 8897K [0x00000000c2a00000, 0x00000000c5380000, 0x00000000eb900000)
  object space 42496K, 20% used [0x00000000c2a00000,0x00000000c32b04c8,0x00000000c5380000)
 Metaspace       used 13803K, capacity 14240K, committed 14336K, reserved 1062912K
  class space    used 1585K, capacity 1702K, committed 1792K, reserved 1048576K
}
Event: 35.292 GC heap before
{Heap before GC invocations=6 (full 1):
 PSYoungGen      total 34304K, used 34304K [0x00000000eb900000, 0x00000000edd00000, 0x0000000100000000)
  eden space 31744K, 100% used [0x00000000eb900000,0x00000000ed800000,0x00000000ed800000)
  from space 2560K, 100% used [0x00000000eda80000,0x00000000edd00000,0x00000000edd00000)
  to   space 2560K, 0% used [0x00000000ed800000,0x00000000ed800000,0x00000000eda80000)
 ParOldGen       total 42496K, used 8897K [0x00000000c2a00000, 0x00000000c5380000, 0x00000000eb900000)
  object space 42496K, 20% used [0x00000000c2a00000,0x00000000c32b04c8,0x00000000c5380000)
 Metaspace       used 13860K, capacity 14240K, committed 14336K, reserved 1062912K
  class space    used 1585K, capacity 1702K, committed 1792K, reserved 1048576K
Event: 35.316 GC heap after
Heap after GC invocations=6 (full 1):
 PSYoungGen      total 34304K, used 2560K [0x00000000eb900000, 0x00000000efc00000, 0x0000000100000000)
  eden space 31744K, 0% used [0x00000000eb900000,0x00000000eb900000,0x00000000ed800000)
  from space 2560K, 100% used [0x00000000ed800000,0x00000000eda80000,0x00000000eda80000)
  to   space 2560K, 0% used [0x00000000ef980000,0x00000000ef980000,0x00000000efc00000)
 ParOldGen       total 42496K, used 10961K [0x00000000c2a00000, 0x00000000c5380000, 0x00000000eb900000)
  object space 42496K, 25% used [0x00000000c2a00000,0x00000000c34b4638,0x00000000c5380000)
 Metaspace       used 13860K, capacity 14240K, committed 14336K, reserved 1062912K
  class space    used 1585K, capacity 1702K, committed 1792K, reserved 1048576K
}
Event: 35.819 GC heap before
{Heap before GC invocations=7 (full 1):
 PSYoungGen      total 34304K, used 34304K [0x00000000eb900000, 0x00000000efc00000, 0x0000000100000000)
  eden space 31744K, 100% used [0x00000000eb900000,0x00000000ed800000,0x00000000ed800000)
  from space 2560K, 100% used [0x00000000ed800000,0x00000000eda80000,0x00000000eda80000)
  to   space 2560K, 0% used [0x00000000ef980000,0x00000000ef980000,0x00000000efc00000)
 ParOldGen       total 42496K, used 10961K [0x00000000c2a00000, 0x00000000c5380000, 0x00000000eb900000)
  object space 42496K, 25% used [0x00000000c2a00000,0x00000000c34b4638,0x00000000c5380000)
 Metaspace       used 13905K, capacity 14304K, committed 14592K, reserved 1062912K
  class space    used 1585K, capacity 1702K, committed 1792K, reserved 1048576K
Event: 36.204 GC heap after
Heap after GC invocations=7 (full 1):
 PSYoungGen      total 61952K, used 2528K [0x00000000eb900000, 0x00000000f0400000, 0x0000000100000000)
  eden space 59392K, 0% used [0x00000000eb900000,0x00000000eb900000,0x00000000ef300000)
  from space 2560K, 98% used [0x00000000ef980000,0x00000000efbf8090,0x00000000efc00000)
  to   space 6656K, 0% used [0x00000000ef300000,0x00000000ef300000,0x00000000ef980000)
 ParOldGen       total 42496K, used 13273K [0x00000000c2a00000, 0x00000000c5380000, 0x00000000eb900000)
  object space 42496K, 31% used [0x00000000c2a00000,0x00000000c36f6510,0x00000000c5380000)
 Metaspace       used 13905K, capacity 14304K, committed 14592K, reserved 1062912K
  class space    used 1585K, capacity 1702K, committed 1792K, reserved 1048576K
}
Event: 37.516 GC heap before
{Heap before GC invocations=8 (full 1):
 PSYoungGen      total 61952K, used 61920K [0x00000000eb900000, 0x00000000f0400000, 0x0000000100000000)
  eden space 59392K, 100% used [0x00000000eb900000,0x00000000ef300000,0x00000000ef300000)
  from space 2560K, 98% used [0x00000000ef980000,0x00000000efbf8090,0x00000000efc00000)
  to   space 6656K, 0% used [0x00000000ef300000,0x00000000ef300000,0x00000000ef980000)
 ParOldGen       total 42496K, used 13273K [0x00000000c2a00000, 0x00000000c5380000, 0x00000000eb900000)
  object space 42496K, 31% used [0x00000000c2a00000,0x00000000c36f6510,0x00000000c5380000)
 Metaspace       used 13934K, capacity 14304K, committed 14592K, reserved 1062912K
  class space    used 1585K, capacity 1702K, committed 1792K, reserved 1048576K

Deoptimization events (10 events):
Event: 27.879 Thread 0x00007f602c001000 Uncommon trap: reason=uninitialized action=reinterpret pc=0x00007f60793e833c method=java.io.ObjectInputStream$HandleTable.markDependency(II)V @ 110
Event: 28.453 Thread 0x00007f602c001000 Uncommon trap: reason=class_check action=maybe_recompile pc=0x00007f60793ddf70 method=java.util.HashMap.putVal(ILjava/lang/Object;Ljava/lang/Object;ZZ)Ljava/lang/Object; @ 203
Event: 28.975 Thread 0x00007f602c001000 Uncommon trap: reason=unstable_if action=reinterpret pc=0x00007f6079208c30 method=java.lang.AbstractStringBuilder.append(Ljava/lang/String;)Ljava/lang/AbstractStringBuilder; @ 1
Event: 29.182 Thread 0x00007f602c001000 Uncommon trap: reason=unstable_if action=reinterpret pc=0x00007f60791f7d78 method=java.lang.AbstractStringBuilder.append(Ljava/lang/String;)Ljava/lang/AbstractStringBuilder; @ 1
Event: 29.440 Thread 0x00007f602c001000 Uncommon trap: reason=class_check action=maybe_recompile pc=0x00007f60793ddf70 method=java.util.HashMap.putVal(ILjava/lang/Object;Ljava/lang/Object;ZZ)Ljava/lang/Object; @ 203
Event: 35.772 Thread 0x00007f602c001000 Uncommon trap: reason=bimorphic action=maybe_recompile pc=0x00007f6079510640 method=java.util.AbstractCollection.addAll(Ljava/util/Collection;)Z @ 3
Event: 35.772 Thread 0x00007f602c001000 Uncommon trap: reason=bimorphic action=maybe_recompile pc=0x00007f6079510640 method=java.util.AbstractCollection.addAll(Ljava/util/Collection;)Z @ 3
Event: 35.772 Thread 0x00007f602c001000 Uncommon trap: reason=bimorphic action=maybe_recompile pc=0x00007f6079510640 method=java.util.AbstractCollection.addAll(Ljava/util/Collection;)Z @ 3
Event: 35.772 Thread 0x00007f602c001000 Uncommon trap: reason=bimorphic action=maybe_recompile pc=0x00007f6079510640 method=java.util.AbstractCollection.addAll(Ljava/util/Collection;)Z @ 3
Event: 36.232 Thread 0x00007f602c001000 Uncommon trap: reason=unstable_if action=reinterpret pc=0x00007f6079667148 method=org.evosuite.shaded.org.objectweb.asm.Frame.merge(Lorg/evosuite/shaded/org/objectweb/asm/ClassWriter;I[II)Z @ 20

Classes redefined (0 events):
No events

Internal exceptions (10 events):
Event: 11.211 Thread 0x00007f60882e1800 Exception <a 'java/net/ConnectException'> (0x00000000ebd9f588) thrown at [/HUDSON/workspace/8-2-build-linux-amd64/jdk8u201/12317/hotspot/src/share/vm/prims/jni.cpp, line 709]
Event: 21.168 Thread 0x00007f60882db800 Exception <a 'java/net/ConnectException'> (0x00000000ebd013a0) thrown at [/HUDSON/workspace/8-2-build-linux-amd64/jdk8u201/12317/hotspot/src/share/vm/prims/jni.cpp, line 709]
Event: 21.188 Thread 0x00007f60882dd800 Exception <a 'java/net/ConnectException'> (0x00000000ebd50a28) thrown at [/HUDSON/workspace/8-2-build-linux-amd64/jdk8u201/12317/hotspot/src/share/vm/prims/jni.cpp, line 709]
Event: 21.211 Thread 0x00007f60882e1800 Exception <a 'java/net/ConnectException'> (0x00000000ebda00b0) thrown at [/HUDSON/workspace/8-2-build-linux-amd64/jdk8u201/12317/hotspot/src/share/vm/prims/jni.cpp, line 709]
Event: 27.662 Thread 0x00007f602c001000 Exception <a 'java/lang/NoSuchMethodError': <clinit>> (0x00000000ec5c3908) thrown at [/HUDSON/workspace/8-2-build-linux-amd64/jdk8u201/12317/hotspot/src/share/vm/prims/jni.cpp, line 1613]
Event: 28.975 Thread 0x00007f602c001000 Implicit null exception at 0x00007f6079208875 to 0x00007f6079208c1d
Event: 29.182 Thread 0x00007f602c001000 Implicit null exception at 0x00007f60791f79b6 to 0x00007f60791f7d61
Event: 31.282 Thread 0x00007f60882db800 Exception <a 'java/net/ConnectException'> (0x00000000ebd01ec8) thrown at [/HUDSON/workspace/8-2-build-linux-amd64/jdk8u201/12317/hotspot/src/share/vm/prims/jni.cpp, line 709]
Event: 31.308 Thread 0x00007f60882dd800 Exception <a 'java/net/ConnectException'> (0x00000000ebd51550) thrown at [/HUDSON/workspace/8-2-build-linux-amd64/jdk8u201/12317/hotspot/src/share/vm/prims/jni.cpp, line 709]
Event: 32.577 Thread 0x00007f60882e1800 Exception <a 'java/net/ConnectException'> (0x00000000ebda0bd8) thrown at [/HUDSON/workspace/8-2-build-linux-amd64/jdk8u201/12317/hotspot/src/share/vm/prims/jni.cpp, line 709]

Events (10 events):
Event: 36.232 Thread 0x00007f602c001000 DEOPT UNPACKING pc=0x00007f607904573a sp=0x00007f603cff7920 mode 2
Event: 36.837 Thread 0x00007f602c001000 DEOPT PACKING pc=0x00007f607966b4c4 sp=0x00007f603cff7ec0
Event: 36.837 Thread 0x00007f602c001000 DEOPT UNPACKING pc=0x00007f6079047784 sp=0x00007f603cff7bf8 mode 0
Event: 36.858 Thread 0x00007f602c001000 DEOPT PACKING pc=0x00007f607966b4c4 sp=0x00007f603cff7df0
Event: 36.858 Thread 0x00007f602c001000 DEOPT UNPACKING pc=0x00007f6079047784 sp=0x00007f603cff7b28 mode 0
Event: 36.953 Thread 0x00007f602c001000 DEOPT PACKING pc=0x00007f607964d0bb sp=0x00007f603cff7d20
Event: 36.953 Thread 0x00007f602c001000 DEOPT UNPACKING pc=0x00007f6079047784 sp=0x00007f603cff7cc0 mode 0
Event: 36.973 Thread 0x00007f602c001000 DEOPT PACKING pc=0x00007f607966b4c4 sp=0x00007f603cff7df0
Event: 36.973 Thread 0x00007f602c001000 DEOPT UNPACKING pc=0x00007f6079047784 sp=0x00007f603cff7b28 mode 0
Event: 37.508 Executing VM operation: ParallelGCFailedAllocation


Dynamic libraries:
00400000-00401000 r-xp 00000000 08:01 654793                             /usr/lib/jdk/jdk1.8.0_201/bin/java
00600000-00601000 r--p 00000000 08:01 654793                             /usr/lib/jdk/jdk1.8.0_201/bin/java
00601000-00602000 rw-p 00001000 08:01 654793                             /usr/lib/jdk/jdk1.8.0_201/bin/java
01356000-0157f000 rw-p 00000000 00:00 0                                  [heap]
c2a00000-c5380000 rw-p 00000000 00:00 0 
c5380000-eb900000 ---p 00000000 00:00 0 
eb900000-f0400000 rw-p 00000000 00:00 0 
f3c00000-100000000 ---p 00000000 00:00 0 
100000000-1001c0000 rw-p 00000000 00:00 0 
1001c0000-140000000 ---p 00000000 00:00 0 
7f5ff8000000-7f5ff8021000 rw-p 00000000 00:00 0 
7f5ff8021000-7f5ffc000000 ---p 00000000 00:00 0 
7f5ffc000000-7f5ffc021000 rw-p 00000000 00:00 0 
7f5ffc021000-7f6000000000 ---p 00000000 00:00 0 
7f6000000000-7f6000021000 rw-p 00000000 00:00 0 
7f6000021000-7f6004000000 ---p 00000000 00:00 0 
7f6004000000-7f600403b000 rw-p 00000000 00:00 0 
7f600403b000-7f6008000000 ---p 00000000 00:00 0 
7f6008000000-7f6008021000 rw-p 00000000 00:00 0 
7f6008021000-7f600c000000 ---p 00000000 00:00 0 
7f600c000000-7f600c021000 rw-p 00000000 00:00 0 
7f600c021000-7f6010000000 ---p 00000000 00:00 0 
7f6010000000-7f6010021000 rw-p 00000000 00:00 0 
7f6010021000-7f6014000000 ---p 00000000 00:00 0 
7f6014000000-7f6014021000 rw-p 00000000 00:00 0 
7f6014021000-7f6018000000 ---p 00000000 00:00 0 
7f6018000000-7f6018021000 rw-p 00000000 00:00 0 
7f6018021000-7f601c000000 ---p 00000000 00:00 0 
7f601c000000-7f601c021000 rw-p 00000000 00:00 0 
7f601c021000-7f6020000000 ---p 00000000 00:00 0 
7f6020000000-7f6020021000 rw-p 00000000 00:00 0 
7f6020021000-7f6024000000 ---p 00000000 00:00 0 
7f6024000000-7f6024021000 rw-p 00000000 00:00 0 
7f6024021000-7f6028000000 ---p 00000000 00:00 0 
7f6028000000-7f6028021000 rw-p 00000000 00:00 0 
7f6028021000-7f602c000000 ---p 00000000 00:00 0 
7f602c000000-7f602c021000 rw-p 00000000 00:00 0 
7f602c021000-7f6030000000 ---p 00000000 00:00 0 
7f6030000000-7f6030021000 rw-p 00000000 00:00 0 
7f6030021000-7f6034000000 ---p 00000000 00:00 0 
7f6034000000-7f6034021000 rw-p 00000000 00:00 0 
7f6034021000-7f6038000000 ---p 00000000 00:00 0 
7f6038000000-7f6038021000 rw-p 00000000 00:00 0 
7f6038021000-7f603c000000 ---p 00000000 00:00 0 
7f603c9fd000-7f603ca7d000 rw-p 00000000 00:00 0 
7f603ca7d000-7f603cbfd000 ---p 00000000 00:00 0 
7f603cbfd000-7f603cdfd000 rw-p 00000000 00:00 0 
7f603cdfd000-7f603ce00000 ---p 00000000 00:00 0 
7f603ce00000-7f603cefe000 rw-p 00000000 00:00 0 
7f603cefe000-7f603cf01000 ---p 00000000 00:00 0 
7f603cf01000-7f6040000000 rw-p 00000000 00:00 0 
7f6040000000-7f6040021000 rw-p 00000000 00:00 0 
7f6040021000-7f6044000000 ---p 00000000 00:00 0 
7f6044000000-7f6044021000 rw-p 00000000 00:00 0 
7f6044021000-7f6048000000 ---p 00000000 00:00 0 
7f6048000000-7f60489be000 rw-p 00000000 00:00 0 
7f60489be000-7f604c000000 ---p 00000000 00:00 0 
7f604c000000-7f604cadd000 rw-p 00000000 00:00 0 
7f604cadd000-7f6050000000 ---p 00000000 00:00 0 
7f6050000000-7f6050021000 rw-p 00000000 00:00 0 
7f6050021000-7f6054000000 ---p 00000000 00:00 0 
7f6054000000-7f6054db2000 rw-p 00000000 00:00 0 
7f6054db2000-7f6058000000 ---p 00000000 00:00 0 
7f6058000000-7f6058021000 rw-p 00000000 00:00 0 
7f6058021000-7f605c000000 ---p 00000000 00:00 0 
7f605c000000-7f605c021000 rw-p 00000000 00:00 0 
7f605c021000-7f6060000000 ---p 00000000 00:00 0 
7f6060000000-7f6060021000 rw-p 00000000 00:00 0 
7f6060021000-7f6064000000 ---p 00000000 00:00 0 
7f6064000000-7f60642f5000 rw-p 00000000 00:00 0 
7f60642f5000-7f6068000000 ---p 00000000 00:00 0 
7f6068000000-7f6068021000 rw-p 00000000 00:00 0 
7f6068021000-7f606c000000 ---p 00000000 00:00 0 
7f606c000000-7f606c021000 rw-p 00000000 00:00 0 
7f606c021000-7f6070000000 ---p 00000000 00:00 0 
7f6070000000-7f6070021000 rw-p 00000000 00:00 0 
7f6070021000-7f6074000000 ---p 00000000 00:00 0 
7f60740a5000-7f60740a8000 ---p 00000000 00:00 0 
7f60740a8000-7f60741a6000 rw-p 00000000 00:00 0 
7f60741a6000-7f60741a9000 ---p 00000000 00:00 0 
7f60741a9000-7f60742a7000 rw-p 00000000 00:00 0 
7f60742a7000-7f60742b1000 r--s 00116000 08:01 656361                     /usr/lib/jdk/jdk1.8.0_201/jre/lib/ext/localedata.jar
7f60742b1000-7f60742b4000 ---p 00000000 00:00 0 
7f60742b4000-7f60743b2000 rw-p 00000000 00:00 0 
7f60743b2000-7f60743b5000 ---p 00000000 00:00 0 
7f60743b5000-7f60744b3000 rw-p 00000000 00:00 0 
7f60744b3000-7f60744b6000 ---p 00000000 00:00 0 
7f60744b6000-7f60745b4000 rw-p 00000000 00:00 0 
7f60745b4000-7f60745b7000 ---p 00000000 00:00 0 
7f60745b7000-7f60746b5000 rw-p 00000000 00:00 0 
7f60746b5000-7f60746b8000 ---p 00000000 00:00 0 
7f60746b8000-7f60747b6000 rw-p 00000000 00:00 0 
7f60747b6000-7f60747b9000 ---p 00000000 00:00 0 
7f60747b9000-7f60748b7000 rw-p 00000000 00:00 0 
7f60748b7000-7f60748ba000 ---p 00000000 00:00 0 
7f60748ba000-7f60749b8000 rw-p 00000000 00:00 0 
7f60749b8000-7f60749bb000 ---p 00000000 00:00 0 
7f60749bb000-7f6074ab9000 rw-p 00000000 00:00 0 
7f6074ab9000-7f6074abc000 ---p 00000000 00:00 0 
7f6074abc000-7f6074bba000 rw-p 00000000 00:00 0 
7f6074bba000-7f6074bbd000 ---p 00000000 00:00 0 
7f6074bbd000-7f6074cbb000 rw-p 00000000 00:00 0 
7f6074cbb000-7f6074cbe000 ---p 00000000 00:00 0 
7f6074cbe000-7f6074fbc000 rw-p 00000000 00:00 0 
7f6074fbc000-7f6075035000 r--s 010fd000 08:01 654900                     /usr/lib/jdk/jdk1.8.0_201/lib/tools.jar
7f6075035000-7f6075038000 ---p 00000000 00:00 0 
7f6075038000-7f6075136000 rw-p 00000000 00:00 0 
7f6075136000-7f6075139000 ---p 00000000 00:00 0 
7f6075139000-7f6075237000 rw-p 00000000 00:00 0 
7f6075237000-7f607523a000 ---p 00000000 00:00 0 
7f607523a000-7f6075338000 rw-p 00000000 00:00 0 
7f6075338000-7f607534e000 r-xp 00000000 08:01 656512                     /usr/lib/jdk/jdk1.8.0_201/jre/lib/amd64/libnet.so
7f607534e000-7f607554e000 ---p 00016000 08:01 656512                     /usr/lib/jdk/jdk1.8.0_201/jre/lib/amd64/libnet.so
7f607554e000-7f607554f000 r--p 00016000 08:01 656512                     /usr/lib/jdk/jdk1.8.0_201/jre/lib/amd64/libnet.so
7f607554f000-7f6075550000 rw-p 00017000 08:01 656512                     /usr/lib/jdk/jdk1.8.0_201/jre/lib/amd64/libnet.so
7f6075550000-7f6075781000 r--s 01bb1000 08:01 403225                     /home/hewitt/work/DiffTGen-master/lib/evosuite-1.0.6.jar
7f6075781000-7f6075782000 ---p 00000000 00:00 0 
7f6075782000-7f6075882000 rw-p 00000000 00:00 0 
7f6075882000-7f6075885000 ---p 00000000 00:00 0 
7f6075885000-7f6075983000 rw-p 00000000 00:00 0 
7f6075983000-7f6075986000 ---p 00000000 00:00 0 
7f6075986000-7f6075a84000 rw-p 00000000 00:00 0 
7f6075a84000-7f6075a87000 ---p 00000000 00:00 0 
7f6075a87000-7f6075b85000 rw-p 00000000 00:00 0 
7f6075b85000-7f6075b88000 ---p 00000000 00:00 0 
7f6075b88000-7f6075c86000 rw-p 00000000 00:00 0 
7f6075c86000-7f6075c89000 ---p 00000000 00:00 0 
7f6075c89000-7f6075d87000 rw-p 00000000 00:00 0 
7f6075d87000-7f6076746000 r--p 00000000 08:01 270368                     /usr/lib/locale/locale-archive
7f6076746000-7f6076749000 ---p 00000000 00:00 0 
7f6076749000-7f6076847000 rw-p 00000000 00:00 0 
7f6076847000-7f607684a000 ---p 00000000 00:00 0 
7f607684a000-7f6076948000 rw-p 00000000 00:00 0 
7f6076948000-7f6076949000 ---p 00000000 00:00 0 
7f6076949000-7f6079000000 rw-p 00000000 00:00 0 
7f6079000000-7f60796e0000 rwxp 00000000 00:00 0 
7f60796e0000-7f6088000000 ---p 00000000 00:00 0 
7f6088000000-7f60884bf000 rw-p 00000000 00:00 0 
7f60884bf000-7f608c000000 ---p 00000000 00:00 0 
7f608c002000-7f608c005000 ---p 00000000 00:00 0 
7f608c005000-7f608c843000 rw-p 00000000 00:00 0 
7f608c843000-7f608ca1d000 r--s 03d6f000 08:01 656293                     /usr/lib/jdk/jdk1.8.0_201/jre/lib/rt.jar
7f608ca1d000-7f608d47e000 rw-p 00000000 00:00 0 
7f608d47e000-7f608d47f000 ---p 00000000 00:00 0 
7f608d47f000-7f608d57f000 rw-p 00000000 00:00 0 
7f608d57f000-7f608d580000 ---p 00000000 00:00 0 
7f608d580000-7f608d680000 rw-p 00000000 00:00 0 
7f608d680000-7f608d681000 ---p 00000000 00:00 0 
7f608d681000-7f608d781000 rw-p 00000000 00:00 0 
7f608d781000-7f608d782000 ---p 00000000 00:00 0 
7f608d782000-7f608d897000 rw-p 00000000 00:00 0 
7f608d897000-7f608d9ca000 ---p 00000000 00:00 0 
7f608d9ca000-7f608d9df000 rw-p 00000000 00:00 0 
7f608d9df000-7f608db11000 ---p 00000000 00:00 0 
7f608db11000-7f608db37000 rw-p 00000000 00:00 0 
7f608db37000-7f608dbb5000 ---p 00000000 00:00 0 
7f608dbb5000-7f608dbd2000 rw-p 00000000 00:00 0 
7f608dbd2000-7f608df76000 ---p 00000000 00:00 0 
7f608df76000-7f608df91000 r-xp 00000000 08:01 656508                     /usr/lib/jdk/jdk1.8.0_201/jre/lib/amd64/libzip.so
7f608df91000-7f608e190000 ---p 0001b000 08:01 656508                     /usr/lib/jdk/jdk1.8.0_201/jre/lib/amd64/libzip.so
7f608e190000-7f608e191000 r--p 0001a000 08:01 656508                     /usr/lib/jdk/jdk1.8.0_201/jre/lib/amd64/libzip.so
7f608e191000-7f608e192000 rw-p 0001b000 08:01 656508                     /usr/lib/jdk/jdk1.8.0_201/jre/lib/amd64/libzip.so
7f608e192000-7f608e19d000 r-xp 00000000 08:01 658902                     /lib/x86_64-linux-gnu/libnss_files-2.23.so
7f608e19d000-7f608e39c000 ---p 0000b000 08:01 658902                     /lib/x86_64-linux-gnu/libnss_files-2.23.so
7f608e39c000-7f608e39d000 r--p 0000a000 08:01 658902                     /lib/x86_64-linux-gnu/libnss_files-2.23.so
7f608e39d000-7f608e39e000 rw-p 0000b000 08:01 658902                     /lib/x86_64-linux-gnu/libnss_files-2.23.so
7f608e39e000-7f608e3a4000 rw-p 00000000 00:00 0 
7f608e3a4000-7f608e3af000 r-xp 00000000 08:01 658912                     /lib/x86_64-linux-gnu/libnss_nis-2.23.so
7f608e3af000-7f608e5ae000 ---p 0000b000 08:01 658912                     /lib/x86_64-linux-gnu/libnss_nis-2.23.so
7f608e5ae000-7f608e5af000 r--p 0000a000 08:01 658912                     /lib/x86_64-linux-gnu/libnss_nis-2.23.so
7f608e5af000-7f608e5b0000 rw-p 0000b000 08:01 658912                     /lib/x86_64-linux-gnu/libnss_nis-2.23.so
7f608e5b0000-7f608e5c6000 r-xp 00000000 08:01 658896                     /lib/x86_64-linux-gnu/libnsl-2.23.so
7f608e5c6000-7f608e7c5000 ---p 00016000 08:01 658896                     /lib/x86_64-linux-gnu/libnsl-2.23.so
7f608e7c5000-7f608e7c6000 r--p 00015000 08:01 658896                     /lib/x86_64-linux-gnu/libnsl-2.23.so
7f608e7c6000-7f608e7c7000 rw-p 00016000 08:01 658896                     /lib/x86_64-linux-gnu/libnsl-2.23.so
7f608e7c7000-7f608e7c9000 rw-p 00000000 00:00 0 
7f608e7c9000-7f608e7d1000 r-xp 00000000 08:01 658898                     /lib/x86_64-linux-gnu/libnss_compat-2.23.so
7f608e7d1000-7f608e9d0000 ---p 00008000 08:01 658898                     /lib/x86_64-linux-gnu/libnss_compat-2.23.so
7f608e9d0000-7f608e9d1000 r--p 00007000 08:01 658898                     /lib/x86_64-linux-gnu/libnss_compat-2.23.so
7f608e9d1000-7f608e9d2000 rw-p 00008000 08:01 658898                     /lib/x86_64-linux-gnu/libnss_compat-2.23.so
7f608e9d2000-7f608e9fe000 r-xp 00000000 08:01 656502                     /usr/lib/jdk/jdk1.8.0_201/jre/lib/amd64/libjava.so
7f608e9fe000-7f608ebfe000 ---p 0002c000 08:01 656502                     /usr/lib/jdk/jdk1.8.0_201/jre/lib/amd64/libjava.so
7f608ebfe000-7f608ebff000 r--p 0002c000 08:01 656502                     /usr/lib/jdk/jdk1.8.0_201/jre/lib/amd64/libjava.so
7f608ebff000-7f608ec01000 rw-p 0002d000 08:01 656502                     /usr/lib/jdk/jdk1.8.0_201/jre/lib/amd64/libjava.so
7f608ec01000-7f608ec0e000 r-xp 00000000 08:01 656507                     /usr/lib/jdk/jdk1.8.0_201/jre/lib/amd64/libverify.so
7f608ec0e000-7f608ee0d000 ---p 0000d000 08:01 656507                     /usr/lib/jdk/jdk1.8.0_201/jre/lib/amd64/libverify.so
7f608ee0d000-7f608ee0f000 r--p 0000c000 08:01 656507                     /usr/lib/jdk/jdk1.8.0_201/jre/lib/amd64/libverify.so
7f608ee0f000-7f608ee10000 rw-p 0000e000 08:01 656507                     /usr/lib/jdk/jdk1.8.0_201/jre/lib/amd64/libverify.so
7f608ee10000-7f608ee17000 r-xp 00000000 08:01 658957                     /lib/x86_64-linux-gnu/librt-2.23.so
7f608ee17000-7f608f016000 ---p 00007000 08:01 658957                     /lib/x86_64-linux-gnu/librt-2.23.so
7f608f016000-7f608f017000 r--p 00006000 08:01 658957                     /lib/x86_64-linux-gnu/librt-2.23.so
7f608f017000-7f608f018000 rw-p 00007000 08:01 658957                     /lib/x86_64-linux-gnu/librt-2.23.so
7f608f018000-7f608f120000 r-xp 00000000 08:01 658873                     /lib/x86_64-linux-gnu/libm-2.23.so
7f608f120000-7f608f31f000 ---p 00108000 08:01 658873                     /lib/x86_64-linux-gnu/libm-2.23.so
7f608f31f000-7f608f320000 r--p 00107000 08:01 658873                     /lib/x86_64-linux-gnu/libm-2.23.so
7f608f320000-7f608f321000 rw-p 00108000 08:01 658873                     /lib/x86_64-linux-gnu/libm-2.23.so
7f608f321000-7f6090009000 r-xp 00000000 08:01 656484                     /usr/lib/jdk/jdk1.8.0_201/jre/lib/amd64/server/libjvm.so
7f6090009000-7f6090208000 ---p 00ce8000 08:01 656484                     /usr/lib/jdk/jdk1.8.0_201/jre/lib/amd64/server/libjvm.so
7f6090208000-7f609029e000 r--p 00ce7000 08:01 656484                     /usr/lib/jdk/jdk1.8.0_201/jre/lib/amd64/server/libjvm.so
7f609029e000-7f60902cf000 rw-p 00d7d000 08:01 656484                     /usr/lib/jdk/jdk1.8.0_201/jre/lib/amd64/server/libjvm.so
7f60902cf000-7f609030a000 rw-p 00000000 00:00 0 
7f609030a000-7f60904ca000 r-xp 00000000 08:01 658803                     /lib/x86_64-linux-gnu/libc-2.23.so
7f60904ca000-7f60906ca000 ---p 001c0000 08:01 658803                     /lib/x86_64-linux-gnu/libc-2.23.so
7f60906ca000-7f60906ce000 r--p 001c0000 08:01 658803                     /lib/x86_64-linux-gnu/libc-2.23.so
7f60906ce000-7f60906d0000 rw-p 001c4000 08:01 658803                     /lib/x86_64-linux-gnu/libc-2.23.so
7f60906d0000-7f60906d4000 rw-p 00000000 00:00 0 
7f60906d4000-7f60906d7000 r-xp 00000000 08:01 658827                     /lib/x86_64-linux-gnu/libdl-2.23.so
7f60906d7000-7f60908d6000 ---p 00003000 08:01 658827                     /lib/x86_64-linux-gnu/libdl-2.23.so
7f60908d6000-7f60908d7000 r--p 00002000 08:01 658827                     /lib/x86_64-linux-gnu/libdl-2.23.so
7f60908d7000-7f60908d8000 rw-p 00003000 08:01 658827                     /lib/x86_64-linux-gnu/libdl-2.23.so
7f60908d8000-7f60908ef000 r-xp 00000000 08:01 656155                     /usr/lib/jdk/jdk1.8.0_201/lib/amd64/jli/libjli.so
7f60908ef000-7f6090aee000 ---p 00017000 08:01 656155                     /usr/lib/jdk/jdk1.8.0_201/lib/amd64/jli/libjli.so
7f6090aee000-7f6090aef000 r--p 00016000 08:01 656155                     /usr/lib/jdk/jdk1.8.0_201/lib/amd64/jli/libjli.so
7f6090aef000-7f6090af0000 rw-p 00017000 08:01 656155                     /usr/lib/jdk/jdk1.8.0_201/lib/amd64/jli/libjli.so
7f6090af0000-7f6090b08000 r-xp 00000000 08:01 658949                     /lib/x86_64-linux-gnu/libpthread-2.23.so
7f6090b08000-7f6090d07000 ---p 00018000 08:01 658949                     /lib/x86_64-linux-gnu/libpthread-2.23.so
7f6090d07000-7f6090d08000 r--p 00017000 08:01 658949                     /lib/x86_64-linux-gnu/libpthread-2.23.so
7f6090d08000-7f6090d09000 rw-p 00018000 08:01 658949                     /lib/x86_64-linux-gnu/libpthread-2.23.so
7f6090d09000-7f6090d0d000 rw-p 00000000 00:00 0 
7f6090d0d000-7f6090d33000 r-xp 00000000 08:01 658775                     /lib/x86_64-linux-gnu/ld-2.23.so
7f6090d37000-7f6090d53000 r--s 00393000 08:01 656354                     /usr/lib/jdk/jdk1.8.0_201/jre/lib/ext/cldrdata.jar
7f6090d53000-7f6090d57000 r--s 000a1000 08:01 656350                     /usr/lib/jdk/jdk1.8.0_201/jre/lib/jsse.jar
7f6090d57000-7f6090e15000 rw-p 00000000 00:00 0 
7f6090e15000-7f6090e18000 ---p 00000000 00:00 0 
7f6090e18000-7f6090f1b000 rw-p 00000000 00:00 0 
7f6090f1b000-7f6090f23000 r--s 0006e000 08:01 398946                     /home/hewitt/work/DiffTGen-master/lib/commons-lang3-3.5.jar
7f6090f23000-7f6090f24000 r--s 00000000 08:01 398951                     /home/hewitt/work/DiffTGen-master/lib/myprinter.jar
7f6090f24000-7f6090f28000 r--s 00039000 08:01 961404                     /home/hewitt/work/DiffTGen-master/output/patch1-Lang-59-CapGen-plausible/Lang_59_1-plausible_capgen/target/build/classes/all0.jar
7f6090f28000-7f6090f30000 rw-s 00000000 08:01 151006                     /tmp/hsperfdata_hewitt/61989
7f6090f30000-7f6090f31000 rw-p 00000000 00:00 0 
7f6090f31000-7f6090f32000 ---p 00000000 00:00 0 
7f6090f32000-7f6090f33000 r--p 00025000 08:01 658775                     /lib/x86_64-linux-gnu/ld-2.23.so
7f6090f33000-7f6090f34000 rw-p 00026000 08:01 658775                     /lib/x86_64-linux-gnu/ld-2.23.so
7f6090f34000-7f6090f35000 rw-p 00000000 00:00 0 
7ffc22325000-7ffc22347000 rw-p 00000000 00:00 0                          [stack]
7ffc223eb000-7ffc223ee000 r--p 00000000 00:00 0                          [vvar]
7ffc223ee000-7ffc223f0000 r-xp 00000000 00:00 0                          [vdso]
ffffffffff600000-ffffffffff601000 r-xp 00000000 00:00 0                  [vsyscall]

VM Arguments:
java_command: /home/hewitt/work/DiffTGen-master/lib/evosuite-1.0.6.jar -base_dir /home/hewitt/work/DiffTGen-master/output/patch1-Lang-59-CapGen-plausible/Lang_59_1-plausible_capgen/target/0/13 -projectCP /home/hewitt/work/DiffTGen-master/output/patch1-Lang-59-CapGen-plausible/Lang_59_1-plausible_capgen/target/build/classes/all0.jar:/home/hewitt/work/DiffTGen-master/lib/myprinter.jar:/home/hewitt/work/DiffTGen-master/lib/commons-lang3-3.5.jar -class org.apache.commons.lang.text.StrBuilder -Dassertions=false -Dsearch_budget=60
java_class_path (initial): /home/hewitt/work/DiffTGen-master/lib/evosuite-1.0.6.jar
Launcher Type: SUN_STANDARD

Environment Variables:
JAVA_HOME=/usr/lib/jdk/jdk1.8.0_201
JRE_HOME=/usr/lib/jdk/jdk1.8.0_201/jre
CLASSPATH=.:/usr/lib/jdk/jdk1.8.0_201/lib:/usr/lib/jdk/jdk1.8.0_201/jre/lib
PATH=/usr/lib/jdk/jdk1.8.0_201/bin:/home/hewitt/bin:/home/hewitt/.local/bin:/usr/lib/jdk/jdk1.7.0_80/bin:/usr/local/sbin:/usr/local/bin:/usr/sbin:/usr/bin:/sbin:/bin:/usr/games:/usr/local/games:/snap/bin:/home/hewitt/work/defects4j_v1.4.0/defects4j/framework/bin:/opt/apache-ant-1.9.14/bin:/home/hewitt/work/defects4j_v1.4.0/defects4j/framework/bin
SHELL=/bin/bash
DISPLAY=:0

Signal Handlers:
SIGSEGV: [libjvm.so+0xad3e60], sa_mask[0]=11111111011111111101111111111110, sa_flags=SA_RESTART|SA_SIGINFO
SIGBUS: [libjvm.so+0xad3e60], sa_mask[0]=11111111011111111101111111111110, sa_flags=SA_RESTART|SA_SIGINFO
SIGFPE: [libjvm.so+0x90b880], sa_mask[0]=11111111011111111101111111111110, sa_flags=SA_RESTART|SA_SIGINFO
SIGPIPE: [libjvm.so+0x90b880], sa_mask[0]=11111111011111111101111111111110, sa_flags=SA_RESTART|SA_SIGINFO
SIGXFSZ: [libjvm.so+0x90b880], sa_mask[0]=11111111011111111101111111111110, sa_flags=SA_RESTART|SA_SIGINFO
SIGILL: [libjvm.so+0x90b880], sa_mask[0]=11111111011111111101111111111110, sa_flags=SA_RESTART|SA_SIGINFO
SIGUSR1: SIG_DFL, sa_mask[0]=00000000000000000000000000000000, sa_flags=none
SIGUSR2: [libjvm.so+0x90b750], sa_mask[0]=00100000000000000000000000000000, sa_flags=SA_RESTART|SA_SIGINFO
SIGHUP: [libjvm.so+0x90bd70], sa_mask[0]=11111111011111111101111111111110, sa_flags=SA_RESTART|SA_SIGINFO
SIGINT: [libjvm.so+0x90bd70], sa_mask[0]=11111111011111111101111111111110, sa_flags=SA_RESTART|SA_SIGINFO
SIGTERM: [libjvm.so+0x90bd70], sa_mask[0]=11111111011111111101111111111110, sa_flags=SA_RESTART|SA_SIGINFO
SIGQUIT: [libjvm.so+0x90bd70], sa_mask[0]=11111111011111111101111111111110, sa_flags=SA_RESTART|SA_SIGINFO


---------------  S Y S T E M  ---------------

OS:DISTRIB_ID=Ubuntu
DISTRIB_RELEASE=16.04
DISTRIB_CODENAME=xenial
DISTRIB_DESCRIPTION="Ubuntu 16.04.6 LTS"

uname:Linux 4.15.0-91-generic #92~16.04.1-Ubuntu SMP Fri Feb 28 14:57:22 UTC 2020 x86_64
libc:glibc 2.23 NPTL 2.23 
rlimit: STACK 8192k, CORE 0k, NPROC 15448, NOFILE 1048576, AS infinity
load average:20.92 14.39 13.25

/proc/meminfo:
MemTotal:        4015928 kB
MemFree:          111784 kB
MemAvailable:      13180 kB
Buffers:             308 kB
Cached:            11328 kB
SwapCached:          896 kB
Active:          2887164 kB
Inactive:         578760 kB
Active(anon):    2879996 kB
Inactive(anon):   575756 kB
Active(file):       7168 kB
Inactive(file):     3004 kB
Unevictable:          48 kB
Mlocked:              48 kB
SwapTotal:        998396 kB
SwapFree:              0 kB
Dirty:               172 kB
Writeback:             0 kB
AnonPages:       3454144 kB
Mapped:            10048 kB
Shmem:              1036 kB
Slab:              91452 kB
SReclaimable:      33560 kB
SUnreclaim:        57892 kB
KernelStack:       16592 kB
PageTables:        42772 kB
NFS_Unstable:          0 kB
Bounce:                0 kB
WritebackTmp:          0 kB
CommitLimit:     3006360 kB
Committed_AS:    9319792 kB
VmallocTotal:   34359738367 kB
VmallocUsed:           0 kB
VmallocChunk:          0 kB
HardwareCorrupted:     0 kB
AnonHugePages:         0 kB
ShmemHugePages:        0 kB
ShmemPmdMapped:        0 kB
CmaTotal:              0 kB
CmaFree:               0 kB
HugePages_Total:       0
HugePages_Free:        0
HugePages_Rsvd:        0
HugePages_Surp:        0
Hugepagesize:       2048 kB
DirectMap4k:       98112 kB
DirectMap2M:     4096000 kB
DirectMap1G:     2097152 kB

container (cgroup) information:
container_type: cgroupv1
cpu_cpuset_cpus: 0-3
cpu_memory_nodes: 0
active_processor_count: 4
cpu_quota: -1
cpu_period: 100000
cpu_shares: -1
memory_limit_in_bytes: -1
memory_and_swap_limit_in_bytes: -2
memory_soft_limit_in_bytes: -1
memory_usage_in_bytes: 3549351936
memory_max_usage_in_bytes: 20938752


CPU:total 4 (initial active 4) (2 cores per cpu, 1 threads per core) family 6 model 158 stepping 9, cmov, cx8, fxsr, mmx, sse, sse2, sse3, ssse3, sse4.1, sse4.2, popcnt, avx, avx2, aes, clmul, erms, 3dnowpref, lzcnt, tsc, tscinvbit, bmi1, bmi2, adx

/proc/cpuinfo:
processor	: 0
vendor_id	: GenuineIntel
cpu family	: 6
model		: 158
model name	: Intel(R) Core(TM) i7-7700HQ CPU @ 2.80GHz
stepping	: 9
microcode	: 0xb4
cpu MHz		: 2808.002
cache size	: 6144 KB
physical id	: 0
siblings	: 2
core id		: 0
cpu cores	: 2
apicid		: 0
initial apicid	: 0
fpu		: yes
fpu_exception	: yes
cpuid level	: 22
wp		: yes
flags		: fpu vme de pse tsc msr pae mce cx8 apic sep mtrr pge mca cmov pat pse36 clflush mmx fxsr sse sse2 ss ht syscall nx pdpe1gb rdtscp lm constant_tsc arch_perfmon nopl xtopology tsc_reliable nonstop_tsc cpuid pni pclmulqdq ssse3 fma cx16 pcid sse4_1 sse4_2 x2apic movbe popcnt tsc_deadline_timer aes xsave avx f16c rdrand hypervisor lahf_lm abm 3dnowprefetch cpuid_fault invpcid_single pti ssbd ibrs ibpb stibp fsgsbase tsc_adjust bmi1 avx2 smep bmi2 invpcid mpx rdseed adx smap clflushopt xsaveopt xsavec xsaves arat md_clear flush_l1d arch_capabilities
bugs		: cpu_meltdown spectre_v1 spectre_v2 spec_store_bypass l1tf mds swapgs itlb_multihit
bogomips	: 5616.00
clflush size	: 64
cache_alignment	: 64
address sizes	: 43 bits physical, 48 bits virtual
power management:

processor	: 1
vendor_id	: GenuineIntel
cpu family	: 6
model		: 158
model name	: Intel(R) Core(TM) i7-7700HQ CPU @ 2.80GHz
stepping	: 9
microcode	: 0xb4
cpu MHz		: 2808.002
cache size	: 6144 KB
physical id	: 0
siblings	: 2
core id		: 1
cpu cores	: 2
apicid		: 1
initial apicid	: 1
fpu		: yes
fpu_exception	: yes
cpuid level	: 22
wp		: yes
flags		: fpu vme de pse tsc msr pae mce cx8 apic sep mtrr pge mca cmov pat pse36 clflush mmx fxsr sse sse2 ss ht syscall nx pdpe1gb rdtscp lm constant_tsc arch_perfmon nopl xtopology tsc_reliable nonstop_tsc cpuid pni pclmulqdq ssse3 fma cx16 pcid sse4_1 sse4_2 x2apic movbe popcnt tsc_deadline_timer aes xsave avx f16c rdrand hypervisor lahf_lm abm 3dnowprefetch cpuid_fault invpcid_single pti ssbd ibrs ibpb stibp fsgsbase tsc_adjust bmi1 avx2 smep bmi2 invpcid mpx rdseed adx smap clflushopt xsaveopt xsavec xsaves arat md_clear flush_l1d arch_capabilities
bugs		: cpu_meltdown spectre_v1 spectre_v2 spec_store_bypass l1tf mds swapgs itlb_multihit
bogomips	: 5616.00
clflush size	: 64
cache_alignment	: 64
address sizes	: 43 bits physical, 48 bits virtual
power management:

processor	: 2
vendor_id	: GenuineIntel
cpu family	: 6
model		: 158
model name	: Intel(R) Core(TM) i7-7700HQ CPU @ 2.80GHz
stepping	: 9
microcode	: 0xb4
cpu MHz		: 2808.002
cache size	: 6144 KB
physical id	: 1
siblings	: 2
core id		: 0
cpu cores	: 2
apicid		: 2
initial apicid	: 2
fpu		: yes
fpu_exception	: yes
cpuid level	: 22
wp		: yes
flags		: fpu vme de pse tsc msr pae mce cx8 apic sep mtrr pge mca cmov pat pse36 clflush mmx fxsr sse sse2 ss ht syscall nx pdpe1gb rdtscp lm constant_tsc arch_perfmon nopl xtopology tsc_reliable nonstop_tsc cpuid pni pclmulqdq ssse3 fma cx16 pcid sse4_1 sse4_2 x2apic movbe popcnt tsc_deadline_timer aes xsave avx f16c rdrand hypervisor lahf_lm abm 3dnowprefetch cpuid_fault invpcid_single pti ssbd ibrs ibpb stibp fsgsbase tsc_adjust bmi1 avx2 smep bmi2 invpcid mpx rdseed adx smap clflushopt xsaveopt xsavec xsaves arat md_clear flush_l1d arch_capabilities
bugs		: cpu_meltdown spectre_v1 spectre_v2 spec_store_bypass l1tf mds swapgs itlb_multihit
bogomips	: 5616.00
clflush size	: 64
cache_alignment	: 64
address sizes	: 43 bits physical, 48 bits virtual
power management:

processor	: 3
vendor_id	: GenuineIntel
cpu family	: 6
model		: 158
model name	: Intel(R) Core(TM) i7-7700HQ CPU @ 2.80GHz
stepping	: 9
microcode	: 0xb4
cpu MHz		: 2808.002
cache size	: 6144 KB
physical id	: 1
siblings	: 2
core id		: 1
cpu cores	: 2
apicid		: 3
initial apicid	: 3
fpu		: yes
fpu_exception	: yes
cpuid level	: 22
wp		: yes
flags		: fpu vme de pse tsc msr pae mce cx8 apic sep mtrr pge mca cmov pat pse36 clflush mmx fxsr sse sse2 ss ht syscall nx pdpe1gb rdtscp lm constant_tsc arch_perfmon nopl xtopology tsc_reliable nonstop_tsc cpuid pni pclmulqdq ssse3 fma cx16 pcid sse4_1 sse4_2 x2apic movbe popcnt tsc_deadline_timer aes xsave avx f16c rdrand hypervisor lahf_lm abm 3dnowprefetch cpuid_fault invpcid_single pti ssbd ibrs ibpb stibp fsgsbase tsc_adjust bmi1 avx2 smep bmi2 invpcid mpx rdseed adx smap clflushopt xsaveopt xsavec xsaves arat md_clear flush_l1d arch_capabilities
bugs		: cpu_meltdown spectre_v1 spectre_v2 spec_store_bypass l1tf mds swapgs itlb_multihit
bogomips	: 5616.00
clflush size	: 64
cache_alignment	: 64
address sizes	: 43 bits physical, 48 bits virtual
power management:



Memory: 4k page, physical 4015928k(113064k free), swap 998396k(0k free)

vm_info: Java HotSpot(TM) 64-Bit Server VM (25.201-b09) for linux-amd64 JRE (1.8.0_201-b09), built on Dec 15 2018 11:35:59 by "java_re" with gcc 7.3.0

time: Sun Mar 29 01:01:46 2020
timezone: CST
elapsed time: 38 seconds (0d 0h 0m 38s)

