#
# There is insufficient memory for the Java Runtime Environment to continue.
# Native memory allocation (mmap) failed to map 32505856 bytes for committing reserved memory.
# Possible reasons:
#   The system is out of physical RAM or swap space
#   The process is running with CompressedOops enabled, and the Java Heap may be blocking the growth of the native heap
# Possible solutions:
#   Reduce memory load on the system
#   Increase physical memory or swap space
#   Check if swap backing store is full
#   Decrease Java heap size (-Xmx/-Xms)
#   Decrease number of Java threads
#   Decrease Java thread stack sizes (-Xss)
#   Set larger code cache with -XX:ReservedCodeCacheSize=
#   JVM is running with Unscaled Compressed Oops mode in which the Java heap is
#     placed in the first 4GB address space. The Java Heap base address is the
#     maximum limit for the native heap growth. Please use -XX:HeapBaseMinAddress
#     to set the Java Heap base and to place the Java Heap above 4GB virtual address.
# This output file may be truncated or incomplete.
#
#  Out of Memory Error (os_linux.cpp:2749), pid=88123, tid=0x00007feada846700
#
# JRE version: Java(TM) SE Runtime Environment (8.0_201-b09) (build 1.8.0_201-b09)
# Java VM: Java HotSpot(TM) 64-Bit Server VM (25.201-b09 mixed mode linux-amd64 compressed oops)
# Failed to write core dump. Core dumps have been disabled. To enable core dumping, try "ulimit -c unlimited" before starting Java again
#

---------------  T H R E A D  ---------------

Current thread (0x00007feaec140000):  VMThread [stack: 0x00007feada746000,0x00007feada847000] [id=88165]

Stack: [0x00007feada746000,0x00007feada847000],  sp=0x00007feada845450,  free space=1021k
Native frames: (J=compiled Java code, j=interpreted, Vv=VM code, C=native code)
V  [libjvm.so+0xad3525]  VMError::report_and_die()+0x2e5
V  [libjvm.so+0x4e0457]  report_vm_out_of_memory(char const*, int, unsigned long, VMErrorType, char const*)+0x67
V  [libjvm.so+0x9102f0]  os::pd_commit_memory(char*, unsigned long, unsigned long, bool)+0x100
V  [libjvm.so+0x90791f]  os::commit_memory(char*, unsigned long, unsigned long, bool)+0x1f
V  [libjvm.so+0x98c806]  PSVirtualSpace::expand_by(unsigned long)+0x56
V  [libjvm.so+0x98da98]  PSYoungGen::resize(unsigned long, unsigned long)+0xd8
V  [libjvm.so+0x98a236]  PSScavenge::invoke_no_policy()+0x1376
V  [libjvm.so+0x98a5cc]  PSScavenge::invoke()+0x4c
V  [libjvm.so+0x93a318]  ParallelScavengeHeap::failed_mem_allocate(unsigned long)+0x68
V  [libjvm.so+0xad5073]  VM_ParallelGCFailedAllocation::doit()+0x93
V  [libjvm.so+0xada296]  VM_Operation::evaluate()+0x46
V  [libjvm.so+0xad85cd]  VMThread::evaluate_operation(VM_Operation*) [clone .constprop.44]+0xcd
V  [libjvm.so+0xad8bb3]  VMThread::loop()+0x3a3
V  [libjvm.so+0xad8f88]  VMThread::run()+0x78
V  [libjvm.so+0x90d922]  java_start(Thread*)+0x102

VM_Operation (0x00007feaa0df9390): ParallelGCFailedAllocation, mode: safepoint, requested by thread 0x00007fea90001000


---------------  P R O C E S S  ---------------

Java Threads: ( => current thread )
  0x00007fea90003000 JavaThread "RMI TCP Connection(3)-127.0.0.1" daemon [_thread_blocked, id=88607, stack(0x00007feaa09fb000,0x00007feaa0afc000)]
  0x00007fea90001000 JavaThread "RMI TCP Connection(2)-127.0.0.1" daemon [_thread_blocked, id=88550, stack(0x00007feaa0cfc000,0x00007feaa0dfd000)]
  0x00007fea68038000 JavaThread "RMI Scheduler(0)" daemon [_thread_blocked, id=88546, stack(0x00007feaa0dfd000,0x00007feaa0efe000)]
  0x00007fea68032800 JavaThread "RMI RenewClean-[127.0.0.1:6831]" daemon [_thread_blocked, id=88535, stack(0x00007feaa0efe000,0x00007feaa0fff000)]
  0x00007fea8c001000 JavaThread "RMI TCP Connection(idle)" daemon [_thread_blocked, id=88524, stack(0x00007fead80ef000,0x00007fead81f0000)]
  0x00007fea7c005000 JavaThread "pool-3-thread-3" [_thread_in_native, id=88488, stack(0x00007fead81f0000,0x00007fead82f1000)]
  0x00007fea7c003000 JavaThread "pool-3-thread-2" [_thread_in_native, id=88486, stack(0x00007fead82f1000,0x00007fead83f2000)]
  0x00007fea7c002000 JavaThread "pool-3-thread-1" [_thread_in_native, id=88483, stack(0x00007fead83f2000,0x00007fead84f3000)]
  0x00007feaec3b9000 JavaThread "Thread-3" [_thread_in_native, id=88358, stack(0x00007fead84f3000,0x00007fead85f4000)]
  0x00007feaec3b7000 JavaThread "Thread-2" [_thread_in_native, id=88352, stack(0x00007fead85f4000,0x00007fead86f5000)]
  0x00007feaec3b5800 JavaThread "process reaper" daemon [_thread_in_native, id=88347, stack(0x00007fead86f5000,0x00007fead872e000)]
  0x00007feaec3ae800 JavaThread "pool-2-thread-1" [_thread_in_native, id=88340, stack(0x00007fead872e000,0x00007fead882f000)]
  0x00007feaec3ac800 JavaThread "GC Daemon" daemon [_thread_blocked, id=88319, stack(0x00007fead882f000,0x00007fead8930000)]
  0x00007feaec3a9800 JavaThread "RMI Reaper" [_thread_blocked, id=88316, stack(0x00007fead8930000,0x00007fead8a31000)]
  0x00007feaec3a2800 JavaThread "RMI TCP Accept-7065" daemon [_thread_in_native, id=88313, stack(0x00007fead8a31000,0x00007fead8b32000)]
  0x00007feaec39b800 JavaThread "RMI TCP Accept-20831" daemon [_thread_in_native, id=88300, stack(0x00007fead8b32000,0x00007fead8c33000)]
  0x00007feaec2e3000 JavaThread "logback-3" daemon [_thread_blocked, id=88244, stack(0x00007fead8e33000,0x00007fead8f34000)]
  0x00007feaec2df000 JavaThread "logback-2" daemon [_thread_blocked, id=88238, stack(0x00007fead8f34000,0x00007fead9035000)]
  0x00007feaec2dd800 JavaThread "logback-1" daemon [_thread_blocked, id=88234, stack(0x00007fead9035000,0x00007fead9136000)]
  0x00007feaec189000 JavaThread "Service Thread" daemon [_thread_blocked, id=88203, stack(0x00007fead9680000,0x00007fead9781000)]
  0x00007feaec186000 JavaThread "C1 CompilerThread2" daemon [_thread_blocked, id=88202, stack(0x00007fead9781000,0x00007fead9882000)]
  0x00007feaec184800 JavaThread "C2 CompilerThread1" daemon [_thread_blocked, id=88201, stack(0x00007fead9882000,0x00007fead9983000)]
  0x00007feaec181800 JavaThread "C2 CompilerThread0" daemon [_thread_blocked, id=88200, stack(0x00007fead9983000,0x00007fead9a84000)]
  0x00007feaec180000 JavaThread "Signal Dispatcher" daemon [_thread_blocked, id=88199, stack(0x00007fead9a84000,0x00007fead9b85000)]
  0x00007feaec14c000 JavaThread "Finalizer" daemon [_thread_blocked, id=88184, stack(0x00007feada544000,0x00007feada645000)]
  0x00007feaec149800 JavaThread "Reference Handler" daemon [_thread_blocked, id=88166, stack(0x00007feada645000,0x00007feada746000)]
  0x00007feaec00a800 JavaThread "main" [_thread_in_native, id=88141, stack(0x00007feaf4c7b000,0x00007feaf4d7c000)]

Other Threads:
=>0x00007feaec140000 VMThread [stack: 0x00007feada746000,0x00007feada847000] [id=88165]
  0x00007feaec18c000 WatcherThread [stack: 0x00007fead957f000,0x00007fead9680000] [id=88208]

VM state:at safepoint (normal execution)

VM Mutex/Monitor currently owned by a thread:  ([mutex/lock_event])
[0x00007feaec007030] Threads_lock - owner thread: 0x00007feaec140000
[0x00007feaec007530] Heap_lock - owner thread: 0x00007fea90001000

heap address: 0x00000000c2a00000, size: 982 MB, Compressed Oops mode: 32-bit
Narrow klass base: 0x0000000000000000, Narrow klass shift: 3
Compressed class space size: 1073741824 Address: 0x0000000100000000

Heap:
 PSYoungGen      total 37888K, used 2672K [0x00000000eb900000, 0x00000000ee400000, 0x0000000100000000)
  eden space 31744K, 0% used [0x00000000eb900000,0x00000000eb900000,0x00000000ed800000)
  from space 6144K, 43% used [0x00000000ed800000,0x00000000eda9c010,0x00000000ede00000)
  to   space 5632K, 0% used [0x00000000ede80000,0x00000000ede80000,0x00000000ee400000)
 ParOldGen       total 42496K, used 7765K [0x00000000c2a00000, 0x00000000c5380000, 0x00000000eb900000)
  object space 42496K, 18% used [0x00000000c2a00000,0x00000000c3195580,0x00000000c5380000)
 Metaspace       used 14586K, capacity 15126K, committed 15488K, reserved 1062912K
  class space    used 1662K, capacity 1807K, committed 1920K, reserved 1048576K

Card table byte_map: [0x00007feaf1830000,0x00007feaf1a1c000] byte_map_base: 0x00007feaf121b000

Marking Bits: (ParMarkBitMap*) 0x00007feaf4152d80
 Begin Bits: [0x00007feadb150000, 0x00007feadc0a8000)
 End Bits:   [0x00007feadc0a8000, 0x00007feadd000000)

Polling page: 0x00007feaf4d97000

CodeCache: size=245760Kb used=6560Kb max_used=6577Kb free=239199Kb
 bounds [0x00007feadd000000, 0x00007feadd680000, 0x00007feaec000000]
 total_blobs=2213 nmethods=1865 adapters=261
 compilation: enabled

Compilation events (10 events):
Event: 56.411 Thread 0x00007feaec184800 1877   !   4       sun.reflect.GeneratedSerializationConstructorAccessor24::newInstance (49 bytes)
Event: 56.412 Thread 0x00007feaec181800 1878       4       org.evosuite.utils.generic.GenericClass::readObject (154 bytes)
Event: 56.413 Thread 0x00007feaec184800 nmethod 1877 0x00007feadd63d650 code [0x00007feadd63d7c0, 0x00007feadd63d908]
Event: 56.413 Thread 0x00007feaec184800 1879   !   4       sun.reflect.GeneratedSerializationConstructorAccessor65::newInstance (49 bytes)
Event: 56.414 Thread 0x00007feaec184800 nmethod 1879 0x00007feadd668c10 code [0x00007feadd668d80, 0x00007feadd668eb8]
Event: 56.414 Thread 0x00007feaec186000 1881       3       java.util.TreeMap::put (247 bytes)
Event: 56.416 Thread 0x00007feaec186000 nmethod 1881 0x00007feadd645dd0 code [0x00007feadd646040, 0x00007feadd647218]
Event: 56.416 Thread 0x00007feaec186000 1880       3       org.evosuite.testcase.statements.numeric.NumericalPrimitiveStatement::readObject (13 bytes)
Event: 56.416 Thread 0x00007feaec186000 nmethod 1880 0x00007feadd645890 code [0x00007feadd645a00, 0x00007feadd645cd8]
Event: 56.555 Thread 0x00007feaec181800 nmethod 1878 0x00007feadd671410 code [0x00007feadd6717a0, 0x00007feadd672f40]

GC Heap History (10 events):
Event: 30.855 GC heap after
Heap after GC invocations=2 (full 0):
 PSYoungGen      total 18432K, used 2556K [0x00000000eb900000, 0x00000000ecd80000, 0x0000000100000000)
  eden space 15872K, 0% used [0x00000000eb900000,0x00000000eb900000,0x00000000ec880000)
  from space 2560K, 99% used [0x00000000ecb00000,0x00000000ecd7f030,0x00000000ecd80000)
  to   space 2560K, 0% used [0x00000000ec880000,0x00000000ec880000,0x00000000ecb00000)
 ParOldGen       total 42496K, used 4992K [0x00000000c2a00000, 0x00000000c5380000, 0x00000000eb900000)
  object space 42496K, 11% used [0x00000000c2a00000,0x00000000c2ee0180,0x00000000c5380000)
 Metaspace       used 13481K, capacity 13884K, committed 14080K, reserved 1060864K
  class space    used 1588K, capacity 1707K, committed 1792K, reserved 1048576K
}
Event: 32.033 GC heap before
{Heap before GC invocations=3 (full 0):
 PSYoungGen      total 18432K, used 18428K [0x00000000eb900000, 0x00000000ecd80000, 0x0000000100000000)
  eden space 15872K, 100% used [0x00000000eb900000,0x00000000ec880000,0x00000000ec880000)
  from space 2560K, 99% used [0x00000000ecb00000,0x00000000ecd7f030,0x00000000ecd80000)
  to   space 2560K, 0% used [0x00000000ec880000,0x00000000ec880000,0x00000000ecb00000)
 ParOldGen       total 42496K, used 4992K [0x00000000c2a00000, 0x00000000c5380000, 0x00000000eb900000)
  object space 42496K, 11% used [0x00000000c2a00000,0x00000000c2ee0180,0x00000000c5380000)
 Metaspace       used 13585K, capacity 13954K, committed 14080K, reserved 1060864K
  class space    used 1589K, capacity 1708K, committed 1792K, reserved 1048576K
Event: 32.051 GC heap after
Heap after GC invocations=3 (full 0):
 PSYoungGen      total 18432K, used 2534K [0x00000000eb900000, 0x00000000ecd80000, 0x0000000100000000)
  eden space 15872K, 0% used [0x00000000eb900000,0x00000000eb900000,0x00000000ec880000)
  from space 2560K, 98% used [0x00000000ec880000,0x00000000ecaf9820,0x00000000ecb00000)
  to   space 2560K, 0% used [0x00000000ecb00000,0x00000000ecb00000,0x00000000ecd80000)
 ParOldGen       total 42496K, used 5320K [0x00000000c2a00000, 0x00000000c5380000, 0x00000000eb900000)
  object space 42496K, 12% used [0x00000000c2a00000,0x00000000c2f32180,0x00000000c5380000)
 Metaspace       used 13585K, capacity 13954K, committed 14080K, reserved 1060864K
  class space    used 1589K, capacity 1708K, committed 1792K, reserved 1048576K
}
Event: 32.544 GC heap before
{Heap before GC invocations=4 (full 0):
 PSYoungGen      total 18432K, used 18406K [0x00000000eb900000, 0x00000000ecd80000, 0x0000000100000000)
  eden space 15872K, 100% used [0x00000000eb900000,0x00000000ec880000,0x00000000ec880000)
  from space 2560K, 98% used [0x00000000ec880000,0x00000000ecaf9820,0x00000000ecb00000)
  to   space 2560K, 0% used [0x00000000ecb00000,0x00000000ecb00000,0x00000000ecd80000)
 ParOldGen       total 42496K, used 5320K [0x00000000c2a00000, 0x00000000c5380000, 0x00000000eb900000)
  object space 42496K, 12% used [0x00000000c2a00000,0x00000000c2f32180,0x00000000c5380000)
 Metaspace       used 13666K, capacity 14082K, committed 14336K, reserved 1062912K
  class space    used 1590K, capacity 1708K, committed 1792K, reserved 1048576K
Event: 32.562 GC heap after
Heap after GC invocations=4 (full 0):
 PSYoungGen      total 18432K, used 2528K [0x00000000eb900000, 0x00000000edd00000, 0x0000000100000000)
  eden space 15872K, 0% used [0x00000000eb900000,0x00000000eb900000,0x00000000ec880000)
  from space 2560K, 98% used [0x00000000ecb00000,0x00000000ecd78020,0x00000000ecd80000)
  to   space 2560K, 0% used [0x00000000ec880000,0x00000000ec880000,0x00000000ecb00000)
 ParOldGen       total 42496K, used 5726K [0x00000000c2a00000, 0x00000000c5380000, 0x00000000eb900000)
  object space 42496K, 13% used [0x00000000c2a00000,0x00000000c2f97840,0x00000000c5380000)
 Metaspace       used 13666K, capacity 14082K, committed 14336K, reserved 1062912K
  class space    used 1590K, capacity 1708K, committed 1792K, reserved 1048576K
}
Event: 33.174 GC heap before
{Heap before GC invocations=5 (full 0):
 PSYoungGen      total 18432K, used 18400K [0x00000000eb900000, 0x00000000edd00000, 0x0000000100000000)
  eden space 15872K, 100% used [0x00000000eb900000,0x00000000ec880000,0x00000000ec880000)
  from space 2560K, 98% used [0x00000000ecb00000,0x00000000ecd78020,0x00000000ecd80000)
  to   space 2560K, 0% used [0x00000000ec880000,0x00000000ec880000,0x00000000ecb00000)
 ParOldGen       total 42496K, used 5726K [0x00000000c2a00000, 0x00000000c5380000, 0x00000000eb900000)
  object space 42496K, 13% used [0x00000000c2a00000,0x00000000c2f97840,0x00000000c5380000)
 Metaspace       used 13742K, capacity 14146K, committed 14336K, reserved 1062912K
  class space    used 1592K, capacity 1708K, committed 1792K, reserved 1048576K
Event: 33.194 GC heap after
Heap after GC invocations=5 (full 0):
 PSYoungGen      total 18432K, used 2560K [0x00000000eb900000, 0x00000000ee500000, 0x0000000100000000)
  eden space 15872K, 0% used [0x00000000eb900000,0x00000000eb900000,0x00000000ec880000)
  from space 2560K, 100% used [0x00000000ec880000,0x00000000ecb00000,0x00000000ecb00000)
  to   space 6656K, 0% used [0x00000000ede80000,0x00000000ede80000,0x00000000ee500000)
 ParOldGen       total 42496K, used 6398K [0x00000000c2a00000, 0x00000000c5380000, 0x00000000eb900000)
  object space 42496K, 15% used [0x00000000c2a00000,0x00000000c303f8e0,0x00000000c5380000)
 Metaspace       used 13742K, capacity 14146K, committed 14336K, reserved 1062912K
  class space    used 1592K, capacity 1708K, committed 1792K, reserved 1048576K
}
Event: 35.347 GC heap before
{Heap before GC invocations=6 (full 0):
 PSYoungGen      total 18432K, used 18432K [0x00000000eb900000, 0x00000000ee500000, 0x0000000100000000)
  eden space 15872K, 100% used [0x00000000eb900000,0x00000000ec880000,0x00000000ec880000)
  from space 2560K, 100% used [0x00000000ec880000,0x00000000ecb00000,0x00000000ecb00000)
  to   space 6656K, 0% used [0x00000000ede80000,0x00000000ede80000,0x00000000ee500000)
 ParOldGen       total 42496K, used 6398K [0x00000000c2a00000, 0x00000000c5380000, 0x00000000eb900000)
  object space 42496K, 15% used [0x00000000c2a00000,0x00000000c303f8e0,0x00000000c5380000)
 Metaspace       used 14285K, capacity 14756K, committed 14848K, reserved 1062912K
  class space    used 1640K, capacity 1764K, committed 1792K, reserved 1048576K
Event: 35.432 GC heap after
Heap after GC invocations=6 (full 0):
 PSYoungGen      total 37376K, used 4014K [0x00000000eb900000, 0x00000000ee400000, 0x0000000100000000)
  eden space 31744K, 0% used [0x00000000eb900000,0x00000000eb900000,0x00000000ed800000)
  from space 5632K, 71% used [0x00000000ede80000,0x00000000ee26b980,0x00000000ee400000)
  to   space 6144K, 0% used [0x00000000ed800000,0x00000000ed800000,0x00000000ede00000)
 ParOldGen       total 42496K, used 6398K [0x00000000c2a00000, 0x00000000c5380000, 0x00000000eb900000)
  object space 42496K, 15% used [0x00000000c2a00000,0x00000000c303f8e0,0x00000000c5380000)
 Metaspace       used 14285K, capacity 14756K, committed 14848K, reserved 1062912K
  class space    used 1640K, capacity 1764K, committed 1792K, reserved 1048576K
}
Event: 58.612 GC heap before
{Heap before GC invocations=7 (full 0):
 PSYoungGen      total 37376K, used 35758K [0x00000000eb900000, 0x00000000ee400000, 0x0000000100000000)
  eden space 31744K, 100% used [0x00000000eb900000,0x00000000ed800000,0x00000000ed800000)
  from space 5632K, 71% used [0x00000000ede80000,0x00000000ee26b980,0x00000000ee400000)
  to   space 6144K, 0% used [0x00000000ed800000,0x00000000ed800000,0x00000000ede00000)
 ParOldGen       total 42496K, used 6398K [0x00000000c2a00000, 0x00000000c5380000, 0x00000000eb900000)
  object space 42496K, 15% used [0x00000000c2a00000,0x00000000c303f8e0,0x00000000c5380000)
 Metaspace       used 14586K, capacity 15126K, committed 15488K, reserved 1062912K
  class space    used 1662K, capacity 1807K, committed 1920K, reserved 1048576K

Deoptimization events (10 events):
Event: 35.101 Thread 0x00007fea90001000 Uncommon trap: reason=bimorphic action=maybe_recompile pc=0x00007feadd4f7d30 method=java.util.Collections$UnmodifiableCollection$1.next()Ljava/lang/Object; @ 4
Event: 35.101 Thread 0x00007fea90001000 Uncommon trap: reason=bimorphic action=maybe_recompile pc=0x00007feadd4f7d30 method=java.util.Collections$UnmodifiableCollection$1.next()Ljava/lang/Object; @ 4
Event: 35.108 Thread 0x00007fea90001000 Uncommon trap: reason=bimorphic action=maybe_recompile pc=0x00007feadd4f7d30 method=java.util.Collections$UnmodifiableCollection$1.next()Ljava/lang/Object; @ 4
Event: 35.108 Thread 0x00007fea90001000 Uncommon trap: reason=bimorphic action=maybe_recompile pc=0x00007feadd4f7d30 method=java.util.Collections$UnmodifiableCollection$1.next()Ljava/lang/Object; @ 4
Event: 39.040 Thread 0x00007fea90003000 Uncommon trap: reason=unstable_if action=reinterpret pc=0x00007feadd562890 method=java.io.ObjectInputStream.defaultReadFields(Ljava/lang/Object;Ljava/io/ObjectStreamClass;)V @ 49
Event: 42.269 Thread 0x00007fea90001000 Uncommon trap: reason=unstable_if action=reinterpret pc=0x00007feadd5bd97c method=java.io.ObjectInputStream$HandleTable.markDependency(II)V @ 140
Event: 42.335 Thread 0x00007fea90001000 Uncommon trap: reason=unstable_if action=reinterpret pc=0x00007feadd3b77e0 method=java.io.ObjectInputStream$HandleTable.markDependency(II)V @ 140
Event: 45.561 Thread 0x00007fea90001000 Uncommon trap: reason=predicate action=maybe_recompile pc=0x00007feadd640368 method=java.io.ObjectInputStream.readArray(Z)Ljava/lang/Object; @ 406
Event: 56.404 Thread 0x00007fea90001000 Uncommon trap: reason=class_check action=maybe_recompile pc=0x00007feadd66dcd0 method=java.lang.reflect.Array.newInstance(Ljava/lang/Class;I)Ljava/lang/Object; @ 2
Event: 56.412 Thread 0x00007fea90001000 Uncommon trap: reason=class_check action=maybe_recompile pc=0x00007feadd66dcd0 method=java.lang.reflect.Array.newInstance(Ljava/lang/Class;I)Ljava/lang/Object; @ 2

Classes redefined (0 events):
No events

Internal exceptions (10 events):
Event: 30.788 Thread 0x00007fea90001000 Implicit null exception at 0x00007feadd1d6c36 to 0x00007feadd1d6fe1
Event: 30.913 Thread 0x00007feaec2dd800 Exception <a 'java/net/ConnectException'> (0x00000000eb943b70) thrown at [/HUDSON/workspace/8-2-build-linux-amd64/jdk8u201/12317/hotspot/src/share/vm/prims/jni.cpp, line 709]
Event: 30.920 Thread 0x00007feaec2df000 Exception <a 'java/net/ConnectException'> (0x00000000eb986950) thrown at [/HUDSON/workspace/8-2-build-linux-amd64/jdk8u201/12317/hotspot/src/share/vm/prims/jni.cpp, line 709]
Event: 30.953 Thread 0x00007feaec2e3000 Exception <a 'java/net/ConnectException'> (0x00000000eb9f2578) thrown at [/HUDSON/workspace/8-2-build-linux-amd64/jdk8u201/12317/hotspot/src/share/vm/prims/jni.cpp, line 709]
Event: 40.977 Thread 0x00007feaec2dd800 Exception <a 'java/net/ConnectException'> (0x00000000ebee2008) thrown at [/HUDSON/workspace/8-2-build-linux-amd64/jdk8u201/12317/hotspot/src/share/vm/prims/jni.cpp, line 709]
Event: 40.978 Thread 0x00007feaec2df000 Exception <a 'java/net/ConnectException'> (0x00000000ebf03a48) thrown at [/HUDSON/workspace/8-2-build-linux-amd64/jdk8u201/12317/hotspot/src/share/vm/prims/jni.cpp, line 709]
Event: 40.981 Thread 0x00007feaec2e3000 Exception <a 'java/net/ConnectException'> (0x00000000ebec0708) thrown at [/HUDSON/workspace/8-2-build-linux-amd64/jdk8u201/12317/hotspot/src/share/vm/prims/jni.cpp, line 709]
Event: 50.983 Thread 0x00007feaec2df000 Exception <a 'java/net/ConnectException'> (0x00000000ebf046a8) thrown at [/HUDSON/workspace/8-2-build-linux-amd64/jdk8u201/12317/hotspot/src/share/vm/prims/jni.cpp, line 709]
Event: 50.983 Thread 0x00007feaec2dd800 Exception <a 'java/net/ConnectException'> (0x00000000ebee2b30) thrown at [/HUDSON/workspace/8-2-build-linux-amd64/jdk8u201/12317/hotspot/src/share/vm/prims/jni.cpp, line 709]
Event: 50.983 Thread 0x00007feaec2e3000 Exception <a 'java/net/ConnectException'> (0x00000000ebec1230) thrown at [/HUDSON/workspace/8-2-build-linux-amd64/jdk8u201/12317/hotspot/src/share/vm/prims/jni.cpp, line 709]

Events (10 events):
Event: 45.561 Thread 0x00007fea90001000 Uncommon trap: trap_request=0xffffff86 fr.pc=0x00007feadd640368
Event: 45.561 Thread 0x00007fea90001000 DEOPT PACKING pc=0x00007feadd640368 sp=0x00007feaa0df8fe0
Event: 45.561 Thread 0x00007fea90001000 DEOPT UNPACKING pc=0x00007feadd04573a sp=0x00007feaa0df8fb8 mode 2
Event: 56.404 Thread 0x00007fea90001000 Uncommon trap: trap_request=0xffffffde fr.pc=0x00007feadd66dcd0
Event: 56.404 Thread 0x00007fea90001000 DEOPT PACKING pc=0x00007feadd66dcd0 sp=0x00007feaa0df8990
Event: 56.404 Thread 0x00007fea90001000 DEOPT UNPACKING pc=0x00007feadd04573a sp=0x00007feaa0df8a10 mode 2
Event: 56.412 Thread 0x00007fea90001000 Uncommon trap: trap_request=0xffffffde fr.pc=0x00007feadd66dcd0
Event: 56.412 Thread 0x00007fea90001000 DEOPT PACKING pc=0x00007feadd66dcd0 sp=0x00007feaa0df8990
Event: 56.412 Thread 0x00007fea90001000 DEOPT UNPACKING pc=0x00007feadd04573a sp=0x00007feaa0df8a10 mode 2
Event: 58.611 Executing VM operation: ParallelGCFailedAllocation


Dynamic libraries:
00400000-00401000 r-xp 00000000 08:01 654793                             /usr/lib/jdk/jdk1.8.0_201/bin/java
00600000-00601000 r--p 00000000 08:01 654793                             /usr/lib/jdk/jdk1.8.0_201/bin/java
00601000-00602000 rw-p 00001000 08:01 654793                             /usr/lib/jdk/jdk1.8.0_201/bin/java
00bc7000-00f96000 rw-p 00000000 00:00 0                                  [heap]
c2a00000-c5380000 rw-p 00000000 00:00 0 
c5380000-eb900000 ---p 00000000 00:00 0 
eb900000-ee400000 rw-p 00000000 00:00 0 
f0300000-100000000 ---p 00000000 00:00 0 
100000000-1001e0000 rw-p 00000000 00:00 0 
1001e0000-140000000 ---p 00000000 00:00 0 
7fea5c000000-7fea5c021000 rw-p 00000000 00:00 0 
7fea5c021000-7fea60000000 ---p 00000000 00:00 0 
7fea60000000-7fea60021000 rw-p 00000000 00:00 0 
7fea60021000-7fea64000000 ---p 00000000 00:00 0 
7fea64000000-7fea64021000 rw-p 00000000 00:00 0 
7fea64021000-7fea68000000 ---p 00000000 00:00 0 
7fea68000000-7fea6803a000 rw-p 00000000 00:00 0 
7fea6803a000-7fea6c000000 ---p 00000000 00:00 0 
7fea6c000000-7fea6c021000 rw-p 00000000 00:00 0 
7fea6c021000-7fea70000000 ---p 00000000 00:00 0 
7fea70000000-7fea70021000 rw-p 00000000 00:00 0 
7fea70021000-7fea74000000 ---p 00000000 00:00 0 
7fea74000000-7fea74021000 rw-p 00000000 00:00 0 
7fea74021000-7fea78000000 ---p 00000000 00:00 0 
7fea78000000-7fea78021000 rw-p 00000000 00:00 0 
7fea78021000-7fea7c000000 ---p 00000000 00:00 0 
7fea7c000000-7fea7c021000 rw-p 00000000 00:00 0 
7fea7c021000-7fea80000000 ---p 00000000 00:00 0 
7fea80000000-7fea80021000 rw-p 00000000 00:00 0 
7fea80021000-7fea84000000 ---p 00000000 00:00 0 
7fea84000000-7fea84021000 rw-p 00000000 00:00 0 
7fea84021000-7fea88000000 ---p 00000000 00:00 0 
7fea88000000-7fea88021000 rw-p 00000000 00:00 0 
7fea88021000-7fea8c000000 ---p 00000000 00:00 0 
7fea8c000000-7fea8c021000 rw-p 00000000 00:00 0 
7fea8c021000-7fea90000000 ---p 00000000 00:00 0 
7fea90000000-7fea90021000 rw-p 00000000 00:00 0 
7fea90021000-7fea94000000 ---p 00000000 00:00 0 
7fea94000000-7fea94021000 rw-p 00000000 00:00 0 
7fea94021000-7fea98000000 ---p 00000000 00:00 0 
7fea98000000-7fea98021000 rw-p 00000000 00:00 0 
7fea98021000-7fea9c000000 ---p 00000000 00:00 0 
7fea9c000000-7fea9c021000 rw-p 00000000 00:00 0 
7fea9c021000-7feaa0000000 ---p 00000000 00:00 0 
7feaa07fb000-7feaa093b000 rw-p 00000000 00:00 0 
7feaa093b000-7feaa09fb000 ---p 00000000 00:00 0 
7feaa09fb000-7feaa09fe000 ---p 00000000 00:00 0 
7feaa09fe000-7feaa0cfc000 rw-p 00000000 00:00 0 
7feaa0cfc000-7feaa0cff000 ---p 00000000 00:00 0 
7feaa0cff000-7feaa0dfd000 rw-p 00000000 00:00 0 
7feaa0dfd000-7feaa0e00000 ---p 00000000 00:00 0 
7feaa0e00000-7feaa0efe000 rw-p 00000000 00:00 0 
7feaa0efe000-7feaa0f01000 ---p 00000000 00:00 0 
7feaa0f01000-7feaa4000000 rw-p 00000000 00:00 0 
7feaa4000000-7feaa4021000 rw-p 00000000 00:00 0 
7feaa4021000-7feaa8000000 ---p 00000000 00:00 0 
7feaa8000000-7feaa8021000 rw-p 00000000 00:00 0 
7feaa8021000-7feaac000000 ---p 00000000 00:00 0 
7feaac000000-7feaac971000 rw-p 00000000 00:00 0 
7feaac971000-7feab0000000 ---p 00000000 00:00 0 
7feab0000000-7feab0c78000 rw-p 00000000 00:00 0 
7feab0c78000-7feab4000000 ---p 00000000 00:00 0 
7feab4000000-7feab4021000 rw-p 00000000 00:00 0 
7feab4021000-7feab8000000 ---p 00000000 00:00 0 
7feab8000000-7feab95c9000 rw-p 00000000 00:00 0 
7feab95c9000-7feabc000000 ---p 00000000 00:00 0 
7feabc000000-7feabc021000 rw-p 00000000 00:00 0 
7feabc021000-7feac0000000 ---p 00000000 00:00 0 
7feac0000000-7feac0021000 rw-p 00000000 00:00 0 
7feac0021000-7feac4000000 ---p 00000000 00:00 0 
7feac4000000-7feac4021000 rw-p 00000000 00:00 0 
7feac4021000-7feac8000000 ---p 00000000 00:00 0 
7feac8000000-7feac829b000 rw-p 00000000 00:00 0 
7feac829b000-7feacc000000 ---p 00000000 00:00 0 
7feacc000000-7feacc021000 rw-p 00000000 00:00 0 
7feacc021000-7fead0000000 ---p 00000000 00:00 0 
7fead0000000-7fead0021000 rw-p 00000000 00:00 0 
7fead0021000-7fead4000000 ---p 00000000 00:00 0 
7fead4000000-7fead4021000 rw-p 00000000 00:00 0 
7fead4021000-7fead8000000 ---p 00000000 00:00 0 
7fead80ef000-7fead80f2000 ---p 00000000 00:00 0 
7fead80f2000-7fead81f0000 rw-p 00000000 00:00 0 
7fead81f0000-7fead81f3000 ---p 00000000 00:00 0 
7fead81f3000-7fead82f1000 rw-p 00000000 00:00 0 
7fead82f1000-7fead82f4000 ---p 00000000 00:00 0 
7fead82f4000-7fead83f2000 rw-p 00000000 00:00 0 
7fead83f2000-7fead83f5000 ---p 00000000 00:00 0 
7fead83f5000-7fead84f3000 rw-p 00000000 00:00 0 
7fead84f3000-7fead84f6000 ---p 00000000 00:00 0 
7fead84f6000-7fead85f4000 rw-p 00000000 00:00 0 
7fead85f4000-7fead85f7000 ---p 00000000 00:00 0 
7fead85f7000-7fead86f5000 rw-p 00000000 00:00 0 
7fead86f5000-7fead86f8000 ---p 00000000 00:00 0 
7fead86f8000-7fead872e000 rw-p 00000000 00:00 0 
7fead872e000-7fead8731000 ---p 00000000 00:00 0 
7fead8731000-7fead882f000 rw-p 00000000 00:00 0 
7fead882f000-7fead8832000 ---p 00000000 00:00 0 
7fead8832000-7fead8930000 rw-p 00000000 00:00 0 
7fead8930000-7fead8933000 ---p 00000000 00:00 0 
7fead8933000-7fead8a31000 rw-p 00000000 00:00 0 
7fead8a31000-7fead8a34000 ---p 00000000 00:00 0 
7fead8a34000-7fead8b32000 rw-p 00000000 00:00 0 
7fead8b32000-7fead8b35000 ---p 00000000 00:00 0 
7fead8b35000-7fead8e33000 rw-p 00000000 00:00 0 
7fead8e33000-7fead8e36000 ---p 00000000 00:00 0 
7fead8e36000-7fead8f34000 rw-p 00000000 00:00 0 
7fead8f34000-7fead8f37000 ---p 00000000 00:00 0 
7fead8f37000-7fead9035000 rw-p 00000000 00:00 0 
7fead9035000-7fead9038000 ---p 00000000 00:00 0 
7fead9038000-7fead9136000 rw-p 00000000 00:00 0 
7fead9136000-7fead914c000 r-xp 00000000 08:01 656512                     /usr/lib/jdk/jdk1.8.0_201/jre/lib/amd64/libnet.so
7fead914c000-7fead934c000 ---p 00016000 08:01 656512                     /usr/lib/jdk/jdk1.8.0_201/jre/lib/amd64/libnet.so
7fead934c000-7fead934d000 r--p 00016000 08:01 656512                     /usr/lib/jdk/jdk1.8.0_201/jre/lib/amd64/libnet.so
7fead934d000-7fead934e000 rw-p 00017000 08:01 656512                     /usr/lib/jdk/jdk1.8.0_201/jre/lib/amd64/libnet.so
7fead934e000-7fead957f000 r--s 01bb1000 08:01 403225                     /home/hewitt/work/DiffTGen-master/lib/evosuite-1.0.6.jar
7fead957f000-7fead9580000 ---p 00000000 00:00 0 
7fead9580000-7fead9680000 rw-p 00000000 00:00 0 
7fead9680000-7fead9683000 ---p 00000000 00:00 0 
7fead9683000-7fead9781000 rw-p 00000000 00:00 0 
7fead9781000-7fead9784000 ---p 00000000 00:00 0 
7fead9784000-7fead9882000 rw-p 00000000 00:00 0 
7fead9882000-7fead9885000 ---p 00000000 00:00 0 
7fead9885000-7fead9983000 rw-p 00000000 00:00 0 
7fead9983000-7fead9986000 ---p 00000000 00:00 0 
7fead9986000-7fead9a84000 rw-p 00000000 00:00 0 
7fead9a84000-7fead9a87000 ---p 00000000 00:00 0 
7fead9a87000-7fead9b85000 rw-p 00000000 00:00 0 
7fead9b85000-7feada544000 r--p 00000000 08:01 270368                     /usr/lib/locale/locale-archive
7feada544000-7feada547000 ---p 00000000 00:00 0 
7feada547000-7feada645000 rw-p 00000000 00:00 0 
7feada645000-7feada648000 ---p 00000000 00:00 0 
7feada648000-7feada746000 rw-p 00000000 00:00 0 
7feada746000-7feada747000 ---p 00000000 00:00 0 
7feada747000-7feadd000000 rw-p 00000000 00:00 0 
7feadd000000-7feadd680000 rwxp 00000000 00:00 0 
7feadd680000-7feaec000000 ---p 00000000 00:00 0 
7feaec000000-7feaec4bf000 rw-p 00000000 00:00 0 
7feaec4bf000-7feaf0000000 ---p 00000000 00:00 0 
7feaf0020000-7feaf002a000 r--s 00116000 08:01 656361                     /usr/lib/jdk/jdk1.8.0_201/jre/lib/ext/localedata.jar
7feaf002a000-7feaf00a3000 r--s 010fd000 08:01 654900                     /usr/lib/jdk/jdk1.8.0_201/lib/tools.jar
7feaf00a3000-7feaf06a9000 rw-p 00000000 00:00 0 
7feaf06a9000-7feaf0883000 r--s 03d6f000 08:01 656293                     /usr/lib/jdk/jdk1.8.0_201/jre/lib/rt.jar
7feaf0883000-7feaf12e4000 rw-p 00000000 00:00 0 
7feaf12e4000-7feaf12e5000 ---p 00000000 00:00 0 
7feaf12e5000-7feaf13e5000 rw-p 00000000 00:00 0 
7feaf13e5000-7feaf13e6000 ---p 00000000 00:00 0 
7feaf13e6000-7feaf14e6000 rw-p 00000000 00:00 0 
7feaf14e6000-7feaf14e7000 ---p 00000000 00:00 0 
7feaf14e7000-7feaf15e7000 rw-p 00000000 00:00 0 
7feaf15e7000-7feaf15e8000 ---p 00000000 00:00 0 
7feaf15e8000-7feaf16fd000 rw-p 00000000 00:00 0 
7feaf16fd000-7feaf1830000 ---p 00000000 00:00 0 
7feaf1830000-7feaf1845000 rw-p 00000000 00:00 0 
7feaf1845000-7feaf1977000 ---p 00000000 00:00 0 
7feaf1977000-7feaf198d000 rw-p 00000000 00:00 0 
7feaf198d000-7feaf1a1b000 ---p 00000000 00:00 0 
7feaf1a1b000-7feaf1a36000 rw-p 00000000 00:00 0 
7feaf1a36000-7feaf1ddc000 ---p 00000000 00:00 0 
7feaf1ddc000-7feaf1df7000 r-xp 00000000 08:01 656508                     /usr/lib/jdk/jdk1.8.0_201/jre/lib/amd64/libzip.so
7feaf1df7000-7feaf1ff6000 ---p 0001b000 08:01 656508                     /usr/lib/jdk/jdk1.8.0_201/jre/lib/amd64/libzip.so
7feaf1ff6000-7feaf1ff7000 r--p 0001a000 08:01 656508                     /usr/lib/jdk/jdk1.8.0_201/jre/lib/amd64/libzip.so
7feaf1ff7000-7feaf1ff8000 rw-p 0001b000 08:01 656508                     /usr/lib/jdk/jdk1.8.0_201/jre/lib/amd64/libzip.so
7feaf1ff8000-7feaf2003000 r-xp 00000000 08:01 658902                     /lib/x86_64-linux-gnu/libnss_files-2.23.so
7feaf2003000-7feaf2202000 ---p 0000b000 08:01 658902                     /lib/x86_64-linux-gnu/libnss_files-2.23.so
7feaf2202000-7feaf2203000 r--p 0000a000 08:01 658902                     /lib/x86_64-linux-gnu/libnss_files-2.23.so
7feaf2203000-7feaf2204000 rw-p 0000b000 08:01 658902                     /lib/x86_64-linux-gnu/libnss_files-2.23.so
7feaf2204000-7feaf220a000 rw-p 00000000 00:00 0 
7feaf220a000-7feaf2215000 r-xp 00000000 08:01 658912                     /lib/x86_64-linux-gnu/libnss_nis-2.23.so
7feaf2215000-7feaf2414000 ---p 0000b000 08:01 658912                     /lib/x86_64-linux-gnu/libnss_nis-2.23.so
7feaf2414000-7feaf2415000 r--p 0000a000 08:01 658912                     /lib/x86_64-linux-gnu/libnss_nis-2.23.so
7feaf2415000-7feaf2416000 rw-p 0000b000 08:01 658912                     /lib/x86_64-linux-gnu/libnss_nis-2.23.so
7feaf2416000-7feaf242c000 r-xp 00000000 08:01 658896                     /lib/x86_64-linux-gnu/libnsl-2.23.so
7feaf242c000-7feaf262b000 ---p 00016000 08:01 658896                     /lib/x86_64-linux-gnu/libnsl-2.23.so
7feaf262b000-7feaf262c000 r--p 00015000 08:01 658896                     /lib/x86_64-linux-gnu/libnsl-2.23.so
7feaf262c000-7feaf262d000 rw-p 00016000 08:01 658896                     /lib/x86_64-linux-gnu/libnsl-2.23.so
7feaf262d000-7feaf262f000 rw-p 00000000 00:00 0 
7feaf262f000-7feaf2637000 r-xp 00000000 08:01 658898                     /lib/x86_64-linux-gnu/libnss_compat-2.23.so
7feaf2637000-7feaf2836000 ---p 00008000 08:01 658898                     /lib/x86_64-linux-gnu/libnss_compat-2.23.so
7feaf2836000-7feaf2837000 r--p 00007000 08:01 658898                     /lib/x86_64-linux-gnu/libnss_compat-2.23.so
7feaf2837000-7feaf2838000 rw-p 00008000 08:01 658898                     /lib/x86_64-linux-gnu/libnss_compat-2.23.so
7feaf2838000-7feaf2864000 r-xp 00000000 08:01 656502                     /usr/lib/jdk/jdk1.8.0_201/jre/lib/amd64/libjava.so
7feaf2864000-7feaf2a64000 ---p 0002c000 08:01 656502                     /usr/lib/jdk/jdk1.8.0_201/jre/lib/amd64/libjava.so
7feaf2a64000-7feaf2a65000 r--p 0002c000 08:01 656502                     /usr/lib/jdk/jdk1.8.0_201/jre/lib/amd64/libjava.so
7feaf2a65000-7feaf2a67000 rw-p 0002d000 08:01 656502                     /usr/lib/jdk/jdk1.8.0_201/jre/lib/amd64/libjava.so
7feaf2a67000-7feaf2a74000 r-xp 00000000 08:01 656507                     /usr/lib/jdk/jdk1.8.0_201/jre/lib/amd64/libverify.so
7feaf2a74000-7feaf2c73000 ---p 0000d000 08:01 656507                     /usr/lib/jdk/jdk1.8.0_201/jre/lib/amd64/libverify.so
7feaf2c73000-7feaf2c75000 r--p 0000c000 08:01 656507                     /usr/lib/jdk/jdk1.8.0_201/jre/lib/amd64/libverify.so
7feaf2c75000-7feaf2c76000 rw-p 0000e000 08:01 656507                     /usr/lib/jdk/jdk1.8.0_201/jre/lib/amd64/libverify.so
7feaf2c76000-7feaf2c7d000 r-xp 00000000 08:01 658957                     /lib/x86_64-linux-gnu/librt-2.23.so
7feaf2c7d000-7feaf2e7c000 ---p 00007000 08:01 658957                     /lib/x86_64-linux-gnu/librt-2.23.so
7feaf2e7c000-7feaf2e7d000 r--p 00006000 08:01 658957                     /lib/x86_64-linux-gnu/librt-2.23.so
7feaf2e7d000-7feaf2e7e000 rw-p 00007000 08:01 658957                     /lib/x86_64-linux-gnu/librt-2.23.so
7feaf2e7e000-7feaf2f86000 r-xp 00000000 08:01 658873                     /lib/x86_64-linux-gnu/libm-2.23.so
7feaf2f86000-7feaf3185000 ---p 00108000 08:01 658873                     /lib/x86_64-linux-gnu/libm-2.23.so
7feaf3185000-7feaf3186000 r--p 00107000 08:01 658873                     /lib/x86_64-linux-gnu/libm-2.23.so
7feaf3186000-7feaf3187000 rw-p 00108000 08:01 658873                     /lib/x86_64-linux-gnu/libm-2.23.so
7feaf3187000-7feaf3e6f000 r-xp 00000000 08:01 656484                     /usr/lib/jdk/jdk1.8.0_201/jre/lib/amd64/server/libjvm.so
7feaf3e6f000-7feaf406e000 ---p 00ce8000 08:01 656484                     /usr/lib/jdk/jdk1.8.0_201/jre/lib/amd64/server/libjvm.so
7feaf406e000-7feaf4104000 r--p 00ce7000 08:01 656484                     /usr/lib/jdk/jdk1.8.0_201/jre/lib/amd64/server/libjvm.so
7feaf4104000-7feaf4135000 rw-p 00d7d000 08:01 656484                     /usr/lib/jdk/jdk1.8.0_201/jre/lib/amd64/server/libjvm.so
7feaf4135000-7feaf4170000 rw-p 00000000 00:00 0 
7feaf4170000-7feaf4330000 r-xp 00000000 08:01 658803                     /lib/x86_64-linux-gnu/libc-2.23.so
7feaf4330000-7feaf4530000 ---p 001c0000 08:01 658803                     /lib/x86_64-linux-gnu/libc-2.23.so
7feaf4530000-7feaf4534000 r--p 001c0000 08:01 658803                     /lib/x86_64-linux-gnu/libc-2.23.so
7feaf4534000-7feaf4536000 rw-p 001c4000 08:01 658803                     /lib/x86_64-linux-gnu/libc-2.23.so
7feaf4536000-7feaf453a000 rw-p 00000000 00:00 0 
7feaf453a000-7feaf453d000 r-xp 00000000 08:01 658827                     /lib/x86_64-linux-gnu/libdl-2.23.so
7feaf453d000-7feaf473c000 ---p 00003000 08:01 658827                     /lib/x86_64-linux-gnu/libdl-2.23.so
7feaf473c000-7feaf473d000 r--p 00002000 08:01 658827                     /lib/x86_64-linux-gnu/libdl-2.23.so
7feaf473d000-7feaf473e000 rw-p 00003000 08:01 658827                     /lib/x86_64-linux-gnu/libdl-2.23.so
7feaf473e000-7feaf4755000 r-xp 00000000 08:01 656155                     /usr/lib/jdk/jdk1.8.0_201/lib/amd64/jli/libjli.so
7feaf4755000-7feaf4954000 ---p 00017000 08:01 656155                     /usr/lib/jdk/jdk1.8.0_201/lib/amd64/jli/libjli.so
7feaf4954000-7feaf4955000 r--p 00016000 08:01 656155                     /usr/lib/jdk/jdk1.8.0_201/lib/amd64/jli/libjli.so
7feaf4955000-7feaf4956000 rw-p 00017000 08:01 656155                     /usr/lib/jdk/jdk1.8.0_201/lib/amd64/jli/libjli.so
7feaf4956000-7feaf496e000 r-xp 00000000 08:01 658949                     /lib/x86_64-linux-gnu/libpthread-2.23.so
7feaf496e000-7feaf4b6d000 ---p 00018000 08:01 658949                     /lib/x86_64-linux-gnu/libpthread-2.23.so
7feaf4b6d000-7feaf4b6e000 r--p 00017000 08:01 658949                     /lib/x86_64-linux-gnu/libpthread-2.23.so
7feaf4b6e000-7feaf4b6f000 rw-p 00018000 08:01 658949                     /lib/x86_64-linux-gnu/libpthread-2.23.so
7feaf4b6f000-7feaf4b73000 rw-p 00000000 00:00 0 
7feaf4b73000-7feaf4b99000 r-xp 00000000 08:01 658775                     /lib/x86_64-linux-gnu/ld-2.23.so
7feaf4b99000-7feaf4bb5000 r--s 00393000 08:01 656354                     /usr/lib/jdk/jdk1.8.0_201/jre/lib/ext/cldrdata.jar
7feaf4bb5000-7feaf4bbd000 r--s 0006e000 08:01 398946                     /home/hewitt/work/DiffTGen-master/lib/commons-lang3-3.5.jar
7feaf4bbd000-7feaf4c7b000 rw-p 00000000 00:00 0 
7feaf4c7b000-7feaf4c7e000 ---p 00000000 00:00 0 
7feaf4c7e000-7feaf4d81000 rw-p 00000000 00:00 0 
7feaf4d84000-7feaf4d88000 r--s 000a1000 08:01 656350                     /usr/lib/jdk/jdk1.8.0_201/jre/lib/jsse.jar
7feaf4d88000-7feaf4d89000 r--s 00000000 08:01 398951                     /home/hewitt/work/DiffTGen-master/lib/myprinter.jar
7feaf4d89000-7feaf4d8e000 r--s 0003f000 08:01 430010                     /home/hewitt/work/DiffTGen-master/output/patch2-Lang-43-CapGen/Lang_43_2_capgen/target/build/classes/all0.jar
7feaf4d8e000-7feaf4d96000 rw-s 00000000 08:01 153847                     /tmp/hsperfdata_hewitt/88123
7feaf4d96000-7feaf4d97000 rw-p 00000000 00:00 0 
7feaf4d97000-7feaf4d98000 ---p 00000000 00:00 0 
7feaf4d98000-7feaf4d99000 r--p 00025000 08:01 658775                     /lib/x86_64-linux-gnu/ld-2.23.so
7feaf4d99000-7feaf4d9a000 rw-p 00026000 08:01 658775                     /lib/x86_64-linux-gnu/ld-2.23.so
7feaf4d9a000-7feaf4d9b000 rw-p 00000000 00:00 0 
7ffd708cc000-7ffd708ee000 rw-p 00000000 00:00 0                          [stack]
7ffd70990000-7ffd70993000 r--p 00000000 00:00 0                          [vvar]
7ffd70993000-7ffd70995000 r-xp 00000000 00:00 0                          [vdso]
ffffffffff600000-ffffffffff601000 r-xp 00000000 00:00 0                  [vsyscall]

VM Arguments:
java_command: /home/hewitt/work/DiffTGen-master/lib/evosuite-1.0.6.jar -base_dir /home/hewitt/work/DiffTGen-master/output/patch2-Lang-43-CapGen/Lang_43_2_capgen/target/0/2 -projectCP /home/hewitt/work/DiffTGen-master/output/patch2-Lang-43-CapGen/Lang_43_2_capgen/target/build/classes/all0.jar:/home/hewitt/work/DiffTGen-master/lib/myprinter.jar:/home/hewitt/work/DiffTGen-master/lib/commons-lang3-3.5.jar -class org.apache.commons.lang.text.ExtendedMessageFormat -Dassertions=false -Dsearch_budget=60
java_class_path (initial): /home/hewitt/work/DiffTGen-master/lib/evosuite-1.0.6.jar
Launcher Type: SUN_STANDARD

Environment Variables:
JAVA_HOME=/usr/lib/jdk/jdk1.8.0_201
JRE_HOME=/usr/lib/jdk/jdk1.8.0_201/jre
CLASSPATH=.:/usr/lib/jdk/jdk1.8.0_201/lib:/usr/lib/jdk/jdk1.8.0_201/jre/lib
PATH=/usr/lib/jdk/jdk1.8.0_201/bin:/home/hewitt/bin:/home/hewitt/.local/bin:/usr/lib/jdk/jdk1.7.0_80/bin:/usr/local/sbin:/usr/local/bin:/usr/sbin:/usr/bin:/sbin:/bin:/usr/games:/usr/local/games:/snap/bin:/home/hewitt/work/defects4j_v1.4.0/defects4j/framework/bin:/opt/apache-ant-1.9.14/bin:/home/hewitt/work/defects4j_v1.4.0/defects4j/framework/bin
SHELL=/bin/bash
DISPLAY=:0

Signal Handlers:
SIGSEGV: [libjvm.so+0xad3e60], sa_mask[0]=11111111011111111101111111111110, sa_flags=SA_RESTART|SA_SIGINFO
SIGBUS: [libjvm.so+0xad3e60], sa_mask[0]=11111111011111111101111111111110, sa_flags=SA_RESTART|SA_SIGINFO
SIGFPE: [libjvm.so+0x90b880], sa_mask[0]=11111111011111111101111111111110, sa_flags=SA_RESTART|SA_SIGINFO
SIGPIPE: [libjvm.so+0x90b880], sa_mask[0]=11111111011111111101111111111110, sa_flags=SA_RESTART|SA_SIGINFO
SIGXFSZ: [libjvm.so+0x90b880], sa_mask[0]=11111111011111111101111111111110, sa_flags=SA_RESTART|SA_SIGINFO
SIGILL: [libjvm.so+0x90b880], sa_mask[0]=11111111011111111101111111111110, sa_flags=SA_RESTART|SA_SIGINFO
SIGUSR1: SIG_DFL, sa_mask[0]=00000000000000000000000000000000, sa_flags=none
SIGUSR2: [libjvm.so+0x90b750], sa_mask[0]=00100000000000000000000000000000, sa_flags=SA_RESTART|SA_SIGINFO
SIGHUP: [libjvm.so+0x90bd70], sa_mask[0]=11111111011111111101111111111110, sa_flags=SA_RESTART|SA_SIGINFO
SIGINT: [libjvm.so+0x90bd70], sa_mask[0]=11111111011111111101111111111110, sa_flags=SA_RESTART|SA_SIGINFO
SIGTERM: [libjvm.so+0x90bd70], sa_mask[0]=11111111011111111101111111111110, sa_flags=SA_RESTART|SA_SIGINFO
SIGQUIT: [libjvm.so+0x90bd70], sa_mask[0]=11111111011111111101111111111110, sa_flags=SA_RESTART|SA_SIGINFO


---------------  S Y S T E M  ---------------

OS:DISTRIB_ID=Ubuntu
DISTRIB_RELEASE=16.04
DISTRIB_CODENAME=xenial
DISTRIB_DESCRIPTION="Ubuntu 16.04.6 LTS"

uname:Linux 4.15.0-91-generic #92~16.04.1-Ubuntu SMP Fri Feb 28 14:57:22 UTC 2020 x86_64
libc:glibc 2.23 NPTL 2.23 
rlimit: STACK 8192k, CORE 0k, NPROC 15448, NOFILE 1048576, AS infinity
load average:22.03 20.08 17.66

/proc/meminfo:
MemTotal:        4015928 kB
MemFree:           87240 kB
MemAvailable:          0 kB
Buffers:             400 kB
Cached:            15780 kB
SwapCached:          320 kB
Active:          2905000 kB
Inactive:         585948 kB
Active(anon):    2897664 kB
Inactive(anon):   579264 kB
Active(file):       7336 kB
Inactive(file):     6684 kB
Unevictable:          48 kB
Mlocked:              48 kB
SwapTotal:        998396 kB
SwapFree:             52 kB
Dirty:               176 kB
Writeback:            40 kB
AnonPages:       3475140 kB
Mapped:             9900 kB
Shmem:              1652 kB
Slab:              92212 kB
SReclaimable:      33588 kB
SUnreclaim:        58624 kB
KernelStack:       16112 kB
PageTables:        42472 kB
NFS_Unstable:          0 kB
Bounce:                0 kB
WritebackTmp:          0 kB
CommitLimit:     3006360 kB
Committed_AS:    8725580 kB
VmallocTotal:   34359738367 kB
VmallocUsed:           0 kB
VmallocChunk:          0 kB
HardwareCorrupted:     0 kB
AnonHugePages:         0 kB
ShmemHugePages:        0 kB
ShmemPmdMapped:        0 kB
CmaTotal:              0 kB
CmaFree:               0 kB
HugePages_Total:       0
HugePages_Free:        0
HugePages_Rsvd:        0
HugePages_Surp:        0
Hugepagesize:       2048 kB
DirectMap4k:       98112 kB
DirectMap2M:     4096000 kB
DirectMap1G:     2097152 kB

container (cgroup) information:
container_type: cgroupv1
cpu_cpuset_cpus: 0-3
cpu_memory_nodes: 0
active_processor_count: 4
cpu_quota: -1
cpu_period: 100000
cpu_shares: -1
memory_limit_in_bytes: -1
memory_and_swap_limit_in_bytes: -2
memory_soft_limit_in_bytes: -1
memory_usage_in_bytes: 3575468032
memory_max_usage_in_bytes: 69316608


CPU:total 4 (initial active 4) (2 cores per cpu, 1 threads per core) family 6 model 158 stepping 9, cmov, cx8, fxsr, mmx, sse, sse2, sse3, ssse3, sse4.1, sse4.2, popcnt, avx, avx2, aes, clmul, erms, 3dnowpref, lzcnt, tsc, tscinvbit, bmi1, bmi2, adx

/proc/cpuinfo:
processor	: 0
vendor_id	: GenuineIntel
cpu family	: 6
model		: 158
model name	: Intel(R) Core(TM) i7-7700HQ CPU @ 2.80GHz
stepping	: 9
microcode	: 0xb4
cpu MHz		: 2808.002
cache size	: 6144 KB
physical id	: 0
siblings	: 2
core id		: 0
cpu cores	: 2
apicid		: 0
initial apicid	: 0
fpu		: yes
fpu_exception	: yes
cpuid level	: 22
wp		: yes
flags		: fpu vme de pse tsc msr pae mce cx8 apic sep mtrr pge mca cmov pat pse36 clflush mmx fxsr sse sse2 ss ht syscall nx pdpe1gb rdtscp lm constant_tsc arch_perfmon nopl xtopology tsc_reliable nonstop_tsc cpuid pni pclmulqdq ssse3 fma cx16 pcid sse4_1 sse4_2 x2apic movbe popcnt tsc_deadline_timer aes xsave avx f16c rdrand hypervisor lahf_lm abm 3dnowprefetch cpuid_fault invpcid_single pti ssbd ibrs ibpb stibp fsgsbase tsc_adjust bmi1 avx2 smep bmi2 invpcid mpx rdseed adx smap clflushopt xsaveopt xsavec xsaves arat md_clear flush_l1d arch_capabilities
bugs		: cpu_meltdown spectre_v1 spectre_v2 spec_store_bypass l1tf mds swapgs itlb_multihit
bogomips	: 5616.00
clflush size	: 64
cache_alignment	: 64
address sizes	: 43 bits physical, 48 bits virtual
power management:

processor	: 1
vendor_id	: GenuineIntel
cpu family	: 6
model		: 158
model name	: Intel(R) Core(TM) i7-7700HQ CPU @ 2.80GHz
stepping	: 9
microcode	: 0xb4
cpu MHz		: 2808.002
cache size	: 6144 KB
physical id	: 0
siblings	: 2
core id		: 1
cpu cores	: 2
apicid		: 1
initial apicid	: 1
fpu		: yes
fpu_exception	: yes
cpuid level	: 22
wp		: yes
flags		: fpu vme de pse tsc msr pae mce cx8 apic sep mtrr pge mca cmov pat pse36 clflush mmx fxsr sse sse2 ss ht syscall nx pdpe1gb rdtscp lm constant_tsc arch_perfmon nopl xtopology tsc_reliable nonstop_tsc cpuid pni pclmulqdq ssse3 fma cx16 pcid sse4_1 sse4_2 x2apic movbe popcnt tsc_deadline_timer aes xsave avx f16c rdrand hypervisor lahf_lm abm 3dnowprefetch cpuid_fault invpcid_single pti ssbd ibrs ibpb stibp fsgsbase tsc_adjust bmi1 avx2 smep bmi2 invpcid mpx rdseed adx smap clflushopt xsaveopt xsavec xsaves arat md_clear flush_l1d arch_capabilities
bugs		: cpu_meltdown spectre_v1 spectre_v2 spec_store_bypass l1tf mds swapgs itlb_multihit
bogomips	: 5616.00
clflush size	: 64
cache_alignment	: 64
address sizes	: 43 bits physical, 48 bits virtual
power management:

processor	: 2
vendor_id	: GenuineIntel
cpu family	: 6
model		: 158
model name	: Intel(R) Core(TM) i7-7700HQ CPU @ 2.80GHz
stepping	: 9
microcode	: 0xb4
cpu MHz		: 2808.002
cache size	: 6144 KB
physical id	: 1
siblings	: 2
core id		: 0
cpu cores	: 2
apicid		: 2
initial apicid	: 2
fpu		: yes
fpu_exception	: yes
cpuid level	: 22
wp		: yes
flags		: fpu vme de pse tsc msr pae mce cx8 apic sep mtrr pge mca cmov pat pse36 clflush mmx fxsr sse sse2 ss ht syscall nx pdpe1gb rdtscp lm constant_tsc arch_perfmon nopl xtopology tsc_reliable nonstop_tsc cpuid pni pclmulqdq ssse3 fma cx16 pcid sse4_1 sse4_2 x2apic movbe popcnt tsc_deadline_timer aes xsave avx f16c rdrand hypervisor lahf_lm abm 3dnowprefetch cpuid_fault invpcid_single pti ssbd ibrs ibpb stibp fsgsbase tsc_adjust bmi1 avx2 smep bmi2 invpcid mpx rdseed adx smap clflushopt xsaveopt xsavec xsaves arat md_clear flush_l1d arch_capabilities
bugs		: cpu_meltdown spectre_v1 spectre_v2 spec_store_bypass l1tf mds swapgs itlb_multihit
bogomips	: 5616.00
clflush size	: 64
cache_alignment	: 64
address sizes	: 43 bits physical, 48 bits virtual
power management:

processor	: 3
vendor_id	: GenuineIntel
cpu family	: 6
model		: 158
model name	: Intel(R) Core(TM) i7-7700HQ CPU @ 2.80GHz
stepping	: 9
microcode	: 0xb4
cpu MHz		: 2808.002
cache size	: 6144 KB
physical id	: 1
siblings	: 2
core id		: 1
cpu cores	: 2
apicid		: 3
initial apicid	: 3
fpu		: yes
fpu_exception	: yes
cpuid level	: 22
wp		: yes
flags		: fpu vme de pse tsc msr pae mce cx8 apic sep mtrr pge mca cmov pat pse36 clflush mmx fxsr sse sse2 ss ht syscall nx pdpe1gb rdtscp lm constant_tsc arch_perfmon nopl xtopology tsc_reliable nonstop_tsc cpuid pni pclmulqdq ssse3 fma cx16 pcid sse4_1 sse4_2 x2apic movbe popcnt tsc_deadline_timer aes xsave avx f16c rdrand hypervisor lahf_lm abm 3dnowprefetch cpuid_fault invpcid_single pti ssbd ibrs ibpb stibp fsgsbase tsc_adjust bmi1 avx2 smep bmi2 invpcid mpx rdseed adx smap clflushopt xsaveopt xsavec xsaves arat md_clear flush_l1d arch_capabilities
bugs		: cpu_meltdown spectre_v1 spectre_v2 spec_store_bypass l1tf mds swapgs itlb_multihit
bogomips	: 5616.00
clflush size	: 64
cache_alignment	: 64
address sizes	: 43 bits physical, 48 bits virtual
power management:



Memory: 4k page, physical 4015928k(87240k free), swap 998396k(52k free)

vm_info: Java HotSpot(TM) 64-Bit Server VM (25.201-b09) for linux-amd64 JRE (1.8.0_201-b09), built on Dec 15 2018 11:35:59 by "java_re" with gcc 7.3.0

time: Sun Mar 29 12:51:25 2020
timezone: CST
elapsed time: 58 seconds (0d 0h 0m 58s)

