#
# There is insufficient memory for the Java Runtime Environment to continue.
# Native memory allocation (mmap) failed to map 85983232 bytes for committing reserved memory.
# Possible reasons:
#   The system is out of physical RAM or swap space
#   The process is running with CompressedOops enabled, and the Java Heap may be blocking the growth of the native heap
# Possible solutions:
#   Reduce memory load on the system
#   Increase physical memory or swap space
#   Check if swap backing store is full
#   Decrease Java heap size (-Xmx/-Xms)
#   Decrease number of Java threads
#   Decrease Java thread stack sizes (-Xss)
#   Set larger code cache with -XX:ReservedCodeCacheSize=
#   JVM is running with Unscaled Compressed Oops mode in which the Java heap is
#     placed in the first 4GB address space. The Java Heap base address is the
#     maximum limit for the native heap growth. Please use -XX:HeapBaseMinAddress
#     to set the Java Heap base and to place the Java Heap above 4GB virtual address.
# This output file may be truncated or incomplete.
#
#  Out of Memory Error (os_linux.cpp:2749), pid=104125, tid=0x00007f72bbfff700
#
# JRE version: Java(TM) SE Runtime Environment (8.0_201-b09) (build 1.8.0_201-b09)
# Java VM: Java HotSpot(TM) 64-Bit Server VM (25.201-b09 mixed mode linux-amd64 compressed oops)
# Failed to write core dump. Core dumps have been disabled. To enable core dumping, try "ulimit -c unlimited" before starting Java again
#

---------------  T H R E A D  ---------------

Current thread (0x00007f72d0140000):  VMThread [stack: 0x00007f72bbeff000,0x00007f72bc000000] [id=104157]

Stack: [0x00007f72bbeff000,0x00007f72bc000000],  sp=0x00007f72bbffe450,  free space=1021k
Native frames: (J=compiled Java code, j=interpreted, Vv=VM code, C=native code)
V  [libjvm.so+0xad3525]  VMError::report_and_die()+0x2e5
V  [libjvm.so+0x4e0457]  report_vm_out_of_memory(char const*, int, unsigned long, VMErrorType, char const*)+0x67
V  [libjvm.so+0x9102f0]  os::pd_commit_memory(char*, unsigned long, unsigned long, bool)+0x100
V  [libjvm.so+0x90791f]  os::commit_memory(char*, unsigned long, unsigned long, bool)+0x1f
V  [libjvm.so+0x98c806]  PSVirtualSpace::expand_by(unsigned long)+0x56
V  [libjvm.so+0x98da98]  PSYoungGen::resize(unsigned long, unsigned long)+0xd8
V  [libjvm.so+0x98a236]  PSScavenge::invoke_no_policy()+0x1376
V  [libjvm.so+0x98a5cc]  PSScavenge::invoke()+0x4c
V  [libjvm.so+0x93a318]  ParallelScavengeHeap::failed_mem_allocate(unsigned long)+0x68
V  [libjvm.so+0xad5073]  VM_ParallelGCFailedAllocation::doit()+0x93
V  [libjvm.so+0xada296]  VM_Operation::evaluate()+0x46
V  [libjvm.so+0xad85cd]  VMThread::evaluate_operation(VM_Operation*) [clone .constprop.44]+0xcd
V  [libjvm.so+0xad8bb3]  VMThread::loop()+0x3a3
V  [libjvm.so+0xad8f88]  VMThread::run()+0x78
V  [libjvm.so+0x90d922]  java_start(Thread*)+0x102

VM_Operation (0x00007f72b96dab70): ParallelGCFailedAllocation, mode: safepoint, requested by thread 0x00007f7274001000


---------------  P R O C E S S  ---------------

Java Threads: ( => current thread )
  0x00007f7274002800 JavaThread "RMI TCP Connection(3)-127.0.0.1" daemon [_thread_in_native, id=104497, stack(0x00007f72b94dd000,0x00007f72b95de000)]
  0x00007f7274001000 JavaThread "RMI TCP Connection(2)-127.0.0.1" daemon [_thread_blocked, id=104430, stack(0x00007f72b95de000,0x00007f72b96df000)]
  0x00007f724c038000 JavaThread "RMI Scheduler(0)" daemon [_thread_blocked, id=104423, stack(0x00007f72b96df000,0x00007f72b97e0000)]
  0x00007f724c030800 JavaThread "RMI RenewClean-[127.0.0.1:20600]" daemon [_thread_blocked, id=104420, stack(0x00007f72b97e0000,0x00007f72b98e1000)]
  0x00007f7270001000 JavaThread "RMI TCP Connection(idle)" daemon [_thread_blocked, id=104411, stack(0x00007f72b98e1000,0x00007f72b99e2000)]
  0x00007f7260005000 JavaThread "pool-3-thread-3" [_thread_in_native, id=104379, stack(0x00007f72b99e2000,0x00007f72b9ae3000)]
  0x00007f7260003000 JavaThread "pool-3-thread-2" [_thread_in_native, id=104378, stack(0x00007f72b9ae3000,0x00007f72b9be4000)]
  0x00007f7260002000 JavaThread "pool-3-thread-1" [_thread_in_native, id=104377, stack(0x00007f72b9be4000,0x00007f72b9ce5000)]
  0x00007f72d03bf000 JavaThread "Thread-3" [_thread_in_native, id=104263, stack(0x00007f72b9ce5000,0x00007f72b9de6000)]
  0x00007f72d03bd800 JavaThread "Thread-2" [_thread_in_native, id=104261, stack(0x00007f72b9de6000,0x00007f72b9ee7000)]
  0x00007f72d03bb800 JavaThread "process reaper" daemon [_thread_in_native, id=104257, stack(0x00007f72d401b000,0x00007f72d4054000)]
  0x00007f72d03b5800 JavaThread "pool-2-thread-1" [_thread_in_native, id=104243, stack(0x00007f72b9ee7000,0x00007f72b9fe8000)]
  0x00007f72d03b4000 JavaThread "GC Daemon" daemon [_thread_blocked, id=104235, stack(0x00007f72b9fe8000,0x00007f72ba0e9000)]
  0x00007f72d03b1000 JavaThread "RMI Reaper" [_thread_blocked, id=104234, stack(0x00007f72ba0e9000,0x00007f72ba1ea000)]
  0x00007f72d03aa000 JavaThread "RMI TCP Accept-19671" daemon [_thread_in_native, id=104232, stack(0x00007f72ba1ea000,0x00007f72ba2eb000)]
  0x00007f72d03a3000 JavaThread "RMI TCP Accept-21344" daemon [_thread_in_native, id=104230, stack(0x00007f72ba2eb000,0x00007f72ba3ec000)]
  0x00007f72d02ea000 JavaThread "logback-3" daemon [_thread_blocked, id=104223, stack(0x00007f72ba5ec000,0x00007f72ba6ed000)]
  0x00007f72d02e6800 JavaThread "logback-2" daemon [_thread_blocked, id=104218, stack(0x00007f72ba6ed000,0x00007f72ba7ee000)]
  0x00007f72d02e5000 JavaThread "logback-1" daemon [_thread_blocked, id=104216, stack(0x00007f72ba7ee000,0x00007f72ba8ef000)]
  0x00007f72d0189000 JavaThread "Service Thread" daemon [_thread_blocked, id=104207, stack(0x00007f72bae39000,0x00007f72baf3a000)]
  0x00007f72d0186000 JavaThread "C1 CompilerThread2" daemon [_thread_blocked, id=104205, stack(0x00007f72baf3a000,0x00007f72bb03b000)]
  0x00007f72d0184800 JavaThread "C2 CompilerThread1" daemon [_thread_blocked, id=104199, stack(0x00007f72bb03b000,0x00007f72bb13c000)]
  0x00007f72d0181800 JavaThread "C2 CompilerThread0" daemon [_thread_blocked, id=104197, stack(0x00007f72bb13c000,0x00007f72bb23d000)]
  0x00007f72d0180000 JavaThread "Signal Dispatcher" daemon [_thread_blocked, id=104181, stack(0x00007f72bb23d000,0x00007f72bb33e000)]
  0x00007f72d014c000 JavaThread "Finalizer" daemon [_thread_blocked, id=104166, stack(0x00007f72bbcfd000,0x00007f72bbdfe000)]
  0x00007f72d0149800 JavaThread "Reference Handler" daemon [_thread_blocked, id=104164, stack(0x00007f72bbdfe000,0x00007f72bbeff000)]
  0x00007f72d000a800 JavaThread "main" [_thread_in_native, id=104132, stack(0x00007f72d9d4f000,0x00007f72d9e50000)]

Other Threads:
=>0x00007f72d0140000 VMThread [stack: 0x00007f72bbeff000,0x00007f72bc000000] [id=104157]
  0x00007f72d018b800 WatcherThread [stack: 0x00007f72bad38000,0x00007f72bae39000] [id=104210]

VM state:at safepoint (normal execution)

VM Mutex/Monitor currently owned by a thread:  ([mutex/lock_event])
[0x00007f72d0007070] Threads_lock - owner thread: 0x00007f72d0140000
[0x00007f72d0007570] Heap_lock - owner thread: 0x00007f7274001000

heap address: 0x00000000c2a00000, size: 982 MB, Compressed Oops mode: 32-bit
Narrow klass base: 0x0000000000000000, Narrow klass shift: 3
Compressed class space size: 1073741824 Address: 0x0000000100000000

Heap:
 PSYoungGen      total 157696K, used 10240K [0x00000000eb900000, 0x00000000f7880000, 0x0000000100000000)
  eden space 147456K, 0% used [0x00000000eb900000,0x00000000eb900000,0x00000000f4900000)
  from space 10240K, 100% used [0x00000000f4900000,0x00000000f5300000,0x00000000f5300000)
  to   space 10240K, 0% used [0x00000000f5300000,0x00000000f5300000,0x00000000f5d00000)
 ParOldGen       total 56832K, used 55446K [0x00000000c2a00000, 0x00000000c6180000, 0x00000000eb900000)
  object space 56832K, 97% used [0x00000000c2a00000,0x00000000c6025938,0x00000000c6180000)
 Metaspace       used 15027K, capacity 15550K, committed 15616K, reserved 1062912K
  class space    used 1641K, capacity 1781K, committed 1792K, reserved 1048576K

Card table byte_map: [0x00007f72d6904000,0x00007f72d6af0000] byte_map_base: 0x00007f72d62ef000

Marking Bits: (ParMarkBitMap*) 0x00007f72d9226d80
 Begin Bits: [0x00007f72d4508000, 0x00007f72d5460000)
 End Bits:   [0x00007f72d5460000, 0x00007f72d63b8000)

Polling page: 0x00007f72d9e6b000

CodeCache: size=245760Kb used=8883Kb max_used=8891Kb free=236876Kb
 bounds [0x00007f72c1000000, 0x00007f72c18c0000, 0x00007f72d0000000]
 total_blobs=2653 nmethods=2303 adapters=263
 compilation: enabled

Compilation events (10 events):
Event: 77.125 Thread 0x00007f72d0184800 nmethod 2350 0x00007f72c18ae0d0 code [0x00007f72c18ae2e0, 0x00007f72c18af5c8]
Event: 77.125 Thread 0x00007f72d0184800 2351       4       java.io.ObjectStreamClass::computeFieldOffsets (307 bytes)
Event: 77.140 Thread 0x00007f72d0184800 nmethod 2351 0x00007f72c18acf90 code [0x00007f72c18ad200, 0x00007f72c18ad458]
Event: 77.150 Thread 0x00007f72d0181800 nmethod 2348 0x00007f72c18b3290 code [0x00007f72c18b35a0, 0x00007f72c18b4b68]
Event: 77.384 Thread 0x00007f72d0184800 2361   !   4       sun.reflect.GeneratedMethodAccessor11::invoke (66 bytes)
Event: 77.393 Thread 0x00007f72d0184800 nmethod 2361 0x00007f72c18b5d90 code [0x00007f72c18b5fc0, 0x00007f72c18b6b00]
Event: 77.464 Thread 0x00007f72d0186000 2362       3       java.lang.Class::searchFields (41 bytes)
Event: 77.465 Thread 0x00007f72d0186000 nmethod 2362 0x00007f72c18b2250 code [0x00007f72c18b2460, 0x00007f72c18b2de8]
Event: 77.553 Thread 0x00007f72d0186000 2363       3       org.evosuite.coverage.method.MethodCoverageTestFitness::hashCode (26 bytes)
Event: 77.553 Thread 0x00007f72d0186000 nmethod 2363 0x00007f72c18a0890 code [0x00007f72c18a0a00, 0x00007f72c18a0cf8]

GC Heap History (10 events):
Event: 23.310 GC heap after
Heap after GC invocations=9 (full 1):
 PSYoungGen      total 62464K, used 5112K [0x00000000eb900000, 0x00000000efe00000, 0x0000000100000000)
  eden space 57344K, 0% used [0x00000000eb900000,0x00000000eb900000,0x00000000ef100000)
  from space 5120K, 99% used [0x00000000ef700000,0x00000000efbfe238,0x00000000efc00000)
  to   space 6144K, 0% used [0x00000000ef100000,0x00000000ef100000,0x00000000ef700000)
 ParOldGen       total 42496K, used 12028K [0x00000000c2a00000, 0x00000000c5380000, 0x00000000eb900000)
  object space 42496K, 28% used [0x00000000c2a00000,0x00000000c35bf310,0x00000000c5380000)
 Metaspace       used 13885K, capacity 14246K, committed 14336K, reserved 1062912K
  class space    used 1584K, capacity 1703K, committed 1792K, reserved 1048576K
}
Event: 24.379 GC heap before
{Heap before GC invocations=10 (full 1):
 PSYoungGen      total 62464K, used 62456K [0x00000000eb900000, 0x00000000efe00000, 0x0000000100000000)
  eden space 57344K, 100% used [0x00000000eb900000,0x00000000ef100000,0x00000000ef100000)
  from space 5120K, 99% used [0x00000000ef700000,0x00000000efbfe238,0x00000000efc00000)
  to   space 6144K, 0% used [0x00000000ef100000,0x00000000ef100000,0x00000000ef700000)
 ParOldGen       total 42496K, used 12028K [0x00000000c2a00000, 0x00000000c5380000, 0x00000000eb900000)
  object space 42496K, 28% used [0x00000000c2a00000,0x00000000c35bf310,0x00000000c5380000)
 Metaspace       used 13907K, capacity 14246K, committed 14336K, reserved 1062912K
  class space    used 1584K, capacity 1703K, committed 1792K, reserved 1048576K
Event: 24.415 GC heap after
Heap after GC invocations=10 (full 1):
 PSYoungGen      total 63488K, used 6116K [0x00000000eb900000, 0x00000000f3900000, 0x0000000100000000)
  eden space 57344K, 0% used [0x00000000eb900000,0x00000000eb900000,0x00000000ef100000)
  from space 6144K, 99% used [0x00000000ef100000,0x00000000ef6f9278,0x00000000ef700000)
  to   space 8192K, 0% used [0x00000000f3100000,0x00000000f3100000,0x00000000f3900000)
 ParOldGen       total 42496K, used 15329K [0x00000000c2a00000, 0x00000000c5380000, 0x00000000eb900000)
  object space 42496K, 36% used [0x00000000c2a00000,0x00000000c38f8778,0x00000000c5380000)
 Metaspace       used 13907K, capacity 14246K, committed 14336K, reserved 1062912K
  class space    used 1584K, capacity 1703K, committed 1792K, reserved 1048576K
}
Event: 38.557 GC heap before
{Heap before GC invocations=11 (full 1):
 PSYoungGen      total 63488K, used 63460K [0x00000000eb900000, 0x00000000f3900000, 0x0000000100000000)
  eden space 57344K, 100% used [0x00000000eb900000,0x00000000ef100000,0x00000000ef100000)
  from space 6144K, 99% used [0x00000000ef100000,0x00000000ef6f9278,0x00000000ef700000)
  to   space 8192K, 0% used [0x00000000f3100000,0x00000000f3100000,0x00000000f3900000)
 ParOldGen       total 42496K, used 15329K [0x00000000c2a00000, 0x00000000c5380000, 0x00000000eb900000)
  object space 42496K, 36% used [0x00000000c2a00000,0x00000000c38f8778,0x00000000c5380000)
 Metaspace       used 14904K, capacity 15386K, committed 15616K, reserved 1062912K
  class space    used 1635K, capacity 1777K, committed 1792K, reserved 1048576K
Event: 38.592 GC heap after
Heap after GC invocations=11 (full 1):
 PSYoungGen      total 100352K, used 8164K [0x00000000eb900000, 0x00000000f3900000, 0x0000000100000000)
  eden space 92160K, 0% used [0x00000000eb900000,0x00000000eb900000,0x00000000f1300000)
  from space 8192K, 99% used [0x00000000f3100000,0x00000000f38f9288,0x00000000f3900000)
  to   space 10752K, 0% used [0x00000000f2400000,0x00000000f2400000,0x00000000f2e80000)
 ParOldGen       total 42496K, used 19623K [0x00000000c2a00000, 0x00000000c5380000, 0x00000000eb900000)
  object space 42496K, 46% used [0x00000000c2a00000,0x00000000c3d29e30,0x00000000c5380000)
 Metaspace       used 14904K, capacity 15386K, committed 15616K, reserved 1062912K
  class space    used 1635K, capacity 1777K, committed 1792K, reserved 1048576K
}
Event: 49.510 GC heap before
{Heap before GC invocations=12 (full 1):
 PSYoungGen      total 100352K, used 100324K [0x00000000eb900000, 0x00000000f3900000, 0x0000000100000000)
  eden space 92160K, 100% used [0x00000000eb900000,0x00000000f1300000,0x00000000f1300000)
  from space 8192K, 99% used [0x00000000f3100000,0x00000000f38f9288,0x00000000f3900000)
  to   space 10752K, 0% used [0x00000000f2400000,0x00000000f2400000,0x00000000f2e80000)
 ParOldGen       total 42496K, used 19623K [0x00000000c2a00000, 0x00000000c5380000, 0x00000000eb900000)
  object space 42496K, 46% used [0x00000000c2a00000,0x00000000c3d29e30,0x00000000c5380000)
 Metaspace       used 14956K, capacity 15474K, committed 15616K, reserved 1062912K
  class space    used 1638K, capacity 1779K, committed 1792K, reserved 1048576K
Event: 49.543 GC heap after
Heap after GC invocations=12 (full 1):
 PSYoungGen      total 120320K, used 5752K [0x00000000eb900000, 0x00000000f5d00000, 0x0000000100000000)
  eden space 109568K, 0% used [0x00000000eb900000,0x00000000eb900000,0x00000000f2400000)
  from space 10752K, 53% used [0x00000000f2400000,0x00000000f299e030,0x00000000f2e80000)
  to   space 10240K, 0% used [0x00000000f5300000,0x00000000f5300000,0x00000000f5d00000)
 ParOldGen       total 42496K, used 24072K [0x00000000c2a00000, 0x00000000c5380000, 0x00000000eb900000)
  object space 42496K, 56% used [0x00000000c2a00000,0x00000000c41820d8,0x00000000c5380000)
 Metaspace       used 14956K, capacity 15474K, committed 15616K, reserved 1062912K
  class space    used 1638K, capacity 1779K, committed 1792K, reserved 1048576K
}
Event: 70.895 GC heap before
{Heap before GC invocations=13 (full 1):
 PSYoungGen      total 120320K, used 115320K [0x00000000eb900000, 0x00000000f5d00000, 0x0000000100000000)
  eden space 109568K, 100% used [0x00000000eb900000,0x00000000f2400000,0x00000000f2400000)
  from space 10752K, 53% used [0x00000000f2400000,0x00000000f299e030,0x00000000f2e80000)
  to   space 10240K, 0% used [0x00000000f5300000,0x00000000f5300000,0x00000000f5d00000)
 ParOldGen       total 42496K, used 24072K [0x00000000c2a00000, 0x00000000c5380000, 0x00000000eb900000)
  object space 42496K, 56% used [0x00000000c2a00000,0x00000000c41820d8,0x00000000c5380000)
 Metaspace       used 14978K, capacity 15480K, committed 15616K, reserved 1062912K
  class space    used 1639K, capacity 1780K, committed 1792K, reserved 1048576K
Event: 70.902 GC heap after
Heap after GC invocations=13 (full 1):
 PSYoungGen      total 157696K, used 1344K [0x00000000eb900000, 0x00000000f7880000, 0x0000000100000000)
  eden space 147456K, 0% used [0x00000000eb900000,0x00000000eb900000,0x00000000f4900000)
  from space 10240K, 13% used [0x00000000f5300000,0x00000000f5450000,0x00000000f5d00000)
  to   space 10240K, 0% used [0x00000000f4900000,0x00000000f4900000,0x00000000f5300000)
 ParOldGen       total 42496K, used 27897K [0x00000000c2a00000, 0x00000000c5380000, 0x00000000eb900000)
  object space 42496K, 65% used [0x00000000c2a00000,0x00000000c453e6c8,0x00000000c5380000)
 Metaspace       used 14978K, capacity 15480K, committed 15616K, reserved 1062912K
  class space    used 1639K, capacity 1780K, committed 1792K, reserved 1048576K
}
Event: 77.564 GC heap before
{Heap before GC invocations=14 (full 1):
 PSYoungGen      total 157696K, used 148800K [0x00000000eb900000, 0x00000000f7880000, 0x0000000100000000)
  eden space 147456K, 100% used [0x00000000eb900000,0x00000000f4900000,0x00000000f4900000)
  from space 10240K, 13% used [0x00000000f5300000,0x00000000f5450000,0x00000000f5d00000)
  to   space 10240K, 0% used [0x00000000f4900000,0x00000000f4900000,0x00000000f5300000)
 ParOldGen       total 42496K, used 27897K [0x00000000c2a00000, 0x00000000c5380000, 0x00000000eb900000)
  object space 42496K, 65% used [0x00000000c2a00000,0x00000000c453e6c8,0x00000000c5380000)
 Metaspace       used 15027K, capacity 15550K, committed 15616K, reserved 1062912K
  class space    used 1641K, capacity 1781K, committed 1792K, reserved 1048576K

Deoptimization events (10 events):
Event: 37.078 Thread 0x00007f7274002800 Uncommon trap: reason=unstable_if action=reinterpret pc=0x00007f72c175d7ac method=java.io.ObjectInputStream.defaultReadFields(Ljava/lang/Object;Ljava/io/ObjectStreamClass;)V @ 49
Event: 44.547 Thread 0x00007f7274001000 Uncommon trap: reason=predicate action=maybe_recompile pc=0x00007f72c1801660 method=java.io.ObjectInputStream.readArray(Z)Ljava/lang/Object; @ 406
Event: 44.560 Thread 0x00007f7274001000 Uncommon trap: reason=class_check action=maybe_recompile pc=0x00007f72c17d2bdc method=java.lang.reflect.Array.newInstance(Ljava/lang/Class;I)Ljava/lang/Object; @ 2
Event: 44.560 Thread 0x00007f7274001000 Uncommon trap: reason=class_check action=maybe_recompile pc=0x00007f72c17d2bdc method=java.lang.reflect.Array.newInstance(Ljava/lang/Class;I)Ljava/lang/Object; @ 2
Event: 44.560 Thread 0x00007f7274001000 Uncommon trap: reason=class_check action=maybe_recompile pc=0x00007f72c17d2bdc method=java.lang.reflect.Array.newInstance(Ljava/lang/Class;I)Ljava/lang/Object; @ 2
Event: 44.560 Thread 0x00007f7274001000 Uncommon trap: reason=class_check action=maybe_recompile pc=0x00007f72c17d2bdc method=java.lang.reflect.Array.newInstance(Ljava/lang/Class;I)Ljava/lang/Object; @ 2
Event: 44.660 Thread 0x00007f7274001000 Uncommon trap: reason=array_check action=maybe_recompile pc=0x00007f72c18187ac method=java.io.ObjectInputStream.readArray(Z)Ljava/lang/Object; @ 415
Event: 44.661 Thread 0x00007f7274001000 Uncommon trap: reason=array_check action=maybe_recompile pc=0x00007f72c18187ac method=java.io.ObjectInputStream.readArray(Z)Ljava/lang/Object; @ 415
Event: 44.724 Thread 0x00007f7274001000 Uncommon trap: reason=class_check action=maybe_recompile pc=0x00007f72c1818944 method=java.lang.reflect.Array.newInstance(Ljava/lang/Class;I)Ljava/lang/Object; @ 2
Event: 76.634 Thread 0x00007f7274002800 Uncommon trap: reason=unstable_if action=reinterpret pc=0x00007f72c17912ec method=java.io.ObjectStreamClass.hasReadResolveMethod()Z @ 8

Classes redefined (0 events):
No events

Internal exceptions (10 events):
Event: 40.929 Thread 0x00007f72d02ea000 Exception <a 'java/net/ConnectException'> (0x00000000ec088670) thrown at [/HUDSON/workspace/8-2-build-linux-amd64/jdk8u201/12317/hotspot/src/share/vm/prims/jni.cpp, line 709]
Event: 50.921 Thread 0x00007f72d02e6800 Exception <a 'java/net/ConnectException'> (0x00000000ebf4e750) thrown at [/HUDSON/workspace/8-2-build-linux-amd64/jdk8u201/12317/hotspot/src/share/vm/prims/jni.cpp, line 709]
Event: 50.924 Thread 0x00007f72d02e5000 Exception <a 'java/net/ConnectException'> (0x00000000ebf7f6c0) thrown at [/HUDSON/workspace/8-2-build-linux-amd64/jdk8u201/12317/hotspot/src/share/vm/prims/jni.cpp, line 709]
Event: 50.930 Thread 0x00007f72d02ea000 Exception <a 'java/net/ConnectException'> (0x00000000ebfb0630) thrown at [/HUDSON/workspace/8-2-build-linux-amd64/jdk8u201/12317/hotspot/src/share/vm/prims/jni.cpp, line 709]
Event: 60.921 Thread 0x00007f72d02e6800 Exception <a 'java/net/ConnectException'> (0x00000000ebf4f278) thrown at [/HUDSON/workspace/8-2-build-linux-amd64/jdk8u201/12317/hotspot/src/share/vm/prims/jni.cpp, line 709]
Event: 60.925 Thread 0x00007f72d02e5000 Exception <a 'java/net/ConnectException'> (0x00000000ebf801e8) thrown at [/HUDSON/workspace/8-2-build-linux-amd64/jdk8u201/12317/hotspot/src/share/vm/prims/jni.cpp, line 709]
Event: 60.931 Thread 0x00007f72d02ea000 Exception <a 'java/net/ConnectException'> (0x00000000ebfb1158) thrown at [/HUDSON/workspace/8-2-build-linux-amd64/jdk8u201/12317/hotspot/src/share/vm/prims/jni.cpp, line 709]
Event: 70.921 Thread 0x00007f72d02e6800 Exception <a 'java/net/ConnectException'> (0x00000000ec120c18) thrown at [/HUDSON/workspace/8-2-build-linux-amd64/jdk8u201/12317/hotspot/src/share/vm/prims/jni.cpp, line 709]
Event: 70.926 Thread 0x00007f72d02e5000 Exception <a 'java/net/ConnectException'> (0x00000000ec22def8) thrown at [/HUDSON/workspace/8-2-build-linux-amd64/jdk8u201/12317/hotspot/src/share/vm/prims/jni.cpp, line 709]
Event: 70.931 Thread 0x00007f72d02ea000 Exception <a 'java/net/ConnectException'> (0x00000000ec4ffcf0) thrown at [/HUDSON/workspace/8-2-build-linux-amd64/jdk8u201/12317/hotspot/src/share/vm/prims/jni.cpp, line 709]

Events (10 events):
Event: 76.981 Executing VM operation: RevokeBias done
Event: 77.307 Executing VM operation: RevokeBias
Event: 77.307 Executing VM operation: RevokeBias done
Event: 77.307 Executing VM operation: RevokeBias
Event: 77.307 Executing VM operation: RevokeBias done
Event: 77.307 Executing VM operation: RevokeBias
Event: 77.307 Executing VM operation: RevokeBias done
Event: 77.307 Executing VM operation: RevokeBias
Event: 77.307 Executing VM operation: RevokeBias done
Event: 77.564 Executing VM operation: ParallelGCFailedAllocation


Dynamic libraries:
00400000-00401000 r-xp 00000000 08:01 654793                             /usr/lib/jdk/jdk1.8.0_201/bin/java
00600000-00601000 r--p 00000000 08:01 654793                             /usr/lib/jdk/jdk1.8.0_201/bin/java
00601000-00602000 rw-p 00001000 08:01 654793                             /usr/lib/jdk/jdk1.8.0_201/bin/java
023a8000-027af000 rw-p 00000000 00:00 0                                  [heap]
c2a00000-c6180000 rw-p 00000000 00:00 0 
c6180000-eb900000 ---p 00000000 00:00 0 
eb900000-f7880000 rw-p 00000000 00:00 0 
fca80000-100000000 ---p 00000000 00:00 0 
100000000-1001c0000 rw-p 00000000 00:00 0 
1001c0000-140000000 ---p 00000000 00:00 0 
7f7240000000-7f7240021000 rw-p 00000000 00:00 0 
7f7240021000-7f7244000000 ---p 00000000 00:00 0 
7f7244000000-7f7244021000 rw-p 00000000 00:00 0 
7f7244021000-7f7248000000 ---p 00000000 00:00 0 
7f7248000000-7f7248021000 rw-p 00000000 00:00 0 
7f7248021000-7f724c000000 ---p 00000000 00:00 0 
7f724c000000-7f724c03b000 rw-p 00000000 00:00 0 
7f724c03b000-7f7250000000 ---p 00000000 00:00 0 
7f7250000000-7f7250021000 rw-p 00000000 00:00 0 
7f7250021000-7f7254000000 ---p 00000000 00:00 0 
7f7254000000-7f7254021000 rw-p 00000000 00:00 0 
7f7254021000-7f7258000000 ---p 00000000 00:00 0 
7f7258000000-7f7258021000 rw-p 00000000 00:00 0 
7f7258021000-7f725c000000 ---p 00000000 00:00 0 
7f725c000000-7f725c021000 rw-p 00000000 00:00 0 
7f725c021000-7f7260000000 ---p 00000000 00:00 0 
7f7260000000-7f7260021000 rw-p 00000000 00:00 0 
7f7260021000-7f7264000000 ---p 00000000 00:00 0 
7f7264000000-7f7264021000 rw-p 00000000 00:00 0 
7f7264021000-7f7268000000 ---p 00000000 00:00 0 
7f7268000000-7f7268021000 rw-p 00000000 00:00 0 
7f7268021000-7f726c000000 ---p 00000000 00:00 0 
7f726c000000-7f726c021000 rw-p 00000000 00:00 0 
7f726c021000-7f7270000000 ---p 00000000 00:00 0 
7f7270000000-7f7270021000 rw-p 00000000 00:00 0 
7f7270021000-7f7274000000 ---p 00000000 00:00 0 
7f7274000000-7f7274021000 rw-p 00000000 00:00 0 
7f7274021000-7f7278000000 ---p 00000000 00:00 0 
7f7278000000-7f7278021000 rw-p 00000000 00:00 0 
7f7278021000-7f727c000000 ---p 00000000 00:00 0 
7f727c000000-7f727c021000 rw-p 00000000 00:00 0 
7f727c021000-7f7280000000 ---p 00000000 00:00 0 
7f7280000000-7f7280021000 rw-p 00000000 00:00 0 
7f7280021000-7f7284000000 ---p 00000000 00:00 0 
7f7284000000-7f7284021000 rw-p 00000000 00:00 0 
7f7284021000-7f7288000000 ---p 00000000 00:00 0 
7f7288fff000-7f728c000000 rw-p 00000000 00:00 0 
7f728c000000-7f728ccfc000 rw-p 00000000 00:00 0 
7f728ccfc000-7f7290000000 ---p 00000000 00:00 0 
7f7290000000-7f7290021000 rw-p 00000000 00:00 0 
7f7290021000-7f7294000000 ---p 00000000 00:00 0 
7f7294000000-7f72957ee000 rw-p 00000000 00:00 0 
7f72957ee000-7f7298000000 ---p 00000000 00:00 0 
7f7298000000-7f7298bc3000 rw-p 00000000 00:00 0 
7f7298bc3000-7f729c000000 ---p 00000000 00:00 0 
7f729c000000-7f729c021000 rw-p 00000000 00:00 0 
7f729c021000-7f72a0000000 ---p 00000000 00:00 0 
7f72a0000000-7f72a0021000 rw-p 00000000 00:00 0 
7f72a0021000-7f72a4000000 ---p 00000000 00:00 0 
7f72a4000000-7f72a429b000 rw-p 00000000 00:00 0 
7f72a429b000-7f72a8000000 ---p 00000000 00:00 0 
7f72a8000000-7f72a8021000 rw-p 00000000 00:00 0 
7f72a8021000-7f72ac000000 ---p 00000000 00:00 0 
7f72ac000000-7f72ac021000 rw-p 00000000 00:00 0 
7f72ac021000-7f72b0000000 ---p 00000000 00:00 0 
7f72b0000000-7f72b0021000 rw-p 00000000 00:00 0 
7f72b0021000-7f72b4000000 ---p 00000000 00:00 0 
7f72b4000000-7f72b4021000 rw-p 00000000 00:00 0 
7f72b4021000-7f72b8000000 ---p 00000000 00:00 0 
7f72b8800000-7f72b9000000 rw-p 00000000 00:00 0 
7f72b90dd000-7f72b925d000 rw-p 00000000 00:00 0 
7f72b925d000-7f72b92dd000 ---p 00000000 00:00 0 
7f72b92dd000-7f72b94dd000 rw-p 00000000 00:00 0 
7f72b94dd000-7f72b94e0000 ---p 00000000 00:00 0 
7f72b94e0000-7f72b95de000 rw-p 00000000 00:00 0 
7f72b95de000-7f72b95e1000 ---p 00000000 00:00 0 
7f72b95e1000-7f72b96df000 rw-p 00000000 00:00 0 
7f72b96df000-7f72b96e2000 ---p 00000000 00:00 0 
7f72b96e2000-7f72b97e0000 rw-p 00000000 00:00 0 
7f72b97e0000-7f72b97e3000 ---p 00000000 00:00 0 
7f72b97e3000-7f72b98e1000 rw-p 00000000 00:00 0 
7f72b98e1000-7f72b98e4000 ---p 00000000 00:00 0 
7f72b98e4000-7f72b99e2000 rw-p 00000000 00:00 0 
7f72b99e2000-7f72b99e5000 ---p 00000000 00:00 0 
7f72b99e5000-7f72b9ae3000 rw-p 00000000 00:00 0 
7f72b9ae3000-7f72b9ae6000 ---p 00000000 00:00 0 
7f72b9ae6000-7f72b9be4000 rw-p 00000000 00:00 0 
7f72b9be4000-7f72b9be7000 ---p 00000000 00:00 0 
7f72b9be7000-7f72b9ce5000 rw-p 00000000 00:00 0 
7f72b9ce5000-7f72b9ce8000 ---p 00000000 00:00 0 
7f72b9ce8000-7f72b9de6000 rw-p 00000000 00:00 0 
7f72b9de6000-7f72b9de9000 ---p 00000000 00:00 0 
7f72b9de9000-7f72b9ee7000 rw-p 00000000 00:00 0 
7f72b9ee7000-7f72b9eea000 ---p 00000000 00:00 0 
7f72b9eea000-7f72b9fe8000 rw-p 00000000 00:00 0 
7f72b9fe8000-7f72b9feb000 ---p 00000000 00:00 0 
7f72b9feb000-7f72ba0e9000 rw-p 00000000 00:00 0 
7f72ba0e9000-7f72ba0ec000 ---p 00000000 00:00 0 
7f72ba0ec000-7f72ba1ea000 rw-p 00000000 00:00 0 
7f72ba1ea000-7f72ba1ed000 ---p 00000000 00:00 0 
7f72ba1ed000-7f72ba2eb000 rw-p 00000000 00:00 0 
7f72ba2eb000-7f72ba2ee000 ---p 00000000 00:00 0 
7f72ba2ee000-7f72ba5ec000 rw-p 00000000 00:00 0 
7f72ba5ec000-7f72ba5ef000 ---p 00000000 00:00 0 
7f72ba5ef000-7f72ba6ed000 rw-p 00000000 00:00 0 
7f72ba6ed000-7f72ba6f0000 ---p 00000000 00:00 0 
7f72ba6f0000-7f72ba7ee000 rw-p 00000000 00:00 0 
7f72ba7ee000-7f72ba7f1000 ---p 00000000 00:00 0 
7f72ba7f1000-7f72ba8ef000 rw-p 00000000 00:00 0 
7f72ba8ef000-7f72ba905000 r-xp 00000000 08:01 656512                     /usr/lib/jdk/jdk1.8.0_201/jre/lib/amd64/libnet.so
7f72ba905000-7f72bab05000 ---p 00016000 08:01 656512                     /usr/lib/jdk/jdk1.8.0_201/jre/lib/amd64/libnet.so
7f72bab05000-7f72bab06000 r--p 00016000 08:01 656512                     /usr/lib/jdk/jdk1.8.0_201/jre/lib/amd64/libnet.so
7f72bab06000-7f72bab07000 rw-p 00017000 08:01 656512                     /usr/lib/jdk/jdk1.8.0_201/jre/lib/amd64/libnet.so
7f72bab07000-7f72bad38000 r--s 01bb1000 08:01 403225                     /home/hewitt/work/DiffTGen-master/lib/evosuite-1.0.6.jar
7f72bad38000-7f72bad39000 ---p 00000000 00:00 0 
7f72bad39000-7f72bae39000 rw-p 00000000 00:00 0 
7f72bae39000-7f72bae3c000 ---p 00000000 00:00 0 
7f72bae3c000-7f72baf3a000 rw-p 00000000 00:00 0 
7f72baf3a000-7f72baf3d000 ---p 00000000 00:00 0 
7f72baf3d000-7f72bb03b000 rw-p 00000000 00:00 0 
7f72bb03b000-7f72bb03e000 ---p 00000000 00:00 0 
7f72bb03e000-7f72bb13c000 rw-p 00000000 00:00 0 
7f72bb13c000-7f72bb13f000 ---p 00000000 00:00 0 
7f72bb13f000-7f72bb23d000 rw-p 00000000 00:00 0 
7f72bb23d000-7f72bb240000 ---p 00000000 00:00 0 
7f72bb240000-7f72bb33e000 rw-p 00000000 00:00 0 
7f72bb33e000-7f72bbcfd000 r--p 00000000 08:01 270368                     /usr/lib/locale/locale-archive
7f72bbcfd000-7f72bbd00000 ---p 00000000 00:00 0 
7f72bbd00000-7f72bbdfe000 rw-p 00000000 00:00 0 
7f72bbdfe000-7f72bbe01000 ---p 00000000 00:00 0 
7f72bbe01000-7f72bbeff000 rw-p 00000000 00:00 0 
7f72bbeff000-7f72bbf00000 ---p 00000000 00:00 0 
7f72bbf00000-7f72bc000000 rw-p 00000000 00:00 0 
7f72bc000000-7f72bc021000 rw-p 00000000 00:00 0 
7f72bc021000-7f72c0000000 ---p 00000000 00:00 0 
7f72c00f1000-7f72c1000000 rw-p 00000000 00:00 0 
7f72c1000000-7f72c18c0000 rwxp 00000000 00:00 0 
7f72c18c0000-7f72d0000000 ---p 00000000 00:00 0 
7f72d0000000-7f72d04ce000 rw-p 00000000 00:00 0 
7f72d04ce000-7f72d4000000 ---p 00000000 00:00 0 
7f72d4011000-7f72d401b000 r--s 00116000 08:01 656361                     /usr/lib/jdk/jdk1.8.0_201/jre/lib/ext/localedata.jar
7f72d401b000-7f72d401e000 ---p 00000000 00:00 0 
7f72d401e000-7f72d4054000 rw-p 00000000 00:00 0 
7f72d4054000-7f72d40cd000 r--s 010fd000 08:01 654900                     /usr/lib/jdk/jdk1.8.0_201/lib/tools.jar
7f72d40cd000-7f72d42a7000 r--s 03d6f000 08:01 656293                     /usr/lib/jdk/jdk1.8.0_201/jre/lib/rt.jar
7f72d42a7000-7f72d63b8000 rw-p 00000000 00:00 0 
7f72d63b8000-7f72d63b9000 ---p 00000000 00:00 0 
7f72d63b9000-7f72d64b9000 rw-p 00000000 00:00 0 
7f72d64b9000-7f72d64ba000 ---p 00000000 00:00 0 
7f72d64ba000-7f72d65ba000 rw-p 00000000 00:00 0 
7f72d65ba000-7f72d65bb000 ---p 00000000 00:00 0 
7f72d65bb000-7f72d66bb000 rw-p 00000000 00:00 0 
7f72d66bb000-7f72d66bc000 ---p 00000000 00:00 0 
7f72d66bc000-7f72d67d8000 rw-p 00000000 00:00 0 
7f72d67d8000-7f72d6904000 ---p 00000000 00:00 0 
7f72d6904000-7f72d6920000 rw-p 00000000 00:00 0 
7f72d6920000-7f72d6a4b000 ---p 00000000 00:00 0 
7f72d6a4b000-7f72d6aac000 rw-p 00000000 00:00 0 
7f72d6aac000-7f72d6aef000 ---p 00000000 00:00 0 
7f72d6aef000-7f72d6b13000 rw-p 00000000 00:00 0 
7f72d6b13000-7f72d6eb0000 ---p 00000000 00:00 0 
7f72d6eb0000-7f72d6ecb000 r-xp 00000000 08:01 656508                     /usr/lib/jdk/jdk1.8.0_201/jre/lib/amd64/libzip.so
7f72d6ecb000-7f72d70ca000 ---p 0001b000 08:01 656508                     /usr/lib/jdk/jdk1.8.0_201/jre/lib/amd64/libzip.so
7f72d70ca000-7f72d70cb000 r--p 0001a000 08:01 656508                     /usr/lib/jdk/jdk1.8.0_201/jre/lib/amd64/libzip.so
7f72d70cb000-7f72d70cc000 rw-p 0001b000 08:01 656508                     /usr/lib/jdk/jdk1.8.0_201/jre/lib/amd64/libzip.so
7f72d70cc000-7f72d70d7000 r-xp 00000000 08:01 658902                     /lib/x86_64-linux-gnu/libnss_files-2.23.so
7f72d70d7000-7f72d72d6000 ---p 0000b000 08:01 658902                     /lib/x86_64-linux-gnu/libnss_files-2.23.so
7f72d72d6000-7f72d72d7000 r--p 0000a000 08:01 658902                     /lib/x86_64-linux-gnu/libnss_files-2.23.so
7f72d72d7000-7f72d72d8000 rw-p 0000b000 08:01 658902                     /lib/x86_64-linux-gnu/libnss_files-2.23.so
7f72d72d8000-7f72d72de000 rw-p 00000000 00:00 0 
7f72d72de000-7f72d72e9000 r-xp 00000000 08:01 658912                     /lib/x86_64-linux-gnu/libnss_nis-2.23.so
7f72d72e9000-7f72d74e8000 ---p 0000b000 08:01 658912                     /lib/x86_64-linux-gnu/libnss_nis-2.23.so
7f72d74e8000-7f72d74e9000 r--p 0000a000 08:01 658912                     /lib/x86_64-linux-gnu/libnss_nis-2.23.so
7f72d74e9000-7f72d74ea000 rw-p 0000b000 08:01 658912                     /lib/x86_64-linux-gnu/libnss_nis-2.23.so
7f72d74ea000-7f72d7500000 r-xp 00000000 08:01 658896                     /lib/x86_64-linux-gnu/libnsl-2.23.so
7f72d7500000-7f72d76ff000 ---p 00016000 08:01 658896                     /lib/x86_64-linux-gnu/libnsl-2.23.so
7f72d76ff000-7f72d7700000 r--p 00015000 08:01 658896                     /lib/x86_64-linux-gnu/libnsl-2.23.so
7f72d7700000-7f72d7701000 rw-p 00016000 08:01 658896                     /lib/x86_64-linux-gnu/libnsl-2.23.so
7f72d7701000-7f72d7703000 rw-p 00000000 00:00 0 
7f72d7703000-7f72d770b000 r-xp 00000000 08:01 658898                     /lib/x86_64-linux-gnu/libnss_compat-2.23.so
7f72d770b000-7f72d790a000 ---p 00008000 08:01 658898                     /lib/x86_64-linux-gnu/libnss_compat-2.23.so
7f72d790a000-7f72d790b000 r--p 00007000 08:01 658898                     /lib/x86_64-linux-gnu/libnss_compat-2.23.so
7f72d790b000-7f72d790c000 rw-p 00008000 08:01 658898                     /lib/x86_64-linux-gnu/libnss_compat-2.23.so
7f72d790c000-7f72d7938000 r-xp 00000000 08:01 656502                     /usr/lib/jdk/jdk1.8.0_201/jre/lib/amd64/libjava.so
7f72d7938000-7f72d7b38000 ---p 0002c000 08:01 656502                     /usr/lib/jdk/jdk1.8.0_201/jre/lib/amd64/libjava.so
7f72d7b38000-7f72d7b39000 r--p 0002c000 08:01 656502                     /usr/lib/jdk/jdk1.8.0_201/jre/lib/amd64/libjava.so
7f72d7b39000-7f72d7b3b000 rw-p 0002d000 08:01 656502                     /usr/lib/jdk/jdk1.8.0_201/jre/lib/amd64/libjava.so
7f72d7b3b000-7f72d7b48000 r-xp 00000000 08:01 656507                     /usr/lib/jdk/jdk1.8.0_201/jre/lib/amd64/libverify.so
7f72d7b48000-7f72d7d47000 ---p 0000d000 08:01 656507                     /usr/lib/jdk/jdk1.8.0_201/jre/lib/amd64/libverify.so
7f72d7d47000-7f72d7d49000 r--p 0000c000 08:01 656507                     /usr/lib/jdk/jdk1.8.0_201/jre/lib/amd64/libverify.so
7f72d7d49000-7f72d7d4a000 rw-p 0000e000 08:01 656507                     /usr/lib/jdk/jdk1.8.0_201/jre/lib/amd64/libverify.so
7f72d7d4a000-7f72d7d51000 r-xp 00000000 08:01 658957                     /lib/x86_64-linux-gnu/librt-2.23.so
7f72d7d51000-7f72d7f50000 ---p 00007000 08:01 658957                     /lib/x86_64-linux-gnu/librt-2.23.so
7f72d7f50000-7f72d7f51000 r--p 00006000 08:01 658957                     /lib/x86_64-linux-gnu/librt-2.23.so
7f72d7f51000-7f72d7f52000 rw-p 00007000 08:01 658957                     /lib/x86_64-linux-gnu/librt-2.23.so
7f72d7f52000-7f72d805a000 r-xp 00000000 08:01 658873                     /lib/x86_64-linux-gnu/libm-2.23.so
7f72d805a000-7f72d8259000 ---p 00108000 08:01 658873                     /lib/x86_64-linux-gnu/libm-2.23.so
7f72d8259000-7f72d825a000 r--p 00107000 08:01 658873                     /lib/x86_64-linux-gnu/libm-2.23.so
7f72d825a000-7f72d825b000 rw-p 00108000 08:01 658873                     /lib/x86_64-linux-gnu/libm-2.23.so
7f72d825b000-7f72d8f43000 r-xp 00000000 08:01 656484                     /usr/lib/jdk/jdk1.8.0_201/jre/lib/amd64/server/libjvm.so
7f72d8f43000-7f72d9142000 ---p 00ce8000 08:01 656484                     /usr/lib/jdk/jdk1.8.0_201/jre/lib/amd64/server/libjvm.so
7f72d9142000-7f72d91d8000 r--p 00ce7000 08:01 656484                     /usr/lib/jdk/jdk1.8.0_201/jre/lib/amd64/server/libjvm.so
7f72d91d8000-7f72d9209000 rw-p 00d7d000 08:01 656484                     /usr/lib/jdk/jdk1.8.0_201/jre/lib/amd64/server/libjvm.so
7f72d9209000-7f72d9244000 rw-p 00000000 00:00 0 
7f72d9244000-7f72d9404000 r-xp 00000000 08:01 658803                     /lib/x86_64-linux-gnu/libc-2.23.so
7f72d9404000-7f72d9604000 ---p 001c0000 08:01 658803                     /lib/x86_64-linux-gnu/libc-2.23.so
7f72d9604000-7f72d9608000 r--p 001c0000 08:01 658803                     /lib/x86_64-linux-gnu/libc-2.23.so
7f72d9608000-7f72d960a000 rw-p 001c4000 08:01 658803                     /lib/x86_64-linux-gnu/libc-2.23.so
7f72d960a000-7f72d960e000 rw-p 00000000 00:00 0 
7f72d960e000-7f72d9611000 r-xp 00000000 08:01 658827                     /lib/x86_64-linux-gnu/libdl-2.23.so
7f72d9611000-7f72d9810000 ---p 00003000 08:01 658827                     /lib/x86_64-linux-gnu/libdl-2.23.so
7f72d9810000-7f72d9811000 r--p 00002000 08:01 658827                     /lib/x86_64-linux-gnu/libdl-2.23.so
7f72d9811000-7f72d9812000 rw-p 00003000 08:01 658827                     /lib/x86_64-linux-gnu/libdl-2.23.so
7f72d9812000-7f72d9829000 r-xp 00000000 08:01 656155                     /usr/lib/jdk/jdk1.8.0_201/lib/amd64/jli/libjli.so
7f72d9829000-7f72d9a28000 ---p 00017000 08:01 656155                     /usr/lib/jdk/jdk1.8.0_201/lib/amd64/jli/libjli.so
7f72d9a28000-7f72d9a29000 r--p 00016000 08:01 656155                     /usr/lib/jdk/jdk1.8.0_201/lib/amd64/jli/libjli.so
7f72d9a29000-7f72d9a2a000 rw-p 00017000 08:01 656155                     /usr/lib/jdk/jdk1.8.0_201/lib/amd64/jli/libjli.so
7f72d9a2a000-7f72d9a42000 r-xp 00000000 08:01 658949                     /lib/x86_64-linux-gnu/libpthread-2.23.so
7f72d9a42000-7f72d9c41000 ---p 00018000 08:01 658949                     /lib/x86_64-linux-gnu/libpthread-2.23.so
7f72d9c41000-7f72d9c42000 r--p 00017000 08:01 658949                     /lib/x86_64-linux-gnu/libpthread-2.23.so
7f72d9c42000-7f72d9c43000 rw-p 00018000 08:01 658949                     /lib/x86_64-linux-gnu/libpthread-2.23.so
7f72d9c43000-7f72d9c47000 rw-p 00000000 00:00 0 
7f72d9c47000-7f72d9c6d000 r-xp 00000000 08:01 658775                     /lib/x86_64-linux-gnu/ld-2.23.so
7f72d9c71000-7f72d9c8d000 r--s 00393000 08:01 656354                     /usr/lib/jdk/jdk1.8.0_201/jre/lib/ext/cldrdata.jar
7f72d9c8d000-7f72d9c91000 r--s 000a1000 08:01 656350                     /usr/lib/jdk/jdk1.8.0_201/jre/lib/jsse.jar
7f72d9c91000-7f72d9d4f000 rw-p 00000000 00:00 0 
7f72d9d4f000-7f72d9d52000 ---p 00000000 00:00 0 
7f72d9d52000-7f72d9e55000 rw-p 00000000 00:00 0 
7f72d9e55000-7f72d9e5d000 r--s 0006e000 08:01 398946                     /home/hewitt/work/DiffTGen-master/lib/commons-lang3-3.5.jar
7f72d9e5d000-7f72d9e5e000 r--s 00000000 08:01 398951                     /home/hewitt/work/DiffTGen-master/lib/myprinter.jar
7f72d9e5e000-7f72d9e62000 r--s 00039000 08:01 1175374                    /home/hewitt/work/DiffTGen-master/output/patch7-Lang-59-CapGen-plausible/Lang_59_7-plausible_capgen/target/build/classes/all0.jar
7f72d9e62000-7f72d9e6a000 rw-s 00000000 08:01 151508                     /tmp/hsperfdata_hewitt/104125
7f72d9e6a000-7f72d9e6b000 rw-p 00000000 00:00 0 
7f72d9e6b000-7f72d9e6c000 ---p 00000000 00:00 0 
7f72d9e6c000-7f72d9e6d000 r--p 00025000 08:01 658775                     /lib/x86_64-linux-gnu/ld-2.23.so
7f72d9e6d000-7f72d9e6e000 rw-p 00026000 08:01 658775                     /lib/x86_64-linux-gnu/ld-2.23.so
7f72d9e6e000-7f72d9e6f000 rw-p 00000000 00:00 0 
7ffff7cd4000-7ffff7cf6000 rw-p 00000000 00:00 0                          [stack]
7ffff7d02000-7ffff7d05000 r--p 00000000 00:00 0                          [vvar]
7ffff7d05000-7ffff7d07000 r-xp 00000000 00:00 0                          [vdso]
ffffffffff600000-ffffffffff601000 r-xp 00000000 00:00 0                  [vsyscall]

VM Arguments:
java_command: /home/hewitt/work/DiffTGen-master/lib/evosuite-1.0.6.jar -base_dir /home/hewitt/work/DiffTGen-master/output/patch7-Lang-59-CapGen-plausible/Lang_59_7-plausible_capgen/target/0/29 -projectCP /home/hewitt/work/DiffTGen-master/output/patch7-Lang-59-CapGen-plausible/Lang_59_7-plausible_capgen/target/build/classes/all0.jar:/home/hewitt/work/DiffTGen-master/lib/myprinter.jar:/home/hewitt/work/DiffTGen-master/lib/commons-lang3-3.5.jar -class org.apache.commons.lang.text.StrBuilder -Dassertions=false -Dsearch_budget=60
java_class_path (initial): /home/hewitt/work/DiffTGen-master/lib/evosuite-1.0.6.jar
Launcher Type: SUN_STANDARD

Environment Variables:
JAVA_HOME=/usr/lib/jdk/jdk1.8.0_201
JRE_HOME=/usr/lib/jdk/jdk1.8.0_201/jre
CLASSPATH=.:/usr/lib/jdk/jdk1.8.0_201/lib:/usr/lib/jdk/jdk1.8.0_201/jre/lib
PATH=/usr/lib/jdk/jdk1.8.0_201/bin:/home/hewitt/bin:/home/hewitt/.local/bin:/usr/lib/jdk/jdk1.7.0_80/bin:/usr/local/sbin:/usr/local/bin:/usr/sbin:/usr/bin:/sbin:/bin:/usr/games:/usr/local/games:/snap/bin:/home/hewitt/work/defects4j_v1.4.0/defects4j/framework/bin:/opt/apache-ant-1.9.14/bin:/home/hewitt/work/defects4j_v1.4.0/defects4j/framework/bin
SHELL=/bin/bash
DISPLAY=:0

Signal Handlers:
SIGSEGV: [libjvm.so+0xad3e60], sa_mask[0]=11111111011111111101111111111110, sa_flags=SA_RESTART|SA_SIGINFO
SIGBUS: [libjvm.so+0xad3e60], sa_mask[0]=11111111011111111101111111111110, sa_flags=SA_RESTART|SA_SIGINFO
SIGFPE: [libjvm.so+0x90b880], sa_mask[0]=11111111011111111101111111111110, sa_flags=SA_RESTART|SA_SIGINFO
SIGPIPE: [libjvm.so+0x90b880], sa_mask[0]=11111111011111111101111111111110, sa_flags=SA_RESTART|SA_SIGINFO
SIGXFSZ: [libjvm.so+0x90b880], sa_mask[0]=11111111011111111101111111111110, sa_flags=SA_RESTART|SA_SIGINFO
SIGILL: [libjvm.so+0x90b880], sa_mask[0]=11111111011111111101111111111110, sa_flags=SA_RESTART|SA_SIGINFO
SIGUSR1: SIG_DFL, sa_mask[0]=00000000000000000000000000000000, sa_flags=none
SIGUSR2: [libjvm.so+0x90b750], sa_mask[0]=00100000000000000000000000000000, sa_flags=SA_RESTART|SA_SIGINFO
SIGHUP: [libjvm.so+0x90bd70], sa_mask[0]=11111111011111111101111111111110, sa_flags=SA_RESTART|SA_SIGINFO
SIGINT: [libjvm.so+0x90bd70], sa_mask[0]=11111111011111111101111111111110, sa_flags=SA_RESTART|SA_SIGINFO
SIGTERM: [libjvm.so+0x90bd70], sa_mask[0]=11111111011111111101111111111110, sa_flags=SA_RESTART|SA_SIGINFO
SIGQUIT: [libjvm.so+0x90bd70], sa_mask[0]=11111111011111111101111111111110, sa_flags=SA_RESTART|SA_SIGINFO


---------------  S Y S T E M  ---------------

OS:DISTRIB_ID=Ubuntu
DISTRIB_RELEASE=16.04
DISTRIB_CODENAME=xenial
DISTRIB_DESCRIPTION="Ubuntu 16.04.6 LTS"

uname:Linux 4.15.0-91-generic #92~16.04.1-Ubuntu SMP Fri Feb 28 14:57:22 UTC 2020 x86_64
libc:glibc 2.23 NPTL 2.23 
rlimit: STACK 8192k, CORE 0k, NPROC 15448, NOFILE 1048576, AS infinity
load average:12.75 12.53 12.74

/proc/meminfo:
MemTotal:        4015928 kB
MemFree:           95060 kB
MemAvailable:      18540 kB
Buffers:            1224 kB
Cached:            55260 kB
SwapCached:         9288 kB
Active:          2990164 kB
Inactive:         499704 kB
Active(anon):    2968208 kB
Inactive(anon):   466904 kB
Active(file):      21956 kB
Inactive(file):    32800 kB
Unevictable:          48 kB
Mlocked:              48 kB
SwapTotal:        998396 kB
SwapFree:           6216 kB
Dirty:               232 kB
Writeback:           936 kB
AnonPages:       3424436 kB
Mapped:            42160 kB
Shmem:              1576 kB
Slab:              90352 kB
SReclaimable:      33140 kB
SUnreclaim:        57212 kB
KernelStack:       13984 kB
PageTables:        40548 kB
NFS_Unstable:          0 kB
Bounce:                0 kB
WritebackTmp:          0 kB
CommitLimit:     3006360 kB
Committed_AS:    8114708 kB
VmallocTotal:   34359738367 kB
VmallocUsed:           0 kB
VmallocChunk:          0 kB
HardwareCorrupted:     0 kB
AnonHugePages:         0 kB
ShmemHugePages:        0 kB
ShmemPmdMapped:        0 kB
CmaTotal:              0 kB
CmaFree:               0 kB
HugePages_Total:       0
HugePages_Free:        0
HugePages_Rsvd:        0
HugePages_Surp:        0
Hugepagesize:       2048 kB
DirectMap4k:       98112 kB
DirectMap2M:     4096000 kB
DirectMap1G:     2097152 kB

container (cgroup) information:
container_type: cgroupv1
cpu_cpuset_cpus: 0-3
cpu_memory_nodes: 0
active_processor_count: 4
cpu_quota: -1
cpu_period: 100000
cpu_shares: -1
memory_limit_in_bytes: -1
memory_and_swap_limit_in_bytes: -2
memory_soft_limit_in_bytes: -1
memory_usage_in_bytes: 3569582080
memory_max_usage_in_bytes: 20938752


CPU:total 4 (initial active 4) (2 cores per cpu, 1 threads per core) family 6 model 158 stepping 9, cmov, cx8, fxsr, mmx, sse, sse2, sse3, ssse3, sse4.1, sse4.2, popcnt, avx, avx2, aes, clmul, erms, 3dnowpref, lzcnt, tsc, tscinvbit, bmi1, bmi2, adx

/proc/cpuinfo:
processor	: 0
vendor_id	: GenuineIntel
cpu family	: 6
model		: 158
model name	: Intel(R) Core(TM) i7-7700HQ CPU @ 2.80GHz
stepping	: 9
microcode	: 0xb4
cpu MHz		: 2808.002
cache size	: 6144 KB
physical id	: 0
siblings	: 2
core id		: 0
cpu cores	: 2
apicid		: 0
initial apicid	: 0
fpu		: yes
fpu_exception	: yes
cpuid level	: 22
wp		: yes
flags		: fpu vme de pse tsc msr pae mce cx8 apic sep mtrr pge mca cmov pat pse36 clflush mmx fxsr sse sse2 ss ht syscall nx pdpe1gb rdtscp lm constant_tsc arch_perfmon nopl xtopology tsc_reliable nonstop_tsc cpuid pni pclmulqdq ssse3 fma cx16 pcid sse4_1 sse4_2 x2apic movbe popcnt tsc_deadline_timer aes xsave avx f16c rdrand hypervisor lahf_lm abm 3dnowprefetch cpuid_fault invpcid_single pti ssbd ibrs ibpb stibp fsgsbase tsc_adjust bmi1 avx2 smep bmi2 invpcid mpx rdseed adx smap clflushopt xsaveopt xsavec xsaves arat md_clear flush_l1d arch_capabilities
bugs		: cpu_meltdown spectre_v1 spectre_v2 spec_store_bypass l1tf mds swapgs itlb_multihit
bogomips	: 5616.00
clflush size	: 64
cache_alignment	: 64
address sizes	: 43 bits physical, 48 bits virtual
power management:

processor	: 1
vendor_id	: GenuineIntel
cpu family	: 6
model		: 158
model name	: Intel(R) Core(TM) i7-7700HQ CPU @ 2.80GHz
stepping	: 9
microcode	: 0xb4
cpu MHz		: 2808.002
cache size	: 6144 KB
physical id	: 0
siblings	: 2
core id		: 1
cpu cores	: 2
apicid		: 1
initial apicid	: 1
fpu		: yes
fpu_exception	: yes
cpuid level	: 22
wp		: yes
flags		: fpu vme de pse tsc msr pae mce cx8 apic sep mtrr pge mca cmov pat pse36 clflush mmx fxsr sse sse2 ss ht syscall nx pdpe1gb rdtscp lm constant_tsc arch_perfmon nopl xtopology tsc_reliable nonstop_tsc cpuid pni pclmulqdq ssse3 fma cx16 pcid sse4_1 sse4_2 x2apic movbe popcnt tsc_deadline_timer aes xsave avx f16c rdrand hypervisor lahf_lm abm 3dnowprefetch cpuid_fault invpcid_single pti ssbd ibrs ibpb stibp fsgsbase tsc_adjust bmi1 avx2 smep bmi2 invpcid mpx rdseed adx smap clflushopt xsaveopt xsavec xsaves arat md_clear flush_l1d arch_capabilities
bugs		: cpu_meltdown spectre_v1 spectre_v2 spec_store_bypass l1tf mds swapgs itlb_multihit
bogomips	: 5616.00
clflush size	: 64
cache_alignment	: 64
address sizes	: 43 bits physical, 48 bits virtual
power management:

processor	: 2
vendor_id	: GenuineIntel
cpu family	: 6
model		: 158
model name	: Intel(R) Core(TM) i7-7700HQ CPU @ 2.80GHz
stepping	: 9
microcode	: 0xb4
cpu MHz		: 2808.002
cache size	: 6144 KB
physical id	: 1
siblings	: 2
core id		: 0
cpu cores	: 2
apicid		: 2
initial apicid	: 2
fpu		: yes
fpu_exception	: yes
cpuid level	: 22
wp		: yes
flags		: fpu vme de pse tsc msr pae mce cx8 apic sep mtrr pge mca cmov pat pse36 clflush mmx fxsr sse sse2 ss ht syscall nx pdpe1gb rdtscp lm constant_tsc arch_perfmon nopl xtopology tsc_reliable nonstop_tsc cpuid pni pclmulqdq ssse3 fma cx16 pcid sse4_1 sse4_2 x2apic movbe popcnt tsc_deadline_timer aes xsave avx f16c rdrand hypervisor lahf_lm abm 3dnowprefetch cpuid_fault invpcid_single pti ssbd ibrs ibpb stibp fsgsbase tsc_adjust bmi1 avx2 smep bmi2 invpcid mpx rdseed adx smap clflushopt xsaveopt xsavec xsaves arat md_clear flush_l1d arch_capabilities
bugs		: cpu_meltdown spectre_v1 spectre_v2 spec_store_bypass l1tf mds swapgs itlb_multihit
bogomips	: 5616.00
clflush size	: 64
cache_alignment	: 64
address sizes	: 43 bits physical, 48 bits virtual
power management:

processor	: 3
vendor_id	: GenuineIntel
cpu family	: 6
model		: 158
model name	: Intel(R) Core(TM) i7-7700HQ CPU @ 2.80GHz
stepping	: 9
microcode	: 0xb4
cpu MHz		: 2808.002
cache size	: 6144 KB
physical id	: 1
siblings	: 2
core id		: 1
cpu cores	: 2
apicid		: 3
initial apicid	: 3
fpu		: yes
fpu_exception	: yes
cpuid level	: 22
wp		: yes
flags		: fpu vme de pse tsc msr pae mce cx8 apic sep mtrr pge mca cmov pat pse36 clflush mmx fxsr sse sse2 ss ht syscall nx pdpe1gb rdtscp lm constant_tsc arch_perfmon nopl xtopology tsc_reliable nonstop_tsc cpuid pni pclmulqdq ssse3 fma cx16 pcid sse4_1 sse4_2 x2apic movbe popcnt tsc_deadline_timer aes xsave avx f16c rdrand hypervisor lahf_lm abm 3dnowprefetch cpuid_fault invpcid_single pti ssbd ibrs ibpb stibp fsgsbase tsc_adjust bmi1 avx2 smep bmi2 invpcid mpx rdseed adx smap clflushopt xsaveopt xsavec xsaves arat md_clear flush_l1d arch_capabilities
bugs		: cpu_meltdown spectre_v1 spectre_v2 spec_store_bypass l1tf mds swapgs itlb_multihit
bogomips	: 5616.00
clflush size	: 64
cache_alignment	: 64
address sizes	: 43 bits physical, 48 bits virtual
power management:



Memory: 4k page, physical 4015928k(95060k free), swap 998396k(6216k free)

vm_info: Java HotSpot(TM) 64-Bit Server VM (25.201-b09) for linux-amd64 JRE (1.8.0_201-b09), built on Dec 15 2018 11:35:59 by "java_re" with gcc 7.3.0

time: Sun Mar 29 02:33:00 2020
timezone: CST
elapsed time: 77 seconds (0d 0h 1m 17s)

